ARM GAS  /tmp/ccmyXiAD.s 			page 1


   1              		.cpu cortex-m4
   2              		.eabi_attribute 27, 1
   3              		.eabi_attribute 28, 1
   4              		.eabi_attribute 20, 1
   5              		.eabi_attribute 21, 1
   6              		.eabi_attribute 23, 3
   7              		.eabi_attribute 24, 1
   8              		.eabi_attribute 25, 1
   9              		.eabi_attribute 26, 1
  10              		.eabi_attribute 30, 2
  11              		.eabi_attribute 34, 1
  12              		.eabi_attribute 18, 4
  13              		.file	"board.c"
  14              		.section	.gnu.lto_.profile.6a3d3082588380d0,"",%progbits
  15 0000 789C6363 		.ascii	"x\234cc```\001bF\006>f\000\000\227\000\035"
  15      60606001 
  15      6246063E 
  15      66000097 
  15      001D
  16              		.text
  17              		.section	.gnu.lto_.icf.6a3d3082588380d0,"",%progbits
  18 0000 789C6363 		.ascii	"x\234cc``\020a@\000f\206W\377\266}\342el9?a\026\013"
  18      60601061 
  18      40006686 
  18      57FFB67D 
  18      E2656C39 
  19 0018 D3BA2BCB 		.ascii	"\323\272+\313\036\3621\000\000g7\011V"
  19      1EF23100 
  19      00673709 
  19      56
  20              		.text
  21              		.section	.gnu.lto_.jmpfuncs.6a3d3082588380d0,"",%progbits
  22 0000 789C6363 		.ascii	"x\234cc``\340d@\000&\020\301\010\304\000\001\202\000"
  22      6060E064 
  22      40002610 
  22      C108C400 
  22      018200
  23 0013 13       		.ascii	"\023"
  24              		.text
  25              		.section	.gnu.lto_.inline.6a3d3082588380d0,"",%progbits
  26 0000 789C6363 		.ascii	"x\234cc``\320f@\000&\006\006\026\036F\020\305\300\266"
  26      6060D066 
  26      40002606 
  26      06161E46 
  26      10C5C0B6 
  27 0014 401E4431 		.ascii	"@\036D10r\201\010\006f&Ta\006\000-\266\001\351"
  27      30728108 
  27      06662654 
  27      6106002D 
  27      B601E9
  28              		.text
  29              		.section	.gnu.lto_.pureconst.6a3d3082588380d0,"",%progbits
  30 0000 789C6363 		.ascii	"x\234cc```\005b&\006\011F\006\000\000\334\000'"
  30      60606005 
  30      62260609 
  30      46060000 
  30      DC0027
ARM GAS  /tmp/ccmyXiAD.s 			page 2


  31              		.text
  32              		.section	.gnu.lto___early_init.6a3d3082588380d0,"",%progbits
  33 0000 789C6363 		.ascii	"x\234cc``X\005\304\226@,\015\304\214\314\014\214L\023"
  33      60605805 
  33      C496402C 
  33      0DC48CCC 
  33      0C8C4C13 
  34 0014 CE313034 		.ascii	"\316104r012\202\030\015\034\214\014\365L\214\365\214"
  34      72303132 
  34      82180D1C 
  34      8C0CF54C 
  34      8CF58C
  35 0027 3DCC5398 		.ascii	"=\314S\230\031\017\265?\333\311\244\271\274\001\010"
  35      190FB53F 
  35      DBC9A4B9 
  35      BC0108
  36 0036 0E4C9FC7 		.ascii	"\016L\237\307\326\326\320*1\207\231\201a\032\020\203"
  36      D6D6D02A 
  36      31879981 
  36      611A1083 
  37 0046 00E36646 		.ascii	"\000\343fFM\006\240\262G\033\377M\345ec\201\2103nad"
  37      4D06A0B2 
  37      471BFF4D 
  37      E5656381 
  37      88336E61 
  38 005b 63600432 		.ascii	"c`\0042\326_b=\320\360\357\177{\303\2013\213\031\267"
  38      D65F623D 
  38      D0F0EF7F 
  38      7BC38133 
  38      8B19B7
  39 006e BA01E53A 		.ascii	"\272\001\345:\200\030hI\303\001\206Nf&\020\253\371\000"
  39      80186849 
  39      C301864E 
  39      662610AB 
  39      F900
  40 0080 C31BC6E6 		.ascii	"\303\033\306\346\005\317{\230\301\272\200F\355\334\371"
  40      05CF7B98 
  40      C1BA8046 
  40      EDDCF9
  41 008f E6367BFD 		.ascii	"\3466{\375\337\006\2169\314\214\323\230\201\3060ne\254"
  41      DF068E39 
  41      CC8CD398 
  41      81C6306E 
  41      65AC
  42 00a1 67980354 		.ascii	"g\230\003T\376\216\261i\301\353\036F\260B\020\350\000"
  42      FE8EB169 
  42      C1EB1E46 
  42      B04210E8 
  42      00
  43 00b2 CA028D60 		.ascii	"\312\002\215`b`0\327\323\323\207\240\374b\375\214\304"
  43      626030D7 
  43      D3D387A0 
  43      FC62FD8C 
  43      C4
  44 00c3 1CFDA4FC 		.ascii	"\034\375\244\374\304\242\224b\375\340\220\370\340\020"
  44      C4A29462 
  44      FDE090F8 
ARM GAS  /tmp/ccmyXiAD.s 			page 3


  44      E010
  45 00d1 5F632337 		.ascii	"_c#7\023\003C\347x\027\317`g\3770\327\240H\210\264^"
  45      130343E7 
  45      7817CF60 
  45      67FF30D7 
  45      A04888B4 
  46 00e6 32030068 		.ascii	"2\003\000h\220J\243"
  46      904AA3
  47              		.text
  48              		.section	.gnu.lto_boardInit.6a3d3082588380d0,"",%progbits
  49 0000 789C6363 		.ascii	"x\234cc``\250\003bK \226\006bFf\006F\246\011\347\030"
  49      6060A803 
  49      624B2096 
  49      06624666 
  49      0646A609 
  50 0016 181A3998 		.ascii	"\030\0329\230\030\031A\214\006\016F\206z&\306z\306\036"
  50      1819418C 
  50      060E4686 
  50      7A26C67A 
  50      C61E
  51 0028 E629CC8C 		.ascii	"\346)\314\214\207\332\237\355d\322\\\336\000\004\007"
  51      87DA9FED 
  51      64D25CDE 
  51      000407
  52 0037 A6FF606F 		.ascii	"\246\377`okh\225\230\303\314\3000\015\210A\200q3\243"
  52      6B689598 
  52      C3CCC030 
  52      0D884180 
  52      7133A3
  53 004a 260350D9 		.ascii	"&\003P\331\243\215\377\246\362\262\261@\304\031\267"
  53      A38DFFA6 
  53      F2B2B140 
  53      C419B7
  54 0059 30B23130 		.ascii	"0\26210\002\031\353/\261\036h\370\367\277\275\341\300"
  54      0219EB2F 
  54      B11E68F8 
  54      F7BFBDE1 
  54      C0
  55 006a 97458CBF 		.ascii	"\227E\214\277\335\231\030\030:\200\362@K\032\0160t2"
  55      DD991818 
  55      3A80F240 
  55      4B1A0E30 
  55      7432
  56 007c 338158CD 		.ascii	"3\201X\315\007\030\33616)\200\265\200@\0073#H\030\250"
  56      0718DE31 
  56      362980B5 
  56      80400733 
  56      234818A8 
  57 0090 D45C4F4F 		.ascii	"\324\\OO\037\202\362\213\3653\022s\364\223\362\023\213"
  57      1F82F28B 
  57      F5331273 
  57      F493F213 
  57      8B
  58 00a1 528AF583 		.ascii	"R\212\365\203C\342\203C|\215\215\334L\014\014\235\343"
  58      43E28343 
  58      7C8D8DDC 
  58      4C0C0C9D 
ARM GAS  /tmp/ccmyXiAD.s 			page 4


  58      E3
  59 00b2 5D3C839D 		.ascii	"]<\203\235\375\303\\\203\"!\322z\311\014\000\332M<\030"
  59      FDC35C83 
  59      2221D27A 
  59      C90C00DA 
  59      4D3C18
  60              		.text
  61              		.section	.gnu.lto_pal_default_config.6a3d3082588380d0,"",%progbits
  62 0000 789C6D92 		.ascii	"x\234m\222\311N\002A\024E\373Q\320(8\304\235\013\023"
  62      C94E0241 
  62      1445FB51 
  62      D02838C4 
  62      9D0B13
  63 0013 5DBB70CD 		.ascii	"]\273p\315\267\270\362\023\374\204\262\035\342\0245"
  63      B7B8F213 
  63      FC84B21D 
  63      E21435
  64 0022 6A1B074C 		.ascii	"j\033\007L\034\203B\342\204\2128\321\240 \016\350\006"
  64      1C8342E2 
  64      848A38D1 
  64      A0200EE8 
  64      06
  65 0033 D48D09C6 		.ascii	"\324\215\011\306!\321\0304\350\002\034\300*^iR\011\275"
  65      21D11834 
  65      E8021CC0 
  65      2A5E6952 
  65      09BD
  66 0045 E89B7BD3 		.ascii	"\350\233{\323\365\356\351\252R\025Ei$\212\002\012>\303"
  66      F5EEE9AA 
  66      52154569 
  66      248A020A 
  66      3EC3
  67 0057 04965FFC 		.ascii	"\004\226_\374\331\362\036\342$,d6\224^q\225\241%\314"
  67      D9F21EE2 
  67      242C6436 
  67      945E7195 
  67      A125CC
  68 006a 2EA53F96 		.ascii	".\245?\226T\264\225\314\032\203Z\217\331\261I;\247h"
  68      54B495CC 
  68      1A835A8F 
  68      D9B1493B 
  68      A768
  69 007c B39380CE 		.ascii	"\263\223\200\316b/\324\350\004PL\260\301\205\2403\303"
  69      622FD4E8 
  69      04504CB0 
  69      C185A033 
  69      C3
  70 008d 3A170B3A 		.ascii	":\027\013:\225\013o\230\377\374z#82\237\347\0357\321"
  70      950B6F98 
  70      FFFC7A23 
  70      38329FE7 
  70      1D37D1
  71 00a0 45CF7F90 		.ascii	"E\317\177\220\317\363\036_\312\343\023P\006_3\020\364"
  71      CFF31E5F 
  71      CAE31350 
  71      065F3310 
  71      F4
ARM GAS  /tmp/ccmyXiAD.s 			page 5


  72 00b1 BAAC72AF 		.ascii	"\272\254r\257_\352\335\222z}\305z\027\343\261g\233\250"
  72      5FEADD92 
  72      7A7DC57A 
  72      17E3B167 
  72      9BA8
  73 00c3 A965FEE0 		.ascii	"\251e\376\340'\322aE\237\230J\230X\362p\236~\027_P\215"
  73      27D26145 
  73      9F984A98 
  73      58F2709E 
  73      7E175F50 
  74 00d8 2E585874 		.ascii	".XXt7\343\315\332\345\342\275b\305\273X\274S\254\370"
  74      37E3CDDA 
  74      E5E2BD62 
  74      C5BB58BC 
  74      53ACF8
  75 00eb 3EB37A66 		.ascii	">\263zf\027c{\253Y\340\351Ov\225\212\200=*\213\264\241"
  75      17637BAB 
  75      59E0E94F 
  75      76958A80 
  75      3D2A8BB4 
  76 0100 9136511D 		.ascii	"\2216Q\035w\017\317\360j\367\343\267_lK\013\325\252"
  76      770FCFF0 
  76      6AF7E3B7 
  76      5F6C4B0B 
  76      D5AA
  77 0112 58925CCB 		.ascii	"X\222\\\313M\332d\230P1\230\240\264\013\006\302\004"
  77      4DDA6498 
  77      503198A0 
  77      B40B06C2 
  77      04
  78 0123 10E6E572 		.ascii	"\020\346\345r9\245\376w\327\261\3442\032\033\024\211"
  78      39A5FE77 
  78      D7B1E432 
  78      1A1B1489 
  79 0133 DE1D2EFC 		.ascii	"\336\035.\374u\344vv\\\000\032f\346i\352\220Z\304\242"
  79      75E47676 
  79      5C001A66 
  79      E669EA90 
  79      5AC4A2
  80 0146 205F3334 		.ascii	" _34=qb\221I\216\220$\"\221\204%\222C$\361#Ifm< n\032"
  80      3D716291 
  80      498E9024 
  80      22918425 
  80      924324F1 
  81 0162 8DD7B360 		.ascii	"\215\327\263`b\364\325\250\370C\273vs\220\254+7 \242"
  81      62F4D5A8 
  81      F843BB76 
  81      7390AC2B 
  81      3720A2
  82 0175 386DA39C 		.ascii	"8m\243\234%1\226I\230\3041^\345\012\267\2455\031\356"
  82      25319649 
  82      98C4315E 
  82      E50AB7A5 
  82      3519EE
  83 0188 83BF495A 		.ascii	"\203\277IZ\341(\237~\364\006\231/&\355\324\031\362\235"
  83      E1289F7E 
  83      F406992F 
ARM GAS  /tmp/ccmyXiAD.s 			page 6


  83      26EDD419 
  83      F29D
  84 019a 4A7C27C8 		.ascii	"J|'\310w\214|\357\355sa\025g49\211I'V8\007\207NJ \312"
  84      778C7CEF 
  84      ED736115 
  84      67343989 
  84      49275638 
  85 01b4 A5140EB8 		.ascii	"\245\024\016\270\330`\237\213\035\266\271\224\301&8"
  85      D8609F8B 
  85      1DB6B994 
  85      C12638
  86 01c3 14B860AF 		.ascii	"\024\270`\257_\266)\017M"
  86      5FB6290F 
  86      4D
  87              		.text
  88              		.section	.gnu.lto_.symbol_nodes.6a3d3082588380d0,"",%progbits
  89 0000 789C6363 		.ascii	"x\234cc``\360\000b\006\246V\246z\006\206\011\347\030"
  89      6060F000 
  89      6206A656 
  89      A67A0686 
  89      09E718
  90 0013 1880D4AE 		.ascii	"\030\200\324\256\006G\240H\033S=#\212\010k\013\023C"
  90      0647A048 
  90      1B533D23 
  90      8A086B0B 
  90      1343
  91 0025 A3125031 		.ascii	"\243\022P1c;S=\023X\212\201\241\241\301\201\201\201"
  91      633B533D 
  91      13588A81 
  91      A1A1C181 
  91      8181
  92 0037 1908973C 		.ascii	"\031\010\227<\370\307\310\000\000b!\020q"
  92      F8C7C800 
  92      00622110 
  92      71
  93              		.text
  94              		.section	.gnu.lto_.refs.6a3d3082588380d0,"",%progbits
  95 0000 789C6363 		.ascii	"x\234cc```\004b\006\000\000D\000\010"
  95      60606004 
  95      62060000 
  95      440008
  96              		.text
  97              		.section	.gnu.lto_.decls.6a3d3082588380d0,"",%progbits
  98 0000 789CBD55 		.ascii	"x\234\275UipSU\024~\347\335&\244)\264Lq\034~0#\303\304"
  98      69705355 
  98      147EE7DD 
  98      26A429B4 
  98      4C711C7E 
  99 0018 811FA68F 		.ascii	"\201\037\246\217\026Fp\006\327\026\201\021\265#\350"
  99      16467006 
  99      D7168111 
  99      B523E8
 100 0027 0C7F0C21 		.ascii	"\014\177\014!y\320H6\223Ta\370\363\240e\253\266\205"
 100      79D04836 
 100      935461F8 
 100      F3A065AB 
 100      B685
ARM GAS  /tmp/ccmyXiAD.s 			page 7


 101 0039 81415994 		.ascii	"\201AY\224BQ\026\031\026\241\012m\241a)\224\245\310"
 101      42511619 
 101      16A10A6D 
 101      A1612994 
 101      A5C8
 102 004b A24021A5 		.ascii	"\242@!\245\001\244\262\024\272A+-Z\317\275\367\245/"
 102      01A4B214 
 102      BA412B2D 
 102      5ACFBDF7 
 102      A52F
 103 005d 4D8BA3FE 		.ascii	"M\213\243\376\360N\276w\337\271\347\234\357\234{\316"
 103      F04EBE77 
 103      DFB9E79C 
 103      EF9C7BCE 
 104 006d 49A21704 		.ascii	"I\242\027\004a\177\274 \254\027\005\241\011\337\273"
 104      617FBC20 
 104      AC1705A1 
 104      09DFBB
 105 007c 70C5E17E 		.ascii	"p\305\341~H\320\026A\224!\016 *\020\200\350\024z\256"
 105      48D01641 
 105      94210E20 
 105      2A1080E8 
 105      147AAE
 106 008f 4F81DB4D 		.ascii	"O\201\333MG<A\224\252\347\242\352[!\364^\363\200sMW"
 106      473C4194 
 106      AAE7A2EA 
 106      5B21F45E 
 106      F380734D 
 107 00a4 655063C4 		.ascii	"ePc\304\256v\225{8\242\036\321\201\030\200\010#~E\324"
 107      AE76957B 
 107      38A21ED1 
 107      81188008 
 107      237E45D4 
 108 00b8 21AE236A 		.ascii	"!\256#j\0217\021!\304#D#\242\015\321\214h\025\370\375"
 108      11371121 
 108      C4234423 
 108      A20DD18C 
 108      6815F8FD 
 109 00cc FA5A2B09 		.ascii	"\372Z+\011<\350\0145\212uP\013\230/\014\344\331\000"
 109      3CE80C35 
 109      8A75500B 
 109      982F0CE4 
 109      D900
 110 00de 7FE24EC1 		.ascii	"\177\342N\301\344\256\310\002~\216\247\"\337TS*D\\\240"
 110      E4AEC802 
 110      7E8EA722 
 110      DF54532A 
 110      445CA0
 111 00f1 FB445439 		.ascii	"\373DT9\304\010/\373\250\004\020\315\312\365<\\d\361"
 111      C4082FFB 
 111      A80410CD 
 111      CAF53C5C 
 111      64F1
 112 0103 CAF0976E 		.ascii	"\312\360\227n?\325\204RG\202E\271\364\312U\350Vw'\245"
 112      3FD58452 
 112      478245B9 
 112      F4CA55E8 
ARM GAS  /tmp/ccmyXiAD.s 			page 8


 112      567727A5 
 113 0117 5D12D422 		.ascii	"]\022\324\"\204v6U\351\302p\015\265\323\022\205e\006"
 113      84763655 
 113      E9C2700D 
 113      B5D31285 
 113      6506
 114 0129 17D0D3E6 		.ascii	"\027\320\323\346\373\205g\222\210\310\336\363w\024w"
 114      FB856792 
 114      88C8DEF3 
 114      771477
 115 0138 1092C4DE 		.ascii	"\020\222\304\336O4\234\371\"1e\273\302\227\241\200\010"
 115      4F349CF9 
 115      223165BB 
 115      C297A180 
 115      08
 116 0149 F0039048 		.ascii	"\360\003\220HA+\273\332\203I\237\021H6\202\210\342\371"
 116      412BBBDA 
 116      83499F11 
 116      48368288 
 116      E2F9
 117 015b A6D35F25 		.ascii	"\246\323_%\240\370\214\021\006\242\270\375\363\256\225"
 117      A0F88C11 
 117      06A2B8FD 
 117      F3AE95
 118 016a BAC1ABA8 		.ascii	"\272\301\253\250\343\262\034e\240\010\323\237\205\375"
 118      E3B21C65 
 118      A008D39F 
 118      85FD
 119 0178 3004F6C1 		.ascii	"0\004\366\301\020L\247\024\006\343\323\035\307\231Z"
 119      104CA714 
 119      06E3D31D 
 119      C7995A
 120 0187 AF2F1D3C 		.ascii	"\257/\035<\254H)\012+\301\256\325\343\276<\275H9\213"
 120      AC48290A 
 120      2BC1AED5 
 120      E3BE3CBD 
 120      48398B
 121 019a 6EAF3133 		.ascii	"n\25713(\001\002?B\012\275D\011\015\016{!\014\260\007"
 121      2801023F 
 121      420ABD44 
 121      090D0E7B 
 121      210CB007 
 122 01ae EAF00E65 		.ascii	"\352\360\016e0\014\335O\327\327\316#\213\201\245|gO"
 122      300CDD4F 
 122      D7D7CE23 
 122      8B81A57C 
 122      674F
 123 01c0 DE3D0372 		.ascii	"\336=\003r\355B\256\033\317\255Q\202\013\220IdD\345"
 123      ED42AE1B 
 123      CFAD5182 
 123      0B904964 
 123      44E5
 124 01d2 1A51792C 		.ascii	"\032Qy,\321\001F\244\334.\013%\221\345\234\251p[\336"
 124      D10146A4 
 124      DC2E0B25 
 124      91E59CA9 
 124      705BDE
ARM GAS  /tmp/ccmyXiAD.s 			page 9


 125 01e5 C178640A 		.ascii	"\301xd\012+J\360\322\366\027\362\026/\312W6\000\317"
 125      2B4AF0D2 
 125      F617F216 
 125      2FCA5736 
 125      00CF
 126 01f7 E9A04675 		.ascii	"\351\240FuP-\010T0\212\252#;\332\022\310\005N\321\272"
 126      502D0854 
 126      308AAA23 
 126      3BDA12C8 
 126      054ED1BA 
 127 020b E5FBAF0D 		.ascii	"\345\373\257\015\274B[\000\345\257\026\007\367\252%"
 127      BC425B00 
 127      E5AF1607 
 127      F7AA25
 128 021a 0A1A69DD 		.ascii	"\012\032i\335\253\327\334L\344\362PZ\262\352\343!\302"
 128      ABD7DC4C 
 128      E4F2505A 
 128      B2EAE321 
 128      C2
 129 022b CD9750F3 		.ascii	"\315\227P\363}\007\356\247qq\010J\245\265\315A\3259"
 129      7D07EEA7 
 129      7171084A 
 129      A5B5CD41 
 129      D539
 130 023d 4CB55D77 		.ascii	"L\265]wj\212\343\271\272\211\006\313+YQ\234D\352y\344"
 130      6A8AE3B9 
 130      BA8906CB 
 130      2B59519C 
 130      44EA79E4 
 131 0251 07B9B7C2 		.ascii	"\007\271\267\302\011\\9\030\305s\271\273\326\251\314"
 131      095C3918 
 131      C573B9BB 
 131      D6A9CC
 132 0260 7151AD4A 		.ascii	"qQ\255J\346\255\012-]\364\265\236\334\347\236\265U["
 132      E6AD0A2D 
 132      5DF4B59E 
 132      DCE79EB5 
 132      555B
 133 0272 BFA3A6C3 		.ascii	"\277\243\246\303\215@'+\011\217v6\354\177<\200\037Q"
 133      8D40272B 
 133      098F7636 
 133      EC7F3C80 
 133      1F51
 134 0284 8BF3852D 		.ascii	"\213\363\205-\233\372\221\026f.\326\325t\206\022\301"
 134      9BFA9116 
 134      662ED6D5 
 134      748612C1 
 135 0294 386289A2 		.ascii	"8b\211\242,P\212r\224\370\211\002\034\3016\237\3046"
 135      2C508A72 
 135      94F88902 
 135      1CC1369F 
 135      C436
 136 02a6 C3391841 		.ascii	"\3039\030A\235h\245\340\014\036V\343\341\267t\"\202"
 136      9D68A5E0 
 136      0C1E56E3 
 136      E1B77422 
 136      82
ARM GAS  /tmp/ccmyXiAD.s 			page 10


 137 02b7 8D15AFAC 		.ascii	"\215\025\257\254nQ\224\241p\026\214\360\223V\315\341"
 137      6E5194A1 
 137      70168CF0 
 137      9356CDE1 
 138 02c7 463E115B 		.ascii	"F>\021[7-\337\250'\013\011\213Q\266\366V\245\370\264"
 138      372DDFA8 
 138      270B098B 
 138      51B6F656 
 138      A5F8B4
 139 02da 183F3F35 		.ascii	"\030??5F\373\235a\307\026\322\346_\300\030\347\265\030"
 139      46FB9D61 
 139      C716D2E6 
 139      5FC018E7 
 139      B518
 140 02ec 189207B9 		.ascii	"\030\222\007\271Q\032\232/\222\2748v\2535e\017O\352"
 140      511A9A2F 
 140      92BC3876 
 140      AB35650F 
 140      4FEA
 141 02fe 784D0C28 		.ascii	"xM\014(6\256\250\254\026I\001\327\325_\316Y\255'+\271"
 141      36AEA8AC 
 141      164901D7 
 141      D55FCE59 
 141      AD272BB9 
 142 0312 B0EC8F1A 		.ascii	"\260\354\217\032EO\326q!\277\361\367\015q\244\230\013"
 142      454FD671 
 142      21BFF1F7 
 142      0D71A498 
 142      0B
 143 0323 3539ED17 		.ascii	"59\355\027\007\220\255L\210_p\271\355\210\016L\246A"
 143      0790AD4C 
 143      885F70B9 
 143      ED880E4C 
 143      A641
 144 0335 26936984 		.ascii	"&\223i\204\311\264\221\346\036l\317'\3537\027\344+E"
 144      C9B491E6 
 144      1E6CCF27 
 144      EB3717E4 
 144      2B45
 145 0347 87816575 		.ascii	"\207\201eu\025\263\272\006\203\264\333\234`\337\216"
 145      15B3BA06 
 145      83B4DB9C 
 145      60DF8E
 146 0356 547C08DC 		.ascii	"T|\010\334\343\312K8\303\271\204Y\377\022k}J\263^\316"
 146      E3CA4B38 
 146      C3B98459 
 146      FF126B7D 
 146      4AB35ECE 
 147 036a BE680888 		.ascii	"\276h\010\210\023\340\030\032T2\0355\307k\303\015\254"
 147      13E0181A 
 147      54321D35 
 147      C76BC30D 
 147      AC
 148 037b 52184CF0 		.ascii	"R\030L\360+\242\016q\035Q\213\270\211\010\201\211M0"
 148      2BA20E71 
 148      1D518BB8 
 148      89088189 
ARM GAS  /tmp/ccmyXiAD.s 			page 11


 148      4D30
 149 038d 0FD83156 		.ascii	"\017\3301V\013x96\340\305^\351EY_\211\265\226b\214O"
 149      0B783936 
 149      E0C55EE9 
 149      45595F89 
 149      B596628C 
 150 03a2 46DDE552 		.ascii	"F\335\345R\337\324G\350S\355\337\231}\311\363\361>\324"
 150      DFD447E8 
 150      53EDDF99 
 150      7DC9F3F1 
 150      3ED4
 151 03b4 4C507BA7 		.ascii	"LP{\247\245\371`\177rq\216R5\222\221\235\356\2730\234"
 151      A5F9607F 
 151      72718E52 
 151      3592919D 
 151      EEBB309C 
 152 03c8 8CDBDF8D 		.ascii	"\214\333\337\215J\264\246\317D\2715\266\261\342\317"
 152      4AB4A6CF 
 152      44B935B6 
 152      B1E2CF
 153 03d7 DCB37A12 		.ascii	"\334\263z\022fm\024\267\225\207\356\351`\320\210>\353"
 153      666D14B7 
 153      9587EEE9 
 153      60D0883E 
 153      EB
 154 03e8 0BBF6159 		.ascii	"\013\277aY\377M\211\371\305\216\225\352\361\327\024"
 154      FF4D89F9 
 154      C58E95EA 
 154      F1D714
 155 03f7 EAD1F196 		.ascii	"\352\321\361\2266\226\364\232,\376\205\372\015\271\375"
 155      3696F49A 
 155      2CFE85FA 
 155      0DB9FD
 156 0406 F9249EA5 		.ascii	"\371$\236\245rA\341\236\335F\322\312glK\375\272\002"
 156      7241E19E 
 156      DD46D2CA 
 156      676C4BFD 
 156      BA02
 157 0418 553916C5 		.ascii	"U9\026\305\222\352}\327t\244\203\353B-\027\027'\220"
 157      92EA7DD7 
 157      74A483EB 
 157      422D1717 
 157      2790
 158 042a F93A26EC 		.ascii	"\371:&\354|\262r\263\236,\341\302g\013\013\227\366#"
 158      7CB272B3 
 158      9E2CE1C2 
 158      670B0B97 
 158      F623
 159 043c 854C30EC 		.ascii	"\205L0\354\274\224{\324\200\223\211\243\311\007\223"
 159      BC947BD4 
 159      809389A3 
 159      C90793
 160 044b A6549EBC 		.ascii	"\246T\236\274B\241\345\244I5`R-\270w_\363D\317r\242"
 160      42A1E5A4 
 160      49356052 
 160      2DB8775F 
 160      F344CF72 
ARM GAS  /tmp/ccmyXiAD.s 			page 12


 161 0460 FDE157E7 		.ascii	"\375\341W\347\263rR\363\007\261\346G{\233\277\254\231"
 161      B37252F3 
 161      07B1E647 
 161      7B9BBFAC 
 161      99
 162 0471 DF8935BF 		.ascii	"\337\2115\277\035e\336\243\314\207\321\342\020S\266"
 162      1D65DEA3 
 162      CC87D1E2 
 162      1053B6
 163 0480 A8357E88 		.ascii	"\2505~\2105~\204\365lD\264!\232\021\255\210&m\2041\332"
 163      357E84F5 
 163      6C44B421 
 163      9A11AD88 
 163      266D8431 
 164 0495 8DA86855 		.ascii	"\215\250hU\261\321\216k#\254\216Y\031\037\263\226^c"
 164      B1D18E6B 
 164      23AC8E59 
 164      191FB396 
 164      5E63
 165 04a7 86CAFAB2 		.ascii	"\206\312\372\262\250\272\334\217\345\3521\3404\3608"
 165      A8BADC8F 
 165      E5EA31E0 
 165      34F038
 166 04b6 2DF0BD58 		.ascii	"-\360\275X\343\273Z`\354\310\241\307\015\013\223\310"
 166      E3BB5A60 
 166      ECC8A1C7 
 166      0D0B93C8 
 167 04c6 2AD611F1 		.ascii	"*\326\021\361\352\251\243\225\011\261C\026\271=<\306"
 167      EAA9A395 
 167      09B14316 
 167      B93D3CC6 
 168 04d6 4BFFD302 		.ascii	"K\377\323\002\360+\265U\260\001\373\035\235\332\265"
 168      F02BB555 
 168      B001FB1D 
 168      9DDAB5
 169 04e5 016B890C 		.ascii	"\001k\211\014\330\332\234\206+\003\006\251\301\226<"
 169      D8DA9C86 
 169      2B0306A9 
 169      C1963C
 170 04f4 3598F0B7 		.ascii	"5\230\360\267\221\220g\371\356\216rx\276X\331\025\244"
 170      919067F9 
 170      EE8E7278 
 170      BE58D915 
 170      A4
 171 0505 FFDBA615 		.ascii	"\377\333\246\025\337 \037@\007z\007y\324\250\016\322"
 171      DF201F40 
 171      077A0779 
 171      D4A80ED2 
 172 0515 930F4501 		.ascii	"\223\017E\001:\341y\364\\\377\244sub\377\274\356\337"
 172      3AE179F4 
 172      5CFFA473 
 172      7562FFBC 
 172      EEDF
 173 0527 73F6A71A 		.ascii	"s\366\247\032\371:\012\360\004\372\263\277T\272\367"
 173      F93A0AF0 
 173      04FAB3BF 
 173      54BAF7
ARM GAS  /tmp/ccmyXiAD.s 			page 13


 174 0536 B75864AB 		.ascii	"\267Xd\253\3179\327\342p;\002/\246\244H\374\343\361"
 174      CF39D7E2 
 174      703B022F 
 174      A6A448FC 
 174      E3F1
 175 0548 4B5956A7 		.ascii	"KYV\2474\303c\365\331\375\322\224\251\226)S\337\036"
 175      34C363F5 
 175      D9FDD294 
 175      A9962953 
 175      DF1E
 176 055a 95F6E6E8 		.ascii	"\225\366\346\350\221\251\351\226\214IS\322\337\375`"
 176      91A9E996 
 176      8C4953D2 
 176      DFFD60
 177 0569 FC7BD3B8 		.ascii	"\374{\323\270:\305f\230\360\316\373C\323SS\2051\377"
 177      3AC56698 
 177      F0CEFB43 
 177      D3535385 
 177      31FF
 178 057b CD5F8867 		.ascii	"\315_\210g/\2230\203\201\376\200kT\232\305\346\364\330"
 178      2F933083 
 178      81FE806B 
 178      549AC5E6 
 178      F4D8
 179 058d 66B39446 		.ascii	"f\263\224F\306Rz=\276\000eD:I%\2353\207j,N\247=%KH\366"
 179      C6527A3D 
 179      BE006544 
 179      3A49259D 
 179      33876A2C 
 180 05a8 E2AB5D9E 		.ascii	"\342\253]\236i\315v\006,6\217{\246c\226>s|\2065`\215"
 180      69CD7606 
 180      2C368F7B 
 180      A663963E 
 180      737C8635 
 181 05be B3CEF439 		.ascii	"\263\316\3649\215\026K\266\303\035\300\030\201E ey\\"
 181      8D164BB6 
 181      C31DC018 
 181      81452065 
 181      795C
 182 05d0 B264B5F9 		.ascii	"\262d\265\371e\263\323:C\312\360\330\262]\262\033\351"
 182      65B3D33A 
 182      43CAF0D8 
 182      B25DB21B 
 182      E9
 183 05e1 A7CA56D7 		.ascii	"\247\312V\327[\322x\233\323\341\365\313\026\331\354"
 183      5BD2789B 
 183      D3E1F5CB 
 183      16D9EC
 184 05f0 CDB6CD4E 		.ascii	"\315\266\315N\223\246z<N\2774\313f3[}.\263\333\343\226"
 184      93A67A3C 
 184      4EBF34CB 
 184      66335B7D 
 184      2EB3DBE3 
 185 0605 CDB27586 		.ascii	"\315\262u\206\303<\306\23462u\214\371\343\321f\227\365"
 185      C33CC69C 
 185      3632758C 
 185      F9E3D166 
ARM GAS  /tmp/ccmyXiAD.s 			page 14


 185      97F5
 186 0617 238F4FEA 		.ascii	"#\217O\352\241\225\034n\2333\333.K.\253-\313\341\226"
 186      A1951C6E 
 186      9B33DB2E 
 186      4B2EAB2D 
 186      CBE196
 187 062a A5EEE402 		.ascii	"\245\356\344\002s\275\262\03736D\022\232\367\277\346"
 187      73BDB21F 
 187      33364412 
 187      9AF7BFE6 
 188 063a E39FEB97 		.ascii	"\343\237\353\227,\376\200\035\203c\022\304c\367\351"
 188      2CFE801D 
 188      836312C4 
 188      63F7E9
 189 0649 BCD95EBB 		.ascii	"\274\331^\273\257\237\307\357\225e\273O\357\241\011"
 189      AF9FC7EF 
 189      9565BB4F 
 189      EFA109
 190 0658 FA742E8F 		.ascii	"\372t.\217]\366\321\332e\245\376]/&O\316\220&dNz\367"
 190      5DF6D1DA 
 190      65A5FE5D 
 190      2F264FCE 
 190      9026644E 
 191 066e 9334C9AB 		.ascii	"\2234\311\2535\203\267s\226\327\341\261\370\345@\266"
 191      3583B773 
 191      96D7E1B1 
 191      F8E540B6 
 192 067e D712D067 		.ascii	"\327\022\320gf\320f\3503\323\371\366\006\337^\347\333"
 192      66D066E8 
 192      33D3F9F6 
 192      06DF5EE7 
 192      DB
 193 068f 44BAC567 		.ascii	"D\272\305g\276>9\235u\356/|\237\254]"
 193      BE3E399D 
 193      75EE2F7C 
 193      9FAC5D
 194              		.text
 195              		.section	.gnu.lto_.symtab.6a3d3082588380d0,"",%progbits
 196 0000 5F5F6561 		.ascii	"__early_init\000"
 196      726C795F 
 196      696E6974 
 196      00
 197 000d 00       		.ascii	"\000"
 198 000e 00       		.ascii	"\000"
 199 000f 00       		.ascii	"\000"
 200 0010 00000000 		.ascii	"\000\000\000\000\000\000\000\000"
 200      00000000 
 201 0018 BB000000 		.ascii	"\273\000\000\000"
 202 001c 626F6172 		.ascii	"boardInit\000"
 202      64496E69 
 202      7400
 203 0026 00       		.ascii	"\000"
 204 0027 00       		.ascii	"\000"
 205 0028 00       		.ascii	"\000"
 206 0029 00000000 		.ascii	"\000\000\000\000\000\000\000\000"
 206      00000000 
 207 0031 BD000000 		.ascii	"\275\000\000\000"
ARM GAS  /tmp/ccmyXiAD.s 			page 15


 208 0035 70616C5F 		.ascii	"pal_default_config\000"
 208      64656661 
 208      756C745F 
 208      636F6E66 
 208      696700
 209 0048 00       		.ascii	"\000"
 210 0049 00       		.ascii	"\000"
 211 004a 00       		.ascii	"\000"
 212 004b 00000000 		.ascii	"\000\000\000\000\000\000\000\000"
 212      00000000 
 213 0053 FB000000 		.ascii	"\373\000\000\000"
 214 0057 73746D33 		.ascii	"stm32_clock_init\000"
 214      325F636C 
 214      6F636B5F 
 214      696E6974 
 214      00
 215 0068 00       		.ascii	"\000"
 216 0069 02       		.ascii	"\002"
 217 006a 00       		.ascii	"\000"
 218 006b 00000000 		.ascii	"\000\000\000\000\000\000\000\000"
 218      00000000 
 219 0073 BF000000 		.ascii	"\277\000\000\000"
 220              		.text
 221              		.section	.gnu.lto_.opts,"",%progbits
 222 0000 272D666D 		.ascii	"'-fmath-errno' '-fsigned-zeros' '-ftrapping-math' '"
 222      6174682D 
 222      6572726E 
 222      6F272027 
 222      2D667369 
 223 0033 2D666E6F 		.ascii	"-fno-trapv' '-fno-openmp' '-fno-openacc' '-mcpu=cor"
 223      2D747261 
 223      70762720 
 223      272D666E 
 223      6F2D6F70 
 224 0066 7465782D 		.ascii	"tex-m4' '-mfloat-abi=hard' '-mfpu=fpv4-sp-d16' '-mn"
 224      6D342720 
 224      272D6D66 
 224      6C6F6174 
 224      2D616269 
 225 0099 6F2D7468 		.ascii	"o-thumb-interwork' '-mthumb' '-O2' '-fomit-frame-po"
 225      756D622D 
 225      696E7465 
 225      72776F72 
 225      6B272027 
 226 00cc 696E7465 		.ascii	"inter' '-falign-functions=16' '-ffunction-sections'"
 226      72272027 
 226      2D66616C 
 226      69676E2D 
 226      66756E63 
 227 00ff 20272D66 		.ascii	" '-fdata-sections' '-fno-common' '-flto' '-fsingle-"
 227      64617461 
 227      2D736563 
 227      74696F6E 
 227      73272027 
 228 0132 70726563 		.ascii	"precision-constant'\000"
 228      6973696F 
 228      6E2D636F 
ARM GAS  /tmp/ccmyXiAD.s 			page 16


 228      6E737461 
 228      6E742700 
 229              		.text
 230              		.comm	__gnu_lto_v1,1,1
 231              		.comm	__gnu_lto_slim,1,1
 232              		.ident	"GCC: (GNU Tools for Arm Embedded Processors 7-2017-q4-major) 7.2.1 20170904 (release) [ARM
ARM GAS  /tmp/ccmyXiAD.s 			page 17


DEFINED SYMBOLS
                            *ABS*:0000000000000000 board.c
                            *COM*:0000000000000001 __gnu_lto_v1
                            *COM*:0000000000000001 __gnu_lto_slim

NO UNDEFINED SYMBOLS
