ARM GAS  /tmp/ccbtrP0F.s 			page 1


   1              		.cpu cortex-m4
   2              		.eabi_attribute 27, 1
   3              		.eabi_attribute 28, 1
   4              		.eabi_attribute 20, 1
   5              		.eabi_attribute 21, 1
   6              		.eabi_attribute 23, 3
   7              		.eabi_attribute 24, 1
   8              		.eabi_attribute 25, 1
   9              		.eabi_attribute 26, 1
  10              		.eabi_attribute 30, 2
  11              		.eabi_attribute 34, 1
  12              		.eabi_attribute 18, 4
  13              		.file	"hal.c"
  14              		.section	.gnu.lto_.profile.88714f35bfee76ea,"",%progbits
  15 0000 789C6363 		.ascii	"x\234cc```\001bF\006Sv\000\000\351\000H"
  15      60606001 
  15      62460653 
  15      760000E9 
  15      0048
  16              		.text
  17              		.section	.gnu.lto_.icf.88714f35bfee76ea,"",%progbits
  18 0000 789C6363 		.ascii	"x\234cc``\340`@\000F\206\236#\027;Y\031\000\015U\002"
  18      6060E060 
  18      40004686 
  18      9E23173B 
  18      5919000D 
  19 0016 BF       		.ascii	"\277"
  20              		.text
  21              		.section	.gnu.lto_.jmpfuncs.88714f35bfee76ea,"",%progbits
  22 0000 789C6363 		.ascii	"x\234cc``\360b@\000F\010\305\3048\205\231\261\371\327"
  22      6060F062 
  22      40004608 
  22      C5C43885 
  22      99B1F9D7 
  23 0014 FECF7CF5 		.ascii	"\376\317|\365\177\033$\34603,`\006Inf\254g`<\300\302"
  23      7F1B24E6 
  23      30332C60 
  23      06496E66 
  23      AC67603C 
  24 002a C800C47F 		.ascii	"\310\000\304\177\376\377\377\317\317\310\004T7\255\365"
  24      FEFFFFCF 
  24      CFC80454 
  24      37ADF5
  25 0039 D079F66E 		.ascii	"\320y\366nf\240*F\006\306-\2142 \314\300\000\000\006"
  25      66A02A46 
  25      06C62D8C 
  25      3220CCC0 
  25      000006
  26 004c D81467   		.ascii	"\330\024g"
  27              		.text
  28              		.section	.gnu.lto_.inline.88714f35bfee76ea,"",%progbits
  29 0000 789C6363 		.ascii	"x\234cc``\320c@\000F\006\006NSF\006& \223m\201<\023"
  29      6060D063 
  29      40004606 
  29      064E5346 
  29      06262093 
  30 0018 58880B85 		.ascii	"X\210\013\205`\342\006\251\0023\031\0004\322\001x"
ARM GAS  /tmp/ccbtrP0F.s 			page 2


  30      60E206A9 
  30      02331900 
  30      34D20178 
  31              		.text
  32              		.section	.gnu.lto_.pureconst.88714f35bfee76ea,"",%progbits
  33 0000 789C6363 		.ascii	"x\234cc```\006bF\006\011\000\000}\000#"
  33      60606006 
  33      62460609 
  33      00007D00 
  33      23
  34              		.text
  35              		.section	.gnu.lto_halInit.88714f35bfee76ea,"",%progbits
  36 0000 789C7590 		.ascii	"x\234u\220\273J\003A\024\206\317\277\223\033\250\301"
  36      BB4A0341 
  36      1486CFBF 
  36      931BA8C1 
  37 0010 C2424D0A 		.ascii	"\302BM\012\3334\311{\370\026\222\306B\020\314\003\354"
  37      DB34C97B 
  37      F81692C6 
  37      4210CC03 
  37      EC
  38 0021 C43524A2 		.ascii	"\3045$\242\205E\\-\026Y\304k%\342%\256\027\\\362\000"
  38      85455C2D 
  38      1659C46B 
  38      25E225AE 
  38      175CF200 
  39 0035 8AB676A2 		.ascii	"\212\266v\242V\361\002V*F\377\311\212X\304\303\034f"
  39      56F10256 
  39      2A46FFC9 
  39      8A58C4C3 
  39      1C66
  40 0047 E69C6FCE 		.ascii	"\346\234o\316\371\317$Dd\003\"Y\356\031:\224\300Z\270"
  40      F9CF2444 
  40      64032259 
  40      EE193A94 
  40      C05AB8
  41 005a 1029A72C 		.ascii	"\020)\247,\300\034t\012b[\2601\257\352\012\315\352C"
  41      C01C740A 
  41      625BB031 
  41      AFEA0ACD 
  41      EA43
  42 006c 60E53635 		.ascii	"`\34565-\\z\031\322[!<%\342\322\215a\0179!v\273\333"
  42      2D5C7A19 
  42      D25B213C 
  42      25E2D28D 
  42      610F3921 
  43 0083 5EEC4BC4 		.ascii	"^\354K\304\2428\366\221\020\366\220\235\353x\250\333"
  43      A238F691 
  43      10F6909D 
  43      EB78A8DB 
  44 0093 5F551DDE 		.ascii	"_U\035\336\255\2421\232\024\2511\317&:\224Ye\231\223"
  44      ADA2319A 
  44      14A931CF 
  44      263A9459 
  44      659993
  45 00a6 134A0B8E 		.ascii	"\023J\013\216\377\221\351<b\245 h\335$\355O\235\362"
  45      FF91E93C 
ARM GAS  /tmp/ccbtrP0F.s 			page 3


  45      62A52068 
  45      DD24ED4F 
  45      9DF2
  46 00b8 145CC52A 		.ascii	"\024\\\305*8\200-\036\351\026f\374\365\336.\234r\231"
  46      38802D1E 
  46      E91666FC 
  46      F5DE2E9C 
  46      7299
  47 00ca 151C9263 		.ascii	"\025\034\222c\302\2554/\223s\312S1\230\253\363~\376"
  47      C2AD342F 
  47      9373CA53 
  47      3198ABF3 
  47      7EFE
  48 00dc 9A2637C8 		.ascii	"\232&7\310\200o\3241\366v\365X\353\361\261R\356\367"
  48      806FD431 
  48      F676F558 
  48      EBF1B152 
  48      EEF7
  49 00ee 541C479C 		.ascii	"T\034G\234\265\201l'\343\254\355U@zY\353\021S!\200\217"
  49      B5816C27 
  49      E3ACED55 
  49      407A59EB 
  49      11532180 
  50 0103 689C63D8 		.ascii	"h\234c\330\236Jt\304n\247\273\213eu\234\374\212%7\320"
  50      9E4A74C4 
  50      6EA7BB8B 
  50      65759CFC 
  50      8A2537D0 
  51 0117 9D8B913B 		.ascii	"\235\213\221;\375\303\335\377\303\305\311\235\375pO"
  51      FDC3DDFF 
  51      C3C5C99D 
  51      FD704F
  52 0126 98F69FEB 		.ascii	"\230\366\237\353\221\026c5~\015\277\217s\017\347\363"
  52      91166335 
  52      7E0DBF8F 
  52      730FE7F3 
  53 0136 85684D96 		.ascii	"\205hM\226\012\343c\023\205\322T\321\354\371\242|\003"
  53      0AE36313 
  53      85D254D1 
  53      ECF9A27C 
  53      03
  54 0147 82A092F0 		.ascii	"\202\240\222\360"
  55              		.text
  56              		.section	.gnu.lto_.symbol_nodes.88714f35bfee76ea,"",%progbits
  57 0000 789C55C9 		.ascii	"x\234U\311\275\015\2030\024E\341\343k\314\034\031\205"
  57      BD0D8330 
  57      1445E1E3 
  57      6BCC1C19 
  57      85
  58 0011 4CF65CF0 		.ascii	"L\366\\\360\223\244\242M\317\024\251Sg\206 1\007\342"
  58      93A4A24D 
  58      CF14A953 
  58      67862031 
  58      07E2
  59 0023 E10A1757 		.ascii	"\341\012\027W\237tn\013\274}\250\227\301\374\003\347"
  59      9F746E0B 
  59      BC7DA897 
ARM GAS  /tmp/ccbtrP0F.s 			page 4


  59      C1FC03E7 
  60 0033 93EF9026 		.ascii	"\223\357\220&q\363'\274d\241<\220s\347\341)S\025\036"
  60      71F327BC 
  60      64A13C90 
  60      73E7E129 
  60      53151E
  61 0046 B2588551 		.ascii	"\262X\205Q\326Ta\220\245k\210\264,\377=D\022\337b\303"
  61      D6546190 
  61      A56B88B4 
  61      2CFF3D44 
  61      12DF62C3 
  62 005a 568CF4EB 		.ascii	"V\214\364\353\251X\\\016D\226$\366"
  62      A9585C0E 
  62      449624F6 
  63              		.text
  64              		.section	.gnu.lto_.refs.88714f35bfee76ea,"",%progbits
  65 0000 789C6363 		.ascii	"x\234cc```\003bF\006&F&\006\000\000\263\000\023"
  65      60606003 
  65      62460626 
  65      46260600 
  65      00B30013 
  66              		.text
  67              		.section	.gnu.lto_.decls.88714f35bfee76ea,"",%progbits
  68 0000 789CBD56 		.ascii	"x\234\275V}pSU\026\177\347\335$M\323/\2468;\270\203"
  68      7D705355 
  68      167FE7DD 
  68      244DD32F 
  68      A6383BB8 
  69 0015 33C8C4A1 		.ascii	"3\310\304\241\377\244\217Vgpg\330\331q[TFV;\212\216"
  69      FFA48F56 
  69      677067D8 
  69      D9715B54 
  69      46563B8A 
  70 002a FE1542F2 		.ascii	"\376\025B\362\240\331\315\327&\351\216\216\377<\232"
  70      A0D9CDD7 
  70      26E98E8E 
  70      FF3C9A
  71 0039 505A140A 		.ascii	"PZ\024\012\302\350\202\210@\375\000\254T\241h?P\202"
  71      C2E88288 
  71      40FD00AC 
  71      54A1683F 
  71      5082
  72 004b 50281F05 		.ascii	"P(\037\005\244\212\264\244\264\026\011\337m)\332RZ\254"
  72      A48AB4A4 
  72      B41609DF 
  72      6D29DA52 
  72      5AAC
  73 005d E7DEFBD2 		.ascii	"\347\336\373\322\227\206\326\331\375\30779\271\357\274"
  73      9786D6D9 
  73      FDC73739 
  73      B9EFBC
  74 006c FBBBBFDF 		.ascii	"\373\273\277\3379\347\236\233\027\203 \010)i\202\320"
  74      39E79E9B 
  74      17832008 
  74      296982D0 
  75 007c 270AC226 		.ascii	"'\012\302&\274\037\305\013o\205\003h\200\326+\360\313"
  75      BC1FC50B 
ARM GAS  /tmp/ccbtrP0F.s 			page 5


  75      6F850368 
  75      80D62BF0 
  75      CB
  76 008d 80368076 		.ascii	"\2006\200v\007\355.\332\210\300\001\"p\234\016\204q"
  76      07ED2EDA 
  76      88C00122 
  76      709C0E84 
  76      71
  77 009e D74DF453 		.ascii	"\327M\364Sp\\\204\246\307\373_(\007p\276\036\252\223"
  77      705C84A6 
  77      C7FB5F28 
  77      0770BE1E 
  77      AA93
  78 00b0 C44B7928 		.ascii	"\304Ky(\321\210\312\177G\230\230w=\201o\303\237m\"o"
  78      D188CA7F 
  78      47989877 
  78      3D816FC3 
  78      9F6D226F 
  79 00c4 10C83681 		.ascii	"\020\3106\201\016\335[-\033/f\242\373\200\011f\240["
  79      0EDD5B2D 
  79      1B2F66A2 
  79      FB800966 
  79      A05B
  80 00d6 DD7224AA 		.ascii	"\335r$\252\316\226\003\372u_\335\314\347\356t\364\032"
  80      CE9603FA 
  80      755FDDCC 
  80      E7EE74F4 
  80      1A
  81 00e7 3A6E45D2 		.ascii	":nE\3228\270\213\316\216^m\253J\345\323}\224{\345\336"
  81      38B88BCE 
  81      8E5E6DAB 
  81      4AE5D37D 
  81      947BE5DE 
  82 00fb 75555904 		.ascii	"uUY\004\203\301\373\236\360\245\2564>7\015\3353}'\336"
  82      83C1FB9E 
  82      F0A5AE34 
  82      3E370DDD 
  82      337D27DE 
  83 010f 53DD29E8 		.ascii	"S\335)\350F+\3126\033H*Cv4\357\370\204j\3162\001\255"
  83      462BCA36 
  83      1B482A43 
  83      7634EFF8 
  83      846ACE32 
  84 0125 5F163EAA 		.ascii	"_\026>\252\271Q?\224\301\037Q\304w\003\225\333\214$"
  84      B9513F94 
  84      C11F51C4 
  84      770395DB 
  84      8C24
  85 0137 93DD57B5 		.ascii	"\223\335W\265o{;%\267Z\341\227\361e\001\366\003\211"
  85      6F7B3B25 
  85      B75AE197 
  85      F16501F6 
  85      0389
  86 0149 2777A6B2 		.ascii	"'w\246\262\377\203\024\222G\201bg\333p4\023L9\345\212"
  86      FF831492 
  86      47816267 
  86      DB703413 
ARM GAS  /tmp/ccbtrP0F.s 			page 6


  86      4C39E58A 
  87 015d 52AA6C09 		.ascii	"R\252l\011)\251O\013P\013\323a\017L\027\340 \344P\362"
  87      29A94F0B 
  87      500BD361 
  87      0F4C17E0 
  87      20E450F2 
  88 0171 08E40AF0 		.ascii	"\010\344\012\3605>\374\012\037~D\011#\227\007g\255]"
  88      353EFC0A 
  88      1F7E4409 
  88      23970767 
  88      AD5D
  89 0183 A128227C 		.ascii	"\241(\"|\003&8\000\204a\260\232\263L\\b\307\007k\267"
  89      03263800 
  89      8461B09A 
  89      B34C5C62 
  89      C7076BB7 
  90 0197 19C82160 		.ascii	"\031\310!`\032\215\357^j\022'\3238<\251Fo\375\314\303"
  90      1A8DEF5E 
  90      6A1227D3 
  90      383CA946 
  90      6FFDCCC3 
  91 01ab CBA94613 		.ascii	"\313\251F\023j\034\3224P\222\213t7D\227\211\344(\257"
  91      6A1CD234 
  91      50928B74 
  91      37449789 
  91      E428AF
  92 01be E4C6C69F 		.ascii	"\344\306\306\237\217\351y\351\214\350\366\256kj\021"
  92      8FE979E9 
  92      8CE8F6AE 
  92      6B6A11
  93 01cd 490B9F8B 		.ascii	"I\013\237\213\235\013m0\220V\356\254\271\327\246\030"
  93      9D0B6D30 
  93      9056EEAC 
  93      B9D7A618 
  94 01dd C879EEAC 		.ascii	"\310y\356\254\352\275\263UG\272\271\323\026\032<\233"
  94      EABDB355 
  94      47BAB9D3 
  94      161A3C9B 
  95 01ed 41AE3027 		.ascii	"A\2560'\265\364\334\300A=\230\315S\315fs\216\331\274"
  95      B5F4DCC0 
  95      413D98CD 
  95      53CD6673 
  95      8ED9BC
  96 0200 8DC61EE9 		.ascii	"\215\306\036\351\355\230[\337\177EQ\336JgA\265`P\247"
  96      ED985BDF 
  96      7F4551DE 
  96      4A6741B5 
  96      6050A7
  97 0213 61AA964C 		.ascii	"a\252\226L\003~\011\220\207_\002_\320\376\227\215J$"
  97      037E0990 
  97      875F025F 
  97      D0FE978D 
  97      4A24
  98 0225 4C18FA48 		.ascii	"L\030\372H2\272QC\257\245\031\257A\003\235\000_\"\340"
  98      32BA5143 
  98      AFA519AF 
  98      41039D00 
ARM GAS  /tmp/ccbtrP0F.s 			page 7


  98      5F22E0
  99 0238 0B3647E1 		.ascii	"\0136G\341\2305|\207E:\003f8\213\366-Z+\332)\264\357"
  99      98357C87 
  99      453A0366 
  99      388BF62D 
  99      5A2BDA29 
 100 024e D14E8299 		.ascii	"\321N\202\231m,\027\274\373\270&x,Y\260\371\276\360"
 100      6D2C17BC 
 100      FBB82678 
 100      2C59B0F9 
 100      BEF0
 101 0260 12D02792 		.ascii	"\022\320'\222\321R\022\370XB.G'\246\256\245\337\352"
 101      D15212F8 
 101      58422E47 
 101      27A6AEA5 
 101      DFEA
 102 0272 F69DACCB 		.ascii	"\366\235\254\313^\206\371P\230\240n\235\026fO}vUHi\236"
 102      5E86F950 
 102      98A06E9D 
 102      16664F7D 
 102      76554869 
 103 0287 CDC8F64D 		.ascii	"\315\310\366M\\\030N\306\361\327\022\002=>a\240\034"
 103      5C184EC6 
 103      F1D71202 
 103      3D3E61A0 
 103      1C
 104 0298 8DBBB8FF 		.ascii	"\215\273\270\377\327\360i\003y\237\260\326\333\271/"
 104      D7F06903 
 104      799FB0D6 
 104      DBB92F
 105 02a7 7A5D0F53 		.ascii	"z]\017Ss&\254/\264aY\377\237\022\363\304\0167\030\360"
 105      7326AC2F 
 105      B46159FF 
 105      9F12F3C4 
 105      0E3718F0 
 106 02bb 48C1395C 		.ascii	"H\3019\\\370\203\326\2254M\246\337\032\333\032N\347"
 106      F883D695 
 106      344DA6DF 
 106      1ADB1A4E 
 106      E7
 107 02cc 8D789AFA 		.ascii	"\215x\232\372\253+\367|n\"\273Y<\260=\266i\265:\371"
 107      AB2BF77C 
 107      6E22BB59 
 107      3CB03DB6 
 107      69B53AF9 
 108 02e0 38BA7B5B 		.ascii	"8\272{[\352.\350I=\237\213\366\237]\221F\"\334\251\031"
 108      EA2EE849 
 108      3D9F8BF6 
 108      9F5D9146 
 108      22DCA919 
 109 02f4 59FFB181 		.ascii	"Y\377\261\201\034\341\316\355\355\2737\033\371\252\355"
 109      1CE1CEED 
 109      EDBB371B 
 109      F9AAED
 110 0303 F417E5BD 		.ascii	"\364\027\345\275\025\221Z\365\027&bB\377\215\345\225"
 110      15915AF5 
 110      17266242 
ARM GAS  /tmp/ccbtrP0F.s 			page 8


 110      FF8DE595 
 111 0313 1529E424 		.ascii	"\025)\344$\003\033k~\010\0372b\343b\347\362\276\245"
 111      031B6B7E 
 111      081F3262 
 111      E362E7F2 
 111      BEA5
 112 0325 21EFCB5E 		.ascii	"!\357\313^\247\320r\323\240/`\3201\034\307\312\3200"
 112      A7D072D3 
 112      A02F60D0 
 112      311CC7CA 
 112      D030
 113 0337 BEDC88FF 		.ascii	"\276\334\210\377\346o\313X\271)\274;\031\276\367~\370"
 113      E66FCB58 
 113      B929BC3B 
 113      19BEF77E 
 113      F8
 114 0348 5F35F8F9 		.ascii	"_5\370\371dx{\002|\3346\374\210\210.6\031S\367\340\012"
 114      64787B02 
 114      7CDC36FC 
 114      88882E36 
 114      1953F7E0 
 115 035d EEC155AC 		.ascii	"\356\301U\254\367E\264kh\227\320.\243\375\244\2658\252"
 115      F745B46B 
 115      6897D02E 
 115      A3FDA4B5 
 115      38AA
 116 036f 7527A8D5 		.ascii	"u'\250\325'\253\325i-\256\266a#o\303\330}m\210\223\261"
 116      27ABD569 
 116      2DAEB661 
 116      236FC3D8 
 116      7D6D8893 
 117 0384 C684BA74 		.ascii	"\306\204\272t&s\215;\000Tx\256&\334\221\014\216j\302"
 117      26738D3B 
 117      005478AE 
 117      26DC910C 
 117      8E6AC2
 118 0397 B8230786 		.ascii	"\270#\007\206n,\317\"\337\363&<\177\374PSZr\023\306"
 118      6E2CCF22 
 118      DFF3263C 
 118      7FFC5053 
 118      5A7213C6 
 119 03ab B3879B98 		.ascii	"\263\207\233\230\364\377Z\000\236\322\300~\326\2007"
 119      F4FF5A00 
 119      9ED2C07E 
 119      D68037
 120 03ba 70D175AD 		.ascii	"p\321u\255\001c\361\006|7t\243=c\252*V>\251\230\360"
 120      0163F106 
 120      7C3774A3 
 120      3D63AA2A 
 120      563EA998 
 121 03cf BB4A9467 		.ascii	"\273J\224g\343;3\322W\216\375fCO\302\231\023\240\027"
 121      E33B33D2 
 121      578EFD66 
 121      434FC299 
 121      13A017
 122 03e2 D2D9EB19 		.ascii	"\322\331\353\031G\372\036\033\216\366\212\235X\025|"
 122      47FA1E1B 
ARM GAS  /tmp/ccbtrP0F.s 			page 9


 122      8EF68A9D 
 122      58157C
 123 03f1 AFC314C6 		.ascii	"\257\303\024\306\000\300\277q\244\306\374\321\370\005"
 123      00C0BF71 
 123      A4C6FCD1 
 123      F805
 124 03ff FC393E15 		.ascii	"\3749>\025\371\240B\251\023_\002cOD\225C\214\363\262"
 124      F9A042A9 
 124      135F0263 
 124      4F449543 
 124      8CF3B2
 125 0412 8F4A0089 		.ascii	"\217J\000\211\254|\236\313\305/\376\226\3477c\353T\010"
 125      AC7C9ECB 
 125      C52FFE96 
 125      E73763EB 
 125      5408
 126 0424 A58E8B25 		.ascii	"\245\216\213%,\271/Valz,(-IP\013\026\255\351k\326w\341"
 126      2CB92F56 
 126      616C7A2C 
 126      282D4950 
 126      0B16ADE9 
 127 043c F912E095 		.ascii	"\371\022\340\225La\215\321\315\016o\337\036\245\333"
 127      4C618DD1 
 127      CD0E6FDF 
 127      1EA5DB
 128 044b 443AF949 		.ascii	"D:\371In\032\035\214d\361\223,&\274\357\037\340\357"
 128      6E1A1D8C 
 128      64F1932C 
 128      26BCEF1F 
 128      E0EF
 129 045d FBEA3747 		.ascii	"\373\3527G\327\353\247\275\315v.\244L\021a\321\237\340"
 129      D7EBA7BD 
 129      CD762EA4 
 129      4C1161D1 
 129      9FE0
 130 046f 67ACF86D 		.ascii	"g\254\370mV\361_`\032~{t\\\254\242\342\303ggnQ\266t"
 130      56F15F60 
 130      1A7E7B74 
 130      5CACA2E2 
 130      C367676E 
 131 0486 2991D191 		.ascii	")\221\321\221\031\227k\025\005\337\225\212\216\242\240"
 131      19976B15 
 131      05DF958A 
 131      8EA2A0
 132 0495 5FEB8A7E 		.ascii	"_\353\212~\372\332\207[\270\373\320\207\035.\300\000"
 132      FADA875B 
 132      B8FBD087 
 132      1D2EC000 
 133 04a5 CCC4D52B 		.ascii	"\314\304\325+v\367t\352I\251\216\005\365\346O\215{\263"
 133      76F774EA 
 133      49A98E05 
 133      F5E64F8D 
 133      7BB3
 134 04b7 90AB0B7B 		.ascii	"\220\253\013{\353T\005\331\025*[\245l\005&\010\203\032"
 134      EB5405D9 
 134      152A5BA5 
 134      6C052608 
ARM GAS  /tmp/ccbtrP0F.s 			page 10


 134      831A
 135 04c9 D5A0FA0F 		.ascii	"\325\240\372\017\002\3560\212\023\261\216\327\311\307"
 135      02EE308A 
 135      13B18ED7 
 135      C9C7
 136 04d7 9CE193A6 		.ascii	"\234\341\223\246\225\313t*\303\361\325\244\246\376\212"
 136      95CB742A 
 136      C3F1D5A4 
 136      A6FE8A
 137 04e6 526EE204 		.ascii	"Rn\342\004C\032\301P\234\340.#8u\254j$\203\\\345\014"
 137      431AC150 
 137      9CE02E23 
 137      3875AC6A 
 137      24835CE5 
 138 04fb ADEB770C 		.ascii	"\255\353w\014e\250\014\0077\223\223G\313\"E\234`X#\030"
 138      65A80C07 
 138      37939347 
 138      CB22459C 
 138      60582318 
 139 050f 8E138C30 		.ascii	"\216\023\2140\202\235\325\033.\245\222\267\364\214\240"
 139      829DD51B 
 139      2EA592B7 
 139      F48CA0
 140 051e BEE6DA7F 		.ascii	"\276\346\332\177\263t\"\357HZ%|\266\251}\325\327d\322"
 140      B37422EF 
 140      485A257C 
 140      B6A97DD5 
 140      D764D2
 141 0531 7A8EB27A 		.ascii	"z\216\262z\376\012jA\353\032[\327\245\250\021\\\357"
 141      FE0A6A41 
 141      EB1A5BD7 
 141      A5A8115C 
 141      EF
 142 0542 983B5CAB 		.ascii	"\230;\\\253\204\365\024\003\367\264\000\356\305\003"
 142      84F51403 
 142      F7B400EE 
 142      C503
 143 0550 50441AC0 		.ascii	"PD\032\300\206\315\225\237\021\262\205\007\320\263\377"
 143      86CD959F 
 143      11B28507 
 143      D0B3FF
 144 055f F6D5780D 		.ascii	"\366\325x\015\256\177Jv\336\322j\200\377R\342\014x\313"
 144      AE7F4A76 
 144      DED26A80 
 144      FF52E20C 
 144      78CB
 145 0571 194A1943 		.ascii	"\031J\031C\363\301]\003i\344\002gX}\266\264:\375\221"
 145      F3C15D03 
 145      69E40267 
 145      587DB6B4 
 145      3AFD91
 146 0584 2AA58FFE 		.ascii	"*\245\217\376\371\351\310\031\356\013+\345\331\354\330"
 146      F9E9C819 
 146      EE0B2BE5 
 146      D9ECD8
 147 0593 853841C2 		.ascii	"\2058A\302Of\210\362@X|\004\327\275?2\274!3\361\244"
 147      4F6688F2 
ARM GAS  /tmp/ccbtrP0F.s 			page 11


 147      40587C04 
 147      D7BD3F32 
 147      BC2133F1 
 148 05a8 524DEDA4 		.ascii	"RM\355\244.\027\371I\305\021\301C'.\2366$\202G\307\201"
 148      2E17F949 
 148      C511C143 
 148      272E9E36 
 148      248247C7 
 149 05bd CB54301D 		.ascii	"\313T0\035\015E\363\012mA\233\316\266\304\357z07W\342"
 149      0D45F30A 
 149      6D419BCE 
 149      B6C4EF7A 
 149      303757E2 
 150 05d1 1F6F402A 		.ascii	"\037o@*\266\271\244\200\337N\307\\\273\361\251g_\234"
 150      B6B9A480 
 150      DF4EC75C 
 150      BBF1A967 
 150      5F9C
 151 05e3 51909727 		.ascii	"Q\220\227'\230\254\326\022\247'\370h\2765X\006R\261"
 151      98ACD612 
 151      A727F868 
 151      BE355806 
 151      52B1
 152 05f5 D72D4B36 		.ascii	"\327-K6{@\266\270l\213\245B\257\275\304-{\202\001i\241"
 152      7B40B6B8 
 152      6C8BA542 
 152      AFBDC42D 
 152      7B820169 
 153 060a 6C733F23 		.ascii	"ls?#\315\263\273\234\276\200l\225-\276\022\373\277\362"
 153      CDB3BB9C 
 153      BE806C95 
 153      2DBE12FB 
 153      BFF2
 154 061c A5855EAF 		.ascii	"\245\205^\257+ -\265\333-6\277\333\342\361zd\213l[\354"
 154      2B202DB5 
 154      DB2D36BF 
 154      DBE2F17A 
 154      648B6C5B 
 155 0631 B4CCB1E4 		.ascii	"\264\314\261\344\317\316\233c\371\367c\026\267\355\237"
 155      CFCE9B63 
 155      F9F76316 
 155      B7ED9F
 156 0640 5EBF346E 		.ascii	"^\2774nVrz\354\256\022\207,\271m\366b\247G\226\254\016"
 156      56727AEC 
 156      AE12872C 
 156      B96DF662 
 156      A74796AC 
 157 0655 7989ADC4 		.ascii	"y\211\255\304\025\264\006_\363\311\201\334b\301\030"
 157      15B4065F 
 157      F3C981DC 
 157      62C118
 158 0664 0FE8F53F 		.ascii	"\017\350\365?4\236\300k\001\311\032\010:P\034\203 ^"
 158      349EC06B 
 158      01C91A08 
 158      3A501C83 
 158      205E
 159 0676 875FEF2B 		.ascii	"\207_\357+\3619\374)\336\200O\226\035~\203\227\006\350"
ARM GAS  /tmp/ccbtrP0F.s 			page 12


 159      F139FC29 
 159      DE804F96 
 159      1D7E8397 
 159      06E8
 160 0688 D7BBBD0E 		.ascii	"\327\273\275\016\331O\313[\234\227\\^\237\327\217\301"
 160      D94FCB5B 
 160      9C975C5E 
 160      9FD78FC1 
 161 0698 BDB0F01F 		.ascii	"\275\260\360\037\217\346K\013\026\024JO\025\315\177"
 161      8FE64B0B 
 161      16144A4F 
 161      15CD7F
 162 06a7 EE3FF992 		.ascii	"\356?\371\222\317\346\262\272\\\016d\315\016\004\335"
 162      CFE6B2BA 
 162      5C0E64CD 
 162      0E04DD
 163 06b6 98D9529F 		.ascii	"\230\331R\237\323k\015\310\301\022\2375h(*\244\373e"
 163      D36B0DC8 
 163      C1129F35 
 163      68282AA4 
 163      FB65
 164 06c8 282AE0C3 		.ascii	"(*\340\303\337\371\360\004\037\236\246Cj\321\023\013"
 164      DFF9F004 
 164      1F9EA643 
 164      6AD1130B 
 165 06d8 0ABC9E25 		.ascii	"\012\274\236%\316\245)\2502\337\343\014\376y\322\215"
 165      CEA529A8 
 165      32DFE30C 
 165      FE79D28D 
 166 06e8 150C8120 		.ascii	"\025\014\201 E<\224\214\030K\223f\227\272\330k\363;"
 166      453C948C 
 166      184B9366 
 166      97BAD86B 
 166      F33B
 167 06fa 286E4E32 		.ascii	"(nN2\216\315\320$\254,\217'\037\233\235W`-\234\377B"
 167      8ECDD024 
 167      AC2C8F27 
 167      1F9B9D57 
 167      602D9CFF 
 168 070f C1732FCD 		.ascii	"\301s/\315{\376\025>\215\014\206\000[\376\360\2442\262"
 168      7BFE153E 
 168      8D0C8600 
 168      5BFEF0A4 
 168      32B2
 169 0721 DF89F114 		.ascii	"\337\211\361\024\013\031V5}\253\023\361\351\305\011"
 169      0B195635 
 169      7DAB13F1 
 169      E9C509
 170 0730 CEECDFAB 		.ascii	"\316\354\337\253\237\252\376\352\253R\261V>J\025o\027"
 170      9FAAFEEA 
 170      AB52B156 
 170      3E4A156F 
 170      17
 171 0741 3BABC86F 		.ascii	";\253\310oo\253\032\012"
 171      6FAB1A0A 
 172              		.text
 173              		.section	.gnu.lto_.symtab.88714f35bfee76ea,"",%progbits
ARM GAS  /tmp/ccbtrP0F.s 			page 13


 174 0000 68616C49 		.ascii	"halInit\000"
 174      6E697400 
 175 0008 00       		.ascii	"\000"
 176 0009 00       		.ascii	"\000"
 177 000a 00       		.ascii	"\000"
 178 000b 00000000 		.ascii	"\000\000\000\000\000\000\000\000"
 178      00000000 
 179 0013 F6000000 		.ascii	"\366\000\000\000"
 180 0017 70616C5F 		.ascii	"pal_default_config\000"
 180      64656661 
 180      756C745F 
 180      636F6E66 
 180      696700
 181 002a 00       		.ascii	"\000"
 182 002b 02       		.ascii	"\002"
 183 002c 00       		.ascii	"\000"
 184 002d 00000000 		.ascii	"\000\000\000\000\000\000\000\000"
 184      00000000 
 185 0035 04010000 		.ascii	"\004\001\000\000"
 186 0039 7374496E 		.ascii	"stInit\000"
 186      697400
 187 0040 00       		.ascii	"\000"
 188 0041 02       		.ascii	"\002"
 189 0042 00       		.ascii	"\000"
 190 0043 00000000 		.ascii	"\000\000\000\000\000\000\000\000"
 190      00000000 
 191 004b F8000000 		.ascii	"\370\000\000\000"
 192 004f 626F6172 		.ascii	"boardInit\000"
 192      64496E69 
 192      7400
 193 0059 00       		.ascii	"\000"
 194 005a 02       		.ascii	"\002"
 195 005b 00       		.ascii	"\000"
 196 005c 00000000 		.ascii	"\000\000\000\000\000\000\000\000"
 196      00000000 
 197 0064 FA000000 		.ascii	"\372\000\000\000"
 198 0068 7364496E 		.ascii	"sdInit\000"
 198      697400
 199 006f 00       		.ascii	"\000"
 200 0070 02       		.ascii	"\002"
 201 0071 00       		.ascii	"\000"
 202 0072 00000000 		.ascii	"\000\000\000\000\000\000\000\000"
 202      00000000 
 203 007a FC000000 		.ascii	"\374\000\000\000"
 204 007e 5F70616C 		.ascii	"_pal_lld_init\000"
 204      5F6C6C64 
 204      5F696E69 
 204      7400
 205 008c 00       		.ascii	"\000"
 206 008d 02       		.ascii	"\002"
 207 008e 00       		.ascii	"\000"
 208 008f 00000000 		.ascii	"\000\000\000\000\000\000\000\000"
 208      00000000 
 209 0097 00010000 		.ascii	"\000\001\000\000"
 210 009b 68616C5F 		.ascii	"hal_lld_init\000"
 210      6C6C645F 
 210      696E6974 
ARM GAS  /tmp/ccbtrP0F.s 			page 14


 210      00
 211 00a8 00       		.ascii	"\000"
 212 00a9 02       		.ascii	"\002"
 213 00aa 00       		.ascii	"\000"
 214 00ab 00000000 		.ascii	"\000\000\000\000\000\000\000\000"
 214      00000000 
 215 00b3 02010000 		.ascii	"\002\001\000\000"
 216              		.text
 217              		.section	.gnu.lto_.opts,"",%progbits
 218 0000 272D666D 		.ascii	"'-fmath-errno' '-fsigned-zeros' '-ftrapping-math' '"
 218      6174682D 
 218      6572726E 
 218      6F272027 
 218      2D667369 
 219 0033 2D666E6F 		.ascii	"-fno-trapv' '-fno-openmp' '-fno-openacc' '-mcpu=cor"
 219      2D747261 
 219      70762720 
 219      272D666E 
 219      6F2D6F70 
 220 0066 7465782D 		.ascii	"tex-m4' '-mfloat-abi=hard' '-mfpu=fpv4-sp-d16' '-mn"
 220      6D342720 
 220      272D6D66 
 220      6C6F6174 
 220      2D616269 
 221 0099 6F2D7468 		.ascii	"o-thumb-interwork' '-mthumb' '-O2' '-fomit-frame-po"
 221      756D622D 
 221      696E7465 
 221      72776F72 
 221      6B272027 
 222 00cc 696E7465 		.ascii	"inter' '-falign-functions=16' '-ffunction-sections'"
 222      72272027 
 222      2D66616C 
 222      69676E2D 
 222      66756E63 
 223 00ff 20272D66 		.ascii	" '-fdata-sections' '-fno-common' '-flto' '-fsingle-"
 223      64617461 
 223      2D736563 
 223      74696F6E 
 223      73272027 
 224 0132 70726563 		.ascii	"precision-constant'\000"
 224      6973696F 
 224      6E2D636F 
 224      6E737461 
 224      6E742700 
 225              		.text
 226              		.comm	__gnu_lto_v1,1,1
 227              		.comm	__gnu_lto_slim,1,1
 228              		.ident	"GCC: (GNU Tools for Arm Embedded Processors 7-2017-q4-major) 7.2.1 20170904 (release) [ARM
ARM GAS  /tmp/ccbtrP0F.s 			page 15


DEFINED SYMBOLS
                            *ABS*:0000000000000000 hal.c
                            *COM*:0000000000000001 __gnu_lto_v1
                            *COM*:0000000000000001 __gnu_lto_slim

NO UNDEFINED SYMBOLS
