ARM GAS  /tmp/ccmazb3T.s 			page 1


   1              		.cpu cortex-m4
   2              		.eabi_attribute 27, 1
   3              		.eabi_attribute 28, 1
   4              		.eabi_attribute 20, 1
   5              		.eabi_attribute 21, 1
   6              		.eabi_attribute 23, 3
   7              		.eabi_attribute 24, 1
   8              		.eabi_attribute 25, 1
   9              		.eabi_attribute 26, 1
  10              		.eabi_attribute 30, 2
  11              		.eabi_attribute 34, 1
  12              		.eabi_attribute 18, 4
  13              		.file	"nvic.c"
  14              		.section	.gnu.lto_.profile.b863ea2f0eaaeea0,"",%progbits
  15 0000 789C6363 		.ascii	"x\234cc```\001bF\006)1\000\000\302\000<"
  15      60606001 
  15      62460629 
  15      310000C2 
  15      003C
  16              		.text
  17              		.section	.gnu.lto_.icf.b863ea2f0eaaeea0,"",%progbits
  18 0000 789C6363 		.ascii	"x\234cc``\220b@\000\026\206\226'\257\25633\336\333\361"
  18      60609062 
  18      40001686 
  18      9627AFAE 
  18      3333DEDB 
  19 0015 7D1217D3 		.ascii	"}\022\027\323\304-\275\353\271\231\317\314\275=\223"
  19      C42DBDEB 
  19      B999CFCC 
  19      BD3D93
  20 0024 930100A8 		.ascii	"\223\001\000\250\214\013\362"
  20      8C0BF2
  21              		.text
  22              		.section	.gnu.lto_.jmpfuncs.b863ea2f0eaaeea0,"",%progbits
  23 0000 789C6363 		.ascii	"x\234cc``\320a@\000\026\006&FF\346\3729\314\014 \314"
  23      6060D061 
  23      40001606 
  23      264646E6 
  23      FA39CC0C 
  24 0016 0804209A 		.ascii	"\010\004 \232\011Y\220\031*\310\000\000\237-\007\005"
  24      09599019 
  24      2AC80000 
  24      9F2D0705 
  25              		.text
  26              		.section	.gnu.lto_.inline.b863ea2f0eaaeea0,"",%progbits
  27 0000 789C4D8C 		.ascii	"x\234M\214\321\021\2000\014B!\215i\364\307\021\352\004"
  27      D1118030 
  27      0C42218D 
  27      69F4C711 
  27      EA04
  28 0012 2ED9453A 		.ascii	".\331E:\222\2438\202\261\236U>\270\343\036`\000*>)\260"
  28      92A33882 
  28      B19E553E 
  28      B8E31E60 
  28      002A3E29 
  29 0027 CC146E8C 		.ascii	"\314\024n\214p\233\332\271\303Z\021\310\261*\"y\020"
  29      709BDAB9 
ARM GAS  /tmp/ccmazb3T.s 			page 2


  29      C35A11C8 
  29      B12A2279 
  29      10
  30 0038 07E199EC 		.ascii	"\007\341\231\354\225\244\255<\225\240\332O\004\223\222"
  30      95A4AD3C 
  30      95A0DA4F 
  30      049392
  31 0047 FD25C5EE 		.ascii	"\375%\305\356w\020J\310\366N\007\034S\\\2260\015\244"
  31      77104AC8 
  31      F64E071C 
  31      535C9630 
  31      0DA4
  32              		.text
  33              		.section	.gnu.lto_.pureconst.b863ea2f0eaaeea0,"",%progbits
  34 0000 789C6363 		.ascii	"x\234cc``\340\004b\026\006)F)&)f)\000\002\304\000\202"
  34      6060E004 
  34      62160629 
  34      46292629 
  34      66290002 
  35              		.text
  36              		.section	.gnu.lto_nvicEnableVector.b863ea2f0eaaeea0,"",%progbits
  37 0000 789C9D53 		.ascii	"x\234\235S\317KTQ\024\276\337;\357\207\243\316,\332"
  37      CF4B5451 
  37      14BEDF3B 
  37      EF87A3CE 
  37      2CDA
  38 0012 45522E82 		.ascii	"ER.\202A\204y\011\375\003\321\332\026\375\007\341&!"
  38      41847909 
  38      FD03D1DA 
  38      16FD07E1 
  38      2621
  39 0024 674443DA 		.ascii	"gDC\332yg\306f\264\004\005G\203\341\021#\215\375 \312"
  39      7967C666 
  39      B4040547 
  39      83E11123 
  39      8DFD20CA 
  40 0038 42ADC6B2 		.ascii	"B\255\306\262^\223\226\021&\211\264kQJ\241\221\324\254"
  40      5E939611 
  40      2689B46B 
  40      514AA191 
  40      D4AC
  41 004a 82D43AF7 		.ascii	"\202\324:\367>\243\350\307\242.\357\236w\3569\347\273"
  41      3EA3E8C7 
  41      A22EEF9E 
  41      77EE39E7 
  41      BB
  42 005b E7FBEE7D 		.ascii	"\347\373\356}\317\026B\034!!\016\362{\017O\220\2001"
  42      CF16421C 
  42      21210EF2 
  42      7B0F4F90 
  42      8031
  43 006d F85C8864 		.ascii	"\370\\\210d\225\001(GVAt\033\350F?\345\010\345\354\333"
  43      95012847 
  43      5641741B 
  43      E8463FE5 
  43      08E5ECDB 
  44 0081 92D17049 		.ascii	"\222\321pI\362\360\317Uv\313\313><\206\217\360T\003"
ARM GAS  /tmp/ccmazb3T.s 			page 3


  44      F2F0CF55 
  44      76CBCB3E 
  44      3C868FF0 
  44      5403
  45 0093 1368E0AA 		.ascii	"\023h\340\252\027=7<:K\036\001&/?-\344W\"ji\240\236"
  45      173D373C 
  45      3A4B1E01 
  45      262F3F2D 
  45      E457226A 
  46 00aa 975B3237 		.ascii	"\227[27\022\241\030\004\373\253\317.\014:\3211)S\322"
  46      12A11804 
  46      FBABCF2E 
  46      0C3AD131 
  46      2953D2
  47 00bd 9F2D92DC 		.ascii	"\237-\222\334\357\021\341\026\2107\304\024\3520\211"
  47      EF11E116 
  47      8837C414 
  47      EA3089
  48 00cc 3AC12181 		.ascii	":\301!\201\333\210r\371\325\324\273\017D\0074\364\315"
  48      DB8872F9 
  48      D5D4BB0F 
  48      440734F4 
  48      CD
  49 00dd FCEB9CB5 		.ascii	"\374\353\234\265\003]\035\333\201\336\371\003\264\204"
  49      035D1DDB 
  49      81DEF903 
  49      B484
  50 00eb A8AEBFB9 		.ascii	"\250\256\277\271=\034\266\315\200+\246a\013\2603\276"
  50      3D1CB6CD 
  50      802BA661 
  50      0BB033BE 
  51 00fb 64F972FB 		.ascii	"d\371r\373kV\372\313\027\261e\205\301\030\323P\206\330"
  51      6B56FACB 
  51      17B16585 
  51      C118D350 
  51      86D8
  52 010d 58261BDB 		.ascii	"X&\033\333R\236\255\214\003\265[\010\212\216\020\275"
  52      529EAD8C 
  52      03B55B08 
  52      8A8E10BD 
  53 011d BC131F91 		.ascii	"\274\023\037\221\364E\037\031\312K\373b\035\251Jvf "
  53      F4451F19 
  53      CA4BFB62 
  53      1DA94A76 
  53      6620
  54 012f A21AE409 		.ascii	"\242\032\344\011yr8\224\376\230A\02008\366\363\0019"
  54      79723894 
  54      FE984110 
  54      3038F6F3 
  54      0139
  55 0141 30719789 		.ascii	"0q\227\211\256\243\274|f\315RE\234\0369]^tT\272J+\235"
  55      AEA3BC7C 
  55      66CD5245 
  55      9C1E395D 
  55      5E7454BA 
  56 0158 1CDDF85C 		.ascii	"\034\335\370\\\033,e9-#\034\232x?\264\342\024p>\311"
  56      1B2C6539 
ARM GAS  /tmp/ccmazb3T.s 			page 4


  56      2D231C9A 
  56      783FB4E2 
  56      14703EC9 
  57 016c 1751D8EB 		.ascii	"\027Q\330\353Q\0103,\371\036\357\244\000s\375\311\321"
  57      5108332C 
  57      F91EEFA4 
  57      0073FDC9 
  57      D1
  58 017d 6AF79AEC 		.ascii	"j\367\232\354I\312z\217\252q\037\005\014\353+\342\344"
  58      49CA7A8F 
  58      AA711F05 
  58      0CEB2BE2 
  58      E4
  59 018e CBA5A989 		.ascii	"\313\245\251\211H\323\270J\026\342\036\325\340\001\334"
  59      48D3B84A 
  59      16E21ED5 
  59      E001DC
  60 019d 3C85F4F5 		.ascii	"<\205\364\365\371hb\216\212\361ffa`W\300\2318\313\270"
  60      F968628E 
  60      8AF16666 
  60      616057C0 
  60      9938CBB8 
  61 01b1 A1E2F552 		.ascii	"\241\342\365RX\261\260\260\017\0175g\326u\305\011\212"
  61      58B1B0B0 
  61      0F0F3567 
  61      D675C509 
  61      8A
  62 01c2 4C34D671 		.ascii	"L4\326q\251\012V2}V\020\264\002\344\323\342\364\246"
  62      A90A5632 
  62      7D5610B4 
  62      02E4D3E2 
  62      F4A6
  63 01d4 E66FC342 		.ascii	"\346o\303BY#\371\220\276#\025\370\027\375\377\242\256"
  63      5923F990 
  63      BE2315F8 
  63      17FDFFA2 
  63      AE
  64 01e5 168FB43A 		.ascii	"\026\217\264:\374\256\256\313\2430f\225:K\253\233S\352"
  64      FCAEAECB 
  64      A3306695 
  64      3A4BAB9B 
  64      53EA
  65 01f7 ECA0D7AB 		.ascii	"\354\240\327\253\305\232\377j\366X73\376\322\354\311"
  65      C59AFF6A 
  65      F6583733 
  65      FED2ECC9 
  66 0207 8F66F341 		.ascii	"\217f\363A\263\015\244\012_t+\375\203\3642O\376P\030"
  66      B30DA40A 
  66      5F742BFD 
  66      83F4324F 
  66      FE5018
  67 021a DF188BB9 		.ascii	"\337\030\213\271\301\223\350t\217\037;\341\266':Nv\272"
  67      C193E874 
  67      8F1F3BE1 
  67      B6273A4E 
  67      76BA
  68 022c 2D89B6B6 		.ascii	"-\211\266\266D\334=t\264\371p\363)7\336\325\332\022"
ARM GAS  /tmp/ccmazb3T.s 			page 5


  68      44DC3D74 
  68      B4F970F3 
  68      2937DED5 
  68      DA12
  69 023e 6B11889B 		.ascii	"k\021\210\233\355\035\255\211o\247\372\031\260"
  69      ED1DAD89 
  69      6FA7FA19 
  69      B0
  70              		.text
  71              		.section	.gnu.lto_nvicDisableVector.b863ea2f0eaaeea0,"",%progbits
  72 0000 789C9552 		.ascii	"x\234\225RKkSQ\020\236\357\314}\244M\233\265`\320.\204"
  72      4B6B5351 
  72      109EEFCC 
  72      7DA44D9B 
  72      B560D02E 
  73 0015 520AB9E4 		.ascii	"R\012\271\344'\210\340\256\033\377\201d\243`\023i\245"
  73      2788E0AE 
  73      1BFF8164 
  73      A3601369 
  73      A5
  74 0026 B8EB49D2 		.ascii	"\270\353I\322&\255fQh\033%\\\344\026#\342BkI\253\246"
  74      26AD6651 
  74      681B255C 
  74      E41623E2 
  74      426B49AB 
  75 003b BEAE292E 		.ascii	"\276\256).\304\027\026\361\007\330\342\023\212\026\027"
  75      C41716F1 
  75      07D8E213 
  75      8A1617
  76 004a 2EFA70CE 		.ascii	".\372p\316\275\012\202+\207{\316\235\2313\337|sf\216"
  76      BD0A822B 
  76      877BCE9D 
  76      9933DF7C 
  76      73668E
  77 005d 4344238A 		.ascii	"CD#\212\310\223\377AY`\202\232yETL(\300(:\001\032W\030"
  77      C893FF41 
  77      5960829A 
  77      7945544C 
  77      28C0283A 
  78 0075 478DE718 		.ascii	"G\215\347\030\235\352\207\266\032\270\256E\302K\015"
  78      9DEA87B6 
  78      1AB8AE45 
  78      C24B0D
  79 0084 A7A2270F 		.ascii	"\247\242'\017\370LT\227e\004-\014H\324\233\211\333>"
  79      F84C5497 
  79      65042D0C 
  79      48D49B89 
  79      DB3E
  80 0096 5F649F01 		.ascii	"_d\237\001K\314\357/\033\033)c*\364\211\271\253\347"
  80      4BCCEF2F 
  80      1B1B2963 
  80      2AF489B9 
  80      ABE7
  81 00a8 EA29CE80 		.ascii	"\352)\316\200D\337|~u\306\355\277\246uI\207/\232\254"
  81      44DF7C7E 
  81      75C6EDBF 
  81      A6754987 
ARM GAS  /tmp/ccmazb3T.s 			page 6


  81      2F9AAC
  82 00bb 8FF8CCB8 		.ascii	"\217\370\314\270\003\226\204XA\032\313H\223\270\010"
  82      03968458 
  82      411ACB48 
  82      93B808
  83 00ca 77D16FE2 		.ascii	"w\321o\342\337/\355\315\367:VL\210{p\010\242,\256\333"
  83      DF2FEDCD 
  83      F73A564C 
  83      887B7008 
  83      A22CAEDB 
  84 00de A1DEDBAF 		.ascii	"\241\336\333\257\352p\263\211\326\361.\010\306R\262"
  84      EA70B389 
  84      D6F12E08 
  84      C652B2
  85 00ed D96C34CB 		.ascii	"\331l4\313l6\242\0344%H\271\227\016i\232\225\321\312"
  85      6C36A21C 
  85      342548B9 
  85      970E699A 
  85      95D1CA
  86 0100 217D4179 		.ascii	"!}Ay\247\262\273\024(\223\261\301h\260-\\\263\315[\355"
  86      A7B2BB14 
  86      2893B1C1 
  86      68B02D5C 
  86      B3CD5BED 
  87 0114 5E53B685 		.ascii	"^S\266\205\303hK!\022\366\255r\303\215\203\024\006\323"
  87      C3684B21 
  87      12F6AD72 
  87      C38D8314 
  87      06D3
  88 0126 126A9CDB 		.ascii	"\022j\234\333\225i;vr\214|\326\\\335\3511H\0336V#di"
  88      95693B76 
  88      728C7CD6 
  88      5CDDE931 
  88      481B3656 
  89 013d BBFA0769 		.ascii	"\273\372\007i\011X<\235\267\027>G0\001\324';\257]\003"
  89      09583C9D 
  89      B7173E47 
  89      3001D427 
  89      3BAF5D03 
  90 0151 70A2AE2C 		.ascii	"p\242\256,/l\375\354\211M\335)\353\224\270Z_g7\334\000"
  90      2F6CFDEC 
  90      894DDD29 
  90      EB94B85A 
  90      5F6737DC 
  91 0166 578AD2F9 		.ascii	"W\212\322\371\340\220\317.\036H{\356Kn\003xZ+.t{7\365"
  91      E090CF2E 
  91      1E487BEE 
  91      4B6E0378 
  91      5A2B2E74 
  92 017d 4451F7F9 		.ascii	"DQ\367\371\234\300C\004\230\217f\"\207\357\326WZ\251"
  92      9CC04304 
  92      988F6622 
  92      87EFD657 
  92      5AA9
  93 018f ECA2390C 		.ascii	"\354\2429\014\306|\356\302#xRj4\257\307\310JA\246\232"
  93      C67CEEC2 
  93      2378526A 
ARM GAS  /tmp/ccmazb3T.s 			page 7


  93      34AFC7C8 
  93      4A41A69A 
  94 01a3 1F9F2EAF 		.ascii	"\037\237.\257%\177\227\363?d\335\010#2\374K\226\367"
  94      257F97F3 
  94      3F64DD08 
  94      2332FC4B 
  94      96F7
  95 01b5 39892786 		.ascii	"9\211'\206\314\216\310:\310\376}\327$\010k\222s\013"
  95      CC8EC83A 
  95      C8FE7DD7 
  95      24086B92 
  95      730B
  96 01c7 A5E0630D 		.ascii	"\245\340c\015\3214\215LI.\231\213\274\312\301L\306\213"
  96      D1348D4C 
  96      492E998B 
  96      BCCAC14C 
  96      C68B
  97 01d9 BFC2A877 		.ascii	"\277\302\250w\352\344\031\357la\344\334\250\227+\014"
  97      EAE419EF 
  97      6C61E4DC 
  97      A8972B0C 
  98 01e9 0F17F2DE 		.ascii	"\017\027\362\336\321\023C\307\206\316{\371\261\323\271"
  98      D11343C7 
  98      86CE7BF9 
  98      B1D3B9
  99 01f8 4C8E90FF 		.ascii	"L\216\220\377\005D\312\324\370"
  99      0544CAD4 
  99      F8
 100              		.text
 101              		.section	.gnu.lto_nvicSetSystemHandlerPriority.b863ea2f0eaaeea0,"",%progbits
 102 0000 789C6D51 		.ascii	"x\234mQ\315KTQ\024?\277{\336{\363\012\262\255\224\013"
 102      CD4B5451 
 102      143FBF7B 
 102      DE7BF30A 
 102      B2AD940B 
 103 0014 17C120C1 		.ascii	"\027\301 \301<\334\264h\027m\332\270\361?\220IP\320"
 103      3CDCB468 
 103      176DDAB8 
 103      F13F9049 
 103      50D0
 104 0026 79328AB4 		.ascii	"y2\212\264\363\316\214:f\005\242\243\306\360\210\267"
 104      F3CE8C3A 
 104      6605A2A3 
 104      C6F088B7 
 105 0036 1195080B 		.ascii	"\021\225\010\013\263\032\035\3551\2536}8D\220\320\242"
 105      B31A1DED 
 105      31AB367D 
 105      384490D0 
 105      A2
 106 0047 0F14268A 		.ascii	"\017\024&\212>\\\264\262\316}N\320\242\313\3758_\277"
 106      3E5CB4B2 
 106      CE7D4ED0 
 106      A2CBFD38 
 106      5FBF
 107 0059 737FE71C 		.ascii	"s\177\347\034\207\210~\202\350\242\274g\345\200\011"
 107      87887E82 
 107      E8A2BC67 
ARM GAS  /tmp/ccmazb3T.s 			page 8


 107      E58009
 108 0068 6AE60551 		.ascii	"j\346\005Q\316U\200\021\264\013\032S\030\303M.1j\305"
 108      CE558011 
 108      B40B1A53 
 108      18C34D2E 
 108      316AC5
 109 007b FD8AEA58 		.ascii	"\375\212\352X\326\262\242\305\2723\251'Z\003&Z\220c"
 109      D6B2A2C5 
 109      BA33A927 
 109      5A03265A 
 109      9063
 110 008d 16D6D121 		.ascii	"\026\326\321!Q\273\343\367\003\276\301\001\003\226\250"
 110      51BBE3F7 
 110      03BEC101 
 110      0396A8
 111 009c DF9F973F 		.ascii	"\337\237\227?\266\030U\241]\324\302\334N\325\345\024"
 111      B61855A1 
 111      5DD4C2DC 
 111      4ED5E514 
 112 00ac 48E4FAFA 		.ascii	"H\344\372\372\355+\311%\255\363:\372\264\304\372\\\300"
 112      ED2BC925 
 112      ADF33AFA 
 112      B4C4FA5C 
 112      C0
 113 00bd 8C4760C9 		.ascii	"\214G`\311\207\015\264\341!\332HL\204\307HJ\364\335"
 113      870DB4E1 
 113      21DA484C 
 113      84C7484A 
 113      F4DD
 114 00cf FCC117E6 		.ascii	"\374\301\027\346\0131\362\303\263\367%\273\011=\\nB"
 114      0B31F2C3 
 114      B3F725BB 
 114      093D5C6E 
 114      42
 115 00e0 9FFC075A 		.ascii	"\237\374\007ZA2\216\177p4\177\312\261\302\277l\261\011"
 115      41328E7F 
 115      70347FCA 
 115      B1C2BF6C 
 115      B109
 116 00f2 87A4725A 		.ascii	"\207\244rZ\253\333\221>\372]\024\006\255{\237\335\004"
 116      ABDB913E 
 116      FA5D1406 
 116      AD7B9FDD 
 116      04
 117 0103 04662973 		.ascii	"\004f)s\011}\001\3330\277\023M\011J\032\242#\272\316"
 117      097D01DB 
 117      30BF134D 
 117      094A1AA2 
 117      23BACE
 118 0116 CA488588 		.ascii	"\312H\205\210\032\310\377(\276\333\250\302d+3\312\362"
 118      1AC8FF28 
 118      BEDBA8C2 
 118      642B33CA 
 118      F2
 119 0127 6103856F 		.ascii	"a\003\205o\223M\203\022\333\277\375\260aaK\2105P{=\375"
 119      934D8312 
 119      DBBFFDB0 
ARM GAS  /tmp/ccmazb3T.s 			page 9


 119      61614B88 
 119      35507B3D 
 120 013c D63641E2 		.ascii	"\3266A\342^\230\250\275L\030\267\023W\226\253TK\366"
 120      5E98A8BD 
 120      4C18B713 
 120      5796AB54 
 120      4BF6
 121 014e B1AAF70A 		.ascii	"\261\252\367\012\272EL\215\335\303Wv\210;9\351{x&\340"
 121      BA454C8D 
 121      DDC35776 
 121      883B39E9 
 121      7B7826E0 
 122 0162 04B6A5C4 		.ascii	"\004\266\245\304\252d2\200\331\351\325\325\223\336="
 122      AA643280 
 122      D9E9D5D5 
 122      93DE3D
 123 0171 3D9ED3ED 		.ascii	"=\236\323\355\001\273\330A\210\371x\"\342|\263\362k"
 123      01BBD841 
 123      88F97822 
 123      E27CB3F2 
 123      6B
 124 0182 F174E79A 		.ascii	"\361t\347\232q\206\231\200O\340)\2742\333\361\264\""
 124      71869980 
 124      4FE029BC 
 124      32DBF1B4 
 124      22
 125 0193 740A47FA 		.ascii	"t\012G\372\212|\270u+\246\034Oq\212a\352SD\347S)\357"
 125      8A7CB875 
 125      2BA61C4F 
 125      718A61EA 
 125      5344E753 
 126 01a9 78FBC35E 		.ascii	"x\373\303^_\317\2007\344gG\206\275\264?8\350g\274K\335"
 126      5FCF8037 
 126      E4674786 
 126      BDB43F38 
 126      E867BC4B 
 127 01be 5D97BBAE 		.ascii	"]\227\273\256y\231\321\376t*M\211\276\236\314\325\201"
 127      7999D1FE 
 127      742A4D89 
 127      BE9ECCD5 
 127      81
 128 01cf DEAC3594 		.ascii	"\336\2545\224\355\367\377\000%\355\2619"
 128      EDF7FF00 
 128      25EDB139 
 129              		.text
 130              		.section	.gnu.lto_nvicClearPending.b863ea2f0eaaeea0,"",%progbits
 131 0000 789C3551 		.ascii	"x\2345Q\317KTQ\024>\337=\357\307\024:\353\240\241\\"
 131      CF4B5451 
 131      143EDF3D 
 131      EFC7143A 
 131      EBA0A15C 
 132 0014 0422C25C 		.ascii	"\004\"\302\\\374\023\302E+7\375\0071\033\203\234\211"
 132      FC13C245 
 132      2B37FD07 
 132      311B839C 
 132      89
 133 0025 0C69E79D 		.ascii	"\014i\347\235\031\235\321\2240\324\011\206\207<q\"Z"
ARM GAS  /tmp/ccmazb3T.s 			page 10


 133      199DD194 
 133      30D40986 
 133      873C7122 
 133      5A
 134 0036 94C56836 		.ascii	"\224\305h6\366\3531\344B\242\"\211V\2552\004\013$\005"
 134      F6EB31E4 
 134      42A22289 
 134      56AD3204 
 134      0B2405
 135 0049 2142AD73 		.ascii	"!B\255s\337\243\303\375q\316\271\347;\367\273\337\365"
 135      DFA3C3FD 
 135      71CEB9E7 
 135      3BF7BBDF 
 135      F5
 136 005a 88E81044 		.ascii	"\210\350\020DZ\366\2632\301\0045\363\201\250\230R\200"
 136      5AF6B332 
 136      C10435F3 
 136      81A89852 
 136      80
 137 006b 754C0A34 		.ascii	"uL\0124\2520\212i\236c\264\253;-\325\363\300\210E\367"
 137      AA308A69 
 137      9E63B4AB 
 137      3B2DD5F3 
 137      C08845F7 
 138 007f FE781533 		.ascii	"\376x\0253~&`\242\232Lkh\242G\252>\215=\011x\212\003"
 138      7E2660A2 
 138      9A4C6B68 
 138      A247AA3E 
 138      8D3D0978 
 139 0095 061C09F7 		.ascii	"\006\034\011\367\337\327\267\3236T\350\222\360\330\314"
 139      DFD7B7D3 
 139      3654E892 
 139      F0D8CC
 140 00a4 D5D29C05 		.ascii	"\325\322\234\005\211\377\375\335\322\214\337}\337\230"
 140      89FFFDDD 
 140      D28CDF7D 
 140      DF98
 141 00b2 9289DE36 		.ascii	"\222\211\3366\330\\\010\230\361\014,\015\261\212\014"
 141      D85C0898 
 141      F10C2C0D 
 141      B18A0C
 142 00c1 56902149 		.ascii	"V\220!I\021\326\320m\353\277==\231\357\364\234\344B"
 142      11D6D06D 
 142      EBBF3D3D 
 142      99EFF49C 
 142      E442
 143 00d3 3C874742 		.ascii	"<\207GB\236\226\267\334\310\234\374\255\232\350k\003"
 143      9E96B7DC 
 143      C89CFCAD 
 143      9AE86B03 
 144 00e3 772F09E3 		.ascii	"w/\011\343\200\035%\213\313\326s\354\342\"\356A\023"
 144      801D258B 
 144      CBD673EC 
 144      E222EE41 
 144      13
 145 00f4 82947799 		.ascii	"\202\224w\231\210&YY\257\034\321\017\224\217*\307k\241"
 145      88265959 
ARM GAS  /tmp/ccmazb3T.s 			page 11


 145      AF1CD10F 
 145      948F2AC7 
 145      6BA1
 146 0106 B21DEB8C 		.ascii	"\262\035\353\214:\273r\327l\343q\253\323\322vp\036-"
 146      3ABB72D7 
 146      6CE371AB 
 146      D3D27670 
 146      1E2D
 147 0118 212265BF 		.ascii	"!\"e\277*\017\375\244H\2417#\2456yP\231t\223$'\310\315"
 147      2A0FFDA4 
 147      48A13723 
 147      A5367950 
 147      99749324 
 148 012f C6FA5187 		.ascii	"\306\372Q\207E\272p\261\036#K\007\325\377HG\300\222"
 148      45BA70B1 
 148      1E234B07 
 148      D5FF4847 
 148      C092
 149 0141 697FBEBD 		.ascii	"i\177\276\275\033\303\004P\033o\177\364-\300\213UYY"
 149      1BC30450 
 149      1B6F7FF4 
 149      2DC08B55 
 149      5959
 150 0153 DCFBDD91 		.ascii	"\334\373\335\221\204\246]6iI5\177\316n\373!\026\212"
 150      84A65D36 
 150      6949357F 
 150      CE6EFB21 
 150      168A
 151 0165 A27C782E 		.ascii	"\242|x.`\037/E\236\027\322\333\0026\246\213\213\247"
 151      601F2F45 
 151      9E17D2DB 
 151      0236A68B 
 151      8BA7
 152 0177 F5233356 		.ascii	"\365#3V4]\001\247\360\012!\346\343?\221\303/[\253\315"
 152      345D01A7 
 152      F00A21E6 
 152      E33F91C3 
 152      2F5BABCD 
 153 018b 74DFB23D 		.ascii	"t\337\262=\014G\002>\205\327\320B5\376\2577\350\023"
 153      0C47023E 
 153      85D7D042 
 153      35FEAF37 
 153      E813
 154 019d 42B48752 		.ascii	"B\264\207R\270t\007\261\240\326&\344a\"\215\"\352\315"
 154      B87407B1 
 154      A0D626E4 
 154      61228D22 
 154      EACD
 155 01af 6675320A 		.ascii	"fu2\012\303z\360\3125}\275p\343\346\260\316\025\206"
 155      C37AF0CA 
 155      357DBD70 
 155      E3E6B0CE 
 155      1586
 156 01c1 860A797D 		.ascii	"\206\012y}\361\362@\377\300-\235\037\271\232\313\346"
 156      F1F240FF 
 156      C02D9D1F 
 156      B99ACBE6 
ARM GAS  /tmp/ccmazb3T.s 			page 12


 157 01d1 08F97F0B 		.ascii	"\010\371\177\013\343\254\267"
 157      E3ACB7
 158              		.text
 159              		.section	.gnu.lto_.symbol_nodes.b863ea2f0eaaeea0,"",%progbits
 160 0000 789C6363 		.ascii	"x\234cc``\360\002b\006\246\026\246z\006\206\011\347"
 160      6060F002 
 160      6206A616 
 160      A67A0686 
 160      09E7
 161 0012 181880D4 		.ascii	"\030\030\200\324\256\006G\240H+S=#\252H\033S=\023\252"
 161      AE0647A0 
 161      482B533D 
 161      23AA481B 
 161      533D13AA 
 162 0026 483B533D 		.ascii	"H;S=3\212\010\003\000\255\216\021\331"
 162      338A0803 
 162      00AD8E11 
 162      D9
 163              		.text
 164              		.section	.gnu.lto_.refs.b863ea2f0eaaeea0,"",%progbits
 165 0000 789C6363 		.ascii	"x\234cc```\004b\006\000\000D\000\010"
 165      60606004 
 165      62060000 
 165      440008
 166              		.text
 167              		.section	.gnu.lto_.decls.b863ea2f0eaaeea0,"",%progbits
 168 0000 789CBD59 		.ascii	"x\234\275YkPU\327\025\276\373\354\013\\\336\026\231"
 168      6B5055D7 
 168      15BEFBEC 
 168      0B5CDE16 
 168      99
 169 0011 C6A6749A 		.ascii	"\306\246t\232:fB\333\300E\223\326\374jC\020+\3231e."
 169      3A6642DB 
 169      C04593D6 
 169      FC6A4310 
 169      2BD33165 
 170 0026 C69924D3 		.ascii	"\306\231$\323\020\304\233@\312\303\002v\342\364G\017"
 170      10C49B40 
 170      CAC30276 
 170      E2F4470F 
 171 0036 5E8C2851 		.ascii	"^\214(QA\010(\217\200\200OP \"(\210\002*\"\010\032\024"
 171      4108288F 
 171      80804F50 
 171      20222888 
 171      022A2208 
 172 004c 15798ABC 		.ascii	"\025y\212\274D\344\351\213\207\322\265\037\347\336\303"
 172      44E4E98B 
 172      87D2B51F 
 172      E7DEC3
 173 005b 916BFDD1 		.ascii	"\221k\375\321\311\031\327=w\235\375\355\265\276\275"
 173      C919D73D 
 173      779DFDED 
 173      B5BEBD
 174 006a D63E6BAF 		.ascii	"\326>k\257\213\226*\225j\335/T\252\207\202J\225\205"
 174      8B962A95 
 174      6ADD2F54 
 174      AA87824A 
ARM GAS  /tmp/ccmazb3T.s 			page 13


 174      9585
 175 007c 54AA59B8 		.ascii	"T\252Y\270,\340Y\025\010\250\252\012\025\273\324 \027"
 175      2CE05915 
 175      08A8AA0A 
 175      15BBD420 
 175      17
 176 008d 41EA411A 		.ascii	"A\352A\032@\256\250^\274v\301\004\007\270\177\016\342"
 176      40AEA85E 
 176      BC76C104 
 176      07B87F0E 
 176      E2
 177 009e 04E2CCE7 		.ascii	"\004\342\314\347\273\200\274\005\362\011\310\307 \277"
 177      BB80BC05 
 177      F209C8C7 
 177      20BF
 178 00ac 01DCAF41 		.ascii	"\001\334\257A\006\340{?\310S\220' \030d\001<w\001qD"
 178      06E07B3F 
 178      C8539027 
 178      20186401 
 178      3C770171 
 179 00c1 CCFFC579 		.ascii	"\314\377\305y\374\244\300\200\335<~$\037\222}\311\256"
 179      FCA4C080 
 179      DD3C7E24 
 179      1F927DC9 
 179      AE
 180 00d2 E40796A8 		.ascii	"\344\007\226\250Z\210\230\017\304\327\242\274\322`\300"
 180      5A88980F 
 180      C4D7A2BC 
 180      D260C0
 181 00e1 C6CC1A08 		.ascii	"\306\314\032\010\367\010\030\337\000\362!b6\211\235"
 181      F70818DF 
 181      00F22162 
 181      36899D
 182 00f0 8FB9BD06 		.ascii	"\217\271\275\006\256G\243\27163\315\3304\307\227Lw\341"
 182      AE47A3B9 
 182      3633CDD8 
 182      34C7974C 
 182      77E1
 183 0102 36E78B73 		.ascii	"6\347\213s\022F\355\265\207\363p\034Fo\331 \2221GxT"
 183      1246EDB5 
 183      87F3701C 
 183      466FD920 
 183      92314778 
 184 0117 30746AD2 		.ascii	"0tj\322\236=\"\210\246\252${,\320\257]\3711\275\326"
 184      9E3D2288 
 184      A6AA247B 
 184      2CD0AF5D 
 184      F931BDD6 
 185 012b EEF922BB 		.ascii	"\356\371\"\2734\177W\241\023\010K\226\232v\215\347Z"
 185      347F57A1 
 185      13084B96 
 185      9A768DE7 
 185      5A
 186 013c E13F52E0 		.ascii	"\341?R\340\2171\205\351\304\252\223\015R\203:\326\220"
 186      8F3185E9 
 186      C4AA930D 
 186      52833AD6 
ARM GAS  /tmp/ccmazb3T.s 			page 14


 186      90
 187 014d 7AD70154 		.ascii	"z\327\001Tg\033\364F\022\026:[\246\333\034\220\215k"
 187      671BF446 
 187      12163A5B 
 187      A6DB1C90 
 187      8D6B
 188 015f AC286E16 		.ascii	"\254(n\026\263\014\242\365*\025:\205\\\320I\344\242"
 188      B30CA2F5 
 188      2A153A85 
 188      5CD049E4 
 188      A2
 189 0170 42E5C895 		.ascii	"B\345\310\225x.A\356*T\014\017\217\303\303\003\304]"
 189      782E41EE 
 189      2A540C0F 
 189      8FC3C303 
 189      C45D
 190 0182 E5953D7F 		.ascii	"\345\225=\177\332;.\212o\2402d\203J\021\246\030X\334"
 190      DA3B2E8A 
 190      6FA03264 
 190      834A11A6 
 190      1858DC
 191 0195 5B368CC0 		.ascii	"[6\214\300\341\334\204lK|\011\021\006ByZ\357\005\301"
 191      E1DC846C 
 191      4B7C0911 
 191      0642795A 
 191      EF05C1
 192 01a8 9C8F3366 		.ascii	"\234\2173f}\334,[\\\263E\024\005T\001>N\233|\200Kr\203"
 192      7DDC2C5B 
 192      5CB34514 
 192      0554013E 
 192      4E9B7C80 
 193 01bf A7E06878 		.ascii	"\247\340hx\272mD\350D\355\010\366\001Z@\327\217\020"
 193      BA6D44E8 
 193      44ED08F6 
 193      015A40D7 
 193      8F10
 194 01d1 FB843B11 		.ascii	"\373\204;\021\252\317J\027b\317\341\251\300n\034J\024"
 194      AACF4A17 
 194      62CFE1A9 
 194      C06E1C4A 
 194      14
 195 01e2 690A323E 		.ascii	"i\0122>\021\270\015A\262K\377q\003Hn\225\2153w\322\305"
 195      11B80D41 
 195      B24BFF71 
 195      03486E95 
 195      8D3377D2 
 196 01f7 B2CEBE18 		.ascii	"\262\316\276\030\347q\0101-9\223My\201\253\3128l$eZ"
 196      E7710831 
 196      2D39934D 
 196      7981ABCA 
 196      386C2465 
 197 020c 24E2E96E 		.ascii	"$\342\351n+\030\255\265\350B\0350\372\261\203*^\023"
 197      2B18ADB5 
 197      E8421D30 
 197      FAB1832A 
 197      5E13
 198 021e 4A139F76 		.ascii	"J\023\237v\275;G\300\215l\273\\<t\242\012\251\005\026"
ARM GAS  /tmp/ccmazb3T.s 			page 15


 198      BD3B47C0 
 198      8D6CBB5C 
 198      3C74A20A 
 198      A90516
 199 0231 3714A626 		.ascii	"7\024\246&\317\352\237\034<\2536>\253F\364\341\205\331"
 199      CFEA9F1C 
 199      3CAB363E 
 199      AB46F4E1 
 199      85D9
 200 0243 27958E6C 		.ascii	"'\225\216l\273\010d'\215^\316\260e\333e\001\331=g:\222"
 200      BB086427 
 200      8D5ECEB0 
 200      65DB6501 
 200      D93D673A 
 201 0258 8545C924 		.ascii	"\205E\311$?\361\006q\201\200>\3779\272\000Y;\017YS\241"
 201      3FF10671 
 201      81803EFF 
 201      39BA0059 
 201      3B0F5953 
 202 026d 1AB4083E 		.ascii	"\032\264\010>\317!5\243u\376\364\311sv\213\263\304\254"
 202      CF2135A3 
 202      75FEF4C9 
 202      73768BB3 
 202      C4AC
 203 027f 2EB172B6 		.ascii	".\261r\266uI\177\261(B>E5\301\241*SB\253\310\306E\225"
 203      75497FB1 
 203      28423E45 
 203      35C1A12A 
 203      5342ABC8 
 204 0296 A80BA1B3 		.ascii	"\250\013\241\263\250\023\026q\021-\206\351\315\035\025"
 204      A8131671 
 204      112D86E9 
 204      CD1D15
 205 02a5 A398EC5C 		.ascii	"\243\230\354\\s\374S\256e\227\331\233%SG\311\\\222\310"
 205      73FC53AE 
 205      6597D99B 
 205      255347C9 
 205      5C92C8
 206 02b8 FC90787D 		.ascii	"\374\220x}Z\"3\270(U\254\334,\222\275\005(Tk\242R\253"
 206      5A2233B8 
 206      2855ACDC 
 206      2C92BD05 
 206      28546BA2 
 207 02ce A4524FA9 		.ascii	"\244RO\251\024=\275o\3008\203Qi\353\275\225c\305-\325"
 207      143DBD6F 
 207      C0388351 
 207      69EBBD95 
 207      63C52DD5 
 208 02e2 BD6EB444 		.ascii	"\275n\264D\026u\331d\351\262\322R\003\265Tq0\305\007"
 208      1675D964 
 208      E9B2D252 
 208      03B55471 
 208      30C507
 209 02f5 973143B1 		.ascii	"\2271C\261\337\037\034\261\220(\375r\016\245F\223\241"
 209      DF1F1CB1 
 209      9028FD72 
 209      0EA54693 
ARM GAS  /tmp/ccmazb3T.s 			page 16


 209      A1
 210 0306 46A5A12B 		.ascii	"F\245\241+\324P~sf\271\035\313\223\350B2S\265\265\230"
 210      D4507E73 
 210      66B91DCB 
 210      93E84232 
 210      53B5B598 
 211 031a EBA356A0 		.ascii	"\353\243V\240'\035\275[\212\230\036\357\014\372@\363"
 211      271DBD5B 
 211      8A981EEF 
 211      0CFA40F3 
 212 032a C1547B96 		.ascii	"\301T{\226Hq\037\202\007\031331j\\\317\250\334\271\361"
 212      48711F82 
 212      07193333 
 212      316A5CCF 
 212      A8DCB9F1 
 213 033e BC9E1709 		.ascii	"\274\236\027\011\203\005\331\032\275m\337\331\333\304"
 213      8305D91A 
 213      BD6DDFD9 
 213      DBC4
 214 034c 92D0D217 		.ascii	"\222\320\322\027\226\014H\257\254\012\335 o \322\272"
 214      960C48AF 
 214      AC0ADD20 
 214      6F20D2BA 
 215 035c A0665001 		.ascii	"\240fP\001\235\227\234}\002;\305\323D\210\342\373j\232"
 215      9D979C7D 
 215      023BC5D3 
 215      4488E2FB 
 215      6A9A
 216 036e A36B006F 		.ascii	"\243k\000o\242\360\233\310I\232D\320=\373{\262\2549"
 216      A2F09BC8 
 216      499A44D0 
 216      3DFB7BB2 
 216      AC39
 217 0380 734BD0BF 		.ascii	"sK\320\277I\350\316q\340\314\011\261\253\011\337&\252"
 217      49E8CE71 
 217      E0CC09B1 
 217      AB09DF26 
 217      AA
 218 0391 39535203 		.ascii	"9SR\003w\336L\3703nf<o\025%\026Z0\354\010\301\226\245"
 218      77DE4CF8 
 218      336E663C 
 218      6F152516 
 218      5A30EC08 
 219 03a8 DE48B535 		.ascii	"\336H\2655\313\263]\342\331\306x\026l\3519\254\201\331"
 219      CBB35DE2 
 219      D9C67816 
 219      6CE939AC 
 219      81D9
 220 03ba 2E506091 		.ascii	".P`\221\254\272\272\260\352Z\\9qT\215oQOB\321\321\236"
 220      ACBABAB0 
 220      EA5A5C39 
 220      71548D6F 
 220      514F42D1 
 221 03d0 AF90AB8D 		.ascii	"\257\220\253\215T\356\334\267l%\271\351\206\205u\231"
 221      54EEDCB7 
 221      6C25B9E9 
 221      86857599 
ARM GAS  /tmp/ccmazb3T.s 			page 17


 222 03e0 72E34296 		.ascii	"r\343B\226D\313\232\230#\342E*\364\216\013\362\200\242"
 222      44CB9A98 
 222      23E2452A 
 222      F48E0BF2 
 222      80A2
 223 03f2 76078A9A 		.ascii	"v\007\212\232\013/j\235@\247\203\371?\234y\350\274="
 223      0B2F6A9D 
 223      40A783F9 
 223      3F9C79E8 
 223      BC3D
 224 0404 EE660E3A 		.ascii	"\356f\016:\216\2164b\243\007(v\307i\261\353\005\017"
 224      8E8E3462 
 224      A3072876 
 224      C769B1EB 
 224      050F
 225 0416 774D1EBA 		.ascii	"wM\036\272\221\031\027=\363\273h\356Ln\2655\245\002"
 225      9119173D 
 225      F3BB68EE 
 225      4C6EB535 
 225      A502
 226 0428 517BB761 		.ascii	"Q{\267a\274\205F\244\217\246\242]J\305\346\363\333\356"
 226      BC8546A4 
 226      8FA6A25D 
 226      4AC5E6F3 
 226      DBEE
 227 043a 23123EC3 		.ascii	"#\022>\303\253Y\337sarD-\267\336\3772\353%\235I\333"
 227      AB59DF73 
 227      6172442D 
 227      B7DEFF32 
 227      EB259D49 
 228 044f F896CC22 		.ascii	"\370\226\314\"GOY\373X\245-\323\273H\370'\207\3664k"
 228      474F59FB 
 228      58A52DD3 
 228      BB48F827 
 228      87F6346B 
 229 0463 78A21D40 		.ascii	"x\242\035@?7\221>f\207\007Y\246\253[+by\246\227\203"
 229      3F37913E 
 229      66870759 
 229      A6AB5B2B 
 229      6279A697 
 230 0478 7A79E7A9 		.ascii	"zy\347\251^\363\033rXJ\364\003\306\363yV\372\015A\271"
 230      5EF31B72 
 230      584AF403 
 230      C6F37956 
 230      FA0D41B9 
 231 048c 21EF037C 		.ascii	"!\357\003|\220\302G(\317a\211g\312\203\311\327\371~"
 231      90C24728 
 231      CF618967 
 231      CA83C9D7 
 231      F97E
 232 049e 949F904E 		.ascii	"\224\237\220N\364\204D\307\006\316\246\333p\226\244"
 232      F48444C7 
 232      06CEA6DB 
 232      7096A4
 233 04ad 229EBB96 		.ascii	"\"\236\273\226\226g\205\0372\226\017\267oy\302\337\033"
 233      9667851F 
 233      32960FB7 
ARM GAS  /tmp/ccmazb3T.s 			page 18


 233      6F79C2DF 
 233      1B
 234 04be F2D2F5D4 		.ascii	"\362\322\365\324\215\377\340`\226\345#\211\345C\306"
 234      8DFFE060 
 234      96E52389 
 234      E543C6
 235 04cd 327D7062 		.ascii	"2}pb\326A\311r\034\340c\024\376\230\262|$\261\334\323"
 235      D641C972 
 235      1CE06314 
 235      FE98B27C 
 235      24B1DCD3 
 236 04e1 54E4CD52 		.ascii	"T\344\315R\365*G(L\270vf\352\212\243\334\374\223\227"
 236      F52A4728 
 236      4CB87666 
 236      EA8AA3DC 
 236      FC9397
 237 04f4 997F5232 		.ascii	"\231\177R2\335\312W\235\205\311\326(oI\340\347@\227"
 237      DDCA579D 
 237      85C9D628 
 237      6F49E0E7 
 237      4097
 238 0506 FCAD75E6 		.ascii	"\374\255u\346om\364@\341V\214'Y\030&R\266l\3230\360"
 238      6F6DF440 
 238      E1568C27 
 238      59182652 
 238      B66CD330 
 239 051b 6BA0EE2B 		.ascii	"k\240\356+\030\036\322\230\015\303s)\014\317\030\317"
 239      181ED298 
 239      0DC37329 
 239      0CCF18CF 
 240 052b 67D59DD9 		.ascii	"g\325\235\331\216\3120L\003|\212\302g)\317\347\022\317"
 240      8ECA304C 
 240      037C8AC2 
 240      6729CFE7 
 240      12CF
 241 053d E28AB1FD 		.ascii	"\342\212\261\375R\365 <{\363\272sl\260AMy\034\251\214"
 241      52F5203C 
 241      7BF3BA73 
 241      6CB0414D 
 241      791CA98C 
 242 0551 ABE5E9C8 		.ascii	"\253\345\351\310\"\271\232M\033\315\260\303\261lPJ\244"
 242      22B99A4D 
 242      1BCDB0C3 
 242      B16C504A 
 242      A4
 243 0562 134FE495 		.ascii	"\023O\344\225{%E\002\336\315\006\237u\306\307[\361\231"
 243      7B254502 
 243      DECD069F 
 243      75C6C75B 
 243      F199
 244 0574 646F76B6 		.ascii	"dov\2664\027\331\341\0246X\322w\251F\232I\006\267\025"
 244      3417D9E1 
 244      143658D2 
 244      77A9469A 
 244      4906B715 
 245 0588 74C759E0 		.ascii	"t\307Y\340,6x\247\275\177\273\003\336\317\224\2135\233"
 245      2C3678A7 
ARM GAS  /tmp/ccmazb3T.s 			page 19


 245      BD7FBB03 
 245      DECF948B 
 245      359B
 246 059a BFC205EC 		.ascii	"\277\302\005\354{\375\335\230\267\331\244\030R\240/"
 246      7BFDDD98 
 246      B7D9A418 
 246      52A02F
 247 05a9 E4166562 		.ascii	"\344\026eb\026\300,\272\375\217Wm78\342b\012v\354\234"
 247      16C02CBA 
 247      FD8F576D 
 247      3738E262 
 247      0A76EC9C 
 248 05bd 3274DAA1 		.ascii	"2t\332\241%\354Z\270\304\225\336\263\305\230h(>\273"
 248      25EC5AB8 
 248      C495DEB3 
 248      C5986828 
 248      3EBB
 249 05cf F091BC3A 		.ascii	"\360\221\274:\010e5BO\221\023\212\0230J\026\026\032"
 249      08653542 
 249      4F91138A 
 249      13304A16 
 249      161A
 250 05e1 5309A184 		.ascii	"S\011\241\204\000-%\315,\233\320\375)|DC\311\007p+b"
 250      002D25CD 
 250      2C9BD0FD 
 250      297C4443 
 250      C907702B 
 251 05f6 60E92545 		.ascii	"`\351%E\267\220\014M*O\035A\307`\022g4\303\321R\364"
 251      B7900C4D 
 251      2A4F1D41 
 251      C7601267 
 251      34C3D152 
 252 060b D12452D8 		.ascii	"\321$R\330n\342hBd\002)\210\214*\321\335\237\230\320"
 252      6EE26842 
 252      64022988 
 252      8C2AD1DD 
 252      9F98D0
 253 061e DB94B463 		.ascii	"\333\224\264c\005\005\223\251OLL\014\202\202\311f9:"
 253      050593A9 
 253      4F4C4C0C 
 253      8282C966 
 253      393A
 254 0630 C620568E 		.ascii	"\306 V\216\177\232J\321dW\357\344h\343+q\325\304$\201"
 254      7F9A4AD1 
 254      6457EFE4 
 254      68E32B71 
 254      D5C42481 
 255 0644 6F2C113A 		.ascii	"o,\021:\001\264CpA\337RK\004\016o\014\332#\270\242]"
 255      01B44370 
 255      41DF524B 
 255      040E6F0C 
 255      DA23B8A2 
 256 0659 C212940A 		.ascii	"\302\022\224\012\222\010\222\002\222\001\222\004\222"
 256      92089202 
 256      92019204 
 256      92
 257 0666 0E9200B2 		.ascii	"\016\222\000\262\033$\015$\036d/\310w\302\022\332\204"
ARM GAS  /tmp/ccmazb3T.s 			page 20


 257      1B240D24 
 257      1E642FC8 
 257      77C212DA 
 257      84
 258 0677 31DA8332 		.ascii	"1\332\2032\332[\225\264\2771\321f\205\276\346\266S4"
 258      DA5B95B4 
 258      BF31D166 
 258      85BEE6B6 
 258      5334
 259 0689 70212815 		.ascii	"p!(\025/\362&S\303\255N\273E\261\326\203\034\231\350"
 259      2FF22653 
 259      C3AD4EBB 
 259      45B1D683 
 259      1C99E8
 260 069c 3A0FAF74 		.ascii	":\017\257t\220\242\037\225\251\273-\363\274]\351y\354"
 260      90A21F95 
 260      A9BB2DF3 
 260      BC5DE979 
 260      EC
 261 06ad 05344F1D 		.ascii	"\0054O\035T?4\304mK5\021\335S\246\256Z\226\350he\352"
 261      543F34C4 
 261      6D4B3511 
 261      DD53A6AE 
 261      5A96E868 
 262 06c3 4441811E 		.ascii	"DA\201\036\227%z\213\022\035cB\223\332|\243\363<\302"
 262      97257A8B 
 262      121D6342 
 262      93DA7CA3 
 262      F33CC2
 263 06d6 77E9B617 		.ascii	"w\351\266\0276O\025\225X\240\205\256\363&\011\336a\327"
 263      364F1595 
 263      58A085AE 
 263      F32609DE 
 263      61D7
 264 06e8 FF4B9E58 		.ascii	"\377K\236X\344\237\267j\340\207\022\312\004\203\337"
 264      E49FB76A 
 264      E08712CA 
 264      0483DF
 265 06f7 0BC60396 		.ascii	"\013\306\003\226\344\201\362\332\326?U\217\355\266\033"
 265      E481F2DA 
 265      D63F558F 
 265      EDB61B
 266 0706 7FA350A0 		.ascii	"\177\243P\240\251j\355\023\354h\337\015w\322}5\\l\343"
 266      A96AED13 
 266      EC68DF0D 
 266      77D27D35 
 266      5C6CE3
 267 0719 852696BC 		.ascii	"\205&\226\274\313\263\367ZrxU\032%\306\306f2J\271\356"
 267      CBB3F75A 
 267      7278551A 
 267      25C6C666 
 267      324AB9EE 
 268 072d 2CAB2ECE 		.ascii	",\253.\316\274\272\014\355\21138\232-\220\007\004^ "
 268      BCBA0CED 
 268      8933389A 
 268      2D900704 
 268      5E20
ARM GAS  /tmp/ccmazb3T.s 			page 21


 269 073f 4FB20279 		.ascii	"O\262\002y\275\2757\331NY \367C\220ri`\017\012N\322"
 269      BDBD37D9 
 269      4E5920F7 
 269      43907269 
 269      600F0A4E 
 270 0754 24823ED1 		.ascii	"$\202>\321t\363\2615~\300jPK\362\366!\013\351\324\210"
 270      74F3B135 
 270      7EC06A50 
 270      4BF2F621 
 270      0BE9D488 
 271 0768 7D955323 		.ascii	"}\225S#\267\257h\304Z\356\354\260\360\022g\327\372\366"
 271      B7AF68C4 
 271      5AEEECB0 
 271      F01267D7 
 271      FAF6
 272 077a C5F023FE 		.ascii	"\305\360#\376\252J\366s\301\211\375\\\220\012\2473/"
 272      AA4AF673 
 272      C189FD5C 
 272      900AA733 
 272      2F
 273 078b 9CE5354D 		.ascii	"\234\3455M\227\020\036g\334\252\307\013\017\362\271"
 273      97101E67 
 273      DCAAC70B 
 273      0FF2B9
 274 079a A49077C5 		.ascii	"\244\220w\305\237\2335\037\223B)&\005\002\245\371(\276"
 274      9F9B351F 
 274      93422926 
 274      0502A5F9 
 274      28BE
 275 07ac 70A53224 		.ascii	"p\2452$G\201e>eYDY\026J,\367f\014\036\023\224k2\213"
 275      4781653E 
 275      65594459 
 275      164A2CF7 
 275      660C1E13 
 276 07c4 8EBB70A2 		.ascii	"\216\273p\242\206\347\266\226\350}\317\217"
 276      86E7B696 
 276      E87DCF8F 
 277 07d0 D759E127 		.ascii	"\327Y\341'\214t\342\356\247u\032<\315\224\322\341\274"
 277      8C74E2EE 
 277      A7751A3C 
 277      CD94D2E1 
 277      BC
 278 07e1 527B86AC 		.ascii	"R{\206\254$zj\371\303:\336\263hd\303\316|x\"ot\277%"
 278      247A6AF9 
 278      C33ADEB3 
 278      6864C3CE 
 278      7C78226F 
 279 07f8 9E657313 		.ascii	"\236es\023F\307\023-\315.\267LZ\256\007]m\351\211\234"
 279      46C7132D 
 279      CD2EB74C 
 279      5AAE075D 
 279      6DE9899C 
 280 080c 118D72B9 		.ascii	"\021\215r\271'a\001\245t\001\345t\001e\322\002\312\243"
 280      276101A5 
 280      7401E574 
 280      0165D202 
 280      CAA3
ARM GAS  /tmp/ccmazb3T.s 			page 22


 281 081e 739BB172 		.ascii	"s\233\261r\271f\321\207\372\322w\3624\274G\332\214\311"
 281      B966D187 
 281      FAD277F2 
 281      34BC47DA 
 281      8CC9
 282 0830 7D83F6D8 		.ascii	"}\203\366\330`AI>\030\236)p\300\261L)/=]\303W\347A\232"
 282      6041493E 
 282      189E2970 
 282      C0B14C29 
 282      2F3D5DC3 
 283 0848 FEFCAA46 		.ascii	"\376\374\252F[\274\203\215\315\304g\036\267\306\211"
 283      5BBC838D 
 283      CDC4671E 
 283      B7C689
 284 0857 4C499B68 		.ascii	"LI\233h\277\3077\277+\311s\316\367\273\255\361\0366"
 284      BFC737BF 
 284      2BC973CE 
 284      F7BBADF1 
 284      1E36
 285 0869 361B1FBB 		.ascii	"6\033\037\273\327\012g0%\2511)\307\026g3e8\246\267\213"
 285      D70A6730 
 285      25A93129 
 285      C7166733 
 285      6538A6B7 
 286 087e 6F9D45A0 		.ascii	"o\235E\240N\017$\265\360\337/v\262v\304\231\267#\307"
 286      4E0F24B5 
 286      F0DF2F76 
 286      B276C499 
 286      B723C7
 287 0891 1EEF4CB1 		.ascii	"\036\357L\261\305\207\330\324\233-1\2478\326\026TC\376"
 287      C587D8D4 
 287      9B2D31A7 
 287      38D61654 
 287      43FE
 288 08a3 99120BB3 		.ascii	"\231\022\013\263\241\275,\205\266\236\355\244\035\307"
 288      A1BD2C85 
 288      B69EEDA4 
 288      1DC7
 289 08b1 72CF5A2A 		.ascii	"r\317Z*;\346K\020\255Z\032\255\006\032\255\313R\264"
 289      3BE64B10 
 289      AD5A1AAD 
 289      061AADCB 
 289      52B4
 290 08c3 1AFBE2AE 		.ascii	"\032\373\342\256\330*;`\263\350\212\246\266\367q>#\371"
 290      D82A3B60 
 290      B3E88AA6 
 290      B6F7713E 
 290      23F9
 291 08d5 A8B1ED0E 		.ascii	"\250\261\355\016\302\205L\211\251\277t\320\012\0273"
 291      C2854C89 
 291      A9BF74D0 
 291      0A1733
 292 08e4 65E87043 		.ascii	"e\350pC\255%.cJO\337\324I\214\3172\345\300P\366\016"
 292      AD252E63 
 292      4A4FDFD4 
 292      498CCF32 
 292      E5C050F6 
ARM GAS  /tmp/ccmazb3T.s 			page 23


 293 08f9 6B7C9ECF 		.ascii	"k|\236\317\351\031n\344\001\372\226\274L\323\243%\327"
 293      E9196EE4 
 293      01FA96BC 
 293      4CD3A325 
 293      D7
 294 090a A59090ED 		.ascii	"\245\220\220\3556\370\250wV\203\353(\370\265\242\246"
 294      36F8A877 
 294      5683EB28 
 294      F8B5A2A6 
 295 091a CB59D688 		.ascii	"\313Y\326\210\366\022\246\313\225\337\263\305$(\327"
 295      F612A6CB 
 295      95DFB3C5 
 295      2428D7
 296 0929 1D03FCB0 		.ascii	"\035\003\374\260\371ApB\307\240\"\266B\301\223\336\012"
 296      F9417042 
 296      C7A022B6 
 296      42C193DE 
 296      0A
 297 093a 94A72CF1 		.ascii	"\224\247,\361\325\376\254\253h\004t\035GK\013G\027\345"
 297      D5FEACAB 
 297      6804741D 
 297      474B0B47 
 297      17E5
 298 094c E824389D 		.ascii	"\350$8\235\233\202\330\351L\266^1G\033K\317q\212>\205"
 298      9B82D8E9 
 298      4CB65E31 
 298      471B4BCF 
 298      718A3E85 
 299 0960 5E389E6F 		.ascii	"^8\236o\200\275f:\330\312\313~?\224\375A(\345\035 \003"
 299      80BD663A 
 299      D8CACB7E 
 299      3F94FD41 
 299      28E51D20 
 300 0975 200F40BA 		.ascii	" \017@\272@\356\200\264\200\334\003\271\017\322\003"
 300      40EE80B4 
 300      80DC03B9 
 300      0FD203
 301 0984 D207D20B 		.ascii	"\322\007\322\013\322\0062\0042\014\322\011r\033\344"
 301      D2063204 
 301      320CD209 
 301      721BE4
 302 0993 16483BC8 		.ascii	"\026H;\310]\220n\343\361M\373\010\177S\037qV\311\264"
 302      5D906EE3 
 302      F14DFB08 
 302      7F531F71 
 302      56C9B4
 303 09a6 62CEBA48 		.ascii	"b\316\272HG\023\304\016\272#\020\205C\034-UG\336\260"
 303      4713C40E 
 303      BA231085 
 303      431C2D55 
 303      47DEB0
 304 09b9 CA7A94DB 		.ascii	"\312z\224\333\237\231l_S\332\326\232\202\300bV'\213"
 304      9F996C5F 
 304      53DAD69A 
 304      82C06256 
 304      278B
 305 09cb D989F963 		.ascii	"\331\211\371c&\357\177d\266\257*\321\371J\364\224\014"
ARM GAS  /tmp/ccmazb3T.s 			page 24


 305      26EF7F64 
 305      B6AF2AD1 
 305      F94AF494 
 305      0C
 306 09dc 7D657EB4 		.ascii	"}e~\264D\205\032\0172\301o*\341\331\312\306m\220\007"
 306      44851A0F 
 306      32C16F2A 
 306      E1D9CAC6 
 306      6D9007
 307 09ef 050E07DA 		.ascii	"\005\016\007\332\207\314\011J\316\013\306o\313\"~^i"
 307      87CC094A 
 307      CE0BC66F 
 307      CB227E5E 
 307      69
 308 0a00 FCDC0BF0 		.ascii	"\374\334\013\360A\031\274J\011\257|\001\336-\203W\317"
 308      4119BC4A 
 308      09AF7C01 
 308      DE2D8357 
 308      CF
 309 0a11 0F97B763 		.ascii	"\017\227\267c\035\254\035kU\266c\304T_\207S\266\201"
 309      1DAC1D6B 
 309      55B663C4 
 309      545F8753 
 309      B681
 310 0a23 BC21C456 		.ascii	"\274!\304V\223\322V\2512\306u2\3175J4k\307\344\351n"
 310      93D256A9 
 310      32C67532 
 310      CF354A34 
 310      6BC7E4E9 
 311 0a38 FACC94EE 		.ascii	"\372\314\224\356\353\363n\016\231\355&\231\355\013\363"
 311      EBF36E0E 
 311      99ED2699 
 311      ED0BF3
 312 0a47 C74C9E6D 		.ascii	"\307L\236m\031\372\314\374{zN\204e\233\343\307\371\227"
 312      19FACCFC 
 312      7B7A4E84 
 312      659BE3C7 
 312      F997
 313 0a59 69244E2A 		.ascii	"i$N*\001O\367iH\367)\016\227\216\027T2\247\331k\354"
 313      014FF769 
 313      48F7290E 
 313      978E1754 
 313      32A7D96B 
 314 0a6e FCAE518D 		.ascii	"\374\256Q\215\257\322\232$\264\337+\216\263U6{\322+"
 314      AFD29A24 
 314      B4DF2B8E 
 314      B355367B 
 314      D22B
 315 0a80 8FC6E04D 		.ascii	"\217\306\340M\377)\336z\336\014\016X\222fp\024\034\216"
 315      FF29DE7A 
 315      DE0C0E58 
 315      92667014 
 315      1C8E
 316 0a92 989AC156 		.ascii	"\230\232\301V\251\031\314\351\353>\247\2267\203\243"
 316      A919CCE9 
 316      EB3EA796 
 316      3783A3
ARM GAS  /tmp/ccmazb3T.s 			page 25


 317 0aa1 739AC171 		.ascii	"s\232\301q\336\014\216\323f0\355\300P\257\005naU:{\240"
 317      DE0C8ED3 
 317      6630EDC0 
 317      50AF056E 
 317      61553A7B 
 318 0ab6 E1123F25 		.ascii	"\341\022?%\177E\376\036\2238\264\023\261\"=@\212\366"
 318      7F45FE1E 
 318      9338B413 
 318      B1223D40 
 318      8AF6
 319 0ac8 BE868964 		.ascii	"\276\206\211d\033\334\317\260'+\036,cP\362\003\261="
 319      1BDCCFB0 
 319      272B1E2C 
 319      6350F203 
 319      B13D
 320 0ada AEAD1599 		.ascii	"\256\255\025\231=\266\236J\307\326\023vl5?\255\230\262"
 320      3DB69E4A 
 320      C7D61376 
 320      6C353FAD 
 320      98B2
 321 0aec C3A3D490 		.ascii	"\303\243\324\220:\337pdT\215\\]\020\300\021\373\213"
 321      3ADF7064 
 321      548D5C5D 
 321      10C011FB 
 321      8B
 322 0afd 12F94F01 		.ascii	"\022\371O\001\025z\006{kR\300\322\1772\244\212`~\364"
 322      157A067B 
 322      6B52C0D2 
 322      7F32A48A 
 322      607EF4
 323 0b10 3FE4317C 		.ascii	"?\3441|\327\320\373<\177[\232\202\360?\243\376f ;\323"
 323      D7D0FB3C 
 323      7F5B9A82 
 323      F03FA3FE 
 323      66203BD3 
 324 0b24 CC6166E6 		.ascii	"\314af\346\231\033H~\362\021\333\217`\374!\315\370s"
 324      991B487E 
 324      F211DB8F 
 324      60FC21CD 
 324      F873
 325 0b36 7AF23D95 		.ascii	"z\362=\225N\276\242\364\332Ik\033n;\366\177\331\316"
 325      4EBEA2F4 
 325      DA496B1B 
 325      6E3BF67F 
 325      D9CE
 326 0b48 1BCF9D99 		.ascii	"\033\317\235\231s\252\316\276\314\366\315\224\201~\353"
 326      73AACEBE 
 326      CCF6CD94 
 326      817EEB
 327 0b57 3773C4AB 		.ascii	"7s\304\253\225b\345t\353\333\251\233+E\303\373H\304"
 327      9562E574 
 327      EBDBA99B 
 327      2B45C3FB 
 327      48C4
 328 0b69 4EE831A4 		.ascii	"N\3501\244\262\001-\226M\235\200'\237\011*\024\215\337"
 328      B2012D96 
 328      4D9D8027 
ARM GAS  /tmp/ccmazb3T.s 			page 26


 328      9F092A14 
 328      8DDF
 329 0b7b 54FDCEDD 		.ascii	"T\375\316\335]\313\376\205Gj\203\002B\264\033\302#\242"
 329      5DCBFE85 
 329      476A8302 
 329      42B41BC2 
 329      23A2
 330 0b8d 22B581E1 		.ascii	"\"\265\201\341\241\241\341aZO\335j\257\325_k\303\376"
 330      A1A1E161 
 330      5A4FDD6A 
 330      AFD55F6B 
 330      C3FE
 331 0b9f 151CE81E 		.ascii	"\025\034\350\036\250\371\313\207\037\275\341\265t\251"
 331      A8F9CB87 
 331      1FBDE1B5 
 331      74A9
 332 0bad CAC6DF7F 		.ascii	"\312\306\337\177cpX\324;\313\374\243\276A\332\240\360"
 332      637058D4 
 332      3BCBFCA3 
 332      BE41DAA0 
 332      F0
 333 0bbe 50BD3620 		.ascii	"P\2756 0R\357\026\022\260N\273\"<pc\250>\014L\254\321"
 333      3052EF16 
 333      12B04EBB 
 333      223C7063 
 333      A83E0C4C 
 334 0bd4 0784FE55 		.ascii	"\007\204\376U\353\035\030\022\274!R\357\257w\333\260"
 334      EB1D1812 
 334      BC2152EF 
 334      AF77DBB0 
 335 0be4 31F01FCB 		.ascii	"1\360\037\313\264k\302\303C\"\265_\006\006\272\005D"
 335      B46BC2C3 
 335      4322B55F 
 335      0606BA05 
 335      44
 336 0bf5 84BA8585 		.ascii	"\204\272\205\205\207\351\335\364\001\353\202\335\226"
 336      87E9DDF4 
 336      01EB82DD 
 336      96
 337 0c02 BB2DF358 		.ascii	"\273-\363X\272\334\355\237\357\272\205\006|\025\036"
 337      BADCED9F 
 337      EFBA8506 
 337      7C151E
 338 0c11 A19D33AA 		.ascii	"\241\2353\252\015\016\013\014\331\270^\257\015\015\010"
 338      0D0E0B0C 
 338      D9B85EAF 
 338      0D0D08
 339 0c20 0C0A0ED3 		.ascii	"\014\012\016\323k\375\327\353\277\010\330\030\022\345"
 339      6BFDD7EB 
 339      BF08D818 
 339      12E5
 340 0c2e 1FB56983 		.ascii	"\037\265i\203>\322=H\245\221\010\375\373'\345\023\271"
 340      3ED23D48 
 340      A59108FD 
 340      FB27E513 
 340      B9
 341 0c3f 2952EB1F 		.ascii	")R\353\037\031\265\036\234\003\211\005$N\336a\001\353"
ARM GAS  /tmp/ccmazb3T.s 			page 27


 341      19B51E9C 
 341      03890524 
 341      4EDE6101 
 341      EB
 342 0c50 42F46BF5 		.ascii	"B\364k\365\201Q\341\021\277\177\365\340\252~F\356+\202"
 342      8151E111 
 342      BF7FF5E0 
 342      AA7E46EE 
 342      2B82
 343 0c62 234DB35D 		.ascii	"#M\263]\310\023?}\224\337\246\310(}\350\252\200\260"
 343      C8133F7D 
 343      94DFA6C8 
 343      287DE8AA 
 343      80B0
 344 0c74 F521FA08 		.ascii	"\365!\372\010\337\210\340\360\210\340\250M\324\227W"
 344      DF88E0F0 
 344      88E0A84D 
 344      D49757
 345 0c83 883E20C2 		.ascii	"\210> \302W\037\006\376\277\264\326y\373y\353\326z\257"
 345      571F06FE 
 345      BFB4D679 
 345      FB79EBD6 
 345      7AAF
 346 0c95 F883E0E3 		.ascii	"\370\203\340\343k\3152\364\236\177\224\025\277\033\207"
 346      6BCD32F4 
 346      9E7F9415 
 346      BF1B87
 347 0ca4 DF55FB78 		.ascii	"\337U\373x~\2403\252\357\250}\274|M\3522\265\217\237"
 347      7EA033AA 
 347      EFA87DBC 
 347      7C4DEA32 
 347      B58F9F
 348 0cb7 AF4EA363 		.ascii	"\257N\243c\332R\030\3646\015z\300\240\267N\355\267\306"
 348      DA5218F4 
 348      360D7AC0 
 348      A0B74EED 
 348      B7C6
 349 0cc9 47F75BF9 		.ascii	"G\367[\371\312\364_Gi\275V\373\371\370\031\343\022\030"
 349      CAF45F47 
 349      69BD56FB 
 349      F9F819E3 
 349      1218
 350 0cdb 1EA1F70F 		.ascii	"\036\241\367\017\014}\027\202b\375\341Z\037/\3775\220"
 350      0C7D1782 
 350      62FDE15A 
 350      1F2FFF35 
 350      90
 351 0cec 2798EDA9 		.ascii	"'\230\355\251S\257^\275R\207=W\350\360\012\270\373\256"
 351      53AF5EBD 
 351      52873D57 
 351      E8F00AB8 
 351      FBAE
 352 0cfe D4A93D57 		.ascii	"\324\251=W\372\351\324\037\254\364\324Y\300\020\000"
 352      FAE9D41F 
 352      ACF4D459 
 352      C01000
 353 0d0d 56107D15 		.ascii	"V\020}\025\371\360\202\017\013\277U^~:\354\267\312\027"
ARM GAS  /tmp/ccmazb3T.s 			page 28


 353      F9F0820F 
 353      0BBF555E 
 353      7E3AECB7 
 353      CA17
 354 0d1f 7B79C1DD 		.ascii	"{y\301\335Kg\341\351\243\363\322\251\327\256\371\233"
 354      4B67E1E9 
 354      A3F3D2A9 
 354      D7AEF99B 
 355 0d2f 0EE801C2 		.ascii	"\016\350\001\302\313\367#\237\025\360\351\351\245\323"
 355      CBF7239F 
 355      15F0E9E9 
 355      A5D3
 356 0d3d F8797D40 		.ascii	"\370y}@}\331\373\373\177\2611,\320\337\337\375=\217"
 356      7DD9FBFB 
 356      7FB1312C 
 356      D0DFDFFD 
 356      3D8F
 357 0d4f E51E1A49 		.ascii	"\345\036\032IS\007\006\005D\374\027\021\216'\032"
 357      53070605 
 357      44FC1711 
 357      8E271A
 358              		.text
 359              		.section	.gnu.lto_.symtab.b863ea2f0eaaeea0,"",%progbits
 360 0000 6E766963 		.ascii	"nvicEnableVector\000"
 360      456E6162 
 360      6C655665 
 360      63746F72 
 360      00
 361 0011 00       		.ascii	"\000"
 362 0012 00       		.ascii	"\000"
 363 0013 00       		.ascii	"\000"
 364 0014 00000000 		.ascii	"\000\000\000\000\000\000\000\000"
 364      00000000 
 365 001c C7000000 		.ascii	"\307\000\000\000"
 366 0020 6E766963 		.ascii	"nvicDisableVector\000"
 366      44697361 
 366      626C6556 
 366      6563746F 
 366      7200
 367 0032 00       		.ascii	"\000"
 368 0033 00       		.ascii	"\000"
 369 0034 00       		.ascii	"\000"
 370 0035 00000000 		.ascii	"\000\000\000\000\000\000\000\000"
 370      00000000 
 371 003d CB000000 		.ascii	"\313\000\000\000"
 372 0041 6E766963 		.ascii	"nvicSetSystemHandlerPriority\000"
 372      53657453 
 372      79737465 
 372      6D48616E 
 372      646C6572 
 373 005e 00       		.ascii	"\000"
 374 005f 00       		.ascii	"\000"
 375 0060 00       		.ascii	"\000"
 376 0061 00000000 		.ascii	"\000\000\000\000\000\000\000\000"
 376      00000000 
 377 0069 CD000000 		.ascii	"\315\000\000\000"
 378 006d 6E766963 		.ascii	"nvicClearPending\000"
ARM GAS  /tmp/ccmazb3T.s 			page 29


 378      436C6561 
 378      7250656E 
 378      64696E67 
 378      00
 379 007e 00       		.ascii	"\000"
 380 007f 00       		.ascii	"\000"
 381 0080 00       		.ascii	"\000"
 382 0081 00000000 		.ascii	"\000\000\000\000\000\000\000\000"
 382      00000000 
 383 0089 CF000000 		.ascii	"\317\000\000\000"
 384              		.text
 385              		.section	.gnu.lto_.opts,"",%progbits
 386 0000 272D666D 		.ascii	"'-fmath-errno' '-fsigned-zeros' '-ftrapping-math' '"
 386      6174682D 
 386      6572726E 
 386      6F272027 
 386      2D667369 
 387 0033 2D666E6F 		.ascii	"-fno-trapv' '-fno-openmp' '-fno-openacc' '-mcpu=cor"
 387      2D747261 
 387      70762720 
 387      272D666E 
 387      6F2D6F70 
 388 0066 7465782D 		.ascii	"tex-m4' '-mfloat-abi=hard' '-mfpu=fpv4-sp-d16' '-mn"
 388      6D342720 
 388      272D6D66 
 388      6C6F6174 
 388      2D616269 
 389 0099 6F2D7468 		.ascii	"o-thumb-interwork' '-mthumb' '-O2' '-fomit-frame-po"
 389      756D622D 
 389      696E7465 
 389      72776F72 
 389      6B272027 
 390 00cc 696E7465 		.ascii	"inter' '-falign-functions=16' '-ffunction-sections'"
 390      72272027 
 390      2D66616C 
 390      69676E2D 
 390      66756E63 
 391 00ff 20272D66 		.ascii	" '-fdata-sections' '-fno-common' '-flto' '-fsingle-"
 391      64617461 
 391      2D736563 
 391      74696F6E 
 391      73272027 
 392 0132 70726563 		.ascii	"precision-constant'\000"
 392      6973696F 
 392      6E2D636F 
 392      6E737461 
 392      6E742700 
 393              		.text
 394              		.comm	__gnu_lto_v1,1,1
 395              		.comm	__gnu_lto_slim,1,1
 396              		.ident	"GCC: (GNU Tools for Arm Embedded Processors 7-2017-q4-major) 7.2.1 20170904 (release) [ARM
ARM GAS  /tmp/ccmazb3T.s 			page 30


DEFINED SYMBOLS
                            *ABS*:0000000000000000 nvic.c
                            *COM*:0000000000000001 __gnu_lto_v1
                            *COM*:0000000000000001 __gnu_lto_slim

NO UNDEFINED SYMBOLS
