ARM GAS  /tmp/ccVTI0Xx.s 			page 1


   1              		.cpu cortex-m4
   2              		.eabi_attribute 27, 1
   3              		.eabi_attribute 28, 1
   4              		.eabi_attribute 20, 1
   5              		.eabi_attribute 21, 1
   6              		.eabi_attribute 23, 3
   7              		.eabi_attribute 24, 1
   8              		.eabi_attribute 25, 1
   9              		.eabi_attribute 26, 1
  10              		.eabi_attribute 30, 2
  11              		.eabi_attribute 34, 1
  12              		.eabi_attribute 18, 4
  13              		.file	"pal.c"
  14              		.section	.gnu.lto_.profile.e50cfdf4bc243091,"",%progbits
  15 0000 789C6363 		.ascii	"x\234cc```\001bF\006\015\031\000\000\344\000P"
  15      60606001 
  15      6246060D 
  15      190000E4 
  15      0050
  16              		.text
  17              		.section	.gnu.lto_.icf.e50cfdf4bc243091,"",%progbits
  18 0000 789C6363 		.ascii	"x\234cc``\020a@\000f\206\207s&\256ea\274\334\266|=\017"
  18      60601061 
  18      40006686 
  18      877326AE 
  18      6561BCDC 
  19 0018 D387F7BF 		.ascii	"\323\207\367\277\326\3631\000\000^{\0111"
  19      D6F33100 
  19      005E7B09 
  19      31
  20              		.text
  21              		.section	.gnu.lto_.jmpfuncs.e50cfdf4bc243091,"",%progbits
  22 0000 789C6363 		.ascii	"x\234cc``hf@\000f\006FF\306\3729@\212\211\221\221\031"
  22      60606866 
  22      40006606 
  22      4646C6FA 
  22      39408A89 
  23 0017 C4006246 		.ascii	"\304\000bF&\030\207q\0163\023\033\003\003\343\001\026"
  23      26188771 
  23      0E33131B 
  23      0303E301 
  23      16
  24 0028 460620FE 		.ascii	"F\006 \376\017\004\374\014h|F\306)\314\214\323Z\017"
  24      0F04FC0C 
  24      687C46C6 
  24      29CC8CD3 
  24      5A0F
  25 003a 9D67EF66 		.ascii	"\235g\357f\006\352ed`\334\314(\003\024z\275g\303\015"
  25      06EA6564 
  25      60DCCC28 
  25      03147ABD 
  25      67C30D
  26 004d 56881044 		.ascii	"V\210\020D\335\026F\031\246JF\014\323\000\214y&%"
  26      DD164619 
  26      A64A460C 
  26      D3008C79 
  26      2625
ARM GAS  /tmp/ccVTI0Xx.s 			page 2


  27              		.text
  28              		.section	.gnu.lto_.inline.e50cfdf4bc243091,"",%progbits
  29 0000 789C6363 		.ascii	"x\234cc``\370\316\200\000\314\014\014\234\034\214\314"
  29      6060F8CE 
  29      8000CC0C 
  29      0C9C1C8C 
  29      CC
  30 0011 0C0A8C20 		.ascii	"\014\012\214 &\210t\000\223\012\034l\037\364\030\330"
  30      26887400 
  30      930A1C6C 
  30      1FF418D8 
  31 0021 16C83331 		.ascii	"\026\310310\276`g\201\220 \202\003\314\344\000\021\002"
  31      30BE6067 
  31      81902082 
  31      03CCE400 
  31      1102
  32 0033 60A600C8 		.ascii	"`\246\000\310\030F\006>^F\026F\240N\210!\012HF1p3]\340"
  32      1846063E 
  32      5E461646 
  32      A04E8821 
  32      0A484631 
  33 004b 87180564 		.ascii	"\207\030\005d\240\030\302\262@\236\007j\022\363\016"
  33      A018C2B2 
  33      409E076A 
  33      12F30E
  34 005a 710106A0 		.ascii	"q\001\006\240\2352 \276\002X^\001d2\023\003\2670\212"
  34      9D3220BE 
  34      02585E01 
  34      64321303 
  34      B7308A
  35 006d FBA04673 		.ascii	"\373\240Fs\002\345\210s\036\320R\011\220I,\274@\357"
  35      02E58873 
  35      1ED05209 
  35      90492CBC 
  35      40EF
  36 007f 4EF00341 		.ascii	"N\360\003A\006\000\373F \246"
  36      0600FB46 
  36      20A6
  37              		.text
  38              		.section	.gnu.lto_.pureconst.e50cfdf4bc243091,"",%progbits
  39 0000 789C6363 		.ascii	"x\234cc```\007bf\006)F)&I\000\001\274\000a"
  39      60606007 
  39      62660629 
  39      46292649 
  39      0001BC00 
  40              		.text
  41              		.section	.gnu.lto_palReadBus.e50cfdf4bc243091,"",%progbits
  42 0000 789C9591 		.ascii	"x\234\225\221\337KTQ\020\307\347{\346\356\331\273\231"
  42      DF4B5451 
  42      10C7E77B 
  42      E6EED9BB 
  42      99
  43 0011 FE0169B0 		.ascii	"\376\001i\260\017\202\370\262\367\277\350\3770_z\020"
  43      0F82F8B2 
  43      F7BFE8FF 
  43      305F7A10 
  44 0021 8A16C137 		.ascii	"\212\026\3017\317\256?\243\002\011\177\300r\223}0\202"
ARM GAS  /tmp/ccVTI0Xx.s 			page 3


  44      CFAE3FA3 
  44      02097FC0 
  44      72937D30 
  44      82
  45 0032 204A5C5D 		.ascii	" J\\]]\255\256\253\370\246fD\024D\017\365\224\210\250"
  45      5DADAEAB 
  45      F8A66644 
  45      14440FF5 
  45      9488A8
  46 0045 CFA1CE9C 		.ascii	"\317\241\316\234\253\260\017\275\010\367\316\23593\363"
  46      ABB00FBD 
  46      08F7CE9D 
  46      3933F3
  47 0054 99EFDC63 		.ascii	"\231\357\334c\211h\310\020\345\345\333)/\230`\246\366"
  47      8968C810 
  47      E5E5DB29 
  47      2F9860A6 
  47      F6
  48 0065 884AA101 		.ascii	"\210J\241\001\324q!h\330`\030\317x\232q0\372>\346\247"
  48      D4712168 
  48      D86018CF 
  48      789A7130 
  48      FA3EE6A7 
  49 0079 1C4B5920 		.ascii	"\034KY \341\351n\345O\207\206@^\302\243\343\235\332"
  49      E1E96EE5 
  49      4F878640 
  49      5EC2A3E3 
  49      9DDA
  50 008b EDDED7CE 		.ascii	"\355\336\327\316\225]2\367\302\316\327>\273\\\314\206"
  50      955D32F7 
  50      C2CED73E 
  50      BB5CCC86 
  51 009b 66A5BC86 		.ascii	"f\245\274\206.,\241Kg,\243W\212\307\016\346\306\231"
  51      2E2CA14B 
  51      672CA357 
  51      8AC70EE6 
  51      C699
  52 00ad EF82C4FF 		.ascii	"\357\202\304\377q\362\346gG\317+\337\270\275\300\256"
  52      71F2E667 
  52      47CF2BDF 
  52      B8BDC0AE 
  53 00bd 3B66C60A 		.ascii	";f\306\012\270\265Q\216\010u\364h\375\357\305\363\231"
  53      B8B5518E 
  53      0875F468 
  53      FDEFC5F3 
  53      99
  54 00ce 761B5499 		.ascii	"v\033T\231\224-\310UX\2028\357\276d\022w~1\341\222\243"
  54      942DC855 
  54      588238EF 
  54      BE641277 
  54      7E31E192 
  55 00e3 05BCBC97 		.ascii	"\005\274\274\2273\322\026\260\230L \306f\324\263j\262"
  55      33D216B0 
  55      984C20C6 
  55      66D4B36A 
  55      B2
  56 00f4 5056482A 		.ascii	"PVH*\217&\205!\273\272\204\236H(\336HB\207(7\376>\337"
ARM GAS  /tmp/ccVTI0Xx.s 			page 4


  56      8F268521 
  56      BBBA849E 
  56      4828DE48 
  56      42872837 
  57 010b B28AAEB0 		.ascii	"\262\212\256\260\221\241\263c\315\375\254.\313^\363"
  57      91A1B363 
  57      CDFDAC2E 
  57      CB5EF3
  58 011a 467377C7 		.ascii	"Fsw\307V1_r\316\345c\316V8\2135]Pr_'\276\377j\213\336"
  58      56315F72 
  58      CEE563CE 
  58      56388B35 
  58      5D50725F 
  59 0134 BA3415A2 		.ascii	"\2724\025\242\201*fT(a\035\221\260\233\215\\\012\346"
  59      812A6654 
  59      28611D91 
  59      B09B8D5C 
  59      0AE6
  60 0146 5670F83F 		.ascii	"Vp\370?pN\246c\343\012\374\255\336\250\267\013x\264"
  60      704EA663 
  60      E30AFCAD 
  60      DEA8B70B 
  60      78B4
  61 0158 A4A95BF8 		.ascii	"\244\251[\370\340\301\2729>zp\371\032\034\334Hb\033"
  61      E0C1BA39 
  61      3E7A70F9 
  61      1A1CDC48 
  61      621B
  62 016a 3E799251 		.ascii	">y\222QR\342I#g\343HQ\031\221)\300V\272\275\021\335"
  62      52E24923 
  62      67E34851 
  62      199129C0 
  62      56BABD11 
  63 017f 60D3D3FD 		.ascii	"`\323\323\375U5S\372\277kz\350\007X:F9\177u\242?jR\266"
  63      553553FA 
  63      BF6B7AE8 
  63      07583A46 
  63      397F75A2 
  64 0197 929B1041 		.ascii	"\222\233\020Aw\012\205(}\036\026\243\007}\003Q\361q"
  64      770A8528 
  64      7D1E16A3 
  64      077D0351 
  64      F171
  65 01a9 7FF4A86F 		.ascii	"\177\364\250o\240\320O|\177\260x\011F\231\313\001"
  65      A0D04F7C 
  65      7FB07809 
  65      4699CB01 
  66              		.text
  67              		.section	.gnu.lto_palWriteBus.e50cfdf4bc243091,"",%progbits
  68 0000 789C9553 		.ascii	"x\234\225SKk\023a\024\375\316\334\231\311c:\325\245"
  68      4B6B1361 
  68      14FDCEDC 
  68      99C9633A 
  68      D5A5
  69 0012 68850A4A 		.ascii	"h\205\012J\350&\363/\374\003\375\005m6\012\005\305\350"
  69      E826F32F 
  69      FC03FD05 
ARM GAS  /tmp/ccVTI0Xx.s 			page 5


  69      6D360A05 
  69      C5E8
  70 0024 BA93B449 		.ascii	"\272\223\264I\352\013\\\230\024\302\264\204J\253\010"
  70      EA0B5C98 
  70      14C2B484 
  70      4AAB08
  71 0033 A2E22336 		.ascii	"\242\342#6\255u\214Z7\255\322RD\241\270Pp!(\021\\\270"
  71      AD758C5A 
  71      37ADD252 
  71      44A1B850 
  71      70212811 
  72 0049 90C47BBF 		.ascii	"\220\304{\277I4\212\233\0163w\356\363\3343gfl\245\324"
  72      49348A9B 
  72      0E3377EE 
  72      F3DC3367 
  72      666CA5D4 
  73 005d 2829758C 		.ascii	"()u\214\357\207\370\002)\030W^)\225\213\033\2008~\034"
  73      EF87F802 
  73      2918575E 
  73      29958B1B 
  73      80387E1C 
  74 0071 6AD2C024 		.ascii	"j\322\300$.\321UB\263\364i\331\030\271\356\363\021\316"
  74      2ED15542 
  74      B3F469D9 
  74      18B9EEF3 
  74      11CE
  75 0083 7EB78B7E 		.ascii	"~\267\213~\341@\300\343\025\276\344\300=\214p\327\326"
  75      E140C0E3 
  75      15BEE4C0 
  75      3D8C70D7 
  75      D6
  76 0094 F49D802E 		.ascii	"\364\235\200.R@\200\311\341\267\315\352\307A\011\015"
  76      524080C9 
  76      E1B7CDEA 
  76      C741090D 
  77 00a4 0C7358D8 		.ascii	"\014sX\330\232-\022\035\206b\377]\353\346\356`j\321"
  77      9A2D121D 
  77      8662FF5D 
  77      EBE6EE60 
  77      6AD1
  78 00b6 F7F37EB8 		.ascii	"\367\363~\270q\215\374\243\001\021\036\202\030\020\017"
  78      718DFCA3 
  78      01111E82 
  78      18100F
  79 00c5 3084FB18 		.ascii	"0\204\373\030R\234R\250#\305\355s\355\205\227\016\035"
  79      529C52A8 
  79      23C5ED73 
  79      ED85970E 
  79      1D
  80 00d6 D1A34B6B 		.ascii	"\321\243KkA\246;\271\273\250'M<\372w\322TXFJ\332?\334"
  80      41A63BB9 
  80      BBA8274D 
  80      3CFA77D2 
  80      5458464A 
  81 00ed 6D975DDB 		.ascii	"m\227]\333\254\365\330\242\001[\201\235\333\333V\350"
  81      ACF5D8A2 
  81      015B819D 
ARM GAS  /tmp/ccVTI0Xx.s 			page 6


  81      DBDB56E8 
  82 00fd B73B2526 		.ascii	"\267;%&\260\204\316\361}\200\214\030<l\221\030S\214"
  82      B084CEF1 
  82      7D808C18 
  82      3C6C9118 
  82      538C
  83 010f C5C6B6C5 		.ascii	"\305\306\266\305\304$\214\213I\210I\262\2119\342\271"
  83      C4248C8B 
  83      498849B2 
  83      8939E2B9 
  84 011f 10924ACD 		.ascii	"\020\222J\3150:\013\347\207\352<\031\342M\205\3523\362"
  84      303A0BE7 
  84      87EA3C19 
  84      E24D85EA 
  84      33F2
  85 0131 EDE297FA 		.ascii	"\355\342\227\372\200,\255\222Q%H\252\221\210b\021\266"
  85      802CAD92 
  85      512548AA 
  85      91886211 
  85      B6
  86 0142 5268BE8E 		.ascii	"Rh\276\216\211F\244\037n\265\271\271n\3270\237c\241"
  86      8946A41F 
  86      6EB5B9B9 
  86      6ED7309F 
  86      63A1
  87 0154 87038A57 		.ascii	"\207\003\212W\311\305\012?\221\324vJo\337;\336-?*\231"
  87      C9C50A3F 
  87      91D4764A 
  87      6FDF3BDE 
  87      2D3F2A99 
  88 0168 58450D65 		.ascii	"XE\015e\375\002\360\030\036\003O\375,\"B6\3652\352_"
  88      FD02F018 
  88      1E034FFD 
  88      2C224236 
  88      F532EA5F 
  89 017c 66ED093D 		.ascii	"f\355\011=\2015\215.B\341I\204^\351\241w\321\266[\033"
  89      81358D2E 
  89      42E14984 
  89      5EE9A177 
  89      D1B65B1B 
  90 0190 738E50B7 		.ascii	"s\216P\267\261\037!\303pO\253\327\023\323$\354\277X"
  90      B11F21C3 
  90      704FABD7 
  90      13D324EC 
  90      BF58
  91 01a2 F13E44AC 		.ascii	"\361>D\254\376\364%t\332\352g\232\334\023\323$\236j"
  91      FEF42574 
  91      DAEA679A 
  91      DC13D324 
  91      9E6A
  92 01b4 A686306D 		.ascii	"\246\2060mFL\177\364\320\035M$\301\271\346\316\005\235"
  92      464C7FF4 
  92      D01D4D24 
  92      C1B9E6CE 
  92      059D
  93 01c6 EB973CF9 		.ascii	"\353\227<\371?\311y$\211g\335Uo\352\215\272\313\253"
  93      3FC97924 
ARM GAS  /tmp/ccVTI0Xx.s 			page 7


  93      8967DD55 
  93      6FEA8DBA 
  93      CBAB
  94 01d8 A673521A 		.ascii	"\246sR\032\300s\275J4\347\342\312\374\302\015\374.\272"
  94      C073BD4A 
  94      34E7E2CA 
  94      FCC20DFC 
  94      2EBA
  95 01ea 7801AFCC 		.ascii	"x\001\257\314\037\036\323X\207\307\273\325W\344k\235"
  95      1F1ED358 
  95      87C7BBD5 
  95      57E46B9D 
  96 01fa CB7AADFE 		.ascii	"\313z\255\376KfXN\376.\230\351\301t\332\213\316SY\357"
  96      4B66584E 
  96      FE2E98E9 
  96      C174DA8B 
  96      CE5359EF 
  97 020e C4D88497 		.ascii	"\304\330\204\227=\223\361N\217M\2443\212\306\317e\315"
  97      3D93F14E 
  97      8F4DA433 
  97      8AC6CF65 
  97      CD
  98 021f F19367B3 		.ascii	"\361\223g\263\277\000\266\337\012\015"
  98      BF00B6DF 
  98      0A0D
  99              		.text
 100              		.section	.gnu.lto_palSetBusMode.e50cfdf4bc243091,"",%progbits
 101 0000 789C9592 		.ascii	"x\234\225\222\317K\033A\024\307\337w\336f7?\252gi\025"
 101      CF4B1B41 
 101      14C7DF77 
 101      DE66373F 
 101      AA676915 
 102 0014 22548297 		.ascii	"\"T\202\227\354\237\321\277\303FA\304\222b\360\2341"
 102      EC9FD1BF 
 102      C34641C4 
 102      9262F09C 
 102      31
 103 0025 69124B85 		.ascii	"i\022K\205\026Z#\304E\002\022\204\202\264\305\364G\374"
 103      165A23C4 
 103      45021284 
 103      82B4C5F4 
 103      47FC
 104 0037 B9E6D053 		.ascii	"\271\346\320SmQ<\264\324zh\241\320\242b\351Um\337L\332"
 104      6D513CB4 
 104      D47A68A1 
 104      D0A262E9 
 104      556DDF4C 
 105 004c 437B73D8 		.ascii	"C{s\330\231}o\347}?\363\235\307\272D4\246\210\006\344"
 105      997D6FE7 
 105      7D3FF39D 
 105      C7BA4434 
 105      A68806E4 
 106 0060 7D4D2698 		.ascii	"}M&\230\240\036\274%\232\212*\300\004:\012\312+\344"
 106      A01EBC25 
 106      9A8A2AC0 
 106      043A0ACA 
 106      2BE4
ARM GAS  /tmp/ccVTI0Xx.s 			page 8


 107 0072 31C38F18 		.ascii	"1\303\217\030\355\312\327\226\032\\\3222\302\271=\257"
 107      EDCAD796 
 107      1A5CD232 
 107      C2B93DAF 
 108 0082 AC4B3D01 		.ascii	"\254K=\001\023Ue\232\201\025\014J\325\356\235\247\001"
 108      1355659A 
 108      81150C4A 
 108      D5EE9DA7 
 108      01
 109 0093 DFE38001 		.ascii	"\337\343\200\001G\322\037;\265/\335&UHJZ\332\235+3\367"
 109      47D21F3B 
 109      B52FDD26 
 109      55484A5A 
 109      DA9D2B33 
 110 00a8 8124FE70 		.ascii	"\201$\376p\372\370\240;\325\320\272\240\303\203E\326"
 110      FAF8A03B 
 110      D5D0BAA0 
 110      C38345D6 
 111 00b8 D70366BC 		.ascii	"\327\003f\274\000\013\020\317\321\213&zI>\021^\"%\345"
 111      000B10CF 
 111      D18B267A 
 111      493E115E 
 111      2225E5
 112 00cb 3F571A0F 		.ascii	"?W\032\017\023\334o\245\207'\315\371\370\037\351\233"
 112      13DC6FA5 
 112      8727CDF9 
 112      F81FE99B 
 113 00db 86953A78 		.ascii	"\206\225:x\365\277\324!\264\2202\365\237\237]\314v\271"
 113      F5BFD421 
 113      B49032F5 
 113      9F9F5DCC 
 113      76B9
 114 00ed 4EFDAF5D 		.ascii	"N\375\257]\254\302%H\360d/\022\352\213_\025\035\236"
 114      ACC22548 
 114      F0642F12 
 114      EA8B5F15 
 114      1D9E
 115 00ff 35F0E946 		.ascii	"5\360\351FL\211,\302\262\270\216,^\304D.\214\003\017"
 115      4C892CC2 
 115      B2B88E2C 
 115      5EC4442E 
 115      8C030F
 116 0112 1646D3A2 		.ascii	"\026F\323\242\227\336\350\220\356\2622Q1\244\357(\254"
 116      97DEE890 
 116      EEB23251 
 116      31A4EF28 
 116      AC
 117 0123 7E3BCE18 		.ascii	"~;\316\030j\215\225\234W-\265\337y\346\326l\355\256"
 117      6A8D959C 
 117      572DB5DF 
 117      79E6D66C 
 117      EDAE
 118 0135 B7775EBB 		.ascii	"\267w^\273u,LI\353\222\001Gk\354bM,\232\275\375\312"
 118      752C4C49 
 118      EB920147 
 118      6BEC624D 
 118      2C9ABDFD 
ARM GAS  /tmp/ccVTI0Xx.s 			page 9


 119 014a FBC384BF 		.ascii	"\373\303\204\277\254;[1\254\243\216Y\333Rl\300\267\350"
 119      AC3B5B31 
 119      ACA38E59 
 119      DB526CC0 
 119      B7E8
 120 015c 5807CC97 		.ascii	"X\007\314\227\"\305\261iI\346\226\330\372\227\344\\"
 120      22C5B169 
 120      49E696D8 
 120      FA97E45C 
 121 016c 8A944068 		.ascii	"\212\224@hI\312\220\266-\251xZF\007\025\021_\002\244"
 121      49CA90B6 
 121      2DA9785A 
 121      46071511 
 121      5F02A4
 122 017f 239493B6 		.ascii	"#\224\223\266\253\"o\265\216>z\371s\035\015\370J\325"
 122      AB226FB5 
 122      8E3E7AF9 
 122      731D0DF8 
 122      4AD5
 123 0191 18401B79 		.ascii	"\030@\033y\222\316\330r/\340.:A\241\276v\3372\354\317"
 123      92CED872 
 123      2FE02E3A 
 123      41A1BE76 
 123      DF32ECCF 
 124 01a5 332D65D2 		.ascii	"3-e\322K9\342j:\355w\236l\316\037\035\032\367s\023\031"
 124      4B39E26A 
 124      3AED779E 
 124      6CCE1F1D 
 124      1AF77313 
 125 01ba FFF6D078 		.ascii	"\377\366\320x:C|s2\347\334\312\016\217\374\006J\366"
 125      3A437C73 
 125      32E7DCCA 
 125      0E8FFC06 
 125      4AF6
 126 01cc C91B     		.ascii	"\311\033"
 127              		.text
 128              		.section	.gnu.lto_.symbol_nodes.e50cfdf4bc243091,"",%progbits
 129 0000 789C6363 		.ascii	"x\234cc``\010\004b\006\246\026\246z\006\206\011\347"
 129      60600804 
 129      6206A616 
 129      A67A0686 
 129      09E7
 130 0012 181880D4 		.ascii	"\030\030\200\324\256\006G\240H+S=#\252H\033S=\023\212"
 130      AE0647A0 
 130      482B533D 
 130      23AA481B 
 130      533D138A 
 131 0026 08632753 		.ascii	"\010c'S=3X\204\201\241\241\301\201\201\201\231\211\231"
 131      3D335884 
 131      81A1A1C1 
 131      81818199 
 131      8999
 132 0038 61C9C37F 		.ascii	"a\311\303\177\214\014\000->\023\263"
 132      8C0C002D 
 132      3E13B3
 133              		.text
 134              		.section	.gnu.lto_.refs.e50cfdf4bc243091,"",%progbits
ARM GAS  /tmp/ccVTI0Xx.s 			page 10


 135 0000 789C6363 		.ascii	"x\234cc```\004b\006\000\000D\000\010"
 135      60606004 
 135      62060000 
 135      440008
 136              		.text
 137              		.section	.gnu.lto_.decls.e50cfdf4bc243091,"",%progbits
 138 0000 789CBD58 		.ascii	"x\234\275XiP\024I\026\256\254\354\306\246i\300Ew\303"
 138      69501449 
 138      16AEACEC 
 138      C6A669C0 
 138      4577C3
 139 0013 DD310CC2 		.ascii	"\3351\014\302A%f\007Zpb4\366\307\256\243\270\243\241"
 139      41256607 
 139      5A706234 
 139      F6C7AEA3 
 139      B8A3A1
 140 0026 AE46EBC4 		.ascii	"\256F\353\304\204\177\266\247\247i\225\035\240Y\272"
 140      847FB6A7 
 140      A769951D 
 140      A059BA
 141 0035 998889FD 		.ascii	"\231\210\211\375\261\005\335*\236\003x\214\342\205\242"
 141      B105DD2A 
 141      9E03788C 
 141      E285A2
 142 0044 282A8833 		.ascii	"(*\2103\210\"\207\330\"\240\210\007^\203\242\340\001"
 142      882287D8 
 142      22A08807 
 142      5E83A2E0 
 142      01
 143 0055 DE8AA81C 		.ascii	"\336\212\250\034r\355\313\314\252\256\242\245g7b#\246"
 143      72EDCBCC 
 143      AAAEA2A5 
 143      67376223 
 143      A6
 144 0066 82ECAACC 		.ascii	"\202\354\252\314z\371\276\357}\371\362(|8\216\213\030"
 144      7AF9BEEF 
 144      7DF9F228 
 144      7C388E8B 
 144      18
 145 0077 C171D331 		.ascii	"\301q\3231\307\255A\0347\000\227\012\332NA\201&.\010"
 145      C7AD411C 
 145      3700970A 
 145      DA4E4181 
 145      262E08
 146 008a DA5C701F 		.ascii	"\332\\p\037\011wr\221w\037\300s0\224qP\376(\266+\257"
 146      09777291 
 146      771FC073 
 146      30947150 
 146      FE28B62B 
 147 009f C93CC7E9 		.ascii	"\311<\307\351H_\322\217c\375\211\237~\270O\200\262\010"
 147      485FD28F 
 147      63FD899F 
 147      7EB84F80 
 147      B208
 148 00b1 CA6FA08E 		.ascii	"\312o\240\216\240\364\301s\015\024\015b\276\375\340"
 148      A0F4C173 
 148      0D140D62 
ARM GAS  /tmp/ccVTI0Xx.s 			page 11


 148      BEFDE0
 149 00c0 DE0E777F 		.ascii	"\336\016w\177\270\007\020\033\021\217\334\377\344\201"
 149      B807101B 
 149      118FDCFF 
 149      E481
 150 00ce F519E004 		.ascii	"\365\031\340\004\300\375+\005\226\304W\302\351\027\261"
 150      C0FD2B05 
 150      96C457C2 
 150      E917B1
 151 00dd 340ABCFB 		.ascii	"4\012\274\373\"\246\232c\030\004\213\340\276\203z\023"
 151      22A69A63 
 151      18048BE0 
 151      BE837A13 
 152 00ed C7B08245 		.ascii	"\307\260\202E\314\277x`\316\366\2029\322K|.1\266\251"
 152      CCBF7860 
 152      CEF68239 
 152      D24B7C2E 
 152      31B6A9
 153 0100 503E424C 		.ascii	"P>BLS?$\343\202;\267\216\004j\246\007\336\006\214.;"
 153      533F24E3 
 153      823BB78E 
 153      046AA607 
 153      DE068C2E 
 154 0115 0BB6E1D5 		.ascii	"\013\266\341\325\030\005i\221\012\252\257\3522\357\007"
 154      18056991 
 154      0AAAAFEA 
 154      32EF07
 155 0124 4075A416 		.ascii	"@u\244\026\005C5\263\344\31595{\253\201\352@N\301J\015"
 155      054335B3 
 155      E4CD3935 
 155      7BAB81EA 
 155      404EC14A 
 156 0139 E611E978 		.ascii	"\346\021\351x\273&\367 \3518A\213\310\260\006B\323\341"
 156      BB26F720 
 156      E938418B 
 156      C8B00642 
 156      D3E1
 157 014b 67C5DDFE 		.ascii	"g\305\335\376\254\211X$\327Wv\253\3610\372\374jOF\037"
 157      AC895824 
 157      D75776AB 
 157      F130FAFC 
 157      6A4F461F 
 158 015f 0A3F24B0 		.ascii	"\012?$\260K3\213C\305\010K\034\352\277o\3373\014\177"
 158      4B338B43 
 158      C5084B1C 
 158      EABF6FDF 
 158      330C7F
 159 0172 440CF9A6 		.ascii	"D\014\371\246\206\236\306\000\244\015M\025\204\024!"
 159      869EC600 
 159      A40D4D15 
 159      841421
 160 0181 CB21F8CE 		.ascii	"\313!\370\316\344P!\032\215~B\2439T\206B\211\363\023"
 160      E450211A 
 160      8D7E42A3 
 160      39548642 
 160      89F313
 161 0194 289C43C7 		.ascii	"(\234C\307\241\361\0304\346\020\207\025/;&\244\257\020"
ARM GAS  /tmp/ccVTI0Xx.s 			page 12


 161      A1F11834 
 161      E6108715 
 161      2F3B26A4 
 161      AF10
 162 01a6 041E9522 		.ascii	"\004\036\225\"-*A\230\332@\320\023\264\014\"wO\372n"
 162      2D2A4198 
 162      DA40D013 
 162      B40C2277 
 162      4FFA6E
 163 01b9 1F5C8628 		.ascii	"\037\\\206(F\311\326\2263\2747\214\012\257\030\235\307"
 163      46C9D696 
 163      33BC378C 
 163      0AAF189D 
 163      C7
 164 01ca C7562D23 		.ascii	"\307V-#\030'\001\243\\\306\000H\006\342\254\354H\367"
 164      182701A3 
 164      5CC60048 
 164      06E2ACEC 
 164      48F7
 165 01dc C72EAA0F 		.ascii	"\307.\252\017\337\332\355,\364\363\006r\332+\310@\303"
 165      DFDAED2C 
 165      F4F30672 
 165      DA2BC840 
 165      C3
 166 01ed 94B35705 		.ascii	"\224\263W\005!\030\271\000\344\224\014rR\002\271\366"
 166      2118B900 
 166      E4940C72 
 166      5202B9F6 
 167 01fd AA7D5300 		.ascii	"\252}S\000N\306T\326\255\257o?\366e\343\023\252\030"
 167      4EC654D6 
 167      ADAF6F3F 
 167      F665E313 
 167      AA18
 168 020f BD20367A 		.ascii	"\275 6z]\273\036d\3608\225\231n\256?2C\013d\034\377"
 168      5DBB1E64 
 168      F0389599 
 168      6EAE3F32 
 168      430B641C 
 169 0224 53C4D0A1 		.ascii	"S\304\320\241``C\263?^\313z\277p\2664\3731\317\243\240"
 169      606043B3 
 169      3F5ECB7A 
 169      BF70B634 
 169      FB31CFA3 
 170 0239 9AD7D554 		.ascii	"\232\327\325T\244\306\031\354\335\332\015.\227\012\377"
 170      A4C619EC 
 170      DDDA0D2E 
 170      970AFF
 171 0248 C02AD95B 		.ascii	"\300*\331[\322W\250\3616V\311\315H+\320\342\035\254"
 171      D257A8F1 
 171      3656C9CD 
 171      482BD0E2 
 171      1DAC
 172 025a 52DF767E 		.ascii	"R\337v~\273\037K\255\341P=3\320Y\021\310<\362\204\336"
 172      BB1F4BAD 
 172      E1503D33 
 172      D05911C8 
 172      3CF284DE 
ARM GAS  /tmp/ccVTI0Xx.s 			page 13


 173 026e 811BEF7C 		.ascii	"\201\033\357|q\0263\335\373\256\247\215\344\326x\222"
 173      711633DD 
 173      FBAEA78D 
 173      E4D67892 
 174 027e 5B589159 		.ascii	"[X\221Y\343Yf\235\254=\233\243\3039\324\230\317\317"
 174      E359669D 
 174      AC3D9BA3 
 174      C339D498 
 174      CFCF
 175 0290 ECED0D94 		.ascii	"\354\355\015\224\204Ns\010\352P\016]\2040.\221\330\256"
 175      844E7308 
 175      EA500E5D 
 175      84302E91 
 175      D8AE
 176 02a2 436CE3C5 		.ascii	"Cl\343\305\330\256@c\275\2341Ec\212\005a8\272\006:_"
 176      D8AE4063 
 176      BD9C3145 
 176      638A0561 
 176      38BA063A 
 177 02b7 95751E2F 		.ascii	"\225u\036/\312\\\236~\253U\213\2170\210\224K\033_{\205"
 177      CA5C9E7E 
 177      AB558B8F 
 177      3088944B 
 177      1B5F7B85 
 178 02cb 68F00AD1 		.ascii	"h\360\012\321y<\262\222&\314\317\200qC\306\270&\215"
 178      793CB292 
 178      26CCCF80 
 178      7143C6B8 
 178      268D
 179 02dd 654AD7EE 		.ascii	"eJ\327\356R\015>AAT\035\373\217^\017@#BBB\323I\3574"
 179      520D3E41 
 179      41541DFB 
 179      8F5E0F40 
 179      23424242 
 180 02f5 28889787 		.ascii	"(\210\227\207\211C\267\320\010\342\001\335\001\300F"
 180      8943B7D0 
 180      08E201DD 
 180      01C046
 181 0304 14826EA3 		.ascii	"\024\202n\243\020:\203v\023V\2208\023\363\333\037\010"
 181      103A8376 
 181      13569038 
 181      13F3DB1F 
 181      08
 182 0315 C22A1D85 		.ascii	"\302*\035\205\273\011p\244\203\233\246\236\270\210\030"
 182      BB0970A4 
 182      839BA69E 
 182      B88818
 183 0324 EDB67F12 		.ascii	"\355\266\177\022\276E\250H\301\324\370\362\220\306\027"
 183      BE45A848 
 183      C1D4F8F2 
 183      90C617
 184 0333 09AA18CA 		.ascii	"\011\252\030\312\235|-L[b\304\211Q\260\271\253\252v"
 184      9D7C2D4C 
 184      5B62C489 
 184      51B0B9AB 
 184      AA76
 185 0345 3D2DD4A2 		.ascii	"=-\324\242\220\220\221\241\314\355\365\374\240l\207"
ARM GAS  /tmp/ccVTI0Xx.s 			page 14


 185      909091A1 
 185      CCEDF5FC 
 185      A06C87
 186 0354 5033914E 		.ascii	"P3\221N\222:\360{\027\215\224Sm\020\011p\333\221\037"
 186      923AF07B 
 186      178D9453 
 186      6D100970 
 186      DB911F
 187 0367 904C5910 		.ascii	"\220LY\020\364\013\336\2553\2105\344\255\200TJE\210"
 187      F40BDEAD 
 187      338835E4 
 187      AD80544A 
 187      4588
 188 0379 3551E41E 		.ascii	"5Q\344\036(\322\004\2124\213\2120\316\027\362G%C\017"
 188      28D2048A 
 188      348B8A30 
 188      CE17F247 
 188      25430F
 189 038c 62359834 		.ascii	"b5\2304\252;\221Q\350;\022\234&{w\312\015\362\250\310"
 189      AA3B9151 
 189      E83B129C 
 189      267B77CA 
 189      0DF2A8C8 
 190 03a0 DF2096BF 		.ascii	"\337 \226\277\316\323\327\216\352p9K\330\226\332\303"
 190      CED3D78E 
 190      EA70394B 
 190      D896DAC3 
 191 03b0 291AEC62 		.ascii	")\032\354b\225\035u\371\265j\\\305*%\007\363\353y|\236"
 191      951D75F9 
 191      B56A5CC5 
 191      2A2507F3 
 191      EB797C9E 
 192 03c4 550E15B7 		.ascii	"U\016\025\267\255F\370*\253\274Zq\330\216o\261g\347"
 192      AD46F82A 
 192      ABBC5A71 
 192      D88E6FB1 
 192      67E7
 193 03d6 F6B48B3C 		.ascii	"\366\264\213<\363\3751T7\255\334\326\254bS\245\231L"
 193      F3FD3154 
 193      37ADDCD6 
 193      AC6253A5 
 193      994C
 194 03e8 8E1FAFEF 		.ascii	"\216\037\257\357/\321\340\273\324\326\277\273\356\301"
 194      2FD1E0BB 
 194      D4D6BFBB 
 194      EEC1
 195 03f6 D340501C 		.ascii	"\323@P\0342\005\256P\362\263[p:\204\212\326<Q\372\032"
 195      3205AE50 
 195      F2B35B70 
 195      3A848AD6 
 195      3C51FA1A 
 196 040a 90FE3188 		.ascii	"\220\3761\210\331\006\242\016\026\263\0201\355\211\271"
 196      D906A20E 
 196      16B31031 
 196      ED89B9
 197 0419 2B3C53A8 		.ascii	"+<S\250pbj\335\342i\375\000\311\346r:\202N\317\300\342"
 197      70626ADD 
ARM GAS  /tmp/ccVTI0Xx.s 			page 15


 197      E269FD00 
 197      C9E6723A 
 197      824ECFC0 
 198 042e 297DD926 		.ascii	")}\331&\246c\007\210\337\011R\275\200\322\015\345\015"
 198      A6630788 
 198      DF0952BD 
 198      80D20DE5 
 198      0D
 199 043f 9476282F 		.ascii	"\224v(/\241\274\203\362\032\312[(]P^\271S\2260\270\251"
 199      A1BC83F2 
 199      1ACA5B28 
 199      5D505EB9 
 199      539630B8 
 200 0454 97193CF7 		.ascii	"\227\031<\367dp\006)r\205X\277\013\223\255[\207\346"
 200      64700629 
 200      728558BF 
 200      0B93AD5B 
 200      87E6
 201 0466 ABB07629 		.ascii	"\253\260v)|\327zZ\237C\236b\264+\234?\3644?\372\236"
 201      7CD77A5A 
 201      9F439E62 
 201      B42B9C3F 
 201      F4343FFA 
 202 047b F93985F7 		.ascii	"\3719\205\367\263\236\346U2\0271\021\363\202h\"\266"
 202      B39EE655 
 202      32173111 
 202      F3826822 
 202      B6
 203 048c 0D9E3DCC 		.ascii	"\015\236=\314\325\035\345\250=\031r\324\024a\325+\200"
 203      D51DE5A8 
 203      3D1972D4 
 203      1461D52B 
 203      80
 204 049d AB870656 		.ascii	"\253\207\006V\362|\242\010\353\321\320aI\316a\036\366"
 204      F27CA208 
 204      EBD1D061 
 204      49CE611E 
 204      F6
 205 04ae E76B99F9 		.ascii	"\347k\231\371}\230\002\347\207\026\215\232CJV\324u\025"
 205      7D9802E7 
 205      87168D9A 
 205      434A56D4 
 205      7515
 206 04c0 AA710B5B 		.ascii	"\252q\013[\037\313J\035\237\240\320\021,\332\326\303"
 206      1FCB4A1D 
 206      9FA0D011 
 206      2CDAD6C3 
 207 04d0 3E64A9E8 		.ascii	">d\251\350\203\276=\362\232Gb\367\222J\250\0272\350"
 207      83BE3DF2 
 207      9A4762F7 
 207      924AA817 
 207      32E8
 208 04e2 FFC926A0 		.ascii	"\377\311&\240\263\357|\317\003\255n\225{\257\245\360"
 208      B3EF7CCF 
 208      03AD6E95 
 208      7BAFA5F0 
 209 04f2 F29CEE47 		.ascii	"\362\234\356G:\221\010\330\036[\271\371\241?ng\3243"
ARM GAS  /tmp/ccVTI0Xx.s 			page 16


 209      3A9108D8 
 209      1E5BB9F9 
 209      A13F6E67 
 209      D433
 210 0504 AB7764F9 		.ascii	"\253wd\371\242P\235\270\314\325\016'\353\001J\346uh"
 210      A2509DB8 
 210      CCD50E27 
 210      EB014AE6 
 210      7568
 211 0516 40260FDD 		.ascii	"@&\017\335\341\346\305;\022\370\320\301\000=\21764 "
 211      E1E6C53B 
 211      12F8D0C1 
 211      003D8F36 
 211      3420
 212 0528 369B7564 		.ascii	"6\233ud\225/iH\017\024g3y\375f\375\315\246\000\334\207"
 212      952F6948 
 212      0F146733 
 212      79FD66FD 
 212      CDA600DC 
 213 053d 071DA316 		.ascii	"\007\035\243\026\275\177\214Z\3046\273g\227.^A\330\251"
 213      BD7F8C5A 
 213      C436BB67 
 213      972E5E41 
 213      D8A9
 214 054f A2746FB6 		.ascii	"\242to\266_\306\336\016\025+\201\307\"q#Z\316\217F\313"
 214      5FC6DE0E 
 214      152B81C7 
 214      2271235A 
 214      CE8F46CB 
 215 0563 786923BA 		.ascii	"xi#\272\270\352\303g\375\344P\221\312k\321\012\336\035"
 215      B8EAC367 
 215      FDE45091 
 215      CA6BD10A 
 215      DE1D
 216 0575 D722B60F 		.ascii	"\327\"\266\017\251\017\026\254s\006\302\326\003\213"
 216      A90F16AC 
 216      7306C2D6 
 216      038B
 217 0583 C9A01172 		.ascii	"\311\240\021r\200\227\024\236\010\270\212g\303\263\006"
 217      8097149E 
 217      08B88A67 
 217      C3B306
 218 0592 3056F321 		.ascii	"0V\363!h\035\224\265\274r\377\251\316\305\375\331\353"
 218      681D94B5 
 218      BC72FFA9 
 218      CEC5FDD9 
 218      EB
 219 05a3 D60A592E 		.ascii	"\326\012Y.&_%\310Gz\015\221\312\214\324\365\235lV\200"
 219      265F25C8 
 219      477A0D91 
 219      CA8CD4F5 
 219      9D6C5680 
 220 05b7 D1E05941 		.ascii	"\321\340YA\274U\345\212\263\2020v\362\036\256\006e."
 220      BC55E58A 
 220      B3823076 
 220      F21EAE06 
 220      652E
ARM GAS  /tmp/ccVTI0Xx.s 			page 17


 221 05c9 31BF17CA 		.ascii	"1\277\027\312\022\227\034\232\212\206\004f\263\002\344"
 221      12971C9A 
 221      8A860466 
 221      B302E4
 222 05d8 ECCE7DFD 		.ascii	"\354\316}\375\006\343}j*\347\212\362\316B\354\316\334"
 222      06E37D6A 
 222      2AE78AF2 
 222      CE42ECCE 
 222      DC
 223 05e9 0BB93473 		.ascii	"\013\2714s\323\241\363\367\262H\204\237G\346J\272\240"
 223      D3A1F3F7 
 223      B248849F 
 223      47E64ABA 
 223      A0
 224 05fa 3490E397 		.ascii	"4\220\343\227\244\001\274'U\216j^\231\231\351\27423"
 224      A401BC27 
 224      558E6A5E 
 224      9999E9BC 
 224      3233
 225 060c 3378925A 		.ascii	"3x\222Z\364\016\306\007\352r{U8\217\221\353\250|\230"
 225      F40EC607 
 225      EA727B55 
 225      388F91EB 
 225      A87C98
 226 061f ADF136D8 		.ascii	"\255\3616\330\033y\357'\310\217\317\321\023\344\006"
 226      1B79EF27 
 226      C88FCFD1 
 226      13E406
 227 062e 906E3DEF 		.ascii	"\220n=\357q\202$\255\344<\327\323\370\222o\202#\004"
 227      718224AD 
 227      E43CD7D3 
 227      F8926F82 
 227      2304
 228 0640 7C22A0E1 		.ascii	"|\"\240\341\224+B\354\027\356\244\320\372\200t!\326"
 228      942B42EC 
 228      17EEA4D0 
 228      FA807421 
 228      D6
 229 0651 0EAD3CBB 		.ascii	"\016\255<\273\211\246\244\"uA\356\026^\364\301K~\351"
 229      89A6A422 
 229      7541EE16 
 229      5EF4C14B 
 229      7EE9
 230 0663 9FE80029 		.ascii	"\237\350\000)\275\262\367\014N\2728f\317\370H\375D\023"
 230      BDB2F70C 
 230      4EBA3866 
 230      CFF848FD 
 230      4413
 231 0675 E25A0253 		.ascii	"\342Z\002Sty\217+\347~\355&%\007\211\304\241i<\334V"
 231      74798F2B 
 231      E77EED26 
 231      250789C4 
 231      A1693CDC 
 232 068a A36E86F3 		.ascii	"\243n\206\363\024\314\204\000.M\023G\347\333\335\372"
 232      14CC8400 
 232      2E4D1347 
 232      E7DBDDFA 
ARM GAS  /tmp/ccVTI0Xx.s 			page 18


 233 069a D23E0D2E 		.ascii	"\322>\015.\242c\200\036vv\234\362U\361l\200P\274\212"
 233      A263801E 
 233      76769CF2 
 233      55F16C80 
 233      50BC8A
 234 06ad B4A5390E 		.ascii	"\264\2459\016\224\252Gm\242\011\341\020\206\3634\353"
 234      94AA476D 
 234      A209E110 
 234      86F334EB 
 235 06bd A4A31387 		.ascii	"\244\243\023\2072\371Q\360\273\205W1\220\232\247\256"
 235      32F951F0 
 235      BB855731 
 235      909AA7AE 
 236 06cd 1ECDD82C 		.ascii	"\036\315\330,!\253\031\346\341q\274\362\364\012\230"
 236      21AB19E6 
 236      E171BCF2 
 236      F40A98
 237 06dc 23682A31 		.ascii	"#h*1C\233\345\321\201G\370\375\201oFh\023\014\014\207"
 237      439BE5D1 
 237      8147F8FD 
 237      816F4668 
 237      130C0C87 
 238 06f0 B6F263C9 		.ascii	"\266\362c\311\272\266\331Q\353\207\033\031\231\345\325"
 238      BAB6D951 
 238      EB871B19 
 238      99E5D5
 239 06ff 575CC328 		.ascii	"W\\\303(\031\202\310\310t\2446>\367q\023\334\316\323"
 239      1982C8C8 
 239      74A4363E 
 239      F77113DC 
 239      CED3
 240 0711 C6A32F9B 		.ascii	"\306\243/\233\256\006(\031~\365;\005\301\235\224\340"
 240      AE062819 
 240      7EF53B05 
 240      C19D94E0 
 241 0721 0E89E08E 		.ascii	"\016\211\340\216\267\217V\005\212\004\257o\325\301D"
 241      B78F5605 
 241      8A04AF6F 
 241      D5C144
 242 0730 4A11C8A1 		.ascii	"J\021\310\241\025\314\3206\231\3406O\202Y\224`\337\235"
 242      15CCD036 
 242      99E0364F 
 242      82599460 
 242      DF9D
 243 0742 FBED3C7E 		.ascii	"\373\355<~\304\010\036\2539\231\252\245dH\3561\2029"
 243      C4081EAB 
 243      3999AAA5 
 243      6448EE31 
 243      8239
 244 0754 BD5B6FAB 		.ascii	"\275[o\253\334\004w3\202\302\225C\267\003\275\022\334"
 244      DC047733 
 244      82C29543 
 244      B703BD12 
 244      DC
 245 0765 4309664B 		.ascii	"C\011fK\004\263\322\313\366\373\213\004\317\215q\363"
 245      04B3D2CB 
 245      F6FB8B04 
ARM GAS  /tmp/ccVTI0Xx.s 			page 19


 245      CF8D71F3 
 246 0775 032BB44B 		.ascii	"\003+\264K\346\267\313\223\337^\312\357\371^\307\372"
 246      E6B7CB93 
 246      DF5ECAEF 
 246      F95EC7FA 
 247 0785 40DCE19D 		.ascii	"@\334\341\235\337\300\226u\331>nQ\3671~\265-U\265l\330"
 247      DFC09675 
 247      D93E6E51 
 247      F7317EB5 
 247      2D55B56C 
 248 079a C952B69F 		.ascii	"\311R\266\2375^=\360\346\317^9\037\240\234s%\316\033"
 248      355E3DF0 
 248      E6CF5E39 
 248      1FA09C73 
 248      25CE1B
 249 07ad 8E5596F9 		.ascii	"\216U\226\371\002\347f:!\203{\013\036\011\251Zj\205"
 249      02E7663A 
 249      21837B0B 
 249      1E09A95A 
 249      6A85
 250 07bf 7264CE39 		.ascii	"rd\3169<\373\006F\007)\327\206\215w\340\000\260"
 250      3CFB0646 
 250      0729D786 
 250      8D77E000 
 250      B0
 251 07d0 C68772BD 		.ascii	"\306\207r\275\321\340,\0267\021?B\375\356\306\223\276"
 251      D1E02C16 
 251      37113F42 
 251      FDEEC693 
 251      BE
 252 07e1 6C13F999 		.ascii	"l\023\371\231\274\336U\367z\223\026g2\333\276\266K}"
 252      BCDE55F7 
 252      7A931667 
 252      32DBBEB6 
 252      4B7D
 253 07f3 3A664B26 		.ascii	":fK&wO\315\362\235\210|\353\011\342\222\003\355\362"
 253      774FCDF2 
 253      9D887CEB 
 253      09E29203 
 253      EDF2
 254 0805 8A738487 		.ascii	"\212s\204\207u\000\026ET\300\323\357\274k]e\357t8\233"
 254      75001645 
 254      54C0D3EF 
 254      BC6B5D65 
 254      EF74389B 
 255 0819 7A521D72 		.ascii	"zR\035r\034hS\241\320\321\010\314\2216G\372^\347P\021"
 255      1C6853A1 
 255      D0D108CC 
 255      913647FA 
 255      5EE75011 
 256 082d 08F6A348 		.ascii	"\010\366\243H\027\256L\001\334\267\375\2334\303\263"
 256      17AE4C01 
 256      DCB7FD9B 
 256      34C3B3
 257 083c 86DEE93A 		.ascii	"\206\336\351:%d\013x\024\207&\215F\023a\225\372\011"
 257      25640B78 
 257      1487268D 
ARM GAS  /tmp/ccVTI0Xx.s 			page 20


 257      46136195 
 257      FA09
 258 084e 56A9228A 		.ascii	"V\251\"\212w\024\226\314B\006X^[\337\020\020\224&.\250"
 258      771496CC 
 258      4206585E 
 258      5BDF1010 
 258      94262EA8 
 259 0862 5311F59D 		.ascii	"S\021\365\235\017\357\363\350Vs\214\017\222X\022\353"
 259      0FEFF3E8 
 259      56738C0F 
 259      925812EB 
 260 0872 23DB6ABA 		.ascii	"#\333j\272}\265\242\357\324\377\346\373\352\2355\323"
 260      7DB5A2EF 
 260      D4FFE6FB 
 260      EA9D35D3 
 261 0882 95AE8FFF 		.ascii	"\225\256\217\377\222\353\372\323y\273\206\215\313\026"
 261      92EBFAD3 
 261      79BB868D 
 261      CB16
 262 0890 2E55D0A9 		.ascii	".U\320\251\271\372\276SH^\016;R1\037\204\016\303(\301"
 262      B9FABE53 
 262      485E0E3B 
 262      52311F84 
 262      0EC328C1 
 263 08a4 1454743E 		.ascii	"\024Tt>\004-\177\207\017\262\023\3748\350\3738'{\217"
 263      042D7F87 
 263      0FB213FC 
 263      38E8FB38 
 263      277B8F
 264 08b7 16EF67FA 		.ascii	"\026\357g\372;\016\225\027\251\275\012^*\011\236\307"
 264      3B0E9517 
 264      A9BD0A5E 
 264      2A099EC7 
 265 08c7 38BE7896 		.ascii	"8\276x\226sP\355\031\277\274\325\226Q\222\245\022\311"
 265      7350ED19 
 265      BFBCD596 
 265      5192A512 
 265      C9
 266 08d8 A2AA2D6F 		.ascii	"\242\252-o\265\236!y\265n\316\313nU\211!\335\373 9\253"
 266      B59E2179 
 266      B56ECECB 
 266      6E558921 
 266      DDFB2039 
 267 08ed 22391895 		.ascii	"\"9\030\225\213\341\300\204Ut,\021\3039I\303);\330\365"
 267      8BE1C084 
 267      55742C11 
 267      C33949C3 
 267      293BD8F5 
 268 0901 52A7DCA5 		.ascii	"R\247\334\245H\246\312!T\210\273T\005\335\245\326\364"
 268      48A6CA21 
 268      5488BB54 
 268      05DDA5D6 
 268      F4
 269 0912 56D6235C 		.ascii	"V\326#\\$\346^cr\277\370\351\022@\246\323\343\206l1"
 269      24E65E63 
 269      72BFF8E9 
 269      1240A6D3 
ARM GAS  /tmp/ccVTI0Xx.s 			page 21


 269      E3866C31 
 270 0926 4FDBE8FF 		.ascii	"O\333\350\377\003\236\024\237\026\377\203\344O\276d"
 270      039E149F 
 270      16FF83E4 
 270      4FBE64
 271 0935 5C7B5EF8 		.ascii	"\\{^\370zU\352\214\244T%SJpt\266\352<\225:\015!\270"
 271      7A55EA8C 
 271      A4542553 
 271      4A7074B6 
 271      EA3C953A 
 272 094c 68085534 		.ascii	"h\010U4\3663R\354\373\\\316\222\367\224\362j\335\272"
 272      F63352EC 
 272      FB5CCE92 
 272      F794F26A 
 272      DDBA
 273 095e EC788B9F 		.ascii	"\354x\213\237\250\324\3151L\251jQ)X:\024\035O\211J\325"
 273      A8D4CD31 
 273      4CA96A51 
 273      29583A14 
 273      1D4F894A 
 274 0973 F0E33855 		.ascii	"\360\3438U\234\311\366\315\357\303\303\365\354\317j"
 274      9CC9F6CD 
 274      EFC3C3F5 
 274      ECCF6A
 275 0982 D32F35C5 		.ascii	"\323/5\305\352m\211f}\202)6\334\254\371\374o_\004O\217"
 275      EA6D8966 
 275      7D822936 
 275      DCACF9FC 
 275      6F5F044F 
 276 0997 88E0B446 		.ascii	"\210\340\264FcRL\274}R\244\321\276\034\351\227Z\343"
 276      63524CBC 
 276      7D52A4D1 
 276      BE1CE997 
 276      5AE3
 277 09a9 2C7A93D9 		.ascii	",z\223\331f\011\2135}\255\217\262\232\223\342,\361v"
 277      66098B35 
 277      7DAD8FB2 
 277      9A93E22C 
 277      F176
 278 09bb 9B7EA1C5 		.ascii	"\233~\241\305\0247[?\303\034\033\223`\263\030-a\011"
 278      14375B3F 
 278      C31C1B93 
 278      60B3182D 
 278      6109
 279 09cd 49E66F22 		.ascii	"I\346o\"\365\013\255\326X\233~\211\331\034fJ\214\013"
 279      F50BADD6 
 279      589B7E89 
 279      D91C664A 
 279      8C0B
 280 09df 8BB7C65B 		.ascii	"\213\267\306[\302,\246\257c\302&\207EN\214\230\034\366"
 280      C22CA6AF 
 280      63C22687 
 280      454E8C98 
 280      1CF6
 281 09f1 CF4FC2E2 		.ascii	"\317O\302\342L\377\260&\352\007\275\325\307\304\233"
 281      4CFFB026 
 281      EA07BDD5 
ARM GAS  /tmp/ccVTI0Xx.s 			page 22


 281      C7C49B
 282 0a00 6393A22D 		.ascii	"c\223\242-\3728\223yiL\274Eo\214\266,6%\305\332\215"
 282      FA389379 
 282      694CBC45 
 282      6F8CB62C 
 282      3625C5DA 
 283 0a15 F6EF122C 		.ascii	"\366\357\022,\266\360\245\234F\"\364\257_\225\217\355"
 283      B6F0A59C 
 283      4622F4AF 
 283      5F958FED 
 284 0a25 3B9BDE68 		.ascii	";\233\336h\263G\0038\220\320\305X\023\254\211v\242\242"
 284      B3470338 
 284      90D0C558 
 284      13AC8976 
 284      A2A2
 285 0a37 D11EE1A9 		.ascii	"\321\036\341\251#ye\323/X8wR\244~\316\234(\375\347\363"
 285      237965D3 
 285      2F583877 
 285      52A47ECE 
 285      9C28FDE7 
 286 0a4c 67CDFB36 		.ascii	"g\315\3736\222Hk\214\215\215\206\356>\304\"&Z\365\331"
 286      92486B8C 
 286      8D8D86EE 
 286      3EC42226 
 286      5AF5D9
 287 0a5f 5F0D33C9 		.ascii	"_\0153\311\317\034\325\234\351\263\015\252i\013\014"
 287      CF1CD59C 
 287      E9B30DAA 
 287      690B0C
 288 0a6e 06F4259A 		.ascii	"\006\364%\232\2516\307ZL\211\242\366\021\237\032\355"
 288      A936C75A 
 288      4C89A2F6 
 288      119F1AED 
 289 0a7e 1AE901DB 		.ascii	"\032\351\001\333,v</\312\200gE\031\324\363\277\230\037"
 289      2C763C2F 
 289      CA806745 
 289      19D4F3BF 
 289      981F
 290 0a90 6518366F 		.ascii	"e\0306o\301\374\0313\242\014>\363\026.\232?\303\240"
 290      C1FC1933 
 290      A20C3EF3 
 290      162E9A3F 
 290      C3A0
 291 0aa2 9E3B2F6A 		.ascii	"\236;/j\206\001O3\030t6{\034\310\264$!\306j\264k\031"
 291      86014F33 
 291      1874367B 
 291      1CC8B424 
 291      21C66AB4 
 292 0ab8 DF9868A3 		.ascii	"\337\230h\243\335\307\272x1x\321\021\227\306\305&\233"
 292      DDC7BA78 
 292      3178D111 
 292      97C6C526 
 292      9B
 293 0ac9 7D8AD1FE 		.ascii	"}\212\321\376\355\257+\245\244\342\030O\341$\013\222"
 293      EDAF2BA5 
 293      A4E2184F 
 293      E1240B92 
ARM GAS  /tmp/ccVTI0Xx.s 			page 23


 294 0ad9 844B39F5 		.ascii	"\204K9\365\254y\323\222l\232\030k\2345\332\0021@\253"
 294      AC79D392 
 294      6C9A186B 
 294      9C35DA02 
 294      3140AB
 295 0aec C1628A86 		.ascii	"\301b\212\206\266?x\315\\\316\017n_&\306\330-`\346\017"
 295      B63F78CD 
 295      5CCE0F6E 
 295      5F26C6D8 
 295      2D60E60F 
 296 0b00 CF0B2C76 		.ascii	"\317\013,vx\232\013\036~k\024\007\300\010\341/I\264"
 296      789A0B1E 
 296      7E6B1407 
 296      C008E12F 
 296      49B4
 297 0b12 262510BF 		.ascii	"&%\020\277\376F\343\342\244x\263\321\030>e\342\247\221"
 297      FE46E3E2 
 297      A478B3D1 
 297      183E65E2 
 297      A791
 298 0b24 1AA9A632 		.ascii	"\032\251\2462/5%\016z7YY\233\034\371\037\270\365u\247"
 298      2F35250E 
 298      7A375959 
 298      9B1CF91F 
 298      B8F575A7 
 299              		.text
 300              		.section	.gnu.lto_.symtab.e50cfdf4bc243091,"",%progbits
 301 0000 70616C52 		.ascii	"palReadBus\000"
 301      65616442 
 301      757300
 302 000b 00       		.ascii	"\000"
 303 000c 00       		.ascii	"\000"
 304 000d 00       		.ascii	"\000"
 305 000e 00000000 		.ascii	"\000\000\000\000\000\000\000\000"
 305      00000000 
 306 0016 1B010000 		.ascii	"\033\001\000\000"
 307 001a 70616C57 		.ascii	"palWriteBus\000"
 307      72697465 
 307      42757300 
 308 0026 00       		.ascii	"\000"
 309 0027 00       		.ascii	"\000"
 310 0028 00       		.ascii	"\000"
 311 0029 00000000 		.ascii	"\000\000\000\000\000\000\000\000"
 311      00000000 
 312 0031 20010000 		.ascii	" \001\000\000"
 313 0035 70616C53 		.ascii	"palSetBusMode\000"
 313      65744275 
 313      734D6F64 
 313      6500
 314 0043 00       		.ascii	"\000"
 315 0044 00       		.ascii	"\000"
 316 0045 00       		.ascii	"\000"
 317 0046 00000000 		.ascii	"\000\000\000\000\000\000\000\000"
 317      00000000 
 318 004e 25010000 		.ascii	"%\001\000\000"
 319 0052 5F70616C 		.ascii	"_pal_lld_setgroupmode\000"
 319      5F6C6C64 
ARM GAS  /tmp/ccVTI0Xx.s 			page 24


 319      5F736574 
 319      67726F75 
 319      706D6F64 
 320 0068 00       		.ascii	"\000"
 321 0069 02       		.ascii	"\002"
 322 006a 00       		.ascii	"\000"
 323 006b 00000000 		.ascii	"\000\000\000\000\000\000\000\000"
 323      00000000 
 324 0073 2B010000 		.ascii	"+\001\000\000"
 325              		.text
 326              		.section	.gnu.lto_.opts,"",%progbits
 327 0000 272D666D 		.ascii	"'-fmath-errno' '-fsigned-zeros' '-ftrapping-math' '"
 327      6174682D 
 327      6572726E 
 327      6F272027 
 327      2D667369 
 328 0033 2D666E6F 		.ascii	"-fno-trapv' '-fno-openmp' '-fno-openacc' '-mcpu=cor"
 328      2D747261 
 328      70762720 
 328      272D666E 
 328      6F2D6F70 
 329 0066 7465782D 		.ascii	"tex-m4' '-mfloat-abi=hard' '-mfpu=fpv4-sp-d16' '-mn"
 329      6D342720 
 329      272D6D66 
 329      6C6F6174 
 329      2D616269 
 330 0099 6F2D7468 		.ascii	"o-thumb-interwork' '-mthumb' '-O2' '-fomit-frame-po"
 330      756D622D 
 330      696E7465 
 330      72776F72 
 330      6B272027 
 331 00cc 696E7465 		.ascii	"inter' '-falign-functions=16' '-ffunction-sections'"
 331      72272027 
 331      2D66616C 
 331      69676E2D 
 331      66756E63 
 332 00ff 20272D66 		.ascii	" '-fdata-sections' '-fno-common' '-flto' '-fsingle-"
 332      64617461 
 332      2D736563 
 332      74696F6E 
 332      73272027 
 333 0132 70726563 		.ascii	"precision-constant'\000"
 333      6973696F 
 333      6E2D636F 
 333      6E737461 
 333      6E742700 
 334              		.text
 335              		.comm	__gnu_lto_v1,1,1
 336              		.comm	__gnu_lto_slim,1,1
 337              		.ident	"GCC: (GNU Tools for Arm Embedded Processors 7-2017-q4-major) 7.2.1 20170904 (release) [ARM
ARM GAS  /tmp/ccVTI0Xx.s 			page 25


DEFINED SYMBOLS
                            *ABS*:0000000000000000 pal.c
                            *COM*:0000000000000001 __gnu_lto_v1
                            *COM*:0000000000000001 __gnu_lto_slim

NO UNDEFINED SYMBOLS
