ARM GAS  /tmp/ccs9OKfw.s 			page 1


   1              		.cpu cortex-m0
   2              		.eabi_attribute 20, 1
   3              		.eabi_attribute 21, 1
   4              		.eabi_attribute 23, 3
   5              		.eabi_attribute 24, 1
   6              		.eabi_attribute 25, 1
   7              		.eabi_attribute 26, 1
   8              		.eabi_attribute 30, 2
   9              		.eabi_attribute 34, 0
  10              		.eabi_attribute 18, 4
  11              		.file	"chmempools.c"
  12              		.section	.gnu.lto_.profile.adb9c76ac5e04845,"",%progbits
  13 0000 789C6363 		.ascii	"x\234cc```\001bF\206\030s\000\001g\000\237"
  13      60606001 
  13      62468618 
  13      73000167 
  13      009F
  14              		.text
  15              		.section	.gnu.lto_.icf.adb9c76ac5e04845,"",%progbits
  16 0000 789C6363 		.ascii	"x\234cc``\320a@\000v\206[\273\037\274\343g\334\275\360"
  16      6060D061 
  16      40007686 
  16      5BBB1FBC 
  16      E367DCBD 
  17 0015 FD0D2EA6 		.ascii	"\375\015.\246\203\257\326_\345dn\377\360j\015\027\313"
  17      83AFD65F 
  17      E5646EFF 
  17      F06A0D17 
  17      CB
  18 0026 AE8FDB1F 		.ascii	"\256\217\333\037\260\263\356h\333\361\207\221\355\320"
  18      B0B3EE68 
  18      DBF18791 
  18      EDD0
  19 0034 D48B5F98 		.ascii	"\324\213_\230\030\000\011F\026\227"
  19      18000946 
  19      1697
  20              		.text
  21              		.section	.gnu.lto_.jmpfuncs.adb9c76ac5e04845,"",%progbits
  22 0000 789C5D8C 		.ascii	"x\234]\214\261\015\2000\014\004\357\355\220\224\354"
  22      B10D8030 
  22      0C04EFED 
  22      9094EC
  23 000f C366544C 		.ascii	"\303fTLA\3070\331\014\354\"\"\312K_\370\317\272\012"
  23      41C730D9 
  23      0CEC2222 
  23      CA4B5FF8 
  23      CFBA0A
  24 0022 DCFC6948 		.ascii	"\334\374iH\272\036\307@\275\210\350\033\331\341\350"
  24      BA1EC740 
  24      BD88E81B 
  24      D9E1E8
  25 0031 C883B6C4 		.ascii	"\310\203\266\304\321|3\233\027\317\325\207\300N\264"
  25      D17C339B 
  25      17CFD587 
  25      C04EB4
  26 0040 38CAC456 		.ascii	"8\312\304V\377f\222\017Q\235\017>\024\253\"5"
  26      FF66920F 
ARM GAS  /tmp/ccs9OKfw.s 			page 2


  26      519D0F3E 
  26      14AB2235 
  27              		.text
  28              		.section	.gnu.lto_.inline.adb9c76ac5e04845,"",%progbits
  29 0000 789C6D8E 		.ascii	"x\234m\216\255n\002Q\024\204g\316\271?\013\354\206E"
  29      AD6E0251 
  29      148467CE 
  29      B93F0BEC 
  29      8645
  30 0012 61485855 		.ascii	"aHXUT\221\353\232\364\011\352y\005x\016\010\011\242"
  30      5491EB9A 
  30      F409EA79 
  30      05780E08 
  30      09A2
  31 0024 154D1392 		.ascii	"\025M\023\222\212\212\232\352\0324\266\002$\026T%\217"
  31      8A8A9AEA 
  31      1A34B602 
  31      24165425 
  31      8F
  32 0035 C0BDBBB0 		.ascii	"\300\275\273\260\212+\3169\311\334\231o\034\200\007"
  32      8A2BCE39 
  32      C9DC996F 
  32      1C8007
  33 0044 A2791E48 		.ascii	"\242y\036H\3734(f\357\312\217\371v\347W\372\251B\360"
  33      FB342866 
  33      EFCA8FF9 
  33      76E757FA 
  33      A942F0
  34 0057 97037D46 		.ascii	"\227\003}F1\275\035\304u\026.\370\334\327P\300\177\237"
  34      31BD1DC4 
  34      75162EF8 
  34      DCD750C0 
  34      7F9F
  35 0069 0BEC7294 		.ascii	"\013\354r\224\203G_\030\251W\314\265=\030\360\355\205"
  35      83475F18 
  35      A957CCB5 
  35      3D18F0ED 
  35      85
  36 007a 709610DD 		.ascii	"p\226\020\335\364\321:\224\022%A\366DJ\210\202\364N"
  36      F4D13A94 
  36      122541F6 
  36      444A8882 
  36      F44E
  37 008c AF0EADC5 		.ascii	"\257\016\255\3057\005\321\246\350\264\251\241\014\307"
  37      3705D1A6 
  37      E8B4A9A1 
  37      0CC7
  38 009a 034584D7 		.ascii	"\003E\204\327;Pq\217\252\177\335@Y[S\005k\212$2\015"
  38      3B50718F 
  38      AA7FDD40 
  38      595B5305 
  38      6B8A2432 
  39 00af B24E60A6 		.ascii	"\262N`\246\253\011\222\237\307\233\024\025\033\333\260"
  39      AB09929F 
  39      C79B1415 
  39      1BDBB0
  40 00be CE33B2EF 		.ascii	"\3163\262\357\"9\217\253@S\317\370\325!\361\301\355"
ARM GAS  /tmp/ccs9OKfw.s 			page 3


  40      22398FAB 
  40      4053CFF8 
  40      D521F1C1 
  40      ED
  41 00cf 0F65D318 		.ascii	"\017e\323\030\027>\363#\344"
  41      173EF323 
  41      E4
  42              		.text
  43              		.section	.gnu.lto_.pureconst.adb9c76ac5e04845,"",%progbits
  44 0000 789C6363 		.ascii	"x\234cc``\020\002bv\006IF)\246]\214\314R,\273\030Y\245"
  44      60601002 
  44      62760649 
  44      4629A65D 
  44      8CCC522C 
  45 0018 D8763102 		.ascii	"\330v1\002\000\026\364\002\315"
  45      0016F402 
  45      CD
  46              		.text
  47              		.section	.gnu.lto_chPoolAllocI.part.0.adb9c76ac5e04845,"",%progbits
  48 0000 789C8D52 		.ascii	"x\234\215R\317k\023A\024~\337\274\331\335\324\037\025"
  48      CF6B1341 
  48      147EDFBC 
  48      D9DDD41F 
  48      15
  49 0011 8AC71C02 		.ascii	"\212\307\034\002\332\226z\310\376\005\336\375;\014E"
  49      DA967AC8 
  49      FE05DEFD 
  49      3B0C45
  50 0020 298684C6 		.ascii	")\206\204\306{\247iBRZ\241\007[!,\272\245J\351AT\374"
  50      7BA76942 
  50      525AA107 
  50      5B212CBA 
  50      A54AE941 
  51 0036 5563D550 		.ascii	"Uc\325Pi\021$\225\210\007\321RP\261X\021\261\010\036"
  51      69112495 
  51      8807D152 
  51      50B15811 
  51      B1081E
  52 0049 1452DFCC 		.ascii	"\024R\337\314\366\240\340\301a\367\275\2317\357{\337"
  52      F6A0E0C1 
  52      61F7BD99 
  52      37EF7BDF 
  53 0059 376FC627 		.ascii	"7o\306'\2423\212\350\204\370\223\362\303'x3\0332\361"
  53      A2338AE8 
  53      84F893F2 
  53      C3277833 
  53      1B32F1
  54 006c A09C578A 		.ascii	"\240\234W\212\237\267\211\314\001\275&\366\020C\333"
  54      9FB789CC 
  54      01BD26F6 
  54      1043DB
  55 007b F0784A03 		.ascii	"\360xJ\003vbR\2401O\261\306\030\246\371\"\243S\271\031"
  55      766252A0 
  55      314FB1C6 
  55      18A6F922 
  55      A353B919 
  56 008f F114474C 		.ascii	"\361\024GL\320\262\334m7>\364\332%\220\221\345R\355"
ARM GAS  /tmp/ccs9OKfw.s 			page 4


  56      D0B2DC6D 
  56      373EF4DA 
  56      259091E5 
  56      52ED
  57 00a1 7BC71F5A 		.ascii	"{\307\037Z4\246lZ\227\276\005\213\023\325S\021+\232"
  57      34A66C5A 
  57      97BE058B 
  57      13D55311 
  57      2B9A
  58 00b3 93EC3B48 		.ascii	"\223\354;H\3436\322V\304]\014I\356\247\345\365z\212"
  58      E336D256 
  58      C45D0C49 
  58      EEA7E5F5 
  58      7A8A
  59 00c5 8F8164FE 		.ascii	"\217\201d\376k|k\251w\360\232\303m^es<b\306=\360\237"
  59      6B7C6BA9 
  59      77F09AC3 
  59      6D5E6573 
  59      3C62C63D 
  60 00db 400911EE 		.ascii	"@\011\021\356c\320\346\357Tf\352Gx\300aw\273\027~\006"
  60      63D0E6EF 
  60      5466EA47 
  60      78C06177 
  60      BB177E06 
  61 00ef FD0B0EBB 		.ascii	"\375\013\016\273q\245o~\302<3ZX\261\3747\336\016I\177"
  61      71A56F7E 
  61      C23C335A 
  61      58B1FC37 
  61      DE0E497F 
  62 0103 7FAB3B7B 		.ascii	"\177\253;{\330\327x\200~\247\253i{\342\014\221\212%"
  62      D8D77880 
  62      7EA7AB69 
  62      7BE20C91 
  62      8A25
  63 0115 201B375E 		.ascii	" \0337^z\306t\367j\3064\007\372z\000K\253D\200f1\236"
  63      7AC674F7 
  63      6AC63407 
  63      FA7A004B 
  63      AB448066 
  64 012b 76399EB3 		.ascii	"v9\236\263Du&\262\235\252\263g=O\312y\255\377\214rs"
  64      447526B2 
  64      9DAAB367 
  64      3D4FCA79 
  64      ADFF8C72 
  65 0140 676A2DB0 		.ascii	"gj-\260\265\033\254\204y\256\272\372\"\260\275b\247"
  65      B51BAC84 
  65      79AEBAFA 
  65      22B0BD62 
  65      A7
  66 0151 7B65B5BD 		.ascii	"{e\265\275\356\307\270\214\210%\001xh5J\374U\355\365"
  66      EEC7B88C 
  66      88250178 
  66      68354AFC 
  66      55EDF5
  67 0164 D6C1F0BA 		.ascii	"\326\301\360\272\221\221\2118\300\012b\314\262U\217"
  67      91918938 
  67      C00A62CC 
ARM GAS  /tmp/ccs9OKfw.s 			page 5


  67      B2558F
  68 0173 4708E923 		.ascii	"G\010\351#*o\237n\342\037e\003\020\036\357\037tR\232"
  68      2A6F9F6E 
  68      E21F6503 
  68      101EEF1F 
  68      74529A
  69 0186 25F79AA8 		.ascii	"%\367\232\250\230\256\356\253\340\377\246M\341\211\243"
  69      98AEEEAB 
  69      E0FFA64D 
  69      E189A3
  70 0195 85A56D09 		.ascii	"\205\245m\011\355\027T\342\221\244\212\026^\222b\021"
  70      ED1754E2 
  70      91A48A16 
  70      5E926211 
  71 01a5 F7D036CA 		.ascii	"\367\3206\312\031\033\265\275\220\035\307\254\335\371"
  71      191BB5BD 
  71      901DC7AC 
  71      DDF9
  72 01b3 B7A12889 		.ascii	"\267\241(\211z\364\025\345\370\335\321\004\355I\316"
  72      7AF415E5 
  72      F8DDD104 
  72      ED49CE
  73 01c2 0F797ED9 		.ascii	"\017y~\331\264z\263\327\202\200\270\261\320\201\364"
  73      B47AB3D7 
  73      8280B8B1 
  73      D081F4
  74 01d1 0F16278F 		.ascii	"\017\026'\2175\223\315\206\311W(\205\243\347\303\322"
  74      3593CD86 
  74      C9572885 
  74      A3E7C3D2 
  75 01e1 682ECC9D 		.ascii	"h.\314\235\315\017\347\213\205\302\271R6G*_\324\205"
  75      CD0FE78B 
  75      85C2B952 
  75      36472A5F 
  75      D485
  76 01f3 D323C5DF 		.ascii	"\323#\305\337\242-\311\251"
  76      A22DC9A9 
  77              		.text
  78              		.section	.gnu.lto_chPoolObjectInit.adb9c76ac5e04845,"",%progbits
  79 0000 789C9591 		.ascii	"x\234\225\221\337K\024Q\024\307\317\367\236\331\331"
  79      DF4B1451 
  79      14C7CFF7 
  79      9ED9D9
  80 000f 21D3DEC2 		.ascii	"!\323\336\302\310\207\205\242E\204\235\207\376\244m"
  80      C88785A2 
  80      45849D87 
  80      FEA46D
  81 001e 21A16596 		.ascii	"!\241e\226\335\350\241\027\357n\331\256\224\340C\032"
  81      DDE8A117 
  81      EF6ED9AE 
  81      94E0431A 
  82 002e 0C830DF6 		.ascii	"\014\203\015\366SB**\323\262\234\326\330\227\262(\012"
  82      53422A2A 
  82      D3B29CD6 
  82      D897B228 
  82      0A
  83 003f C440A20D 		.ascii	"\304@\242\015Q\037\202\302\267\300:\367\266\201\370"
ARM GAS  /tmp/ccs9OKfw.s 			page 6


  83      511F82C2 
  83      B7C03AF7 
  83      B681F8
  84 004e E6652E73 		.ascii	"\346e.s\316\334\363\371\236s\277\343\022Q\240\210N\312"
  84      CEDCF3F9 
  84      9E73BFE3 
  84      1251A088 
  84      4ECA
  85 0060 FBA86C30 		.ascii	"\373\250l0A\215\275#\252z\0120\201\366@C\012C\270\302"
  85      418DBD23 
  85      AA7A0A30 
  85      81F64043 
  85      0A43B8C2 
  86 0074 5719CDFA 		.ascii	"W\031\315\372\372\274\352\277\243e%\327f\335Kz\2707"
  86      FABCEABF 
  86      A36525D7 
  86      66DD4B7A 
  86      B837
  87 0086 62A209D9 		.ascii	"b\242\011\331f\341\021\372\245\352\303\305\007\021_"
  87      66E111FA 
  87      A5EAC3C5 
  87      07115F
  88 0095 E6880147 		.ascii	"\346\210\001G\322\237\313a\273\307\244\012\031I7\346"
  88      D29FCB61 
  88      BBC7A40A 
  88      194937E6 
  89 00a5 5A0D8F8F 		.ascii	"Z\015\217\217\201$\376]]\233\356\311\336\322\272\246"
  89      8124FE5D 
  89      5D9BEEC9 
  89      DED2BAA6 
  90 00b5 93ED9BAC 		.ascii	"\223\355\233\254\217G\314\230\005\213 \236\240\017\217"
  90      8F47CC98 
  90      058B209E 
  90      A00F8F
  91 00c4 D147F289 		.ascii	"\321G\362\211\360\024Y)\237\252~~\323\315',\372udf\324"
  91      F0145929 
  91      9FAA7E7E 
  91      D3CD272C 
  91      FA756466 
  92 00d9 E9A06F6F 		.ascii	"\351\240oo[\324\301\334^\324!\314[\364\313dk\363 \017"
  92      5BD4C1DC 
  92      5ED421CC 
  92      5BF4CB64 
  92      6BF3200F 
  93 00ed 587471F5 		.ascii	"Xtq\365\327\215C\035\364{o\250\023'\342\024\236\355"
  93      D78D431D 
  93      F47B6FA8 
  93      1327E214 
  93      9EED
  94 00ff 655384E7 		.ascii	"eS\204\347\310\032\340\333\303\235\361n\327\211\377"
  94      C81AE0DB 
  94      C39DF16E 
  94      D789FF
  95 010e 5F150B70 		.ascii	"_\025\013p\011\022\334\377\230J\364\316\237\272L\177"
  95      0912DCFF 
  95      984AF4CE 
  95      9FBA4C7F 
ARM GAS  /tmp/ccs9OKfw.s 			page 7


  96 011e 6475CB33 		.ascii	"du\3133\246\311\244\016LS\027\026\247\206\020\342\244"
  96      A6C9A40E 
  96      4C531716 
  96      A78610E2 
  96      A4
  97 012f 4E688495 		.ascii	"Nh\204\225\211.$\264\205\332\366\306\365v\332\010\211"
  97      892E24B4 
  97      85DAF6C6 
  97      F576DA08 
  97      89
  98 0140 FEC470F3 		.ascii	"\376\304p\363}\3328\304v\276\205\346r\313\2151Y\025"
  98      7DDA38C4 
  98      76BE85E6 
  98      72CB8D31 
  98      5915
  99 0152 9BE3C311 		.ascii	"\233\343\303\021\273\241X\367Bf2\207\237\352+k]\376"
  99      BBA158F7 
  99      42663287 
  99      9FEA2B6B 
  99      5DFE
 100 0164 8CF90599 		.ascii	"\214\371\005\231\210\323x\211\030\343\326\177,\302\337"
 100      88D37889 
 100      18E3D67F 
 100      2CC2DF
 101 0173 2D960621 		.ascii	"-\226\006!\021J\232\205\233w\227\272:\315\366\241\356"
 101      114A9A85 
 101      9B7797BA 
 101      3ACDF6A1 
 101      EE
 102 0184 E0955537 		.ascii	"\340\225U7WE\023~(~Z\265\351\366\201\375\253\245\260"
 102      5745137E 
 102      287E5AB5 
 102      E9F681FD 
 102      ABA5B0
 103 0197 64D59451 		.ascii	"d\325\224Q{m\324\\\372\201Z|o\024\326P\263\032\322K"
 103      7B6DD45C 
 103      FA815A7C 
 103      6F14D650 
 103      B31AD24B 
 104 01ab 2C92924C 		.ascii	",\222\222L.\347\377{\202\212_>\353W\312y?\177\272X("
 104      2EE7FF7B 
 104      828A5F3E 
 104      EB57CA79 
 104      3F7FBA58 
 105 01c0 9682E04C 		.ascii	"\226\202\340L%\227'U,9\225\301\363\005\257T\016\316"
 105      25972755 
 105      2C3995C1 
 105      F305AF54 
 105      0ECE
 106 01d2 0D9E2A94 		.ascii	"\015\236*\224\377\002\371j\330\360"
 106      FF02F96A 
 106      D8F0
 107              		.text
 108              		.section	.gnu.lto_chPoolLoadArray.adb9c76ac5e04845,"",%progbits
 109 0000 789C9D55 		.ascii	"x\234\235U[L\034U\030>\377\234\231\235e\027\241\321"
 109      5B4C1C55 
 109      183EFF9C 
ARM GAS  /tmp/ccs9OKfw.s 			page 8


 109      999D6517 
 109      A1D1
 110 0012 C4344DA3 		.ascii	"\3044M\243\333\264\024!\015K\2141\276\232&&>\360\"/"
 110      DBB41421 
 110      0D4B8C31 
 110      BE9A2626 
 110      3EF0222F 
 111 0026 DEA2895B 		.ascii	"\336\242\211[\0220\205\335\260\324\224\247\016\313u"
 111      123085DD 
 111      B0D494A7 
 111      0ECB75
 112 0035 451B6261 		.ascii	"E\033ba5\223M\335HI\313\003R[\254\333\202uY,\275p\351"
 112      35934DDD 
 112      4849CB03 
 112      525BACDB 
 112      8275592C 
 113 004c 45A8B4AC 		.ascii	"E\250\264\254\024A\326\322\232&\325\270\261\326\202"
 113      1441D6D2 
 113      9A26D5B8 
 113      B1D682
 114 005b FF7F6696 		.ascii	"\377\177f\226.S\250\211\023\230\375\3179\337\367_\276"
 114      2E53A889 
 114      1398FDCF 
 114      39DFF75F 
 114      BE
 115 006c F39F3336 		.ascii	"\363\23736\306\330y\225\261\233\370\373:\376\203\215"
 115      C6D87995 
 115      B19BF8FB 
 115      3AFE838D 
 116 007c 81D436CE 		.ascii	"\201\3246\316X\235]\002\3310\270a\014\332e\211\367\305"
 116      589D5D02 
 116      D930B861 
 116      0CDA6589 
 116      F7C5
 117 008e 19D31C4A 		.ascii	"\031\323\034J\302\311\264l\005\200\3465;\260}\022\227"
 117      C2C9B46C 
 117      0580E635 
 117      3BB07D12 
 117      97
 118 009f 15D827C9 		.ascii	"\025\330'\311\014b2,\343\223\273b0z>\342\355\034\342"
 118      0C62322C 
 118      E393BB62 
 118      307A3EE2 
 118      ED1CE2
 119 00b2 CDC99352 		.ascii	"\315\311\223R\301a\015\237\330\247\237\250MZ\343\306"
 119      C1610D9F 
 119      D8A79FA8 
 119      4D5AE3C6 
 120 00c2 30672CC4 		.ascii	"0g,\304\005\204\301q(@\324\345\206\243a\336\312\303"
 120      0584C171 
 120      2840D4E5 
 120      86A361DE 
 120      CAC3
 121 00d4 1C40C6E1 		.ascii	"\034@\306\341\3351}>\207\206\022\270px3:\334b\347[\201"
 121      DD317D3E 
 121      878612B8 
 121      7078333A 
ARM GAS  /tmp/ccs9OKfw.s 			page 9


 121      DC62E75B 
 122 00e9 A17DBF6E 		.ascii	"\241}\277n\246;'\277K\323\002Z\354\267C\\\333\026\346"
 122      A63B27BF 
 122      4BD3025A 
 122      ECB7435C 
 122      DB16E6
 123 00fc 1C4E0047 		.ascii	"\034N\000G\207\3605l\206>\330\314p\212\3017\220\217"
 123      87F0356C 
 123      863ED8CC 
 123      708AC137 
 123      908F
 124 010e F0D158B0 		.ascii	"\360\321X\260\327\301\267\013\352|\360\336\257\016\223"
 124      D7C1B70B 
 124      EA7CF0DE 
 124      AF0E93
 125 011d FA4F97A0 		.ascii	"\372O\227\240\312\020\265R\261\234\223\202\372@k\017"
 125      CA10B552 
 125      B19C9382 
 125      FA406B0F 
 126 012d E5F0E704 		.ascii	"\345\360\347\004\365\227\221\3166\325\244\216\036\026"
 126      F59791CE 
 126      36D5A48E 
 126      1E16
 127 013b 54054E59 		.ascii	"T\005NY\251\012\203~\310'\374\334WK\035O\330\344H\272"
 127      A90A837E 
 127      C827FCDC 
 127      574B1D4F 
 127      D8E448BA 
 128 014f 5218001B 		.ascii	"R\030\000\033\340\374bC[K./\024>\357.}\374\267\232\327"
 128      E0FC6243 
 128      5B4B2E2F 
 128      143EEF2E 
 128      7DFCB79A 
 129 0164 297CF66D 		.ascii	")|\366m\212\0046P:\337\256\366I\017B\373\317\036: \233"
 129      8A043650 
 129      3ADFAEF6 
 129      490F42FB 
 129      CF1E3A20 
 130 0179 D0E5AEED 		.ascii	"\320\345\256\355\3613MZ[\235}\215\312M\274\021\276\301"
 130      F1334D5A 
 130      5B9D7D8D 
 130      CA4DBC11 
 130      BEC1
 131 018b 103DAC2A 		.ascii	"\020=\254*\360\035\344\301i\310\023y\2048\374\037\237"
 131      F01DE4C1 
 131      69C81379 
 131      8438FC1F 
 131      9F
 132 019c 99E95E82 		.ascii	"\231\351^\202s\232\274~\272\231\341g\272m\020\307\350"
 132      739ABC7E 
 132      BA99E167 
 132      BA6D10C7 
 132      E8
 133 01ad 83143D46 		.ascii	"\203\024=F\321%+\344\200\236\303`\210\226x\206v\014"
 133      D1252BE4 
 133      809EC360 
 133      88967886 
ARM GAS  /tmp/ccs9OKfw.s 			page 10


 133      760C
 134 01bf BE47CDCE 		.ascii	"\276G\315\316`sZ\340\363\372\216w\030-\204p\257\254"
 134      60735AE0 
 134      F3FA8E77 
 134      182D8470 
 134      AFAC
 135 01d1 6B075F78 		.ascii	"k\007_x\223\3010\255)\253|\235E_\347\250\321\361\005"
 135      93C130AD 
 135      29AB7C9D 
 135      455FE7A8 
 135      D1F105
 136 01e4 9865EF15 		.ascii	"\230e\357\025%\246--7\243>O\206\377ZLl\335\000\270\201"
 136      25A62D2D 
 136      37A33E4F 
 136      86FF5A4C 
 136      6CDD00B8 
 137 01f9 36496C3E 		.ascii	"6Il>\027\373\210\255\216\266\015\310\266\003\365S\226"
 137      17FB88AD 
 137      8EB60DC8 
 137      B603F553 
 137      96
 138 020a 58758855 		.ascii	"Xu\210U'\302\361\014\265\340\356&\234Z\014\015\011\215"
 138      27C2F10C 
 138      B5E0EE26 
 138      9C5A0C0D 
 138      098D
 139 021c FA180B62 		.ascii	"\372\030\013b\025xb\320JB \322\277_!\3151\225\366d\313"
 139      157862D0 
 139      4A4220D2 
 139      BF5F21CD 
 139      3195F664 
 140 0231 9FB98547 		.ascii	"\237\271\205GD\232\251\250\244GHkf\236\202\363P\250"
 140      449AA9A8 
 140      A447486B 
 140      669E82F3 
 140      50A8
 141 0243 737B2683 		.ascii	"s{&\203\266KG\237I\020z=\226}\001\012\311\203\300\212"
 141      B64B479F 
 141      49107A3D 
 141      967D010A 
 141      C983C08A 
 142 0257 ADBE901E 		.ascii	"\255\276\220\036\014f\016\342\206\307\333P7w\277#q\025"
 142      0C660EE2 
 142      86C7DB50 
 142      3777BF23 
 142      7115
 143 0269 ACDB104A 		.ascii	"\254\333\020Jo\303\032\222\027\277\305`\204\326\324"
 143      6FC31A92 
 143      17BFC560 
 143      84D6D4
 144 0278 47252F7E 		.ascii	"G%/~\203\301(\255\331WI>\206E\214\223\344\364b\300F"
 144      83C128AD 
 144      D957493E 
 144      86458C93 
 144      E4F462C0 
 145 028d 28E091D3 		.ascii	"(\340\221\323C\013\331[&\340s\3553W\330 \374\376\345"
 145      430BD95B 
ARM GAS  /tmp/ccs9OKfw.s 			page 11


 145      26E073ED 
 145      3357D820 
 145      FCFEE5
 146 02a0 B149A72C 		.ascii	"\261I\247,!\344\"l\301\367%\220I\210\331`\253j\355\323"
 146      21E4226C 
 146      C1F72590 
 146      4988D960 
 146      AB6AEDD3 
 147 02b4 F168B6AE 		.ascii	"\361h\266\256\305\032\\\353t)\\^)7\020\351\015sk\333"
 147      C51A5CEB 
 147      74295C5E 
 147      293710E9 
 147      0D736BDB 
 148 02c8 3EA4AFD9 		.ascii	">\244\257\331\271p%-y \362G\310m\2513\031\265\021\200"
 148      B970252D 
 148      7920F247 
 148      C86DA933 
 148      19B51180 
 149 02dc 62983265 		.ascii	"b\2302e\221\377\351k3\321l\236\000q\246&ot\277m\306"
 149      91FFE96B 
 149      33D16C9E 
 149      0071A626 
 149      6F74BF6D 
 150 02f1 4AF63CF3 		.ascii	"J\366<\363E\275&\216\211\012\023\2179&2L\222\307\037"
 150      45BD268E 
 150      890A138F 
 150      3926324C 
 150      92C71F
 151 0304 50ADABA4 		.ascii	"P\255\253\244\026\276h\206\022\271\005\201S\213\213"
 151      16BE6886 
 151      12B90581 
 151      538B8B
 152 0313 8D4E9AD3 		.ascii	"\215N\232\323\271\023)\241\306\370E\225.\306,\021o "
 152      B91329A1 
 152      C6F84595 
 152      2EC62C11 
 152      6F20
 153 0325 3E366C8B 		.ascii	">6l\213\300A\300 \330?\360#9\207)\210\000q'>\014*D\315"
 153      C041C020 
 153      D83FF023 
 153      39872988 
 153      0071273E 
 154 033d E4A9569E 		.ascii	"\344\251V\236\003\003\3015\342\341\374D\363\324\214"
 154      0303C135 
 154      E2E1FC44 
 154      F3D48C
 155 034c D3DD43F5 		.ascii	"\323\335C\365F6\021\370:\272\352\300>\243\364\030L\203"
 155      463611F8 
 155      3ABAEAC0 
 155      3EA3F418 
 155      4C83
 156 035e 1BD320D7 		.ascii	"\033\323 \327\241\305[\013\252\351{\355$\022\310L\213"
 156      A1C55B0B 
 156      AAE97BED 
 156      2412C84C 
 156      8B
 157 036f 791CB742 		.ascii	"y\034\267B\350F#\227\320\231\2116\274\327q\342iq,\261"
ARM GAS  /tmp/ccs9OKfw.s 			page 12


 157      E8462397 
 157      D0998936 
 157      BCD771E2 
 157      69712CB1 
 158 0383 3D66FFB3 		.ascii	"=f\377\263=~\022\3551c\266\307\203c\245\242\277\323"
 158      3D7E12ED 
 158      3163B6C7 
 158      8363A5A2 
 158      BFD3
 159 0395 4EE3A639 		.ascii	"N\343\2469\333:\336\011\351\023\304\014\015\247:\237"
 159      DB3ADE09 
 159      E913C40C 
 159      0DA73A9F 
 160 03a5 A2199D43 		.ascii	"\242\031\235C\246\026|\225\026uX4\306tR\0117\036\325"
 160      A6167C95 
 160      16755834 
 160      C6745209 
 160      371ED5
 161 03b8 C34537FE 		.ascii	"\303E7\376\254\220\203\356\017\370\031\334\350\273>"
 161      AC9083EE 
 161      0FF819DC 
 161      E8BB3E
 162 03c7 DC546B78 		.ascii	"\334Tkx\316\302b\321\277HFD\307\233\002g\011\023j\352"
 162      CEC262D1 
 162      BF484644 
 162      C79B0267 
 162      09136AEA 
 163 03db E9DF68A0 		.ascii	"\351\337h\240Pm\372(\336\0368:\245P\012\212\371\335"
 163      506DFA28 
 163      DE1E383A 
 163      A5500A8A 
 163      F9DD
 164 03ed 9CC3802B 		.ascii	"\234\303\200+\314~b:0H\020/8\374\332\212\253Db\306<"
 164      CC7E623A 
 164      3048102F 
 164      38FCDA8A 
 164      AB4462C6 
 165 0402 376CE15D 		.ascii	"7l\341]b\013\3200=t'\374\274\341\235gV\247\000\203y"
 165      620BD030 
 165      3D7427FC 
 165      BCE19D67 
 165      56A70083 
 166 0417 A3D95280 		.ascii	"\243\331R\200\251)\022\303|\270\236z)\005\\\247\253"
 166      A92912C3 
 166      7CB89E7A 
 166      29055CA7 
 166      AB
 167 0428 0E83F0EB 		.ascii	"\016\203\360\353\251b\014\243\030W\327\035j\374\375"
 167      A9620CA3 
 167      1857D71D 
 167      6AFCFD
 168 0437 423CD1A3 		.ascii	"B<\321\243-XO\302\211\322\273\212\212\334\306\237\327"
 168      2D584FC2 
 168      89D2BB8A 
 168      8ADCC69F 
 168      D7
 169 0448 EFAEAE71 		.ascii	"\357\256\256q\373\253=nOyeY\245\317\353\335\355/\362"
ARM GAS  /tmp/ccs9OKfw.s 			page 13


 169      FBAB3D6E 
 169      4F796559 
 169      A5CFEBDD 
 169      ED2FF2
 170 045b 30A9D207 		.ascii	"0\251\322\007>\250\222\275\357\275\357\333f\001WTyv"
 170      3EA892BD 
 170      EFBDEFDB 
 170      66015754 
 170      7976
 171 046d EFD95596 		.ascii	"\357\331U\226I(g\317\256\013\362\327\322z\201e\335\347"
 171      492867CF 
 171      AE0BF2D7 
 171      D27A8165 
 171      DDE7
 172 047f ADAEF1BB 		.ascii	"\255\256\361\273_~\255dg\311^\004y\274\325e\357~\360"
 172      5F7EAD64 
 172      67C95E04 
 172      79BCD565 
 172      EF7EF0
 173 0492 62252277 		.ascii	"b%\"wd\"\313\366\326\270w\226\224\276Z\372\320!!=\225"
 173      6422CBF6 
 173      D6B87796 
 173      94BE5AFA 
 173      D021213D 
 174 04a7 AFECA9F2 		.ascii	"\257\354\251\362 \330\356\361\371+v\271*\230\212\271"
 174      20D8EEF1 
 174      F92B76B9 
 174      2A988AB9 
 175 04b7 78AB6B19 		.ascii	"x\253k\031\367\225\373\304d\031N\376\013l\217\314\243"
 175      F795FBC4 
 175      64194EFE 
 175      0B6C8FCC 
 175      A3
 176              		.text
 177              		.section	.gnu.lto_chPoolAllocI.adb9c76ac5e04845,"",%progbits
 178 0000 789C8592 		.ascii	"x\234\205\222\313k\023Q\024\306\3177\367\316L\250\265"
 178      CB6B1351 
 178      14C6CF37 
 178      F7CE4CA8 
 178      B5
 179 0011 852E43D1 		.ascii	"\205.C\321\200\326R\027\231E\327\356\375;\032\004\021"
 179      80D65217 
 179      9945D7EE 
 179      FD3B1A04 
 179      11
 180 0022 4342E23E 		.ascii	"CB\342>7\217\222\304\007\024\332F\014\203FTj\027\242"
 180      378F92C4 
 180      0714DA46 
 180      0C834654 
 180      6A17A2
 181 0035 E2ABA955 		.ascii	"\342\253\251U\307\024\203\013\333R\351B\214ta\261X)"
 181      C714830B 
 181      DB52E942 
 181      8C7461B1 
 181      5829
 182 0047 62515C28 		.ascii	"bQ\\(I=w\246bU\304af\356\353\234\357\373\2353c\021Q"
 182      493D77A6 
ARM GAS  /tmp/ccs9OKfw.s 			page 14


 182      6255C461 
 182      66EEEB9C 
 182      EFFB9D33 
 183 005e CB203ACC 		.ascii	"\313 :\314\343\021~`\021\214\261E\242l\3100D{\230T\227"
 183      E3117E60 
 183      118CB145 
 183      A26CC830 
 183      447B9854 
 184 0073 1C0F93EA 		.ascii	"\034\017\223\352\0260\203m\031L`\002zT!P\306\020\322"
 184      1630836D 
 184      194C6002 
 184      7A542150 
 184      C610D2
 185 0086 440667C5 		.ascii	"D\006g\305\204\300r\341\226+\316\010W\020$/\267\026"
 185      84C072E1 
 185      962BCE08 
 185      5710242F 
 185      B716
 186 0098 AA6B3D7A 		.ascii	"\252k=z\011Dx9]\374\274l\015M)\225S\336\371O\366T~\364"
 186      09447839 
 186      5DFCBC6C 
 186      0D4D2995 
 186      53DEF94F 
 187 00b0 A82B0CAA 		.ascii	"\250+\014\252p\364]\364\343\016\3725\304=\014q\354\373"
 187      70F45DF4 
 187      E30EFA35 
 187      C43D0C71 
 187      ECFB
 188 00c2 99662924 		.ascii	"\231f)$\016\200x\376=\273:\3353x\315\317{sU\250\203"
 188      0E8078FE 
 188      3DBB3ADD 
 188      3378CDCF 
 188      7B7355A8 
 189 00d7 AE10B80F 		.ascii	"\256\020\270\017\261;\221\267\010\0170\250\3437\012"
 189      B13B91B7 
 189      080F30A8 
 189      E3370A
 190 00e6 63A55E71 		.ascii	"c\245^q\310\317\335\352\234\373f\017\\\361s\027/\365"
 190      C8CFDDEA 
 190      9CFB660F 
 190      5CF17317 
 190      2FF5
 191 00f8 5DCEABE7 		.ascii	"]\316\253\347J\262+f~\317\327\027\207\277\275\335\231"
 191      4AB22B66 
 191      7ECFD717 
 191      87BFBDDD 
 191      99
 192 0109 DC6B49D4 		.ascii	"\334kI\3241P\023\244\321\230hV7\206G\275{\363\245\351"
 192      315013A4 
 192      D1986856 
 192      378647BD 
 192      7BF3A5E9 
 193 011d A9CE7651 		.ascii	"\251\316vQy\315\375K_^\364u\031l-Y\210\317\244\377\266"
 193      79CDFD4B 
 193      5F5EF475 
 193      196C2D59 
 193      88CFA4FF 
ARM GAS  /tmp/ccs9OKfw.s 			page 15


 194 0132 A0396C7F 		.ascii	"\2409l\177NTb\005n\225\362\250\314\245\362,\357\321"
 194      4E546205 
 194      6E95F2A8 
 194      CCA5F22C 
 194      EFD1
 195 0144 07E46637 		.ascii	"\007\344f7:yK\013W\205\315\266\225\321\306\222\255\033"
 195      3A794B0B 
 195      5785CDB6 
 195      95D1C692 
 195      AD1B
 196 0156 257CE8B9 		.ascii	"%|\350\271\306B\323\252\341bV)UK\261\201Y\025\026\036"
 196      C642D3AA 
 196      E1625629 
 196      554BB181 
 196      5915161E 
 197 016a 6A4C3E5D 		.ascii	"jL>])\276Z\335\343\334\3403\025ao\314\241\206I\015J"
 197      29BE5ADD 
 197      E3DCE033 
 197      15616FCC 
 197      A186490D 
 198 017f 780487D6 		.ascii	"x\004\207\326\221\253\215hi\015\300\362\364\016\205"
 198      91AB8D68 
 198      690DC0F2 
 198      F40E85
 199 018e D67CF37A 		.ascii	"\326|\363z\367\216\035\242A\265e\356X{\370'N\371Yop"
 199      F78E1DA2 
 199      41B565EE 
 199      587BF827 
 199      4EF9596F 
 200 01a3 6EECC691 		.ascii	"n\354\306\221\177\341\260\243/\362\370\0370O|\030h\030"
 200      7FE1B0A3 
 200      2FF2F81F 
 200      304F7C18 
 200      6818
 201 01b5 8F61587B 		.ascii	"\217aX{\345\364\005SK\377Y\327\276\377\224\365\364W"
 201      E5F40553 
 201      4BFF59D7 
 201      BEFF94F5 
 201      F457
 202 01c7 590D380C 		.ascii	"Y\0158\014\3463K\032\0173\363&d\200\253\377\272z}\263"
 202      E6334B1A 
 202      0F33F326 
 202      6480ABFF 
 202      BA7A7DB3 
 203 01db 6567DA2A 		.ascii	"eg\332*\344\012\273\242\2751\217\014\261\266+B~\222"
 203      E40ABBA2 
 203      BD318F0C 
 203      B1B62B42 
 203      7E92
 204 01ed B9D3F875 		.ascii	"\271\323\370u\030\024tE\322Gn\323\332D8P\221\034\366"
 204      18147445 
 204      D2476ED3 
 204      DA443850 
 204      911CF6
 205 0200 15920B13 		.ascii	"\025\222\013\023\257\267=\260\254\324\237\016:\217}"
 205      AFB73DB0 
 205      ACD49F0E 
ARM GAS  /tmp/ccs9OKfw.s 			page 16


 205      3A8F7D
 206 020f 23D1A813 		.ascii	"#\321\250\023\334\211\264\223:\345\244S1'v<~,\236L$"
 206      DC89B493 
 206      3AE5A453 
 206      3127763C 
 206      7E2C9E4C 
 207 0224 4EA6A331 		.ascii	"N\246\24312\342I\231\0309\221\374\001}\034\366|"
 207      32E24999 
 207      183991FC 
 207      017D1CF6 
 207      7C
 208              		.text
 209              		.section	.gnu.lto_chPoolAlloc.adb9c76ac5e04845,"",%progbits
 210 0000 789C8D53 		.ascii	"x\234\215SMlSG\020\236y\273\357\331\204\220H\234z\210"
 210      4D6C5347 
 210      109E79BB 
 210      EFD98490 
 210      489C7A88 
 211 0014 8A110D28 		.ascii	"\212\021\015(\200\3748 \016=DTH\010\016\271\300\011"
 211      80FC3820 
 211      0E3D4454 
 211      48080EB9 
 211      C009
 212 0026 2E953096 		.ascii	".\2250\226\010\302\330\262\003\202S6\211\243\304\205"
 212      08C2D8B2 
 212      03825336 
 212      89A3C485 
 213 0036 0A241A43 		.ascii	"\012$\032C\"\013\302\237\370S\013\024\012\011\011\360"
 213      220BC29F 
 213      F8530B14 
 213      0A0909F0 
 214 0046 709A4081 		.ascii	"p\232@\201\030\002!B\244\212*P\240\374(*\264\342\000"
 214      18022142 
 214      A48A2A50 
 214      A0FC282A 
 214      B4E200
 215 0059 6A60669F 		.ascii	"j`f\237\001\333\001\201e\257wg\276\231\371\276\331Y"
 215      01DB0181 
 215      65AF7767 
 215      BE99F9BE 
 215      D959
 216 006b 0B00A698 		.ascii	"\013\000\246\230\000]\364_I?\264\000\215\355\031\200"
 216      005DF45F 
 216      493FB400 
 216      8DED1980 
 217 007b 3AAF6188 		.ascii	":\257a\210L%\250\"\231.\005U,\320t\315\362\335\306D"
 217      4C25A822 
 217      992E0555 
 217      2CD074CD 
 217      F2DDC644 
 218 008f E48DF222 		.ascii	"\344\215\362\"\324\032B\232X\213[\305O\002\007\342'"
 218      D41A429A 
 218      588B5BC5 
 218      4F0207E2 
 218      27
 219 00a0 52628B48 		.ascii	"Rb\213H\011@I\307\347\375m\017J\370\210\350\243\343"
 219      094049C7 
ARM GAS  /tmp/ccs9OKfw.s 			page 17


 219      E7FD6D0F 
 219      4AF888E8 
 219      A3E3
 220 00b2 91A67F07 		.ascii	"\221\246\177\007\254\212CJ\325+g\347\275\242C\015\215"
 220      AC8A434A 
 220      D52B67E7 
 220      BDA2430D 
 220      8D
 221 00c3 4B52C280 		.ascii	"KR\302\200$\241Oc\031\236\3022f\361\033V\020\366\357"
 221      24A14F63 
 221      199EC232 
 221      66F11B56 
 221      10F6EF
 222 00d6 8EBE66AF 		.ascii	"\216\276f\257\230\201@\373\327u#GJf\035\324q\203\007"
 222      988140FB 
 222      D7752347 
 222      4A661DD4 
 222      718307
 223 00e9 84FA2625 		.ascii	"\204\372&%\004\236A\221\033H&\300\2638\213\361\217\343"
 223      049E4191 
 223      1B4826C0 
 223      B3388BF1 
 223      8FE3
 224 00fb DB9B4BC5 		.ascii	"\333\233K\305L\035\373|\374\307W\236\362\375:\366\345"
 224      4C1DFB7C 
 224      FCC7579E 
 224      F2FD3AF6 
 224      E5
 225 010c D1A97B1B 		.ascii	"\321\251{\033\324\025%\251*v\344\307\363\207\340\367"
 225      D41525A9 
 225      2A76E4C7 
 225      F387E0F7 
 226 011c 4F8EB74C 		.ascii	"O\216\267L\261$vb9\363\":\347\320\302\367\216\270\242"
 226      B1247662 
 226      39F3223A 
 226      E7D0C2F7 
 226      8EB8A2
 227 012f 8F3374CC 		.ascii	"\2173t\314\322\366\244\300\234\030\300.\202vS\027\013"
 227      D2F6A4C0 
 227      9C18C02E 
 227      82765317 
 227      0B
 228 0140 E0C3A3DF 		.ascii	"\340\303\243\337\232\300\216$\211-\364\265\316_\011"
 228      9AC08E24 
 228      892DF4B5 
 228      CE5F09
 229 014f 789E7D22 		.ascii	"x\236}\"/\327\005\312u\221o\204\026$\032\005Rv\276\360"
 229      2FD705CA 
 229      75916F84 
 229      16241A05 
 229      5276BEF0 
 230 0163 B49E562A 		.ascii	"\264\236V*\261\360\023R\320\301\362\343\267LG\215\277"
 230      B1F01352 
 230      D0C1F2E3 
 230      B74C478D 
 230      BF
 231 0174 6952CED8 		.ascii	"iR\316\330\354\314\177#S\213\015\344\016\011\355\224"
ARM GAS  /tmp/ccs9OKfw.s 			page 18


 231      ECCC7F23 
 231      538B0DE4 
 231      0E09ED94 
 232 0184 D43169EA 		.ascii	"\3241i\352\255\245W\200f\322K\267\252\034H\020Q\332"
 232      ADA55780 
 232      66D24BB7 
 232      AA1C4810 
 232      51DA
 233 0196 3538F014 		.ascii	"58\360\024\353\356\237\335\366\347Pa\013v\374S\224m"
 233      EBEE9FDD 
 233      F6E75061 
 233      0B76FC53 
 233      946D
 234 01a8 819C20A9 		.ascii	"\201\234 \251\321\246\274\227\330gN\224;o\005`\232}"
 234      D1A6BC97 
 234      D8674E94 
 234      3B6F0560 
 234      9A7D
 235 01ba 569EDC1E 		.ascii	"V\236\334\036R\371;\313\345\005\020\366q\301\303\027"
 235      52F93BCB 
 235      E50510F6 
 235      71C1C317 
 236 01ca 7A468BA7 		.ascii	"zF\213\247\037\303=j\227/\345&{\361\313\257w&K\203 "
 236      1FC33D6A 
 236      972FE526 
 236      7BF1CBAF 
 236      77264B83 
 237 01df BD389DD6 		.ascii	"\2758\235\326>\224\360\020\353\377Jt\230L\207\020]\227"
 237      3E94F010 
 237      EBFF4A74 
 237      984C8710 
 237      5D97
 238 01f1 0FEC90D9 		.ascii	"\017\354\220\331.\215\035-iSN\334\367\221y\321M\272"
 238      2E8D1D2D 
 238      69534EDC 
 238      F79179D1 
 238      4DBA
 239 0203 8CE56D24 		.ascii	"\214\345m$\365\011\326\237{<\336`\025\220\275:\207\001"
 239      F509D69F 
 239      7B3CDE60 
 239      1590BD3A 
 239      8701
 240 0215 59999EDC 		.ascii	"Y\231\236\334\351\340v\341\025\242\374\007S\246\245"
 240      E9E076E1 
 240      15A2FC07 
 240      53A6A5
 241 0224 4DF0F427 		.ascii	"M\360\364'\033\3237<<\356\356\\t\247\373\373\254v\334"
 241      1BD3373C 
 241      3CEEEE5C 
 241      74A7FBFB 
 241      AC76DC
 242 0237 8D294100 		.ascii	"\215)A\000\003\257rY\262\0176\335\035\231l\377\3145"
 242      03AF7259 
 242      B20F36DD 
 242      1D996CFF 
 242      CC35
 243 0249 DA5F6F2B 		.ascii	"\332_o+\243{\300k\330\216-\324~N\012x\035m\026\325\276"
ARM GAS  /tmp/ccs9OKfw.s 			page 19


 243      A37BC06B 
 243      D88E2DD4 
 243      7E4E0A78 
 243      1D6D16D5 
 244 025e 8A537331 		.ascii	"\212Ss1J\017\243\030\037\356\351;\\\234-\207~WC\202"
 244      4A0FA318 
 244      1FEEE93B 
 244      5C9C2D87 
 244      7E574382 
 245 0272 5C994ABA 		.ascii	"\\\231J\272)-\"\321[\352\372e.\035YH\307\303\011\372"
 245      292D22D1 
 245      5BEAFA65 
 245      2E1D5948 
 245      C7C309FA 
 246 0286 27D2F131 		.ascii	"'\322\36116\243\271`\226\313\015\342B\251\007\177h5"
 246      36A3B960 
 246      96CB0DE2 
 246      42A9077F 
 246      6835
 247 0298 39F317CA 		.ascii	"9\363\027\312\372\232\023\335\314\0235\2006\321\322"
 247      FA9A13DD 
 247      CC133580 
 247      36D1D2
 248 02a7 8C25A44B 		.ascii	"\214%\244K\211\3613\224.Y\223\242;;\237\015{j\377W\336"
 248      89F13394 
 248      2E5993A2 
 248      3B3B9F0D 
 248      7B6AFF57 
 249 02bc 94F02685 		.ascii	"\224\360&\205\327\215\271\205\265@%Rb\222\2163\263C"
 249      D78DB985 
 249      B5402552 
 249      62928E33 
 249      B343
 250 02ce F9100D70 		.ascii	"\371\020\015p\333b\351>=j\371J?S\276-6\370\364\311\311"
 250      DB62E93E 
 250      3D6AF94A 
 250      3F53BE2D 
 250      36F8F4C9 
 251 02e3 3BF183CE 		.ascii	";\361\203\316N\363\231!\324O\213\306\354\324g\307\354"
 251      4EF39921 
 251      D44F8BC6 
 251      ECD467C7 
 251      EC
 252 02f4 B61EB341 		.ascii	"\266\036\263A\032\2631\032\263-\335\275\026\247\343"
 252      1AB3311A 
 252      B32DDDBD 
 252      16A7E3
 253 0303 CA002FF5 		.ascii	"\312\000/\365M\210{o\034$\021\222_\0202E\212\363\371"
 253      4D887B6F 
 253      1C241192 
 253      5F103245 
 253      8AF3F9
 254 0316 FDB6FB0D 		.ascii	"\375\266\373\015\307\354h\215\035\213\006\354\300\232"
 254      C7EC688D 
 254      1D8B06EC 
 254      C09A
 255 0324 50301409 		.ascii	"P0\024\011\207\327\305\374\0010B\021\031^\26562\255"
ARM GAS  /tmp/ccs9OKfw.s 			page 20


 255      87D7C5FC 
 255      01304211 
 255      195EB536 
 255      32AD
 256 0336 0058BD3E 		.ascii	"\000X\275>\260n\303\352 \201c\233c\3765PQ\340\217\204"
 256      B06EC3EA 
 256      2081639B 
 256      63FE3550 
 256      51E08F84 
 257 034a A33531FB 		.ascii	"\24351\373\273eU\213\2526\021(\020\216\006\277\337\270"
 257      BB65558B 
 257      AA361128 
 257      108E06BF 
 257      DFB8
 258 035c 2044C8B9 		.ascii	" D\310\271\271\310\340\246\032{Q\325\362\245\313?$d"
 258      B9C8E0A6 
 258      1A7B51D5 
 258      F2A5CB3F 
 258      2464
 259 036e 6420B478 		.ascii	"d \264x\303\372\000\201\275\201H\254z\265\257\032<\304"
 259      C3FA0081 
 259      BD8148AC 
 259      7AB5AF1A 
 259      3CC4
 260 0380 291CDDEC 		.ascii	")\034\335\354\032\202dx\013\307V\330\260"
 260      1A826478 
 260      0BC756D8 
 260      B0
 261              		.text
 262              		.section	.gnu.lto_chPoolFreeI.adb9c76ac5e04845,"",%progbits
 263 0000 789C8552 		.ascii	"x\234\205R\317k\023Q\020\236og7\011\244V\360 \242E\002"
 263      CF6B1351 
 263      109E6F67 
 263      3709A456 
 263      F020A245 
 264 0015 5A4311B3 		.ascii	"ZC\021\263\377\220'\203P\304\220\245\361\336\227\264"
 264      FF902783 
 264      50C490A5 
 264      F1DE97B4 
 265 0025 31A97AE8 		.ascii	"1\251z\350\301\246\020\026Y\324\"=\224*jMk\3255J\361"
 265      C1A61016 
 265      59D4223D 
 265      942A6A4D 
 265      6BD5354A 
 266 003a 6015A505 		.ascii	"`\025\245\005E\211\240\030\334\"\202\370\343\"Tg\266"
 266      4589A018 
 266      DC2282F8 
 266      E3225467 
 266      B6
 267 004b 15AD220E 		.ascii	"\025\255\"\016\373\330yo\346\373\346{\337n\202\210\312"
 267      FBD8796F 
 267      E6FBE67B 
 267      DF6E8288 
 267      CA
 268 005c 16514EDE 		.ascii	"\026QN\336{d\201\011\326\370#9LY\200&&\005\032\2660"
 268      7B648109 
 268      D6F82339 
ARM GAS  /tmp/ccs9OKfw.s 			page 21


 268      4C598026 
 268      26051AB6 
 269 0071 8C337C96 		.ascii	"\2143|\226\321\256u\347\255\201KF\"\234\234K\2374\325"
 269      D1AE75E7 
 269      AD814B46 
 269      229C9C4B 
 269      9F34D5
 270 0084 5D3E1335 		.ascii	"]>\0235di\340*\006\244\353\311\350e\237O\263\317\200"
 270      6469E02A 
 270      06A4EBC9 
 270      E8659F4F 
 270      B3CF80
 271 0097 2DDB8FCB 		.ascii	"-\333\217\313\3157\275\272\265\220\221\355\273\326R"
 271      CD37BDBA 
 271      B59091ED 
 271      BBD652
 272 00a6 3DC5FB40 		.ascii	"=\305\373@\222\177+w\246{\263S\306TL\370\360\"\233\375"
 272      927F2B77 
 272      A67BB353 
 272      C6544CF8 
 272      F0229BFD 
 273 00ba 3E33E6C0 		.ascii	">3\346\300B\210\353\350\3035\364\221\034\021n +\355"
 273      4288EBE8 
 273      C335F491 
 273      1C116E20 
 273      2BED
 274 00cc D1E8787D 		.ascii	"\321\350x};\037\210\241_\337\2576{6\241/\247b\250\215"
 274      3B1F88A1 
 274      5FDFAF36 
 274      7B36A12F 
 274      A762A88D 
 275 00e0 D69F509B 		.ascii	"\326\237P\2330\217\254\366\277x\336i\365\360\301\030"
 275      308FACF6 
 275      BF78DE69 
 275      F5F0C118 
 276 00f0 BBFA6AFA 		.ascii	"\273\372j\372p\377\205\030\332\235\331{~\304<0\266\317"
 276      70FF8518 
 276      DA9DD97B 
 276      7EC43C30 
 276      B6CF
 277 0102 0E16B6C2 		.ascii	"\016\026\266\3025\244\373\365\225\365\211m\011\0337"
 277      35A4FBF5 
 277      95F5896D 
 277      091B37
 278 0111 D11FFCBC 		.ascii	"\321\037\374\274,\026\221 H2\373\324\011\315\372\367"
 278      2C169120 
 278      4832FBD4 
 278      09CDFAF7 
 279 0121 9A093B87 		.ascii	"\232\011;\207\242\317_v$!S\0351O\306\332P\335DuA\210"
 279      A2CF5F76 
 279      2421531D 
 279      314FC6DA 
 279      50DD4475 
 280 0137 9726A431 		.ascii	"\227&\2441\2664\033\011\251\213J\360\251\341*\217\022"
 280      B6341B09 
 280      A98B4AF0 
 280      A9E12A8F 
ARM GAS  /tmp/ccs9OKfw.s 			page 22


 280      12
 281 0148 37A5B086 		.ascii	"7\245\260\206\312B\024U\323z\326d\310\344F\265\3758"
 281      CA421455 
 281      D37AD664 
 281      C8E446B5 
 281      FD38
 282 015a A9CE712C 		.ascii	"\251\316q,{\261\275\274\224\010p\256,\366g|\226&\033"
 282      7BB1BDBC 
 282      940870AE 
 282      2CF6677C 
 282      96261B
 283 016d B754A7D4 		.ascii	"\267T\247\324Vj\317:iw\306l\224\034\334F\200\211\370"
 283      566ACF3A 
 283      6977C66C 
 283      941CDC46 
 283      8089F8
 284 0180 B3E00E5C 		.ascii	"\263\340\016\\\345^95\346(\365\357\274\316_\274\301"
 284      E55E3935 
 284      E628F5EF 
 284      BCCE5FBC 
 284      C1
 285 0191 6E9F93A2 		.ascii	"n\237\223\242\006\341?\210\357\306\304zu\264\341\212"
 285      06E13F88 
 285      EFC6C47A 
 285      75B4E18A 
 286 01a1 4EE56E44 		.ascii	"N\345nDko\223\233\344[\330v\376G\346\275_2\357+\233"
 286      6B6F939B 
 286      E45BD876 
 286      FE47E6BD 
 286      5F32EF2B 
 287 01b6 451FC498 		.ascii	"E\037\304\230\331I\304\006k\324e\202X&?i&\227s7\236"
 287      D949C406 
 287      6BD46582 
 287      58263F69 
 287      26977337 
 288 01cb 62C91D3A 		.ascii	"b\311\035:\341\226\206\362n~\260p\264\340\025\213\307"
 288      E19686F2 
 288      6E7EB070 
 288      B4E0158B 
 288      C7
 289 01dc 4BB93C59 		.ascii	"K\271<Y\005\317.\0369\346\2617\350\375\000WC\334\332"
 289      05CF2E1E 
 289      39E6B137 
 289      E8FD0057 
 289      43DCDA
 290              		.text
 291              		.section	.gnu.lto_chPoolFree.adb9c76ac5e04845,"",%progbits
 292 0000 789C8D53 		.ascii	"x\234\215S]HSa\030\376\336}g?\341Z\320\205DIM\312\206"
 292      5D485361 
 292      18FEDE7D 
 292      673FE15A 
 292      D0854449 
 293 0017 103B5D44 		.ascii	"\020;]D\027\335\205\020t\341M^\025A\320\034h876\015"
 293      17DD8510 
 293      74E14D5E 
 293      1541D01C 
 293      68383736 
ARM GAS  /tmp/ccs9OKfw.s 			page 23


 294 002c BDF2A85B 		.ascii	"\275\362\250[\316,\225\314Uc\3240\245$\314\312\277\371"
 294      CE2C95CC 
 294      5563D430 
 294      A524CCCA 
 294      BFF9
 295 003e 93AE696A 		.ascii	"\223\256ij?\376\266EaX\030J\263\020,\350\242\300z\337"
 295      3FFEB645 
 295      6158184A 
 295      B3102CE8 
 295      A2C07ADF 
 296 0052 B391BA05 		.ascii	"\263\221\272\005u\330\371v\276\367}\276\347}\336\237"
 296      75D8F976 
 296      BEF77DBE 
 296      E77DDE9F 
 297 0062 4FC518EB 		.ascii	"O\305\030\353\024\030\033\302\377]\370\002g\240\250"
 297      14181BC2 
 297      FF5DF802 
 297      67A0A8
 298 0071 9F64AC5C 		.ascii	"\237d\254\\\243\000\240\017I\003\254L\001ep\211_\345"
 298      A300A00F 
 298      4903AC4C 
 298      01657089 
 298      5FE5
 299 0083 10AA5AEA 		.ascii	"\020\252Z\352Ud\336\221\360\011^\273\242\273 \271v\370"
 299      5564DE91 
 299      F0095EBB 
 299      A2BB20B9 
 299      76F8
 300 0095 38631E7C 		.ascii	"8c\036|\351\201\016\310D\324\214\363\201\217\327p\037"
 300      E9810EC8 
 300      44D48CF3 
 300      818FD770 
 300      1F
 301 00a6 071070BB 		.ascii	"\007\020p\273:\341\375\250\243\255\002\364\270\375\024"
 301      3AE1FDA8 
 301      A3AD02F4 
 301      B8FD14
 302 00b5 18756BF8 		.ascii	"\030uk\370^`\370\375\263|\276Ugh\221\244\012)8\322\314"
 302      5E60F8FD 
 302      B37CBE55 
 302      676891A4 
 302      0A2938D2 
 303 00ca A57D3ECE 		.ascii	"\245}>\316\241\0338\022B\027\244A'\244141\350\001\003"
 303      A11B3812 
 303      4217A441 
 303      27A43134 
 303      31E80103 
 304 00de C2A3CE7A 		.ascii	"\302\243\316z\3676\276_>\372\375K\304\253\215\037\015"
 304      F736BE5F 
 304      3EFAFD4B 
 304      C4AB8D1F 
 304      0D
 305 00ef B7C84705 		.ascii	"\267\310G\005\010$\036\025\030\364\202\201\360\013\017"
 305      08241E15 
 305      18F48281 
 305      F00B0F
 306 00fe D71AB7AA 		.ascii	"\327\032\267\252\204\230V\350\003\025\3741:\345|V\002"
ARM GAS  /tmp/ccs9OKfw.s 			page 24


 306      849856E8 
 306      0315FC31 
 306      3AE57C56 
 306      02
 307 010f 2AD9EEE1 		.ascii	"*\331\356\341\260\021\017\375\010\035\000\025K\200\317"
 307      B0110FFD 
 307      081D0015 
 307      4B80CF
 308 011e 2D1E5132 		.ascii	"-\036Q2rx\270\"\311w\343\320)\006\217\311\3077q\015"
 308      7278B822 
 308      C977E3D0 
 308      29068FC9 
 308      C737710D 
 309 0132 22D71072 		.ascii	"\"\327\020r\321\002\250\243}V\031\224\326~Ua5\267\007"
 309      D102A8A3 
 309      7D561994 
 309      D67E5561 
 309      35B707
 310 0145 A6A3B586 		.ascii	"\246\243\265\206-Xv\314\025+\207\262\005L@\311\230\033"
 310      2D5876CC 
 310      152B87B2 
 310      054C40C9 
 310      981B
 311 0157 15632BA4 		.ascii	"\025c+\244 \253\306P\370U\031d\237\241|\241\247\356"
 311      20ABC650 
 311      F8551964 
 311      9FA17CA1 
 311      A7EE
 312 0169 DDEBC424 		.ascii	"\335\353\304$\032<\272x\022B\222(\227\210\202\203\344"
 312      1A3CBA78 
 312      12429228 
 312      97888283 
 312      E4
 313 017a 53260B3E 		.ascii	"S&\013>x\222\301\023\362\2516\011\016\241\316a\022L"
 313      7892C113 
 313      F2A93609 
 313      0EA1CE61 
 313      124C
 314 018c 0B03D644 		.ascii	"\013\003\326D\001\357\016\016/j\323\357\301-\351\272"
 314      01EF0E0E 
 314      2F6AD3EF 
 314      C12DE9BA 
 315 019c DE173BF0 		.ascii	"\336\027;\360\365\376\243H\212\240@\310\010\244\343"
 315      F5FEA348 
 315      8AA040C8 
 315      08A4E3
 316 01ab FA1404B6 		.ascii	"\372\024\004\266\004\025\037\252k\324$\007\021\375c"
 316      04151FAA 
 316      6BD42407 
 316      11FD63
 317 01ba CD0D42C6 		.ascii	"\315\015B\306m\271_\223\001\255W\012:\365\177\351\266"
 317      6DB95F93 
 317      01AD570A 
 317      3AF57FE9 
 317      B6
 318 01cb 3C46A390 		.ascii	"<F\243\220\341\305T\221\300\337\216S\024#X]\273\374"
 318      E1C55491 
ARM GAS  /tmp/ccs9OKfw.s 			page 25


 318      C0DF8E53 
 318      1423585D 
 318      BBFC
 319 01dd 439D4490 		.ascii	"C\235D\220\324s\231`\214\010\270L\360\315#&$\273\024"
 319      D4739960 
 319      8C08B84C 
 319      F0CD2326 
 319      24BB14
 320 01f0 501180A2 		.ascii	"P\021\200\242\304k\245\246\024\346\336\316\007\264\274"
 320      C46BA5A6 
 320      14E6DECE 
 320      07B4BC
 321 01ff 03E4EE47 		.ascii	"\003\344\356G\336\267\236\216\307Zj\333\335T)\215K\002"
 321      DEB79E8E 
 321      C75A6ADB 
 321      DD54298D 
 321      4B02
 322 0211 36039E25 		.ascii	"6\003\236%\007[/\027<'\306q,\331\013*\031.d!!\313P\321"
 322      075B2F17 
 322      3C27C671 
 322      2CD90B2A 
 322      192E6421 
 323 0229 178DBA52 		.ascii	"\027\215\272R\310\346\345t)<\256\320\224\232.El\332"
 323      C8E6E574 
 323      293CAED0 
 323      949A2E45 
 323      6CDA
 324 023b 064213A3 		.ascii	"\006B\023\243*?\334\004\037Wc\352\360\222\310\321\036"
 324      2A3FDC04 
 324      1F5763EA 
 324      F092C8D1 
 324      1E
 325 024c AE7A339F 		.ascii	"\256z3\237\"\266\221n=\305\237\000?4\342<P\024\006\223"
 325      22B6916E 
 325      3DC59F00 
 325      3F34E23C 
 325      50140693 
 326 0260 201275F8 		.ascii	" \022u\370b\265\222\2307\322*\023i5\250\003\246\222"
 326      62B59298 
 326      37D22A13 
 326      6935A803 
 326      A692
 327 0272 69FD3B09 		.ascii	"i\375;\011<-\363B\234w\006DTI\324\236\350\362\242:\316"
 327      3C2DF342 
 327      9C770644 
 327      5449D49E 
 327      E8F2A23A 
 328 0287 FD1F1AFD 		.ascii	"\375\037\032\375\251D6\273I\344+\"\213\365\242#\326"
 328      A94436BB 
 328      49E42B22 
 328      8BF5A223 
 328      D6
 329 0298 4CB9F264 		.ascii	"L\271\362d\320\313\2731\332\321@w\325u\247\312\327\003"
 329      D0CBBB31 
 329      DAD14077 
 329      D575A7CA 
 329      D703
ARM GAS  /tmp/ccs9OKfw.s 			page 26


 330 02aa 07ADE79F 		.ascii	"\007\255\347\237\203\026\226\007-\202\203\266\202\203"
 330      83169607 
 330      2D8283B6 
 330      8283
 331 02b8 56536B20 		.ascii	"VSk 2\271#nL\004\257\011\202\364F\243\030\373Y\035\242"
 331      32B9236E 
 331      4C04AF09 
 331      82F446A3 
 331      18FB591D 
 332 02cd BD4874D8 		.ascii	"\275Ht\330M\242)\317b\266\330\254\326\002\207\321\304"
 332      4DA229CF 
 332      62B6D8AC 
 332      D60287D1 
 332      C4
 333 02de 14169B60 		.ascii	"\024\026\233`={\316\266'\001\230_h*(\3165#\330Q\352"
 333      3D7BCEB6 
 333      2701985F 
 333      682A28CE 
 333      3523D851 
 334 02f3 30E6B1CC 		.ascii	"0\346\261\314\004\277\315j/r\210GOdge\227 \310d\265"
 334      04BFCD6A 
 334      2F728847 
 334      4F646765 
 334      9720C864 
 335 0308 9BCF9C3F 		.ascii	"\233\317\234?lA\344\201\215HsI\221\230\225\235s<g\235"
 335      6C41E481 
 335      8D487349 
 335      9198959D 
 335      733C679D 
 336 031c 909026CB 		.ascii	"\220\220&\313\261\342B\023\2025&\233#?W\237\317\324"
 336      B1E24213 
 336      8235269B 
 336      233F579F 
 336      CFD4
 337 032e A8C96A2F 		.ascii	"\250\311j/e\334\226g\223\215f4\376\006/\270\275\355"
 337      65DC9667 
 337      938D6634 
 337      FE062FB8 
 337      BDED
 338              		.text
 339              		.section	.gnu.lto_.symbol_nodes.adb9c76ac5e04845,"",%progbits
 340 0000 789C55C8 		.ascii	"x\234U\310;\022@@\020E\321\367\364\260\032\213`e=\245"
 340      3B124040 
 340      1045D1F7 
 340      F4B01A8B 
 340      60653DA5 
 341 0014 9458E037 		.ascii	"\224X\3407\"\211E\220\221\310\354G\242L \351\340\006"
 341      22894590 
 341      91C8EC47 
 341      A24C20E9 
 341      E006
 342 0026 F7640042 		.ascii	"\367d\000B\014\311B\005\332\033Pp\253\017_D\353\251"
 342      0CC94205 
 342      DA1B5070 
 342      AB0F5F44 
 342      EBA9
 343 0038 FC0DBB2F 		.ascii	"\374\015\273/\243\014\324\304\312H\025+\023\325Y\011"
ARM GAS  /tmp/ccs9OKfw.s 			page 27


 343      A30CD4C4 
 343      CA48152B 
 343      13D55909 
 344 0048 D4D4CA4C 		.ascii	"\324\324\312L\315\2148\240[_B\0048\237\\\342W\315%\370"
 344      CD8C38A0 
 344      5B5F4204 
 344      389F5CE2 
 344      57CD25F8 
 345 005c 0016C827 		.ascii	"\000\026\310'\036"
 345      1E
 346              		.text
 347              		.section	.gnu.lto_.refs.adb9c76ac5e04845,"",%progbits
 348 0000 789C6363 		.ascii	"x\234cc```\004b\006\000\000D\000\010"
 348      60606004 
 348      62060000 
 348      440008
 349              		.text
 350              		.section	.gnu.lto_.decls.adb9c76ac5e04845,"",%progbits
 351 0000 789C9D57 		.ascii	"x\234\235WkP\024\331\025\356\333w\200a\230\001\027L"
 351      6B5014D9 
 351      15EEDB77 
 351      80619801 
 351      174C
 352 0012 CAA4A884 		.ascii	"\312\244\250\2042XER\302\210\232\325\312\257\265L\214"
 352      32584552 
 352      C2889AD5 
 352      CAAFB54C 
 352      8C
 353 0023 567637A9 		.ascii	"Vv7\251\270\373\303\252T\306q\230]\330\205\031v\006"
 353      B8FBC3AA 
 353      54C67198 
 353      5DD88519 
 353      7606
 354 0035 376BFEA4 		.ascii	"7k\376\244\021T\0241\250\254\002\"\340cQ\344!>\026\227"
 354      11541431 
 354      A8AC0222 
 354      E06351E4 
 354      213E1697 
 355 0049 97F25051 		.ascii	"\227\362PQ\020AD\021W\020\337\210\012\250\370@Tr\356"
 355      10414411 
 355      5710DF88 
 355      0AA8F840 
 355      5472EE
 356 005c A3677A7A 		.ascii	"\243gzz\035\255J\027gz\356\355s\276\363}\347\364\275"
 356      1DAD4A17 
 356      677AEEED 
 356      73BEF37D 
 356      E7F4BD
 357 006f 73F11504 		.ascii	"s\361\025\004at\022\230(\010Z,\010\023pia\256\001L\003"
 357      61741298 
 357      28085A2C 
 357      08137069 
 357      61AE014C 
 358 0084 7609AC16 		.ascii	"v\011\254\026\254\035\314$\260\313\017\254\017\354&"
 358      AC1DCC24 
 358      B0CB0FAC 
 358      0FEC26
ARM GAS  /tmp/ccs9OKfw.s 			page 28


 359 0093 D820D810 		.ascii	"\330 \330\020\330\010\330\023\260g\302O\257:$\010:\270"
 359      D808D813 
 359      B067C24F 
 359      AF3A2408 
 359      3AB8
 360 00a5 07834DE6 		.ascii	"\007\203M\3468\004\367\014\330\022\260n\216O\362\264"
 360      3804F70C 
 360      D812B06E 
 360      8E4FF2B4 
 361 00b5 820115A1 		.ascii	"\202\001\025\241\003\254\013\014\361\\\344\356\203<"
 361      03AC0B0C 
 361      F15CE4EE 
 361      833C
 362 00c3 714FC398 		.ascii	"qO\303\230p]\252\300V\362%\270M` K\350\344x\035\034"
 362      705DAAC0 
 362      56F225B8 
 362      4D60204B 
 362      E8E4781D 
 363 00d8 EB26BF1B 		.ascii	"\353&\277\033T\230\027`\254\177\003\246\211\343.\341"
 363      54981760 
 363      AC7F03A6 
 363      89E32EE1 
 364 00e8 98C1E017 		.ascii	"\230\301\340\027\202X\235\2729\347F\236C\307\353\362"
 364      82589DBA 
 364      39E7469E 
 364      43C7EBF2 
 365 00f8 33C4EA31 		.ascii	"3\304\3521\005\356\277\004\373\025X\030\330T\260i\210"
 365      05EEBF04 
 365      FB155818 
 365      D854B069 
 365      88
 366 0109 D58BA49F 		.ascii	"\325\213\244\237\256\342\320\013c\3777\324\253\211\347"
 366      AEE2D00B 
 366      63FF37D4 
 366      AB89E7
 367 0118 223923C1 		.ascii	"\"9#\301\247\227\347\355\344\271E\336\013o\365\272\346"
 367      A797E7ED 
 367      E4B945DE 
 367      0B6FF5BA 
 367      E6
 368 0129 A50FB29E 		.ascii	"\245\017\262\236\267a\023>#o\321\"\347U_\367\274\364"
 368      B761133E 
 368      236FD122 
 368      E7555FF7 
 368      BCF4
 369 013b C8A4D2A3 		.ascii	"\310\244\322\243\314Eh\313\265\231\245\3220\314k\343"
 369      CC4568CB 
 369      B599A5D2 
 369      30CC6BE3 
 370 014b 0D4FA943 		.ascii	"\015O\251C\211I8\274\253\027\352+\013\243s\251\025y"
 370      894938BC 
 370      AB17EA2B 
 370      0BA373A9 
 370      1579
 371 015d 381DA360 		.ascii	"8\035\243`\035\322\300\360a[\356\215@\030N\326\2410"
 371      1DD2C0F0 
 371      615BEE8D 
ARM GAS  /tmp/ccs9OKfw.s 			page 29


 371      40184ED6 
 371      A130
 372 016f 18E6D68C 		.ascii	"\030\346\326\214\266\370\260\247Z\030n\033\313\371\007"
 372      B6F8B0A7 
 372      5A186E1B 
 372      CBF907
 373 017e 161189EB 		.ascii	"\026\021\211\353=U\\B\342\226\350\020YQA0\265\377~\325"
 373      3D555C42 
 373      E296E810 
 373      59514130 
 373      B5FF7ED5 
 374 0192 98814D11 		.ascii	"\230\201M\021\217k\335\271;|\360{\364\373\341\261\303"
 374      8F6BDDB9 
 374      3B7CF07B 
 374      F4FBE1B1 
 374      C3
 375 01a3 E338AA54 		.ascii	"\3438\252Tb\2276N@U\010\313\024v\217\015\037\321\343"
 375      6297364E 
 375      405508CB 
 375      14768F0D 
 375      1FD1E3
 376 01b6 3F1047B1 		.ascii	"?\020G\261\255\343Y\265\026\351\"\322$i\245T\230\"\371"
 376      ADE359B5 
 376      16E922D2 
 376      2469A554 
 376      9822F9
 377 01c9 2F14D061 		.ascii	"/\024\320a\024\212\016\241P\001\325\241\010\002^\215"
 377      148A0EA1 
 377      5001D5A1 
 377      08025E8D 
 378 01d9 A204F403 		.ascii	"\242\004\364\003L\036\201\311\"\002X\337\236=\265\246"
 378      4C1E81C9 
 378      220258DF 
 378      9E3DB5A6 
 379 01e9 4F92C250 		.ascii	"O\222\302P-\322\241\032\204\251\017\324w\211\216\245"
 379      2DD2A11A 
 379      84A90FD4 
 379      77898EA5 
 380 01f9 686EACDB 		.ascii	"hn\254\333\032\210\233\021%\223\326\223r^\217\333\331"
 380      1A889B11 
 380      2593D693 
 380      725E8FDB 
 380      D9
 381 020a 207B5329 		.ascii	" {S)P\351\246\003M{\313\225\037t($\\\037\261\221\300"
 381      50E9A603 
 381      4D7BCB95 
 381      1F742824 
 381      5C1FB191 
 382 021f 427E0969 		.ascii	"B~\011i\024\004\352\001\271\001\205\020tt\034\3104\242"
 382      1404EA01 
 382      B9018510 
 382      74741CC8 
 382      34A2
 383 0231 702A6227 		.ascii	"p*b'a[\177\2656|O\363j)\323\214\232\220\036\035\343"
 383      615B7FB5 
 383      367C4FF3 
 383      6A29D38C 
ARM GAS  /tmp/ccs9OKfw.s 			page 30


 383      9A901E1D 
 384 0246 BEAE6063 		.ascii	"\276\256`c(\020\212\206\017a\235K\234\207\207@\342\010"
 384      28108A86 
 384      0F619D4B 
 384      9C878740 
 384      E208
 385 0258 1CD37472 		.ascii	"\034\323tr\015\206R\021\017\201\313\341\365\032\037"
 385      0D865211 
 385      0F81CBE1 
 385      F51A1F
 386 0267 C8EA41AC 		.ascii	"\310\352A\254)z\030\256\254\351\331\030\304Z\326O\036"
 386      297A18AE 
 386      ACE9D918 
 386      C45AD64F 
 386      1E
 387 0278 1FBC985A 		.ascii	"\037\274\230Z\033\200\323X\233\362nfl\360\321\300{B"
 387      1B80D358 
 387      9BF26E66 
 387      6CF0D1C0 
 387      7B42
 388 028a 2B63D390 		.ascii	"+c\323\220\271\023\023\317\352\203X\274\010\303\316"
 388      B91313CF 
 388      EA8358BC 
 388      08C3CE
 389 0299 9133DB03 		.ascii	"\2213\333\003X\374$\322\215m\333\217i\247l!\0242S\244"
 389      58FC24D2 
 389      8D6DDB8F 
 389      69A76C21 
 389      143253A4 
 390 02ad 492232E9 		.ascii	"I\"2\351Q\0130<M\031\266\242)\360y\012i\030\225\222"
 390      510B303C 
 390      4D19B6A2 
 390      29F0790A 
 390      69189592 
 391 02c1 4BA7BAF4 		.ascii	"K\247\272\364z\205\036x\256\320s\006\352\300\250\203"
 391      7A851E78 
 391      AED07306 
 391      EAC0A883 
 392 02d1 EFA1BE0D 		.ascii	"\357\241\276\015M\006\234Ey\211\233^\257<\342\213\""
 392      4D069C45 
 392      79899B5E 
 392      AF3CE28B 
 392      22
 393 02e2 F4BC7D67 		.ascii	"\364\274}g\346nY%I\"j\207\2006w\373\316\320zx\201Gg"
 393      E66E5925 
 393      49226A87 
 393      803677FB 
 393      CED07A78 
 394 02f9 A103CA0C 		.ascii	"\241\003\312\014>\005}\371\273\203PxHxD\270\334\221"
 394      3E057DF9 
 394      BB835078 
 394      487844B8 
 394      DC91
 395 030b 19D98F06 		.ascii	"\031\331\217\006$i\223\236\"7\003\3629eK\276G\256\236"
 395      2469939E 
 395      223703F2 
 395      39654BBE 
ARM GAS  /tmp/ccs9OKfw.s 			page 31


 395      47AE9E
 396 031e D086674A 		.ascii	"\320\206gJ\254\341'\301\341\004}v\216w\373<\344\352"
 396      ACE127C1 
 396      E1047D76 
 396      8E77FB3C 
 396      E4EA
 397 0330 44E1A80B 		.ascii	"D\341\250\013\254\303\243\353g\263'\357J\221N\315\240"
 397      ACC3A3EB 
 397      67B327EF 
 397      4A914ECD 
 397      A0
 398 0341 4D3FAACE 		.ascii	"M?\252\316\340n:ojvp2\344 N\312\2562\250\213\331\301"
 398      E06E3A6F 
 398      6A767032 
 398      E4204ECA 
 398      AE32A88B 
 399 0357 0C8AF4AA 		.ascii	"\014\212\364\252\362\215P\207\011+R\315\316-'J\374\360"
 399      F28D5087 
 399      092B52CD 
 399      CE2D274A 
 399      FCF0
 400 0369 0956CDA1 		.ascii	"\011V\315\241\235\3177\004\241\210\020\226\343i\266"
 400      9DCF3704 
 400      A1881096 
 400      E369B6
 401 0378 2F7971BA 		.ascii	"/yq\272!\370\202\273\226$\243\027\231\350\"\250{\233"
 401      21F882BB 
 401      9624A317 
 401      99E822A8 
 401      7B9B
 402 038a 52C8B7E3 		.ascii	"R\310\267\343u\321Z?e\247\273=\336\334K\354\315%wp\256"
 402      75D15A3F 
 402      65A7BB3D 
 402      DEDC4BEC 
 402      CD257770 
 403 039f 6A5C7DCE 		.ascii	"j\\}\316p\025\365\"\362\342M\242\020\010\261O\270\023"
 403      7015F522 
 403      F2E24DA2 
 403      1008B14F 
 403      B813
 404 03b1 A3E309F9 		.ascii	"\243\343\011\371Bl\036fEv\343\256d \207\360\357\360"
 404      426C1E66 
 404      4576E3AE 
 404      642087F0 
 404      EFF0
 405 03c3 29720C51 		.ascii	")r\014Q\306\245\177\034\000)Q\331s\226N\276\004\031"
 405      C6A57F1C 
 405      002951D9 
 405      73964EBE 
 405      0419
 406 03d5 9ED192E3 		.ascii	"\236\321\222\343\004\006\351\231L\021\344\301Up=v\321"
 406      0406E999 
 406      4C11E4C1 
 406      55703D76 
 406      D1
 407 03e6 748B44BC 		.ascii	"t\213D\274b\325;\312\357h\372Q\037\214\027\010B\246"
 407      62D53BCA 
ARM GAS  /tmp/ccs9OKfw.s 			page 32


 407      EF68FA51 
 407      1F8C1708 
 407      42A6
 408 03f8 3681CEAE 		.ascii	"6\201\316\256}y\371\"\306\347\331\352\034\356\315\271"
 408      7D79F922 
 408      C6E7D9EA 
 408      1CEECDB9 
 409 0408 A5A5AB13 		.ascii	"\245\245\253\023\352\306W\347\236\0237\366\213^\327"
 409      EAC657E7 
 409      9E1337F6 
 409      8B5ED7
 410 0417 5F2F5D7F 		.ascii	"_/]\177W\344\365\327\223Q\266\333\177j\241T\337/\325"
 410      57E4F5D7 
 410      9351B6DB 
 410      7F6AA154 
 410      DF2FD5
 411 042a 4F5C092B 		.ascii	"O\\\011+8\273:\255\003\002\227RG\364\243\273\373?\222"
 411      38BB3AAD 
 411      03029752 
 411      47F4A3BB 
 411      FB3F92
 412 043d ED165D46 		.ascii	"\355\026]F\375\010\365\240\253@\270\017M\205\370W\225"
 412      FD08F5A0 
 412      AB40B80F 
 412      4D85F857 
 412      95
 413 044e B5B1380D 		.ascii	"\265\2618\015S2k6\226\337\324Q2\355.2\373*\217=\367"
 413      53326B36 
 413      96DFD451 
 413      32ED2E32 
 413      FB2A8F3D 
 414 0463 776D1FFD 		.ascii	"wm\037\375\210N^\277P\233kp\261\276\306&\217w\037\271"
 414      884E5EBF 
 414      509B6B70 
 414      B1BEC626 
 414      8F771FB9 
 415 0477 EE417BE9 		.ascii	"\356A{\351\317\025\264oP\332\327e\332\215\311\233Wi"
 415      CF15B46F 
 415      50DAD765 
 415      DA8DC99B 
 415      5769
 416 0489 817621D0 		.ascii	"\201v!\320\356\313\321\347J\365+%\262\374\301\015\310"
 416      EECBD1E7 
 416      4AF52B25 
 416      B2FCC10D 
 416      C8
 417 049a B9485F55 		.ascii	"\271H_U\223\276II\217\356\316>\256\3039\330\353\006"
 417      93BE4949 
 417      8FEECE3E 
 417      AEC339D8 
 417      EB06
 418 04ac D754365E 		.ascii	"\327T6^\217\351\034\324\3566\343\367\270\363\3732_\027"
 418      8FE91CD4 
 418      EE36E3F7 
 418      B8F3FB32 
 418      5F17
 419 04be E93B6CB2 		.ascii	"\351;l\262*\355P\206\257W\322w)\351\001\231tu\353\203"
ARM GAS  /tmp/ccs9OKfw.s 			page 33


 419      2AED5086 
 419      AF57D277 
 419      29E90199 
 419      7475EB83 
 420 04d2 7C5F4EBA 		.ascii	"|_N\272%\324\305\031\274\320-7\347[j\316\203\224\363"
 420      25D4C519 
 420      BCD02D37 
 420      E75B6ACE 
 420      8394F3
 421 04e5 8DEEEB03 		.ascii	"\215\356\353\003\006\\\214\377\317\266?\240T\356\313"
 421      065C8CFF 
 421      CFB63FA0 
 421      54EECB
 422 04f4 545E671E 		.ascii	"T^g\036\335\211\201J?P9Y\020\310\270$\213\304\015\335"
 422      DD89814A 
 422      3F503959 
 422      10C8B824 
 422      8BC40DDD 
 423 0508 7373B9A7 		.ascii	"ss\271\247\3462D\2714<Y\233\241\303\225\214K\333p[\223"
 423      E63244B9 
 423      343C599B 
 423      A1C3958C 
 423      4BDB705B 
 424 051d 1F5735F8 		.ascii	"\037W5\370;\227*\2024\354F\032V#\215P\244\207\325E\217"
 424      3B972A82 
 424      34EC461A 
 424      56238D50 
 424      A487D545 
 425 0532 316E6448 		.ascii	"1ndH\345\245\343\025:\271\352LT}~fk\220K\350#V\364\241"
 425      E5A5E315 
 425      3AB9EA4C 
 425      547D7E66 
 425      6B904BE8 
 426 054a BEF4D55A 		.ascii	"\276\364\325Z\257E\037\245J\037\313Jodv\275\322s\245"
 426      AF451FA5 
 426      4A1FCB4A 
 426      6F6476BD 
 426      D273A5
 427 055d 7D657A97 		.ascii	"}ez\227RpC\017\335\374\036\252\371=\241\3746\027\037"
 427      5270430F 
 427      DDFC1EAA 
 427      F93DA1FC 
 427      36171F
 428 0570 5BAFC167 		.ascii	"[\257\301gy\325/\217g\007r\250\226\271\036HO\335HO\325"
 428      79D52F8F 
 428      670772A8 
 428      96B91E48 
 428      4FDD484F 
 429 0585 48CF28D2 		.ascii	"H\317(\322@\372\323\375~\270\207!\355\032\254j\342\247"
 429      40FAD3FD 
 429      7EB88721 
 429      ED1AAC6A 
 429      E2A7
 430 0597 22030CAF 		.ascii	"\"\003\014\257\354\314\372N\303~@\007\350V\331\366x"
 430      ECCCFA4E 
 430      C37E4007 
 430      E856D9F6 
ARM GAS  /tmp/ccs9OKfw.s 			page 34


 430      78
 431 05a8 8B0EDF61 		.ascii	"\213\016\337a\276\267\253\263\216\353ti\3748\001\373"
 431      BEB7ABB3 
 431      8EEB7469 
 431      FC3801FB 
 432 05b8 2604B9B7 		.ascii	"&\004\271\267\315\227\010\016(\260\263\323m\030\274"
 432      CD97080E 
 432      28B0B3D3 
 432      6D18BC
 433 05c7 2F3CAF7B 		.ascii	"/<\257{\241\307#4TS\232\262oD\203\"B\021\270#]\221|"
 433      A1C72334 
 433      54539AB2 
 433      6F448322 
 433      4211B823 
 434 05de 781250B2 		.ascii	"x\022P\262\250C\257\370\371\011\256\\\011\340G\376C"
 434      A843AFF8 
 434      F909AE5C 
 434      09E047FE 
 434      43
 435 05ef A6E1BB96 		.ascii	"\246\341\273\226\336\351\371I\332%\341)\002\232\025"
 435      DEE9F949 
 435      DA25E129 
 435      029A15
 436 05fe 8A66C026 		.ascii	"\212f\300&\377\0326v\362H@\222\030\212&XBI\352\030\366"
 436      FF1A3676 
 436      F2484092 
 436      188A2658 
 436      4249EA18 
 437 0613 09CEE4BF 		.ascii	"\011\316\344\277\012\037 \212\375\002\022\216Q~+\305"
 437      0A1F208A 
 437      FD02128E 
 437      517E2BC5 
 438 0623 609925F1 		.ascii	"`\231%\361>\220wj\314_\307\261\323\336\205=\2615\357"
 438      3E90776A 
 438      CC5FC7B1 
 438      D3DE853D 
 438      B135EF
 439 0636 A19F123B 		.ascii	"\241\237\022;\345m\330=\347s\272\014\323vI\035\365R"
 439      E56DD83D 
 439      E773BA0C 
 439      D376491D 
 439      F552
 440 0648 FDED02DF 		.ascii	"\375\355\002\337\344\302\372\3440\224*\006\243qh\016"
 440      E4C2FAE4 
 440      30942A06 
 440      A371680E 
 441 0658 BCB88AC8 		.ascii	"\274\270\212\310\3470\363OQ@\253\304i\020X\327V\225"
 441      E730F34F 
 441      5140ABC4 
 441      691058D7 
 441      5695
 442 066a 8CF01356 		.ascii	"\214\360\023V\356\264\346\276\013\374l\364\036\014K"
 442      EEB4E6BE 
 442      0BFC6CF4 
 442      1E0C4B
 443 0679 DB9AAF60 		.ascii	"\333\232\257`\326\2324\2448\353\004\263\263NnW\347S"
 443      D69A34A4 
ARM GAS  /tmp/ccs9OKfw.s 			page 35


 443      38EB04B3 
 443      B34E6E57 
 443      E753
 444 068b E4B539EB 		.ascii	"\344\2659\353D\336\234\265\"\3253x\267\330\241.U\032"
 444      44DE9CB5 
 444      22D53378 
 444      B7D8A12E 
 444      551A
 445 069d C85D2312 		.ascii	"\310]#\022\357t*\207\306\020\347os_\300\214J\274W\357"
 445      EF742A87 
 445      C610E76F 
 445      735FC08C 
 445      4ABC57EF 
 446 06b1 86D4E263 		.ascii	"\206\324\342c\210\213\037\374\005\323\276\236k\207M"
 446      888B1FFC 
 446      05D3BE9E 
 446      6B874D
 447 06c0 4F11B85A 		.ascii	"O\021\270Zd\3323\250\366\233\343e\325\201L\217/\014"
 447      64DA33A8 
 447      F69BE365 
 447      D5814C8F 
 447      2F0C
 448 06d2 8F9D81A3 		.ascii	"\217\235\201\243\237W=\377\225\365l`zF\327\255z\306"
 448      9F573DFF 
 448      95F56C60 
 448      7A46D7AD 
 448      7AC6
 449 06e4 8FFE7E30 		.ascii	"\217\376~0\334{;o\203\236\325j.9\332]\317jEj\271\033"
 449      DC7B3B6F 
 449      839ED56A 
 449      2E39DA5D 
 449      CF6A456A 
 450 06fa 814726E5 		.ascii	"\201G&\345\261\211\012\240\220t\000\021c\2715u>\312"
 450      B1890AA0 
 450      90740011 
 450      63B93575 
 450      3ECA
 451 070c 23023911 		.ascii	"#\0029\021\271\323o\026\331\021\001\356\344\334=Pn\300"
 451      B9D36F16 
 451      D91101EE 
 451      E4DC3D50 
 451      6EC0
 452 071e 291ADAB4 		.ascii	")\032\332\264\355\007\0365\006\362_18D\027_\202#\033"
 452      ED071E35 
 452      06F25F31 
 452      3844175F 
 452      82231B
 453 0731 C0A4220D 		.ascii	"\300\244\"\015]\235Y\242ku\302W\317\325\371\255HVg\307"
 453      5D9D59A2 
 453      6B75C257 
 453      CFD5F9AD 
 453      485667C7 
 454 0745 50CDFA00 		.ascii	"P\315\372\000\234\301\320J\327Od\371x\335_\266\212d"
 454      9CC1D04A 
 454      D74F64F9 
 454      78DD5FB6 
 454      8A64
ARM GAS  /tmp/ccs9OKfw.s 			page 36


 455 0757 7FB1F1ED 		.ascii	"\177\261\361\355\345\332\321\207\017\374x\346\326t|"
 455      E5DAD187 
 455      0FFC78E6 
 455      D6747C
 456 0766 B675B504 		.ascii	"\266u\265\004\277\237\205\013\251\037\332\342N\274E"
 456      BF9F850B 
 456      A91FDAE2 
 456      4EBC45
 457 0775 9D389B26 		.ascii	"\2358\233&\356/\270\263\331\200\253X\342\321\254\247"
 457      EE2FB8B3 
 457      D980AB58 
 457      E2D1ACA7 
 458 0785 83F28FF1 		.ascii	"\203\362\217\361\275l\\\342\011\226\343\006\313Q\203"
 458      BD6C5CE2 
 458      0996E306 
 458      CB5183
 459 0794 E552B03D 		.ascii	"\345R\260=\3276\354\366\303\303\014l_Y~E ~\311\006\351"
 459      D736ECF6 
 459      C3C30C6C 
 459      5F597E45 
 459      207EC906 
 460 07a9 8D4D79E4 		.ascii	"\215My\344\307\013\345\221H\372\236\027nk\320\362\\"
 460      C70BE591 
 460      48FA9E17 
 460      6E6BD0F2 
 460      5C
 461 07ba DDC538A7 		.ascii	"\335\3058\247$?C*L\226>8%\322d\333\344dh\273\250!"
 461      243F432A 
 461      4C963E38 
 461      25D264DB 
 461      E46468BB 
 462 07d0 23CF7CF9 		.ascii	"#\317|\3714\337\372U\373\222\375\360\021\037\232\242"
 462      34DFFA55 
 462      FB92FDF0 
 462      111F9AA2 
 463 07e0 36BDEC7E 		.ascii	"6\275\354~\000\007lO\307\325\351\351\014p!\305+p\223"
 463      00076C4F 
 463      C7D5E9E9 
 463      0C7021C5 
 463      2B7093
 464 07f3 2F508315 		.ascii	"/P\203\025R\260\242g\317\323\003q\003\003\273\177qo"
 464      52B0A267 
 464      CFD30371 
 464      0303BB7F 
 464      716F
 465 0805 87DE5D89 		.ascii	"\207\336]\211\\\317J\354p\203\355P\203\355\244`\243"
 465      5CCF4AEC 
 465      7083ED50 
 465      83EDA460 
 465      A3
 466 0816 C99BF76B 		.ascii	"\311\233\367kq\253\217\027\361c\235\231]z\267\370R\225"
 466      71AB8F17 
 466      F1639D99 
 466      5D7AB7F8 
 466      5295
 467 0828 F85D2EF1 		.ascii	"\370].\361\273A\374.u\212\357h\212\206\211\226\011\035"
 467      BB41FC2E 
ARM GAS  /tmp/ccs9OKfw.s 			page 37


 467      758AEF68 
 467      8A868996 
 467      091D
 468 083a EE61292A 		.ascii	"\356a)*o\237>\251c\257\276D\266\211\362G\243\345\276"
 468      6F9F3EA9 
 468      63AFBE44 
 468      B689F247 
 468      A3E5BE
 469 084d 6C65907F 		.ascii	"le\220\177l7\3666\2740x]V\305\362\262\332\313\226\325"
 469      6C37F636 
 469      BC30785D 
 469      56C5F2B2 
 469      DACB96D5 
 470 0861 CA947307 		.ascii	"\312\224s\007\003\325\013g\217\310\266\021\001\355\243"
 470      03D50B67 
 470      8FC8B611 
 470      01EDA3
 471 0870 0BA7585E 		.ascii	"\013\247X^\371\007\236O<\366Q\357\023^\275\357>:\333"
 471      F9079E4F 
 471      3CF651EF 
 471      135EBDEF 
 471      3E3ADB
 472 0883 ADE5FBC4 		.ascii	"\255\345\373\304\304\225\351yERZ\005\354\370%|\253\200"
 472      C495E979 
 472      45525A05 
 472      ECF8257C 
 472      AB80
 473 0895 B38622B6 		.ascii	"\263\206\"\266\210o\025\245t\253\030;\2775\017+Wg\257"
 473      886F15A5 
 473      74AB183B 
 473      BF350F2B 
 473      5767AF
 474 08a8 C7BF6A65 		.ascii	"\307\277je|u\226\321\325\371 }\250E\304wXu\272{R\253"
 474      7C7596D1 
 474      D5F9207D 
 474      A845C477 
 474      5875BA7B 
 475 08be F89E1A00 		.ascii	"\370\236\032\000\303\224\322\243\225>^\253Q!Wc?\253"
 475      C394D2A3 
 475      953E5EAB 
 475      51215763 
 475      3FAB
 476 08d0 C6D0FDA2 		.ascii	"\306\320\375\242\222\237\374\300\270\377\277:@\365U"
 476      929FFCC0 
 476      B8FFBF3A 
 476      40F555
 477 08df C8FA2A4F 		.ascii	"\310\372*O\346<\321\251\253\341\325\373\350\2355\353"
 477      E63CD1A9 
 477      ABE1D5FB 
 477      E89D35EB 
 478 08ef E56ABC88 		.ascii	"\345j\274\210d\273\346A^\0128\000(\002\313y)\016\211"
 478      64BBE641 
 478      5E0A3800 
 478      2802CB79 
 478      290E89
 479 0902 D384C084 		.ascii	"\323\204\300\204D\223}\331\027VK\222\311\031\367o\353"
 479      44937DD9 
ARM GAS  /tmp/ccs9OKfw.s 			page 38


 479      17564B92 
 479      C919F76F 
 479      EB
 480 0913 AFA3A28C 		.ascii	"\257\243\242\214\354\317\3564:\222\214N\207\305h\211"
 480      ECCFEE34 
 480      3A928C4E 
 480      87C56889 
 481 0923 4DB02624 		.ascii	"M\260&$\332\355\361\316(\213\366\317\037\177\0326?:"
 481      DAEDF1CE 
 481      288BF6CF 
 481      1F7F1A36 
 481      3F3A
 482 0935 5AF025DE 		.ascii	"Z\360%\336\246\244Td\214\265'X\215f\213\323\032\031"
 482      A6A45464 
 482      8CB52758 
 482      8D668BD3 
 482      1A19
 483 0947 6F5E66FC 		.ascii	"o^f\374\243\335\262<\301jKr\032?\261\232\023\376b\374"
 483      A3DDB23C 
 483      C16A4B72 
 483      1A3FB19A 
 483      13FE62FC 
 484 095b 93253E2E 		.ascii	"\223%>.\321i5Y#\023\227[\276\234i\374\204\340\030?\267"
 484      D1693559 
 484      2313975B 
 484      BE9C69FC 
 484      84E0183F 
 485 0970 5822CD8E 		.ascii	"X\"\315\216\204H\233\335f\215\264\232\227\305E\316\211"
 485      84489BDD 
 485      668DB49A 
 485      97C545CE 
 485      89
 486 0981 9C39237A 		.ascii	"\2349#zN\344W\263#\023\314_\330\035\306\370\270e\304"
 486      4EE457B3 
 486      2313CC5F 
 486      D81DC6F8 
 486      B865C4
 487 0994 CBE8E165 		.ascii	"\313\350\341e\234\02353*\332\030g\263\304/\217\261\032"
 487      9C133533 
 487      2ADA1867 
 487      B3C42F8F 
 487      B11A
 488 09a6 9D493131 		.ascii	"\235I11\326\317\242b\005?\020a\263~\223\344\227\030"
 488      D6CFA262 
 488      053F1061 
 488      B37E93E4 
 488      9718
 489 09b8 4BEF0184 		.ascii	"K\357\001\204\255)\326j\216\261:\302U\212\344`\205\252"
 489      AD29D66A 
 489      8EB13AC2 
 489      558AE460 
 489      85AA
 490 09ca 58210000 		.ascii	"X!\000\000\022\035\366\257\343 @\017\363\237[\223>["
 490      121DF6AF 
 490      E320400F 
 490      F39F5B93 
 490      3E5B
ARM GAS  /tmp/ccs9OKfw.s 			page 39


 491 09dc 6EB39892 		.ascii	"n\263\230\222~\363\266h\213\335a\205`\003|\265;V\230"
 491      7EF3B668 
 491      8BDD6185 
 491      60037CB5 
 491      3B5698
 492 09ef 68D2A410 		.ascii	"h\322\244\020K\354\337\340\313\274\370x\273eQT\242\331"
 492      4BECDFE0 
 492      CBBCF878 
 492      BB655154 
 492      A2D9
 493 0a01 91143523 		.ascii	"\221\0245#\354\035U\025&\261\240\277\322F,\262\305%"
 493      EC1D5515 
 493      26B1A0BF 
 493      D2462CB2 
 493      C525
 494 0a13 05B1890F 		.ascii	"\005\261\211\017\355\346\230y\016\207y\205^\211\032"
 494      EDE69879 
 494      0E877985 
 494      5E891A
 495 0a22 A018F0EF 		.ascii	"\240\030\360\357\013\034V\353\"\235\373\273\301d\242"
 495      0B1C56EB 
 495      229DFBBB 
 495      C164A2
 496 0a31 024C51BF 		.ascii	"\002LQ\277\2373s\266V\036i,\261f\207\362Y\364\014\177"
 496      9F3373B6 
 496      561E692C 
 496      B16687F2 
 496      59F40C7F 
 497 0a45 0E161303 		.ascii	"\016\026\023\003P\213W8?\265\001\352\227\352\367\300"
 497      508B5738 
 497      3FB501EA 
 497      97EAF7C0 
 498 0a55 ADDBB982 		.ascii	"\255\333\271\202\026,\321\356H2-\247\276\277U\371\222"
 498      162CD1EE 
 498      48322DA7 
 498      BEBF55F9 
 498      92
 499 0a66 474EE3BC 		.ascii	"GN\343\274\277\1774\377\243o \200T\311\364\365\373\011"
 499      BF7F34FF 
 499      A36F2080 
 499      54C9F4F5 
 499      FB09
 500 0a78 10A53799 		.ascii	"\020\2457\231\2546\363\262x\253)\316\361\225\301\034"
 500      AC36F3B2 
 500      78AB29CE 
 500      F195C11C 
 501 0a88 FF2FF30A 		.ascii	"\377/\363\012\247)\316\026\037g\263NW\202@\013\215\363"
 501      A729CE16 
 501      1F67B34E 
 501      5782400B 
 501      8DF3
 502 0a9a 3F5ABC68 		.ascii	"?Z\274h\261;/\001\261$,\000\336\200\343O\231~\010\271"
 502      B13B2F01 
 502      B1242C00 
 502      DE80E34F 
 502      997E08B9 
 503 0aae FD290FC2 		.ascii	"\375)\017\302\002T\305\3049]\340J\215\357+G\263f\377"
ARM GAS  /tmp/ccs9OKfw.s 			page 40


 503      0254C5C4 
 503      395DE04A 
 503      8DEF2B47 
 503      B366FF
 504 0ac1 0F01041E 		.ascii	"\017\001\004\036f"
 504      66
 505              		.text
 506              		.section	.gnu.lto_.symtab.adb9c76ac5e04845,"",%progbits
 507 0000 6368506F 		.ascii	"chPoolObjectInit\000"
 507      6F6C4F62 
 507      6A656374 
 507      496E6974 
 507      00
 508 0011 00       		.ascii	"\000"
 509 0012 00       		.ascii	"\000"
 510 0013 00       		.ascii	"\000"
 511 0014 00000000 		.ascii	"\000\000\000\000\000\000\000\000"
 511      00000000 
 512 001c E4000000 		.ascii	"\344\000\000\000"
 513 0020 6368506F 		.ascii	"chPoolLoadArray\000"
 513      6F6C4C6F 
 513      61644172 
 513      72617900 
 514 0030 00       		.ascii	"\000"
 515 0031 00       		.ascii	"\000"
 516 0032 00       		.ascii	"\000"
 517 0033 00000000 		.ascii	"\000\000\000\000\000\000\000\000"
 517      00000000 
 518 003b EA000000 		.ascii	"\352\000\000\000"
 519 003f 6368506F 		.ascii	"chPoolAllocI\000"
 519      6F6C416C 
 519      6C6F6349 
 519      00
 520 004c 00       		.ascii	"\000"
 521 004d 00       		.ascii	"\000"
 522 004e 00       		.ascii	"\000"
 523 004f 00000000 		.ascii	"\000\000\000\000\000\000\000\000"
 523      00000000 
 524 0057 EE000000 		.ascii	"\356\000\000\000"
 525 005b 6368506F 		.ascii	"chPoolAlloc\000"
 525      6F6C416C 
 525      6C6F6300 
 526 0067 00       		.ascii	"\000"
 527 0068 00       		.ascii	"\000"
 528 0069 00       		.ascii	"\000"
 529 006a 00000000 		.ascii	"\000\000\000\000\000\000\000\000"
 529      00000000 
 530 0072 F0000000 		.ascii	"\360\000\000\000"
 531 0076 6368506F 		.ascii	"chPoolFreeI\000"
 531      6F6C4672 
 531      65654900 
 532 0082 00       		.ascii	"\000"
 533 0083 00       		.ascii	"\000"
 534 0084 00       		.ascii	"\000"
 535 0085 00000000 		.ascii	"\000\000\000\000\000\000\000\000"
 535      00000000 
 536 008d F5000000 		.ascii	"\365\000\000\000"
ARM GAS  /tmp/ccs9OKfw.s 			page 41


 537 0091 6368506F 		.ascii	"chPoolFree\000"
 537      6F6C4672 
 537      656500
 538 009c 00       		.ascii	"\000"
 539 009d 00       		.ascii	"\000"
 540 009e 00       		.ascii	"\000"
 541 009f 00000000 		.ascii	"\000\000\000\000\000\000\000\000"
 541      00000000 
 542 00a7 F7000000 		.ascii	"\367\000\000\000"
 543              		.text
 544              		.section	.gnu.lto_.opts,"",%progbits
 545 0000 272D666D 		.ascii	"'-fmath-errno' '-fsigned-zeros' '-ftrapping-math' '"
 545      6174682D 
 545      6572726E 
 545      6F272027 
 545      2D667369 
 546 0033 2D666E6F 		.ascii	"-fno-trapv' '-fno-openmp' '-fno-openacc' '-mcpu=cor"
 546      2D747261 
 546      70762720 
 546      272D666E 
 546      6F2D6F70 
 547 0066 7465782D 		.ascii	"tex-m0' '-mno-thumb-interwork' '-mthumb' '-O2' '-fo"
 547      6D302720 
 547      272D6D6E 
 547      6F2D7468 
 547      756D622D 
 548 0099 6D69742D 		.ascii	"mit-frame-pointer' '-falign-functions=16' '-ffuncti"
 548      6672616D 
 548      652D706F 
 548      696E7465 
 548      72272027 
 549 00cc 6F6E2D73 		.ascii	"on-sections' '-fdata-sections' '-fno-common' '-flto"
 549      65637469 
 549      6F6E7327 
 549      20272D66 
 549      64617461 
 550 00ff 2700     		.ascii	"'\000"
 551              		.text
 552              		.comm	__gnu_lto_v1,1,1
 553              		.comm	__gnu_lto_slim,1,1
 554              		.ident	"GCC: (GNU Tools for Arm Embedded Processors 7-2017-q4-major) 7.2.1 20170904 (release) [ARM
ARM GAS  /tmp/ccs9OKfw.s 			page 42


DEFINED SYMBOLS
                            *ABS*:0000000000000000 chmempools.c
                            *COM*:0000000000000001 __gnu_lto_v1
                            *COM*:0000000000000001 __gnu_lto_slim

NO UNDEFINED SYMBOLS
