ARM GAS  /tmp/ccP4GdWr.s 			page 1


   1              		.cpu cortex-m0
   2              		.eabi_attribute 20, 1
   3              		.eabi_attribute 21, 1
   4              		.eabi_attribute 23, 3
   5              		.eabi_attribute 24, 1
   6              		.eabi_attribute 25, 1
   7              		.eabi_attribute 26, 1
   8              		.eabi_attribute 30, 2
   9              		.eabi_attribute 34, 0
  10              		.eabi_attribute 18, 4
  11              		.file	"hal.c"
  12              		.section	.gnu.lto_.profile.d84a77c99058d738,"",%progbits
  13 0000 789C6363 		.ascii	"x\234cc```\001bF\006Sv\000\000\351\000H"
  13      60606001 
  13      62460653 
  13      760000E9 
  13      0048
  14              		.text
  15              		.section	.gnu.lto_.icf.d84a77c99058d738,"",%progbits
  16 0000 789C6363 		.ascii	"x\234cc``\340`@\000F\206[K\037\314\340g\000\000\017"
  16      6060E060 
  16      40004686 
  16      5B4B1FCC 
  16      E0670000 
  17 0015 0B0316   		.ascii	"\013\003\026"
  18              		.text
  19              		.section	.gnu.lto_.jmpfuncs.d84a77c99058d738,"",%progbits
  20 0000 789C6363 		.ascii	"x\234cc``\360b@\000F\010\305\3048\205\231\261\371\327"
  20      6060F062 
  20      40004608 
  20      C5C43885 
  20      99B1F9D7 
  21 0014 FECF7CF5 		.ascii	"\376\317|\365\177\033$\34603,`\006Inf\254g`<\300\302"
  21      7F1B24E6 
  21      30332C60 
  21      06496E66 
  21      AC67603C 
  22 002a C800C47F 		.ascii	"\310\000\304\177\376\377\377\317\317\310\004T7\255\365"
  22      FEFFFFCF 
  22      CFC80454 
  22      37ADF5
  23 0039 D079F66E 		.ascii	"\320y\366nf\240*F\006\306-\2142 \314\300\000\000\006"
  23      66A02A46 
  23      06C62D8C 
  23      3220CCC0 
  23      000006
  24 004c D81467   		.ascii	"\330\024g"
  25              		.text
  26              		.section	.gnu.lto_.inline.d84a77c99058d738,"",%progbits
  27 0000 789C6363 		.ascii	"x\234cc``\320c@\000F\006\006NSF\006& \223m\201<\023"
  27      6060D063 
  27      40004606 
  27      064E5346 
  27      06262093 
  28 0018 58880B85 		.ascii	"X\210\013\205`\342\006\251\0023\031\0004\322\001x"
  28      60E206A9 
  28      02331900 
ARM GAS  /tmp/ccP4GdWr.s 			page 2


  28      34D20178 
  29              		.text
  30              		.section	.gnu.lto_.pureconst.d84a77c99058d738,"",%progbits
  31 0000 789C6363 		.ascii	"x\234cc```\006bF\006\011\000\000}\000#"
  31      60606006 
  31      62460609 
  31      00007D00 
  31      23
  32              		.text
  33              		.section	.gnu.lto_halInit.d84a77c99058d738,"",%progbits
  34 0000 789C7590 		.ascii	"x\234u\220\273J\003A\024\206\317\277\223\033\250\301"
  34      BB4A0341 
  34      1486CFBF 
  34      931BA8C1 
  35 0010 C2424D0A 		.ascii	"\302BM\012\3334\311{\370\026\222\306B\020\314\003\354"
  35      DB34C97B 
  35      F81692C6 
  35      4210CC03 
  35      EC
  36 0021 C43524A2 		.ascii	"\3045$\242\205E\\-\026Y\304k%\342%\256\027\\\362\000"
  36      85455C2D 
  36      1659C46B 
  36      25E225AE 
  36      175CF200 
  37 0035 8AB676A2 		.ascii	"\212\266v\242V\361\002V*F\377\311\212X\304\303\034f"
  37      56F10256 
  37      2A46FFC9 
  37      8A58C4C3 
  37      1C66
  38 0047 E69C6FCE 		.ascii	"\346\234o\316\371\317$Dd\003\"Y\356\031:\224\300Z\270"
  38      F9CF2444 
  38      64032259 
  38      EE193A94 
  38      C05AB8
  39 005a 1029A72C 		.ascii	"\020)\247,\300\034t\012b[\2601\257\352\012\315\352C"
  39      C01C740A 
  39      625BB031 
  39      AFEA0ACD 
  39      EA43
  40 006c 60E53635 		.ascii	"`\34565-\\z\031\322[!<%\342\322\215a\0179!v\273\333"
  40      2D5C7A19 
  40      D25B213C 
  40      25E2D28D 
  40      610F3921 
  41 0083 5EEC4BC4 		.ascii	"^\354K\304\2428\366\221\020\366\220\235\353x\250\333"
  41      A238F691 
  41      10F6909D 
  41      EB78A8DB 
  42 0093 5F551DDE 		.ascii	"_U\035\336\255\2421\232\024\2511\317&:\224Ye\231\223"
  42      ADA2319A 
  42      14A931CF 
  42      263A9459 
  42      659993
  43 00a6 134A0B8E 		.ascii	"\023J\013\216\377\221\351<b\245 h\335$\355O\235\362"
  43      FF91E93C 
  43      62A52068 
  43      DD24ED4F 
ARM GAS  /tmp/ccP4GdWr.s 			page 3


  43      9DF2
  44 00b8 145CC52A 		.ascii	"\024\\\305*8\200-\036\351\026f\374\365\336.\234r\231"
  44      38802D1E 
  44      E91666FC 
  44      F5DE2E9C 
  44      7299
  45 00ca 151C9263 		.ascii	"\025\034\222c\302\2554/\223s\312S1\230\253\363~\376"
  45      C2AD342F 
  45      9373CA53 
  45      3198ABF3 
  45      7EFE
  46 00dc 9A2637C8 		.ascii	"\232&7\310\200o\3241\366v\365X\353\361\261R\356\367"
  46      806FD431 
  46      F676F558 
  46      EBF1B152 
  46      EEF7
  47 00ee 541C479C 		.ascii	"T\034G\234\265\201l'\343\254\355U@zY\353\021S!\200\217"
  47      B5816C27 
  47      E3ACED55 
  47      407A59EB 
  47      11532180 
  48 0103 689C63D8 		.ascii	"h\234c\330\236Jt\304n\247\273\213eu\234\374\212%7\320"
  48      9E4A74C4 
  48      6EA7BB8B 
  48      65759CFC 
  48      8A2537D0 
  49 0117 9D8B913B 		.ascii	"\235\213\221;\375\303\335\377\303\305\311\235\375pO"
  49      FDC3DDFF 
  49      C3C5C99D 
  49      FD704F
  50 0126 98F69FEB 		.ascii	"\230\366\237\353\221\026c5~\015\277\217s\017\347\363"
  50      91166335 
  50      7E0DBF8F 
  50      730FE7F3 
  51 0136 85684D96 		.ascii	"\205hM\226\012\343c\023\205\322T\321\354\371\242|\003"
  51      0AE36313 
  51      85D254D1 
  51      ECF9A27C 
  51      03
  52 0147 82A092F0 		.ascii	"\202\240\222\360"
  53              		.text
  54              		.section	.gnu.lto_.symbol_nodes.d84a77c99058d738,"",%progbits
  55 0000 789C55C9 		.ascii	"x\234U\311\261\015\2030\024E\321\373l\314\034\214B&"
  55      B10D8330 
  55      1445D1FB 
  55      6CCC1C8C 
  55      4226
  56 0012 FB2E3200 		.ascii	"\373.2\000mz6 !@M\235\031\022\2119\242|\\\305\305\323"
  56      6D7A3620 
  56      21404D9D 
  56      19128939 
  56      A27C5CC5 
  57 0028 91EE6B81 		.ascii	"\221\356k\201\233\2170\311`x\201\263\345\013\244Yt\376"
  57      9B8F30C9 
  57      607881B3 
  57      E50BA459 
  57      74FE
ARM GAS  /tmp/ccP4GdWr.s 			page 4


  58 003a 6895A93C 		.ascii	"h\225\251<\220s\357a\221\205*<e\261\012\017YS\205\273"
  58      9073EF61 
  58      91852A3C 
  58      65B10A0F 
  58      595385BB 
  59 004e 2CFD8748 		.ascii	",\375\207H\313\370\376*\222\330\213\015G1r\375\234\006"
  59      CBF8FE2A 
  59      92D88B0D 
  59      473172FD 
  59      9C06
  60 0060 46971FC9 		.ascii	"F\227\037\311g&8"
  60      672638
  61              		.text
  62              		.section	.gnu.lto_.refs.d84a77c99058d738,"",%progbits
  63 0000 789C6363 		.ascii	"x\234cc```\003bF\006&F&\006\000\000\263\000\023"
  63      60606003 
  63      62460626 
  63      46260600 
  63      00B30013 
  64              		.text
  65              		.section	.gnu.lto_.decls.d84a77c99058d738,"",%progbits
  66 0000 789CBD56 		.ascii	"x\234\275VkLTG\024\276sgw\201\025\304\200ilc\023k\266"
  66      6B4C5447 
  66      14BE7367 
  66      778115C4 
  66      80696C63 
  67 0017 913FCB15 		.ascii	"\221?\313\0254\321&\266\211\025\265\246\266\222j\233"
  67      34D126B6 
  67      8915B5A6 
  67      B6926A9B 
  68 0027 F6D7BAEE 		.ascii	"\366\327\272\356^e\333}uwi4\376\271\310\212\324\252"
  68      5E65DB7D 
  68      75776934 
  68      FEB9C88A 
  68      D4AA
  69 0039 68251AAC 		.ascii	"h%\032\254o\354C%\276_\200\326\365\201\017\024|\240"
  69      6FEC4325 
  69      BE5F80D6 
  69      F5810F14 
  69      7CA0
  70 004b 080A82AB 		.ascii	"\010\012\202\253\200O@T\020\001\351\231\231\273\334"
  70      804F4054 
  70      1001E999 
  70      99BBDC
  71 005a DD154CFB 		.ascii	"\335\025L\373\2477\234;\367\314|\363\2353\337\234\331"
  71      A7379C3B 
  71      F7CC7CF3 
  71      9D33DF9C 
  71      D9
  72 006b 41C371DC 		.ascii	"A\303q\334\036-\3075\362\034\267\036\276{\341\201O\356"
  72      1E2DC735 
  72      F21CB71E 
  72      BE7BE181 
  72      4FEE
  73 007d 0418027B 		.ascii	"\004\030\002{\314\261G\003\366\014\354\005X\007X'X\017"
  73      CCB14703 
  73      F60CEC05 
ARM GAS  /tmp/ccP4GdWr.s 			page 5


  73      58075827 
  73      580F
  74 008f C1CB3884 		.ascii	"\301\3138\204\270\220\247\011\374\010hg\203\361\360"
  74      B890A709 
  74      FC086867 
  74      83F1F0
  75 009e DD062D46 		.ascii	"\335\006-F\214\357\021Xw\030o\257\314\327)\363\277\030"
  75      8CEF1158 
  75      77186FAF 
  75      CCD729F3 
  75      BF18
  76 00b0 803717A3 		.ascii	"\2007\027\243+\336=\353\361/\030\305i\221\012\334\247"
  76      2BDE3DEB 
  76      F12F18C5 
  76      69910ADC 
  76      A7
  77 00c1 65EBEE0E 		.ascii	"e\353\356\016\006w\250\026\215\000\267\367Au~\024\033"
  77      0677A816 
  77      8D00B7F7 
  77      41757E14 
  77      1B
  78 00d2 6D25E823 		.ascii	"m%\350#\307\236$3w8xE\265O}\203\030\270\036\201_\321"
  78      C79E2433 
  78      77387845 
  78      B54F7D83 
  78      18B81E81 
  79 00e8 B8C51BCD 		.ascii	"\270\305\033\315\206/\023\364\212\234\375{\265\030\022"
  79      862F13F4 
  79      8A9CFD7B 
  79      B51812
  80 00f7 86EF666F 		.ascii	"\206\357foC\375 66\014\334\253\255\0277\310\356\020"
  80      43FD2036 
  80      360CDCAB 
  80      AD1737C8 
  80      EE10
  81 0109 706B7ECE 		.ascii	"pk~\316\332\250\301Q\024Y{n\373N\222\321(-\"\372\305"
  81      DAA8C151 
  81      14597B6E 
  81      FB4E92D1 
  81      282D22FA 
  82 011e 42D7EEC7 		.ascii	"B\327\356\307\205\2351\254\213 \256\265\347l\215\304"
  82      859D31AC 
  82      8B20AEB5 
  82      E76C8DC4 
  83 012e 83E977FE 		.ascii	"\203\351w\376\315\255k\"\022\013$\366D~\313\241\343"
  83      CDAD6B22 
  83      120B24F6 
  83      447ECBA1 
  83      E3
  84 013f 08071677 		.ascii	"\010\007\026w5\247m[\004N\"@\276\256\272\253f0\322&"
  84      35A76D5B 
  84      044E2240 
  84      BEAEBAAB 
  84      6630D226 
  85 0153 644BD222 		.ascii	"dK\322\"is\246\024\365\031\207\016\240\341h?\032\316"
  85      6973A614 
  85      F519870E 
ARM GAS  /tmp/ccP4GdWr.s 			page 6


  85      A0E1683F 
  85      1ACE
  86 0165 A1532881 		.ascii	"\241S(\201\220\373P\"\207\376\206\316c\320\371\007!"
  86      90FB5022 
  86      87FE86CE 
  86      63D0F907 
  86      21
  87 0176 F435758C 		.ascii	"\3645u\214Z\265D\222xt\022i\321\011\204)\006\224\034"
  87      5AB54492 
  87      78741269 
  87      D1098429 
  87      06941C
  88 0189 A56521B6 		.ascii	"\245e!\266o[\265U\203O#\032\243\370\267\206\022~\240"
  88      6F5BB555 
  88      834F231A 
  88      A3F8B786 
  88      127EA0
  89 019c 1867068C 		.ascii	"\030g\006\214\321R8\362\314b\022\243\004b\234Vb@H\026"
  89      D15238F2 
  89      CC6212A3 
  89      04629C56 
  89      62404816 
  90 01b0 C45F5493 		.ascii	"\304_T\223\301\343\363L\311u\305\317K\325L\272Hp[V\227"
  90      C1E3F34C 
  90      C975C5CF 
  90      4BD54CBA 
  90      48705B56 
  91 01c5 94F1B88C 		.ascii	"\224\361\270\214\2155Ve\346ip\005sV\366TK\032|\2139"
  91      8D355665 
  91      E6697005 
  91      7356F654 
  91      4B1A7C8B 
  92 01da CB5B5E6E 		.ascii	"\313[^nQa?s\2523;*c\360}\352D-\252j?\245F:]\274N\247"
  92      51613F73 
  92      AA333B2A 
  92      63F07DEA 
  92      442DAA6A 
  93 01f6 4BD0E9B6 		.ascii	"K\320\351\266\222\334}-\265\023\012\333\356K\322\257"
  93      92DC7D2D 
  93      B5130ADB 
  93      EE4BD2AF 
  94 0206 D134A932 		.ascii	"\3214\2512H\3522\212W\026S\004/\016%\301\213c\023n~"
  94      48EA328A 
  94      57165304 
  94      2F0E25C1 
  94      8B63136E 
  95 021b B44EF279 		.ascii	"\264N\362y1E\237\015G\027+\350Ud\305+\301\220\212C\207"
  95      31459F0D 
  95      47172BE8 
  95      5564C52B 
  95      C1908A43 
  96 0230 0170888E 		.ascii	"\001p\210\216\0218\254\032]\003\221\256\"\035\252\004"
  96      1138AC1A 
  96      5D0391AE 
  96      221DAA04 
  97 0240 BB025601 		.ascii	"\273\002V\001v\011\354:X9\322\321\215e\001_\215W\002"
  97      7609EC3A 
ARM GAS  /tmp/ccP4GdWr.s 			page 7


  97      5839D2D1 
  97      8D65015F 
  97      8D5702
  98 0253 9686073C 		.ascii	"\226\206\007<\367FzA\350\213\341h!\014\\\032\264\226"
  98      F7467A41 
  98      E88BE168 
  98      210C5C1A 
  98      B496
  99 0265 F3FD531F 		.ascii	"\363\375S\037 oy\373\312\217\304e\300z\010\214\223\267"
  99      206F79FB 
  99      CA8FC465 
  99      C07A088C 
  99      93B7
 100 0277 4E49B3B9 		.ascii	"NI\263\2710.?S:7\232\222\035\355_\030F\306\360\017\203"
 100      302E3F53 
 100      3A379A92 
 100      1DED5F18 
 100      46C6F00F 
 101 028c 12BDD06F 		.ascii	"\022\275\320o\242\014\015\273x\374\265\367\262\006o"
 101      A20C0DBB 
 101      78FCB5F7 
 101      B2066F
 102 029b C2B4F476 		.ascii	"\302\264\364v\034\255y\244F\361\011\375\352\213\252"
 102      1CAD79A4 
 102      46F109FD 
 102      EA8BAA
 103 02aa 41D6FF22 		.ascii	"A\326\377\"1[\330\231\"\015\034)T\005\023o(UI\226I\343"
 103      315BD899 
 103      220D1C29 
 103      5405136F 
 103      28554996 
 104 02c0 FFD5B87E 		.ascii	"\377\325\270~\205|\334\307\203{\260\354\310m5\336G\323"
 104      857CDCC7 
 104      837BB0EC 
 104      C86D35DE 
 104      47D3
 105 02d2 41356D95 		.ascii	"A5m\225K\006\341B\346\354\356\316\375S\203}\314\361"
 105      4B06E142 
 105      E6ECEECE 
 105      FD53837D 
 105      CCF1
 106 02e4 DE6B2E97 		.ascii	"\336k.\227O\3762\362\243\321\325z\350Z\254\374#B\352"
 106      4FFE32F2 
 106      A3D1D57A 
 106      E85AACFC 
 106      2342EA
 107 02f7 B9A2E3F2 		.ascii	"\271\242\343\362\022->K\301\021O\374k\363\2406\343\003"
 107      122D3E4B 
 107      C1114FFC 
 107      6BF3A036 
 107      E303
 108 0309 9549923A 		.ascii	"\225I\222:\032\267Z\"\202\222\264j -?\264}\013-\012"
 108      1AB75A22 
 108      8292B46A 
 108      202D3FB4 
 108      7D0B2D0A 
 109 031d 1234448A 		.ascii	"\0224D\212:@\334\246\203~Y\207\006\320\241\021\326|"
ARM GAS  /tmp/ccP4GdWr.s 			page 8


 109      3A40DCA6 
 109      837E5987 
 109      06D0A111 
 109      D67C
 110 032f 07AC09EC 		.ascii	"\007\254\011\354.\330=\245\304 \324\311\2173\350^\220"
 110      2ED83DA5 
 110      C420D4C9 
 110      8F33E85E 
 110      90
 111 0340 4885E191 		.ascii	"H\205\341\221\216\204n\035\201\177\242\300\353\303\341"
 111      8E846E1D 
 111      817FA2C0 
 111      EBC3E1
 112 034f 07958A94 		.ascii	"\007\225\212\224\253\246\230U\215\377\215\252\201\301"
 112      ABA69855 
 112      8DFF8DAA 
 112      81C1
 113 035d C6E2A045 		.ascii	"\306\342\240E\326\206s\205\324+\240\375\023\224\300"
 113      D6867385 
 113      D42BA0FD 
 113      1394C0
 114 036c B7C2C137 		.ascii	"\267\302\3017\225\300\240\356\211\316\307\213cq9\253"
 114      95C0A0EE 
 114      89CEC78B 
 114      637139AB 
 115 037c 994BBFAF 		.ascii	"\231K\277\257+\345QB<K\250\3758\335\355\2070\371\276"
 115      2BE55142 
 115      3C4BA8FD 
 115      38DDED87 
 115      30F9BE
 116 038f B2DB7EBA 		.ascii	"\262\333~\272\333\375J\211\036\200\202\377FM\210{\254"
 116      DBFD4A89 
 116      1E8082FF 
 116      464D887B 
 116      AC
 117 03a0 ECA05713 		.ascii	"\354\240W\023/\323d\017H\303\275\215c\361\241+\327\007"
 117      2FD3640F 
 117      48C3BD8D 
 117      63F1A12B 
 117      D707
 118 03b2 472FEDFB 		.ascii	"G/\355\373mE\217\202\316\006\207\036\243h\002$-\200"
 118      6D458F82 
 118      CE06871E 
 118      A3680224 
 118      2D80
 119 03c4 0B4F665D 		.ascii	"\013Of]\211\251\003\355\340\376EC(\005\273\375\020<"
 119      89A903ED 
 119      E0FE4543 
 119      2805BBFD 
 119      103C
 120 03d6 E4C5FCDE 		.ascii	"\344\305\374\336\300\203X?\364\362\254\221\241\304\011"
 120      C083583F 
 120      F4F2AC91 
 120      A1C409
 121 03e5 4C91BFE1 		.ascii	"L\221\277\341\315\313\034|\200\227\376\311\004(\230"
 121      CDCB1C7C 
 121      8097FEC9 
ARM GAS  /tmp/ccP4GdWr.s 			page 9


 121      042898
 122 03f4 958DB370 		.ascii	"\225\215\263p\201'\3646\356\233\3071\312\320`A\223B"
 122      8127F436 
 122      EE9BC731 
 122      CAD06041 
 122      9342
 123 0406 72E5FA86 		.ascii	"r\345\372\206\373\322T\026\211d\305\212\266\354jR\325"
 123      FBD25416 
 123      8964C58A 
 123      B6EC6A52 
 123      D5
 124 0417 83CA1C37 		.ascii	"\203\312\0347\205\343VF\332ho\353~\311\257\305U\354"
 124      85E35646 
 124      DA686FEB 
 124      7EC9AFC5 
 124      55EC
 125 0429 3896F476 		.ascii	"8\226\364v\370b\331q\344\203\356\345\241\354^.X\326"
 125      F862D971 
 125      E483EEE5 
 125      A1EC5E2E 
 125      58D6
 126 043b 9BAB1EB6 		.ascii	"\233\253\036\266\206n[\2464\204G\263\337AOA\361V\252"
 126      866E5BA6 
 126      348447B3 
 126      DF414F41 
 126      F156AA
 127 044e 781B1A06 		.ascii	"x\033\032\006o\273\212\005\333\333S\222\311\217\334"
 127      6FBB8A05 
 127      DBDB5392 
 127      C98FDC
 128 045d 2C6DAE97 		.ascii	",m\256\227|g\273G4\035\220$\270\324$\025\201\241\026"
 128      7C67BB47 
 128      341D9024 
 128      B8D42415 
 128      81A116
 129 0470 A5A25AC8 		.ascii	"\245\242Z\310\375\214\232\341\210\240'P\004\034z\206"
 129      FD8C9AE1 
 129      88A02750 
 129      041C7A86 
 130 0480 46C2F425 		.ascii	"F\302\364%\373\232\353\324\270\213e\265\354^\361\301"
 130      FB9AEBD4 
 130      B88B65B5 
 130      EC5EF1C1 
 131 0490 58E0AA87 		.ascii	"X\340\252\207\272\274\221\215wef-\227\266 \032\021="
 131      BABC918D 
 131      7765662D 
 131      97B6201A 
 131      113D
 132 04a2 57A89ECB 		.ascii	"W\250\236\313W=zA).6\326.\304\233U\224ag\311\322\014"
 132      573D7A41 
 132      292E36D6 
 132      2EC49B55 
 132      946167C9 
 133 04b8 95CC50B1 		.ascii	"\225\314P\261\034\327\035\276/ek\031A\273B\320\036 "
 133      1CD71DBE 
 133      2F656B19 
 133      41BB42D0 
ARM GAS  /tmp/ccP4GdWr.s 			page 10


 133      1E20
 134 04ca E8A00497 		.ascii	"\350\240\004\227J\363\273cp\035c\250\310\335\336\031"
 134      4AF3BB63 
 134      701D63A8 
 134      C8DDDE19 
 135 04da 23333C5B 		.ascii	"#3<[\217\313\317g\371R\031\301K\205\340e\200\240\223"
 135      8FCBCF67 
 135      F95219C1 
 135      4B85E065 
 135      80A093
 136 04ed 12EC28C8 		.ascii	"\022\354(\310k\210\302\331jJp\354f\301n\225\212g%Id"
 136      6B88C2D9 
 136      6A4A70EC 
 136      66C16E95 
 136      8A672549 
 137 0502 82BECA9C 		.ascii	"\202\276\312\234\226\007x@A\273\251\240]HV\264s\355"
 137      96077840 
 137      41BBA9A0 
 137      5D4856B4 
 137      73ED
 138 0514 9D0B5A39 		.ascii	"\235\013Z9\203G\265\023\272\016H^5\301\240WJ\002\257"
 138      8347B513 
 138      BA0E485E 
 138      35C1A057 
 138      4A02AF
 139 0527 0209F4D0 		.ascii	"\002\011\364\320\004\3626\346\354\301x\015K\240\371"
 139      04F236E6 
 139      ECC1780D 
 139      4BA0F9
 140 0536 F8B30701 		.ascii	"\370\263\007\001\015n\025\340\346bE\203\327\012\303"
 140      0D6E15E0 
 140      E6624583 
 140      D70AC3
 141 0545 EB00432F 		.ascii	"\353\000C/e8wjW\373 |\2151\254\334\337\343S}\230/\265"
 141      6538776A 
 141      57FB207C 
 141      8D31ACDC 
 141      DFE3537D 
 142 055c 92FF526A 		.ascii	"\222\377Rj\023\272Z\275Rv\034=w\022O\011\202~W\241\007"
 142      13BA5ABD 
 142      52761C3D 
 142      77124F09 
 142      827E57A1 
 143 0571 DE19FC87 		.ascii	"\336\031\374\2070oSwW^\310Q%1\225\243\272\210gG\025"
 143      306F5377 
 143      575EC851 
 143      253195A3 
 143      BA886747 
 144 0586 5A006FE8 		.ascii	"Z\000o\350n\011\005w\207\2003e0i5\251))F\217Qe\234\353"
 144      6E090577 
 144      87803365 
 144      306935A9 
 144      2929468F 
 145 059e B2BE9B98 		.ascii	"\262\276\233\230(\260?\207[H3Z\005\267\313D\332DS\344"
 145      28B03F87 
 145      5B48335A 
 145      05B7CB44 
ARM GAS  /tmp/ccP4GdWr.s 			page 11


 145      DA4453E4 
 146 05b2 D42FBF1E 		.ascii	"\324/\277\0361))\211\323\032\014\351\026\273gL\262\301"
 146      31292989 
 146      D31A0CE9 
 146      16BB674C 
 146      B2C1
 147 05c4 93858434 		.ascii	"\223\205\2044\207M\024\214&\267\250\267\032\347\010"
 147      874D148C 
 147      26B7A8B7 
 147      1AE708
 148 05d3 290E53BA 		.ascii	")\016S\272M\264{\334\302,\321h\373\\\230l\262Z\234n"
 148      4DB47BDC 
 148      C22CD168 
 148      FB5C986C 
 148      B25A9C6E 
 149 05e7 D120EA9D 		.ascii	"\321 \352\235\351\246\037\222\205Y\016\207\325-\314"
 149      E9A61F92 
 149      85590E87 
 149      D52DCC
 150 05f6 3399F446 		.ascii	"3\231\364F\227Mow\330E\275h\234c\321\217\323'\217N\032"
 150      974D6F77 
 150      D845BD68 
 150      9C63D18F 
 150      D3278F4E 
 151 060b A7FF71AC 		.ascii	"\247\377q\254\336f\374\336\341\022BF\005\213\335dM7"
 151      DE66FCDE 
 151      E1124246 
 151      058BDD64 
 151      4D37
 152 061d 8B82CD68 		.ascii	"\213\202\315hJ\263\330E\301`\026\347\032\323\255\036"
 152      4AB3D845 
 152      C16016E7 
 152      1AD3AD1E 
 153 062d 83678153 		.ascii	"\203g\201St'\246q\221\201\204\026\376\257\371\270\027"
 153      7427A671 
 153      91818416 
 153      FEAFF9B8 
 153      17
 154 063e B80583DB 		.ascii	"\270\005\203\333c\206\340\220\004v\230]jg\272\323\354"
 154      6386E090 
 154      0476985D 
 154      6A67BAD3 
 154      EC
 155 064f 8A70B89D 		.ascii	"\212p\270\235\242hvi\034$A\227\332\3460\213.\"oZR\270"
 155      A2687669 
 155      1C244197 
 155      DAE6308B 
 155      2E226F5A 
 156 0665 BC4E870B 		.ascii	"\274N\207\013\222\2339\353\2131\311\302\364\351)\302"
 156      929B39EB 
 156      8B31C9C2 
 156      F4E929C2 
 157 0675 D4D46933 		.ascii	"\324\324i3~J\026\234F\253\301j5\003k\234\333c\203\225"
 157      7E4A169C 
 157      46ABC16A 
 157      35036B9C 
 157      DB638395 
ARM GAS  /tmp/ccP4GdWr.s 			page 12


 158 0689 CD735A1C 		.ascii	"\315sZ\034\006\267\350Iw\032<\232\324Id\2774\251\237"
 158      06B7E849 
 158      771A3C9A 
 158      D44964BF 
 158      34A99F
 159 069c B266226B 		.ascii	"\262f\"k\246\220&*u\342\364I\016\373\\\313\274\010\240"
 159      A690262A 
 159      75E2F449 
 159      0EFB5CCB 
 159      BC08A0
 160 06af 9F66B778 		.ascii	"\237f\267x\336\033pG9\215\333C\020\357\207#\372\326"
 160      DE1B7047 
 160      398DDB43 
 160      10EF8723 
 160      FAD6
 161 06c1 47961535 		.ascii	"G\226\0255\307at\231\011nl8\216\216\220\354\015t\001"
 161      C7617499 
 161      096E6C38 
 161      8E8E90EC 
 161      0D7401
 162 06d4 53461B52 		.ascii	"SF\033R\246\315\2344\343\233\311_}\307\306`\272\306"
 162      A6CD9C34 
 162      E39BC95F 
 162      7DC7C660 
 162      BAC6
 163 06e6 4DE77E30 		.ascii	"M\347~0`\014\321e\201d\322\270\030\203\274h\203\005"
 163      600CD165 
 163      8164D2B8 
 163      1883BC68 
 163      8305
 164 06f8 F0D16941 		.ascii	"\360\321iA\316\350\267\251&\207\236?_HSD#T\201\"1Q9"
 164      CEE8B7A9 
 164      26879E3F 
 164      5F485344 
 164      23548122 
 165 070f FE01D153 		.ascii	"\376\001\321S\007-"
 165      072D
 166              		.text
 167              		.section	.gnu.lto_.symtab.d84a77c99058d738,"",%progbits
 168 0000 68616C49 		.ascii	"halInit\000"
 168      6E697400 
 169 0008 00       		.ascii	"\000"
 170 0009 00       		.ascii	"\000"
 171 000a 00       		.ascii	"\000"
 172 000b 00000000 		.ascii	"\000\000\000\000\000\000\000\000"
 172      00000000 
 173 0013 F3000000 		.ascii	"\363\000\000\000"
 174 0017 70616C5F 		.ascii	"pal_default_config\000"
 174      64656661 
 174      756C745F 
 174      636F6E66 
 174      696700
 175 002a 00       		.ascii	"\000"
 176 002b 02       		.ascii	"\002"
 177 002c 00       		.ascii	"\000"
 178 002d 00000000 		.ascii	"\000\000\000\000\000\000\000\000"
 178      00000000 
ARM GAS  /tmp/ccP4GdWr.s 			page 13


 179 0035 01010000 		.ascii	"\001\001\000\000"
 180 0039 7374496E 		.ascii	"stInit\000"
 180      697400
 181 0040 00       		.ascii	"\000"
 182 0041 02       		.ascii	"\002"
 183 0042 00       		.ascii	"\000"
 184 0043 00000000 		.ascii	"\000\000\000\000\000\000\000\000"
 184      00000000 
 185 004b F5000000 		.ascii	"\365\000\000\000"
 186 004f 626F6172 		.ascii	"boardInit\000"
 186      64496E69 
 186      7400
 187 0059 00       		.ascii	"\000"
 188 005a 02       		.ascii	"\002"
 189 005b 00       		.ascii	"\000"
 190 005c 00000000 		.ascii	"\000\000\000\000\000\000\000\000"
 190      00000000 
 191 0064 F7000000 		.ascii	"\367\000\000\000"
 192 0068 7364496E 		.ascii	"sdInit\000"
 192      697400
 193 006f 00       		.ascii	"\000"
 194 0070 02       		.ascii	"\002"
 195 0071 00       		.ascii	"\000"
 196 0072 00000000 		.ascii	"\000\000\000\000\000\000\000\000"
 196      00000000 
 197 007a F9000000 		.ascii	"\371\000\000\000"
 198 007e 5F70616C 		.ascii	"_pal_lld_init\000"
 198      5F6C6C64 
 198      5F696E69 
 198      7400
 199 008c 00       		.ascii	"\000"
 200 008d 02       		.ascii	"\002"
 201 008e 00       		.ascii	"\000"
 202 008f 00000000 		.ascii	"\000\000\000\000\000\000\000\000"
 202      00000000 
 203 0097 FD000000 		.ascii	"\375\000\000\000"
 204 009b 68616C5F 		.ascii	"hal_lld_init\000"
 204      6C6C645F 
 204      696E6974 
 204      00
 205 00a8 00       		.ascii	"\000"
 206 00a9 02       		.ascii	"\002"
 207 00aa 00       		.ascii	"\000"
 208 00ab 00000000 		.ascii	"\000\000\000\000\000\000\000\000"
 208      00000000 
 209 00b3 FF000000 		.ascii	"\377\000\000\000"
 210              		.text
 211              		.section	.gnu.lto_.opts,"",%progbits
 212 0000 272D666D 		.ascii	"'-fmath-errno' '-fsigned-zeros' '-ftrapping-math' '"
 212      6174682D 
 212      6572726E 
 212      6F272027 
 212      2D667369 
 213 0033 2D666E6F 		.ascii	"-fno-trapv' '-fno-openmp' '-fno-openacc' '-mcpu=cor"
 213      2D747261 
 213      70762720 
 213      272D666E 
ARM GAS  /tmp/ccP4GdWr.s 			page 14


 213      6F2D6F70 
 214 0066 7465782D 		.ascii	"tex-m0' '-mno-thumb-interwork' '-mthumb' '-O2' '-fo"
 214      6D302720 
 214      272D6D6E 
 214      6F2D7468 
 214      756D622D 
 215 0099 6D69742D 		.ascii	"mit-frame-pointer' '-falign-functions=16' '-ffuncti"
 215      6672616D 
 215      652D706F 
 215      696E7465 
 215      72272027 
 216 00cc 6F6E2D73 		.ascii	"on-sections' '-fdata-sections' '-fno-common' '-flto"
 216      65637469 
 216      6F6E7327 
 216      20272D66 
 216      64617461 
 217 00ff 2700     		.ascii	"'\000"
 218              		.text
 219              		.comm	__gnu_lto_v1,1,1
 220              		.comm	__gnu_lto_slim,1,1
 221              		.ident	"GCC: (GNU Tools for Arm Embedded Processors 7-2017-q4-major) 7.2.1 20170904 (release) [ARM
ARM GAS  /tmp/ccP4GdWr.s 			page 15


DEFINED SYMBOLS
                            *ABS*:0000000000000000 hal.c
                            *COM*:0000000000000001 __gnu_lto_v1
                            *COM*:0000000000000001 __gnu_lto_slim

NO UNDEFINED SYMBOLS
