ARM GAS  /tmp/ccsToNqJ.s 			page 1


   1              		.cpu cortex-m0
   2              		.eabi_attribute 20, 1
   3              		.eabi_attribute 21, 1
   4              		.eabi_attribute 23, 3
   5              		.eabi_attribute 24, 1
   6              		.eabi_attribute 25, 1
   7              		.eabi_attribute 26, 1
   8              		.eabi_attribute 30, 2
   9              		.eabi_attribute 34, 0
  10              		.eabi_attribute 18, 4
  11              		.file	"st_lld.c"
  12              		.section	.gnu.lto_.profile.5ffe6a4de5d34258,"",%progbits
  13 0000 789C6363 		.ascii	"x\234cc```\001bF\006+Y\000\001\011\000c"
  13      60606001 
  13      6246062B 
  13      59000109 
  13      0063
  14              		.text
  15              		.section	.gnu.lto_.icf.5ffe6a4de5d34258,"",%progbits
  16 0000 789C6363 		.ascii	"x\234cc``\340c@\000&\206\371\013V\314\343a|<{\303d^"
  16      6060E063 
  16      40002686 
  16      F90B56CC 
  16      E3617C3C 
  17 0018 06002A1F 		.ascii	"\006\000*\037\005w"
  17      0577
  18              		.text
  19              		.section	.gnu.lto_.jmpfuncs.5ffe6a4de5d34258,"",%progbits
  20 0000 789C6363 		.ascii	"x\234cc``\250d@\000&\010f<\300\302\310\000\304\377\201"
  20      6060A864 
  20      40002608 
  20      663CC0C2 
  20      C800C4FF 
  21 0015 801F28C2 		.ascii	"\200\037(\3028\205\231q\375\233\235?y\273\231\34703"
  21      38859971 
  21      FD9B9D3F 
  21      79BB99E7 
  21      3033
  22 0027 3032306E 		.ascii	"020nf\224\201+\002*g``\001)Y\263\354\343\001~\220\022"
  22      6694812B 
  22      022A6760 
  22      60012959 
  22      B3ECE301 
  23 003e 46467EC6 		.ascii	"FF~\306-P%\374\020%@\351=\363{VrA\244\231\030\267B\245"
  23      2D5025FC 
  23      102540E9 
  23      3DF37B56 
  23      7241A499 
  24 0056 99C0D20C 		.ascii	"\231\300\322\014\000(Q\033\267"
  24      0028511B 
  24      B7
  25              		.text
  26              		.section	.gnu.lto_.inline.5ffe6a4de5d34258,"",%progbits
  27 0000 789C6363 		.ascii	"x\234cc``pb@\000&\006\006^1F\006&\276+\376\014l\013"
  27      60607062 
  27      40002606 
  27      065E3146 
ARM GAS  /tmp/ccsToNqJ.s 			page 2


  27      0626BE2B 
  28 0018 E499C062 		.ascii	"\344\231\300b\334\014\014\214\023\374\030\271\240j\030"
  28      DC0C0C8C 
  28      13FC18B9 
  28      A06A18
  29 0027 81504406 		.ascii	"\201PD\006\250H\346\301-F\270*f\036\260n\006\000\351"
  29      A848E6C1 
  29      2D46B82A 
  29      661EB06E 
  29      0600E9
  30 003a 7C0644   		.ascii	"|\006D"
  31              		.text
  32              		.section	.gnu.lto_.pureconst.5ffe6a4de5d34258,"",%progbits
  33 0000 789C6363 		.ascii	"x\234cc```\003b&\206]\214\214R\000\003\261\000\345"
  33      60606003 
  33      6226865D 
  33      8C8C5200 
  33      03B100E5 
  34              		.text
  35              		.section	.gnu.lto_Vector7C.5ffe6a4de5d34258,"",%progbits
  36 0000 789C8553 		.ascii	"x\234\205SYh\023Q\024\275w\336di\226\012~\371\0210\202"
  36      59681351 
  36      14BD77DE 
  36      6469960A 
  36      7EF91130 
  37 0015 8205EDB8 		.ascii	"\202\005\355\270\024\277\374\021E\020\314\217\365GE"
  37      14BFFC11 
  37      4510CC8F 
  37      F54745
  38 0024 8AA68116 		.ascii	"\212\246\201\026S#I-\366\253\2236\265\026E\374\320\250"
  38      5323492D 
  38      F6AB9336 
  38      B51645FC 
  38      D0A8
  39 0036 65D480E0 		.ascii	"e\324\200\340\002\306\255n\251Z\307\326\272U\333\272"
  39      02C6AD6E 
  39      A95AC7D6 
  39      BA55DBBA 
  40 0046 540545A4 		.ascii	"T\005E\244\332\272Eq)\026\245\266\336;Sj\223\200\016"
  40      DABA4571 
  40      2916A5B6 
  40      DE3B536A 
  40      93800E
  41 0059 C99B79EF 		.ascii	"\311\233y\357\334{\317;\347\335g\005\200\244\014\220"
  41      DC7BCF3B 
  41      E7DD6705 
  41      80A40C90 
  42 0069 A67711FD 		.ascii	"\246w\021\375\321\002(\355\352\002\210\332%I\364x@u"
  42      D10228ED 
  42      EA0288DA 
  42      2549F478 
  42      4075
  43 007b C8FA5C50 		.ascii	"\310\372\\P]\002esYF\344\017\325\216P#\011\031kp\207"
  43      5D026573 
  43      5946E40F 
  43      D58E5023 
  43      09196B70 
ARM GAS  /tmp/ccsToNqJ.s 			page 3


  44 0090 D82DB0AD 		.ascii	"\330-\260\255a %\025\034U\351\321\367\2668\243j\375"
  44      61202515 
  44      1C55E9D1 
  44      F7B638A3 
  44      6AFD
  45 00a2 144D00C4 		.ascii	"\024M\000\304\351\317\0176c\001P\330\203\330iMl\027"
  45      E9CF0F36 
  45      630150D8 
  45      83D8694D 
  45      6C17
  46 00b4 9A409469 		.ascii	"\232@\224i\372\365~\323\353|\236J\350\245\351\300\211"
  46      FAF57ED3 
  46      EB7C9E4A 
  46      E8A5E9C0 
  46      89
  47 00c5 13675C62 		.ascii	"\023g\\b\036r\344\276\301g\247]3\016\253j\255\252\217"
  47      1E72E4BE 
  47      C167A75D 
  47      330EAB6A 
  47      ADAA8F
  48 00d8 24AD4DAA 		.ascii	"$\255M\252\036\363jB\340\005\024T\024\317\243\007\317"
  48      1EF36A42 
  48      E0051454 
  48      14CFA307 
  48      CF
  49 00e9 A1C7284E 		.ascii	"\241\307(N\321}gF\366\270\2552^\304\031&'^B+ \275y\351"
  49      D17D6746 
  49      F6B8AD32 
  49      5EC41926 
  49      275E422B 
  50 0101 D4438BAE 		.ascii	"\324C\213\256\216\2146\250\372\347\331\255\203#\223"
  50      8E8C36A8 
  50      FAE7D9AD 
  50      832393
  51 0110 5D089A90 		.ascii	"]\010\232\220%\036(\210s`\033%\221.U\207F!\361W\235"
  51      251E2888 
  51      73601B25 
  51      912E5587 
  51      4621F157 
  52 0125 0E698C25 		.ascii	"\016i\214%F\343\202K5\011+\261\244R\351\347\266\232"
  52      46E3824B 
  52      35092BB1 
  52      A452E9E7 
  52      B69A
  53 0137 DFAA5D13 		.ascii	"\337\252]\023\026Z\247\352)\254a\372S\351\324O7\353"
  53      165AA7EA 
  53      29AC61FA 
  53      53E9D44F 
  53      37EB
  54 0149 B022600B 		.ascii	"\260\"`\013z4a\203\001\254\365r*\327\247t\370\200m-"
  54      7A346183 
  54      01ACF572 
  54      2AD7A774 
  54      F8806D2D 
  55 015d EFD3F54E 		.ascii	"\357\323\365N\263\034RV\274\276\255\333\306YvCqWr\350"
  55      B31C5256 
  55      BCBEADDB 
ARM GAS  /tmp/ccsToNqJ.s 			page 4


  55      C6597643 
  55      715772E8 
  56 0171 8BC39CB2 		.ascii	"\213\303\234\262\215\354O\342\300\333\274\004\036\214"
  56      8DEC4FE2 
  56      C0DBBC04 
  56      1E8C
  57 017f D294C4E7 		.ascii	"\322\224\304\347\341\025R}\231U\023\3260\320\331\223"
  57      E115527D 
  57      995513D6 
  57      30D0D993 
  58 018f AF24D558 		.ascii	"\257$\325X\2241\007^\305\004\3561\354\306VT\210\256"
  58      9431075E 
  58      C504EE31 
  58      ECC65654 
  58      88AE
  59 01a1 6E78EB7E 		.ascii	"nx\353~\233\311&\231\204\035\243C\372$f\220Q\302kT\247"
  59      9BC92699 
  59      841DA343 
  59      FA246690 
  59      51C26B54 
  60 01b6 1F63CFDB 		.ascii	"\037c\317\333\213\306b&\352\220I\207>fo\243\020\320"
  60      8BC66226 
  60      EA904987 
  60      3E666FA3 
  60      10D0
  61 01c8 E3213F48 		.ascii	"\343!?H\301\340\273O\035\206\202\314\315%\216\260\243"
  61      C1E0BB4F 
  61      1D8682CC 
  61      CD258EB0 
  61      A3
  62 01d9 FFDEDFF5 		.ascii	"\377\336\337\365\277\373kCe\242|\007\221\265S\326G\214"
  62      BFFB6B43 
  62      65A27C07 
  62      91B553D6 
  62      478C
  63 01eb F67D7F7D 		.ascii	"\366}\177}\336=~\2361\263\235^:-\306y\306\351d\262\260"
  63      DE3D7E9E 
  63      31B39D5E 
  63      3A2DC679 
  63      C6E964B2 
  64 0200 EE0345BF 		.ascii	"\356\003E\277\350\010o0(\262\301\316\343s\312\000;\030"
  64      E8086F30 
  64      28B2C1CE 
  64      E373CA00 
  64      3B18
  65 0212 9373B0E4 		.ascii	"\223s\260\344\3025\2007\031\263dc}\253\000o1b\235\320"
  65      C2358037 
  65      19B36463 
  65      7DAB006F 
  65      31629DD0 
  66 0226 5A80B7E9 		.ascii	"Z\200\267\351,\357pW\361@\275\365\210-=\326\332\336"
  66      2CEF7057 
  66      F140BDF5 
  66      882D3DD6 
  66      DADE
  67 0238 EF9AF602 		.ascii	"\357\232\366\002\017\251\373H\245\223\023\276\235<\333"
  67      0FA9FB48 
ARM GAS  /tmp/ccsToNqJ.s 			page 5


  67      A59313BE 
  67      9D3CDB
  68 0247 EBA4EE02 		.ascii	"\353\244\356\002\274\213\323h\354D\231Z\251\356U\377"
  68      BC8BD368 
  68      EC44995A 
  68      A9EE55FF 
  69 0257 CE1FEBB3 		.ascii	"\316\037\353\263\245}\031\227f\313\340\272G\\\367\231"
  69      A57D1997 
  69      66CBE0BA 
  69      475CF799 
  70 0267 8B87CCCE 		.ascii	"\213\207\314\316s\305\251A\3561\326E\315\247\011\267"
  70      73C5A941 
  70      EE31D645 
  70      CDA709B7 
  71 0277 E95B7373 		.ascii	"\351[ss\216o\337\306\213\347\345\372\346\035\246\012"
  71      8E6FDFC6 
  71      8BE7E5FA 
  71      E61DA60A 
  72 0287 DD0C3A72 		.ascii	"\335\014:r}\233\271\001\260\2071g\256o\323\327\002>"
  72      7D9BB901 
  72      B0873167 
  72      AE6FD3D7 
  72      023E
  73 0299 60CC958D 		.ascii	"`\314\225\215}X\015\370\220\021w\206\226G\244\3451\357"
  73      7D580DF8 
  73      90117786 
  73      9647A4E5 
  73      31EF
  74 02ab F7B1E9DB 		.ascii	"\367\261\351\333\233\377\372\326k\370\366\204|\343\356"
  74      9BFFFAD6 
  74      6BF8F684 
  74      7CE3EE
  75 02ba 93FF5EC7 		.ascii	"\223\377^\307W\215\303\026\343fgZ\222\037\027\371\224"
  75      578DC316 
  75      E366675A 
  75      921F17F9 
  75      94
  76 02cb F094FCA0 		.ascii	"\360\224\374\240\233\246\211I\360\031k\023C{\321\210"
  76      9BA68949 
  76      F0196B13 
  76      437BD188 
  77 02db E5671BDD 		.ascii	"\345g\033\335V\252B\305\225\302\302\261_(\242\224\255"
  77      56AA42C5 
  77      95C2C2B1 
  77      5F28A294 
  77      AD
  78 02ec 0B2A9B42 		.ascii	"\013*\233B\341\312\210R\274\3227\177\236\262|\371\022"
  78      E1CA8852 
  78      BCD2377F 
  78      9EB27CF9 
  78      12
  79 02fd 65E5325F 		.ascii	"e\3452_\325\\%RY\022\014\226\026\372!\257$\262\256*"
  79      D55C2552 
  79      59120C96 
  79      16FA21AF 
  79      24B2AE2A 
  80 0311 505A120C 		.ascii	"PZ\022\014\317\232\230\031\330R\251,\366\025/+V\312"
ARM GAS  /tmp/ccsToNqJ.s 			page 6


  80      CF9A9819 
  80      D852A92C 
  80      F6152F2B 
  80      56CA
  81 0323 37FA839B 		.ascii	"7\372\203\233K\003\212?\024\016\224\370+\226n\336\350"
  81      4B038A3F 
  81      140E94F8 
  81      2B966EDE 
  81      E8
  82 0334 2F2C83A9 		.ascii	"/,\203\251\3314\241\010\015\341J\343\235\215\323\362"
  82      D934A108 
  82      0DE14AE3 
  82      9D8DD3F2 
  83 0344 7895B248 		.ascii	"x\225\262Hu\204\360\202,\334\334\345\242\025\276\305"
  83      7584F082 
  83      2CDCDCE5 
  83      A215BEC5 
  84 0354 BE2D1464 		.ascii	"\276-\024d\220U-\250\240H\273\177S\244\274\324[\016"
  84      90552DA8 
  84      A048BB7F 
  84      53A4BCD4 
  84      5B0E
  85 0366 B68A4045 		.ascii	"\266\212@E(\\m.\004h\341\017\302\375\334\240"
  85      285C6D2E 
  85      0468E10F 
  85      C2FDDCA0 
  86              		.text
  87              		.section	.gnu.lto_st_lld_init.5ffe6a4de5d34258,"",%progbits
  88 0000 789C9D94 		.ascii	"x\234\235\224\315O\023A\030\207\347\267\263\375\240"
  88      CD4F1341 
  88      1887E7B7 
  88      B3FDA0
  89 000f 08C49B89 		.ascii	"\010\304\233\211=x\361\200\0076\325\177\301\213\011"
  89      3D78F180 
  89      0736D57F 
  89      C18B09
  90 001e C4835C8D 		.ascii	"\304\203\\\2151\232\350\201\004#\304\243]\300R\024b"
  90      319AE881 
  90      0423C4A3 
  90      5DC05214 
  90      62
  91 002f D408265A 		.ascii	"\324\010&Z\240\211F\203\021\313\247R(\262\326\012*P"
  91      A0894683 
  91      11CBA752 
  91      28B2D60A 
  91      2A50
  92 0041 1041113C 		.ascii	"\020A\021<y\000\024B4\02241\202\357;[Z\242':\351nwg"
  92      79001442 
  92      34123431 
  92      82EF3B5B 
  92      5AA2273A 
  93 0059 669F677E 		.ascii	"f\237g~\263;\343\024B\324;\204\360\321\377^: \005\264"
  93      B33BE314 
  93      42D43B84 
  93      F0D1FF5E 
  93      3A2005B4 
  94 006d 6B4921AA 		.ascii	"kI!\252\334\032\300\027\246\033\302\257\301\217\006"
ARM GAS  /tmp/ccsToNqJ.s 			page 7


  94      DC1AC017 
  94      A61BC2AF 
  94      C18F06
  95 007c 7953221E 		.ascii	"yS\"\036\\\210j\205\017L*\326\255\256\374Z3\260'$\205"
  95      5C886A85 
  95      0F4C2AD6 
  95      ADAEFC5A 
  95      33B02724 
  96 0091 68A2830B 		.ascii	"h\242\203\013\272Q(\250\333\347\316\215\306<\247n\327"
  96      BA5128A8 
  96      DBE7CE8D 
  96      C63CA76E 
  96      D7
  97 00a2 A3074E01 		.ascii	"\243\007N\001\272\210L9,sc3hZ\211\273\030<\272\033\""
  97      BA884C39 
  97      2C736333 
  97      685A89BB 
  97      183CBA1B 
  98 00b7 24A1F149 		.ascii	"$\241\361I\362I\347\223\020u\364\014\211MK\\\226\032"
  98      F249E793 
  98      1075F40C 
  98      894D4B5C 
  98      961A
  99 00c9 5FD558E2 		.ascii	"_\325X\342+\342\375_Z\3170\351\266\004\011\232\002\361"
  99      2BE2FD5F 
  99      5ACF30E9 
  99      B604099A 
  99      02F1
 100 00db 0957BD0C 		.ascii	"\011W\275\014I\015\354\233\217\214/\273\355[3\\g\352"
 100      490DEC9B 
 100      8F8C2FBB 
 100      ED5B335C 
 100      67EA
 101 00ed 54752FD2 		.ascii	"Tu/\322y\007a\264T\321P\367\205\244\304\023x\321\013"
 101      790761B4 
 101      54D150F7 
 101      85A4C413 
 101      78D10B
 102 0100 AFE0FE37 		.ascii	"\257\340\3767\272\247\217\033\355\346%\204\244\216\247"
 102      BAA78F1B 
 102      EDE62584 
 102      A48EA7
 103 010f D4AD5105 		.ascii	"\324\255Q\005@\037\014r\325\374\252\205\255\322l[Ob"
 103      401F0C72 
 103      D5FCAA85 
 103      ADD26C5B 
 103      4F62
 104 0121 A456E141 		.ascii	"\244V\341A%J\014\032\317\364\025\325gG\246\376\214i"
 104      254A0C1A 
 104      CFF415D5 
 104      6747A6FE 
 104      8C69
 105 0133 0006E155 		.ascii	"\000\006\341U\260\266\207.\333&\267\007s\250`\2153\213"
 105      B0B6872E 
 105      DB26B707 
 105      73A8608D 
 105      338B
ARM GAS  /tmp/ccsToNqJ.s 			page 8


 106 0145 EBB9F6AD 		.ascii	"\353\271\366\255\331\021P\301V\257\257's3:'\006I\027"
 106      D91150C1 
 106      56AFAF27 
 106      73333A27 
 106      064917
 107 0158 4BE95AAE 		.ascii	"K\351Z\256\016\377\310K\373\236)\037O=\206\376I\246"
 107      0EFFC84B 
 107      FB9E291F 
 107      4F3D86FE 
 107      49A6
 108 016a 93EEFF28 		.ascii	"\223\356\377(;`[\031\366s\316\2423im\251=\230\237b\245"
 108      3B605B19 
 108      F673CEA2 
 108      33696DA9 
 108      3D989F62 
 109 017f 93B85492 		.ascii	"\223\270T\222d\373\317o\036\373\226\277\036N\022n^\314"
 109      64FBCF6F 
 109      1EFB96BF 
 109      1E4E126E 
 109      5ECC
 110 0191 49C9C217 		.ascii	"I\311\302\027\351\345\273\361\202t\361\224.\2700:\231"
 110      E9E5BBF1 
 110      8274F194 
 110      2EB8303A 
 110      99
 111 01a2 CFBA2A1E 		.ascii	"\317\272*\036\212\216\204\022j,|\011\203:$\352\347>"
 111      8A8E8412 
 111      6A2C7C09 
 111      833A24EA 
 111      E73E
 112 01b4 81893A86 		.ascii	"\201\211:\206\366c\330\316\262\266\3648=\202\235\361"
 112      F663D8CE 
 112      B2B6F438 
 112      3D829DF1 
 113 01c4 47145F7D 		.ascii	"G\024_}\260\257\024\1779\3261\353\260\371\233T\012\360"
 113      B0AF147F 
 113      39D631EB 
 113      B0F99B54 
 113      0AF0
 114 01d6 7A4B11C9 		.ascii	"zK\021\311R\361F)tV\214*Ez\216t\010\214m\341\373\262"
 114      52F14629 
 114      74568C2A 
 114      457A8E74 
 114      088C6DE1 
 115 01ec C2E7605C 		.ascii	"\302\347`\\\341i5s\243\325P\335\346\362E\2701\334\245"
 115      E1693573 
 115      A3D550DD 
 115      E6F245B8 
 115      31DCA5
 116 01ff DE581206 		.ascii	"\336X\022\006\016x\325\3277\001_F\027\3152\315\244\322"
 116      0E78D5D7 
 116      37015F46 
 116      17CD32CD 
 116      A4D2
 117 0211 3999F796 		.ascii	"9\231\367\226\320i^\177\226\274)\305s1\357\335v\336"
 117      D0695E7F 
 117      96BC29C5 
ARM GAS  /tmp/ccsToNqJ.s 			page 9


 117      7331EFDD 
 117      76DE
 118 0223 4096BC69 		.ascii	"@\226\274i\305s3oF\315vop\254\323c\3176\360~\013\037"
 118      C573336F 
 118      46CD766F 
 118      70ACD363 
 118      CF36F07E 
 119 0239 CB12FF41 		.ascii	"\313\022\377A\341s\030?K\303e\336\012\002\341\315f\251"
 119      E173183F 
 119      4BC365DE 
 119      0A02E1CD 
 119      66A9
 120 024b 363C7A22 		.ascii	"6<z\"\032]\231w\371\377\230\356\220\3644\361R\301G\370"
 120      1A5D9977 
 120      F9FF98EE 
 120      90F434F1 
 120      52C147F8 
 121 025f B9E1D1FD 		.ascii	"\271\341\321\375\357V\001\017$\027\005\230\203\227\252"
 121      EF56010F 
 121      24170598 
 121      8397AA
 122 026e 62AD0D6D 		.ascii	"b\255\015m\036\273J\303<\274!\271K\254\242:\374\273"
 122      1EBB4AC3 
 122      3CBC21B9 
 122      4BACA23A 
 122      FCBB
 123 0280 45AD4DB5 		.ascii	"E\255M\265\273\326\021\203\366CZ\002FQQ\352W^a\234="
 123      BBD61183 
 123      F6435A02 
 123      465151EA 
 123      575E619C 
 124 0295 59669C2B 		.ascii	"Yf\234+?_Ya\034+-9t\320(.>l\224\036)\271\3403**O\224"
 124      3F5F5961 
 124      1C2B2D39 
 124      74D0282E 
 124      3E6C941E 
 125 02b1 959D2E3A 		.ascii	"\225\235.:%\376\002\341\002\331\350"
 125      25FE02E1 
 125      02D9E8
 126              		.text
 127              		.section	.gnu.lto_.symbol_nodes.5ffe6a4de5d34258,"",%progbits
 128 0000 789C55C8 		.ascii	"x\234U\310\273\011\200@\020\204\341\231[\3176lE+\333"
 128      BB098040 
 128      1084E199 
 128      5BCF366C 
 128      452BDB
 129 0013 0B44C1C8 		.ascii	"\013D\301\310\"\354\300'\306\306\326``(\330\201\270"
 129      22ECC027 
 129      C6C6D660 
 129      6028D881 
 129      B8
 130 0024 1879C1F0 		.ascii	"\030y\301\360\017_\012\240\261\301\365T\240\335\001"
 130      0F5F0AA0 
 130      B1C1F554 
 130      A0DD01
 131 0033 CB1A0A93 		.ascii	"\313\032\012\223\201\312H8Q\335'@\010\271\301L\225\010"
 131      81CA4838 
ARM GAS  /tmp/ccsToNqJ.s 			page 10


 131      51DD2740 
 131      08B9C14C 
 131      9508
 132 0045 466A12C1 		.ascii	"Fj\022\301B\365\177\020$\350\216\207b\257\254n/p\330"
 132      42F57F10 
 132      24E88E87 
 132      62AFAC6E 
 132      2F70D8
 133 0058 AA2B137A 		.ascii	"\252+\023z\234\365\225\341\005G\036\"x"
 133      9CF595E1 
 133      05471E22 
 133      78
 134              		.text
 135              		.section	.gnu.lto_.refs.5ffe6a4de5d34258,"",%progbits
 136 0000 789C6363 		.ascii	"x\234cc```\004b\006\000\000D\000\010"
 136      60606004 
 136      62060000 
 136      440008
 137              		.text
 138              		.section	.gnu.lto_.decls.5ffe6a4de5d34258,"",%progbits
 139 0000 789CBD58 		.ascii	"x\234\275X{PTW\232\357sO\3234\335\200VkM\271[V%\225"
 139      7B505457 
 139      9AEF734F 
 139      D334DD80 
 139      566B4DB9 
 140 0018 724B7667 		.ascii	"rKvg\260\005\235Mj*5\025m0\2616$\251\206lm\362OO\247"
 140      B0059D4D 
 140      6A2A3515 
 140      6D30B136 
 140      24A9866C 
 141 0031 6D434F9A 		.ascii	"mCO\232n\207\206lR\363\307^\004\034\205\250\240\370"
 141      6E87866C 
 141      52F3C75E 
 141      041C85A8 
 141      A0F8
 142 0043 081A05F1 		.ascii	"\010\032\005\361-(&\"\" \217V@\036\212\250  \017\361"
 142      2D282622 
 142      22208F56 
 142      401E8AA8 
 142      20200FF1 
 143 0057 852FE4A1 		.ascii	"\205/\344\241`t\324\375\3169\367ro_\232\314l\325\356"
 143      6074D4FD 
 143      CE39F772 
 143      6F5F9ACC 
 143      6CD5EE
 144 006a DEE2EB7B 		.ascii	"\336\342\353{\277s\177\347w\276\363}\337=\347;hT*U\351"
 144      BF737FE7 
 144      77BEF37D 
 144      DF3DE73B 
 144      68542A55 
 145 007f 3FA8540F 		.ascii	"?\250T\017\325*U<R\251^\303\205\241\255\006\204\003"
 145      D52A553C 
 145      52A95EC3 
 145      85A1AD06 
 145      8403
 146 0091 F90CA452 		.ascii	"\371\014\244R\305.\015\3109\220z\220\013 \255 \355 "
 146      C52E0DC8 
ARM GAS  /tmp/ccsToNqJ.s 			page 11


 146      39907A90 
 146      0B20AD20 
 146      ED20
 147 00a3 DDAAA957 		.ascii	"\335\252\251W&p\315\204\373\037@\014 \263A\032A\346"
 147      2670CD84 
 147      FB1F400C 
 147      20B3411A 
 147      41E6
 148 00b5 835C1778 		.ascii	"\203\\\027x\257\202\274\011\2707@\006\340\371_\340\376"
 148      AF82BC09 
 148      B8374006 
 148      E0F95FE0 
 148      FE
 149 00c6 6B90B3F0 		.ascii	"k\220\263\360\374\033\270\267\300\035n\252`\370\231"
 149      FC1BB8B7 
 149      C01D6EAA 
 149      60F899
 150 00d5 218C4DC6 		.ascii	"!\214M\306[\000\372B\220H\220\305 \357\200\374\0161"
 150      5B00FA42 
 150      904890C5 
 150      20EF80FC 
 150      0E31
 151 00e7 7BDE85FB 		.ascii	"{\336\205\373\357A\336\003Y\012\022\215\230\255\312"
 151      EF41DE03 
 151      590A128D 
 151      98ADCA
 152 00f6 6B23B487 		.ascii	"k#\264\207\010\366\021\233\310\334W\012v$\303\335\203"
 152      08F6119B 
 152      C8DC570A 
 152      7624C3DD 
 152      83
 153 0107 24DB86A1 		.ascii	"$\333\206\241\355k\304\374\320\005\242\003\371\024t"
 153      ED6BC4FC 
 153      D005A203 
 153      F91474
 154 0116 37C85C90 		.ascii	"7\310\\\220@\020-\210\016DOl\005\371G\020\003b>\254"
 154      40102D88 
 154      0E444F6C 
 154      05F94710 
 154      03623EAC 
 155 012a 9FC64739 		.ascii	"\237\306G9\030\3654\034:\20231\232\257C\304\3633\240"
 155      18F5341C 
 155      3A823331 
 155      9AAF43C4 
 155      F333A0
 156 013d E9D8C3B2 		.ascii	"\351\330\303\262\237CX\023AT\267\364\274\322`\216>\027"
 156      9F435813 
 156      4154B7F4 
 156      BCD2608E 
 156      3E17
 157 014f 75DD3E80 		.ascii	"u\335>\200\026\024\362\354\322:T\250\004a\221\252m\343"
 157      1614F2EC 
 157      D23A54A8 
 157      046191AA 
 157      6DE3
 158 0161 E8DE40FC 		.ascii	"\350\336@\374;\012\274\224V\274\223\320\032tH\015\352"
 158      3B0ABC94 
ARM GAS  /tmp/ccsToNqJ.s 			page 12


 158      56BC93D0 
 158      1A74480D 
 158      EA
 159 0172 484BEECD 		.ascii	"HK\356\315PPg\353\320\2339\230\353\353|q=\024\351\302"
 159      505067EB 
 159      D09B3998 
 159      EBEB7C71 
 159      3D14E9C2 
 160 0186 D6F2FC6A 		.ascii	"\326\362\374j>/\225\017\372@\205\312\320\\t\012\315"
 160      3E2F950F 
 160      FA4085CA 
 160      D05C740A 
 160      CD
 161 0197 55A17214 		.ascii	"U\241r\024F\206>\211\026\250\320\011h\374\011\032\367"
 161      46863E89 
 161      16A8D009 
 161      68FC091A 
 161      F7
 162 01a8 93E1AA1F 		.ascii	"\223\341\252\037o\377\375\367\243<\377&:\215t\250\024"
 162      6FFFFDF7 
 162      A33CFF26 
 162      3A8D74A8 
 162      14
 163 01b9 618A8108 		.ascii	"a\212\201\010\315\3271\003\016\355\315\336\243\301-"
 163      CDD73103 
 163      0EEDCDDE 
 163      A3C12D
 164 01c8 8858C095 		.ascii	"\210X\300\225\357\270}\216\233n\2143\323\2161q\372\255"
 164      EFB87D8E 
 164      9B6E8C33 
 164      D38E3171 
 164      FAAD
 165 01da BA749EE7 		.ascii	"\272t\236\347P%\214Q!\215\001C\222\033\264\302@e\265"
 165      50258C51 
 165      218D0143 
 165      921BB4C2 
 165      4065B5
 166 01ed 6B2E85F4 		.ascii	"k.\205\364\241\036\004\316E3\351\374\021b\277p'B\365"
 166      A11E04CE 
 166      4533E9FC 
 166      1162BF70 
 166      2742F5
 167 0200 D7E28558 		.ascii	"\327\342\205X;\264r\354&@\211\"v\021\236\341\227\023"
 167      3BB472EC 
 167      26408922 
 167      76119EE1 
 167      9713
 168 0212 38389197 		.ascii	"88\221\227\376\011\004H\316\312\336\263\341\304K%\322"
 168      FE090448 
 168      CECADEB3 
 168      E1C44B25 
 168      D2
 169 0223 33B3C47E 		.ascii	"3\263\304~*F\351;\230\254\223\217\255\252\311\327\223"
 169      2A46E93B 
 169      98AC938F 
 169      ADAAC9D7 
 169      93
ARM GAS  /tmp/ccsToNqJ.s 			page 13


 170 0234 664A9344 		.ascii	"fJ\223DB\270O\347\037\275\253\356G\275\240/S\251\262"
 170      42B84FE7 
 170      1FBDABEE 
 170      47BDA02F 
 170      53A9B2
 171 0247 B409B435 		.ascii	"\264\011\2645o\363\276C:\334\306\322\345\334\353\211"
 171      6FF3BE43 
 171      3ADCC6D2 
 171      E5DCEB89 
 172 0257 EA192C0B 		.ascii	"\352\031,\0138\222 \303\315?\350Y\026\314\004\265\360"
 172      389220C3 
 172      CD3FE859 
 172      16CC04B5 
 172      F0
 173 0268 BBD73901 		.ascii	"\273\3279\001s\266\022\267g\245\36239\364\207_!/\004"
 173      73B612B7 
 173      67A5F233 
 173      39F4875F 
 173      212F04
 174 027b A31682A1 		.ascii	"\243\026\202\241Bg\321\034\370u\251\331`\335\355M\343"
 174      4267D11C 
 174      F875A9D9 
 174      60DDED4D 
 174      E3
 175 028c FAB7F2F8 		.ascii	"\372\267\362\370\274~\276\272\257{qQ\355\032\276\025"
 175      BC7EBEBA 
 175      AF7B7151 
 175      ED1ABE15 
 176 029c FABD4771 		.ascii	"\372\275Gq\250F\212S\015\311GT\215\372\021\252B}`\371"
 176      A8468A53 
 176      0DC94754 
 176      8DFA11AA 
 176      427D60F9 
 177 02b0 39F41649 		.ascii	"9\364\026I\300\357\036\347\315 \011I3\372\370\306\023"
 177      C0EF1EE7 
 177      CD200949 
 177      33FAF8C6 
 177      13
 178 02c1 9C4076A1 		.ascii	"\234@v\241,8\227\257^\315\223\220\023\252:\211\252N"
 178      2C3897AF 
 178      5ECD9390 
 178      13AA3A89 
 178      AA4E
 179 02d3 49554FA9 		.ascii	"IUO\251\372\206\307\352\365x\033\243\332}}\244(\020"
 179      FA86C7EA 
 179      F5781BA3 
 179      DA7D7DA4 
 179      2810
 180 02e5 1FA60AD7 		.ascii	"\037\246\012\327\376zpP\207\202\3032&S\216Li2\351\232"
 180      FE7A7050 
 180      8782C332 
 180      26538E4C 
 180      6932E99A 
 181 02f9 20E92CC1 		.ascii	" \351,\301\002;\313\266\276\241\305;\317\220\214nD\301"
 181      023BCBB6 
 181      BEA1C53B 
 181      CF908C6E 
ARM GAS  /tmp/ccsToNqJ.s 			page 14


 181      44C1
 182 030b E8BC34B4 		.ascii	"\350\2744\264%\230M{\343\305\214\313j5\3112\002\000"
 182      25984D7B 
 182      E3C58CCB 
 182      6A35C932 
 182      0200
 183 031d 67405BE9 		.ascii	"g@[\351\3065\231hZ\267\265P\2675#\301ogn^\275\033\010"
 183      C6359968 
 183      5AB7B550 
 183      B73523C1 
 183      6F676E5E 
 184 0334 53ED87C1 		.ascii	"S\355\207\301.\276X|\276x\220_\253\243(\324 \015\327"
 184      2EBE587C 
 184      BE78905F 
 184      ABA328D4 
 184      200DD7
 185 0347 207CC4E8 		.ascii	" |\304\350\002\235\341\272R\357z\214S\325t\206\215%"
 185      029DE1BA 
 185      52EF7A8C 
 185      53D57486 
 185      8D25
 186 0359 63CD4860 		.ascii	"c\315H`\030\313\300\247\316\257\251\376\204y\375\242"
 186      18CBC0A7 
 186      CEAFA9FE 
 186      8479FDA2 
 187 0369 44705124 		.ascii	"DpQ$h\245\004'\363\373\323\203\360IF\320r\354^\246\006"
 187      68A50427 
 187      F3FBD383 
 187      F04946D0 
 187      72EC5EA6 
 188 037e 5F644AF1 		.ascii	"_dJ\361\216;\215\2010!\324F{@\313\321\302\027\305::"
 188      8E3B8D81 
 188      3021D446 
 188      7B40CBD1 
 188      C217C53A 
 189 0393 C5CF74C2 		.ascii	"\305\317t\302\014\363r3\213C\3443\004\257I3\274JgxE"
 189      0CF37233 
 189      8B43E433 
 189      04AF4933 
 189      BC4A6778 
 190 03a8 9C61CAF8 		.ascii	"\234a\312\370\266|\216\331\227\227\313/]\315\177\307"
 190      B67C8ED9 
 190      9797CB2F 
 190      5DCD7FC7 
 191 03b8 571FE408 		.ascii	"W\037\344\010\012]\022\015D\227\221\232h\314\306vj\343"
 191      0A5D120D 
 191      4497919A 
 191      68CCC676 
 191      6AE3
 192 03ca 8E2B0305 		.ascii	"\216+\003\005\034\276\302\314\252?XR\203\250\021\344"
 192      1CBEC2CC 
 192      AA3F5852 
 192      83A811E4 
 193 03da B3675634 		.ascii	"\263gV4M\034\250RO\266]C\264q\344L\357VnZ\347wQ\323"
 193      4D1CA852 
 193      4FB65D43 
 193      B471E44C 
ARM GAS  /tmp/ccsToNqJ.s 			page 15


 193      EF566E5A 
 194 03f2 3A45D3F6 		.ascii	":E\323\366\376\270\363H\260\340\272\007;\361./u\035"
 194      FEB8F348 
 194      B0E0BA07 
 194      3BF12E2F 
 194      751D
 195 0404 805087E4 		.ascii	"\200P\207\344\272\016\321\254njV^J\346\345\200`Y\006"
 195      BA0ED1AC 
 195      6E6A565E 
 195      4AE6E580 
 195      605906
 196 0417 91898829 		.ascii	"\221\211\210)\244B\327Q0\005\303\235\244\302\215-UA"
 196      A442D751 
 196      3005C39D 
 196      A4C28D2D 
 196      5541
 197 0429 ECFBBA46 		.ascii	"\354\373\272F\006\314-\177\322\030\300t-y=t\2444\204"
 197      06CC2D7F 
 197      D218C074 
 197      2D793D74 
 197      A43484
 198 043c 7D6FD5E4 		.ascii	"}o\325\344\365\345;\371i\301\354u+\321\275\355\365\303"
 198      F5E53BF9 
 198      69C1EC75 
 198      2BD1BDED 
 198      F5C3
 199 044e 6A9C1D40 		.ascii	"j\234\035@]\260\275\355x\264\016\026\313\324\277k\261"
 199      5DB0BDED 
 199      78B40E16 
 199      CBD4BF6B 
 199      B1
 200 045f 840ECDCD 		.ascii	"\204\016\315\315/Z\002\3606\326;\363\\I\235\260\336"
 200      2F5A02F0 
 200      36D63BF3 
 200      5C499DB0 
 200      DE
 201 0470 37103DE7 		.ascii	"7\020=\347\264\267\\\217s\331\313\233\031\003^\015\336"
 201      B4B75C8F 
 201      73D9CB9B 
 201      19035E0D 
 201      DE
 202 0481 CD14D128 		.ascii	"\315\024\321(\203`\324\356\356\247\215\010\027\260\227"
 202      8360D4EE 
 202      EEA78D08 
 202      17B097
 203 0490 E5A51575 		.ascii	"\345\245\025u\302\004\026\312\026\014\003[0N\3369_\247"
 203      C20416CA 
 203      160C035B 
 203      304EDE39 
 203      5FA7
 204 04a2 63F3E111 		.ascii	"c\363\341\021\350\225m\327\337\303\007Y\317\332\321"
 204      E8956DD7 
 204      DFC30759 
 204      CFDAD1
 205 04b1 E203C2DC 		.ascii	"\342\003\302\3340\250\375Y\336\3273\310tx\301\215\320"
 205      30A8FD59 
 205      DED733C8 
ARM GAS  /tmp/ccsToNqJ.s 			page 16


 205      7478C18D 
 205      D0
 206 04c2 2E797188 		.ascii	".yq\210,\346\3108\027=bSy\232U\274\314\220E\203\012"
 206      2CE6C838 
 206      173D6253 
 206      799A55BC 
 206      CC904583 
 207 04d7 6B8A9A06 		.ascii	"k\212\232\006\374\001\240\357S\364cd\020\373\320\204"
 207      FC01A0EF 
 207      53F46364 
 207      10FBD084 
 208 04e7 BBB1AF37 		.ascii	"\273\261\2577T\216\036\370%\364\321\202}\333t\270\220"
 208      548E1EF8 
 208      25F4D182 
 208      7DDB74B8 
 208      90
 209 04f8 19B963AC 		.ascii	"\031\271c\254\347\236\020\2570P\367\217\227\247jq1{"
 209      E79E10AF 
 209      3050F78F 
 209      97A76A71 
 209      317B
 210 050a B7F9CC0F 		.ascii	"\267\371\314\017-\201\370\004S\304\375\322@\367K\264"
 210      2D81F804 
 210      53C4FDD2 
 210      40F74BB4 
 211 051a BA63293E 		.ascii	"\272c)>\305\336Teo\352A\270\202)Ci\267\373\005\377\314"
 211      C5DE5465 
 211      6FEA41B8 
 211      82294369 
 211      B7FB05FF 
 212 052f 01754BD3 		.ascii	"\001uK\323\203\371\270\206\275z\325\340\235\217\353"
 212      83F9B886 
 212      BD7AD5E0 
 212      9D8FEB
 213 053e D973DDC9 		.ascii	"\331s\335\311\203\007\020na\312hn\335\003\035\276\304"
 213      8307106E 
 213      61CA686E 
 213      DD031DBE 
 213      C4
 214 054f 94BCB69D 		.ascii	"\224\274\266\235\247\264\370\012S\366?\333\272?\030"
 214      A7B4F80A 
 214      53F63FDB 
 214      BA3F18
 215 055e 7732E54A 		.ascii	"w2\345J\331\325\265z\334\313\224\265\307\217o\327\343"
 215      D9D5B57A 
 215      DCCB94B5 
 215      C78F6FD7 
 215      E3
 216 056f 01A6AC2E 		.ascii	"\001\246\254.\357\314\026\026\365~\242\337\332w+/H\210"
 216      EFCC1616 
 216      F57EA2DF 
 216      DA772B2F 
 216      4888
 217 0581 8A06F48C 		.ascii	"\212\006\364\214\266\346\011\204\3570p\366\360\350f"
 217      B6E60984 
 217      EF3070F6 
 217      F0E866
ARM GAS  /tmp/ccsToNqJ.s 			page 17


 218 0590 CDB47148 		.ascii	"\315\264qH\343\2048,\244a(-)x\254U\306\241\017\320\275"
 218      E384382C 
 218      A461282D 
 218      2978AC55 
 218      C6A10FD0 
 219 05a5 149DCE19 		.ascii	"\024\235\316\031\304>\004}\366l\345K\244\214\303t\350"
 219      C43E047D 
 219      F66CE54B 
 219      A48CC374 
 219      E8
 220 05b6 5F55FF25 		.ascii	"_U\377%/]\217\346\261k\326<\361\012#?{\370\264TX\213"
 220      2F5D8FE6 
 220      B16BD63C 
 220      F10A233F 
 220      7BF8B454 
 221 05cc 2B7157D1 		.ascii	"+qW\321\206\365|^-\242Tc\360\215n\340fI\337\301(\345"
 221      86F57C5E 
 221      2DA25463 
 221      F08D6EE0 
 221      6649DFC1 
 222 05e2 2D23BF2A 		.ascii	"-#\277*\326\345\276\023\366\2164L\341\317\225\360g\024"
 222      D6E5BE13 
 222      F68E344C 
 222      E1CF95F0 
 222      6714
 223 05f4 1E21A11B 		.ascii	"\036!\241\033e\350WJt\257\017:\205\257\036HH\241\350"
 223      65E8574A 
 223      74AF0F3A 
 223      85AF1E48 
 223      48A1E8
 224 0607 6164400F 		.ascii	"ad@\017\005\264\230e\350\336\024S\332d\344/\375\223"
 224      05B49865 
 224      E8DE1453 
 224      DA64E42F 
 224      FD93
 225 0619 CBE15D32 		.ascii	"\313\341]2\370_\225\360\373J\313\237'H\350\333J\364"
 225      F85F95F0 
 225      FB4ACB9F 
 225      2748E8DB 
 225      4AF4
 226 062b 2D1979B6 		.ascii	"-\031y\266\020\015\036\226@\264\232\233\213R8\362\222"
 226      100D1E96 
 226      40B49A9B 
 226      8B5238F2 
 226      92
 227 063c E061F940 		.ascii	"\340a\371@\333\2710\264\211\233\2076\202\254\003\311"
 227      DBB930B4 
 227      899B8736 
 227      82AC03C9 
 228 064c 04F90E24 		.ascii	"\004\371\016$\027d-H\026H\016\310f\220\235 \177\001"
 228      17642D48 
 228      16480EC8 
 228      66909D20 
 228      7F01
 229 065e D9019201 		.ascii	"\331\001\222\001\262\025$\033d=\310\367 [@\266q\363"
 229      B215241B 
 229      643DC8F7 
ARM GAS  /tmp/ccsToNqJ.s 			page 18


 229      205B40B6 
 229      71F3
 230 0670 E8DAC9AC 		.ascii	"\350\332\311\254\254\225\315\351\265\322J\243\322\003"
 230      AC95CDE9 
 230      B5D24AA3 
 230      D203
 231 067e A332F4CF 		.ascii	"\2432\364\317\376c\347\003\227\271\340\216\177\027\310"
 231      FE63E703 
 231      97B9E08E 
 231      7F17C8
 232 068d 1DF69584 		.ascii	"\035\366\225\204\3469\177\246\310\300\2652\352q%\365"
 232      E6397FA6 
 232      C8C0B532 
 232      EA7125F5 
 233 069d D329963C 		.ascii	"\323)\226<\227\031>\341\037.O:\227\204\276\241D\367"
 233      97193EE1 
 233      1F2E4F3A 
 233      9784BEA1 
 233      44F7
 234 06af 4FCD6899 		.ascii	"O\315h\231-\203J\370]_8\344g\233\213%\351\032\316\200"
 234      2D834AF8 
 234      5D5F38E4 
 234      679B8B25 
 234      E91ACE80 
 235 06c3 5285798A 		.ascii	"R\205y\212\237 \224\307\223\266\260jg\374\201!\005R"
 235      9F2094C7 
 235      93B6B06A 
 235      67FC8121 
 235      0552
 236 06d5 83A054C2 		.ascii	"\203\240T\302\366'E\257n\310P\220\3127,\244C\337\364"
 236      F62745AF 
 236      6EC85090 
 236      CA372CA4 
 236      43DFF4
 237 06e8 6FA96C5E 		.ascii	"o\251l^\0032/\274\360\237\300>\371.\233\327\210\022"
 237      03322FBC 
 237      F09FC03E 
 237      F92E9BD7 
 237      8812
 238 06fa 7E6F8AD3 		.ascii	"~o\212\323d\350'\376\227\001\212&\347\247\346\366\203"
 238      64E827FE 
 238      97018A26 
 238      E7A7E6F6 
 238      83
 239 070b A1789786 		.ascii	"\241x\227\206\026\200%k;\013g\240\260Yl\272\275C\032"
 239      1680256B 
 239      3B0B67A0 
 239      B0596CBA 
 239      BD431A
 240 071e 3823A1DD 		.ascii	"8#\241\335\320\371\007nr\277'\223\237\346CA\273\340"
 240      D0F9076E 
 240      72BF2793 
 240      9FE64341 
 240      BBE0
 241 0730 FBF8BFFE 		.ascii	"\373\370\277\376VH\345^\225_\252\226\327\030\273e\363"
 241      5648E55E 
 241      955FAA96 
ARM GAS  /tmp/ccsToNqJ.s 			page 19


 241      D718BB65 
 241      F3
 242 0741 53A13C8E 		.ascii	"S\241<\216\325\030p'\313\373\213\242\323\302VDV\367"
 242      D5187027 
 242      CBFB8BA2 
 242      D3C25644 
 242      56F7
 243 0753 AAE6B40A 		.ascii	"\252\346\264\012\375\264\013\372\036qA\317\347\350\212"
 243      FDB40BFA 
 243      1E7141CF 
 243      E7E88A
 244 0762 FE24237D 		.ascii	"\376$#}B(\013\002A=xg\347\206`\266U\274\003\352\325"
 244      42280B02 
 244      413D7867 
 244      E78660B6 
 244      55BC03EA 
 245 0777 6795CF83 		.ascii	"g\225\317\203\361a\352;ua\352\341a5\012\233\213\200"
 245      F161EA3B 
 245      7561EAE1 
 245      61350A9B 
 245      8B80
 246 0789 0CE9F68B 		.ascii	"\014\351\366\213GL\025:\304\351\320>\016\213g\326\\"
 246      474C153A 
 246      C4E9D03E 
 246      0E8B67D6 
 246      5C
 247 079a 1E061FFE 		.ascii	"\036\006\037\376/\322\014\317Zz\247g<\276\200\307sT"
 247      2FD20CCF 
 247      5A7AA767 
 247      3CBE80C7 
 247      7354
 248 07ac 6811DD4D 		.ascii	"h\021\335M\320~p\337!j\315A\360\356\001f\316\221\201"
 248      D07E70DF 
 248      216ACD41 
 248      F0EE0166 
 248      CE9181
 249 07bf 9C26D996 		.ascii	"\234&\331\226\201(\367^x_@\227\251\303t\313\240"
 249      8128F75E 
 249      785F4097 
 249      A9C374CB 
 249      A0
 250 07d0 73A00AA9 		.ascii	"s\240\012\251N\376\372\342\373P\271\253\316\372\224"
 250      4EFEFAE2 
 250      FB50B9AB 
 250      CEFA94
 251 07df 63470457 		.ascii	"cG\004W\035\241\256\312\257O7\311\261->\330B\001[H\261"
 251      1DA1AECA 
 251      AF4F37C9 
 251      B12D3ED8 
 251      42015B48 
 252 07f4 770FF013 		.ascii	"w\017\360\023\241\370\230\206m\303gs\013B\240P\254\206"
 252      A1F89886 
 252      6DC36773 
 252      0B42A050 
 252      AC86
 253 0806 0349C735 		.ascii	"\003I\3075|dc&lC)\374{l\270\")y\2128\305\221\344(G\212"
 253      7C646326 
ARM GAS  /tmp/ccsToNqJ.s 			page 20


 253      6C4329FC 
 253      7B6CB822 
 253      29798A38 
 254 0820 C6E1F1A6 		.ascii	"\306\341\361\246l\214\007\030\331\025\357\205\246 \201"
 254      6C8C0718 
 254      D915EF85 
 254      A62081
 255 082f 0C0AF68C 		.ascii	"\014\012\366\214\026zT\312\373\200\025\355\307$\262"
 255      167A54CA 
 255      FB8015ED 
 255      C724B2
 256 083e 634AB262 		.ascii	"cJ\262bJ\346\035o\207#\315\030#\273z/\353G\321\262\246"
 256      4AE61D6F 
 256      8723CD18 
 256      23BB7A2F 
 256      EB47D1B2 
 257 0853 178BBB4F 		.ascii	"\027\213\273O\360<\234\216k\325\224\353\270\304u\\\311"
 257      F03C9C8E 
 257      6BD594EB 
 257      B8C4755C 
 257      C9
 258 0864 F523E5DA 		.ascii	"\365#\345\332?\361,3\024\257\011\244\\\017\333\017\266"
 258      3FF12C33 
 258      14AF09A4 
 258      5C0FDB0F 
 258      B6
 259 0875 060B5C6D 		.ascii	"\006\013\\m\237\261SW>;u\375$1\375\244d:A\231\236\244"
 259      9FB15357 
 259      3E3B75FD 
 259      2431FDA4 
 259      643A4199 
 260 088b 6C3EA6C5 		.ascii	"l>\246\305Y\214\351p\321\256b\370\350\230\222Y\353\335"
 260      598CE970 
 260      D1AE62F8 
 260      E8989259 
 260      EBDD
 261 089d A921478A 		.ascii	"\251!G\212\223\234p\244\370\271-\353\2128\320\335G\270"
 261      939C70A4 
 261      F8B92DEB 
 261      8A38D0DD 
 261      47B8
 262 08af F0C82EE6 		.ascii	"\360\310.\346\316\0066X\2118\030*\345\324D\363\035\357"
 262      CE063658 
 262      8938182A 
 262      E5D444F3 
 262      1DEF
 263 08c1 141DEFD9 		.ascii	"\024\035\357\331\323\232\032-\356dCtlm\232\320K\361"
 263      D39A1A2D 
 263      EE644374 
 263      6C6D9AD0 
 263      4BF1
 264 08d3 293B5E7C 		.ascii	");^|)\205\237\235\026\304\262A\262\275L\311u\232r\355"
 264      29859F9D 
 264      16C4B241 
 264      B2BD4CC9 
 264      759A72ED 
 265 08e7 B9D6F9A3 		.ascii	"\271\326\371\243\006?b\\\257\216\016\225\210\\\243\177"
ARM GAS  /tmp/ccsToNqJ.s 			page 21


 265      063F625C 
 265      AF8E0E95 
 265      885CA37F 
 266 08f7 F6F142B9 		.ascii	"\366\361B\271\304T\256d\252\240L9\373\352\327\251\361"
 266      C454AE64 
 266      AAA04C39 
 266      FBEAD7A9 
 266      F1
 267 0908 6A2DFB67 		.ascii	"j-\373gLuM\276,\320G}\003])\221U*\311\316P\262\363\267"
 267      4C754DBE 
 267      2CD0477D 
 267      035D2991 
 267      552AC9CE 
 268 0920 8A6A43F1 		.ascii	"\212jC\361\026F\226\263\253\203\036\243X\240\337\275"
 268      164696B3 
 268      AB831EA3 
 268      58A0DFBD 
 269 0930 EE13E82A 		.ascii	"\356\023\350*\211\253J\311UM\271\372w\337\335\034\202"
 269      89AB4AC9 
 269      554DB9FA 
 269      77DFDD1C 
 269      82
 270 0941 0F33AE27 		.ascii	"\0173\256'9\343\367E\303\272>\367\231b\215\304T\243"
 270      39E3F745 
 270      C3BA3EF7 
 270      99628DC4 
 270      54A3
 271 0953 64AAA54C 		.ascii	"d\252\245L\007nl\330\033\210Oj\247\211\355\332\274\035"
 271      076E6CD8 
 271      1B884F6A 
 271      A789EDDA 
 271      BC1D
 272 0965 355A29B6 		.ascii	"5Z)\266\337+b\353\235\214\355Y\210\255W9\3049\026\333"
 272      DF2B62EB 
 272      9D8CED59 
 272      88AD5739 
 272      C43916DB 
 273 0979 EDE9500F 		.ascii	"\355\351P\017{\331\020M\355\371G\003\360y\246\264\334"
 273      7BD9104D 
 273      EDF94703 
 273      F079A6B4 
 273      DC
 274 098a 3DDE1688 		.ascii	"=\336\026\210/2e[\331\300p(\356`J\266\367\351\230\036"
 274      2F32655B 
 274      D9C07028 
 274      EE604AB6 
 274      F7E9981E 
 275 099e 770BB075 		.ascii	"w\013\260u\233\266p\270\237)#\255\336\214 <\310\224"
 275      9BB670B8 
 275      9F2923AD 
 275      DE8C203C 
 275      C894
 276 09b0 8C9ACE35 		.ascii	"\214\232\3165Ax\230)\371\203e\233g\340\011\246Tt\227"
 276      41789829 
 276      F983659B 
 276      67E009A6 
 276      547497
ARM GAS  /tmp/ccsToNqJ.s 			page 22


 277 09c3 18311F44 		.ascii	"\0301\037D\237\017\225\255\277\021\200\3271\345fi\332"
 277      9F0F95AD 
 277      BF1180D7 
 277      31E56669 
 277      DA
 278 09d4 B81AAF67 		.ascii	"\270\032\257gJ\353\351\376\333\241x\023S\304\345\322"
 278      4AEBE9FE 
 278      DBA17813 
 278      53C4E5D2 
 279 09e4 C096CBD1 		.ascii	"\300\226\313\321\202c\273\221p\234\2033\316\314G=?5"
 279      8263BB91 
 279      709C8333 
 279      CECC473D 
 279      3F35
 280 09f6 05226539 		.ascii	"\005\"e9\313v\260\307\207\0032\2122\244b\266\011\374"
 280      CB76B0C7 
 280      8703328A 
 280      32A462B6 
 280      09FC
 281 0a08 72ED972B 		.ascii	"r\355\227+\234\332xi\323kQ\302\247\356\250\317e\360"
 281      9CDA7869 
 281      D36B51C2 
 281      A7EEA8CF 
 281      65F0
 282 0a1a 3A255CB6 		.ascii	":%\\\266\243\372\354tW`\255\275L\327\332k\30267\000"
 282      A3FAEC74 
 282      5760ADBD 
 282      4CD7DA6B 
 282      C2363700 
 283 0a2e EB74376C 		.ascii	"\353t7lO] \267@\256\203\364\203\264\203\364\200\\\005"
 283      4F5D20B7 
 283      40AE83F4 
 283      83B483F4 
 283      805C05
 284 0a41 E903B901 		.ascii	"\351\003\271\001r\023\244\023\244\003\244\327\247\364"
 284      7213A413 
 284      A403A4D7 
 284      A7F4
 285 0a4f 1B951953 		.ascii	"\033\225\031S\2574fj\335>`\221\340\227\224\360)\225"
 285      AF34666A 
 285      DD3E6091 
 285      E09794F0 
 285      2995
 286 0a61 62970CDD 		.ascii	"b\227\014\335\346\027-+\035Fe\340\213J\360\324:\274"
 286      E6172D2B 
 286      1D4665E0 
 286      8B4AF0D4 
 286      3ABC
 287 0a73 516678B3 		.ascii	"Qfx\263\377\030\311+E\207o\205\353\307\347>\206\313"
 287      FF18C92B 
 287      45876F85 
 287      EBC7E73E 
 287      86CB
 288 0a85 C81B95E4 		.ascii	"\310\033\225\344S*\305\3472\313/\370\217\277\274\376"
 288      532AC5E7 
 288      32CB2FF8 
 288      8FBFBCFE 
ARM GAS  /tmp/ccsToNqJ.s 			page 23


 289 0a95 92719FF7 		.ascii	"\222q\237\367\317\315La\265\320\205>V\372]\363W\372"
 289      CFCD4C61 
 289      B5D0853E 
 289      56FA5DF3 
 289      57FA
 290 0aa7 0D0D1AF6 		.ascii	"\015\015\032\366L\226~\015\376\303'\033\372\276\314"
 290      4C967E0D 
 290      FEC3271B 
 290      FABECC
 291 0ab6 D056FF2E 		.ascii	"\320V\377.\026\253\263\247\205\205=z\\I?'.\347\362\255"
 291      16ABB3A7 
 291      85853D7A 
 291      5C493F27 
 291      2EE7F2AD 
 292 0aca 79685698 		.ascii	"yhV\230\337\204Dw!\017\377\267rR\230\362=5)\377\356"
 292      DF844477 
 292      210FFFB7 
 292      725298F2 
 292      3D3529FF 
 293 0adf 00E96D69 		.ascii	"\000\351mi\325\273F\313?RW\275|\325\257\227W\013w|\212"
 293      D5BB46CB 
 293      3F5257BD 
 293      7CD5AF97 
 293      570B777C 
 294 0af4 B041A15A 		.ascii	"\260A\241Z\030\244\325\302\317m\033\322a\221b\313\202"
 294      18A4D5C2 
 294      CF6D1BD2 
 294      619162CB 
 294      82
 295 0b05 B7A7B858 		.ascii	"\267\247\270X\213[\231\362\362VU\177\020\356\240\212"
 295      8B5B99F2 
 295      F256557F 
 295      10EEA08A 
 296 0b15 266D7453 		.ascii	"&mtS*]\021\346\205\315b\276\352\255\220\271\366>\230"
 296      2A5D11E6 
 296      85CD62BE 
 296      EAAD90B9 
 296      F63E98
 297 0b28 31F28BC9 		.ascii	"1\362\213\311\373\256\344\331\007J\360\324\344\035x"
 297      FBAEE4D9 
 297      074AF0D4 
 297      E41D78
 298 0b37 D7F7C398 		.ascii	"\327\367\303\230\312\355s\264\220\241\357\371'\227\235"
 298      CAED73B4 
 298      90A1EFF9 
 298      27979D
 299 0b46 152E54B0 		.ascii	"\025.T\260\204\031\361M\030\237\340I\377t\031\021\""
 299      8419F14D 
 299      189FE049 
 299      FF741911 
 299      22
 300 0b57 370C917B 		.ascii	"7\014\221{\010\221\030\002y\014\362H*z\267\337z\331"
 300      08911802 
 300      790CF248 
 300      2A7AB7DF 
 300      7AD9
 301 0b69 8F702F4B 		.ascii	"\217p/K\205\243\333\033\016\353\225\2710y\272~\002,"
ARM GAS  /tmp/ccsToNqJ.s 			page 24


 301      85A3DB1B 
 301      0EEB95B9 
 301      3079BA7E 
 301      022C
 302 0b7b 7F8B9159 		.ascii	"\177\213\221Y\371\252\202\306x\014\300\243R\214G\304"
 302      F9AA82C6 
 302      780CC0A3 
 302      528C47C4 
 303 0b8b 1857FCF0 		.ascii	"\030W\374\360:=H\036\3431\237\030?\025b\374\224\306"
 303      3A3D481E 
 303      E3319F18 
 303      3F1562FC 
 303      94C6
 304 0b9d 387775F1 		.ascii	"8wu\361\200F\016\356\362)\037\307\0050\271/X\260\300"
 304      80460EEE 
 304      F2291FC7 
 304      0530B92F 
 304      58B0C0
 305 0bb0 C8FEDC1E 		.ascii	"\310\376\334\036c\274\325i\\\345NL\362\030c\343b\026"
 305      63BCD569 
 305      5CE54E4C 
 305      F21863E3 
 305      6216
 306 0bc2 451A3FFC 		.ascii	"E\032?\3740\312\030\267<\346\353\010\243'\311\342t\256"
 306      30CA18B7 
 306      3CE6EB08 
 306      A327C9E2 
 306      74AE
 307 0bd4 5860D3BE 		.ascii	"X`\323\276\377\321\247o\232\"\"T:\213%\331\341JZ\024"
 307      FFD1A76F 
 307      9A222254 
 307      3A8B25D9 
 307      E14A5A14 
 308 0be8 69495A83 		.ascii	"iIZ\203\214\361\356\004\273\321j\363\330\303\235\326"
 308      8CF1EE04 
 308      BBD16AF3 
 308      D8C39DD6 
 309 0bf8 2F8C516E 		.ascii	"/\214Qn[r\202\335\0054qvk\302\277\031\243mN\307*\217"
 309      5B7282DD 
 309      05347176 
 309      6BC2BF19 
 309      A36D4EC7 
 310 0c0e DD620F5F 		.ascii	"\335b\017_\225l\373*\322\030\347v;=\306/m\266pkbB\270"
 310      956CFB2A 
 310      D218E776 
 310      3B3DC62F 
 310      6DB6706B 
 311 0c25 CBEDB287 		.ascii	"\313\355\262\207\333\255_8\302\337\016\217\\\030\361"
 311      DBAD5F38 
 311      C2DF0E8F 
 311      5C18F1
 312 0c34 76F89F16 		.ascii	"v\370\237\026\207'X\377\350N4\372\2745:\\6g\362\012"
 312      872758FF 
 312      E84E34FA 
 312      BC353A5C 
 312      3667F20A 
 313 0c48 BB31C16A 		.ascii	"\2731\301j\213w\270\354F\313\012\373Jk\2623\311\222"
ARM GAS  /tmp/ccsToNqJ.s 			page 25


 313      8B77B8EC 
 313      46CB0AFB 
 313      4A6BB233 
 313      C992
 314 0c5a F4ED2ABB 		.ascii	"\364\355*\273gA\274J+\032\364\347\377W{<\337z\214\026"
 314      6741BC4A 
 314      2B1AF4E7 
 314      FF577B3C 
 314      DF7A8C16 
 315 0c6e 4FD20A18 		.ascii	"O\322\012\030\234\030\361\357v[\222;\361m\223\361\177"
 315      9C18F1EF 
 315      765B923B 
 315      F16D93F1 
 315      7F
 316 0c7f E658959E 		.ascii	"\346X\225\236=Y\034.G\222\301B\300\026G\342\237,\366"
 316      3D591C2E 
 316      4792C142 
 316      C01647E2 
 316      9F2CF6
 317 0c92 550EA7FB 		.ascii	"U\016\247\373\313d\2736\321\376%\214oI\372'9ob\222@"
 317      CB64BB36 
 317      D1FE258C 
 317      6F49FA27 
 317      396F6292 
 318 0ca7 BBC41C63 		.ascii	"\273\304\034c\212\371\306h\213\267\271\023\355`\306"
 318      8AF9C668 
 318      8BB7B913 
 318      ED60C6
 319 0cb6 3FFF6D94 		.ascii	"?\377m\224\345\353\177M\000\244\301\026\037\373\255"
 319      E5EB7F4D 
 319      00A4C116 
 319      1FFBAD
 320 0cc5 27CE9160 		.ascii	"'\316\221`O\374\300\352Z\341\264'.\177C\321Y\234\251"
 320      4FFCC0EA 
 320      5AE1B427 
 320      2E7F43D1 
 320      599CA9
 321 0cd8 2D1EE60A 		.ascii	"-\036\346\012]\346X,_$;\234I\016\227%\321\236\224\234"
 321      5DE6582C 
 321      5F243B9C 
 321      490E9725 
 321      D19E949C 
 322 0cec E8B25857 		.ascii	"\350\262XW\254H\264{<j\247\335\272r\246\353k\207-\332"
 322      AC48B47B 
 322      3C6AA7DD 
 322      BA72A6EB 
 322      6B872DDA 
 323 0d00 65FDC269 		.ascii	"e\375\302ig\276\370\265\177O\330\334\011\011n\227h\023"
 323      67BEF8B5 
 323      7F4FD8DC 
 323      09096E97 
 323      6813
 324 0d12 E904D401 		.ascii	"\351\004\324\001&S\214y\021\367\261Y\035\025\263\304"
 324      26538C79 
 324      11F7B159 
 324      1D15B3C4 
 325 0d22 8CA34C66 		.ascii	"\214\243Lf\365\322\250836\231\314\330\014\262\304l\306"
ARM GAS  /tmp/ccsToNqJ.s 			page 26


 325      F5D2A838 
 325      333699CC 
 325      D80CB2C4 
 325      6CC6
 326 0d34 9FC49AB0 		.ascii	"\237\304\232\260\351\2438\265\311\024m\246\370H\372"
 326      E9A338B5 
 326      C9146DA6 
 326      F848FA
 327 0d43 1B81A3DF 		.ascii	"\033\201\243\3377s\261\320sy\264Y\035\033\003h\2239"
 327      3773B1D0 
 327      7379B459 
 327      1D1B0368 
 327      9339
 328 0d55 12240290 		.ascii	"\022$\002\220\377a\216\374{\343\221@R\310A\\\243\237"
 328      FF618EFC 
 328      7BE39140 
 328      52C8415C 
 328      A39F
 329 0d67 542C496A 		.ascii	"T,Ij[\2745\321\340\366X\235\340\255\017\335\266\257"
 329      5BBC35D1 
 329      E0F6589D 
 329      E0AD0FDD 
 329      B6AF
 330 0d79 9625BA13 		.ascii	"\226%\272\023\226\307\232\337P\322\022\010q\032\271"
 330      96C79ADF 
 330      50D21208 
 330      711AB9
 331 0d88 03C74CEA 		.ascii	"\003\307L\352^Y\007\003\015\255\023\032,+\241\305\342"
 331      5E590703 
 331      0DAD131A 
 331      2C2BA1C5 
 331      E2
 332 0d99 F024064D 		.ascii	"\360$\006M6\205X,+\034\036\342:\022\374\020\253\363"
 332      3685582C 
 332      2B1C1EE2 
 332      3A12FC10 
 332      ABF3
 333 0dab 3FADDF7A 		.ascii	"?\255\337z %\234\220\360\277\221\217d\377&\311h\212"
 333      20259C90 
 333      F0BF918F 
 333      64FF26C9 
 333      688A
 334 0dbd 895D1E2B 		.ascii	"\211]\036+\005\207\204\324\226\260,\331E\3748\213\014"
 334      058784D4 
 334      96B02CD9 
 334      45FC388B 
 334      0C
 335 0dce FFB16F58 		.ascii	"\377\261oXg\013\326\177\352r\312\314\241\366\3714\315"
 335      670BD67F 
 335      EA72CACC 
 335      A1F6F934 
 335      CD
 336 0ddf A6E624BB 		.ascii	"\246\346$\273|l\324\313\032\203-\026\273K42\300\264"
 336      7C6CD4CB 
 336      1A832D16 
 336      BB4B3432 
 336      C0B4
ARM GAS  /tmp/ccsToNqJ.s 			page 27


 337 0df1 EC7DF322 		.ascii	"\354}\363\"\372\033\031\270\344\203\245\346X\022\256"
 337      FA1B19B8 
 337      E483A5E6 
 337      5812AE
 338 0e00 58123793 		.ascii	"X\0227\2239p\311'K#\242?\242\367H\270k\000\0007-i&@"
 338      3970C927 
 338      4B23A23F 
 338      A2F748B8 
 338      6B000037 
 339 0e18 F210C97A 		.ascii	"\362\020\311z,7\253\011\007g2\317\367?\321\3308\026"
 339      2C37AB09 
 339      076732CF 
 339      F73FD1D8 
 339      3816
 340 0e2a 9C950B7F 		.ascii	"\234\225\013\177\033\361\315;$<f\223\311\022\007\037"
 340      1BF1CD3B 
 340      243C6693 
 340      C912071F 
 341 0e3a 7F947DA5 		.ascii	"\177\224}\245\2060.\373\\\263<\312\364qT4\321\"\227"
 341      86302EFB 
 341      5CB33CCA 
 341      F4715434 
 341      D12297
 342 0e4d 7D1E1AB5 		.ascii	"}\036\032\265\364\375\030\323\247\"\346\277\001D\206"
 342      F4FD18D3 
 342      A722E6BF 
 342      014486
 343 0e5c 03A6     		.ascii	"\003\246"
 344              		.text
 345              		.section	.gnu.lto_.symtab.5ffe6a4de5d34258,"",%progbits
 346 0000 56656374 		.ascii	"Vector7C\000"
 346      6F723743 
 346      00
 347 0009 00       		.ascii	"\000"
 348 000a 00       		.ascii	"\000"
 349 000b 00       		.ascii	"\000"
 350 000c 00000000 		.ascii	"\000\000\000\000\000\000\000\000"
 350      00000000 
 351 0014 C5000000 		.ascii	"\305\000\000\000"
 352 0018 73745F6C 		.ascii	"st_lld_init\000"
 352      6C645F69 
 352      6E697400 
 353 0024 00       		.ascii	"\000"
 354 0025 00       		.ascii	"\000"
 355 0026 00       		.ascii	"\000"
 356 0027 00000000 		.ascii	"\000\000\000\000\000\000\000\000"
 356      00000000 
 357 002f C7000000 		.ascii	"\307\000\000\000"
 358 0033 5F706F72 		.ascii	"_port_irq_epilogue\000"
 358      745F6972 
 358      715F6570 
 358      696C6F67 
 358      756500
 359 0046 00       		.ascii	"\000"
 360 0047 02       		.ascii	"\002"
 361 0048 00       		.ascii	"\000"
 362 0049 00000000 		.ascii	"\000\000\000\000\000\000\000\000"
ARM GAS  /tmp/ccsToNqJ.s 			page 28


 362      00000000 
 363 0051 CE000000 		.ascii	"\316\000\000\000"
 364 0055 63685379 		.ascii	"chSysTimerHandlerI\000"
 364      7354696D 
 364      65724861 
 364      6E646C65 
 364      724900
 365 0068 00       		.ascii	"\000"
 366 0069 02       		.ascii	"\002"
 367 006a 00       		.ascii	"\000"
 368 006b 00000000 		.ascii	"\000\000\000\000\000\000\000\000"
 368      00000000 
 369 0073 D0000000 		.ascii	"\320\000\000\000"
 370 0077 6E766963 		.ascii	"nvicEnableVector\000"
 370      456E6162 
 370      6C655665 
 370      63746F72 
 370      00
 371 0088 00       		.ascii	"\000"
 372 0089 02       		.ascii	"\002"
 373 008a 00       		.ascii	"\000"
 374 008b 00000000 		.ascii	"\000\000\000\000\000\000\000\000"
 374      00000000 
 375 0093 DB000000 		.ascii	"\333\000\000\000"
 376              		.text
 377              		.section	.gnu.lto_.opts,"",%progbits
 378 0000 272D666D 		.ascii	"'-fmath-errno' '-fsigned-zeros' '-ftrapping-math' '"
 378      6174682D 
 378      6572726E 
 378      6F272027 
 378      2D667369 
 379 0033 2D666E6F 		.ascii	"-fno-trapv' '-fno-openmp' '-fno-openacc' '-mcpu=cor"
 379      2D747261 
 379      70762720 
 379      272D666E 
 379      6F2D6F70 
 380 0066 7465782D 		.ascii	"tex-m0' '-mno-thumb-interwork' '-mthumb' '-O2' '-fo"
 380      6D302720 
 380      272D6D6E 
 380      6F2D7468 
 380      756D622D 
 381 0099 6D69742D 		.ascii	"mit-frame-pointer' '-falign-functions=16' '-ffuncti"
 381      6672616D 
 381      652D706F 
 381      696E7465 
 381      72272027 
 382 00cc 6F6E2D73 		.ascii	"on-sections' '-fdata-sections' '-fno-common' '-flto"
 382      65637469 
 382      6F6E7327 
 382      20272D66 
 382      64617461 
 383 00ff 2700     		.ascii	"'\000"
 384              		.text
 385              		.comm	__gnu_lto_v1,1,1
 386              		.comm	__gnu_lto_slim,1,1
 387              		.ident	"GCC: (GNU Tools for Arm Embedded Processors 7-2017-q4-major) 7.2.1 20170904 (release) [ARM
ARM GAS  /tmp/ccsToNqJ.s 			page 29


DEFINED SYMBOLS
                            *ABS*:0000000000000000 st_lld.c
                            *COM*:0000000000000001 __gnu_lto_v1
                            *COM*:0000000000000001 __gnu_lto_slim

NO UNDEFINED SYMBOLS
