ARM GAS  /tmp/cc0snowj.s 			page 1


   1              		.cpu cortex-m3
   2              		.eabi_attribute 20, 1
   3              		.eabi_attribute 21, 1
   4              		.eabi_attribute 23, 3
   5              		.eabi_attribute 24, 1
   6              		.eabi_attribute 25, 1
   7              		.eabi_attribute 26, 1
   8              		.eabi_attribute 30, 2
   9              		.eabi_attribute 34, 1
  10              		.eabi_attribute 18, 4
  11              		.file	"board.c"
  12              		.section	.gnu.lto_.profile.6028198da43f90cf,"",%progbits
  13 0000 789C6363 		.ascii	"x\234cc```\001bF\006>f\000\000\227\000\035"
  13      60606001 
  13      6246063E 
  13      66000097 
  13      001D
  14              		.text
  15              		.section	.gnu.lto_.icf.6028198da43f90cf,"",%progbits
  16 0000 789C6363 		.ascii	"x\234cc``\020a@\000f\206\023sg\277\344b\374\270\275"
  16      60601061 
  16      40006686 
  16      137367BF 
  16      E462FCB8 
  17 0015 A3958969 		.ascii	"\243\225\211i\367\213\231\313\371\030\000^\310\010\274"
  17      F78B99CB 
  17      F918005E 
  17      C808BC
  18              		.text
  19              		.section	.gnu.lto_.jmpfuncs.6028198da43f90cf,"",%progbits
  20 0000 789C6363 		.ascii	"x\234cc``\340d@\000&\020\301\010\304\000\001\202\000"
  20      6060E064 
  20      40002610 
  20      C108C400 
  20      018200
  21 0013 13       		.ascii	"\023"
  22              		.text
  23              		.section	.gnu.lto_.inline.6028198da43f90cf,"",%progbits
  24 0000 789C6363 		.ascii	"x\234cc``\320f@\000&\006\006\026\036F\020\305\300\266"
  24      6060D066 
  24      40002606 
  24      06161E46 
  24      10C5C0B6 
  25 0014 401E4431 		.ascii	"@\036D10r\201\010\006f&Ta\006\000-\266\001\351"
  25      30728108 
  25      06662654 
  25      6106002D 
  25      B601E9
  26              		.text
  27              		.section	.gnu.lto_.pureconst.6028198da43f90cf,"",%progbits
  28 0000 789C6363 		.ascii	"x\234cc```\005b&\006\011F\006\000\000\334\000'"
  28      60606005 
  28      62260609 
  28      46060000 
  28      DC0027
  29              		.text
  30              		.section	.gnu.lto___early_init.6028198da43f90cf,"",%progbits
ARM GAS  /tmp/cc0snowj.s 			page 2


  31 0000 789C6363 		.ascii	"x\234cc``X\001\304f@,\015\304\214\314\014\214L\023\316"
  31      60605801 
  31      C466402C 
  31      0DC48CCC 
  31      0C8C4C13 
  32 0015 31303472 		.ascii	"104r012\202\030\015\034\214\014\365L\214\365\214=\314"
  32      30313282 
  32      180D1C8C 
  32      0CF54C8C 
  32      F58C3DCC 
  33 0029 5398190F 		.ascii	"S\230\031\017\265?\333\311\244\271\274\001\010\016L"
  33      B53FDBC9 
  33      A4B9BC01 
  33      080E4C
  34 0038 DF20D9B0 		.ascii	"\337 \331\260\342\000\343\034f\006\206i@\014\002\214"
  34      E200E31C 
  34      66068669 
  34      400C028C 
  35 0048 9B193519 		.ascii	"\233\0315\031\200\312\036m\3747\225\227\215\005\"\316"
  35      80CA1E6D 
  35      FC379597 
  35      8D0522CE 
  36 0058 B885918D 		.ascii	"\270\205\221\215\201\021\310X\177\211\365@\303\277\377"
  36      8111C858 
  36      7F89F540 
  36      C3BFFF
  37 0067 ED0D07CE 		.ascii	"\355\015\007\316,f\334\316\012\224\353\000b\240%\015"
  37      2C66DCCE 
  37      0A94EB00 
  37      62A0250D 
  38 0077 07183A99 		.ascii	"\007\030:\231\231@\254\346\003\014o\030\233\027\274"
  38      9940ACE6 
  38      030C6F18 
  38      9B17BC
  39 0086 96026B02 		.ascii	"\226\002k\002\232\264s\347\233\333\354\365\177\0338"
  39      9AB473E7 
  39      9BDBECF5 
  39      7F1B38
  40 0095 E630334E 		.ascii	"\34603Nc\006\232\302\270\225\261\236a\016P\365;\306"
  40      63069AC2 
  40      B895B19E 
  40      610E50F5 
  40      3BC6
  41 00a7 A605EFB9 		.ascii	"\246\005\357\271\300\352@\240\003(\0114\200\211\201"
  41      C0EA40A0 
  41      03280934 
  41      808981
  42 00b6 C1444F4F 		.ascii	"\301DOO\037\202\362\213\3653\022s\364\223\362\023\213"
  42      1F82F28B 
  42      F5331273 
  42      F493F213 
  42      8B
  43 00c7 528AF583 		.ascii	"R\212\365\203C\342\203C|\215\215\302|\342]<\203\235"
  43      43E28343 
  43      7C8D8DC2 
  43      7CE25D3C 
  43      839D
ARM GAS  /tmp/cc0snowj.s 			page 3


  44 00d9 FDC35C83 		.ascii	"\375\303\\\203\"!rz\311\014\000\005vI["
  44      2221727A 
  44      C90C0005 
  44      76495B
  45              		.text
  46              		.section	.gnu.lto_boardInit.6028198da43f90cf,"",%progbits
  47 0000 789C6363 		.ascii	"x\234cc``\250\003b3 \226\006bFf\006F\246\011\347\030"
  47      6060A803 
  47      62332096 
  47      06624666 
  47      0646A609 
  48 0016 181A3998 		.ascii	"\030\0329\230\030\031A\214\006\016F\206z&\306z\306\036"
  48      1819418C 
  48      060E4686 
  48      7A26C67A 
  48      C61E
  49 0028 E629CC8C 		.ascii	"\346)\314\214\207\332\237\355d\322\\\336\000\004\007"
  49      87DA9FED 
  49      64D25CDE 
  49      000407
  50 0037 A65F906C 		.ascii	"\246_\220lXq\200q\0163\003\3034 \006\001\306\315\214"
  50      58718071 
  50      0E3303C3 
  50      34200601 
  50      C6CD8C
  51 004a 9A0C4065 		.ascii	"\232\014@e\2176\376\233\312\313\306\002\021g\334\302"
  51      8F36FE9B 
  51      CACBC602 
  51      1167DCC2 
  52 005a C8C6C008 		.ascii	"\310\306\300\010d\254\277\304z\240\341\337\377\366\206"
  52      64ACBFC4 
  52      7AA0E1DF 
  52      FFF686
  53 0069 035F1631 		.ascii	"\003_\0261^feb`\350\000\312\003-i8\300\320\311\314\004"
  53      5E666562 
  53      60E800CA 
  53      032D6938 
  53      C0D0C9CC 
  54 007e 62351F60 		.ascii	"b5\037`x\307\330\244\000\326\002\002\035\314\214 a\240"
  54      78C7D8A4 
  54      00D60202 
  54      1DCC8C20 
  54      61A0
  55 0090 52133D3D 		.ascii	"R\023==}\010\312/\326\317H\314\321O\312O,J)\326\017"
  55      7D08CA2F 
  55      D6CF48CC 
  55      D14FCA4F 
  55      2C4A29D6 
  56 00a5 0E890F0E 		.ascii	"\016\211\017\016\36156\012\363\211w\361\014v\366\017"
  56      F135360A 
  56      F38977F1 
  56      0C76F60F 
  57 00b5 730D8A84 		.ascii	"s\015\212\204\310\351%3\000\000 \022;\\"
  57      C8E92533 
  57      00002012 
  57      3B5C
  58              		.text
ARM GAS  /tmp/cc0snowj.s 			page 4


  59              		.section	.gnu.lto_pal_default_config.6028198da43f90cf,"",%progbits
  60 0000 789C6363 		.ascii	"x\234cc``\230\311\310\300\000D`0\205\231\361\340\246"
  60      606098C9 
  60      C8C00044 
  60      60308599 
  60      F1E0A6
  61 0013 09AB98BB 		.ascii	"\011\253\230\273\231\347030vL\\t\204\003(t\367\304\312"
  61      99E73033 
  61      30764C5C 
  61      74840328 
  61      74F7C4CA 
  62 0027 D550A1FF 		.ascii	"\325P\241\377@\300\017\024\372r\377\332\015n\213m\015"
  62      40C00F14 
  62      FA72FFDA 
  62      0D6E8B6D 
  62      0D
  63 0038 1D0B1A0C 		.ascii	"\035\013\032\014\34603N\005Jma\224\231\312\314\310\270"
  63      E630334E 
  63      054A6D61 
  63      9499CACC 
  63      C8B8
  64 004a 19443181 		.ascii	"\031D1\201(\220i\177\246\274\336\304\001\321zd\002\304"
  64      2890697F 
  64      A6BCDEC4 
  64      01D17A64 
  64      02C4
  65 005c B48D9B67 		.ascii	"\264\215\233g\377g\304\252u\033\212\326\355On\254d\204"
  65      FF67C4AA 
  65      751B8AD6 
  65      ED4F6EAC 
  65      6484
  66 006e 68DD0CD5 		.ascii	"h\335\014\325\372\275\353m#?\324!?!\016i}\320=\217\005"
  66      FABDEB6D 
  66      233FD421 
  66      3F210E69 
  66      7DD03D8F 
  67 0083 D5B49D28 		.ascii	"\325\264\235(\016\331\0011\355\377\366\217\217\330`"
  67      0ED90131 
  67      EDFFF68F 
  67      8FD860
  68 0092 DE3AB794 		.ascii	"\336:\267\224\033(\364\373\357\226+\314\370\374\260"
  68      1B28F4FB 
  68      EF962BCC 
  68      F8FCB0
  69 00a1 1BA2F5C7 		.ascii	"\033\242\365\307\263f7\210\316\035\235\020w\274\232"
  69      B3663788 
  69      CE1D9D10 
  69      77BC9A
  70 00b0 FAA18B1B 		.ascii	"\372\241\213\033\"\3242\375,\330\260\356\205[6\260`"
  70      22D432FD 
  70      2CD8B0EE 
  70      855B36B0 
  70      60
  71 00c1 356C1FC4 		.ascii	"5l\037\304\260\275\020\303\036\236\377z\230\015\242"
  71      B0BD10C3 
  71      1E9EFF7A 
  71      980DA2
ARM GAS  /tmp/cc0snowj.s 			page 5


  72 00d0 2E600E33 		.ascii	".`\0163\323Tff\306\375\214\026S\231Y\030\367\200(V\306"
  72      D3546666 
  72      C6FD8C16 
  72      53995918 
  72      F7802856 
  73 00e5 5D208A8D 		.ascii	"] \212\215q;\210bg\334\312h\301\300x\000H\000\000\366"
  73      713B8862 
  73      67DCCA68 
  73      C1C07800 
  73      480000F6 
  74 00f9 898ADA   		.ascii	"\211\212\332"
  75              		.text
  76              		.section	.gnu.lto_.symbol_nodes.6028198da43f90cf,"",%progbits
  77 0000 789C6363 		.ascii	"x\234cc``\360\000b\006\246w\014\365\014\014\023\316"
  77      6060F000 
  77      6206A677 
  77      0CF50C0C 
  77      13CE
  78 0012 3180A85D 		.ascii	"1\200\250]\015\216@\221\367\014\365\214(\"\254o\031"
  78      0D8E4091 
  78      F70CF58C 
  78      2822AC6F 
  78      19
  79 0023 181A9580 		.ascii	"\030\032\225\200\212\031?0\3243\201\245\030\030\032"
  79      8A193F30 
  79      D43381A5 
  79      18181A
  80 0032 1A1C1818 		.ascii	"\032\034\030\030\230\201p\311\203\177\214\014\000\252"
  80      988170C9 
  80      837F8C0C 
  80      00AA
  81 0040 FC120D   		.ascii	"\374\022\015"
  82              		.text
  83              		.section	.gnu.lto_.refs.6028198da43f90cf,"",%progbits
  84 0000 789C6363 		.ascii	"x\234cc```\004b\006\000\000D\000\010"
  84      60606004 
  84      62060000 
  84      440008
  85              		.text
  86              		.section	.gnu.lto_.decls.6028198da43f90cf,"",%progbits
  87 0000 789CBD55 		.ascii	"x\234\275U]LTG\024\276\347\016\254\260P\227@\323\320"
  87      5D4C5447 
  87      14BEE70E 
  87      ACB05097 
  87      40D3D0
  88 0013 C60762D7 		.ascii	"\306\007b\327\310\313rY4\361\245ib\301ZSZI\245&\355"
  88      C8CB7259 
  88      34F1A569 
  88      62C15A53 
  88      5A49A526 
  89 0028 43D77559 		.ascii	"C\327uYe\353\376uwi5&\355E\260Z4E+i\213\326\326\177"
  89      65EBFE75 
  89      77693526 
  89      ED45B05A 
  89      34452B69 
  90 0040 839A4AA3 		.ascii	"\203\232J\243Te\221?\013\242\025\253TE,?[\025X+\240"
  90      5465913F 
ARM GAS  /tmp/cc0snowj.s 			page 6


  90      0BA215AB 
  90      54452C3F 
  90      5B15582B 
  91 0055 52AB110D 		.ascii	"R\253\021\015\364\314\314\205\273\256`L\037:\331sg\316"
  91      F4CCCC85 
  91      BBAE604C 
  91      1F3AD973 
  91      67CE
  92 0067 CC37DF77 		.ascii	"\3147\337w\346\234\271w5\202 \274\034%\010y\242 \264"
  92      E69CB977 
  92      358220BC 
  92      1C250879 
  92      A220B4
  93 007a E378045B 		.ascii	"\343x\004[\004\366u\202\332\010\232\037\3558Z\015\032"
  93      04F67582 
  93      DA089A1F 
  93      ED385A0D 
  93      1A
  94 008b A00D088F 		.ascii	"\240\015\010\217\267O\200\343\026\241\335B\253T\346"
  94      B74F80E3 
  94      16A1DD42 
  94      AB54E6
  95 009a 45656F8D 		.ascii	"Eeo\215\360d[\011\234k\221\342\203\242\021\336:\024"
  95      F0645B09 
  95      9C6B91E2 
  95      83A211DE 
  95      3A14
  96 00ac EEE9028F 		.ascii	"\356\351\002\217\261\037\015C\026.\241\265\242]F\353"
  96      B11F0D43 
  96      162EA1B5 
  96      A25D46EB 
  97 00bc 45BB8176 		.ascii	"E\273\201v\015\355:Z\3678<\264\225\020h\034\251?F\272"
  97      0DED3A5A 
  97      F7383CB4 
  97      9510681C 
  97      A93F46BA 
  98 00d0 A0033036 		.ascii	"\240\00306\210\340\312\300\237\330Sc\376\310h\003>\217"
  98      88E0CAC0 
  98      9FD85363 
  98      FEC86803 
  98      3E8F
  99 00e2 B322EF14 		.ascii	"\263\"\357\024(uF\267\300\330\214\250p\210\243\274\354"
  99      287546B7 
  99      C0D88CA8 
  99      7088A3BC 
  99      EC
 100 00f3 A7104028 		.ascii	"\247\020@(+_\347r\243\215g\201\017B\366\361)Q\025\013"
 100      2B5FE772 
 100      A38D6781 
 100      0F42F6F1 
 100      2951150B 
 101 0107 D9F244AC 		.ascii	"\331\362D\254\302\330\362XP\352!AIB}K~P\033\200N\\}"
 101      C2D8F258 
 101      50EA2141 
 101      49427D4B 
 101      7E501B80 
 102 011e 5F103644 		.ascii	"_\0206D9\200\316\336\351/>\253#\"\033o\357\275u3\232"
ARM GAS  /tmp/cc0snowj.s 			page 7


 102      3980CEDE 
 102      E92F3EAB 
 102      23221B6F 
 102      EFBD7533 
 103 0133 E8D8F89F 		.ascii	"\350\330\370\237\363w\326\353R\016\310\274E\255#\002"
 103      F377D6EB 
 103      520EC8BC 
 103      45AD2302 
 104 0143 FC0C6434 		.ascii	"\374\014d4\241\015#\367ku\353\010\304kAD\267\345\366"
 104      A10D23F7 
 104      6B75EB08 
 104      C46B4144 
 104      B7E5F6
 105 0156 99AD31E8 		.ascii	"\231\2551\350>\257\2058t\017\254\037)\211L\374\232n"
 105      3EAF8538 
 105      740FAC1F 
 105      29894CFC 
 105      9A6E
 106 0168 DC5020C7 		.ascii	"\334P \307\211\260\350\0058\006S\340(L\301p*!\021\237"
 106      89B0E805 
 106      380653E0 
 106      284CC170 
 106      2A21119F 
 107 017c CE08CED4 		.ascii	"\316\010\316\324\3242\\\0279u\233\274- \327\366\226"
 107      D4325C17 
 107      39759BBC 
 107      2D20D7F6 
 107      96
 108 018d 26751F96 		.ascii	"&u\037\226\345\325\270/\202\302\240\002\010\034\201"
 108      E5D5B82F 
 108      82C2A002 
 108      081C81
 109 019c 147A880A 		.ascii	"\024z\210\012*\016\207!\000p\010\272\360\014~\230\212"
 109      2A0E8721 
 109      007008BA 
 109      F00C7E98 
 109      8A
 110 01ad DBCFF474 		.ascii	"\333\317\364t\254$\371\300B>RV\251G\246rd\252\337C\344"
 110      AC24F9C0 
 110      423E5256 
 110      A947A672 
 110      64AADF43 
 111 01c2 12A48963 		.ascii	"\022\244\211c4U*MU8\315qF#\007\375\355:\262\216\363"
 111      34552A4D 
 111      5538CD71 
 111      462307FD 
 111      ED3AB28E 
 112 01d7 14EF2BAA 		.ascii	"\024\357+\252\216F\242\200\214!\355\327\373\313\203"
 112      8E46A280 
 112      8C21EDD7 
 112      FBCB83
 113 01e6 F25A2D8B 		.ascii	"\362Z-\213\033\252U\246j%\033P\303\030\232N\374x/\206"
 113      1BAA55A6 
 113      6A251B50 
 113      C3189A4E 
 113      FC782F86 
 114 01fa 342B0C05 		.ascii	"4+\014\005\235\237\362\354\274\202\336\372o\367n\320"
ARM GAS  /tmp/cc0snowj.s 			page 8


 114      9D9FF2EC 
 114      BC82DEFA 
 114      6FF76ED0 
 115 020a F0EC0408 		.ascii	"\360\354\004\010\372\376#U\215\221|9\025\335\207\301"
 115      FAFE2355 
 115      8D917C39 
 115      15DD87C1 
 116 021a 9236E06E 		.ascii	"\2226\340n,\272\253\374m\033u\012\232\025\250y\363\265"
 116      2CBAABFC 
 116      6D1B750A 
 116      9A15A879 
 116      F3B5
 117 022c C9DC4F0A 		.ascii	"\311\334O\012q\343\271\373e\361\241\237\264$\300e7\373"
 117      71E3B9FB 
 117      65F1A19F 
 117      B424C065 
 117      37FB
 118 023e EF9E5688 		.ascii	"\357\236V\210\243\320=_X\376\035\341n\004\272;\033*"
 118      A3D03D5F 
 118      58FE1DE1 
 118      6E04BA3B 
 118      1B2A
 119 0250 8762482F 		.ascii	"\207bH/\207v4\225\355\247k\323\265@/\221\016\247\016"
 119      87763495 
 119      EDA76BD3 
 119      B5402F91 
 119      0EA70E
 120 0263 F61D7BF0 		.ascii	"\366\035{\360\034\237\242\210\226\342\301]\223\310M"
 120      1C9FA288 
 120      96E2C15D 
 120      93C84D
 121 0272 0617BBDA 		.ascii	"\006\027\273\332\036\266O\006m\362ZY^%o+\220\243\337"
 121      1EB64F06 
 121      6DF25A59 
 121      5E256F2B 
 121      90A3DF
 122 0285 10A0112B 		.ascii	"\020\240\021+z\032+\012\347 \231n\242y\201f\234<\203"
 122      7A1A2B0A 
 122      E720996E 
 122      A2798166 
 122      9C3C83
 123 0298 937B68F1 		.ascii	"\223{h\361k\357W\277Z:(\313I\360\033h\341\254\232\273"
 123      6BEF57BF 
 123      5A3A28CB 
 123      49F01B68 
 123      E1AC9ABB 
 124 02ac E95A5EFC 		.ascii	"\351Z^\374\262]\033wh\3100\273}\242\177Kw\2038\221\306"
 124      B25D1B77 
 124      68C830BB 
 124      7DA27F4B 
 124      77833891 
 125 02c1 EF136A8C 		.ascii	"\357\023j\214\004\2476\342\215\021\241\0055\316\253"
 125      04A736E2 
 125      8D11A105 
 125      35CEAB
 126 02d0 1A28C945 		.ascii	"\032(\311E\256V\266\347\213\244 \202\235j\270\250\352"
 126      AE56B6E7 
ARM GAS  /tmp/cc0snowj.s 			page 9


 126      8BA42082 
 126      9D6AB8A8 
 126      EA
 127 02e1 36216B98 		.ascii	"6!k\230\023\331t\367^A,\350\365\372\204\344\035T\264"
 127      13D974F7 
 127      5E412CE8 
 127      F5FA84E4 
 127      1D54B4
 128 02f4 B6EB0B32 		.ascii	"\266\353\0132\324\022\224\345\257b\031\333\005dk\203"
 128      D41294E5 
 128      AF6219DB 
 128      05646B83 
 129 0304 04350A89 		.ascii	"\0045\012\211\336_#>\004\216\277\272\227\310\273\022"
 129      DE5F233E 
 129      048EBFBA 
 129      97C8BB12 
 130 0314 19F6D771 		.ascii	"\031\366\327q\261\215\240\202\007U\360\305p\360)\030"
 130      B18DA082 
 130      0755F0C5 
 130      70F02918 
 131 0324 63DEC85E 		.ascii	"c\336\310^\0334\374PA\003\002~ak\024\216'\203+\230\210"
 131      1B34FC50 
 131      4103027E 
 131      616B148E 
 131      27832B98 
 132 0339 4BA08756 		.ascii	"K\240\207V\264\313\240gW\220'\242\361\033\202/*\005"
 132      B4CBA067 
 132      579027A2 
 132      F11B822F 
 132      2A05
 133 034b 0A4A0E94 		.ascii	"\012J\016\224\227\265f\270\360\234\206\034gg\026O\226"
 133      97B566B8 
 133      F09C861C 
 133      6767164F 
 133      96
 134 035c EDC34B9A 		.ascii	"\355\303K\232\220<\256\014~!\223\237Aix\026\025jG\334"
 134      903CAE0C 
 134      7E21939F 
 134      41697816 
 134      156A47DC 
 135 0370 1F6ABEA9 		.ascii	"\037j\276\251.\223\033(\354\016\304\360k\227\210nE\363"
 135      2E931B28 
 135      EC0EC4F0 
 135      6B97886E 
 135      45F3
 136 0382 D1CE4872 		.ascii	"\321\316Hr\216\247\277}\360\322\232\030\322\312\235"
 136      8EA7BF7D 
 136      F0D29A18 
 136      D2CA9D
 137 0391 838F4AF6 		.ascii	"\203\217J\366jH'w\212*6\355\324\221n\346LZ\375\375\311"
 137      6A482777 
 137      8A2A36ED 
 137      D4916EE6 
 137      4C5AFDFD 
 138 03a6 AD935861 		.ascii	"\255\223Xa\364\311\372\035L\363^i\374&YnJe\262](\333"
 138      F4C9FA1D 
 138      4CF35E69 
ARM GAS  /tmp/cc0snowj.s 			page 10


 138      FC26596E 
 138      4A65B25D 
 139 03bc 83FD58DC 		.ascii	"\203\375X\334\235\020Z\031\204\327\277\224/\327\026"
 139      9D105A19 
 139      84D7BF94 
 139      2FD716
 140 03cb 12866E0A 		.ascii	"\022\206n\012G\237\204\307j\203\360+!\360\253\341\360"
 140      479F84C7 
 140      6A83F02B 
 140      21F0ABE1 
 140      F0
 141 03dc 131314A7 		.ascii	"\023\023\024\247\036\001ul\255GIY\020S\326\213\351\272"
 141      1E01756C 
 141      AD474959 
 141      1053D68B 
 141      E9BA
 142 03ee 81760DED 		.ascii	"\201v\015\355:Z\267\222:.\324\362\242*\364g\270\220"
 142      3A5AB792 
 142      3A2ED4F2 
 142      A22AF467 
 142      B890
 143 0400 7ABD948A 		.ascii	"z\275\224\212\226\306\347\243\024\005\205\226\2243\365"
 143      96C6E7A3 
 143      14058596 
 143      9433F5
 144 040f 84262410 		.ascii	"\204&$\020Nu*\344\210\230\335\272\007}\253u\244\217"
 144      4E752AE4 
 144      8898DDBA 
 144      077DAB75 
 144      A48F
 145 0421 5F8183FD 		.ascii	"_\201\203\375\267?\203\344\004\2561\260EC\213\331\207"
 145      B73F83E4 
 145      04AE31B0 
 145      45438BD9 
 145      87
 146 0432 9BFF528B 		.ascii	"\233\377R\213\331\303\2129\356i\341&\036\362Y\016\214"
 146      D9C38A39 
 146      EE69E126 
 146      1EF2590E 
 146      8C
 147 0443 B21786FE 		.ascii	"\262\027\206\376\276\250KPh\326NH#<\215\243\247uh\267"
 147      BEA84B50 
 147      68D64E48 
 147      233C8DA3 
 147      A77568B7 
 148 0457 386DA75C 		.ascii	"8m\247\\^K\377 \364\233v#\027@?\356\254\345\361\206"
 148      5E4BFF20 
 148      F49B7623 
 148      17403FEE 
 148      ACE5F186 
 149 046b D481CE7C 		.ascii	"\324\201\316| \0120\000\323p\347\017\217\036\226N\216"
 149      200A3000 
 149      D370E70F 
 149      8F1E964E 
 149      8E
 150 047c 2D1AFB9C 		.ascii	"-\032\373\234\260/\370\350+'\300-\210e\337o\332\307"
 150      B02FF8E8 
ARM GAS  /tmp/cc0snowj.s 			page 11


 150      2B27C02D 
 150      8865DF6F 
 150      DAC7
 151 048e 9A4C56B3 		.ascii	"\232LV\263\307\276\302ds\332|3RR$\376sy\245\\\263]Z"
 151      C7BEC264 
 151      73DA7C33 
 151      525224FE 
 151      7379A55C 
 152 04a5 EC327B72 		.ascii	"\3542{r\274\322\202l\323\202\354\267f\244-\3144e\314"
 152      BCD2826C 
 152      D382ECB7 
 152      66A42DCC 
 152      3465CC
 153 04b8 5B903E7F 		.ascii	"[\220>\177\341\234w\336\343k)\226\250\271o\277\233\224"
 153      E19C77DE 
 153      E36B2996 
 153      A8B96FBF 
 153      9B94
 154 04ca 6E340A33 		.ascii	"n4\0123\377\303f!\232\015\346\241v\234\327\347\230\221"
 154      FFC36621 
 154      9A0DE6A1 
 154      769CD7E7 
 154      9891
 155 04dc 66B2D85D 		.ascii	"f\262\330]\226e,\230\324p>\267\313\343\243t\310\305"
 155      96652C98 
 155      D4703EB7 
 155      CBE3A374 
 155      C8C5
 156 04ee 9FAF1B97 		.ascii	"\237\257\033\227/\247+&\273='%W\210w\3430\307\272\304"
 156      2FA72B26 
 156      BB3D2725 
 156      578877E3 
 156      30C7BAC4 
 157 0502 9C67F799 		.ascii	"\234g\367\231,.\347\022\333RMVF\206\331g&\026\217]k"
 157      2C2EE712 
 157      DB524D56 
 157      4686D967 
 157      26168F5D 
 158 0517 32E5D99C 		.ascii	"2\345\331\234>\224\360}\016R\256\313a\225\314\026\257"
 158      3E94F07D 
 158      0E52AECB 
 158      6195CC16 
 158      AF
 159 0528 D560372F 		.ascii	"\325`7/\2262\\\226<\207\325\211\354\331V\263\343Mi\216"
 159      96325C96 
 159      3C87D589 
 159      ECD956B3 
 159      E34D698E 
 160 053c C56E737B 		.ascii	"\305ns{\255&\253\301\235gY\226&e\273\\v\257\264\324"
 160      AD26ABC1 
 160      9D675996 
 160      2665BB5C 
 160      76AFB4D4 
 161 0550 6231983D 		.ascii	"b1\230=\016\203\323\345\264\032\254\346\3056\303,CZ"
 161      0E83D3E5 
 161      B41AACE6 
 161      C536C32C 
ARM GAS  /tmp/cc0snowj.s 			page 12


 161      435A
 162 0562 AA7196E1 		.ascii	"\252q\226\341\243\231\006\207\371C\227GzlU\2629-\366"
 162      A3990687 
 162      F9439747 
 162      7A6C55B2 
 162      392DF6
 163 0575 BC1CABE4 		.ascii	"\274\034\253\3440[rmN\2534\026\233o\205\333\352\305"
 163      305B726D 
 163      4EAB3416 
 163      9B6F85DB 
 163      EAC5
 164 0587 80A34603 		.ascii	"\200\243F\003Z\371\277\306\343]\341\225L^_\016\212c"
 164      5AF9BFC6 
 164      E35DE195 
 164      4C5E5F0E 
 164      8A63
 165 0599 10C495E3 		.ascii	"\020\304\225\343\301\374\344\032\237\226\356\314\314"
 165      C1FCE41A 
 165      9F96EECC 
 165      CC
 166 05a6 0C696ED6 		.ascii	"\014in\326\274\371\037\033%\267\232o^\261\245n\233\313"
 166      BCF91F1B 
 166      25B79A6F 
 166      5EB1A56E 
 166      9BCB
 167 05b8 E4B5FAF2 		.ascii	"\344\265\372\362\334&\237&+\235\346[\223\365\032\357"
 167      DC269F26 
 167      2B9DE65B 
 167      93F51AEF 
 168 05c8 66F36E0E 		.ascii	"f\363n\016\355\242\263fg\246\263\252\374\013\026\313"
 168      EDA2B366 
 168      67A6B3AA 
 168      FC0B16CB 
 169 05d8 20E5     		.ascii	" \345"
 170              		.text
 171              		.section	.gnu.lto_.symtab.6028198da43f90cf,"",%progbits
 172 0000 5F5F6561 		.ascii	"__early_init\000"
 172      726C795F 
 172      696E6974 
 172      00
 173 000d 00       		.ascii	"\000"
 174 000e 00       		.ascii	"\000"
 175 000f 00       		.ascii	"\000"
 176 0010 00000000 		.ascii	"\000\000\000\000\000\000\000\000"
 176      00000000 
 177 0018 BB000000 		.ascii	"\273\000\000\000"
 178 001c 626F6172 		.ascii	"boardInit\000"
 178      64496E69 
 178      7400
 179 0026 00       		.ascii	"\000"
 180 0027 00       		.ascii	"\000"
 181 0028 00       		.ascii	"\000"
 182 0029 00000000 		.ascii	"\000\000\000\000\000\000\000\000"
 182      00000000 
 183 0031 BD000000 		.ascii	"\275\000\000\000"
 184 0035 70616C5F 		.ascii	"pal_default_config\000"
 184      64656661 
ARM GAS  /tmp/cc0snowj.s 			page 13


 184      756C745F 
 184      636F6E66 
 184      696700
 185 0048 00       		.ascii	"\000"
 186 0049 00       		.ascii	"\000"
 187 004a 00       		.ascii	"\000"
 188 004b 00000000 		.ascii	"\000\000\000\000\000\000\000\000"
 188      00000000 
 189 0053 EE000000 		.ascii	"\356\000\000\000"
 190 0057 73746D33 		.ascii	"stm32_clock_init\000"
 190      325F636C 
 190      6F636B5F 
 190      696E6974 
 190      00
 191 0068 00       		.ascii	"\000"
 192 0069 02       		.ascii	"\002"
 193 006a 00       		.ascii	"\000"
 194 006b 00000000 		.ascii	"\000\000\000\000\000\000\000\000"
 194      00000000 
 195 0073 BF000000 		.ascii	"\277\000\000\000"
 196              		.text
 197              		.section	.gnu.lto_.opts,"",%progbits
 198 0000 272D666D 		.ascii	"'-fmath-errno' '-fsigned-zeros' '-ftrapping-math' '"
 198      6174682D 
 198      6572726E 
 198      6F272027 
 198      2D667369 
 199 0033 2D666E6F 		.ascii	"-fno-trapv' '-fno-openmp' '-fno-openacc' '-mcpu=cor"
 199      2D747261 
 199      70762720 
 199      272D666E 
 199      6F2D6F70 
 200 0066 7465782D 		.ascii	"tex-m3' '-mno-thumb-interwork' '-mthumb' '-O2' '-fo"
 200      6D332720 
 200      272D6D6E 
 200      6F2D7468 
 200      756D622D 
 201 0099 6D69742D 		.ascii	"mit-frame-pointer' '-ffunction-sections' '-fdata-se"
 201      6672616D 
 201      652D706F 
 201      696E7465 
 201      72272027 
 202 00cc 6374696F 		.ascii	"ctions' '-fno-common' '-flto'\000"
 202      6E732720 
 202      272D666E 
 202      6F2D636F 
 202      6D6D6F6E 
 203              		.text
 204              		.comm	__gnu_lto_v1,1,1
 205              		.comm	__gnu_lto_slim,1,1
 206              		.ident	"GCC: (GNU Tools for Arm Embedded Processors 7-2017-q4-major) 7.2.1 20170904 (release) [ARM
ARM GAS  /tmp/cc0snowj.s 			page 14


DEFINED SYMBOLS
                            *ABS*:0000000000000000 board.c
                            *COM*:0000000000000001 __gnu_lto_v1
                            *COM*:0000000000000001 __gnu_lto_slim

NO UNDEFINED SYMBOLS
