ARM GAS  /tmp/cczPtpZp.s 			page 1


   1              		.cpu cortex-m3
   2              		.eabi_attribute 20, 1
   3              		.eabi_attribute 21, 1
   4              		.eabi_attribute 23, 3
   5              		.eabi_attribute 24, 1
   6              		.eabi_attribute 25, 1
   7              		.eabi_attribute 26, 1
   8              		.eabi_attribute 30, 2
   9              		.eabi_attribute 34, 1
  10              		.eabi_attribute 18, 4
  11              		.file	"hal.c"
  12              		.section	.gnu.lto_.profile.7adfa003e7726d00,"",%progbits
  13 0000 789C6363 		.ascii	"x\234cc```\001bF\006Sv\000\000\351\000H"
  13      60606001 
  13      62460653 
  13      760000E9 
  13      0048
  14              		.text
  15              		.section	.gnu.lto_.icf.7adfa003e7726d00,"",%progbits
  16 0000 789C6363 		.ascii	"x\234cc``\340`@\000F\206\376Y\217602\000\000\015F\002"
  16      6060E060 
  16      40004686 
  16      FE598F36 
  16      30320000 
  17 0017 CC       		.ascii	"\314"
  18              		.text
  19              		.section	.gnu.lto_.jmpfuncs.7adfa003e7726d00,"",%progbits
  20 0000 789C6363 		.ascii	"x\234cc``\360b@\000F\010\305\3048\205\231\261\371\327"
  20      6060F062 
  20      40004608 
  20      C5C43885 
  20      99B1F9D7 
  21 0014 FECF7CF5 		.ascii	"\376\317|\365\177\033$\34603,`\006Inf\254g`<\300\302"
  21      7F1B24E6 
  21      30332C60 
  21      06496E66 
  21      AC67603C 
  22 002a C800C47F 		.ascii	"\310\000\304\177\376\377\377\317\317\310\004T7\255\365"
  22      FEFFFFCF 
  22      CFC80454 
  22      37ADF5
  23 0039 D079F66E 		.ascii	"\320y\366nf\240*F\006\306-\2142 \314\300\000\000\006"
  23      66A02A46 
  23      06C62D8C 
  23      3220CCC0 
  23      000006
  24 004c D81467   		.ascii	"\330\024g"
  25              		.text
  26              		.section	.gnu.lto_.inline.7adfa003e7726d00,"",%progbits
  27 0000 789C6363 		.ascii	"x\234cc``\320c@\000F\006\006NSF\006& \223m\201<\023"
  27      6060D063 
  27      40004606 
  27      064E5346 
  27      06262093 
  28 0018 58880B85 		.ascii	"X\210\013\205`\342\006\251\0023\031\0004\322\001x"
  28      60E206A9 
  28      02331900 
ARM GAS  /tmp/cczPtpZp.s 			page 2


  28      34D20178 
  29              		.text
  30              		.section	.gnu.lto_.pureconst.7adfa003e7726d00,"",%progbits
  31 0000 789C6363 		.ascii	"x\234cc```\006bF\006\011\000\000}\000#"
  31      60606006 
  31      62460609 
  31      00007D00 
  31      23
  32              		.text
  33              		.section	.gnu.lto_halInit.7adfa003e7726d00,"",%progbits
  34 0000 789C7590 		.ascii	"x\234u\220\273J\003A\024\206\317\277\223\033\250\301"
  34      BB4A0341 
  34      1486CFBF 
  34      931BA8C1 
  35 0010 C2424D0A 		.ascii	"\302BM\012\3334\311{\370\026\222\306B\020\314\003\354"
  35      DB34C97B 
  35      F81692C6 
  35      4210CC03 
  35      EC
  36 0021 C43524A2 		.ascii	"\3045$\242\205E\\-\026Y\304k%\342%\256\027\\\362\000"
  36      85455C2D 
  36      1659C46B 
  36      25E225AE 
  36      175CF200 
  37 0035 8AB676A2 		.ascii	"\212\266v\242V\361\002V*F\377\311\212X\304\303\034f"
  37      56F10256 
  37      2A46FFC9 
  37      8A58C4C3 
  37      1C66
  38 0047 E69C6FCE 		.ascii	"\346\234o\316\371\317$Dd\003\"Y\356\031:\224\300Z\270"
  38      F9CF2444 
  38      64032259 
  38      EE193A94 
  38      C05AB8
  39 005a 1029A72C 		.ascii	"\020)\247,\300\034t\012b[\2601\257\352\012\315\352C"
  39      C01C740A 
  39      625BB031 
  39      AFEA0ACD 
  39      EA43
  40 006c 60E53635 		.ascii	"`\34565-\\z\031\322[!<%\342\322\215a\0179!v\273\333"
  40      2D5C7A19 
  40      D25B213C 
  40      25E2D28D 
  40      610F3921 
  41 0083 5EEC4BC4 		.ascii	"^\354K\304\2428\366\221\020\366\220\235\353x\250\333"
  41      A238F691 
  41      10F6909D 
  41      EB78A8DB 
  42 0093 5F551DDE 		.ascii	"_U\035\336\255\2421\232\024\2511\317&:\224Ye\231\223"
  42      ADA2319A 
  42      14A931CF 
  42      263A9459 
  42      659993
  43 00a6 134A0B8E 		.ascii	"\023J\013\216\377\221\351<b\245 h\335$\355O\235\362"
  43      FF91E93C 
  43      62A52068 
  43      DD24ED4F 
ARM GAS  /tmp/cczPtpZp.s 			page 3


  43      9DF2
  44 00b8 145CC52A 		.ascii	"\024\\\305*8\200-\036\351\026f\374\365\336.\234r\231"
  44      38802D1E 
  44      E91666FC 
  44      F5DE2E9C 
  44      7299
  45 00ca 151C9263 		.ascii	"\025\034\222c\302\2554/\223s\312S1\230\253\363~\376"
  45      C2AD342F 
  45      9373CA53 
  45      3198ABF3 
  45      7EFE
  46 00dc 9A2637C8 		.ascii	"\232&7\310\200o\3241\366v\365X\353\361\261R\356\367"
  46      806FD431 
  46      F676F558 
  46      EBF1B152 
  46      EEF7
  47 00ee 541C479C 		.ascii	"T\034G\234\265\201l'\343\254\355U@zY\353\021S!\200\217"
  47      B5816C27 
  47      E3ACED55 
  47      407A59EB 
  47      11532180 
  48 0103 689C63D8 		.ascii	"h\234c\330\236Jt\304n\247\273\213eu\234\374\212%7\320"
  48      9E4A74C4 
  48      6EA7BB8B 
  48      65759CFC 
  48      8A2537D0 
  49 0117 9D8B913B 		.ascii	"\235\213\221;\375\303\335\377\303\305\311\235\375pO"
  49      FDC3DDFF 
  49      C3C5C99D 
  49      FD704F
  50 0126 98F69FEB 		.ascii	"\230\366\237\353\221\026c5~\015\277\217s\017\347\363"
  50      91166335 
  50      7E0DBF8F 
  50      730FE7F3 
  51 0136 85684D96 		.ascii	"\205hM\226\012\343c\023\205\322T\321\354\371\242|\003"
  51      0AE36313 
  51      85D254D1 
  51      ECF9A27C 
  51      03
  52 0147 82A092F0 		.ascii	"\202\240\222\360"
  53              		.text
  54              		.section	.gnu.lto_.symbol_nodes.7adfa003e7726d00,"",%progbits
  55 0000 789C55C9 		.ascii	"x\234U\311\253\015\2000\030E\341\323\027s0\012L\366"
  55      AB0D8030 
  55      1845E1D3 
  55      1773300A 
  55      4CF6
  56 0012 57300016 		.ascii	"W0\000\026\337)\320hf\200\004\313\333\023J\025\0257"
  56      DF29D068 
  56      668004CB 
  56      DB134A15 
  56      1537
  57 0024 5F726E01 		.ascii	"_rn\001tq\350\025\201v\344\243\3675\270\003\312\370"
  57      7471E815 
  57      8176E4A3 
  57      F735B803 
  57      CAF8
ARM GAS  /tmp/cczPtpZp.s 			page 4


  58 0036 A81B51E9 		.ascii	"\250\033Q\351\001\357\253\030.Dg\341DL\026v\304faC\334"
  58      01EFAB18 
  58      2E4467E1 
  58      444C1676 
  58      C4666143 
  59 004b 3F180AC2 		.ascii	"?\030\012\302\364(\203cHZ\226\244\241\231?5!\312\013"
  59      F4288363 
  59      485A96A4 
  59      A1993F35 
  59      21CA0B
  60 005e 6E0827C7 		.ascii	"n\010'\307"
  61              		.text
  62              		.section	.gnu.lto_.refs.7adfa003e7726d00,"",%progbits
  63 0000 789C6363 		.ascii	"x\234cc```\003bF\006&F&\006\000\000\263\000\023"
  63      60606003 
  63      62460626 
  63      46260600 
  63      00B30013 
  64              		.text
  65              		.section	.gnu.lto_.decls.7adfa003e7726d00,"",%progbits
  66 0000 789CBD56 		.ascii	"x\234\275VkPSG\024\276\233\015\201\004\020\007:\035"
  66      6B505347 
  66      14BE9B0D 
  66      81041007 
  66      3A1D
  67 0012 74EC8C75 		.ascii	"t\354\214u\350\230?\341\002:c\177\364\217\005k\235\322"
  67      E8983FE1 
  67      023A637F 
  67      F48F056B 
  67      9DD2
  68 0024 CA54EB4C 		.ascii	"\312T\353L\373'\306\020M\332<h\022::\316\264\227\207"
  68      FB27C610 
  68      4DDA3C68 
  68      123A3ACE 
  68      B49787
  69 0037 4AA95360 		.ascii	"J\251S`\244\332\200Z\007\234*\352\324'*`+By\250\340"
  69      A4DA805A 
  69      079C2AEA 
  69      D4272A60 
  69      2B4279A8 
  70 004c 031F158A 		.ascii	"\003\037\025\212\200(\212\202\020\001y(\225\236\335"
  70      80288A82 
  70      10017928 
  70      959EDD
  71 005b BDC90DA9 		.ascii	"\275\311\015\251\261\375\325;\234\2739\273\337\371\276"
  71      B1FDD53B 
  71      9CBB39BB 
  71      DFF9BE
  72 006a B3E7DCBD 		.ascii	"\263\347\334\275\027\005\307qv%\307\235\227q\334N\370"
  72      1705C771 
  72      7625C79D 
  72      9771DC4E 
  72      F8
  73 007b 3D0517FC 		.ascii	"=\005\027\374\344\316\201!\260n\216]\012\260\207`}`"
  73      E4CE8121 
  73      B06E8E5D 
  73      0AB08760 
ARM GAS  /tmp/cczPtpZp.s 			page 5


  73      7D60
  74 008d 8FC106C1 		.ascii	"\217\301\006\301\206\301\236\212\2701n\372u\015&\203"
  74      86C19E8A 
  74      B8316EFA 
  74      750D2683 
  75 009d 615C0D36 		.ascii	"a\\\0156\016\326\0136!\362\335\001\033\362\343}*\362"
  75      0ED60B36 
  75      21F2DD01 
  75      1BF2E37D 
  75      2AF2
  76 00af 0D8AFC7D 		.ascii	"\015\212\374}\001x\0131\272\232}d'\376\016\243H\025"
  76      01780B31 
  76      BA9A7D64 
  76      27FE0EA3 
  76      4815
  77 00c1 9283FBA4 		.ascii	"\222\203\373\244\271\350\356\014p_S\241\271\340V\235"
  77      B9E8EE0C 
  77      705F53A1 
  77      B9E0569D 
  78 00d1 3A531FC4 		.ascii	":S\037\304V\343\300}\336[\330\212\230\033\006nfUkA\004"
  78      56E3C07D 
  78      DE5BD88A 
  78      981B066E 
  78      66556B41 
  79 00e6 0377713E 		.ascii	"\003wq>\301\221,\370\373\274\343GUX\206\310RQ\325\310"
  79      C1912CF8 
  79      FBBCE347 
  79      555886C8 
  79      5251D5C8 
  80 00fa 05912804 		.ascii	"\005\221(\004\334\322\272\312g\241XI\227n7\226\035$"
  80      DCD2BACA 
  80      67A15849 
  80      976E3796 
  80      1D24
  81 010c 19CC5721 		.ascii	"\031\314W!R\257\010\230:\334_1\021\316\246\010\342\372"
  81      52AF0898 
  81      3ADC5F31 
  81      11CEA608 
  81      E2FA
  82 011e 685E4908 		.ascii	"h^I\010\016\247\277K\333J\266\007\307\036\022\330\025"
  82      0EA7BF4B 
  82      DB4AB607 
  82      C71E12D8 
  82      15
  83 012f B29C43BF 		.ascii	"\262\234C\277!\354\331LK\336\320\336`\034G\200\262\316"
  83      21ECD94C 
  83      4BDED0DE 
  83      601C4780 
  83      B2CE
  84 0141 D6E7ED33 		.ascii	"\326\347\3553\220J\235#\010\231\302\236,A\371>\207N"
  84      904A9D23 
  84      0899C29E 
  84      2C41F93E 
  84      874E
  85 0153 A039E838 		.ascii	"\2409\3508\232\303\241\032\244&\344gQ,\207~\205\311"
  85      9AC3A11A 
  85      A426E467 
ARM GAS  /tmp/cczPtpZp.s 			page 6


  85      512C877E 
  85      85C9
  86 0165 3330F933 		.ascii	"30\3713!\254\356\034\233_\260E\020d\350\034R\241j\204"
  86      21ACEE1C 
  86      9B5FB045 
  86      1064E81C 
  86      52A16A84 
  87 0179 2906AA37 		.ascii	")\006\2527_\305$\312\366\026\224(p-\242\032U\305=u\262"
  87      5FC524CA 
  87      F6169428 
  87      702DA21A 
  87      55C53D75 
  88 018e 401A7501 		.ascii	"@\032u\0015\036T\314\253\337D4~\007\215ZI\003$\231H"
  88      351E54CC 
  88      ABDF4434 
  88      7E078D5A 
  88      49032499 
  89 01a3 77657B86 		.ascii	"we{\206\0147\262\322\275\310=\343\306\270\211:A\215"
  89      0C37B2D2 
  89      BDC83DE3 
  89      C6B8893A 
  89      418D
  90 01b5 23A35961 		.ascii	"#\243Ya(&&&J]BD\253\033\332\324;\3526\013\371:JV\017"
  90      28262626 
  90      4A5D4244 
  90      AB1BDAD4 
  90      3BEA360B 
  91 01ce 64175194 		.ascii	"d\027Q\224\224\004?\007x\343\341\3061x\367>,\354\215"
  91      94043F07 
  91      78E3E1C6 
  91      3178F73E 
  91      2CEC8D
  92 01e1 A6D8AA97 		.ascii	"\246\330\252\227b\301\363\202\207$p\203?\270\022y\231"
  92      62C1F382 
  92      87247083 
  92      3FB81279 
  92      99
  93 01f2 0BC8A6F2 		.ascii	"\013\310\246\362\301\220\234C\247\000p\222\256\0218"
  93      C1909C43 
  93      A7007092 
  93      AE1138
  94 0201 6C0C3541 		.ascii	"l\0145A\035\032Q\014:\017v\001\305\320^\261:\324\357"
  94      1D1A510C 
  94      3A0F7601 
  94      C5D05EB1 
  94      3AD4EF
  95 0214 C0D04202 		.ascii	"\300\320B\002\344\304\022\210}<\373\"\373\212\002gb"
  95      E4C41288 
  95      7D3CFB22 
  95      FB8A0267 
  95      62
  96 0225 5AE486B2 		.ascii	"Z\344\206\262\003\315\010E\251_*\203.\003\373\277+\275"
  96      03CD0845 
  96      A95F2A83 
  96      2E03FBBF 
  96      2BBD
  97 0237 5844842E 		.ascii	"XD\204.\001\256Y*7\321\245r\003\331=]\241\354\341\214"
ARM GAS  /tmp/cczPtpZp.s 			page 7


  97      01AE592A 
  97      37D1A572 
  97      03D93D5D 
  97      A1ECE18C 
  98 024b 06B7BCF9 		.ascii	"\006\267\274\371tG\020\376\201\252\243\366\241\233["
  98      744710FE 
  98      81AAA3F6 
  98      A19B5B
  99 025a 42F14EE6 		.ascii	"B\361N\346\034\236,\334\247\300\245\314\311\313\352"
  99      1C9E2CDC 
  99      A7C0A5CC 
  99      C9CBEA
 100 0269 F89A05BD 		.ascii	"\370\232\005\275\003\336\326\037\367\345+\304\263\200"
 100      03DED61F 
 100      F7E52BC4 
 100      B380
 101 0277 C1CF2DDF 		.ascii	"\301\317-\337V\032\201\017Ph\360\246\335\015\273\202"
 101      561A810F 
 101      5068F0A6 
 101      DD0DBB82 
 102 0287 69D762D4 		.ascii	"i\327b\3241%4\243QW\3446Ah\214\243I]\205\244\332`\364"
 102      312534A3 
 102      5157E436 
 102      41688CA3 
 102      495D85A4 
 103 029e EEEA0AF2 		.ascii	"\356\352\012\362\355\033\300kfg\010\325\331\230\242"
 103      ED1BC06B 
 103      666708D5 
 103      D998A2
 104 02ad 2BFCD1A7 		.ascii	"+\374\321\247\321\264\316\001\274\315\007~\323\037^"
 104      D1B4CE01 
 104      BCCD077E 
 104      D31F5E
 105 02bc 1EA07537 		.ascii	"\036\240u7\000p\235\256\265\211\005m\207\202\376\011"
 105      00709DAE 
 105      B589056D 
 105      8782FE09 
 106 02cc C5BC0DF6 		.ascii	"\305\274\015\366\007\330-\260V\261\260L\250e\226$t\315"
 106      07D82DB0 
 106      56B1B04C 
 106      A8659624 
 106      74CD
 107 02de 5F487AF8 		.ascii	"_Hz\370\304~\273\"3@\212\200|\033\316\230\356\373\026"
 107      C47EBB22 
 107      33408A80 
 107      7C1BCE98 
 107      EEFB16
 108 02f1 A4C59FAA 		.ascii	"\244\305\237\252\322g\213P\335s\023\375\233\"\360Q\366"
 108      D2678B50 
 108      DD7313FD 
 108      9B22F051 
 108      F6
 109 0302 801C7EEC 		.ascii	"\200\034~\354\376\006\251\243\230\306@\261\202\264\272"
 109      FE06A9A3 
 109      98C640B1 
 109      82B4BA
 110 0311 0B823BA4 		.ascii	"\013\202;\244V\267\321V\277t\267\250\0236\371_6L^D\317"
ARM GAS  /tmp/cczPtpZp.s 			page 8


 110      56B7D156 
 110      BF74B7A8 
 110      1336F95F 
 110      364C5E44 
 111 0326 866F4444 		.ascii	"\206oDD\21149\001i\270Wq\024\273Zz\225a\271\3367\006"
 111      89343901 
 111      69B85771 
 111      14BB5A7A 
 111      9561B9DE 
 112 033c BAE373AC 		.ascii	"\272\343s\2548\324\215\302\010\220\214\000\256\237\252"
 112      38D48DC2 
 112      08908C00 
 112      AE9FAA
 113 034b A9C09D40 		.ascii	"\251\300\235@\005_\021P\243+\210\335a$F\375)\317\205"
 113      055F1150 
 113      A32B88DD 
 113      612446FD 
 113      29CF85
 114 035e D83CCCCA 		.ascii	"\330<\314\312\330 B\211\343\011A\336\031\231\310!\363"
 114      D8204289 
 114      E30941DE 
 114      1999C821 
 114      F3
 115 036f F0D23F91 		.ascii	"\360\322?\221\000\371\262\262u&\347\271\3307\205\375"
 115      00F9B2B2 
 115      7526E7B9 
 115      D83785FD 
 116 037f F0896353 		.ascii	"\360\211cS2I\314'\344\037\271r\336eoR\322&\221X\261"
 116      3249CC27 
 116      E41FB972 
 116      DE656F52 
 116      D2269158 
 117 0394 9A968C5E 		.ascii	"\232\226\214^U\027\264\223C\237q\\~\210\205\036?\367"
 117      5517B493 
 117      439F715C 
 117      7E88851E 
 117      3FF7
 118 03a6 71A15B85 		.ascii	"q\241[\205\253\330Y\254\233\032\253\216`\207QF\276\003"
 118      ABD859AC 
 118      9B1AAB8E 
 118      60875146 
 118      BE03
 119 03b8 EEA65DA1 		.ascii	"\356\246]\241\3540\316\004\367\320\326\251\302\240\350"
 119      EC30CE04 
 119      F7D0D6A9 
 119      C2A0E8
 120 03c7 EDB46D59 		.ascii	"\355\264mY\302L\031Z\375:z\000\025\277O+\336\213\242"
 120      C24C195A 
 120      FD3A7A00 
 120      15BF4F2B 
 120      DE8BA2
 121 03da E16E9533 		.ascii	"\341n\2253\261\314c\271q\363\366\010{\272\340S0>\367"
 121      B1CC63B9 
 121      71F3F608 
 121      7BBAE053 
 121      303EF7
 122 03ed C1094180 		.ascii	"\301\011A\2007\265 '(\324#=P=\344\243\203\356\301s\206"
ARM GAS  /tmp/cczPtpZp.s 			page 9


 122      37B52027 
 122      28D4233D 
 122      503DE4A3 
 122      83EEC173 
 123 0402 EE42EB39 		.ascii	"\356B\3539\364\020\315\203\350-\307\006:\203p\007Kj"
 123      F410CD83 
 123      E82DC706 
 123      3A837007 
 123      4B6A
 124 0414 EBBDAAF2 		.ascii	"\353\275\252\362\010\340\352\202\307rp\362\355\242#"
 124      08E0EA82 
 124      C77270F2 
 124      EDA223
 125 0423 BD428E8A 		.ascii	"\275B\216\212\352\241G\022\323#\361\363\205\372(C\323"
 125      EAA14712 
 125      D323F1F3 
 125      85FA2843 
 125      D3
 126 0434 FDDB1B71 		.ascii	"\375\333\033q\226\234\022\034\254\313\315\220\213\004"
 126      969C121C 
 126      ACCBCD90 
 126      8B04
 127 0442 7DDF6257 		.ascii	"}\337bW\335\346\352\024\026\337/\305\367{\342\037\323"
 127      DDE6EA14 
 127      16DF2FC5 
 127      F77BE21F 
 127      D3
 128 0453 F8CB174A 		.ascii	"\370\313\027J'\303q\015#\270VX6\021.\022\\t\341K\347"
 128      27C3710D 
 128      23B85658 
 128      36112E12 
 128      5C74E14B 
 129 0468 BD040312 		.ascii	"\275\004\003\022\301\200\207`\220\022\0348\344\352Q"
 129      C1808760 
 129      90121C38 
 129      E4EA51
 130 0477 E23E4670 		.ascii	"\342>Fp\262\360\321\240R.c\317#\251\021\371'\240\276"
 130      B2F0D1A0 
 130      522E63CF 
 130      23A911F9 
 130      27A0BE
 131 048a E84670C0 		.ascii	"\350Fp\300j\016\321j>Ab9\207\262\012\367(\304\014j\333"
 131      6A0ED16A 
 131      3E416239 
 131      87B20AF7 
 131      28C40C6A 
 132 049f D4B74E08 		.ascii	"\324\267N\010\331A\004\203\334R\002nO\002\3034\001\327"
 132      D9410483 
 132      DC52026E 
 132      4F02C334 
 132      01D7
 133 04b1 EEBC2318 		.ascii	"\356\274#\030O\260\004\006\316\016?\364\224`x?>\335"
 133      4FB00406 
 133      CE0E3FF4 
 133      9460783F 
 133      3EDD
 134 04c3 E0DDC188 		.ascii	"\340\335\301\210D0\342!xJ\011\032k\177\031\015\305\247"
ARM GAS  /tmp/cczPtpZp.s 			page 10


 134      4430E221 
 134      784A091A 
 134      6B7F190D 
 134      C5A7
 135 04d5 8228C15F 		.ascii	"\202(\301_\225\315\345\362\267J\005\267@\276\225\013"
 135      95CDE5F2 
 135      B74A05B7 
 135      40BE950B 
 136 04e5 2FBBB385 		.ascii	"/\273\263\205\234Hz\346F\031\201\317ko\2246u\014\275"
 136      9C487AE6 
 136      461981CF 
 136      6B6F9436 
 136      750CBD
 137 04f8 05713F4D 		.ascii	"\005q?M>w\315\360=\246DS:\246\343\3421\035\247\307t"
 137      3E77CDF0 
 137      3DA64453 
 137      3AA6E3E2 
 137      311DA7C7 
 138 050d 7F71E6DD 		.ascii	"\177q\346\3350_\360\3204\360\204\010&\243\"%)I\347\324"
 138      305FF0D0 
 138      34F08408 
 138      26A32225 
 138      2949E7D4 
 139 0521 61BDDD3C 		.ascii	"a\275\335<+6\226g\1776\007o\324\231y\207]O\306X}\310"
 139      2B369667 
 139      7F36076F 
 139      D4997987 
 139      5D4FC658 
 140 0537 D28F3E99 		.ascii	"\322\217>\231\233\030\037\317\251\264\332t\223\325\271"
 140      9B181FCF 
 140      A9B4DA74 
 140      93D5B9
 141 0546 2041EBDC 		.ascii	" A\353\334\214x\243\315b\340uz\207Ac\326\255\341\223"
 141      8C78A3CD 
 141      62E0757A 
 141      874163D6 
 141      ADE193
 142 0559 6CFA748B 		.ascii	"l\372t\213\301\352t\360+\015:\313\007\374\022\275\331"
 142      C1EA74F0 
 142      2B0D3ACB 
 142      07FC12BD 
 142      D9
 143 056a 94E63068 		.ascii	"\224\3460h\015\232\264t\375\027\011\374J\233\315\354"
 143      0D9AB474 
 143      FD1709FC 
 143      4A9BCDEC 
 144 057a E0D7E9F5 		.ascii	"\340\327\351\365\032\235\335\242\261\332\254\006\215"
 144      1A9DDDA2 
 144      B1DAAC06 
 144      8D
 145 0587 41B7C6A4 		.ascii	"A\267\306\244Y\244I\210\213_\244\371r\241\306\242\373"
 145      59A44988 
 145      8B5FA4F9 
 145      72A1C6A2 
 145      FB
 146 0598 DC66E7A7 		.ascii	"\334f\347\247\255\362&\253\336\234\236j\340-:\275\321"
 146      ADF226AB 
ARM GAS  /tmp/cczPtpZp.s 			page 11


 146      DE9C9E6A 
 146      E02D3ABD 
 146      D1
 147 05a9 6435F0DA 		.ascii	"d5\360\332T\303Z]\272\331\251unH38b\215\\\210'\241\215"
 147      54C35A5D 
 147      BAD9A975 
 147      6E483338 
 147      628D5C88 
 148 05c0 FF6B3E8E 		.ascii	"\377k>\216\015\016^\353p\246\2028$\201m\251v(\2411\336"
 148      0D0E5EEB 
 148      70A68238 
 148      24816DA9 
 148      7628A131 
 149 05d5 BF846936 		.ascii	"\277\204i6;$\260b\345\207\013\022\370\344\344$~i\312"
 149      3B24B062 
 149      E5870B12 
 149      F8E4E424 
 149      7E69CA
 150 05e8 B2E55FC5 		.ascii	"\262\345_\305\363i:\263\326lN\205\310H\207\323\002\331"
 150      F3693AB3 
 150      D66C4E85 
 150      C84887D3 
 150      02D9
 151 05fa AF4B33D9 		.ascii	"\257K3\331\264\016\2033=M\353T\244$\222\226(R\336e\303"
 151      B40E8333 
 151      3D4DEB54 
 151      A4249296 
 151      2852DE65 
 152 060f 62362C21 		.ascii	"b6,!\2032eqr\242\315\272\326\264.\030\350\227YM\316"
 152      83326571 
 152      72A2CDBA 
 152      D6B42E18 
 152      E897594D 
 153 0624 D901BBC6 		.ascii	"\331\001\273\306)\034N\202x\303\037\341\335\003I]\271"
 153      291C4E82 
 153      78C31FE1 
 153      DD03495D 
 153      B9
 154 0635 C6A6B3A7 		.ascii	"\306\246\263\247\022\334B\177\034]!\331k\351\006V%k"
 154      12DC427F 
 154      1C5D21D9 
 154      6BE90656 
 154      256B
 155 0647 9396AD48 		.ascii	"\223\226\255H\\\276j\311\307\237\2625\010W8h\354\233"
 155      5CBE6AC9 
 155      C79FB235 
 155      08573868 
 155      EC9B
 156 0659 01350C76 		.ascii	"\0015\014v\023$c\344\302\265\342\246\265&\300\207\031"
 156      132463E4 
 156      C2B5E2A6 
 156      B526C087 
 156      19
 157 066a 7D9CB857 		.ascii	"}\234\270WU\215\336\337\213_\277\2367JE#T\236\007AO"
 157      558DDEDF 
 157      8B5FBF9E 
 157      374A4523 
ARM GAS  /tmp/cczPtpZp.s 			page 12


 157      549E0741 
 158 067f CBF1372B 		.ascii	"\313\3617+:\236."
 158      3A9E2E
 159              		.text
 160              		.section	.gnu.lto_.symtab.7adfa003e7726d00,"",%progbits
 161 0000 68616C49 		.ascii	"halInit\000"
 161      6E697400 
 162 0008 00       		.ascii	"\000"
 163 0009 00       		.ascii	"\000"
 164 000a 00       		.ascii	"\000"
 165 000b 00000000 		.ascii	"\000\000\000\000\000\000\000\000"
 165      00000000 
 166 0013 E9000000 		.ascii	"\351\000\000\000"
 167 0017 70616C5F 		.ascii	"pal_default_config\000"
 167      64656661 
 167      756C745F 
 167      636F6E66 
 167      696700
 168 002a 00       		.ascii	"\000"
 169 002b 02       		.ascii	"\002"
 170 002c 00       		.ascii	"\000"
 171 002d 00000000 		.ascii	"\000\000\000\000\000\000\000\000"
 171      00000000 
 172 0035 F7000000 		.ascii	"\367\000\000\000"
 173 0039 7374496E 		.ascii	"stInit\000"
 173      697400
 174 0040 00       		.ascii	"\000"
 175 0041 02       		.ascii	"\002"
 176 0042 00       		.ascii	"\000"
 177 0043 00000000 		.ascii	"\000\000\000\000\000\000\000\000"
 177      00000000 
 178 004b EB000000 		.ascii	"\353\000\000\000"
 179 004f 626F6172 		.ascii	"boardInit\000"
 179      64496E69 
 179      7400
 180 0059 00       		.ascii	"\000"
 181 005a 02       		.ascii	"\002"
 182 005b 00       		.ascii	"\000"
 183 005c 00000000 		.ascii	"\000\000\000\000\000\000\000\000"
 183      00000000 
 184 0064 ED000000 		.ascii	"\355\000\000\000"
 185 0068 7364496E 		.ascii	"sdInit\000"
 185      697400
 186 006f 00       		.ascii	"\000"
 187 0070 02       		.ascii	"\002"
 188 0071 00       		.ascii	"\000"
 189 0072 00000000 		.ascii	"\000\000\000\000\000\000\000\000"
 189      00000000 
 190 007a EF000000 		.ascii	"\357\000\000\000"
 191 007e 5F70616C 		.ascii	"_pal_lld_init\000"
 191      5F6C6C64 
 191      5F696E69 
 191      7400
 192 008c 00       		.ascii	"\000"
 193 008d 02       		.ascii	"\002"
 194 008e 00       		.ascii	"\000"
 195 008f 00000000 		.ascii	"\000\000\000\000\000\000\000\000"
ARM GAS  /tmp/cczPtpZp.s 			page 13


 195      00000000 
 196 0097 F3000000 		.ascii	"\363\000\000\000"
 197 009b 68616C5F 		.ascii	"hal_lld_init\000"
 197      6C6C645F 
 197      696E6974 
 197      00
 198 00a8 00       		.ascii	"\000"
 199 00a9 02       		.ascii	"\002"
 200 00aa 00       		.ascii	"\000"
 201 00ab 00000000 		.ascii	"\000\000\000\000\000\000\000\000"
 201      00000000 
 202 00b3 F5000000 		.ascii	"\365\000\000\000"
 203              		.text
 204              		.section	.gnu.lto_.opts,"",%progbits
 205 0000 272D666D 		.ascii	"'-fmath-errno' '-fsigned-zeros' '-ftrapping-math' '"
 205      6174682D 
 205      6572726E 
 205      6F272027 
 205      2D667369 
 206 0033 2D666E6F 		.ascii	"-fno-trapv' '-fno-openmp' '-fno-openacc' '-mcpu=cor"
 206      2D747261 
 206      70762720 
 206      272D666E 
 206      6F2D6F70 
 207 0066 7465782D 		.ascii	"tex-m3' '-mno-thumb-interwork' '-mthumb' '-O2' '-fo"
 207      6D332720 
 207      272D6D6E 
 207      6F2D7468 
 207      756D622D 
 208 0099 6D69742D 		.ascii	"mit-frame-pointer' '-ffunction-sections' '-fdata-se"
 208      6672616D 
 208      652D706F 
 208      696E7465 
 208      72272027 
 209 00cc 6374696F 		.ascii	"ctions' '-fno-common' '-flto'\000"
 209      6E732720 
 209      272D666E 
 209      6F2D636F 
 209      6D6D6F6E 
 210              		.text
 211              		.comm	__gnu_lto_v1,1,1
 212              		.comm	__gnu_lto_slim,1,1
 213              		.ident	"GCC: (GNU Tools for Arm Embedded Processors 7-2017-q4-major) 7.2.1 20170904 (release) [ARM
ARM GAS  /tmp/cczPtpZp.s 			page 14


DEFINED SYMBOLS
                            *ABS*:0000000000000000 hal.c
                            *COM*:0000000000000001 __gnu_lto_v1
                            *COM*:0000000000000001 __gnu_lto_slim

NO UNDEFINED SYMBOLS
