ARM GAS  /tmp/ccGyVbQS.s 			page 1


   1              		.cpu cortex-m3
   2              		.eabi_attribute 20, 1
   3              		.eabi_attribute 21, 1
   4              		.eabi_attribute 23, 3
   5              		.eabi_attribute 24, 1
   6              		.eabi_attribute 25, 1
   7              		.eabi_attribute 26, 1
   8              		.eabi_attribute 30, 2
   9              		.eabi_attribute 34, 1
  10              		.eabi_attribute 18, 4
  11              		.file	"nilcore_v7m.c"
  12              		.section	.gnu.lto_.profile.1c9b6b39c04dc6d2,"",%progbits
  13 0000 789C6363 		.ascii	"x\234cc```\001bF\006\015\031\000\000\344\000P"
  13      60606001 
  13      6246060D 
  13      190000E4 
  13      0050
  14              		.text
  15              		.section	.gnu.lto_.icf.1c9b6b39c04dc6d2,"",%progbits
  16 0000 789C6363 		.ascii	"x\234cc``\020a@\000f\206\375?\347\236`b\371rh_\037\033"
  16      60601061 
  16      40006686 
  16      FD3FE79E 
  16      6062F972 
  17 0018 EBFA99FD 		.ascii	"\353\372\231\375\233\371\030\000c\222\010\346"
  17      9BF91800 
  17      639208E6 
  18              		.text
  19              		.section	.gnu.lto_.jmpfuncs.1c9b6b39c04dc6d2,"",%progbits
  20 0000 789C6363 		.ascii	"x\234cc``\340a@\000f fa``\005\261\001\002A\000\037"
  20      6060E061 
  20      40006620 
  20      66616060 
  20      05B10102 
  21              		.text
  22              		.section	.gnu.lto_.inline.1c9b6b39c04dc6d2,"",%progbits
  23 0000 789C6363 		.ascii	"x\234cc``pd@\000f\006\006~^F\006&\211\017\253\031\031"
  23      60607064 
  23      40006606 
  23      067E5E46 
  23      0626890F 
  24 0017 D816C833 		.ascii	"\330\026\3103\201\004Y\03089\200b<\017b\341B\254\014"
  24      81045918 
  24      38398062 
  24      3C0F62E1 
  24      42AC0C
  25 002a 5C20653C 		.ascii	"\\ e<?B\341B\214\\ \022\000\022\202\007W"
  25      3F42E142 
  25      8C5C2012 
  25      00128207 
  25      57
  26              		.text
  27              		.section	.gnu.lto_.pureconst.1c9b6b39c04dc6d2,"",%progbits
  28 0000 789C6363 		.ascii	"x\234cc``\340\002bf\206]\214,\273\030Yw1\002\000\014"
  28      6060E002 
  28      6266865D 
  28      8C2CBB18 
ARM GAS  /tmp/ccGyVbQS.s 			page 2


  28      59773102 
  29 0016 41024E   		.ascii	"A\002N"
  30              		.text
  31              		.section	.gnu.lto__port_irq_epilogue.part.0.1c9b6b39c04dc6d2,"",%progbits
  32 0000 789C9554 		.ascii	"x\234\225T\335o\024U\024\277g\356\314\354v\335-IC\202"
  32      DD6F1455 
  32      14BF67EE 
  32      CCEC76DD 
  32      2D494382 
  33 0014 0F3C6C1F 		.ascii	"\017<l\037\372@lv\214&\365\211\007CB\302\303F\323\375"
  33      FA406C76 
  33      8C26F589 
  33      074342C2 
  33      C346D3FD 
  34 0028 038C598A 		.ascii	"\003\214Y\212\022Kw\263\273%\365\251\227m\267](6\004"
  34      124B77B3 
  34      BB25F5A9 
  34      976DB75D 
  34      283604
  35 003b E9A29BC1 		.ascii	"\351\242\233\301]i\004\215V\255 \266E\240\337-H[\240"
  35      5D69048D 
  35      56AD20B6 
  35      45A0DF2D 
  35      485BA0
  36 004e F443DB08 		.ascii	"\364C\333\010lK#\254\030i*\221\032Z\317\2713\225\252"
  36      6C4B23AC 
  36      18692A91 
  36      1A5ACFB9 
  36      3395AA
  37 0061 91E064E6 		.ascii	"\221\340d\346~\234{\316\371\235s~\347\216\316\030\033"
  37      7E9C7BCE 
  37      F99D737E 
  37      E78ECE18 
  37      1B
  38 0072 D7183371 		.ascii	"\327\0303q\336\216\0378\030\350\207Fq\241\203\"gE\341"
  38      DE8E1F38 
  38      18E88746 
  38      71A18322 
  38      6745E1
  39 0085 D3654CB8 		.ascii	"\323eL\270\324\216ML\2709h$\335\347T\327\026\032\000"
  39      D48E4D4C 
  39      B8396824 
  39      DDE754D7 
  39      161A00
  40 0098 2D841358 		.ascii	"-\204\023X\255\256pU\203Z8\310\217p\350m\\\350T\266"
  40      ADAE7055 
  40      835A38C8 
  40      8F70E86D 
  40      5CE854B6 
  41 00ac 9C14F874 		.ascii	"\234\024\370t\037]r4\210\304\263&g,\205\037=p\012\266"
  41      1F5D7234 
  41      88C4B326 
  41      672C851F 
  41      3D700AB6 
  42 00c0 3054CBB5 		.ascii	"0T\313\265\257\264xt\225\344p\032t9\000\312\257\326"
  42      AFB47874 
  42      95E4701A 
ARM GAS  /tmp/ccGyVbQS.s 			page 3


  42      743900CA 
  42      AFD6
  43 00d2 7F69F226 		.ascii	"\177i\362&nr\000\025\267\367G\322s\205\264U\300\213"
  43      6E720015 
  43      B7F747D2 
  43      7385B455 
  43      C08B
  44 00e4 DB0317E7 		.ascii	"\333\003\027\347\217o\340> \017w/\334y\350.i\025\"."
  44      8F6FE03E 
  44      200F772F 
  44      DC79E82E 
  44      6915222E 
  45 00f8 BA1F648A 		.ascii	"\272\037d\212Z\353\304\260PM\316\341\033\340\344\365"
  45      5AEBC4B0 
  45      504DCEE1 
  45      1BE0E4F5 
  46 0108 0C6C86AF 		.ascii	"\014l\206\257a\263D}\014\010\035Pb\201u\"\352_\362z"
  46      61B3447D 
  46      0C081D50 
  46      62817522 
  46      EA5FF27A 
  47 011c 19EF838F 		.ascii	"\031\357\203\2177\252\214\016R\\B,4\015\234w\360\027"
  47      37AA8C0E 
  47      525C422C 
  47      340D9C77 
  47      F017
  48 012e E5FAB7A5 		.ascii	"\345\372\267\245\366\023\272\01575T69\320 \016\3658"
  48      F613BA0D 
  48      37355436 
  48      39D0200E 
  48      F538
  49 0140 4DAEC2D9 		.ascii	"M\256\302\331'\342}Kx]\210w\216\262\304\001\030\343"
  49      27E27D4B 
  49      785D8877 
  49      8EB2C401 
  49      18E3
  50 0152 24459DF6 		.ascii	"$E\235\366{\017{\244\317\303\262V'\352\0222\005\253"
  50      7B0F7BA4 
  50      CFC3B256 
  50      27EA1232 
  50      05AB
  51 0164 2AEBFDC1 		.ascii	"*\353\375\301y(\241\310\277\270\246\011\261\262\332"
  51      7928A1C8 
  51      BFB8A609 
  51      B1B2DA
  52 0173 28C4F20B 		.ascii	"(\304\362\013En`\344Gat\302\345\2502\223k\032\016\272"
  52      456E60E4 
  52      476174C2 
  52      E5A83293 
  52      6B1A0EBA 
  53 0187 4E036349 		.ascii	"N\003cI,;\361\224\304\015\316|?W\344\234\207}\271|\337"
  53      2C3BF194 
  53      C40DCE7C 
  53      3F57E49C 
  53      877DB97C 
  54 019c 8CC78A8A 		.ascii	"\214\307\212\212\26170\232Ts*\243\026Wg\304{^\223;("
  54      B137309A 
ARM GAS  /tmp/ccGyVbQS.s 			page 4


  54      54732AA3 
  54      165767C4 
  54      7B5E933B 
  55 01b1 8747B9C4 		.ascii	"\207G\271\304\\\201\252 \376\005(\226Y\015\346Nu\351"
  55      5C81AA20 
  55      FE052896 
  55      590DE64E 
  55      75E9
  56 01c3 28816E50 		.ascii	"(\201nP\323X$\006=\240\262\005\210{ej\030\016Iq\177"
  56      D3582406 
  56      3DA0B205 
  56      887B656A 
  56      180E4971 
  57 01d8 B3A979A0 		.ascii	"\263\251y\240\210J)\013\300\356B|\261\361\023N\2024"
  57      884A290B 
  57      C0EE427C 
  57      B1F1134E 
  57      8234
  58 01ea 576C1DAF 		.ascii	"Wl\035\257<\357 \033\0055\352\314\206\266\361\235\226"
  58      3CEF201B 
  58      0535EACC 
  58      86B6F19D 
  58      96
  59 01fb 0A4711C2 		.ascii	"\012G\021\302\215\337\352OiV7\334\\]]\335\000\275X\220"
  59      8DDFEA4F 
  59      695637DC 
  59      5C5D5DDD 
  59      00BD5890 
  60 020f BF5B72F2 		.ascii	"\277[r\362\275\364\323\261\204\213dh3\177r\261\245\200"
  60      BDF4D3B1 
  60      848B6468 
  60      337F72B1 
  60      A580
  61 0221 6CB86583 		.ascii	"l\270e\203\"\363\327\344\217\356,|\000&w\242c\350\243"
  61      22F3D7E4 
  61      8FEE2C7C 
  61      002677A2 
  61      63E8A3
  62 0234 B2A27C68 		.ascii	"\262\242|hep\204\033m\304}v\227\311\013\240\037\262"
  62      6570841B 
  62      6DC47D76 
  62      97C90BA0 
  62      1FB2
  63 0246 D0223B15 		.ascii	"\320\";\025\006\300\240v\274\275<&\235\271\000\225\234"
  63      06C0A076 
  63      BCBD3C26 
  63      9DB90095 
  63      9C
  64 0257 30889632 		.ascii	"0\210\2262\227w&6Z\221\252\024\302ZH\3443?\177\314\311"
  64      97772636 
  64      5A91AA14 
  64      C25A48E4 
  64      333F7FCC 
  65 026c DF963D73 		.ascii	"\337\226=s\360\323\305\317\271\3353\223\031wZt\327{"
  65      F0D3C5CF 
  65      B9DD3393 
  65      19775A74 
ARM GAS  /tmp/ccGyVbQS.s 			page 5


  65      D77B
  66 027e A96386FE 		.ascii	"\251c\206\376\33510L\311\250,\017\361\\\376\335\033"
  66      DD31304C 
  66      C9A82C0F 
  66      F15CFEDD 
  66      1B
  67 028f 9E7F74E6 		.ascii	"\236\177t\346\321+.\215T\354\356T\326_!\270\210\265"
  67      D12B2E8D 
  67      54ECEE54 
  67      D65F21B8 
  67      88B5
  68 02a1 B8443C5E 		.ascii	"\270D<^\242\356\002\226\244\213t<\363\325\357\256\342"
  68      A2EE0296 
  68      A48B743C 
  68      F3D5EFAE 
  68      E2
  69 02b2 1458743E 		.ascii	"\024Xt>C\006msg\205S\322\371\235M\347l\272\353\210\213"
  69      43066D73 
  69      678553D2 
  69      F99D4DE7 
  69      6CBAEB88 
  70 02c7 E8BC4C74 		.ascii	"\350\274Lt\252x2\"\257]k{\374\262\273\370}X\327\013"
  70      AA783222 
  70      AF5D6B7B 
  70      FCB2BBF8 
  70      7D58D70B 
  71 02db A3CDF10F 		.ascii	"\243\315\361\017\335\322x\224\214al\215wbb\330\346\270"
  71      DDD27894 
  71      8C616C8D 
  71      776262D8 
  71      E6B8
  72 02ed EBCE671F 		.ascii	"\353\316g\037\351V]4\352\250D\357\230\203\252\347\226"
  72      E9565D34 
  72      EAA844EF 
  72      9883AAE7 
  72      96
  73 02fe E5E8ECFC 		.ascii	"\345\350\354\374y\306Q\373H\340\255qg\271uMN\327\335"
  73      79C651FB 
  73      48E0AD71 
  73      67B9754D 
  73      4ED7DD
  74 0311 3F5C6851 		.ascii	"?\\hQ\343\201\253\370\023\271bssfh\366\017\247\305\015"
  74      E381ABF8 
  74      13B96273 
  74      736668F6 
  74      0FA7C50D 
  75 0325 86A0C335 		.ascii	"\206\240\3035I\015P\251\306\301\220`\005\026\222\376"
  75      490D50A9 
  75      C6C19060 
  75      051692FE 
  76 0335 34AEAF3F 		.ascii	"4\256\257?\301\365\204t\255\220\353It}\033\352g\372"
  76      C1F58474 
  76      AD90EB49 
  76      747D1BEA 
  76      67FA
  77 0347 FAC14E23 		.ascii	"\372\301N#M\327\010\237\375H\363t\031G\334\345\306{"
  77      4DD7089F 
ARM GAS  /tmp/ccGyVbQS.s 			page 6


  77      FD48F374 
  77      1947DCE5 
  77      C67B
  78 0359 1359B0E9 		.ascii	"\023Y\260\351~\232\326\252\242\326\232\222 \024\032"
  78      7E9AD6AA 
  78      A2D69A92 
  78      20141A
  79 0368 4CCBD65A 		.ascii	"L\313\326Z\0139\211\032\213h^\230\242S\370\036j%\232"
  79      0B39891A 
  79      8B685E98 
  79      A253F81E 
  79      6A259A
  80 037b CA3A3659 		.ascii	"\312:6Yh\347\246\376?\332\017\217\321f\376\013\215\350"
  80      68E7A6FE 
  80      3FDA0F8F 
  80      D166FE0B 
  80      8DE8
  81 038d 9EB5D134 		.ascii	"\236\265\3214\371W\370\005\024\353/\235\304B\243\000"
  81      F957F805 
  81      14EB2F9D 
  81      C442A300 
  82 039d 77CFF97C 		.ascii	"w\317\371|\206\365\206\242F\325\356J#\034\212\304\242"
  82      86F586A2 
  82      46D5EE4A 
  82      231C8AC4 
  82      A2
  83 03ae C6CBE5FE 		.ascii	"\306\313\345\376m\376\032\022\004C\221\212\327\366\276"
  83      6DFE1A12 
  83      0443918A 
  83      D7F6BE
  84 03bd B4C71764 		.ascii	"\264\307\027dj0V\023\326#\025\321\352\312X\351z\273"
  84      6A305613 
  84      D62315D1 
  84      EACA58E9 
  84      7ABB
  85 03cf 8A9A98B1 		.ascii	"\212\232\230\261\315\037\330\0210vW\005+\253wV\030\322"
  85      CD1FD811 
  85      30765705 
  85      2BAB7756 
  85      18D2
  86 03e1 2AB8677B 		.ascii	"*\270g{uU\320\367&\363\370\313\003\336\222\347K\275"
  86      7555D0F7 
  86      26F3F8CB 
  86      03DE92E7 
  86      4BBD
  87 03f3 E168D8C5 		.ascii	"\341h\330\305\370\326\010+\214\205\302\257\354z5\022"
  87      F8D6082B 
  87      8C85C2AF 
  87      EC7A3512 
  88 0403 0A0662AF 		.ascii	"\012\006b\257\007\337\362\370\003\345tX\212Z.\246D\030"
  88      07DFF2F8 
  88      03E57458 
  88      8A5A2EA6 
  88      4418
  89 0415 8F86D99F 		.ascii	"\217\206\331\2379X\013\360"
  89      39580BF0 
  90              		.text
ARM GAS  /tmp/ccGyVbQS.s 			page 7


  91              		.section	.gnu.lto_SVC_Handler.1c9b6b39c04dc6d2,"",%progbits
  92 0000 789C8D93 		.ascii	"x\234\215\223\375kSg\024\307\317\271\317\315M\254\251"
  92      FD6B5367 
  92      14C7CFB9 
  92      CFCD4DAC 
  92      A9
  93 0011 137F1B2B 		.ascii	"\023\177\033+#\301\365\007\261$\003e\376\264\037D\030"
  93      23C1F507 
  93      B1240365 
  93      FEB41F44 
  93      18
  94 0022 FA43D868 		.ascii	"\372C\330h\376\200Q\263\250\305\266\011y\221\026\004"
  94      FE8051B3 
  94      A8C5B609 
  94      79911604 
  95 0032 1FD36AAA 		.ascii	"\037\323j\252\025\021uY\015\221\262\026T\360\265\326"
  95      15117559 
  95      0D91B216 
  95      54F0B5D6 
  96 0042 D75AE3B5 		.ascii	"\327Z\343\265\265\255om\325U\0358\246\246\256\276T\004"
  96      B5AD6F6D 
  96      D5551D38 
  96      A6A6AEBE 
  96      5404
  97 0054 8BCA8459 		.ascii	"\213\312\204Yw\316s\357\266\330\011z\311\275\271\317"
  97      77CE73EF 
  97      B6D8097A 
  97      C9BDB9CF 
  98 0064 39DF739E 		.ascii	"9\337s\236s>\347\271\006\000du\200\207\364\377\031\335"
  98      733EE7B9 
  98      06006475 
  98      8087F4FF 
  98      19DD
  99 0076 2800B56D 		.ascii	"(\000\265m\303\000\353]\032\"\277H\027\302:\015\327"
  99      C300EB5D 
  99      1A22BF48 
  99      17C23A0D 
  99      D7
 100 0087 E116B153 		.ascii	"\341\026\261S`oz\374\2646o\257\244\313\374\351\257O"
 100      606F7AFC 
 100      B4366FAF 
 100      A4CBFCE9 
 100      AF4F
 101 0099 E53E1373 		.ascii	"\345>\023s\002 C7_\330\205\363\200d\327\233\216\344"
 101      02204337 
 101      5FD885F3 
 101      8064D79B 
 101      8EE4
 102 00ab 448BC809 		.ascii	"D\213\310\011D\235\226\317\207\262c\263x\251\241\207"
 102      449D96CF 
 102      87B263B3 
 102      78A9A187 
 103 00bb 969B2F3D 		.ascii	"\226\233/=h\377D\370\220\225O\316=~\355.\357\2202%\315"
 103      68FF44F8 
 103      90954FCE 
 103      3D7EED2E 
 103      EF903225 
ARM GAS  /tmp/ccGyVbQS.s 			page 8


 104 00d0 81D6CFDB 		.ascii	"\201\326\317\333\033\345E\251\347\204\300\023((+\036"
 104      1BE545A9 
 104      E784C013 
 104      28282B1E 
 105 00e0 C7323C86 		.ascii	"\3072<\206e*;\311\013\235S?\226\032:\236\304rkS<\205"
 105      652A3BC9 
 105      0B9D533F 
 105      961A3A9E 
 105      C4726B53 
 106 00f6 062080C6 		.ascii	"\006 \200\306&\022\214\267\364\347\235b\201\312\375"
 106      26128CB7 
 106      F4E79D62 
 106      81CAFD
 107 0105 F245E71E 		.ascii	"\362E\347\036\303\316}{\360\253[\375\033\345\266\363"
 107      C3CE7D7B 
 107      F0AB5BFD 
 107      1BE5B6F3 
 108 0115 AE9CD0F1 		.ascii	"\256\234\320\361\364\377\223c7\226\037\276\3410\345"
 108      F4FF9363 
 108      37961FBE 
 108      E130E5
 109 0124 D4DB34F5 		.ascii	"\324\3334\365V\226\036\374=\2539\021r\302AJJ\256\253"
 109      56961EFC 
 109      3DAB3911 
 109      72C2414A 
 109      4AAEAB
 110 0137 A7430901 		.ascii	"\247C\011\001\232is\302#M\330$4~k4a\002\327\027&\372"
 110      9A6973C2 
 110      234DD824 
 110      347E6B34 
 110      6102D717 
 111 014d EE94FE5B 		.ascii	"\356\224\376[g\223\305\351\210\261T\325\231\021X\334"
 111      6793C5E9 
 111      88B154D5 
 111      991158DC 
 112 015d 03E7C133 		.ascii	"\003\347\3013h`\017\267\320c\365\261\222\004\231\255"
 112      68600FB7 
 112      D063F5B1 
 112      920499AD 
 113 016d 9936DD9B 		.ascii	"\2316\335\233l\223\255\236\23408\344Ma\303\330\014]"
 113      6C93AD9E 
 113      9C3038E4 
 113      4D61C3D8 
 113      0C5D
 114 017f A32ACFA2 		.ascii	"\243*\317\242W\201\030(tu\033d\301<\352Y\341 \3179\324"
 114      57811828 
 114      74751B64 
 114      C13CEA59 
 114      E120CF39 
 115 0194 611C53F7 		.ascii	"a\034S\367\270\002\316\306\371\331\303\266\226\326\306"
 115      B802CEC6 
 115      F9D9C3B6 
 115      96D6C6
 116 01a3 395C8155 		.ascii	"9\\\201U\373\023LM\2467\0116d\205\2605\036\345?\311"
 116      FB134C4D 
 116      A6370936 
 116      6485B035 
ARM GAS  /tmp/ccGyVbQS.s 			page 9


 116      1EE53FC9 
 117 01b7 3182148D 		.ascii	"1\202\024\215\271\215C]e\226\2046\020\305SD\364\240"
 117      B98D435D 
 117      65968436 
 117      10C55344 
 117      F4A0
 118 01c9 49D8DE8D 		.ascii	"I\330\336\215\322\255\274o\272\334V\024\262\351\037"
 118      D2ADBC6F 
 118      BADC5614 
 118      B2E91F
 119 01d8 09850F4E 		.ascii	"\011\205\017N<\330\355\022\015\012\301\226\375\223\207"
 119      3CD8ED12 
 119      0D0AC196 
 119      FD9387
 120 01e7 843D9957 		.ascii	"\204=\231W+\263\322l\362\360X\316\277g,\275\234\033"
 120      2BB3D26C 
 120      F2F058CE 
 120      BF672CBD 
 120      9C1B
 121 01f9 896DAA30 		.ascii	"\211m\2520\261\343\356t\266;\362\006+l\274Z\021^\300"
 121      B1E3EE74 
 121      B63BF206 
 121      2B6CBC5A 
 121      115EC0
 122 020c 3EAAEC02 		.ascii	">\252\354\002S\245\007\022\333f$o{\333\321?K\274\031"
 122      53A50712 
 122      DB66246F 
 122      7BDBD13F 
 122      4BBC19
 123 021f B4E03A39 		.ascii	"\264\340:9\340\340\330\031\351Rp\373m\270\277e\273w"
 123      E0E0D819 
 123      E95270FB 
 123      6DB8BF65 
 123      BB77
 124 0231 9630DC01 		.ascii	"\2260\334\001\206KS\301Au\216;:SW\335\336]X4\231\341"
 124      864B53C1 
 124      41758E3B 
 124      3A5357DD 
 124      DE5D5834 
 125 0247 ADA99FDD 		.ascii	"\255\251\237\335*\370\"\007\343%\374\257iU\031\255T"
 125      2AF82207 
 125      E325FCAF 
 125      695519AD 
 125      54
 126 0258 590F7BD2 		.ascii	"Y\017{\322\243(v\243\352\377\351x\263\251\333\375\337"
 126      A32876A3 
 126      EAFFE978 
 126      B3A9DBFD 
 126      DF
 127 0269 3DF0C5EB 		.ascii	"=\360\305\353_\037I\271]\"3\270\374\036\006W\324\321"
 127      5F1F49B9 
 127      5D2233B8 
 127      FC1E0657 
 127      D4D1
 128 027b CE6CE81D 		.ascii	"\316l\350\035q2\177\235\272\271J>\305\244c\327\000N"
 128      71327F9D 
 128      BAB94A3E 
ARM GAS  /tmp/ccGyVbQS.s 			page 10


 128      C5A463D7 
 128      004E
 129 028d 87326AD8 		.ascii	"\2072j\330@\004Ls\3359\260p-\340\020\373\364\351\276"
 129      40044C73 
 129      DD39B070 
 129      2DE010FB 
 129      F4E9BE
 130 02a0 42036F04 		.ascii	"B\003o\0048\314^\307;(G\250\231k\214\362\232\205r\344"
 130      38CC5EC7 
 130      3B2847A8 
 130      996B8CF2 
 130      9A8572E4 
 131 02b4 8328AFDB 		.ascii	"\203(\257\333(\247\332\356\347g2\312\033\250\253\242"
 131      28A7DAEE 
 131      E76732CA 
 131      1BA8ABA2 
 132 02c4 017F512C 		.ascii	"\001\177Q,\367\345\373\376p{\357\331\321.\326N\036:"
 132      F7E5FBFE 
 132      707BEFD9 
 132      D12ED64E 
 132      1E3A
 133 02d6 7A73A68A 		.ascii	"zs\246\212\036U,o\332,\025\000\200g|\220\367\317U_<"
 133      1E552C6F 
 133      DA2C1500 
 133      80677C90 
 133      F7CF555F 
 134 02eb 5FCD3419 		.ascii	"_\3154\031\372\360H?\337\347\363[\277H\334_W]\343\217"
 134      FAF0483F 
 134      DFE7F35B 
 134      BF48DC5F 
 134      575DE38F 
 135 02ff 466289B8 		.ascii	"Fb\211\270\177qe`I\240\236\015\241H,\374\375\232E\265"
 135      7F716560 
 135      49A09E0D 
 135      A1482CFC 
 135      FD9A45B5 
 136 0313 BE10E8A1 		.ascii	"\276\020\350\241D}\324\210\205\343\311\232DEq\\\270"
 136      447DD488 
 136      85E3C99A 
 136      4445715C 
 136      B8
 137 0324 3EE15F12 		.ascii	">\341_\022\010.\013\372\253\353B5\311\037\302~\025\025"
 137      082E0BFA 
 137      ABEB4235 
 137      C91FC27E 
 137      1515
 138 0336 AAFD2659 		.ascii	"\252\375&Y\027\362\255\202\322@e\320S\376e\205'\032"
 138      17F2AD82 
 138      D24065D0 
 138      53FE6585 
 138      271A
 139 0348 8F9680F8 		.ascii	"\217\226\200\370:\006\263\022\221\350\267+\276\213E"
 139      3A06B312 
 139      91E8B72B 
 139      BE8B45
 140 0357 42C14455 		.ascii	"B\301DUhui X\311\316\012R\225\200\026\003\021\217\202"
 140      68756920 
ARM GAS  /tmp/ccGyVbQS.s 			page 11


 140      58C9CE0A 
 140      52958016 
 140      03118F82 
 141 036b 634D554D 		.ascii	"cMUM2\374\361\005\256\202\331\234fyU<\034\215Us*p\326"
 141      32FCF105 
 141      AE82D99C 
 141      6679553C 
 141      1C8D5573 
 142 0382 866B23B1 		.ascii	"\206k#\261\006\370\033\252|\266I"
 142      06F81BAA 
 142      7CB649
 143              		.text
 144              		.section	.gnu.lto__port_irq_epilogue.1c9b6b39c04dc6d2,"",%progbits
 145 0000 789C8D53 		.ascii	"x\234\215S\335K\223Q\030?\317{\336w[\233\206\227^x1"
 145      DD4B9351 
 145      183FCF7B 
 145      DE775B9B 
 145      86975E78 
 146 0015 2F4C24D9 		.ascii	"/L$\331\033\024tU\020B\020\261\033\375\003\302\326 "
 146      1B147455 
 146      104210B1 
 146      1BFD03C2 
 146      D620
 147 0027 C139991F 		.ascii	"\3019\231\037\350\225g:\335\354\013\2519C\206\232\202"
 147      E895673A 
 147      DDEC0BA9 
 147      3943869A 
 147      82
 148 0038 E98559F6 		.ascii	"\351\205Y\3669\277Z3\265\362;\014\"\257r8\311f\224x"
 148      39BF5A33 
 148      B5F23B0C 
 148      22AF7238 
 148      C9669478 
 149 004c A160DA73 		.ascii	"\241`\332s\316\273\304&H\207\275\347}\317\363\374\236"
 149      CEBBC426 
 149      4887BDE7 
 149      7DCFF3FC 
 149      9E
 150 005d F33CCFEF 		.ascii	"\363<\317\357\371MG\010Y\247\204\364\340\373\034>\240"
 150      F94D4708 
 150      59A784F4 
 150      E0FB1C3E 
 150      A0
 151 006e 232035CD 		.ascii	"# 5\315\022\3426H\022\365e\023f\224\371\236BA\341f\220"
 151      12E23648 
 151      12F56513 
 151      6694F99E 
 151      4241E166 
 152 0083 B5B7DBA0 		.ascii	"\265\267\333\240\000\360\017f\000R#QY\201\032\270E\375"
 152      00F00F66 
 152      00522351 
 152      59811AB8 
 152      45FD
 153 0095 1422DE58 		.ascii	"\024\"\336XH\312y\310p\205[6\365\015\254>=\210\011\002"
 153      48CA79C8 
 153      70855B36 
 153      F50DAC3E 
ARM GAS  /tmp/ccGyVbQS.s 			page 12


 153      3D880902 
 154 00a9 F8F0054F 		.ascii	"\370\360\005O!\207 l\371\311ns\252N\326\354\360\214"
 154      2187206C 
 154      F9C96E73 
 154      AA4ED6EC 
 154      F08C
 155 00bb E7C58FFE 		.ascii	"\347\305\217\376\217J\230\355\356yYx\247\013Z.\033$"
 155      8F4A98ED 
 155      EE795978 
 155      A70B5A2E 
 155      1B24
 156 00cd 12A440F9 		.ascii	"\022\244@\371F\210\017\221\230\221\205I#\225\370W]\230"
 156      46880F91 
 156      98918549 
 156      2395F857 
 156      5D98
 157 00df C440E297 		.ascii	"\304@\342\227-x\036\007\351M\032\244\022\310x\3745\323"
 157      2D781E07 
 157      E94D1AA4 
 157      12C878FC 
 157      35D3
 158 00f1 1A3DCE8F 		.ascii	"\032=\316\217\024\314x\\\035\366.\002\265\000G\306c"
 158      14CC785C 
 158      1DF62E02 
 158      B50047C6 
 158      63
 159 0102 BEB09CD5 		.ascii	"\276\260\234\325\305X-\013\257\306\316O\2147\260&\267"
 159      C5582D0B 
 159      AFC6CE4F 
 159      8C37B026 
 159      B7
 160 0113 21486578 		.ascii	"!Hex\011\024k\201\027\220\001\317!C\253\365\025da\214"
 160      09146B81 
 160      179001CF 
 160      2143ABF5 
 160      1564618C 
 161 0127 F71B1B91 		.ascii	"\367\033\033\221\371u2\230!\204\276\357P\273\334u\307"
 161      F9753298 
 161      2184BEEF 
 161      50BBDC75 
 161      C7
 162 0138 1F4DDFEF 		.ascii	"\037M\337\357\303#\332\275\267\245\027\255\004(\220"
 162      C323DABD 
 162      B7A517AD 
 162      042890
 163 0147 245774C2 		.ascii	"$Wt\302\202\276A\356\223\222}\033N\236\210\300\020\367"
 163      82BE41EE 
 163      93927D1B 
 163      4E9E88C0 
 163      10F7
 164 0159 D283E4C0 		.ascii	"\322\203\344\3000\350`\204s\203\033 C\267\001\275\235"
 164      30E86084 
 164      73831B20 
 164      43B701BD 
 164      9D
 165 016a ED035BC6 		.ascii	"\355\003[\306\3146hg\367\315A\252\360\200\276\350\020"
 165      CC366867 
ARM GAS  /tmp/ccGyVbQS.s 			page 13


 165      F7CD41AA 
 165      F080BEE8 
 165      10
 166 017b 33C81296 		.ascii	"3\310\022\226<\012\231\204[~\306\027\227$\264\300k\034"
 166      3C0A9984 
 166      5B7EC617 
 166      9724B4C0 
 166      6B1C
 167 018d 192F9A40 		.ascii	"\031/\232@X\220\3233:\266\222\222\371 \021\255\343\330"
 167      5890D333 
 167      3AB69292 
 167      F92011AD 
 167      E3D8
 168 019f 8D47039F 		.ascii	"\215G\003\237L\"\372\015\217\206\010\310\310l\255Y\020"
 168      4C22FA0D 
 168      8F8608C8 
 168      C86CAD59 
 168      10
 169 01b0 40C81A44 		.ascii	"@\310\032D\006\267;\367>\003\357\255\225J\030\021\250"
 169      06B73BF7 
 169      3E03EFAD 
 169      954A1811 
 169      A8
 170 01c1 8FCCE939 		.ascii	"\217\314\3519%z\321\251;4\354W\264#\373R\307\216\243"
 170      257AD1A9 
 170      3B34EC57 
 170      B423FB52 
 170      C78EA3
 171 01d4 696D6173 		.ascii	"imas^\351\20067v\210y\014\360\026\211\035\343u\240\363"
 171      5EE98036 
 171      37768879 
 171      0CF01689 
 171      1DE375A0 
 172 01e9 EE8DDE5E 		.ascii	"\356\215\336^\243\332\307<n\356;\006\343\320\001\315"
 172      A3DAC73C 
 172      6EEE3B06 
 172      E3D001CD 
 173 01f9 42203001 		.ascii	"B 0\001*&\254\333i\350U\264tT\313\270>\275\322)\206"
 173      2A26ACDB 
 173      69E855B4 
 173      7454CBB8 
 173      3EBDD229 
 174 020e 00C0D260 		.ascii	"\000\300\322`\022/Z\001\317\322\330\231\004\010\021"
 174      122F5A01 
 174      CFD2D899 
 174      040811
 175 021d FDF1D076 		.ascii	"\375\361\320v\252\206 \360.1\302F$\324\227\215J\211"
 175      AA8620F0 
 175      2E31C246 
 175      24D4978D 
 175      4A89
 176 022f 03152A43 		.ascii	"\003\025*C`(\024_\322\327\374f8vc\200\312\230\364=\324"
 176      6028145F 
 176      D2D7FC66 
 176      38766380 
 176      CA98F43D 
 177 0244 A0C64C02 		.ascii	"\240\306L\002/k\370\204\262\376\321K\367\211\311\243"
ARM GAS  /tmp/ccGyVbQS.s 			page 14


 177      2F6BF884 
 177      B2FED14B 
 177      F789C9A3 
 178 0254 F5F241E8 		.ascii	"\365\362A\350e\237\034\031\013\231:J/~SB/\312!\275t"
 178      659F1C19 
 178      0B993A4A 
 178      2F7E5342 
 178      2FCA21BD 
 179 0269 9F46BD4C 		.ascii	"\237F\275Ls\237.\331\267\\\315\023\021\2309\254\227"
 179      739F2ED9 
 179      B75CCD13 
 179      119839AC 
 179      97
 180 027a 5994C91C 		.ascii	"Y\224\311\034\327\313\334\001\275\354\266\177\0355\375"
 180      D7CBDC01 
 180      BDECB67F 
 180      1D35FD
 181 0289 95C29490 		.ascii	"\225\302\224\220\302\274\220B\362\334\027\366\347\316"
 181      C2BC9042 
 181      F2DC17F6 
 181      E7CE
 182 0297 EF176C28 		.ascii	"\357\027l(\211?\332\017\244C,\037j\033Mx:i\261\250\332"
 182      893FDA0F 
 182      A4432C1F 
 182      6A1B4D78 
 182      3A69B1A8 
 183 02ac CF59A696 		.ascii	"\317Y\246\226\024\025\253\245NWy\231z!\337\232g\255"
 183      1415ABA5 
 183      4E577999 
 183      7A21DF9A 
 183      67AD
 184 02be E2069BD3 		.ascii	"\342\006\233\323e\277Ry\326a\261\021\245\262\260\270"
 184      65BF5279 
 184      D661B111 
 184      A5B2B0B8 
 185 02ce C2FEFF11 		.ascii	"\302\376\377\021\327I\356A\254\275\252\\\315\263\026"
 185      D749EE41 
 185      ACBDAA5C 
 185      CDB316
 186 02dd 5C2A508B 		.ascii	"\\*P\213Jl\305\025\327\354\252@\332\034\027+Jl\010N"
 186      4A6CC515 
 186      D7ECAA40 
 186      DA1C172B 
 186      4A6C084E 
 187 02f1 B316E49B 		.ascii	"\263\026\344\233\257\026\226\331K]E\271\346\254SDr\021"
 187      AF1696D9 
 187      4B5D45B9 
 187      E6AC5344 
 187      7211
 188 0303 BDC3EE70 		.ascii	"\275\303\356p\272\252\311\037\222\007v\264"
 188      BAAAC91F 
 188      920776B4 
 189              		.text
 190              		.section	.gnu.lto_.symbol_nodes.1c9b6b39c04dc6d2,"",%progbits
 191 0000 789C6363 		.ascii	"x\234cc``\310\006b\006\246\233\014\365\014\014\023\316"
 191      6060C806 
 191      6206A69B 
ARM GAS  /tmp/ccGyVbQS.s 			page 15


 191      0CF50C0C 
 191      13CE
 192 0012 310029C6 		.ascii	"1\000)\306\235-\007\033\034\030\030X/10(\000\345\030"
 192      9D2D071B 
 192      1C181858 
 192      2F313028 
 192      00E518
 193 0025 2F33D433 		.ascii	"/3\3243\202\345\030\030\032\026\000%\030\2570\3243!"
 193      82E51818 
 193      1A160025 
 193      18AF30D4 
 193      3321
 194 0037 0B305D60 		.ascii	"\0130]`\250g\206\352f\330\325\340\010\024\271\310P\317"
 194      A86786EA 
 194      66D8D5E0 
 194      0814B9C8 
 194      50CF
 195 0049 8222C2CC 		.ascii	"\202\"\302\314\312\300\360h\243=\003\000\303\211\032"
 195      CAC0F068 
 195      A33D0300 
 195      C3891A
 196 0058 B9       		.ascii	"\271"
 197              		.text
 198              		.section	.gnu.lto_.refs.1c9b6b39c04dc6d2,"",%progbits
 199 0000 789C6363 		.ascii	"x\234cc``\340\007b\026\006\006F^\006F>&&\001&fA\006"
 199      6060E007 
 199      62160606 
 199      465E0646 
 199      3E262601 
 200 0018 0003AB00 		.ascii	"\000\003\253\000a"
 200      61
 201              		.text
 202              		.section	.gnu.lto_.decls.1c9b6b39c04dc6d2,"",%progbits
 203 0000 789CBD59 		.ascii	"x\234\275Y{PTW\232\357sO\3234\335<\262\300\316f\253"
 203      7B505457 
 203      9AEF734F 
 203      D334DD3C 
 203      B2C0CE66 
 204 0015 A85DCB62 		.ascii	"\250]\313b6\314\356(\232\314&\231\335\252\2558\250\243"
 204      36CCEE28 
 204      9ACC2699 
 204      DDAAAD38 
 204      A8A3
 205 0027 B59B190B 		.ascii	"\265\233\031\0132\251\232\244f;\004;J\302k\232&1\265"
 205      32A99AA4 
 205      663B043B 
 205      4AC26B9A 
 205      2631B5
 206 003a 53B59797 		.ascii	"S\265\227\227\362\020A\305\007\250\001\001\337\202 "
 206      F21041C5 
 206      07A80101 
 206      DF8220
 207 0049 2A224411 		.ascii	"*\"D\021\024\220\227\332\012\310K\320 \" \">P@\330\357"
 207      149097DA 
 207      0AC84BD0 
 207      20222022 
 207      3E5040D8 
ARM GAS  /tmp/ccGyVbQS.s 			page 16


 208 005e 3C9A7BFB 		.ascii	"<\232{\373\322\235X\373\307P|}\357w\356\357|\257\363"
 208      D29D58FB 
 208      C7507C7D 
 208      EF77EEEF 
 208      7CAFF3
 209 0071 9DEF9C73 		.ascii	"\235\357\234s\257F\245R}\371O*\325\273N*\325f\244R\315"
 209      AF46A552 
 209      7DF94F2A 
 209      D5BB4E2A 
 209      D566A452 
 210 0086 C29F1ADA 		.ascii	"\302\237\032\332.\252\244?x\244\252\000:\017T\005T\015"
 210      2EAAA43F 
 210      78A4AA00 
 210      3A0F5405 
 210      540D
 211 0098 740908E0 		.ascii	"t\011\010\340\252\217\221\312\346\357\033\340=\340\372"
 211      AA8F91CA 
 211      E6EF1BE0 
 211      3DE0FA
 212 00a7 19902790 		.ascii	"\031\220'\2207\320W\320\326\012\327\267\200~\015\367"
 212      37D057D0 
 212      D60AD7B7 
 212      807E0DF7 
 213 00b7 D140EB81 		.ascii	"\321@\353\201\376\006\310\000m1p\375\032\350#\304\372"
 213      FE06C800 
 213      6D3170FD 
 213      1AE823C4 
 213      FA
 214 00c8 13FDEBE0 		.ascii	"\023\375\353\340\372_@\277\003\372\034I6\374\005\356"
 214      FA5F40BF 
 214      03FA1C49 
 214      36FC05EE 
 215 00d8 6391648B 		.ascii	"c\221d\213=\033\022\201w\371\021\033\210~\242s#\357"
 215      3D1B1281 
 215      77F9111B 
 215      887EA273 
 215      23EF
 216 00ea A7E13E59 		.ascii	"\247\341>Ye'\001\245\000\245)\344\222\277dhs\345\262"
 216      652701A5 
 216      00A529E4 
 216      92BF6468 
 216      73E5B2
 217 00fd DF92C96F 		.ascii	"\337\222\311oUI2o\001\265\001\025\000u\000\235\343v"
 217      5549326F 
 217      01B50115 
 217      0075009D 
 217      E376
 218 010f 5E821F67 		.ascii	"^\202\037g\036\273.\270\357\341:\210_V\235\312\277L"
 218      1EBB2EB8 
 218      EFE13A88 
 218      5F569DCA 
 218      BF4C
 219 0121 8C6A67AB 		.ascii	"\214jg\253\313q/\352A\002\210Q\323V\204\330/\\\011Q"
 219      CB712FEA 
 219      41028851 
 219      D35684D8 
 219      2F5C0951 
ARM GAS  /tmp/ccGyVbQS.s 			page 17


 220 0135 7ED6FA87 		.ascii	"~\326\372\207X;\264\012\354\302\241\204\261vAs-\002"
 220      583BB40A 
 220      ECC2A184 
 220      B1764173 
 220      2D02
 221 0147 972158E5 		.ascii	"\227!X\345\322\177.\000\311\245\262\347L\235\365\217"
 221      D27F2E00 
 221      C9A5B2E7 
 221      4C9DF58F 
 222 0157 79C66E64 		.ascii	"y\306nd\375X\223 )\223u\231g\253j\356\361\234Q\222\223"
 222      FD589320 
 222      29937599 
 222      67AB6AEE 
 222      F19C5192 
 223 016c 8807A1DA 		.ascii	"\210\007\241\332\022;\250\353C\267\341\351'*U\2066\034"
 223      123BA8EB 
 223      43B7E1E9 
 223      272A5586 
 223      361C
 224 017e 91D6E9B4 		.ascii	"\221\326\351\264\363g\\\261@\357\277;[\235\254\307>"
 224      F3675CB1 
 224      40EFBF3B 
 224      5B9DACC7 
 224      3E
 225 018f F43E7DE3 		.ascii	"\364>}\343\364\270v\361q\221\375i\323\261\012\235A\330"
 225      F4B876F1 
 225      7191FD69 
 225      D3B10A9D 
 225      41D8
 226 01a1 1AD0CBB3 		.ascii	"\032\320\313\263\023U\036\251\030y\352\220\000\254e"
 226      13551EA9 
 226      1879EA90 
 226      00AC65
 227 01b0 AC699F1E 		.ascii	"\254i\237\036Xo\035z\003\330\343\233g3\235\336\334I"
 227      586F1D7A 
 227      03D8E39B 
 227      67339DDE 
 227      DC49
 228 01c2 3A66C48B 		.ascii	":f\304\213o\010\350\263\237\241r\344\203\316\"\0370"
 228      6F08E8B3 
 228      9FA172E4 
 228      83CE221F 
 228      30
 229 01d3 E71C7A13 		.ascii	"\347\034z\023~#\324LRb\323\314\270~a\256X\325'V\325"
 229      7E23D44C 
 229      5262D3CC 
 229      B87E61AE 
 229      58D52756 
 230 01e8 65FBE534 		.ascii	"e\373\3454mL\272\006\375>\2438t\032aT\206\026\023/N"
 230      6D4CBA06 
 230      FD3EA338 
 230      741A6154 
 230      8616132F 
 231 01fd 13EDE814 		.ascii	"\023\355\350\024\352C\250\024\365\202\023\025h!\364"
 231      EA43A814 
 231      F5821315 
 231      6821F4
ARM GAS  /tmp/ccGyVbQS.s 			page 18


 232 020c 7FD87CF2 		.ascii	"\177\330|\362\244\007\376\013\265\371\307\365~o\243"
 232      A407FE0B 
 232      B5F9C7F5 
 232      7E6FA3
 233 021b B735A9EC 		.ascii	"\2675\251\354\214\026\364\366\211bU\373\321\005=\305"
 233      8C16F4F6 
 233      896255FB 
 233      D1053DC5 
 234 022b 8362928E 		.ascii	"\203b\222\216\202P\245\244\264\222\273\214\316Sew\372"
 234      8250A5A4 
 234      B492BB8C 
 234      CE536577 
 234      FA
 235 023c 0E8CEBF1 		.ascii	"\016\214\353\361yD\265\365$n\233\366\340\022\032\376"
 235      7944B5F5 
 235      246E9BF6 
 235      E0121AFE 
 236 024c 942D560B 		.ascii	"\224-V\013\264\367\005\251\367\005k\357*\332\373\360"
 236      B4F705A9 
 236      F7056BEF 
 236      2ADAFBF0 
 237 025c E5A70730 		.ascii	"\345\247\0070\266\260\336\207\323^>v\203\336\271\324"
 237      B6B0DE87 
 237      D35E3E76 
 237      83DEB9D4 
 238 026c EFF7EF9F 		.ascii	"\357\367\357\237\022\305D\260[Me\\\224d\\T\272]Me\365"
 238      12C544B0 
 238      5B4D655C 
 238      94645C54 
 238      BA5D4D65 
 239 0281 8E3DA9D3 		.ascii	"\216=\251\323\343\333LVv_\345\001\017.\313\362\217\331"
 239      E3DB4C56 
 239      765FE501 
 239      0F2ECBF2 
 239      8FD9
 240 0293 62559C28 		.ascii	"bU\234(\3062kj$I5JI\227\250\244\346\375\333'\004\374"
 240      C6326B6A 
 240      2449354A 
 240      4997A8A4 
 240      E6FDDB27 
 241 02a9 98498AAB 		.ascii	"\230I\212\253\350\330\312\307\265\217\360\375\007\372"
 241      E8D8CAC7 
 241      B58FF0FD 
 241      07FA
 242 02b7 735DD8C0 		.ascii	"s]\330\300\212\032\331@{\262\201\2761\260?\301\225\261"
 242      8A1AD940 
 242      7BB281BE 
 242      31B03FC1 
 242      95B1
 243 02c9 D7083CB3 		.ascii	"\327\010<\263\264f!G;\001\373\2709\373\007w\306/ fV"
 243      B4662147 
 243      3B01FBB8 
 243      39FB0777 
 243      C62F2066 
 244 02de 3C6D7062 		.ascii	"<mpbh-\260\327\023\212\367b\306\252\201=\270w\270Q\217"
 244      682DB0D7 
 244      138AF762 
ARM GAS  /tmp/ccGyVbQS.s 			page 19


 244      C6AA813D 
 244      B877B851 
 245 02f3 9FF1D8D6 		.ascii	"\237\361\330\326\0379F\236\275\245C$\307=\240\351\304"
 245      1F39469E 
 245      BDA54324 
 245      C73DA0E9 
 245      C4
 246 0304 48F94B37 		.ascii	"H\371K7\326D\020\226\364\361\002g<C\341Bo\307T\267;"
 246      D6441096 
 246      F4F10267 
 246      3C43E142 
 246      6FC754B7 
 247 0319 D2F92589 		.ascii	"\322\371%\211b\234\230\033/\272\254R\241F\030\370f\030"
 247      629C981B 
 247      2FBAAC52 
 247      A14618F8 
 247      6618
 248 032b 787403F9 		.ascii	"xt\003\371\221N$\012\350\0324^\205\306\203$G\252\256"
 248      914E240A 
 248      E81A345E 
 248      85C68324 
 248      47AAAE
 249 033e 5EF98FAC 		.ascii	"^\371\217\254qQ\\\200,H\207\256K\221zK\307r\344H\301"
 249      71515C80 
 249      2C4887AE 
 249      4B917A4B 
 249      C772E448 
 250 0353 D63C0DDE 		.ascii	"\326<\015\336\212\251\216\212=\367.\013\216t\2649\324"
 250      8AA98E8A 
 250      3DF72E0B 
 250      8E74B439 
 250      D4
 251 0364 D13EBCB0 		.ascii	"\321>\274\260\026\006V@\255\240\343\246\244\003T2%\351"
 251      16065640 
 251      ADA0E3A6 
 251      A4035432 
 251      25E9
 252 0376 A7BBA63D 		.ascii	"\247\273\246=\360N5U\222x\365\314\003\207J:\034*\251"
 252      F04E3555 
 252      9278F5CC 
 252      03874A3A 
 252      1C2AA9
 253 0389 DB8C936B 		.ascii	"\333\214\223kRH\366\334\002-\355\222\226V\253\226\351"
 253      5248F6DC 
 253      022DED92 
 253      9656AB96 
 253      E9
 254 039a 9385D31A 		.ascii	"\223\205\323\032\334N\265\240\214\356\227\225z\334\307"
 254      DC4EB5A0 
 254      8CEE9795 
 254      7ADCC7
 255 03a9 98EE2D99 		.ascii	"\230\356-\231\367\334\361=\306\234n8\324\254\321\201"
 255      F7DCF13D 
 255      C69C6E38 
 255      D4ACD181 
 256 03b9 F6F8D7D2 		.ascii	"\366\370\327\322\016=\246\372\322\223\264\370!\353~"
 256      0E3DA6FA 
ARM GAS  /tmp/ccGyVbQS.s 			page 20


 256      D293B4F8 
 256      21EB7E
 257 03c8 A7BBAED8 		.ascii	"\247\273\256\330\035\2171\2466=a\263\016O0\307\236]"
 257      1D8F31A6 
 257      363D61B3 
 257      0E4F30C7 
 257      9E5D
 258 03da 1FC9D238 		.ascii	"\037\311\3228r\354\256C\307Zv9C\361Aw\300\253>;^\345"
 258      72ECAE43 
 258      C75A7639 
 258      43F14177 
 258      C0AB3E3B 
 259 03f0 673CCBD5 		.ascii	"g<\313\325\342x'6\243bOy\341$v_\226=S\245\306;\031\223"
 259      E2782736 
 259      A3624F79 
 259      E124765F 
 259      963D53A5 
 260 0408 9856B84B 		.ascii	"\230V\270K\007\231\243a\311\344L\362zl\362\214\2325"
 260      0799A361 
 260      C9E44CF2 
 260      7A6CF28C 
 260      9A35
 261 041a 113D1BA0 		.ascii	"\021=\033\240i_Vw\211;\316\246]\204\3637\316&\270!?"
 261      695F5677 
 261      893BCEA6 
 261      5D84F337 
 261      CE26B821 
 262 042f 9D354FDE 		.ascii	"\2355O\336\315\032#y2\004v\014Jvh\210\031I\004\242\364"
 262      CD1A2379 
 262      3204760C 
 262      4A766888 
 262      194904A2 
 263 0444 E80178A4 		.ascii	"\350\001x\244\341\036\335\207\306\001\026\254\361\227"
 263      E11EDD87 
 263      C60116AC 
 263      F197
 264 0452 63A7D4B8 		.ascii	"c\247\324\270\200\351(\335>\275\333}NG\373\360\333\247"
 264      80E928DD 
 264      3EBDDB7D 
 264      4E47FBF0 
 264      DBA7
 265 0464 699E3C04 		.ascii	"i\236<\004\035\303\222\216!\344P\311\210}%w\304\251"
 265      1DC3928E 
 265      21E450C9 
 265      887D2577 
 265      C4A9
 266 0476 2C577C9C 		.ascii	",W|\234)\331S\235W*\314)\201<\231\244\011?\006JF%%\017"
 266      29D9539D 
 266      572ACC29 
 266      813C99A4 
 266      093F064A 
 267 048e 1D2B7964 		.ascii	"\035+yd_\311\371W\263;\234H\242\304\276f\017\274\345"
 267      5FC9F957 
 267      B33B9C48 
 267      A2C4BE66 
 267      0FBCE5
 268 04a1 645C9580 		.ascii	"d\\\225\200|\275\374\362\304\204X\360\267\010\247\034"
ARM GAS  /tmp/ccGyVbQS.s 			page 21


 268      7CBDFCF2 
 268      C48458F0 
 268      B708A71C 
 269 04b1 4B4D1373 		.ascii	"KM\023s\253\021z\014\326\334\003k\236 /I\214?\251\331"
 269      AB117A0C 
 269      D6DC036B 
 269      9E202F49 
 269      8C3FA9D9 
 270 04c5 4BE147B5 		.ascii	"K\341G\265\225\333%\302\322-=\357\347\035@\017z\012"
 270      95DB25C2 
 270      D22D3DEF 
 270      E71D400F 
 270      7A0A
 271 04d7 2AC7912F 		.ascii	"*\307\221/-\266<qn\275\021\013\035\010B\305\275\344"
 271      2DB63C71 
 271      6EBD110B 
 271      1D0842C5 
 271      BDE4
 272 04e9 4BD78DE4 		.ascii	"K\327\215\344\2764=\276\316\302s\263#\255]\203\274\374"
 272      BE343DBE 
 272      CEC273B3 
 272      23AD5D83 
 272      BCFC
 273 04fb ECAB9800 		.ascii	"\354\253\230\000\261\216U\014\\\365!\035\320s@<\223"
 273      B18E550C 
 273      5CF5211D 
 273      D073403C 
 273      93
 274 050c 62493452 		.ascii	"bI4REEY\255\242\3365e.\341)\320*[\205^ Wn\321\246\344"
 274      454559AD 
 274      A2DE3565 
 274      2EE129D0 
 274      2A5B855E 
 275 0526 92611DEE 		.ascii	"\222a\035\356a\311Z\276u\333C-\276\303\230\246\252\344"
 275      61C95ABE 
 275      75DB432D 
 275      BEC398A6 
 275      AAE4
 276 0538 133AFC94 		.ascii	"\023:\374\2243\305\345\355j\374\2341\355\233oti\360"
 276      33C5E5ED 
 276      6AFC9C31 
 276      ED9B6F74 
 276      69F0
 277 054a 24F3A2AC 		.ascii	"$\363\242\254\261{\012\313\007\371\005\035\344Y\010"
 277      B17B0ACB 
 277      07F9051D 
 277      E45908
 278 0559 EBABD71A 		.ascii	"\353\253\327\032\344\031\373\203\334\263\357\321\023"
 278      E419FB83 
 278      DCB3EFD1 
 278      13
 279 0566 35163554 		.ascii	"5\0265T\343\211\304\376#Z\2302>0\213\220\254\036\373"
 279      E389C4FE 
 279      235A9832 
 279      3E308B90 
 279      AC1EFB
 280 0579 B07A7CAA 		.ascii	"\260z|\252\352I\241\032o\244X\241\244\260\377K\331\354"
ARM GAS  /tmp/ccGyVbQS.s 			page 22


 280      EA49A11A 
 280      6FA458A1 
 280      A4B0FF4B 
 280      D9EC
 281 058b 599CB889 		.ascii	"Y\234\270\211dv\242\240C\361\302\234=>\334\034X\254"
 281      6476A2A0 
 281      43F1C29C 
 281      3D3EDC1C 
 281      58AC
 282 059d F245FCA6 		.ascii	"\362E\374\246\012\275\343\203\226\2001\011\202\037\021"
 282      0ABDE383 
 282      96803109 
 282      821F11
 283 05ac 4A8D8913 		.ascii	"J\215\211\023|P\254@\2159\222s\370\222\033\316`\012"
 283      7C50AC40 
 283      8D399273 
 283      F8921BCE 
 283      600A
 284 05be 6E173E6A 		.ascii	"n\027>j\301\262\271\263\260\224\316\235$\320\260Q\322"
 284      C1B2B9B3 
 284      B094CE9D 
 284      24D0B051 
 284      D2
 285 05cf 000AEDAB 		.ascii	"\000\012\355\253\330d_EA\315\211\353\316x7S\321\361"
 285      D8645F45 
 285      41CD89EB 
 285      CE783753 
 285      D1F1
 286 05e1 AC71BBCD 		.ascii	"\254q\273\315\314yD\203\232\012*\222%\025I\216T\244"
 286      CC794483 
 286      9A0A2A92 
 286      2515498E 
 286      54A4
 287 05f3 D8579172 		.ascii	"\330W\221r\245?\317\003\357g!\265\256\217\236l}\034"
 287      A53FCF03 
 287      EF6721B5 
 287      AE8F9E6C 
 287      7D1C
 288 0605 4DB8D7C7 		.ascii	"M\270\327\307\027\3277\201\355\213\253\275\241\305\007"
 288      17D73781 
 288      ED8BABBD 
 288      A1C507
 289 0614 1934A7FB 		.ascii	"\0314\247\373q\2413>\312Lk\233\035\034\324!W?Yn\301"
 289      71A1333E 
 289      CA4C6B9B 
 289      1D1CD421 
 289      573F596E 
 290 0629 4E676E34 		.ascii	"Ngn4\267\201j\203+\267\220\231\337\333\202\233\177\330"
 290      B7816A83 
 290      2BB79099 
 290      DFDB829B 
 290      7FD8
 291 063b 441688AD 		.ascii	"D\026\210\255\202+\312\220\3547\270\262\034|<zs\332"
 291      822BCA90 
 291      EC37B8B2 
 291      1C7C3C7A 
 291      73DA
ARM GAS  /tmp/ccGyVbQS.s 			page 23


 292 064d 0D773165 		.ascii	"\015w1e\342\313\363\235\032\334\313\230\256\035/\372"
 292      E2CBF39D 
 292      1ADCCB98 
 292      AE1D2FFA 
 293 065d 5CF05DC6 		.ascii	"\\\360]\306\324\267\246^P\343{\2149\324\330':\341A\306"
 293      D4B7A65E 
 293      50E37B8C 
 293      39D4D827 
 293      3AE141C6 
 294 0671 54A6344E 		.ascii	"T\2464Nk\3610c\262\317m\212\323\341Q\306\034\233}\222"
 294      6BF13063 
 294      B2CF6D8A 
 294      D3E151C6 
 294      1C9B7D92 
 295 0685 EE8A1F33 		.ascii	"\356\212\0373\346E\345\365<\201\371\350\013\354\321"
 295      E645E5F5 
 295      3C81F9E8 
 295      0BECD1
 296 0694 AAD47ACC 		.ascii	"\252\324z\314v\010\271d#y\273h\246R\203_Q\254\276)\261"
 296      7608B964 
 296      2379BB68 
 296      A652835F 
 296      51ACBE29 
 297 06a9 699316F9 		.ascii	"i\223\026\371\262?/?_\337<\342/\354\326\336\277b\031"
 297      B23F2F3F 
 297      5FDF3CE2 
 297      2FECD6DE 
 297      BF6219
 298 06bc 14C56DAE 		.ascii	"\024\305m\256\324\231tp\346\200 +\034[\0042\275\032"
 298      D4997470 
 298      E680202B 
 298      1C5B0432 
 298      BD1A
 299 06ce C92453B1 		.ascii	"\311$S\261\036\223\253`O\224\200)<K\011\227\352\014"
 299      1E93AB60 
 299      4F948029 
 299      3C4B0997 
 299      EA0C
 300 06e0 0357AF96 		.ascii	"\003W\257\226\300\273\355\202\345\242-2\364N%\272\011"
 300      C0BBED82 
 300      E5A22D32 
 300      F44E25BA 
 300      09
 301 06f1 29E17765 		.ascii	")\341we\360L%\274~\036|R\006\337\247\204\247\011\012"
 301      F04C25BC 
 301      7E1E7C52 
 301      06DFA784 
 301      A7090A
 302 0704 CB8764E8 		.ascii	"\313\207d\350\355\366\243\"\325\323\014\221\025\273"
 302      EDF6A322 
 302      D5D30C91 
 302      15BB
 303 0712 BD909B7B 		.ascii	"\275\220\233{\340\031\312\346=H\261;\010\031\224#\370"
 303      E019CAE6 
 303      3D48B13B 
 303      08199423 
 303      F8
ARM GAS  /tmp/ccGyVbQS.s 			page 24


 304 0723 C298F8A2 		.ascii	"\302\230\370\242\303@\373\201\016\001\345\001\025\000"
 304      C340FB81 
 304      0E01E501 
 304      1500
 305 0731 7D07942F 		.ascii	"}\007\224/\330\024\303\363\254\336\202\004y\275e\206"
 305      D814C3F3 
 305      ACDE8204 
 305      79BD6586 
 306 0741 DDBEE299 		.ascii	"\335\276\342\231\027/\326/\241\226\355\260\357\266\314"
 306      172FD62F 
 306      A196EDB0 
 306      EFB6CC
 307 0750 8F06991F 		.ascii	"\217\006\231\037\273\354\307\224\242!_\016dY69c\321"
 307      BBECC794 
 307      A2215F0E 
 307      64593639 
 307      63D1
 308 0762 992DDA33 		.ascii	"\231-\3323{\362\325\310\317\213\027\205\"\374(9\235"
 308      7BF2D5C8 
 308      CF8B1785 
 308      22FC2839 
 308      9D
 309 0773 A4FC31E8 		.ascii	"\244\3741\350\177DJyb\242\243 \034\005\307\377?A\000"
 309      7F444A79 
 309      62A2A320 
 309      1C05C7FF 
 309      3F4100
 310 0786 5326765D 		.ascii	"S&v]\333\214\344\345\376\230 /\367\307\005k\271\037"
 310      DB8CE4E5 
 310      FE98202F 
 310      F7C7056B 
 310      B91F
 311 0798 CACC1A43 		.ascii	"\312\314\032C8\331\231\225\200\351}e.l>x\003\373\252"
 311      38D99995 
 311      80E97D65 
 311      2E6C3E78 
 311      03FBAA
 312 07ab 3723C399 		.ascii	"7#\303\231\317\007RdK\343J&\234p&\303\226\316\036\331"
 312      CF075264 
 312      4BE34A26 
 312      9C7026C3 
 312      96CE1ED9 
 313 07bf 88F11ECA 		.ascii	"\210\361\036\312x\227m\275|\022&\2077L\015WW"
 313      78976DBD 
 313      7C122687 
 313      374C0D57 
 313      57
 314 07d0 572F5F2F 		.ascii	"W/_/2I\374\374\374|\375X\020[z\274\363i\314\241\022"
 314      3249FCFC 
 314      FC7CFD58 
 314      105B7ABC 
 314      F369CCA1 
 315 07e5 4CC12250 		.ascii	"L\301\"P*x\333\313\371m\366\026>\025E\223\030\\\206"
 315      2A78DBCB 
 315      F96DF616 
 315      3E154593 
 315      185C86
ARM GAS  /tmp/ccGyVbQS.s 			page 25


 316 07f8 185C023F 		.ascii	"\030\\\002?O\002\235\001:\015t\212\373\314\364\214\366"
 316      4F029D01 
 316      3A0D748A 
 316      FBCCF48C 
 316      F6
 317 0809 78323D64 		.ascii	"x2=d\217\326\353X\021\317\004\253U\260\372\241\037~"
 317      8FD6EB58 
 317      11CF04AB 
 317      55B0FAA1 
 317      1F7E
 318 081b 0A6DF913 		.ascii	"\012m\371\023K\2042H\204\227\216\301\262\230\237\005"
 318      4B843248 
 318      84978EC1 
 318      B2989F05 
 319 082b A4E44519 		.ascii	"\244\344E\031\213\271\354\3719y*\325\200s\345\202\265"
 319      8BB9ECF9 
 319      39792AD5 
 319      8073E582 
 319      B5
 320 083c 503A40A9 		.ascii	"P:@\251d\020\233\2349\0019SDr\246\032\304T\362\234\271"
 320      64109B9C 
 320      39013953 
 320      4472A61A 
 320      C454F29C 
 321 0851 08F75510 		.ascii	"\010\367U\020\243\013@\347\201\276\007\252\260\211\327"
 321      A30B40E7 
 321      81BE07AA 
 321      B089D7
 322 0860 EDDBB278 		.ascii	"\355\333\262x\025CVV:\230\013\366\225\025\362\036?\255"
 322      15435656 
 322      3A980BF6 
 322      9515F21E 
 322      3FAD
 323 0872 2C211E6A 		.ascii	",!\036j\331\177\263\000\366\200\256n\244\320\245\250"
 323      D97FB300 
 323      F680AE6E 
 323      A4D0A5A8 
 324 0882 4E306566 		.ascii	"N0efzt\014O\002}\333>^6<\003\335\236\361\361\342\356"
 324      7A740C4F 
 324      027DDB3E 
 324      5E363C03 
 324      DD9EF1F1 
 325 0898 25744D14 		.ascii	"%tM\024\271a|\371\233W(ow\363\221\207\211\2006+\375"
 325      B9617CF9 
 325      9B57286F 
 325      77F39187 
 325      8980362B 
 326 08ad 9606934D 		.ascii	"\226\006\223M\336\266nVN*m\313\011{8z\212\036\012\310"
 326      DEB66E56 
 326      4E2A6DCB 
 326      097B387A 
 326      8A1E0AC8 
 327 08c1 289548D3 		.ascii	"(\225H\323\272\222Nk\216\350z3\216t'\3510)\355\200\312"
 327      BA924E6B 
 327      8EE87A33 
 327      8E7427E9 
 327      3029ED80 
ARM GAS  /tmp/ccGyVbQS.s 			page 26


 328 08d6 693E305F 		.ascii	"i>0_k\255yKvI\323\216\223\213\011\234\351\326\020\225"
 328      6BAD794B 
 328      7649D38E 
 328      938B099C 
 328      E9D61095 
 329 08ea 8051EC26 		.ascii	"\200Q\354&;6\301\231\026\027\260\011:>s\366\367\370"
 329      3B36C199 
 329      1617B009 
 329      3A3E73F6 
 329      F7F8
 330 08fc 38BBCFBB 		.ascii	"8\273\317\273_\336\257\303e\214\251\036/>\304\317\311"
 330      5FDEAFC3 
 330      658CA91E 
 330      2F3EC4CF 
 330      C9
 331 090d 98ACEC19 		.ascii	"\230\254\354\0315\263\036:i'F\332\245|k [\012\260\000"
 331      35B31E3A 
 331      692746DA 
 331      A57C6B20 
 331      5B0AB000 
 332 0921 5D615B86 		.ascii	"]a[\206\255\367\213\236\273{f\360t\370@M\035o\000\370"
 332      ADF78B9E 
 332      BB7B66F0 
 332      74F8404D 
 332      1D6F00F8 
 333 0935 15368082 		.ascii	"\0256\200\202\247\265\023\240\235;\367\247l\326\221"
 333      A7B513A0 
 333      9D3BF7A7 
 333      6CD691
 334 0944 4513D64B 		.ascii	"E\023\326K/\026\372\266\007<\364$\223k!b\026\207\353"
 334      2F16FAB6 
 334      073CF424 
 334      936B2162 
 334      1687EB
 335 0957 1FA9E423 		.ascii	"\037\251\344#\236\333E\202\006\301\250\236\243\255\352"
 335      9EDB4582 
 335      06C1A89E 
 335      A3ADEA
 336 0966 E617EBDA 		.ascii	"\346\027\353\332!\231\360.dO8K\003\026\310\347\203l"
 336      2199F02E 
 336      644F384B 
 336      0316C8E7 
 336      836C
 337 0978 602DF6D6 		.ascii	"`-\366\326\211\231a>&\344\024\333\242\2245\1775\355"
 337      8999613E 
 337      26E414DB 
 337      A294357F 
 337      35ED
 338 098a FC8AA52B 		.ascii	"\374\212\245+\201w\332\207\317\237Ju\000\250%\200:\356"
 338      8177DA87 
 338      CF9F4A75 
 338      00A82580 
 338      3AEE
 339 099c 1B994A57 		.ascii	"\033\231JWa*5\301\364i\001\272\016t\015\250Y\252\355"
 339      612A35C1 
 339      F46901BA 
 339      0E740DA8 
ARM GAS  /tmp/ccGyVbQS.s 			page 27


 339      59AAED
 340 09af 87FA2A92 		.ascii	"\207\372*\222\235\360\005\266\314<:W{\300\335zf\230"
 340      9DF005B6 
 340      CC3C3A57 
 340      7BC0DD7A 
 340      6698
 341 09c1 27B51524 		.ascii	"'\265\025$\275\216T\236W\275?\243g\210\233\320\343\206"
 341      BD8E549E 
 341      57BD3FA3 
 341      67889BD0 
 341      E386
 342 09d3 94CB1681 		.ascii	"\224\313\026\201\237!v\\x\222(\374<_\314\245\241\303"
 342      9F21765C 
 342      789228FC 
 342      3C5FCCA5 
 342      A1C3
 343 09e5 85716282 		.ascii	"\205qb\202\013\005_fY=\247WEZ\340\267M\3709t\213=\235"
 343      0B055F66 
 343      593DA757 
 343      455AE0B7 
 343      4DF83974 
 344 09fc 0F5BAE26 		.ascii	"\017[\256&\226|;w\035\275\345\202\2573fxog\247+\276"
 344      967C3B77 
 344      1DBDE582 
 344      AF336678 
 344      6F67A72B 
 345 0a11 C91794BA 		.ascii	"\311\027\224\272\307u.\270\2131\035\327\212S\335q/c"
 345      C7752EB8 
 345      8B311DD7 
 345      8A53DD71 
 345      2F63
 346 0a23 36E6D7BC 		.ascii	"6\346\327\274t\303w\031sx\250w\032\343{\214\231*\277"
 346      74C37719 
 346      7378A877 
 346      1AE37B8C 
 346      992ABF
 347 0a36 2C6AF120 		.ascii	",j\361 c\016\325u\324y\340a\306\024\015^\330\253\343"
 347      630ED575 
 347      D479E061 
 347      C6140D5E 
 347      D8ABE3
 348 0a49 6F7F602F 		.ascii	"o\177`/\247\333\321rv\003\333\275\371\221\325\311\272"
 348      A7DBD172 
 348      7603DBBD 
 348      F991D5C9 
 348      BA
 349 0a5a 795B5021 		.ascii	"y[P!\333\274u\203\317\203?Zd\356\376\273\264\031\270"
 349      DBBC7583 
 349      CF833F5A 
 349      64EEFEBB 
 349      B419B8
 350 0a6d A5446F51 		.ascii	"\245DoQn\201\032d\350.\373\262m\366W\377&\301{\224\360"
 350      6E811A64 
 350      E82EFBB2 
 350      6DF657FF 
 350      26C17B94 
 351 0a82 79256C5C 		.ascii	"y%l\\\206\276m\027-\253\030\243\347X\242\017\332K\364"
ARM GAS  /tmp/ccGyVbQS.s 			page 28


 351      86BE6D17 
 351      2DAB18A3 
 351      E758A20F 
 351      DA4BF4
 352 0a95 D10AD986 		.ascii	"\321\012\331\206\250\335\276WL\263M\222\365\301*@v}"
 352      A8DDBE57 
 352      4CB34D92 
 352      F5C12A40 
 352      767D
 353 0aa7 A8977721 		.ascii	"\250\227w!\0310\000Iv\017\022\253\037\350\016\320\017"
 353      19300049 
 353      760F12AB 
 353      1FE80ED0 
 353      0F
 354 0ab8 4043400F 		.ascii	"@C@\017\200\356\002\335\267Y~:e\001\352P*\236\277\001"
 354      80EE02DD 
 354      B7597E3A 
 354      6501EA50 
 354      2A9EBF01 
 355 0acc B5C8E09D 		.ascii	"\265\310\340\235\366\341\326\255\330L\226\370\312\346"
 355      F6E1D6AD 
 355      D84C96F8 
 355      CAE6
 356 0ada B83B68B3 		.ascii	"\270;h\263\212\016\263\265\230\\\001\274{c\367I\265"
 356      8A0EB3B5 
 356      985C01BC 
 356      7B63F749 
 356      B5
 357 0aeb C30A3862 		.ascii	"\303\0128b\255\200g\3319\324z0\362f\007\243\326\027"
 357      AD8067D9 
 357      39D47A30 
 357      F26607A3 
 357      D617
 358 0afd DF4FBAE2 		.ascii	"\337O\272\342\011\232u\352\343\361G\307`\323\347\203"
 358      099A75EA 
 358      E3F147C7 
 358      60D3E783 
 359 0b0d A0376287 		.ascii	"\2407b\2075\362\276Z\205\306aQ\032\0250\217\273*[\004"
 359      35F2BE5A 
 359      85C66151 
 359      1A15308F 
 359      BB2A5B04 
 360 0b21 6D63FF4B 		.ascii	"mc\377K\232\341^K\257v\216m\217 \232\343T\375c\010\366"
 360      9AE15E4B 
 360      AF768E6D 
 360      8F209AE3 
 360      54FD6308 
 361 0b36 18ABC0D9 		.ascii	"\030\253\300\331\367\217\025#\251\002#*\373\241\300"
 361      F78F1523 
 361      A902232A 
 361      FBA1C0
 362 0b45 2A349CF8 		.ascii	"*4\234\370i\005\246FS\206\324\354\261\361\355\032\207"
 362      6905A646 
 362      5386D4EC 
 362      B1F1ED1A 
 362      87
 363 0b56 FE3DB5FA 		.ascii	"\376=\265\372\267\304\207\275t\035\235R+\305K\357\255"
ARM GAS  /tmp/ccGyVbQS.s 			page 29


 363      B7C487BD 
 363      741D9D52 
 363      2BC54BEF 
 363      AD
 364 0b67 9F51F14F 		.ascii	"\237Q\361O\231\370gT|\305Dn\253\207<\3267mb\375\234"
 364      99F86754 
 364      7CC5446E 
 364      AB873CD6 
 364      376D62FD 
 365 0b7c C7FA398D 		.ascii	"\307\3729\215u\316\364T\226\273\034L\336\013K\340\011"
 365      75CEF454 
 365      96BB1C4C 
 365      DE0B4BE0 
 365      09
 366 0b8d 0E9EA0E0 		.ascii	"\016\236\240\340\266n\313n\027<\315f\364\321\302\357"
 366      B66ECB6E 
 366      173CCD66 
 366      F4D1C2EF 
 367 0b9d 8ADDF146 		.ascii	"\212\335\361F-eR\253k\366j\324\202\012\275\244A\205"
 367      2D6552AB 
 367      6BF66AD4 
 367      820ABDA4 
 367      4185
 368 0baf 9681F4C1 		.ascii	"\226\201\364\301\213j\371\353v\362\212S\262{J\220\277"
 368      8B6AF9EB 
 368      76F28A53 
 368      B27B4A90 
 368      BF
 369 0bc0 6F1F4E7F 		.ascii	"o\037N\177\322\256\345\357\371\357\2478\335*\314I\023"
 369      D2AEE5EF 
 369      F9EFA738 
 369      DD2ACC49 
 369      13
 370 0bd1 7363C50F 		.ascii	"sc\305\017\352\005\002D/\254\305\017M\012j\302\331\276"
 370      EA050244 
 370      2FACC50F 
 370      4D0A6AC2 
 370      D9BE
 371 0be3 AA9E16C8 		.ascii	"\252\236\026\310\253\352\221\203\355o\340\213\216\314"
 371      ABEA9183 
 371      ED6FE08B 
 371      8ECC
 372 0bf1 A93B7CFA 		.ascii	"\251;|\372\"R\013\354\375 \321\013m\273n\344\235ss\370"
 372      22520BEC 
 372      FD20D10B 
 372      6DBB6EE4 
 372      9D7373F8 
 373 0c05 45800CBC 		.ascii	"E\200\014\274\012\315\012\334\304\212]9\371jn\342\314"
 373      0ACD0ADC 
 373      C48A5D39 
 373      F96A6EE2 
 373      CC
 374 0c16 A8E7A178 		.ascii	"\250\347\241x\3610t+@\004\207^\315\0318\003\006\276"
 374      F130742B 
 374      4004875E 
 374      CD193803 
 374      06BE
ARM GAS  /tmp/ccGyVbQS.s 			page 30


 375 0c28 521A188B 		.ascii	"R\032\030\213\211\201\375S\205\347\370\201\236\274-"
 375      8981FD53 
 375      85E7F881 
 375      9EBC2D
 376 0c37 BFD09450 		.ascii	"\277\320\224P\251w\230\005\361\230gA\034\246i\3604%"
 376      A9779805 
 376      F1986741 
 376      1CA669F0 
 376      3425
 377 0c49 7182BF0F 		.ascii	"q\202\277\017'\257(\017\017\354\335\342\312\222\376"
 377      27AF280F 
 377      0FECDDE2 
 377      CA92FE
 378 0c58 7D728ABE 		.ascii	"}r\212\276\233\3318/\007\023\261\017J\300D\330F\354"
 378      9BD9382F 
 378      0713B10F 
 378      4AC044D8 
 378      46EC
 379 0c6a 69154919 		.ascii	"i\025I\031\350q\245\277\260\332\0357\262p\355\311\314"
 379      E871A5BF 
 379      B0DA1D37 
 379      B270EDC9 
 379      CC
 380 0c7b 68B286BF 		.ascii	"h\262\206\277\375\350/\247oA\015\206\224H@\354\203\303"
 380      FDE82FA7 
 380      6F410D86 
 380      944840EC 
 380      83C3
 381 0c8d 263CB7F6 		.ascii	"&<\267\366\300\255\255kI\324\265\276\234\373\333\335"
 381      C0ADAD6B 
 381      49D4B5BE 
 381      9CFBDBDD 
 382 0c9d 701F9396 		.ascii	"p\037\223\226\2315\\.pi\015\337\262\017\016\373\331"
 382      99355C2E 
 382      70690DDF 
 382      B20F0EFB 
 382      D9
 383 0cae 07876449 		.ascii	"\007\207dIR\262RR\012\225\324>P\275\026\2178\032\305"
 383      52B25252 
 383      0A95D43E 
 383      50BD168F 
 383      381AC5
 384 0cc1 8286C912 		.ascii	"\202\206\311\022,\345I}I\377\215X\321;\341\027t\020"
 384      2CE5497D 
 384      49FF8D58 
 384      D13BE117 
 384      7410
 385 0cd3 52ADC2D1 		.ascii	"R\255\302\321f\254&\234\255\3744*\377xs]7\217c\0229"
 385      66AC269C 
 385      ADFC342A 
 385      FF78735D 
 385      378F6312 
 386 0ce8 43CD3EE8 		.ascii	"C\315>\350\310\347G\2541\372~\264\347~\212;\236d\006"
 386      C8E747AC 
 386      31FA7EB4 
 386      E77E8A3B 
 386      9E6406
ARM GAS  /tmp/ccGyVbQS.s 			page 31


 387 0cfb 8CEC4E8D 		.ascii	"\214\354N\215w\274\025\333j\035\242fV\210n\366\334\333"
 387      77BC15DB 
 387      6A1DA266 
 387      56886EF6 
 387      DCDB
 388 0d0d E92ADF8A 		.ascii	"\351*\337\212\221L\263\356\315Uh\033\035\004\332\211"
 388      914CB3EE 
 388      CD55681B 
 388      1D04DA89 
 389 0d1d BE4CB7B4 		.ascii	"\276L\267\264?w\301\260`\323\345ug\312\210\223\365\315"
 389      3F77C1B0 
 389      60D3E575 
 389      67CA8893 
 389      F5CD
 390 0d2f 7AD24F7E 		.ascii	"z\322O~< \221\030(y\344\"W\006k\252ceg\006\256\324Z"
 390      3C209118 
 390      2879E422 
 390      57066BAA 
 390      63656706 
 391 0d46 575FE275 		.ascii	"W_\342uE\255\345\012\2342\231\362g\031\305+\225f\357"
 391      45ADE50A 
 391      9C3299F2 
 391      6719C52B 
 391      9566EF
 392 0d59 84DC6115 		.ascii	"\204\334a\025|7\226\357 Q\326\276\241\"A\251\327!:\365"
 392      7C3796EF 
 392      2051D6BE 
 392      A12241A9 
 392      D7213AF5 
 393 0d6d F2E95A1E 		.ascii	"\362\351Z\036\355zZ\024fJ\033\234\361\026\246w\373\266"
 393      ED7A5A14 
 393      664A1B9C 
 393      F116A677 
 393      FBB6
 394 0d7f 170D5ABC 		.ascii	"\027\015Z\274\2151e\243\307\312\334\030\262J\316{s\376"
 394      8D3165A3 
 394      C7CADC18 
 394      B24ACE7B 
 394      73FE
 395 0d91 C9B1B103 		.ascii	"\311\261\261\003\032\274\223\203O\347?\322*M\376\016"
 395      1ABC9383 
 395      4FE73FD2 
 395      2A4DFE0E 
 396 0da1 8C608B78 		.ascii	"\214`\213x.\226j\"q6\266\240\025+Mv\210\266\316,O6\263"
 396      2E966A22 
 396      7136B6A0 
 396      152B4D76 
 396      88B6CE2C 
 397 0db8 76BFDC3F 		.ascii	"v\277\334?\344\206\263\231\336\335\226\222\025\366\277"
 397      E486B399 
 397      DEDD9692 
 397      15F6BF
 398 0dc7 7F3818A5 		.ascii	"\1778\030\245\207\243\323'\334q\016\353]QVY\313\277"
 398      87A3D327 
 398      DC710EEB 
 398      5D515659 
 398      CBBF
ARM GAS  /tmp/ccGyVbQS.s 			page 32


 399 0dd9 702D2173 		.ascii	"p-!s\366\370\305\026=.`\317\2463rJ]\360Q\306\354y\322"
 399      F6F8C516 
 399      3D2E60CF 
 399      A633724A 
 399      5DF051C6 
 400 0df0 F380E7A4 		.ascii	"\363\200\347\244\0379\037\344\177\267\315\005\237`\317"
 400      1F391FE4 
 400      7FB7CD05 
 400      9F60CF
 401 0dff 663392B2 		.ascii	"f3\222\262\234\361)\306d\266d\346\353q9c\246\0063;\020"
 401      9CF129C6 
 401      64B664E6 
 401      EB713963 
 401      A606333B 
 402 0e14 EBE59A29 		.ascii	"\353\345\232)}\254\363\346\037\353\212\236o\331\245"
 402      7DACF3E6 
 402      1FEB8A9E 
 402      6FD9A5
 403 0e23 C71718B6 		.ascii	"\307\027\030\266\275#\241\234c\365\300\306\037?\177"
 403      BD23A19C 
 403      63F5C0C6 
 403      1F3F7F
 404 0e32 C6C9619E 		.ascii	"\306\311a\236\227X\363\274\230\225\242\264\242\202\013"
 404      9758F3BC 
 404      9895A2B4 
 404      A2820B
 405 0e41 1A79B121 		.ascii	"\032y\261!/V\213 \236\205\264\330\234\244\361,\261\246"
 405      2F568B20 
 405      9E85B4D8 
 405      9CA4F12C 
 405      B1A6
 406 0e53 5EDCA5E4 		.ascii	"^\334\245\344a\304\202\366Z\257Y[\006R\257\352\345\322"
 406      61C482F6 
 406      5AAF595B 
 406      0652AFEA 
 406      E5D2
 407 0e65 4BF18F48 		.ascii	"K\361\217H\377\336\322\375\001\256\341y\334\322}\007"
 407      FFDED2FD 
 407      01AEE179 
 407      DCD27D07 
 408 0e75 E13AC624 		.ascii	"\341:\306$4^9\344\214\033\0313r\244\271^\203\2573\246"
 408      345E39E4 
 408      8C1B1933 
 408      72A4B95E 
 408      83AF33A6 
 409 0e89 7F60F22C 		.ascii	"\177`\362,\306m\21498\222\227\006\233\\\336\247\177"
 409      C66D8C39 
 409      38929706 
 409      9B5CDEA7 
 409      7F
 410 0e9a B485BF62 		.ascii	"\264\205\277b\335Lf\311\324\330\231\233\326\020\222"
 410      DD4C66C9 
 410      D4D8999B 
 410      D61092
 411 0ea9 6F9243CF 		.ascii	"o\222C\317\356\315j\361\035\012\376\273\022KS\256\013"
 411      EECD6AF1 
 411      1D0AFEBB 
ARM GAS  /tmp/ccGyVbQS.s 			page 33


 411      124B53AE 
 411      0B
 412 0eba D9C17AF9 		.ascii	"\331\301z\371J\177~\374\232'f\306\212U\263\225N\025"
 412      4A7F7EFC 
 412      9A2766C6 
 412      8A55B395 
 412      4E15
 413 0ecc C71A44FA 		.ascii	"\307\032D\372\025#\013{\242]P\240.b\257\271\351\302"
 413      15230B7B 
 413      A25D50A0 
 413      2E62AFB9 
 413      E9C2
 414 0ede CF687C87 		.ascii	"\317h|\207J\276{T\177\002?\261\030\235\002\364\011\216"
 414      4ABE7B54 
 414      7F023FB1 
 414      189D02F4 
 414      098E
 415 0ef0 B6FA6EBB 		.ascii	"\266\372n\273\237\315\204\003\274\345S\266\377\"\371"
 415      9FCD8403 
 415      BCE553B6 
 415      FF22F9
 416 0eff BC87A3E7 		.ascii	"\274\207\243\34722\033;\330'V\202\274\012\372\220\340"
 416      32321B3B 
 416      D8275682 
 416      BC0AFA90 
 416      E0
 417 0f10 C926B119 		.ascii	"\311&\261\031\373\241k\330\027]\002j\001\272\001T\013"
 417      FBA16BD8 
 417      175D026A 
 417      01BA0154 
 417      0B
 418 0f21 54077401 		.ascii	"T\007t\001\350*\320u\240\006\240&\240F\240j \013\320"
 418      E82AD075 
 418      A006A026 
 418      A046A06A 
 418      200BD0
 419 0f34 4DA0CB40 		.ascii	"M\240\313@U@\347\201j\200\256\000\325c\371\253\206\361"
 419      5540E781 
 419      6A80AE00 
 419      D563F9AB 
 419      86F1
 420 0f46 4F98A505 		.ascii	"O\230\245\005`\351\001\245\245yX\356\027\004\340\356"
 420      60E901A5 
 420      A57958EE 
 420      1704E0EE 
 421 0f56 A7B114BD 		.ascii	"\247\261\024\275\003\242\260\235\243\347\336q\324\332"
 421      03A2B09D 
 421      A3E7DE71 
 421      D4DA
 422 0f64 C40C6477 		.ascii	"\304\014dw\376Q\222]\256\224m\263M'1k\220\305l\257\375"
 422      FE51925D 
 422      AE946DB3 
 422      4D27316B 
 422      90C56CAF 
 423 0f79 98C9648F 		.ascii	"\230\311d\217\313d\237Q\242\353\225\226L\312\320\247"
 423      CB649F51 
 423      A2EB9596 
ARM GAS  /tmp/ccGyVbQS.s 			page 34


 423      4CCAD0A7 
 424 0f89 EDA3ADA6 		.ascii	"\355\243\255\246P\341\237J\360\357\225\360-rS\310\221"
 424      50E19F4A 
 424      F0EF95F0 
 424      2D7253C8 
 424      91
 425 0f9a 61880705 		.ascii	"a\210\007\005*;"
 425      2A3B
 426 0fa0 CA500625 		.ascii	"\312P\006%\035+\205w\312\"~T)\374\310<\370\220\014~"
 426      1D2B8577 
 426      CA227E54 
 426      29FCC83C 
 426      F8900C7E 
 427 0fb4 48093F38 		.ascii	"H\011?8\017~W\006?l\037.;\355\324vx\322\323\016\240"
 427      0F7E5706 
 427      3F6C1F2E 
 427      3BEDD476 
 427      78D2D30E 
 428 0fc9 6C4F3B44 		.ascii	"lO;D\324@\007?\355\020Yg\225\262\232\2241n\220i>\256"
 428      D440073F 
 428      ED105967 
 428      95B29A94 
 428      316E9069 
 429 0fdf 44A709CA 		.ascii	"D\247\011\312\341\266\374Q\032\356sv\223C&\333\"\223"
 429      E1B6FC51 
 429      1AEE7376 
 429      934326DB 
 429      2293
 430 0ff1 7DCC7ECC 		.ascii	"}\314~\314\344\243-C\347\333\317i\233\010\313"
 430      E4A32D43 
 430      E7DBCF69 
 430      9B08CB
 431 1000 92A3CCBE 		.ascii	"\222\243\314\276\233s\206\223J\300\207{?\014w\016\207"
 431      9B738693 
 431      4AC0877B 
 431      3F0C770E 
 431      87
 432 1011 5BD72CB4 		.ascii	"[\327,\264O\262\205T\314\336\035-j\274\225~i\023z\036"
 432      4FB28554 
 432      CCDE1D2D 
 432      6ABC957E 
 432      69137A1E 
 433 1025 9C4AD52B 		.ascii	"\234J\325+\337?X\247<j\207\231\376\327\230\365\374\375"
 433      DF3F58A7 
 433      3C6A8799 
 433      FED798F5 
 433      FCFD
 434 1037 45177D2F 		.ascii	"E\027}/\326\006\012[\245\215\037\311\002\366}~\340n"
 434      D6060A5B 
 434      A58D1FC9 
 434      02F67D7E 
 434      E06E
 435 1049 8D5A7EF4 		.ascii	"\215Z~\364h\303\362s\312-\314\216\036p\265wN9gsN\351"
 435      68C3F273 
 435      CA2DCC8E 
 435      1E70B577 
 435      4E396773 
ARM GAS  /tmp/ccGyVbQS.s 			page 35


 436 105f E0E00E0A 		.ascii	"\340\340\016\012\256y\336V\350\214\263\331\267\307V"
 436      AE79DE56 
 436      E88CB3D9 
 436      B7C756
 437 106e 717ADA69 		.ascii	"qz\332ins\273`J\261\271\355\224,\353Tn\031\273\350\226"
 437      6E73BB60 
 437      4AB1B9ED 
 437      942CEB54 
 437      6E19BBE8 
 438 1083 F1E0C48B 		.ascii	"\361\340\304\213Tw\\\310\244\245d=8\244\341\322:#m6"
 438      54775CC8 
 438      A4A5643D 
 438      38A4E1D2 
 438      3A236D36 
 439 1097 B7DD92A4 		.ascii	"\267\335\222\244n\245\244\036\274P\365\367\206\250H"
 439      6EA5A41E 
 439      BC50F5F7 
 439      86A848
 440 10a6 93D9106A 		.ascii	"\223\331\020j\372\263\301\030\025\032\026\271.\306\270"
 440      FAB3C118 
 440      151A16B9 
 440      2EC6B8
 441 10b5 382AD864 		.ascii	"8*\330d^\274\344\237\027/\366g\377\221\321\376\021\241"
 441      5EBCE49F 
 441      172FF667 
 441      FF91D1FE 
 441      11A1
 442 10c7 61FE0418 		.ascii	"a\376\004\030\355\277,\360\303\200\0177\220\206\220"
 442      EDBF2CF0 
 442      C3800F37 
 442      908690
 443 10d6 4893D1F0 		.ascii	"H\223\321\360\365{\341\213C\264\277\375\335\037\026"
 443      F57BE18B 
 443      43B4BFFD 
 443      DD1F16
 444 10e5 042C5DAA 		.ascii	"\004,]\252\372\227\327\357\243\372[\2469\372\233Ps\310"
 444      FA97D7EF 
 444      A3FA5BA6 
 444      39FA9B50 
 444      73C8
 445 10f7 7AC317A6 		.ascii	"z\303\027\246\310pCh\264\351\365%\254Wy1\011\306\015"
 445      C8704368 
 445      B4E9F525 
 445      AC577931 
 445      09C60D
 446 110a A1E6B9FE 		.ascii	"\241\346\271\376\372\240\217\003\014\253\202#\326\206"
 446      FAA08F03 
 446      0CAB8223 
 446      D686
 447 1118 194D9EF3 		.ascii	"\031M\236\363}\303 A\033a\334`6\207\206\033u\006CLh"
 447      7DC32041 
 447      1B61DC60 
 447      3687861B 
 447      7506434C 
 448 112d 84F99DB7 		.ascii	"\204\371\235\267\015\346\215\310\177}d\270\321?8$\332"
 448      0DE68DC8 
 448      7F7D64B8 
ARM GAS  /tmp/ccGyVbQS.s 			page 36


 448      D13F3824 
 448      DA
 449 113e B8282CF8 		.ascii	"\270(,\370s\377\345\221!1\341\306\010P\375\22118\374"
 449      73FFE591 
 449      2131E1C6 
 449      0850FD91 
 449      3138FC
 450 1151 3FFD5784 		.ascii	"?\375W\204\204\205FE\033\015\306EQ1!_\275\355\377Qd"
 450      84854645 
 450      1B0DC645 
 450      5131215F 
 450      BDEDFF51 
 451 1166 6458B4FF 		.ascii	"dX\264\377\272\220\220E\301\246\360E\021\221\021\306"
 451      BA909045 
 451      C1A6F045 
 451      119111C6 
 452 1176 45C6E0CF 		.ascii	"E\306\340\317C\027\275\267\350\355%K\337[\364\347_-"
 452      4317BDB7 
 452      E8ED254B 
 452      DF5BF4E7 
 452      5F2D
 453 1188 0A0FFE32 		.ascii	"\012\017\3762\322\344o\363\324?4\"$,f\255\321?<8d}h"
 453      D2E46FF3 
 453      D43F3422 
 453      242C66AD 
 453      D13F3C38 
 454 119f 84D1DFB0 		.ascii	"\204\321\337\260\326\370EpL\230\331`\3766\312\030\015"
 454      D6F84570 
 454      4C98D960 
 454      FE36CA18 
 454      0D
 455 11b0 2E69AD06 		.ascii	".i\255\006\375\317_\325\236\350o\243\375\015\321\346"
 455      FDCF5FD5 
 455      9EE86FA3 
 455      FD0DD1E6 
 456 11c0 B5A01C8C 		.ascii	"\265\240\034\214p\001\226\304\307`~\367GG#$2\034\302"
 456      700196C4 
 456      C7607EF7 
 456      47472324 
 456      321CC2
 457 11d3 6A3445FB 		.ascii	"j4E\373\3776 \200<\236\363\",8\232FXMB\355L\356\"c\314"
 457      FF362080 
 457      3C9EF322 
 457      2C389A46 
 457      584D42ED 
 458 11ec 42CC528D 		.ascii	"B\314R\215\361\233\360\340\350\257\364\306\257\301\025"
 458      F19BF0E0 
 458      E8AFF4C6 
 458      AFC115
 459 11fb 726730AB 		.ascii	"rg0\253\243\215\341Qn\320\331\0007\301Q\353axqH\204"
 459      A38DE151 
 459      6ED0D900 
 459      37C151EB 
 459      61787148 
 460 1210 D9C560E0 		.ascii	"\331\305`\340\221p\346W'h5\230\377Ai\221\325\005\270"
 460      9170E657 
 460      27683598 
ARM GAS  /tmp/ccGyVbQS.s 			page 37


 460      FF416991 
 460      D505B8
 461 1223 07CDFA39 		.ascii	"\007\315\3729!\00636\233\242<\315\353M\306\340\265\006"
 461      21063336 
 461      9BA23CCD 
 461      EB4DC6E0 
 461      B506
 462 1235 93F10BA3 		.ascii	"\223\361\013\243\311\030\021\002\315(\012\207G\257s"
 462      C9181102 
 462      CD280A87 
 462      47AF73
 463 1244 020299D1 		.ascii	"\002\002\231\321\346`\263\321\205\345\301\373\240\213"
 463      E660B3D1 
 463      85E5C1FB 
 463      A08B
 464 1252 5FB566FA 		.ascii	"_\265f\372\000\254\0131o\210\302\246\245K\265&\343:"
 464      00AC0B31 
 464      6F88C2A6 
 464      A54BB526 
 464      E33A
 465 1264 889DC1FC 		.ascii	"\210\235\301\374\326\353$(X\002\235\226\010\246_\013"
 465      D6EB2428 
 465      58029D96 
 465      08A65F0B 
 466 1274 A6F705D3 		.ascii	"\246\367\005\323{\202\351]\301\364\257\202\351Wz\226"
 466      7B82E95D 
 466      C1F4AF82 
 466      E9577A96 
 467 1284 91116690 		.ascii	"\221\021f\220+\204\231\264\354\316`\326\221\0000[5\306"
 467      2B8499B4 
 467      ECCE60D6 
 467      9100305B 
 467      35C6
 468 1296 2812192D 		.ascii	"(\022\031-\267\334\354\034\022c\002\323\031\204\214"
 468      B7DCEC1C 
 468      126302D3 
 468      19848C
 469 12a5 8C31DC99 		.ascii	"\2141\334\231=\213v\225\232\300\324\015Q\321&!*D\023"
 469      3D8B7695 
 469      9AC0D40D 
 469      51D12621 
 469      2A4413
 470 12b8 6602496B 		.ascii	"f\002IkA\377\333\202\351\035\301\004\277K\005\323\022"
 470      41FFDB82 
 470      E91DC104 
 470      BF4B05D3 
 470      12
 471 12c9 3D9F2B44 		.ascii	"=\237+D\237:d}\260\011\274^g4\033\326\004\255q\013\016"
 471      9F3A647D 
 471      B009BC5E 
 471      67341BD6 
 471      04AD710B 
 472 12de FB26F8DB 		.ascii	"\373&\370\333h0+\014\222\362\227r\007\001\357\037\360"
 472      68302B0C 
 472      92F29772 
 472      0701EF1F 
 472      F0
ARM GAS  /tmp/ccGyVbQS.s 			page 38


 473 12ef 61D0EAA0 		.ascii	"a\320\352\240\2718\323\371\027\022\2762&\"\204\244\212"
 473      B938D3F9 
 473      1712BE32 
 473      262284A4 
 473      8A
 474 1300 01868D0A 		.ascii	"\001\206\215\012\361\246\362c\"\302\"C\276\222f\243"
 474      F1A6F263 
 474      22C22243 
 474      BE9266A3 
 475 1310 ACD18D41 		.ascii	"\254\321\215A\177\263,h\305\232\300\325.\201+\202V\004"
 475      7FB32C68 
 475      C59AC0D5 
 475      2E812B82 
 475      5604
 476 1322 7EBC62F9 		.ascii	"~\274b\371\022\365\352\240e\201\352\017?\\\031\210\227"
 476      12F5EAA0 
 476      6581EA0F 
 476      3F5C1988 
 476      97
 477 1333 2D0FC4CB 		.ascii	"-\017\304\313\341\272fe\240z\331\312\240@\365oV.\013"
 477      E1BA6665 
 477      A07AD9CA 
 477      A040F56F 
 477      562E0B
 478 1346 74824700 		.ascii	"t\202G\000XN\370U\344'\000~\234\202V\005\004\005\342"
 478      584EF855 
 478      E427007E 
 478      9C825605 
 478      0405E2
 479 1359 A0556B70 		.ascii	"\240Ukp@\000\\\003\002\235\226\255\016\014\010T\177"
 479      40005C03 
 479      029D96AD 
 479      0E0C0854 
 479      7F
 480 136a FCD1EF03 		.ascii	"\374\321\357\003\325\253\341\231S\300\232?\254^\016"
 480      D5ABE199 
 480      53C09A3F 
 480      AC5E0E
 481 1379 BFCB0202 		.ascii	"\277\313\002\002\177\361Z.\275C27(\3407\206\217 \215"
 481      7FF15A2E 
 481      BD433237 
 481      28E03786 
 481      8F208D
 482 138c 3DA9E536 		.ascii	"=\251\3456\316\270\3145\375\037\323 \264t"
 482      CEB8CC35 
 482      FD1FD320 
 482      B474
 483              		.text
 484              		.section	.gnu.lto_.symtab.1c9b6b39c04dc6d2,"",%progbits
 485 0000 5356435F 		.ascii	"SVC_Handler\000"
 485      48616E64 
 485      6C657200 
 486 000c 00       		.ascii	"\000"
 487 000d 00       		.ascii	"\000"
 488 000e 00       		.ascii	"\000"
 489 000f 00000000 		.ascii	"\000\000\000\000\000\000\000\000"
 489      00000000 
ARM GAS  /tmp/ccGyVbQS.s 			page 39


 490 0017 C2000000 		.ascii	"\302\000\000\000"
 491 001b 5F706F72 		.ascii	"_port_irq_epilogue\000"
 491      745F6972 
 491      715F6570 
 491      696C6F67 
 491      756500
 492 002e 00       		.ascii	"\000"
 493 002f 00       		.ascii	"\000"
 494 0030 00       		.ascii	"\000"
 495 0031 00000000 		.ascii	"\000\000\000\000\000\000\000\000"
 495      00000000 
 496 0039 C4000000 		.ascii	"\304\000\000\000"
 497 003d 6E696C00 		.ascii	"nil\000"
 498 0041 00       		.ascii	"\000"
 499 0042 02       		.ascii	"\002"
 500 0043 00       		.ascii	"\000"
 501 0044 00000000 		.ascii	"\000\000\000\000\000\000\000\000"
 501      00000000 
 502 004c 56010000 		.ascii	"V\001\000\000"
 503 0050 5F706F72 		.ascii	"_port_switch_from_isr\000"
 503      745F7377 
 503      69746368 
 503      5F66726F 
 503      6D5F6973 
 504 0066 00       		.ascii	"\000"
 505 0067 02       		.ascii	"\002"
 506 0068 00       		.ascii	"\000"
 507 0069 00000000 		.ascii	"\000\000\000\000\000\000\000\000"
 507      00000000 
 508 0071 BE000000 		.ascii	"\276\000\000\000"
 509 0075 5F706F72 		.ascii	"_port_exit_from_isr\000"
 509      745F6578 
 509      69745F66 
 509      726F6D5F 
 509      69737200 
 510 0089 00       		.ascii	"\000"
 511 008a 02       		.ascii	"\002"
 512 008b 00       		.ascii	"\000"
 513 008c 00000000 		.ascii	"\000\000\000\000\000\000\000\000"
 513      00000000 
 514 0094 C0000000 		.ascii	"\300\000\000\000"
 515              		.text
 516              		.section	.gnu.lto_.opts,"",%progbits
 517 0000 272D666D 		.ascii	"'-fmath-errno' '-fsigned-zeros' '-ftrapping-math' '"
 517      6174682D 
 517      6572726E 
 517      6F272027 
 517      2D667369 
 518 0033 2D666E6F 		.ascii	"-fno-trapv' '-fno-openmp' '-fno-openacc' '-mcpu=cor"
 518      2D747261 
 518      70762720 
 518      272D666E 
 518      6F2D6F70 
 519 0066 7465782D 		.ascii	"tex-m3' '-mno-thumb-interwork' '-mthumb' '-O2' '-fo"
 519      6D332720 
 519      272D6D6E 
 519      6F2D7468 
ARM GAS  /tmp/ccGyVbQS.s 			page 40


 519      756D622D 
 520 0099 6D69742D 		.ascii	"mit-frame-pointer' '-ffunction-sections' '-fdata-se"
 520      6672616D 
 520      652D706F 
 520      696E7465 
 520      72272027 
 521 00cc 6374696F 		.ascii	"ctions' '-fno-common' '-flto'\000"
 521      6E732720 
 521      272D666E 
 521      6F2D636F 
 521      6D6D6F6E 
 522              		.text
 523              		.comm	__gnu_lto_v1,1,1
 524              		.comm	__gnu_lto_slim,1,1
 525              		.ident	"GCC: (GNU Tools for Arm Embedded Processors 7-2017-q4-major) 7.2.1 20170904 (release) [ARM
ARM GAS  /tmp/ccGyVbQS.s 			page 41


DEFINED SYMBOLS
                            *ABS*:0000000000000000 nilcore_v7m.c
                            *COM*:0000000000000001 __gnu_lto_v1
                            *COM*:0000000000000001 __gnu_lto_slim

NO UNDEFINED SYMBOLS
