ARM GAS  /tmp/ccGNDX7b.s 			page 1


   1              		.cpu cortex-m3
   2              		.eabi_attribute 20, 1
   3              		.eabi_attribute 21, 1
   4              		.eabi_attribute 23, 3
   5              		.eabi_attribute 24, 1
   6              		.eabi_attribute 25, 1
   7              		.eabi_attribute 26, 1
   8              		.eabi_attribute 30, 2
   9              		.eabi_attribute 34, 1
  10              		.eabi_attribute 18, 4
  11              		.file	"osal.c"
  12              		.section	.gnu.lto_.profile.d59b67ef958184b1,"",%progbits
  13 0000 789C6363 		.ascii	"x\234cc```\001bF\006}i\000\000\361\000V"
  13      60606001 
  13      6246067D 
  13      690000F1 
  13      0056
  14              		.text
  15              		.section	.gnu.lto_.icf.d59b67ef958184b1,"",%progbits
  16 0000 789C6363 		.ascii	"x\234cc``\340e@\000&\206=\275\217\025\230>=\235z\202"
  16      6060E065 
  16      40002686 
  16      3DBD8F15 
  16      983E3D9D 
  17 0016 9D010027 		.ascii	"\235\001\000'\250\005\237"
  17      A8059F
  18              		.text
  19              		.section	.gnu.lto_.jmpfuncs.d59b67ef958184b1,"",%progbits
  20 0000 789C6363 		.ascii	"x\234cc``\250e@\000&\006&FF\346\3729\314\014\214s\230"
  20      6060A865 
  20      40002606 
  20      264646E6 
  20      FA39CC0C 
  21 0017 19591818 		.ascii	"\031Y\030\030\030\017\26002\000\361\237\377\377\377"
  21      180FB030 
  21      3200F19F 
  21      FFFFFF
  22 0026 F333324D 		.ascii	"\36332Maf\234\326z\350<{7\363\034f&F\006\306\315\214"
  22      61669CD6 
  22      7AE83C7B 
  22      37F31C66 
  22      264606C6 
  23 003c 3220CC54 		.ascii	"2 \314T\311\210PZ\317\300\204\337\020\034\272\030\000"
  23      C988505A 
  23      CFC084DF 
  23      101CBA18 
  23      00
  24 004d 25391C13 		.ascii	"%9\034\023"
  25              		.text
  26              		.section	.gnu.lto_.inline.d59b67ef958184b1,"",%progbits
  27 0000 789C6363 		.ascii	"x\234cc``X\310\200\000L\014\014\002\242\214,\014\012"
  27      606058C8 
  27      80004C0C 
  27      0C02A28C 
  27      2C0C0A
  28 0013 69539819 		.ascii	"iS\230\031\247\265\036:\317\336\315<\207\231\231\221"
  28      A7B51E3A 
ARM GAS  /tmp/ccGNDX7b.s 			page 2


  28      CFDECD3C 
  28      87999991 
  29 0023 817133A3 		.ascii	"\201q3\243\0143\003\203B&\214\301\310\000&\230\0318"
  29      0C330383 
  29      42268CC1 
  29      C8002698 
  29      1938
  30 0035 800CB605 		.ascii	"\200\014\266\005\362L\014\214/\330\025\230\030X;\324"
  30      F24C0C8C 
  30      2FD81598 
  30      18583BD4 
  31 0045 1518384F 		.ascii	"\025\0308O.\002\032\302\330\313\254\300\302\304\300"
  31      2E021AC2 
  31      D8CBACC0 
  31      C2C4C0
  32 0054 BC9C5301 		.ascii	"\274\234S\001\314\001\262\201\200\231\207\201\205\201"
  32      CC01B281 
  32      80998781 
  32      8581
  33 0062 6982DF04 		.ascii	"i\202\337\004?&\006~SF&$\243X\370o\234da`\357P\007\033"
  33      3F26067E 
  33      53462624 
  33      A358F86F 
  33      9C646160 
  34 007a C6012121 		.ascii	"\306\001!!z\030!Z\030\000\320R\027."
  34      7A18215A 
  34      1800D052 
  34      172E
  35              		.text
  36              		.section	.gnu.lto_.pureconst.d59b67ef958184b1,"",%progbits
  37 0000 789C6363 		.ascii	"x\234cc```\005b&\006)&)\000\000\376\000D"
  37      60606005 
  37      62260629 
  37      26290000 
  37      FE0044
  38              		.text
  39              		.section	.gnu.lto_osalThreadDequeueNextI.d59b67ef958184b1,"",%progbits
  40 0000 789C8554 		.ascii	"x\234\205Tmk\024W\024\276\317=\363\226\0357\361\203"
  40      6D6B1457 
  40      14BECF3D 
  40      F3961D37 
  40      F183
  41 0012 5F04A50B 		.ascii	"_\004\245\013\032\202\024\262\205\366g\370#*\375\240"
  41      1A8214B2 
  41      85F667F8 
  41      232AFDA0 
  42 0022 825ADB88 		.ascii	"\202Z\333\210_w\362:\211/\330\006\223\302t*\203i\214"
  42      5F77F23A 
  42      892FD806 
  42      93C2742A 
  42      83698C
  43 0035 605F0CD5 		.ascii	"`_\014\325\304]S\035w[\337\232\215QcW4\354\007\245["
  43      C45D531D 
  43      775BDF9A 
  43      8D516357 
  43      34EC07A5 
  44 004a 12AC5028 		.ascii	"\022\254P(\371Pt\355\271w\306\232\306\242\303\356\235"
ARM GAS  /tmp/ccGNDX7b.s 			page 3


  44      F95074ED 
  44      B977C69A 
  44      C6A2C3EE 
  44      9D
  45 005b FB72CE79 		.ascii	"\373r\316y\316\363\234s\307\022Bl7\205x\217\337\037"
  45      CEF39C73 
  45      C712426C 
  45      3785788F 
  45      DF1F
  46 006d F21F8E80 		.ascii	"\362\037\216\200\374lN\210nGJ{\350\035\341e,?/\274u"
  46      FC6C4E88 
  46      6E474A7B 
  46      E81DE165 
  46      2C3F2FBC 
  47 0082 36486D83 		.ascii	"6Hm\203\244\261\350\362\256y\256,x\333\200\225X\233"
  47      A4B1E8F2 
  47      AE79AE2C 
  47      78DB8095 
  47      589B
  48 0094 C9F915C7 		.ascii	"\311\371\025\307\002\324\304s \012\322&\303\264P\220"
  48      02D4C473 
  48      200AD226 
  48      C3B45090 
  49 00a4 24D2E708 		.ascii	"$\322\347\010\035'\224\375FQn\233\360\370\211\277X\331"
  49      1D2794FD 
  49      46516E9B 
  49      F0F889BF 
  49      58D9
  50 00b6 E89D8E11 		.ascii	"\350\235\216\021\262\305hj\205\037\260\215\255n\367"
  50      B2C5686A 
  50      851FB08D 
  50      AD6EF7
  51 00c5 9D0DE930 		.ascii	"\235\015\3510\205\004\030\274\374\263\032<nUK\211\034"
  51      850418BC 
  51      FCB31A3C 
  51      6E554B89 
  51      1C
  52 00d6 2F17BFAC 		.ascii	"/\027\277\2547[h\013\004\317\373\353\265\013n\307\270"
  52      375B680B 
  52      04CFFBEB 
  52      B50B6EC7 
  52      B8
  53 00e7 E7F578F1 		.ascii	"\347\365x\361_\343\344m\015\2110\005\342\2008\217M8"
  53      5FE3E46D 
  53      0D893005 
  53      E280388F 
  53      4D38
  54 00f9 874D82B7 		.ascii	"\207M\202\267\004\246\321\301\346\263g\2135\203:\264"
  54      04A6D1C1 
  54      E6B3678B 
  54      35833AB4 
  55 0109 EBC854EF 		.ascii	"\353\310T\357iR\256\234\312\354\204v5pa\255\253!PD\207"
  55      6952AE9C 
  55      CAEC8476 
  55      357061AD 
  55      AB215044 
  56 011e B21FFE66 		.ascii	"\262\037\376f\276f\321\273\332\327\277{\246\344\266"
ARM GAS  /tmp/ccGNDX7b.s 			page 4


  56      BE66D1BB 
  56      DAD7BF7B 
  56      A6E4B6
  57 012d 8F69D886 		.ascii	"\217i\330\206o\006^\334\227\013\311D\351\277\356\352"
  57      6F065EDC 
  57      970BC944 
  57      E9BFEEEA 
  58 013d 61EB4793 		.ascii	"a\353G\223\315\221\254e\340\"\332\243\227d1\003\013"
  58      CD91AC65 
  58      E022DAA3 
  58      97643103 
  58      0B
  59 014e 7C36707C 		.ascii	"|6p|~\322\241N\035u\351\322\323)'\215\332\364\3554\252"
  59      7ED2A14E 
  59      1D75E9D2 
  59      D329278D 
  59      DAF4ED34 
  60 0163 851FDF18 		.ascii	"\205\037\337\030\365\022\332u4\216y\231c\012!\025\220"
  60      F512DA75 
  60      348E7999 
  60      630A2115 
  60      90
  61 0174 DAFEFE8E 		.ascii	"\332\376\376\216\031{\315\027\276\027\327\177\307\304"
  61      197BCD17 
  61      BE17D77F 
  61      C7C4
  62 0182 D851B481 		.ascii	"\330Q\264\201\031\331\222\007\223\324\314P\203)\224"
  62      19D99207 
  62      93D4CC50 
  62      832994
  63 0191 AD0D2511 		.ascii	"\255\015%\021\267\000\373f\364\216\253\307,4\1771\310"
  63      B700FB66 
  63      F48EABC7 
  63      2C347F31 
  63      C8
  64 01a2 49CF6CF6 		.ascii	"I\317l\366b1D\222'\275\261XF\317\337~\365XFa\007\344"
  64      62314492 
  64      27BDB158 
  64      46CFDF7E 
  64      F5584661 
  65 01b8 7046A3FD 		.ascii	"pF\243\375\345[\266\252\023i:3\345\352U+\302\211nV8"
  65      E55BB6AA 
  65      13693A33 
  65      E5EA552B 
  65      C2896E56 
  66 01cd 6A286827 		.ascii	"j(h' \033\261\242\300\307\013\376\375\272\233\377V\351"
  66      201BB1A2 
  66      C0C70BFE 
  66      FDBA9BFF 
  66      56E9
  67 01df CF2C5B70 		.ascii	"\317,[p\005\021F(%w\246\272\\\267\012\317\325a4\005"
  67      05114628 
  67      2577A6BA 
  67      5CB70ACF 
  67      D5613405 
  68 01f3 256D1979 		.ascii	"%m\031yfXAA4\320\023\235\204\026\220\223ehN\245\\Zj"
  68      66584141 
ARM GAS  /tmp/ccGNDX7b.s 			page 5


  68      34D0139D 
  68      84169093 
  68      65684EA5 
  69 020a B6269960 		.ascii	"\266&\231`\015t\356-\270?\255\306\375\374\306|%\313"
  69      0D74EE2D 
  69      B83FADC6 
  69      FDFCC67C 
  69      25CB
  70 021c 877DDDEA 		.ascii	"\207}\335\3520\203\237\221\037a6\214|\225\361\177C\337"
  70      30839F91 
  70      1F61368C 
  70      7C95F17F 
  70      43DF
  71 022e 5CE58357 		.ascii	"\\\345\203W0\377\022\316@\340ZZ\232A\262\305\242\213"
  71      30FF12CE 
  71      40E05A5A 
  71      9A41B2C5 
  71      A28B
  72 0240 21EE3ABE 		.ascii	"!\356:\276\015,T\003RK\031\220\251D+-\035\032\313\250"
  72      0D2C5403 
  72      524B1990 
  72      A9442B2D 
  72      1D1ACBA8 
  73 0254 52052457 		.ascii	"R\005$W\307\260^\027\355 k\346\262\033\256\377o\356"
  73      C7B05E17 
  73      ED206BE6 
  73      B21BAEFF 
  73      6FEE
  74 0266 EB7043E7 		.ascii	"\353pC\347.\223\334\277\373\243g\316H\016\243SZ\263"
  74      2E93DCBF 
  74      FBA367CE 
  74      480EA353 
  74      5AB3
  75 0278 9B2A7BDD 		.ascii	"\233*{\335m\277$\331?\250, \205V\272\361\263\002\223"
  75      6DBF24D9 
  75      3FA82C20 
  75      8556BAF1 
  75      B30293
  76 028b 5D6BDDB5 		.ascii	"]k\335\265GH]_T\214\220\262\021_\020n~\035\370\304\360"
  76      47485D5F 
  76      548C90B2 
  76      115F106E 
  76      7E1DF8C4 
  77 02a0 D75E1B17 		.ascii	"\327^\033\027c\220OW8p+fu1\252(\330\303\255\001\271"
  77      63904F57 
  77      38702B66 
  77      7531AA28 
  77      D8C3AD01 
  78 02b5 E683C675 		.ascii	"\346\203\306upg\030L\\w\006\227\343\360c+A\242\325$"
  78      7067184C 
  78      5C770697 
  78      E3F0632B 
  78      41A2D524 
  79 02c9 CDD748AA 		.ascii	"\315\327H\252\032\250\362\314\245\024\177\235.M\257"
  79      1AA8F2CC 
  79      A5147F9D 
  79      2E4DAF
ARM GAS  /tmp/ccGNDX7b.s 			page 6


  80 02d8 AEC02D4D 		.ascii	"\256\300-MQ\227`\236Q\227\321;:0d&\241\215$\372y\177"
  80      5197609E 
  80      5197D13B 
  80      3A306426 
  80      A18D24FA 
  81 02ee 76329394 		.ascii	"v2\223\224\001\270\315q8\201\205C\232\350ZE\367\211"
  81      01B8CD71 
  81      38818543 
  81      9AE85A45 
  81      F789
  82 0300 B7C0DD79 		.ascii	"\267\300\335y\005w\027y\206\020O\320\037]>\262QES\016"
  82      05771779 
  82      86104FD0 
  82      1F5D3EB2 
  82      5145530E 
  83 0314 C5E29387 		.ascii	"\305\342\223\2076\213\341\204\3246\252\014\261\300="
  83      368BE184 
  83      D436AA0C 
  83      B1C03D
  84 0323 195026A0 		.ascii	"\031P&\240lH\353\225\242<\345\373\305z\230\202?\225"
  84      6C48EB95 
  84      A23CE5FB 
  84      C57A9882 
  84      3F95
  85 0335 5A90DE70 		.ascii	"Z\220\336p`\374\375$iUP\365Q{\366\325tK\362\215\333"
  85      60FCFD24 
  85      695550F5 
  85      517BF6D5 
  85      744BF28D 
  86 034a 807B9C0D 		.ascii	"\200{\234\015\267uN\337`\335*\256P\001\254\344\252="
  86      B7754EDF 
  86      60DD2AAE 
  86      5001ACE4 
  86      AA3D
  87 035c 8514696F 		.ascii	"\205\024io\201wx\221\353\354\314'\277\217\273\362\273"
  87      81777891 
  87      EBECCC27 
  87      BF8FBBF2 
  87      BB
  88 036d 76ECE117 		.ascii	"v\354\341\027\017\373v'\223\316\217\004\035\370d?\355"
  88      0FFB7627 
  88      93CE8F04 
  88      1DF8643F 
  88      ED
  89 037e EDDA29BB 		.ascii	"\355\332)\273\366\313\003\237\376\003\325\217\276\007"
  89      F6CB039F 
  89      FE03D58F 
  89      BE07
  90              		.text
  91              		.section	.gnu.lto_osalThreadDequeueAllI.d59b67ef958184b1,"",%progbits
  92 0000 789C8554 		.ascii	"x\234\205TmO\034U\024\276g\316\274\261/,\255\306\230"
  92      6D4F1C55 
  92      14BE67CE 
  92      BCB12F2C 
  92      ADC698
  93 0013 94181225 		.ascii	"\224\030\022%\2441a\223\306\017&\376\032\333\017\326"
  93      A4316193 
ARM GAS  /tmp/ccGNDX7b.s 			page 7


  93      C60F26FE 
  93      1ADB0FD6 
  94 0023 4469153E 		.ascii	"Di\025>\273\003\013,F\213\206\024L\226\261\031[\033"
  94      BB030B2C 
  94      468B8614 
  94      4C96B119 
  94      5B1B
  95 0035 9A546D49 		.ascii	"\232TmIa\267\273\224vX\260E\344\255\264e\253n\366C\211"
  95      61B7BB94 
  95      7658B045 
  95      E4ADB465 
  95      AB6EF643 
  96 004a AB209234 		.ascii	"\253 \2224!\233X\355\3529\367N\355\026I\234\354\316"
  96      219B58ED 
  96      EA39F74E 
  96      ED16499C 
  96      ECCE
  97 005c DCB9F73C 		.ascii	"\334\271\367<\347y\316s\356\\S\010\0211\205x\215\236"
  97      E779CE73 
  97      EE5C5308 
  97      11318578 
  97      8D9E
  98 006e 47E90FB6 		.ascii	"G\351\017\266\000\355\323e!\272m\015L5@M_\211\012'd"
  98      00EDD365 
  98      21BA6D0D 
  98      4C35404D 
  98      5F890A27 
  99 0083 CCF84238 		.ascii	"\314\370B8\021\035\0145o\250\200\031\333\324p\242@K"
  99      111D0C35 
  99      6FA88019 
  99      DBD470A2 
  99      404B
 100 0095 21AB14A6 		.ascii	"!\253\024\246\000\013\200\347\035\033DBC\3350-Hh\304"
 100      000B80E7 
 100      1D1B4442 
 100      43DD302D 
 100      4868C4
 101 00a8 A1AE8FF1 		.ascii	"\241\256\217\3614B!U\311i\207\307\034\272\374\317v\315"
 101      34422155 
 101      C96987C7 
 101      1CBAFCCF 
 101      76CD
 102 00ba 7EA7EF45 		.ascii	"~\247\357E\027\205\030A\025\003W\3400E\335\356\275\354"
 102      17851841 
 102      150357E0 
 102      3045DDEE 
 102      BDEC
 103 00cc E247E822 		.ascii	"\342G\350\"\200N\257\017\227\322\033\215\374\252A\013"
 103      804EAF0F 
 103      97D21B8D 
 103      FCAA410B 
 104 00dc BD9646CB 		.ascii	"\275\226F\313\265\006|\031\004\215\373\312\305\253\341"
 104      B5067C19 
 104      048DFBCA 
 104      C5ABE1
 105 00eb B6F38ED3 		.ascii	"\266\363\216\323\343\370\333\347\321y\305E\204\014 "
 105      E3F8DBE7 
ARM GAS  /tmp/ccGNDX7b.s 			page 8


 105      D179C545 
 105      840C20
 106 00fa 25844968 		.ascii	"%\204Ih\206\011h\0264% \013m\024\276x9W\324\261MB\207"
 106      86096816 
 106      3425200B 
 106      6D14BE78 
 106      3957D4B1 
 107 0111 33C90BC8 		.ascii	"3\311\013\310P\22227&\241:\\\335\013\325\005\344\240"
 107      50923237 
 107      26A13A5C 
 107      DD0BD505 
 107      E4A0
 108 0123 8DE3B3E9 		.ascii	"\215\343\263\351\232\257\343\253\022[\033\\\370-\324"
 108      9AAFE3AB 
 108      125B1B5C 
 108      F82DD4
 109 0132 7A4E6277 		.ascii	"zNbwF\017~\221t\346\035\335E\003\362\317\342\371\242"
 109      460F7E91 
 109      74E61DDD 
 109      4503F2CF 
 109      E2F9A2
 110 0145 F0FED3AB 		.ascii	"\360\376\323\253\3436\306%t\363\372N\306f()\256\214"
 110      E336C625 
 110      74F3FA4E 
 110      C6662829 
 110      AE8C
 111 0157 369F0DA0 		.ascii	"6\237\015\240&\\\333\027:\364\325j\321\304#\022\232"
 111      265CDB17 
 111      3AF4D56A 
 111      D1C42312 
 111      9A
 112 0168 BA73311F 		.ascii	"\272s1\037\016\240\345\321\246'P\013\256\357\013}0^"
 112      0EA0E5D1 
 112      A627500B 
 112      AEEF0B7D 
 112      305E
 113 017a 1B8E9A3A 		.ascii	"\033\216\232:\334\200V\230\246\377\024\264zO\274\006"
 113      DC805698 
 113      A6FF14B4 
 113      7A4FBC06 
 114 018a 1F4C0142 		.ascii	"\037L\001B`\375\352\2455\303wj\177\247\034\177\375\320"
 114      60FDEAA5 
 114      35C3776A 
 114      7FA71C7F 
 114      FDD0
 115 019c E389DD03 		.ascii	"\343\211\335\003M@\006X\232\340uJO\021\272\274S\237"
 115      4D400658 
 115      9AE0754A 
 115      4F11BABC 
 115      539F
 116 01ae C94EDA30 		.ascii	"\311N\3320\204\015\311\231\210\274G\201\275\212\311"
 116      840DC999 
 116      88BC4781 
 116      BD8AC9
 117 01bd 78210688 		.ascii	"x!\006\210\247\024v|\361!j4H\372b\013z\036\245\246\263"
 117      A714767C 
 117      F1216A34 
ARM GAS  /tmp/ccGNDX7b.s 			page 9


 117      48FA620B 
 117      7A1EA5A6 
 118 01d2 1E307B1A 		.ascii	"\0360{\032m\3228\322WX\261\270\265(+\274VX\272izp\246"
 118      6DD238D2 
 118      5758B1B8 
 118      B5282BBC 
 118      5658BA69 
 119 01e9 9B8CF52A 		.ascii	"\233\214\365*Lo\247\251\276\031.\212\226\357\246\356"
 119      4C6FA7A9 
 119      BE192E8A 
 119      96EFA6EE 
 120 01f9 97C3F1AF 		.ascii	"\227\303\361\257\331\366\026\027\033\240\000\036\014"
 120      D9F61617 
 120      1BA0001E 
 120      0C
 121 0206 6350EEC5 		.ascii	"cP\356\305\245\255\262\231x\314\213^\006\330\226Y\210"
 121      A5ADB299 
 121      78CC8B5E 
 121      06D89659 
 121      88
 122 0217 53A57390 		.ascii	"S\245s\220\020\025\350\361\316JZ\326L\324\244\245\220"
 122      1015E8F1 
 122      CE4A5AD6 
 122      4CD4A4A5 
 122      90
 123 0228 DFBCB111 		.ascii	"\337\274\261\021H\011\325K\261\376+\245\203\2244\260"
 123      4809D54B 
 123      B1FE2BA5 
 123      839434B0 
 124 0238 926F0325 		.ascii	"\222o\003%\353\331|6JJz\273YI\010nJ%\300\316\336\"V"
 124      EBD97C36 
 124      4A4A7ABB 
 124      5949086E 
 124      4A25C0CE 
 125 024f E67B49D2 		.ascii	"\346{I\322M1]\210\351v\177\235\3370yno\362\027\376'"
 125      4D315D88 
 125      E9767F9D 
 125      DF30796E 
 125      6FF217FE 
 126 0264 F7FCD3DC 		.ascii	"\367\374\323\334\337A\234\002.m\347\376\210\262\322"
 126      DF419C02 
 126      2E6DE7FE 
 126      88B2D2
 127 0273 30085820 		.ascii	"0\010X \024\323\215\015\312\344\354}}1\021YL.\267\375"
 127      14D38D0D 
 127      CAE4EC7D 
 127      7D311159 
 127      4C2EB7FD 
 128 0287 9345DED8 		.ascii	"\223E\336\3304\341q*\232\233H>\034j$\015dU\024\026!"
 128      34E1712A 
 128      9A9B483E 
 128      1C6A240D 
 128      64551416 
 129 029c 01DF07FC 		.ascii	"\001\337\007\374\231[\245?m\345\262\327\341b#,I\001"
 129      995BA53F 
 129      6DE5B2D7 
 129      E162232C 
ARM GAS  /tmp/ccGNDX7b.s 			page 10


 129      4901
 130 02ae 9AB2F9C2 		.ascii	"\232\262\371\302\374\251+\215\224j\200V\217\272\030"
 130      FCA92B8D 
 130      946A8056 
 130      8FBA18
 131 02bd 8365E9F2 		.ascii	"\203e\351\362\012\271,\250\325(\350DP\275\316o.nX\312"
 131      0AB92CA8 
 131      D528E844 
 131      50BDCE6F 
 131      2E6E58CA 
 132 02d1 5FA89764 		.ascii	"_\250\227d\356\357oS\232\276\357\325};}\000nK\011\250"
 132      EEEF6F53 
 132      9ABEEFD5 
 132      7D3B7D00 
 132      6E4B09A8 
 133 02e5 247CF37B 		.ascii	"$|\363{\317\262\036\010\374\200\373\265\006\361a\372"
 133      CFB21E08 
 133      FC80FBB5 
 133      06F161FA 
 134 02f5 5249C61D 		.ascii	"RI\306\035\022\3633\364\3768;\027t\026\270\331BJ\323"
 134      12F333F4 
 134      FE383B17 
 134      7416B8D9 
 134      424AD3
 135 0308 C582DA85 		.ascii	"\305\202\332\205\311\221\376SS\307\325z$\215|\304L\246"
 135      C991FE53 
 135      53C7D57A 
 135      248D7CC4 
 135      4CA6
 136 031a 16C7432C 		.ascii	"\026\307C,\316\000\200\273\312\322\226\247\015\214\210"
 136      CE0080BB 
 136      CAD296A7 
 136      0D8C88
 137 0329 6DE8F37E 		.ascii	"m\350\363~\031\224\345\3541\364\340\010\033\012\367"
 137      1994E5EC 
 137      31F4E008 
 137      1B0AF7
 138 0338 C800AA20 		.ascii	"\310\000\252 \215Q\027\237\223|F`E\0054\241\322 \223"
 138      8D51179F 
 138      937C4660 
 138      450534A1 
 138      D22093
 139 034b BBFD936F 		.ascii	"\273\375\223o(\356\030\305\363\361\366\327\347\331\006"
 139      28EE18C5 
 139      F3F1F6D7 
 139      E7D906
 140 035a 75DA3D0F 		.ascii	"u\332=\017\353\365\334\323\014\212\011Q\005$\231H\371"
 140      EBF5DCD3 
 140      0C8A0951 
 140      05249948 
 140      F9
 141 036b 237ABABA 		.ascii	"#z\272\272\012\224\334\024t\324>\223\\Wc\211\321\330"
 141      0A94DC14 
 141      74D43E93 
 141      5C576389 
 141      D1D8
 142 037d 84E5D975 		.ascii	"\204\345\331u\367\210b\322\353\3757h\327\024\3251Q\005"
ARM GAS  /tmp/ccGNDX7b.s 			page 11


 142      F78862D2 
 142      EBFD3768 
 142      D714D531 
 142      5105
 143 038f 1650EC2E 		.ascii	"\026P\354.>\200\300\317\261\301C\324r\332#\3776\374"
 143      3E80C0CF 
 143      B1C143D4 
 143      72DA23FF 
 143      36FC
 144 03a1 CCD0974E 		.ascii	"\314\320\227N\254\276\341\367e\303\177\240\263}\215"
 144      ACBEE1F7 
 144      65C37FA0 
 144      B37D8D
 145 03b0 DC8D198F 		.ascii	"\334\215\031\217\252\257WA\247]\256m\235\240\032\015"
 145      AAAF5741 
 145      A75DAE6D 
 145      9DA01A0D 
 146 03c0 AEDD525F 		.ascii	"\256\335R_\374\016m\314s\237\310V\310&\014\220U\245"
 146      FC0E6DCC 
 146      739FC856 
 146      C8260C90 
 146      55A5
 147 03d2 30256E69 		.ascii	"0%nio\217\253\337\211\316\370\3617\337\241\007\335:"
 147      6F8FABDF 
 147      89CEF8F1 
 147      37DFA107 
 147      DD3A
 148 03e4 DE5683F6 		.ascii	"\336V\203\366c\002\273\336;\211\357v\276\205\307:\272"
 148      6302BBDE 
 148      3B89EF76 
 148      BE85C73A 
 148      BA
 149 03f5 B4AEF7B5 		.ascii	"\264\256\367\265\316\223\377\000'$\001\215"
 149      CE93FF00 
 149      2724018D 
 150              		.text
 151              		.section	.gnu.lto_.symbol_nodes.d59b67ef958184b1,"",%progbits
 152 0000 789C6363 		.ascii	"x\234cc``\360\007b\006\246\267\014\365\014\014\023\316"
 152      6060F007 
 152      6206A6B7 
 152      0CF50C0C 
 152      13CE
 153 0012 3180A85D 		.ascii	"1\200\250]\015\216\014\014\254\357\031\030\024@2\357"
 153      0D8E0C0C 
 153      ACEF1918 
 153      144032EF 
 154 0022 18EA1951 		.ascii	"\030\352\031Qd\030?0\3243\201E\030\030\032\032\034\030"
 154      64183F30 
 154      D4338145 
 154      18181A1A 
 154      1C18
 155 0034 18988170 		.ascii	"\030\230\201p\311\361sl\314L\314\014O\332\356\3113\000"
 155      C9F1736C 
 155      CC4CCC0C 
 155      4FDAEEC9 
 155      3300
 156 0046 00128013 		.ascii	"\000\022\200\023\274"
ARM GAS  /tmp/ccGNDX7b.s 			page 12


 156      BC
 157              		.text
 158              		.section	.gnu.lto_.refs.d59b67ef958184b1,"",%progbits
 159 0000 789C6363 		.ascii	"x\234cc``\340\006bF\006&FVF&&F\001\006\000\001\255\000"
 159      6060E006 
 159      62460626 
 159      46564626 
 159      26460106 
 160 0018 31       		.ascii	"1"
 161              		.text
 162              		.section	.gnu.lto_.decls.d59b67ef958184b1,"",%progbits
 163 0000 789CBD58 		.ascii	"x\234\275XkPTG\026\276}{\030\206\001\301\005\342\272"
 163      6B505447 
 163      16BE7D7B 
 163      188601C1 
 163      05E2BA
 164 0013 B5D4AEE5 		.ascii	"\265\324\256\345b9\265)\0301\017\263U\331\224)\223J"
 164      6239B529 
 164      18310FB3 
 164      55D99429 
 164      934A
 165 0025 B25BC956 		.ascii	"\262[\311V\345\361gk7\0232N\002\011\257\314\014\211"
 165      E5F1676B 
 165      3713324E 
 165      0209AFCC 
 165      0C89
 166 0037 A9ADDDBD 		.ascii	"\251\255\335\275\274DP\003\370B\020\225\207J\210\340"
 166      BC445003 
 166      F8421095 
 166      874A88E0 
 167 0047 03F081A0 		.ascii	"\003\360\201\240\002\012\242<\024\020\021\030`T\004"
 167      020AA23C 
 167      14101118 
 167      605404
 168 0056 04150405 		.ascii	"\004\025\004\005\037\010{\272\373\016\367\0023\321\335"
 168      1F087BBA 
 168      FB0EF702 
 168      33D1DD
 169 0065 1F7B6BFA 		.ascii	"\037{k\372\336{\272O\237\357\234\323\247O\237;J\216"
 169      DE7BBA4F 
 169      9FEF9CD3 
 169      A74F9F3B 
 169      4A8E
 170 0077 E3F0AF38 		.ascii	"\343\360\2578n\000s\334g\210\343\246\340\202W\256\002"
 170      6E0073DC 
 170      6788E3A6 
 170      E08257AE 
 170      02
 171 0088 9A025A13 		.ascii	"\232\002Z\023\264\026h\032\030\253\342\330E\306\337"
 171      B416681A 
 171      18ABE2D8 
 171      45C6DF
 172 0097 007A25B4 		.ascii	"\000z%\264\267\241\301\217\373\024q3\256\177\362\034"
 172      B7A1C18F 
 172      FB147133 
 172      AE7FF21C 
 173 00a7 F70B787E 		.ascii	"\367\013x~\006\315\023\232\267L\326\240(O\011\317K\320"
ARM GAS  /tmp/ccGNDX7b.s 			page 13


 173      06CD139A 
 173      B74CD6A0 
 173      284F09CF 
 173      4BD0
 174 00b9 2E704CF6 		.ascii	".pL\366\357\241\357w\320>\202\246CL\237\267\2409\301"
 174      EFA1EF77 
 174      D03E82A6 
 174      434C9FB7 
 174      A039C1
 175 00cc 581DB46A 		.ascii	"X\035\264jh\376@/\201\366\0114^\324\343m\361=\034\315"
 175      68FE402F 
 175      81F60934 
 175      5ED4E36D 
 175      F13D1CCD 
 176 00e0 D5238A67 		.ascii	"\325#\212g\330\366\3648+\35218K\017\242W\004\364\377"
 176      D8F6F438 
 176      2BEA3138 
 176      4B0FA257 
 176      04F4FF
 177 00f3 4DA68B4D 		.ascii	"M\246\213M7{:\021]lz\021=V\312t\372\316\216N[0j\214"
 177      377B3A11 
 177      5D6C7A11 
 177      3D56CA74 
 177      FACE8E4E 
 178 010b 3D9481D7 		.ascii	"=\224\201\327c\344\251F\012 \357\325\247\337p\007\322"
 178      63E4A946 
 178      0A20EFD5 
 178      A7DF7007 
 178      D2
 179 011c 5B8D1601 		.ascii	"[\215\026\001\231\264g\335f%\346\021\341<W\225\236\347"
 179      99B467DD 
 179      6625E611 
 179      E13C5795 
 179      9EE7
 180 012e EA9F2FB0 		.ascii	"\352\237/\260K\365'\016\035A\330&f\364h\357>\027\374"
 180      4BF5270E 
 180      1D41D826 
 180      66F468EF 
 180      3E17FC
 181 0141 2265FC31 		.ascii	"\"e\3741\252\330\013k\351\353\261\364\311r\005\376#"
 181      AAD80B6B 
 181      E9EBB1F4 
 181      C97205FE 
 181      23
 182 0152 7D8FDB58 		.ascii	"}\217\333X\220\252\006\321J5\"k\353\014]=\303\217\217"
 182      90AA06D1 
 182      4A35226B 
 182      EB0C5D3D 
 182      C38F8F
 183 0165 2A581791 		.ascii	"*X\027\221\271\006\272v\246Y\016\273\3437\311\014\376"
 183      B906BA76 
 183      A6590EBB 
 183      E337C90C 
 183      FE
 184 0176 54F3F1D8 		.ascii	"T\363\361\330yH\243\336G\006\313\273\323^M\033\026\204"
 184      7948A3DE 
 184      4706CBBB 
ARM GAS  /tmp/ccGNDX7b.s 			page 14


 184      D35E4D1B 
 184      1684
 185 0188 45E81452 		.ascii	"E\350\024R\2432\204\321Q\344\017\3400\031\356\353\010"
 185      A33284D1 
 185      51E40FE0 
 185      3019EEEB 
 185      08
 186 0199 4B668CE0 		.ascii	"Kf\214\340\362.\207\212\221\017*B>\034:\2114D4\341C"
 186      F22E878A 
 186      910F2A42 
 186      3E1C3A89 
 186      344434E1 
 187 01ae A5D07902 		.ascii	"\245\320y\002:\001b\344\321p\261\0027#\212Q\264yb\273"
 187      3A0162E4 
 187      D170B102 
 187      37238A51 
 187      B47962BB 
 188 01c2 BB8451BA 		.ascii	"\273\204Q\272\374H\234 \360\250\0020NK\030\000\351\010"
 188      FC489C20 
 188      F0A80230 
 188      4E4B1800 
 188      E908
 189 01d4 A4DC3EC8 		.ascii	"\244\334>\3105\341I\232\033n\245\256\343wTf\027\361"
 189      35E1499A 
 189      1B6EA5AE 
 189      E3775466 
 189      17F1
 190 01e6 D320431D 		.ascii	"\323 C\035\232\324x\002r\026@*%\220\012\307 g\354\203"
 190      9AD47802 
 190      7216402A 
 190      25900AC7 
 190      2067EC83 
 191 01fa 9C7A3AB5 		.ascii	"\234z:\265\325I\0153\242\236s\006\376\2410\272\234G"
 191      D5490D33 
 191      A29E7306 
 191      FEA130BA 
 191      9C47
 192 020c BE5E9A6C 		.ascii	"\276^\232l!6J(\357\033\320\\m\357\027\204Mn\250\012"
 192      21364A28 
 192      EF1BD05C 
 192      6DEF1784 
 192      4D6EA80A 
 193 0220 94290165 		.ascii	"\224)\001e\316!/I\212\326\007\364\012\200\033\227\""
 193      CE212F49 
 193      8AD607F4 
 193      0A801B97 
 193      22
 194 0231 AA252085 		.ascii	"\252% \205\014\345\2708\001`P\015 V#_\032\021\314\320"
 194      0CE5B838 
 194      0160500D 
 194      2056235F 
 194      1A11CCD0 
 195 0245 86ABF3A3 		.ascii	"\206\253\363\243`\002\341\340D#\305piN\260nt\305E\230"
 195      6002E1E0 
 195      4423C570 
 195      694EB06E 
 195      74C54598 
ARM GAS  /tmp/ccGNDX7b.s 			page 15


 196 0259 7AE772DB 		.ascii	"z\347r\333\306V%\362\322\330\207\250\005\261\216!z/"
 196      C65625F2 
 196      D2D887A8 
 196      05B18E21 
 196      7A2F
 197 026b FA9009E8 		.ascii	"\372\220\011\350\002p\234\227\\I\020\011\020\256\331"
 197      02709C97 
 197      5C491009 
 197      10AED9
 198 027a 3A7053C5 		.ascii	":pS\305\354%\354SC\213\312\232\230\275d\3061\230Q\377"
 198      EC25EC53 
 198      438BCA9A 
 198      98BD64C6 
 198      319851FF 
 199 028e 5FD8CB51 		.ascii	"_\330\313Qn\242I\003hR7C\223\311ROjl\375\034cOl-\273"
 199      6EA24903 
 199      68523743 
 199      93C9524F 
 199      6A6CFD1C 
 200 02a7 A3C25666 		.ascii	"\243\302Vf\354\350\361\335\315\316\016\215m\004\261"
 200      ECE8F1DD 
 200      CDCE0E8D 
 200      6D04B1
 201 02b6 8E211ACA 		.ascii	"\216!\032\312\224\260\361\320%`\270(\331Z/\332\212\366"
 201      94B0F1D0 
 201      2560B828 
 201      D95A2FDA 
 201      8AF6
 202 02c8 6FDDB5DA 		.ascii	"o\335\265\332-Q\020\242Y0P>I\363&\344F$\221'\360\266"
 202      2D5110A2 
 202      5930503E 
 202      49F326E4 
 202      46249127 
 203 02de 6E68EE50 		.ascii	"nh\356P\342a\246\323\261Z\313\023,\013\317E,<[ \"\232"
 203      E261A6D3 
 203      B15ACB13 
 203      2C0BCF45 
 203      2C3C5B20 
 204 02f4 9F2B3C2F 		.ascii	"\237+</\333\01162\035\200\232\206\353v\272\262\3742"
 204      DB093632 
 204      1D809A86 
 204      EB76BAB2 
 204      FC32
 205 0306 1FC8F4D2 		.ascii	"\037\310\364\322\373\027\234\030\251\002\322\362\303"
 205      FB179C18 
 205      A902D2F2 
 205      C3
 206 0313 969BEE78 		.ascii	"\226\233\356x\214\252\201:k\362\366\223T\264\224%\010"
 206      8CAA813A 
 206      6BF2F693 
 206      54B49425 
 206      08
 207 0324 0FE83A78 		.ascii	"\017\350:x\273\344\321<\326E8\232\222F\3668\343I\246"
 207      BBE4D13C 
 207      D645389A 
 207      9246F638 
 207      E349A6
ARM GAS  /tmp/ccGNDX7b.s 			page 16


 208 0337 7577DB13 		.ascii	"uw\333\023\213;Rk\326M[,\323\250\0234Z*j\324\016\235"
 208      8B3B526B 
 208      D64D5B2C 
 208      D3A81334 
 208      5A2A6AD4 
 209 034d 6DD0C9CC 		.ascii	"m\320\311\314\353H{#M\020\346#\013X\327!Y\267T\315\234"
 209      EB487B23 
 209      4D10E623 
 209      0B58D721 
 209      59B754CD 
 210 0362 98B72725 		.ascii	"\230\267'%[\211\023\024\024\242t\307\315*\336\021\204"
 210      5B891314 
 210      14A274C7 
 210      CD2ADE11 
 210      84
 211 0373 D5214477 		.ascii	"\325!Dw\351\342j\232E\272\001\243K\302\260 \021$\351"
 211      E9E26A9A 
 211      45BA01A3 
 211      4BC2B020 
 211      1124E9
 212 0386 48C78407 		.ascii	"H\307\204\007\336\304@\342.\036\275\345\020\344\206"
 212      DEC440E2 
 212      2E1EBDE5 
 212      10E486
 213 0395 4390A10E 		.ascii	"C\220\241\016\337\355\227I:\274\016 \327$\220n\033\310"
 213      DFED9749 
 213      3ABC0E20 
 213      D724906E 
 213      1BC8
 214 03a7 910BB9F5 		.ascii	"\221\013\271\365J\222\034b\236K*\314xbMZ\247\302\031"
 214      4A921C62 
 214      9E4B2ACC 
 214      78624D5A 
 214      A7C219
 215 03ba 542D74CD 		.ascii	"T-t\315r\356\220;\336\315\210\352\244\330\015j\274\217"
 215      72EE903B 
 215      DECD88EA 
 215      A4D80D6A 
 215      BC8F
 216 03cc 29FCA0F1 		.ascii	")\374\240\361v\232\322\221\302\267\034*\334\220\352"
 216      769AD291 
 216      C2B71C2A 
 216      DC90EA
 217 03db 4CA2B71F 		.ascii	"L\242\267\037\324\355\263\243nN\362\203L\025.dx\007"
 217      D4EDB3A3 
 217      6E4EF283 
 217      4C152E64 
 217      7807
 218 03ed D25A0457 		.ascii	"\322Z\004Wy,_\230\021\313\203,\226\2011>\341\360\240"
 218      792C5F98 
 218      11CB832C 
 218      9681313E 
 218      E1F0A0
 219 0400 1A1F63B3 		.ascii	"\032\037c\263\352\312\023\016\252q\251H\034*iU\340\223"
 219      EACA130E 
 219      AA71A948 
 219      1C2A6955 
ARM GAS  /tmp/ccGNDX7b.s 			page 17


 219      E093
 220 0412 8CE8DC39 		.ascii	"\214\350\33494\252\300\025\2148\030\327\223\247\202"
 220      34AAC015 
 220      8C3818D7 
 220      93A782
 221 0421 A0F28138 		.ascii	"\240\362\2018C\262 \363aAV\\>Z\240\300\347\230\255\207"
 221      43B220F3 
 221      6141565C 
 221      3E5AA0C0 
 221      E798AD87 
 222 0435 0B7ABE92 		.ascii	"\013z\276\222\235@\376qtg\334\007\033F$\033|\304\215"
 222      9D40FE71 
 222      7467DC07 
 222      1B46241B 
 222      7CC48D
 223 0448 112D0839 		.ascii	"\021-\0109\002^\310\241\227|\3202\360\305(\370\302G"
 223      025EC8A1 
 223      977CD032 
 223      F0C528F8 
 223      C247
 224 045a F4C53D50 		.ascii	"\364\305=P~\230\2719o\367\217g\347\341F\006\320U0\324"
 224      7E98B939 
 224      6FF78F67 
 224      E7E14606 
 224      D05530D4 
 225 046e 8065E7CF 		.ascii	"\200e\347\317\342\"\0329\343\200\360@B\270\217\034@"
 225      E2221A39 
 225      E380F040 
 225      42B88F1C 
 225      40
 226 047f 8CD987D8 		.ascii	"\214\331\207\330s\346`\2433nc\020m\017j7\313O\237\327"
 226      73E660A3 
 226      336E6310 
 226      6D0F6A37 
 226      CB4F9FD7 
 227 0493 B751231E 		.ascii	"\267Q#\036\003\304C\011b\334\021\304#\373\020\211\347"
 227      03C44309 
 227      62DC11C4 
 227      23FB1089 
 227      E7
 228 04a4 7BB23DF0 		.ascii	"{\262=\360u\346R[\331\340\311\312\206\273\2617\255\342"
 228      75E6525B 
 228      D9E0C9CA 
 228      86BBB137 
 228      ADE2
 229 04b6 A65F08A4 		.ascii	"\246_\010\2445\272\272Y\205\373\030\353n\313\275\002"
 229      35BABA59 
 229      85FB18EB 
 229      6ECBBD02 
 230 04c6 673CC854 		.ascii	"g<\310T\2732\325\337\257Fn\032\331J\177\266@\012\246"
 230      BB32D5DF 
 230      AF466E1A 
 230      D94A7FB6 
 230      400AA6
 231 04d9 285E8374 		.ascii	"(^\203tn\242\206L\375\276]\270\376\006\350\257@\002"
 231      6EA2864C 
 231      FDBE5DB8 
ARM GAS  /tmp/ccGNDX7b.s 			page 18


 231      FE06E8AF 
 231      4002
 232 04eb EF06EB37 		.ascii	"\357\006\3537\255\277\316\215E\304\275\273\227'\346"
 232      ADBFCE8D 
 232      45C4BDBB 
 232      9727E6
 233 04fa E10C270A 		.ascii	"\341\014'\012&<:\325\256\304\231\214\350\330\372\320"
 233      263C3AD5 
 233      AEC4998C 
 233      E8D8FAD0 
 234 050a EA827318 		.ascii	"\352\202s\030Q\323\262\376\264\002\357cDn\255Up\302"
 234      51D3B2FE 
 234      B402EF63 
 234      446EAD55 
 234      70C2
 235 051c 798C284B 		.ascii	"y\214(K\254\235P\341|F\244\237\210\217V\343\203\214"
 235      AC9D50E1 
 235      7C46A49F 
 235      888F56E3 
 235      838C
 236 052e D83F359A 		.ascii	"\330?5\232\344\206\013\031\361\260\2541\233g6\372\002"
 236      E4860B19 
 236      F1B0AC31 
 236      9B6736FA 
 236      02
 237 053f F953F9FA 		.ascii	"\371S\371\372\032\314\012\247L\036\350\256\003\223e"
 237      1ACC0AA7 
 237      4C1EE8AE 
 237      039365
 238 054e 4A7C8AF2 		.ascii	"J|\212\362\272\326\305\325\305\303)\304./\215\257o6"
 238      BAD6C5D5 
 238      C5C329C4 
 238      2E2F8DAF 
 238      6F36
 239 0560 B1B7FCE2 		.ascii	"\261\267\374\342q\274+/q\243\220Y\211\2505\223`\315"
 239      71BC2B2F 
 239      71A39059 
 239      89A83593 
 239      60CD
 240 0572 165E761C 		.ascii	"\026^v\034=\245\321^L\356\034\233\362\370\335t\241<"
 240      3DA5D15E 
 240      4CEE1C9B 
 240      F2F8DD74 
 240      A13C
 241 0584 1653F675 		.ascii	"\026S\366u\374,v\351\364b\314\225\357I\314\361v\231"
 241      FC2C76E9 
 241      F462CC95 
 241      EF49CCF1 
 241      7699
 242 0596 E5A29B64 		.ascii	"\345\242\233d\334q\263\271[\347hr]\306\0363\233\375"
 242      DC71B3B9 
 242      5BE76872 
 242      5DC61E33 
 242      9BFD
 243 05a8 CA5CC565 		.ascii	"\312\\\305e\354\033f\263O\240Y\232\017\310\270\243g"
 243      EC1B66B3 
 243      4FA0599A 
ARM GAS  /tmp/ccGNDX7b.s 			page 19


 243      0FC8B8A3 
 243      67
 244 05b9 733F4533 		.ascii	"s?E3O\351d\201\235\242\353y\037\224\310\003C\2028\203"
 244      4FE96481 
 244      9DA2EB79 
 244      1F94C803 
 244      43823883 
 245 05cd 9CA25B21 		.ascii	"\234\242[!\204~\340}Q\022\264Th\311\320\266AK\201\266"
 245      847EE07D 
 245      5112B454 
 245      68C9D0B6 
 245      414B81B6 
 246 05e1 19DA4668 		.ascii	"\031\332Fh\233\370\031%\305)V\265\200\004\371A\316\024"
 246      9BF81925 
 246      C52956B5 
 246      8004F941 
 246      CE14
 247 05f3 EB3AEF99 		.ascii	"\353:\357\231\035#\324,\243\232\305\3327[f\307\005\231"
 247      1D23D42C 
 247      A39AC5DA 
 247      375B66C7 
 247      0599
 248 0605 1D6BEDFB 		.ascii	"\035k\355\373\224rC\300\354Mk\212w\306w\234X\345;\271"
 248      947243C0 
 248      EC4D6B8A 
 248      77C6779C 
 248      58E53BB9 
 249 0619 23478134 		.ascii	"#G\2014^b\314\017\274\336\360\220\244\372t\230\276\235"
 249      5E62CC0F 
 249      BCDEF090 
 249      A4FA7498 
 249      BE9D
 250 062b 9F0E79A2 		.ascii	"\237\016y\242\241#\037\244\201\335\377\213\017@\223"
 250      A1231FA4 
 250      81DDFF8B 
 250      0F4093
 251 063a F1D44B1B 		.ascii	"\361\324K\033\220<\371\246\363\362\344\273\203\267%"
 251      903CF9A6 
 251      F3F2E4BB 
 251      83B725
 252 0649 DF812D69 		.ascii	"\337\201-i\303\010\217\261\375pob\3471\027\266\037\274"
 252      C3088FB1 
 252      FD706F62 
 252      E73117B6 
 252      1FBC
 253 065b 817CDA9D 		.ascii	"\201|\332\235\234\354,\356\007\222d\213\242\017\217"
 253      9CEC2CEE 
 253      0792648B 
 253      A20F8F
 254 066a 3BE12825 		.ascii	";\341(%\345-\232\312[\213\361:F\224\244l\202\362(\205"
 254      E52D9ACA 
 254      5B8BF13A 
 254      4694A46C 
 254      82F22885 
 255 067e 12DEC752 		.ascii	"\022\336\307R\252\012a\247x\303>qss\363\362\365\";F"
 255      AA0A61A7 
 255      78C33E71 
ARM GAS  /tmp/ccGNDX7b.s 			page 20


 255      7373F3F2 
 255      F5223B46 
 256 0692 A3D1F86A 		.ascii	"\243\321\370j\230C\033:\275s\250\377!-\334\201\355\222"
 256      98431B3A 
 256      BD73A8FF 
 256      212DDC81 
 256      ED92
 257 06a4 C37BDB8B 		.ascii	"\303{\333\213\377M\366\2537\302M\034r\004\034R\014F"
 257      FF4DF6AB 
 257      37C24D1C 
 257      72041C52 
 257      0C46
 258 06b6 6743DB07 		.ascii	"gC\333\007m/\264=\242\003\030\316\335NO\206C\216\253"
 258      6D2FB43D 
 258      A20318CE 
 258      DD4E4F86 
 258      438EAB
 259 06c9 5EC74062 		.ascii	"^\307@bT\330\264\202\203\011\015<\213\273\351\357,("
 259      54D8B482 
 259      83090D3C 
 259      8BBBE9EF 
 259      2C28
 260 06db 7221286E 		.ascii	"r!(n;f\226-\300\217\300)Y\221\313\026@6\376\223<\254"
 260      3B66962D 
 260      C08FC029 
 260      5991CB16 
 260      4036FE93 
 261 06f1 8AC0B83C 		.ascii	"\212\300\270<\336\2265\035pq2\226\031\001\264\013\002"
 261      DE96351D 
 261      70713296 
 261      1901B40B 
 261      02
 262 0702 682709A0 		.ascii	"h'\011\240B\020\223/\006\320ax?\004>:\010\355\000\264"
 262      4210932F 
 262      06D06178 
 262      3F043E3A 
 262      08ED00B4 
 263 0716 0268FB67 		.ascii	"\002h\373g\370\253\253K\346\257\335\020\242\371\016"
 263      F8ABAB4B 
 263      E6AFDD10 
 263      A2F90E
 264 0725 F6857DB0 		.ascii	"\366\205}\260\014q\306\263\301bc \257}\312\034\330\003"
 264      0C71C6B3 
 264      C1626320 
 264      AF7DCA1C 
 264      D803
 265 0737 5857D12C 		.ascii	"XW\321,\254Y\231\212T\346\235j\306O\034}\323>\277ly"
 265      AC59998A 
 265      54E69D6A 
 265      C64F1C7D 
 265      D33EBF6C 
 266 074c 7A2D9E31 		.ascii	"z-\23611\302\366e\364\200\034\022\331\305\263pN\322"
 266      31C2F665 
 266      F4801C12 
 266      D9C5B370 
 266      4ED2
 267 075e ECB2882B 		.ascii	"\354\262\210+\017\273\002=\231-[ZL\266\221\257XXj\311"
ARM GAS  /tmp/ccGNDX7b.s 			page 21


 267      0FBB023D 
 267      992D5B5A 
 267      4CB691AF 
 267      58586AC9 
 268 0772 9F995AD8 		.ascii	"\237\231Z\330\340\335bZ\037\221U\312\224\366x>\335\343"
 268      E0DD625A 
 268      1F9155CA 
 268      94F6783E 
 268      DDE3
 269 0784 2247C7C2 		.ascii	"\"G\307\302h2\235\204C\226\304\222G\343\201\331Zm\213"
 269      68329D84 
 269      4396C492 
 269      47E381D9 
 269      5A6D8B
 270 0797 5B52BCDF 		.ascii	"[R\274\337u\034\\\3427\213\205~P\000\217\\\035\"\237"
 270      751C5CE2 
 270      378B857E 
 270      50008F5C 
 270      1D229F
 271 07aa D47C5395 		.ascii	"\324|S\225%\270\033*i\036\272\024l\004\261;<I\243\364"
 271      25B81B2A 
 271      691EBA14 
 271      6C04B13B 
 271      3C49A3F4 
 272 07be 94ED42AC 		.ascii	"\224\355B\254\037zy\366\020Y\011a\233\202\246{xQ"
 272      1F7A79F6 
 272      10590961 
 272      9B82A67B 
 272      7851
 273 07d0 066F934B 		.ascii	"\006o\223K\177\242\000$\227\312\306\031\234\355\342"
 273      7FA20024 
 273      97CAC619 
 273      9CEDE2
 274 07df 183FD347 		.ascii	"\030?\323G\232\307\272x\011L6e\216\256\334\364\360\264"
 274      9AC7BA78 
 274      094C3665 
 274      8EAEDCF4 
 274      F0B4
 275 07f1 52929148 		.ascii	"R\222\221HLq\225MQ\375j+\024\361\034\372+\307%\253B"
 275      4C71954D 
 275      51FD6A2B 
 275      14F11CFA 
 275      2BC725AB 
 276 0806 69CA2AE8 		.ascii	"i\312*\350\212\203\357\220=,\177\335\037n\235\364P\020"
 276      8A83EF90 
 276      3D2C7FDD 
 276      1F6E9DF4 
 276      5010
 277 0818 27119F87 		.ascii	"'\021\237\207)H\337\351\247]\217]h\037|n\241\022\236"
 277      2948DFE9 
 277      A75D8F5D 
 277      681F7C6E 
 277      A1129E
 278 082b 76564D8D 		.ascii	"vVM\215\227{\260\014\311\313\276\214\274\331\227QU\327"
 278      977BB00C 
 278      C9CBBE8C 
 278      BCD99751 
ARM GAS  /tmp/ccGNDX7b.s 			page 22


 278      55D7
 279 083d 95FD68E1 		.ascii	"\225\375h\3416\272=b\204\371<)\204\312`\177\224\362"
 279      36BA3D62 
 279      84F93C29 
 279      84CA607F 
 279      94F2
 280 084f 64D14EF2 		.ascii	"d\321N\362\013\341~\202W0\265&Z\222\342\334\027g\012"
 280      0BE17E82 
 280      5730B526 
 280      5A92E2DC 
 280      17670A
 281 0862 9956A819 		.ascii	"\231V\250\031/\342'uk\205K0q%eD\307\245\330\200W\270"
 281      2FE22775 
 281      6B854B30 
 281      71256544 
 281      C7A5D880 
 282 0878 1FE3AD08 		.ascii	"\037\343\255\010\035\345\273\301\212S\374b\230_\321"
 282      1DE5BBC1 
 282      8A53FC62 
 282      985FD1
 283 0887 D1ED892D 		.ascii	"\321\355\211-L\377\314\370\354\177\211\242\232~\015"
 283      4CFFCCF8 
 283      EC7F89A2 
 283      9A7E0D
 284 0896 1B05420C 		.ascii	"\033\005B\014\252C\"\347\264$\347\364l9\345TN#|Rc<\342"
 284      AA4322E7 
 284      B424E7F4 
 284      6C39E554 
 284      4E237C52 
 285 08ad D811954F 		.ascii	"\330\021\225O[w\272\322>\222o*\231#\352s\327\327\272"
 285      5B77BAD2 
 285      3E926F2A 
 285      9923EA73 
 285      D7D7BA
 286 08c0 CB4D2563 		.ascii	"\313M%c\222\255g\251\255gl\266\2467<)Q\201\202Vz\022"
 286      92AD67A9 
 286      AD676CB6 
 286      A6373C29 
 286      51818256 
 287 08d6 2E1BC889 		.ascii	".\033\310\211\337(d!\312\206*$\015+x\366g\024\252\242"
 287      DF286421 
 287      CA862A24 
 287      0D2B78F6 
 287      6714AAA2 
 288 08ea 9AD5676D 		.ascii	"\232\325gm\036\347\361$\323,\272\264-E\364\274\225\320"
 288      1EE7F124 
 288      D32CBAB4 
 288      2D45F4BC 
 288      95D0
 289 08fc 3D7B7B32 		.ascii	"={{2]\230\353\005%\371;\2427+\326\215\215_\"\343[\212"
 289      5D98EB05 
 289      25F93BA2 
 289      372BD68D 
 289      8D5F22E3 
 290 0912 CE2C1687 		.ascii	"\316,\026\207\235\200\334\2271X\353\212\243\235\251"
 290      9D80DC97 
 290      3158EB8A 
ARM GAS  /tmp/ccGNDX7b.s 			page 23


 290      A39DA9
 291 0921 AC89C282 		.ascii	"\254\211\302\202\011%^\317\210d\313\2432W\274\205\021"
 291      09255ECF 
 291      8864CBA3 
 291      3257BC85 
 291      11
 292 0932 6DF1F06D 		.ascii	"m\361\360m\213\323\03012y\374/8\213\275g\367\225\364"
 292      8BD31831 
 292      3279FC2F 
 292      388BBD67 
 292      F795F4
 293 0945 A8713E23 		.ascii	"\250q>#*G\016\345\212X\230\324\306\311g\246<\324\322"
 293      2A470EE5 
 293      8A5898D4 
 293      C6C967A6 
 293      3CD4D2
 294 0958 5735E997 		.ascii	"W5\351\227}\264\363P\224\303\266E\215<-\272S\372\016"
 294      7DB4F350 
 294      94C3B645 
 294      8D3C2DBA 
 294      53FA0E
 295 096b 8CB97B26 		.ascii	"\214\271{&\2139t\245\202f\213\013\340\271\363\324s\315"
 295      8B3974A5 
 295      82668B0B 
 295      E0B9F3D4 
 295      73CD
 296 097d BCA76D12 		.ascii	"\274\247m\022p;\267g%nP\223\262\023*N/\226\257\256\334"
 296      703BB767 
 296      256E5093 
 296      B2132A4E 
 296      2F96AFAE 
 297 0992 12F31571 		.ascii	"\022\363\025qy\003x\257\335a\001IJ\241\333\236\233\005"
 297      790378AF 
 297      DD610149 
 297      4AA1DB9E 
 297      9B05
 298 09a4 C20D82D1 		.ascii	"\302\015\202\321%\221\333\0067\267\332\251\036\220\011"
 298      2591DB06 
 298      37B7DAA9 
 298      1E9009
 299 09b3 AFB72B9C 		.ascii	"\257\267+\234\345N\226}\306\372Y6l\267WhM\016\212\211"
 299      E54E967D 
 299      C6FA5936 
 299      6CB75768 
 299      4D0E8A89 
 300 09c7 8C7CDED6 		.ascii	"\214|\336\326\316\2265\267\034m\377\232\345x\302^g\237"
 300      CE9635B7 
 300      1C6DFF9A 
 300      E578C25E 
 300      679F
 301 09d9 7DEEF953 		.ascii	"}\356\371S\003\246\234#\246\\\024g\220\363\247\025\316"
 301      03A69C23 
 301      A65C1467 
 301      90F3A715 
 301      CE
 302 09ea 9FCB70E6 		.ascii	"\237\313p\346\\\201\326\006\355*\264\026\251:\312\265"
 302      5C81D606 
ARM GAS  /tmp/ccGNDX7b.s 			page 24


 302      ED2AB416 
 302      A93ACAB5 
 303 09fa 962638E1 		.ascii	"\226&8\341b\272\230\374\320\211\352\275\356\266\177"
 303      62BA98FC 
 303      D089EABD 
 303      EEB67F
 304 0a09 73E648ED 		.ascii	"s\346H\355\004I\317#UL\306\335\013\350_Y\026\230\321"
 304      0449CF23 
 304      554CC6DD 
 304      0BE85F59 
 304      1698D1
 305 0a1c 21C5753B 		.ascii	"!\305u;o\373{g\323\316\333\312%9t\037\214\365\343\202"
 305      6FFB7B67 
 305      D3CEDBCA 
 305      2539741F 
 305      8CF5E382 
 306 0a30 6821D685 		.ascii	"h!\326\2052W3\346i\\\216\364\300\275\213_\002\323z\257"
 306      325733E6 
 306      695C8EF4 
 306      C0BD8B5F 
 306      02D37AAF 
 307 0a44 660FABE4 		.ascii	"f\017\253\344\325\034YK)\302\272Y1A\236\300\234Qwf\323"
 307      D51C594B 
 307      29C2BA59 
 307      31419EC0 
 307      9C517766 
 308 0a59 8CD28F6C 		.ascii	"\214\322\217l2\211\331*2[)\363\203\201\304\034\204+"
 308      3289D92A 
 308      325B29F3 
 308      8381C41C 
 308      842B
 309 0a6b 58588FA6 		.ascii	"XX\217\246\306%\250XX\377\022\310\264\204\004\005\333"
 309      C625A858 
 309      58FF12C8 
 309      B4840405 
 309      DB
 310 0a7c 41C749F5 		.ascii	"A\307I\365\227U?\272M\215/2\326\007\217\022\357\212"
 310      97553FBA 
 310      4D8D2F32 
 310      D6078F12 
 310      EF8A
 311 0a8e 95E20220 		.ascii	"\225\342\002 \257\364]>\217\035\356\200^\333\016\270"
 311      AFF45D3E 
 311      8F1DEE80 
 311      5EDB0EB8 
 312 0a9e C97640CB 		.ascii	"\311v@\313\303\223\217\335\360U*I\221\037\363\3230\224"
 312      C3938FDD 
 312      F0552A49 
 312      911FF3D3 
 312      3094
 313 0ab0 C93E08D8 		.ascii	"\311>\010\330\021\373\276%\177Msh\220W\243>1!\300\225"
 313      11FBBE25 
 313      7F4D7368 
 313      9057A33E 
 313      3121C095 
 314 0ac4 2E80F8E1 		.ascii	".\200\370\341\177\223nxW\321\247\235/\335~X\243A\212"
 314      7F936E78 
ARM GAS  /tmp/ccGNDX7b.s 			page 25


 314      57D1A79D 
 314      2FDD7E58 
 314      A3418A
 315 0ad7 3700AEBC 		.ascii	"7\000\256\274\305\000\263\012\267V)\244-\207\250\354"
 315      C500B30A 
 315      B75629A4 
 315      2D87A8EC 
 316 0ae7 1B307E9D 		.ascii	"\0330~\235\272\3726\335r\275\342\226C\2073j\036\271"
 316      BAFA36DD 
 316      72BDE296 
 316      4387336A 
 316      1EB9
 317 0af9 A845D9EB 		.ascii	"\250E\331\353\236%\273\275e\362\034\226\313\276\363"
 317      9E25BBBD 
 317      65F21C96 
 317      CBBEF3
 318 0b08 73B20B85 		.ascii	"s\262\013\205\270\035\036\020\000\227\312i\322\337\230"
 318      B81D1E10 
 318      0097CA69 
 318      D2DF98
 319 0b17 532D245B 		.ascii	"S-$[\205\371\350.,h\017\304\000\244v\331\344k\320\363"
 319      85F9E82E 
 319      2C680FC4 
 319      00A476D9 
 319      E46BD0F3 
 320 0b2b 29CFA121 		.ascii	")\317\241!\032\005\245\343\231-\036\362\205\265\314"
 320      1A05A5E3 
 320      992D1EF2 
 320      85B5CC
 321 0b3a 280687C5 		.ascii	"(\006\207\305\205\035\246\013\233rk\244\317\035w\262"
 321      851DA60B 
 321      9B726BA4 
 321      CF1D77B2 
 322 0b4a D5BA9C95 		.ascii	"\325\272\234\225j\025\217\251Cd)o\344N\246*\331\352"
 322      6A158FA9 
 322      4364296F 
 322      E44EA62A 
 322      D9EA
 323 0b5c BD0064DF 		.ascii	"\275\000d\337\3233I*\207\253w\337\266z\243\314\340\316"
 323      D333492A 
 323      87AB77DF 
 323      B67AA3CC 
 323      E0CE
 324 0b6e BE9AB639 		.ascii	"\276\232\2669\316\034\341\331\352r\350\0015\370\276"
 324      CE1CE1D9 
 324      EA72E801 
 324      35F8BE
 325 0b7d CDE0DBA7 		.ascii	"\315\340\333\247\363\272T\263\335\343\220\373\352\351"
 325      F3BA54B3 
 325      DDE390FB 
 325      EAE9
 326 0b8b 83FDCEA2 		.ascii	"\203\375\316\242{\3062\334\2432\313\243\026\2411\321"
 326      7BC632DC 
 326      A332CBA3 
 326      16A131D1 
 327 0b9b 37705CC9 		.ascii	"7p\\\311f\336\023}3\316/\341~\353\357\257e\277p\223"
 327      66DE137D 
ARM GAS  /tmp/ccGNDX7b.s 			page 26


 327      33CE2FE1 
 327      7EEBEFAF 
 327      65BF7093 
 328 0baf 36283004 		.ascii	"6(0\004\036p\013\013f/\376z\325;\037|\262hU@\000\207"
 328      1E700B0B 
 328      662FFE7A 
 328      D53B1F7C 
 328      B2685540 
 329 0bc5 4D86D079 		.ascii	"M\206\320y\320\257\203g`DP\270\321\200\365af\027\235"
 329      D0AF8367 
 329      604450B8 
 329      D180F561 
 329      66179D
 330 0bd8 2E38CCFC 		.ascii	".8\314\374\322r\235y-\322\006\205\207\032\264\201z\223"
 330      D2729D79 
 330      2DD20685 
 330      871AB481 
 330      7A93
 331 0bea C12F24F0 		.ascii	"\301/$\360s\355[\341\372\310PC\230\331\244\375\330\020"
 331      73ED5BE1 
 331      FAC85043 
 331      98D9A4FD 
 331      D810
 332 0bfc 18FA67ED 		.ascii	"\030\372g\355\333\372\220\340\010\223Ag\360\213\210"
 332      DBFA90E0 
 332      08934167 
 332      F08B88
 333 0c0b D47FBD5C 		.ascii	"\324\177\275\\\373qxx\210I\373\245^\357\027h\014\365"
 333      FB717878 
 333      8849FBA5 
 333      5EEF1768 
 333      0CF5
 334 0c1d 0B0B0F33 		.ascii	"\013\013\0173\370\031\002?\017\366[\341\267|Y\300\012"
 334      F819023F 
 334      0FF65BE1 
 334      B77C59C0 
 334      0A
 335 0c2e BF6F5EF6 		.ascii	"\277o^\366\013\015\374*\334\250\2351\252\015\016\323"
 335      0B0DFC2A 
 335      DCA89D31 
 335      AA0D0ED3 
 336 0c3e 8744AE36 		.ascii	"\207D\2566hC\003\365A\301a\006\255n\265\341\213\300"
 336      684303F5 
 336      41C16106 
 336      AD6EB5E1 
 336      8BC0
 337 0c50 C810B3CE 		.ascii	"\310\020\263\316\374}\204\301\344\037\3049\213\372\374"
 337      FC7D84C1 
 337      E41FC439 
 337      8BFAFC
 338 0c5f E3FFAA8E 		.ascii	"\343\377\252\216\351{\223Vg2\257\006p\320\301\011<\243"
 338      E97B9356 
 338      6732AF06 
 338      70D0C109 
 338      3CA3
 339 0c71 33BF2A77 		.ascii	"3\277*w-\361hD\270\021\340\337\374\360\375U\357\257"
 339      2DF16844 
ARM GAS  /tmp/ccGNDX7b.s 			page 27


 339      B811E0DF 
 339      FCF0FD55 
 339      EFAF
 340 0c83 D1EAC343 		.ascii	"\321\352\303C#\202C\014F\223\366\235U\253\310\260\315"
 340      2382430C 
 340      4693F69D 
 340      55ABC8B0 
 340      CD
 341 0c94 80DFCC9E 		.ascii	"\200\337\314\236f\303\200w\030v\235\366\277\316\274"
 341      66C38077 
 341      18769DF6 
 341      BFCEBC
 342 0ca3 E8E7172F 		.ascii	"\350\347\027/\210\3630\007\031\015\201\253M\272o\"\015"
 342      88F33007 
 342      190D81AB 
 342      4DBA6F22 
 342      0D
 343 0cb4 9130C129 		.ascii	"\2210\301)\324\364\245\316\354l\016\0165\204G\232\325"
 343      D4F4A5CE 
 343      EC6C0E0E 
 343      3584479A 
 343      D5
 344 0cc5 3A5DA4E8 		.ascii	":]\244\350-\225\355\305\005,!\303:3\037\031\2404|\027"
 344      2D95EDC5 
 344      052C21C3 
 344      3A331F19 
 344      A0347C17 
 345 0cd9 1A68FADA 		.ascii	"\032h\372\332\325\360-8\216\274\351\314\012\200\217"
 345      D5F02D38 
 345      8EBCE9CC 
 345      0A808F
 346 0ce8 C0666304 		.ascii	"\300fc\004\212\300 \314\311d\0164\033\\\230\240\327"
 346      8AC020CC 
 346      C9640E34 
 346      1B5C98A0 
 346      D7
 347 0cf9 40B4F854 		.ascii	"@\264\370T\231\351\000\360\353\315k\"\2601 @e4|\011"
 347      99E900F0 
 347      EBCD6B22 
 347      B0312040 
 347      65347C09 
 348 0d0d BED39997 		.ascii	"\276\323\231\227\376\254[\240C\017\266\201\3560i\031"
 348      FEAC5BA0 
 348      430FB681 
 348      EE306919 
 349 0d1d 6FFC036F 		.ascii	"o\374\003o|\2157\256\340\215\257\362\306Wx\343\313\256"
 349      7C8D37AE 
 349      E08DAFF2 
 349      C65778E3 
 349      CBAE
 350 0d2f 849BC41C 		.ascii	"\204\233\304\034\310\345C\214/>\2170\335\267+BA\240"
 350      C8E5438C 
 350      2F3E8F30 
 350      DDB72B42 
 350      41A0
 351 0d41 8ACDD299 		.ascii	"\212\315\322\231\325$\214\231g\224\206\010b\227\212"
 351      D5248C99 
ARM GAS  /tmp/ccGNDX7b.s 			page 28


 351      67948608 
 351      62978A
 352 0d50 513AB3A7 		.ascii	"Q:\263\247\370b4|a0\032\302\364`\301\002\342\313\217"
 352      F862347C 
 352      61301AC2 
 352      F460C102 
 352      E2CB8F
 353 0d63 69F75B06 		.ascii	"i\367[\006\352\307\017\014k\314\357=\303\367z\356\205"
 353      EAC70F0C 
 353      6BCCEF3D 
 353      C3F77AEE 
 353      85
 354 0d74 39F3DE0C 		.ascii	"9\363\336\014\011y\317U\037\364\221>\350C\350\374\376"
 354      0979CF55 
 354      1FF4913E 
 354      E843E8FC 
 354      FE
 355 0d85 3D0CDCAA 		.ascii	"=\014\334\2520\020F\034\256\012\0114\321\027\005\351"
 355      3010461C 
 355      AE0A0934 
 355      D11705E9 
 356 0d95 71D6471A 		.ascii	"q\326G\032\001\237\251J\226\304\020\352,\256\245\233"
 356      019FA94A 
 356      96C410EA 
 356      2CAEA59B 
 357 0da5 D4A533CF 		.ascii	"\324\2453\317\323\351\276\210\014\323\353t\376\257\274"
 357      D3E9BE88 
 357      0CD3EB74 
 357      FEAFBC
 358 0db4 B23C4065 		.ascii	"\262<@e\243\024\372\240@\243|\354\245e\377\001w\244"
 358      A314FAA0 
 358      40A37CEC 
 358      A565FF01 
 358      77A4
 359 0dc6 64BF     		.ascii	"d\277"
 360              		.text
 361              		.section	.gnu.lto_.symtab.d59b67ef958184b1,"",%progbits
 362 0000 6F73616C 		.ascii	"osalThreadDequeueNextI\000"
 362      54687265 
 362      61644465 
 362      71756575 
 362      654E6578 
 363 0017 00       		.ascii	"\000"
 364 0018 00       		.ascii	"\000"
 365 0019 00       		.ascii	"\000"
 366 001a 00000000 		.ascii	"\000\000\000\000\000\000\000\000"
 366      00000000 
 367 0022 3E010000 		.ascii	">\001\000\000"
 368 0026 6F73616C 		.ascii	"osalThreadDequeueAllI\000"
 368      54687265 
 368      61644465 
 368      71756575 
 368      65416C6C 
 369 003c 00       		.ascii	"\000"
 370 003d 00       		.ascii	"\000"
 371 003e 00       		.ascii	"\000"
 372 003f 00000000 		.ascii	"\000\000\000\000\000\000\000\000"
ARM GAS  /tmp/ccGNDX7b.s 			page 29


 372      00000000 
 373 0047 40010000 		.ascii	"@\001\000\000"
 374 004b 6E696C00 		.ascii	"nil\000"
 375 004f 00       		.ascii	"\000"
 376 0050 02       		.ascii	"\002"
 377 0051 00       		.ascii	"\000"
 378 0052 00000000 		.ascii	"\000\000\000\000\000\000\000\000"
 378      00000000 
 379 005a 5E010000 		.ascii	"^\001\000\000"
 380 005e 63685363 		.ascii	"chSchReadyI\000"
 380      68526561 
 380      64794900 
 381 006a 00       		.ascii	"\000"
 382 006b 02       		.ascii	"\002"
 383 006c 00       		.ascii	"\000"
 384 006d 00000000 		.ascii	"\000\000\000\000\000\000\000\000"
 384      00000000 
 385 0075 45010000 		.ascii	"E\001\000\000"
 386              		.text
 387              		.section	.gnu.lto_.opts,"",%progbits
 388 0000 272D666D 		.ascii	"'-fmath-errno' '-fsigned-zeros' '-ftrapping-math' '"
 388      6174682D 
 388      6572726E 
 388      6F272027 
 388      2D667369 
 389 0033 2D666E6F 		.ascii	"-fno-trapv' '-fno-openmp' '-fno-openacc' '-mcpu=cor"
 389      2D747261 
 389      70762720 
 389      272D666E 
 389      6F2D6F70 
 390 0066 7465782D 		.ascii	"tex-m3' '-mno-thumb-interwork' '-mthumb' '-O2' '-fo"
 390      6D332720 
 390      272D6D6E 
 390      6F2D7468 
 390      756D622D 
 391 0099 6D69742D 		.ascii	"mit-frame-pointer' '-ffunction-sections' '-fdata-se"
 391      6672616D 
 391      652D706F 
 391      696E7465 
 391      72272027 
 392 00cc 6374696F 		.ascii	"ctions' '-fno-common' '-flto'\000"
 392      6E732720 
 392      272D666E 
 392      6F2D636F 
 392      6D6D6F6E 
 393              		.text
 394              		.comm	__gnu_lto_v1,1,1
 395              		.comm	__gnu_lto_slim,1,1
 396              		.ident	"GCC: (GNU Tools for Arm Embedded Processors 7-2017-q4-major) 7.2.1 20170904 (release) [ARM
ARM GAS  /tmp/ccGNDX7b.s 			page 30


DEFINED SYMBOLS
                            *ABS*:0000000000000000 osal.c
                            *COM*:0000000000000001 __gnu_lto_v1
                            *COM*:0000000000000001 __gnu_lto_slim

NO UNDEFINED SYMBOLS
