ARM GAS  /tmp/ccTTxa8L.s 			page 1


   1              		.cpu cortex-m3
   2              		.eabi_attribute 20, 1
   3              		.eabi_attribute 21, 1
   4              		.eabi_attribute 23, 3
   5              		.eabi_attribute 24, 1
   6              		.eabi_attribute 25, 1
   7              		.eabi_attribute 26, 1
   8              		.eabi_attribute 30, 2
   9              		.eabi_attribute 34, 1
  10              		.eabi_attribute 18, 4
  11              		.file	"st.c"
  12              		.section	.gnu.lto_.profile.141aebdc17cde821,"",%progbits
  13 0000 789C6363 		.ascii	"x\234cc```\001bF\006)\036\000\000\270\0002"
  13      60606001 
  13      62460629 
  13      1E0000B8 
  13      0032
  14              		.text
  15              		.section	.gnu.lto_.icf.141aebdc17cde821,"",%progbits
  16 0000 789C6363 		.ascii	"x\234cc``\220g@\000V\206\023sg\277\344bl;u\3504#\323"
  16      60609067 
  16      40005686 
  16      137367BF 
  16      E4626C3B 
  17 0019 FE377D2F 		.ascii	"\3767}/\271\231\247-\356Nc\371u|\321\001F\006\000\352"
  17      B999A72D 
  17      EE4E63F9 
  17      757CD101 
  17      460600EA 
  18 002d 1F0E81   		.ascii	"\037\016\201"
  19              		.text
  20              		.section	.gnu.lto_.jmpfuncs.141aebdc17cde821,"",%progbits
  21 0000 789C6363 		.ascii	"x\234cc``\220a@\000V\020\301\010\004\365s\230\031\230"
  21      60609061 
  21      40005610 
  21      C10804F5 
  21      73981998 
  22 0014 181898A1 		.ascii	"\030\030\230\241L\026\2400\000#\314\002t"
  22      4C16A030 
  22      0023CC02 
  22      74
  23              		.text
  24              		.section	.gnu.lto_.inline.141aebdc17cde821,"",%progbits
  25 0000 789C6363 		.ascii	"x\234cc``He@\000V\006\006\026\036F\006& \223m\201<\210"
  25      60604865 
  25      40005606 
  25      06161E46 
  25      06262093 
  26 0018 6260E402 		.ascii	"b`\344\002\021\014l\254@a\266\017zpq&\006\026f\240\020"
  26      110C6CAC 
  26      4061B60F 
  26      7A707126 
  26      061666A0 
  27 002d D3057EB8 		.ascii	"\323\005~\270\0203\246\020\013\246\020\003\000\234z"
  27      1033A610 
  27      0BA61003 
  27      009C7A
ARM GAS  /tmp/ccTTxa8L.s 			page 2


  28 003c 086F     		.ascii	"\010o"
  29              		.text
  30              		.section	.gnu.lto_.pureconst.141aebdc17cde821,"",%progbits
  31 0000 789C6363 		.ascii	"x\234cc``\340\006bV\006\011F)&)f)\026)\000\004\001\000"
  31      6060E006 
  31      62560609 
  31      46292629 
  31      66291629 
  32 0018 A1       		.ascii	"\241"
  33              		.text
  34              		.section	.gnu.lto_stInit.141aebdc17cde821,"",%progbits
  35 0000 789C6363 		.ascii	"x\234cc``X\001\304\322P\314\310\314\300\3104\341\034"
  35      60605801 
  35      C4D250CC 
  35      C8CCC0C8 
  35      34E11C
  36 0013 03432307 		.ascii	"\003C#\007\023##\210\321\300\301\310P\317\304X\317\330"
  36      13232388 
  36      D1C0C1C8 
  36      50CFC458 
  36      CFD8
  37 0025 C33C8599 		.ascii	"\303<\205\231\361P\373\263\235L\232\313\033\200\340"
  37      F150FBB3 
  37      9D4C9ACB 
  37      1B80E0
  38 0034 C0F41F92 		.ascii	"\300\364\037\222\015+\0160\316af`\230\006\304 \300\270"
  38      0D2B0E30 
  38      CE616660 
  38      9806C420 
  38      C0B8
  39 0046 99519301 		.ascii	"\231Q\223\001\250\354\321\306\177Sy\331X \342\214[\030"
  39      A8ECD1C6 
  39      7F5379D9 
  39      5820E28C 
  39      5B18
  40 0058 D9181881 		.ascii	"\331\030\030\201\214\365\227X\0174\374\373\337\336p"
  40      8CF59758 
  40      0F34FCFB 
  40      DFDE70
  41 0067 E0CE22C6 		.ascii	"\340\316\"\306\377\254@\271\016 \006Z\322p\200\241\223"
  41      FFAC40B9 
  41      0E20065A 
  41      D27080A1 
  41      93
  42 0078 9909C46A 		.ascii	"\231\011\304j>\300\360\206\261y\301oi\260&\240I;w\276"
  42      3EC0F086 
  42      B179C16F 
  42      69B026A0 
  42      493B77BE 
  43 008c B9CD5EFF 		.ascii	"\271\315^\377\267\201c\0163\3434f\240)\214[\031\353"
  43      B781630E 
  43      33E33466 
  43      A0298C5B 
  43      19EB
  44 009e 19E60055 		.ascii	"\031\346\000U\277clZ\360\237\033\254\016\004:\200\222"
  44      BF636C5A 
  44      F09F1BAC 
ARM GAS  /tmp/ccTTxa8L.s 			page 3


  44      0E043A80 
  44      92
  45 00af 40039818 		.ascii	"@\003\230\030\030$\365\364\364!(\277X?#1G\277\270(Y"
  45      1824F5F4 
  45      F42128BF 
  45      583F2331 
  45      47BFB828 
  46 00c4 BFB8442F 		.ascii	"\277\270D/\231\001\000\371^AK"
  46      990100F9 
  46      5E414B
  47              		.text
  48              		.section	.gnu.lto_stStartAlarm.141aebdc17cde821,"",%progbits
  49 0000 789C9552 		.ascii	"x\234\225R\317kSA\020\236\357m\372^\015\032\017^\024"
  49      CF6B5341 
  49      109EEF6D 
  49      FA5E0D1A 
  49      0F5E14
  50 0013 73E8A1A5 		.ascii	"s\350\241\245\324C\226\350\305?@\004\241=\331\2037\251"
  50      D44396E8 
  50      C53F4004 
  50      A13DD983 
  50      37A9
  51 0025 51A810A9 		.ascii	"Q\250\020\2514\301\243\335\306\304\264&\242\2076b\210"
  51      34C1A3DD 
  51      C6C4B426 
  51      A2873662 
  51      88
  52 0036 FAB0168D 		.ascii	"\372\260\026\215\022Z\177\333Z\3533V=\210U\013\"\202"
  52      125A7FDB 
  52      5AEB3356 
  52      3D88550B 
  52      2282
  53 0048 87A29016 		.ascii	"\207\242\220\026\221\242\245 \242Tg7Q\252']\336\356"
  53      91A2A520 
  53      A2546737 
  53      51AA275D 
  53      DEEE
  54 005a 9B19BEF9 		.ascii	"\233\031\276\371\346\233\331\265\211h\322\"\332\305"
  54      E69BD9B5 
  54      8968D222 
  54      DAC5
  55 0068 FF8DBC21 		.ascii	"\377\215\274!\010\326\311i\242\336z\013\320\206\252"
  55      08D6C969 
  55      A2DE7A0B 
  55      D086AA
  56 0077 07F558E8 		.ascii	"\007\365X\350AV\014\010\224\323\2251\253\345\242\342"
  56      41560C08 
  56      94D39531 
  56      ABE5A2E2 
  57 0087 E59D1AB7 		.ascii	"\345\235\032\267\217\252\324\372\202 \312\361\326\013"
  57      8FAAD4FA 
  57      8220CAF1 
  57      D60B
  58 0095 D7D1C2A8 		.ascii	"\327\321\302\250\227\311\321\202\310\210\202\000|\354"
  58      97C9D182 
  58      C8888200 
  58      7CEC
ARM GAS  /tmp/ccTTxa8L.s 			page 4


  59 00a3 7E7E967F 		.ascii	"~~\226\177\037\320\256\205\006v\277]\036}\273V\004A"
  59      1FD0AE85 
  59      0676BF5D 
  59      1E7DBB56 
  59      0441
  60 00b5 6C9F2F9D 		.ascii	"l\237/\235\030\266\233\207\225J(\357\343\220P\215\005"
  60      18B69B87 
  60      954A28EF 
  60      E390508D 
  60      05
  61 00c6 21700B82 		.ascii	"!p\013\202\011q\023A\334@\2208D\270\215f\215\177wuy"
  61      09711341 
  61      DC409038 
  61      44B88D66 
  61      8D7F7775 
  62 00db 708DED73 		.ascii	"p\215\355s\177\325\304\035\330\0046Ff\352<\265\374#"
  62      7FD5C41D 
  62      D8043646 
  62      66EA3CB5 
  62      FC23
  63 00ed ADBCA50B 		.ascii	"\255\274\245\013x\265\335f\365:\205\372\030\305m(\217"
  63      78B5DD66 
  63      F53A85FA 
  63      18C56D28 
  63      8F
  64 00fe FA85A5AD 		.ascii	"\372\205\245\255#\036U`i\256~\357\330\224_4\032\035"
  64      231E5560 
  64      69AE7EEF 
  64      D8945F34 
  64      1A1D
  65 0110 AF33C979 		.ascii	"\2573\311y\247i\310\350X8\275:\257\274d\203\2262\366"
  65      A769C8E8 
  65      5838BD3A 
  65      AFBC6483 
  65      9632F6
  66 0123 A714D3E3 		.ascii	"\247\024\323\3438\232\362\314\365\001\345\374\3277\337"
  66      389AF2CC 
  66      F501E5FC 
  66      D737DF
  67 0132 07B6FE96 		.ascii	"\007\266\376\226\225\254\216e\306\026\032c\264\345\004"
  67      95AC8E65 
  67      C6161A63 
  67      B4E504
  68 0141 56C826DC 		.ascii	"V\310&\334\205\215\011-\231\017\216\347R\345\347\216"
  68      858D092D 
  68      990F8EE7 
  68      52E5E78E 
  69 0151 9E8CCFC0 		.ascii	"\236\214\317\300\246K_>\371\253\256\246\322\263s\317"
  69      A64B5F3E 
  69      F9ABAEA6 
  69      D2B373CF 
  70 0161 CCAD7271 		.ascii	"\314\255rq\026\005Q\207IVqO\253\340x\272\362\364E@\226"
  70      16055187 
  70      4956714F 
  70      ABE078BA 
  70      F2F44540 
  71 0176 54B257CD 		.ascii	"T\262W\315\316-\256[\344$\033\367\341b\220\033\326e"
ARM GAS  /tmp/ccTTxa8L.s 			page 5


  71      CE2DAE5B 
  71      E4241BF7 
  71      E162901B 
  71      D665
  72 0188 34C8CB26 		.ascii	"4\310\313&\212NxD\203\334kL\341\300\203\304\246`\015"
  72      8A4E7844 
  72      83DC6B4C 
  72      E1C083C4 
  72      A6600D
  73 019b 810708D7 		.ascii	"\201\007\010\327:Y\232\277\224\012\324D\375CI\367\260"
  73      3A599ABF 
  73      940AD444 
  73      FD4349F7 
  73      B0
  74 01ac 262B9B72 		.ascii	"&+\233r\250\221=\204\\\331\221\303\361)\3164\344\305"
  74      A8913D84 
  74      5CD991C3 
  74      F129CE34 
  74      E4C5
  75 01be FF277F64 		.ascii	"\377'\177d\310\255\032\371cC>q.[\364W\311-<\341\314"
  75      C8AD1AF9 
  75      63433E71 
  75      2E5BF457 
  75      C92D3CE1 
  76 01d3 0A12B399 		.ascii	"\012\022\263\231bDO\332\214\234\026\220p\257\034\207"
  76      62444FDA 
  76      8C9C1690 
  76      70AF1C87 
  77 01e3 79167AF5 		.ascii	"y\026z\365\261<\276t~\341\033B!Y\375\272b\262\263#*"
  77      B13CBE74 
  77      7EE11B42 
  77      2159FDBA 
  77      62B2B323 
  78 01f8 63DD1119 		.ascii	"c\335\021\031\213\207\"\344t\354\211\305\367\037\330"
  78      8B8722E4 
  78      74EC89C5 
  78      F71FD8
  79 0207 E7D387FC 		.ascii	"\347\323\207\374\033v\260\253;\036\223;\333\333\266"
  79      1B76B0AB 
  79      3B1E933B 
  79      DBDBB6
  80 0216 6C96ADAD 		.ascii	"l\226\255\255\333d\373\216\266CaN\334\035\215\356\015"
  80      DB64FB8E 
  80      B643614E 
  80      DC1D8DEE 
  80      0D
  81 0227 75D24FFE 		.ascii	"u\322O\376v\373\022"
  81      76FB12
  82              		.text
  83              		.section	.gnu.lto_stStopAlarm.141aebdc17cde821,"",%progbits
  84 0000 789C5D4F 		.ascii	"x\234]O\317KBA\020\236\357\255\275,\250kE\336:yyKE\377"
  84      CF4B4241 
  84      109EEFAD 
  84      BD2CA86B 
  84      45DE3A79 
  85 0018 4104519E 		.ascii	"A\004Q\236\362\036a\007\017\202\241\322\325\2654\015"
  85      F21E6107 
ARM GAS  /tmp/ccTTxa8L.s 			page 6


  85      0F82A1D2 
  85      D5B5340D 
  86 0028 3B7448BB 		.ascii	";tH\273X\010\035:IH?\255\210\207t\013,\372\013\244\203"
  86      58081D3A 
  86      49483FAD 
  86      8887740B 
  86      2CFA0BA4 
  87 003d 41444445 		.ascii	"ADDEE\2205\353\203\220\206\235\335\331o\276\231o\306"
  87      459035EB 
  87      8390869D 
  87      DDD96FBE 
  87      996FC6
  88 0050 24A23110 		.ascii	"$\2421\020M\361;\310\016A0\326kD\011\267\001\350@\271"
  88      4DF13BC8 
  88      0E4130D6 
  88      6B4409B7 
  88      01E840B9 
  89 0064 41710371 		.ascii	"Aq\003q\254\211\015\201j\272Q1\274\273\212\315\336|"
  89      AC890D81 
  89      6ABA5131 
  89      BCBB8ACD 
  89      DE7C
  90 0076 375754AA 		.ascii	"7WT\252\277 \210\362\354\332\260\017/1\355\256\334\314"
  90      BF2088F2 
  90      ECDAB00F 
  90      2F31EDAE 
  90      DCCC
  91 0088 F5982E07 		.ascii	"\365\230.\007\307\001Lb\015\332\273\355\260U\363'\255"
  91      C7014C62 
  91      0DDABBED 
  91      B055F327 
  91      AD
  92 0099 ECCB1D7C 		.ascii	"\354\313\035|Op.\303\316\"\312\246Ua\350h\331\246\007"
  92      4F702EC3 
  92      CE22CAA6 
  92      5561E868 
  92      D9A607
  93 00ac 54DF3ECF 		.ascii	"T\337>\317\037s\326_\237\244#\367e\212V\257\274@\273"
  93      1F73D65F 
  93      9FA423F7 
  93      658A56AF 
  93      BC40BB
  94 00bf 060E61E2 		.ascii	"\006\016a\342HK\360\305x>U\275\356\314\212\202@\213"
  94      484BF0C5 
  94      783E55BD 
  94      EECC8A82 
  94      408B
  95 00d1 562B7D3C 		.ascii	"V+}<w;_\335\306\305Pq\353\276\253\210m\024\204\201\023"
  95      773B5FDD 
  95      C6C55071 
  95      EBBEAB88 
  95      6D148481 
  96 00e6 78700C0F 		.ascii	"xp\014\017ij\272qu\323+K*\231P\365\327r\337\013\027"
  96      696ABA71 
  96      75D32B4B 
  96      2A9950F5 
  96      D772DF0B 
ARM GAS  /tmp/ccTTxa8L.s 			page 7


  97 00fb 09545044 		.ascii	"\011TPD\216\307\3242\204S\310v\011\236\004g\\\375\204"
  97      8EC7D432 
  97      8453C876 
  97      099E0467 
  97      5CFD84
  98 010e A57AF662 		.ascii	"\245z\366b\250\265\251\266\014'x\033\203h\300\262\244"
  98      A8B5A9B6 
  98      0C27781B 
  98      8368C0B2 
  98      A4
  99 011f 73C25119 		.ascii	"s\302Q\031\234\013\311h$ \2431+@\362\177f!\034\211E"
  99      9C0BC968 
  99      2420A331 
  99      2B40F27F 
  99      66211C89 
 100 0134 E58CDF37 		.ascii	"\345\214\3377:\"\247\247\307\245\177\322\2678\314\334"
 100      3A22A7A7 
 100      C7A57FD2 
 100      B738CCDC 
 101 0144 D95068DE 		.ascii	"\331Ph\336\012\322/\002\215~\213"
 101      0AD22F02 
 101      8D7E8B
 102              		.text
 103              		.section	.gnu.lto_stSetAlarm.141aebdc17cde821,"",%progbits
 104 0000 789C5D92 		.ascii	"x\234]\222\317KTQ\024\307\317\367\335\347{&e\333\244"
 104      CF4B5451 
 104      14C7CFF7 
 104      DDE77B26 
 104      65DBA4
 105 0013 59B850C4 		.ascii	"Y\270P\304\026s\231\332\364\007\004\021\350*\027\355"
 105      167399DA 
 105      F4070411 
 105      E82A17ED 
 106 0023 C2A6C060 		.ascii	"\302\246\300`\302\360\015m\275Nc\243\215T\213\234`x"
 106      C2F00D6D 
 106      BD4E63A3 
 106      8D548B9C 
 106      6078
 107 0035 C6239328 		.ascii	"\306#\223(\0304\373\251i\335\206v\321\364c\023\201\201"
 107      1834FBA9 
 107      69DD8676 
 107      D1F46313 
 107      8181
 108 0047 548CD122 		.ascii	"T\214\321\"\312M\204`\235\363\246\242\272\274{\3379"
 108      CA4D8460 
 108      9DF3A6A2 
 108      BABC7BDF 
 108      39
 109 0058 87EF39F7 		.ascii	"\207\3579\367s\016\327#\"\327!:\304\377\235\274\241"
 109      730ED723 
 109      22D7213A 
 109      C4FF9DBC 
 109      A1
 110 0069 08CE851A 		.ascii	"\010\316\205\032\321H\263\003\210a\232A\303\016\206"
 110      D148B303 
 110      88619A41 
 110      C30E86
ARM GAS  /tmp/ccTTxa8L.s 			page 8


 111 0078 31A12E2A 		.ascii	"1\241.*T\013\365\005\247\373\232\341e/\315\373g\314"
 111      540BF505 
 111      A7FB9AE1 
 111      652FCDFB 
 111      67CC
 112 008a E88E5011 		.ascii	"\350\216P\021\225x\313\302-t\263\352e~.TE\025*\300e"
 112      9578CBC2 
 112      2D74B3EA 
 112      657E2E54 
 112      45152AC0 
 113 009f F7EBB3F2 		.ascii	"\367\353\263\362\373Vq\035\264\263\273qcne\273J\200"
 113      FB56711D 
 113      B4B3BB71 
 113      636E65BB 
 113      4A80
 114 00b1 D8BE5239 		.ascii	"\330\276R9?\343u\315\030\2233veZ\231\216P)\334\205\342"
 114      3FE375CD 
 114      18933376 
 114      655A998E 
 114      5029DC85 
 115 00c6 82B88304 		.ascii	"\202\270\203\004n#A\034\"\334C\227\350\337\335\334\234"
 115      6E23411C 
 115      22DC4397 
 115      E8DFDDDC 
 115      9C
 116 00d7 DCE6B9D1 		.ascii	"\334\346\271\321\357;q\037\036\201\215\331WM\326l\376"
 116      EF3B711F 
 116      1E818DD9 
 116      574DD66C 
 116      FE
 117 00e8 2818FBE1 		.ascii	"(\030\373\341*\226\367\273L/)4\306*n\303X\032W\216X"
 117      2A96F7BB 
 117      4C2F2934 
 117      C62A6EC3 
 117      581A578E 
 118 00fd A72DD5E1 		.ascii	"\247-\325\341H\255q{\366I\213\352\2109^\027\363\037"
 118      48AD717B 
 118      F6498BEA 
 118      88395E17 
 118      F31F
 119 010f FDCEE998 		.ascii	"\375\316\351\230\2436\265\265ll\276]P\026\376E\211{"
 119      A336B5B5 
 119      6C6CBE5D 
 119      5016FE45 
 119      897B
 120 0121 5C446799 		.ascii	"\\Dg\231k}B\265\374\375\315Ri\357\037\254|c,\213\276"
 120      6B7D42B5 
 120      FCFDCD52 
 120      69EF1FAC 
 120      7C632C8B 
 121 0136 124DCC56 		.ascii	"\022M\314VR\370\013\233\360\000\036\226\004\231\017"
 121      52F80B9B 
 121      F0001E96 
 121      04990F
 122 0145 8E9746AB 		.ascii	"\216\227F\253\317}\231\214\033\313j\225o_Z\032\256\224"
 122      CF7D998C 
 122      1BCB6A95 
ARM GAS  /tmp/ccTTxa8L.s 			page 9


 122      6F5F5A1A 
 122      AE94
 123 0157 92D94553 		.ascii	"\222\331ESk[\"\\F\250\232\360\220)\226\205\202\343\205"
 123      6B5B225C 
 123      46A89AF0 
 123      90299685 
 123      82E385
 124 016a FAD317AD 		.ascii	"\372\323\027\255\272b\362#fum\275m\235\223<<B\204In"
 124      BA62F223 
 124      66756DBD 
 124      6D9D933C 
 124      3C428449 
 125 017f 58AE1191 		.ascii	"X\256\021\221\235\310]\367S\263\"\212\346\271\204\017"
 125      9DC85DF7 
 125      53B3228A 
 125      E6B9840F 
 126 018f 0B8D5D89 		.ascii	"\013\215]\211_\012<FJ:\251#\267Z|\233\026\336\030\234"
 126      5F0A3C46 
 126      4A3AA923 
 126      B75A7C9B 
 126      16DE189C 
 127 01a3 3E23176D 		.ascii	">#\027m\234C<\\Yc\334\005\217\216\337I[2\251\033\337"
 127      9C433C5C 
 127      5963DC05 
 127      8F8EDF49 
 127      5B32A91B 
 128 01b8 60A007FA 		.ascii	"`\240\007\3723:\030J\353 \233L\223\337\177$\310\036"
 128      333A184A 
 128      EB209B4C 
 128      93DF7F24 
 128      C81E
 129 01ca 3F71CC95 		.ascii	"?q\314\225C\377/;98\224\015\364\301\276\336=\273uO\317"
 129      43FF2F3B 
 129      3938940D 
 129      F4C1BEDE 
 129      3DBB754F 
 130 01df 3EDD77A0 		.ascii	">\335w\240\367T\212\023\017g2G\223\003\364\023,\030"
 130      F7548A13 
 130      0F673247 
 130      9303F413 
 130      2C18
 131 01f1 BF9A     		.ascii	"\277\232"
 132              		.text
 133              		.section	.gnu.lto_stGetAlarm.141aebdc17cde821,"",%progbits
 134 0000 789C5D90 		.ascii	"x\234]\220\333+DQ\024\306\327w\366\3149Fx\307(\257<"
 134      DB2B4451 
 134      14C6D777 
 134      F6CC3946 
 134      78C728AF 
 135 0015 CC6EF817 		.ascii	"\314n\370\027\224\204'\336%\036\346ajd4\257\2661B<\310"
 135      948427DE 
 135      251EE661 
 135      6A6434AF 
 135      B631423C 
 136 002a 6514874E 		.ascii	"e\024\207Ny\220\"&\343~\3514\312\213\\\377\002!J\222"
 136      79902226 
 136      E37EE934 
ARM GAS  /tmp/ccTTxa8L.s 			page 10


 136      CA8B5CFF 
 136      02214A92 
 137 003e CB83A8C1 		.ascii	"\313\203\250\301\332Hr\332\227\265\326\376\265\326\367"
 137      DA4872DA 
 137      97B5D6FE 
 137      B5D6F7
 138 004d 1D938862 		.ascii	"\035\223\210b \252\345\273\2307\004\301\030:\"\352\312"
 138      20AAE5BB 
 138      983704C1 
 138      183A22EA 
 138      CA
 139 005e 31001DA8 		.ascii	"1\000\035\250\034P\247\201N\014\212Q\201\323\304\222"
 139      1C50A781 
 139      4E0C8A51 
 139      81D3C492 
 140 006e 2D0684CD 		.ascii	"-\006\204\315\230\207\323\307\303\211\313\002\235\002"
 140      9887D3C7 
 140      C389CB02 
 140      9D02
 141 007c A59CDEDD 		.ascii	"\245\234\336\335\357\247\363\312f\225\212+w\374\311"
 141      EFA7F3CA 
 141      66958A2B 
 141      77FCC9
 142 008b 9A4C9F28 		.ascii	"\232L\237(\237-\014J2\236\206\037\313\360\353\031+("
 142      9F2D0C4A 
 142      329E861F 
 142      CBF0EB19 
 142      2B28
 143 009d 23A62F52 		.ascii	"#\246/R\357c\371\246\307\021\244\001\256\257\302$\326"
 143      EF63F9A6 
 143      C711A401 
 143      AEAFC224 
 143      D6
 144 00ae 428B675E 		.ascii	"B\213g^W\275\177\364*\367j\006\331jn`\013\006\372x\263"
 144      57BD7FF4 
 144      2AF76A06 
 144      D96A6E60 
 144      0B06FA78 
 145 00c3 22E5523F 		.ascii	"\"\345R?\2278\352v\351\026\231\335\327\355\371\361\242"
 145      9738EA76 
 145      E91699DD 
 145      D7EDF9F1 
 145      A2
 146 00d4 DF7E09C5 		.ascii	"\337~\011\305\237;\362f}\365K\012\374\031EX\203\211"
 146      9F3BF266 
 146      7DF54B0A 
 146      FC194558 
 146      8389
 147 00e6 753D868F 		.ascii	"u=\206\217\011a\360S\262'sli\013\236/\362h\341\345!"
 147      0961F053 
 147      B227736C 
 147      690B9E2F 
 147      F268E1E5 
 148 00fb F73BD58D 		.ascii	"\367;\325\215\264Ig\352\306\347`\032\266\360b\223]l"
 148      B44967EA 
 148      C6E7601A 
 148      B6F06293 
ARM GAS  /tmp/ccTTxa8L.s 			page 11


 148      5D6C
 149 010d 68175CEF 		.ascii	"h\027\\\357\275>8)\220\013*\321\245\316\237S%\303l\325"
 149      BD3E3829 
 149      900B2AD1 
 149      A5CE9F53 
 149      25C36CD5 
 150 0121 C4161C8C 		.ascii	"\304\026\034\214\261P=IC\356`|\316\012.j\310\3314la"
 150      B1503D49 
 150      43EE607C 
 150      CE0A2E6A 
 150      C8D9346C 
 151 0136 611B12E5 		.ascii	"a\033\022\345\376\037\002;\010\322=\342\347\003\331"
 151      FE1F023B 
 151      08D23DE2 
 151      E703D9
 152 0145 3D530B66 		.ascii	"=S\013fQ\374\007\330+\264C\216\013\003\001\371\275\""
 152      51FC07D8 
 152      2BB4438E 
 152      0B0301F9 
 152      BD22
 153 0157 51196A0E 		.ascii	"Q\031j\016\313h{\213\214v\004ZH\376\177i\213\264wDe"
 153      CB687B8B 
 153      8C76045A 
 153      48FE7F69 
 153      8BB47744 
 154 016c 43637D65 		.ascii	"Cc}e\205\254\253\253\222\2155\365\261 \263M\341pk D"
 154      85ACABAB 
 154      928D35F5 
 154      B120B34D 
 154      E1706B20 
 155 0181 9FAAA192 		.ascii	"\237\252\241\222\365"
 155      F5
 156              		.text
 157              		.section	.gnu.lto_.symbol_nodes.141aebdc17cde821,"",%progbits
 158 0000 789C55C8 		.ascii	"x\234U\310K\015\2000\020\006\341\331\226\242\013Dq\376"
 158      4B0D8030 
 158      1006E1D9 
 158      96A20B44 
 158      71FE
 159 0012 57022250 		.ascii	"W\002\"P\201\0104`\200\247\000B\341\266\207\311$_\013"
 159      81083460 
 159      80A70042 
 159      E1B687C9 
 159      245F0B
 160 0025 0C35D286 		.ascii	"\0145\322\206`\\\3706{_eG\026\345@)\312\211r\224\013"
 160      605CF836 
 160      7B5F6547 
 160      16E54029 
 160      CA897294 
 161 003a 3541EC46 		.ascii	"5A\354F\345\027p\357 S\230\326\307x\001V\203\037\016"
 161      E51770EF 
 161      205398D6 
 161      C7780156 
 161      831F0E
 162              		.text
 163              		.section	.gnu.lto_.refs.141aebdc17cde821,"",%progbits
 164 0000 789C6363 		.ascii	"x\234cc```\004b\006\000\000D\000\010"
ARM GAS  /tmp/ccTTxa8L.s 			page 12


 164      60606004 
 164      62060000 
 164      440008
 165              		.text
 166              		.section	.gnu.lto_.decls.141aebdc17cde821,"",%progbits
 167 0000 789CBD57 		.ascii	"x\234\275WkP\024W\026\356\333w\300qx\231\321\262t\327"
 167      6B501457 
 167      16EEDB77 
 167      C0717899 
 167      D1B274D7 
 168 0014 ADB22C2C 		.ascii	"\255\262,,\251\332@\013&\253\251\244\266bF\327MmH\266"
 168      A9DA400B 
 168      26ABA9A4 
 168      B66246D7 
 168      4D6D48B6 
 169 0028 46B66A6B 		.ascii	"F\266jk\177\354\204\214\223\310\206\001\226\031\267"
 169      7FEC848C 
 169      93C88601 
 169      9619B7
 170 0037 36B53FB6 		.ascii	"6\265?\266y)>\022A\361\001B\000\021\004E\304\007\"\""
 170      79293E12 
 170      41F10142 
 170      00110445 
 170      C4072222 
 171 004b 32014540 		.ascii	"2\001E@PDDAE|#f\021\360\201\212\312\236{o7\3354L\342"
 171      50444441 
 171      457C2366 
 171      11F0818A 
 171      CA9E7B6F 
 172 0064 9FDD2ECE 		.ascii	"\237\335.\316\320\347\336\357~\347\273\347\334\333}"
 172      D0E7DEEF 
 172      7EE7BBE7 
 172      DCDB7D
 173 0073 DB93E3B8 		.ascii	"\333\223\343\270\316\2678n6\346\270B\304q#pyB\333\017"
 173      CEB7386E 
 173      36E6B842 
 173      C4712370 
 173      7942DB0F 
 174 0087 60E0722E 		.ascii	"`\340r.\216]\244\255\036\254\011\354,X\013\330\005\260"
 174      8E5DA4AD 
 174      1EAC09EC 
 174      2C580BD8 
 174      05B0
 175 0099 8BDCF82B 		.ascii	"\213\334\370+\025\006\002\035\3679X;\330i\251\235\227"
 175      1506021D 
 175      F739583B 
 175      D869A99D 
 175      97
 176 00aa 38261A93 		.ascii	"8&\032\223\016c\364\322\030#\3304)\366/\240}&X/\334"
 176      0E63F4D2 
 176      1823D834 
 176      29F62FA0 
 176      7D26582F 
 177 00bf 5FE518AF 		.ascii	"_\345\030\257\016|O0\017\3048\211\246Y\210\351\3755"
 177      0E7C4F30 
 177      0FC43889 
 177      A65988E9 
ARM GAS  /tmp/ccTTxa8L.s 			page 13


 177      FD35
 178 00d1 1ACB9B05 		.ascii	"\032\313\233\005\276N\342\225\271\256Js\223\307\223"
 178      BE4EE295 
 178      B9AE4A73 
 178      93C793
 179 00e0 F9046AC6 		.ascii	"\371\004j\306\221+\367\0155!I\023/\345E\220\264,\324"
 179      912BF70D 
 179      35214913 
 179      2FE54590 
 179      B42CD4
 180 00f3 70EE96F8 		.ascii	"p\356\226\370\324\\\363~\206\217\344\370=\211\357}\015"
 180      D45CF37E 
 180      868FE4F8 
 180      3D89EF7D 
 180      0D
 181 0104 5F1A46D7 		.ascii	"_\032F\327\352\213\366\342\365\030\3153 R9?h\332\377"
 181      EA8BF6E2 
 181      F518CD33 
 181      2052393F 
 181      68DAFF
 182 0117 63C5731F 		.ascii	"c\305s\037\326D\020\307\343\262\032&a\236\336\267o:"
 182      D64410C7 
 182      E3B21A26 
 182      619EDEB7 
 182      6F3A
 183 0129 B6DF3BA8 		.ascii	"\266\337;\250Xd\227\376}\016\225!,S\265n\034\3345\011"
 183      586497FE 
 183      7D0E9521 
 183      2C53B56E 
 183      1CDC3509 
 184 013d FB53E0F9 		.ascii	"\373S\340\371\304\322LBk4 \035\270\003\315\031\267|"
 184      C4D24C42 
 184      6B34201D 
 184      B803CD19 
 184      B77C
 185 014f C19D6640 		.ascii	"\301\235f@\263\3230\177\275c\370\252/2\004$\213b\274"
 185      B3D3307F 
 185      BD63F8AA 
 185      2F320424 
 185      8B62BC
 186 0162 9893204E 		.ascii	"\230\223 N\376=\207*\320,t\024\315\342P%\012 \241\217"
 186      FE3D872A 
 186      D02C7414 
 186      CDE25025 
 186      0A20A18F 
 187 0176 A0200E1D 		.ascii	"\240 \016\035\206\306C\320X@\302\271F\236\314K]#\212"
 187      86C643D0 
 187      5840C2B9 
 187      469ECC4B 
 187      5D238A
 188 0189 3C3A860C 		.ascii	"<:\206\014\250\034a\212\201\231\31530\001E\273Rwz\342"
 188      A81C618A 
 188      8199CD33 
 188      300145BB 
 188      52777AE2 
 189 019d 724414F0 		.ascii	"rD\024\360\225;\356\234\342\335\3058\3416\306\351\243"
 189      953BEE9C 
ARM GAS  /tmp/ccTTxa8L.s 			page 14


 189      E2DDC538 
 189      E136C6E9 
 189      A3
 190 01ae 73EA9248 		.ascii	"s\352\222H\214*\210q\\\211\001!Y\220\215eW^\372\341"
 190      8C2A8871 
 190      5C890121 
 190      59908D65 
 190      575EFAE1 
 191 01c2 E3341F7C 		.ascii	"\3434\037|\322\271#\367\335\006\371\301m\220\241\313"
 191      D2B923F7 
 191      DD06F9C1 
 191      6D90A1CB 
 192 01d2 FEDBDB44 		.ascii	"\376\333\333Dq6rA\220j%H\025\015BZ!P\335HM\005\276\216"
 192      71367241 
 192      906A2548 
 192      150D425A 
 192      2150DD48 
 193 01ea AE21A822 		.ascii	"\256!\250\"\322\321$#\304~\341?1\352\217\310\027b\355"
 193      D2D12423 
 193      C47EE13F 
 193      31EA8FC8 
 193      1762ED
 194 01fd D0CAB37F 		.ascii	"\320\312\263\177\022\2248\362\0204\332\302K\034\274"
 194      129438F2 
 194      1034DAC2 
 194      4B1CBC
 195 020c CC4BFF24 		.ascii	"\314K\377$\002\244fe\375,\234|\2615\306nT\343X\023\257"
 195      02A46665 
 195      FD2C9C7C 
 195      B135C66E 
 195      54E35813 
 196 0221 04530D19 		.ascii	"\004S\015\031\247\225\033\355\036\025\245L\022Ik\252"
 196      A7951BED 
 196      1E15A54C 
 196      12496BAA 
 197 0231 A635AEC7 		.ascii	"\2465\256\307\320\215\272\240\367/\034\227\242\267\323"
 197      D08DBAA0 
 197      F72F1C97 
 197      A2B7D3
 198 0240 D5B5E660 		.ascii	"\325\265\346`\337u\017\374\212\255\311S#C.?\266\324"
 198      DF750FFC 
 198      8AADC953 
 198      23432E3F 
 198      B6D4
 199 0252 78B20AFB 		.ascii	"x\262\012\373\233\262\274\330R\233\002n\361\206\221"
 199      9BB2BCD8 
 199      529B026E 
 199      F18691
 200 0261 348F195B 		.ascii	"4\217\031[I\332S\022\304)<\372|:\252\203b\234\202bp"
 200      49DA5312 
 200      C4293CFA 
 200      7C3AAA83 
 200      629C8262 
 201 0276 E8349A01 		.ascii	"\3504\232\001\277Q:\026\254\256\361\346\031\303\234"
 201      BF513A16 
 201      ACAEF1E6 
 201      19C39C
ARM GAS  /tmp/ccTTxa8L.s 			page 15


 202 0285 1C31A75B 		.ascii	"\0341\247[t\335\353\231\177\357\260(\302R\020u\004\206"
 202      74DDEB99 
 202      7FEFB028 
 202      C2521075 
 202      0486
 203 0297 4E2A653A 		.ascii	"N*e:I\326<\252E\335\010\325\240\353 \255\036\315\201"
 203      49D63CAA 
 203      45DD08D5 
 203      A0EB20AD 
 203      1ECD81
 204 02aa E109C59D 		.ascii	"\341\011\305\235\353<\360\367\230\252*-\336wM\257\343"
 204      EB3CF0F7 
 204      98AA2A2D 
 204      DE774DAF 
 204      E3
 205 02bb 59354904 		.ascii	"Y5I\004h\023\327\267m\362s\253\345\014\325\322\210$"
 205      6813D7B7 
 205      6DF273AB 
 205      E50CD5D2 
 205      8824
 206 02cd 311D977A 		.ascii	"1\035\227z\267\372\200\230n\020\323;3Ct\305\213dY\002"
 206      B7FA8098 
 206      6E10D33B 
 206      334374C5 
 206      8B645902 
 207 02e1 0A352852 		.ascii	"\0125(R\032\264R\232\250\224\206\341\203\276x/S\262"
 207      1AB4529A 
 207      A89486E1 
 207      83BE782F 
 207      53B2
 208 02f3 67E86CBB 		.ascii	"g\350l\273^\"\352\374\345(\021\231S\263B\324\254%:K"
 208      5E22EAFC 
 208      E5281199 
 208      53B342D4 
 208      AC253A4B 
 209 0307 89361D1A 		.ascii	"\2116\035\032\312\366\300\345\214\251)\241\244\301K"
 209      CAF6C0E5 
 209      8CA929A1 
 209      A4C14B
 210 0316 626AFCD5 		.ascii	"bj\374\325\030I\347\024\246sZ\246\026\312T\374\270\345"
 210      1849E714 
 210      A6735AA6 
 210      16CA54FC 
 210      B8E5
 211 0328 A00FAE61 		.ascii	"\240\017\256aL/7\256\036\340\325\231 IRR\321:\246,\361"
 211      4C2F37AE 
 211      1EE0D599 
 211      20495252 
 211      D13AA62C 
 212 033d 55ADF9F2 		.ascii	"U\255\371\362\004\316fO\317M\020\013E\262y\000\205\316"
 212      04CE664F 
 212      CF4D100B 
 212      45B27900 
 212      85CE
 213 034f 2B71CF6B 		.ascii	"+q\317k\343^\240q\0076<\314\361\303\315,\356\310@I\273"
 213      E35EA071 
 213      07363CCC 
ARM GAS  /tmp/ccTTxa8L.s 			page 16


 213      F1C3CD2C 
 213      EEC84049 
 214 0364 07A1824D 		.ascii	"\007\241\202Mxn\370\203\254\322\0361\331@\227\001jS"
 214      786EF883 
 214      ACD21E31 
 214      D9409701 
 214      6A53
 215 0376 98DAA467 		.ascii	"\230\332\244g\032\272H\031\262_\016\247\373z\257\033"
 215      1ABA4819 
 215      B25F0EA7 
 215      FB7AAF1B 
 216 0386 DDE2142E 		.ascii	"\335\342\024.\357r\016\265#o\012\206\377\000.\277\261"
 216      EF720EB5 
 216      236F0A86 
 216      FF002EBF 
 216      B1
 217 0397 A57A325B 		.ascii	"\245z2[\215\227I\304\214\312\307\215\036\314\327\223"
 217      8D9749C4 
 217      8CCAC78D 
 217      1ECCD793 
 218 03a7 EEBEBDE5 		.ascii	"\356\276\275\345>lu\272H\367\205\273\271\211\336\254"
 218      3E6C75BA 
 218      48F785BB 
 218      B989DEAC 
 219 03b7 BB85F8B5 		.ascii	"\273\205\370\265\355\247\373ux\255\216\252\335\336z"
 219      EDA7FB75 
 219      78AD8EAA 
 219      DDDE7A
 220 03c6 60A9011E 		.ascii	"`\251\001\036-\011o\364\374\"\005j\032n\366\300\033"
 220      2D096FF4 
 220      FC22056A 
 220      1A6EF6C0 
 220      1B
 221 03d7 D9E8F5A7 		.ascii	"\331\350\365\247\312\352\244Gp=\361\323\216\325Vz\341"
 221      CAEAA447 
 221      703DF1D3 
 221      8ED5567A 
 221      E1
 222 03e8 4DACF3D6 		.ascii	"M\254\363\326\272\233\265\236x\033sdQFIT\366\225'\215"
 222      BA9BB59E 
 222      781B7364 
 222      51464954 
 222      F695278D 
 223 03fc 08EF609D 		.ascii	"\010\357`\235\225\345\307\353\244\011\314Wm/#\333^G"
 223      95E5C7EB 
 223      A409CC57 
 223      6D2F23DB 
 223      5E47
 224 040e EE36D419 		.ascii	"\3566\324\031\330|D\004~U\353\325\017q\016\033Y3X\272"
 224      D87C4404 
 224      7E55EBD5 
 224      0F710E1B 
 224      593358BA 
 225 0422 5B9A1B06 		.ascii	"[\232\033\006\267;\245v\304\217LG\224\322\010\355J\026"
 225      B73BA576 
 225      C48F4C47 
 225      94D208ED 
ARM GAS  /tmp/ccTTxa8L.s 			page 17


 225      4A16
 226 0434 7BC8A30F 		.ascii	"{\310\243\017\011\263\320=6\225')\245\2773\246\320\005"
 226      09B3D03D 
 226      36952729 
 226      A5BF33A6 
 226      D005
 227 0446 228A1FEA 		.ascii	"\"\212\037\352\350\343\370\016\240oS\364}d\224\307\020"
 227      E8E3F80E 
 227      A06F53F4 
 227      7D6494C7 
 227      10
 228 0457 70DC8DFC 		.ascii	"p\334\215\374._5\372\352O\241K\362\362\267\031\360."
 228      2E5F35FA 
 228      EA4FA14B 
 228      F2F2B719 
 228      F02E
 229 0469 2672C7A3 		.ascii	"&r\307\243k\367\245z\005\200[\360\2642A\217\013Y\337"
 229      6BF7A57A 
 229      05805BF0 
 229      B432418F 
 229      0B59DF
 230 047c E61359CD 		.ascii	"\346\023Y\315\223p1s\344W\230\221\276\302P\374\245\217"
 230      93703173 
 230      E4579891 
 230      BEC250FC 
 230      A58F
 231 048e 7029EBA9 		.ascii	"p)\353\251N\335t\015\341\303\314\351K\274\323-\345g"
 231      4EDD740D 
 231      E1C3CCE9 
 231      4BBCD32D 
 231      E567
 232 04a0 06B85BCE 		.ascii	"\006\270[\316<\230\207+X\327\353\372\332y\270\232\335"
 232      3C98872B 
 232      58D7EBFA 
 232      DA79B89A 
 232      DD
 233 04b1 D71D29DC 		.ascii	"\327\035)\334\215\360)\346\014f\324=0\340\006\346\344"
 233      8DF029E6 
 233      0C66D43D 
 233      30E006E6 
 233      E4
 234 04c2 B4661ED5 		.ascii	"\264f\036\325\343&\346\024<\333Z\340\215\3173\247\255"
 234      E326E614 
 234      3CDB5AE0 
 234      8DCF33A7 
 234      AD
 235 04d3 E262B217 		.ascii	"\342b\262\027ngN\362\201\003\333\275p's\342+;R\245G"
 235      6E674EF2 
 235      8103DBBD 
 235      702773E2 
 235      2B3B52A5 
 236 04e8 6037F16F 		.ascii	"`7\361o\347\337\316\231,U\305\023\374u\255MC\010w1p"
 236      E7DFCE99 
 236      2C55C513 
 236      FC75AD4D 
 236      43087731 
 237 04fd 6AFFE066 		.ascii	"j\377\340fO\267ux-\327a>-CyY\336C\275\266\016\035\200"
ARM GAS  /tmp/ccTTxa8L.s 			page 18


 237      4FB77578 
 237      2DD7613E 
 237      2D437959 
 237      DE43BDB6 
 238 0514 BE4CD123 		.ascii	"\276L\321#4\263\257\345\314\236<Y\365\012i\353\340\016"
 238      34B3AFE5 
 238      CC9E3C59 
 238      F50A69EB 
 238      E00E
 239 0526 3DDDB526 		.ascii	"=\335\265&'\311\013\371\263k\252\277|\005\220\237\235"
 239      27C90BF9 
 239      B36BAABF 
 239      7C05909F 
 239      9D
 240 0537 626282E8 		.ascii	"bb\202\350\272\236\211;\367}\367\255\230S\203(\325\177"
 240      BA9E893B 
 240      F77DF7AD 
 240      98538328 
 240      D57F
 241 0549 608F26F3 		.ascii	"`\217&\363S\225}\360#\345\255 \277\034\033\322\033\011"
 241      53957DF0 
 241      23E5AD20 
 241      BF1C1BD2 
 241      1B09
 242 055b CFA5444C 		.ascii	"\317\245DL\341\217\265\360A\012\017V\320\215*\3643-"
 242      E18FB5F0 
 242      410A0F56 
 242      D08D2AF4 
 242      332D
 243 056d FAF21874 		.ascii	"\372\362\030t\234\350\272i\217\243\350^dDw%\264\274"
 243      9CE8BA69 
 243      8FA3E85E 
 243      64447725 
 243      B4BC
 244 057f CAD0AD71 		.ascii	"\312\320\255qRZU\344C\023\223\253\341\235*\370S-\374"
 244      525A55E4 
 244      431393AB 
 244      E19D2AF8 
 244      532DFC
 245 0592 B656F90B 		.ascii	"\266V\371\013\273\202\276\256Ew\251\310S\245j\210\360"
 245      BB82BEAE 
 245      4577A9C8 
 245      53A56A88 
 245      F0
 246 05a3 62412F01 		.ascii	"bA/\0011L;\011\036\036\037h\023\037\2006\360\376h-X"
 246      314C3B09 
 246      1E1E1F68 
 246      131F8036 
 246      F0FE682D 
 247 05b8 025812D8 		.ascii	"\002X\022\330j\2604\260x\260u`\337\201}\013\266\025"
 247      6AB034B0 
 247      78B07560 
 247      DF817D0B 
 247      B615
 248 05ca 2C0E6C0B 		.ascii	",\016l\013X\"X\012\330z\2605`\233\3016\202\245\362\376"
 248      5822580A 
 248      D87AB035 
ARM GAS  /tmp/ccTTxa8L.s 			page 19


 248      609BC136 
 248      82A5F2FE 
 249 05de F4D9C954 		.ascii	"\364\331\311T\326\250\346\364\\\253R\320f`P\205~4q\355"
 249      D6A8E6F4 
 249      5CAB52D0 
 249      66605085 
 249      7E3471ED 
 250 05f2 C6C05529 		.ascii	"\306\300U)\350\2368\005\352\204}\255\240_L(E\005\256"
 250      E89E3805 
 250      EA847DAD 
 250      A05F4C28 
 250      4505AE
 251 0605 5151F76B 		.ascii	"QQ\367k\301\017\307)y\241\022>01\\\275\350\242\024\364"
 251      C10FC729 
 251      79A1123E 
 251      30315CBD 
 251      E8A214F4 
 252 0619 152DBA73 		.ascii	"\025-\272s\374\212Vi\271\251\205\337\030\013\207\365"
 252      FC8A5669 
 252      B9A985DF 
 252      180B87F5 
 253 0629 D91AC516 		.ascii	"\331\032\305\026\251\310\033\321+\011.oAtI\321\302N"
 253      A9C81BD1 
 253      2B092E6F 
 253      417449D1 
 253      C24E
 254 063b A24F1F18 		.ascii	"\242O\037\030\343`i\020\024'\275\376\224\352\325\365"
 254      E3606910 
 254      1427BDFE 
 254      94EAD5F5 
 255 064b 19F312C4 		.ascii	"\031\363\022\304\372\3714\364\265\211\225\252\346uS"
 255      FAF934F4 
 255      B58995AA 
 255      E67553
 256 065a 95852713 		.ascii	"\225\205'\023/\3401\353]5\257\007Z\370\255qIS\241\373"
 256      2FE031EB 
 256      5D35AF07 
 256      5AF8AD71 
 256      4953A1FB 
 257 066e 267E0C50 		.ascii	"&~\014P4\371\244ij/\364\305[=\350\011\275,\271\243\330"
 257      34F9A469 
 257      6A2FF4C5 
 257      5B3DE809 
 257      BD2CB9A3 
 258 0683 0F054C65 		.ascii	"\017\005Le\323\355\352\363\204\317\026\224\016\203\267"
 258      D3EDEAF3 
 258      84CF1694 
 258      0E83B7
 259 0692 F1A3EF7B 		.ascii	"\361\243\357{2y7\033\005m\207\375\361\277\336+\240\371"
 259      3279371B 
 259      056D87FD 
 259      F1BFDE2B 
 259      A0F9
 260 06a4 58756EB9 		.ascii	"Xun\271N}\306HW\315\217C\031<;c\300\177\000\347\036"
 260      4E7DC648 
 260      57CD8F43 
 260      193C3B63 
ARM GAS  /tmp/ccTTxa8L.s 			page 20


 260      C07F00E7 
 261 06b9 7A9CE183 		.ascii	"z\234\341\203w\322\011\242\334[\003\273\310\351\310"
 261      77D209A2 
 261      DC5B03BB 
 261      C8E9C8
 262 06c8 D54D8E34 		.ascii	"\325M\2164\357\024]\356\021E\340ID:z0\333\241L\023n"
 262      EF145DEE 
 262      1145E049 
 262      443A7A30 
 262      DBA14C13 
 263 06dd C71E9032 		.ascii	"\307\036\2202yr\274I\021\267\257\365\304e\214-\257\267"
 263      7972BC49 
 263      11B7AFF5 
 263      C4658C2D 
 263      AFB7
 264 06ef A2567ADB 		.ascii	"\242Vz\333\373\200{ugZ\276\216\275Hzh\260\346G[\015"
 264      FB807B75 
 264      675ABE8E 
 264      BD487A68 
 264      B0E6475B 
 265 0704 B8966187 		.ascii	"\270\226a\207{\322:\020\303\022Uw\217\245\2354\270}"
 265      7BD23A10 
 265      C3125577 
 265      8FA59D34 
 265      B87D
 266 0716 AFECE4A5 		.ascii	"\257\354\344\245\367J.O_,\027\237U\275\360\306M\224"
 266      F74A2E4F 
 266      5F2C179F 
 266      55BDF0C6 
 266      4D94
 267 0728 49579CB0 		.ascii	"IW\234\260\247_\207\002f!\200#C\201\374y\311\241\335"
 267      A75F8702 
 267      66218023 
 267      4381FC79 
 267      C9A1DD
 268 073b BC01E5F1 		.ascii	"\274\001\345\361X\376^\315\020\201\276\377\337\244\031"
 268      58FE5ECD 
 268      1081BEFF 
 268      DFA419
 269 074a EEF5F43F 		.ascii	"\356\365\364?\375\364\022\363D<\203C\013\350k\013\355"
 269      FDF412F3 
 269      443C8343 
 269      0BE86B0B 
 269      ED
 270 075b 823AEDA6 		.ascii	"\202:\355\246\361\012\370Y(\237\005\024\305\226\207"
 270      F10AF859 
 270      289F0514 
 270      C59687
 271 076a 1ECABB09 		.ascii	"\036\312\273\011Q\356l\350\377\236'\372\012y\243\254"
 271      51EE6CE8 
 271      FF9E27FA 
 271      0A79A3AC 
 272 077a 92A00F64 		.ascii	"\222\240\017d\326?\237l\220\270\223\177\216{d[\346\300"
 272      D63F9F6C 
 272      90B8937F 
 272      8E7B645B 
 272      E6C0
ARM GAS  /tmp/ccTTxa8L.s 			page 21


 273 078c 243577D1 		.ascii	"$5w\321Oq?[\263\177#\232\233'\266\270\310g\306\007\351"
 273      4F713F5B 
 273      B37F239A 
 273      9B27B6B8 
 273      C867C607 
 274 07a1 05627229 		.ascii	"\005br)Lf\017l\330\034\250\026\234\340Uc\263\240\345"
 274      4C660F6C 
 274      D81CA816 
 274      9CE05563 
 274      B3A0E5
 275 07b4 AF3C87F6 		.ascii	"\257<\207\366\362sa\350\225\221\212\034\037|\236\345"
 275      F27361E8 
 275      95918A1C 
 275      1F7C9EE5 
 276 07c4 FF61DE81 		.ascii	"\377a\336\201|\257\321\312\373\357UU"
 276      7CAFD1CA 
 276      FBEF5555 
 277 07d0 9E9C508B 		.ascii	"\236\234P\213\225\312\027k+\277\217V\276\372\376\256"
 277      95CA176B 
 277      2BBF8F56 
 277      BEFAFEAE 
 278 07e0 0C1DBEC5 		.ascii	"\014\035\276\305\330\262.\244\037\367\224\330z\337f"
 278      D8B22EA4 
 278      1FF794D8 
 278      7ADF66
 279 07ef 87FB5C76 		.ascii	"\207\373\\v\270/Q\230J\264L\373)SWQ+\234\224\0363\246"
 279      B82F5198 
 279      4AB44CFB 
 279      29535751 
 279      2B9C941E 
 280 0805 4B1D8915 		.ascii	"K\035\211\025\322\272\360R\235\210\247I'\342W\375-\257"
 280      D2BAF052 
 280      9D88A749 
 280      27E257FD 
 280      2DAF
 281 0817 A46321F9 		.ascii	"\244c!\371\314\035\256_\235\215\334.\233\303\362\262"
 281      CC1DAE5F 
 281      9D8DDC2E 
 281      9BC3F2B2 
 282 0827 39C4327D 		.ascii	"9\3042}\342Lk\207\257\266\212\007![\007h\266\312h\246"
 282      E24C6B87 
 282      AFB68A07 
 282      215B0768 
 282      B6CA68A6 
 283 083b 0FCB996E 		.ascii	"\017\313\231n\353\332`\322\226\305-8\251\364\362f<Z"
 283      EBDA60D2 
 283      96C52D38 
 283      A9F4F266 
 283      3C5A
 284 084d 96B7B3A4 		.ascii	"\226\267\263\244\262\034\221\312\002_1\252\261\245R"
 284      B21C91CA 
 284      025F31AA 
 284      B1A552
 285 085c 59CA6959 		.ascii	"Y\312iY\216l\333\362[\034\357Ig\177pO\317\025\235R\225"
 285      8E6CDBF2 
 285      5B1CEF49 
 285      677F704F 
ARM GAS  /tmp/ccTTxa8L.s 			page 22


 285      CF159D52 
 286 0871 9241A52A 		.ascii	"\222A\245*\344\203\345\250\222\313\243\332\\V\320\\"
 286      E483E5A8 
 286      92CBA3DA 
 286      5C56D05C 
 287 0881 DE2F7AB6 		.ascii	"\336/z\266\306\003oflI\375I\351\274\"*[#\352\302\030"
 287      C6036F66 
 287      6C49FD49 
 287      E9BC222A 
 287      5B23EAC2 
 288 0896 51C72451 		.ascii	"Q\307$Q\225\374\\nFP\220\300\376\242\035\302\312\360"
 288      95FC5C6E 
 288      465090C0 
 288      FEA21DC2 
 288      CAF0
 289 08a8 48C1116B 		.ascii	"H\301\021k\025\034\316 \253~\331\247\177\232m\012\016"
 289      151CCE20 
 289      AB7ED9A7 
 289      7F9A6D0A 
 289      0E
 290 08b9 E60C16CB 		.ascii	"\346\014\026\313\252\210(\347\202\020\213s5\022VF\333"
 290      AA8828E7 
 290      82108B73 
 290      35125646 
 290      DB
 291 08ca 6D42B8D5 		.ascii	"mB\270\325a\013\214\014\377BX\022m]e\267E9\035B\230"
 291      610B8C0C 
 291      FF425812 
 291      6D5D65B7 
 291      45391D42 
 292 08df 2DDCFE07 		.ascii	"-\334\376\007a\25152\"\306a\263\330\002cVY\277\016\021"
 292      61A93532 
 292      22C661B3 
 292      D8026356 
 292      59BF0E11 
 293 08f3 C2A2A323 		.ascii	"\302\242\243#\035\302WVk`x\254=0*:\312\026h\013\377"
 293      1DC25756 
 293      6B6078AC 
 293      3D302A3A 
 293      CA16680B 
 294 0908 22227061 		.ascii	"\"\"pa`\310\374\340\205\201\177\177'\320\036\376\267"
 294      60C8FCE0 
 294      85817F7F 
 294      27D01EFE 
 294      B7
 295 0919 E858614C 		.ascii	"\350XaL\257\020\021e\215\\\265\302&\330\303\255+#\242"
 295      AF101165 
 295      8D5CB5C2 
 295      26D8C3AD 
 295      2B23A2
 296 092c 6C826585 		.ascii	"l\202e\205\355\313\360U\221N\213\363\233\030\233#h%"
 296      EDCBF055 
 296      914E8BF3 
 296      9B189B23 
 296      6825
 297 093e A79705FD 		.ascii	"\247\227\005\375\353\377\252\307\361\215C\2608\234+"
 297      EBFFAAC7 
ARM GAS  /tmp/ccTTxa8L.s 			page 23


 297      F18D43B0 
 297      389C2B
 298 094d 20388898 		.ascii	" 8\210\230\014\2563\302n\2638\177\243\316aTD\244\020"
 298      0CAE33C2 
 298      6EB3387F 
 298      A3CE6154 
 298      44A410
 299 0960 131D0B12 		.ascii	"\023\035\013\022\026\233CM\241\377\024\254\321\366\230"
 299      169B434D 
 299      A1FF14AC 
 299      D1F698
 300 096f 88485BAC 		.ascii	"\210H[\254CXf2\221ny\026\236\016\347\307Q\021\316\231"
 300      43586632 
 300      916E7916 
 300      9E0EE7C7 
 300      5111CE99 
 301 0983 EE2AC079 		.ascii	"\356*\300y;\234\313\235\341\261\316\305\221\240\307"
 301      3B9CCB9D 
 301      E1B1CEC5 
 301      91A0C7
 302 0992 8B38D131 		.ascii	"\2138\3211\364\336\000\3676\247|\273\3146\212\260DF"
 302      F4DE00F7 
 302      36A77CBB 
 302      CC368AB0 
 302      4446
 303 09a4 AEB04400 		.ascii	"\256\260D\000\251\240%e\222\226\207\205.\010\021>\371"
 303      A9A02565 
 303      92968785 
 303      2E08113E 
 303      F9
 304 09b5 648910F6 		.ascii	"d\211\020\366q\350?\202\0056\002\264x\230L\241\346\005"
 304      71E83F82 
 304      053602B4 
 304      78984CA1 
 304      E605
 305 09c7 FC6766DD 		.ascii	"\374gf\335\222\320\305f\274\304d\326}\264$\314\214M"
 305      92D0C566 
 305      BCC464D6 
 305      7DB424CC 
 305      8C4D
 306 09d9 26333683 		.ascii	"&36\203-6\233\361\037\227\233\260\351\3230\235\311\264"
 306      2D369BF1 
 306      1F979BB0 
 306      E9D3309D 
 306      C9B4
 307 09eb D44CF121 		.ascii	"\324L\361!\3647\030/]f\346\227\303\310\217\227\232u"
 307      F437182F 
 307      5D66E697 
 307      C3C88F97 
 307      9A75
 308 09fd CB43016D 		.ascii	"\313C\001m2\207\200\005\003\362\317\346\2207Ub'\005"
 308      32878005 
 308      03F2CFE6 
 308      90375562 
 308      2705
 309 0a0f 8DB08318 		.ascii	"\215\260\203\030\257Q\307\3424J\223r\220DX\302\311<"
 309      AF51C7E2 
ARM GAS  /tmp/ccTTxa8L.s 			page 24


 309      344A9372 
 309      904458C2 
 309      C93C
 310 0a21 7D2C962F 		.ascii	"},\226/WEY-\226\240w\027-\\\244\227=\235uex\354[\243"
 310      5745592D 
 310      96A07717 
 310      2D5CA497 
 310      3D9D7565 
 311 0a39 F0E81886 		.ascii	"\360\350\030\206\236\"\267\330&\030\276\350]\271\373"
 311      9E22B7D8 
 311      2618BEE8 
 311      5DB9FB
 312 0a48 AB09BBDF 		.ascii	"\253\011\273\337\373/a\373#\026"
 312      FB2F61FB 
 312      2316
 313              		.text
 314              		.section	.gnu.lto_.symtab.141aebdc17cde821,"",%progbits
 315 0000 7374496E 		.ascii	"stInit\000"
 315      697400
 316 0007 00       		.ascii	"\000"
 317 0008 00       		.ascii	"\000"
 318 0009 00       		.ascii	"\000"
 319 000a 00000000 		.ascii	"\000\000\000\000\000\000\000\000"
 319      00000000 
 320 0012 C8000000 		.ascii	"\310\000\000\000"
 321 0016 73745374 		.ascii	"stStartAlarm\000"
 321      61727441 
 321      6C61726D 
 321      00
 322 0023 00       		.ascii	"\000"
 323 0024 00       		.ascii	"\000"
 324 0025 00       		.ascii	"\000"
 325 0026 00000000 		.ascii	"\000\000\000\000\000\000\000\000"
 325      00000000 
 326 002e CC000000 		.ascii	"\314\000\000\000"
 327 0032 73745374 		.ascii	"stStopAlarm\000"
 327      6F70416C 
 327      61726D00 
 328 003e 00       		.ascii	"\000"
 329 003f 00       		.ascii	"\000"
 330 0040 00       		.ascii	"\000"
 331 0041 00000000 		.ascii	"\000\000\000\000\000\000\000\000"
 331      00000000 
 332 0049 CE000000 		.ascii	"\316\000\000\000"
 333 004d 73745365 		.ascii	"stSetAlarm\000"
 333      74416C61 
 333      726D00
 334 0058 00       		.ascii	"\000"
 335 0059 00       		.ascii	"\000"
 336 005a 00       		.ascii	"\000"
 337 005b 00000000 		.ascii	"\000\000\000\000\000\000\000\000"
 337      00000000 
 338 0063 D0000000 		.ascii	"\320\000\000\000"
 339 0067 73744765 		.ascii	"stGetAlarm\000"
 339      74416C61 
 339      726D00
 340 0072 00       		.ascii	"\000"
ARM GAS  /tmp/ccTTxa8L.s 			page 25


 341 0073 00       		.ascii	"\000"
 342 0074 00       		.ascii	"\000"
 343 0075 00000000 		.ascii	"\000\000\000\000\000\000\000\000"
 343      00000000 
 344 007d D3000000 		.ascii	"\323\000\000\000"
 345 0081 73745F6C 		.ascii	"st_lld_init\000"
 345      6C645F69 
 345      6E697400 
 346 008d 00       		.ascii	"\000"
 347 008e 02       		.ascii	"\002"
 348 008f 00       		.ascii	"\000"
 349 0090 00000000 		.ascii	"\000\000\000\000\000\000\000\000"
 349      00000000 
 350 0098 D5000000 		.ascii	"\325\000\000\000"
 351              		.text
 352              		.section	.gnu.lto_.opts,"",%progbits
 353 0000 272D666D 		.ascii	"'-fmath-errno' '-fsigned-zeros' '-ftrapping-math' '"
 353      6174682D 
 353      6572726E 
 353      6F272027 
 353      2D667369 
 354 0033 2D666E6F 		.ascii	"-fno-trapv' '-fno-openmp' '-fno-openacc' '-mcpu=cor"
 354      2D747261 
 354      70762720 
 354      272D666E 
 354      6F2D6F70 
 355 0066 7465782D 		.ascii	"tex-m3' '-mno-thumb-interwork' '-mthumb' '-O2' '-fo"
 355      6D332720 
 355      272D6D6E 
 355      6F2D7468 
 355      756D622D 
 356 0099 6D69742D 		.ascii	"mit-frame-pointer' '-ffunction-sections' '-fdata-se"
 356      6672616D 
 356      652D706F 
 356      696E7465 
 356      72272027 
 357 00cc 6374696F 		.ascii	"ctions' '-fno-common' '-flto'\000"
 357      6E732720 
 357      272D666E 
 357      6F2D636F 
 357      6D6D6F6E 
 358              		.text
 359              		.comm	__gnu_lto_v1,1,1
 360              		.comm	__gnu_lto_slim,1,1
 361              		.ident	"GCC: (GNU Tools for Arm Embedded Processors 7-2017-q4-major) 7.2.1 20170904 (release) [ARM
ARM GAS  /tmp/ccTTxa8L.s 			page 26


DEFINED SYMBOLS
                            *ABS*:0000000000000000 st.c
                            *COM*:0000000000000001 __gnu_lto_v1
                            *COM*:0000000000000001 __gnu_lto_slim

NO UNDEFINED SYMBOLS
