ARM GAS  /tmp/ccbB4yao.s 			page 1


   1              		.cpu cortex-m3
   2              		.eabi_attribute 20, 1
   3              		.eabi_attribute 21, 1
   4              		.eabi_attribute 23, 3
   5              		.eabi_attribute 24, 1
   6              		.eabi_attribute 25, 1
   7              		.eabi_attribute 26, 1
   8              		.eabi_attribute 30, 2
   9              		.eabi_attribute 34, 1
  10              		.eabi_attribute 18, 4
  11              		.file	"pal.c"
  12              		.section	.gnu.lto_.profile.55e41d7a17f606b3,"",%progbits
  13 0000 789C6363 		.ascii	"x\234cc```\001bF\006\015\031\000\000\344\000P"
  13      60606001 
  13      6246060D 
  13      190000E4 
  13      0050
  14              		.text
  15              		.section	.gnu.lto_.icf.55e41d7a17f606b3,"",%progbits
  16 0000 789C6363 		.ascii	"x\234cc``\020a@\000f\206#\237\373\2338\030\377\267\316"
  16      60601061 
  16      40006686 
  16      239FFB9B 
  16      3818FFB7 
  17 0015 79CEC134 		.ascii	"y\316\3014\357\357\212\023\374\014\000`\231\011\032"
  17      EFEF8A13 
  17      FC0C0060 
  17      99091A
  18              		.text
  19              		.section	.gnu.lto_.jmpfuncs.55e41d7a17f606b3,"",%progbits
  20 0000 789C6363 		.ascii	"x\234cc``hf@\000f\006FF\306\3729@\212\211\221\221\031"
  20      60606866 
  20      40006606 
  20      4646C6FA 
  20      39408A89 
  21 0017 C4006246 		.ascii	"\304\000bF&\030\207q\0163\023\033\003\003\343\001\026"
  21      26188771 
  21      0E33131B 
  21      0303E301 
  21      16
  22 0028 460620FE 		.ascii	"F\006 \376\017\004\374\014h|F\306)\314\214\323Z\017"
  22      0F04FC0C 
  22      687C46C6 
  22      29CC8CD3 
  22      5A0F
  23 003a 9D67EF66 		.ascii	"\235g\357f\006\352ed`\334\314(\003\024z\275g\303\015"
  23      06EA6564 
  23      60DCCC28 
  23      03147ABD 
  23      67C30D
  24 004d 56881044 		.ascii	"V\210\020D\335\026F\031\246JF\014\323\000\214y&%"
  24      DD164619 
  24      A64A460C 
  24      D3008C79 
  24      2625
  25              		.text
  26              		.section	.gnu.lto_.inline.55e41d7a17f606b3,"",%progbits
ARM GAS  /tmp/ccbB4yao.s 			page 2


  27 0000 789C6363 		.ascii	"x\234cc``\370\316\200\000\314\014\014\234\034\214\314"
  27      6060F8CE 
  27      8000CC0C 
  27      0C9C1C8C 
  27      CC
  28 0011 0C0A8C20 		.ascii	"\014\012\214 &\210t\000\223\012\034l\037\364\030\330"
  28      26887400 
  28      930A1C6C 
  28      1FF418D8 
  29 0021 16C83331 		.ascii	"\026\310310\276`g\201\220 \202\003\314\344\000\021\002"
  29      30BE6067 
  29      81902082 
  29      03CCE400 
  29      1102
  30 0033 60A600C8 		.ascii	"`\246\000\310\030F\006>^F\026F\240N\210!\012HF1p3]\340"
  30      1846063E 
  30      5E461646 
  30      A04E8821 
  30      0A484631 
  31 004b 87180564 		.ascii	"\207\030\005d\240\030\302\262@\236\007j\022\363\016"
  31      A018C2B2 
  31      409E076A 
  31      12F30E
  32 005a 710106A0 		.ascii	"q\001\006\240\2352 \276\002X^\001d2\023\003\2670\212"
  32      9D3220BE 
  32      02585E01 
  32      64321303 
  32      B7308A
  33 006d FBA04673 		.ascii	"\373\240Fs\002\345\210s\036\320R\011\220I,\274@\357"
  33      02E58873 
  33      1ED05209 
  33      90492CBC 
  33      40EF
  34 007f 4EF00341 		.ascii	"N\360\003A\006\000\373F \246"
  34      0600FB46 
  34      20A6
  35              		.text
  36              		.section	.gnu.lto_.pureconst.55e41d7a17f606b3,"",%progbits
  37 0000 789C6363 		.ascii	"x\234cc```\007bf\006)F)&I\000\001\274\000a"
  37      60606007 
  37      62660629 
  37      46292649 
  37      0001BC00 
  38              		.text
  39              		.section	.gnu.lto_palReadBus.55e41d7a17f606b3,"",%progbits
  40 0000 789C9591 		.ascii	"x\234\225\221\337KTQ\020\307\347{\346\356\331\273\231"
  40      DF4B5451 
  40      10C7E77B 
  40      E6EED9BB 
  40      99
  41 0011 FE0169B0 		.ascii	"\376\001i\260\017\202\370\262\367\277\350\3770_z\020"
  41      0F82F8B2 
  41      F7BFE8FF 
  41      305F7A10 
  42 0021 8A16C137 		.ascii	"\212\026\3017\317\256?\243\002\011\177\300r\223}0\202"
  42      CFAE3FA3 
  42      02097FC0 
ARM GAS  /tmp/ccbB4yao.s 			page 3


  42      72937D30 
  42      82
  43 0032 204A5C5D 		.ascii	" J\\]]\255\256\253\370\246fD\024D\017\365\224\210\250"
  43      5DADAEAB 
  43      F8A66644 
  43      14440FF5 
  43      9488A8
  44 0045 CFA1CE9C 		.ascii	"\317\241\316\234\253\260\017\275\010\367\316\23593\363"
  44      ABB00FBD 
  44      08F7CE9D 
  44      3933F3
  45 0054 99EFDC63 		.ascii	"\231\357\334c\211h\310\020\345\345\333)/\230`\246\366"
  45      8968C810 
  45      E5E5DB29 
  45      2F9860A6 
  45      F6
  46 0065 884AA101 		.ascii	"\210J\241\001\324q!h\330`\030\317x\232q0\372>\346\247"
  46      D4712168 
  46      D86018CF 
  46      789A7130 
  46      FA3EE6A7 
  47 0079 1C4B5920 		.ascii	"\034KY \341\351n\345O\207\206@^\302\243\343\235\332"
  47      E1E96EE5 
  47      4F878640 
  47      5EC2A3E3 
  47      9DDA
  48 008b EDDED7CE 		.ascii	"\355\336\327\316\225]2\367\302\316\327>\273\\\314\206"
  48      955D32F7 
  48      C2CED73E 
  48      BB5CCC86 
  49 009b 66A5BC86 		.ascii	"f\245\274\206.,\241Kg,\243W\212\307\016\346\306\231"
  49      2E2CA14B 
  49      672CA357 
  49      8AC70EE6 
  49      C699
  50 00ad EF82C4FF 		.ascii	"\357\202\304\377q\362\346gG\317+\337\270\275\300\256"
  50      71F2E667 
  50      47CF2BDF 
  50      B8BDC0AE 
  51 00bd 3B66C60A 		.ascii	";f\306\012\270\265Q\216\010u\364h\375\357\305\363\231"
  51      B8B5518E 
  51      0875F468 
  51      FDEFC5F3 
  51      99
  52 00ce 761B5499 		.ascii	"v\033T\231\224-\310UX\2028\357\276d\022w~1\341\222\243"
  52      942DC855 
  52      588238EF 
  52      BE641277 
  52      7E31E192 
  53 00e3 05BCBC97 		.ascii	"\005\274\274\2273\322\026\260\230L \306f\324\263j\262"
  53      33D216B0 
  53      984C20C6 
  53      66D4B36A 
  53      B2
  54 00f4 5056482A 		.ascii	"PVH*\217&\205!\273\272\204\236H(\336HB\207(7\376>\337"
  54      8F268521 
  54      BBBA849E 
ARM GAS  /tmp/ccbB4yao.s 			page 4


  54      4828DE48 
  54      42872837 
  55 010b B28AAEB0 		.ascii	"\262\212\256\260\221\241\263c\315\375\254.\313^\363"
  55      91A1B363 
  55      CDFDAC2E 
  55      CB5EF3
  56 011a 467377C7 		.ascii	"Fsw\307V1_r\316\345c\316V8\2135]Pr_'\276\377j\213\336"
  56      56315F72 
  56      CEE563CE 
  56      56388B35 
  56      5D50725F 
  57 0134 BA3415A2 		.ascii	"\2724\025\242\201*fT(a\035\221\260\233\215\\\012\346"
  57      812A6654 
  57      28611D91 
  57      B09B8D5C 
  57      0AE6
  58 0146 5670F83F 		.ascii	"Vp\370?pN\246c\343\012\374\255\336\250\267\013x\264"
  58      704EA663 
  58      E30AFCAD 
  58      DEA8B70B 
  58      78B4
  59 0158 A4A95BF8 		.ascii	"\244\251[\370\340\301\2729>zp\371\032\034\334Hb\033"
  59      E0C1BA39 
  59      3E7A70F9 
  59      1A1CDC48 
  59      621B
  60 016a 3E799251 		.ascii	">y\222QR\342I#g\343HQ\031\221)\300V\272\275\021\335"
  60      52E24923 
  60      67E34851 
  60      199129C0 
  60      56BABD11 
  61 017f 60D3D3FD 		.ascii	"`\323\323\375U5S\372\277kz\350\007X:F9\177u\242?jR\266"
  61      553553FA 
  61      BF6B7AE8 
  61      07583A46 
  61      397F75A2 
  62 0197 929B1041 		.ascii	"\222\233\020Aw\012\205(}\036\026\243\007}\003Q\361q"
  62      770A8528 
  62      7D1E16A3 
  62      077D0351 
  62      F171
  63 01a9 7FF4A86F 		.ascii	"\177\364\250o\240\320O|\177\260x\011F\231\313\001"
  63      A0D04F7C 
  63      7FB07809 
  63      4699CB01 
  64              		.text
  65              		.section	.gnu.lto_palWriteBus.55e41d7a17f606b3,"",%progbits
  66 0000 789C9553 		.ascii	"x\234\225S\317k\023Q\020~\337\233\335Mv\323T\217\242"
  66      CF6B1351 
  66      107EDF9B 
  66      DD4D76D3 
  66      548FA2
  67 0013 152A28A1 		.ascii	"\025*(\241\227\354\321\377\300\377\243\315E\241\240"
  67      97ECD1FF 
  67      C0FFA3CD 
  67      45A1A0
  68 0022 183D7793 		.ascii	"\030=w\2236I\375\005\036l\012a\225\240\264\202 *\376"
ARM GAS  /tmp/ccbB4yao.s 			page 5


  68      3649FD05 
  68      1E6C0A61 
  68      95A0B482 
  68      202AFE
  69 0035 884D6B5D 		.ascii	"\210Mk]\343\257\203V\251\024Q(\036\024<\010JE\017\036"
  69      E3AF8356 
  69      A9145128 
  69      1E143C08 
  69      4A450F1E 
  70 0049 4AE2CCDB 		.ascii	"J\342\314\333\004c\351\245\313\276\331\231y3\337|\357"
  70      0463E9A5 
  70      CBBED999 
  70      7933DF7C 
  70      EF
  71 005a DB5D4729 		.ascii	"\333]G)u\230\224:\304\317}\274@\012\372\342\033\245"
  71      7598943A 
  71      C4CF7DBC 
  71      400AFAE2 
  71      1BA5
  72 006c 0A490D88 		.ascii	"\012I\015\210\023$\241&4&p\236.\021Z\225\257\013z\344"
  72      1324A126 
  72      3426709E 
  72      2E115A95 
  72      AF0B7AE4 
  73 0080 7AC05734 		.ascii	"z\300W4\373\333)\007\245=!\267Wy\311\205\273\030\341"
  73      FBDB2907 
  73      A53D21B7 
  73      5779C985 
  73      BB18E1
  74 0093 AAD5A9DB 		.ascii	"\252\325\251\333!\235\243\220\000\213\303\237+\265/"
  74      219DA390 
  74      008BC39F 
  74      2BB52F
  75 00a2 83126A0C 		.ascii	"\203\022j\014sXZ\235-\023\355\207b\377\343\306\215\365"
  75      73585A9D 
  75      2D13ED87 
  75      62FFE3C6 
  75      8DF5
  76 00b4 C1CC5C10 		.ascii	"\301\314\\\020\024\203\350\3655\012\016\206Dx\000b@"
  76      1483E8F5 
  76      350A0E86 
  76      44780062 
  76      40
  77 00c5 DCC710EE 		.ascii	"\334\307\020\356aHqJ\241\201\014\227_n_}\231\242\003"
  77      6148714A 
  77      A1810C97 
  77      5F6E5F7D 
  77      99A203
  78 00d8 A6757E39 		.ascii	"\246u~9\314u;\327\347L\247\205\207[;-\205\005d\244\374"
  78      CC753BD7 
  78      E74CA785 
  78      875B3B2D 
  78      850564A4 
  79 00ed F39DF64C 		.ascii	"\363\235\366L\332\261\352=\266h\302Q`\347\326;;\012"
  79      DAB1EA3D 
  79      B668C251 
  79      60E7D63B 
ARM GAS  /tmp/ccbB4yao.s 			page 6


  79      3B0A
  80 00ff DA9D0A13 		.ascii	"\332\235\012\023\230G\347\310.@Z47\333$\306\022c\263"
  80      9847E7C8 
  80      2E405A34 
  80      37DB24C6 
  80      1263B3
  81 0112 711C3109 		.ascii	"q\0341\011\011\223b\\1\036\233DJ\2744\204\244R\323\214"
  81      0993625C 
  81      311E9B44 
  81      4ABC3484 
  81      A452D38C 
  82 0126 CEC20591 		.ascii	"\316\302\005\221:CZ\274\311H}C\261]\376\336\030\220"
  82      3A435ABC 
  82      C9487D43 
  82      B15DFEDE 
  82      1890
  83 0138 A135D235 		.ascii	"\2415\3225\202\244\232n\034\213\260\325R\353mB4\"s\270"
  83      82A49A6E 
  83      1C8BB0D5 
  83      52EB6D42 
  83      342273B8 
  84 014c A5D6CA0B 		.ascii	"\245\326\312\013\247\216+\005\026z8\244d\215\322X\344"
  84      A78E2B05 
  84      167A38A4 
  84      648DD258 
  84      E4
  85 015d 13C9DE5A 		.ascii	"\023\311\336Z\345\303\247\224\1773\210\267,,\241\216"
  85      E5C3A794 
  85      7F3388B7 
  85      2C2CA18E 
  86 016d 19F302F0 		.ascii	"\031\363\002\360\010>\003On\226\021#[f\030\365\017\263"
  86      083E034F 
  86      6E961123 
  86      5B6618F5 
  86      0FB3
  87 017f 7784EE62 		.ascii	"w\204\356b\331\240\213Px\034\243W{\350]\264\305_\233"
  87      D9A08B50 
  87      781CA357 
  87      7BE85DB4 
  87      C55F9B
  88 0192 AFB45077 		.ascii	"\257\264Pw\261\033\021\303p\315F\257&aH8\377\261\342"
  88      B11B11C3 
  88      70CD46AF 
  88      26614838 
  88      FFB1E2
  89 01a5 798859FD 		.ascii	"y\210Y\375\253sM\332\356g\352\355\210\251\207'\206\251"
  89      AB734DDA 
  89      EE67EAED 
  89      88A98727 
  89      86A9
  90 01b7 16A6AD98 		.ascii	"\026\246\255\230\351\237\036z\312\020q9\327Z;kr\375"
  90      E99F1E7A 
  90      CA107139 
  90      D75A3B6B 
  90      72FD
  91 01c9 927BDB49 		.ascii	"\222{\333I\316-\036\236vG\275o4\033i\0365U\220\255\001"
  91      CE2D1E9E 
ARM GAS  /tmp/ccbB4yao.s 			page 7


  91      7647BD6F 
  91      341B691E 
  91      355590AD 
  92 01de 3C33A3CC 		.ascii	"<3\243\314g\364\034>\343\253\037(\326;\027\014\264\371"
  92      67F41C3E 
  92      E3AB1F28 
  92      D63B170C 
  92      B4F9
  93 01f0 13A65932 		.ascii	"\023\246Y2~\367\314fo6\353\307\367\361\274\177tt\334"
  93      7EF7CC66 
  93      6F36EBC7 
  93      F7F1BC7F 
  93      7474DC
  94 0203 CF9FCCF9 		.ascii	"\317\237\314\371'F\307\2639Ec\247\363\326\330\261S\371"
  94      2746C7B3 
  94      394563A7 
  94      F3D6D8B1 
  94      53F9
  95 0215 BF977D01 		.ascii	"\277\227}\001\271"
  95      B9
  96              		.text
  97              		.section	.gnu.lto_palSetBusMode.55e41d7a17f606b3,"",%progbits
  98 0000 789C9592 		.ascii	"x\234\225\222\317K\033A\024\307\337w\336f7?\252gi\025"
  98      CF4B1B41 
  98      14C7DF77 
  98      DE66373F 
  98      AA676915 
  99 0014 22548297 		.ascii	"\"T\202\227\354\237\321\277\303FA\304\222b\360\2341"
  99      EC9FD1BF 
  99      C34641C4 
  99      9262F09C 
  99      31
 100 0025 69124B85 		.ascii	"i\022K\205\026Z#\304E\002\022\204\202\264\305\364G\374"
 100      165A23C4 
 100      45021284 
 100      82B4C5F4 
 100      47FC
 101 0037 B9E6D053 		.ascii	"\271\346\320SmQ<\264\324zh\241\320\242b\351Um\337L\332"
 101      6D513CB4 
 101      D47A68A1 
 101      D0A262E9 
 101      556DDF4C 
 102 004c 437B73D8 		.ascii	"C{s\330\231}o\347}?\363\235\307\272D4\246\210\006\344"
 102      997D6FE7 
 102      7D3FF39D 
 102      C7BA4434 
 102      A68806E4 
 103 0060 7D4D2698 		.ascii	"}M&\230\240\036\274%\232\212*\300\004:\012\312+\344"
 103      A01EBC25 
 103      9A8A2AC0 
 103      043A0ACA 
 103      2BE4
 104 0072 31C38F18 		.ascii	"1\303\217\030\355\312\327\226\032\\\3222\302\271=\257"
 104      EDCAD796 
 104      1A5CD232 
 104      C2B93DAF 
 105 0082 AC4B3D01 		.ascii	"\254K=\001\023Ue\232\201\025\014J\325\356\235\247\001"
ARM GAS  /tmp/ccbB4yao.s 			page 8


 105      1355659A 
 105      81150C4A 
 105      D5EE9DA7 
 105      01
 106 0093 DFE38001 		.ascii	"\337\343\200\001G\322\037;\265/\335&UHJZ\332\235+3\367"
 106      47D21F3B 
 106      B52FDD26 
 106      55484A5A 
 106      DA9D2B33 
 107 00a8 8124FE70 		.ascii	"\201$\376p\372\370\240;\325\320\272\240\303\203E\326"
 107      FAF8A03B 
 107      D5D0BAA0 
 107      C38345D6 
 108 00b8 D70366BC 		.ascii	"\327\003f\274\000\013\020\317\321\213&zI>\021^\"%\345"
 108      000B10CF 
 108      D18B267A 
 108      493E115E 
 108      2225E5
 109 00cb 3F571A0F 		.ascii	"?W\032\017\023\334o\245\207'\315\371\370\037\351\233"
 109      13DC6FA5 
 109      8727CDF9 
 109      F81FE99B 
 110 00db 86953A78 		.ascii	"\206\225:x\365\277\324!\264\2202\365\237\237]\314v\271"
 110      F5BFD421 
 110      B49032F5 
 110      9F9F5DCC 
 110      76B9
 111 00ed 4EFDAF5D 		.ascii	"N\375\257]\254\302%H\360d/\022\352\213_\025\035\236"
 111      ACC22548 
 111      F0642F12 
 111      EA8B5F15 
 111      1D9E
 112 00ff 35F0E946 		.ascii	"5\360\351FL\211,\302\262\270\216,^\304D.\214\003\017"
 112      4C892CC2 
 112      B2B88E2C 
 112      5EC4442E 
 112      8C030F
 113 0112 1646D3A2 		.ascii	"\026F\323\242\227\336\350\220\356\2622Q1\244\357(\254"
 113      97DEE890 
 113      EEB23251 
 113      31A4EF28 
 113      AC
 114 0123 7E3BCE18 		.ascii	"~;\316\030j\215\225\234W-\265\337y\346\326l\355\256"
 114      6A8D959C 
 114      572DB5DF 
 114      79E6D66C 
 114      EDAE
 115 0135 B7775EBB 		.ascii	"\267w^\273u,LI\353\222\001Gk\354bM,\232\275\375\312"
 115      752C4C49 
 115      EB920147 
 115      6BEC624D 
 115      2C9ABDFD 
 116 014a FBC384BF 		.ascii	"\373\303\204\277\254;[1\254\243\216Y\333Rl\300\267\350"
 116      AC3B5B31 
 116      ACA38E59 
 116      DB526CC0 
 116      B7E8
ARM GAS  /tmp/ccbB4yao.s 			page 9


 117 015c 5807CC97 		.ascii	"X\007\314\227\"\305\261iI\346\226\330\372\227\344\\"
 117      22C5B169 
 117      49E696D8 
 117      FA97E45C 
 118 016c 8A944068 		.ascii	"\212\224@hI\312\220\266-\251xZF\007\025\021_\002\244"
 118      49CA90B6 
 118      2DA9785A 
 118      46071511 
 118      5F02A4
 119 017f 239493B6 		.ascii	"#\224\223\266\253\"o\265\216>z\371s\035\015\370J\325"
 119      AB226FB5 
 119      8E3E7AF9 
 119      731D0DF8 
 119      4AD5
 120 0191 18401B79 		.ascii	"\030@\033y\222\316\330r/\340.:A\241\276v\3372\354\317"
 120      92CED872 
 120      2FE02E3A 
 120      41A1BE76 
 120      DF32ECCF 
 121 01a5 332D65D2 		.ascii	"3-e\322K9\342j:\355w\236l\316\037\035\032\367s\023\031"
 121      4B39E26A 
 121      3AED779E 
 121      6CCE1F1D 
 121      1AF77313 
 122 01ba FFF6D078 		.ascii	"\377\366\320x:C|s2\347\334\312\016\217\374\006J\366"
 122      3A437C73 
 122      32E7DCCA 
 122      0E8FFC06 
 122      4AF6
 123 01cc C91B     		.ascii	"\311\033"
 124              		.text
 125              		.section	.gnu.lto_.symbol_nodes.55e41d7a17f606b3,"",%progbits
 126 0000 789C6363 		.ascii	"x\234cc``\010\004b\006\2463\214\365\014\014\023\316"
 126      60600804 
 126      6206A633 
 126      8CF50C0C 
 126      13CE
 127 0012 313000A9 		.ascii	"10\000\251]\015\216@\221\263\214\365\214\250\"\347\030"
 127      5D0D8E40 
 127      91B38CF5 
 127      8CA822E7 
 127      18
 128 0023 EB995044 		.ascii	"\353\231PD\030/2\3263\203E\030\030\032\032\034\030\030"
 128      182F32D6 
 128      33834518 
 128      181A1A1C 
 128      1818
 129 0035 98999819 		.ascii	"\230\231\230\031\226<\374\307\310\000\000f\362\024\317"
 129      963CFCC7 
 129      C8000066 
 129      F214CF
 130              		.text
 131              		.section	.gnu.lto_.refs.55e41d7a17f606b3,"",%progbits
 132 0000 789C6363 		.ascii	"x\234cc```\004b\006\000\000D\000\010"
 132      60606004 
 132      62060000 
 132      440008
ARM GAS  /tmp/ccbB4yao.s 			page 10


 133              		.text
 134              		.section	.gnu.lto_.decls.55e41d7a17f606b3,"",%progbits
 135 0000 789CBD57 		.ascii	"x\234\275W}PSW\026\177\347\335\004B\010\340\240\273"
 135      7D505357 
 135      167FE7DD 
 135      044208E0 
 135      A0BB
 136 0012 E36E19C7 		.ascii	"\343n\031\307up\314v\026\"\330\255\375\263\253vZ\247"
 136      7570CC76 
 136      1622D8AD 
 136      FDB3AB76 
 136      5AA7
 137 0024 5A3BE8CE 		.ascii	"Z;\350\316\216\373\307\246i\010\205-\020\226\204N;;"
 137      8EFBC7A6 
 137      6908852D 
 137      1096844E 
 137      3B3B
 138 0036 B3FB42A2 		.ascii	"\263\373B\242\"\012\212\242U\224\212\242X*\035\265+"
 138      220A8AA2 
 138      55948AA2 
 138      582A1DB5 
 138      2B
 139 0047 7E942218 		.ascii	"~\224\"\030\374`\375\006?jT\004EA,j\020\005Q\003{\356"
 139      FC60FD06 
 139      3F6A5404 
 139      45412C6A 
 139      10055103 
 140 005d BD2F1F44 		.ascii	"\275/\037D\342\356\376\3237\234\334w\317=\367\234\337"
 140      E2EEFED3 
 140      379CDC77 
 140      CF3DF79C 
 140      DF
 141 006e F9BAF711 		.ascii	"\371\272\367\021&\010\302\0071\202\360:\021\004\007"
 141      2608C207 
 141      3182F03A 
 141      110407
 142 007d 08C2083E 		.ascii	"\010\302\010>\012\344\035AB\226\320\207\344D\352\027"
 142      0AE41D41 
 142      4296D087 
 142      E444EA17 
 143 008d F843D75E 		.ascii	"\370C\327^ \001\312\206!i@x\351\031\242|\034c\221&\310"
 143      2001CA86 
 143      21694078 
 143      E919A27C 
 143      1C639126 
 144 00a2 FBA99E36 		.ascii	"\373\251\2366\244iH\213\221\334H\035H\327\220\232\221"
 144      A469488B 
 144      91DC481D 
 144      48D7909A 
 144      91
 145 00b3 BA65DD3D 		.ascii	"\272e\335=H\227\221z\221\356S;^{H\257\005\331\"\242"
 145      4897917A 
 145      91EE533B 
 145      5E7B48AF 
 145      05D922A2 
 146 00c7 2044E1F8 		.ascii	" D\341\370Q\200-/^\257\2356\331Vw\220=\205\254\277W"
 146      51802D2F 
ARM GAS  /tmp/ccbB4yao.s 			page 11


 146      5EAF9D36 
 146      D9567790 
 146      3D85ACBF 
 147 00dc B6E9926D 		.ascii	"\266\351\222mP\277\35089\310V\024\332\212\036\303V\177"
 147      50BFE838 
 147      39C85614 
 147      DA8A1EC3 
 147      567F
 148 00ee 08BF9CB2 		.ascii	"\010\277\234\262\315\337\240\236H\340\261\354\011\260"
 148      CDDFA09E 
 148      48E0B1EC 
 148      09B0
 149 00fc 89EA7CF1 		.ascii	"\211\352|\361\243\246~\033d\257\224@\213c\317f\262\202"
 149      A3A67E1B 
 149      64AF9440 
 149      8B63CF66 
 149      B282
 150 010e 40AC1A14 		.ascii	"@\254\032\0248\355;S\326\031\215\323\011j\230\214\323"
 150      38ED3B53 
 150      D6198DD3 
 150      096A988C 
 150      D3
 151 011f B2BAC727 		.ascii	"\262\272\307'\225|U\205\323\221\252=\313UD\004\272\261"
 151      957C5585 
 151      D391AA3D 
 151      CB554404 
 151      BAB1
 152 0131 ADB97A17 		.ascii	"\255\271z\027\3358M\0154\2351\310\332\335{h(\212\263"
 152      DD384D0D 
 152      349D31C8 
 152      DADD7B68 
 152      288AB3
 153 0144 A884ADF5 		.ascii	"\250\204\255\365\350\220\222\204\263\367\276\355k<\220"
 153      E8909284 
 153      B3F7BEED 
 153      6B3C90
 154 0153 5823F147 		.ascii	"X#\361G5W\200C@\274\030ZW=\332\036N^\247\202b\273\353"
 154      35578043 
 154      40BC185A 
 154      573DDA1E 
 154      4E5EA782 
 155 016a F9F56850 		.ascii	"\371\365hPk\013$)_\252\260K\021\357\011\260\017\342"
 155      6B0B2429 
 155      5FAAB04B 
 155      11EF09B0 
 155      0FE2
 156 017c E05F1027 		.ascii	"\340_\020'@=h\251\362\357!Q\200\203\310<\200\314*\252"
 156      403D68A9 
 156      F2EF2151 
 156      8083C83C 
 156      80CC2AAA 
 157 0190 B0F1E1C0 		.ascii	"\260\361\341\300\264\222e\222$\302\017\240\206: L\006"
 157      B4926592 
 157      24C20FA0 
 157      863A204C 
 157      06
 158 01a1 9D9EA6E6 		.ascii	"\235\236\246\346&\252\267\227l\013#\365\300l\324m\272"
ARM GAS  /tmp/ccbB4yao.s 			page 12


 158      26AAB797 
 158      6C0B23F5 
 158      C06CD46D 
 158      BA
 159 01b2 734C0C65 		.ascii	"sL\014e\2431\244\215\301\203S\216/\2416\032\320\306"
 159      A331A48D 
 159      C183538E 
 159      2FA1361A 
 159      D0C6
 160 01c4 61BF0D34 		.ascii	"a\277\0154\311\2158\216\016\224D\021'\213\217\3305\344"
 160      C98D388E 
 160      0E944411 
 160      278B8FD8 
 160      35E4
 161 01d6 D81719CA 		.ascii	"\330\027\031\312HSH##\2567\312/J\322dp\242\221#~#\015"
 161      48534823 
 161      23AE37CA 
 161      2F4AD264 
 161      70A29123 
 162 01ed 5E2397FA 		.ascii	"^#\227\372\036\255\217&6\302\302\372\300q\247#\222\347"
 162      1EAD8F26 
 162      36C2C2FA 
 162      C071A723 
 162      92E7
 163 01ff 67220DA4 		.ascii	"g\"\015\244\373t\271<\035\207\323\357.\177]\247\"\005"
 163      FB74B93C 
 163      1D87D3EF 
 163      2E7F5DA7 
 163      2205
 164 0211 5C7443EB 		.ascii	"\\tC\353\336w\324\010\306\376?y\214\033\212J\235N\005"
 164      DE77D408 
 164      C6FE3F79 
 164      8C1B8A4A 
 164      9D4E05
 165 0224 59C9773B 		.ascii	"Y\311w;\232.\325jH\011\237\3349\265;_E\326\361I\327"
 165      9A2ED56A 
 165      48099FDC 
 165      39B53B5F 
 165      45D6F149 
 166 0239 AE95BDD1 		.ascii	"\256\225\275\321d#\237\354Z\323\262\203\220r>9X\177"
 166      64239FEC 
 166      5AD3B283 
 166      90723E39 
 166      587F
 167 024b 3F998389 		.ascii	"?\231\203\211\303\331\367m}\215\221\274\262:\000\347"
 167      C3D9F76D 
 167      7D8D91BC 
 167      B23A00E7 
 168 025b DF3E6DDF 		.ascii	"\337>m\337\257$[\231hDm\201k\204@\374\370x|\264\361"
 168      AF245B99 
 168      68446D81 
 168      6B8440FC 
 168      F8787CB4 
 169 0270 F1DB2487 		.ascii	"\361\333$\207\035\343\335\033?\\YX$U8\001\2321\032'"
 169      1DE3DD1B 
 169      3F5C5958 
 169      24553801 
ARM GAS  /tmp/ccbB4yao.s 			page 13


 169      9A311A27 
 170 0284 311AAD30 		.ascii	"1\032\2550\336\017\274\026\177\230\037\030\231\022\032"
 170      DE0FBC16 
 170      7F981F18 
 170      99121A
 171 0293 BDD548A0 		.ascii	"\275\325H\240\020\340\034J\234e\213T\036\035\203\037"
 171      10E01C4A 
 171      9C658B54 
 171      1E1D831F 
 172 02a3 D1C72B10 		.ascii	"\321\307+\020\017\027\221.#\265 \271\220.!]\200xV\211"
 172      0F17912E 
 172      23B520B9 
 172      902E215D 
 172      80785689 
 173 02b7 DCEAAD61 		.ascii	"\334\352\255aR&5:\0103y>\330\3441\2465)\316'\376\314"
 173      5226353A 
 173      0833793E 
 173      D8E431A6 
 173      3529CE27 
 174 02cd 13207E3A 		.ascii	"\023 ~:X\\\347\007\310\305\257\006j?\021,~\034\202\345"
 174      585CE707 
 174      C8C5AF06 
 174      6A3F112C 
 174      7E1C82E5 
 175 02e1 9D81F2A7 		.ascii	"\235\201\362\247\306\016\000C\303\253\247\313C6J\322"
 175      C60E0043 
 175      C3ABA7CB 
 175      43364AD2 
 176 02f1 382A25C8 		.ascii	"8*%\310\225\343\367l\300C\252\367I\322\3620\246\354"
 176      95E3F76C 
 176      C043AAF7 
 176      49D2F230 
 176      A6EC
 177 0303 CC985803 		.ascii	"\314\230X\003<k\0154\375\357\261\2412qLf\347`\367\201"
 177      3C6B0D34 
 177      FDEFB1A1 
 177      32714C66 
 177      E760F781 
 178 0317 18729A25 		.ascii	"\030r\232%St\2758y6\032\306k\307L\011\\\307L\374?Y\341"
 178      5374BD38 
 178      79361AC6 
 178      6BC74C09 
 178      5CC74CFC 
 179 032e 8E3D1826 		.ascii	"\216=\030&vT\004\327p\347U\177WP?\031\200\276\262\222"
 179      765404D7 
 179      70E7557F 
 179      57503F19 
 179      80BEB292 
 180 0342 4BE19A42 		.ascii	"K\341\232B_\2571A/X\001\332@#oA\331\003\3137tG\021\027"
 180      5FAF3141 
 180      2F5801DA 
 180      40236F41 
 180      D903CB37 
 181 035a 07FBAC76 		.ascii	"\007\373\254v7\226\227V\343\355>\355\0267\355\276\016"
 181      37969756 
 181      E3ED3EED 
 181      1637EDBE 
ARM GAS  /tmp/ccbB4yao.s 			page 14


 181      0E
 182 036b DC70C36F 		.ascii	"\334p\303o\007\367\343\020B=\264\243\033\243,<\277["
 182      07F7E310 
 182      423DB4A3 
 182      1BA32C3C 
 182      BF5B
 183 037d EA025EFA 		.ascii	"\352\002^\372\032\234\346\327\271Jb\344\322\247\313"
 183      1A9CE6D7 
 183      B94A62E4 
 183      D2A7CB
 184 038c 8FD75E6D 		.ascii	"\217\327^m\217&\267\311\250st\361\313\347\350b~\216"
 184      8F26B7C9 
 184      A87374F1 
 184      CBE7E862 
 184      7E8E
 185 039e F69E3F77 		.ascii	"\366\236?w\001\310O\034\357\325G-$\324\251r\027q,\226"
 185      01C84F1C 
 185      EFD5472D 
 185      24D4A972 
 185      17712C96 
 186 03b2 1BF90E32 		.ascii	"\033\371\0162o\373N\225\023#\311\003\354x\354\306\\"
 186      6FFB4E95 
 186      1323C903 
 186      EC78ECC6 
 186      5C
 187 03c3 76F9FD5A 		.ascii	"v\371\375Z\314\017\025\345\355\273MG\224\330\177\254"
 187      CC0F15E5 
 187      EDBB4D47 
 187      94D87FAC 
 188 03d3 F75073E3 		.ascii	"\367Ps\343H9\031\256,\346\275Gcq\024\367\334\033\273"
 188      483919AE 
 188      2CE6BD47 
 188      637114F7 
 188      DC1BBB
 189 03e6 5A46A5F9 		.ascii	"ZF\245\371\026\256\337d!\277'\347\370'\004\325\203\371"
 189      16AEDF64 
 189      21BF27E7 
 189      F82704D5 
 189      83F9
 190 03f8 BC8FD43B 		.ascii	"\274\217\324;*\247\227\267\304\332hN\357\005\027+\005"
 190      2AA797B7 
 190      C4DA684E 
 190      EF05172B 
 190      05
 191 0409 70BC3AB6 		.ascii	"p\274:\266\322.5Og\210;\203\255\327\006\266!\025\277"
 191      D22E354F 
 191      67883B83 
 191      ADD706B6 
 191      2115BF
 192 041c A5E5B54A 		.ascii	"\245\345\265JO\315\375cb\345]\205\341\034\252\356\177"
 192      4FCDFD63 
 192      62E55D85 
 192      E11CAAEE 
 192      7F
 193 042d 4C48B192 		.ascii	"LH\261\222\247\277\301\335\022\016\332\361\034\321\331"
 193      A7BFC1DD 
 193      120EDAF1 
ARM GAS  /tmp/ccbB4yao.s 			page 15


 193      1CD1D9
 194 043c EA30BC9C 		.ascii	"\3520\274\234\300\215\233\037\370\203t\217\025\331\230"
 194      C08D9B1F 
 194      F883748F 
 194      15D998
 195 044b 6EC243F4 		.ascii	"n\302C\364\356U\236\242\275%\253m;\224\201\245\351\036"
 195      EE559EA2 
 195      BD25AB6D 
 195      3B9481A5 
 195      E91E
 196 045d 559A7DAC 		.ascii	"U\232}\254\264\330\210\302\337\234\251~\241 \245\034"
 196      B4D888C2 
 196      DF9CA97E 
 196      A120A51C 
 197 046d DCC0D1EE 		.ascii	"\334\300\321\356JU\250d?~\305\025\242\375\212]!\375"
 197      4A55A864 
 197      3F7EC515 
 197      A2FD8A5D 
 197      21FD
 198 047f 188C47C1 		.ascii	"\030\214G\301W\010\345\322\343\370H}Cd;\226-~#\3008"
 198      5708E5D2 
 198      E3F8487D 
 198      43643B96 
 198      2D7E23C0 
 199 0494 861580FF 		.ascii	"\206\025\200\377\342\010\354\013E\376Rc\017p>rE>\310"
 199      E208EC0B 
 199      45FE5263 
 199      0F703E72 
 199      453EC8
 200 04a7 A274E2DD 		.ascii	"\242t\342\335\002>\216(\353\020\275z\331\237\254\000"
 200      023E8E28 
 200      EB10BD7A 
 200      D99FAC00 
 201 04b7 02B5F275 		.ascii	"\002\265\362un\316\373\360\257$\376\022\260\217\263"
 201      6ECEFBF0 
 201      AF24FE12 
 201      B08FB3
 202 04c6 44BFB180 		.ascii	"D\277\261\200-/a\025|\313>P~'AN\215\263\325vW\335\201"
 202      2D2F6115 
 202      7CCB3E50 
 202      7E27414E 
 202      8DB3D576 
 203 04dd 8D2EC09F 		.ascii	"\215.\300\237\005a\265*\213\365\333\315\326\037<*R\316"
 203      0561B52A 
 203      8BF5DBCD 
 203      D61F3C2A 
 203      52CE
 204 04ef 72002D3B 		.ascii	"r\000-;\276\373\203B\344\371\201l\005e\035\033\031l"
 204      BEFB8342 
 204      E4F9816C 
 204      05651D1B 
 204      196C
 205 0501 8CE1DD2D 		.ascii	"\214\341\335-\006\\\272\023\370\245{\372\351\206/#'"
 205      065CBA13 
 205      F8A57BFA 
 205      E9862F23 
 205      27
ARM GAS  /tmp/ccbB4yao.s 			page 16


 206 0512 AE67D562 		.ascii	"\256g\325b\227\306\211\254$\237a\202\206X\272\237\303"
 206      97C689AC 
 206      249F6182 
 206      8658BA9F 
 206      C3
 207 0523 44FC7D0A 		.ascii	"D\374}\012\012\216\3006X\364\217)\025RE\007\366\350"
 207      0A8EC036 
 207      58F48F29 
 207      15524507 
 207      F6E8
 208 0535 B76479D3 		.ascii	"\267dy\3232l9x\233J\301\240?s\203\364[\011\006\260\023"
 208      326C3978 
 208      9B4AC1A0 
 208      3F7383F4 
 208      5B0906B0 
 209 054a E1099E36 		.ascii	"\341\011\2366\002\274\200)\270y\347\006\373\251H\322"
 209      02BC8029 
 209      B879E706 
 209      FBA948D2 
 210 055a C4812E3D 		.ascii	"\304\201.=q\301\031\316\220R\203\034\351\235\262\272"
 210      71C119CE 
 210      9052831C 
 210      E99DB2BA 
 211 056a 1A8D0FFD 		.ascii	"\032\215\017\37500\346\341\366\263\017\225\201\000?"
 211      3030E6E1 
 211      F6B30F95 
 211      81003F
 212 0579 FA65003E 		.ascii	"\372e\000>I\244\370F\274\370<\205\375.\215\014\360\362"
 212      49A4F846 
 212      BCF83C85 
 212      FD2E8D0C 
 212      F0F2
 213 058b 260D3659 		.ascii	"&\0156Y\276D\317\021\024\003\217\037\240'\030\240M\244"
 213      BE44CF11 
 213      14038F1F 
 213      A02718A0 
 213      4DA4
 214 059d 003D373A 		.ascii	"\000=7:\037\211\344\034\007x\240\271\241@\315\300\364"
 214      1F89E41C 
 214      0778A0B9 
 214      A140CDC0 
 214      F4
 215 05ae FB00AEE9 		.ascii	"\373\000\256\351w\217(}\000\355\"cn\252\257\270\255"
 215      778F287D 
 215      00ED2263 
 215      6EAAAFB8 
 215      AD
 216 05bf 0A097009 		.ascii	"\012\011p\011\003\350\020e\200{W\014\345\207\313\000"
 216      03E81065 
 216      807B570C 
 216      E587CB00 
 217 05cf 4F4EF2E1 		.ascii	"ON\362\341C)\310\027}\370\360u4\276\245\014\337\375"
 217      4329C817 
 217      7DF8F075 
 217      34BEA50C 
 217      DFFD
 218 05e1 1DF6B531 		.ascii	"\035\366\2651\244-4\276\221\215\305\225a\276\240\026"
ARM GAS  /tmp/ccbB4yao.s 			page 17


 218      A42D34BE 
 218      918DC595 
 218      61BEA016 
 219 05f1 707C278E 		.ascii	"p|'\216\225v\3060&=\031\227s\346\205\216Bwh\320+\030"
 219      9576C630 
 219      263D1997 
 219      73E6858E 
 219      427768D0 
 220 0607 E8422FE8 		.ascii	"\350B/\350\236\3535Ma\010\272\203u\353\357\256\354\271"
 220      9EEB354D 
 220      6108BA83 
 220      75EBEFAE 
 220      ECB9
 221 0619 2B15A899 		.ascii	"+\025\250\231\024,\363\203^&\362/dX\311\300\336\254"
 221      142CF383 
 221      5E26F22F 
 221      6458C9C0 
 221      DEAC
 222 062b 395F1441 		.ascii	"9_\024A\3729\330\037]\216C\362\015\023I\261\337\\\327"
 222      FA39D81F 
 222      5D8E43F2 
 222      0D1349B1 
 222      DF5CD7
 223 063e 10C16BF0 		.ascii	"\020\301k\360\012]\336z\246\177\275\232\330\302\230"
 223      0A5DDE7A 
 223      A67FBD9A 
 223      D8C298
 224 064d ACC77DDE 		.ascii	"\254\307}\336\243\341\262\264\363\2377/\335\002\364"
 224      A3E1B2B4 
 224      F39F372F 
 224      DD02F4
 225 065c 4B5092CF 		.ascii	"KP\222\317#\344\373\217\2435\"\036\022xbB\211\310\276"
 225      23E4FB8F 
 225      A335221E 
 225      12786242 
 225      89C8BE
 226 066f 022F3DAD 		.ascii	"\002/=\255\177\246!\205L\223\242\306\376\215[\001\332"
 226      7FA62185 
 226      4C93A2C6 
 226      FE8D5B01 
 226      DA
 227 0680 38407150 		.ascii	"8@qPWy\277\346\005\370RT\303Z\031.>e\022\252w\377\223"
 227      5779BFE6 
 227      05F85254 
 227      C35A192E 
 227      3E6512AA 
 228 0697 B2F15DC5 		.ascii	"\262\361]\305Fv\210I\225\022\231(\300\2148\230\216G"
 228      46768849 
 228      95129928 
 228      C08C3898 
 228      8E47
 229 06a9 58A9A865 		.ascii	"X\251\250eK\002\254\027\343`\0357x\370T\253+:v\265|"
 229      4B02AC17 
 229      E3601D37 
 229      78F854AB 
 229      2B3A76B5 
 230 06be DABE0D4C 		.ascii	"\332\276\015L\367*\\/\026)\276\015b\254\027%K\377\346"
ARM GAS  /tmp/ccbB4yao.s 			page 18


 230      F72A5C2F 
 230      1629BE0D 
 230      62AC1725 
 230      4BFFE6
 231 06d1 E6A108B5 		.ascii	"\346\241\010\265\254\273\340\277\351\276xc\345\354@"
 231      ACBBE0BF 
 231      E9BE7863 
 231      E5EC40
 232 06e0 D51B5FA5 		.ascii	"\325\033_\245\272~\247\364D1\265R:\337\310zsE\247C\262"
 232      BA7EA7F4 
 232      4431B552 
 232      3ADFC87A 
 232      7345A743 
 233 06f5 2DC5EBAA 		.ascii	"-\305\353\252L\214\205\325\230%\354\301\200\315E\310"
 233      4C8C85D5 
 233      9825ECC1 
 233      80CD45C8 
 234 0705 F98B28C0 		.ascii	"\371\213(\300&q*\356\275v\354h{$Y\305\343o\2579\274"
 234      26712AEE 
 234      BD76EC68 
 234      7B2459C5 
 234      E36FAF39 
 235 071a 5F1932E0 		.ascii	"_\0312\340\345\336\200\027s\214\017z\253v)\203\375\367"
 235      E5DE8017 
 235      738C0F7A 
 235      AB762983 
 235      FDF7
 236 072c 5FAB5F31 		.ascii	"_\253_1\220\345^\220\373\217o|\242\016v)\244t]\355\231"
 236      90E55E90 
 236      FB8F6F7C 
 236      A20E7629 
 236      A4745DED 
 237 0741 4CD9A35B 		.ascii	"L\331\243[\257\331*\032m\223a\213\354\0156l\300\276"
 237      AFD92A1A 
 237      6D93618B 
 237      EC0D366C 
 237      C0BE
 238 0753 CDB23715 		.ascii	"\315\2627\025\314\233\275]u\205\212\300\033\214\026"
 238      CC9BBD5D 
 238      75858AC0 
 238      1B8C16
 239 0762 AADF83AD 		.ascii	"\252\337\203\255\"\277\301pD\341\301s\365=\021\244\\"
 239      22BFC170 
 239      44E1C173 
 239      F53D11A4 
 239      5C
 240 0773 2EBDEBB6 		.ascii	".\275\353\266a\221\227^4m\247\036W\245\\\246n\272\\"
 240      6191975E 
 240      346DA71E 
 240      57A55CA6 
 240      6EBA5C
 241 0786 79EF5093 		.ascii	"y\357P\223\374\357e\024\375\177\305\271\375AD\310@U"
 241      FCEF6514 
 241      FD7FC5B9 
 241      FD4144C8 
 241      4055
 242 0798 7903B583 		.ascii	"y\003\265\203\007J\262\017vi\202\003\265\035\023R\311"
ARM GAS  /tmp/ccbB4yao.s 			page 19


 242      074AB20F 
 242      76698203 
 242      B51D1352 
 242      C9
 243 07a9 12B293B9 		.ascii	"\022\262\223\271^\345u}\247\323Q\367R\240BJ\257).\332"
 243      5EE5757D 
 243      A7D351F7 
 243      52A0424A 
 243      AF292EDA 
 244 07bd 142147EA 		.ascii	"\024!G\352\352$\036\251\257\345H\341\321\021\260q\233"
 244      EA241EA9 
 244      AFE548E1 
 244      D111B071 
 244      9B
 245 07ce 1CA9     		.ascii	"\034\251"
 246 07d0 6A71AAA0 		.ascii	"jq\252\240\3102X>\375Ub\242\216\377\231-\272tC\246\316"
 246      C832583E 
 246      FD5562A2 
 246      8EFF992D 
 246      BA7443A6 
 247 07e5 926BD4E5 		.ascii	"\222k\324\345\0302\023\215\252w?\370\343\344\331II\202"
 247      1832138D 
 247      AA773FF8 
 247      E3E4D949 
 247      4982
 248 07f7 5AAFCFCB 		.ascii	"Z\257\317\313\310\266\316H\326[\227\202.\335\234e\322"
 248      C8B6CE48 
 248      D65B9782 
 248      2EDD9C65 
 248      D2
 249 0808 198C1653 		.ascii	"\031\214\026SB\246\341c\335\034\2631/\313\224m\265\350"
 249      42A6E163 
 249      DD1CB331 
 249      2FCB946D 
 249      B5E8
 250 081a 16990C59 		.ascii	"\026\231\014Y\357\353\3361ff\344XLzSBN\236\361\323d"
 250      EFEBDE31 
 250      6666E458 
 250      4C7A5342 
 250      4E9EF1D3 
 251 082f DD22B339 		.ascii	"\335\"\2639\323\242\373\304hL0\344f%d\233\263M\011&"
 251      D3A2FBC4 
 251      684C30E4 
 251      6625649B 
 251      B34D0926 
 252 0843 C3C71909 		.ascii	"\303\307\031\0113\023\222\247'\315L\370\333\033\011"
 252      331392A7 
 252      27CD4CF8 
 252      DB1B09
 253 0852 5986BF9A 		.ascii	"Y\206\277\232su\243Vu\031\331\306\314\274T\223.\313"
 253      7375A356 
 253      7519D9C6 
 253      CCBC5493 
 253      2ECB
 254 0864 604CCFC8 		.ascii	"`L\317\3106\351\364\251\2464C^\246Uo\375\"\307dIL\027"
 254      36E9F4A9 
 254      A634435E 
ARM GAS  /tmp/ccbB4yao.s 			page 20


 254      A6556FFD 
 254      22C76449 
 255 087a 545E407F 		.ascii	"T^@\177\377Y\361X\276\260\350\364\026k*\032G\020\232"
 255      FF59F158 
 255      BEB0E8F4 
 255      166B2A1A 
 255      47109A
 256 088d 0C738E39 		.ascii	"\014s\2169\327J\243\250\267&\005\307\221.Yt\013\027"
 256      D74AA3A8 
 256      B72605C7 
 256      912E5974 
 256      0B17
 257 089f CD9F91AC 		.ascii	"\315\237\221\254\2337o\216\356\335\017\347.\370,\211"
 257      9B376F8E 
 257      EEDD0FE7 
 257      2EF82C89 
 258 08af 86569F99 		.ascii	"\206V\237\231\231\212\333\303\250DF*\231\225\222\242"
 258      998ADBC3 
 258      A844462A 
 258      999592A2 
 259 08bf 98B53025 		.ascii	"\230\2650%\205,\230\223B\346\"\315Ny\017i\236b\336\354"
 259      852C9893 
 259      42E622CD 
 259      4E790F69 
 259      9E62DEEC 
 260 08d3 F753A606 		.ascii	"\367S\246\006\2525}n\325\315\236\277p\356BT\253\263"
 260      AA357D6E 
 260      D5CD9EBF 
 260      70EE4254 
 260      ABB3
 261 08e5 58B36624 		.ascii	"X\263f$\247%M\377\234\"\241\312\365\21308sLij\016+#"
 261      A7254DFF 
 261      9C22A1CA 
 261      F58B3038 
 261      734C696A 
 262 08fc 556F0D33 		.ascii	"Uo\0153\247\245YLV\015\215\226>\315`\261\276\245\267"
 262      A7A5594C 
 262      560D8D96 
 262      3ECD60B1 
 262      BEA5B7
 263 090f 7EF6F346 		.ascii	"~\366\363F\314\033\254I\301\361\361J\320ZK\027\224s"
 263      CC1BAC49 
 263      C1F1F14A 
 263      D05A4B17 
 263      9473
 264 0921 17CCCAB3 		.ascii	"\027\314\312\263\2502\314Y\346T\223\336\252Fn\212\311"
 264      A832CC59 
 264      E65493DE 
 264      AA466E8A 
 264      C9
 265 0932 908ABC5F 		.ascii	"\220\212\274_\207,P!\022\207?\345fXM(\026\205\357\013"
 265      872C5021 
 265      12873FE5 
 265      66584D28 
 265      1685EF0B 
 266 0946 4D567C9B 		.ascii	"MV|\233\217\032~\241\227\343\254G\367?\3115\347\345"
 266      8F1A7EA1 
ARM GAS  /tmp/ccbB4yao.s 			page 21


 266      97E3AC47 
 266      F73FC935 
 266      E7E5
 267 0958 50BD517A 		.ascii	"P\275Qz}Z^\266Q\257O|\363\255\337'\253\2743\2051\335"
 267      7D5A5EB6 
 267      51AF4F7C 
 267      F3ADDF27 
 267      ABBC3385 
 268 096e 903B6A6D 		.ascii	"\220;jmf\340\354\315\344\377\000\343\002t\306"
 268      66E0ECCD 
 268      E4FF00E3 
 268      0274C6
 269              		.text
 270              		.section	.gnu.lto_.symtab.55e41d7a17f606b3,"",%progbits
 271 0000 70616C52 		.ascii	"palReadBus\000"
 271      65616442 
 271      757300
 272 000b 00       		.ascii	"\000"
 273 000c 00       		.ascii	"\000"
 274 000d 00       		.ascii	"\000"
 275 000e 00000000 		.ascii	"\000\000\000\000\000\000\000\000"
 275      00000000 
 276 0016 FC000000 		.ascii	"\374\000\000\000"
 277 001a 70616C57 		.ascii	"palWriteBus\000"
 277      72697465 
 277      42757300 
 278 0026 00       		.ascii	"\000"
 279 0027 00       		.ascii	"\000"
 280 0028 00       		.ascii	"\000"
 281 0029 00000000 		.ascii	"\000\000\000\000\000\000\000\000"
 281      00000000 
 282 0031 01010000 		.ascii	"\001\001\000\000"
 283 0035 70616C53 		.ascii	"palSetBusMode\000"
 283      65744275 
 283      734D6F64 
 283      6500
 284 0043 00       		.ascii	"\000"
 285 0044 00       		.ascii	"\000"
 286 0045 00       		.ascii	"\000"
 287 0046 00000000 		.ascii	"\000\000\000\000\000\000\000\000"
 287      00000000 
 288 004e 06010000 		.ascii	"\006\001\000\000"
 289 0052 5F70616C 		.ascii	"_pal_lld_setgroupmode\000"
 289      5F6C6C64 
 289      5F736574 
 289      67726F75 
 289      706D6F64 
 290 0068 00       		.ascii	"\000"
 291 0069 02       		.ascii	"\002"
 292 006a 00       		.ascii	"\000"
 293 006b 00000000 		.ascii	"\000\000\000\000\000\000\000\000"
 293      00000000 
 294 0073 0C010000 		.ascii	"\014\001\000\000"
 295              		.text
 296              		.section	.gnu.lto_.opts,"",%progbits
 297 0000 272D666D 		.ascii	"'-fmath-errno' '-fsigned-zeros' '-ftrapping-math' '"
 297      6174682D 
ARM GAS  /tmp/ccbB4yao.s 			page 22


 297      6572726E 
 297      6F272027 
 297      2D667369 
 298 0033 2D666E6F 		.ascii	"-fno-trapv' '-fno-openmp' '-fno-openacc' '-mcpu=cor"
 298      2D747261 
 298      70762720 
 298      272D666E 
 298      6F2D6F70 
 299 0066 7465782D 		.ascii	"tex-m3' '-mno-thumb-interwork' '-mthumb' '-O2' '-fo"
 299      6D332720 
 299      272D6D6E 
 299      6F2D7468 
 299      756D622D 
 300 0099 6D69742D 		.ascii	"mit-frame-pointer' '-falign-functions=16' '-ffuncti"
 300      6672616D 
 300      652D706F 
 300      696E7465 
 300      72272027 
 301 00cc 6F6E2D73 		.ascii	"on-sections' '-fdata-sections' '-fno-common' '-flto"
 301      65637469 
 301      6F6E7327 
 301      20272D66 
 301      64617461 
 302 00ff 2700     		.ascii	"'\000"
 303              		.text
 304              		.comm	__gnu_lto_v1,1,1
 305              		.comm	__gnu_lto_slim,1,1
 306              		.ident	"GCC: (GNU Tools for Arm Embedded Processors 7-2017-q4-major) 7.2.1 20170904 (release) [ARM
ARM GAS  /tmp/ccbB4yao.s 			page 23


DEFINED SYMBOLS
                            *ABS*:0000000000000000 pal.c
                            *COM*:0000000000000001 __gnu_lto_v1
                            *COM*:0000000000000001 __gnu_lto_slim

NO UNDEFINED SYMBOLS
