ARM GAS  /tmp/ccXdhtRh.s 			page 1


   1              		.cpu cortex-m3
   2              		.eabi_attribute 20, 1
   3              		.eabi_attribute 21, 1
   4              		.eabi_attribute 23, 3
   5              		.eabi_attribute 24, 1
   6              		.eabi_attribute 25, 1
   7              		.eabi_attribute 26, 1
   8              		.eabi_attribute 30, 2
   9              		.eabi_attribute 34, 1
  10              		.eabi_attribute 18, 4
  11              		.file	"pal_lld.c"
  12              		.section	.gnu.lto_.profile.59bb4181b311a732,"",%progbits
  13 0000 789C6363 		.ascii	"x\234cc```\001bF\0067\027\000\001H\000\226"
  13      60606001 
  13      62460637 
  13      17000148 
  13      0096
  14              		.text
  15              		.section	.gnu.lto_.icf.59bb4181b311a732,"",%progbits
  16 0000 789C6363 		.ascii	"x\234cc``\020a@\000f\206y\337\027\336`f\234{\342\345"
  16      60601061 
  16      40006686 
  16      79DF17DE 
  16      60669C7B 
  17 0016 7726A697 		.ascii	"w&\246\227\313\237_fa\000\000f\333\011\307"
  17      CB9F5F66 
  17      61000066 
  17      DB09C7
  18              		.text
  19              		.section	.gnu.lto_.jmpfuncs.59bb4181b311a732,"",%progbits
  20 0000 789C6363 		.ascii	"x\234cc``\220a@\000&\006FF\306\3729\314\014\214\314"
  20      60609061 
  20      40002606 
  20      4646C6FA 
  20      39CC0C8C 
  21 0015 40063B90 		.ascii	"@\006;\220\005\3421\00113\003\000<b\004\264"
  21      05E23101 
  21      31330300 
  21      3C6204B4 
  22              		.text
  23              		.section	.gnu.lto_.inline.59bb4181b311a732,"",%progbits
  24 0000 789C3D91 		.ascii	"x\234=\2211N\0031\020E\377\214M\262\202\202-(\221b)"
  24      314E0331 
  24      1045FF8C 
  24      4DB28282 
  24      2D289162 
  25 0015 7B020E10 		.ascii	"{\002\016\020\371(\324p\211i\021\025\022M\244\024\356"
  25      F928D470 
  25      89691115 
  25      124DA414 
  25      EE
  26 0026 E980F49B 		.ascii	"\351\200\364\233>\005EJ\212-\323\346\006xf\274\270x"
  26      3E05454A 
  26      8A2DD3E6 
  26      067866BC 
  26      B878
  27 0038 7FBE467A 		.ascii	"\177\276Fz\336\225\027\000\366\204\377\303\300\260\246"
ARM GAS  /tmp/ccXdhtRh.s 			page 2


  27      DE951700 
  27      F684FFC3 
  27      C0B0A6
  28 0047 5B244280 		.ascii	"[$B\2001\033\223\361\321X\310B<\306\326\330b\362VZ\363"
  28      311B93F1 
  28      D158C842 
  28      3CC6D6D8 
  28      62F2565A 
  29 005c 183D2478 		.ascii	"\030=$x\363(!\015e\313X\224\025\203\316\313\350Tt6v"
  29      F328210D 
  29      65CB5894 
  29      1583CECB 
  29      E8547436 
  30 0071 8ADEC65E 		.ascii	"\212\336\306^\221lL\212lcV\010\261\207\221\2758c\013"
  30      916C4C8A 
  30      6C635608 
  30      B18791BD 
  30      38630B
  31 0084 A33BC5A4 		.ascii	"\243;\305\244\342V1\255\270WL,n\026W\317\356&\237\355"
  31      E25631AD 
  31      B8574C2C 
  31      6E1657CF 
  31      EE269FED 
  32 0098 4D3FFBEB 		.ascii	"M?\373\353\005\365\020\2067\242+NO\357\201^v\333\217"
  32      05F51086 
  32      37A22B4E 
  32      4FEF815E 
  32      76DB8F
  33 00ab E56BD885 		.ascii	"\345k\330\205@\201\276\350\036\234\236[\352\3720}^n"
  33      4081BEE8 
  33      1E9C9E5B 
  33      EAFA307D 
  33      5E6E
  34 00bd 7C1DE9BB 		.ascii	"|\035\351\273\255=\353St\017?\277=\256\307\015#\226"
  34      AD3DEB53 
  34      740F3FBF 
  34      3DAEC70D 
  34      2396
  35 00cf 55463CDE 		.ascii	"UF<\336\345\372\331\023\365\372\017\032\240\023\353"
  35      E5FAD913 
  35      F5FA0F1A 
  35      A013EB
  36 00de E595F668 		.ascii	"\345\225\366h\177\003\361Q|"
  36      7F03F151 
  36      7C
  37              		.text
  38              		.section	.gnu.lto_.pureconst.59bb4181b311a732,"",%progbits
  39 0000 789C6363 		.ascii	"x\234cc```\005b&\006)F)\000\000\374\000C"
  39      60606005 
  39      62260629 
  39      46290000 
  39      FC0043
  40              		.text
  41              		.section	.gnu.lto__pal_lld_init.59bb4181b311a732,"",%progbits
  42 0000 789CA597 		.ascii	"x\234\245\227mlSU\030\307\317s\317\355\355\333\272n"
  42      6D6C5355 
  42      18C7CF73 
ARM GAS  /tmp/ccXdhtRh.s 			page 3


  42      CFEDEDDB 
  42      BA6E
  43 0012 091F4CE4 		.ascii	"\011\037L\344\003\037H\010_v\203\372\311\317&\204\004"
  43      031F4808 
  43      5F7683FA 
  43      C9CF2684 
  43      04
  44 0023 A3897E35 		.ascii	"\243\211~5\006g|I\026G\304\370\225\333\356\255\333\320"
  44      06677C49 
  44      1647C4F8 
  44      95DBEEAD 
  44      DBD0
  45 0035 55646866 		.ascii	"Udhf\243M\006A#\256\340|\331\312^j\207\033\010\005\306"
  45      A34D0641 
  45      23AEE07C 
  45      D9CA5E6A 
  45      871B0805 
  46 004a A60C2620 		.ascii	"\246\014& \240\233\335\00687\020\247l\236\347\234\236"
  46      A09BDD06 
  46      383710A7 
  46      6C9EE79C 
  46      9E
  47 005b 7B3B9BDD 		.ascii	"{;\233\335\344d\315\372\354\236\366\354y~\277\323\177"
  47      E464CDFA 
  47      EC9EF6EC 
  47      797EBFD3 
  47      7F
  48 006c BAD62084 		.ascii	"\272\326 \204\304C\204<\311~?\312\356@\011h\361s\204"
  48      C443843C 
  48      C97E3FCA 
  48      EE400968 
  48      F17384
  49 007f 447C1A00 		.ascii	"D|\032\000^X> {5\330\013\373\350\001\012\331\246\251"
  49      5E583E20 
  49      7B35D80B 
  49      FBE8010A 
  49      D9A6A9
  50 0092 5E6DEB11 		.ascii	"^m\353\021\213\3352\037\364\030\215V\303#\011J\310A"
  50      8BDD321F 
  50      F4188D56 
  50      C323094A 
  50      C841
  51 00a4 76C71B74 		.ascii	"v\307\033t\303V\266k\264\376X\202\266\322\004\005\320"
  51      C356B66B 
  51      B4FE5882 
  51      B6D20405 
  51      D0
  52 00b5 D9723ED7 		.ascii	"\331r>\327q\253\034\227\032lb\313\374rjZ\247O\000a\327"
  52      71AB1C97 
  52      1A6C62CB 
  52      FC726A5A 
  52      A74F0061 
  53 00ca DFCC7D32 		.ascii	"\337\314}2\034\334r\330\262\242Vf\356\020\2656'({\020"
  53      1CDC72D8 
  53      B2A25666 
  53      EE10B536 
  53      27287B10 
ARM GAS  /tmp/ccXdhtRh.s 			page 4


  54 00de 286B085F 		.ascii	"(k\010_\303F\370\0126\022\366\020\201oa\013\356\277"
  54      C346F80A 
  54      3612F610 
  54      816F610B 
  54      EEBF
  55 00f0 797CB93D 		.ascii	"y|\271=d\350b \364\200A\200]\244.z2\326\362J\023\353"
  55      64E86220 
  55      F4804180 
  55      5DA42E7A 
  55      32D6F24A 
  56 0106 7118C6B6 		.ascii	"q\030\306\266o\006\3667\272\206\205b\321\261x\260\030"
  56      6F06F637 
  56      BA868562 
  56      D1B178B0 
  56      18
  57 0117 58BC587C 		.ascii	"X\274X|X\374X\002X\202X\312\260\204\260\224c\011c\251"
  57      58FC5802 
  57      588258CA 
  57      B084B094 
  57      630963A9 
  58 012b C0528965 		.ascii	"\300R\211e\003p\010\022c\243\331\301X\031\322L5\274"
  58      03700812 
  58      63A3D9C1 
  58      5819D24C 
  58      35BC
  59 013d AACB9019 		.ascii	"\252\313\220\031\310\246\363\237U#P\007\005\306y\260"
  59      C8A6F39F 
  59      55235007 
  59      05C679B0 
  60 014d 217BDE8B 		.ascii	"!{\336\213\312\036\2569\231\312\315\372\304\322J\306"
  60      CA1EAE39 
  60      99CACDFA 
  60      C4D24AC6 
  61 015d 2C3C9443 		.ascii	",<\224C\251\343\037A\022>\216\260\243\334\224\240\006"
  61      A9E31F41 
  61      123E8EB0 
  61      A3DC94A0 
  61      06
  62 016e A4996E2F 		.ascii	"\244\231n/\323\305\375\373\273\307_0\277\260\352!A\275"
  62      D3C5FDFB 
  62      BBC75F30 
  62      BFB0EA21 
  62      41BD
  63 0180 70826D6B 		.ascii	"p\202mk\347\007\014}`\262Yu\017\032A\214\322\304\264"
  63      E7070C7D 
  63      60B25975 
  63      0F1A418C 
  63      D2C4B4
  64 0193 B1AE950C 		.ascii	"\261\256\225\014?o\035\036\022\350gM\030\320x\013\337"
  64      3F6F1D1E 
  64      12E8674D 
  64      18D0780B 
  64      DF
  65 01a4 A4346AC0 		.ascii	"\2444j\300\0315\010&\353\317\032E\323\371\256\241\260"
  65      19350826 
  65      EBCF1A45 
  65      D3F9AEA1 
ARM GAS  /tmp/ccXdhtRh.s 			page 5


  65      B0
  66 01b5 98478BD5 		.ascii	"\230G\213\325(W\353\313\346\206\215B\363d\032O\336\327"
  66      2857EBCB 
  66      E6868D42 
  66      F3641A4F 
  66      DED7
  67 01c7 413740A6 		.ascii	"A7@\246\320~\276u\377\004\260\376q>\332\017\337\361"
  67      D07EBE75 
  67      FF04B0FE 
  67      713EDA0F 
  67      DFF1
  68 01d9 09F8A2B1 		.ascii	"\011\370\242\261'\273\207\372\203\342\271\344\022\233"
  68      27BB87FA 
  68      83E2B9E4 
  68      129B
  69 01e7 1F802C98 		.ascii	"\037\200,\230\355l(\033?\304M\231D\236\026,\354\271"
  69      ED6C281B 
  69      3FC44D99 
  69      449E162C 
  69      ECB9
  70 01f9 413E776A 		.ascii	"A>wj\370R\263G,\255x=?\322\226\253\013\003\232Dy\211"
  70      F852B347 
  70      2CAD783D 
  70      3FD296AB 
  70      0B039A44 
  71 020f 9194C1F7 		.ascii	"\221\224\301\367\314\364d\001%\226\233\351\364\241j"
  71      CCF46401 
  71      25969BE9 
  71      F4A16A
  72 021e 0451BC30 		.ascii	"\004Q\2740\314Qx\220FP\226\012\331\224\224\325\325\355"
  72      CC517890 
  72      4650960A 
  72      D99494D5 
  72      D5ED
  73 0230 4EB9DA9D 		.ascii	"N\271\332\235F;\035\347\375Pb\247\310~\206\017\362`"
  73      463B1DE7 
  73      FD5062A7 
  73      C87E860F 
  73      F260
  74 0242 AFB3C8AE 		.ascii	"\257\263\310\256\013\366\036\311\356Qg\317\271\262\237"
  74      0BF61EC9 
  74      EE5167CF 
  74      B9B29F
  75 0251 437603E7 		.ascii	"Cv\003\347\235_/\373\005>\310\213\275F\221\335#\330"
  75      9D5F2FFB 
  75      053EC88B 
  75      BD4691DD 
  75      23D8
  76 0263 7B25BBA1 		.ascii	"{%\273\241\316~\221\267\364\255\301>f\247j\274\204}"
  76      CE7E91B7 
  76      F4ADC13E 
  76      66A76ABC 
  76      847D
  77 0275 72F4C6E7 		.ascii	"r\364\306\347\376B\214>\0241\232\275\333q\335\277Z\347"
  77      FE428C3E 
  77      14319ABD 
  77      DB71DDBF 
ARM GAS  /tmp/ccXdhtRh.s 			page 6


  77      5AE7
  78 0287 C7229D89 		.ascii	"\307\"\235\211\330\321\366@\221\316ON\214.\241\216!"
  78      D8D1F640 
  78      91CE4F4E 
  78      8C2EA18E 
  78      21
  79 0298 74D252C7 		.ascii	"t\322R\307\253\2563\341\252s\331\216\321\225\022\035"
  79      ABAE33E1 
  79      AA73D98E 
  79      D195121D 
  80 02a8 45F64927 		.ascii	"E\366I'F?#\273W\260\237\220\354>u\366\253\256\354\327"
  80      463F23BB 
  80      57B09F90 
  80      EC3E75F6 
  80      ABAEECD7 
  81 02bc EC185D5F 		.ascii	"\354\030]_/\373/N\214n \273O\260\367Iv\277:\373M\336"
  81      2FFB2F4E 
  81      8C6E20BB 
  81      4FB0F749 
  81      76BF3AFB 
  82 02d2 D2BF06FB 		.ascii	"\322\277\006\373-;F\277\226\260\337;py\014\0121J\212"
  82      2D3B46BF 
  82      96B0DF3B 
  82      70790C0A 
  82      314A8A
  83 02e5 18BDDF35 		.ascii	"\030\275\3375r2\270Z\347\267\"\235\351\350L\257^\244"
  83      7232B85A 
  83      E7B7229D 
  83      E9E84CAF 
  83      5EA4
  84 02f7 33E5C468 		.ascii	"3\345\304h\032u\374B\247_\352\004\324u~w\325\311\333"
  84      1A75FC42 
  84      A75FEA04 
  84      D4757E77 
  84      D5C9DB
  85 030a 319A29D1 		.ascii	"1\232)\321Qd\237ub4\207\354\001\301> \331\203\352\354"
  85      51649F75 
  85      623487EC 
  85      01C13E20 
  85      D983EAEC 
  86 031e B75DD9EF 		.ascii	"\267]\331\357\3301\272\273^\366?\234\030\315#{P\260"
  86      D831BABB 
  86      5EF63F9C 
  86      18CD237B 
  86      50B0
  87 0330 0F4AF632 		.ascii	"\017J\3662u\366?y\313\300\032\354\013v\214\026K\331"
  87      75F63F79 
  87      CBC01AEC 
  87      0B768C16 
  87      4BD9
  88 0342 9B6F47E4 		.ascii	"\233oG\344\273\321\247\"F\235\203\367\277\244\253u\356"
  88      BBD1A722 
  88      469D83F7 
  88      BFA4AB75 
  88      EE
  89 0353 15E95CEB 		.ascii	"\025\351\\\353;j\025\277\271\336wb\364\027\352\224\011"
  89      3B6A15BF 
ARM GAS  /tmp/ccXdhtRh.s 			page 7


  89      B9DE7762 
  89      F417EA94 
  89      09
  90 0364 9D535227 		.ascii	"\235SR'\244\256\363\300U\347o;FK%:\212\354\37781\372"
  90      A4AEF3C0 
  90      55E76F3B 
  90      464B253A 
  90      8AECFF38 
  91 037a 17D94382 		.ascii	"\027\331C\202\375\264d/Wg\177\350\312\276l\307he\275"
  91      FDB4642F 
  91      57677FE8 
  91      CABE6CC7 
  91      6865BD
  92 038d EC9666C7 		.ascii	"\354\226f\307(\2421\366r\301~F\262\207\325\331\243\274"
  92      28A231F6 
  92      72C17E46 
  92      B287D5D9 
  92      A3BC
  93 039f 65700DF6 		.ascii	"ep\015\366:M\306\250^\373?\373\342R\347\242Q\210\321"
  93      3A4DC6A8 
  93      5EFB3FFB 
  93      E252E7A2 
  93      5188D1
  94 03b2 B1C23FB5 		.ascii	"\261\302?\265\205\371\376\320j\235\006\315\321\2710"
  94      85F9FED0 
  94      6A9D06CD 
  94      D1B930
  95 03c1 D2960A17 		.ascii	"\322\226\012\027\3514jv\214\232P',t\316J\235\012u\235"
  95      E9346A76 
  95      8C9A5027 
  95      2C74CE4A 
  95      9D0A759D 
  96 03d5 98AB4EB3 		.ascii	"\230\253N\263&c\324R\242\243\310\336\252\3311\332\207"
  96      2663D452 
  96      A2A3C8DE 
  96      AAD931DA 
  96      87
  97 03e6 EC15823D 		.ascii	"\354\025\202='\331+\325\331\337qe\177W\2231j[/{\334"
  97      27D92BD5 
  97      D9DF7165 
  97      7F579331 
  97      6A5B2F7B 
  98 03fb 89D17BC8 		.ascii	"\211\321{\310^I\356@4y\244\215\177\224\347_\261b\354"
  98      5E49EE40 
  98      3479A48D 
  98      7F94E75F 
  98      B162EC
  99 040e 231AFBD2 		.ascii	"#\032\373\322\301^\371mUU\246\370\251\335c\276\266\253"
  99      C15EF96D 
  99      5555A6F8 
  99      A9DD63BE 
  99      B6AB
 100 0420 C6DC5DFB 		.ascii	"\306\334]\373\346[{\314\347\236\177\372\361\307\314"
 100      E65B7BCC 
 100      E79E7FFA 
 100      F1C7CC
 101 042f 9D3B9F32 		.ascii	"\235;\2372\267?\273\343\231\267\267\231\273w\325\274"
ARM GAS  /tmp/ccXdhtRh.s 			page 8


 101      B73FBBE3 
 101      99B7B799 
 101      BB77D5BC 
 102 043f 5853F372 		.ascii	"XS\363rU51\252k\337x\345\365W\377\003\307\242\201/"
 102      553531AA 
 102      6BDF78E5 
 102      F557FF03 
 102      C7A2812F 
 103              		.text
 104              		.section	.gnu.lto__pal_lld_setgroupmode.59bb4181b311a732,"",%progbits
 105 0000 789CA556 		.ascii	"x\234\245VkLTG\024\236sg\367\356\335\275\373\340\021"
 105      6B4C5447 
 105      149E7367 
 105      F7EEDDBD 
 105      FBE011
 106 0013 23514482 		.ascii	"#QD\202<\245qCm\232\364O\377\264Mk\242i\233\232&\375"
 106      3CA57143 
 106      6D9AF44F 
 106      FFB44D6B 
 106      A2699B9A 
 107 0029 D51AADA5 		.ascii	"\325\032\255\245)T\243\246I\223&\\\345%\266\266$ULo"
 107      2954A3A6 
 107      4993265C 
 107      E525B6B6 
 107      24554C6F 
 108 003d 370D165F 		.ascii	"7\015\026_\015U,X\021\004\345\015VA\260\012]\020kUH"
 108      0D552C58 
 108      1104E50D 
 108      5641B00A 
 108      5D106B55 
 109 0052 20D5285A 		.ascii	" \325(Z\254D\264g\316\354\205\205\222\032\323\015wv"
 109      AC44B467 
 109      CEEC8585 
 109      921AD30D 
 109      7776
 110 0064 E6CCF9CE 		.ascii	"\346\314\371\316\371\2763\347\316\2422\306\266\350\214"
 110      F9BE33E7 
 110      CEA232C6 
 110      B6E88C
 111 0073 BD8DDFE7 		.ascii	"\275\215\337\347\360\201\010\006Jq\027c[5E\341\035\013"
 111      F0810806 
 111      4A711763 
 111      5B3545E1 
 111      1D0B
 112 0085 98E1B275 		.ascii	"\230\341\262u,g\206\233\203*\3156\305Nf\225\314v\313"
 112      2C67869B 
 112      832ACD36 
 112      C54E6695 
 112      CC76CB
 113 0098 AC82574E 		.ascii	"\254\202WN\034\212\266=\005\367\235btk\340\222f\247"
 113      1C8AB63D 
 113      05F79D62 
 113      746BE092 
 113      66A7
 114 00aa 3571293A 		.ascii	"5q):\355\273i_\007\2174\273\255\211G\006j\324\274\212"
 114      EDBB695F 
 114      078F34BB 
ARM GAS  /tmp/ccXdhtRh.s 			page 9


 114      AD894706 
 114      6AD4BC8A 
 115 00be A3A695A1 		.ascii	"\243\246\225\241\247\257OCO\037\200\260\033\032\260"
 115      A7AF4F43 
 115      4F1F80B0 
 115      1B1AB0
 116 00cd 1C85DBEC 		.ascii	"\034\205\333\354\252Cs\272t\267\307\353\203\034\305"
 116      AA4373BA 
 116      74B7C7EB 
 116      831CC5
 117 00dc CBA0C106 		.ascii	"\313\240\301\006\332\364\200R\330\027|\027\207\246\302"
 117      DAF48052 
 117      D8177C17 
 117      87A6C2
 118 00eb E11A25ED 		.ascii	"\341\032%\355\240\201\237\206=\273\\\005F~L\2003V\302"
 118      A0819F86 
 118      3DBB5C05 
 118      467E4C80 
 118      3356C2
 119 00fe 197DA00A 		.ascii	"\031}\240\012\322\320\253'\357h\200\177\316\003\034"
 119      D2D0AB27 
 119      EF68807F 
 119      CE031C
 120 010d C086CB3B 		.ascii	"\300\206\313;\235\346u\257X*\020\217\313\346\256\307"
 120      9DE675AF 
 120      582A108F 
 120      CBE6AEC7 
 121 011d 275CFC39 		.ascii	"'\\\3749`8\237l\033\037\326R\366\033\3066\243\341\341"
 121      60389F6C 
 121      1B1FD652 
 121      F61BC636 
 121      A3E1E1
 122 0130 3E6E2406 		.ascii	">n$\0068\207\343\3001 \374\014\261p\014b\031\232\030"
 122      3887E3C0 
 122      3120FC0C 
 122      B1700C62 
 122      199A18
 123 0143 54430ABA 		.ascii	"TC\012\272?>p\264H\343/\020\264\357`\241\351\012A\257"
 123      3F3E70B4 
 123      48E32F10 
 123      B4EF60A1 
 123      E90A41AF 
 124 0157 1C8ADA9F 		.ascii	"\034\212\332\237k\274\026\340681\033lcPC\340\273U\373"
 124      6BBC16E0 
 124      3638311B 
 124      6C635043 
 124      E0BB55FB 
 125 016b BFD6F98B 		.ascii	"\277\326\371\213\004\276r\353\330\267\026x\370\320\202"
 125      04BE72EB 
 125      D8B71678 
 125      F8D082
 126 017a 7D04B643 		.ascii	"}\004\266C\355l\260\235\301IH\021\210\375g\233Oy\371"
 126      ED6CB09D 
 126      C1494811 
 126      88FD679B 
 126      4F79F9
 127 018d 4B84DED9 		.ascii	"K\204\336\331]ReO*#toy\314\336\\\243\303\260\005\270"
ARM GAS  /tmp/ccXdhtRh.s 			page 10


 127      5D52654F 
 127      2A23746F 
 127      79CCDE5C 
 127      A3C3B005 
 128 01a2 0A7533F1 		.ascii	"\012u3\361\342#\222\015\265u\003\177\205\240'G/\347"
 128      E223920D 
 128      B575037F 
 128      85A02747 
 128      2FE7
 129 01b4 59D0AEF2 		.ascii	"Y\320\256\362\330\262\020\324\001\247\346\204\226\265"
 129      D8B210D4 
 129      01A7E684 
 129      96B5
 130 01c2 D64EE87C 		.ascii	"\326N\350|\005A\273{\306\363]!\350\2712n\3543\024\001"
 130      0541BB7B 
 130      C6F35D21 
 130      E8B9326E 
 130      EC331401 
 131 01d6 6C9813F8 		.ascii	"l\230\023\370hG\335m\316W\0210Py\375\222\225\363\306"
 131      6847DD6D 
 131      CE571130 
 131      5079FD92 
 131      95F3C6
 132 01e9 F753C0A6 		.ascii	"\367S\300\2469\201\225\215wT\376&\341\276\332w\250B"
 132      3981958D 
 132      7754FE26 
 132      E1BEDA77 
 132      A842
 133 01fb 09E15AA6 		.ascii	"\011\341Z\246q-s\342\356\177Y\335\007|5\001\203#\267"
 133      712D73E2 
 133      EE7F59DD 
 133      077C3501 
 133      8323B7
 134 020e 0A1C56C2 		.ascii	"\012\034V\302\275S\300\2669\201\327~z\264\333\243\332"
 134      BD53C0B6 
 134      3981D77E 
 134      7AB4DBA3 
 134      DA
 135 021f 4A71A71D 		.ascii	"Jq\247\035\222\240\025\237f|\032\3619\215O=$\311\366"
 135      92A0159F 
 135      667C1AF1 
 135      398D4F3D 
 135      24C9F6
 136 0232 820E5019 		.ascii	"\202\016P\0310\346\370\017\317\212\013\366\006\343\321"
 136      30E6F80F 
 136      CF8A0BF6 
 136      06E3D1
 137 0241 E3423CD4 		.ascii	"\343B<\324\324\201{\177E=\003x\206\232\202\203\223\213"
 137      D4817B7F 
 137      453D0378 
 137      869A8283 
 137      938B
 138 0253 C12606BB 		.ascii	"\301&\006\273\030T18\304\240\211\301)\006\027u\212N"
 138      18543138 
 138      C4A089C1 
 138      29061775 
 138      8A4E
ARM GAS  /tmp/ccXdhtRh.s 			page 11


 139 0265 D1DD347A 		.ascii	"\321\3354z\230\310\342\245\321\307D\266\010\032#\231"
 139      98C8E2A5 
 139      D1C744B6 
 139      081A2399 
 140 0275 C81A4563 		.ascii	"\310\032Ec4\023\231\347\201h\224\371 \0325\006D\234"
 140      341399E7 
 140      816894F9 
 140      201A3506 
 140      449C
 141 0287 854CB08A 		.ascii	"\205L\260\212\2458\213(B\034a\027\023*\201,Kh7\221,"
 141      A5388B28 
 141      421C6117 
 141      132A812C 
 141      4B683791 
 142 029c 49B49B4C 		.ascii	"I\264\233L\363\024\332M%K\032\371,%n\351\224\213\261"
 142      F314DA4D 
 142      254B1AF9 
 142      2C256EE9 
 142      948BB1
 143 02af ED58903E 		.ascii	"\355X\220>\315h`E\\\301In\003\033\202\274\376\346\341"
 143      CD686045 
 143      5CC1496E 
 143      031B82BC 
 143      FEE6E1
 144 02c2 72B7A892 		.ascii	"r\267\250\222\311\347a]\213\002\337\224;\304[g\007\016"
 144      C9E7615D 
 144      8B02DF94 
 144      3BC45B67 
 144      070E
 145 02d4 6742F52E 		.ascii	"gB\365.\302wiBA\377Qh2G\352\363]\302\037\235K\362\233"
 145      C2776942 
 145      41FF5168 
 145      3247EAF3 
 145      5DC21F9D 
 146 02eb CE9333A7 		.ascii	"\316\2233\247\003\254k\352lSK\341\273\255\370\236\227"
 146      03AC6BEA 
 146      6C534BE1 
 146      BBADF89E 
 146      97
 147 02fc AEC7DAB8 		.ascii	"\256\307\332\270L>\037~\021Ap\267\267\272\266\332\343"
 147      4C3E1F7E 
 147      114170B7 
 147      B7BAB6DA 
 147      E3
 148 030d 3F6CE46D 		.ascii	"?l\344m5\342\003\\\207\263P\012\273\351\006\200s\340"
 148      35E2035C 
 148      87B3500A 
 148      BBE90680 
 148      73E0
 149 031f 37790C25 		.ascii	"7y\014%\262\261A\273El\274\374\371ib\215W+\357\350\222"
 149      B2B141BB 
 149      456CBCFC 
 149      F969628D 
 149      572BEFE8 
 150 0334 980D3AA7 		.ascii	"\230\015:\247\210\331\331\003\260\210\235\036r\204\210"
 150      88D9D903 
 150      B0889D1E 
ARM GAS  /tmp/ccXdhtRh.s 			page 12


 150      728488
 151 0343 3D1D932E 		.ascii	"=\035\223.b\002\202\311\371i&\252,\321(l;5\322!#\233"
 151      620282C9 
 151      F96926AA 
 151      2CD1286C 
 151      3B35D221 
 152 0359 1CC255BB 		.ascii	"\034\302U\273Iu\356\304\351\273\336\234I\003\2574w)"
 152      4975EEC4 
 152      E9BBDE9C 
 152      4903AF34 
 152      7729
 153 036b 97DDF9A0 		.ascii	"\227\335\371\240\347\346v]\344\217\010p\017\364@\016"
 153      E7E6765D 
 153      E48F0870 
 153      0FF4400E 
 154 037b 748772D7 		.ascii	"t\207r\327\024\227\024\3732*\214bC\344\366\302\005\314"
 154      149714FB 
 154      322A8C62 
 154      43E4F6C2 
 154      05CC
 155 038d 8D02A90C 		.ascii	"\215\002\251\014\277B\206H7V\370\251L\266\020\363\261"
 155      BF428648 
 155      3756F8A9 
 155      4CB610F3 
 155      B1
 156 039e 61D8162F 		.ascii	"a\330\026/\226\242-\320$\326\245\007K\374d\3023\017"
 156      96A22DD0 
 156      24D6A507 
 156      4BFC64C2 
 156      330F
 157 03b0 E7E30006 		.ascii	"\347\343\000\006\0271\217p9\000\344!:\3352}L\226\326"
 157      17318F70 
 157      3900E421 
 157      3ADD327D 
 157      4C96D6
 158 03c3 30CB02B2 		.ascii	"0\313\002\262\264\207Y\312K\244\255\236\"W\374Y\363"
 158      B48759CA 
 158      4BA4AD9E 
 158      2257FC59 
 158      F3
 159 03d4 C02322AB 		.ascii	"\300#\"\253\030\371\022\325\274\210;\030\376\"Paro\027"
 159      18F912D5 
 159      BC883B18 
 159      FE225061 
 159      726F17
 160 03e7 D407DF93 		.ascii	"\324\007\337\223\\\023L\356\015\277\303}xJ\2752h\274"
 160      5C134CEE 
 160      0DBFC37D 
 160      784ABD32 
 160      68BC
 161 03f9 9517BD24 		.ascii	"\225\027\275$\252\365\035\011Zbb\015gx\265\013\257%"
 161      AAF51D09 
 161      5A62620D 
 161      6778B50B 
 161      AF25
 162 040b D26B30B8 		.ascii	"\322k0\270N\272%\232<j\246[\243pK\224nC\241`h\211\230"
 162      4EBA259A 
ARM GAS  /tmp/ccXdhtRh.s 			page 13


 162      3C6AA65B 
 162      A3704B94 
 162      6E43A160 
 163 0422 E9D52CBC 		.ascii	"\351\325,\274\222\204\327\303\202\311\340g\322M1\271"
 163      9284D7C3 
 163      82C9E067 
 163      D24D31B9 
 164 0432 0B891E1F 		.ascii	"\013\211\036\037>\323\346\022D\235`\000\364!\214Z\256"
 164      3ED3E612 
 164      449D6000 
 164      F4218C5A 
 164      AE
 165 0443 05425EE1 		.ascii	"\005B^\341\352\235\250\376\267\251\216\323\330`\202"
 165      EA9DA8FE 
 165      B7A98ED3 
 165      D86082
 166 0452 94FF77C1 		.ascii	"\224\377w\301\316\201L\351\237\202\332\020rd\354\336"
 166      CE814CE9 
 166      9F82DA10 
 166      7264ECDE 
 167 0462 1155427C 		.ascii	"\021UB|\020\374\227\374\024\012\340\014\013px K\006"
 167      10FC97FC 
 167      140AE00C 
 167      0B707820 
 167      4B06
 168 0474 48A6E34E 		.ascii	"H\246\343N\234%1\231\000\256P\305\207Aa\322\036)\347"
 168      9C253199 
 168      00AE50C5 
 168      874161D2 
 168      1E29E7
 169 0487 14D42305 		.ascii	"\024\324#\005\326\017\204\004r)p\262\264\177\322\036"
 169      D60F8404 
 169      722970B2 
 169      B47FD21E 
 170 0497 126828D0 		.ascii	"\022h(\320?[!\267$\215\203\007\231i\346\361\036l\304"
 170      3F5B21B7 
 170      248D8307 
 170      9969E6F1 
 170      1E6CC4
 171 04aa 04E74465 		.ascii	"\004\347De#\214C$r\321j\253\316\240)\331\331\177<\010"
 171      238C4324 
 171      72D16AAB 
 171      CEA029D9 
 171      D97F3C08 
 172 04be 48430FE3 		.ascii	"HC\017\343\335i\011O\303\343\232\251\224\2160\215\210"
 172      DD69094F 
 172      C3E39AA9 
 172      948E308D 
 172      88
 173 04cf BBC31037 		.ascii	"\273\303\0207-\245\251\2444i\3261\245\022\300\023\256"
 173      2DA5A9A4 
 173      3469D631 
 173      A512C013 
 173      AE
 174 04e0 94EC3E39 		.ascii	"\224\354>9\247\240\272<\360I+\367RT\012\351a\251\361"
 174      A7A0BA3C 
 174      F0492BF7 
ARM GAS  /tmp/ccXdhtRh.s 			page 14


 174      52540AE9 
 174      61A9F1
 175 04f3 AE43ABF0 		.ascii	"\256C\253\360*)8\034\254\013)M7y4\026\344XK{\201&\233"
 175      2A29381C 
 175      AC0B294D 
 175      37793416 
 175      E4584B7B 
 176 050a 1960209C 		.ascii	"\031` \234q\275\010\236.*\241#s\335\254\026\225X\342"
 176      71BD089E 
 176      2E2AA123 
 176      73DDAC16 
 176      9558E2
 177 051d 36AB4425 		.ascii	"6\253D%|\310U\357\247J\244\272\373\253\251\022^\206"
 177      7CC855EF 
 177      A74AA4BA 
 177      FBABA912 
 177      5E86
 178 052f FF055934 		.ascii	"\377\005Y4\011\035\035v8Qa\364#\302\016\312\033&\305"
 178      091D1D76 
 178      385161F4 
 178      23C20ECA 
 178      1B26C5
 179 0542 2DE744D8 		.ascii	"-\347D\330%\016\346|s\357\217\252\344+\310\336\333\221"
 179      250EE67C 
 179      73EF8FAA 
 179      E42BC8DE 
 179      DB91
 180 0554 7F9F4BB2 		.ascii	"\177\237K\262\016\270l\035\024\336b1*C\211\236\011\344"
 180      0EB86C1D 
 180      14DE6231 
 180      2A43899E 
 180      09E4
 181 0566 380E6EF1 		.ascii	"8\016n\361\336\252\265\225\031X\033\017\356{i=\2061"
 181      DEAAB595 
 181      19581B0F 
 181      EE7B693D 
 181      8631
 182 0578 3C621941 		.ascii	"<b\031A\313JD\371\3042J\356\242\306H\261\214\026o\264"
 182      CB4A44F9 
 182      C4324AEE 
 182      A2C648B1 
 182      8C166FB4 
 183 058c DA5F29C4 		.ascii	"\332_)\304\246{\306t\324\345\263\256\274\246\332\221"
 183      A67BC674 
 183      D4E5B3AE 
 183      BCA6DA91 
 184 059c 917C5DD2 		.ascii	"\221|]\322\261\315\272O\343\237p\233\016\322m\252\210"
 184      B1CDBA4F 
 184      E39F709B 
 184      0ED26DAA 
 184      88
 185 05ad 0BED0AF8 		.ascii	"\013\355\012\370es\376\020\272>\355\030\316\344\261"
 185      6573FE10 
 185      BA3EED18 
 185      CEE4B1
 186 05bc B2238A9C 		.ascii	"\262#\212\234\322(\355q\"\355\305\035A>\327\025\036"
 186      D228ED71 
ARM GAS  /tmp/ccXdhtRh.s 			page 15


 186      22EDC51D 
 186      413ED715 
 186      1E
 187 05cd F7849CBF 		.ascii	"\367\204\234\277O\347\274*npUj\030\26548\236R\303\037"
 187      4FE7BC2A 
 187      6E70556A 
 187      18B53438 
 187      9E52C31F 
 188 05e1 148FFE7F 		.ascii	"\024\217\376\177\2706[\203\206\341L\276h\246\006'\331"
 188      B8365B83 
 188      86E14CBE 
 188      68A60627 
 188      D9
 189 05f2 17FF1F0D 		.ascii	"\027\377\037\015\327\247s\336\020\032\234\354\026^\310"
 189      D7A773DE 
 189      101A9CEC 
 189      165EC8
 190 0601 157BA88B 		.ascii	"\025{\250\213\345\371\307b\343x\361{\0216\223\370\216"
 190      E5F9C762 
 190      E378F17B 
 190      113693F8 
 190      8E
 191 0612 C30613DF 		.ascii	"\303\006\023\337\213\261\351\274\342\367\035\360\000"
 191      8BB1E9BC 
 191      E2F71DF0 
 191      00
 192 061f B10A19CB 		.ascii	"\261\012\031\313\226\371\345\337\206\315\376\3145Y\376"
 192      96F9E5DF 
 192      86CDFECC 
 192      3559FE
 193 062e 8D1B366D 		.ascii	"\215\0336m\331\354\177k\365\252\345\317\372W\256|\331"
 193      D9EC7F6B 
 193      F5AAE5CF 
 193      FA57AE7C 
 193      D9
 194 063f FFEA1B2B 		.ascii	"\377\352\033+^\377$\303\277qM\326\273YY\353\226\255"
 194      5EFF24C3 
 194      BF714DD6 
 194      BB5959EB 
 194      96AD
 195 0651 6536E161 		.ascii	"e6\341a\313^\263\371#[\366\206u\357\303\207|\355\372"
 195      CB5EB3F9 
 195      235BF686 
 195      75EFC387 
 195      7CEDFA
 196 0664 0FF8DA4D 		.ascii	"\017\370\332MY\370d*\331YJv\346?\236\341\254Y"
 196      59F8642A 
 196      D9594A76 
 196      E63F9EE1 
 196      AC59
 197              		.text
 198              		.section	.gnu.lto_cfgtab.6857.59bb4181b311a732,"",%progbits
 199 0000 789C4D8F 		.ascii	"x\234M\217MK\002Q\030\205\357;\267\031+G\255\375\374"
 199      4D4B0251 
 199      1885EF3B 
 199      B7192B47 
 199      ADFDFC
ARM GAS  /tmp/ccXdhtRh.s 			page 16


 200 0013 896AE3CF 		.ascii	"\211j\343\31730\220\332\264p\025\023\010\025A\222\011"
 200      333090DA 
 200      B4701513 
 200      08154192 
 200      09
 201 0024 D5D48C7D 		.ascii	"\325\324\214}\230f\246\264\250 B\210V-\"Z\210\014\210"
 201      9866A6B4 
 201      A8204288 
 201      562D225A 
 201      880C88
 202 0037 D858C7FB 		.ascii	"\330X\307\373^b\2069\034\036\236\341=\214%\204\230\220"
 202      5E628639 
 202      1C1E9EE1 
 202      3D8C2584 
 202      9890
 203 0049 1078D553 		.ascii	"\020x\325S\224T\031\204\025kC\272RP\006Xh\277\277\320"
 203      94541984 
 203      156B43BA 
 203      52500658 
 203      68BFBFD0 
 204 005d 14891681 		.ascii	"\024\211\026\201\257\275\274Ol\223\300\347\376\303v"
 204      AFBDBC4F 
 204      6C93C0E7 
 204      FEC376
 205 006c 92ED0270 		.ascii	"\222\355\002p\253\026vM\266\263\361S\244NEo\253\023"
 205      AB16764D 
 205      B6B3F153 
 205      A44E456F 
 205      AB13
 206 007e 83310DDC 		.ascii	"\2031\015\334\371\362\233&c\0128\376,\366\364\220\035"
 206      F9F29B26 
 206      630A38FE 
 206      2CF6F490 
 206      1D
 207 008f 1F223514 		.ascii	"\037\"5\024\365\037#\233q\036X\366\366\002m\347\200"
 207      F51F239B 
 207      711E58F6 
 207      F6026DE7 
 207      80
 208 00a0 E1FADA50 		.ascii	"\341\372\332P\362n\"\216\244\2601\250\356\333l%\360"
 208      F26E228E 
 208      A4B031A8 
 208      EEDB6C25 
 208      F0
 209 00b1 637C18A4 		.ascii	"c|\030\244\331Z\300\243o\177\224b;\375\375\316n\360"
 209      D95AC0A3 
 209      6F7F9462 
 209      3BFDFDCE 
 209      6EF0
 210 00c3 A3874CE0 		.ascii	"\243\207L\340S\276\352\352S3\361S\244N\375[\241l\353"
 210      53BEEAEA 
 210      5333F153 
 210      A44EFD5B 
 210      A16CEB
 211 00d6 7758CFB0 		.ascii	"wX\317\2605\342(\024\036l\216\312\211\254\227+\224r"
 211      35E22814 
 211      1E6C8ECA 
ARM GAS  /tmp/ccXdhtRh.s 			page 17


 211      89AC972B 
 211      9472
 212 00e8 25D39506 		.ascii	"%\323\225\006-9\324&\207\226\035\352\240\356\211\361"
 212      2D39D426 
 212      87961DEA 
 212      A0EE89F1 
 213 00f8 0E39435A 		.ascii	"\0169CZ\272o\221&\322@n\220:r\215\254\260\276\322\237"
 213      BA6F9126 
 213      D2406E90 
 213      3A728DAC 
 213      B0BED29F 
 214 010c 5DEABED0 		.ascii	"]\352\276\320]\323\035\350\366u\237\353\366\220S\344"
 214      5DD31DE8 
 214      F6759FEB 
 214      F69053E4 
 215 011c 04392647 		.ascii	"\0049&GP\227\262\342\017\222\026\230\360"
 215      5097B2E2 
 215      0F921698 
 215      F0
 216              		.text
 217              		.section	.gnu.lto_.symbol_nodes.59bb4181b311a732,"",%progbits
 218 0000 789C6363 		.ascii	"x\234cc``\320\007b\006\2463\214\365\014\014\023\316"
 218      6060D007 
 218      6206A633 
 218      8CF50C0C 
 218      13CE
 219 0012 313000A9 		.ascii	"10\000\251]\015\216@\221\263\214\365\214(\"\254\347"
 219      5D0D8E40 
 219      91B38CF5 
 219      8C2822AC 
 219      E7
 220 0023 18191A94 		.ascii	"\030\031\032\224\030\030\230\031\000%<\012\375"
 220      18189819 
 220      00253C0A 
 220      FD
 221              		.text
 222              		.section	.gnu.lto_.refs.59bb4181b311a732,"",%progbits
 223 0000 789C6363 		.ascii	"x\234cc```\003bFF\006&V\006\000\000\271\000\026"
 223      60606003 
 223      62464606 
 223      26560600 
 223      00B90016 
 224              		.text
 225              		.section	.gnu.lto_.decls.59bb4181b311a732,"",%progbits
 226 0000 789CBD58 		.ascii	"x\234\275XkPTG\026\276}{\030\206\231\341\021pw\335-"
 226      6B505447 
 226      16BE7D7B 
 226      188699E1 
 226      117077DD 
 227 0015 6ACB3558 		.ascii	"j\3135X\362\007Fp\263\346\307>\"\340\252\025\223P\203"
 227      F2074670 
 227      B3E6C73E 
 227      22E0AA15 
 227      935083
 228 0028 FB63F7C7 		.ascii	"\373c\367\307NF\030\205\004\030V\206\255\244\266*{\345"
 228      4E461885 
 228      04185686 
ARM GAS  /tmp/ccXdhtRh.s 			page 18


 228      ADA4B62A 
 228      7BE5
 229 003a A1484440 		.ascii	"\241HD@\211\002jD\361\205B\210\"\"\257\010\010B\210"
 229      89026A44 
 229      F1854288 
 229      2222AF08 
 229      084288
 230 004d B888AF00 		.ascii	"\270\210\257\000\362\020\004|\313K\024\024\330\323\335"
 230      F210047C 
 230      CB4B1414 
 230      D8D3DD
 231 005c 7798CB30 		.ascii	"w\230\3130\023\223\375\261\2678\323}\372~}\316\351s"
 231      1393FDB1 
 231      B738D37D 
 231      FA7E7DCE 
 231      E973
 232 006e 4EF73D8D 		.ascii	"N\367=\215\234\343\270G\356\034\247\300\034\027\211"
 232      9CE3B847 
 232      EE1CA7C0 
 232      1C1789
 233 007d 386E061E 		.ascii	"8n\006\036\031\214\325\000\221\266\027h\012h\006\210"
 233      198CD500 
 233      91B61768 
 233      0A680688 
 234 008d 87F7E4E1 		.ascii	"\207\367\344\341\201T\320\177\003\210\014\275)\216\233"
 234      8154D07F 
 234      03880CBD 
 234      298E9B
 235 009c 9F5F00C0 		.ascii	"\237_\000\300\031\332\017\201@4\267@\224\263\024\350"
 235      19DA0F81 
 235      4034B740 
 235      94B314E8 
 236 00ac 4F80FD03 		.ascii	"O\200\375\003P?\364\357\000\275\003\375\225@\223\320"
 236      503FF4EF 
 236      00BD03FD 
 236      954093D0 
 237 00bc 7F01A406 		.ascii	"\177\001\244\006z\013\370\016h\033\201\236\0005\001"
 237      7A0BF80E 
 237      681B819E 
 237      003501
 238 00cb 0D037D0B 		.ascii	"\015\003}\013\364\014\250\023\350\026\320\367@m\034"
 238      F40CA813 
 238      E816D0F7 
 238      406D1C
 239 00da B3416565 		.ascii	"\263Aee\003y\336\004;\334\254\354\220\256\345\257\320"
 239      0379DE04 
 239      3BDCACEC 
 239      90AEE5AF 
 239      D0
 240 00eb D601798A 		.ascii	"\326\001y\212\266\021\375\304\256\000x\267\030\3507"
 240      B611FDC4 
 240      AE0078B7 
 240      18E837
 241 00fa 407F13FD 		.ascii	"@\177\023\3750\0164\"\332\361L\324io\375\253A/\026\345"
 241      300E3422 
 241      DAF14CD4 
 241      696FFDAB 
ARM GAS  /tmp/ccXdhtRh.s 			page 19


 241      412F16E5 
 242 010e 129D8B6D 		.ascii	"\022\235\213m\330f~21\272\232\370\365~\3749F\356J$\003"
 242      D8667E32 
 242      31BA9AF8 
 242      F57EFC39 
 242      46EE4A24 
 243 0123 76B839A7 		.ascii	"v\2709\247\317\005\330\005J\264\010\330\212\322\312"
 243      CF05D805 
 243      4AB408D8 
 243      8AD2CA
 244 0132 4B0EECED 		.ascii	"K\016\354\3552`_\336\313lC\214U\003\033_\321\226\341"
 244      32605FDE 
 244      CB6C438C 
 244      55031B5F 
 244      D196E1
 245 0145 CAC03D9C 		.ascii	"\312\300=\234d\262;\233\2743\255\370\264\022\303Z\241"
 245      64B23B9B 
 245      BC33ADF8 
 245      B412C35A 
 245      A1
 246 0156 9F5331D6 		.ascii	"\237S1\326$\012R\000\233W_>\251\302N\364Ugc\376)b\301"
 246      240A5200 
 246      9B575F3E 
 246      A9C24EF4 
 246      556763FE 
 247 016d 522522F1 		.ascii	"R%\"\361w\205\241\242Ge\023\316l\210 */g\\s\306\316"
 247      7785A1A2 
 247      476513CE 
 247      6C88202A 
 247      2F675C73 
 248 0183 B4FF454B 		.ascii	"\264\377EK\3266\271o\201\300\036\305g\034\372\006a\363"
 248      D636B96F 
 248      81C01EC5 
 248      671CFA06 
 248      61F3
 249 0195 625AD346 		.ascii	"bZ\323F\2168\342\325\004\310w\267\275\274\355\202\224"
 249      8E38E2D5 
 249      04C877B7 
 249      BDBCED82 
 249      94
 250 01a6 DEC98210 		.ascii	"\336\311\202\020/\344&\010Nk8t\026y\242b\344\311\241"
 250      2FE42608 
 250      4E6B3874 
 250      1679A262 
 250      E4C9A1
 251 01b9 5AE44D84 		.ascii	"Z\344M\204_@\276\034\252\202\301J\030<F\004V\337\312"
 251      5F40BE1C 
 251      AA82C14A 
 251      183C4604 
 251      56DFCA
 252 01cc F963F688 		.ascii	"\371c\366\210 ,B5H\211\252\021\246\030\360\364R%S\221"
 252      202C4235 
 252      4889AA11 
 252      A618F0F4 
 252      52255391 
 253 01e0 7F24E3B0 		.ascii	"\177$\343\260\034\267#\252\243b_\177=oOG\275]\035\335"
 253      1CB723AA 
ARM GAS  /tmp/ccXdhtRh.s 			page 20


 253      A3625F7F 
 253      3D6F4F47 
 253      BD5D1DDD 
 254 01f4 958B2F25 		.ascii	"\225\213/%\011\002\217\352@\307E\213\016P\311\224\364"
 254      09028FEA 
 254      40C7458B 
 254      0E50C994 
 254      F4
 255 0205 96DFDEC2 		.ascii	"\226\337\336\302\343n\346\272\351\224\312!\214\373("
 255      E36EE6BA 
 255      E994CA21 
 255      8CFB28
 256 0214 E3D03836 		.ascii	"\343\32086\236\240F^^^\036\336\207\211\322\352\231\333"
 256      9EA0465E 
 256      5E5E1EDE 
 256      8789D2EA 
 256      99DB
 257 0226 DE7BEBB7 		.ascii	"\336{\353\267\012\351z*\354\022\010\373\016yX\214\320"
 257      0AE97A2A 
 257      EC1208FB 
 257      0E79588C 
 257      D0
 258 0237 401A203F 		.ascii	"@\032 ?\222\013\014\336{\034\013G\026Rl\205M,p\263\340"
 258      920B0CDE 
 258      7B1C0B47 
 258      16526C85 
 258      4D2C70B3 
 259 024c 110BB8C1 		.ascii	"\021\013\270\301\032\\\216f%g\220E\245\003!\031\207"
 259      1A5C8E66 
 259      25679045 
 259      A5032119 
 259      87
 260 025d 4A01708E 		.ascii	"J\001p\216\276#pX\030\272\014~hD^\350[\240&\344Ec\305"
 260      BE237058 
 260      18BA0C7E 
 260      68445EE8 
 260      5BA026E4 
 261 0274 FC70692F 		.ascii	"\374pi/\206\020\022 '\272@\214\343\205\351\304\0269"
 261      86101220 
 261      27BA408C 
 261      E385E9C4 
 261      1639
 262 0286 CEC6D4C9 		.ascii	"\316\306\324\311\015\371'\233\021\362\360\266\251\006"
 262      0DF9279B 
 262      11F2F0B6 
 262      A906
 263 0294 FD07A4BF 		.ascii	"\375\007\244\277^\323\364\012\242\350\012\340\232-\356"
 263      5ED3F40A 
 263      A2E80AE0 
 263      9A2DEE
 264 02a3 267AA9BA 		.ascii	"&z\251\272'\211\375=*\226\234\013\201-i>\337\345\200"
 264      2789FD3D 
 264      2A969C0B 
 264      812D693E 
 264      DFE580
 265 02b6 0BA87674 		.ascii	"\013\250vt{\344\3466\025.fL\321\253\314\343r\\\316\230"
 265      7BE4E636 
ARM GAS  /tmp/ccXdhtRh.s 			page 21


 265      152E664C 
 265      D1ABCCE3 
 265      725CCE98 
 266 02ca B484AECF 		.ascii	"\264\204\256\317\330\244\337\003\267#\353x\272\\\334"
 266      D8A4DF03 
 266      B723EB78 
 266      BA5CDC
 267 02d9 0B18F894 		.ascii	"\013\030\370\224\222\335y\256\270\206B\035\223\276l"
 267      92DD79AE 
 267      B886421D 
 267      93BE6C
 268 02e8 38E048A3 		.ascii	"8\340H\243\346\345\355u\230Z4\236\355\276[\020\032\227"
 268      E6E5ED75 
 268      985A349E 
 268      EDBE5B10 
 268      1A97
 269 02fa 51A3AE82 		.ascii	"Q\243\256\202Q\355\320\316\256\252\005I\343\006\360"
 269      51EDD0CE 
 269      AEAA0549 
 269      E306F0
 270 0309 DA5F6D11 		.ascii	"\332_m\021\252\0231E\227Y\243\317\2439\221\003x\273"
 270      AA133145 
 270      9759A3CF 
 270      A3399103 
 270      78BB
 271 031b 047ED31A 		.ascii	"\004~\323\032^b't7\000p\235\276k\027\035z\033\034\332"
 271      5E622774 
 271      3700709D 
 271      BE6B171D 
 271      7A1B1CDA 
 272 032f 01CEEC04 		.ascii	"\001\316\354\004\272\005\364=P\233\350X\246\250\365"
 272      BA05F43D 
 272      509BE858 
 272      A6A8F5
 273 033e 971645D7 		.ascii	"\227\026E\327\254\025Y\222O\214w\266\373\026PE@\322"
 273      AC155992 
 273      4F8C77B6 
 273      FB165045 
 273      40D2
 274 0350 80334903 		.ascii	"\2003I\003R\207\264Z\213*\227,\021\274[3\361(\311\025"
 274      5287B45A 
 274      8B2A972C 
 274      11BC5B33 
 274      F128C915 
 275 0364 37B20429 		.ascii	"7\262\004)z<\364o\344\355\301t<\331''\241\356\201\311"
 275      7A3CF46F 
 275      E4EDC174 
 275      3CD92727 
 275      A1EE81C9 
 276 0378 5D9650B7 		.ascii	"]\226P\267\323P\333\\-\352\206E\376\230\005\203\332"
 276      D350DB5C 
 276      2DEA8645 
 276      FE980583 
 276      DA
 277 0389 EB93A337 		.ascii	"\353\223\2437\\=D1\311v\305p?$c_v\353='u\312\354\211"
 277      5C3D4431 
 277      C976C570 
ARM GAS  /tmp/ccXdhtRh.s 			page 22


 277      3F24635F 
 277      76EB3D27 
 278 03a1 81EE48B6 		.ascii	"\201\356H\266\025\207z\021\371\010\321\226\034hC\227"
 278      15877A11 
 278      F908D196 
 278      1C684397 
 279 03b1 0F8899E9 		.ascii	"\017\210\231\351\006\354\231\233'*\024\270\225\345_"
 279      06EC999B 
 279      272A14B8 
 279      95E55F
 280 03c0 56EBE955 		.ascii	"V\353\351UJ8y\022~\324\311\003\023R3kke\370&\233\235"
 280      4A387912 
 280      7ED4C903 
 280      1352336B 
 280      6B65F826 
 281 03d6 78F14689 		.ascii	"x\361F\211\032w0\246\377\273\242x\005\356f\314\300\251"
 281      1A7730A6 
 281      FFBBA278 
 281      05EE66CC 
 281      C0A9
 282 03e8 1D8F5C70 		.ascii	"\035\217\\p\037cN\355\272z\024\343A\306\234\257z\354"
 282      1F634EED 
 282      BA7A14E3 
 282      41C69CAF 
 282      7AEC
 283 03fa CF8CF104 		.ascii	"\317\214\361\004\256\274s\270Z%f<\002\276\360E\3679"
 283      AEBC73B8 
 283      5A25663C 
 283      02BEF045 
 283      F739
 284 040c 07FC9042 		.ascii	"\007\374\220B\235J\222\333f0\202|\207\307\333\013r>"
 284      9D4A92DB 
 284      6630827C 
 284      87C7DB0B 
 284      723E
 285 041e 3141A86E 		.ascii	"1A\250n\230\366\232\316KI\025rk\021\352\207Ce\020\002"
 285      98F69ACE 
 285      4B491572 
 285      6B11EA87 
 285      43651002 
 286 0432 F474FEA1 		.ascii	"\364t\376\241\302\242<'X\217\000\361\220\276|*Fj\014"
 286      C2A23C27 
 286      588F00F1 
 286      90BE7C2A 
 286      466A0C
 287 0445 D6F80C3C 		.ascii	"\326\370\014<;\0144\012\364\004h\034h\004hh6E\211\326"
 287      3B0C340A 
 287      F404681C 
 287      68046868 
 287      364589D6 
 288 0459 DE699C43 		.ascii	"\336i\234Cs\224\250|l\255r\316N#\360\311)\011\374\276"
 288      7394A87C 
 288      6CAD72CE 
 288      4E23F0C9 
 288      2909FCBE 
 289 046d 357CCE19 		.ascii	"5|\316\031I\340\355R\351w\255\341}\310\032_+\305\337"
 289      49E0ED52 
ARM GAS  /tmp/ccXdhtRh.s 			page 23


 289      E977ADE1 
 289      7DC81A5F 
 289      2BC5DF
 290 0480 B3ED00C9 		.ascii	"\263\355\000\311\226\031\230\302\331\202\340FPs\267"
 290      961998C2 
 290      D982E046 
 290      5073B7
 291 048f 0C91353E 		.ascii	"\014\2215>\205\363\317\012\302v9\025\366\300\246\255"
 291      85F3CF0A 
 291      C2763915 
 291      F6C0A6AD 
 292 049f 9295B54A 		.ascii	"\222\225\265JU\017\3306\325O\334`}\317\007K]\361\036"
 292      550FD836 
 292      D54FDC60 
 292      7DCF074B 
 292      5DF11E
 293 04b2 19DD606D 		.ascii	"\031\335`m\257\232\256\270X\237\300\346\220\240\011"
 293      AF9AAEB8 
 293      589FC0E6 
 293      90A009
 294 04c1 88C44F89 		.ascii	"\210\304O\211\212\270O\247q\0029\013^\300\314\347\226"
 294      8AB84FA7 
 294      7102390B 
 294      5EC0CCE7 
 294      96
 295 04d2 8DFAD47C 		.ascii	"\215\372\324|&\017\347d\334p\224n\223\027s\266\311$"
 295      260FE764 
 295      DC70946E 
 295      931773B6 
 295      C924
 296 04e4 528B5300 		.ascii	"R\213S\000[\272=k\320\031\3471c'K\212 \275\274\325L"
 296      5BBA3D6B 
 296      D019E731 
 296      63274B8A 
 296      20BDBCD5 
 297 04f9 0D7C1E0F 		.ascii	"\015|\036\017\016\221\317\371\024Lxi\3213I\267\231\035"
 297      0E91CFF9 
 297      144C7869 
 297      D13349B7 
 297      991D
 298 050b F1E8152C 		.ascii	"\361\350\025,\303\242\201\314%;\246n<\303\031\177\305"
 298      C3A281CC 
 298      253BA66E 
 298      3CC3197F 
 298      C5
 299 051c B40C4C24 		.ascii	"\264\014L$\236U\331\373\362\013\274\275/\377\223\003"
 299      9E55D9FB 
 299      F20BBCBD 
 299      2FFF9303 
 300 052c 0BE2C9AA 		.ascii	"\013\342\311\252g \002\323\026k\352\350\207\237\214"
 300      672002D3 
 300      166BEAE8 
 300      879F8C
 301 053b 829E93CD 		.ascii	"\202\236\223\315\371\257d\270\202\351\031\257\033\314"
 301      F9AF64B8 
 301      82E919AF 
 301      1BCC
ARM GAS  /tmp/ccXdhtRh.s 			page 24


 302 0549 53D8D393 		.ascii	"S\330\323\223`WO\353\257\311!\030\317+\021\324\021V"
 302      60574FEB 
 302      AFC92118 
 302      CF2B11D4 
 302      1156
 303 055b 5A6094EC 		.ascii	"Z`\224\354\336\232\252\013\252n8\244\240\\Dn40\010\261"
 303      DE9AAA0B 
 303      AA6E38A4 
 303      A05C446E 
 303      343008B1 
 304 056f 5F680951 		.ascii	"_h\011Q~\306\374 6\016\243<kD(a\314S\320\354\010/\312"
 304      7EC6FC20 
 304      360EA33C 
 304      6B442861 
 304      CC53D0EC 
 305 0586 E0CD72E9 		.ascii	"\340\315r\351\237(\000I\245\262\367L\235\371a\025.\353"
 305      9F280049 
 305      A5B2F74C 
 305      9DF96115 
 305      2EEB
 306 0598 48E6B121 		.ascii	"H\346\261!\336\242L2e\236\255\334\354\353Y\243,\213"
 306      DEA24C32 
 306      659EADDC 
 306      ECEB59A3 
 306      2C8B
 307 05aa 44E2595C 		.ascii	"D\342Y\\\333\272\345\236\262\007>\024\034\202R;]\021"
 307      DBBAE59E 
 307      B2073E14 
 307      1C82523B 
 307      5D11
 308 05bc 458FB993 		.ascii	"E\217\271\223\005\331\375N\270\216\006\000\235\313|"
 308      05D9FD4E 
 308      B88E0600 
 308      9DCB7C
 309 05cb F0D449C6 		.ascii	"\360\324I\306\263\023\031E\313\310X\375\314\363jWv\020"
 309      B3131945 
 309      CBC858FD 
 309      CCF36A57 
 309      7610
 310 05dd F292437A 		.ascii	"\362\222Cz\001;\244_^\312\271\341\270p\017\335+\011"
 310      013BA45F 
 310      5ECAB9E1 
 310      B8700FDD 
 310      2B09
 311 05ef 821B8F3E 		.ascii	"\202\033\217>\3749\332\316{\242d\236$n\012\277\020~"
 311      FC39DACE 
 311      7BA2649E 
 311      246E0ABF 
 311      107E
 312 0601 B7F13266 		.ascii	"\267\3612f\301\213]\235\023\262\305\271Bn\017)=\361"
 312      C18B5D9D 
 312      13B2C5B9 
 312      426E0F29 
 312      3DF1
 313 0613 FE8BF705 		.ascii	"\376\213\367\005A)#(\264\325\0229\350\302o\022\337\203"
 313      41292328 
 313      B4D51239 
ARM GAS  /tmp/ccXdhtRh.s 			page 25


 313      E8C26F12 
 313      DF83
 314 0625 5022DF0D 		.ascii	"P\"\337\015\326~\316/\206\311\217\217&\354v\305\211"
 314      D67ECE2F 
 314      86C98F8F 
 314      26EC76C5 
 314      89
 315 0636 0ED4D0D2 		.ascii	"\016\324\320\322\306\013\311Jj(\011;3t&{g\236\234\216"
 315      C60BC94A 
 315      6A28093B 
 315      3374267B 
 315      679E9C8E 
 316 064a 91844BE5 		.ascii	"\221\204K\345\351`C}f\237+\035${b'\033\274\326\2232"
 316      E960437D 
 316      669F2B1D 
 316      247B6227 
 316      1BBCD693 
 317 065f A4B06B74 		.ascii	"\244\260kt:5:\315l\364@\317X\241\203ht\2537\234)\220"
 317      3A353ACD 
 317      6CF440CF 
 317      58A18368 
 317      74AB379C 
 318 0675 D350CD02 		.ascii	"\323P\315\002\012\355\260\030\275\303\332\350\014j\364"
 318      0AEDB018 
 318      BDC3DAE8 
 318      0C6AF4
 319 0684 CD3DB9F1 		.ascii	"\315=\271\361j\234\303\214>\335\363\252R\306<\351\016"
 319      6A9CC38C 
 319      3EDDF3AA 
 319      52C63CE9 
 319      0E
 320 0695 EC68DD89 		.ascii	"\354h\335\211Q\361B\221N>)\361\315c\345*|\214a\223\033"
 320      51F14291 
 320      4E3E29F1 
 320      CD63E52A 
 320      7C8C6193 
 321 06aa BA6E8897 		.ascii	"\272n\210\227\2177\210\234\207\207\273\\\310\367O\020"
 321      8F37889C 
 321      8787BB5C 
 321      C8F74F10 
 322 06ba 77308C5B 		.ascii	"w0\214[\316\207\275<\344:\234\200h\017O\277}EIw\363"
 322      CE87BD3C 
 322      E43A9C80 
 322      680F4FBF 
 322      7D454977 
 323 06cf 1530D913 		.ascii	"\0250\331\023.\031Hr\303\360d7\214\263\325\243\2052"
 323      2E194872 
 323      C3F06437 
 323      8CB3D5A3 
 323      8532
 324 06e1 5C4815F1 		.ascii	"\\H\025\361\247\013\357~\204\274\225\346\373\200o\322"
 324      A70BEF7E 
 324      84BC95E6 
 324      FB806FD2 
 325 06f1 36B2BAFD 		.ascii	"6\262\272\375\340\325\034\313\352<\311^\242\273R\310"
 325      E0D51CCB 
 325      EA3CC95E 
ARM GAS  /tmp/ccXdhtRh.s 			page 26


 325      A2BB52C8 
 326 0701 13F0420E 		.ascii	"\023\360B\016-\367D\313`O\356\203=\351)\356\311lp`\026"
 326      2DF744CB 
 326      604FEE83 
 326      3DE929EE 
 326      C96C7060 
 327 0716 D39F7FF0 		.ascii	"\323\237\177\360D\2353.e\012\272\012\237^\301\263\032"
 327      449D332E 
 327      650ABA0A 
 327      9F5EC1B3 
 327      1A
 328 0727 E036504C 		.ascii	"\3406PLo\003\007A\303\001\213\206\375\274\035\025_\332"
 328      6F030741 
 328      C3018B86 
 328      FDBC1D15 
 328      5FDA
 329 0739 569170EB 		.ascii	"V\221p\353\350\214\223{\272xF\277\203\250\274Lx\277"
 329      E88C937B 
 329      BA7846BF 
 329      83A8BC4C 
 329      78BF
 330 074b 9BC63097 		.ascii	"\233\3060\227w7\373\205\240'\006k\005\231R\224\236\374"
 330      7737FB85 
 330      A027066B 
 330      05995294 
 330      9EFC
 331 075d 7AE9A91D 		.ascii	"z\351\251\035c\273\347H?\364C\322w\\;8\256^\222'\264"
 331      63BBE748 
 331      3FF443D2 
 331      775C3B38 
 331      AE5E9227 
 332 0772 54D3B44E 		.ascii	"T\323\264NM\272\002Q\212wC\207yw\364\005,\021RA2y\027"
 332      4DBA0251 
 332      8A774387 
 332      7977F405 
 332      2C115241 
 333 0789 8CFC9DE7 		.ascii	"\214\374\235\347P\036\277\004\346f\\|6\252\302\027X"
 333      501EBF04 
 333      E6665C7C 
 333      36AAC217 
 333      58
 334 079a D09BB7EF 		.ascii	"\320\233\267\357\002|\035c\206[.\2468\341\313\214I\251"
 334      027C1D63 
 334      865B2EA6 
 334      38E1CB8C 
 334      49A9
 335 07ac 69DBEA84 		.ascii	"i\333\352\204\2573\346\320\2752\330\011\035\214\251"
 335      AF33E6D0 
 335      BD32D809 
 335      1D8CA9
 336 07bb EC28D1E0 		.ascii	"\354(\321\340\273\254\237_\226z\307\001?fL_i\342\270"
 336      BBAC9F5F 
 336      967AC701 
 336      3F664C5F 
 336      69E2B8
 337 07ce 0C0F     		.ascii	"\014\017"
 338 07d0 33A6A5BC 		.ascii	"3\246\245\274\247\337\005\2173f\337h\347}'\226[\336"
ARM GAS  /tmp/ccXdhtRh.s 			page 27


 338      A7DF058F 
 338      3366DF68 
 338      E77D2796 
 338      5BDE
 339 07e2 A4B46F39 		.ascii	"\244\264o9\330\241`yXMv\370\336\262\336!\027<A\261\352"
 339      D8A16079 
 339      584D76F8 
 339      DEB2DE21 
 339      173C41B1 
 340 07f7 33DB5F6E 		.ascii	"3\333_n \265\274\027\255\347iA\317\212\233EYG%\305\315"
 340      20B5BC17 
 340      ADE76941 
 340      CF8A9B45 
 340      594725C5 
 341 080c 51585429 		.ascii	"QXT)?\257\322\220\326\002#i\016\226\017\362qk\374\374"
 341      3FAFD290 
 341      D6022369 
 341      0E960FF2 
 341      716BFCFC 
 342 0820 DAA1558A 		.ascii	"\332\241U\212?e\215\237W\2324I\341\0056\341\222\352"
 342      3F658D9F 
 342      579A3449 
 342      E10536E1 
 342      92EA
 343 0832 A0578ACE 		.ascii	"\240W\212\316\267F\227\3173fR\212?f{\261\022\361MY\022"
 343      B74697CF 
 343      3366528A 
 343      3F667BB1 
 343      12F14D59 
 344 0847 F8116BF8 		.ascii	"\370\021k\370y;W\222\257 G\012i\216\0208\2510\312!="
 344      793B5792 
 344      AF20470A 
 344      698E1038 
 344      A930CA21 
 345 085c 8B792F74 		.ascii	"\213y/t\006\250\002\350,\320y\240\323@%@_\003\235\003"
 345      06A802E8 
 345      2CD079A0 
 345      D3402540 
 345      5F039D03 
 346 0870 2AE3A535 		.ascii	"*\343\2455\340\003\251\261'l{ZZ)I\215-\262m,\363\205"
 346      E003A9B1 
 346      276C7B5A 
 346      5A29498D 
 346      2DB26D2C 
 347 0886 78BDDCE9 		.ascii	"x\275\334\351@\2534\200\315\257\322\272\322\034$U\332"
 347      40AB3480 
 347      CDAFD2BA 
 347      D21C2455 
 347      DA
 348 0897 49DB9E35 		.ascii	"I\333\2365\327]\317\012\012:Ux\212\235\023\251\223\273"
 348      D75DCF0A 
 348      0A3A5578 
 348      8A9D13A9 
 348      93BB
 349 08a9 075CADEB 		.ascii	"\007\\\255\353.\263K\3207\340\211\377\325+b5\222\355"
 349      2EB34BD0 
 349      37E089FF 
ARM GAS  /tmp/ccXdhtRh.s 			page 28


 349      D52B6235 
 349      92ED
 350 08bb 406BB02A 		.ascii	"@k\260*\220Ri9x\310*\2501E\365\351'\025\322\032\254"
 350      90526939 
 350      78C82AA8 
 350      3145F5E9 
 350      2715D21A 
 351 08d0 8A97D660 		.ascii	"\212\227\326`\027xvU\201\026\300O\333\363\212\325s\357"
 351      17787655 
 351      8116C04F 
 351      DBF38AD5 
 351      73EF
 352 08e2 46B62EE9 		.ascii	"F\266.\351\334\274\033:l1\017\362o\240\252\262\255."
 352      DCBC1B3A 
 352      6C310FF2 
 352      6FA0AAB2 
 352      AD2E
 353 08f4 4AB1CE49 		.ascii	"J\261\316I~\355}\006\325\3202\246\372\301\241\2429\267"
 353      7EED7D06 
 353      D5D032A6 
 353      FAC1A1A2 
 353      39B7
 354 0906 2972C258 		.ascii	")r\302XL\254\025M$\255<8(Ho\322\343\320\315\221\313"
 354      4CAC154D 
 354      24AD3C38 
 354      28486FD2 
 354      E3D0CD91 
 355 091b 7C7D35EC 		.ascii	"|}5\354\317\030\253\011\327Gjb\214\233M\261\232\220"
 355      CF18AB09 
 355      D7476A62 
 355      8C9B4DB1 
 355      9A90
 356 092d F5EF2DF7 		.ascii	"\365\357-\367\327\254[\027\244Y\035\274\366\203\177"
 356      D7AC5B17 
 356      A4591DBC 
 356      F6837F
 357 093c FA6962F4 		.ascii	"\372ib\364\221\272\310\3100\337P\305\352\367\377\262"
 357      91BAC8C8 
 357      30DF50C5 
 357      EAF7FFB2 
 358 094c 28D0CF8F 		.ascii	"(\320\317\217S\352tq\021\321\246\345\376:\323V\244\011"
 358      53EA7471 
 358      11D1A6E5 
 358      FE3AD356 
 358      A409
 359 095e 37461934 		.ascii	"7F\0314\372\320X\203O\244~\203&\310\030\032\027e\210"
 359      FAD05883 
 359      4FA47E83 
 359      26C8181A 
 359      176588
 360 0971 0641EB0D 		.ascii	"\006A\353\015\372\250w5\253B##bb\015:\203OL\\\350\307"
 360      FAA87735 
 360      AB422323 
 360      62620D3A 
 360      834F4C5C 
 361 0987 FE9AF546 		.ascii	"\376\232\365Fcd\254fSh\250\217~s\224O\2641\332\340c"
 361      6364AC66 
ARM GAS  /tmp/ccXdhtRh.s 			page 29


 361      5368A88F 
 361      7E73944F 
 361      B431DAE0 
 362 099c D06F88F0 		.ascii	"\320o\210\360Y\341\343\277\314o\205\317?~\353\023\245"
 362      59E1E3BF 
 362      CC6F85CF 
 362      3F7EEB13 
 362      A5
 363 09ad FFC8B859 		.ascii	"\377\310\270Y3\347\255&\":42.\314\240\211\322\207\206"
 363      33E7AD26 
 363      223A3432 
 363      2ECCA089 
 363      D28786
 364 09c0 47441B34 		.ascii	"GD\0334\2720\303F}\\\244Ig\3724\306\020\353\033\316"
 364      BA30C346 
 364      7D5CA449 
 364      67FA34C6 
 364      10EB1BCE 
 365 09d4 29CC06FD 		.ascii	")\314\006\375\353\377jO\354\247\261\032]\254)\014\224"
 365      EBFF6A4F 
 365      ECA7B11A 
 365      5DAC290C 
 365      94
 366 09e5 8311D818 		.ascii	"\203\021\330\030\266\031<\033\356\367\023=\033\316\271"
 366      B6193C1B 
 366      EEF7133D 
 366      1BCEB9
 367 09f4 C79AA2C0 		.ascii	"\307\232\242\300\372M1\021F]\254\301\024\027\2433\311"
 367      FA4D3111 
 367      465DACC1 
 367      1417A333 
 367      C9
 368 0a05 830349A4 		.ascii	"\203\003I\244\344\301\001\254Y\311\232U\244q\012^\271"
 368      E4C101AC 
 368      59C99A55 
 368      A4710A5E 
 368      B9
 369 0a16 2ED018BD 		.ascii	".\320\030\2751b\023\016\320je\001!Z-\376 H\213\327\002"
 369      3162130E 
 369      D06A6501 
 369      215A2DFE 
 369      20488BD7 
 370 0a2b 056AD700 		.ascii	"\005j\327\000\255\223\255\013|W\273Dj\210\341\023\223"
 370      AD93AD0B 
 370      7C57BB44 
 370      6A88E113 
 370      93
 371 0a3c 26F0BD90 		.ascii	"&\360\275\220\265!`\210\206\352\333\350\267\354\023"
 371      B5216088 
 371      86EADBE8 
 371      B7EC13
 372 0a4b 50AE26E6 		.ascii	"P\256&\346\350\326\203'\203\014\033\225\021FbmD\230"
 372      E8D68327 
 372      830C1B95 
 372      1146626D 
 372      4498
 373 0a5d CEA466DD 		.ascii	"\316\244f\335(}\354\307:\223\"\302\030e\0143\350L\316"
ARM GAS  /tmp/ccXdhtRh.s 			page 30


 373      287DECC7 
 373      3A9322C2 
 373      18650C33 
 373      E84CCE
 374 0a70 3AD16C5D 		.ascii	":\321l]Dt\204\351\247.5\224\373\331\354|X\350\246\315"
 374      447484E9 
 374      A72E3594 
 374      FBD9EC7C 
 374      58E8A6CD 
 375 0a84 C6B81822 		.ascii	"\306\270\030\"W\025\272q\223I\277\301\367wo\277\265"
 375      5715BA71 
 375      9349BFC1 
 375      F7776FBF 
 375      B5
 376 0a95 42CEFA4E 		.ascii	"B\316\372N,\313\336\326\231\034\305V\026\020\024\250"
 376      2CCBDED6 
 376      991CC556 
 376      161014A8 
 377 0aa5 755C191C 		.ascii	"u\\\031\034\340\267\352}\332\372C+_\271&\000\032\005"
 377      E0B7EA7D 
 377      DAFA432B 
 377      5FB92600 
 377      1A05
 378 0ab7 19D686AC 		.ascii	"\031\326\206\254\247\035\177\322\301\201k\265\262\300"
 378      A71D7FD2 
 378      C1816BB5 
 378      B2C0
 379 0ac5 3FAFD6F2 		.ascii	"?\257\326\362\201\320\017\321\252\264\201\201\346U\376"
 379      81D00FD1 
 379      AAB48181 
 379      E655FE
 380 0ad4 175C8248 		.ascii	"\027\\\202H\212"
 380      8A
 381              		.text
 382              		.section	.gnu.lto_.symtab.59bb4181b311a732,"",%progbits
 383 0000 5F70616C 		.ascii	"_pal_lld_init\000"
 383      5F6C6C64 
 383      5F696E69 
 383      7400
 384 000e 00       		.ascii	"\000"
 385 000f 00       		.ascii	"\000"
 386 0010 00       		.ascii	"\000"
 387 0011 00000000 		.ascii	"\000\000\000\000\000\000\000\000"
 387      00000000 
 388 0019 0B010000 		.ascii	"\013\001\000\000"
 389 001d 5F70616C 		.ascii	"_pal_lld_setgroupmode\000"
 389      5F6C6C64 
 389      5F736574 
 389      67726F75 
 389      706D6F64 
 390 0033 00       		.ascii	"\000"
 391 0034 00       		.ascii	"\000"
 392 0035 00       		.ascii	"\000"
 393 0036 00000000 		.ascii	"\000\000\000\000\000\000\000\000"
 393      00000000 
 394 003e 11010000 		.ascii	"\021\001\000\000"
 395              		.text
ARM GAS  /tmp/ccXdhtRh.s 			page 31


 396              		.section	.gnu.lto_.opts,"",%progbits
 397 0000 272D666D 		.ascii	"'-fmath-errno' '-fsigned-zeros' '-ftrapping-math' '"
 397      6174682D 
 397      6572726E 
 397      6F272027 
 397      2D667369 
 398 0033 2D666E6F 		.ascii	"-fno-trapv' '-fno-openmp' '-fno-openacc' '-mcpu=cor"
 398      2D747261 
 398      70762720 
 398      272D666E 
 398      6F2D6F70 
 399 0066 7465782D 		.ascii	"tex-m3' '-mno-thumb-interwork' '-mthumb' '-O2' '-fo"
 399      6D332720 
 399      272D6D6E 
 399      6F2D7468 
 399      756D622D 
 400 0099 6D69742D 		.ascii	"mit-frame-pointer' '-falign-functions=16' '-ffuncti"
 400      6672616D 
 400      652D706F 
 400      696E7465 
 400      72272027 
 401 00cc 6F6E2D73 		.ascii	"on-sections' '-fdata-sections' '-fno-common' '-flto"
 401      65637469 
 401      6F6E7327 
 401      20272D66 
 401      64617461 
 402 00ff 2700     		.ascii	"'\000"
 403              		.text
 404              		.comm	__gnu_lto_v1,1,1
 405              		.comm	__gnu_lto_slim,1,1
 406              		.ident	"GCC: (GNU Tools for Arm Embedded Processors 7-2017-q4-major) 7.2.1 20170904 (release) [ARM
ARM GAS  /tmp/ccXdhtRh.s 			page 32


DEFINED SYMBOLS
                            *ABS*:0000000000000000 pal_lld.c
                            *COM*:0000000000000001 __gnu_lto_v1
                            *COM*:0000000000000001 __gnu_lto_slim

NO UNDEFINED SYMBOLS
