ARM GAS  /tmp/ccyYebOc.s 			page 1


   1              		.cpu cortex-m4
   2              		.eabi_attribute 20, 1
   3              		.eabi_attribute 21, 1
   4              		.eabi_attribute 23, 3
   5              		.eabi_attribute 24, 1
   6              		.eabi_attribute 25, 1
   7              		.eabi_attribute 26, 1
   8              		.eabi_attribute 30, 2
   9              		.eabi_attribute 34, 1
  10              		.eabi_attribute 18, 4
  11              		.file	"chmempools.c"
  12              		.section	.gnu.lto_.profile.f824da940f32f809,"",%progbits
  13 0000 789C6363 		.ascii	"x\234cc```\001bF\206\030s\000\001g\000\237"
  13      60606001 
  13      62468618 
  13      73000167 
  13      009F
  14              		.text
  15              		.section	.gnu.lto_.icf.f824da940f32f809,"",%progbits
  16 0000 789C6363 		.ascii	"x\234cc``\320a@\000v\206\373/\277\357ge|w{\326\"v\246"
  16      6060D061 
  16      40007686 
  16      FB2FBFEF 
  16      67657C77 
  17 0019 75AF7B97 		.ascii	"u\257{\227\3632o:\261z\027?K\307\233\2367<\254\277\336"
  17      F3326F3A 
  17      B17A173F 
  17      4BC79B9E 
  17      373CACBF 
  18 002e 7D3DC6C1 		.ascii	"}=\306\3016g\363\361N\016\006\000\374'\025\360"
  18      3667F3F1 
  18      4E0E0600 
  18      FC2715F0 
  19              		.text
  20              		.section	.gnu.lto_.jmpfuncs.f824da940f32f809,"",%progbits
  21 0000 789C5D8C 		.ascii	"x\234]\214\261\015\2000\014\004\357\355\220\224\354"
  21      B10D8030 
  21      0C04EFED 
  21      9094EC
  22 000f C366544C 		.ascii	"\303fTLA\3070\331\014\354\"\"\312K_\370\317\272\012"
  22      41C730D9 
  22      0CEC2222 
  22      CA4B5FF8 
  22      CFBA0A
  23 0022 DCFC6948 		.ascii	"\334\374iH\272\036\307@\275\210\350\033\331\341\350"
  23      BA1EC740 
  23      BD88E81B 
  23      D9E1E8
  24 0031 C883B6C4 		.ascii	"\310\203\266\304\321|3\233\027\317\325\207\300N\264"
  24      D17C339B 
  24      17CFD587 
  24      C04EB4
  25 0040 38CAC456 		.ascii	"8\312\304V\377f\222\017Q\235\017>\024\253\"5"
  25      FF66920F 
  25      519D0F3E 
  25      14AB2235 
  26              		.text
ARM GAS  /tmp/ccyYebOc.s 			page 2


  27              		.section	.gnu.lto_.inline.f824da940f32f809,"",%progbits
  28 0000 789C6D8E 		.ascii	"x\234m\216\255n\002Q\024\204g\316\271?\013\354\206E"
  28      AD6E0251 
  28      148467CE 
  28      B93F0BEC 
  28      8645
  29 0012 61485855 		.ascii	"aHXUT\221\353\232\364\011\352y\005x\016\010\011\242"
  29      5491EB9A 
  29      F409EA79 
  29      05780E08 
  29      09A2
  30 0024 154D1392 		.ascii	"\025M\023\222\212\212\232\352\0324\266\002$\026T%\217"
  30      8A8A9AEA 
  30      1A34B602 
  30      24165425 
  30      8F
  31 0035 C0BDBBB0 		.ascii	"\300\275\273\260\212+\3169\311\334\231o\034\200\007"
  31      8A2BCE39 
  31      C9DC996F 
  31      1C8007
  32 0044 A2791E48 		.ascii	"\242y\036H\3734(f\357\312\217\371v\347W\372\251B\360"
  32      FB342866 
  32      EFCA8FF9 
  32      76E757FA 
  32      A942F0
  33 0057 97037D46 		.ascii	"\227\003}F1\275\035\304u\026.\370\334\327P\300\177\237"
  33      31BD1DC4 
  33      75162EF8 
  33      DCD750C0 
  33      7F9F
  34 0069 0BEC7294 		.ascii	"\013\354r\224\203G_\030\251W\314\265=\030\360\355\205"
  34      83475F18 
  34      A957CCB5 
  34      3D18F0ED 
  34      85
  35 007a 709610DD 		.ascii	"p\226\020\335\364\321:\224\022%A\366DJ\210\202\364N"
  35      F4D13A94 
  35      122541F6 
  35      444A8882 
  35      F44E
  36 008c AF0EADC5 		.ascii	"\257\016\255\3057\005\321\246\350\264\251\241\014\307"
  36      3705D1A6 
  36      E8B4A9A1 
  36      0CC7
  37 009a 034584D7 		.ascii	"\003E\204\327;Pq\217\252\177\335@Y[S\005k\212$2\015"
  37      3B50718F 
  37      AA7FDD40 
  37      595B5305 
  37      6B8A2432 
  38 00af B24E60A6 		.ascii	"\262N`\246\253\011\222\237\307\233\024\025\033\333\260"
  38      AB09929F 
  38      C79B1415 
  38      1BDBB0
  39 00be CE33B2EF 		.ascii	"\3163\262\357\"9\217\253@S\317\370\325!\361\301\355"
  39      22398FAB 
  39      4053CFF8 
  39      D521F1C1 
ARM GAS  /tmp/ccyYebOc.s 			page 3


  39      ED
  40 00cf 0F65D318 		.ascii	"\017e\323\030\027>\363#\344"
  40      173EF323 
  40      E4
  41              		.text
  42              		.section	.gnu.lto_.pureconst.f824da940f32f809,"",%progbits
  43 0000 789C6363 		.ascii	"x\234cc``\020\002bv\006IF)\246]\214\314R,\273\030Y\245"
  43      60601002 
  43      62760649 
  43      4629A65D 
  43      8CCC522C 
  44 0018 D8763102 		.ascii	"\330v1\002\000\026\364\002\315"
  44      0016F402 
  44      CD
  45              		.text
  46              		.section	.gnu.lto_chPoolAllocI.part.0.f824da940f32f809,"",%progbits
  47 0000 789C8D52 		.ascii	"x\234\215R\317k\023A\024~\337\274\331\335\324\037\025"
  47      CF6B1341 
  47      147EDFBC 
  47      D9DDD41F 
  47      15
  48 0011 8AC71C02 		.ascii	"\212\307\034\002\332\226z\310\376\005\336\375;\014E"
  48      DA967AC8 
  48      FE05DEFD 
  48      3B0C45
  49 0020 298684C6 		.ascii	")\206\204\306{\247iBRZ\241\007[!,\272\245J\351AT\374"
  49      7BA76942 
  49      525AA107 
  49      5B212CBA 
  49      A54AE941 
  50 0036 5563D550 		.ascii	"Uc\325Pi\021$\225\210\007\321RP\261X\021\261\010\036"
  50      69112495 
  50      8807D152 
  50      50B15811 
  50      B1081E
  51 0049 1452DFCC 		.ascii	"\024R\337\314\366\240\340\301a\367\275\2317\357{\337"
  51      F6A0E0C1 
  51      61F7BD99 
  51      37EF7BDF 
  52 0059 376FC627 		.ascii	"7o\306'\2423\212\350\204\370\223\362\303'x3\0332\361"
  52      A2338AE8 
  52      84F893F2 
  52      C3277833 
  52      1B32F1
  53 006c A09C578A 		.ascii	"\240\234W\212\237\267\211\314\001\275&\366\020C\333"
  53      9FB789CC 
  53      01BD26F6 
  53      1043DB
  54 007b F0784A03 		.ascii	"\360xJ\003vbR\2401O\261\306\030\246\371\"\243S\271\031"
  54      766252A0 
  54      314FB1C6 
  54      18A6F922 
  54      A353B919 
  55 008f F114474C 		.ascii	"\361\024GL\320\262\334m7>\364\332%\220\221\345R\355"
  55      D0B2DC6D 
  55      373EF4DA 
  55      259091E5 
ARM GAS  /tmp/ccyYebOc.s 			page 4


  55      52ED
  56 00a1 7BC71F5A 		.ascii	"{\307\037Z4\246lZ\227\276\005\213\023\325S\021+\232"
  56      34A66C5A 
  56      97BE058B 
  56      13D55311 
  56      2B9A
  57 00b3 93EC3B48 		.ascii	"\223\354;H\3436\322V\304]\014I\356\247\345\365z\212"
  57      E336D256 
  57      C45D0C49 
  57      EEA7E5F5 
  57      7A8A
  58 00c5 8F8164FE 		.ascii	"\217\201d\376k|k\251w\360\232\303m^es<b\306=\360\237"
  58      6B7C6BA9 
  58      77F09AC3 
  58      6D5E6573 
  58      3C62C63D 
  59 00db 400911EE 		.ascii	"@\011\021\356c\320\346\357Tf\352Gx\300aw\273\027~\006"
  59      63D0E6EF 
  59      5466EA47 
  59      78C06177 
  59      BB177E06 
  60 00ef FD0B0EBB 		.ascii	"\375\013\016\273q\245o~\302<3ZX\261\3747\336\016I\177"
  60      71A56F7E 
  60      C23C335A 
  60      58B1FC37 
  60      DE0E497F 
  61 0103 7FAB3B7B 		.ascii	"\177\253;{\330\327x\200~\247\253i{\342\014\221\212%"
  61      D8D77880 
  61      7EA7AB69 
  61      7BE20C91 
  61      8A25
  62 0115 201B375E 		.ascii	" \0337^z\306t\367j\3064\007\372z\000K\253D\200f1\236"
  62      7AC674F7 
  62      6AC63407 
  62      FA7A004B 
  62      AB448066 
  63 012b 76399EB3 		.ascii	"v9\236\263Du&\262\235\252\263g=O\312y\255\377\214rs"
  63      447526B2 
  63      9DAAB367 
  63      3D4FCA79 
  63      ADFF8C72 
  64 0140 676A2DB0 		.ascii	"gj-\260\265\033\254\204y\256\272\372\"\260\275b\247"
  64      B51BAC84 
  64      79AEBAFA 
  64      22B0BD62 
  64      A7
  65 0151 7B65B5BD 		.ascii	"{e\265\275\356\307\270\214\210%\001xh5J\374U\355\365"
  65      EEC7B88C 
  65      88250178 
  65      68354AFC 
  65      55EDF5
  66 0164 D6C1F0BA 		.ascii	"\326\301\360\272\221\221\2118\300\012b\314\262U\217"
  66      91918938 
  66      C00A62CC 
  66      B2558F
  67 0173 4708E923 		.ascii	"G\010\351#*o\237n\342\037e\003\020\036\357\037tR\232"
  67      2A6F9F6E 
ARM GAS  /tmp/ccyYebOc.s 			page 5


  67      E21F6503 
  67      101EEF1F 
  67      74529A
  68 0186 25F79AA8 		.ascii	"%\367\232\250\230\256\356\253\340\377\246M\341\211\243"
  68      98AEEEAB 
  68      E0FFA64D 
  68      E189A3
  69 0195 85A56D09 		.ascii	"\205\245m\011\355\027T\342\221\244\212\026^\222b\021"
  69      ED1754E2 
  69      91A48A16 
  69      5E926211 
  70 01a5 F7D036CA 		.ascii	"\367\3206\312\031\033\265\275\220\035\307\254\335\371"
  70      191BB5BD 
  70      901DC7AC 
  70      DDF9
  71 01b3 B7A12889 		.ascii	"\267\241(\211z\364\025\345\370\335\321\004\355I\316"
  71      7AF415E5 
  71      F8DDD104 
  71      ED49CE
  72 01c2 0F797ED9 		.ascii	"\017y~\331\264z\263\327\202\200\270\261\320\201\364"
  72      B47AB3D7 
  72      8280B8B1 
  72      D081F4
  73 01d1 0F16278F 		.ascii	"\017\026'\2175\223\315\206\311W(\205\243\347\303\322"
  73      3593CD86 
  73      C9572885 
  73      A3E7C3D2 
  74 01e1 682ECC9D 		.ascii	"h.\314\235\315\017\347\213\205\302\271R6G*_\324\205"
  74      CD0FE78B 
  74      85C2B952 
  74      36472A5F 
  74      D485
  75 01f3 D323C5DF 		.ascii	"\323#\305\337\242-\311\251"
  75      A22DC9A9 
  76              		.text
  77              		.section	.gnu.lto_chPoolObjectInit.f824da940f32f809,"",%progbits
  78 0000 789C9591 		.ascii	"x\234\225\221\337K\024Q\024\307\317\367\236\331\331"
  78      DF4B1451 
  78      14C7CFF7 
  78      9ED9D9
  79 000f 21D3DEC2 		.ascii	"!\323\336\302\310\207\205\242E\204\235\207\376\244m"
  79      C88785A2 
  79      45849D87 
  79      FEA46D
  80 001e 21A16596 		.ascii	"!\241e\226\335\350\241\027\357n\331\256\224\340C\032"
  80      DDE8A117 
  80      EF6ED9AE 
  80      94E0431A 
  81 002e 0C830DF6 		.ascii	"\014\203\015\366SB**\323\262\234\326\330\227\262(\012"
  81      53422A2A 
  81      D3B29CD6 
  81      D897B228 
  81      0A
  82 003f C440A20D 		.ascii	"\304@\242\015Q\037\202\302\267\300:\367\266\201\370"
  82      511F82C2 
  82      B7C03AF7 
  82      B681F8
ARM GAS  /tmp/ccyYebOc.s 			page 6


  83 004e E6652E73 		.ascii	"\346e.s\316\334\363\371\236s\277\343\022Q\240\210N\312"
  83      CEDCF3F9 
  83      9E73BFE3 
  83      1251A088 
  83      4ECA
  84 0060 FBA86C30 		.ascii	"\373\250l0A\215\275#\252z\0120\201\366@C\012C\270\302"
  84      418DBD23 
  84      AA7A0A30 
  84      81F64043 
  84      0A43B8C2 
  85 0074 5719CDFA 		.ascii	"W\031\315\372\372\274\352\277\243e%\327f\335Kz\2707"
  85      FABCEABF 
  85      A36525D7 
  85      66DD4B7A 
  85      B837
  86 0086 62A209D9 		.ascii	"b\242\011\331f\341\021\372\245\352\303\305\007\021_"
  86      66E111FA 
  86      A5EAC3C5 
  86      07115F
  87 0095 E6880147 		.ascii	"\346\210\001G\322\237\313a\273\307\244\012\031I7\346"
  87      D29FCB61 
  87      BBC7A40A 
  87      194937E6 
  88 00a5 5A0D8F8F 		.ascii	"Z\015\217\217\201$\376]]\233\356\311\336\322\272\246"
  88      8124FE5D 
  88      5D9BEEC9 
  88      DED2BAA6 
  89 00b5 93ED9BAC 		.ascii	"\223\355\233\254\217G\314\230\005\213 \236\240\017\217"
  89      8F47CC98 
  89      058B209E 
  89      A00F8F
  90 00c4 D147F289 		.ascii	"\321G\362\211\360\024Y)\237\252~~\323\315',\372udf\324"
  90      F0145929 
  90      9FAA7E7E 
  90      D3CD272C 
  90      FA756466 
  91 00d9 E9A06F6F 		.ascii	"\351\240oo[\324\301\334^\324!\314[\364\313dk\363 \017"
  91      5BD4C1DC 
  91      5ED421CC 
  91      5BF4CB64 
  91      6BF3200F 
  92 00ed 587471F5 		.ascii	"Xtq\365\327\215C\035\364{o\250\023'\342\024\236\355"
  92      D78D431D 
  92      F47B6FA8 
  92      1327E214 
  92      9EED
  93 00ff 655384E7 		.ascii	"eS\204\347\310\032\340\333\303\235\361n\327\211\377"
  93      C81AE0DB 
  93      C39DF16E 
  93      D789FF
  94 010e 5F150B70 		.ascii	"_\025\013p\011\022\334\377\230J\364\316\237\272L\177"
  94      0912DCFF 
  94      984AF4CE 
  94      9FBA4C7F 
  95 011e 6475CB33 		.ascii	"du\3133\246\311\244\016LS\027\026\247\206\020\342\244"
  95      A6C9A40E 
  95      4C531716 
ARM GAS  /tmp/ccyYebOc.s 			page 7


  95      A78610E2 
  95      A4
  96 012f 4E688495 		.ascii	"Nh\204\225\211.$\264\205\332\366\306\365v\332\010\211"
  96      892E24B4 
  96      85DAF6C6 
  96      F576DA08 
  96      89
  97 0140 FEC470F3 		.ascii	"\376\304p\363}\3328\304v\276\205\346r\313\2151Y\025"
  97      7DDA38C4 
  97      76BE85E6 
  97      72CB8D31 
  97      5915
  98 0152 9BE3C311 		.ascii	"\233\343\303\021\273\241X\367Bf2\207\237\352+k]\376"
  98      BBA158F7 
  98      42663287 
  98      9FEA2B6B 
  98      5DFE
  99 0164 8CF90599 		.ascii	"\214\371\005\231\210\323x\211\030\343\326\177,\302\337"
  99      88D37889 
  99      18E3D67F 
  99      2CC2DF
 100 0173 2D960621 		.ascii	"-\226\006!\021J\232\205\233w\227\272:\315\366\241\356"
 100      114A9A85 
 100      9B7797BA 
 100      3ACDF6A1 
 100      EE
 101 0184 E0955537 		.ascii	"\340\225U7WE\023~(~Z\265\351\366\201\375\253\245\260"
 101      5745137E 
 101      287E5AB5 
 101      E9F681FD 
 101      ABA5B0
 102 0197 64D59451 		.ascii	"d\325\224Q{m\324\\\372\201Z|o\024\326P\263\032\322K"
 102      7B6DD45C 
 102      FA815A7C 
 102      6F14D650 
 102      B31AD24B 
 103 01ab 2C92924C 		.ascii	",\222\222L.\347\377{\202\212_>\353W\312y?\177\272X("
 103      2EE7FF7B 
 103      828A5F3E 
 103      EB57CA79 
 103      3F7FBA58 
 104 01c0 9682E04C 		.ascii	"\226\202\340L%\227'U,9\225\301\363\005\257T\016\316"
 104      25972755 
 104      2C3995C1 
 104      F305AF54 
 104      0ECE
 105 01d2 0D9E2A94 		.ascii	"\015\236*\224\377\002\371j\330\360"
 105      FF02F96A 
 105      D8F0
 106              		.text
 107              		.section	.gnu.lto_chPoolLoadArray.f824da940f32f809,"",%progbits
 108 0000 789C9D56 		.ascii	"x\234\235V_LSg\024\377\316\375\356mk\213@\266\027b\214"
 108      5F4C5367 
 108      14FFCEFD 
 108      EE6D6B8B 
 108      40B61762 
 109 0015 AB514408 		.ascii	"\253QD\010\241d/\333\303^\026\223%{\340E^\226l\331\242"
ARM GAS  /tmp/ccyYebOc.s 			page 8


 109      A1642FDB 
 109      C35E1693 
 109      257BE045 
 109      5E966CD9 
 110 002a 1D092E62 		.ascii	"\035\011.b\233\002F\236\274\024\344\317\334\034Q\354"
 110      9B02469E 
 110      BC14E4CF 
 110      DC1C51EC 
 111 003a 96A6198D 		.ascii	"\226\246\031\215H\224\007\346\037\330\206\202X\313D"
 111      489407E6 
 111      1FD88682 
 111      58CB44
 112 0049 36014571 		.ascii	"6\001Eq\2020T\376\024*\216\351\226\021\331&\354\234"
 112      823054FE 
 112      142A8EE9 
 112      9611D926 
 112      EC9C
 113 005b EFDE62B9 		.ascii	"\357\336b\271\002Kv\003\345\334\357;\277s\316\367;\277"
 113      024B7603 
 113      E5DCEF3B 
 113      BF73CEF7 
 113      3BBF
 114 006d F3511363 		.ascii	"\363Q\023cl\300\302\330\023\374\373\036\376\202\211"
 114      6CC0C2D8 
 114      13FCFB1E 
 114      FE8289
 115 007c 8154D3C7 		.ascii	"\201T\323\307X\251E\002Y3\270f\\\261\310\022o\0113\246"
 115      58A94502 
 115      5933B866 
 115      5CB1C812 
 115      6F0933A6 
 116 0090 5A95111B 		.ascii	"Z\225\021\033S\023\024\000ZW-\300\016J\\V\340\240$3"
 116      53131400 
 116      5A572DC0 
 116      0E4A5C56 
 116      E0A02433 
 117 00a4 08C9B088 		.ascii	"\010\311\260\210O\322\222\301\350\371\214\327r\010W"
 117      4FD292C1 
 117      E8F98CD7 
 117      720857
 118 00b3 462E48E9 		.ascii	"F.H\351\247T|B_\0365W\250\207R\002\2341\037\027.\014"
 118      A7547C42 
 118      5F1E3557 
 118      A8875202 
 118      9C311F17 
 119 00c9 9A211DBD 		.ascii	"\232!\035\275\372\313\317\006\370a\036\340\0002\276"
 119      FACBCF06 
 119      F8611EE0 
 119      0032BE
 120 00d8 3EEDF58F 		.ascii	">\355\365\217'\322\253\004v|\235n\355\252\262\360-\300"
 120      27D2AB04 
 120      767C9D6E 
 120      EDAAB2F0 
 120      2DC0
 121 00ea D0FEBB74 		.ascii	"\320\376\273t\26411\255AU\275j\350\361I\256n\015p\016"
 121      B43131AD 
 121      4155BD6A 
ARM GAS  /tmp/ccyYebOc.s 			page 9


 121      E8F149AE 
 121      6E0D700E 
 122 00fe DF01C780 		.ascii	"\337\001\307\200\360-l\204\026\330\310p\211\301\367"
 122      F02D6C84 
 122      16D8C870 
 122      89C1F7
 123 010d 9086EE3D 		.ascii	"\220\206\356=\241\3523V\276M@\307\253\347\247\254:\364"
 123      A1EA3356 
 123      BE4D40C7 
 123      ABE7A7AC 
 123      3AF4
 124 011f 9F060195 		.ascii	"\237\006\001\225\241\325\010\305\343\\\020\320\347j"
 124      A1D508C5 
 124      E35C10D0 
 124      E76A
 125 012d AD2F916F 		.ascii	"\255/\221o\027\320\211\353\3655f\035\332sJ@\025\270"
 125      17D089EB 
 125      F535661D 
 125      DA734A40 
 125      15B8
 126 013f 68842A0C 		.ascii	"h\204*\014\332 \215\374\307\316-\034_o\222\203\261\223"
 126      DA208DFC 
 126      C7CE2D1C 
 126      5F6F9283 
 126      B193
 127 0151 423B9800 		.ascii	"B;\230\000\327\243\3455UI<C\304|\272\360\371_\346\324"
 127      D7A3E535 
 127      55493C43 
 127      C47CBAF0 
 127      F95FE6D4 
 128 0165 7A11B365 		.ascii	"z\021\263eC\320\233L\345\\Z\036\223\036tm\273v\362\230"
 128      43D09B4C 
 128      E55C5A1E 
 128      931E746D 
 128      BB76F298 
 129 0179 ACBB2E36 		.ascii	"\254\273.6l\013_\255PkJ-+\234\\\367\327\322\227k\244"
 129      6C0B5FAD 
 129      506B4A2D 
 129      2B9C5CF7 
 129      D7D2976B 
 130 018e 07CC0A5C 		.ascii	"\007\314\012\\\206T\350\200TQ\207\217\303\377\211\031"
 130      8654E880 
 130      5451878F 
 130      C3FF8919 
 131 019e 5FEE4DE8 		.ascii	"_\356M\350V\345\325\313\215O?\332h\2020f\277B\331C\224"
 131      56E5D5CB 
 131      8D4F3FDA 
 131      68823066 
 131      BF42D943 
 132 01b3 5D32BA1C 		.ascii	"]2\272\034\363'2\350\244-\036\307\035\203\037\220\263"
 132      F32732E8 
 132      A42D1EC7 
 132      1D831F90 
 132      B3
 133 01c4 AB284E83 		.ascii	"\253(N\203\373\270?\363CF\033>\354\025\356M\265W\016"
 133      FBB83FF3 
 133      43461B3E 
ARM GAS  /tmp/ccyYebOc.s 			page 10


 133      EC15EE4D 
 133      B5570E
 134 01d7 002F1287 		.ascii	"\000/\022\207z\034\251\012\305\016u\267n\373\374\340"
 134      7A1CA90A 
 134      C50E75B7 
 134      6EFBFCE0 
 135 01e7 B4AA1E55 		.ascii	"\264\252\036U!\300Mp\355?K\235\2357A7\225\331E\261\225"
 135      21C04D70 
 135      ED3F4B9D 
 135      9D374137 
 135      95D945B1 
 136 01fc 65B5FC88 		.ascii	"e\265\374\210\265\374D\203\202\037\200\3203\267\224"
 136      B5FC4483 
 136      821F80D0 
 136      33B794
 137 020b 90BAB058 		.ascii	"\220\272\260X\211\374\276\022x\026\035\331\222\014("
 137      89FCBE12 
 137      78161DD9 
 137      920C28
 138 021a 00B324C4 		.ascii	"\000\263$\304\303\205\016pT\3206\001\331\026 =\256\023"
 138      C3850E70 
 138      54D03601 
 138      D916203D 
 138      AE13
 139 022c BB56B16B 		.ascii	"\273V\261kCw\234\301*T\307\210M\015\241!\241Q\026b\325"
 139      43779CC1 
 139      2A54C788 
 139      4D0DA121 
 139      A1511662 
 140 0241 C8024E1C 		.ascii	"\310\002N\034Z\021\360\006\333\216(\3243,\2456R\365"
 140      5A11F006 
 140      DB8E28D4 
 140      332CA536 
 140      52F5
 141 0253 6752C669 		.ascii	"gR\306iQ\351\\\253\344\017R\257\230>E\327!\303\217\341"
 141      51E95CAB 
 141      E40F52AF 
 141      983E45D7 
 141      21C38FE1 
 142 0267 E210D46E 		.ascii	"\342\020\324n?\306\214\200\340{Mt\017dP\004\341+\244"
 142      3FC68C80 
 142      E07B4D74 
 142      0F645004 
 142      E12BA4
 143 027a D2137BB9 		.ascii	"\322\023{\271\022\377\022^\026q9\325\331\277\255M5\364"
 143      12FF125E 
 143      167139D5 
 143      D9BFAD4D 
 143      35F4
 144 028c 422A822A 		.ascii	"B*\202*\243\352%\231\006\333\004v\350\303\275\031\360"
 144      A3EA2599 
 144      06DB0476 
 144      E8C3BD19 
 144      F0
 145 029d 8E35FB6A 		.ascii	"\2165\373j\307S\214\232\360\3054\261B\377\263\337gp"
 145      C7538C9A 
 145      F0C534B1 
ARM GAS  /tmp/ccyYebOc.s 			page 11


 145      42FFB3DF 
 145      6770
 146 02af 83F6CCC6 		.ascii	"\203\366\314\306\275\333uo\271(\025\203\233/\367\260"
 146      BDDB756F 
 146      B9281583 
 146      9B2FF7B0 
 147 02bf 1F59B945 		.ascii	"\037Y\271E=\274E=\004\326O\023y\242\356\3743\353\346"
 147      3DBC453D 
 147      04D64F13 
 147      79A2EEFC 
 147      33EBE6
 148 02d2 31A853BF 		.ascii	"1\250S\277\262\007\370:\0024\215\267\251x\357a\321\267"
 148      B207F83A 
 148      02348DB7 
 148      A978EF61 
 148      D1B7
 149 02e4 61B350C9 		.ascii	"a\263P\311\223\307\003\303\022\256\300\000\310\242l"
 149      93C703C3 
 149      12AEC000 
 149      C8A26C
 150 02f3 0677C445 		.ascii	"\006w\304Eu\272\243s2a\363\244\216\266\222\357\357\337"
 150      75BAA373 
 150      3261F3A4 
 150      8EB692EF 
 150      EFDF
 151 0305 9CBF6313 		.ascii	"\234\277c\023\350\237\011\015wA\246\276\330\005\005"
 151      E89F090D 
 151      7741A6BE 
 151      D80505
 152 0314 8CCC07D5 		.ascii	"\214\314\007\325\207\315\306\011\354kM\360\253\241r"
 152      87CDC609 
 152      EC6B4DF0 
 152      ABA172
 153 0323 FB2AF307 		.ascii	"\373*\363\007\203K\215\360\006\317\004\270q _\300W\234"
 153      834B8DF0 
 153      06CF04B8 
 153      71205FC0 
 153      579C
 154 0335 49188AB5 		.ascii	"I\030\212\265\316\033\374\303\3470\220\026i5\221\003"
 154      CE1BFCC3 
 154      E7309016 
 154      69359103 
 155 0345 E5D039B7 		.ascii	"\345\3209\267P\374\341\241\321\326\004\376+\210\301"
 155      50FCE1A1 
 155      D1D604FE 
 155      2B88C1
 156 0354 BA73BFF1 		.ascii	"\272s\277\361\003=W\244i\323\2112U\\\000\026\030^c\252"
 156      033D57A4 
 156      69D38932 
 156      555C0016 
 156      185E63AA 
 157 0368 6418A188 		.ascii	"d\030\241\210\367\220\355_\210v\374\240\025*\344\021"
 157      F790ED5F 
 157      8876FCA0 
 157      152AE411 
 158 0378 782F46A3 		.ascii	"x/F\243\207l\264\346\3476\204\370\016\205o\230I\031"
 158      876CB4E6 
ARM GAS  /tmp/ccyYebOc.s 			page 12


 158      E73684F8 
 158      0E856F98 
 158      4919
 159 038a 3691AF3D 		.ascii	"6\221\257=\334\333e\012\302\327\250'\013*\033F\005\351"
 159      DCDB650A 
 159      C2D7A827 
 159      0B2A1B46 
 159      05E9
 160 039c F7210884 		.ascii	"\367!\010\204\035\370\264Z!h<\316b\304%`\"x@8\\\037"
 160      1DF8B45A 
 160      21683CCE 
 160      62C42560 
 160      22784038 
 161 03b2 A81C1CB5 		.ascii	"\250\034\034\2659\232\350\274\301\015\344\374\020C\035"
 161      399AE8BC 
 161      C10DE4FC 
 161      10431D
 162 03c1 C709A0F2 		.ascii	"\307\011\240\362\030\214\201\003\313\240\320\276\350"
 162      188C8103 
 162      CBA0D0BE 
 162      E8
 163 03ce A349B31E 		.ascii	"\243I\263\036{\345\"\306\021\031#\263\031[!x\323[<\244"
 163      7BE522C6 
 163      111923B3 
 163      195B2178 
 163      D35B3CA4 
 164 03e2 99A8946E 		.ascii	"\231\250\224n\241\367\245\352Hp\023\272\336\317\371"
 164      A1F7A5EA 
 164      487013BA 
 164      DECFF9
 165 03f1 6A9DDA3D 		.ascii	"j\235\332=\242kp\241\356a\207-&\257\011\221dR\310\313"
 165      A26B70A1 
 165      EE61872D 
 165      26AF0991 
 165      6452C8CB 
 166 0405 A8A588A6 		.ascii	"\250\245\210\246\245\007\321/.n\022)4==?\237+F5VE8\266"
 166      A507D12F 
 166      2E6E1229 
 166      343D3D3F 
 166      9F2B4635 
 167 041d 71B8AF1E 		.ascii	"q\270\257\036b\227\001\323H\037\254\177\225V\374\034"
 167      629701D3 
 167      481FAC7F 
 167      9556FC1C 
 168 042d E2CBE3CB 		.ascii	"\342\313\343\313\310+E\226PJ\353\351\314S/\023h\247"
 168      C82B4596 
 168      504AEBE9 
 168      CC532F13 
 168      68A7
 169 043f 7F7ED382 		.ascii	"\177~\323\202?\272\012!\012\016\214]\026\250(\321\""
 169      3FBA0A21 
 169      0A0E8C5D 
 169      16A828D1 
 169      22
 170 0450 AF437630 		.ascii	"\257Cv0\276(Fd\307K\017W\311\307W\321\324\226\242yY"
 170      BE284664 
 170      C74B0F57 
ARM GAS  /tmp/ccyYebOc.s 			page 13


 170      C9C757D1 
 170      D496A279 
 171 0465 FD9CBE1F 		.ascii	"\375\234\276\037\314\264\237\035T\250\004E\377\012\361"
 171      CCB49F1D 
 171      54A80445 
 171      FF0AF1
 172 0474 08132E21 		.ascii	"\010\023.!\333\010i\305$\325x\327\343\027\017q+JL[\347"
 172      DB0869C5 
 172      24D578D7 
 172      E3170F71 
 172      2B4A4C5B 
 173 0489 9A2DA24B 		.ascii	"\232-\242Kl\022\312\207;g\003\257k\321y\374\351\024"
 173      6C12CA87 
 173      3B6703AF 
 173      6BD179FC 
 173      E914
 174 049b 647A4653 		.ascii	"dzFS\347\034`i\212\304\260\036\356\237{s\016\270\237"
 174      E71C6069 
 174      8AC4B01E 
 174      EE9F7B73 
 174      0EB89F
 175 04ae 9BE8D5CA 		.ascii	"\233\350\325\312\357\315ec\032E\273\205giR\216\010\362"
 175      EFCD6563 
 175      1A45BB85 
 175      6769528E 
 175      08F2
 176 04c0 84A8ABF0 		.ascii	"\204\250\253\360<#6\354\204=+\313\241\375\270\012\035"
 176      3C2336EC 
 176      843D2BCB 
 176      A1FDB80A 
 176      1D
 177 04d1 9E2247A1 		.ascii	"\236\"G\241\307\351p\346\027\344\025\270]\256\275\205"
 177      C7E970E6 
 177      17E415B8 
 177      5DAEBD85 
 178 04e1 594E2615 		.ascii	"YN&\025\270\301\015\373d\327\356O\334[\015\316{\366"
 178      B8C10DFB 
 178      64D7EE4F 
 178      DC5B0DCE 
 178      7BF6
 179 04f3 39F7167F 		.ascii	"9\367\026\177\234\027\017\310g\257\255\352TXB\373\312"
 179      9C170FC8 
 179      67AFADEA 
 179      545842FB 
 179      CA
 180 0504 FE5D7B8B 		.ascii	"\376]{\213\363\322\015^n\227\247\250\320\361\366\316"
 180      F3D20D5E 
 180      6E97A7A8 
 180      D0F1F6CE 
 181 0514 9C1D3907 		.ascii	"\234\0359\007\320\325\351\362\344}\264\377\215\002\364"
 181      D0D5E9F2 
 181      E47DB4FF 
 181      8D02F4
 182 0523 CF8CF7CC 		.ascii	"\317\214\367\314;P\344\330\221\223\373n\356\213\260"
 182      3B50E4D8 
 182      9193FB6E 
 182      EE8BB0
ARM GAS  /tmp/ccyYebOc.s 			page 14


 183 0532 E4E92C78 		.ascii	"\344\351,x\247x\237\023\235\223srw\332w\357*\314s{\366"
 183      A7789F13 
 183      9D937372 
 183      77DA77EF 
 183      2ACC737B 
 184 0547 64DA53B3 		.ascii	"d\332S\263\231\344af,\316\345)a\334\235\357\376\027"
 184      99E46166 
 184      2CCEE529 
 184      61DC9DEF 
 184      FE17
 185 0559 D3AB207E 		.ascii	"\323\253 ~"
 186              		.text
 187              		.section	.gnu.lto_chPoolAllocI.f824da940f32f809,"",%progbits
 188 0000 789C8592 		.ascii	"x\234\205\222\313k\023Q\024\306\3177\367\316L\250\265"
 188      CB6B1351 
 188      14C6CF37 
 188      F7CE4CA8 
 188      B5
 189 0011 852E43D1 		.ascii	"\205.C\321\200\326R\027\231E\327\356\375;\032\004\021"
 189      80D65217 
 189      9945D7EE 
 189      FD3B1A04 
 189      11
 190 0022 4342E23E 		.ascii	"CB\342>7\217\222\304\007\024\332F\014\203FTj\027\242"
 190      378F92C4 
 190      0714DA46 
 190      0C834654 
 190      6A17A2
 191 0035 E2ABA955 		.ascii	"\342\253\251U\307\024\203\013\333R\351B\214ta\261X)"
 191      C714830B 
 191      DB52E942 
 191      8C7461B1 
 191      5829
 192 0047 62515C28 		.ascii	"bQ\\(I=w\246bU\304af\356\353\234\357\373\2353c\021Q"
 192      493D77A6 
 192      6255C461 
 192      66EEEB9C 
 192      EFFB9D33 
 193 005e CB203ACC 		.ascii	"\313 :\314\343\021~`\021\214\261E\242l\3100D{\230T\227"
 193      E3117E60 
 193      118CB145 
 193      A26CC830 
 193      447B9854 
 194 0073 1C0F93EA 		.ascii	"\034\017\223\352\0260\203m\031L`\002zT!P\306\020\322"
 194      1630836D 
 194      194C6002 
 194      7A542150 
 194      C610D2
 195 0086 440667C5 		.ascii	"D\006g\305\204\300r\341\226+\316\010W\020$/\267\026"
 195      84C072E1 
 195      962BCE08 
 195      5710242F 
 195      B716
 196 0098 AA6B3D7A 		.ascii	"\252k=z\011Dx9]\374\274l\015M)\225S\336\371O\366T~\364"
 196      09447839 
 196      5DFCBC6C 
 196      0D4D2995 
ARM GAS  /tmp/ccyYebOc.s 			page 15


 196      53DEF94F 
 197 00b0 A82B0CAA 		.ascii	"\250+\014\252p\364]\364\343\016\3725\304=\014q\354\373"
 197      70F45DF4 
 197      E30EFA35 
 197      C43D0C71 
 197      ECFB
 198 00c2 99662924 		.ascii	"\231f)$\016\200x\376=\273:\3353x\315\317{sU\250\203"
 198      0E8078FE 
 198      3DBB3ADD 
 198      3378CDCF 
 198      7B7355A8 
 199 00d7 AE10B80F 		.ascii	"\256\020\270\017\261;\221\267\010\0170\250\3437\012"
 199      B13B91B7 
 199      080F30A8 
 199      E3370A
 200 00e6 63A55E71 		.ascii	"c\245^q\310\317\335\352\234\373f\017\\\361s\027/\365"
 200      C8CFDDEA 
 200      9CFB660F 
 200      5CF17317 
 200      2FF5
 201 00f8 5DCEABE7 		.ascii	"]\316\253\347J\262+f~\317\327\027\207\277\275\335\231"
 201      4AB22B66 
 201      7ECFD717 
 201      87BFBDDD 
 201      99
 202 0109 DC6B49D4 		.ascii	"\334kI\3241P\023\244\321\230hV7\206G\275{\363\245\351"
 202      315013A4 
 202      D1986856 
 202      378647BD 
 202      7BF3A5E9 
 203 011d A9CE7651 		.ascii	"\251\316vQy\315\375K_^\364u\031l-Y\210\317\244\377\266"
 203      79CDFD4B 
 203      5F5EF475 
 203      196C2D59 
 203      88CFA4FF 
 204 0132 A0396C7F 		.ascii	"\2409l\177NTb\005n\225\362\250\314\245\362,\357\321"
 204      4E546205 
 204      6E95F2A8 
 204      CCA5F22C 
 204      EFD1
 205 0144 07E46637 		.ascii	"\007\344f7:yK\013W\205\315\266\225\321\306\222\255\033"
 205      3A794B0B 
 205      5785CDB6 
 205      95D1C692 
 205      AD1B
 206 0156 257CE8B9 		.ascii	"%|\350\271\306B\323\252\341bV)UK\261\201Y\025\026\036"
 206      C642D3AA 
 206      E1625629 
 206      554BB181 
 206      5915161E 
 207 016a 6A4C3E5D 		.ascii	"jL>])\276Z\335\343\334\3403\025ao\314\241\206I\015J"
 207      29BE5ADD 
 207      E3DCE033 
 207      15616FCC 
 207      A186490D 
 208 017f 780487D6 		.ascii	"x\004\207\326\221\253\215hi\015\300\362\364\016\205"
 208      91AB8D68 
ARM GAS  /tmp/ccyYebOc.s 			page 16


 208      690DC0F2 
 208      F40E85
 209 018e D67CF37A 		.ascii	"\326|\363z\367\216\035\242A\265e\356X{\370'N\371Yop"
 209      F78E1DA2 
 209      41B565EE 
 209      587BF827 
 209      4EF9596F 
 210 01a3 6EECC691 		.ascii	"n\354\306\221\177\341\260\243/\362\370\0370O|\030h\030"
 210      7FE1B0A3 
 210      2FF2F81F 
 210      304F7C18 
 210      6818
 211 01b5 8F61587B 		.ascii	"\217aX{\345\364\005SK\377Y\327\276\377\224\365\364W"
 211      E5F40553 
 211      4BFF59D7 
 211      BEFF94F5 
 211      F457
 212 01c7 590D380C 		.ascii	"Y\0158\014\3463K\032\0173\363&d\200\253\377\272z}\263"
 212      E6334B1A 
 212      0F33F326 
 212      6480ABFF 
 212      BA7A7DB3 
 213 01db 6567DA2A 		.ascii	"eg\332*\344\012\273\242\2751\217\014\261\266+B~\222"
 213      E40ABBA2 
 213      BD318F0C 
 213      B1B62B42 
 213      7E92
 214 01ed B9D3F875 		.ascii	"\271\323\370u\030\024tE\322Gn\323\332D8P\221\034\366"
 214      18147445 
 214      D2476ED3 
 214      DA443850 
 214      911CF6
 215 0200 15920B13 		.ascii	"\025\222\013\023\257\267=\260\254\324\237\016:\217}"
 215      AFB73DB0 
 215      ACD49F0E 
 215      3A8F7D
 216 020f 23D1A813 		.ascii	"#\321\250\023\334\211\264\223:\345\244S1'v<~,\236L$"
 216      DC89B493 
 216      3AE5A453 
 216      3127763C 
 216      7E2C9E4C 
 217 0224 4EA6A331 		.ascii	"N\246\24312\342I\231\0309\221\374\001}\034\366|"
 217      32E24999 
 217      183991FC 
 217      017D1CF6 
 217      7C
 218              		.text
 219              		.section	.gnu.lto_chPoolAlloc.f824da940f32f809,"",%progbits
 220 0000 789C8D54 		.ascii	"x\234\215T\377oSU\024\277\347\335\373^k77\302O\373a"
 220      FF6F5355 
 220      14BFE7DD 
 220      FB5E6B37 
 220      37C24FFB 
 221 0015 C1B768C5 		.ascii	"\301\267h\305!i\371\315\304\230ECb4f\277\260?\300\260"
 221      2169F9CD 
 221      C4984543 
 221      623466BF 
ARM GAS  /tmp/ccyYebOc.s 			page 17


 221      B03FC0B0 
 222 0029 DA04CC4A 		.ascii	"\332\004\314J\233v#\360\323.[\227\256\"\201\010+\322"
 222      9B7623F0 
 222      D32E5B97 
 222      AE228108 
 222      2BD2
 223 003b 346E2A84 		.ascii	"4n*\204\201\301/\210\272nc\324\316\215\011\254sXp\256"
 223      81C12F88 
 223      BA6E63D4 
 223      CE8D09AC 
 223      735870AE 
 224 004f 66419601 		.ascii	"fA\226\001\323e|\321\020\221X<\347\276\016\273N\211"
 224      D3657CD1 
 224      1091583C 
 224      E7BE0EBB 
 224      4E89
 225 0061 4DFB7AEF 		.ascii	"M\373z\357=\237s\316\347|\316\271\317`\214U\031\214"
 225      3D9F73CE 
 225      E77CCEB9 
 225      CF608C55 
 225      198C
 226 0073 0DE37F1D 		.ascii	"\015\343\177\035\376\300`\240\355\3130\266\313\256i"
 226      FEC060A0 
 226      EDCB30B6 
 226      CBAE69
 227 0082 3C53C7A4 		.ascii	"<S\307\244C\244+\231,\347\240[\307bi\241\003\320B\332"
 227      43A42B99 
 227      2CE7A05B 
 227      C76269A1 
 227      03D042DA 
 228 0096 81B56A5C 		.ascii	"\201\265j\\\350\320\012o\363\003\034&\303\237&\370n"
 228      E8D00A6F 
 228      F3031C26 
 228      C39F26F8 
 228      6E
 229 00a7 9EE00C04 		.ascii	"\236\340\014\004no\217\307g+h\013`\342\366X\344\267"
 229      6E6F8FC7 
 229      672B680B 
 229      60E2F658 
 229      E4B7
 230 00b9 49A3F6A8 		.ascii	"I\243\366\250\224m2up\332q\264\275\343\225\004\327X"
 230      946D3275 
 230      70DA71B4 
 230      BDE39504 
 230      D758
 231 00cb 0CD1A7A0 		.ascii	"\014\321\247\240\032>\207jb\361\005\324\"\366F\337h"
 231      1A3E876A 
 231      62F105D4 
 231      22F646DF 
 231      68
 232 00dc A79D3F09 		.ascii	"\247\235?\011\014\327\367w\315\034\253X{D\371e\017s"
 232      0CD7F777 
 232      CD1CAB58 
 232      7B44F965 
 232      0F73
 233 00ee F9548273 		.ascii	"\371T\202s\370\022x\261#\0361\370\012\326\022~>\274"
 233      F81278B1 
ARM GAS  /tmp/ccyYebOc.s 			page 18


 233      231E31F8 
 233      0AD6127E 
 233      3EBC
 234 0100 AFB3923F 		.ascii	"\257\263\222?\255|o\347\367\374is~\250|\357\036_\375"
 234      AD7C6FE7 
 234      F7FC6973 
 234      7EA87CEF 
 234      1E5FFD
 235 0113 7EBB1C93 		.ascii	"~\273\034\223\002\263B\337r\177\372 \374\352g\371\256"
 235      02B342DF 
 235      727FFA20 
 235      FCEA67F9 
 235      AE
 236 0124 C70D0149 		.ascii	"\307\015\001Ip\022/\244\323\017\006<4\204%~R\227?2\324"
 236      70122FA4 
 236      D30F063C 
 236      3484257E 
 236      52973F32 
 237 0139 798C4391 		.ascii	"y\214C\221\017\203\001\204\016\242\212%\360\334\334"
 237      0F830184 
 237      0EA28A25 
 237      F0DCDC
 238 0148 F33A2343 		.ascii	"\363:#C\014\213E\333\365\301H\026\370k\312w\341ZgJ\024"
 238      0C8B45DB 
 238      F5C14816 
 238      F86BCA77 
 238      E15A674A 
 239 015d E84DC49F 		.ascii	"\350M\304\237\2717uC\312w$$\270\200\241G\020\264\002"
 239      B9377543 
 239      CA772424 
 239      B880A147 
 239      10B402
 240 0170 2FDE33E0 		.ascii	"/\3363\340\014\022\205\323\024\233/\343\222B._SG\361"
 240      0C1285D3 
 240      149B2FE3 
 240      92422E5F 
 240      5347F1
 241 0183 01584689 		.ascii	"\001XF\211\024\007\357\330\016\235\2222\372\342\177"
 241      1407EFD8 
 241      0E9D9232 
 241      FAE27F
 242 0192 48016970 		.ascii	"H\001ip~rQO\311\374\203\010&Z\227\371}fu\271\006\244"
 242      7E72514F 
 242      C9FC8308 
 242      265A97F9 
 242      7D6675B9 
 243 01a8 30574681 		.ascii	"0WF\201\212\353\272Z\032\352\311X'\352\205S!S,\212\205"
 243      8AEBBA5A 
 243      1AEAC958 
 243      27EA8553 
 243      21532C8A 
 244 01bd E2AA3DC5 		.ascii	"\342\252=\305\256\201\266\262\314\0157\037]&\014\203"
 244      AE81B6B2 
 244      CC0D371F 
 244      5D260C83 
 245 01cd 139D22F3 		.ascii	"\023\235\"\363\362\264\240\351\021`\3027h\373\025\332"
 245      F2B4A0E9 
ARM GAS  /tmp/ccyYebOc.s 			page 19


 245      1160C237 
 245      68FB15DA 
 246 01dd AEDEDC7B 		.ascii	"\256\336\334{`\266\252D\207\375\267\034\205~\210\025"
 246      60B6AA44 
 246      87FDB71C 
 246      857E8815 
 247 01ed DA77B891 		.ascii	"\332w\270\221\344\010\331\364R\333\371\370\013~J\305"
 247      E408D9F4 
 247      52DBF9F8 
 247      0B7E4AC5 
 248 01fd 6074A57E 		.ascii	"`t\245~gQ\2661\322o\214\364\003\326K\012~\320}\362\017"
 248      6751B631 
 248      D26F8CF4 
 248      03D64B0A 
 248      7ED07DF2 
 249 0212 474D12BA 		.ascii	"GM\022\272\345\273f\202\253F\237\230\035\220v\241!\351"
 249      E5BB6682 
 249      AB469F98 
 249      1D9076A1 
 249      21E9
 250 0224 6FA14675 		.ascii	"o\241Fu\350\326B6\247\341\011\234\003\241h38\257nC\357"
 250      E8D64236 
 250      A7E1099C 
 250      03A16833 
 250      38AF6E43 
 251 0239 D0F05C79 		.ascii	"\320\360\\y\315`\301\333F\330;\037\237\274T\246\274"
 251      CD60C1DB 
 251      46D83B1F 
 251      9FBC54A6 
 251      BC
 252 024a 2F90378C 		.ascii	"/\2207\214\203@\311\332L%\001\243\345\225h\237N\265"
 252      8340C9DA 
 252      4C2501A3 
 252      E595689F 
 252      4EB5
 253 025c 2178E0EC 		.ascii	"!x\340\354\341\375K\".\036\257\210\313T\330\374\227"
 253      E1FD4B22 
 253      2E1EAF88 
 253      CB54D8FC 
 253      97
 254 026d 9BA014CC 		.ascii	"\233\240\024\314\2003\216M\370\005\332\372\347\363\355"
 254      80338E4D 
 254      F805DAFA 
 254      E7F3ED
 255 027c 4649E5E7 		.ascii	"FI\345\347\236%@A3\243x\356\251\2210\201%\177G\265\343"
 255      9E254041 
 255      33A378EE 
 255      A9913081 
 255      257F47B5 
 256 0291 23CEE95E 		.ascii	"#\316\351^\307:\322\0236j\2055\361\203\351\361Q\243"
 256      C73AD213 
 256      366A8535 
 256      F183E9F1 
 256      51A3
 257 02a3 07DEC306 		.ascii	"\007\336\303\006\3321\015LRZ<\317F\246f\312\334'(G\317"
 257      DA310D4C 
 257      525A3CCF 
ARM GAS  /tmp/ccyYebOc.s 			page 20


 257      46A666CA 
 257      DC272847 
 258 02b8 FDBDD538 		.ascii	"\375\275\3258!p\021z\240\013\007\203\2022\370\036\334"
 258      2170117A 
 258      A00B0783 
 258      8232F81E 
 258      DC
 259 02c9 54544F23 		.ascii	"TTO#\205\246d\030\236\315A87<\332[^H\007.\253\206(\232"
 259      85A66418 
 259      9ECD4138 
 259      373CDA5B 
 259      5E48072E 
 260 02e1 32753843 		.ascii	"2u8C\252\210\350H\245e\027\305t\364R:\217Q\200\354J"
 260      AA88E848 
 260      A56517C5 
 260      74F4523A 
 260      8F5180EC 
 261 02f6 3A26612F 		.ascii	":&a/).P\340r\031\271`\350\354[\207t\212\374?\313ZC\201"
 261      292E50E0 
 261      7219B960 
 261      E8EC5B87 
 261      748AFC3F 
 262 030e 7E5856D4 		.ascii	"~XV\324\024\270\221\226b,X\272\022\031/`\347\025Y\035"
 262      14B89196 
 262      622C58BA 
 262      12192F60 
 262      E715591D 
 263 0322 BD93C985 		.ascii	"\275\223\311\205\234\255\365/iOpG\214\333,\237\037\241"
 263      9CADF52F 
 263      694F7047 
 263      8CDB2C9F 
 263      1FA1
 264 0334 95618A04 		.ascii	"\225a\212\004/S~z\321u\261d1\224N\327\273\252\324\013"
 264      2F537E7A 
 264      D175B164 
 264      31944ED7 
 264      BBAAD40B 
 265 0348 28539806 		.ascii	"(S\230\006S\355\322\313vIk\207\216g\324\265y(\216\300"
 265      53EDD2CB 
 265      76496B87 
 265      8E67D4B5 
 265      79288EC0 
 266 035c 4AA78BAF 		.ascii	"J\247\213\257\215\365.(\314r\276\373\347\241\262\245"
 266      8DF52E28 
 266      CC72BEFB 
 266      E7A1B2A5 
 267 036c 319D5663 		.ascii	"1\235Vc\232ScZ:\223?Y3y\345\310\236\3765*\007c\213\270"
 267      9A53635A 
 267      3A933F59 
 267      3379E5C8 
 267      9EFE352A 
 268 0384 DD3D3862 		.ascii	"\335=8bP~\242\312\330]\325:>\375 \005X\265\240\227\001"
 268      507EA2CA 
 268      D85DD53A 
 268      3EFD2005 
 268      58B5A097 
 269 0399 504D18C6 		.ascii	"PM\030\306t\271\334\326\327\037r\007\233\335\241\240"
ARM GAS  /tmp/ccyYebOc.s 			page 21


 269      74B9DCD6 
 269      D71F7207 
 269      9BDDA1A0 
 270 03a9 C7EDD9E2 		.ascii	"\307\355\331\342\363\372\002~\177S\310\345a\232/ \374"
 270      F3FA027E 
 270      7F53C8E5 
 270      619A2F20 
 270      FC
 271 03ba 8D6F069E 		.ascii	"\215o\006\236(\001n\335\346ijy\303\213\340\320\316\220"
 271      28016EDD 
 271      E6696A79 
 271      C38BE0D0 
 271      CE90
 272 03cc 6B0BD3B7 		.ascii	"k\013\323\267onj\361\326\226\240\002\376`s\310\375\322"
 272      6F6E6AF1 
 272      D696A002 
 272      FE6073C8 
 272      FDD2
 273 03de A6FA8DF5 		.ascii	"\246\372\215\365;\020\352\361\007\275\257o\177\316\207"
 273      3B10EAF1 
 273      07BDAF6F 
 273      7FCE87
 274 03ed F8F5C548 		.ascii	"\370\365\305H\357\216f\367\306\372\206W\033\376\011"
 274      EF8E66F7 
 274      C6FA8657 
 274      1BFE09
 275 03fc 4B488FEF 		.ascii	"KH\217\357\345\226m\036\004\257\252o\330d6n\016y\003"
 275      E5966D1E 
 275      04AFAA6F 
 275      D864366E 
 275      0E7903
 276 040f C1ADEB4D 		.ascii	"\301\255\353M\347\006\246\005\231\015I\372\203;\331"
 276      E706A605 
 276      990D49FA 
 276      833BD9
 277 041e DF0F512C 		.ascii	"\337\017Q,\021"
 277      11
 278              		.text
 279              		.section	.gnu.lto_chPoolFreeI.f824da940f32f809,"",%progbits
 280 0000 789C8552 		.ascii	"x\234\205R\317k\023Q\020\236og7\011\244V\360 \242E\002"
 280      CF6B1351 
 280      109E6F67 
 280      3709A456 
 280      F020A245 
 281 0015 5A4311B3 		.ascii	"ZC\021\263\377\220'\203P\304\220\245\361\336\227\264"
 281      FF902783 
 281      50C490A5 
 281      F1DE97B4 
 282 0025 31A97AE8 		.ascii	"1\251z\350\301\246\020\026Y\324\"=\224*jMk\3255J\361"
 282      C1A61016 
 282      59D4223D 
 282      942A6A4D 
 282      6BD5354A 
 283 003a 6015A505 		.ascii	"`\025\245\005E\211\240\030\334\"\202\370\343\"Tg\266"
 283      4589A018 
 283      DC2282F8 
 283      E3225467 
ARM GAS  /tmp/ccyYebOc.s 			page 22


 283      B6
 284 004b 15AD220E 		.ascii	"\025\255\"\016\373\330yo\346\373\346{\337n\202\210\312"
 284      FBD8796F 
 284      E6FBE67B 
 284      DF6E8288 
 284      CA
 285 005c 16514EDE 		.ascii	"\026QN\336{d\201\011\326\370#9LY\200&&\005\032\2660"
 285      7B648109 
 285      D6F82339 
 285      4C598026 
 285      26051AB6 
 286 0071 8C337C96 		.ascii	"\2143|\226\321\256u\347\255\201KF\"\234\234K\2374\325"
 286      D1AE75E7 
 286      AD814B46 
 286      229C9C4B 
 286      9F34D5
 287 0084 5D3E1335 		.ascii	"]>\0235di\340*\006\244\353\311\350e\237O\263\317\200"
 287      6469E02A 
 287      06A4EBC9 
 287      E8659F4F 
 287      B3CF80
 288 0097 2DDB8FCB 		.ascii	"-\333\217\313\3157\275\272\265\220\221\355\273\326R"
 288      CD37BDBA 
 288      B59091ED 
 288      BBD652
 289 00a6 3DC5FB40 		.ascii	"=\305\373@\222\177+w\246{\263S\306TL\370\360\"\233\375"
 289      927F2B77 
 289      A67BB353 
 289      C6544CF8 
 289      F0229BFD 
 290 00ba 3E33E6C0 		.ascii	">3\346\300B\210\353\350\3035\364\221\034\021n +\355"
 290      4288EBE8 
 290      C335F491 
 290      1C116E20 
 290      2BED
 291 00cc D1E8787D 		.ascii	"\321\350x};\037\210\241_\337\2576{6\241/\247b\250\215"
 291      3B1F88A1 
 291      5FDFAF36 
 291      7B36A12F 
 291      A762A88D 
 292 00e0 D69F509B 		.ascii	"\326\237P\2330\217\254\366\277x\336i\365\360\301\030"
 292      308FACF6 
 292      BF78DE69 
 292      F5F0C118 
 293 00f0 BBFA6AFA 		.ascii	"\273\372j\372p\377\205\030\332\235\331{~\304<0\266\317"
 293      70FF8518 
 293      DA9DD97B 
 293      7EC43C30 
 293      B6CF
 294 0102 0E16B6C2 		.ascii	"\016\026\266\3025\244\373\365\225\365\211m\011\0337"
 294      35A4FBF5 
 294      95F5896D 
 294      091B37
 295 0111 D11FFCBC 		.ascii	"\321\037\374\274,\026\221 H2\373\324\011\315\372\367"
 295      2C169120 
 295      4832FBD4 
 295      09CDFAF7 
ARM GAS  /tmp/ccyYebOc.s 			page 23


 296 0121 9A093B87 		.ascii	"\232\011;\207\242\317_v$!S\0351O\306\332P\335DuA\210"
 296      A2CF5F76 
 296      2421531D 
 296      314FC6DA 
 296      50DD4475 
 297 0137 9726A431 		.ascii	"\227&\2441\2664\033\011\251\213J\360\251\341*\217\022"
 297      B6341B09 
 297      A98B4AF0 
 297      A9E12A8F 
 297      12
 298 0148 37A5B086 		.ascii	"7\245\260\206\312B\024U\323z\326d\310\344F\265\3758"
 298      CA421455 
 298      D37AD664 
 298      C8E446B5 
 298      FD38
 299 015a A9CE712C 		.ascii	"\251\316q,{\261\275\274\224\010p\256,\366g|\226&\033"
 299      7BB1BDBC 
 299      940870AE 
 299      2CF6677C 
 299      96261B
 300 016d B754A7D4 		.ascii	"\267T\247\324Vj\317:iw\306l\224\034\334F\200\211\370"
 300      566ACF3A 
 300      6977C66C 
 300      941CDC46 
 300      8089F8
 301 0180 B3E00E5C 		.ascii	"\263\340\016\\\345^95\346(\365\357\274\316_\274\301"
 301      E55E3935 
 301      E628F5EF 
 301      BCCE5FBC 
 301      C1
 302 0191 6E9F93A2 		.ascii	"n\237\223\242\006\341?\210\357\306\304zu\264\341\212"
 302      06E13F88 
 302      EFC6C47A 
 302      75B4E18A 
 303 01a1 4EE56E44 		.ascii	"N\345nDko\223\233\344[\330v\376G\346\275_2\357+\233"
 303      6B6F939B 
 303      E45BD876 
 303      FE47E6BD 
 303      5F32EF2B 
 304 01b6 451FC498 		.ascii	"E\037\304\230\331I\304\006k\324e\202X&?i&\227s7\236"
 304      D949C406 
 304      6BD46582 
 304      58263F69 
 304      26977337 
 305 01cb 62C91D3A 		.ascii	"b\311\035:\341\226\206\362n~\260p\264\340\025\213\307"
 305      E19686F2 
 305      6E7EB070 
 305      B4E0158B 
 305      C7
 306 01dc 4BB93C59 		.ascii	"K\271<Y\005\317.\0369\346\2617\350\375\000WC\334\332"
 306      05CF2E1E 
 306      39E6B137 
 306      E8FD0057 
 306      43DCDA
 307              		.text
 308              		.section	.gnu.lto_chPoolFree.f824da940f32f809,"",%progbits
 309 0000 789C8D53 		.ascii	"x\234\215SmlSU\030~\337{no\013\233\223\370\303\020%"
ARM GAS  /tmp/ccyYebOc.s 			page 24


 309      6D6C5355 
 309      187EDF7B 
 309      6E6F0B9B 
 309      93F8C310 
 310 0015 7817AD75 		.ascii	"x\027\255u\011\331\345\237\211\361\217!11f\177\330_"
 310      09D9E59F 
 310      89F18F21 
 310      3131667F 
 310      D85F
 311 0027 1303B5C9 		.ascii	"\023\003\265\3110+m\332\215\300/\016c\263\235\223\217"
 311      302B6DDA 
 311      8DC02F0E 
 311      63B39D93 
 311      8F
 312 0038 C0A8A669 		.ascii	"\300\250\246i\\\203,\302\217\211\202\037\335\007[\035"
 312      5C832CC2 
 312      8F89821F 
 312      DD075B1D 
 313 0048 7343611B 		.ascii	"sCa\033`\247\303\352D\226U\212\023D\023#\232L\337\367"
 313      60A7C3EA 
 313      4496558A 
 313      13441323 
 313      9A4CDFF7 
 314 005c DC0B6EB7 		.ascii	"\334\013n\267\206x\323\217{\316y\336\347<\347y\237c"
 314      8678D38F 
 314      7BCE79DE 
 314      E73CE779 
 314      9F63
 315 006e 00C08807 		.ascii	"\000\300\210\007`\202\376\037\245/\012@\355\340\024"
 315      6082FE1F 
 315      A52F0A40 
 315      EDE014
 316 007d C01E9F86 		.ascii	"\300\036\237\206\310/\322\207\260[\303\335\370\206\350"
 316      C82FD287 
 316      B05BC3DD 
 316      F886E8
 317 008c 16389A28 		.ascii	"\0268\232(\365ku\357Jz\362o\036\252yMv\254\315\010\200"
 317      F56B75EF 
 317      4A7AF26F 
 317      1EAA794D 
 317      76ACCD08 
 318 00a1 147DF9C1 		.ascii	"\024}\371\301\323XG\250K\355\357gD\227\310\010D\235"
 318      D35847A8 
 318      4BEDEF67 
 318      4497C808 
 318      449D
 319 00b3 86B727D3 		.ascii	"\206\267'\323\3635<\324\320\244\341\365\334x\322'\036"
 319      F3353CD4 
 319      D0A4E1F5 
 319      DC78D227 
 319      1E
 320 00c4 47A0F7BF 		.ascii	"G\240\367\277\366\314\235\250\011\364J\331&\363c\307"
 320      F6CC9DA8 
 320      09F44AD9 
 320      26F363C7 
 321 00d4 847C2223 		.ascii	"\204|\"#\004~\214\202\010\361#\\\207\037\342:\240)\300"
 321      047E8C82 
ARM GAS  /tmp/ccyYebOc.s 			page 25


 321      08F1235C 
 321      871FE23A 
 321      A029C0
 322 00e7 4F3040F0 		.ascii	"O0@\360r\373\301\344\203\342IU\372\373\342L\272\332"
 322      72FBC1E4 
 322      83E24955 
 322      FAFBE24C 
 322      BADA
 323 00f9 292DF4AA 		.ascii	")-\364\252R\035s\356R\035\260\037\003\214\277\366\301"
 323      521D73EE 
 323      521DB01F 
 323      038CBFF6 
 323      C1
 324 010a D291070C 		.ascii	"\322\221\007\014\335\326\212\003h\340\275\311vu\236"
 324      DDD68A03 
 324      68E0BDC9 
 324      76759E
 325 0119 9B3943CD 		.ascii	"\2339C\315\247\004.\307\343 A\207\320\000\027\274\270"
 325      A7042EC7 
 325      E3204187 
 325      D00017BC 
 325      B8
 326 012a F08C0778 		.ascii	"\360\214\007x!%4^\373q(Q@\361\242\252],%\363\272\377"
 326      2125345E 
 326      FB712851 
 326      40F1A2AA 
 326      5D2C25F3 
 327 0140 1DA56D3A 		.ascii	"\035\245m:\375\324\235\331\353R\036\222\230\021\036"
 327      FDD49DD9 
 327      EB521E92 
 327      98111E
 328 014f 1C5EA990 		.ascii	"\034^\251\220\037\267\216;\006\216\240\037\360\014s"
 328      1FB78E3B 
 328      068EA01F 
 328      F00C73
 329 015e 8B155AF2 		.ascii	"\213\025Z\362\244\345S\322\302?H\245'/{\362r\351\357"
 329      A4E553D2 
 329      C23F48A5 
 329      272F7BF2 
 329      72E9EF
 330 0171 0475E3A1 		.ascii	"\004u\343\241\334\305\362\376\300*j\033yE\316\323\261"
 330      DCC5F2FE 
 330      C02A6A1B 
 330      7945CED3 
 330      B1
 331 0182 7532C000 		.ascii	"u2\300\000H\322\211\251\2252\017\235$\225\336\366\346"
 331      48D289A9 
 331      95320F9D 
 331      2495DEF6 
 331      E6
 332 0193 A1845AA5 		.ascii	"\241\204Z\245\320\215\267\356/\024G\321OE\211\262<\243"
 332      D08DB7EE 
 332      2F1447D1 
 332      4F4589B2 
 332      3CA3
 333 01a5 733F3D68 		.ascii	"s?=h\342YZ\373\011\333\256\335:\320=\277\326u\222\303"
 333      E2595AFB 
ARM GAS  /tmp/ccyYebOc.s 			page 26


 333      09DBAEDD 
 333      3AD03DBF 
 333      D67592C3 
 334 01b9 A91AC751 		.ascii	"\251\032\307Q\275\302\275\016\213\334\033\3435\217{"
 334      BDC2BD0E 
 334      8BDC1BE3 
 334      358F7B
 335 01c8 ED7CFAD9 		.ascii	"\355|\372\331\010o\005\370Y\245\003\343t\360\011v`\202"
 335      086F05F8 
 335      59A503E3 
 335      74F00976 
 335      6082
 336 01da 1D4038CE 		.ascii	"\035@8\316m<\332s\352\217\325\265\375\330#\33723\302"
 336      6D3CDA73 
 336      EA8FD5B5 
 336      FDD823DF 
 336      3233C2
 337 01ed CB057DF3 		.ascii	"\313\005}\363\203\322\247k$\372\034\326*\217\177Y,\024"
 337      83D2A76B 
 337      24FA1CD6 
 337      2A8F7F59 
 337      2C14
 338 01ff 359AC1CF 		.ascii	"5\232\301\317QW\262\001\277P\371<>|v\241\272v\310\251"
 338      5157B201 
 338      BF50F93C 
 338      3E7C76A1 
 338      BA76C8A9 
 339 0213 F631F6D7 		.ascii	"\3661\366\327\367N\315T\251\352\363\\\215\027P'\313"
 339      F74ECD54 
 339      A9EAF35C 
 339      8D175027 
 339      CB
 340 0224 DA4C6501 		.ascii	"\332Le\001\360\353\325\316./\237\215\300\203\023\307"
 340      F0EBD5CE 
 340      2E2F9F8D 
 340      C08313C7 
 341 0234 0EDF3571 		.ascii	"\016\3375q*W\235\226\371v\363?r\254\034\234D\177\232"
 341      2A579D96 
 341      F976F33F 
 341      72AC1C9C 
 341      447F9A
 342 0247 9A4004D9 		.ascii	"\232@\004\331\223t?l\202\333K\373\376\364V\020T\244"
 342      93743F6C 
 342      82DB4BFB 
 342      FEF45610 
 342      54A4
 343 0259 59114C31 		.ascii	"Y\021L1\201P\004\277\245,\227s\245\234\301\000\336\305"
 343      815004BF 
 343      A52C9773 
 343      A59CC100 
 343      DEC5
 344 026b 315EC5B6 		.ascii	"1^\305\266xe.W-\306Pes\346\373\023/9{\225\372\326\037"
 344      78652E57 
 344      2DC65065 
 344      73E6FB13 
 344      2F397B95 
 345 0282 DD2BCF49 		.ascii	"\335+\317I\235b\202\027\357\023L\035/1\3434Y~\231\275"
ARM GAS  /tmp/ccyYebOc.s 			page 27


 345      9D628217 
 345      EF134C1D 
 345      2F31E334 
 345      597E99BD 
 346 0296 A71F9E61 		.ascii	"\247\037\236a!7\260m\240\\\356\250\342\271\264`;S\035"
 346      2137B06D 
 346      A05CEEA8 
 346      E2B9B460 
 346      3B531D
 347 02a9 A3D35E8E 		.ascii	"\243\323^\216\207}\217\206F'\307\215,\276M\241ZEG\307"
 347      877D8F86 
 347      4627C78D 
 347      2CBE4DA1 
 347      5A4547C7 
 348 02bd 2F999CE6 		.ascii	"/\231\234\346\013\211\331\271*\253\217u\233\274\177"
 348      0B89D9B9 
 348      2AAB8F75 
 348      9BBC7F
 349 02cc 01B37884 		.ascii	"\001\263x\204\222\312\273\000\316\240\305\324\205\327"
 349      92CABB00 
 349      CEA0C5D4 
 349      85D7
 350 02da 3B3DCCBC 		.ascii	";=\314\274\234\326p\323\256&\035\370U%m\366\021\006"
 350      9CD670D3 
 350      AE261DF8 
 350      55256DF6 
 350      1106
 351 02ec 7FAD78D1 		.ascii	"\177\255x\321\341\235E\213T2u\252|c\301\353p\377\017"
 351      E19D458B 
 351      543275AA 
 351      7C63C1EB 
 351      70FF0F
 352 02ff 8DD98799 		.ascii	"\215\331\207\231\354\312\012\221\3370\231\335\213\323"
 352      ECCA0A91 
 352      DF3099DD 
 352      8BD3
 353 030d 763395F3 		.ascii	"v3\225\363*)j4e\217(s#\352\346\334;\203\207\364\024"
 353      2A296A34 
 353      658F2873 
 353      23EAE6DC 
 353      3B8387F4 
 354 0322 9D9BF3F3 		.ascii	"\235\233\363\363\201\356\240}\237\2354/\365\3740\\u"
 354      81EEA07D 
 354      9F9D342F 
 354      F5FC305C 
 354      75
 355 0333 37A84515 		.ascii	"7\250E\025\324oUP\335\251\374\316N\345\325\336}\003"
 355      D46F5550 
 355      DDA9FCCE 
 355      4EE5D5DE 
 355      7D03
 356 0345 EBD51600 		.ascii	"\353\325\026\0007i\330\265?\300\273\253\026&\351\344"
 356      3769D8B5 
 356      3FC0BBAB 
 356      1626E9E4 
 357 0355 74E3A9C6 		.ascii	"t\343\251\306\254\257\267\354O$n\305Z\254x,h\005\233"
 357      ACAFB7EC 
ARM GAS  /tmp/ccyYebOc.s 			page 28


 357      4F246EC5 
 357      5AAC782C 
 357      68059B
 358 0368 C2A17034 		.ascii	"\302\241p4\022i\216\327\007A\013G\365\310\326W\243\217"
 358      12698ED7 
 358      07410B47 
 358      F5C8D657 
 358      A38F
 359 037a B980DBB6 		.ascii	"\271\200\333\266\007\233[_\011\0218\276+^\337\004\236"
 359      079B5B5F 
 359      091138BE 
 359      2B5EDF04 
 359      9E
 360 038b 1D5B9A5B 		.ascii	"\035[\232[Cu.T4\022k\211[\317mn\330\324\260\223\240"
 360      43752E54 
 360      34126B89 
 360      5BCF6D6E 
 360      D8D4B093 
 361 03a0 C1482CF4 		.ascii	"\301H,\364\362\216\247\303\204\337\260\034\031\332\331"
 361      F28EA7C3 
 361      84DFB01C 
 361      19DAD9
 362 03af 626D6A68 		.ascii	"bmjh|\241\361_ZF\006\303\317\267n\017\022xMC\343fs\353"
 362      7CA1F15F 
 362      5A4606C3 
 362      CFB76E0F 
 362      12784D43 
 363 03c7 9678281A 		.ascii	"\226x(\032\333\266\301\364o\004-\006^\022\031\211\355"
 363      DBB6C1F4 
 363      6F042D06 
 363      5E121989 
 363      ED
 364 03d8 02116D8A 		.ascii	"\002\021m\212\376\003\263]\021\200"
 364      FE03B35D 
 364      1180
 365              		.text
 366              		.section	.gnu.lto_.symbol_nodes.f824da940f32f809,"",%progbits
 367 0000 789C55C8 		.ascii	"x\234U\310-\026@P\024E\341s\334\307h\014\202\221\335"
 367      2D164050 
 367      1445E173 
 367      DCC7680C 
 367      8291DD
 368 0013 172C5950 		.ascii	"\027,YP\014@\364\333h\024\315|\024\313\015\312\015;"
 368      0C40F4DB 
 368      6814CD7C 
 368      14CB0DCA 
 368      0D3B
 369 0025 EC2F03D0 		.ascii	"\354/\003\320YH6*\320\334\200\202[u\304\302l\240\362"
 369      5948362A 
 369      D0DC8082 
 369      5B75C4C2 
 369      6CA0F2
 370 0038 37ECB134 		.ascii	"7\354\2614\031\251\211\227\211*^fj\360\262PS/+5s\022"
 370      19A98997 
 370      892A5E66 
 370      6AF0B250 
 370      532F2B35 
ARM GAS  /tmp/ccyYebOc.s 			page 29


 371 004e 80B67F09 		.ascii	"\200\266\177\011\021\340|r\261?\353K\360\001W'(\007"
 371      11E07C72 
 371      B13FEB4B 
 371      F0015727 
 371      2807
 372              		.text
 373              		.section	.gnu.lto_.refs.f824da940f32f809,"",%progbits
 374 0000 789C6363 		.ascii	"x\234cc```\004b\006\000\000D\000\010"
 374      60606004 
 374      62060000 
 374      440008
 375              		.text
 376              		.section	.gnu.lto_.decls.f824da940f32f809,"",%progbits
 377 0000 789CBD57 		.ascii	"x\234\275W{PT\347\025\277\337\275\313\356\262\354\202"
 377      7B5054E7 
 377      15BFDFBD 
 377      CBEEB2EC 
 377      82
 378 0011 41A7B533 		.ascii	"A\247\2653t\342\030\234\220L`\321\244\321v\372Gl\036"
 378      74E2189C 
 378      904C60D1 
 378      A4D176FA 
 378      476C1E
 379 0024 8D6DD266 		.ascii	"\215m\322fb\362Gf:\335\254\313&\220\300.\335]\322\330"
 379      62F24766 
 379      3ADDACCB 
 379      2690C02E 
 379      DD5DD2D8 
 380 0038 FED1CB43 		.ascii	"\376\321\313C\304\200\006\024\021\220\010\012\301 \217"
 380      C4800614 
 380      1190080A 
 380      C1208F
 381 0047 F8409487 		.ascii	"\370@\224\207\001A\005E\036\342\003\211\200D\021\011"
 381      01410545 
 381      1EE20389 
 381      80441109 
 382 0057 5A1EBE10 		.ascii	"Z\036\276\020IB\317\367\270\273w\257Y3\323\231\366\016"
 382      4942CFF7 
 382      B8BB77AF 
 382      5933D399 
 382      F60E
 383 0069 1FF77EDF 		.ascii	"\037\367~\337=\347w~\347\234\357;\367\254\232\343\270"
 383      3DE7777E 
 383      E79CEF3B 
 383      F7AC9AE3 
 383      B8
 384 007a 85C11C37 		.ascii	"\205\301\0347'p\334\002\030spia\355(\014\025\214\213"
 384      2770DC02 
 384      18737069 
 384      61ED280C 
 384      158C8B
 385 008d 301A6074 		.ascii	"0\032`t\3010q\364\322\300\030\2041\014c\014\3068\214"
 385      C13071F4 
 385      D2C01884 
 385      310C630C 
 385      C6388C
 386 00a0 49187761 		.ascii	"I\030waLs\017_G\020\307\351\340\016f\270\005\014\007"
ARM GAS  /tmp/ccyYebOc.s 			page 30


 386      4C730F5F 
 386      4710C7E9 
 386      E00E66B8 
 386      050C07
 387 00b3 E39E86F1 		.ascii	"\343\236\206\361\016\214^\206\217\355\264\303\340at"
 387      0E8C5E86 
 387      8FEDB4C3 
 387      E06174
 388 00c2 C3380703 		.ascii	"\3038\007\0031[\370\356\207\274qO\302\034s}W\206-\347"
 388      315BF8EE 
 388      87BC714F 
 388      C21C737D 
 388      57862DE7 
 389 00d6 8B715B60 		.ascii	"\213q[`\200[\\\017\303\353fX\303\354nP`\236\207y\340"
 389      805B5C0F 
 389      C3EB6658 
 389      C3EC6E50 
 389      609E8779 
 390 00eb 8F609A18 		.ascii	"\217`\232\030\356\002D9c\334\237\303s\010\214_\"\032"
 390      EE024439 
 390      63DC9FC3 
 390      73088C5F 
 390      221A
 391 00fd AF5EC6BD 		.ascii	"\257^\306\275\231\331\362g\361y\034\321\270,\206{(\214"
 391      99D9F267 
 391      F1791CD1 
 391      B82C867B 
 391      288C
 392 010f A7613C03 		.ascii	"\247a<\003#\002\321\230a\012\277R\360\030@T_\031\263"
 392      2302D198 
 392      610ABF52 
 392      F0184054 
 392      5F19B3
 393 0122 166607DB 		.ascii	"\026f\007\333{\036d\006\230\315\036f\227g\371\360\025"
 393      7B1E6406 
 393      98CD1E66 
 393      9767F9F0 
 393      15
 394 0133 B36F60AE 		.ascii	"\263o`\256\377\021\\\354\227\334\247G\331\3001\237\364"
 394      FF115CEC 
 394      97DCA747 
 394      D9C0319F 
 394      F4
 395 0144 E18F645B 		.ascii	"\341\217d[y\335\360\221+\223\302'\271\035L]\212\317"
 395      79DDF091 
 395      2B93C227 
 395      B91D4C5D 
 395      8ACF
 396 0156 6F157E4C 		.ascii	"o\025~L\300<\300\007\236/_\344\330x\017?*'\312+[@gR"
 396      C03CC007 
 396      9E2F5FE4 
 396      D8780F3F 
 396      2A27CA2B 
 397 016e F61608E9 		.ascii	"\366\026\010\351\002\012\326!\025L\247:\362\257\006"
 397      020AD621 
 397      154CA73A 
 397      F2AF06
ARM GAS  /tmp/ccyYebOc.s 			page 31


 398 017d C274810E 		.ascii	"\302t\201\016-\202i~\375\235S~\364\255\026\246\333g"
 398      2D82697E 
 398      FD9D537E 
 398      F4AD16A6 
 398      DB67
 399 018f F2FE22F0 		.ascii	"\362\376\"\360\010\353\015\264\225\225c\275wt\010\237"
 399      08EB0DB4 
 399      959563BD 
 399      7774089F 
 400 019f AE2058FA 		.ascii	"\256 X\372\362f\355\214\201.a\211oz\363w\372\011\217"
 400      F266ED8C 
 400      812E6189 
 400      6F7AF377 
 400      FA098F
 401 01b2 91E7EA99 		.ascii	"\221\347\352\231\352Y!\242B\244\2276\206C\265H\220("
 401      EA5921A2 
 401      42A49736 
 401      8643B548 
 401      9028
 402 01c4 94CC4C1C 		.ascii	"\224\314L\034\322\013\277\301\202|G\367t\235\026\351"
 402      D20BBFC1 
 402      827C47F7 
 402      749D16E9 
 403 01d4 C2D24431 		.ascii	"\302\322D1I,J\026\375_\345P5\012A\007P\010\207\216\240"
 403      492C4A16 
 403      FD5FE550 
 403      350A4107 
 403      5008878E 
 404 01e9 300C5E87 		.ascii	"0\014^\207\"8t\030\026\017\301b)\006l\352\312]\\?(\212"
 404      22387418 
 404      160FC162 
 404      29066CEA 
 404      CA5D5C3F 
 405 01ff 8B5003D2 		.ascii	"\213P\003\322\241z$\020\031\210\361;:j\242\265\371\310"
 405      A17A2410 
 405      1988F13B 
 405      3A6AA2B5 
 405      F9C8
 406 0211 B640A115 		.ascii	"\266@\241\025\0212i}\311g\365B\027\235\344n\256\000"
 406      1132697D 
 406      C967F542 
 406      179DE46E 
 406      AE00
 407 0223 2ABD64A2 		.ascii	"*\275d\242\352:\325\177X\207\346\207\352\303\2620,\330"
 407      EA3AD57F 
 407      5887E687 
 407      EAC3B230 
 407      2CD8
 408 0235 17914A46 		.ascii	"\027\221JF\240\011\220\217\242\371\030\035\035\0032"
 408      A009908F 
 408      A2F9181D 
 408      1D0332
 409 0244 CD289438 		.ascii	"\315(\2248\261\013\263m\272\334\020\272\2735U\3144\243"
 409      B10BB36D 
 409      BADC10BA 
 409      BB3555CC 
 409      34A3
ARM GAS  /tmp/ccyYebOc.s 			page 32


 410 0256 16A4478D 		.ascii	"\026\244G\215L\326\255l\014\001BK\341\037\367\211\333"
 410      4CD6AD6C 
 410      0C01424B 
 410      E11FF789 
 410      DB
 411 0267 392F090E 		.ascii	"9/\011\016\353a8\352\323\211\365\002\204\012Kp\314\035"
 411      EB6138EA 
 411      D389F502 
 411      840A4B70 
 411      CC1D
 412 0279 16AFD9D1 		.ascii	"\026\257\331\321\354>D\223\242\207iR}_V\020M\331\020"
 412      EC3E4493 
 412      A2876952 
 412      7D5F5610 
 412      4DD910
 413 028c 7EBDFF42 		.ascii	"~\275\377BJC\200\220F\323T0\274q\223\237\012\366\010"
 413      4A438090 
 413      46D35430 
 413      BC71939F 
 413      0AF608
 414 029f 898C4D85 		.ascii	"\211\214M\205\327\216\317M7\005Q}\036\246=\223\247?"
 414      D78ECF4D 
 414      3705517D 
 414      1EA63D93 
 414      A73F
 415 02b1 0BA0FAF3 		.ascii	"\013\240\372\363p6\266\177\326\250]\230\203)d&\213\363"
 415      7036B67F 
 415      D6A85D98 
 415      83296426 
 415      8BF3
 416 02c3 7864D2A3 		.ascii	"xd\322\243S\300\360$a\330\216\026\302\3776\244\242T"
 416      53C0F024 
 416      61D88E16 
 416      C2FF36A4 
 416      A254
 417 02d5 CA2FB69D 		.ascii	"\312/\266\235\323\353e\376\300{\231?\247!\016\224:\310"
 417      D3EB65FE 
 417      C07B993F 
 417      A7210E94 
 417      3AC8
 418 02e7 1E18DCD4 		.ascii	"\036\030\334\324b\020\262\011/~\363\017I\207\324(L\317"
 418      6210B209 
 418      2F7EF30F 
 418      4987D428 
 418      4CCF
 419 02f9 D2777A45 		.ascii	"\322wzE\316:Q\344Q\027(tx\322w\232\304\303\007<\352"
 419      CE3A51E4 
 419      51172874 
 419      78D2779A 
 419      C4C3073C 
 420 030e 840CC82D 		.ascii	"\204\014\310-\370\025\016\356(\011B\241\363C\303B\245"
 420      F8150EEE 
 420      280942A1 
 420      F343C342 
 420      A5
 421 031f 8C44E6DE 		.ascii	"\214D\346\336\032\025\305\315z\202\334\012\310g\344"
 421      1A15C5CD 
ARM GAS  /tmp/ccyYebOc.s 			page 33


 421      7A82DC0A 
 421      C867E4
 422 032e 293988DC 		.ascii	")9\210\3349!\011\317\024i\302O\200\300q\362\356\014"
 422      392109CF 
 422      1469C24F 
 422      80C071F2 
 422      EE0C
 423 0340 CBF659B0 		.ascii	"\313\366Y\260\325\203B\3219\030\335^Y\357\314]P\234"
 423      D58342D1 
 423      3918DD5E 
 423      59EFCC5D 
 423      509C
 424 0352 2CB64592 		.ascii	",\266E\222\244\177\245\264\340I:Kjnp\"\330\300B\362"
 424      A47FA5B4 
 424      E0493A4B 
 424      6A6E7022 
 424      D8C042F2 
 425 0366 AC52A80B 		.ascii	"\254R\250\013\271\301\024\012\347\252\346G\241\2521"
 425      B9C1140A 
 425      E7AAE647 
 425      A1AA31
 426 0375 2B1CCD9E 		.ascii	"+\034\315\236\234\343\345\032\3418\215\346\370\256\373"
 426      9CE3E51A 
 426      E1388DE6 
 426      F8AEFB
 427 0384 9B8250D8 		.ascii	"\233\202P\330|j\343^\256\032o\234^P>\357\211%\266\350"
 427      7C6AE35E 
 427      AE1A6F9C 
 427      5E503EEF 
 427      8925B6E8 
 428 0398 C34D7401 		.ascii	"\303Mt\001\274{\224\247`o\347\017\245\0334\362L\367"
 428      BC7B94A7 
 428      606FE70F 
 428      A51B34F2 
 428      4CF7
 429 03aa 7AEDDC8B 		.ascii	"z\355\334\213t\347\342;\010\327\035=\322\030p\031\015"
 429      74E7E23B 
 429      08D71D3D 
 429      D2187019 
 429      0D
 430 03bb 20BCF1E6 		.ascii	" \274\361\346\021\010\204\350\177\270\343A\346s\322"
 430      110884E8 
 430      7FB8E341 
 430      E673D2
 431 03ca 85E83AAC 		.ascii	"\205\350:\254\362\364\306D\361DRA\356\025\236a\360\022"
 431      F2F4C644 
 431      F1445241 
 431      EE159E61 
 431      F012
 432 03dc 2EF96300 		.ascii	".\371c\000H\216J\337Ss\322EK/}\220\351\321%\336cL\246"
 432      488E4ADF 
 432      5373D245 
 432      4B2F7D90 
 432      E9D125DE 
 433 03f3 F21057CE 		.ascii	"\362\020W\316\375\332M\312\343$b\021;\1773\243J?\204"
 433      FDDA4DCA 
 433      E3246211 
ARM GAS  /tmp/ccyYebOc.s 			page 34


 433      3B7F33A3 
 433      4A3F84
 434 0406 06E12D7C 		.ascii	"\006\341-|[3\265q\344@n\370\356\353\013\202p\226\236"
 434      5B33B571 
 434      E4406EF8 
 434      EEEB0B82 
 434      70969E
 435 0419 CE8981BC 		.ascii	"\316\211\201\274kZr:!n\354t\356>~\365K\336\347\371\033"
 435      6B5A723A 
 435      216EEC74 
 435      EE3E7EF5 
 435      4BDEE7F9 
 436 042e 20E7AF5F 		.ascii	" \347\257_:\177\0073F\236Z\\$6\015\211Ms\375\213\012"
 436      3A7F0733 
 436      469E5A5C 
 436      24360D89 
 436      4D73FD8B 
 437 0443 3B53D3BA 		.ascii	";S\323\272A\357]\"\207.y\222\177\011W[\3645\032B\250"
 437      41EF5D22 
 437      872E7992 
 437      7F09575B 
 437      F4351A42 
 438 0458 0F5D0646 		.ascii	"\017]\006F\203h1\250\177_\323\020-\244\011\204\313\372"
 438      836831A8 
 438      7F5FD310 
 438      2DA40984 
 438      CBFA
 439 046a ACAA611D 		.ascii	"\254\252a\035\341\322\345\346\262\247\246\361\276\277"
 439      E1D2E5E6 
 439      B2A7A6F1 
 439      BEBF
 440 0478 BB7A0C21 		.ascii	"\273z\014!\262x\345|C\276\301M\372\033\272x\254\367"
 440      B278E57C 
 440      43BEC14D 
 440      FA1BBA78 
 440      ACF7
 441 048a D0152FD6 		.ascii	"\320\025/\326\357\376L\306\372*a}Eb\335\273\265\343"
 441      EFFE4CC6 
 441      FA2A617D 
 441      4562DDBB 
 441      B5E3
 442 049c 530DD02E 		.ascii	"S\015\320.\002\332\203y\372|\261)I\304\247\037\304\200"
 442      02DA8379 
 442      FA7CB129 
 442      49C4A71F 
 442      C480
 443 04ae 9C9BF465 		.ascii	"\234\233\364e%\351aB\372NI\3561\235\220'\370\254o-\225"
 443      25E96142 
 443      FA4E49EE 
 443      319D9027 
 443      F8AC6F2D 
 444 04c3 B34D0259 		.ascii	"\263M\002Y\203\320\215P~\267{\016V\252\335\244\257\323"
 444      83D08D50 
 444      7EB77B0E 
 444      56AADDA4 
 444      AFD3
 445 04d5 C5DAB403 		.ascii	"\305\332\264\003\033\325>I\177KH\217J\244K'n\374\201"
ARM GAS  /tmp/ccyYebOc.s 			page 35


 445      1BD53E49 
 445      7F4B488F 
 445      4AA44B27 
 445      6EFC81
 446 04e8 713E15E2 		.ascii	"q>\025\342\246\014B\350\232\207\3625%\3451B\371j\357"
 446      A60C42E8 
 446      9A87F235 
 446      25E53142 
 446      F96AEF
 447 04fb 95518350 		.ascii	"\225Q\203P&\374\227I\3777ar\323\315d\357\211\227\200"
 447      26FC9749 
 447      FF376172 
 447      D3CD64EF 
 447      899780
 448 050e C9103039 		.ascii	"\311\02009Q\030H\251$\362X\012\335\360P\271\241\244"
 448      511848A9 
 448      24F2580A 
 448      DDF050B9 
 448      A1A4
 449 0520 324EA81C 		.ascii	"2N\250\034\275\273a\243N\250\241T\346f[3T\314\251\261"
 449      BDBB61A3 
 449      4EA8A154 
 449      E6665B33 
 449      54CCA9B1 
 450 0534 A7DD4E61 		.ascii	"\247\335Na\244\011\017\322\204\022i\222 M\325\225\336"
 450      A4090FD2 
 450      84126992 
 450      204DD595 
 450      DE
 451 0545 1684668A 		.ascii	"\026\204f\212TU1\273W'\305\234\372\324\264#\263=\310"
 451      545531BB 
 451      5727C59C 
 451      FAD4B423 
 451      B33DC8
 452 0558 EDE72D1A 		.ascii	"\355\347-\032\362\361\301\364T\255\317\220\337!\216"
 452      F2F1C1F4 
 452      54ADCF90 
 452      DF218E
 453 0567 DE961C1D 		.ascii	"\336\226\034\035=|(U\313<\035\254\324\273=\00514\345"
 453      3D7C2855 
 453      CB3C1DAC 
 453      D4BB3D05 
 453      3134E5
 454 057a E137A5E4 		.ascii	"\3417\245\344w\227\360\333R\326\230\241\022:)\277};"
 454      7797F0DB 
 454      52D698A1 
 454      123A29BF 
 454      7D3B
 455 058c DBBFF767 		.ascii	"\333\277\367gP\247Vx!\335\363 \335S\"M\023\244\314\226"
 455      50A75678 
 455      21DDF320 
 455      DD53224D 
 455      13A4CC96 
 456 05a0 4BFD1AA1 		.ascii	"K\375\032\241\217\"\025\217\325\266\260\226\310\000"
 456      8F22158F 
 456      D5B6B096 
 456      C800
ARM GAS  /tmp/ccyYebOc.s 			page 36


 457 05ae D3FE5DD9 		.ascii	"\323\376]\331\237\253\350\327s\224\324\311\216\3339"
 457      9FABE8D7 
 457      7394D4C9 
 457      8EDB39
 458 05bd 3AE13A95 		.ascii	":\341:\225\035\251\313>\246\323\245\261^\002\212&(y"
 458      1DA9CB3E 
 458      A6D3A5B1 
 458      5E028A26 
 458      2879
 459 05cf 6AE67708 		.ascii	"j\346w\010\272\023(\353\244\006\343\202q\377\310\003"
 459      BA1328EB 
 459      A406E382 
 459      71FFC803 
 460 05df BD304954 		.ascii	"\2750ITU\025\311{&U(,\004\2018\322\225J\235\023\207"
 460      5515C97B 
 460      2655282C 
 460      048138D2 
 460      954A9D13 
 461 05f4 12791DFA 		.ascii	"\022y\035\372\2365Op\345\213\000?\371/\274\014\317Z"
 461      9E354F70 
 461      E58B003F 
 461      F92FBC0C 
 461      CF5A
 462 0606 7227CD93 		.ascii	"r'\315\223X,\012\0139\364l\010\212\204\012\377\003T"
 462      582C0A0B 
 462      39F46C08 
 462      8A840AFF 
 462      0354
 463 0618 75FC8A43 		.ascii	"u\374\212C\"\037\202\346\250AQ\354\236\360\013\316d"
 463      221F82E6 
 463      A84151EC 
 463      9EF00BCE 
 463      64
 464 0629 9F841710 		.ascii	"\237\204\027\020\301~\000\006g\010\277$>XbIBX\3206\343"
 464      C17E0006 
 464      6708BF24 
 464      3E586249 
 464      4258D036 
 465 063e AF63D869 		.ascii	"\257c\330i?\205=\267\255`J#\307N~\024\366xM[J\340\222"
 465      3F853DB7 
 465      AD604A23 
 465      C74E7E14 
 465      F6784D5B 
 466 0655 62B1BB49 		.ascii	"b\261\273Il\032)T'\0265%.B)|0\232\205\344\300\306\225"
 466      6C1A2954 
 466      27163525 
 466      2E42297C 
 466      309A85E4 
 467 066c 69DE8795 		.ascii	"i\336\207\225\277\362\034Z\307/\301\275\320T\0124\231"
 467      BFF21C5A 
 467      C72FC1BD 
 467      D0540A34 
 467      99
 468 067d 7769B8D3 		.ascii	"wi\270\323Z\007\317\263\306\3501\230Vt\264\366\0134"
 468      5A07CFB3 
 468      C6E83198 
 468      5674B4F6 
ARM GAS  /tmp/ccyYebOc.s 			page 37


 468      0B34
 469 068f 356948D6 		.ascii	"5iH\326\350\004\323F'\377\\\317=\34439\237\360,9\033"
 469      E804D346 
 469      27FF5CCF 
 469      3DE43339 
 469      9FF02C39 
 470 06a4 78E2CFD8 		.ascii	"x\342\317\330\267e\016e\250\322\300\335\365<\226N'\356"
 470      B7650E65 
 470      A8D2C0DD 
 470      F53C964E 
 470      27EE
 471 06b6 101D2CBC 		.ascii	"\020\035,\2745\377\001\254(\234\367)}\251w\254G\315"
 471      35FF01AC 
 471      289CF729 
 471      7DA977AC 
 471      47CD
 472 06c8 9C1FFB05 		.ascii	"\234\037\373\005\365=\203\371\016%O\246\230\312S\337"
 472      F53D83F9 
 472      0E254FA6 
 472      98CA53DF 
 473 06d8 3712DFA5 		.ascii	"7\022\337\245\026\374\311\207[\360'i\013\336\363\351"
 473      16FCC987 
 473      5BF02769 
 473      0BDEF3E9 
 474 06e8 AD128D90 		.ascii	"\255\022\215\220\254\"M\302\345\276\331\376@_\255\365"
 474      AC224DC2 
 474      E5BED9FE 
 474      405FADF5 
 475 06f8 663E0C2B 		.ascii	"f>\014+\221\326\372S\260\267\211\227Z\353\351\015O\024"
 475      91D6FA53 
 475      B0B78997 
 475      5AEBE90D 
 475      4F14
 476 070a 166F1245 		.ascii	"\026o\022E\025\312\002'2y\367ay\222\321/+\311\332\245"
 476      15CA0227 
 476      3279F761 
 476      7992D12F 
 476      2BC9DAA5 
 477 071e 1672FC88 		.ascii	"\026r\374\210\221\372\355\327\240'\361ad\253O#s\345"
 477      91FAEDD7 
 477      A027F161 
 477      64AB4F23 
 477      73E5
 478 0730 4F8C5EC4 		.ascii	"O\214^\304\375{6\330\330\342\261\221Eb\204W\301P\326"
 478      FD7B36D8 
 478      D8E2B191 
 478      45628457 
 478      C150D6
 479 0743 E4AD2D6A 		.ascii	"\344\255-j\237\011\313\221\022\026I\362\225T?>\253R"
 479      9F09CB91 
 479      121649F2 
 479      95543F3E 
 479      AB52
 480 0755 26CC5369 		.ascii	"&\314Si\266\221\024\344Px\230\200\306\360le] \335\036"
 480      B69114E4 
 480      50789880 
 480      C6F06C65 
ARM GAS  /tmp/ccyYebOc.s 			page 38


 480      5D20DD1E 
 481 0769 6A98369E 		.ascii	"j\2306\236\2066\332\247\265<\311Z.\335\036w>Y7\315~"
 481      8636DAA7 
 481      B53CC95A 
 481      2EDD1E77 
 481      3E5937CD 
 482 077e 466960FA 		.ascii	"Fi`\372\305H\301&=\335z+p\233|%\273\035)\311l\207\010"
 482      C548C126 
 482      3DDD7A2B 
 482      709B7C25 
 482      BB1D29C9 
 483 0795 E493B416 		.ascii	"\344\223\264\026\0202y\224L\001!3\223_\177\304O\336"
 483      10327994 
 483      4C012133 
 483      935F7FC4 
 483      4FDE
 484 07a7 6EE1EED2 		.ascii	"n\341\356\322c\3763\236\266[p\307\277aF\253\014\302"
 484      63FE339E 
 484      B65B70C7 
 484      BF6146AB 
 484      0CC2
 485 07b9 76354979 		.ascii	"v5Iy\333\314\226\223*\326\022\\j\010-\253\026E\350\254"
 485      DBCC9693 
 485      2AD6125C 
 485      6A082DAB 
 485      1645E8AC 
 486 07cd 9B55A4   		.ascii	"\233U\244"
 487 07d0 D4EDF044 		.ascii	"\324\355\360D\026\036\275K]!\217K]\367x}F\200\3609\305"
 487      161EBD4B 
 487      5D218F4B 
 487      5DF7787D 
 487      4680F039 
 488 07e5 AAC898CB 		.ascii	"\252\310\230\313\366\363Y\254w\362\270X\333X\255n\314"
 488      F6F359AC 
 488      77F2B858 
 488      DB58AD6E 
 488      CC
 489 07f6 28E9D131 		.ascii	"(\351\3211\273\355\235Bg{\252\010\255H\321\253D\016"
 489      BBED9D42 
 489      677BAA08 
 489      AD48D1AB 
 489      440E
 490 0808 15790C17 		.ascii	"\025y\014\027)\015\357\"\206\207\012\257o1\010g\250"
 490      290DEF22 
 490      86870AAF 
 490      6F310867 
 490      A8
 491 0819 E1BC9363 		.ascii	"\341\274\223c\373$\260\033\227\204\374./\260b\017X\261"
 491      FB24B01B 
 491      9784FC2E 
 491      2FB0620F 
 491      58B1
 492 082b 12AC8480 		.ascii	"\022\254\204\200\365\2164G\011\3535\004kO\345\216\275"
 492      F58E3447 
 492      09EB3504 
 492      6B4FE58E 
 492      BD
ARM GAS  /tmp/ccyYebOc.s 			page 39


 493 083c 81C2563A 		.ascii	"\201\302V:Ion)\300m\000*\305\212\344\227\341\027\007"
 493      496F6E29 
 493      C06D002A 
 493      C58AE497 
 493      E11707
 494 084f 8F22F295 		.ascii	"\217\"\362\225\302[\217~\271\266\235\335Ug\360\351w"
 494      C25B8F7E 
 494      B9B69DDD 
 494      5567F0E9 
 494      77
 495 0860 19F1FB0B 		.ascii	"\031\361\373\013\2369\276}\2521\317\237q\275|Sh\333"
 495      9E39BE7D 
 495      AA31CF9F 
 495      71BD7C53 
 495      68DB
 496 0872 377C3651 		.ascii	"7|6Q\\\220\362\024\226C\237KT\321n^\205g\336l\367\020"
 496      5C90F214 
 496      96439F4B 
 496      54D16E5E 
 496      8567DE6C 
 497 0888 B619EBF6 		.ascii	"\266\031\353\366$j\204n\312\260\377@u{\020\203\353\352"
 497      246A846E 
 497      CAB0FF40 
 497      757B1083 
 497      EBEA
 498 089a 14EAD2D3 		.ascii	"\024\352\322\3237\212E\211\342\013\257\022\327\313="
 498      378A4589 
 498      E20BAF12 
 498      D7CB3D
 499 08a9 AE972BC1 		.ascii	"\256\227+\301*\010X\351\364\375\364@\341k\01265\275"
 499      2A0858E9 
 499      F4FDF440 
 499      E16B0A36 
 499      35BD
 500 08bb DFDF13C6 		.ascii	"\337\337\023\306\357:\274\302X\351\301\252TbU\021\254"
 500      EF3ABCC2 
 500      58E9C1AA 
 500      54625511 
 500      AC
 501 08cc EBA7FA76 		.ascii	"\353\247\372v#a\230b\325\214\234<\241\243[Z\304\325"
 501      23619862 
 501      D58C9C3C 
 501      A1A35B5A 
 501      C4D5
 502 08de B4EAD69D 		.ascii	"\264\352\326\235*5\335\361\270\362d\015\034}`\360y\\"
 502      2A35DDF1 
 502      B8F2640D 
 502      1C7D60F0 
 502      795C
 503 08f0 F64BC765 		.ascii	"\366K\307e\037=.I\311g\366\007*\017\304^\236V[\016\035"
 503      1F3D2E49 
 503      C967F607 
 503      2A0FC45E 
 503      9E565B0E 
 504 0905 200762BF 		.ascii	" \007b\277T \367\335\237\273\355\247,\247>\245\033\206"
 504      5420F7DD 
 504      9FBBEDA7 
ARM GAS  /tmp/ccyYebOc.s 			page 40


 504      2CA73EA5 
 504      1B86
 505 0917 6F1709AC 		.ascii	"o\027\011\254\234\316\365?SP*\246\355\205\017c5\253"
 505      9CCEF53F 
 505      53502AA6 
 505      ED850F63 
 505      35AB
 506 0929 A8D091C9 		.ascii	"\250\320\221\311t\277d\025\365 \251\2503g\267\025\010"
 506      74BF6415 
 506      F520A9A8 
 506      3367B715 
 506      08
 507 093a F25337E0 		.ascii	"\362S7\340\365s\266\206\235\272\032r\352\316\245\246"
 507      F573B686 
 507      9DBA1A72 
 507      EACEA5A6 
 508 094a D76B845B 		.ascii	"\327k\204[4:\275})\265\354\323\023\000\323\344\212\257"
 508      343ABD7D 
 508      29B5ECD3 
 508      1300D3E4 
 508      8AAF
 509 095c 6AFC7C46 		.ascii	"j\374|F\243V\212\306a\032\215\361\233\245\345\017}\207"
 509      A3568AC6 
 509      611A8DF1 
 509      9BA5E50F 
 509      7D87
 510 096e 3DBF41EB 		.ascii	"=\277A\353\210\177\265\222\1775'\362\356\352\224\321"
 510      887FB592 
 510      7F3527F2 
 510      EEEA94D1 
 511 097e F029FDD5 		.ascii	"\360)\375\325\315\276}z\026\215\007\341\364\343R\317"
 511      CDBE7D7A 
 511      168D07E1 
 511      F4E352CF 
 512 098e 42017D92 		.ascii	"B\001}\222L\361\020\013E\003\277\204\013\214\2137\331"
 512      4CF1100B 
 512      4503BF84 
 512      0B8C8B37 
 512      D9
 513 099f D77C60B5 		.ascii	"\327|`\265\270L\316\230\177X\037\217\2100\322?\273\323"
 513      B84CCE98 
 513      7F581F8F 
 513      8830D23F 
 513      BBD3
 514 09b1 E870199D 		.ascii	"\350p\031\235\016\213\321\022\035g\215\213\267\333c"
 514      0E8BD112 
 514      1D678D8B 
 514      B7DB63
 515 09c0 9D1116ED 		.ascii	"\235\021\026\355\357\377\364\366\242\027\227.\345\324"
 515      EFFFF4F6 
 515      A217972E 
 515      E5D4
 516 09ce 58DAE44A 		.ascii	"X\332\344JA\306h{\234\325h\2668\255\341\261\3465\306"
 516      41C6687B 
 516      9CD568B6 
 516      38ADE1B1 
 516      E635C6
ARM GAS  /tmp/ccyYebOc.s 			page 41


 517 09e1 97EC9684 		.ascii	"\227\354\226\2048\253\315\3454\276e5\307\375\321\370"
 517      38ABCDE5 
 517      34BE6535 
 517      C7FDD1F8 
 518 09f1 B2253626 		.ascii	"\262%6&\336i5Y\303\343\023,\037.3\276\205q\214\357["
 518      DE693559 
 518      C3E3132C 
 518      1F2E33BE 
 518      85718CEF 
 519 0a06 2CE16647 		.ascii	",\341fG\\\270\315n\263\206[\315kb\302\227\207/\213\\"
 519      5CB8CD6E 
 519      B3865BCD 
 519      6B62C297 
 519      872F8B5C 
 520 0a1a BA3CFC6F 		.ascii	"\272<\374o\317\205\307\231?\260;\214\2611k\260\224\321"
 520      CF85C799 
 520      3FB03B8C 
 520      B1316BB0 
 520      94D1
 521 0a2c 4BCAB83C 		.ascii	"K\312\270<bY\304Rc\214\315\022\233\020e5:]QQ\326\367"
 521      6259C452 
 521      638CCD12 
 521      9B106535 
 521      3A5D5151 
 522 0a42 22A2390D 		.ascii	"\"\2429\0158a\263~\354\322\304G\223{\000fk\212\266\232"
 522      3861B37E 
 522      ECD2C447 
 522      937B0066 
 522      6B8AB69A 
 523 0a56 A3AC8E50 		.ascii	"\243\254\216P\205G\222\262\314\253h.\000\000\342\035"
 523      854792B2 
 523      CCAB682E 
 523      0000E21D 
 524 0a66 F68F6240 		.ascii	"\366\217b@A\017\353\357[]\357%\330,&\327\023\217\322"
 524      410FEBEF 
 524      5B5DEF25 
 524      D82C26D7 
 524      138FD2
 525 0a79 B6D81D56 		.ascii	"\266\330\035VP6\300\243\335\261\326D\214\272\346[\242"
 525      5036C0A3 
 525      DDB1D644 
 525      8CBAE65B 
 525      A2
 526 0a8a DF808795 		.ascii	"\337\200\207\225\261\261v\313\252\210x\263\303\025\021"
 526      B1B176CB 
 526      AA8878B3 
 526      C31511
 527 0a99 B9E827A2 		.ascii	"\271\350'\242\312\315\243J\177&\211Xe\213q\005\321\205"
 527      CACDA34A 
 527      7F268958 
 527      658B7105 
 527      D185
 528 0aab D7ECE6A8 		.ascii	"\327\354\346\250\225\016\207y\255^\216\032 \233\260"
 528      950E8779 
 528      AD5E8E1A 
 528      209BB0
 529 0aba E7571C56 		.ascii	"\347W\034V\353*\235\347\331`2\021\007L\021\317G\256"
ARM GAS  /tmp/ccyYebOc.s 			page 42


 529      EB2A9DE7 
 529      D9603211 
 529      074C11CF 
 529      47AE
 530 0acc 58A69566 		.ascii	"X\246\225f*K\264\331!\177\367\374\012\235\311\224\020"
 530      2A4BB4D9 
 530      217FF7FC 
 530      0A9DC994 
 530      10
 531 0add 63733DBB 		.ascii	"cs=\273\314\344J\375_%\323;\211R\014\343\314\226\350"
 531      CCE44AFD 
 531      5F25D33B 
 531      89520CE3 
 531      CC96E8
 532 0af0 189BD568 		.ascii	"\030\233\325h\202$\232\023b]&\327\332x+\316\206V\"\364"
 532      82249A13 
 532      625D26D7 
 532      DA782BCE 
 532      865622F4 
 533 0b04 CFFF2B1F 		.ascii	"\317\377+\037\347Z\247\321\004{\012\214\003\011\177"
 533      E75AA7D1 
 533      047B0A8C 
 533      03097F
 534 0b13 16E4A828 		.ascii	"\026\344\250(\010\361\352\265\316\267m\020\355\017\225"
 534      08F1EAB5 
 534      CEB76D10 
 534      ED0F95
 535 0b22 E7C3B31F 		.ascii	"\347\303\263\037@\033o\244x\273\303eJ \262O)d\361+\247"
 535      401B6FA4 
 535      78BBC365 
 535      4A20B24F 
 535      2964F12B 
 536 0b37 71E59BAF 		.ascii	"q\345\233\257\277\370\372\307\240\200w\217\351\243\345"
 536      BFF8FAC7 
 536      A080778F 
 536      E9A3E5
 537 0b46 71780799 		.ascii	"qx\007\231LN\253\313\364\273\225\253_~\343\315U\006"
 537      4C4EABCB 
 537      F4BB95AB 
 537      5F7EE3CD 
 537      5506
 538 0b58 73ECDFCD 		.ascii	"s\354\337\315k\235\246\030[,\204\347\0319\012\354m\343"
 538      6B9DA618 
 538      5B2C84E7 
 538      19390AEC 
 538      6DE3
 539 0b6a 8BAFAF5E 		.ascii	"\213\257\257^\265\332c\030\243X\342^\201\204R\322@\365"
 539      B5DA6318 
 539      A358E25E 
 539      818452D2 
 539      40F5
 540 0b7c 3530EE4F 		.ascii	"50\356O\210`\032\362t/\177N>\373\365\262\377\000\004"
 540      88601AF2 
 540      742F7F4E 
 540      3EFBF5B2 
 540      FF0004
 541 0b8f 52C9B9   		.ascii	"R\311\271"
ARM GAS  /tmp/ccyYebOc.s 			page 43


 542              		.text
 543              		.section	.gnu.lto_.symtab.f824da940f32f809,"",%progbits
 544 0000 6368506F 		.ascii	"chPoolObjectInit\000"
 544      6F6C4F62 
 544      6A656374 
 544      496E6974 
 544      00
 545 0011 00       		.ascii	"\000"
 546 0012 00       		.ascii	"\000"
 547 0013 00       		.ascii	"\000"
 548 0014 00000000 		.ascii	"\000\000\000\000\000\000\000\000"
 548      00000000 
 549 001c E4000000 		.ascii	"\344\000\000\000"
 550 0020 6368506F 		.ascii	"chPoolLoadArray\000"
 550      6F6C4C6F 
 550      61644172 
 550      72617900 
 551 0030 00       		.ascii	"\000"
 552 0031 00       		.ascii	"\000"
 553 0032 00       		.ascii	"\000"
 554 0033 00000000 		.ascii	"\000\000\000\000\000\000\000\000"
 554      00000000 
 555 003b EA000000 		.ascii	"\352\000\000\000"
 556 003f 6368506F 		.ascii	"chPoolAllocI\000"
 556      6F6C416C 
 556      6C6F6349 
 556      00
 557 004c 00       		.ascii	"\000"
 558 004d 00       		.ascii	"\000"
 559 004e 00       		.ascii	"\000"
 560 004f 00000000 		.ascii	"\000\000\000\000\000\000\000\000"
 560      00000000 
 561 0057 EE000000 		.ascii	"\356\000\000\000"
 562 005b 6368506F 		.ascii	"chPoolAlloc\000"
 562      6F6C416C 
 562      6C6F6300 
 563 0067 00       		.ascii	"\000"
 564 0068 00       		.ascii	"\000"
 565 0069 00       		.ascii	"\000"
 566 006a 00000000 		.ascii	"\000\000\000\000\000\000\000\000"
 566      00000000 
 567 0072 F0000000 		.ascii	"\360\000\000\000"
 568 0076 6368506F 		.ascii	"chPoolFreeI\000"
 568      6F6C4672 
 568      65654900 
 569 0082 00       		.ascii	"\000"
 570 0083 00       		.ascii	"\000"
 571 0084 00       		.ascii	"\000"
 572 0085 00000000 		.ascii	"\000\000\000\000\000\000\000\000"
 572      00000000 
 573 008d F5000000 		.ascii	"\365\000\000\000"
 574 0091 6368506F 		.ascii	"chPoolFree\000"
 574      6F6C4672 
 574      656500
 575 009c 00       		.ascii	"\000"
 576 009d 00       		.ascii	"\000"
 577 009e 00       		.ascii	"\000"
ARM GAS  /tmp/ccyYebOc.s 			page 44


 578 009f 00000000 		.ascii	"\000\000\000\000\000\000\000\000"
 578      00000000 
 579 00a7 F7000000 		.ascii	"\367\000\000\000"
 580              		.text
 581              		.section	.gnu.lto_.opts,"",%progbits
 582 0000 272D666D 		.ascii	"'-fmath-errno' '-fsigned-zeros' '-ftrapping-math' '"
 582      6174682D 
 582      6572726E 
 582      6F272027 
 582      2D667369 
 583 0033 2D666E6F 		.ascii	"-fno-trapv' '-fno-openmp' '-fno-openacc' '-mcpu=cor"
 583      2D747261 
 583      70762720 
 583      272D666E 
 583      6F2D6F70 
 584 0066 7465782D 		.ascii	"tex-m4' '-mno-thumb-interwork' '-mthumb' '-O2' '-fo"
 584      6D342720 
 584      272D6D6E 
 584      6F2D7468 
 584      756D622D 
 585 0099 6D69742D 		.ascii	"mit-frame-pointer' '-falign-functions=16' '-ffuncti"
 585      6672616D 
 585      652D706F 
 585      696E7465 
 585      72272027 
 586 00cc 6F6E2D73 		.ascii	"on-sections' '-fdata-sections' '-fno-common' '-flto"
 586      65637469 
 586      6F6E7327 
 586      20272D66 
 586      64617461 
 587 00ff 2700     		.ascii	"'\000"
 588              		.text
 589              		.comm	__gnu_lto_v1,1,1
 590              		.comm	__gnu_lto_slim,1,1
 591              		.ident	"GCC: (GNU Tools for Arm Embedded Processors 7-2017-q4-major) 7.2.1 20170904 (release) [ARM
ARM GAS  /tmp/ccyYebOc.s 			page 45


DEFINED SYMBOLS
                            *ABS*:0000000000000000 chmempools.c
                            *COM*:0000000000000001 __gnu_lto_v1
                            *COM*:0000000000000001 __gnu_lto_slim

NO UNDEFINED SYMBOLS
