ARM GAS  /tmp/ccnKDnhL.s 			page 1


   1              		.cpu cortex-m4
   2              		.eabi_attribute 20, 1
   3              		.eabi_attribute 21, 1
   4              		.eabi_attribute 23, 3
   5              		.eabi_attribute 24, 1
   6              		.eabi_attribute 25, 1
   7              		.eabi_attribute 26, 1
   8              		.eabi_attribute 30, 2
   9              		.eabi_attribute 34, 1
  10              		.eabi_attribute 18, 4
  11              		.file	"pal_lld.c"
  12              		.section	.gnu.lto_.profile.57cd0318646d906,"",%progbits
  13 0000 789C6363 		.ascii	"x\234cc```\003bF\206Y\2143\030\001\004@\001B"
  13      60606003 
  13      62468659 
  13      8C331801 
  13      04400142 
  14              		.text
  15              		.section	.gnu.lto_.icf.57cd0318646d906,"",%progbits
  16 0000 789C6363 		.ascii	"x\234cc``\340c@\000&\206\363\327\346\374\346`\354\275"
  16      6060E063 
  16      40002686 
  16      F3D7E6FC 
  16      E660ECBD 
  17 0014 BF78293B 		.ascii	"\277x);\003\0000\244\006\027"
  17      030030A4 
  17      0617
  18              		.text
  19              		.section	.gnu.lto_.jmpfuncs.57cd0318646d906,"",%progbits
  20 0000 789C6363 		.ascii	"x\234cc``\220a@\000&\006FF\306\3729\314\014\214\314"
  20      60609061 
  20      40002606 
  20      4646C6FA 
  20      39CC0C8C 
  21 0015 40063B90 		.ascii	"@\006;\220\005\3421\00113\003\000<b\004\264"
  21      05E23101 
  21      31330300 
  21      3C6204B4 
  22              		.text
  23              		.section	.gnu.lto_.inline.57cd0318646d906,"",%progbits
  24 0000 789C6363 		.ascii	"x\234cc``\330\311\200\000L\014\014\017\030\35630\262"
  24      6060D8C9 
  24      80004C0C 
  24      0C0F18EE 
  24      3330B2
  25 0013 33283032 		.ascii	"3(020+\200I\0070\231\000&\033\030\301\324\002\010u\000"
  25      302B8049 
  25      07309900 
  25      261B18C1 
  25      D4020875 
  26 0028 42310874 		.ascii	"B1\010t2\256X\307\301\240yc\003\023\023\003\343\013"
  26      32AE58C7 
  26      C1A07963 
  26      03131303 
  26      E30B
  27 003a 76160809 		.ascii	"v\026\010\011\"8\300L\016\020!\000f\012\200\010\005"
  27      2238C04C 
ARM GAS  /tmp/ccnKDnhL.s 			page 2


  27      0E102100 
  27      660A8008 
  27      05
  28 004b 30530144 		.ascii	"0S\001D8\200\231\016 \242\201\221\011B\201I\210Q\015"
  28      3880990E 
  28      20A28191 
  28      09428149 
  28      88510D
  29 005e 4C206731 		.ascii	"L g12\330\354bddd\002\332\306\300\034ri\2450\203\320"
  29      32D8EC62 
  29      64646402 
  29      DAC6C01C 
  29      7269A530 
  30 0074 85C54005 		.ascii	"\205\305@\005B\027z\030Y\300\016\007\000\012\273\037"
  30      42177A18 
  30      59C00E07 
  30      000ABB1F 
  31 0084 FF       		.ascii	"\377"
  32              		.text
  33              		.section	.gnu.lto_.pureconst.57cd0318646d906,"",%progbits
  34 0000 789C6363 		.ascii	"x\234cc```\005b&\006)F)\000\000\374\000C"
  34      60606005 
  34      62260629 
  34      46290000 
  34      FC0043
  35              		.text
  36              		.section	.gnu.lto__pal_lld_init.57cd0318646d906,"",%progbits
  37 0000 789CA59A 		.ascii	"x\234\245\232[P\024W\032\200\373\364\031F``\360\202"
  37      5B501457 
  37      1A80FBF4 
  37      19466060 
  37      F082
  38 0012 7754BC20 		.ascii	"wT\274 \202\312(j\325V\366a\367a\253\266v+\251\335\252"
  38      82CA286A 
  38      D556F661 
  38      F761ABB6 
  38      762BA9DD 
  39 0027 DDD75436 		.ascii	"\335\327T6\353\326f\255\262Vk\263\265\2576\027\021\005"
  39      EBD666AD 
  39      B2566BB3 
  39      B5AF3617 
  39      1105
  40 0039 0571E432 		.ascii	"\005q\3442\2160\021\025\214\"!D\015 \212 (\030P\221"
  40      8E301115 
  40      8C222144 
  40      0D208A20 
  40      28185091 
  41 004d 18236A22 		.ascii	"\030#j\"*\0271F\242\\\224\210{\376\277\317\241{$SLO"
  41      2A173146 
  41      A25C9488 
  41      7BFEBFCF 
  41      A17B2453 
  42 0063 5BF10FE3 		.ascii	"[\361\017\3434_\177\335\375\363i0VI\2226-\227\244\337"
  42      345F7FDD 
  42      FDF36930 
  42      56499236 
  42      2D97A4DF 
ARM GAS  /tmp/ccnKDnhL.s 			page 3


  43 0077 B27FCF67 		.ascii	"\262\177\317g?\011\225\210\234\335&II\3012!\360\201"
  43      3F099588 
  43      9CDD2649 
  43      49C13221 
  43      F081
  44 0089 124CA46D 		.ascii	"\022L\244m2\331F2\251\223\222\372\035\335Ur\\\211\302"
  44      32D94632 
  44      A99392FA 
  44      1DDD5572 
  44      5C89C2
  45 009c 7ED4E58D 		.ascii	"~\324\345\215X\323\224\355s\334T\222r\331O\370A*I\034"
  45      58D394ED 
  45      73DC5492 
  45      72D94FF8 
  45      412A491C 
  46 00b0 3BEA7AEA 		.ascii	";\352z\352gn\232A\335\224\020\013{9\320\352z`\207\227"
  46      676E9A41 
  46      DD94100B 
  46      7B39D0EA 
  46      7A608797 
  47 00c4 3289662F 		.ascii	"2\211f/\373\306\312{,t=\221\330\307\247\237\0245\331"
  47      FBC6CA7B 
  47      2C743D91 
  47      D8C7A79F 
  47      1435D9
  48 00d7 628F284A 		.ascii	"b\217(J\262R\367\3440U\226\271)\373EB\031\220\234\""
  48      B252F7E4 
  48      305596B9 
  48      29FB4542 
  48      19909C22 
  49 00eb 51E40B12 		.ascii	"Q\344\013\022%\261_\222\310\031\022\013\307wU\214\355"
  49      25B15F92 
  49      C819120B 
  49      C777558C 
  49      ED
  50 00fc 0FB75AD4 		.ascii	"\017\267Z\324\023\222/\211U\"\354\203\362\366\240:e"
  50      13922F89 
  50      5522EC83 
  50      F2F6A03A 
  50      65
  51 010d ECCD0EC6 		.ascii	"\354\315\016\3068B\316\374\361o\204}\216E\206AaX`\004"
  51      3842CEFC 
  51      F16F847D 
  51      8E458641 
  51      61586004 
  52 0121 C1B0C2B0 		.ascii	"\301\260\302\260\021\240\205\301\207\3410\3540\"`L\205"
  52      11A085C1 
  52      87E130EC 
  52      3022604C 
  52      85
  53 0132 310DC674 		.ascii	"1\015\306t\0303`D\302\230\011c\026\214\3310\346\300"
  53      18336044 
  53      C2980963 
  53      168CD930 
  53      E6C0
  54 0144 980B631E 		.ascii	"\230\013c\036\214\3710\300\323\262\000\306B\030\213"
  54      8CF930C0 
ARM GAS  /tmp/ccnKDnhL.s 			page 4


  54      D3B200C6 
  54      42188B
  55 0153 6044C358 		.ascii	"`D\303X\014c\011\214\2450\226\301\210\201\261\034F,"
  55      0C63098C 
  55      A53096C1 
  55      8881B11C 
  55      462C
  56 0165 8C1530E2 		.ascii	"\214\0250\342`\304\303X\011c\025\214\3250\022`8`\254"
  56      60C4C358 
  56      0963158C 
  56      D5301260 
  56      3860AC
  57 0178 81B11646 		.ascii	"\201\261\026F\"\214u0\326\303\330\000C\222\322\331]"
  57      228C7530 
  57      D6C3D800 
  57      4392D2D9 
  57      5D
  58 0189 61CF4CA9 		.ascii	"a\317L\251\223vR\031>J\251\223\036\223\372\352\276\226"
  58      93765219 
  58      3E4AA993 
  58      1E93FAEA 
  58      BE96
  59 019b 8D70AF5C 		.ascii	"\215p\257\\\224\260[\230\273\275\376\352\024x\032A\370"
  59      94B05B98 
  59      BBBDFEEA 
  59      14781A41 
  59      F8
  60 01ac 04520F36 		.ascii	"\004R\0176v\207\250/\225g\351\012<\257\316\232\256{"
  60      7687A82F 
  60      9567E90A 
  60      3CAFCE9A 
  60      AE7B
  61 01be 560F294C 		.ascii	"V\017)LbO9\332M\255\244\232=\211*\366$\340\370\376\207"
  61      624F39DA 
  61      4DADA49A 
  61      3D892AF6 
  61      24E0F8FE 
  62 01d3 CDB57647 		.ascii	"\315\265vG\231\222J\334t\012\251!\036\262\037\037>9"
  62      99924ADC 
  62      740AA921 
  62      1EB21F1F 
  62      3E39
  63 01e5 4B1CEC64 		.ascii	"K\034\354d)#iD=\227\254\236\256+%G\011\003\276\205\374"
  63      29236944 
  63      3D97AC9E 
  63      AE2B2547 
  63      0903BE85 
  64 01fa 86D43208 		.ascii	"\206\3242\010\023\352\330\205\307\030;\3259\355T\347"
  64      13EAD885 
  64      C7183BD5 
  64      39ED54E7 
  65 020a 8983F1F1 		.ascii	"\211\203\361\361\322B\324\223Qc\254:d\301\352\220\013"
  65      D242D493 
  65      5163AC3A 
  65      64C1EA90 
  65      0B
  66 021b 6F695B18 		.ascii	"oi[\030\314\224g\275\306n\000O\213\372\010\256\024\207"
ARM GAS  /tmp/ccnKDnhL.s 			page 5


  66      CC9467BD 
  66      C66E004F 
  66      8BFA08AE 
  66      1487
  67 022d AA270832 		.ascii	"\252'\0102\206\273\250\341\032\337R\005\230)\325&\215"
  67      86BBA8E1 
  67      1ADF5205 
  67      9829D526 
  67      8D
  68 023e 7D0954AD 		.ascii	"}\011T\255R7I\366\224dQ\216rv\247\017F\304\227\342W"
  68      523749F6 
  68      9464518E 
  68      7276A70F 
  68      46C497E2 
  69 0253 FB58B9EC 		.ascii	"\373X\271\354\362\004\273i\260\304\277\324/\223x\375"
  69      F204BB69 
  69      B0C4BFD4 
  69      2F9378FD 
  70 0263 3651DCA6 		.ascii	"6Q\334\246\263\365\255M\342\344\014\364\016\333\313"
  70      B3F5AD4D 
  70      E2E40CF4 
  70      0EDBCB
  71 0272 1017B591 		.ascii	"\020\027\265\221f~\376\201\214\234[\204\235?\033\335"
  71      667EFE81 
  71      8C9C5B84 
  71      9D3F1BDD 
  72 0282 42490B1A 		.ascii	"BI\013\032\310\022\276YP\333\236\035\272\3555\274\351"
  72      C812BE59 
  72      50DB9E1D 
  72      BAED35BC 
  72      E9
  73 0293 B1B33391 		.ascii	"\261\2633\221+\304\241~\215\177E\266\201Z4\367\312x"
  73      2BC4A17E 
  73      8D7F45B6 
  73      815A34F7 
  73      CA78
  74 02a5 549A24D3 		.ascii	"T\232$\323_\253\005\031\310+#1\305X\220\356\003a.\245"
  74      5FAB0519 
  74      C82B2331 
  74      C55890EE 
  74      03612EA5 
  75 02b9 2E95916D 		.ascii	".\225\221m\244\325;\"\250\334Fb\330g\274\350\354j#\240"
  75      A4D53B22 
  75      A8DC4662 
  75      D867BCE8 
  75      EC6A23A0 
  76 02cd 6C238AC2 		.ascii	"l#\212\3026\236\\e\357{_\370\233sE\203\226\011\320\340"
  76      369E5C65 
  76      EF7B5FF8 
  76      9B734583 
  76      9609D0E0 
  77 02e1 B7CB84D0 		.ascii	"\267\313\204\320k$\006\356\005{\010\311\325}\031\015"
  77      6B2406EE 
  77      057B08C9 
  77      D57D190D 
  78 02f1 F6F14AA5 		.ascii	"\366\361J\245\342}k+\264\342!\354\334\030\254\\\365"
  78      E27D6B2B 
ARM GAS  /tmp/ccnKDnhL.s 			page 6


  78      B4E221EC 
  78      DC18AC5C 
  78      F5
  79 0302 46899091 		.ascii	"F\211\220\221\353\304J\332\341\032\333\341\221:\364"
  79      EBC44ADA 
  79      E11ADBE1 
  79      913AF4
  80 0311 B734D8EB 		.ascii	"\2674\330\353\226\262'\026\006\267\362\306\304[\351"
  80      96B22716 
  80      06B7F2C6 
  80      C45BE9
  81 0320 29CF7CC7 		.ascii	")\317|\307M\303I\007\336M\212P\211|\215\353\3026\343"
  81      4DC34907 
  81      DE4D8A50 
  81      897C8DEB 
  81      C236E3
  82 0333 5810C0F5 		.ascii	"X\020\300\365d\033\222\233]\265w\251J\266\303M 79\372"
  82      641B929B 
  82      5DB577A9 
  82      4AB6C34D 
  82      203739FA 
  83 0347 D468E3BD 		.ascii	"\324h\343\275`\330\222$\305\363wX\224o\020l\341\340"
  83      60D89224 
  83      C5F37758 
  83      946F106C 
  83      E1E0
  84 0359 5BB02B0E 		.ascii	"[\260+\016\365\2023\033\354\252\371\032\377T\243\301"
  84      F582331B 
  84      ECAAF91A 
  84      FF54A3C1 
  85 0369 F35BC405 		.ascii	"\363[\304\005q\334\355\011\236\376\213u\"\311\312Iw"
  85      71DCED09 
  85      9EFE8B75 
  85      22C9CA49 
  85      77
  86 037a 406C8D2A 		.ascii	"@l\215*\266[\210\2555 v\027qS8\356\236\011\261\357\220"
  86      B65B88AD 
  86      35207617 
  86      715338EE 
  86      9E09B1EF 
  87 038f 14CC49DF 		.ascii	"\024\314I\337\203\330ZUl\217\020K4 v\037q!\034\327e"
  87      83D85A55 
  87      6C8F104B 
  87      3420761F 
  87      71211CD7 
  88 03a4 42EC0192 		.ascii	"B\354\001\222B9\351!\210%\252bYBl\235\001\261G\210\263"
  88      4239E921 
  88      8825AA62 
  88      59426C9D 
  88      01B14788 
  89 03b9 715CB709 		.ascii	"q\\\267\011\261\036$\205qR/\210\255S\305\362\205\330"
  89      B11E2485 
  89      71522F88 
  89      AD53C5F2 
  89      85D8
  90 03cb 7A03627D 		.ascii	"z\003b}\210\013\347\270\307&\304\372\221d\347\244' "
  90      880BE7B8 
ARM GAS  /tmp/ccnKDnhL.s 			page 7


  90      C726C4FA 
  90      9164E7A4 
  90      2720
  91 03dd B65E152B 		.ascii	"\266^\025+\020b\033\014\210\375\200\270\010\216{jB\354"
  91      10621B0C 
  91      88FD80B8 
  91      088E7B6A 
  91      42EC
  92 03ef 47244DE5 		.ascii	"G$M\345\244g \266A\0372l\316x7\241B\370\312S\021\341"
  92      A46720B6 
  92      411F326C 
  92      CE7837A1 
  92      42F8CA53 
  93 0405 4FDF07B0 		.ascii	"O\337\007\260\357^A\257\234<\350?\241\3234\037A\177"
  93      EF5E41AF 
  93      9C3CE83F 
  93      A1D3341F 
  93      417F
  94 0417 2E82FEC2 		.ascii	".\202\376\302;\350F\">\210\021w\325\2176\204\360\210"
  94      3BE84622 
  94      3E881177 
  94      D58F3684 
  94      F088
  95 0429 A743C487 		.ascii	"\247C\304\207x\304+\003\212\3700+\364\200\357\210w\263"
  95      78C42B03 
  95      8AF8302B 
  95      F480EF88 
  95      77B3
  96 043b 88C32183 		.ascii	"\210\303!\203>\">\302n\357K\270\256\227\260\015+\330"
  96      3E223EC2 
  96      6EEF4BB8 
  96      AE97B00D 
  96      2BD8
  97 044d 5B8F9AF7 		.ascii	"[\217\232\367\245\205\251\021\217b/\225Q\317.\213n9"
  97      A585A911 
  97      8F622F95 
  97      51CF2E8B 
  97      6E39
  98 045f 5EF1DB57 		.ascii	"^\361\333W\342l\310\260{G|TD|\004\200?\353\366\343%"
  98      E26CC8B0 
  98      7B477C54 
  98      447C0480 
  98      3FEBF6E3 
  99 0474 5ED685F6 		.ascii	"^\326\205\366\221WAb?\206t\373q9\277\250\315\246\337"
  99      91574162 
  99      3F8674FB 
  99      7139BFA8 
  99      CDA6DF
 100 0487 8FD7A2DA 		.ascii	"\217\327\242\332H\032\203\375X\241U\033U\343\374s\303"
 100      481A83FD 
 100      58A1551B 
 100      55E3FC73 
 100      C3
 101 0498 C57D23AA 		.ascii	"\305}#\252\2158E\016\\,I\346\325FR\262\314\304\342\264"
 101      8D38450E 
 101      5C2C49E6 
 101      D54652B2 
ARM GAS  /tmp/ccnKDnhL.s 			page 8


 101      CCC4E2B4 
 102 04ac 6AA358BC 		.ascii	"j\243X\274\001\261\024\231W\033q\251&\304\266\313\274"
 102      01B11499 
 102      571B71A9 
 102      26C4B6CB 
 102      BC
 103 04bd DA484A03 		.ascii	"\332HJ\003\261x\255\332(\266\322\200\330\016\231W\033"
 103      B178ADDA 
 103      28B6D280 
 103      D80E9957 
 103      1B
 104 04ce 71E926C4 		.ascii	"q\351&\304v\312\274\332H\332\005b+\265j\243\330*\003"
 104      76CABCDA 
 104      48DA0562 
 104      2BB56AA3 
 104      D82A03
 105 04e1 621932AF 		.ascii	"b\0312\2576\3422M\210\355\226y\265\221\264\007\304V"
 105      36E2324D 
 105      88ED9679 
 105      B591B407 
 105      C456
 106 04f3 69D546B1 		.ascii	"i\325F\261\325\006\304\262d^m\304e\233\020\333+\363"
 106      D506C4B2 
 106      645E6DC4 
 106      659B10DB 
 106      2BF3
 107 0505 6A232907 		.ascii	"j#)\007\304Vk\325F\261\004\003b\373d^m\3049M\210\355"
 107      C4566BD5 
 107      46B10403 
 107      62FB645E 
 107      6DC4394D 
 108 051b 9779B591 		.ascii	"\227y\265\221\224\013b\011\372rad\264j\017\213j\327"
 108      940B6209 
 108      FA726164 
 108      B46A0F8B 
 108      6AD7
 109 052d FA55ED3C 		.ascii	"\372U\355<yB\265\317O^\355|t\232\356\243\332\0052\257"
 109      7942B5CF 
 109      4F5EED7C 
 109      749AEEA3 
 109      DA0532AF 
 110 0541 B64B0EB8 		.ascii	"\266K\016\270\332\007d\250\266\263\276\240#\234W;\033"
 110      DA0764A8 
 110      B6B3BEA0 
 110      239C573B 
 110      1B
 111 0552 AAED96D5 		.ascii	"\252\355\226\325j\237\017\250\332\007\345\030\270`_"
 111      6A9F0FA8 
 111      DA07E518 
 111      B8605F
 112 0561 D51E63D5 		.ascii	"\325\036c\325\206C\330\271\177\261\332\205\262\225\024"
 112      8643D8B9 
 112      7FB1DA85 
 112      B29514
 113 0570 C9ECBAD8 		.ascii	"\311\354\272\330p\321\305P\355\366\323\227\354j\265"
 113      70D1C550 
 113      EDF6D397 
ARM GAS  /tmp/ccnKDnhL.s 			page 9


 113      EC6AB5
 114 057f 7FC55E7A 		.ascii	"\177\305^zZ[\312e\335rxd\365\366\235h:s\333\346]\355"
 114      5A5BCA65 
 114      DD727864 
 114      F5F69D68 
 114      3A73DBE6 
 115 0595 4F645EED 		.ascii	"Od^\355B\000\036\322\355\007\203\263O\251.\356\355\036"
 115      42001ED2 
 115      ED0783B3 
 115      4FA92EEE 
 115      ED1E
 116 05a7 FF5D9D5D 		.ascii	"\377]\235]\365\370~tvV\335\216\320\357G\261\314\253"
 116      F5F87E74 
 116      7656DD8E 
 116      D0EF47B1 
 116      CCAB
 117 05b9 8DA4C3B0 		.ascii	"\215\244\303\260\037\213\265j\243\352\022\377\334pq"
 117      1F8BB56A 
 117      A3EA12FF 
 117      DC7071
 118 05c8 8FC8BCDA 		.ascii	"\217\310\274\332\210;jB\254DT\033I\245 \266D\2536\212"
 118      883B6A42 
 118      AC44541B 
 118      49A520B6 
 118      44AB368A 
 119 05dc 2D352076 		.ascii	"-5 vLT\033q\237\232\020;.\252\215\244\023 \266T\253"
 119      4C541B71 
 119      9F9A103B 
 119      2EAA8DA4 
 119      1320B654 
 120 05f1 368A2D33 		.ascii	"6\212-3 V&\252\215\270\223&\304\312E\265\221\364\031"
 120      205626AA 
 120      8DB89326 
 120      C4CA45B5 
 120      91F419
 121 0604 882DD3AA 		.ascii	"\210-\323\252\215b1\006\304*D\265\021\367\271\011\261"
 121      8D623106 
 121      C42A44B5 
 121      11F7B909 
 121      B1
 122 0615 4A516D24 		.ascii	"JQm$}\001b1Z\265Ql\271\001\261S\242\332\210;mB\354\214"
 122      7D016231 
 122      5AB5516C 
 122      B901B153 
 122      A2DA883B 
 123 062d A83692BE 		.ascii	"\2506\222\276\004\261\345Z\265Q,\326\200X\225\2506\342"
 123      04B1E55A 
 123      B5512CD6 
 123      805895A8 
 123      36E2
 124 063f AA4D88D5 		.ascii	"\252M\210\325\210j#\351,\210\305\352\313\205\221\321"
 124      886A23E9 
 124      2C88C5EA 
 124      CB8591D1 
 125 064f AA7D90BF 		.ascii	"\252}\220\277\362\364\371U\355\332\211\325\356\237\274"
 125      F2F4F955 
 125      EDDA89D5 
ARM GAS  /tmp/ccnKDnhL.s 			page 10


 125      EE9FBC
 126 065e DAE7D069 		.ascii	"\332\347\320i\206\217j\237\027\325\256\013\274\332\027"
 126      868F6A9F 
 126      17D5AE0B 
 126      BCDA17
 127 066d B0DAE9C7 		.ascii	"\260\332\351\307\235\305\224W;\037\252]\317\253\335"
 127      9DC59457 
 127      3B1FAA5D 
 127      CFABDD
 128 067c 1F50B51B 		.ascii	"\037P\265\033X\222k}W\373f\221\025\017\271\340\243\332"
 128      58926B7D 
 128      57FB6691 
 128      150FB9E0 
 128      A3DA
 129 068e 1759B51B 		.ascii	"\027Y\265\033\341!4\3026\314co\275\252<\331\307\377"
 129      E12134C2 
 129      36CC636F 
 129      BDAA3CD9 
 129      C7FF
 130 06a0 ACDD0187 		.ascii	"\254\335\001\207\226}^p6L\267\035M|;2\362o\274\226\275"
 130      967D5E70 
 130      364CB71D 
 130      4D7C3B32 
 130      F26FBC96 
 131 06b5 B37D4964 		.ascii	"\263}Id\373\"\020/\353\026\244\021\027\344\326PyK\270"
 131      FB22102F 
 131      EB16A411 
 131      17E4D650 
 131      794BB8
 132 06c8 58907ADD 		.ascii	"X\220z\335\202\034\337\331Q\353\265 \315\"\333Hj\201"
 132      821CDFD9 
 132      51EBB520 
 132      CD22DB48 
 132      6A81
 133 06da 0599A765 		.ascii	"\005\231\247e\033]\347\373\347\206\233{Ed\033q_\231"
 133      1B5DE7FB 
 133      E7869B7B 
 133      45641B71 
 133      5F99
 134 06ec 106B15D9 		.ascii	"\020k\025\331FR\033\210\315\327\262\215bQ\006\304\256"
 134      46521B88 
 134      CDD7B28D 
 134      625106C4 
 134      AE
 135 06fd 8A6C23EE 		.ascii	"\212l#\356\232\011\261\353\"\333Hj\007\261(-\333(\266"
 135      9A09B1EB 
 135      22DB486A 
 135      07B1282D 
 135      DB28B6
 136 0710 C080D80D 		.ascii	"\300\200\330\015\221m\304u\230\020\373Zd\033I7Al\201"
 136      916DC475 
 136      9810FB5A 
 136      641B4937 
 136      416C81
 137 0723 966D145B 		.ascii	"\226m\024[h@\354\033\221m\304\3352!\366\255\3106\222"
 137      6840EC1B 
 137      916DC4DD 
ARM GAS  /tmp/ccnKDnhL.s 			page 11


 137      3221F6AD 
 137      C83692
 138 0736 6E83D842 		.ascii	"n\203\330B-\333(\266\310\200X\247\3106\342\356\230\020"
 138      2DDB28B6 
 138      C88058A7 
 138      C836E2EE 
 138      9810
 139 0748 BB2BB28D 		.ascii	"\273+\262\215\244{ \266H\3136\212E\033\020\373Nd\033"
 139      A47B20B6 
 139      48CB368A 
 139      451B10FB 
 139      4E641B
 140 075b 71DF9B10 		.ascii	"q\337\233\020\273/\262\215\244.\020\213\326\247\013"
 140      BB2FB28D 
 140      A42E108B 
 140      D6A70B
 141 076a 2BA365BB 		.ascii	"+\243e\273Ad{\320\257l?\230\230\355\341\311\263\375"
 141      41647BD0 
 141      AF6C3F98 
 141      98EDE1C9 
 141      B3FD
 142 077c 109D227D 		.ascii	"\020\235\"}d\373\221\310vw\340\331\356\301lw\226\267"
 142      64FB91C8 
 142      7677E0D9 
 142      EEC16C77 
 142      96B7
 143 078e F607F36C 		.ascii	"\366\007\363l{ \333\275<\333\303\001e\273\2175\371\201"
 143      7B20DBBD 
 143      3CDBC301 
 143      65BB8F35 
 143      F981
 144 07a0 EF6C3F65 		.ascii	"\357l?e\331\206Cz|d\3731\313v?<\204~\330\206\031\354"
 144      D986437A 
 144      7C64FB31 
 144      CB763F3C 
 144      847ED886 
 145 07b6 ADFB4957 		.ascii	"\255\373IW{mj\266\237\301\241)w\222\373\246\350\266"
 145      7B6D6AB6 
 145      9FC1A129 
 145      7792FBA6 
 145      E8B6
 146 07c8 E389F84D 		.ascii	"\343\211\370M=\243\245\231"
 146      3DA3A599 
 147 07d0 7A67FB07 		.ascii	"zg\373\007\221\355\307@|\252[\220~\\\220\303\345\025"
 147      91EDC740 
 147      7CAA5B90 
 147      7E5C90C3 
 147      E515
 148 07e2 07885890 		.ascii	"\007\210X\220^\335\202\344Tv\274\357\365-4Qm\004=\203"
 148      5EDD82E4 
 148      5476BCEF 
 148      F52D3451 
 148      6D043D83 
 149 07f6 FD98A155 		.ascii	"\375\230\241U\033U#\375S\303\305\035\020\325F\334O\201"
 149      1B5523FD 
 149      53C3C51D 
 149      10D546DC 
ARM GAS  /tmp/ccnKDnhL.s 			page 12


 149      4F81
 150 0808 7B3D17D1 		.ascii	"{=\027\321F\320\013\360\212\324\242\215^3\015x\015\212"
 150      46D00BF0 
 150      8AD4A28D 
 150      5E330D78 
 150      0D8A
 151 081a 68236E28 		.ascii	"h#n(p\257a\321l\004\215\200\327L\255\331\3505\313\200"
 151      70AF61D1 
 151      6C048D80 
 151      D74CADD9 
 151      E835CB80 
 152 082e D74BD16C 		.ascii	"\327K\321l\304\275\012\334kT$\033A?\203\327,-\331\350"
 152      C4BD0ADC 
 152      6B54241B 
 152      413F83D7 
 152      2C2DD9E8 
 153 0842 35DB80D7 		.ascii	"5\333\200\327k\221l\304\215\005\356\365F\024\033A\012"
 153      6B916CC4 
 153      8D05EEF5 
 153      46141B41 
 153      0A
 154 0853 655EB3B5 		.ascii	"e^\263\265b\243\327\034\003^I\224\027\033q\3114`\257"
 154      62A3D71C 
 154      035E4994 
 154      171B71C9 
 154      3460AF
 155 0866 14CA838D 		.ascii	"\024\312\203\215\240T\360\232\243\005\033\275\346\032"
 155      A054F09A 
 155      A3051BBD 
 155      E61A
 156 0874 F0DA4E79 		.ascii	"\360\332Ny\260\021\227\026\270\327\016\312{\215\240"
 156      B0119716 
 156      B8D70ECA 
 156      7B8DA0
 157 0883 74F09AAB 		.ascii	"t\360\232\253o\026\346E\353u\237\350uU\244?\275\336"
 157      6F16E645 
 157      EB759FE8 
 157      7555A43F 
 157      BDDE
 158 0895 4927F4BA 		.ascii	"I'\364\272\3069i\257w\241\323L\037\275\316\240\274\327"
 158      C63969AF 
 158      77A1D34C 
 158      1FBDCEA0 
 158      BCD7
 159 08a7 9934E05E 		.ascii	"\2314\340^\357\306\377\014\274V\322\223\036\304{]\012"
 159      EFC6FF0C 
 159      BC56D293 
 159      1EC47B5D 
 159      0A
 160 08b8 BDDE43D5 		.ascii	"\275\336C\325^\3278\003\351u\026\215\201\013\366\325"
 160      5ED73803 
 160      E975168D 
 160      810BF6D5 
 161 08c8 EBA1522B 		.ascii	"\353\241R+\036\302\316\375\213\275\316\246V\262\027"
 161      1EC2CEFD 
 161      8BBDCEA6 
 161      56B217
ARM GAS  /tmp/ccnKDnhL.s 			page 13


 162 08d7 0AB417FE 		.ascii	"\012\264\027\376\2369\214\275ur\370h3Q{\235\011\177"
 162      9E398CBD 
 162      7572F868 
 162      33517B9D 
 162      097F
 163 08e9 B39FFD3C 		.ascii	"\263\237\375<e@\277\0349T\275\177E\265Y\025\241\336"
 163      6540BF1C 
 163      3954BD7F 
 163      45B55915 
 163      A1DE
 164 08fb BDDE4779 		.ascii	"\275\336Gy\257\263\201\350\324\355\007\243\263OI\315"
 164      AFB381E8 
 164      D4ED07A3 
 164      B34F49CD 
 165 090b 2B6A1FFF 		.ascii	"+j\037\377\356\031\273\354\361\375\360\244\036\272\023"
 165      EE19BBEC 
 165      F1FDF0A4 
 165      1EBA13
 166 091a E2F5DD33 		.ascii	"\342\365\3353\312\203\215\244\\X\2200-\330\350\032\356"
 166      CA838DA4 
 166      5C589030 
 166      2DD8E81A 
 166      EE
 167 092b 9F1B2E6E 		.ascii	"\237\033.n\036\345\301F\\\276\011\261\002\312\213\215"
 167      1EE5C146 
 167      5CBE09B1 
 167      02CA8B8D 
 168 093b 24178885 		.ascii	"$\027\210\205k\305F1\273\001\261\003\224\027\033qn\023"
 168      6BC54631 
 168      BB01B103 
 168      94171B71 
 168      6E13
 169 094d 6207294F 		.ascii	"b\007)O6\222\012A\314\256%\033\305\"\014\210\025Q\236"
 169      36920A41 
 169      CCAE251B 
 169      C5220C88 
 169      15519E
 170 0960 6CC4794C 		.ascii	"l\304yL\210}By\263\221t\010\304\"\264f\243\330T\003"
 170      887D4279 
 170      B3917408 
 170      C422B466 
 170      A3D85403 
 171 0974 62C59437 		.ascii	"b\305\2247\033q\207M\210\035\241<\332H:\012bS\265h\243"
 171      1B71874D 
 171      881DA13C 
 171      DA483A0A 
 171      6253B568 
 172 0989 D8340362 		.ascii	"\3304\003b%\"\332\210+5!vLT\033I\237\202\3304\255\332"
 172      2522DA88 
 172      2B352176 
 172      4C541B49 
 172      9F82D834 
 173 099f 2836DD80 		.ascii	"(6\335\200\330qQm\304\2350!V&\262\215\244\223 6]\237"
 173      D871516D 
 173      C49D3021 
 173      5626B28D 
 173      A4932036 
ARM GAS  /tmp/ccnKDnhL.s 			page 14


 174 09b5 2EAC8C96 		.ascii	".\254\214\226\355,x\365\224\275\375\243\023\377\257"
 174      ED2C78F5 
 174      94BDFDA3 
 174      13FFAF
 175 09c4 150C563A 		.ascii	"\025\014V:\013Pv\233$K\322\332\204\004\207\372\317\226"
 175      0B50769B 
 175      244BD2DA 
 175      840487FA 
 175      CF96
 176 09d6 8F1DFFFA 		.ascii	"\217\035\377\372p\263c\353\226\377\374\367c\307_\376"
 176      70B363EB 
 176      96FFFCF7 
 176      63C75FFE 
 177 09e6 FADEBA44 		.ascii	"\372\336\272D\307\273\357\376\316\361\373?\377\341O"
 177      C7BBEFFE 
 177      CEF1FB3F 
 177      FFE14F
 178 09f5 FF4B746C 		.ascii	"\377Ktl\375p\363\007\2337\377#a\243d\335\270\345\337"
 178      FD70F307 
 178      9B37FF23 
 178      61A364DD 
 178      B8E5DF
 179 0a08 FFDCF451 		.ascii	"\377\334\364Q\320G[7m\331\372\177\323Y(\204"
 179      D0475B37 
 179      6DD9FA7F 
 179      D3592884 
 180              		.text
 181              		.section	.gnu.lto__pal_lld_setgroupmode.57cd0318646d906,"",%progbits
 182 0000 789CA557 		.ascii	"x\234\245W{P\224\327\025\277\347\273\337\356\367\355"
 182      7B5094D7 
 182      15BFE7BB 
 182      DFEEF7ED 
 183 0010 F232BE62 		.ascii	"\3622\276b\224(*\270\223AY\037d\306\372\007>\310L\332"
 183      94282AB8 
 183      9341591F 
 183      64C6FA07 
 183      3EC84CDA 
 184 0024 193BC9B4 		.ascii	"\031;\311\264\375\253\377\244\264:M[(\014\322L:\223"
 184      FDABFFA4 
 184      B43A4D5B 
 184      280CD24C 
 184      3A93
 185 0036 997E0A2E 		.ascii	"\231~\012.b\222jk\325\311\026;\244\301*\361I$UID\344"
 185      62926A6B 
 185      D5C9163B 
 185      A4C12AF1 
 185      49245549 
 186 004c 61842A46 		.ascii	"a\204*Fkc\026T4\3265\370DB\360\021\201\236s\356\267"
 186      6B631654 
 186      34D635F8 
 186      4442F011 
 186      819E73EE 
 187 0061 ECA3DB66 		.ascii	"\354\243\333f\030w\370\216w\317\376~\347\236\363;\367"
 187      1877F88E 
 187      77CFFE7E 
 187      E79EF33B 
 187      F7
ARM GAS  /tmp/ccnKDnhL.s 			page 15


 188 0072 7EF7EA14 		.ascii	"~\367\352\024BlJ\021\342u\374\267\014\037H\020\240m"
 188      426C4A11 
 188      E275FCB7 
 188      0C1F4810 
 188      A06D
 189 0084 EC1062B5 		.ascii	"\354\020b\265\251\201T\003\251\351\353<\302r\233d\023"
 189      A9815403 
 189      A9E9EB3C 
 189      C2729B64 
 189      13
 190 0095 75CDC1DF 		.ascii	"u\315\301\337\234\374\315\001\206\0029C\003\003L505"
 190      9CFCCD01 
 190      86023943 
 190      03034C35 
 190      3035
 191 00a7 F7850404 		.ascii	"\367\205\004\004\272\352\232\004\"]*\3341\323\015@\003"
 191      BAEA9A04 
 191      225D2ADC 
 191      31D30D40 
 191      03
 192 00b8 CB04F13B 		.ascii	"\313\004\361;M\352\016\247a\272\334\200Ca\177\336\222"
 192      4DEA0EA7 
 192      61BADC80 
 192      43617FDE 
 192      92
 193 00c9 7F92D054 		.ascii	"\177\222\320T\036<\254=\267\303\302O\343\326\001\267"
 193      1E3CAC3D 
 193      B7C3C24F 
 193      E3D601B7 
 194 00d9 CF5A3BA9 		.ascii	"\317Z;\251\022\021[l\024\034\200\347\020u\246l\177\245"
 194      12115B6C 
 194      141C80E7 
 194      1075A66C 
 194      7FA5
 195 00eb 7C53564A 		.ascii	"|SVJ\000\035\277\336;\345\277\232L_5H\303\257\315\035"
 195      001DBFDE 
 195      3BE5BF9A 
 195      4C5F3548 
 195      C3AFCD1D 
 196 00ff C387DC32 		.ascii	"\303\207\3342\033\004\216\007\217\017\004M\317v\313"
 196      1B048E07 
 196      8F0F044D 
 196      CF76CB
 197 010e 5A63353E 		.ascii	"Zc5>\256\226Vz\245\224\360w\220\030\020>\204T\250\203"
 197      AE96567A 
 197      A594F077 
 197      9018103E 
 197      8454A883 
 198 0122 54812E01 		.ascii	"T\201.\001\007\301\203\360\341\277\355\2570\345w\230"
 198      07C183F0 
 198      E1BFEDAF 
 198      30E57798 
 199 0132 7A7E47B9 		.ascii	"z~G\271\337mS\203\273\306n/\265\276[)u8\024K\326\005"
 199      DF6D5383 
 199      BBC66E2F 
 199      B5BE5B29 
 199      7538144B 
ARM GAS  /tmp/ccnKDnhL.s 			page 16


 200 0148 1C66F257 		.ascii	"\034f\362W\007\266oJ\2209L\276t\247\356\317!\362\235"
 200      07B66F4A 
 200      90394CBE 
 200      74A7EECF 
 200      21F29D
 201 015b 5D93AB99 		.ascii	"]\223\253\231\354\200\372X\262C\300G\340!\306[\253k"
 201      EC80FA58 
 201      B243C047 
 201      E021C65B 
 201      AB6B
 202 016d 2E4B99CB 		.ascii	".K\231\313\354+\275\275\207\334\031\357\251\251wOz\267"
 202      EC2BBDBD 
 202      87DC19EF 
 202      A9A9774F 
 202      7AB7
 203 017f D43A61E9 		.ascii	"\324:a\351\225\322\011\037G\363\351\203\360\232\341"
 203      95D2091F 
 203      47F3E983 
 203      F09AE1
 204 018e D37F34E5 		.ascii	"\323\1774\345\213L\375\375\206?T\245\330\324\316\331"
 204      8B4CFDFD 
 204      863F54A5 
 204      D8D4CED9 
 205 019e 7EABB12C 		.ascii	"~\253\261,\215\210\015q\211w7\265\236\322\344r&n\275"
 205      8D880D71 
 205      897737B5 
 205      9ED2E472 
 205      266EBD
 206 01b1 BDF35E82 		.ascii	"\275\363^\202M<\033&6\306%\006?/}\307)\177\300\304\316"
 206      4D3C1B26 
 206      36C62506 
 206      3F2F7DC7 
 206      297FC0C4 
 207 01c6 133BAF27 		.ascii	"\023;\257'\333\304\3660\261).q\343`\300r\312\0373\261"
 207      DBC4F630 
 207      B1292E71 
 207      E360C072 
 207      CA1F33B1 
 208 01da A33B5809 		.ascii	"\243;X\0116\261)Ll\211K|\373\356\203wu\231\307\304\232"
 208      36B1294C 
 208      6C894B7C 
 208      FBEE8377 
 208      7599C7C4 
 209 01ef 8DEBBF71 		.ascii	"\215\353\277q\331\304G\231#\304\343q\211_\324\016mN"
 209      D9C44799 
 209      23C4E371 
 209      895FD40E 
 209      6D4E
 210 0201 72EAF009 		.ascii	"r\352\360\011d@+>\315\370\034\303\347(>G C--8\001N\240"
 210      64402B3E 
 210      CDF81CC3 
 210      E7283E47 
 210      20432D2D 
 211 0219 265CA9DA 		.ascii	"&\\\251\332\341\222?\347Y*\033\266\237\323\354Y\206"
 211      E1923FE7 
 211      592A1BB6 
 211      9FD3EC59 
ARM GAS  /tmp/ccnKDnhL.s 			page 17


 211      86
 212 022a 768FAF1E 		.ascii	"v\217\257\036iB[\374\004onx\023\344/\231z\355\233\257"
 212      69425BFC 
 212      046F6E78 
 212      13E42F99 
 212      7AED9BAF 
 213 023e 3786FAD7 		.ascii	"7\206\372\327\377\236\264\252-\215\210\377\210K\334"
 213      FF9EB4AA 
 213      2D8D88FF 
 213      884BDC
 214 024d DC13ACD5 		.ascii	"\334\023\254\325e\001\0237\234\360]\0175\341\\\230x"
 214      65011337 
 214      9CF05D0F 
 214      35E15C98 
 214      78
 215 025e 2A2E71B0 		.ascii	"*.q\260\247v\227[\0261\361H{\177y(\331\226\277\216\020"
 215      A776975B 
 215      1631F148 
 215      7B7F7928 
 215      D996BF8E 
 216 0273 4FFF5F49 		.ascii	"O\377_I>E\011:\3609\211O;JA*\240\026gP\013!\334\377"
 216      3E45093A 
 216      F039894F 
 216      3B4A412A 
 216      A0166750 
 217 028b 4BB158DA 		.ascii	"K\261X\332\276\263\216Fkh\270\034\027zfW\377\360\330"
 217      BEB38E46 
 217      6B68B81C 
 217      177A6657 
 217      FFF0D8
 218 029e 1700D7B5 		.ascii	"\027\000\327\265\241\221\221dt2\0162N2\006\031\023\215"
 218      A1919164 
 218      74320E32 
 218      4E320619 
 218      138D
 219 02b0 E9A2919B 		.ascii	"\351\242\221\233L\002\231D2Id\222\311\244\220\031C\346"
 219      4C029944 
 219      32496492 
 219      C9A49019 
 219      43E6
 220 02c2 29028FA5 		.ascii	")\002\217\245\32182\343\311L 3\221\314\323\364\353$"
 220      D13832E3 
 220      C94C2033 
 220      91CCD3F4 
 220      EB24
 221 02d4 1A3D4366 		.ascii	"\032=Cf2\231)dh{\031\317\222\231Jf\032\23142\323\311"
 221      32992964 
 221      687B19CF 
 221      92994A66 
 221      1A993432 
 222 02ea CCE05D3B 		.ascii	"\314\340];SP\225\351\202\352\304\372\261\322Y\202j\365"
 222      535095E9 
 222      82EAC4FA 
 222      B1D25982 
 222      6AF5
 223 02fc 08AA3413 		.ascii	"\010\2524\023hs\316f\314\034\306d1\306\313\230\271\202"
 223      6873CE66 
ARM GAS  /tmp/ccnKDnhL.s 			page 18


 223      CC1CC664 
 223      31C6CB98 
 223      B982
 224 030e 14990714 		.ascii	"\024\231\007\024g\201 U\262\005\351\361<\320\313d\241"
 224      67812055 
 224      B205E9F1 
 224      3CD0CB64 
 224      A1
 225 031f 208D1609 		.ascii	" \215\026\011R)\207\347Z\314\021\226p\204\245\034a\031"
 225      522987E7 
 225      5ACC1196 
 225      7084A51C 
 225      6119
 226 0331 47CEE5B9 		.ascii	"G\316\345\271\204X\207\013\361B\202\325(*\244\206\203"
 226      8458870B 
 226      F14282D5 
 226      282AA486 
 226      83
 227 0342 D2467103 		.ascii	"\322Fq\003J\037\373\006\317\027Q_\374r\266_f\322\033"
 227      4A1FFB06 
 227      CF17515F 
 227      FC72B65F 
 227      66D21B
 228 0355 B26FFF8E 		.ascii	"\262o\377\216Dz\331\031 \341,65\010k\322x\375b,D\021"
 228      447AD919 
 228      20E12C36 
 228      35086BD2 
 228      78FD622C 
 229 036b ABCFF776 		.ascii	"\253\317\367v`\277T4P\264\326\341\373\215)D3A\203\177"
 229      60BF5434 
 229      50B4D6E1 
 229      FB8D2944 
 229      3341837F 
 230 037f 228D83B7 		.ascii	"\"\215\203\267\331\2409\210CP]\313'>S\305\0068\027\031"
 230      D9A03988 
 230      43505DCB 
 230      273E53C5 
 230      06381719 
 231 0393 BB9562CF 		.ascii	"\273\225b\317Q\261\267\005\352l\232\206\261avL\254,"
 231      51B1B705 
 231      EA6C9A86 
 231      B161764C 
 231      AC2C
 232 03a5 F44727D6 		.ascii	"\364G'\326L\344,E\336\023\330m\343\244J\254\255\272"
 232      4CE42C45 
 232      DE13D86D 
 232      E3A44AAC 
 232      ADBA
 233 03b7 FE71A24A 		.ascii	"\376q\242J\314\001\377\212M\314\213\270\350`\307(\230"
 233      CC01FF8A 
 233      4DCC8BB8 
 233      E860C728 
 233      98
 234 03c8 57053B12 		.ascii	"W\005;\022\270l\343t\025\254\177\375\332\373R\0053\340"
 234      B86CE374 
 234      15AC7FFD 
 234      DAFB5205 
ARM GAS  /tmp/ccnKDnhL.s 			page 19


 234      33E0
 235 03da B3D86073 		.ascii	"\263\330`s\021\207\240\275}\375{\235\252\312\0248\037"
 235      1187A0BD 
 235      7DFD7B9D 
 235      AACA1438 
 235      1F
 236 03eb 19FB28C5 		.ascii	"\031\373(\305\236K\337\253j'\262\007;\203\214-k\233"
 236      9E4BDFAB 
 236      6A27B207 
 236      3B838C2D 
 236      6B9B
 237 03fd 4E1BC4C0 		.ascii	"N\033\304\300\215\001\237\363F\252\300C\003\3173\354"
 237      8D019FF3 
 237      46AAC043 
 237      03CF33EC 
 238 040d 521034EE 		.ascii	"R\0204\356\240_z\324\2303\234\245\306\\z\206\032\263"
 238      A05F7AD4 
 238      98339CA5 
 238      C65C7A86 
 238      1AB3
 239 041f 86E96ACC 		.ascii	"\206\351j\314\275\232\251\306\2706\374r\206J\365v\340"
 239      BD9AA9C6 
 239      B836FC72 
 239      864AF576 
 239      E0
 240 0430 0D95AB03 		.ascii	"\015\225\253\003]\334\202kP\326\325\334\002\266\027"
 240      5DDC826B 
 240      50D6D5DC 
 240      02B617
 241 043f 93D977EB 		.ascii	"\223\331w\353\360\303$\225\276\200\200\332\325\0030"
 241      F0C32495 
 241      BE8080DA 
 241      D50330
 242 044e C32FE769 		.ascii	"\303/\347i\302/s\\\235\037\235\201\001\230\211KA{\264"
 242      C22F735C 
 242      9D1F9D81 
 242      0198894B 
 242      417BB4
 243 0461 EF0AB67F 		.ascii	"\357\012\266\177\231\313\1774\200\256t\354\240\346\377"
 243      99CB7F34 
 243      80AE74EC 
 243      A0E6FF
 244 0470 805C8B5D 		.ascii	"\200\\\213]\3577\240\207\332\242\275\377\001:\226\270"
 244      EF37A087 
 244      DAA2BDFF 
 244      013A96B8 
 245 0480 3A1B7AD0 		.ascii	":\033z\3203\013\265\325:\031\263\324\365\250\201h\036"
 245      330BB5D5 
 245      3A19B3D4 
 245      F5A88168 
 245      1E
 246 0491 AA58F31F 		.ascii	"\252X\363\037 _\256\253\376\3501\300\342u\261\316\023"
 246      205FAEAB 
 246      FEE831C0 
 246      E275B1CE 
 246      13
 247 04a2 5AA1DBBA 		.ascii	"Z\241\333\272\2524zi\370%\376y\"\273``\027:U\027\374"
ARM GAS  /tmp/ccnKDnhL.s 			page 20


 247      AA347A69 
 247      F825FE79 
 247      22BB6060 
 247      173A5517 
 248 04b7 BE804B81 		.ascii	"\276\200K\201\014\304E\236\341\006\350\320\245@\275"
 248      0CC4459E 
 248      E106E8D0 
 248      A540BD
 249 04c6 BE0A8702 		.ascii	"\276\012\207\002-\340n\031\2525\364B\372\224\222]\240"
 249      2DE06E19 
 249      AA35F442 
 249      FA94925D 
 249      A0
 250 04d7 407BBADE 		.ascii	"@{\272\336P(3\262\233&v\363\002\244\022\353\006\254"
 250      502833B2 
 250      9B2676F3 
 250      02A412EB 
 250      06AC
 251 04e9 E92BAF91 		.ascii	"\351+\257\221\012\224\215\270p\234v\212\223M\252\236"
 251      0A948DB8 
 251      709C768A 
 251      934DAA9E 
 252 04f9 6EEE9CA3 		.ascii	"n\356\234\243\020\224s[\373\326\235\211\252\305\006"
 252      1094735B 
 252      FBD69D89 
 252      AAC506
 253 0508 5CB4DF95 		.ascii	"\\\264\337\225\025x>\267\214\343:\233\352{.\\KVxW\344"
 253      15783EB7 
 253      8CE33A9B 
 253      EA7B2E5C 
 253      4B567857 
 254 051d 9290FCFE 		.ascii	"\222\220\374\376\375\270\351\324qg\025\374e5^\\\360"
 254      FDB8E9D4 
 254      716715FC 
 254      65355E5C 
 254      F0
 255 052e 3072F9E5 		.ascii	"0r\371\345\363p\211\242\340o\237\035\254?\230\344\335"
 255      F37089A2 
 255      E06F9F1D 
 255      AC3F98E4 
 255      DD
 256 053f 6395ADA6 		.ascii	"c\225\255\246\237\334\320\015U\260\231/4p\031h%\257"
 256      9FDCD00D 
 256      55B0992F 
 256      34701968 
 256      25AF
 257 0551 19F2B5D9 		.ascii	"\031\362\265\331\342\270)9V\265\306\366$\370)\232\233"
 257      E2B82939 
 257      56B5C6F6 
 257      24F8299A 
 257      9B
 258 0562 9C0F7CEF 		.ascii	"\234\017|\357$(g\"\373I\216\246s\353\333X\263\230$\252"
 258      24286722 
 258      FB498EA6 
 258      73EBDB58 
 258      B39824AA 
 259 0576 5E13DF92 		.ascii	"^\023\337\222\306\225p\032_\000\356\263D.\330\031Q\360"
ARM GAS  /tmp/ccnKDnhL.s 			page 21


 259      C695701A 
 259      5F00EEB3 
 259      442ED819 
 259      51F0
 260 0588 A550C149 		.ascii	"\245P\301I\243\254\360*\207\006\012\375\357\330\012"
 260      A3ACF02A 
 260      87060AFD 
 260      EFD80A
 261 0597 93FFABC2 		.ascii	"\223\377\253\302\024\234\000\375\321\025\216a\377\223"
 261      149C00FD 
 261      D1158E61 
 261      FF93
 262 05a5 55782D9C 		.ascii	"Ux-\234F\220*\034\303\025\032#K\267\3277\330\365\272"
 262      46902A1C 
 262      C3151A23 
 262      4BB7D737 
 262      D8F5BA
 263 05b8 9AEE29C8 		.ascii	"\232\356)\310L\245\015\034\265r\026\242?\274r:h\345"
 263      4CA50D1C 
 263      B57216A2 
 263      3FBC723A 
 263      68E5
 264 05ca 2C54CA7C 		.ascii	",T\312|\2716EA\306\216R\231\353\234\222F)}\031R\346"
 264      B9364541 
 264      C68E5299 
 264      EB9C9246 
 264      297D1952 
 265 05df A1ADC338 		.ascii	"\241\255\3038\025\036\225\011m\225\3618\001\372\225"
 265      151E9509 
 265      6D95F138 
 265      01FA95
 266 05ee 326DB632 		.ascii	"2m\2662\023\330\237\256\224\011\304U\346\327\337\246"
 266      13D89FAE 
 266      9409C455 
 266      E6D7DFA6 
 267 05fe 4C4F388D 		.ascii	"LO8\215\033\244\314\004\265E\267]<\004j\222\211jW\214"
 267      1BA4CC04 
 267      B545B75D 
 267      3C046A92 
 267      896A578C 
 268 0612 9C1A069E 		.ascii	"\234\032\006\236\0327C\233\264\307\326\347i|\367#4Z"
 268      1A37439B 
 268      B4C7D6E7 
 268      697CF723 
 268      345A
 269 0624 B445E80F 		.ascii	"\264E\350\017\213v\222D[\244D\273\021\022m\322(E\273"
 269      8B769244 
 269      5BA444BB 
 269      11126DD2 
 269      2845BB
 270 0637 C5D9F23D 		.ascii	"\305\331\362=\355vH\264\012[\215gTx\024\255\307\026"
 270      ED7648B4 
 270      0A5B8D67 
 270      547814AD 
 270      C716
 271 0649 6D324E80 		.ascii	"m2N\200~%Z\300\206Ma\177\306\023\211v'\234\306]\022"
 271      7E255AC0 
ARM GAS  /tmp/ccnKDnhL.s 			page 22


 271      864D617F 
 271      C6138976 
 271      279CC65D 
 272 065e 6D8A2AEB 		.ascii	"m\212*\353f\250\254\324Q\226\325\313\361t\212w\217\313"
 272      66A8ACD4 
 272      5196D5CB 
 272      F1748A77 
 272      8FCB
 273 0670 A2A3CA2E 		.ascii	"\242\243\312.\342Y\256,U\025q\330.b*\373g=Q\021}\341"
 273      E259AE2C 
 273      551571D8 
 273      2E622AFB 
 273      673D5111 
 274 0686 49BFA222 		.ascii	"I\277\242\"\246\252\"n\205\212\2306\312\"\3729\236\203"
 274      A6AA226E 
 274      858A9836 
 274      CA22FA39 
 274      9E83
 275 0698 E27D1D5B 		.ascii	"\342}\035[D\032\0271-\272\210\351\354\237\371DE\014"
 275      441A1731 
 275      2DBA88E9 
 275      EC9FF944 
 275      450C
 276 06aa 8427BD4F 		.ascii	"\204'\275OEL\347\215m\332\0072_\015n_|U\035\2319t\220"
 276      454CE78D 
 276      6DDA0732 
 276      5F0D6E5F 
 276      7C551D99 
 277 06c1 66461CF2 		.ascii	"fF\034\362|\334\346\320\011\320\331<\264w\256\215\212"
 277      7CDCE6D0 
 277      09D0D93C 
 277      B477AE8D 
 277      8A
 278 06d2 7CA5EB78 		.ascii	"|\245\353x\260>\0309\002\\\002\377'\033zal\353\266o"
 278      B03E1839 
 278      025C02FF 
 278      271B7A61 
 278      6CEBB66F 
 279 06e6 638B710B 		.ascii	"c\213q\013F\205\345\323}\261}@u\227(\324\022\\s|\333"
 279      4685E5D3 
 279      7DB17D40 
 279      759728D4 
 279      125C737C 
 280 06fb 8ABE0B2D 		.ascii	"\212\276\013-Q\260#\335\371\012\266\024\273\032\015"
 280      51B023DD 
 280      F90AB614 
 280      BB1A0D
 281 070a E33BC452 		.ascii	"\343;\304R\005k}E\241\226\241l\321(\276E,#\324\026\337"
 281      056B7D45 
 281      A196A16C 
 281      D128BE45 
 281      2C23D416 
 282 071f C5EE9F28 		.ascii	"\305\356\237(X\256\332\272\037\226\237\254u\253\003"
 282      58AEDABA 
 282      1F969FAC 
 282      75AB03
 283 072e 0DE06124 		.ascii	"\015\340a$\213\357*\271\\\233[]4\357\340\205\347\352"
ARM GAS  /tmp/ccnKDnhL.s 			page 23


 283      8BEF2AB9 
 283      5C9B5B5D 
 283      34EFE085 
 283      E7EA
 284 0740 5643DDFF 		.ascii	"VC\335\377\005]E\001\177\300\327\303\274\254,\257\372"
 284      055D4501 
 284      7FC0D7C3 
 284      BCAC2CAF 
 284      FA
 285 0751 2B5CE57D 		.ascii	"+\\\345}5/\337[TX\\\262\312\373\303\037}\177\301|\357"
 285      352FDF5B 
 285      54585CB2 
 285      CAFBC31F 
 285      7D7FC17C 
 286 0766 F2E52F78 		.ascii	"\362\345/x_|\371{/\2756\337[\224\227\377J~\376\212\254"
 286      5F7CF97B 
 286      2FBD36DF 
 286      5B9497FF 
 286      4A7EFE8A 
 287 077b 9F099D10 		.ascii	"\237\011\235\020zA\336\252_\351\005\205+V\312\237\376"
 287      7A41DEAA 
 287      5FE90585 
 287      2B56CA9F 
 287      FE
 288 078c A244CFCB 		.ascii	"\242D\317\313/)v\024\375\246hE\261Q\270\252h\345\312"
 288      2F297614 
 288      FDA66845 
 288      B151B8AA 
 288      68E5CA
 289 079f 15C5CEC2 		.ascii	"\025\305\316\302\222\337\026\255,v\020\244X+\310\326"
 289      92DF16AD 
 289      2C7610A4 
 289      582BC8D6 
 290 07af 0AE66B05 		.ascii	"\012\346k\005\363L\002\022\365?\377o\012\346"
 290      F34C0212 
 290      F53FFF6F 
 290      0AE6
 291              		.text
 292              		.section	.gnu.lto_.symbol_nodes.57cd0318646d906,"",%progbits
 293 0000 789C6363 		.ascii	"x\234cc``P\003b\006\246\263\214\365\014\014\023\316"
 293      60605003 
 293      6206A6B3 
 293      8CF50C0C 
 293      13CE
 294 0012 313000A9 		.ascii	"10\000\251]\015\216@\221s\214\365\214(\"\014\000\303"
 294      5D0D8E40 
 294      91738CF5 
 294      8C28220C 
 294      00C3
 295 0024 1D097D   		.ascii	"\035\011}"
 296              		.text
 297              		.section	.gnu.lto_.refs.57cd0318646d906,"",%progbits
 298 0000 789C6363 		.ascii	"x\234cc```\004b\006\000\000D\000\010"
 298      60606004 
 298      62060000 
 298      440008
 299              		.text
ARM GAS  /tmp/ccnKDnhL.s 			page 24


 300              		.section	.gnu.lto_.decls.57cd0318646d906,"",%progbits
 301 0000 789CBD58 		.ascii	"x\234\275XkPTG\026\276}{f\234\031^\026\272Y~\270[\256"
 301      6B505447 
 301      16BE7D7B 
 301      669C195E 
 301      16BA597E 
 302 0017 C52AB51B 		.ascii	"\305*\265\033\030!\251$[\225M\242@\242\033\023\251\301"
 302      1821A924 
 302      5B954DA2 
 302      40A21B13 
 302      A9C1
 303 0029 D456F6C7 		.ascii	"\324V\366\307N&0*\033`X\030\266\222\332\037{y(\202\361"
 303      4E26302A 
 303      1B605818 
 303      B692DA1F 
 303      7B792882 
 304 003e 8D0F881A 		.ascii	"\215\017\210\032\024\037\200\010\232\240\310C\031\021"
 304      141F8008 
 304      9AA0C843 
 304      1911
 305 004c 50440451 		.ascii	"PD\004QA\020\001\221\207\202\017D%>H\330\323\335w\230"
 305      41100191 
 305      87820F44 
 305      253E48D8 
 305      D3DD7798 
 306 0060 3B97994D 		.ascii	";\227\231MR\273\265Ss\246\373t\177}\316\327\335\347"
 306      52BBB553 
 306      73A6FB74 
 306      7F7DCED7 
 306      DDE7
 307 0072 F6E93B2A 		.ascii	"\366\351;*\216\343\336\366\341\270D\314q\237 \216\233"
 307      8EE3DEF6 
 307      E1B844CC 
 307      719F208E 
 307      9B
 308 0083 800F54B9 		.ascii	"\200\017T\271\323 \012\220\007 \277\203\366\227At \344"
 308      D3200A90 
 308      0720BF83 
 308      F6974174 
 308      20E4
 309 0095 C383BC06 		.ascii	"\303\203\274\006\3657E]\372\211\201N/(?\001\361\006"
 309      F537455D 
 309      FA89814E 
 309      2F283F01 
 309      F106
 310 00a7 9929DA98 		.ascii	"\231)\332\230\3071\373\177\005y\004\365O\241\274\017"
 310      C731FB7F 
 310      057904F5 
 310      4FA1BC0F 
 311 00b7 650494F3 		.ascii	"e\004\224\363@\214 \221 sA^\202\366\217\240\014\007"
 311      408C2091 
 311      2073415E 
 311      82F68FA0 
 311      0C07
 312 00c9 B903F556 		.ascii	"\271\003\365V\220_B\375\022\224s\240\274\014\345\257"
 312      905F42FD 
 312      129473A0 
ARM GAS  /tmp/ccnKDnhL.s 			page 25


 312      BC0CE5AF 
 313 00d9 A06C82D2 		.ascii	"\240l\202\322\007\312\253P\376\032\312\213P\376\006"
 313      07CAAB50 
 313      FE1ACA8B 
 313      50FE06
 314 00e8 CA162867 		.ascii	"\312\026(gCy\013\312!\220~\220A\220>\011\367('\334\277"
 314      43790BCA 
 314      21907E90 
 314      41903E09 
 314      F72827DC 
 315 00fd 804E3719 		.ascii	"\200N7\031w\351\334k\305y\374\205c<\311<T\242o\342\227"
 315      77E9DC6B 
 315      C579FC85 
 315      633CC93C 
 315      54A26FE2 
 316 0112 7024FC08 		.ascii	"p$\374\0107\342\237\270p\266F\231\030]J=\262\023\257"
 316      37E29FB8 
 316      70B64699 
 316      185D4A3D 
 316      B213AF
 317 0125 C5C85B8B 		.ascii	"\305\310[\213\024\240>l\314\276\345\011\352L-\232\015"
 317      14A03E6C 
 317      CCBEE509 
 317      EA4C2D9A 
 317      0D
 318 0136 6A61E3D9 		.ascii	"ja\343\331N\261w\015\002\375\304\311{AL\235\005Z\371"
 318      4EB1770D 
 318      02FDC4C9 
 318      7B414C9D 
 318      055AF9
 319 0149 8D875637 		.ascii	"\215\207V7\006\356!\275\023w\332s5\254{\204\330\316"
 319      06EE21BD 
 319      1377DA73 
 319      35AC7B84 
 319      D8CE
 320 015b 38B625D7 		.ascii	"8\266%\327\013\363\210\324\357\247\366\367\270\261>"
 320      0BF388D4 
 320      EFA7F6F7 
 320      B8B13E
 321 016a 1F505B46 		.ascii	"\037P[F.\354\022\325\351\240v\246\257\336\255\302\032"
 321      2EEC12D5 
 321      E9A076A6 
 321      AFDEADC2 
 321      1A
 322 017b 8ABC712E 		.ascii	"\212\274q.\377\020\3619O\213H\014xAS\361\335\262g\036"
 322      FF10F139 
 322      4F8B480C 
 322      784153F1 
 322      DDB2671E 
 323 018f AC8920AE 		.ascii	"\254\211 \2566\354\352\320bOZo\256\032\261\272\005\024"
 323      36ECEAD0 
 323      624F5A6F 
 323      AE1AB1BA 
 323      0514
 324 01a1 0AECA3FE 		.ascii	"\012\354\243\376\027\207\252\020\266M\256e\303\350\276"
 324      1787AA10 
 324      B64DAE65 
ARM GAS  /tmp/ccnKDnhL.s 			page 26


 324      C3E8BE
 325 01b0 69781101 		.ascii	"ix\021\001\362\335\355/:=\221\326o\215 $\0139)\202f"
 325      F2DDED2F 
 325      3A3D91D6 
 325      6F8D2024 
 325      0B392982 
 326 01c5 11874AD0 		.ascii	"\021\207J\320,\364-\232\305\2413\310\217\030\267\242"
 326      2CF42D9A 
 326      C5A133C8 
 326      8F18B7A2 
 327 01d5 000E9D82 		.ascii	"\000\016\235\202\306\223\320x\200\030\264vg\277\225"
 327      C693D078 
 327      8018B476 
 327      67BF95
 328 01e4 352A08B3 		.ascii	"5*\010\263Q5\322\242\323\010S\014\254\350<-s\221\277"
 328      5135D2A2 
 328      D308530C 
 328      ACE83C2D 
 328      7391BF
 329 01f7 6FD35E15 		.ascii	"o\323^\025\276\216\250\217\212\257\372kyW>\352\\\372"
 329      BE8EA88F 
 329      8AAFFA6B 
 329      79573EEA 
 329      5CFA
 330 0209 18AC9C53 		.ascii	"\030\254\234S\267J\020xT\013>j\354>\300%s\322[\336\231"
 330      B74A1078 
 330      540B3E6A 
 330      EC3EC025 
 330      73D25BDE 
 331 021e C4E31EB6 		.ascii	"\304\343\036\266\222\331\025\217\317+\331\322\251A}"
 331      92D9158F 
 331      CF2BD9D2 
 331      A9417D
 332 022d B0A5B691 		.ascii	"\260\245\266\221\307}\254o\340ZJ\226\012\0171e\343\367"
 332      C77DAC6F 
 332      E05A4A96 
 332      0A0F3165 
 332      E3F7
 333 023f ED820A8F 		.ascii	"\355\202\012\2172e\335\203\247{\024\370\031S\332S\276"
 333      3265DD83 
 333      A77B14F8 
 333      1953DA53 
 333      BE
 334 0250 6BF5C013 		.ascii	"k\365\300\023T\321$_\033;\243D\276\2763|}}\375|}\367"
 334      54D1245F 
 334      1B3BA344 
 334      BEBE337C 
 334      7D7DFD7C 
 335 0266 12EED6C1 		.ascii	"\022\356\326\301\333o\226\215\336\026\204\315\356\224"
 335      DB6F968D 
 335      DE1684CD 
 335      EE94
 336 0274 5423906A 		.ascii	"T#\220jF3\354\223)\207\037\016\005\302\017\307\006t"
 336      4633EC93 
 336      29871F0E 
 336      05C20FC7 
 336      0674
ARM GAS  /tmp/ccnKDnhL.s 			page 27


 337 0286 FC215BB0 		.ascii	"\374![\260\246b\212>+GW\330\321\233\310\2147\202 \005"
 337      A6628A3E 
 337      2B4757D8 
 337      D19BC88C 
 337      37822005 
 338 029a 874A0170 		.ascii	"\207J\001p\234\366\0218\314\032]\201EjA\276\250\025"
 338      9CF61138 
 338      CC1A5D81 
 338      456A41BE 
 338      A815
 339 02ac E412C865 		.ascii	"\344\022\310e\220&\220\253 \027\221/\335X\346\360\371"
 339      902690AB 
 339      2017912F 
 339      DD58E6F0 
 339      F9
 340 02bd 1B7687E7 		.ascii	"\033v\207\347\345\016\317M\241'A_\220\243u2\360y\311"
 340      E50ECF4D 
 340      A127415F 
 340      90A37532 
 340      F079C9
 341 02d0 5CEA9D9B 		.ascii	"\\\352\235\233.!\277\342\366]<\341\235\004\363!0N\334"
 341      2E21BFE2 
 341      F65D3CE1 
 341      9D04F321 
 341      304EDC
 342 02e3 3A3BCDFB 		.ascii	":;\315\373e\336\271)\302\271\371\324X\245\363\205a\306"
 342      65DEB929 
 342      C2B9F9D4 
 342      58A5F385 
 342      61C6
 343 02f5 187E4842 		.ascii	"\030~HB\264\301)Q\206\206]\254\372!\265Y\205\217c\032"
 343      B4C12951 
 343      86865DAC 
 343      FA21B559 
 343      858F631A 
 344 0309 7A05959D 		.ascii	"z\005\225\235\303J4\303\317\351\372\242vX\326\237\263"
 344      C34A34C3 
 344      CFE9FAA2 
 344      7658D69F 
 344      B3
 345 031a C46C6275 		.ascii	"\304lbu\345*x\244\3205\030\330f\217J2M\352\377\362\300"
 345      E52A78A4 
 345      D03518D8 
 345      668F4A32 
 345      4DEAFFF2 
 346 032f 9E547716 		.ascii	"\236Tw\026\210\315D_\277\341\333\243Z\\O\371\240\274"
 346      88CD445F 
 346      BFE1DBA3 
 346      5A5C4FF9 
 346      A0BC
 347 0341 819DEBC5 		.ascii	"\201\235\353\305\3167@=\326x\242K\211\233Y_\347hk\232"
 347      CE37403D 
 347      D678A24B 
 347      899B595F 
 347      E7686B9A 
 348 0355 1B6E634A 		.ascii	"\033ncJ\361x\346A\025\356b\312\243\274ov\253\331\250"
 348      F178E641 
ARM GAS  /tmp/ccnKDnhL.s 			page 28


 348      15EE62CA 
 348      A3BC6F76 
 348      ABD9A8
 349 0368 3C72A2EC 		.ascii	"<r\242\354J\263\226\210'\214U\013\372\332U\033\322\247"
 349      4AB39688 
 349      278C550B 
 349      FADA551B 
 349      D2A7
 350 037a E17E0A56 		.ascii	"\341~\012V\027\267\245\326\250!p!rY\334\022\312\225"
 350      17B7A5D6 
 350      A8217021 
 350      7259DC12 
 350      CA95
 351 038c DE5B04B2 		.ascii	"\336[\004\262\334\204t\027\220\036\200rr\031\312\035"
 351      DC847417 
 351      901E8072 
 351      7219CA1D 
 352 039c 971BF0D5 		.ascii	"\227\033\360\325o'\321\345&\360^9\374\330T\370\037\355"
 352      6F27D1E5 
 352      26F05E39 
 352      FCD854F8 
 352      1FED
 353 03ae F0EB7278 		.ascii	"\360\353rx\207\004\356\260\0157\001\321C;\007\304=\270"
 353      8704EEB0 
 353      0D3701D1 
 353      433B07C4 
 353      3DB8
 354 03c0 0D7B7007 		.ascii	"\015{p\007\326\373\026\310\020H?\310 H\237=\304\301"
 354      D6FB16C8 
 354      10483FC8 
 354      20489F3D 
 354      C4C1
 355 03d2 5BAFC45B 		.ascii	"[\257\304[\231\334\333\011{\210\213aX\301\302p`J\030"
 355      99DCDB09 
 355      7B888B61 
 355      58C1C270 
 355      604A18
 356 03e5 42E74085 		.ascii	"B\347@\205d]\272\345\266\034\036\000\342\370M\273\343"
 356      645DBAE5 
 356      B61C1E00 
 356      E2F84DBB 
 356      E3
 357 03f6 1B7270A7 		.ascii	"\033rp\247\3351\354\310\351gwWy\341\273,\010\2577\324"
 357      DD31ECC8 
 357      E9677757 
 357      79E1BB2C 
 357      08AF37D4 
 358 040a D4BAC983 		.ascii	"\324\272\311\203\3206{t\017&\375S\027\200Mi\254\212"
 358      D0367B74 
 358      0F26FD53 
 358      17804D69 
 358      AC8A
 359 041c 06E05D18 		.ascii	"\006\340]\0304l\017\300\001[\000~\225r\267\303c\206"
 359      346C0FC0 
 359      015B007E 
 359      9572B7C3 
 359      6386
ARM GAS  /tmp/ccnKDnhL.s 			page 29


 360 042e E86C8D4B 		.ascii	"\350l\215Kg\334\177\364D\354do\237\355\2361yf\243\373"
 360      67DC7FF4 
 360      44EC646F 
 360      9FED9E31 
 360      7966A3FB 
 361 0442 92678E43 		.ascii	"\222g\216C\017\220;\301\221\222`\037\335\270#\3468?"
 361      0F903BC1 
 361      9192601F 
 361      DDB823E6 
 361      383F
 362 0454 49BEF466 		.ascii	"I\276\364f\371\362\351\236\276\315<\036c\301\274\243"
 362      F9F2E99E 
 362      BECD3C1E 
 362      63C1BCA3 
 363 0464 E568A816 		.ascii	"\345h\250\026RA\312OJ\0050\340\310Df\217\007~\301F\037"
 363      5241CA4F 
 363      4A0530E0 
 363      C844668F 
 363      077EC146 
 364 0479 7EDA7D5C 		.ascii	"~\332}\\\211\005\005;\2753\253\253\025x\025Sr\2636\245"
 364      8905053B 
 364      BD33ABAB 
 364      15781553 
 364      72B336A5 
 365 048d 29710653 		.ascii	")q\006S\3627o<\242\305_2\305\226Ug\262\254Z;\361\235"
 365      F2376F3C 
 365      A2C55F32 
 365      C5965567 
 365      B2AC5A3B 
 366 04a3 D58B91E3 		.ascii	"\325\213\221\343\011\237\202\266\347\032\274\236A\367"
 366      099F82B6 
 366      E71ABC9E 
 366      41F7
 367 04b1 3F7F3142 		.ascii	"?\1771B\262\354\\\222e\261$\307\316e9\266\252\241\376"
 367      B2EC5C92 
 367      65B124C7 
 367      CE6539B6 
 367      AAA1FE
 368 04c4 803BCEA4 		.ascii	"\200;\316\244`\276({|\334\313\226\3276\246\010J?\016"
 368      60BE287B 
 368      7CDCCB96 
 368      D736A608 
 368      4A3F0E
 369 04d7 3D03DECF 		.ascii	"=\003\336\317\311d\004\336\217\014\242\223\371\036\032"
 369      C96404DE 
 369      8F0CA293 
 369      F91E1A
 370 04e6 C725B973 		.ascii	"\307%\271s\356\3664\222\327&\3400\373\301\276\201s\305"
 370      EEF63492 
 370      D726E030 
 370      FBC1BE81 
 370      73C5
 371 04f8 B4766AD3 		.ascii	"\264vj\323\365\001-\376\232\371Hn\336\372\310\245\217"
 371      F5012DFE 
 371      9AF9486E 
 371      DEFAC8A5 
 371      8F
ARM GAS  /tmp/ccnKDnhL.s 			page 30


 372 0509 14973E06 		.ascii	"\024\227>\006+\203jh\356L\346\265\010\222\244\315\307"
 372      2B836A68 
 372      EE4CE6B5 
 372      0892A4CD 
 372      C7
 373 051a 842D7726 		.ascii	"\204-w&?\335[\251\306y\324\211b,\357X\253'\202L'\011"
 373      3FDD5BA9 
 373      C679D489 
 373      622CEF58 
 373      AB27824C 
 374 0530 519E936C 		.ascii	"Q\236\223l\366*\236\305\347\032p\270\232\367Ei\2744"
 374      F62A9EC5 
 374      E71A70B8 
 374      9AF74569 
 374      BC34
 375 0542 E70CDE9E 		.ascii	"\347\014\336\236_4\332'\010\031\356\324]*\270#\003&"
 375      5F34DA27 
 375      0819EED4 
 375      5D2AB823 
 375      0326
 376 0554 69CA13C9 		.ascii	"i\312\023\311P@\226`M\306\024\374\0029\003?\223\344"
 376      50409660 
 376      4DC614FC 
 376      0239033F 
 376      93E4
 377 0566 91AE222D 		.ascii	"\221\256\"-\211v\000I\237_`}\266z\270D\013\007\335L"
 377      89760049 
 377      9F5F607D 
 377      B67AB844 
 377      0B07DD4C 
 378 057a 3F66B6B5 		.ascii	"?f\266\265H\222S\276\003\273k\371\231.\262\031y\210"
 378      489253BE 
 378      03BB6BF9 
 378      992EB219 
 378      7988
 379 058c 8A3C9328 		.ascii	"\212<\223(\013\342\375\251k\364f\202\206H\245\317\221"
 379      0BE2FDA9 
 379      6BF46682 
 379      8648A5CF 
 379      91
 380 059d 7D45089A 		.ascii	"}E\010\232\254\310\227\260\"\351\260\"\031\274\364\011"
 380      ACC897B0 
 380      22E9B022 
 380      19BCF409 
 381 05ad BD58E443 		.ascii	"\275X\344C\017\035@9\222F\215\345\233K43\301h\222k\243"
 381      0F1D4039 
 381      92468DE5 
 381      9B4B3433 
 381      C168926B 
 382 05c2 9C834518 		.ascii	"\234\203E\030\224z\346\3521w\\\310B\264\277\2418Y\215"
 382      947AE6EA 
 382      31775CC8 
 382      42B4BFA1 
 382      38598D
 383 05d5 8F306577 		.ascii	"\2170ewcQ\203\022\2270\245\342PQ\013\217\313\231RX6"
 383      63518312 
 383      9730A5E2 
ARM GAS  /tmp/ccnKDnhL.s 			page 31


 383      50510B8F 
 383      CB995258 
 384 05ea B216E16A 		.ascii	"\262\026\341j\246<L+\266\340zVO\335\265\261\211g\341"
 384      A63C4C2B 
 384      B6E07A56 
 384      4FDDB5B1 
 384      8967E1
 385 05fd FF32A8DB 		.ascii	"\3772\250\333\322w\366(\304\333*y\034\276i\315\253P"
 385      D277F628 
 385      C4DB2A79 
 385      1CBE69CD 
 385      AB50
 386 060f E3268AF5 		.ascii	"\343&\212\365x\326\3307\354%^\202\3505\210$\224\324"
 386      78D6D837 
 386      EC255E82 
 386      E8358824 
 386      94D4
 387 0621 1438380F 		.ascii	"\02488\017\213k\375\010\326\032\236m\224\305;O\310\014"
 387      8B6BFD08 
 387      D61A9E6D 
 387      94C53B4F 
 387      C80C
 388 0633 5E1DC0D2 		.ascii	"^\035\300\3227A\257\227\243+\\%\210\255\374,\224\311"
 388      3741AF97 
 388      A32B5C25 
 388      88ADFC2C 
 388      94C9
 389 0645 93CE2C31 		.ascii	"\223\316,1\376\276\206\325\316\201\265\331\016\262\027"
 389      FEBE86D5 
 389      CE81B5D9 
 389      0EB217
 390 0654 6417C857 		.ascii	"d\027\310W ;@rAv\202\354\006\331\003\222=\031\243\204"
 390      203B4072 
 390      417682EC 
 390      06D90392 
 390      3D19A384 
 391 0668 4187CECE 		.ascii	"A\207\316\316`\233\234\301\210\364^D\320\317\375\355"
 391      609B9CC1 
 391      88F45E44 
 391      D0CFFDED 
 392 0678 E80DCEF9 		.ascii	"\350\015\316\371J\320\325\022\333O\220\014\355\230\\"
 392      4AD0D512 
 392      DB4F900C 
 392      ED985C
 393 0687 097C5462 		.ascii	"\011|Tb|\243\334\370\271)\360\363\022\353\217\345\326"
 393      7CA3DCF8 
 393      B929F0F3 
 393      12EB8FE5 
 393      D6
 394 0698 1F4E4977 		.ascii	"\037NIw\207Y\272\313\342e\351\216\230\352\222\356\332"
 394      8759BACB 
 394      E265E98E 
 394      98EA92EE 
 394      DA
 395 06a9 16A7BB26 		.ascii	"\026\247\273&\231V\213\304\361\250s\307R\236C\222im"
 395      99568BC4 
 395      F1A873C7 
ARM GAS  /tmp/ccnKDnhL.s 			page 32


 395      529E4392 
 395      696D
 396 06bb 723E2D9B 		.ascii	"r>-\233qx\360~(\3222\370:\210\3711\347\213fK\246\326"
 396      7178F07E 
 396      28D232F8 
 396      3A88F931 
 396      E78B664B 
 397 06d1 C6A7254A 		.ascii	"\306\247%J|\231\035\210'+S^E~3\330l\007\212i&<\000c"
 397      7C991D88 
 397      272B535E 
 397      457E33D8 
 397      6C078A69 
 398 06e9 F7D90F39 		.ascii	"\367\331\01792w\027\241\204\366C\004\3757\321\004t\016"
 398      327717A1 
 398      84F64304 
 398      FD37D104 
 398      740E
 399 06fb 5E78D1A7 		.ascii	"^x\321\247\225&\306\003\27441\036\344\335E\"\200-M\337"
 399      9526C603 
 399      BC34311E 
 399      E4DD4522 
 399      802D4DDF 
 400 070f 31E8817B 		.ascii	"1\350\201{\030\365\354\263\273s4\310\317]<\327\032\246"
 400      18F5ECB3 
 400      BB7334C8 
 400      CF5D3CD7 
 400      1AA6
 401 0721 93030015 		.ascii	"\223\003\000\025\000>\317N\036\206C\341\302:\312\007"
 401      003ECF4E 
 401      1E8643E1 
 401      C23ACA07 
 402 0731 CA760764 		.ascii	"\312v\007d,y\242k\3066y\340a\346d\340Yj\211\233\253"
 402      2C79A26B 
 402      C63679E0 
 402      61E664E0 
 402      596A899B 
 403 0746 97ADC3BC 		.ascii	"\227\255\303\274\253\227\255\261\372\231\311\204M!\234"
 403      AB97ADB1 
 403      FA99C984 
 403      4D219C
 404 0755 C987EC6C 		.ascii	"\311\207\354lji\276 \255\340\247\2401\177\\\201\237"
 404      6A69BE20 
 404      ADE0A7A0 
 404      317F5C81 
 404      9F
 405 0766 323F6335 		.ascii	"2?c5\203\271jW~\216\270\364\323\361'\262a\305\340\245"
 405      83B96A57 
 405      7E8EB8F4 
 405      D3F127B2 
 405      61C5E0A5 
 406 077a 688A9762 		.ascii	"h\212\227b\352\245\374\364\311*\267n\270`\301\333>\232"
 406      EAA5FCF4 
 406      C92AB76E 
 406      B860C1DB 
 406      3E9A
 407 078c 4E171D21 		.ascii	"N\027\035!\366\013%\021\252O\330>\210\265C+\317\012"
 407      F60B2511 
ARM GAS  /tmp/ccnKDnhL.s 			page 33


 407      AA4FD83E 
 407      88B5432B 
 407      CF0A
 408 079e 114A14DB 		.ascii	"\021J\024\333\0204\331\302\2136x\233]\372\025\015 \251"
 408      1034D9C2 
 408      8B36789B 
 408      5DFA150D 
 408      20A9
 409 07b0 55D6CFDC 		.ascii	"U\326\317\334\331>\034\3033>\366q\254\211\267;\223\014"
 409      D93E1CC3 
 409      333EF671 
 409      AC89B73B 
 409      930C
 410 07c2 99C2959B 		.ascii	"\231\302\225\233\354\236$e\237$\022c\354\352"
 410      EC9E2465 
 410      9F241263 
 410      ECEA
 411 07d0 DD2F8BDC 		.ascii	"\335/\213\334{\340\252\316\241\2179n\243:\206\036\335"
 411      7BE0AACE 
 411      A18F396E 
 411      A33A861E 
 411      DD
 412 07e1 058559FD 		.ascii	"\005\205Y\375\032\234\244\244JY\361\320\016/\005\317"
 412      1A9CA4A4 
 412      4A59F1D0 
 412      0E2F05CF 
 413 07f1 AE602856 		.ascii	"\256`(VA\332vv\254;\205}\266\321\310O\021\246\363\350"
 413      41DA7676 
 413      AC3B857D 
 413      B6D1C84F 
 413      11A6F3E8 
 414 0805 93972633 		.ascii	"\223\227&3+\\\334y\037\362\314\362\012\346#\367Tk\304"
 414      2B5CDC79 
 414      1FF2CCF2 
 414      0AE623F7 
 414      546BC4
 415 0818 9C1C21A7 		.ascii	"\234\034!\247G\260N\344\343\3123w\004A\253  \364\255"
 415      47B04EE4 
 415      E3CA3377 
 415      0441AB20 
 415      20F4AD
 416 082b 7D6BA00A 		.ascii	"}k\240\012\277\337\360=\010\035\345\273\201\316q~\016"
 416      BFDFF03D 
 416      081DE5BB 
 416      81CE717E 
 416      0E
 417 083c 8CBDB73F 		.ascii	"\214\275\267?e\213\027>\315\230\224\236\253Z\243\245"
 417      658B173E 
 417      CD98949E 
 417      AB5AA3A5 
 418 084c 4CC8BE32 		.ascii	"L\310\2762&\023Y\353sU\264\215D\324\011\23666\364\327"
 418      261359EB 
 418      7355B48D 
 418      44D4099E 
 418      3636F4D7 
 419 0860 35686823 		.ascii	"5hh#\011\3722\326x\245\340\361[.)WP\312\3456\312w\313"
 419      09FA32D6 
ARM GAS  /tmp/ccnKDnhL.s 			page 34


 419      78A5E0F1 
 419      5B2E2957 
 419      50CAE536 
 420 0877 1A1244CA 		.ascii	"\032\022D\312\035\277\207\363\003B\026\3568\000B\245"
 420      1DBF87F3 
 420      034216EE 
 420      380042A5 
 421 0887 76CAA572 		.ascii	"v\312\245r\312\225\224rEie\235\370\007\301|P_\334?8"
 421      CA959472 
 421      4569659D 
 421      F807C17C 
 421      505FDC3F 
 422 089c A2C26D6C 		.ascii	"\242\302ml\006-\311[\366\251\360M\246ly\374\344\246"
 422      062DC95B 
 422      F6A9F04D 
 422      A66C79FC 
 422      E4A6
 423 08ae 0A0F33A5 		.ascii	"\012\0173\2451}\363V\036?f\312\303\3463\031\032<\316"
 423      317DF356 
 423      1E3F66CA 
 423      C3E63319 
 423      1A3CCE
 424 08c1 948CD3ED 		.ascii	"\224\214\323\355\25358UE\225=\267\313`=\3262\245\362"
 424      AB353855 
 424      45953DB7 
 424      CB603DD6 
 424      32A5F2
 425 08d4 FA311DCE 		.ascii	"\3721\035\316d\365\306\301\243-\323\360.\246\344\227"
 425      64F5C6C1 
 425      A32DD3F0 
 425      2EA6E497 
 426 08e4 ADBBA9C4 		.ascii	"\255\273\251\304\373\231r\2534uL\201\363\231Rs|\367"
 426      FB9972AB 
 426      34754C81 
 426      F3995273 
 426      7CF7
 427 08f6 1C5CC4EA 		.ascii	"\034\\\304\352\315\345=\375\236\270\204)\243\271\305"
 427      CDE53DFD 
 427      9EB88429 
 427      A3B9C5
 428 0905 5F23F155 		.ascii	"_#\361U\217\334G\267\227\365\216x\342R\3329\375\362"
 428      8FDC47B7 
 428      97F58E78 
 428      E252DA39 
 428      FDF2
 429 0917 F6BE6234 		.ascii	"\366\276b4\231\236m9\232\035\307\335M\370\320\261}\227"
 429      999E6D39 
 429      9A1DC7DD 
 429      4DF8D0B1 
 429      7D97
 430 0929 92847D3E 		.ascii	"\222\204}>\364H>\005\013\324$=JN\362\362\244\227\217"
 430      F4483E05 
 430      0BD4243D 
 430      4A4EF2F2 
 430      A4978F
 431 093c ED2778B5 		.ascii	"\355'x\265\034.\3114\016'k\003\234\254\354\335\247I"
 431      1C2EC934 
ARM GAS  /tmp/ccnKDnhL.s 			page 35


 431      0E276B03 
 431      9CACECDD 
 431      A749
 432 094e 3C563BE0 		.ascii	"<V;\340\341o\201#\363:H;H\033H'\310\025\220K WA.\202"
 432      E16F8123 
 432      F33A483B 
 432      481B4827 
 432      C815904B 
 433 0967 34835C06 		.ascii	"4\203\\\006\271\006\322\010\322\352\220\260\253\013"
 433      B906D208 
 433      D2EA90B0 
 433      AB0B
 434 0975 246C4E3B 		.ascii	"$lN;g\343\220~\244\354k\344x\207?f\350d\363$\360\363"
 434      67E3907E 
 434      A4EC6BE4 
 434      78873F66 
 434      E864F324 
 435 098b 72B83C15 		.ascii	"r\270<\025\236\227\222\261\312\321S\256\017\275R.\265"
 435      9E9792B1 
 435      CAD153AE 
 435      0FBD522E 
 435      B5
 436 099c 7278C514 		.ascii	"rx\305\024\356\243R\374\031\347\334\245\370^)\235\013"
 436      EEA352FC 
 436      19E7DCA5 
 436      F85E299D 
 436      0B
 437 09ad CE37568A 		.ascii	"\3167V\212o\221\332?+\307O\275r\264H\355W9\237\256\303"
 437      6F91DA3F 
 437      2BC74FBD 
 437      72B448ED 
 437      57399FAE 
 438 09c2 15456AFF 		.ascii	"\025Ej\377\234s\373\222;\312\375<\234%\010\323\011j"
 438      9C73FB92 
 438      3BCAFD3C 
 438      9C2508D3 
 438      096A
 439 09d4 EA1DA52E 		.ascii	"\352\035\245.\037\347\227\010B\272\212\032\253w\272"
 439      1FE79708 
 439      42BA8A1A 
 439      AB77BA
 440 09e3 3352DF1D 		.ascii	"3R\337\035R\337u\316\327\332v\221xRXx\303\015\337\244"
 440      52DF75CE 
 440      D7DA7691 
 440      78525878 
 440      C30DDFA4 
 441 09f7 0F0FDFBA 		.ascii	"\017\017\337\272\257\377\276F\376Vn\213f\324\015A\374"
 441      AFFFBE46 
 441      FE566E8B 
 441      66D40D41 
 441      FC
 442 0a08 BF0A6871 		.ascii	"\277\012hq\326\005\230\346\373.\260z\303~Z5\361\342"
 442      D60598E6 
 442      FB2EB07A 
 442      C37E5A35 
 442      F1E2
 443 0a1a 6BFB2AA1 		.ascii	"k\373*\241\255O%\275Vt9\\+zx\366\276\335CS~\356\211"
ARM GAS  /tmp/ccnKDnhL.s 			page 36


 443      AD4F25BD 
 443      5674395C 
 443      2B7A78F6 
 443      BEDD4353 
 444 0a31 F11C37C7 		.ascii	"\361\0347\307w|g\377jq?\372\227\026y\347\255\177p\011"
 444      777C67FF 
 444      6A713FFA 
 444      971679E7 
 444      AD7F7009 
 445 0a45 4B1DDF74 		.ascii	"K\035\337tp\334+:\356\245\216\257\014&\327k\234;\346"
 445      70DC2B3A 
 445      EEA58EAF 
 445      0C26D76B 
 445      9C3BE6
 446 0a58 7EBA5774 		.ascii	"~\272Wt\213\237A\376\323>Y\266\332S+\336 \326\374\350"
 446      8B9F41FE 
 446      D33E59B6 
 446      DA532BDE 
 446      20D6FCE8 
 447 0a6c 7F01A88F 		.ascii	"\177\001\250\217^\0202V?h\303\370\036;\037\213\272+"
 447      5E103256 
 447      3F68C3F8 
 447      1E3B1F8B 
 447      BA2B
 448 0a7e C7581604 		.ascii	"\307X\026\004~b\356\251\332\323Y\352A\333\310Ui\200"
 448      7E62EEA9 
 448      DAD359EA 
 448      41DBC855 
 448      6980
 449 0a90 A5998BD5 		.ascii	"\245\231\213\325'\217{\272\3143\267i\236\031\264\345"
 449      278F7BBA 
 449      CC33B769 
 449      9E19B4E5 
 450 0aa0 99275BAD 		.ascii	"\231'[\255\303jH4V\226\033\323s\323\326\0119I\302;\357"
 450      C36A4834 
 450      56961BD3 
 450      73D3D609 
 450      3949C23B 
 451 0ab5 1020EAB7 		.ascii	"\020 \352\267\357^\277<\327\334\341\347p\252\260\320"
 451      EF5EBF3C 
 451      D7DCE1E7 
 451      70AAB0D0 
 452 0ac5 10A3C5A8 		.ascii	"\020\243\305\2500.\217\217\236\037\020\240c_s\202n\245"
 452      302E8F8F 
 452      9E1F10A0 
 452      635F7382 
 452      6EA5
 453 0ad7 315A1767 		.ascii	"1Z\027g\216\267$\350\302\227}\360J\220n\311\222\020"
 453      8EB724E8 
 453      C2977DF0 
 453      4A906EC9 
 453      9210
 454 0ae9 DD7B618B 		.ascii	"\335{a\213\227\376#H\027g\2146DGG\006D\250\337\373\360"
 454      97FE2348 
 454      17678C36 
 454      44474706 
 454      44A8DFFB 
ARM GAS  /tmp/ccnKDnhL.s 			page 37


 455 0afe A3D9C181 		.ascii	"\243\331\301\201\201\234\326`H\214\212\265\274\022d"
 455      819CD660 
 455      488C8AB5 
 455      BC1264
 456 0b0d B0AC46BA 		.ascii	"\260\254F\272\225\346\030\223\316\030\221`\362\2176"
 456      95E61893 
 456      CE189160 
 456      F28F36
 457 0b1c 7EAA0B31 		.ascii	"~\252\0131G$\306\230b\301\3202\2231\346}]hDtT\\\202"
 457      4724C698 
 457      62C1D032 
 457      9331E67D 
 457      5D684474 
 458 0b33 C960F28F 		.ascii	"\311`\362\217K\214\370,H\267\314l\216N\320\255\210\210"
 458      4B8CF82C 
 458      48B7CC6C 
 458      8E4ED0AD 
 458      8888
 459 0b45 F037C6C7 		.ascii	"\3607\306\307\370\307\232cM\376&\343\247Q\376\257\373"
 459      F8C79A63 
 459      4DFE26E3 
 459      A751FEAF 
 459      FB
 460 0b56 07CD0F7C 		.ascii	"\007\315\017|\335\377\357\257\372\307\030\377f\216\327"
 460      DDFFEFAF 
 460      FAC718FF 
 460      668ED7
 461 0b65 39F4EAA2 		.ascii	"9\364\352\242b#\242\023#M\272\030c\304\312\250X\223"
 461      6223A213 
 461      234DBA18 
 461      63C4CAA8 
 461      5893
 462 0b77 CE10695A 		.ascii	"\316\020iZnL\214\266\030,_\304\231\022\002Vrj\033\241"
 462      6E4C8CB6 
 462      182C5FC4 
 462      99120256 
 462      726A1BA1 
 463 0b8b 7FFE5FF9 		.ascii	"\177\376_\371$|\221\2403$X\"\3019\220\300\346\310xe"
 463      247C91A0 
 463      33245822 
 463      C13990C0 
 463      E6C87865 
 464 0b9f 5C625C64 		.ascii	"\\b\\d\3744sB\234\311\024\031\2572\023\202\361\312\030"
 464      FC347342 
 464      9CC91419 
 464      AF321382 
 464      F1CA18
 465 0bb2 73A4299E 		.ascii	"s\244)\236\254\372\312\300\237\271\352+9\357\004K\014"
 465      ACFACAC0 
 465      9FB9EA2B 
 465      39EF044B 
 465      0C
 466 0bc3 CC6C455C 		.ascii	"\314lE\\\224\331\220`\262$\306\031,\252\260\020\262"
 466      94D99060 
 466      B224C619 
 466      2CAAB010 
 466      B2
ARM GAS  /tmp/ccnKDnhL.s 			page 38


 467 0bd4 8DAAB060 		.ascii	"\215\252\260`V,d\305\002V,\"\205&l\301\222`s\354\362"
 467      562C64C5 
 467      02562C22 
 467      85266CC1 
 467      926073EC 
 468 0be9 A8158A05 		.ascii	"\250\025\212\005\357\352\027\221\237%\212%\301\357\353"
 468      EFEA1791 
 468      9F258A25 
 468      C1EFEB
 469 0bf8 150BC3F5 		.ascii	"\025\013\303\365z\364g\264H\031\021m2\306\213{\031\370"
 469      7AF467B4 
 469      4819116D 
 469      32C68B7B 
 469      19F8
 470 0c0a 9AC1A2B6 		.ascii	"\232\301\242\266U0\270\301KC\364xq\210^\031\366QX\210"
 470      5530B8C1 
 470      4B43F478 
 470      71885E19 
 470      F6515888 
 471 0c1e 7EDAD2F0 		.ascii	"~\332\322\360\260\320\320\020\275j\351\262\217\303B"
 471      B0D0D010 
 471      BD6AE9B2 
 471      8FC342
 472 0c2d F5CA0F96 		.ascii	"\365\312\017\226\206\204\352\361B\275\336]B\316\242"
 472      8684EAF1 
 472      42BDDE5D 
 472      42CEA2
 473 0c3c 8D3293D9 		.ascii	"\2152\223\331DE\032,\356\254\032cL\370\014\014G\231"
 473      44451A2C 
 473      EEAC1A63 
 473      4CF80C0C 
 473      4799
 474 0c4e C902182C 		.ascii	"\311\002\030,\036\006qZ\206\250\330(\313\317]\212\010"
 474      1E06715A 
 474      86A8D828 
 474      CBCF5D8A 
 474      08
 475 0c5f EE1793E3 		.ascii	"\356\027\223\343\201\341\212xsb\034\261\253Y\020\266"
 475      81E18A78 
 475      73621CB1 
 475      AB5910B6 
 476 0c6f 30704958 		.ascii	"0pIX\350\207zR\013\2425\365\202E\013ie\032\351\024\313"
 476      E8877A52 
 476      0BA235F5 
 476      82450B69 
 476      651AE914 
 477 0c84 202855D0 		.ascii	" (U\320A\373\241Y\037\276\214V\202He\032t\220\022\007"
 477      41FBA159 
 477      1FBE8C56 
 477      8248651A 
 477      74901207 
 478 0c98 2FD62B82 		.ascii	"/\326+\202\337}O\257\\\034\034\036\254\347\203\241%"
 478      DF7D4FAF 
 478      5C1C1C1E 
 478      ACE783A1 
 478      25
 479 0ca9 5CFF5B29 		.ascii	"\\\377[)W\323\347\026]\360\007\341\213\303\201\253\216"
ARM GAS  /tmp/ccnKDnhL.s 			page 39


 479      57D3E716 
 479      5DF007E1 
 479      8BC381AB 
 479      8E
 480 0cba 2E4074E0 		.ascii	".@t\340\347\237\303V\271\351\203\203\015\313`\307CL"
 480      E79FC356 
 480      B9E98383 
 480      0DCB60C7 
 480      434C
 481 0ccc CBD5648A 		.ascii	"\313\325d\212d]\376\015\274\"\3370"
 481      645DFE0D 
 481      BC22DF30 
 482              		.text
 483              		.section	.gnu.lto_.symtab.57cd0318646d906,"",%progbits
 484 0000 5F70616C 		.ascii	"_pal_lld_init\000"
 484      5F6C6C64 
 484      5F696E69 
 484      7400
 485 000e 00       		.ascii	"\000"
 486 000f 00       		.ascii	"\000"
 487 0010 00       		.ascii	"\000"
 488 0011 00000000 		.ascii	"\000\000\000\000\000\000\000\000"
 488      00000000 
 489 0019 36010000 		.ascii	"6\001\000\000"
 490 001d 5F70616C 		.ascii	"_pal_lld_setgroupmode\000"
 490      5F6C6C64 
 490      5F736574 
 490      67726F75 
 490      706D6F64 
 491 0033 00       		.ascii	"\000"
 492 0034 00       		.ascii	"\000"
 493 0035 00       		.ascii	"\000"
 494 0036 00000000 		.ascii	"\000\000\000\000\000\000\000\000"
 494      00000000 
 495 003e 3C010000 		.ascii	"<\001\000\000"
 496              		.text
 497              		.section	.gnu.lto_.opts,"",%progbits
 498 0000 272D666D 		.ascii	"'-fmath-errno' '-fsigned-zeros' '-ftrapping-math' '"
 498      6174682D 
 498      6572726E 
 498      6F272027 
 498      2D667369 
 499 0033 2D666E6F 		.ascii	"-fno-trapv' '-fno-openmp' '-fno-openacc' '-mcpu=cor"
 499      2D747261 
 499      70762720 
 499      272D666E 
 499      6F2D6F70 
 500 0066 7465782D 		.ascii	"tex-m4' '-mno-thumb-interwork' '-mthumb' '-O2' '-fo"
 500      6D342720 
 500      272D6D6E 
 500      6F2D7468 
 500      756D622D 
 501 0099 6D69742D 		.ascii	"mit-frame-pointer' '-falign-functions=16' '-ffuncti"
 501      6672616D 
 501      652D706F 
 501      696E7465 
 501      72272027 
ARM GAS  /tmp/ccnKDnhL.s 			page 40


 502 00cc 6F6E2D73 		.ascii	"on-sections' '-fdata-sections' '-fno-common' '-flto"
 502      65637469 
 502      6F6E7327 
 502      20272D66 
 502      64617461 
 503 00ff 2700     		.ascii	"'\000"
 504              		.text
 505              		.comm	__gnu_lto_v1,1,1
 506              		.comm	__gnu_lto_slim,1,1
 507              		.ident	"GCC: (GNU Tools for Arm Embedded Processors 7-2017-q4-major) 7.2.1 20170904 (release) [ARM
ARM GAS  /tmp/ccnKDnhL.s 			page 41


DEFINED SYMBOLS
                            *ABS*:0000000000000000 pal_lld.c
                            *COM*:0000000000000001 __gnu_lto_v1
                            *COM*:0000000000000001 __gnu_lto_slim

NO UNDEFINED SYMBOLS
