ARM GAS  /tmp/cckc2J98.s 			page 1


   1              		.cpu cortex-m0
   2              		.eabi_attribute 20, 1
   3              		.eabi_attribute 21, 1
   4              		.eabi_attribute 23, 3
   5              		.eabi_attribute 24, 1
   6              		.eabi_attribute 25, 1
   7              		.eabi_attribute 26, 1
   8              		.eabi_attribute 30, 2
   9              		.eabi_attribute 34, 0
  10              		.eabi_attribute 18, 4
  11              		.file	"chmempools.c"
  12              		.section	.gnu.lto_.profile.d0408abd785894e0,"",%progbits
  13 0000 789C6363 		.ascii	"x\234cc```\001bF\206\030s\000\001g\000\237"
  13      60606001 
  13      62468618 
  13      73000167 
  13      009F
  14              		.text
  15              		.section	.gnu.lto_.icf.d0408abd785894e0,"",%progbits
  16 0000 789C6363 		.ascii	"x\234cc``\320a@\000v\206[\273\037\274\343g\334\275\360"
  16      6060D061 
  16      40007686 
  16      5BBB1FBC 
  16      E367DCBD 
  17 0015 FD0D2EA6 		.ascii	"\375\015.\246\203\257\326_\345dn\377\360j\015\027\313"
  17      83AFD65F 
  17      E5646EFF 
  17      F06A0D17 
  17      CB
  18 0026 AE8FDB1F 		.ascii	"\256\217\333\037\260\263\356h\333\361\207\221\355\320"
  18      B0B3EE68 
  18      DBF18791 
  18      EDD0
  19 0034 D48B5F98 		.ascii	"\324\213_\230\030\000\011F\026\227"
  19      18000946 
  19      1697
  20              		.text
  21              		.section	.gnu.lto_.jmpfuncs.d0408abd785894e0,"",%progbits
  22 0000 789C5D8C 		.ascii	"x\234]\214\261\015\2000\014\004\357\355\220\224\354"
  22      B10D8030 
  22      0C04EFED 
  22      9094EC
  23 000f C366544C 		.ascii	"\303fTLA\3070\331\014\354\"\"\312K_\370\317\272\012"
  23      41C730D9 
  23      0CEC2222 
  23      CA4B5FF8 
  23      CFBA0A
  24 0022 DCFC6948 		.ascii	"\334\374iH\272\036\307@\275\210\350\033\331\341\350"
  24      BA1EC740 
  24      BD88E81B 
  24      D9E1E8
  25 0031 C883B6C4 		.ascii	"\310\203\266\304\321|3\233\027\317\325\207\300N\264"
  25      D17C339B 
  25      17CFD587 
  25      C04EB4
  26 0040 38CAC456 		.ascii	"8\312\304V\377f\222\017Q\235\017>\024\253\"5"
  26      FF66920F 
ARM GAS  /tmp/cckc2J98.s 			page 2


  26      519D0F3E 
  26      14AB2235 
  27              		.text
  28              		.section	.gnu.lto_.inline.d0408abd785894e0,"",%progbits
  29 0000 789C6D8E 		.ascii	"x\234m\216\255n\002Q\024\204g\316\271?\013\354\206E"
  29      AD6E0251 
  29      148467CE 
  29      B93F0BEC 
  29      8645
  30 0012 61485855 		.ascii	"aHXUT\221\353\232\364\011\352y\005x\016\010\011\242"
  30      5491EB9A 
  30      F409EA79 
  30      05780E08 
  30      09A2
  31 0024 154D1392 		.ascii	"\025M\023\222\212\212\232\352\0324\266\002$\026T%\217"
  31      8A8A9AEA 
  31      1A34B602 
  31      24165425 
  31      8F
  32 0035 C0BDBBB0 		.ascii	"\300\275\273\260\212+\3169\311\334\231o\034\200\007"
  32      8A2BCE39 
  32      C9DC996F 
  32      1C8007
  33 0044 A2791E48 		.ascii	"\242y\036H\3734(f\357\312\217\371v\347W\372\251B\360"
  33      FB342866 
  33      EFCA8FF9 
  33      76E757FA 
  33      A942F0
  34 0057 97037D46 		.ascii	"\227\003}F1\275\035\304u\026.\370\334\327P\300\177\237"
  34      31BD1DC4 
  34      75162EF8 
  34      DCD750C0 
  34      7F9F
  35 0069 0BEC7294 		.ascii	"\013\354r\224\203G_\030\251W\314\265=\030\360\355\205"
  35      83475F18 
  35      A957CCB5 
  35      3D18F0ED 
  35      85
  36 007a 709610DD 		.ascii	"p\226\020\335\364\321:\224\022%A\366DJ\210\202\364N"
  36      F4D13A94 
  36      122541F6 
  36      444A8882 
  36      F44E
  37 008c AF0EADC5 		.ascii	"\257\016\255\3057\005\321\246\350\264\251\241\014\307"
  37      3705D1A6 
  37      E8B4A9A1 
  37      0CC7
  38 009a 034584D7 		.ascii	"\003E\204\327;Pq\217\252\177\335@Y[S\005k\212$2\015"
  38      3B50718F 
  38      AA7FDD40 
  38      595B5305 
  38      6B8A2432 
  39 00af B24E60A6 		.ascii	"\262N`\246\253\011\222\237\307\233\024\025\033\333\260"
  39      AB09929F 
  39      C79B1415 
  39      1BDBB0
  40 00be CE33B2EF 		.ascii	"\3163\262\357\"9\217\253@S\317\370\325!\361\301\355"
ARM GAS  /tmp/cckc2J98.s 			page 3


  40      22398FAB 
  40      4053CFF8 
  40      D521F1C1 
  40      ED
  41 00cf 0F65D318 		.ascii	"\017e\323\030\027>\363#\344"
  41      173EF323 
  41      E4
  42              		.text
  43              		.section	.gnu.lto_.pureconst.d0408abd785894e0,"",%progbits
  44 0000 789C6363 		.ascii	"x\234cc``\020\002bv\006IF)\246]\214\314R,\273\030Y\245"
  44      60601002 
  44      62760649 
  44      4629A65D 
  44      8CCC522C 
  45 0018 D8763102 		.ascii	"\330v1\002\000\026\364\002\315"
  45      0016F402 
  45      CD
  46              		.text
  47              		.section	.gnu.lto_chPoolAllocI.part.0.d0408abd785894e0,"",%progbits
  48 0000 789C8D52 		.ascii	"x\234\215R\317k\023A\024~\337\274\331\335\324\037\025"
  48      CF6B1341 
  48      147EDFBC 
  48      D9DDD41F 
  48      15
  49 0011 8AC71C02 		.ascii	"\212\307\034\002\332\226z\310\376\005\336\375;\014E"
  49      DA967AC8 
  49      FE05DEFD 
  49      3B0C45
  50 0020 298684C6 		.ascii	")\206\204\306{\247iBRZ\241\007[!,\272\245J\351AT\374"
  50      7BA76942 
  50      525AA107 
  50      5B212CBA 
  50      A54AE941 
  51 0036 5563D550 		.ascii	"Uc\325Pi\021$\225\210\007\321RP\261X\021\261\010\036"
  51      69112495 
  51      8807D152 
  51      50B15811 
  51      B1081E
  52 0049 1452DFCC 		.ascii	"\024R\337\314\366\240\340\301a\367\275\2317\357{\337"
  52      F6A0E0C1 
  52      61F7BD99 
  52      37EF7BDF 
  53 0059 376FC627 		.ascii	"7o\306'\2423\212\350\204\370\223\362\303'x3\0332\361"
  53      A2338AE8 
  53      84F893F2 
  53      C3277833 
  53      1B32F1
  54 006c A09C578A 		.ascii	"\240\234W\212\237\267\211\314\001\275&\366\020C\333"
  54      9FB789CC 
  54      01BD26F6 
  54      1043DB
  55 007b F0784A03 		.ascii	"\360xJ\003vbR\2401O\261\306\030\246\371\"\243S\271\031"
  55      766252A0 
  55      314FB1C6 
  55      18A6F922 
  55      A353B919 
  56 008f F114474C 		.ascii	"\361\024GL\320\262\334m7>\364\332%\220\221\345R\355"
ARM GAS  /tmp/cckc2J98.s 			page 4


  56      D0B2DC6D 
  56      373EF4DA 
  56      259091E5 
  56      52ED
  57 00a1 7BC71F5A 		.ascii	"{\307\037Z4\246lZ\227\276\005\213\023\325S\021+\232"
  57      34A66C5A 
  57      97BE058B 
  57      13D55311 
  57      2B9A
  58 00b3 93EC3B48 		.ascii	"\223\354;H\3436\322V\304]\014I\356\247\345\365z\212"
  58      E336D256 
  58      C45D0C49 
  58      EEA7E5F5 
  58      7A8A
  59 00c5 8F8164FE 		.ascii	"\217\201d\376k|k\251w\360\232\303m^es<b\306=\360\237"
  59      6B7C6BA9 
  59      77F09AC3 
  59      6D5E6573 
  59      3C62C63D 
  60 00db 400911EE 		.ascii	"@\011\021\356c\320\346\357Tf\352Gx\300aw\273\027~\006"
  60      63D0E6EF 
  60      5466EA47 
  60      78C06177 
  60      BB177E06 
  61 00ef FD0B0EBB 		.ascii	"\375\013\016\273q\245o~\302<3ZX\261\3747\336\016I\177"
  61      71A56F7E 
  61      C23C335A 
  61      58B1FC37 
  61      DE0E497F 
  62 0103 7FAB3B7B 		.ascii	"\177\253;{\330\327x\200~\247\253i{\342\014\221\212%"
  62      D8D77880 
  62      7EA7AB69 
  62      7BE20C91 
  62      8A25
  63 0115 201B375E 		.ascii	" \0337^z\306t\367j\3064\007\372z\000K\253D\200f1\236"
  63      7AC674F7 
  63      6AC63407 
  63      FA7A004B 
  63      AB448066 
  64 012b 76399EB3 		.ascii	"v9\236\263Du&\262\235\252\263g=O\312y\255\377\214rs"
  64      447526B2 
  64      9DAAB367 
  64      3D4FCA79 
  64      ADFF8C72 
  65 0140 676A2DB0 		.ascii	"gj-\260\265\033\254\204y\256\272\372\"\260\275b\247"
  65      B51BAC84 
  65      79AEBAFA 
  65      22B0BD62 
  65      A7
  66 0151 7B65B5BD 		.ascii	"{e\265\275\356\307\270\214\210%\001xh5J\374U\355\365"
  66      EEC7B88C 
  66      88250178 
  66      68354AFC 
  66      55EDF5
  67 0164 D6C1F0BA 		.ascii	"\326\301\360\272\221\221\2118\300\012b\314\262U\217"
  67      91918938 
  67      C00A62CC 
ARM GAS  /tmp/cckc2J98.s 			page 5


  67      B2558F
  68 0173 4708E923 		.ascii	"G\010\351#*o\237n\342\037e\003\020\036\357\037tR\232"
  68      2A6F9F6E 
  68      E21F6503 
  68      101EEF1F 
  68      74529A
  69 0186 25F79AA8 		.ascii	"%\367\232\250\230\256\356\253\340\377\246M\341\211\243"
  69      98AEEEAB 
  69      E0FFA64D 
  69      E189A3
  70 0195 85A56D09 		.ascii	"\205\245m\011\355\027T\342\221\244\212\026^\222b\021"
  70      ED1754E2 
  70      91A48A16 
  70      5E926211 
  71 01a5 F7D036CA 		.ascii	"\367\3206\312\031\033\265\275\220\035\307\254\335\371"
  71      191BB5BD 
  71      901DC7AC 
  71      DDF9
  72 01b3 B7A12889 		.ascii	"\267\241(\211z\364\025\345\370\335\321\004\355I\316"
  72      7AF415E5 
  72      F8DDD104 
  72      ED49CE
  73 01c2 0F797ED9 		.ascii	"\017y~\331\264z\263\327\202\200\270\261\320\201\364"
  73      B47AB3D7 
  73      8280B8B1 
  73      D081F4
  74 01d1 0F16278F 		.ascii	"\017\026'\2175\223\315\206\311W(\205\243\347\303\322"
  74      3593CD86 
  74      C9572885 
  74      A3E7C3D2 
  75 01e1 682ECC9D 		.ascii	"h.\314\235\315\017\347\213\205\302\271R6G*_\324\205"
  75      CD0FE78B 
  75      85C2B952 
  75      36472A5F 
  75      D485
  76 01f3 D323C5DF 		.ascii	"\323#\305\337\242-\311\251"
  76      A22DC9A9 
  77              		.text
  78              		.section	.gnu.lto_chPoolObjectInit.d0408abd785894e0,"",%progbits
  79 0000 789C9591 		.ascii	"x\234\225\221\337K\024Q\024\307\317\367\236\331\331"
  79      DF4B1451 
  79      14C7CFF7 
  79      9ED9D9
  80 000f 21D3DEC2 		.ascii	"!\323\336\302\310\207\205\242E\204\235\207\376\244m"
  80      C88785A2 
  80      45849D87 
  80      FEA46D
  81 001e 21A16596 		.ascii	"!\241e\226\335\350\241\027\357n\331\256\224\340C\032"
  81      DDE8A117 
  81      EF6ED9AE 
  81      94E0431A 
  82 002e 0C830DF6 		.ascii	"\014\203\015\366SB**\323\262\234\326\330\227\262(\012"
  82      53422A2A 
  82      D3B29CD6 
  82      D897B228 
  82      0A
  83 003f C440A20D 		.ascii	"\304@\242\015Q\037\202\302\267\300:\367\266\201\370"
ARM GAS  /tmp/cckc2J98.s 			page 6


  83      511F82C2 
  83      B7C03AF7 
  83      B681F8
  84 004e E6652E73 		.ascii	"\346e.s\316\334\363\371\236s\277\343\022Q\240\210N\312"
  84      CEDCF3F9 
  84      9E73BFE3 
  84      1251A088 
  84      4ECA
  85 0060 FBA86C30 		.ascii	"\373\250l0A\215\275#\252z\0120\201\366@C\012C\270\302"
  85      418DBD23 
  85      AA7A0A30 
  85      81F64043 
  85      0A43B8C2 
  86 0074 5719CDFA 		.ascii	"W\031\315\372\372\274\352\277\243e%\327f\335Kz\2707"
  86      FABCEABF 
  86      A36525D7 
  86      66DD4B7A 
  86      B837
  87 0086 62A209D9 		.ascii	"b\242\011\331f\341\021\372\245\352\303\305\007\021_"
  87      66E111FA 
  87      A5EAC3C5 
  87      07115F
  88 0095 E6880147 		.ascii	"\346\210\001G\322\237\313a\273\307\244\012\031I7\346"
  88      D29FCB61 
  88      BBC7A40A 
  88      194937E6 
  89 00a5 5A0D8F8F 		.ascii	"Z\015\217\217\201$\376]]\233\356\311\336\322\272\246"
  89      8124FE5D 
  89      5D9BEEC9 
  89      DED2BAA6 
  90 00b5 93ED9BAC 		.ascii	"\223\355\233\254\217G\314\230\005\213 \236\240\017\217"
  90      8F47CC98 
  90      058B209E 
  90      A00F8F
  91 00c4 D147F289 		.ascii	"\321G\362\211\360\024Y)\237\252~~\323\315',\372udf\324"
  91      F0145929 
  91      9FAA7E7E 
  91      D3CD272C 
  91      FA756466 
  92 00d9 E9A06F6F 		.ascii	"\351\240oo[\324\301\334^\324!\314[\364\313dk\363 \017"
  92      5BD4C1DC 
  92      5ED421CC 
  92      5BF4CB64 
  92      6BF3200F 
  93 00ed 587471F5 		.ascii	"Xtq\365\327\215C\035\364{o\250\023'\342\024\236\355"
  93      D78D431D 
  93      F47B6FA8 
  93      1327E214 
  93      9EED
  94 00ff 655384E7 		.ascii	"eS\204\347\310\032\340\333\303\235\361n\327\211\377"
  94      C81AE0DB 
  94      C39DF16E 
  94      D789FF
  95 010e 5F150B70 		.ascii	"_\025\013p\011\022\334\377\230J\364\316\237\272L\177"
  95      0912DCFF 
  95      984AF4CE 
  95      9FBA4C7F 
ARM GAS  /tmp/cckc2J98.s 			page 7


  96 011e 6475CB33 		.ascii	"du\3133\246\311\244\016LS\027\026\247\206\020\342\244"
  96      A6C9A40E 
  96      4C531716 
  96      A78610E2 
  96      A4
  97 012f 4E688495 		.ascii	"Nh\204\225\211.$\264\205\332\366\306\365v\332\010\211"
  97      892E24B4 
  97      85DAF6C6 
  97      F576DA08 
  97      89
  98 0140 FEC470F3 		.ascii	"\376\304p\363}\3328\304v\276\205\346r\313\2151Y\025"
  98      7DDA38C4 
  98      76BE85E6 
  98      72CB8D31 
  98      5915
  99 0152 9BE3C311 		.ascii	"\233\343\303\021\273\241X\367Bf2\207\237\352+k]\376"
  99      BBA158F7 
  99      42663287 
  99      9FEA2B6B 
  99      5DFE
 100 0164 8CF90599 		.ascii	"\214\371\005\231\210\323x\211\030\343\326\177,\302\337"
 100      88D37889 
 100      18E3D67F 
 100      2CC2DF
 101 0173 2D960621 		.ascii	"-\226\006!\021J\232\205\233w\227\272:\315\366\241\356"
 101      114A9A85 
 101      9B7797BA 
 101      3ACDF6A1 
 101      EE
 102 0184 E0955537 		.ascii	"\340\225U7WE\023~(~Z\265\351\366\201\375\253\245\260"
 102      5745137E 
 102      287E5AB5 
 102      E9F681FD 
 102      ABA5B0
 103 0197 64D59451 		.ascii	"d\325\224Q{m\324\\\372\201Z|o\024\326P\263\032\322K"
 103      7B6DD45C 
 103      FA815A7C 
 103      6F14D650 
 103      B31AD24B 
 104 01ab 2C92924C 		.ascii	",\222\222L.\347\377{\202\212_>\353W\312y?\177\272X("
 104      2EE7FF7B 
 104      828A5F3E 
 104      EB57CA79 
 104      3F7FBA58 
 105 01c0 9682E04C 		.ascii	"\226\202\340L%\227'U,9\225\301\363\005\257T\016\316"
 105      25972755 
 105      2C3995C1 
 105      F305AF54 
 105      0ECE
 106 01d2 0D9E2A94 		.ascii	"\015\236*\224\377\002\371j\330\360"
 106      FF02F96A 
 106      D8F0
 107              		.text
 108              		.section	.gnu.lto_chPoolLoadArray.d0408abd785894e0,"",%progbits
 109 0000 789C9D55 		.ascii	"x\234\235U[L\034U\030>\377\234\231\235e\027\241\321"
 109      5B4C1C55 
 109      183EFF9C 
ARM GAS  /tmp/cckc2J98.s 			page 8


 109      999D6517 
 109      A1D1
 110 0012 C4344DA3 		.ascii	"\3044M\243\333\264\024!\015K\2141\276\232&&>\360\"/"
 110      DBB41421 
 110      0D4B8C31 
 110      BE9A2626 
 110      3EF0222F 
 111 0026 DEA2895B 		.ascii	"\336\242\211[\0220\205\335\260\324\224\247\016\313u"
 111      123085DD 
 111      B0D494A7 
 111      0ECB75
 112 0035 451B6261 		.ascii	"E\033ba5\223M\335HI\313\003R[\254\333\202uY,\275p\351"
 112      35934DDD 
 112      4849CB03 
 112      525BACDB 
 112      8275592C 
 113 004c 45A8B4AC 		.ascii	"E\250\264\254\024A\326\322\232&\325\270\261\326\202"
 113      1441D6D2 
 113      9A26D5B8 
 113      B1D682
 114 005b FF7F6696 		.ascii	"\377\177f\226.S\250\211\023\230\375\3179\337\367_\276"
 114      2E53A889 
 114      1398FDCF 
 114      39DFF75F 
 114      BE
 115 006c F39F3336 		.ascii	"\363\23736\306\330y\225\261\233\370\373:\376\203\215"
 115      C6D87995 
 115      B19BF8FB 
 115      3AFE838D 
 116 007c 81D436CE 		.ascii	"\201\3246\316X\235]\002\3310\270a\014\332e\211\367\305"
 116      589D5D02 
 116      D930B861 
 116      0CDA6589 
 116      F7C5
 117 008e 19D31C4A 		.ascii	"\031\323\034J\302\311\264l\005\200\3465;\260}\022\227"
 117      C2C9B46C 
 117      0580E635 
 117      3BB07D12 
 117      97
 118 009f 15D827C9 		.ascii	"\025\330'\311\014b2,\343\223\273b0z>\342\355\034\342"
 118      0C62322C 
 118      E393BB62 
 118      307A3EE2 
 118      ED1CE2
 119 00b2 CDC99352 		.ascii	"\315\311\223R\301a\015\237\330\247\237\250MZ\343\306"
 119      C1610D9F 
 119      D8A79FA8 
 119      4D5AE3C6 
 120 00c2 30672CC4 		.ascii	"0g,\304\005\204\301q(@\324\345\206\243a\336\312\303"
 120      0584C171 
 120      2840D4E5 
 120      86A361DE 
 120      CAC3
 121 00d4 1C40C6E1 		.ascii	"\034@\306\341\3351}>\207\206\022\270px3:\334b\347[\201"
 121      DD317D3E 
 121      878612B8 
 121      7078333A 
ARM GAS  /tmp/cckc2J98.s 			page 9


 121      DC62E75B 
 122 00e9 A17DBF6E 		.ascii	"\241}\277n\246;'\277K\323\002Z\354\267C\\\333\026\346"
 122      A63B27BF 
 122      4BD3025A 
 122      ECB7435C 
 122      DB16E6
 123 00fc 1C4E0047 		.ascii	"\034N\000G\207\3605l\206>\330\314p\212\3017\220\217"
 123      87F0356C 
 123      863ED8CC 
 123      708AC137 
 123      908F
 124 010e F0D158B0 		.ascii	"\360\321X\260\327\301\267\013\352|\360\336\257\016\223"
 124      D7C1B70B 
 124      EA7CF0DE 
 124      AF0E93
 125 011d FA4F97A0 		.ascii	"\372O\227\240\312\020\265R\261\234\223\202\372@k\017"
 125      CA10B552 
 125      B19C9382 
 125      FA406B0F 
 126 012d E5F0E704 		.ascii	"\345\360\347\004\365\227\221\3166\325\244\216\036\026"
 126      F59791CE 
 126      36D5A48E 
 126      1E16
 127 013b 54054E59 		.ascii	"T\005NY\251\012\203~\310'\374\334WK\035O\330\344H\272"
 127      A90A837E 
 127      C827FCDC 
 127      574B1D4F 
 127      D8E448BA 
 128 014f 5218001B 		.ascii	"R\030\000\033\340\374bC[K./\024>\357.}\374\267\232\327"
 128      E0FC6243 
 128      5B4B2E2F 
 128      143EEF2E 
 128      7DFCB79A 
 129 0164 297CF66D 		.ascii	")|\366m\212\0046P:\337\256\366I\017B\373\317\036: \233"
 129      8A043650 
 129      3ADFAEF6 
 129      490F42FB 
 129      CF1E3A20 
 130 0179 D0E5AEED 		.ascii	"\320\345\256\355\3613MZ[\235}\215\312M\274\021\276\301"
 130      F1334D5A 
 130      5B9D7D8D 
 130      CA4DBC11 
 130      BEC1
 131 018b 103DAC2A 		.ascii	"\020=\254*\360\035\344\301i\310\023y\2048\374\037\237"
 131      F01DE4C1 
 131      69C81379 
 131      8438FC1F 
 131      9F
 132 019c 99E95E82 		.ascii	"\231\351^\202s\232\274~\272\231\341g\272m\020\307\350"
 132      739ABC7E 
 132      BA99E167 
 132      BA6D10C7 
 132      E8
 133 01ad 83143D46 		.ascii	"\203\024=F\321%+\344\200\236\303`\210\226x\206v\014"
 133      D1252BE4 
 133      809EC360 
 133      88967886 
ARM GAS  /tmp/cckc2J98.s 			page 10


 133      760C
 134 01bf BE47CDCE 		.ascii	"\276G\315\316`sZ\340\363\372\216w\030-\204p\257\254"
 134      60735AE0 
 134      F3FA8E77 
 134      182D8470 
 134      AFAC
 135 01d1 6B075F78 		.ascii	"k\007_x\223\3010\255)\253|\235E_\347\250\321\361\005"
 135      93C130AD 
 135      29AB7C9D 
 135      455FE7A8 
 135      D1F105
 136 01e4 9865EF15 		.ascii	"\230e\357\025%\246--7\243>O\206\377ZLl\335\000\270\201"
 136      25A62D2D 
 136      37A33E4F 
 136      86FF5A4C 
 136      6CDD00B8 
 137 01f9 36496C3E 		.ascii	"6Il>\027\373\210\255\216\266\015\310\266\003\365S\226"
 137      17FB88AD 
 137      8EB60DC8 
 137      B603F553 
 137      96
 138 020a 58758855 		.ascii	"Xu\210U'\302\361\014\265\340\356&\234Z\014\015\011\215"
 138      27C2F10C 
 138      B5E0EE26 
 138      9C5A0C0D 
 138      098D
 139 021c FA180B62 		.ascii	"\372\030\013b\025xb\320JB \322\277_!\3151\225\366d\313"
 139      157862D0 
 139      4A4220D2 
 139      BF5F21CD 
 139      3195F664 
 140 0231 9FB98547 		.ascii	"\237\271\205GD\232\251\250\244GHkf\236\202\363P\250"
 140      449AA9A8 
 140      A447486B 
 140      669E82F3 
 140      50A8
 141 0243 737B2683 		.ascii	"s{&\203\266KG\237I\020z=\226}\001\012\311\203\300\212"
 141      B64B479F 
 141      49107A3D 
 141      967D010A 
 141      C983C08A 
 142 0257 ADBE901E 		.ascii	"\255\276\220\036\014f\016\342\206\307\333P7w\277#q\025"
 142      0C660EE2 
 142      86C7DB50 
 142      3777BF23 
 142      7115
 143 0269 ACDB104A 		.ascii	"\254\333\020Jo\303\032\222\027\277\305`\204\326\324"
 143      6FC31A92 
 143      17BFC560 
 143      84D6D4
 144 0278 47252F7E 		.ascii	"G%/~\203\301(\255\331WI>\206E\214\223\344\364b\300F"
 144      83C128AD 
 144      D957493E 
 144      86458C93 
 144      E4F462C0 
 145 028d 28E091D3 		.ascii	"(\340\221\323C\013\331[&\340s\3553W\330 \374\376\345"
 145      430BD95B 
ARM GAS  /tmp/cckc2J98.s 			page 11


 145      26E073ED 
 145      3357D820 
 145      FCFEE5
 146 02a0 B149A72C 		.ascii	"\261I\247,!\344\"l\301\367%\220I\210\331`\253j\355\323"
 146      21E4226C 
 146      C1F72590 
 146      4988D960 
 146      AB6AEDD3 
 147 02b4 F168B6AE 		.ascii	"\361h\266\256\305\032\\\353t)\\^)7\020\351\015sk\333"
 147      C51A5CEB 
 147      74295C5E 
 147      293710E9 
 147      0D736BDB 
 148 02c8 3EA4AFD9 		.ascii	">\244\257\331\271p%-y \362G\310m\2513\031\265\021\200"
 148      B970252D 
 148      7920F247 
 148      C86DA933 
 148      19B51180 
 149 02dc 62983265 		.ascii	"b\2302e\221\377\351k3\321l\236\000q\246&ot\277m\306"
 149      91FFE96B 
 149      33D16C9E 
 149      0071A626 
 149      6F74BF6D 
 150 02f1 4AF63CF3 		.ascii	"J\366<\363E\275&\216\211\012\023\2179&2L\222\307\037"
 150      45BD268E 
 150      890A138F 
 150      3926324C 
 150      92C71F
 151 0304 50ADABA4 		.ascii	"P\255\253\244\026\276h\206\022\271\005\201S\213\213"
 151      16BE6886 
 151      12B90581 
 151      538B8B
 152 0313 8D4E9AD3 		.ascii	"\215N\232\323\271\023)\241\306\370E\225.\306,\021o "
 152      B91329A1 
 152      C6F84595 
 152      2EC62C11 
 152      6F20
 153 0325 3E366C8B 		.ascii	">6l\213\300A\300 \330?\360#9\207)\210\000q'>\014*D\315"
 153      C041C020 
 153      D83FF023 
 153      39872988 
 153      0071273E 
 154 033d E4A9569E 		.ascii	"\344\251V\236\003\003\3015\342\341\374D\363\324\214"
 154      0303C135 
 154      E2E1FC44 
 154      F3D48C
 155 034c D3DD43F5 		.ascii	"\323\335C\365F6\021\370:\272\352\300>\243\364\030L\203"
 155      463611F8 
 155      3ABAEAC0 
 155      3EA3F418 
 155      4C83
 156 035e 1BD320D7 		.ascii	"\033\323 \327\241\305[\013\252\351{\355$\022\310L\213"
 156      A1C55B0B 
 156      AAE97BED 
 156      2412C84C 
 156      8B
 157 036f 791CB742 		.ascii	"y\034\267B\350F#\227\320\231\2116\274\327q\342iq,\261"
ARM GAS  /tmp/cckc2J98.s 			page 12


 157      E8462397 
 157      D0998936 
 157      BCD771E2 
 157      69712CB1 
 158 0383 3D66FFB3 		.ascii	"=f\377\263=~\022\3551c\266\307\203c\245\242\277\323"
 158      3D7E12ED 
 158      3163B6C7 
 158      8363A5A2 
 158      BFD3
 159 0395 4EE3A639 		.ascii	"N\343\2469\333:\336\011\351\023\304\014\015\247:\237"
 159      DB3ADE09 
 159      E913C40C 
 159      0DA73A9F 
 160 03a5 A2199D43 		.ascii	"\242\031\235C\246\026|\225\026uX4\306tR\0117\036\325"
 160      A6167C95 
 160      16755834 
 160      C6745209 
 160      371ED5
 161 03b8 C34537FE 		.ascii	"\303E7\376\254\220\203\356\017\370\031\334\350\273>"
 161      AC9083EE 
 161      0FF819DC 
 161      E8BB3E
 162 03c7 DC546B78 		.ascii	"\334Tkx\316\302b\321\277HFD\307\233\002g\011\023j\352"
 162      CEC262D1 
 162      BF484644 
 162      C79B0267 
 162      09136AEA 
 163 03db E9DF68A0 		.ascii	"\351\337h\240Pm\372(\336\0368:\245P\012\212\371\335"
 163      506DFA28 
 163      DE1E383A 
 163      A5500A8A 
 163      F9DD
 164 03ed 9CC3802B 		.ascii	"\234\303\200+\314~b:0H\020/8\374\332\212\253Db\306<"
 164      CC7E623A 
 164      3048102F 
 164      38FCDA8A 
 164      AB4462C6 
 165 0402 376CE15D 		.ascii	"7l\341]b\013\3200=t'\374\274\341\235gV\247\000\203y"
 165      620BD030 
 165      3D7427FC 
 165      BCE19D67 
 165      56A70083 
 166 0417 A3D95280 		.ascii	"\243\331R\200\251)\022\303|\270\236z)\005\\\247\253"
 166      A92912C3 
 166      7CB89E7A 
 166      29055CA7 
 166      AB
 167 0428 0E83F0EB 		.ascii	"\016\203\360\353\251b\014\243\030W\327\035j\374\375"
 167      A9620CA3 
 167      1857D71D 
 167      6AFCFD
 168 0437 423CD1A3 		.ascii	"B<\321\243-XO\302\211\322\273\212\212\334\306\237\327"
 168      2D584FC2 
 168      89D2BB8A 
 168      8ADCC69F 
 168      D7
 169 0448 EFAEAE71 		.ascii	"\357\256\256q\373\253=nOyeY\245\317\353\335\355/\362"
ARM GAS  /tmp/cckc2J98.s 			page 13


 169      FBAB3D6E 
 169      4F796559 
 169      A5CFEBDD 
 169      ED2FF2
 170 045b 30A9D207 		.ascii	"0\251\322\007>\250\222\275\357\275\357\333f\001WTyv"
 170      3EA892BD 
 170      EFBDEFDB 
 170      66015754 
 170      7976
 171 046d EFD95596 		.ascii	"\357\331U\226I(g\317\256\013\362\327\322z\201e\335\347"
 171      492867CF 
 171      AE0BF2D7 
 171      D27A8165 
 171      DDE7
 172 047f ADAEF1BB 		.ascii	"\255\256\361\273_~\255dg\311^\004y\274\325e\357~\360"
 172      5F7EAD64 
 172      67C95E04 
 172      79BCD565 
 172      EF7EF0
 173 0492 62252277 		.ascii	"b%\"wd\"\313\366\326\270w\226\224\276Z\372\320!!=\225"
 173      6422CBF6 
 173      D6B87796 
 173      94BE5AFA 
 173      D021213D 
 174 04a7 AFECA9F2 		.ascii	"\257\354\251\362 \330\356\361\371+v\271*\230\212\271"
 174      20D8EEF1 
 174      F92B76B9 
 174      2A988AB9 
 175 04b7 78AB6B19 		.ascii	"x\253k\031\367\225\373\304d\031N\376\013l\217\314\243"
 175      F795FBC4 
 175      64194EFE 
 175      0B6C8FCC 
 175      A3
 176              		.text
 177              		.section	.gnu.lto_chPoolAllocI.d0408abd785894e0,"",%progbits
 178 0000 789C8592 		.ascii	"x\234\205\222\313k\023Q\024\306\3177\367\316L\250\265"
 178      CB6B1351 
 178      14C6CF37 
 178      F7CE4CA8 
 178      B5
 179 0011 852E43D1 		.ascii	"\205.C\321\200\326R\027\231E\327\356\375;\032\004\021"
 179      80D65217 
 179      9945D7EE 
 179      FD3B1A04 
 179      11
 180 0022 4342E23E 		.ascii	"CB\342>7\217\222\304\007\024\332F\014\203FTj\027\242"
 180      378F92C4 
 180      0714DA46 
 180      0C834654 
 180      6A17A2
 181 0035 E2ABA955 		.ascii	"\342\253\251U\307\024\203\013\333R\351B\214ta\261X)"
 181      C714830B 
 181      DB52E942 
 181      8C7461B1 
 181      5829
 182 0047 62515C28 		.ascii	"bQ\\(I=w\246bU\304af\356\353\234\357\373\2353c\021Q"
 182      493D77A6 
ARM GAS  /tmp/cckc2J98.s 			page 14


 182      6255C461 
 182      66EEEB9C 
 182      EFFB9D33 
 183 005e CB203ACC 		.ascii	"\313 :\314\343\021~`\021\214\261E\242l\3100D{\230T\227"
 183      E3117E60 
 183      118CB145 
 183      A26CC830 
 183      447B9854 
 184 0073 1C0F93EA 		.ascii	"\034\017\223\352\0260\203m\031L`\002zT!P\306\020\322"
 184      1630836D 
 184      194C6002 
 184      7A542150 
 184      C610D2
 185 0086 440667C5 		.ascii	"D\006g\305\204\300r\341\226+\316\010W\020$/\267\026"
 185      84C072E1 
 185      962BCE08 
 185      5710242F 
 185      B716
 186 0098 AA6B3D7A 		.ascii	"\252k=z\011Dx9]\374\274l\015M)\225S\336\371O\366T~\364"
 186      09447839 
 186      5DFCBC6C 
 186      0D4D2995 
 186      53DEF94F 
 187 00b0 A82B0CAA 		.ascii	"\250+\014\252p\364]\364\343\016\3725\304=\014q\354\373"
 187      70F45DF4 
 187      E30EFA35 
 187      C43D0C71 
 187      ECFB
 188 00c2 99662924 		.ascii	"\231f)$\016\200x\376=\273:\3353x\315\317{sU\250\203"
 188      0E8078FE 
 188      3DBB3ADD 
 188      3378CDCF 
 188      7B7355A8 
 189 00d7 AE10B80F 		.ascii	"\256\020\270\017\261;\221\267\010\0170\250\3437\012"
 189      B13B91B7 
 189      080F30A8 
 189      E3370A
 190 00e6 63A55E71 		.ascii	"c\245^q\310\317\335\352\234\373f\017\\\361s\027/\365"
 190      C8CFDDEA 
 190      9CFB660F 
 190      5CF17317 
 190      2FF5
 191 00f8 5DCEABE7 		.ascii	"]\316\253\347J\262+f~\317\327\027\207\277\275\335\231"
 191      4AB22B66 
 191      7ECFD717 
 191      87BFBDDD 
 191      99
 192 0109 DC6B49D4 		.ascii	"\334kI\3241P\023\244\321\230hV7\206G\275{\363\245\351"
 192      315013A4 
 192      D1986856 
 192      378647BD 
 192      7BF3A5E9 
 193 011d A9CE7651 		.ascii	"\251\316vQy\315\375K_^\364u\031l-Y\210\317\244\377\266"
 193      79CDFD4B 
 193      5F5EF475 
 193      196C2D59 
 193      88CFA4FF 
ARM GAS  /tmp/cckc2J98.s 			page 15


 194 0132 A0396C7F 		.ascii	"\2409l\177NTb\005n\225\362\250\314\245\362,\357\321"
 194      4E546205 
 194      6E95F2A8 
 194      CCA5F22C 
 194      EFD1
 195 0144 07E46637 		.ascii	"\007\344f7:yK\013W\205\315\266\225\321\306\222\255\033"
 195      3A794B0B 
 195      5785CDB6 
 195      95D1C692 
 195      AD1B
 196 0156 257CE8B9 		.ascii	"%|\350\271\306B\323\252\341bV)UK\261\201Y\025\026\036"
 196      C642D3AA 
 196      E1625629 
 196      554BB181 
 196      5915161E 
 197 016a 6A4C3E5D 		.ascii	"jL>])\276Z\335\343\334\3403\025ao\314\241\206I\015J"
 197      29BE5ADD 
 197      E3DCE033 
 197      15616FCC 
 197      A186490D 
 198 017f 780487D6 		.ascii	"x\004\207\326\221\253\215hi\015\300\362\364\016\205"
 198      91AB8D68 
 198      690DC0F2 
 198      F40E85
 199 018e D67CF37A 		.ascii	"\326|\363z\367\216\035\242A\265e\356X{\370'N\371Yop"
 199      F78E1DA2 
 199      41B565EE 
 199      587BF827 
 199      4EF9596F 
 200 01a3 6EECC691 		.ascii	"n\354\306\221\177\341\260\243/\362\370\0370O|\030h\030"
 200      7FE1B0A3 
 200      2FF2F81F 
 200      304F7C18 
 200      6818
 201 01b5 8F61587B 		.ascii	"\217aX{\345\364\005SK\377Y\327\276\377\224\365\364W"
 201      E5F40553 
 201      4BFF59D7 
 201      BEFF94F5 
 201      F457
 202 01c7 590D380C 		.ascii	"Y\0158\014\3463K\032\0173\363&d\200\253\377\272z}\263"
 202      E6334B1A 
 202      0F33F326 
 202      6480ABFF 
 202      BA7A7DB3 
 203 01db 6567DA2A 		.ascii	"eg\332*\344\012\273\242\2751\217\014\261\266+B~\222"
 203      E40ABBA2 
 203      BD318F0C 
 203      B1B62B42 
 203      7E92
 204 01ed B9D3F875 		.ascii	"\271\323\370u\030\024tE\322Gn\323\332D8P\221\034\366"
 204      18147445 
 204      D2476ED3 
 204      DA443850 
 204      911CF6
 205 0200 15920B13 		.ascii	"\025\222\013\023\257\267=\260\254\324\237\016:\217}"
 205      AFB73DB0 
 205      ACD49F0E 
ARM GAS  /tmp/cckc2J98.s 			page 16


 205      3A8F7D
 206 020f 23D1A813 		.ascii	"#\321\250\023\334\211\264\223:\345\244S1'v<~,\236L$"
 206      DC89B493 
 206      3AE5A453 
 206      3127763C 
 206      7E2C9E4C 
 207 0224 4EA6A331 		.ascii	"N\246\24312\342I\231\0309\221\374\001}\034\366|"
 207      32E24999 
 207      183991FC 
 207      017D1CF6 
 207      7C
 208              		.text
 209              		.section	.gnu.lto_chPoolAlloc.d0408abd785894e0,"",%progbits
 210 0000 789C8D53 		.ascii	"x\234\215SMlSG\020\236y\273\357\331\204\220H\234z\210"
 210      4D6C5347 
 210      109E79BB 
 210      EFD98490 
 210      489C7A88 
 211 0014 8A110D28 		.ascii	"\212\021\015(\200\3748 \016=DTH\010\016\271\300\011"
 211      80FC3820 
 211      0E3D4454 
 211      48080EB9 
 211      C009
 212 0026 2E953096 		.ascii	".\2250\226\010\302\330\262\003\202S6\211\243\304\205"
 212      08C2D8B2 
 212      03825336 
 212      89A3C485 
 213 0036 0A241A43 		.ascii	"\012$\032C\"\013\302\237\370S\013\024\012\011\011\360"
 213      220BC29F 
 213      F8530B14 
 213      0A0909F0 
 214 0046 709A4081 		.ascii	"p\232@\201\030\002!B\244\212*P\240\374(*\264\342\000"
 214      18022142 
 214      A48A2A50 
 214      A0FC282A 
 214      B4E200
 215 0059 6A60669F 		.ascii	"j`f\237\001\333\001\201e\257wg\276\231\371\276\331Y"
 215      01DB0181 
 215      65AF7767 
 215      BE99F9BE 
 215      D959
 216 006b 0B00A698 		.ascii	"\013\000\246\230\000]\364_I?\264\000\215\355\031\200"
 216      005DF45F 
 216      493FB400 
 216      8DED1980 
 217 007b 3AAF6188 		.ascii	":\257a\210L%\250\"\231.\005U,\320t\315\362\335\306D"
 217      4C25A822 
 217      992E0555 
 217      2CD074CD 
 217      F2DDC644 
 218 008f E48DF222 		.ascii	"\344\215\362\"\324\032B\232X\213[\305O\002\007\342'"
 218      D41A429A 
 218      588B5BC5 
 218      4F0207E2 
 218      27
 219 00a0 52628B48 		.ascii	"Rb\213H\011@I\307\347\375m\017J\370\210\350\243\343"
 219      094049C7 
ARM GAS  /tmp/cckc2J98.s 			page 17


 219      E7FD6D0F 
 219      4AF888E8 
 219      A3E3
 220 00b2 91A67F07 		.ascii	"\221\246\177\007\254\212CJ\325+g\347\275\242C\015\215"
 220      AC8A434A 
 220      D52B67E7 
 220      BDA2430D 
 220      8D
 221 00c3 4B52C280 		.ascii	"KR\302\200$\241Oc\031\236\3022f\361\033V\020\366\357"
 221      24A14F63 
 221      199EC232 
 221      66F11B56 
 221      10F6EF
 222 00d6 8EBE66AF 		.ascii	"\216\276f\257\230\201@\373\327u#GJf\035\324q\203\007"
 222      988140FB 
 222      D7752347 
 222      4A661DD4 
 222      718307
 223 00e9 84FA2625 		.ascii	"\204\372&%\004\236A\221\033H&\300\2638\213\361\217\343"
 223      049E4191 
 223      1B4826C0 
 223      B3388BF1 
 223      8FE3
 224 00fb DB9B4BC5 		.ascii	"\333\233K\305L\035\373|\374\307W\236\362\375:\366\345"
 224      4C1DFB7C 
 224      FCC7579E 
 224      F2FD3AF6 
 224      E5
 225 010c D1A97B1B 		.ascii	"\321\251{\033\324\025%\251*v\344\307\363\207\340\367"
 225      D41525A9 
 225      2A76E4C7 
 225      F387E0F7 
 226 011c 4F8EB74C 		.ascii	"O\216\267L\261$vb9\363\":\347\320\302\367\216\270\242"
 226      B1247662 
 226      39F3223A 
 226      E7D0C2F7 
 226      8EB8A2
 227 012f 8F3374CC 		.ascii	"\2173t\314\322\366\244\300\234\030\300.\202vS\027\013"
 227      D2F6A4C0 
 227      9C18C02E 
 227      82765317 
 227      0B
 228 0140 E0C3A3DF 		.ascii	"\340\303\243\337\232\300\216$\211-\364\265\316_\011"
 228      9AC08E24 
 228      892DF4B5 
 228      CE5F09
 229 014f 789E7D22 		.ascii	"x\236}\"/\327\005\312u\221o\204\026$\032\005Rv\276\360"
 229      2FD705CA 
 229      75916F84 
 229      16241A05 
 229      5276BEF0 
 230 0163 B49E562A 		.ascii	"\264\236V*\261\360\023R\320\301\362\343\267LG\215\277"
 230      B1F01352 
 230      D0C1F2E3 
 230      B74C478D 
 230      BF
 231 0174 6952CED8 		.ascii	"iR\316\330\354\314\177#S\213\015\344\016\011\355\224"
ARM GAS  /tmp/cckc2J98.s 			page 18


 231      ECCC7F23 
 231      538B0DE4 
 231      0E09ED94 
 232 0184 D43169EA 		.ascii	"\3241i\352\255\245W\200f\322K\267\252\034H\020Q\332"
 232      ADA55780 
 232      66D24BB7 
 232      AA1C4810 
 232      51DA
 233 0196 3538F014 		.ascii	"58\360\024\353\356\237\335\366\347Pa\013v\374S\224m"
 233      EBEE9FDD 
 233      F6E75061 
 233      0B76FC53 
 233      946D
 234 01a8 819C20A9 		.ascii	"\201\234 \251\321\246\274\227\330gN\224;o\005`\232}"
 234      D1A6BC97 
 234      D8674E94 
 234      3B6F0560 
 234      9A7D
 235 01ba 569EDC1E 		.ascii	"V\236\334\036R\371;\313\345\005\020\366q\301\303\027"
 235      52F93BCB 
 235      E50510F6 
 235      71C1C317 
 236 01ca 7A468BA7 		.ascii	"zF\213\247\037\303=j\227/\345&{\361\313\257w&K\203 "
 236      1FC33D6A 
 236      972FE526 
 236      7BF1CBAF 
 236      77264B83 
 237 01df BD389DD6 		.ascii	"\2758\235\326>\224\360\020\353\377Jt\230L\207\020]\227"
 237      3E94F010 
 237      EBFF4A74 
 237      984C8710 
 237      5D97
 238 01f1 0FEC90D9 		.ascii	"\017\354\220\331.\215\035-iSN\334\367\221y\321M\272"
 238      2E8D1D2D 
 238      69534EDC 
 238      F79179D1 
 238      4DBA
 239 0203 8CE56D24 		.ascii	"\214\345m$\365\011\326\237{<\336`\025\220\275:\207\001"
 239      F509D69F 
 239      7B3CDE60 
 239      1590BD3A 
 239      8701
 240 0215 59999EDC 		.ascii	"Y\231\236\334\351\340v\341\025\242\374\007S\246\245"
 240      E9E076E1 
 240      15A2FC07 
 240      53A6A5
 241 0224 4DF0F427 		.ascii	"M\360\364'\033\3237<<\356\356\\t\247\373\373\254v\334"
 241      1BD3373C 
 241      3CEEEE5C 
 241      74A7FBFB 
 241      AC76DC
 242 0237 8D294100 		.ascii	"\215)A\000\003\257rY\262\0176\335\035\231l\377\3145"
 242      03AF7259 
 242      B20F36DD 
 242      1D996CFF 
 242      CC35
 243 0249 DA5F6F2B 		.ascii	"\332_o+\243{\300k\330\216-\324~N\012x\035m\026\325\276"
ARM GAS  /tmp/cckc2J98.s 			page 19


 243      A37BC06B 
 243      D88E2DD4 
 243      7E4E0A78 
 243      1D6D16D5 
 244 025e 8A537331 		.ascii	"\212Ss1J\017\243\030\037\356\351;\\\234-\207~WC\202"
 244      4A0FA318 
 244      1FEEE93B 
 244      5C9C2D87 
 244      7E574382 
 245 0272 5C994ABA 		.ascii	"\\\231J\272)-\"\321[\352\372e.\035YH\307\303\011\372"
 245      292D22D1 
 245      5BEAFA65 
 245      2E1D5948 
 245      C7C309FA 
 246 0286 27D2F131 		.ascii	"'\322\36116\243\271`\226\313\015\342B\251\007\177h5"
 246      36A3B960 
 246      96CB0DE2 
 246      42A9077F 
 246      6835
 247 0298 39F317CA 		.ascii	"9\363\027\312\372\232\023\335\314\0235\2006\321\322"
 247      FA9A13DD 
 247      CC133580 
 247      36D1D2
 248 02a7 8C25A44B 		.ascii	"\214%\244K\211\3613\224.Y\223\242;;\237\015{j\377W\336"
 248      89F13394 
 248      2E5993A2 
 248      3B3B9F0D 
 248      7B6AFF57 
 249 02bc 94F02685 		.ascii	"\224\360&\205\327\215\271\205\265@%Rb\222\2163\263C"
 249      D78DB985 
 249      B5402552 
 249      62928E33 
 249      B343
 250 02ce F9100D70 		.ascii	"\371\020\015p\333b\351>=j\371J?S\276-6\370\364\311\311"
 250      DB62E93E 
 250      3D6AF94A 
 250      3F53BE2D 
 250      36F8F4C9 
 251 02e3 3BF183CE 		.ascii	";\361\203\316N\363\231!\324O\213\306\354\324g\307\354"
 251      4EF39921 
 251      D44F8BC6 
 251      ECD467C7 
 251      EC
 252 02f4 B61EB341 		.ascii	"\266\036\263A\032\2631\032\263-\335\275\026\247\343"
 252      1AB3311A 
 252      B32DDDBD 
 252      16A7E3
 253 0303 CA002FF5 		.ascii	"\312\000/\365M\210{o\034$\021\222_\0202E\212\363\371"
 253      4D887B6F 
 253      1C241192 
 253      5F103245 
 253      8AF3F9
 254 0316 FDB6FB0D 		.ascii	"\375\266\373\015\307\354h\215\035\213\006\354\300\232"
 254      C7EC688D 
 254      1D8B06EC 
 254      C09A
 255 0324 50301409 		.ascii	"P0\024\011\207\327\305\374\0010B\021\031^\26562\255"
ARM GAS  /tmp/cckc2J98.s 			page 20


 255      87D7C5FC 
 255      01304211 
 255      195EB536 
 255      32AD
 256 0336 0058BD3E 		.ascii	"\000X\275>\260n\303\352 \201c\233c\3765PQ\340\217\204"
 256      B06EC3EA 
 256      2081639B 
 256      63FE3550 
 256      51E08F84 
 257 034a A33531FB 		.ascii	"\24351\373\273eU\213\2526\021(\020\216\006\277\337\270"
 257      BB65558B 
 257      AA361128 
 257      108E06BF 
 257      DFB8
 258 035c 2044C8B9 		.ascii	" D\310\271\271\310\340\246\032{Q\325\362\245\313?$d"
 258      B9C8E0A6 
 258      1A7B51D5 
 258      F2A5CB3F 
 258      2464
 259 036e 6420B478 		.ascii	"d \264x\303\372\000\201\275\201H\254z\265\257\032<\304"
 259      C3FA0081 
 259      BD8148AC 
 259      7AB5AF1A 
 259      3CC4
 260 0380 291CDDEC 		.ascii	")\034\335\354\032\202dx\013\307V\330\260"
 260      1A826478 
 260      0BC756D8 
 260      B0
 261              		.text
 262              		.section	.gnu.lto_chPoolFreeI.d0408abd785894e0,"",%progbits
 263 0000 789C8552 		.ascii	"x\234\205R\317k\023Q\020\236og7\011\244V\360 \242E\002"
 263      CF6B1351 
 263      109E6F67 
 263      3709A456 
 263      F020A245 
 264 0015 5A4311B3 		.ascii	"ZC\021\263\377\220'\203P\304\220\245\361\336\227\264"
 264      FF902783 
 264      50C490A5 
 264      F1DE97B4 
 265 0025 31A97AE8 		.ascii	"1\251z\350\301\246\020\026Y\324\"=\224*jMk\3255J\361"
 265      C1A61016 
 265      59D4223D 
 265      942A6A4D 
 265      6BD5354A 
 266 003a 6015A505 		.ascii	"`\025\245\005E\211\240\030\334\"\202\370\343\"Tg\266"
 266      4589A018 
 266      DC2282F8 
 266      E3225467 
 266      B6
 267 004b 15AD220E 		.ascii	"\025\255\"\016\373\330yo\346\373\346{\337n\202\210\312"
 267      FBD8796F 
 267      E6FBE67B 
 267      DF6E8288 
 267      CA
 268 005c 16514EDE 		.ascii	"\026QN\336{d\201\011\326\370#9LY\200&&\005\032\2660"
 268      7B648109 
 268      D6F82339 
ARM GAS  /tmp/cckc2J98.s 			page 21


 268      4C598026 
 268      26051AB6 
 269 0071 8C337C96 		.ascii	"\2143|\226\321\256u\347\255\201KF\"\234\234K\2374\325"
 269      D1AE75E7 
 269      AD814B46 
 269      229C9C4B 
 269      9F34D5
 270 0084 5D3E1335 		.ascii	"]>\0235di\340*\006\244\353\311\350e\237O\263\317\200"
 270      6469E02A 
 270      06A4EBC9 
 270      E8659F4F 
 270      B3CF80
 271 0097 2DDB8FCB 		.ascii	"-\333\217\313\3157\275\272\265\220\221\355\273\326R"
 271      CD37BDBA 
 271      B59091ED 
 271      BBD652
 272 00a6 3DC5FB40 		.ascii	"=\305\373@\222\177+w\246{\263S\306TL\370\360\"\233\375"
 272      927F2B77 
 272      A67BB353 
 272      C6544CF8 
 272      F0229BFD 
 273 00ba 3E33E6C0 		.ascii	">3\346\300B\210\353\350\3035\364\221\034\021n +\355"
 273      4288EBE8 
 273      C335F491 
 273      1C116E20 
 273      2BED
 274 00cc D1E8787D 		.ascii	"\321\350x};\037\210\241_\337\2576{6\241/\247b\250\215"
 274      3B1F88A1 
 274      5FDFAF36 
 274      7B36A12F 
 274      A762A88D 
 275 00e0 D69F509B 		.ascii	"\326\237P\2330\217\254\366\277x\336i\365\360\301\030"
 275      308FACF6 
 275      BF78DE69 
 275      F5F0C118 
 276 00f0 BBFA6AFA 		.ascii	"\273\372j\372p\377\205\030\332\235\331{~\304<0\266\317"
 276      70FF8518 
 276      DA9DD97B 
 276      7EC43C30 
 276      B6CF
 277 0102 0E16B6C2 		.ascii	"\016\026\266\3025\244\373\365\225\365\211m\011\0337"
 277      35A4FBF5 
 277      95F5896D 
 277      091B37
 278 0111 D11FFCBC 		.ascii	"\321\037\374\274,\026\221 H2\373\324\011\315\372\367"
 278      2C169120 
 278      4832FBD4 
 278      09CDFAF7 
 279 0121 9A093B87 		.ascii	"\232\011;\207\242\317_v$!S\0351O\306\332P\335DuA\210"
 279      A2CF5F76 
 279      2421531D 
 279      314FC6DA 
 279      50DD4475 
 280 0137 9726A431 		.ascii	"\227&\2441\2664\033\011\251\213J\360\251\341*\217\022"
 280      B6341B09 
 280      A98B4AF0 
 280      A9E12A8F 
ARM GAS  /tmp/cckc2J98.s 			page 22


 280      12
 281 0148 37A5B086 		.ascii	"7\245\260\206\312B\024U\323z\326d\310\344F\265\3758"
 281      CA421455 
 281      D37AD664 
 281      C8E446B5 
 281      FD38
 282 015a A9CE712C 		.ascii	"\251\316q,{\261\275\274\224\010p\256,\366g|\226&\033"
 282      7BB1BDBC 
 282      940870AE 
 282      2CF6677C 
 282      96261B
 283 016d B754A7D4 		.ascii	"\267T\247\324Vj\317:iw\306l\224\034\334F\200\211\370"
 283      566ACF3A 
 283      6977C66C 
 283      941CDC46 
 283      8089F8
 284 0180 B3E00E5C 		.ascii	"\263\340\016\\\345^95\346(\365\357\274\316_\274\301"
 284      E55E3935 
 284      E628F5EF 
 284      BCCE5FBC 
 284      C1
 285 0191 6E9F93A2 		.ascii	"n\237\223\242\006\341?\210\357\306\304zu\264\341\212"
 285      06E13F88 
 285      EFC6C47A 
 285      75B4E18A 
 286 01a1 4EE56E44 		.ascii	"N\345nDko\223\233\344[\330v\376G\346\275_2\357+\233"
 286      6B6F939B 
 286      E45BD876 
 286      FE47E6BD 
 286      5F32EF2B 
 287 01b6 451FC498 		.ascii	"E\037\304\230\331I\304\006k\324e\202X&?i&\227s7\236"
 287      D949C406 
 287      6BD46582 
 287      58263F69 
 287      26977337 
 288 01cb 62C91D3A 		.ascii	"b\311\035:\341\226\206\362n~\260p\264\340\025\213\307"
 288      E19686F2 
 288      6E7EB070 
 288      B4E0158B 
 288      C7
 289 01dc 4BB93C59 		.ascii	"K\271<Y\005\317.\0369\346\2617\350\375\000WC\334\332"
 289      05CF2E1E 
 289      39E6B137 
 289      E8FD0057 
 289      43DCDA
 290              		.text
 291              		.section	.gnu.lto_chPoolFree.d0408abd785894e0,"",%progbits
 292 0000 789C8D53 		.ascii	"x\234\215S]HSa\030\376\336}g?\341Z\320\205DIM\312\206"
 292      5D485361 
 292      18FEDE7D 
 292      673FE15A 
 292      D0854449 
 293 0017 103B5D44 		.ascii	"\020;]D\027\335\205\020t\341M^\025A\320\034h876\015"
 293      17DD8510 
 293      74E14D5E 
 293      1541D01C 
 293      68383736 
ARM GAS  /tmp/cckc2J98.s 			page 23


 294 002c BDF2A85B 		.ascii	"\275\362\250[\316,\225\314Uc\3240\245$\314\312\277\371"
 294      CE2C95CC 
 294      5563D430 
 294      A524CCCA 
 294      BFF9
 295 003e 93AE696A 		.ascii	"\223\256ij?\376\266EaX\030J\263\020,\350\242\300z\337"
 295      3FFEB645 
 295      6158184A 
 295      B3102CE8 
 295      A2C07ADF 
 296 0052 B391BA05 		.ascii	"\263\221\272\005u\330\371v\276\367}\276\347}\336\237"
 296      75D8F976 
 296      BEF77DBE 
 296      E77DDE9F 
 297 0062 4FC518EB 		.ascii	"O\305\030\353\024\030\033\302\377]\370\002g\240\250"
 297      14181BC2 
 297      FF5DF802 
 297      67A0A8
 298 0071 9F64AC5C 		.ascii	"\237d\254\\\243\000\240\017I\003\254L\001ep\211_\345"
 298      A300A00F 
 298      4903AC4C 
 298      01657089 
 298      5FE5
 299 0083 10AA5AEA 		.ascii	"\020\252Z\352Ud\336\221\360\011^\273\242\273 \271v\370"
 299      5564DE91 
 299      F0095EBB 
 299      A2BB20B9 
 299      76F8
 300 0095 38631E7C 		.ascii	"8c\036|\351\201\016\310D\324\214\363\201\217\327p\037"
 300      E9810EC8 
 300      44D48CF3 
 300      818FD770 
 300      1F
 301 00a6 071070BB 		.ascii	"\007\020p\273:\341\375\250\243\255\002\364\270\375\024"
 301      3AE1FDA8 
 301      A3AD02F4 
 301      B8FD14
 302 00b5 18756BF8 		.ascii	"\030uk\370^`\370\375\263|\276Ugh\221\244\012)8\322\314"
 302      5E60F8FD 
 302      B37CBE55 
 302      676891A4 
 302      0A2938D2 
 303 00ca A57D3ECE 		.ascii	"\245}>\316\241\0338\022B\027\244A'\244141\350\001\003"
 303      A11B3812 
 303      4217A441 
 303      27A43134 
 303      31E80103 
 304 00de C2A3CE7A 		.ascii	"\302\243\316z\3676\276_>\372\375K\304\253\215\037\015"
 304      F736BE5F 
 304      3EFAFD4B 
 304      C4AB8D1F 
 304      0D
 305 00ef B7C84705 		.ascii	"\267\310G\005\010$\036\025\030\364\202\201\360\013\017"
 305      08241E15 
 305      18F48281 
 305      F00B0F
 306 00fe D71AB7AA 		.ascii	"\327\032\267\252\204\230V\350\003\025\3741:\345|V\002"
ARM GAS  /tmp/cckc2J98.s 			page 24


 306      849856E8 
 306      0315FC31 
 306      3AE57C56 
 306      02
 307 010f 2AD9EEE1 		.ascii	"*\331\356\341\260\021\017\375\010\035\000\025K\200\317"
 307      B0110FFD 
 307      081D0015 
 307      4B80CF
 308 011e 2D1E5132 		.ascii	"-\036Q2rx\270\"\311w\343\320)\006\217\311\3077q\015"
 308      7278B822 
 308      C977E3D0 
 308      29068FC9 
 308      C737710D 
 309 0132 22D71072 		.ascii	"\"\327\020r\321\002\250\243}V\031\224\326~Ua5\267\007"
 309      D102A8A3 
 309      7D561994 
 309      D67E5561 
 309      35B707
 310 0145 A6A3B586 		.ascii	"\246\243\265\206-Xv\314\025+\207\262\005L@\311\230\033"
 310      2D5876CC 
 310      152B87B2 
 310      054C40C9 
 310      981B
 311 0157 15632BA4 		.ascii	"\025c+\244 \253\306P\370U\031d\237\241|\241\247\356"
 311      20ABC650 
 311      F8551964 
 311      9FA17CA1 
 311      A7EE
 312 0169 DDEBC424 		.ascii	"\335\353\304$\032<\272x\022B\222(\227\210\202\203\344"
 312      1A3CBA78 
 312      12429228 
 312      97888283 
 312      E4
 313 017a 53260B3E 		.ascii	"S&\013>x\222\301\023\362\2516\011\016\241\316a\022L"
 313      7892C113 
 313      F2A93609 
 313      0EA1CE61 
 313      124C
 314 018c 0B03D644 		.ascii	"\013\003\326D\001\357\016\016/j\323\357\301-\351\272"
 314      01EF0E0E 
 314      2F6AD3EF 
 314      C12DE9BA 
 315 019c DE173BF0 		.ascii	"\336\027;\360\365\376\243H\212\240@\310\010\244\343"
 315      F5FEA348 
 315      8AA040C8 
 315      08A4E3
 316 01ab FA1404B6 		.ascii	"\372\024\004\266\004\025\037\252k\324$\007\021\375c"
 316      04151FAA 
 316      6BD42407 
 316      11FD63
 317 01ba CD0D42C6 		.ascii	"\315\015B\306m\271_\223\001\255W\012:\365\177\351\266"
 317      6DB95F93 
 317      01AD570A 
 317      3AF57FE9 
 317      B6
 318 01cb 3C46A390 		.ascii	"<F\243\220\341\305T\221\300\337\216S\024#X]\273\374"
 318      E1C55491 
ARM GAS  /tmp/cckc2J98.s 			page 25


 318      C0DF8E53 
 318      1423585D 
 318      BBFC
 319 01dd 439D4490 		.ascii	"C\235D\220\324s\231`\214\010\270L\360\315#&$\273\024"
 319      D4739960 
 319      8C08B84C 
 319      F0CD2326 
 319      24BB14
 320 01f0 501180A2 		.ascii	"P\021\200\242\304k\245\246\024\346\336\316\007\264\274"
 320      C46BA5A6 
 320      14E6DECE 
 320      07B4BC
 321 01ff 03E4EE47 		.ascii	"\003\344\356G\336\267\236\216\307Zj\333\335T)\215K\002"
 321      DEB79E8E 
 321      C75A6ADB 
 321      DD54298D 
 321      4B02
 322 0211 36039E25 		.ascii	"6\003\236%\007[/\027<'\306q,\331\013*\031.d!!\313P\321"
 322      075B2F17 
 322      3C27C671 
 322      2CD90B2A 
 322      192E6421 
 323 0229 178DBA52 		.ascii	"\027\215\272R\310\346\345t)<\256\320\224\232.El\332"
 323      C8E6E574 
 323      293CAED0 
 323      949A2E45 
 323      6CDA
 324 023b 064213A3 		.ascii	"\006B\023\243*?\334\004\037Wc\352\360\222\310\321\036"
 324      2A3FDC04 
 324      1F5763EA 
 324      F092C8D1 
 324      1E
 325 024c AE7A339F 		.ascii	"\256z3\237\"\266\221n=\305\237\000?4\342<P\024\006\223"
 325      22B6916E 
 325      3DC59F00 
 325      3F34E23C 
 325      50140693 
 326 0260 201275F8 		.ascii	" \022u\370b\265\222\2307\322*\023i5\250\003\246\222"
 326      62B59298 
 326      37D22A13 
 326      6935A803 
 326      A692
 327 0272 69FD3B09 		.ascii	"i\375;\011<-\363B\234w\006DTI\324\236\350\362\242:\316"
 327      3C2DF342 
 327      9C770644 
 327      5449D49E 
 327      E8F2A23A 
 328 0287 FD1F1AFD 		.ascii	"\375\037\032\375\251D6\273I\344+\"\213\365\242#\326"
 328      A94436BB 
 328      49E42B22 
 328      8BF5A223 
 328      D6
 329 0298 4CB9F264 		.ascii	"L\271\362d\320\313\2731\332\321@w\325u\247\312\327\003"
 329      D0CBBB31 
 329      DAD14077 
 329      D575A7CA 
 329      D703
ARM GAS  /tmp/cckc2J98.s 			page 26


 330 02aa 07ADE79F 		.ascii	"\007\255\347\237\203\026\226\007-\202\203\266\202\203"
 330      83169607 
 330      2D8283B6 
 330      8283
 331 02b8 56536B20 		.ascii	"VSk 2\271#nL\004\257\011\202\364F\243\030\373Y\035\242"
 331      32B9236E 
 331      4C04AF09 
 331      82F446A3 
 331      18FB591D 
 332 02cd BD4874D8 		.ascii	"\275Ht\330M\242)\317b\266\330\254\326\002\207\321\304"
 332      4DA229CF 
 332      62B6D8AC 
 332      D60287D1 
 332      C4
 333 02de 14169B60 		.ascii	"\024\026\233`={\316\266'\001\230_h*(\3165#\330Q\352"
 333      3D7BCEB6 
 333      2701985F 
 333      682A28CE 
 333      3523D851 
 334 02f3 30E6B1CC 		.ascii	"0\346\261\314\004\277\315j/r\210GOdge\227 \310d\265"
 334      04BFCD6A 
 334      2F728847 
 334      4F646765 
 334      9720C864 
 335 0308 9BCF9C3F 		.ascii	"\233\317\234?lA\344\201\215HsI\221\230\225\235s<g\235"
 335      6C41E481 
 335      8D487349 
 335      9198959D 
 335      733C679D 
 336 031c 909026CB 		.ascii	"\220\220&\313\261\342B\023\2025&\233#?W\237\317\324"
 336      B1E24213 
 336      8235269B 
 336      233F579F 
 336      CFD4
 337 032e A8C96A2F 		.ascii	"\250\311j/e\334\226g\223\215f4\376\006/\270\275\355"
 337      65DC9667 
 337      938D6634 
 337      FE062FB8 
 337      BDED
 338              		.text
 339              		.section	.gnu.lto_.symbol_nodes.d0408abd785894e0,"",%progbits
 340 0000 789C55C8 		.ascii	"x\234U\310\275\021@P\020E\341{\355\243\032EP\331\276"
 340      BD114050 
 340      1045E17B 
 340      EDA31A45 
 340      50D9BE
 341 0013 3146E03F 		.ascii	"1F\340? P\200\"\310Hd\372\221\030/\220lp\202\363%\000"
 341      20508022 
 341      C84864FA 
 341      91182F90 
 341      6C7082F3 
 342 0029 9610A299 		.ascii	"\226\020\242\231\012\2147\240\340V\036>\013VS\371\033"
 342      0A8C37A0 
 342      E0561E3E 
 342      0B5653F9 
 342      1B
 343 003a 769F0769 		.ascii	"v\237\007i\250\221\225\226*V:\252\263\322Sc+\00351\342"
ARM GAS  /tmp/cckc2J98.s 			page 27


 343      A8919596 
 343      2A563AAA 
 343      B3D25363 
 343      2B033531 
 344 004f 80697D09 		.ascii	"\200i}\011\021\340|R\011_T\227\340\003\372\020&\321"
 344      11E07C52 
 344      095F5497 
 344      E003FA10 
 344      26D1
 345              		.text
 346              		.section	.gnu.lto_.refs.d0408abd785894e0,"",%progbits
 347 0000 789C6363 		.ascii	"x\234cc```\004b\006\000\000D\000\010"
 347      60606004 
 347      62060000 
 347      440008
 348              		.text
 349              		.section	.gnu.lto_.decls.d0408abd785894e0,"",%progbits
 350 0000 789C9D57 		.ascii	"x\234\235WkP\024\331\025\356\333w\200a\230\001\027L"
 350      6B5014D9 
 350      15EEDB77 
 350      80619801 
 350      174C
 351 0012 CAA4A884 		.ascii	"\312\244\250\2042XER\302\370Z\265\362k-\023\243\225"
 351      32584552 
 351      C2F85AB5 
 351      F26B2D13 
 351      A395
 352 0024 3549C5DD 		.ascii	"5I\305\335\037V\2452\216\303\354\302.\314\2603\270Y"
 352      1F56A532 
 352      8EC3ECC2 
 352      2ECCB033 
 352      B859
 353 0036 F3278DF8 		.ascii	"\363'\215\370@\021\202\312* \002>\026E\036\276qy(\010"
 353      401182CA 
 353      2A20023E 
 353      16451EBE 
 353      71792808 
 354 004a 3E504010 		.ascii	">P@\020Q\304\005\004\305\307\342\003T\024\021\225\234"
 354      51C40504 
 354      C5C7E203 
 354      54141195 
 354      9C
 355 005b FBE8999E 		.ascii	"\373\350\231\236^G\253\322\305\231\236{\373\234\357"
 355      5E47ABD2 
 355      C5999E7B 
 355      FB9CEF
 356 006a 7CDF397D 		.ascii	"|\3379}\357\\|\005A\030\236\000&\012\202\026\013\302"
 356      EF5C7C05 
 356      41189E00 
 356      260A8216 
 356      0BC2
 357 007c 385C5A98 		.ascii	"8\\Z\230;\005\246\001\273\006V\015\326\002f\022\330"
 357      3B05A601 
 357      BB06560D 
 357      D6026612 
 357      D8
 358 008d E507D603 		.ascii	"\345\007\326\003\326\0176\000\366\010l\010\354\031\330"
ARM GAS  /tmp/cckc2J98.s 			page 28


 358      D60F3600 
 358      F6086C08 
 358      EC19D8
 359 009c 88F0D3EB 		.ascii	"\210\360\323\353\004\022\004\035\334\203\301&r\034\202"
 359      0412041D 
 359      DC83C126 
 359      721C82
 360 00ab DB04B614 		.ascii	"\333\004\266\024\254\203\343\223<\215`@Eh\005k\007C"
 360      AC83E393 
 360      3C8D6040 
 360      4568056B 
 360      0743
 361 00bd 3C17B9FB 		.ascii	"<\027\271\373 O\334\3630&\\\227)\260\225|\011n=\030"
 361      204FDCF3 
 361      30265C97 
 361      29B0957C 
 361      096E3D18 
 362 00d1 C812DA38 		.ascii	"\310\022\3328^+\307\352\347w\203\012\363\012\214\365"
 362      5E2BC7EA 
 362      E777830A 
 362      F30A8CF5 
 363 00e1 6FC13471 		.ascii	"o\3014q\334\245\0343\030\374B\020\253S\007\347\\\307"
 363      DCA51C33 
 363      18FC4210 
 363      AB5307E7 
 363      5CC7
 364 00f3 73E8785D 		.ascii	"s\350x]~\206X=&\301\375\227`\277\002\013\003\233\014"
 364      7E86583D 
 364      26C1FD97 
 364      60BF020B 
 364      039B0C
 365 0106 3605B17A 		.ascii	"6\005\261z\221\364SU\034\272a\354\377\226z\325\363\\"
 365      91F45355 
 365      1CBA61EC 
 365      FF967AD5 
 365      F35C
 366 0118 246724F8 		.ascii	"$g$\370t\363\274m<\267\310{\341\255^}^\372 \353y\027"
 366      74F3BC6D 
 366      3CB7C87B 
 366      E1AD5E7D 
 366      5EFA20EB 
 367 012e 36E133F4 		.ascii	"6\3413\364\016-r^\365u\337K\217L*=\312\\\204\266\\\233"
 367      0E2D725E 
 367      F575DF4B 
 367      8F4C2A3D 
 367      CA5C84B6 
 368 0144 992A0D83 		.ascii	"\231*\015\203\2746\336\360\224:\224\230\204\303\373"
 368      BC36DEF0 
 368      943A9498 
 368      84C3FB
 369 0153 7AA1BE32 		.ascii	"z\241\27621\272\264\372`.N\305(X\20740|\334\234s+\020"
 369      31BAB4FA 
 369      602E4EC5 
 369      28588734 
 369      307CDC9C 
 370 016a 86137528 		.ascii	"\206\023u(\014\2069U\303\027|\330S-\014\267\217f\377"
 370      0C863955 
ARM GAS  /tmp/cckc2J98.s 			page 29


 370      C3177CD8 
 370      532D0CB7 
 370      8F66FF
 371 017d 038B88C4 		.ascii	"\003\213\210\304u7\024\025\223\270\245:DVT\020L\035"
 371      75371415 
 371      93B8A53A 
 371      44565410 
 371      4C1D
 372 018f 7850316A 		.ascii	"xP1j`S\304\243\257#g\247\017\376\200~?:zt\014G\225H"
 372      6053C4A3 
 372      AF2367A7 
 372      0FFE807E 
 372      3F3A7A74 
 373 01a7 ECD2C60A 		.ascii	"\354\322\306\012\250\002a\231\302\236\321\301\343z\374"
 373      A8026199 
 373      C29ED1C1 
 373      E37AFC
 374 01b6 7BE22836 		.ascii	"{\342(6\267\216Tj\221.\"E\222VI\005\311\222\377B\001"
 374      B78E546A 
 374      912E2245 
 374      92564905 
 374      C992FF42 
 375 01cb 1D45A1E8 		.ascii	"\035E\241\350\010\012\025\320\011\024A\300+Q\224\200"
 375      080A15D0 
 375      091441C0 
 375      2B519480 
 376 01db BE87C9E3 		.ascii	"\276\207\311\3430YH\000k[\262&W\365HR\030\252F:T\205"
 376      30594800 
 376      6B5BB226 
 376      57F54852 
 376      18AA463A 
 377 01f1 30F581FA 		.ascii	"0\365\201\372.\325\261\024\347\352Nl\013\304\347\020"
 377      2ED5B114 
 377      E7EA4E6C 
 377      0BC4E710 
 378 0201 2593D299 		.ascii	"%\223\322\231|Y\217[\330 ks\011P\351\240\003M\313\205"
 378      7C598F5B 
 378      D8206B73 
 378      0950E9A0 
 378      034DCB85 
 379 0215 AEEF7528 		.ascii	"\256\357u($\\\037\261\211\300B~\011i\024\004j\001\371"
 379      245C1FB1 
 379      89C0427E 
 379      09691404 
 379      6A01F9
 380 0228 140A21E8 		.ascii	"\024\012!\350\3504\220\251C\341T\304.\302\266\366Fu"
 380      E83490A9 
 380      43E154C4 
 380      2EC2B6F6 
 380      4675
 381 023a F8DE736B 		.ascii	"\370\336sk\245\0143\252GzT\303}]\301\306P 4\035>\204"
 381      A50C33AA 
 381      477A54C3 
 381      7D5DC1C6 
 381      5020341D 
 382 0250 0D2E711E 		.ascii	"\015.q\036\036\002\211#pL\323\331u\030JE<\004.\207\327"
 382      1E028923 
ARM GAS  /tmp/cckc2J98.s 			page 30


 382      704CD3D9 
 382      75184A45 
 382      3C042E87 
 383 0265 6BEC5E66 		.ascii	"k\354^f'bM\321\303pUU\347\246 \326\262^\362\370\360"
 383      27624DD1 
 383      C3705555 
 383      E7A620D6 
 383      B25EF2F8 
 384 027a D5D5D501 		.ascii	"\325\325\325\0018\205\265)\267?-\335G\003\357\011\255"
 384      3885B529 
 384      B73F2DDD 
 384      4703EF09 
 384      AD
 385 028b 8C4D43E6 		.ascii	"\214MC\346\316\214\217\324\006\261x\021\206mCM;\002"
 385      CE8C8FD4 
 385      06B17811 
 385      866D434D 
 385      3B02
 386 029d 58FC04D2 		.ascii	"X\374\004\322\215\355;j\264\223\266\022\012\031\311"
 386      8DED3B6A 
 386      B493B612 
 386      0A19C9
 387 02ac D2041199 		.ascii	"\322\004\021\231\364\350\0020<O\0316\242I\360\331\200"
 387      F4E80230 
 387      3C4F1936 
 387      A249F0D9 
 387      80
 388 02bd 348C4AF1 		.ascii	"4\214J\361\265\206v\275^\241\007\236+\3644A\035\030"
 388      B58676BD 
 388      5EA1079E 
 388      2BF43441 
 388      1D18
 389 02cf 75F03DD2 		.ascii	"u\360=\322\223^o\300\231\224\227\270\371\315\252\343"
 389      935E6FC0 
 389      999497B8 
 389      F9CDAAE3 
 390 02df BE2842CF 		.ascii	"\276(B\317\333\3274w\353\032I\022Q\013\0044\273\333"
 390      DBD73477 
 390      EB1A4912 
 390      510B0434 
 390      BBDB
 391 02f1 D744EBE1 		.ascii	"\327D\353\341\005\036]\204\016(3\370\344\367\344\355"
 391      051E5D84 
 391      0E2833F8 
 391      E4F7E4ED 
 392 0301 0942E121 		.ascii	"\011B\341!\341\021\341rG\246e=\271'I\233\365\024\371"
 392      E111E172 
 392      47A6653D 
 392      B927499B 
 392      F514F9
 393 0314 1C205F52 		.ascii	"\034 _R\266\344\030r\365\2046<Cb\015?\013\016g\350\263"
 393      B6E41872 
 393      F584363C 
 393      43620D3F 
 393      0B0E67E8 
 394 0329 4BBCDB97 		.ascii	"K\274\333\227!W\033\012G\355`\255\036]\277\2305qw\262"
 394      21571B0A 
ARM GAS  /tmp/cckc2J98.s 			page 31


 394      47ED60AD 
 394      1E5DBF98 
 394      357177B2 
 395 033d D4308D36 		.ascii	"\3240\2156\375\244:\203\273\351\274\251Y\301I\220\203"
 395      FDA43A83 
 395      BBE9BCA9 
 395      59C14990 
 395      83
 396 034e 3829BBCA 		.ascii	"8)\273\312\240\256f\0053(\322\253\362\267B\035%\254"
 396      A0AE6605 
 396      3328D2AB 
 396      F2B7421D 
 396      25AC
 397 0360 4835DBB6 		.ascii	"H5\333\266\236)\366\303gX5\037\355z\221\036\204\"BX"
 397      9E29F6C3 
 397      6758351F 
 397      ED7A911E 
 397      84224258 
 398 0374 8EE759BE 		.ascii	"\216\347Y\276\344\305\351\200\340+\356Z\222\214^d\242"
 398      E4C5E980 
 398      E02BEE5A 
 398      928C5E64 
 398      A2
 399 0385 ABA0EE5D 		.ascii	"\253\240\356]J!\337\3167\205\353\375\224\235\356\360"
 399      4A21DFCE 
 399      3785EBFD 
 399      949DEEF0 
 400 0395 7873AFB1 		.ascii	"xs\257\2617\227\334\301\271\242n\355%\303\015\324\215"
 400      3797DCC1 
 400      B9A26EED 
 400      25C30DD4 
 400      8D
 401 03a6 C88B3781 		.ascii	"\310\2137\201B \304>\341N\214\216\307\345\013\261y\230"
 401      4220C43E 
 401      E14E8C8E 
 401      C7E50BB1 
 401      7998
 402 03b8 15D98DBB 		.ascii	"\025\331\215\273\222\201\034\302\277\303\247\3101D\031"
 402      92811CC2 
 402      BFC3A7C8 
 402      314419
 403 03c7 97FE7100 		.ascii	"\227\376q\000\244De\317Y:\371\022dxFK\216\023\030\244"
 403      A44465CF 
 403      593AF912 
 403      6478464B 
 403      8E1318A4 
 404 03db 67324590 		.ascii	"g2E\220\007W\301\365\330E\323-\022\361\212U\356,\273"
 404      0757C1F5 
 404      D845D32D 
 404      12F18A55 
 404      EE2CBB
 405 03ee ABE9453D 		.ascii	"\253\351E=0^ \010\031\332x:\273\376\325\365\253\030"
 405      305E2008 
 405      19DA783A 
 405      BBFED5F5 
 405      AB18
 406 0400 5F66AB73 		.ascii	"_f\253s\260;\373\266\226\256N\250\033_\235{\317\334"
ARM GAS  /tmp/cckc2J98.s 			page 32


 406      B03BFBB6 
 406      96AE4EA8 
 406      1B5F9D7B 
 406      CFDC
 407 0412 3A207A5D 		.ascii	": z]\177\335t\375u\311\353\2573\255t\217\377\344\002"
 407      7FDD74FD 
 407      75C9EBAF 
 407      33AD748F 
 407      FFE402
 408 0425 A9B657AA 		.ascii	"\251\266W\252\035\357\012\313\277\2706\245\025\002\227"
 408      1DEF0ACB 
 408      BFB836A5 
 408      150297
 409 0434 5147F483 		.ascii	"QG\364\203\273\373?\220\355\026]G\275\010u\242\033@"
 409      BBFB3F90 
 409      ED165D47 
 409      BD0875A2 
 409      1B40
 410 0446 B8074D86 		.ascii	"\270\007M\206\370\327\345\32518\005S2\3536\225\365\353"
 410      F8D7E5D5 
 410      31380553 
 410      32EB3695 
 410      F5EB
 411 0458 28991617 		.ascii	"(\231\026\027\231\375\3455/\374]\333G/\242\2237\257"
 411      99FDE535 
 411      2FFC5DDB 
 411      472FA293 
 411      37AF
 412 046a 54E7185C 		.ascii	"T\347\030\\\254\373\330\344\351\216\3437=h/\373\271"
 412      ACFBD8E4 
 412      E98EE337 
 412      3D682FFB 
 412      B9
 413 047b 82F62D4A 		.ascii	"\202\366-J\373\246L\273.i\313\032-\320.\000\332=\331"
 413      FBA64CBB 
 413      2E69CB1A 
 413      2DD02E00 
 413      DA3DD9
 414 048e FA1CA976 		.ascii	"\372\034\251v\225D\226?\270\0019\027\351\033j\322\375"
 414      9544963F 
 414      B8013917 
 414      E91B6AD2 
 414      FD
 415 049f 94F4F09E 		.ascii	"\224\364\360\236\254\323:\234\215\275np\365\245c\265"
 415      ACD33A9C 
 415      8DBD6E70 
 415      F5A563B5 
 416 04af 98CE41ED 		.ascii	"\230\316A\355\3560~O\333\216\225\372\272H\337e\223\025"
 416      EE307E4F 
 416      DB8E95FA 
 416      BA48DF65 
 416      9315
 417 04c1 2947D27C 		.ascii	")G\322|\275\222\376\221\222\276'\223\256l|\230\347\313"
 417      BD92FE91 
 417      92BE2793 
 417      AE6C7C98 
 417      E7CB
ARM GAS  /tmp/cckc2J98.s 			page 33


 418 04d3 495F0875 		.ascii	"I_\010uq\006/t\333\315\371\266\232\363\000\345|\253"
 418      71062F74 
 418      DBCDF9B6 
 418      9AF300E5 
 418      7CAB
 419 04e5 E3E63D03 		.ascii	"\343\346=\003.\302\377g\333\037R*\017d*o2N\356\302@"
 419      2EC2FF67 
 419      DB1F522A 
 419      0F642A6F 
 419      324EEEC2 
 420 04fa A517A89C 		.ascii	"\245\027\250\234\315\017d\\\222D\342\206\356\273\271"
 420      CD0F645C 
 420      9244E286 
 420      EEBBB9
 421 0509 DC577379 		.ascii	"\334WsyD\271\234z\266>M\207\313\031\227\346\301\346"
 421      44B99C7A 
 421      B63E4D87 
 421      CB1997E6 
 421      C1E6
 422 051b 7A3FAE6A 		.ascii	"z?\256j\340w.U\004i\320\2154\250F\032\242H\217+\013"
 422      E0772E55 
 422      0469D08D 
 422      34A8461A 
 422      A2488F2B 
 423 0530 9F625CC7 		.ascii	"\237b\\\307\220\312J\306\016\352\344\2523Q\265y\031"
 423      90CA4AC6 
 423      0EEAE4AA 
 423      3351B579 
 423      19
 424 0541 8D412EA1 		.ascii	"\215A.\241OX\321\037\365\244\256\325z-\3720U\372TVz"
 424      4F58D11F 
 424      F5A4AED5 
 424      7A2DFA30 
 424      55FA5456 
 425 0556 2BA3FDB5 		.ascii	"+\243\375\265\236+\355)\325\273\224\202\033z\354\346"
 425      9E2BED29 
 425      D5BB9482 
 425      1B7AECE6 
 426 0566 F758CDEF 		.ascii	"\367X\315\357\031\345\267\245\250f\243\006_\344U\277"
 426      19E5B7A5 
 426      A866A306 
 426      5FE455BF 
 427 0576 3E9615C8 		.ascii	">\226\025\310\241.\314\365@z\356Fz\256F\032\241HG\237"
 427      A12ECCF5 
 427      407AEE46 
 427      7AAE461A 
 427      A148479F 
 428 058a 1DDB8670 		.ascii	"\035\333\206p'C\332=PQ\317OE\006\030v\355\312\374N\303"
 428      2743DA3D 
 428      5051CF4F 
 428      45061876 
 428      EDCAFC4E 
 429 059f 7E40EFD1 		.ascii	"~@\357\321\255\262\371\351V\035\276\313|\357Tf\236\326"
 429      ADB2F9E9 
 429      561DBECB 
 429      7CEF5466 
 429      9ED6
ARM GAS  /tmp/cckc2J98.s 			page 34


 430 05b1 E952F871 		.ascii	"\351R\370q\002\366M\010ro\233\257\020\034P`g\247\333"
 430      02F64D08 
 430      726F9BAF 
 430      101C5060 
 430      67A7DB
 431 05c4 30785F79 		.ascii	"0x_yq\342\245\036\017\321PMI\362\376!\015\212\010E\340"
 431      71E2A51E 
 431      0FD1504D 
 431      49F2FE21 
 431      0D8A0845 
 432 05d9 8E7485F2 		.ascii	"\216t\205\362\341I@I\242\016\275\346\347'\270r$\200"
 432      E1494049 
 432      A20EBDE6 
 432      E727B872 
 432      2480
 433 05eb 1FFA0F99 		.ascii	"\037\372\017\231\206\357Zz\247\347'i\267\204'\011hf"
 433      86EF5A7A 
 433      A7E72769 
 433      B7842709 
 433      6866
 434 05fd 289A069B 		.ascii	"(\232\006\233\374\033\330\330\311#\001Ib(\032g\011%"
 434      FC1BD8D8 
 434      C9230149 
 434      62281A67 
 434      0925
 435 060f A975D027 		.ascii	"\251u\320'8\203\377*|\204(\366KH8J\371\255\022\203e"
 435      3883FF2A 
 435      7C8428F6 
 435      4B48384A 
 435      F9AD1283 
 436 0624 96C4FB50 		.ascii	"\226\304\373Pn\303\250\277\216c\247\274\017{|[\356c"
 436      6EC3A8BF 
 436      8E63A7BC 
 436      0F7B7C5B 
 436      EE63
 437 0636 3F2576F2 		.ascii	"?%v\362\273\260o\024%Wi\247\354\226Zk\245\332;\371\276"
 437      BBB06F14 
 437      255769A7 
 437      EC965A6B 
 437      A5DA3BF9 
 438 064b 4905B549 		.ascii	"I\005\265Iah\265\030\214\306\2409\360\342*\"_\300\314"
 438      6168B518 
 438      8CC6A039 
 438      F0E22A22 
 438      5FC0CC
 439 065e 3F4501AD 		.ascii	"?E\001\255\021\247@`\332\313\252\035z\374\214\225;\345"
 439      11A74060 
 439      DACBAA1D 
 439      7AFC8C95 
 439      3BE5
 440 0670 5CCF157E 		.ascii	"\\\317\025~6\372\000\206%\315\347\2720kM\012R\234u\202"
 440      36FA0086 
 440      25CDE7BA 
 440      306B4D0A 
 440      529C7582 
 441 0684 D95927A7 		.ascii	"\331Y'\247\275\3559\362\332\234\015\"o\316z\221\352"
 441      BDED39F2 
ARM GAS  /tmp/cckc2J98.s 			page 35


 441      DA9C0D22 
 441      6FCE7A91 
 441      EA
 442 0695 19F8B1C8 		.ascii	"\031\370\261\310\241.U\012\310]'\022\357T*\207\306\020"
 442      A12E550A 
 442      C85D2712 
 442      EF542A87 
 442      C610
 443 06a7 E76F735E 		.ascii	"\347os^\302\214J\274W\357\306\276\253\033\002\270\370"
 443      C28C4ABC 
 443      57EFC6BE 
 443      AB1B02B8 
 443      F8
 444 06b8 815F30ED 		.ascii	"\201_0\355\033\271v\330\364\024\201kE\246=\215j\357"
 444      1BB976D8 
 444      F414816B 
 444      45A63D8D 
 444      6AEF
 445 06ca 1F2BAD0C 		.ascii	"\037+\255\014dz|aX\323\004G?\257z\376+\353Igz\2067\254"
 445      647A7C61 
 445      58D30447 
 445      3FAF7AFE 
 445      2BEB4967 
 446 06e2 19E1477F 		.ascii	"\031\341G\177?\030\356\273\223\233\256g\265\232K\216"
 446      3F18EEBB 
 446      939BAE67 
 446      B59A4B8E 
 447 06f2 7637331B 		.ascii	"v73\033\221Z\356&\340\221Ayl\246\002($\035@\304hN\325"
 447      915AEE26 
 447      E0914179 
 447      6CA60228 
 447      241D40C4 
 448 0709 091FE511 		.ascii	"\011\037\345\021\201\234\210\334\351\267\210\354\210"
 448      819C88DC 
 448      E9B788EC 
 448      88
 449 0716 007772EE 		.ascii	"\000wr\356\276Wf\300\311\032\332\264\035\207\236\324"
 449      BE5766C0 
 449      C91ADAB4 
 449      1D879ED4 
 450 0726 05F25F31 		.ascii	"\005\362_18D\027]\203#\033\300\254F\032\272:3E\327\352"
 450      3844175D 
 450      83231BC0 
 450      AC461ABA 
 450      3A3345D7 
 451 073b 84AF9EAB 		.ascii	"\204\257\236\253\363[\221\254\316\326GU\033\003p\032"
 451      F35B91AC 
 451      CED64755 
 451      1B03701A 
 452 074b 432BD938 		.ascii	"C+\3318\236\351\343u\177\331&\222\375\305\306\267\227"
 452      9EE9E375 
 452      7FD92692 
 452      FDC5C6B7 
 452      97
 453 075c BE938F1F 		.ascii	"\276\223\217\037\372\361\314\215\251\370b\343Z\011~"
 453      FAF1CC8D 
 453      A9F862E3 
ARM GAS  /tmp/cckc2J98.s 			page 36


 453      5A097E
 454 076b 3F0B1652 		.ascii	"?\013\026R?\264\325\235x\253:q\026M\334\233\177w\213"
 454      3FB4D59D 
 454      78AB3A71 
 454      164DDC9B 
 454      7F778B
 455 077e 0157B0C4 		.ascii	"\001W\260\304\303\231\317\007\344\037\343\373Y\270\330"
 455      C399CF07 
 455      E41FE3FB 
 455      59B8D8
 456 078d 132CDB0D 		.ascii	"\023,\333\015\226\255\006\313\241`{\373\322\367\370"
 456      96AD06CB 
 456      A1607BFB 
 456      D2F7F8
 457 079c E14106B6 		.ascii	"\341A\006\266\2774\357` ~\305\006\251u\365\271\344\307"
 457      BF34EF60 
 457      207EC506 
 457      A975F5B9 
 457      E4C7
 458 07ae 0BE59248 		.ascii	"\013\345\222H\372\236\027l?\245\345\271:\212pvq^\232"
 458      FA9E176C 
 458      3FA5E5B9 
 458      3A8A7076 
 458      715E9A
 459 07c1 5490247D 		.ascii	"T\220$}\324 \322d\333\345dh\207\250!"
 459      D420D264 
 459      DBE56468 
 459      87A821
 460 07d0 23CF7C79 		.ascii	"#\317|y4\337\3065\373\223\374\360q\037\232\242:\265"
 460      34DFC635 
 460      FB93FCF0 
 460      711F9AA2 
 460      3AB5
 461 07e2 F4410007 		.ascii	"\364A\000\007lI\305\225\251\251\014p!\305\313w\223\317"
 461      6C49C595 
 461      A9A90C70 
 461      21C5CB77 
 461      93CF
 462 07f4 57831550 		.ascii	"W\203\025P\260\302\221\027\251\201\370\024\003{pu_\253"
 462      B0C29117 
 462      A981F814 
 462      037B7075 
 462      5FAB
 463 0806 DE5D891C 		.ascii	"\336]\211\034\317J\354t\203\355T\203\355\242`\303I["
 463      CF4AEC74 
 463      83ED5483 
 463      EDA260C3 
 463      495B
 464 0818 0E6871A3 		.ascii	"\016hq\243\217\027\361\243m\031\355z\267\370\022\225"
 464      8F17F1A3 
 464      6D19ED7A 
 464      B7F81295 
 465 0828 F8DD2EF1 		.ascii	"\370\335.\361{@\374nu\212\357h\212\306\201\2475z\334"
 465      7B40FC6E 
 465      758AEF68 
 465      8AC681A7 
 465      357ADC
ARM GAS  /tmp/cckc2J98.s 			page 37


 466 083b C95294DF 		.ascii	"\311R\224\3379\177V\307^}\211l\023eO\206\313|\331\312"
 466      397F56C7 
 466      5E7D896C 
 466      13654F86 
 466      CB7CD9CA 
 467 084f 20FFD86E 		.ascii	" \377\330n\352>\365\322\340uY\025\311\313j\037[V\253"
 467      EA3EF5D2 
 467      E0755915 
 467      C9CB6A1F 
 467      5B56AB
 468 0862 922F1D0E 		.ascii	"\222/\035\016T/\234\275\"\333F\004\264\237.\234\"y\345"
 468      542F9CBD 
 468      22DB4604 
 468      B49F2E9C 
 468      2279E5
 469 0875 1F7A31FE 		.ascii	"\037z1\376\324G\275Ox\365N\356\253\272\030\304\367\211"
 469      D447BD4F 
 469      78F54EEE 
 469      ABBA18C4 
 469      F789
 470 0887 F1AEA9B9 		.ascii	"\361\256\251\271\205R\312A\330\361\213\371V\001g\015"
 470      8552CA41 
 470      D8F18BF9 
 470      5601670D 
 471 0897 456C21DF 		.ascii	"El!\337*J\350V1zy[.V\256\316n\217\177\325J\371\352,"
 471      2A4AE856 
 471      317A795B 
 471      2E56AECE 
 471      6E8F7FD5 
 472 08af A5ABF341 		.ascii	"\245\253\363A[;\234\030\357\262\352tt\256\256\340{j"
 472      5B3B9C18 
 472      EFB2EA74 
 472      74AEAEE0 
 472      7B6A
 473 08c1 00E15072 		.ascii	"\000\341Pr\262\334\307k5\016\312\3258\300\252\361\350"
 473      B2DCC76B 
 473      350ECAD5 
 473      38C0AAF1 
 473      E8
 474 08d2 4161F14F 		.ascii	"Aa\361O~`\334\377_\035\242\372\016\312\372\312\317f"
 474      7E60DCFF 
 474      5F1DA2FA 
 474      0ECAFACA 
 474      CF66
 475 08e4 3FD3A9AB 		.ascii	"?\323\251\253\341\325\273k{\372\023?^\215\227\221l\327"
 475      E1D5BB6B 
 475      7BFA133F 
 475      5E8D9791 
 475      6CD7
 476 08f6 3CCC4B01 		.ascii	"<\314K\001\007\000E`\031/\305\021q\212\020\030\237`"
 476      07004560 
 476      192FC511 
 476      718A1018 
 476      9F60
 477 0908 B22FFFC2 		.ascii	"\262/\377\302jI49c\377m\375uT\224\221\375\331\235FG"
 477      6A493439 
 477      63FF6DFD 
ARM GAS  /tmp/cckc2J98.s 			page 38


 477      75549491 
 477      FDD99D46 
 478 091d A2D1E9B0 		.ascii	"\242\321\351\260\030-1\361\326\370\004\273=\316\031"
 478      182D31F1 
 478      D6F804BB 
 478      3DCE19
 479 092c 65D1FEE9 		.ascii	"e\321\376\351/\237\206\315\237>]\360%\336\246\304\325"
 479      2F9F86CD 
 479      9F3E5DF0 
 479      25DEA6C4 
 479      D5
 480 093d C818638F 		.ascii	"\310\030c\217\267\032\315\026\24752\316\274\334\370"
 480      B71ACD16 
 480      A73532CE 
 480      BCDCF8
 481 094c 07BB6545 		.ascii	"\007\273eE\274\325\226\3504~b5\307\377\331\370GK\\l"
 481      BCD596E8 
 481      347E6235 
 481      C7FFD9F8 
 481      474B5C6C 
 482 0960 82D36AB2 		.ascii	"\202\323j\262F&\254\260|9\303\370\011\3011~n\261D\232"
 482      4626ACB0 
 482      7C39C3F8 
 482      09C1317E 
 482      6EB1449A 
 483 0974 1DF19136 		.ascii	"\035\361\2216\273\315\032i5/\217\215\234\0239c\332\364"
 483      BBCD1A69 
 483      352F8F8D 
 483      9C133963 
 483      DAF4
 484 0986 39915FCD 		.ascii	"9\221_\315\212\2147\177aw\030\343b\227\023/\243\207"
 484      8A8C377F 
 484      617718E3 
 484      6297132F 
 484      A387
 485 0998 97714ED4 		.ascii	"\227qN\324\214\250\351\306X\233%nE\264\325\350L\214"
 485      8CA8E9C6 
 485      589B256E 
 485      45B4D5E8 
 485      4C8C
 486 09aa 8EB67E16 		.ascii	"\216\266~\026\025#\370\201\010\233\365\233D\277\204"
 486      1523F881 
 486      089BF59B 
 486      44BF84
 487 09b9 187A0F20 		.ascii	"\030z\017 lM1Vs\264\325\021\256R$\007+T\305\010\001"
 487      6C4D3156 
 487      73B4D511 
 487      AE522407 
 487      2B54C508 
 488 09ce 0090E0B0 		.ascii	"\000\220\340\260\177\035\013\001z\230\377\334\232\370"
 488      7F1D0B01 
 488      7A98FFDC 
 488      9AF8
 489 09dc D90A9BC5 		.ascii	"\331\012\233\305\224\370\233wE[\354\016+\004\033\340"
 489      94F89B77 
 489      455BEC0E 
 489      2B041BE0 
ARM GAS  /tmp/cckc2J98.s 			page 39


 490 09ec ABDDB1D2 		.ascii	"\253\335\261\322D\223&\206Xb\376\006_\346\305\305\331"
 490      44932686 
 490      5862FE06 
 490      5FE6C5C5 
 490      D9
 491 09fd 2D8BA212 		.ascii	"-\213\242\022\314\216\304\250ia\357\251\2520\201\005"
 491      CC8EC4A8 
 491      6961EFA9 
 491      AA308105 
 492 0a0d FD953662 		.ascii	"\375\2256b\221-61\210M|l7G\317s8\314+\365J\324\000\305"
 492      912D3631 
 492      884D7C6C 
 492      3747CF73 
 492      38CC2BF5 
 493 0a25 807F5FE0 		.ascii	"\200\177_\340\260Z\027\351\334\337\015&\023\025`\212"
 493      B05A17E9 
 493      DCDF0D26 
 493      1315608A 
 494 0a35 FA70F687 		.ascii	"\372p\366\2073\264\362Hc\2111;\224\317f\316\365\347"
 494      33B4F248 
 494      6389313B 
 494      94CF66CE 
 494      F5E7
 495 0a47 60D1D100 		.ascii	"`\321\321\000\265d\245\363S\033\240~\251~\017\334\272"
 495      B564A5F3 
 495      531BA07E 
 495      A97E0FDC 
 495      BA
 496 0a58 9D2B69C1 		.ascii	"\235+i\301\022\354\216D\323\012\352\373[\225/y\3444"
 496      12EC8E44 
 496      D30AEAFB 
 496      5B952F79 
 496      E434
 497 0a6a CEFBFBE2 		.ascii	"\316\373\373\342\371\213\277\201\000R%\323\327\263\343"
 497      F98BBF81 
 497      005225D3 
 497      D7B3E3
 498 0a79 214A6F32 		.ascii	"!Jo2Ym\346\345qVS\254\343+\2039\356_\346\225NS\254-"
 498      596DE6E5 
 498      715653AC 
 498      E32B8339 
 498      EE5FE695 
 499 0a91 2ED6669D 		.ascii	".\326f\235\252\004\201\026\032\347/^\262h\211;/\001"
 499      AA048116 
 499      1AE72F5E 
 499      B268893B 
 499      2F01
 500 0aa3 B1C42F00 		.ascii	"\261\304/\000\336\200\343O\231~\014\271\375)\017\302"
 500      DE80E34F 
 500      997E0CB9 
 500      FD290FC2 
 501 0ab3 025445C7 		.ascii	"\002TE\307:]\340\012\215\263f)G\263g\374\017\240\010"
 501      3A5DE00A 
 501      8DB36629 
 501      47B367FC 
 501      0FA008
 502 0ac6 1E4B     		.ascii	"\036K"
ARM GAS  /tmp/cckc2J98.s 			page 40


 503              		.text
 504              		.section	.gnu.lto_.symtab.d0408abd785894e0,"",%progbits
 505 0000 6368506F 		.ascii	"chPoolObjectInit\000"
 505      6F6C4F62 
 505      6A656374 
 505      496E6974 
 505      00
 506 0011 00       		.ascii	"\000"
 507 0012 00       		.ascii	"\000"
 508 0013 00       		.ascii	"\000"
 509 0014 00000000 		.ascii	"\000\000\000\000\000\000\000\000"
 509      00000000 
 510 001c E4000000 		.ascii	"\344\000\000\000"
 511 0020 6368506F 		.ascii	"chPoolLoadArray\000"
 511      6F6C4C6F 
 511      61644172 
 511      72617900 
 512 0030 00       		.ascii	"\000"
 513 0031 00       		.ascii	"\000"
 514 0032 00       		.ascii	"\000"
 515 0033 00000000 		.ascii	"\000\000\000\000\000\000\000\000"
 515      00000000 
 516 003b EA000000 		.ascii	"\352\000\000\000"
 517 003f 6368506F 		.ascii	"chPoolAllocI\000"
 517      6F6C416C 
 517      6C6F6349 
 517      00
 518 004c 00       		.ascii	"\000"
 519 004d 00       		.ascii	"\000"
 520 004e 00       		.ascii	"\000"
 521 004f 00000000 		.ascii	"\000\000\000\000\000\000\000\000"
 521      00000000 
 522 0057 EE000000 		.ascii	"\356\000\000\000"
 523 005b 6368506F 		.ascii	"chPoolAlloc\000"
 523      6F6C416C 
 523      6C6F6300 
 524 0067 00       		.ascii	"\000"
 525 0068 00       		.ascii	"\000"
 526 0069 00       		.ascii	"\000"
 527 006a 00000000 		.ascii	"\000\000\000\000\000\000\000\000"
 527      00000000 
 528 0072 F0000000 		.ascii	"\360\000\000\000"
 529 0076 6368506F 		.ascii	"chPoolFreeI\000"
 529      6F6C4672 
 529      65654900 
 530 0082 00       		.ascii	"\000"
 531 0083 00       		.ascii	"\000"
 532 0084 00       		.ascii	"\000"
 533 0085 00000000 		.ascii	"\000\000\000\000\000\000\000\000"
 533      00000000 
 534 008d F5000000 		.ascii	"\365\000\000\000"
 535 0091 6368506F 		.ascii	"chPoolFree\000"
 535      6F6C4672 
 535      656500
 536 009c 00       		.ascii	"\000"
 537 009d 00       		.ascii	"\000"
 538 009e 00       		.ascii	"\000"
ARM GAS  /tmp/cckc2J98.s 			page 41


 539 009f 00000000 		.ascii	"\000\000\000\000\000\000\000\000"
 539      00000000 
 540 00a7 F7000000 		.ascii	"\367\000\000\000"
 541              		.text
 542              		.section	.gnu.lto_.opts,"",%progbits
 543 0000 272D666D 		.ascii	"'-fmath-errno' '-fsigned-zeros' '-ftrapping-math' '"
 543      6174682D 
 543      6572726E 
 543      6F272027 
 543      2D667369 
 544 0033 2D666E6F 		.ascii	"-fno-trapv' '-fno-openmp' '-fno-openacc' '-mcpu=cor"
 544      2D747261 
 544      70762720 
 544      272D666E 
 544      6F2D6F70 
 545 0066 7465782D 		.ascii	"tex-m0' '-mno-thumb-interwork' '-mthumb' '-O2' '-fo"
 545      6D302720 
 545      272D6D6E 
 545      6F2D7468 
 545      756D622D 
 546 0099 6D69742D 		.ascii	"mit-frame-pointer' '-falign-functions=16' '-ffuncti"
 546      6672616D 
 546      652D706F 
 546      696E7465 
 546      72272027 
 547 00cc 6F6E2D73 		.ascii	"on-sections' '-fdata-sections' '-fno-common' '-flto"
 547      65637469 
 547      6F6E7327 
 547      20272D66 
 547      64617461 
 548 00ff 2700     		.ascii	"'\000"
 549              		.text
 550              		.comm	__gnu_lto_v1,1,1
 551              		.comm	__gnu_lto_slim,1,1
 552              		.ident	"GCC: (GNU Tools for Arm Embedded Processors 7-2017-q4-major) 7.2.1 20170904 (release) [ARM
ARM GAS  /tmp/cckc2J98.s 			page 42


DEFINED SYMBOLS
                            *ABS*:0000000000000000 chmempools.c
                            *COM*:0000000000000001 __gnu_lto_v1
                            *COM*:0000000000000001 __gnu_lto_slim

NO UNDEFINED SYMBOLS
