ARM GAS  /tmp/cc0pXrJD.s 			page 1


   1              		.cpu cortex-m3
   2              		.eabi_attribute 20, 1
   3              		.eabi_attribute 21, 1
   4              		.eabi_attribute 23, 3
   5              		.eabi_attribute 24, 1
   6              		.eabi_attribute 25, 1
   7              		.eabi_attribute 26, 1
   8              		.eabi_attribute 30, 2
   9              		.eabi_attribute 34, 1
  10              		.eabi_attribute 18, 4
  11              		.file	"chregistry.c"
  12              		.section	.gnu.lto_.profile.9729c5a2e5db4930,"",%progbits
  13 0000 789C6363 		.ascii	"x\234cc```\001bF\006Y!\000\000\304\000;"
  13      60606001 
  13      62460659 
  13      210000C4 
  13      003B
  14              		.text
  15              		.section	.gnu.lto_.icf.9729c5a2e5db4930,"",%progbits
  16 0000 789C6363 		.ascii	"x\234cc``\020a@\000f\206M\263\366}\346fj{\326\372\216"
  16      60601061 
  16      40006686 
  16      4DB3F67D 
  16      E6666A7B 
  17 0017 85F9EDCF 		.ascii	"\205\371\355\317\323\0138\030\000b\275\011g"
  17      D30B3818 
  17      0062BD09 
  17      67
  18              		.text
  19              		.section	.gnu.lto_.jmpfuncs.9729c5a2e5db4930,"",%progbits
  20 0000 789C6363 		.ascii	"x\234cc``Pd@\000&\020fdd\254\237\303\314\300\304T\011"
  20      60605064 
  20      40002610 
  20      666464AC 
  20      9FC3CCC0 
  21 0017 E4311E60 		.ascii	"\3441\036`ad\000\342\377@\300\317\300\000\000U\034\007"
  21      616400E2 
  21      FF40C0CF 
  21      C0000055 
  21      1C07
  22 0029 60       		.ascii	"`"
  23              		.text
  24              		.section	.gnu.lto_.inline.9729c5a2e5db4930,"",%progbits
  25 0000 789C6363 		.ascii	"x\234cc``\320g@\000&\006\006N\016F\006&\236\007\261"
  25      6060D067 
  25      40002606 
  25      064E0E46 
  25      06269E07 
  26 0015 0C6C0BE4 		.ascii	"\014l\013\344\231 b\274\242@!\376E\305\014\354\035\352"
  26      992062BC 
  26      A24021FE 
  26      45C50CEC 
  26      1DEA
  27 0027 10216E06 		.ascii	"\020!n\006\006\306\011~\014\000\201m\005K"
  27      06C6097E 
  27      0C00816D 
  27      054B
ARM GAS  /tmp/cc0pXrJD.s 			page 2


  28              		.text
  29              		.section	.gnu.lto_.pureconst.9729c5a2e5db4930,"",%progbits
  30 0000 789C6363 		.ascii	"x\234cc```\007b&\206]\214L\273\030\001\005\345\001\210"
  30      60606007 
  30      6226865D 
  30      8C4CBB18 
  30      0105E501 
  31              		.text
  32              		.section	.gnu.lto_chRegFirstThread.9729c5a2e5db4930,"",%progbits
  33 0000 789C8553 		.ascii	"x\234\205S[oLQ\024\336\337\331\247\3231\203x\022A\230"
  33      5B6F4C51 
  33      14DEDFD9 
  33      A7D33183 
  33      78124198 
  34 0014 4626D144 		.ascii	"F&\321Dzx\222\210\027\2214\361\320\027\375\001\302\230"
  34      7A789288 
  34      179134F1 
  34      D017FD01 
  34      C298
  35 0026 5051D39C 		.ascii	"PQ\323\234\231\212>u\353\264\246.\011\241\035\312\320"
  35      998A3E75 
  35      EBB4A62E 
  35      09A11DCA 
  35      D0
  36 0037 A111F5E0 		.ascii	"\241\021\365\340>.\275\250QZu\251K\015*\025\241\245"
  36      3E2EBDA8 
  36      515A75A9 
  36      4B0D2A15 
  36      A1A5
  37 0049 B49A525E 		.ascii	"\264\232R^\324\245\254\275\317`L\023&3g\3169\353[k}"
  37      D4A5ACBD 
  37      CF604C13 
  37      263367CE 
  37      39EB5B6B 
  38 005e EBFBD6B6 		.ascii	"\353\373\326\2661\306\036\352\214\265\320\377\014\372"
  38      31C61EEA 
  38      8CB5D0FF 
  38      0CFA
  39 006c 813368BB 		.ascii	"\2013h\273\3562\266\331\256\001\362F\330\301J5\224b"
  39      EE32B6D9 
  39      AE01F246 
  39      D8C14A35 
  39      9462
  40 007e 07AFE278 		.ascii	"\007\257\342xP~:\302\267\363\010\301tz\034\351\334\337"
  40      507E3AC2 
  40      B7F308C1 
  40      747A1CE9 
  40      DCDF
  41 0090 37593E02 		.ascii	"7Y>\002.z\034\032n\217M\314>&D\231\210\357\015;\016"
  41      2E7A1C1A 
  41      6E8F4DCC 
  41      3E264499 
  41      88EF0D3B 
  42 00a5 C4EE8B09 		.ascii	"\304\356\213\011\021\256\2610\301c\230\211s\230){\234"
  42      11AEB130 
  42      C1639889 
  42      7398297B 
ARM GAS  /tmp/cc0pXrJD.s 			page 3


  42      9C
  43 00b6 473623F4 		.ascii	"G6#\364\365\327\337\272\234|\016\344\375\273\312\216"
  43      F5D7DFBA 
  43      9C7C0EE4 
  43      FDBBCA8E 
  44 00c6 6376779D 		.ascii	"cvw\235\312\354\257\237~8(:\204N\251\270\000\376w6\223"
  44      CAECAF9F 
  44      7E38283A 
  44      844EA9B8 
  44      00FE7736 
  45 00db F0DE3363 		.ascii	"\360\3363c\325\223l:.\302-\213S\315K\260\341w\240\\"
  45      D5936C3A 
  45      2EC22D8B 
  45      53CD4BB0 
  45      E177A05C 
  46 00ef D027FEFC 		.ascii	"\320'\376\374\270M\275\017s\244\34404\020\264\0216\226"
  46      B84DBD0F 
  46      73A4E430 
  46      3410B411 
  46      3696
  47 0101 06FFF46A 		.ascii	"\006\377\364jQ\006\223\20101\246\330\233\346P\002<W"
  47      51069381 
  47      3031A6D8 
  47      9BE65002 
  47      3C57
  48 0113 E50EF557 		.ascii	"\345\016\365W\306\365$\27575sG\273\337\012\261[ \302"
  48      C6F524BD 
  48      37357347 
  48      BBDF0AB1 
  48      5B20C2
  49 0126 399AFF41 		.ascii	"9\232\377A\320*<<j\303e\"\212&Y\233\377\305\245\205"
  49      D02A3C3C 
  49      6AC36522 
  49      8A26599B 
  49      FFC5A585 
  50 013a B85C212E 		.ascii	"\270\\!.\362\002\032CNt\252+#.\306~\204H\303\251\365"
  50      F2021A43 
  50      4E74AA2B 
  50      232EC67E 
  50      8448C3A9 
  51 014f 550387DC 		.ascii	"U\003\207\334\344@\204\353\232\274P\212\234\231U\322"
  51      E44084EB 
  51      9ABC508A 
  51      9C9955D2 
  52 015f D0E48E88 		.ascii	"\320\344\216\210\263\255\304\226\356\202q\326\017m<"
  52      B3ADC496 
  52      EE8271D6 
  52      0F6D3C
  53 016e D7F9EFFF 		.ascii	"\327\371\357\377\315\025q\270))4 .\353\322H\016\027"
  53      CD1571B8 
  53      29293420 
  53      2EEBD248 
  53      0E17
  54 0180 AE52EC1D 		.ascii	"\256R\354\035\312z\233vV\365MK\033fO\304\221\024U\037"
  54      CA7A9B76 
  54      56F54D4B 
  54      1B664FC4 
ARM GAS  /tmp/cc0pXrJD.s 			page 4


  54      9114551F 
  55 0194 2760B941 		.ascii	"'`\271A\002\266\312XFz\254\257f\261O\266b\2706^\204"
  55      02B6CA58 
  55      467AACAF 
  55      66B14FB6 
  55      62B8365E 
  56 01a9 EB347B9B 		.ascii	"\3534{\233\024\241M\212\000V'\235<R{\366\263#+\206Z"
  56      14A14D8A 
  56      0056279D 
  56      3C527BF6 
  56      B3232B86 
  57 01be B1CF15B1 		.ascii	"\261\317\025\261\012\236\350k\022v\322\201\241\035Y"
  57      0A9EE86B 
  57      1276D281 
  57      A11D59
  58 01cd 4AE60F43 		.ascii	"J\346\017C\211\036\215\336\340\006tE\233\241C-f}\313"
  58      891E8DDE 
  58      E0067445 
  58      9BA1432D 
  58      667DCB
  59 01e0 B5D713B3 		.ascii	"\265\327\023\263.&\263\225\327\037O\236}\344T\3317e"
  59      2E26B395 
  59      D71F4F9E 
  59      7DE454D9 
  59      3765
  60 01f2 366E4127 		.ascii	"6nA'\311\312\\J\002\306\006Q\3268\332[\267@\016\267"
  60      C9CA5C4A 
  60      02C60651 
  60      D638DA5B 
  60      B7400EB7 
  61 0206 9FCB1AE1 		.ascii	"\237\313\032\341\212\326{\231R\223L\265\003\015\015"
  61      8AD67B99 
  61      52934CB5 
  61      030D0D
  62 0215 433D99A5 		.ascii	"C=\231\245\337\205\235^D\271es,8\262{r\024\207H];\356"
  62      DF859D5E 
  62      44B96573 
  62      2C38B27B 
  62      72148748 
  63 022c D021B92D 		.ascii	"\320!\271-9P\340\302\215g_\355\306\0119{t]\204O@'\242"
  63      3950E0C2 
  63      8D675FED 
  63      C609397B 
  63      745D844F 
  64 0243 A8E6C9ED 		.ascii	"\250\346\311\355\370\362$X\241%\243G \327\374.\214j"
  64      F8F22458 
  64      A125A347 
  64      20D7FC2E 
  64      8C6A
  65 0255 5A53A275 		.ascii	"ZS\242u\017\206\244\025\235\256V\232\314&2\212\334@"
  65      0F86A415 
  65      9DAE569A 
  65      CC26328A 
  65      DC40
  66 0267 CD5158E4 		.ascii	"\315QX\344\220JNS\344\232[;\333mDd3\225\244\201\035"
  66      904A4E53 
  66      E49A5B3B 
ARM GAS  /tmp/cc0pXrJD.s 			page 5


  66      DB6D4464 
  66      3395A481 
  67 027c 9484FB49 		.ascii	"\224\204\373I.\211P\367s\247\325\215BN<PT4\331\254\213"
  67      2E8950F7 
  67      73A7D58D 
  67      424E3C50 
  67      5434D9AC 
  68 0291 9A0D2218 		.ascii	"\232\015\"\030\336\362\224[\2455\253\372\371\320\235"
  68      DEF2945B 
  68      A535ABFA 
  68      F9D09D
  69 02a0 330E59DD 		.ascii	"3\016Y\335\011\340!\325!\002\211m\252}Z\263\350\324"
  69      09E021D5 
  69      2102896D 
  69      AA7D5AB3 
  69      E8D4
  70 02b2 FF744BFC 		.ascii	"\377tK\374\351\366\010\006uP{*\017D\352\0244;\036\247"
  70      E9F60806 
  70      75507B2A 
  70      0F44EA14 
  70      343B1EA7 
  71 02c6 AE9D7520 		.ascii	"\256\235u \222\2730V\373\262\305\371\313\346\307\312"
  71      92BB3056 
  71      FBB2C5F9 
  71      CBE6C7CA 
  72 02d6 E627CAE6 		.ascii	"\346'\312\346tO\273-O_\214\354h\234\245z06L\217\333"
  72      744FBB2D 
  72      4F5F8CEC 
  72      689CA57A 
  72      30364C8F 
  73 02eb 0FB6D992 		.ascii	"\017\266\331\222\276J\007*\251\033\035\031Js\345\344"
  73      BE4A072A 
  73      A91B1D19 
  73      4A73E5E4 
  74 02fb 18D6D7E7 		.ascii	"\030\326\327\3477\314\200\3417=\206g\255\351]S\340\017"
  74      37CC80E1 
  74      373D8667 
  74      ADE95D53 
  74      E00F
  75 030d 9825391E 		.ascii	"\230%9\036\246\005\212f\247a\0126x\326\027\257\366\022"
  75      A6058A66 
  75      A7610A36 
  75      78D617AF 
  75      F612
  76 031f CE5FE2CF 		.ascii	"\316_\342\317Y\31326\256\\_\354\315NC\025\371\314\200"
  76      59CB3236 
  76      AE5C5FEC 
  76      CD4E4315 
  76      F9CC80
  77 0332 DF58B23C 		.ascii	"\337X\262<oi\336&\202z|\246w\305\306\205\205\204\237"
  77      6F69DE26 
  77      827A7CA6 
  77      77C5C685 
  77      85849F
  78 0345 978AF46E 		.ascii	"\227\212\364n\012\030K\363\362\227\345\377)+\221\236"
  78      0A184BF3 
  78      F297E5FF 
ARM GAS  /tmp/cc0pXrJD.s 			page 6


  78      292B919E 
  79 0355 C2DCE20D 		.ascii	"\302\334\342\015\036\002O\311\313_\356Z\265\322\357"
  79      1E024FC9 
  79      CB5FEE5A 
  79      B5D2EF
  80 0364 2D320BE6 		.ascii	"-2\013\346\271\334\363\231f\262\314Bo\241\317,a?\001"
  80      B9DCF399 
  80      66B2CC42 
  80      6FA1CF2C 
  80      613F01
  81 0377 3F7AC771 		.ascii	"?z\307q"
  82              		.text
  83              		.section	.gnu.lto_chRegNextThread.9729c5a2e5db4930,"",%progbits
  84 0000 789C8554 		.ascii	"x\234\205T\335oSe\030\177~\347==-mi\2742\206\020\354"
  84      DD6F5365 
  84      187F7EE7 
  84      3D3D2D6D 
  84      69BC3286 
  85 0016 A2159790 		.ascii	"\242\025\227\220\225\033C0\336\030\022\023Mv\303\376"
  85      951B4330 
  85      DE181213 
  85      4D76C3FE 
  86 0026 0003B591 		.ascii	"\000\003\265\221%\354#mG\330\325\016\373\260\233J4\010"
  86      25EC236D 
  86      47D8D50E 
  86      FBB09B4A 
  86      3408
  87 0038 9DA98D2B 		.ascii	"\235\251\215+\242\001\203c2\006\262\017F\331p\033\214"
  87      A2018363 
  87      3206B20F 
  87      46D9701B 
  87      8C
  88 0049 0D1805EB 		.ascii	"\015\030\005\353\006\004\267l\272Q\247x\2618\304\351"
  88      0604B76C 
  88      BA51A778 
  88      B138C4E9 
  89 0059 F3BE6742 		.ascii	"\363\276gB\351\024O\332\323s\236\257\337\363\374\236"
  89      E9144FDA 
  89      D3739EAF 
  89      DFF3FC9E 
  90 0069 DF5B8388 		.ascii	"\337[\203\210FmD}\374\373\022\177a#h\037\216\022\355"
  90      466D447D 
  90      FCFB127F 
  90      6123681F 
  90      8E12ED
  91 007c 71689ADE 		.ascii	"qh\232\336,\310t\212\305\213D\246[@\267\354: \037L\007"
  91      2CC8748A 
  91      C58B44A6 
  91      5B40B7EC 
  91      3A201F4C 
  92 0091 A846133A 		.ascii	"\250F\023:j\360\276\330/p\265\376\353\204xO$\004A\347"
  92      6AF0BED8 
  92      2F70B5FE 
  92      EB84784F 
  92      240441E7 
  93 00a5 D77B23F1 		.ascii	"\327{#\361)\217|\005\274\374\232\235\037\350p\027\036"
  93      298F7C05 
ARM GAS  /tmp/cc0pXrJD.s 			page 7


  93      BCFC9A9D 
  93      1FE87017 
  93      1E
  94 00b6 36CD5A33 		.ascii	"6\315Z3\325\274\340\374\244\343\212\271*!4\212qx\007"
  94      D5BCE0FC 
  94      A4E38AB9 
  94      2A21348A 
  94      717807
  95 00c9 D6E204D6 		.ascii	"\326\342\004\326J\364\223(\344\340\363\323\017\306\\"
  95      4AF49328 
  95      E4E0F3D3 
  95      0FC65C
  96 00d8 E239103F 		.ascii	"\3429\020?\017\327\017g\214\365_\250\304\354\347\302"
  96      0FD70F67 
  96      8CF55FA8 
  96      C4ECE7C2 
  97 00e8 7C9EB370 		.ascii	"|\236\263p\012\"7Q\026\3027X/\3433\351c_\272\304\013"
  97      0A223751 
  97      16C23758 
  97      2FE333E9 
  97      635FBAC4 
  98 00fd 2AB7697E 		.ascii	"*\267i~\354g\217\357\220\312\2359\272\346`\2359d\352"
  98      EC678FEF 
  98      90CA9D39 
  98      BAE6609D 
  98      3964EA
  99 0110 32FFF4E3 		.ascii	"2\377\364\343\371\362\342\360\311\343K\007V\033::\341"
  99      F9F2E2F0 
  99      C9E34B07 
  99      561B3A3A 
  99      E1
 100 0121 4B0A92AD 		.ascii	"K\012\222\255qG]0\360\320Wo\362\225\272\335j({L '\215"
 100      71475D30 
 100      F0D0576F 
 100      F295BADD 
 100      6A287B4C 
 101 0138 D0CDA13D 		.ascii	"\320\315\241=0(/\374\332\364\313Lj\217\214\327\244\357"
 101      30282FFC 
 101      DAF4CB4C 
 101      6A8F8CD7 
 101      A4EF
 102 014a C79E681A 		.ascii	"\307\236h\032\342\015\225\233\235iL\351\313\035\016"
 102      E20D959B 
 102      9D694CE9 
 102      CB1D0E
 103 0159 C65F5CCC 		.ascii	"\306_\\\314\374d\232\373L$\204@\357\023z\264\012\317"
 103      FC649AFB 
 103      4C248440 
 103      EF137AB4 
 103      0ACF
 104 016b 2F1A380B 		.ascii	"/\0328\013\037\341\214\254-\036\353%\305\275\234\343"
 104      1FE18CAC 
 104      2D1EEB25 
 104      C5BD9CE3 
 105 017b 5EE40D3C 		.ascii	"^\344\015<\206\034\252m\314\2262\227\376\212\362\006"
 105      861CAA6D 
 105      CC963297 
ARM GAS  /tmp/cc0pXrJD.s 			page 8


 105      FE8AF206 
 106 018b 9E3EDA3E 		.ascii	"\236>\332>;\353s\203\244]c\002u!o\006$\215ve%jd\002"
 106      3BEB7383 
 106      A45D6302 
 106      75216F06 
 106      248D7665 
 107 01a3 78D3668A 		.ascii	"x\323f\212\232\270s~\252K\321\014\264\225}o\374\345"
 107      9AB8737E 
 107      AA4BD10C 
 107      B4957D6F 
 107      FCE5
 108 01b5 C97DA30F 		.ascii	"\311}\243\017>N\212\316\232gt)\011\001/\372\331w\027"
 108      3E4E8ACE 
 108      9A677429 
 108      09012FFA 
 108      D97717
 109 01c8 B593773F 		.ascii	"\265\223w?\330?\365L\336`\037=p.\023\254\257 \263\301"
 109      D83FF54C 
 109      DE601F3D 
 109      702E13AC 
 109      AF20B3C1 
 110 01dc CF649E97 		.ascii	"\317d\236\227>[\276\257?\376J\205\204\"|\273\222\220"
 110      3E5BBEAF 
 110      3FFE4A85 
 110      84227CBB 
 110      9290
 111 01ee 01E66150 		.ascii	"\001\346aP\0222(\011\001\035\226[\375\254\245\375wg"
 111      12322809 
 111      011D965B 
 111      FDACA5FD 
 111      7767
 112 0200 C169B498 		.ascii	"\301i\264\230\037{\023V\301\326\251n\323\241k\334\364"
 112      1F7B1356 
 112      C1D6A96E 
 112      D3A16BDC 
 112      F4
 113 0211 100A14E5 		.ascii	"\020\012\024\345\277f\323\023\032[p\001\272j\233pQI"
 113      BF66D313 
 113      1A5B7001 
 113      BA6A9B70 
 113      5149
 114 0223 FC486FFF 		.ascii	"\374Ho\377\264\273\240{9[\355\375\267c\355\327]*{Xf"
 114      B4BBA07B 
 114      395BEDFD 
 114      B763EDD7 
 114      5D2A7B58 
 115 0238 E31274A6 		.ascii	"\343\022t\246\254\326\253( \232Cm\327\342d\333f9\\\\"
 115      ACD6AB28 
 115      209A436D 
 115      D7E264DB 
 115      66395C5C 
 116 024c D83921D6 		.ascii	"\3309!\326\320w\331.9\321\224\036z\372F\006\214$>\335"
 116      D077D92E 
 116      39D1941E 
 116      7AFA4606 
 116      8C243EDD 
 117 0260 C3F324CB 		.ascii	"\303\363$\313y%\366\27000\"A\331\233\216fn\273\374\255"
ARM GAS  /tmp/cc0pXrJD.s 			page 9


 117      7925F6B8 
 117      30302241 
 117      D99B8E66 
 117      6EBBFCAD 
 118 0274 7258AFCC 		.ascii	"rX\257\314\030E\022\007\204b\3702\374\022(\271N\011"
 118      18451207 
 118      8462F832 
 118      FC1228B9 
 118      4E09
 119 0286 96D7C7E5 		.ascii	"\226\327\307\345i\032\365\343\375\243_\271\377\005\316"
 119      691AF5E3 
 119      FDA35FB9 
 119      FF05CE
 120 0295 A1E03A3B 		.ascii	"\241\340:;\263\023\366\232?M\007\033\222\254fi\353\250"
 120      B313F69A 
 120      3F4D071B 
 120      92AC6669 
 120      EBA8
 121 02a7 BBB7CFC3 		.ascii	"\273\267\317\303-\3602W\341*\237\356+\313\350\247\006"
 121      2DF03257 
 121      E12A9FEE 
 121      2BCBE8A7 
 121      06
 122 02b8 6FFEE1B0 		.ascii	"o\376\341\260\320\223\013\354ubL\341\303R\346\221\241"
 122      D0930BEC 
 122      75624CE1 
 122      C352E691 
 122      A1
 123 02c9 BD273C5C 		.ascii	"\275'<\\\253\221\335s\354v\341\032\367DH\243F\211\240"
 123      AB91DD73 
 123      EC76E11A 
 123      F74448A3 
 123      4689A0
 124 02dc 8917C2FF 		.ascii	"\211\027\302\377$\254!\311\302l\246\301\260\332\322"
 124      24AC21C9 
 124      C26CA6C1 
 124      B0DAD2
 125 02eb F2C6F6AA 		.ascii	"\362\306\366\252\241\355\3771\264\033\327\025\250&\207"
 125      A1EDFF31 
 125      B41BD715 
 125      A82687
 126 02fa BEC10073 		.ascii	"\276\301\000s\250\213\275\323d\263j\011\253\334\311"
 126      A88BBDD3 
 126      64B36A09 
 126      ABDCC9
 127 0309 E8A5E34E 		.ascii	"\350\245\343N9\245\033\300w\\\207\021\323\357B\306\344"
 127      39A51BC0 
 127      775C8711 
 127      D3EF42C6 
 127      E4
 128 031a 73BC9DFE 		.ascii	"s\274\235\376\007.\363\010\356{\370\031B\215\242\347"
 128      072EF308 
 128      EE7BF819 
 128      428DA2E7 
 129 032a 1C078B6D 		.ascii	"\034\007\213mX\317g\225\322\037\322\314f\214\347*\335"
 129      58CF6795 
 129      D21FD2CC 
ARM GAS  /tmp/cc0pXrJD.s 			page 10


 129      668CE72A 
 129      DD
 130 033b 3A8FCBF2 		.ascii	":\217\313\362[j\371\241\327\365\217\262\306\225\262"
 130      5B6AF9A1 
 130      D7F58FB2 
 130      C695B2
 131 034a 2694B2F2 		.ascii	"&\224\262\362et\323\222\321\235\203{\273\326)\014\242"
 131      6574D392 
 131      D19D837B 
 131      BBD6290C 
 131      A2
 132 035b 2CEAEF34 		.ascii	",\352\3574\335Rs\347mru\214\265H\270\305\274\263x\022"
 132      DD5273E7 
 132      6D72758C 
 132      B548B8C5 
 132      BCB37812 
 133 036f C243F32C 		.ascii	"\302C\363,\214C\315k,\216\344\272\026\230\027\036X\273"
 133      8C43CD6B 
 133      2C8EE4BA 
 133      1698171E 
 133      58BB
 134 0381 DF7E013C 		.ascii	"\337~\001<\274\270\337\266\231O;\344P\014\352-*\362"
 134      BCB8DFB6 
 134      994F3BE4 
 134      500CEA2D 
 134      2AF2
 135 0393 5B9F8AB0 		.ascii	"[\237\212\260?\024\361\207C\001\177`G(\370vi8\022\252"
 135      3F14F187 
 135      43017F60 
 135      4728F876 
 135      693812AA 
 136 03a7 2E0A9016 		.ascii	".\012\220\026\251\024\345\221\312g\363\342J\313\003"
 136      A914E591 
 136      CA67F3E2 
 136      4ACB03
 137 03b6 3BABDE0A 		.ascii	";\253\336\012rl\270:\\\264\203l\273\266\355\254\012"
 137      726CB83A 
 137      5CB4836C 
 137      BBB6EDAC 
 137      0A
 138 03c7 16E64555 		.ascii	"\026\346EUV\204\"a\377\253[\213\267\024\357\346\320"
 138      56842261 
 138      FFAB5B8B 
 138      B714EFE6 
 138      D0
 139 03d8 404528F8 		.ascii	"@E(\370\346\256Me\034\277!72\270;\342\337R\\\362z\311"
 139      E6AE4D65 
 139      1CBF2137 
 139      32B83BE2 
 139      DF525CF2 
 140 03ee A3B23232 		.ascii	"\243\26222P\366ZUy\200\203\237*.\331\352\335\276-\034"
 140      50F65A55 
 140      7980839F 
 140      2A2ED9EA 
 140      DDBE2D1C 
 141 0402 AC0C956E 		.ascii	"\254\014\225n\360\3726\222\026\"{Y\260\254\"TM\177\003"
 141      F0FA3692 
ARM GAS  /tmp/cc0pXrJD.s 			page 11


 141      16227B59 
 141      B0AC2254 
 141      4D7F03
 142 0415 A3A61E2C 		.ascii	"\243\246\036,"
 143              		.text
 144              		.section	.gnu.lto_ch_debug.9729c5a2e5db4930,"",%progbits
 145 0000 789C55CE 		.ascii	"x\234U\316MK\002Q\024\006\340y\275\216\3711\246AD\213"
 145      4D4B0251 
 145      1406E079 
 145      BD8EF931 
 145      A641448B 
 146 0014 A9DF50AE 		.ascii	"\251\337P\256\\\366\023\372IJ\026Q\020\004\272\211\021"
 146      5CF613FA 
 146      494A1651 
 146      1004BA89 
 146      11
 147 0025 AC16152D 		.ascii	"\254\026\025-\022*?\263\314\264/rQ\030\324\246\2140"
 147      122A3FB3 
 147      CCB42F72 
 147      5118D4A6 
 147      8C30
 148 0037 0CD44C0A 		.ascii	"\014\324L\012\221\204:\307;\233\2069\274<s\346\234{"
 148      91843AC7 
 148      3B9B8639 
 148      BC3C73E6 
 148      9C7B
 149 0049 6D8AA274 		.ascii	"m\212\242t\241(\364\016\236\260\300^#\335s/\013C\320"
 149      A128F40E 
 149      9EB0C05E 
 149      23DD732F 
 149      0B43D0
 150 005c 4762666E 		.ascii	"Gbfn7nr\222\270Q/_\251\222\023\304T\256\351\223\322"
 150      376E7292 
 150      B8512F5F 
 150      A99213C4 
 150      54AEE993 
 151 0071 49AD50AD 		.ascii	"I\255P\255\352\222\034'~\366\243I\207\344(\361\256}"
 151      EA921C27 
 151      7EF6A349 
 151      87E428F1 
 151      AE7D
 152 0083 1335BB5E 		.ascii	"\0235\273^\342O=\374\010I\215\270\226\375\2726\027\333"
 152      E24F3DFC 
 152      08498DB8 
 152      96FDBA36 
 152      17DB
 153 0095 89C673E1 		.ascii	"\211\306s\341\311\234-\3625J\277\335\274G\332B\274\015"
 153      C99C2DF2 
 153      354ABFDD 
 153      BC47DA42 
 153      BC0D
 154 00a7 C50D2169 		.ascii	"\305\015!i%\226\303\037\263, 8E\374\356-\265\314\341"
 154      2596C31F 
 154      B32C2038 
 154      45FCEE2D 
 154      B5CCE1
 155 00ba 316225D9 		.ascii	"1b%\331\330\036\374lA\213w\025:\361-\215- \210\355\315"
ARM GAS  /tmp/cc0pXrJD.s 			page 12


 155      D81EFC6C 
 155      418B7715 
 155      3AF12D8D 
 155      2D2088ED 
 156 00cf D7054DB6 		.ascii	"\327\005M\266\337\377\035%\006G=\274\325r.\331~\341"
 156      DFFF1D25 
 156      06473DBC 
 156      D5722ED9 
 156      7EE1
 157 00e1 7665C5A8 		.ascii	"ve\305\250\332\245\233\354\325\371\235{\213?\021X\214"
 157      DAA59BEC 
 157      D5F99D7B 
 157      8B3F1158 
 157      8C
 158 00f2 05660C61 		.ascii	"\005f\014a\305\264\216s\350\360\351(Q\024\251\316\250"
 158      C5B48E73 
 158      E8F0E928 
 158      5114A9CE 
 158      A8
 159 0103 0A54A7D0 		.ascii	"\012T\247\320y\240\275\336\3578\345@L5\204\032\241k"
 159      79A0BDDE 
 159      EF38E540 
 159      4C35841A 
 159      A16B
 160 0115 5EC01FA1 		.ascii	"^\300\037\241\333\357C\217\320\336<\207\300\011\207"
 160      DBEF438F 
 160      D0DE3C87 
 160      C00987
 161 0124 15C71C2A 		.ascii	"\025\307\034*r\0346\034q\014!\313aG\206\303\2014\207"
 161      721C361C 
 161      710C21CB 
 161      614786C3 
 161      813487
 162 0137 13290E17 		.ascii	"\023)\016\027\222\034\232\\\346F\202c\030\207\034\036"
 162      921C9A5C 
 162      E6468263 
 162      18871C1E 
 163 0147 1C707865 		.ascii	"\034pxeo\204C\301%\374\312\037\303\363\231\336"
 163      6F8443C1 
 163      25FCCA1F 
 163      C3F399DE 
 164              		.text
 165              		.section	.gnu.lto_.symbol_nodes.9729c5a2e5db4930,"",%progbits
 166 0000 789C6363 		.ascii	"x\234cc``\010\000b\006\246u\214\365\014\014\023\316"
 166      60600800 
 166      6206A675 
 166      8CF50C0C 
 166      13CE
 167 0012 313000A9 		.ascii	"10\000\251]\015\216\014\014\254\033\030\031\024@2\353"
 167      5D0D8E0C 
 167      0CAC1B18 
 167      19144032 
 167      EB
 168 0023 19EB1951 		.ascii	"\031\353\031Qe\326226*\001\245\03071\3263\201\245\030"
 168      65D63232 
 168      362A01A5 
 168      183731D6 
ARM GAS  /tmp/cc0pXrJD.s 			page 13


 168      3381A518 
 169 0037 181A1A1C 		.ascii	"\030\032\032\034\030\030\230\231X\030\236\264\277\221"
 169      18189899 
 169      58189EB4 
 169      BF91
 170 0045 670000D9 		.ascii	"g\000\000\331\334\021\350"
 170      DC11E8
 171              		.text
 172              		.section	.gnu.lto_.refs.9729c5a2e5db4930,"",%progbits
 173 0000 789C6363 		.ascii	"x\234cc``\340\006bF badbbdc\000\000\001\200\000$"
 173      6060E006 
 173      62462062 
 173      61646262 
 173      64630000 
 174              		.text
 175              		.section	.gnu.lto_.decls.9729c5a2e5db4930,"",%progbits
 176 0000 789CBD5B 		.ascii	"x\234\275[kTTW\226\256sOQE\025\0058jg\354^\316LV\206"
 176      6B545457 
 176      96AE734F 
 176      51451505 
 176      386A67EC 
 177 0019 A4E9E956 		.ascii	"\244\351\351V\324dLz\246\247Wz\322\351N?\322\323+I\317"
 177      D4644C7A 
 177      A6A7577A 
 177      D2E94E3F 
 177      D2D32B49 
 178 002e EA35B37A 		.ascii	"\3525\263z\252IY*\011\257\256*\023\315\254Y]<D\021\024"
 178      AA49592A 
 178      09AFAE2A 
 178      13CDAC59 
 178      5D3C4411 
 179 0043 1054508C 		.ascii	"\020TP\214\210\250\240\"\370F\036\362\024A\220\247\200"
 179      88A8A022 
 179      F8461EF2 
 179      144190A7 
 179      80
 180 0054 BC111510 		.ascii	"\274\021\025\020\005\021|\360Rf\237G\325\275U\334\322"
 180      05117CF0 
 180      52669F47 
 180      D5BD55DC 
 180      D2
 181 0065 FC989E5A 		.ascii	"\374\230\236Zn\356\335\367\356\263\367\267\367\331g"
 181      6EEEDDF7 
 181      EEB3F7B7 
 181      F7D967
 182 0074 DF73CEBD 		.ascii	"\337s\316\275\252\024\012\305\257V+\024\277vW(J\220"
 182      AA140AC5 
 182      AF562B14 
 182      BF765728 
 182      4A90
 183 0086 4231073F 		.ascii	"B1\007?%\\+\005\002V\361>\371\003?\014\264\031\316\243"
 183      255C2B05 
 183      0256F13E 
 183      F9033F0C 
 183      B419CEA3 
 184 009a 81B60309 		.ascii	"\201\266\003\011\300{\300\237\037\013\012\207\237\007"
 184      C07BC09F 
ARM GAS  /tmp/cc0pXrJD.s 			page 14


 184      1F0B0A87 
 184      9F07
 185 00a8 08EAE0B8 		.ascii	"\010\352\340\270\020h1o_\002\307\245@\357\202\354O\201"
 185      1068316F 
 185      5F02C7A5 
 185      40EF82EC 
 185      4F81
 186 00ba DE07D202 		.ascii	"\336\007\322\002\215\302\275\237\001\251\021\323\217"
 186      8DC2BD9F 
 186      01A911D3 
 186      8F
 187 00c7 E1DA1D38 		.ascii	"\341\332\03587\003\251\270\275\017\340\332/\201~\013"
 187      3703A9B8 
 187      BD0FE0DA 
 187      2F817E0B 
 188 00d7 F411D027 		.ascii	"\364\021\320'\002\303\345\341dw\021(\360~\211]bKj\373"
 188      02C3E5E1 
 188      64771128 
 188      F07E895D 
 188      624B6AFB 
 189 00eb 7702B3FD 		.ascii	"w\002\263\375\357p\214\345\0306\"\206\203`P+\230\277"
 189      EF708CE5 
 189      18362286 
 189      8360502B 
 189      98BF
 190 00fd 72186C31 		.ascii	"r\030l1\370\2030\037\313\377(\031~b\373\015\240\277"
 190      F883301F 
 190      CBFF2819 
 190      7E62FB0D 
 190      A0BF
 191 010f 460C930F 		.ascii	"F\014\223\017\310\375\213\3000\276\011\307\345@\276"
 191      C8FD8BC0 
 191      30BE09C7 
 191      E540BE
 192 011e 40FF00B4 		.ascii	"@\377\000\264\002h5\320\033@o\003\255\002\372\036\320"
 192      026835D0 
 192      1B406F03 
 192      AD02FA1E 
 192      D0
 193 012f 3B40CB80 		.ascii	";@\313\200\276\013\364\003\240\267\200\276\017\264\022"
 193      BE0BF403 
 193      A0B780BE 
 193      0FB412
 194 013e C8CFC9AE 		.ascii	"\310\317\311\256\355\227\204\321\310~k\225\027\026\020"
 194      ED9784D1 
 194      C87E6B95 
 194      171610
 195 014d 39EF2AB9 		.ascii	"9\357*\271W\342\276\374\204\225\375\334\177\251@g\020"
 195      57E2BEFC 
 195      8495FDDC 
 195      7FA94067 
 195      10
 196 015e B6093646 		.ascii	"\266\0116F\346\246\342\030\214\026j\221\022\330\207"
 196      E6A6E218 
 196      8C166A91 
 196      12D887
 197 016d D7F6DEF2 		.ascii	"\327\366\336\362\002v\261\026\275\012\354\205\321\343"
ARM GAS  /tmp/cc0pXrJD.s 			page 15


 197      0276B116 
 197      BD0AEC85 
 197      D1E3
 198 017b 173CD9DD 		.ascii	"\027<\331\335\022\"\2359\220\272C\307\370w\200\335\022"
 198      12229D39 
 198      90BA43C7 
 198      F87780DD 
 198      12
 199 018c 31DDA6C4 		.ascii	"1\335\246\304\337\247V\272\253\262\216\023E\337\325"
 199      DFA756BA 
 199      ABB28E13 
 199      45DFD5
 200 019b 229243DE 		.ascii	"\"\222C\336p)\347\376\305)Ov\211H4\305\215g\250\361"
 200      7029E7FE 
 200      C5294F76 
 200      894834C5 
 200      8D67A8F1 
 201 01af 6A722EF4 		.ascii	"jr.\364\266\317ty!\255\357V\2535\334\232\026a\325|\240"
 201      B6CF7479 
 201      21ADEF56 
 201      AB35DC9A 
 201      1661D57C 
 202 01c4 40E7D152 		.ascii	"@\347\321Rt\016-U\240K\310\227\2649\213\226+P\001\\"
 202      740E2D55 
 202      A04BC897 
 202      B4398B96 
 202      2B50015C 
 203 01d8 CC878B47 		.ascii	"\314\207\213G\010\366\222\372\344\037\247\214[\255\257"
 203      08F692FA 
 203      E41FA78C 
 203      5BADAF
 204 01e7 A222A445 		.ascii	"\242\"\244E\205\010S\031H\210\357j\2317Y\031\011\351"
 204      85085319 
 204      4888EF6A 
 204      99375919 
 204      09E9
 205 01f9 2A5C8DA8 		.ascii	"*\\\215\250\215\202}w.\013\256l\224\272\264\321\226"
 205      8D827D77 
 205      2E0BAE6C 
 205      94BAB4D1 
 205      96
 206 020a FF5AE566 		.ascii	"\377Z\345f\253U@%`\243X\264\001&\231\021k\322\314\001"
 206      AB554025 
 206      60A358B4 
 206      01269911 
 206      6BD2CC01 
 207 021e 4F5C4783 		.ascii	"O\\G\203+<\210\330w\330\245#\025.\215<\355X\2212M\034"
 207      2B3C88D8 
 207      77D8A523 
 207      152E8D3C 
 207      ED589132 
 208 0234 29072365 		.ascii	")\007#e\242\221\022\233\221\256\007\273\243T$\236\204"
 208      A291129B 
 208      91AE07BB 
 208      A354249E 
 208      84
 209 0245 D95BF0E8 		.ascii	"\331[\360\350\252\033\013\273;\260Sy\367RUx\027\273"
ARM GAS  /tmp/cc0pXrJD.s 			page 16


 209      AA1B0BBB 
 209      3BB05379 
 209      F7525578 
 209      17BB
 210 0257 77B53FA9 		.ascii	"w\265?\251[\300\251\214\261\365\327b\336_\373g\316^"
 210      5BC0A98C 
 210      B1F5D762 
 210      DE5FFB67 
 210      CE5E
 211 0269 F6C019EC 		.ascii	"\366\300\031\354\346\351G1\337\306'\330y\305\255\346"
 211      E6E94731 
 211      DFC627D8 
 211      79C5ADE6 
 212 0279 2A377C86 		.ascii	"*7|\20611g\"\017*q\005c\362w\025\216\270\343\032\306"
 212      31316722 
 212      0F2A7105 
 212      63F27715 
 212      8EB8E31A 
 213 028e 943E6B4F 		.ascii	"\224>kO\325\342N\3064\215\325\356\367`(\026\000{~\240"
 213      D5E24EC6 
 213      348DD5EE 
 213      F7602816 
 213      007B7EA0 
 214 02a2 BA52CB6C 		.ascii	"\272R\313lY\021\360\263\207\353o\270\343[L\266\340B"
 214      5911F0B3 
 214      87EB6FB8 
 214      E35B4CB6 
 214      E042
 215 02b4 612547BC 		.ascii	"a%G\274\002\330\330x\353\025\017|\237\335\253\214\213"
 215      02D8D878 
 215      EB150F7C 
 215      9FDDAB8C 
 215      8B
 216 02c5 8CD5E2A7 		.ascii	"\214\325\342\247\224\021\0367\336OQ\271\212_\233\313"
 216      94111E37 
 216      DE4F51B9 
 216      8A5F9BCB 
 217 02d5 F84D7F1B 		.ascii	"\370M\177\0332\031\265B\360Zd\202W\331\367l\334\033"
 217      3219B542 
 217      F05A6482 
 217      57D9F76C 
 217      DC1B
 218 02e7 4728A9B9 		.ascii	"G(\251\271\315\333\263\367\020\234*\226\230j\270t{l"
 218      CDDBB3F7 
 218      109C2A96 
 218      986AB874 
 218      7B6C
 219 02f9 FABC925D 		.ascii	"\372\274\222]\"\3326\222H\245t\235\362\302\321\264\211"
 219      22DA3692 
 219      48A5749D 
 219      F2C2D1B4 
 219      89
 220 030a 70A9392F 		.ascii	"p\2519/\322\023\371jmI\267:e\214\364U7\230\353\024\315"
 220      D213F96A 
 220      6D49B73A 
 220      658CF455 
 220      3798EB14 
ARM GAS  /tmp/cc0pXrJD.s 			page 17


 221 031f A988B5AD 		.ascii	"\251\210\265\255D\304\031w\027\340Vq\334\035p\261\035"
 221      44C41977 
 221      17E05671 
 221      DC1D70B1 
 221      1D
 222 0330 2E828DF1 		.ascii	".\202\215\361\251\261\263J\234\310l\234I\234M\366\262"
 222      A9B1B34A 
 222      9CC86C9C 
 222      499C4DF6 
 222      B2
 223 0341 DB68CB5F 		.ascii	"\333h\313_u\216&]\037\330\350\021mt#\227Fz\345\215\264"
 223      758E265D 
 223      1FD8E811 
 223      6D742397 
 223      467AE58D 
 224 0356 C53677AA 		.ascii	"\3056w\252\360>f\344BM\327\014\266\033y\332\361\026"
 224      F03E66E4 
 224      424DD70C 
 224      B61B79DA 
 224      F116
 225 0368 4BBA5B60 		.ascii	"K\272[`\344\246h\244\317\265\221~y#\373&\272\357jX\367"
 225      E4A668A4 
 225      CFB5917E 
 225      7923FB26 
 225      BAEF6A58 
 226 037d FA021B37 		.ascii	"\372\002\0337\221\320\346\206\017\262x\333J\310BVB\366"
 226      91D0E686 
 226      0FB278DB 
 226      4AC84256 
 226      42F6
 227 038f C7B59CC7 		.ascii	"\307\265\234\307\370\004\273\027}\"\272\322\013\237"
 227      F804BB17 
 227      7D22BAD2 
 227      0B9F
 228 039d 674C7A71 		.ascii	"gLzq\301}5\256\344\255Z\303oiq\013cnv]\311\365\302\355"
 228      C17D35AE 
 228      E4AD5AC3 
 228      6F69710B 
 228      636E765D 
 229 03b5 8C2978BA 		.ascii	"\214)x\272\257\300\033\3671\346\332\255\271q-\036dL"
 229      AFC01BF7 
 229      31E6DAAD 
 229      B9712D1E 
 229      644C
 230 03c7 63D84148 		.ascii	"c\330AH\325Q\336\306:\223\242\303\217\230\337\373\312"
 230      D551DEC6 
 230      3A93A2C3 
 230      8F98DFFB 
 230      CA
 231 03d8 D2CF0876 		.ascii	"\322\317\010v\277\257~\207$\313Cp\372\3017rzL\336\351"
 231      BFAF7E87 
 231      24CB4370 
 231      FAC13772 
 231      7A4CDEE9 
 232 03ec BA87DB66 		.ascii	"\272\207\333f\275\36143\027\263k\344\210\027\016w\243"
 232      BDF13433 
 232      17B36BE4 
ARM GAS  /tmp/cc0pXrJD.s 			page 18


 232      88170E77 
 232      A3
 233 03fd CCCC5052 		.ascii	"\314\314PR;b.\353\200\015/hO\360f#\243\217\246c}\332"
 233      3B622EEB 
 233      800D2F68 
 233      4FF06623 
 233      A38FA663 
 234 0413 843B8E63 		.ascii	"\204;\216c\262\027\023v\002\350]\214\351I\216)\360\300"
 234      B2171376 
 234      02E85D8C 
 234      E9498E29 
 234      F0C0
 235 0425 998CB914 		.ascii	"\231\214\271\0247\236\247\3019\214\3312\331\237\353"
 235      379EA7C1 
 235      398CD932 
 235      D99FEB
 236 0434 8DF3DC1C 		.ascii	"\215\363\334\034F\323b6\232F#\357\364\361\201\270\004"
 236      46D36236 
 236      9A4623EF 
 236      F4F181B8 
 236      04
 237 0445 D843D7CB 		.ascii	"\330C\327\313\307\335p1\023\315\331|;\313\035\356-\205"
 237      C7DD7031 
 237      13CDD97C 
 237      3BCB1DEE 
 237      2D85
 238 0457 6C47921A 		.ascii	"lG\222\032\274\224\325\340\263%\023\331J\\Ie\205S\331"
 238      BC94D5E0 
 238      B32513D9 
 238      4A5C4965 
 238      8553D9
 239 046a B73F9364 		.ascii	"\267?\223d\371\362\315[H\006\206\0130*\004{\234\226"
 239      F9F2CD5B 
 239      4806860B 
 239      302A047B 
 239      9C96
 240 047c F230855B 		.ascii	"\3620\205[\255\207\254x\211\002\275\271\024\255\200"
 240      AD87AC78 
 240      8902BDB9 
 240      14AD80
 241 048b 208509BE 		.ascii	" \205\011\276D)\015\322\034\004\3519\013R\326\201\314"
 241      44290DD2 
 241      1C04E939 
 241      0B52D681 
 241      CC
 242 049c 0A4FDCC0 		.ascii	"\012O\334\300\014\364d?\250\303\222\034\177\355\014"
 242      0CF4643F 
 242      A8C3921C 
 242      7FED0C
 243 04ab CDF1CD60 		.ascii	"\315\361\315`!B\264\000\006\345MD\312\233\010Ol>\241"
 243      2142B400 
 243      06E54D44 
 243      CA9B084F 
 243      6C3EA1
 244 04be C1379889 		.ascii	"\3017\230\211\360\313\361\215j[\375pl\276U\246\271m"
 244      F0CBF18D 
 244      6A5BFD70 
ARM GAS  /tmp/cc0pXrJD.s 			page 19


 244      6CBE55A6 
 244      B96D
 245 04d0 20F8B281 		.ascii	" \370\262\201\260\005\220D\211H6\013\274\200\330\362"
 245      B0059044 
 245      8948360B 
 245      BC80D8F2 
 246 04e0 7B31CBEF 		.ascii	"{1\313\357\212\314\213=\236\270\217E8&\366y\016\306"
 246      8ACC8B3D 
 246      9EB88F45 
 246      3826F679 
 246      0EC6
 247 04f2 43CCFCC8 		.ascii	"C\314\374\310\216\314\013*y\363\333]\232/\243\305+\026"
 247      8ECC0B2A 
 247      79F3DB5D 
 247      9A2FA3C5 
 247      2B16
 248 0504 6CC7C8D8 		.ascii	"l\307\310\330.\212\032\017\305c\314VFyN\243\032O2[\355"
 248      2E8A1A0F 
 248      C563CC56 
 248      46794EA3 
 248      1A4F325B 
 249 0519 8F6B1225 		.ascii	"\217k\022%IM\225$\200\2228g%2`\342\345Cy\240\2501K\211"
 249      494D9524 
 249      80923867 
 249      253260E2 
 249      E54379A0 
 250 0531 C354D458 		.ascii	"\303T\324X\313d\321\264\016o\245\214\362D\304\2611%"
 250      CB64D1B4 
 250      0E6FA58C 
 250      F244C4B1 
 250      3125
 251 0543 F25D8A40 		.ascii	"\362]\212@\0301\223d\362\240@{\300b\242\200ms\215\275"
 251      18319364 
 251      F2A0407B 
 251      C062A280 
 251      6D738DBD 
 252 0557 56B036F6 		.ascii	"V\2606\366gr\031\316\335\351Q\306~\022\330'\267\024"
 252      677219CE 
 252      DDE951C6 
 252      7E12D827 
 252      B714
 253 0569 68B7B014 		.ascii	"h\267\260\024\355\022\250\365S\251US\032-\227\336\372"
 253      ED12A8F5 
 253      53A95553 
 253      1A2D97DE 
 253      FA
 254 057a 32E99B93 		.ascii	"2\351\233\223s\025:\3356\373s\002%\003\022\333\230U"
 254      73153ADD 
 254      36FB7302 
 254      250312DB 
 254      9855
 255 058c A01441C7 		.ascii	"\240\024A\307\2474\007n\\\354Q\342\355\314\251[\326"
 255      A734076E 
 255      5CEC51E2 
 255      EDCCA95B 
 255      D6
 256 059d F26601EF 		.ascii	"\362f\001\357bL\366\241\236\303\032\274\2371E\035;\207"
ARM GAS  /tmp/cc0pXrJD.s 			page 20


 256      624CF6A1 
 256      9EC31ABC 
 256      9F31451D 
 256      3B87
 257 05af 3CF121C6 		.ascii	"<\361!\306\364\234|^\250\302G\031s\240\353a\266\032"
 257      F49C7C5E 
 257      A8C24719 
 257      73A0EB61 
 257      B61A
 258 05c1 1FA38CD0 		.ascii	"\037\243\214\320:74\004\303\332Wb\370\217\257\210\265"
 258      3A373404 
 258      C3DA5762 
 258      F88FAF88 
 258      B5
 259 05d2 E22040D5 		.ascii	"\342 @\325\353x\374Y\317\364\326\341k\267`()Q\232\240"
 259      EB78FC59 
 259      CFF4D6E1 
 259      6BB76028 
 259      29519AA0 
 260 05e6 4307C4DE 		.ascii	"C\007\304\336\321\353\030\300\276\360\312fw\334\316"
 260      D1EB18C0 
 260      BEF0CA66 
 260      77DCCE
 261 05f5 8C3D1CBD 		.ascii	"\214=\034\275>\353\211\273\031c\235\272\324\241\302"
 261      3EEB89BB 
 261      19639DBA 
 261      D4A1C2
 262 0604 3719D3B9 		.ascii	"7\031\323\271k\262O\203o3\246\252%\246X\211\007\031"
 262      6BB24F83 
 262      6F33A6AA 
 262      25A65889 
 262      0719
 263 0616 73B4A6CF 		.ascii	"s\264\246\317\352\206\207\031S\270\255f\326\035\217"
 263      EA868719 
 263      53B8AD66 
 263      D61D8F
 264 0625 30666FFE 		.ascii	"0fo\376\226p-\036c\314\361\271\2118\035\236`\314dac"
 264      96702D1E 
 264      63CCF1B9 
 264      89381D9E 
 264      60CC6461 
 265 063a BAC08A86 		.ascii	"\272\300\212\206\017\260\307Jb\2520\313\3604!\011{\324"
 265      0FB0C74A 
 265      62AA30CB 
 265      F0342109 
 265      7BD4
 266 064c 6EAEDDE2 		.ascii	"n\256\335\342\216|\330o\221\257\217O:\361\267d\256\027"
 266      8E7CD86F 
 266      91AF8F4F 
 266      3AF1B764 
 266      AE17
 267 065e 7F9DB56D 		.ascii	"\177\235\265m\2735\255\014Qo\322\2117\302\"\321\377"
 267      BB35AD0C 
 267      516FD289 
 267      37C222D1 
 267      FF
 268 066f 591AFCF3 		.ascii	"Y\032\374\363\344\257\2025\231\376`\257\265$\022S\361"
ARM GAS  /tmp/cc0pXrJD.s 			page 21


 268      E4AF8235 
 268      99FE60AF 
 268      B5241253 
 268      F1
 269 0680 2C67713F 		.ascii	",gq?\"\275R\024.\373\205(\234)+,U\335$\221>\342,]9\017"
 269      22BD5214 
 269      2EFB8528 
 269      9C292B2C 
 269      55DD2491 
 270 069a 49BF443C 		.ascii	"I\277D<\303Y\274a>p\211\370\327\316\342\003\310\011"
 270      C359BC61 
 270      3E7089F8 
 270      D7CEE203 
 270      C809
 271 06ac F9B044FA 		.ascii	"\371\260D\372\220|T\250t\002\311\211x \244T\240\023"
 271      907C54A8 
 271      7402C989 
 271      7820A454 
 271      A013
 272 06be 90CEC721 		.ascii	"\220\316\307!\235\3211\336\0022\003\235\203\024:)\370"
 272      9DD131DE 
 272      0232039D 
 272      83143A29 
 272      F8
 273 06cf A01CA00B 		.ascii	"\240\034\240\013@\271@\347\201N\001\235\001\312\006"
 273      40B940E7 
 273      814E019D 
 273      01CA06
 274 06de 3A2DF8D0 		.ascii	":-\370\320\341\3062l\340\322\2020PH4(xr)\354\300z\252"
 274      E1C6326C 
 274      E0D28230 
 274      50483428 
 274      787229EC 
 275 06f5 17A64758 		.ascii	"\027\246GX\253VPd\207\345\335\226\370qU\342\307Q\371"
 275      AB565064 
 275      87E5DD96 
 275      F87155E2 
 275      C751F9
 276 0708 985269F2 		.ascii	"\230Ri\362(\357\037\031u\223\216@\251\254\002\345\331"
 276      28EF1F19 
 276      75938E40 
 276      A9AC02E5 
 276      D9
 277 0719 47E085B9 		.ascii	"G\340\205\271\34117\234\245&\211\207O\335;\227\351\215"
 277      E131379C 
 277      A5268987 
 277      4FDD3B97 
 277      E98D
 278 072b 16F9F826 		.ascii	"\026\371\370&\360g-\215\204\335\304E\260\231\317#Q\010"
 278      F0672D8D 
 278      84DDC445 
 278      B099CF23 
 278      5108
 279 073d 9128E09E 		.ascii	"\221(\340\2362t0\226\366\336\211a\371\007\372\321~."
 279      32743096 
 279      F6DE8961 
 279      F907FAD1 
ARM GAS  /tmp/cc0pXrJD.s 			page 22


 279      7E2E
 280 074f 2D93502C 		.ascii	"-\223P,4uY,4\371\216\241!\223\224\256\322a\001\237\242"
 280      3475592C 
 280      34F98EA1 
 280      219394AE 
 280      D261019F 
 281 0764 A0D0BD81 		.ascii	"\240\320\275\201\343\255\002\316cLjoY\017\237\315T\020"
 281      E3AD02CE 
 281      634C6A6F 
 281      590F9FCD 
 281      5410
 282 0776 FE7C6F52 		.ascii	"\376|oR\264\216\217\015\262(\252l\234\273\244\301eL"
 282      B48E8F0D 
 282      B228AA6C 
 282      9CBBA4C1 
 282      654C
 283 0788 F8CC5C56 		.ascii	"\370\314\\V\024\306W)\363\243\243\315]\3674\340\233"
 283      14C65729 
 283      F3A3A3CD 
 283      5DF734E0 
 283      9B
 284 0799 6E91CF22 		.ascii	"n\221\317\"\037\362\027\376\371\220s_\370\261\221\344"
 284      1FF217FE 
 284      F990735F 
 284      F8B191E4 
 285 07a9 EBB3D887 		.ascii	"\353\263\330\207\336\362\361\365\321\351\310E_\037\373"
 285      DEF2F1F5 
 285      D1E9C845 
 285      5F1FFB
 286 07b8 CFD74550 		.ascii	"\317\327EP\206`\236R\316\203\322\013A\251p\014\3124"
 286      86609E52 
 286      CE83D20B 
 286      41A9700C 
 286      CA34
 287 07ca BE7B7907 		.ascii	"\276{y\007\013\312"
 287      0BCA
 288 07d0 65084A0D 		.ascii	"e\010J\015\227\226\011\212\244\263*\035:\213\264c\341"
 288      9796098A 
 288      A4B32A1D 
 288      3A8BB463 
 288      E1
 289 07e1 7148D012 		.ascii	"qH\320\022H\320b\222\240\317\301j\025G\360\014\316g"
 289      48D06292 
 289      A0CFC16A 
 289      1547F00C 
 289      CE67
 290 07f3 21096780 		.ascii	"!\011g\200\246\201\246\200&\201\236\002=\001z\014\364"
 290      A681A680 
 290      26819E02 
 290      3D017A0C 
 290      F4
 291 0804 086802E8 		.ascii	"\010h\002\350&P7P\027P'P\007\320U\240j\240+\016^\224"
 291      26503750 
 291      17502750 
 291      07D055A0 
 291      6AA02B0E 
 292 081a FD274B3C 		.ascii	"\375'K<\250\236\245\320\253UR\007.\270\030?vx\227x\213"
ARM GAS  /tmp/cc0pXrJD.s 			page 23


 292      A89EA5D0 
 292      AB555207 
 292      2EB8183F 
 292      76789778 
 293 082f BF1CBCBA 		.ascii	"\277\034\274\272\216\205\207\3500\"+\264\213\310\011"
 293      8E8587E8 
 293      30222BB4 
 293      8BC809
 294 083e 60DEBCEA 		.ascii	"`\336\274\3521\332\276\230\311\327@d/\313\313;wI\255"
 294      31DABE98 
 294      C9D74064 
 294      2FCBCB3B 
 294      7749AD
 295 0851 4397D4B0 		.ascii	"C\227\324\260\361\343\340p#\334%C\0265\201\306Z\356"
 295      F1E3E070 
 295      23DC2543 
 295      163581C6 
 295      5AEE
 296 0863 F00D70B8 		.ascii	"\360\015p\270\021\0007\000]s\000}\3539~~\326j\215V\241"
 296      11003700 
 296      5D73007D 
 296      EB397E7E 
 296      D66A8D56 
 297 0878 3A407185 		.ascii	":@q\205\267\221-\221\022\030\365\0160\352^\004\243\035"
 297      B7912D91 
 297      1218F50E 
 297      30EA5E04 
 297      A31D
 298 088a 4CBF1C46 		.ascii	"L\277\034F\377Ql\315XBs\254J\036\203\255\000\301\210"
 298      FF516CCD 
 298      584273AC 
 298      4A1E83AD 
 298      00C188
 299 089d 6DDDA30E 		.ascii	"m\335\243\016\243\211\320\004bW\271x5\210W:\246\262"
 299      A389D004 
 299      6257B978 
 299      3588573A 
 299      A6B2
 300 08af 0320FBFD 		.ascii	"\003 \373\3756\000q\235\003j\205\363\026\000\323\354"
 300      3600719D 
 300      036A85F3 
 300      1600D3EC 
 301 08bf 3C5AA6A4 		.ascii	"<Z\246\244\243\345\032\230\270\356\3421#o\243\226\267"
 301      A3E51A98 
 301      B8EEE231 
 301      236FA396 
 301      B7
 302 08d0 706DA3CC 		.ascii	"pm\243\314\217\345\262m4\316\327/)Q\317O\262\022u\335"
 302      8FE5B26D 
 302      34CED72F 
 302      2951CF4F 
 302      B21275DD 
 303 08e4 B144B19B 		.ascii	"\261D\261\233\203\333\3342\017\355$\223\007\022\216"
 303      83DBDC32 
 303      0FED2493 
 303      07128E
 304 08f3 3A71BD42 		.ascii	":q\275B\244\355B\317\361T.\231\277\326\312\251\030\330"
ARM GAS  /tmp/cc0pXrJD.s 			page 24


 304      A4ED42CF 
 304      F1542E99 
 304      BFD6CAA9 
 304      18D8
 305 0905 AD265343 		.ascii	"\255&SC\322\253\365b\373Z\332\236\301\355\234\306;j"
 305      D2ABF562 
 305      FB5ADA9E 
 305      C1ED9CC6 
 305      3B6A
 306 0917 A2ACF1FE 		.ascii	"\242\254\361\376t\005}\3359Y\233\035\223\233\314X\177"
 306      74057DDD 
 306      39599B1D 
 306      939BCC58 
 306      7F
 307 0928 CFFC230B 		.ascii	"\317\374#\013\307\033\362\342\222\036\355\3777\261C"
 307      C71BF2E2 
 307      921EEDFF 
 307      37B143
 308 0937 EF70697B 		.ascii	"\357pi{0o;K\217\377\206\351\356\001\251Ag\335\003\310"
 308      306F3B4B 
 308      8FFF86E9 
 308      EE01A941 
 308      67DD03C8 
 309 094b A973E695 		.ascii	"\251s\346\225\312>\350\020\271R\311bQ\311c]\356\"\326"
 309      CA3EE810 
 309      B952C962 
 309      51C9635D 
 309      EE22D6
 310 095e 291134D6 		.ascii	")\0214\326\304\366]1V\345\266XYY\261\315\342\351\323"
 310      C4F65D31 
 310      56E5B658 
 310      5959B1CD 
 310      E2E9D3
 311 0971 2F2C46C3 		.ascii	"/,F\303\362\020\251C;\345\020*h3\002o\034\340=\204\334"
 311      F210A943 
 311      3BE5102A 
 311      6833026F 
 311      1CE03D84 
 312 0986 19037A00 		.ascii	"\031\003z\000t\017\350\016\320m\240[\016\3714\375!\213"
 312      740FE80E 
 312      D06DA05B 
 312      0EF934FD 
 312      218B
 313 0998 09E99E7B 		.ascii	"\011\351\236{`\220hp9\207z^+\251<\367_&=\376+\246z\000"
 313      60906870 
 313      39877A5E 
 313      2BA93CF7 
 313      5F263DFE 
 314 09b0 84475C0B 		.ascii	"\204G\\\013K\312\303\240Cy\030\220)\017\217\341\356"
 314      4BCAC3A0 
 314      43791890 
 314      290F8FE1 
 314      EE
 315 09c1 23D27E02 		.ascii	"#\322~\002\024\016\362\316\030\006o\357\202gC\242gd"
 315      140EF2CE 
 315      18066FEF 
 315      826743A2 
ARM GAS  /tmp/cc0pXrJD.s 			page 25


 315      6764
 316 09d3 9919E7F6 		.ascii	"\231\031\347\366`|\310j\335\251\243\013\362Q\336\300"
 316      607CC86A 
 316      DDA9A30B 
 316      F251DEC0 
 317 09e3 7579187E 		.ascii	"uy\030~\205\224\022\222J\343\\V\2466\360\304\217r#\211"
 317      85941292 
 317      4AE35C56 
 317      A636F0C4 
 317      8F722389 
 318 09f7 3F28372B 		.ascii	"?(7+\202n<Y\315\273\361>\270\376\344\033\271>\002\222"
 318      826E3C59 
 318      CDBBF13E 
 318      B8FEE41B 
 318      B93E0292 
 319 0a0b A2EBF799 		.ascii	"\242\353\367\231\353.\236\251h\024\034\026\037\253\366"
 319      EB2E9EA9 
 319      68141C16 
 319      1FABF6
 320 0a1a 148B8D88 		.ascii	"\024\213\215\210!)FT=\025S\3542\325e\307v\300\206\015"
 320      21294654 
 320      3D1553EC 
 320      32D565C7 
 320      76C0860D 
 321 0a2e 9E86932F 		.ascii	"\236\206\223/\354B\222\324\325\374\321D\206\343\324"
 321      EC4292D4 
 321      D5FCD144 
 321      86E3D4
 322 0a3d CBA4AF7E 		.ascii	"\313\244\257~ \216\335i\327\302\014ok\261\212\204\020"
 322      208EDD69 
 322      D7C20C6F 
 322      6BB18A84 
 322      10
 323 0a4e 64E687F0 		.ascii	"d\346\207\360I\341\302\210\010k\362\012\272j~\306\207"
 323      49E1C288 
 323      086BF20A 
 323      BA6A7EC6 
 323      87
 324 0a5f 015FB1B1 		.ascii	"\001_\261\261\011\357\214\344yx\365G\311\326\2220L\227"
 324      09EF8CE4 
 324      7978F547 
 324      C9D69230 
 324      4C97
 325 0a71 B9DB0419 		.ascii	"\271\333\004\031\341hA2\231\376g&L\226\263;\344\204"
 325      E1684132 
 325      99FE6726 
 325      4C96B33B 
 325      E484
 326 0a83 A54FDAD6 		.ascii	"\245O\332\326|\236\357\260\344C;\235\247\016\263\310"
 326      7C9EEFB0 
 326      E4433B9D 
 326      A70EB3C8 
 327 0a93 29E13B7E 		.ascii	")\341;~(\326\346\275\316\322\363W\001M\022\361}\362"
 327      28D6E6BD 
 327      CED2F357 
 327      014D12F1 
 327      7DF2
ARM GAS  /tmp/cc0pXrJD.s 			page 26


 328 0aa5 E2D2AEB8 		.ascii	"\342\322\256\270\310\273\202LJS\235\305\347/I\246\337"
 328      C8BB824C 
 328      4A539DC5 
 328      E72F49A6 
 328      DF
 329 0ab6 61DAC9A4 		.ascii	"a\332\311\244\242H^\\\002}4\217{j{nU\271xnqO\337q|\012"
 329      A2485E5C 
 329      027D348F 
 329      7B6A7B6E 
 329      55B9786E 
 330 0ad0 CD9796F6 		.ascii	"\315\227\226\366t\036\253\214U.*\343\334#\362\200!\011"
 330      741EAB8C 
 330      552E2AE3 
 330      DC23F280 
 330      2109
 331 0ae2 5E26AE60 		.ascii	"^&\256`\253ha$\006\310NqiQ\261G/\352F\344\225\314\002"
 331      AB686124 
 331      06C84E71 
 331      6951B147 
 331      2FEA46E4 
 332 0af9 DA1A21F6 		.ascii	"\332\032!\366\027\216\204(?g\373!v\035\256\012\354\300"
 332      178E8428 
 332      3F67FB21 
 332      761DAE0A 
 332      ECC0
 333 0b0b 4509636B 		.ascii	"E\011ck\202\354W\004\256C\260\351\245\377\270\002$\325"
 333      82EC5704 
 333      AE43B0E9 
 333      A5FFB802 
 333      24D5
 334 0b1d CAEE3373 		.ascii	"\312\3563s\266\237\202\3113<b;vI\020\215I\232\314\303"
 334      B69F82C9 
 334      333C623B 
 334      7649108D 
 334      499ACCC3 
 335 0b31 AAB0DFB6 		.ascii	"\252\260\337\266\203\022\235\244\347\020\204\262\246"
 335      83129DA4 
 335      E71084B2 
 335      A6
 336 0b3e B0216D1F 		.ascii	"\260!m\037\352\201\273\377\241P\304\273\007\321E\302"
 336      EA81BBFF 
 336      A150C4BB 
 336      07D145C2 
 337 0b4e E373A5A7 		.ascii	"\343s\245\247T\270\335\2352\227\347\236\226x\263\345"
 337      54B8DD9D 
 337      3297E79E 
 337      9678B3E5 
 338 0b5e 8520D946 		.ascii	"\205 \331F_\314\266\321\303\012\223\032\335\226\354"
 338      5FCCB6D1 
 338      C30A931A 
 338      DD96EC
 339 0b6d A6E534C2 		.ascii	"\246\3454\302\272@\240\275\027\201\227\242pLz,\022/"
 339      BA40A0BD 
 339      178197A2 
 339      704C7A2C 
 339      122F
 340 0b7f 81BFC14A 		.ascii	"\201\277\301Jf\255\275\253o\310\373\2654kZ\237\265\244"
ARM GAS  /tmp/cc0pXrJD.s 			page 27


 340      66ADBDAB 
 340      6FC8FBB5 
 340      346B5A9F 
 340      B5A4
 341 0b91 6DBF5BCC 		.ascii	"m\277[\314\235(\250\032\350]\"\205\302\260\275\233\340"
 341      9D28A81A 
 341      E85D2285 
 341      C2B0BD9B 
 341      E0
 342 0ba2 14FE5A71 		.ascii	"\024\376Zq\037BsB/@\333\214_\203\326_\247\365Ejp\214"
 342      1F427342 
 342      2F40DB8C 
 342      5F83D65F 
 342      A7F5456A 
 343 0bb8 86A2BA31 		.ascii	"\206\242\2721s\262Y\247\024\370R\000\014\320u[s\257"
 343      73B259A7 
 343      14F85200 
 343      0CD0755B 
 343      73AF
 344 0bca BB6B2C5B 		.ascii	"\273k,[)\226-\230\203\271\333Q{\300\213\203\351\370"
 344      29962D98 
 344      83B9DB51 
 344      7BC08B83 
 344      E9F8
 345 0bdc 3EA45EB8 		.ascii	">\244^\270\225\354\356\201\024\212\022\261D9c\211\246"
 345      95ECEE81 
 345      148A12B1 
 345      44396389 
 345      A6
 346 0bed 5866A26F 		.ascii	"Xf\242oN\351\360>\327X\362w\324\235\361\220b\371\343"
 346      4EE9F03E 
 346      D758F277 
 346      D49DF190 
 346      62F9E3
 347 0c00 2B1228B1 		.ascii	"+\022(\261\024J\214\015J\334\263\246r\015@\351\203\334"
 347      144A8C0D 
 347      4ADCB3A6 
 347      720D40E9 
 347      83DC
 348 0c12 BD92EDB6 		.ascii	"\275\222\355\266/\002\342r\020Q1\264M\304\262\015\263"
 348      2F02E272 
 348      105131B4 
 348      4DC4B20D 
 348      B3
 349 0c23 7D2BB49D 		.ascii	"}+\264\235bh{\364\264L\213k\031\206KI9\311\374UW\003"
 349      62687BF4 
 349      B44C8B6B 
 349      19864B49 
 349      39C9FC55 
 350 0c39 E9A6AB4F 		.ascii	"\351\246\253O\023\212\370\253\024\353\267\200\337zs"
 350      138AF8AB 
 350      14EBB780 
 350      DF7A73
 351 0c48 4BB396DD 		.ascii	"K\263\226\335\237\244;\251Q\007\256\361M\330\033d\243"
 351      9FA43BA9 
 351      5107AEF1 
 351      4DD81B64 
ARM GAS  /tmp/cc0pXrJD.s 			page 28


 351      A3
 352 0c59 B5E059DA 		.ascii	"\265\340Y\332\005%\177\365\342\011\374\334\335\366C"
 352      05257FF5 
 352      E209FCDC 
 352      DDF643
 353 0c68 7C513946 		.ascii	"|Q9F\023%-\377op=\263\365(\261\243\327\01371\346nvs"
 353      13252DFF 
 353      6F703DB3 
 353      F528B1A3 
 353      D70B3731 
 354 0c80 33C6ED94 		.ascii	"3\306\355\224\021\252'\343\306\260\253\327!)\330\365"
 354      11AA27E3 
 354      C6B0ABD7 
 354      2129D8F5 
 355 0c90 EBA4B792 		.ascii	"\353\244\267\222\351\206f2\326\242=x\336\033\021\234"
 355      E9866632 
 355      D6A23D78 
 355      DE1B119C 
 356 0ca0 1E5990E3 		.ascii	"\036Y\220\343\205\026\371\372\310N\242\024h/f\017\355"
 356      8516F9FA 
 356      C84EA214 
 356      682F660F 
 356      ED
 357 0cb1 7D602215 		.ascii	"}`\"\025KgP\365\205n\223\247\211j\020\231\377L\030\330"
 357      4B6750F5 
 357      856E93A7 
 357      896A1099 
 357      FF4C18D8 
 358 0cc5 A3663587 		.ascii	"\243f5\207\030\336\015\206\211\"\231\232C6\272\016\015"
 358      18DE0D86 
 358      8922999A 
 358      4336BA0E 
 358      0D
 359 0cd6 B5A8B095 		.ascii	"\265\250\260\225\356C\013w\212;\177\217|\0271\023\243"
 359      EE430B77 
 359      8A3B7F8F 
 359      7C173113 
 359      A3
 360 0ce7 6F9367CE 		.ascii	"o\223g\316\001h\271_\204N\314\271\232\363}\015(\345"
 360      0168B95F 
 360      844ECCB9 
 360      9AF37D0D 
 360      28E5
 361 0cf9 108395DD 		.ascii	"\020\203\225\335\003\327\30658\201\355v?\270\031\221"
 361      03D7C635 
 361      3881ED76 
 361      3FB81991 
 362 0d09 E18D5319 		.ascii	"\341\215S\031\223V\263\265N\203\323\030\223\033\037"
 362      9356B3B5 
 362      4E83D318 
 362      931B1F
 363 0d18 06832497 		.ascii	"\006\203$\2271\021\341\031-\002\331\327\210x\361\316"
 363      3111E119 
 363      2D02D9D7 
 363      8878F1CE 
 364 0d28 22BE71EA 		.ascii	"\"\276q\352l\206\027\202E}\27252\202>\267;\266'\262"
 364      6C861782 
ARM GAS  /tmp/cc0pXrJD.s 			page 29


 364      457DBA35 
 364      32823EB7 
 364      3BB627B2 
 365 0d3c E77606D6 		.ascii	"\347v\006\326\241C\200\376\210\274\377\362~\244\363"
 365      A14380FE 
 365      88BCFFF2 
 365      7EA4F3
 366 0d4b 06C48FA3 		.ascii	"\006\304\217\243\340\307a\207\310\267\336g\025\372\010"
 366      E0C76187 
 366      C8B7DE67 
 366      15FA08
 367 0d5a 76DECAB8 		.ascii	"v\336\312\270\031\3758G\211\363Y(\013+w\\\367\260\307"
 367      19FD3847 
 367      89F35928 
 367      0B2B775C 
 367      F7B0C7
 368 0d6d 122A7727 		.ascii	"\022*w'\233\323\036\003\305\231b<\217\274 \236Y`[\016"
 368      9BD31E03 
 368      C599623C 
 368      8FBC209E 
 368      59605B0E 
 369 0d81 0779D798 		.ascii	"\007y\327\230|7\332\023W\263@m\351(\255\364\304\015"
 369      7C37DA13 
 369      57B3406D 
 369      E928ADF4 
 369      C40D
 370 0d93 8C393C3D 		.ascii	"\2149<=3Fv\020\337 \357\325\260\344U\303\033\354~qM"
 370      33467610 
 370      DF20EFD5 
 370      B0E455C3 
 370      1BEC7E71 
 371 0da8 F5111D6E 		.ascii	"\365\021\035ng O\356\235\235\365\266\3455\214g7_\205"
 371      67204FEE 
 371      9D9DF5B6 
 371      E5358C67 
 371      375F85
 372 0dbb 7D34A353 		.ascii	"}4\243S`\362\015\236\327'\341b6\026\337\367\276\261"
 372      60F20D9E 
 372      D727E162 
 372      3616DFF7 
 372      BEB1
 373 0dcd 87BE94C8 		.ascii	"\207\276\224\310\205\364\312\021\235y\203\357\225_J"
 373      85F4CA11 
 373      9D7983EF 
 373      955F4A
 374 0ddc E81CD0E2 		.ascii	"\350\034\320\342\333\314Fx\303\256\011\2276\316\272"
 374      DBCC4678 
 374      C3AE0997 
 374      36CEBA
 375 0deb B4D196BF 		.ascii	"\264\321\226\277\252\202\276\2268\0036N\2136\300$/."
 375      AA82BE96 
 375      3803364E 
 375      8B36C024 
 375      2F2E
 376 0dfd E73A67BD 		.ascii	"\347:g\275\361\0103r>\267\370\231\326\225\221\013.\215"
 376      F1083372 
 376      3EB7F899 
ARM GAS  /tmp/cc0pXrJD.s 			page 30


 376      D695910B 
 376      2E8D
 377 0e0f 40B78C5C 		.ascii	"@\267\214\\'\243\350<\0309'\0329c3r3\266\037\326\276"
 377      27A3E83C 
 377      1839271A 
 377      39633372 
 377      33B61FD6 
 378 0e24 4F59E8E2 		.ascii	"OY\350\342\213\323\212\324x\2161'O\314\344jiq\324\333"
 378      8BD38AD4 
 378      788E3127 
 378      4FCCE46A 
 378      6971D4DB 
 379 0e38 6A63DADE 		.ascii	"jc\332\336\230\\O\227\265\261\200\326\306|[mL\013\213"
 379      985C4F97 
 379      B5B180D6 
 379      C67C5B6D 
 379      4C0B8B
 380 0e4b 6976D8B5 		.ascii	"iv\330\265\203\373\222\354.\304\266\031+\310f^H:\356"
 380      83FB92EC 
 380      2EC4B619 
 380      2BC8665E 
 380      483AEE
 381 0e5e 81B77850 		.ascii	"\201\267xPW\317NE\366\010\310W\307'\327\373\026\204"
 381      57CF4E45 
 381      F608C857 
 381      C727D7FB 
 381      1684
 382 0e70 936C2C06 		.ascii	"\223l,\006\371\"\321\001h\3568%\226jG\227  \016\006"
 382      F922D101 
 382      68EE3825 
 382      966A4797 
 382      20200E06 
 383 0e84 1E3E49EC 		.ascii	"\036>I\354\363\306\361\324\000*9\233\177F\207\223\031"
 383      F3C6F1D4 
 383      002A399B 
 383      7F468793 
 383      19
 384 0e95 F37076FF 		.ascii	"\363pv\377\005^/\027\003\373\2547>^\315\367\340Hy\235"
 384      055E2F17 
 384      03FBAC37 
 384      3E5ECDF7 
 384      E048799D 
 385 0ea9 A8EE8DF6 		.ascii	"\250\356\215\366\300Y\274\341L^\247\016\347RF;<3\331"
 385      C059BCE1 
 385      4C5EA70E 
 385      E752463B 
 385      3C33D9
 386 0ebc A623FB8B 		.ascii	"\246#\373\213d\233\315\307w\221\303\312\244\034\242"
 386      649BCDC7 
 386      7791C3CA 
 386      A41CA2
 387 0ecb 5246BAA6 		.ascii	"RF\272\246\012\220\324\363\024\257\203\363k\330\007"
 387      0A90D4F3 
 387      14AF83F3 
 387      6BD807
 388 0eda D5005503 		.ascii	"\325\000U\003]\001\272\212\235\366\014z\217\363\031"
 388      5D01BA8A 
ARM GAS  /tmp/cc0pXrJD.s 			page 31


 388      9DF60C7A 
 388      8FF319
 389 0ee9 3971F822 		.ascii	"9q\370\"8\\\217]\314\354\354=\\\315\026\356\225 xY\214"
 389      385C8F5D 
 389      CCECEC3D 
 389      5CCD16EE 
 389      95207859 
 390 0efe 503D5E24 		.ascii	"P=^$\325\333s\274.\326\232V\212h&\234\340z\355\0314"
 390      D5DB73BC 
 390      2ED69A56 
 390      8A68269C 
 390      E07AED19 
 391 0f13 6F0A58D7 		.ascii	"o\012X\327\303\247\200\320\371\025\316(\346m\346\016"
 391      C3A780D0 
 391      F915CE28 
 391      E66DE60E 
 392 0f23 FF8155E3 		.ascii	"\377\201U\343Z\300\234\347,-\231/J\2270X\272\272\253"
 392      5AC09CE7 
 392      2C2D992F 
 392      4A973058 
 392      BABAAB
 393 0f36 A5DD69DB 		.ascii	"\245\335i\333\306\221h+\221\325&\231O\366t\263jU\357"
 393      C691682B 
 393      91D52699 
 393      4FF674B3 
 393      6A55EF
 394 0f49 58ADE47B 		.ascii	"X\255\344{\243\224k{Yo\2202S\372\244D\213KX\307\237"
 394      A3946B7B 
 394      596F9032 
 394      53FAA444 
 394      8B4B58C7 
 395 0f5e 8F1C78E6 		.ascii	"\217\034x\346\215\333(\243\332\227\265\255E \257,|\027"
 395      8DDB28A3 
 395      DA97B5AD 
 395      4520AF2C 
 395      7C17
 396 0f70 F1B71503 		.ascii	"\361\267\025\003\275<X6\304\255\362\210\371JX\357\030"
 396      BD3C5836 
 396      C4ADF288 
 396      F94A58EF 
 396      18
 397 0f81 ACF9C2D2 		.ascii	"\254\371\302\322\311u\345\320\302\304\010k\346\012{"
 397      C975E5D0 
 397      C2C4086B 
 397      E60A7B
 398 0f90 BFB5BAE8 		.ascii	"\277\265\272\3507\036\216^\026\216\326\027\204\303\276"
 398      371E8E5E 
 398      168ED617 
 398      84C3BE
 399 0f9f 6C       		.ascii	"l"
 400 0fa0 6EE0EA48 		.ascii	"n\340\352H8Z \034M\020\202f\240\353@m\016\211YyW\202"
 400      385A201C 
 400      4D108266 
 400      A0EB406D 
 400      0E895979 
 401 0fb6 A2511E45 		.ascii	"\242Q\036E\004\346O\334\304\253\247\207\325\370\026"
 401      04E64FDC 
ARM GAS  /tmp/cc0pXrJD.s 			page 32


 401      C4ABA787 
 401      D5F816
 402 0fc5 1BCD15E7 		.ascii	"\033\315\025\347\246\31250\003\220G\320\001V_\206\300"
 402      A6CA3530 
 402      039047D0 
 402      01565F86 
 402      C0
 403 0fd6 9EE77511 		.ascii	"\236\347u\021\273I\236\267\203\374\0151\317[i\236\203"
 403      BB499EB7 
 403      83FC0D31 
 403      CF5B699E 
 403      83
 404 0fe7 D9BCA291 		.ascii	"\331\274\242\221Ul /%\363\270\356\207%|\272\333G\006"
 404      556C202F 
 404      25F3B8EE 
 404      87257CBA 
 404      DB4706
 405 0ffa 726EDD8E 		.ascii	"rn\335\216TO"
 405      544F
 406 1000 3CC5FA33 		.ascii	"<\305\3723\361\371\225r(t\214)*\231\270\244\304[t\224"
 406      F1F99572 
 406      28748C29 
 406      2A99B8A4 
 406      C45B7494 
 407 1014 4929CEBD 		.ascii	"I)\316\275\202q\034c\036\244g\014\011x\027c\022\"\323"
 407      82711C63 
 407      1EA4670C 
 407      09781763 
 407      1222D3
 408 1027 06E1A1CE 		.ascii	"\006\341\241\316\230\354\204\260D\001g0\346dx\377e5"
 408      98EC84B0 
 408      44016730 
 408      E66478FF 
 408      6535
 409 1039 3E4D19F7 		.ascii	">M\031\367\334\374\341<\025}\241\005\351\341c\037~9"
 409      DCFCE13C 
 409      157DA105 
 409      E9E1631F 
 409      7E39
 410 104b D7245B81 		.ascii	"\327$[\201\275\200~\370\205\003\252\354sqI\325#/\355"
 410      BD807EF8 
 410      8503AAEC 
 410      737149D5 
 410      232FED
 411 105e B0029388 		.ascii	"\260\002\223\210\337v\026w\\\231\222w\025\303\013\023"
 411      DF761677 
 411      5C999277 
 411      15C30B13 
 412 106e AD245DC9 		.ascii	"\255$]\311\356F?\027w\271\273Q9\3142j\370\005\031\325"
 412      EE463F17 
 412      77B9BB51 
 412      39CC326A 
 412      F80519D5 
 413 1082 0599D049 		.ascii	"\005\231\320I2\341\026\327F\372\363.\364\347\020\364"
 413      32E116D7 
 413      46FAF32E 
 413      F4E710F4 
ARM GAS  /tmp/cc0pXrJD.s 			page 33


 414 1092 E33DA0FB 		.ascii	"\343=\240\373@w\200\006\200\006\0352\253uX\262\337}"
 414      40778006 
 414      80061D32 
 414      AB7558B2 
 414      DF7D
 415 10a4 D319FBBC 		.ascii	"\323\031\373\274m\231\376\317\230\247d\335\333'/\315"
 415      6D99FECF 
 415      98A764DD 
 415      DB272FCD 
 416 10b4 0203FD72 		.ascii	"\002\003\375r\373\301\356\273J\\\250c\337\004\\\356"
 416      FBC1EEBB 
 416      4A5CA863 
 416      DF045CEE 
 417 10c4 3B2838E7 		.ascii	";(8\347\241\035\367\003\300\372Mq\333\3631\247<\216"
 417      A11DF703 
 417      C0FA4D71 
 417      DBF331A7 
 417      3C8E
 418 10d6 E4E328B4 		.ascii	"\344\343(\264\033\021\363q\330\226\217\015\217\016E"
 418      1B11F371 
 418      D8968F0D 
 418      8F0E45
 419 10e5 AB7035CB 		.ascii	"\253p5\313\221\310\206\260\177\302\315\354|p\360`\022"
 419      91C886B0 
 419      7FC2CDEC 
 419      7C70F060 
 419      12
 420 10f6 FF9AED3B 		.ascii	"\377\232\355;\300\266\026\355\276(h\305/B\310u\2612"
 420      C0B616ED 
 420      BE2868C5 
 420      2F42C875 
 420      B132
 421 1108 4E902735 		.ascii	"N\220'5t\012\032\307\364u\364\310\341\272\323\344y\345"
 421      740A1AC7 
 421      F475F4C8 
 421      E1BAD3E4 
 421      79E5
 422 111a AB457F96 		.ascii	"\253E\177\226L~|\331C;5\241\177\217\006\3673\227S\036"
 422      4C7E7CD9 
 422      433B35A1 
 422      7F8F06F7 
 422      3397531E 
 423 112e 9F9DB17F 		.ascii	"\237\235\261\177#\226\033a\375\253\260\225\222\335\345"
 423      23961B61 
 423      FDABB095 
 423      92DDE5
 424 113d 4970D397 		.ascii	"Ip\323\227O\032\036C\034\036Ig?\373\351\327nOa\260?"
 424      4F1A1E43 
 424      1C1E4967 
 424      3FFBE9D7 
 424      6E4F61B0 
 425 1152 113DF3E5 		.ascii	"\021=\363\345s\206-\221\231q\036x\204\031I\212\353\357"
 425      73862D91 
 425      99711E78 
 425      8419498A 
 425      EBEF
 426 1164 544BBF27 		.ascii	"TK\277'\272B'53\320tJl\372\024\333?\020\230\007dZ\006"
ARM GAS  /tmp/cc0pXrJD.s 			page 34


 426      BA422735 
 426      33D0744A 
 426      6CFA14DB 
 426      3F109807 
 427 117b 0879359E 		.ascii	"\010y5\236\323Y\241\304O\230\225\307\321#i\256]y\356"
 427      D359A1C4 
 427      4F9895C7 
 427      D12369AE 
 427      5D79EE
 428 118e D295DE3A 		.ascii	"\322\225\336:\334]\276\215\364\3223\0004+\002\232\261"
 428      DC5DBE8D 
 428      F4D23300 
 428      342B029A 
 428      B1
 429 119f 4D80EE0D 		.ascii	"M\200\356\015D\337W/\214\347Y\361\356\022*\230\010J"
 429      44DF572F 
 429      8CE759F1 
 429      EE122A98 
 429      084A
 430 11b1 76D249CD 		.ascii	"v\322I\315\034^h\353\0042\272S\342\352\2335tt\223\027"
 430      1C5E68EB 
 430      0432BA53 
 430      E2EA9B35 
 430      74749317 
 431 11c5 6BF69DDA 		.ascii	"k\366\235\332\257s\370\350&\223\337\203`%R)I\313y[\317"
 431      AF73F8E8 
 431      2693DF83 
 431      60255229 
 431      49CB795B 
 432 11da 4D5FB18D 		.ascii	"M_\261\215j\262\313\221\306\245\355\257\230n\317\333"
 432      6AB2CB91 
 432      C6A5EDAF 
 432      986ECFDB 
 433 11ea 05EF9955 		.ascii	"\005\357\231U\201|\362\012\002\006=\344\3626\210(\001"
 433      817CF20A 
 433      02063DE4 
 433      F2368828 
 433      01
 434 11fb 3B697F32 		.ascii	";i\1772\311\2077I\314n.n\317t\271\027\033K\024(\036"
 434      C9873749 
 434      CC6E2E6E 
 434      CF74B917 
 434      1B4B1428 
 435 1210 EEC791FB 		.ascii	"\356\307\221\373c\274\001\031\011[\224\276(B\351\203"
 435      63BC0119 
 435      095B94BE 
 435      2842E983 
 436 1220 36035981 		.ascii	"6\003Y\201\302\200\242\200\302\225\322\255\325\246M"
 436      C280A280 
 436      C295D2AD 
 436      D5A64D
 437 122f CC1B5297 		.ascii	"\314\033R\227\217\363\326\366\002?;\317\233\351\257"
 437      8FF3D6F6 
 437      023F3BCF 
 437      9BE9AF
 438 123e D80826EB 		.ascii	"\330\010&\353\256]\316\241J\302N\325\247u\222U\037\220"
 438      AE5DCEA1 
ARM GAS  /tmp/cc0pXrJD.s 			page 35


 438      4AC24ED5 
 438      A7759255 
 438      1F90
 439 1250 725A8C14 		.ascii	"rZ\214\024m\216|\342\211\303<i~4\035\036\031\306\322"
 439      6D8E7CE2 
 439      89C33C69 
 439      7E341D1E 
 439      19C6D2
 440 1263 C5C850F9 		.ascii	"\305\310P\371\016\322\353\333@\371V\245\275\327\211"
 440      0ED2EBDB 
 440      40F956A5 
 440      BDD789
 441 1272 16578E47 		.ascii	"\026W\216G\203\263\337\324q\262\235\262\263\363\226"
 441      83B3DFD4 
 441      71B29DB2 
 441      B3F396
 442 1281 E6F54374 		.ascii	"\346\365Ct\351\017\031\220r*7\332\032_\001k\177br\007"
 442      E90F1990 
 442      722A37DA 
 442      1A5F016B 
 442      7F627207 
 443 1295 4B34BB72 		.ascii	"K4\273r\005\271B6\016\224\257\223\317z\356UG\252\360"
 443      05B94236 
 443      0E94AF93 
 443      CF7AEE55 
 443      47AAF0
 444 12a8 764FB665 		.ascii	"vO\266e3\265m\224\317?_\001\366\372\301=}\374\261\225"
 444      33B56D94 
 444      CF3F5F01 
 444      F6FAC13D 
 444      7DFCB195 
 445 12bc 4B1E5B0D 		.ascii	"K\036[\015Iem\356x7\223\265}\200\265\230}\200\0255\230"
 445      49656DEE 
 445      783793B5 
 445      7D80B598 
 445      7D801535 
 446 12d1 5F81F061 		.ascii	"_\201\360av\357bY\033\314\323N1\246\252}k\2157\276\304"
 446      76EF6259 
 446      1BCCD34E 
 446      31A6AA7D 
 446      6B8D37BE 
 447 12e6 989DB3B1 		.ascii	"\230\235\263\261\011J\\\303\030\333\227\264\213\331"
 447      094A5CC3 
 447      18DB97B4 
 447      8BD9
 448 12f4 97B4E90F 		.ascii	"\227\264\351\017\367\225\253p'\273\327q8\243\005\341"
 448      F795AB70 
 448      27BBD771 
 448      38A305E1 
 449 1304 41C6C4B6 		.ascii	"A\306\304\266e\326j\361#\306\344_\3322\354\201\303\274"
 449      65D66AF1 
 449      23C6E45F 
 449      DA32EC81 
 449      C3BC
 450 1316 D88EC570 		.ascii	"\330\216\305pY$\306\261\214\251j:>\250\304\311\214i"
 450      5924C6B1 
 450      8CA96A3A 
ARM GAS  /tmp/cc0pXrJD.s 			page 36


 450      3EA8C4C9 
 450      8C69
 451 1328 397F2149 		.ascii	"9\177!I\215\2170f\254\345\372n\015>\315\230\352\263"
 451      8D8F3066 
 451      ACE5FA6E 
 451      0D3ECD98 
 451      EAB3
 452 133a 27AD6EB8 		.ascii	"'\255n\270\2101\231G\"J\224\270\2121\345\003i\273=p"
 452      88319947 
 452      224A94B8 
 452      8A31E503 
 452      69BB3D70 
 453 134e 036386E6 		.ascii	"\003c\206\346\036\215\013\370\006c\312\306s\217\362"
 453      1E8D0BF8 
 453      0663CAC6 
 453      738FF2
 454 135d 32499679 		.ascii	"2I\226y}\361\345s\336.\313\344!%/\223\351J\366\261V"
 454      7DF1E573 
 454      DE2ECBE4 
 454      21252F93 
 454      E94AF6B1 
 455 1372 696A92BB 		.ascii	"ij\222\2738\254\021\375~H\024\317P.\2645\242\233*\275"
 455      38AC11FD 
 455      7E4814CF 
 455      502EB435 
 455      A29B2ABD 
 456 1386 95391A3C 		.ascii	"\2259\032<@\355.~\3226~X\203|\034\177d\226\277\210="
 456      40ED2E7E 
 456      D2367E58 
 456      837C1C7F 
 456      6496BF88 
 457 139b B1DA7AD4 		.ascii	"\261\332z\3243\371\320\355Q:\372E\331>H\257\213J\373"
 457      33F9D0ED 
 457      513AFA45 
 457      D93E48AF 
 457      8B4AFB
 458 13ae BEB1742E 		.ascii	"\276\261t.\304w\244\227\260Mf\"\234\344(<\357\271?\035"
 458      C477A497 
 458      B04D6622 
 458      9CE4283C 
 458      EFB93F1D 
 459 13c2 85ADB14B 		.ascii	"\205\255\261K\250\350\001GQ?\347\275\353\361-v\321d"
 459      A8E80147 
 459      513FE7BD 
 459      EBF12D76 
 459      D164
 460 13d4 390852D9 		.ascii	"9\010R\331\262=\330\232\264\204\2564\277\346\262\366"
 460      B23DD89A 
 460      B484AE34 
 460      BFE6B2F6 
 461 13e4 C99B9FF3 		.ascii	"\311\233\237\363\016\372\260\004o\202\034\336x\245d"
 461      0EFAB004 
 461      6F821CDE 
 461      78A564
 462 13f3 E621114E 		.ascii	"\346!\021N\224\023~S\202B\"\273[\016\362.\211\342q1"
 462      94137E53 
 462      824222BB 
ARM GAS  /tmp/cc0pXrJD.s 			page 37


 462      5B0EF22E 
 462      89E27131 
 463 1407 12693291 		.ascii	"\022i2\221\220\316~\312\276-\352=,\207A\032\212\253"
 463      90CE7ECA 
 463      BE2DEA3D 
 463      2C87411A 
 463      8AAB
 464 1419 62D8F6CB 		.ascii	"b\330\366\313a\220N\324%x\343\344\364JA\014\213zS\344"
 464      61904ED4 
 464      2578E3E4 
 464      F44A410C 
 464      8B7A53E4 
 465 142d F44A4BE0 		.ascii	"\364JK\340\360+D\024r\020\035\344\242.\027\013\375\022"
 465      F02B4414 
 465      72101DE4 
 465      A22E170B 
 465      FD12
 466 143f 0C3BE530 		.ascii	"\014;\3450\260L\263\275\201\305dG\353\242Rf\307\254"
 466      B04CB3BD 
 466      81C56447 
 466      EBA25266 
 466      C7AC
 467 1451 B50D8B9A 		.ascii	"\265\015\213\232R\345\020Jz\252_tf\257\234\2504\003"
 467      52E5104A 
 467      7AAA5F74 
 467      66AF9CA8 
 467      3403
 468 1463 A645D93D 		.ascii	"\246E\331=r\2623No\270\005(\206\312\245h;QA\245\351"
 468      72B2334E 
 468      6FB80528 
 468      86CAA568 
 468      3B5141A5 
 469 1478 B7485070 		.ascii	"\267HPp\317@\201=\011\224\011t\014(\027\350<\320\021"
 469      CF40813D 
 469      09940974 
 469      0C2817E8 
 469      3CD011
 470 148b A00B40A7 		.ascii	"\240\013@\247\201\262\200\362\200\262\201\216\002\235"
 470      81B280F2 
 470      80B2818E 
 470      029D
 471 1499 003A0B74 		.ascii	"\000:\013t\034\350\024P\216X\240[\307\033rTx\2177\233"
 471      1CE81450 
 471      8E58A05B 
 471      C71B7254 
 471      788F379B 
 472 14ad 3F14164C 		.ascii	"?\024\026L\"\207\331\237\004\006*\004\353\177)$\374"
 472      2287D99F 
 472      04062A04 
 472      EB7F2924 
 472      FC
 473 14be F3A014FA 		.ascii	"\363\240\024\372~\253\000\214\344\213\217\243\213J>"
 473      7EAB008C 
 473      E48B8FA3 
 473      8B4A3E
 474 14cd 55EC1A2E 		.ascii	"U\354\032.*r\263\355 lu\011N\361\177\035\243\241=\275"
 474      2A72B3ED 
ARM GAS  /tmp/cc0pXrJD.s 			page 38


 474      206C7509 
 474      4EF17F1D 
 474      A3A13DBD 
 475 14e1 336EF010 		.ascii	"3n\360\020\313-\241\373\372\231\0215P\\\005T\004\346"
 475      CB2DA1FB 
 475      FA991135 
 475      505C0554 
 475      04E6
 476 14f3 62194C49 		.ascii	"b\031LI_\221+\377\005\310.\321\207X\302\330x\242\312"
 476      5F912BFF 
 476      05C82ED1 
 476      8758C2D8 
 476      78A2CA
 477 1506 65392EB6 		.ascii	"e9.\266\225\343\025\254\032\027\214\316(\235\253\261"
 477      95E315AC 
 477      1A178CCE 
 477      289DABB1 
 478 1516 B8735442 		.ascii	"\270sTB\2531mC\0312w\237\311\316\347_s\253\310\246^"
 478      AB316D43 
 478      1932779F 
 478      C9CEE75F 
 478      73ABC8A6 
 479 152b 6D64A187 		.ascii	"md\241\207Kke6k\245\254\370?\332\266\371)\377\317%\344"
 479      4B6B6536 
 479      6BA5ACF8 
 479      3FDAB6F9 
 479      29FFCF25 
 480 1540 B3FBE3FD 		.ascii	"\263\373\343\375I5\310\331:\324\032TN\375\252\240\326"
 480      4935C8D9 
 480      3AD41A54 
 480      4EFDAAA0 
 480      D6
 481 1551 CB98F50A 		.ascii	"\313\230\365\012j=\255\366^\233F\272w\265M)\335\255"
 481      6A3DADF6 
 481      5E9B46BA 
 481      77B54D29 
 481      DDAD
 482 1563 B8ACA4BB 		.ascii	"\270\254\244\273\025\344H\036\321\243\005\261\036\370"
 482      15E4481E 
 482      D1A305B1 
 482      1EF8
 483 1571 204D3474 		.ascii	" M4t\"v.\311\315\345\026\331\025\245\364\255\312\304"
 483      22762EC9 
 483      CDE516D9 
 483      15A5F4AD 
 483      CAC4
 484 1583 DEC427C2 		.ascii	"\336\304'\302ki\326\222>k\311\275\021u]M\224\265\001"
 484      6B69D692 
 484      3E6BC9BD 
 484      11755D4D 
 484      94B501
 485 1596 FCFB80CA 		.ascii	"\374\373\200\312\241J1O\340\324\361]F\225\222\274G\350"
 485      A14A314F 
 485      E0D4F15D 
 485      469592BC 
 485      47E8
 486 15a8 3B3098E8 		.ascii	";0\230\350\211\2571\303\017\266v\034\365\344\312fz\361"
ARM GAS  /tmp/cc0pXrJD.s 			page 39


 486      89AF31C3 
 486      0FB6761C 
 486      F5E4CA66 
 486      7AF1
 487 15ba DE7A0765 		.ascii	"\336z\007e\325\242\262jgeW\251\262\266\201\2625\270"
 487      D5A2B26A 
 487      676557A9 
 487      B2B681B2 
 487      35B8
 488 15cc 9DE93A96 		.ascii	"\235\351:\226\375u\256\027\036dLLYy\252J\011\375^K\032"
 488      FD75AE17 
 488      1E644C4C 
 488      5979AA4A 
 488      09FD5E4B 
 489 15e1 922B5732 		.ascii	"\222+W2\317\225\"\2723H\376\253\012\333\032\334\323"
 489      CF9522BA 
 489      3348FEAB 
 489      0ADB1ADC 
 489      D3
 490 15f2 9C9EEF7A 		.ascii	"\234\236\357zk\260\236\372]\247\344\216\227\324l\277"
 490      6BB09EFA 
 490      5DA7E48E 
 490      97D46CBF 
 491 1602 AEE2581F 		.ascii	"\256\342X\037<WW\235\272\335\034f]\034\371=\"\207jl"
 491      3C57579D 
 491      BADD1C66 
 491      5D1CF93D 
 491      22876A6C 
 492 1616 50D135A5 		.ascii	"P\3215\245\222p\216h\033(\332\330\315\307\302\3248}"
 492      92708E68 
 492      1B28DAD8 
 492      CDC7C2D4 
 492      387D
 493 1628 0145D89D 		.ascii	"\001E\330\235\231Q\345mS7\242\316\217!\037\356\205Y"
 493      9951E56D 
 493      5337A2CE 
 493      8F211FEE 
 493      8559
 494 163a DFFD80BA 		.ascii	"\337\375\200\272\336(\272\336\350\254\254\211*;\362"
 494      DE28BADE 
 494      E8ACAC89 
 494      2A3BF2
 495 1649 7432C60B 		.ascii	"t2\306\013\237`\3122\353&\213\265b\034g\2579\304\261"
 495      9F60CA32 
 495      EB268BB5 
 495      621C67AF 
 495      39C4B1
 496 165c 5954D6EC 		.ascii	"YT\326\354\254\354:S\326\231\222\347-M\235Q\207\215"
 496      ACEC3A53 
 496      D69992E7 
 496      2D4D9D51 
 496      878D
 497 166e AE169E3A 		.ascii	"\256\026\236:-4u\256dO\216)\245\302\261\016{\244\255"
 497      2D3475AE 
 497      644F8E29 
 497      A5C2B10E 
 497      7BA4AD
ARM GAS  /tmp/cc0pXrJD.s 			page 40


 498 1681 5CB8950A 		.ascii	"\\\270\225\012\017>;\232\347\205\3173\230\007\257M\354"
 498      0F3E3B9A 
 498      E785CF33 
 498      9807AF4D 
 498      EC
 499 1692 D6E20AC6 		.ascii	"\326\342\012\306\234\034\177tR\305\362\235\374\377\247"
 499      9C1C7F74 
 499      52C5F29D 
 499      FCFFA7
 500 16a1 84EED269 		.ascii	"\204\356\322iO\227\203\245\3036X\332\371L)\242\361\264"
 500      4F9783A5 
 500      C33658DA 
 500      F94C29A2 
 500      F1B4
 501 16b3 97F3E8B0 		.ascii	"\227\363\350\260}x\245@\235ttt\330fJ\247&\347&\334\244"
 501      7D78A540 
 501      9D747474 
 501      D8664AA7 
 501      26E726DC 
 502 16c8 D2C92F92 		.ascii	"\322\311/\222>ZS\232\254\204\372\322\300\352K\375\341"
 502      3E5A539A 
 502      AC84FAD2 
 502      C0EA4BFD 
 502      E1
 503 16d9 CDD6B028 		.ascii	"\315\326\260(\230\315w\301\243\357\006\2042\032\277"
 503      98CD77C1 
 503      A3EF0684 
 503      321ABF
 504 16e8 2669DCC6 		.ascii	"&i\334\306\013L\267\362u\305\337-_\356\307\376\205\230"
 504      0B4CB7F2 
 504      75C5DF2D 
 504      5FEEC7FE 
 504      8598
 505 16fa FD4C163F 		.ascii	"\375L\026?\263\311\340gXo2\256\0130[L\233\226\033\334"
 505      B3C9E067 
 505      586F32AE 
 505      0B305B4C 
 505      9B961BDC 
 506 170e 7FFE9BDF 		.ascii	"\177\376\233\337\275\372\336\312\225\012m\250\336d\364"
 506      BDFADECA 
 506      950A6DA8 
 506      DE64F4
 507 171d 0F0C3505 		.ascii	"\017\0145\005\204h\365\372\015\001\301\2267W\351-Q\310"
 507      8468F5FA 
 507      0D01C196 
 507      3757E92D 
 507      51C8
 508 172f 6F7D4890 		.ascii	"o}H\220\321\317\337`6.\013\364\377\324\357\247!\206"
 508      D1CFDF60 
 508      362E0BF4 
 508      FFD4EFA7 
 508      2186
 509 1741 0D41C660 		.ascii	"\015A\306`\213\331\357\023\243\177\320\257\374\3367"
 509      8BD9EF13 
 509      A37FD0AF 
 509      FCDE37
 510 1750 0406849A 		.ascii	"\004\006\204\232\215z\343\262\320\015\206\317W\371}"
ARM GAS  /tmp/cc0pXrJD.s 			page 41


 510      8D7AE3B2 
 510      D00D86CF 
 510      57F97D
 511 175f 12121268 		.ascii	"\022\022\022h\366[g0,\3637\005-\013\016\0116.3\372\177"
 511      F65B6730 
 511      2CF33705 
 511      2D0B0E09 
 511      362E33FA 
 512 1774 1AB0ECED 		.ascii	"\032\260\354\355e\253V\254|{\331\237\336Z\026\344\377"
 512      65AB56AC 
 512      7C7BD99F 
 512      DE5A16E4 
 512      FF
 513 1785 5988C9CF 		.ascii	"Y\210\311\317\341\256_@\260!p\303\032\243_\220\277a"
 513      E1AE5F40 
 513      B02170C3 
 513      1AA35F90 
 513      BF61
 514 1797 7D40B0D1 		.ascii	"}@\260\321O\277\306\270\326\177C\240Eo\331\024j4/_\257"
 514      4FBFC6B8 
 514      D67F43A0 
 514      456FD914 
 514      6A342F5F 
 515 17ac 70B701FA 		.ascii	"p\267\001\372\357\377W<\346Mf?\275\331\262\006\214\003"
 515      EFFF573C 
 515      E64D663F 
 515      BDD9B206 
 515      8C03
 516 17be 08B58544 		.ascii	"\010\265\205DGoy\313)\246\241!&\260\377\223\217>"
 516      476F79CB 
 516      29A6A121 
 516      26B0FF93 
 516      8F3E
 517 17d0 7CEFC38D 		.ascii	"|\357\303\215~\206\220\240\320\200@\243\311\354\367"
 517      7E8690A0 
 517      D08040A3 
 517      C9ECF7
 518 17df F3F7DE83 		.ascii	"\363\367\336\203P\333<\320\204\352\203,\033\003!\354"
 518      50DB3CD0 
 518      84EA832C 
 518      1B0321EC 
 519 17ef AA207DB0 		.ascii	"\252 }\260q\243E\035\244\017\3712\330h\202\343\2376"
 519      71A3451D 
 519      A40FF932 
 519      D86882E3 
 519      9F36
 520 1801 18371855 		.ascii	"\0307\030U\241\364\362\002\303z\275\005:\310\177\215"
 520      A1F4F202 
 520      C37ABD05 
 520      3AC87F8D 
 521 1811 D97E3DD4 		.ascii	"\331~=\324d\374\302\333\341\242\036\232o\260\0307\352"
 521      64FCC2DB 
 521      E1A21E9A 
 521      6FB01837 
 521      EA
 522 1822 2DEE204F 		.ascii	"-\356 OO\241\003\215\241\306`\300\272\316\303\370\005"
 522      4FA1038D 
ARM GAS  /tmp/cc0pXrJD.s 			page 42


 522      A1C660C0 
 522      BACEC3F8 
 522      05
 523 1833 8424C8DF 		.ascii	"\204$\310\337\374\271\336\342\006v\315\3534z=\017\240"
 523      FCB9DEE2 
 523      0676CDEB 
 523      347A3D0F 
 523      A0
 524 1844 9A1FDDE0 		.ascii	"\232\037\335\340\252\336\242\245w\251J\000\370\245\177"
 524      AADEA2A5 
 524      77A94A00 
 524      F8A57F
 525 1853 80059A7B 		.ascii	"\200\005\232{K \020\300^RFo\301\241\372\015*\343\227"
 525      4B2010C0 
 525      5E52466F 
 525      C1A1FA0D 
 525      2AE397
 526 1866 44BDEA4B 		.ascii	"D\275\352K\0138\025\012\007\2631(\324\315\2547\004["
 526      0B38150A 
 526      07B33128 
 526      D4CDAC37 
 526      045B
 527 1878 DC80C00C 		.ascii	"\334\200\300\014\007\252\003]p\317?t}\210\311\350\366"
 527      07AA035D 
 527      70CF3F74 
 527      7D88C9E8 
 527      F6
 528 1889 A5C5620A 		.ascii	"\245\305b\012]\310\324A\272\2555\232\214\301\006p\006"
 528      5DC8D441 
 528      BAAD359A 
 528      8CC10670 
 528      06
 529 189a 14847CFA 		.ascii	"\024\204|\372Y\250\273qc\200\305\020\262\306\2502\255"
 529      59A8BB71 
 529      6380C510 
 529      B2C6A832 
 529      AD
 530 18ab D904B854 		.ascii	"\331\004\270T$'\327\2325,\037\337\001\255\266\243\205"
 530      2427D79A 
 530      352C1FDF 
 530      01ADB6A3 
 530      85
 531 18bc 5C8763A8 		.ascii	"\\\207c\250~m\240\377:\263\332\022\004\255(o\266\370"
 531      7E6DA0FF 
 531      3AB3DA12 
 531      04AD286F 
 531      B6F8
 532 18ce 5B8CEE16 		.ascii	"[\214\356\026z\000\305\020T\377 \243\322\260\336\337"
 532      7A00C510 
 532      54FF20A3 
 532      D2B0DEDF 
 533 18de 04374302 		.ascii	"\0047C\002\327\030\3111\330\370\245\321\004\2211X6b"
 533      D718C931 
 533      D8F8A5D1 
 533      04913158 
 533      3662
 534 18f0 D3CA3785 		.ascii	"\323\3127\205@\223;\014\011\310\001\275\345\365\027"
ARM GAS  /tmp/cc0pXrJD.s 			page 43


 534      40933B0C 
 534      09C801BD 
 534      E5F517
 535 18ff 76EE7A03 		.ascii	"v\356z\003\270\001\275\011\255V\002\255\020L?\024L\357"
 535      B801BD09 
 535      AD5602AD 
 535      104C3F14 
 535      4CEF
 536 1911 08A6B705 		.ascii	"\010\246\267\005\323j\301\364\217\202\351-\017\322\200"
 536      D36AC1F4 
 536      8F82E92D 
 536      0FD280
 537 1920 041B747F 		.ascii	"\004\033t\177\357\345\272\364_\274\035DR\313\020\022"
 537      EFE5BAF4 
 537      5FBC1D44 
 537      52CB1012 
 538 1930 0C7D68A1 		.ascii	"\014}h\241\235\035\020\242\261\367\000\200\015\012\205"
 538      9D1D10A2 
 538      B1F70080 
 538      0D0A85
 539 193f 1C76E741 		.ascii	"\034v\347A\263\274\352\244\323\226\252\206\365f\303"
 539      B3BCEAA4 
 539      D396AA86 
 539      F566C3
 540 194e FA35A0CA 		.ascii	"\3725\240\312y\304\213\002\320Up\337\307\265\202Mf["
 540      79C48B02 
 540      D05570DF 
 540      C7B5824D 
 540      665B
 541 1960 B6BA5602 		.ascii	"\266\272V\002\235\011\367!K?2\256\373Y\200\311l\371"
 541      9D09F721 
 541      4B3F32AE 
 541      FB5980C9 
 541      6CF9
 542 1972 84027386 		.ascii	"\204\002s\206\345\\g\024\336\264\305o\300G\326\000\022"
 542      E55C6714 
 542      DEB4C56F 
 542      C047D600 
 542      12
 543 1983 E393F56B 		.ascii	"\343\223\365k>2\006\032\375\315\306\277win\315&\350"
 543      3E32061A 
 543      FDCDC6BF 
 543      77696ECD 
 543      26E8
 544 1995 BF000398 		.ascii	"\277\000\003\230\024\014\353\005K\220*d\355Z\263\321"
 544      140CEB05 
 544      4B902A64 
 544      ED5AB3D1 
 545 19a5 A2365968 		.ascii	"\2426Yh\232\375\255\313\206\026\012\323\022\2447\370"
 545      9AFDADCB 
 545      86160AD3 
 545      12A437F8 
 546 19b5 07067C6A 		.ascii	"\007\006|j\362\267\004\204\004C\276\007\371C\327P\000"
 546      F2B70484 
 546      0443BE07 
 546      F943D750 
 546      00
ARM GAS  /tmp/cc0pXrJD.s 			page 44


 547 19c6 78CDA734 		.ascii	"x\315\2474\323\211\327\306 \2508\237nX\247\011\365\017"
 547      D389D7C6 
 547      20A8389F 
 547      6E58A709 
 547      F50F
 548 19d8 0E309021 		.ascii	"\0160\220!\341%\275\014y\364\205\205$\277\373\027\026"
 548      E125BD0C 
 548      79F48585 
 548      24BFFB17 
 548      16
 549 19e9 B81268F1 		.ascii	"\270\022h\361\347%r\345j\030\200\266\023\015i\022\020"
 549      E72572E5 
 549      6A1880B6 
 549      130D6912 
 549      10
 550 19fa 44D210C4 		.ascii	"D\322\020\304\310\230%\307\265\033\202\015\320\214\034"
 550      C89825C7 
 550      B51B820D 
 550      D08C1C
 551 1a09 D80DDB20 		.ascii	"\330\015\333 \377\"\300d\331\340\037\250'ML*\322\302"
 551      FF22C064 
 551      D9E01FA8 
 551      274D4C2A 
 551      D2C2
 552 1a1b DFE4ED70 		.ascii	"\337\344\355pQoy\305Y\216\215A\017\220\016\3647[\310"
 552      516F79C5 
 552      598E8D41 
 552      0F900EF4 
 552      375BC8
 553 1a2e A56FC9DC 		.ascii	"\245o\311\334\207\321m\"G\265\211g\274\211g\274\211"
 553      87D16D22 
 553      47B58967 
 553      BC8967BC 
 553      89
 554 1a3f 64BCCA44 		.ascii	"d\274\312Ds\014.\322\021\352\0116H<6\321\246\032\020"
 554      730C2ED2 
 554      11EA0936 
 554      483C36D1 
 554      A61A10
 555 1a52 D9608261 		.ascii	"\331`\202ai\321\211\027\3017{\240\274\002\326\004\032"
 555      69D18917 
 555      C1377BA0 
 555      BC02D604 
 555      1A
 556 1a63 797242C1 		.ascii	"yrB\301\340\201X\375\026\017\0049\321\232-\237C\320"
 556      E08158FD 
 556      160F0439 
 556      D19A2D9F 
 556      43D0
 557 1a75 D741BC3D 		.ascii	"\327A\274=\304\000\323JE\303\351eX\253\207n$!\202\252"
 557      C400D34A 
 557      45C3E965 
 557      58AB876E 
 557      242182AA 
 558 1a89 01328C25 		.ascii	"\0012\214%CZ\307\317\351\250\2661t,{\333\231\317\003"
 558      435AC7CF 
 558      E9A8B631 
ARM GAS  /tmp/cc0pXrJD.s 			page 45


 558      742C7BDB 
 558      99CF03
 559 1a9c 038202EC 		.ascii	"\003\202\002\354\255\310\360\266\011Rgm\014\365X\313"
 559      ADC8F0B6 
 559      0952676D 
 559      0CF558CB 
 560 1aac 1970DBC3 		.ascii	"\031p\333\303n5 \304S\254p\001_\031\011H\022=r\256\205"
 560      6E3520C4 
 560      53AC7001 
 560      5F190948 
 560      123D72AE 
 561 1ac1 F3508BC9 		.ascii	"\363P\213\311v\372\005\204\024\022GM\334\200K\344\370"
 561      76FA0584 
 561      1412474D 
 561      DC804BE4 
 561      F8
 562 1ad2 95D144DB 		.ascii	"\225\321D\333\007\254\201 \005\254\0150\232l\232\211"
 562      07AC8120 
 562      05AC0D30 
 562      9A6C9A89 
 563 1ae2 0ED7A3CB 		.ascii	"\016\327\243\313>\026\340Y\000y\315\362\012L\177\274"
 563      3E16E059 
 563      0079CDF2 
 563      0A4C7FBC 
 564 1af2 C9FCBBE0 		.ascii	"\311\374\273\340\300\020\303\347/\030s\233\310\230d"
 564      C010C3E7 
 564      2F18739B 
 564      C89864
 565 1b01 95650395 		.ascii	"\225e\003\225\365\324CU\265\350\377\365'\037\277\377"
 565      F5D44355 
 565      B5E8FFF5 
 565      271FBFFF 
 566 1b11 DB8F7EE1 		.ascii	"\333\217~\341\351\037\370\245\377&3T\235@xz\376@\252"
 566      E91FF8A5 
 566      FF263354 
 566      9D40787A 
 566      FE40AA
 567 1b24 0792CDEF 		.ascii	"\007\222\315\357\275\017?\376\305\307\242:Ru\014A?\203"
 567      BD0F3FFE 
 567      C5C7A23A 
 567      52750C41 
 567      3F83
 568 1b36 84645000 		.ascii	"\204dP\000\300\257A\245\206\252\347\312i\272\352\227"
 568      C0AF41A5 
 568      86AAE7CA 
 568      69BAEA97 
 569 1b46 AF5EF5E6 		.ascii	"\257^\365\346\017\335m\334\377\002w\341!\032"
 569      0FDD6DDC 
 569      FF0277E1 
 569      211A
 570              		.text
 571              		.section	.gnu.lto_.symtab.9729c5a2e5db4930,"",%progbits
 572 0000 63685265 		.ascii	"chRegFirstThread\000"
 572      67466972 
 572      73745468 
 572      72656164 
 572      00
ARM GAS  /tmp/cc0pXrJD.s 			page 46


 573 0011 00       		.ascii	"\000"
 574 0012 00       		.ascii	"\000"
 575 0013 00       		.ascii	"\000"
 576 0014 00000000 		.ascii	"\000\000\000\000\000\000\000\000"
 576      00000000 
 577 001c 85010000 		.ascii	"\205\001\000\000"
 578 0020 63685265 		.ascii	"chRegNextThread\000"
 578      674E6578 
 578      74546872 
 578      65616400 
 579 0030 00       		.ascii	"\000"
 580 0031 00       		.ascii	"\000"
 581 0032 00       		.ascii	"\000"
 582 0033 00000000 		.ascii	"\000\000\000\000\000\000\000\000"
 582      00000000 
 583 003b 89010000 		.ascii	"\211\001\000\000"
 584 003f 63685F64 		.ascii	"ch_debug\000"
 584      65627567 
 584      00
 585 0048 00       		.ascii	"\000"
 586 0049 00       		.ascii	"\000"
 587 004a 00       		.ascii	"\000"
 588 004b 00000000 		.ascii	"\000\000\000\000\000\000\000\000"
 588      00000000 
 589 0053 3E020000 		.ascii	">\002\000\000"
 590 0057 636800   		.ascii	"ch\000"
 591 005a 00       		.ascii	"\000"
 592 005b 02       		.ascii	"\002"
 593 005c 00       		.ascii	"\000"
 594 005d 00000000 		.ascii	"\000\000\000\000\000\000\000\000"
 594      00000000 
 595 0065 0B020000 		.ascii	"\013\002\000\000"
 596 0069 63685468 		.ascii	"chThdRelease\000"
 596      6452656C 
 596      65617365 
 596      00
 597 0076 00       		.ascii	"\000"
 598 0077 02       		.ascii	"\002"
 599 0078 00       		.ascii	"\000"
 600 0079 00000000 		.ascii	"\000\000\000\000\000\000\000\000"
 600      00000000 
 601 0081 8D010000 		.ascii	"\215\001\000\000"
 602              		.text
 603              		.section	.gnu.lto_.opts,"",%progbits
 604 0000 272D666D 		.ascii	"'-fmath-errno' '-fsigned-zeros' '-ftrapping-math' '"
 604      6174682D 
 604      6572726E 
 604      6F272027 
 604      2D667369 
 605 0033 2D666E6F 		.ascii	"-fno-trapv' '-fno-openmp' '-fno-openacc' '-mcpu=cor"
 605      2D747261 
 605      70762720 
 605      272D666E 
 605      6F2D6F70 
 606 0066 7465782D 		.ascii	"tex-m3' '-mno-thumb-interwork' '-mthumb' '-O2' '-fo"
 606      6D332720 
 606      272D6D6E 
ARM GAS  /tmp/cc0pXrJD.s 			page 47


 606      6F2D7468 
 606      756D622D 
 607 0099 6D69742D 		.ascii	"mit-frame-pointer' '-falign-functions=16' '-ffuncti"
 607      6672616D 
 607      652D706F 
 607      696E7465 
 607      72272027 
 608 00cc 6F6E2D73 		.ascii	"on-sections' '-fdata-sections' '-fno-common' '-flto"
 608      65637469 
 608      6F6E7327 
 608      20272D66 
 608      64617461 
 609 00ff 2700     		.ascii	"'\000"
 610              		.text
 611              		.comm	__gnu_lto_v1,1,1
 612              		.comm	__gnu_lto_slim,1,1
 613              		.ident	"GCC: (GNU Tools for Arm Embedded Processors 7-2017-q4-major) 7.2.1 20170904 (release) [ARM
ARM GAS  /tmp/cc0pXrJD.s 			page 48


DEFINED SYMBOLS
                            *ABS*:0000000000000000 chregistry.c
                            *COM*:0000000000000001 __gnu_lto_v1
                            *COM*:0000000000000001 __gnu_lto_slim

NO UNDEFINED SYMBOLS
