ARM GAS  /tmp/ccApWrwk.s 			page 1


   1              		.cpu cortex-m3
   2              		.eabi_attribute 20, 1
   3              		.eabi_attribute 21, 1
   4              		.eabi_attribute 23, 3
   5              		.eabi_attribute 24, 1
   6              		.eabi_attribute 25, 1
   7              		.eabi_attribute 26, 1
   8              		.eabi_attribute 30, 2
   9              		.eabi_attribute 34, 1
  10              		.eabi_attribute 18, 4
  11              		.file	"hal.c"
  12              		.section	.gnu.lto_.profile.24089e0bafd90756,"",%progbits
  13 0000 789C6363 		.ascii	"x\234cc```\001bF\006{\016\000\000\376\000S"
  13      60606001 
  13      6246067B 
  13      0E0000FE 
  13      0053
  14              		.text
  15              		.section	.gnu.lto_.icf.24089e0bafd90756,"",%progbits
  16 0000 789C6363 		.ascii	"x\234cc``\340`@\000F\206\345\367\266nea\000\000\016"
  16      6060E060 
  16      40004686 
  16      E5F7B66E 
  16      65610000 
  17 0015 8B0303   		.ascii	"\213\003\003"
  18              		.text
  19              		.section	.gnu.lto_.jmpfuncs.24089e0bafd90756,"",%progbits
  20 0000 789C6363 		.ascii	"x\234cc``\360f@\000F(\315\3048\205\231\261\371\327\376"
  20      6060F066 
  20      40004628 
  20      CDC43885 
  20      99B1F9D7 
  21 0015 CF7CF57F 		.ascii	"\317|\365\177\033$\34603,`\006\311nf\254g`<\300\302"
  21      1B24E630 
  21      332C6006 
  21      C96E66AC 
  21      67603CC0 
  22 002a C800C47F 		.ascii	"\310\000\304\177\376\377\377\317\317\310\004T7\255\365"
  22      FEFFFFCF 
  22      CFC80454 
  22      37ADF5
  23 0039 D079F66E 		.ascii	"\320y\366nf\240*F\006\306-\2142 \314\300\000\000\007"
  23      66A02A46 
  23      06C62D8C 
  23      3220CCC0 
  23      000007
  24 004c 811468   		.ascii	"\201\024h"
  25              		.text
  26              		.section	.gnu.lto_.inline.24089e0bafd90756,"",%progbits
  27 0000 789C6363 		.ascii	"x\234cc``0f@\000F\006\006.{F\006& \223m\201<\023X\210"
  27      60603066 
  27      40004606 
  27      062E7B46 
  27      06262093 
  28 001a 0B9360E2 		.ascii	"\013\223`\342\006)\0053\031\000?\237\001\223"
  28      06290533 
  28      19003F9F 
ARM GAS  /tmp/ccApWrwk.s 			page 2


  28      0193
  29              		.text
  30              		.section	.gnu.lto_.pureconst.24089e0bafd90756,"",%progbits
  31 0000 789C6363 		.ascii	"x\234cc```\006bF\006\011\000\000}\000#"
  31      60606006 
  31      62460609 
  31      00007D00 
  31      23
  32              		.text
  33              		.section	.gnu.lto_halInit.24089e0bafd90756,"",%progbits
  34 0000 789C7590 		.ascii	"x\234u\220\275J\003A\020\307\347\177\233\\\016\324h"
  34      BD4A0341 
  34      10C7E77F 
  34      9B5C0ED4 
  34      68
  35 0011 61A12685 		.ascii	"a\241&\205m\232\344=|\013Ic!\010\346\001n\343\031\022"
  35      6D9AE43D 
  35      7C0B4963 
  35      2108E601 
  35      6EE31912 
  36 0025 D1C2229E 		.ascii	"\321\302\"\236\026\207,\242\250\225\204\250\361\374"
  36      16872CA2 
  36      A89584A8 
  36      F1FC
  37 0033 3CF20011 		.ascii	"<\362\000\021m\355D\255\342\007XE1:\233\023Iq\016;\354"
  37      6DED44AD 
  37      E2075845 
  37      313A9B13 
  37      49710E3B 
  38 0048 EECC6F67 		.ascii	"\356\314og\376;&\021\265@\224\346=\305\016A0V[DE\313"
  38      FE3B2611 
  38      B54094E6 
  38      3DC50E41 
  38      30565B44 
  39 005e 00F4415A 		.ascii	"\000\364AZ \333\200\215\025Q\025h\226\237|#\263+\331"
  39      20DB808D 
  39      15511568 
  39      969F7C23 
  39      B32BD9
  40 0071 82F5B771 		.ascii	"\202\365\267q\271\027\300\023D.\2736\324\221!\306\356"
  40      B917C013 
  40      442EBB36 
  40      D49121C6 
  40      EE
  41 0082 6BDDB521 		.ascii	"k\335\265!3\026\306q\010\223\270\007\035\334\306\003"
  41      3316C671 
  41      0893B807 
  41      1DDCC603 
  42 0092 D9FD2ECB 		.ascii	"\331\375.\313\340a\013\215)\213\250\302yn\"\003Z\022"
  42      E0610B8D 
  42      298BA8C2 
  42      796E2203 
  42      5A12
  43 00a4 863E3901 		.ascii	"\206>9\001\265\341\250\317T\357\021W\362\375\366]\302"
  43      B5E1A8CF 
  43      54EF1157 
  43      F2FDF65D 
ARM GAS  /tmp/ccApWrwk.s 			page 3


  43      C2
  44 00b5 FE929627 		.ascii	"\376\222\226'\340\012\256\202#\330\3441\335\306\242"
  44      E00AAE82 
  44      23D8E431 
  44      DDC6A2
  45 00c4 DA198CE0 		.ascii	"\332\031\214\340\204\313Y\3021s\234pK\315\353\304\262"
  45      84CB59C2 
  45      31739C70 
  45      4BCDEBC4 
  45      B2
  46 00d5 F0440CFA 		.ascii	"\360D\014\372\352|\\\275'\231\033\343\200\322\3528\326"
  46      EA7C5CBD 
  46      27991BE3 
  46      80D2EA38 
  46      D6
  47 00e6 B979AE0C 		.ascii	"\271y\256\014(l\026G<\021\307\011\377\265\201t/\343"
  47      286C1647 
  47      3C11C709 
  47      FFB58174 
  47      2FE3
  48 00f8 6CD74B60 		.ascii	"l\327K`zC\312I]\301\207B\370\235S\330\2360{b;\311h\261"
  48      7A43CA49 
  48      5DC18742 
  48      F89D53D8 
  48      9E307B62 
  49 0110 5C1D677F 		.ascii	"\\\035g\177b\035U\033\216\346b\314\235\367q\373\243"
  49      621D551B 
  49      8EE662CC 
  49      9DF771FB 
  49      A3
  50 0121 D15C9CB9 		.ascii	"\321\\\234\271\213>\356\361\037\316d\356\362\227{\301"
  50      8B3EEEF1 
  50      1FCE64EE 
  50      F2977BC1 
  51 0131 827AAD86 		.ascii	"\202z\255\206\232\265Ux\204<f\236\317D6\233\013\327"
  51      9AB55578 
  51      843C669E 
  51      CF44369B 
  51      0BD7
  52 0143 5C213733 		.ascii	"\\!73=\233+\314\347\365\236\315\323\017\246>\237\360"
  52      3D9B2BCC 
  52      E7F59ECD 
  52      D30FA63E 
  52      9FF0
  53              		.text
  54              		.section	.gnu.lto_.symbol_nodes.24089e0bafd90756,"",%progbits
  55 0000 789C55C9 		.ascii	"x\234U\311\261\015\3020\024E\321\373\354\330\254\221"
  55      B10DC230 
  55      1445D1FB 
  55      ECD8AC91 
  56 0010 51C864DF 		.ascii	"Q\310d\337\005\0030D&H\231:%\204\000\013\200\304\034"
  56      05033044 
  56      2648993A 
  56      2584000B 
  56      80C41C
  57 0023 281F57B8 		.ascii	"(\037W\270x:\322}\031\230|\204\213\014\316+8s\031 \335"
  57      783AD27D 
ARM GAS  /tmp/ccApWrwk.s 			page 4


  57      19987C84 
  57      8B0CCE2B 
  57      38731920 
  58 0038 44EF8F9E 		.ascii	"D\357\217\2362\325\007J9zx\310B\023\356\262\330\204"
  58      32D5074A 
  58      397A78C8 
  58      4213EEB2 
  58      D884
  59 004a 4DD63561 		.ascii	"M\3265a\225\245&\\e\371?D\016\214\257\257\"\231\245"
  59      95A5265C 
  59      65F93F44 
  59      0E8CAFAF 
  59      2299A5
  60 005d 9AF8543B 		.ascii	"\232\370T;N\357\237\221\261\032X\\v\012\273-\246"
  60      4EEF9F91 
  60      B11A585C 
  60      760ABB2D 
  60      A6
  61              		.text
  62              		.section	.gnu.lto_.refs.24089e0bafd90756,"",%progbits
  63 0000 789C6363 		.ascii	"x\234cc```\003bF\006&F&\006\000\000\263\000\023"
  63      60606003 
  63      62460626 
  63      46260600 
  63      00B30013 
  64              		.text
  65              		.section	.gnu.lto_.decls.24089e0bafd90756,"",%progbits
  66 0000 789CBD56 		.ascii	"x\234\275VkPSG\024\276'\233\004\010(\016t:jm\307qp\344"
  66      6B505347 
  66      14BE279B 
  66      0408280E 
  66      743A6A6D 
  67 0018 4FB88076 		.ascii	"O\270\200v\364\257\025\265N}0\325v\246\375\023c\210"
  67      F4AF15B5 
  67      4E7D30D5 
  67      76A6FD13 
  67      6388
  68 002a 92362494 		.ascii	"\2226$\224\204\216\216\177.\210\312\240U\251\257\"\264"
  68      848E8E7F 
  68      2E88CAA0 
  68      55A9AF22 
  68      B4
  69 003b 75C0F13D 		.ascii	"u\300\361=*\025\024A\005\244 \276\001\037UD@\020\304"
  69      2A151441 
  69      05A420BE 
  69      011F5544 
  69      4010C4
  70 004e A288A844 		.ascii	"\242\210\250DA\240gworC\224>\376t\207s7g\317\267\337"
  70      41A06777 
  70      6F724394 
  70      3EFE7487 
  70      733767CF 
  71 0064 D973F6EC 		.ascii	"\331s\366\354.ZA\020\342u\202\240&\202\260\007\177\017"
  71      2E5A4110 
  71      E27582A0 
  71      2682B007 
  71      7F0F
ARM GAS  /tmp/ccApWrwk.s 			page 5


  72 0076 6153615F 		.ascii	"aSa_\216\002(\035\002o~(OQ\236\241<Gy\211\342B\351G"
  72      8E02281D 
  72      026F7E28 
  72      4F519EA1 
  72      3C477989 
  73 008e 1990B143 		.ascii	"\031\220\261C\302\360\326\004|\336R\201\003\272h\007"
  73      C2F0D604 
  73      7CDE5281 
  73      03BA6807 
  74 009e 9CF3214A 		.ascii	"\234\363!J\237\017\367\200\314\347\222\371\237\313\376"
  74      9F0FF780 
  74      CCE792F9 
  74      9FCBFE
  75 00ad DEC5BD8D 		.ascii	"\336\305\275\215@m\332\261\034\262\201@\210\016\324"
  75      406DDAB1 
  75      1CB28140 
  75      880ED4
  76 00bc A83EBBB2 		.ascii	"\250>\273\262\253u4\252\357\351`\"\252\033*\013\253"
  76      AB7534AA 
  76      EFE96022 
  76      AA1B2A0B 
  76      AB
  77 00cd 646B3545 		.ascii	"dk5E\367wl\273\003\\\017B5\265\344Nf0G7S\363\376\366"
  77      F7776CBB 
  77      035C0F42 
  77      35B5E44E 
  77      66304737 
  78 00e5 9C4D41DC 		.ascii	"\234MA\334<\003\325\353\256\232\365:\242\002j\332U\362"
  78      3C03D5EB 
  78      AE9AF53A 
  78      A2026ADA 
  78      55F2
  79 00f7 E2A2869B 		.ascii	"\342\242\206\233\374Q\315\253,\356\013$\001\314t\257"
  79      FC51CDAB 
  79      2CEE0B24 
  79      01CC74AF 
  80 0107 FAC021EA 		.ascii	"\372\300!\352d\212\016h\342\202q\350\350\343S\257G\361"
  80      648A0E68 
  80      E28271E8 
  80      E8E353AF 
  80      47F1
  81 0119 218AB8D1 		.ascii	"!\212\270\321\2739\327\237\214b\277\363\352sw\370E\034"
  81      BB39D79F 
  81      8C62BFF3 
  81      EA7377F8 
  81      451C
  82 012b 9678F35F 		.ascii	"\226x\363_$\300Y \356h\3526\367\354\361#\221\024\250"
  82      24C05920 
  82      EE68EA36 
  82      F7ECF123 
  82      9114A8
  83 013e 6ABAD3DF 		.ascii	"j\272\323\3370\032t\341\351\222\224*\355^#\005|*@\001"
  83      301A74E1 
  83      E992942A 
  83      ED5E2305 
  83      7C2A4001 
  84 0152 4C80E330 		.ascii	"L\200\3430A\200s\020N\311K!B\20038x\032\007\367R\302"
ARM GAS  /tmp/ccApWrwk.s 			page 6


  84      41807310 
  84      4EC94B21 
  84      42803338 
  84      781A07F7 
  85 0168 B226D794 		.ascii	"\262&\327\224\314\365\222\244\202r\320A\031\020\206"
  85      CCF592A4 
  85      8272D041 
  85      191086
  86 0177 C1F44DD1 		.ascii	"\301\364M\321q\027\007\366d\346jI\0050\037%\331m\225"
  86      711707F6 
  86      64E66A49 
  86      05301F25 
  86      D96D95
  87 018a AA917C54 		.ascii	"\252\221|T\216\350\343\341\251IUk\251\217\337\321G\205"
  87      8EE8E3E1 
  87      A949556B 
  87      A98FDFD1 
  87      4785
  88 019c E2035D72 		.ascii	"\342\003]r'-\305\015)*R\315S7\230q\272\233\220\313L"
  88      272DC50D 
  88      292A52CD 
  88      53379871 
  88      BA9B90CB 
  89 01b1 D154BFE8 		.ascii	"\321T\277\350]\023\004aaa\241\341\271\324i\331\371\372"
  89      5D130461 
  89      6161A1E1 
  89      B9D469D9 
  89      F9FA
  90 01c3 F09D95EB 		.ascii	"\360\235\225\353\244-FFV\205d\227 TY\2048\001y\243\360"
  90      A42D4646 
  90      56856497 
  90      20545984 
  90      380179A3 
  91 01d8 237078CB 		.ascii	"#px\313>\"\355\031\313\260%\357\304\242\346\001\367"
  91      3E22ED19 
  91      CBB025EF 
  91      C4A2E601 
  91      F7
  92 01e9 28E0F3BE 		.ascii	"(\340\363\276\340b\3600g\322\240\266\240\200Z\200\223"
  92      E062F030 
  92      67D2A0B6 
  92      A0805A80 
  92      93
  93 01fa 0838C16C 		.ascii	"\0108\301l\024\216\201\301e\314C5\204\301\005\224\213"
  93      148E81C1 
  93      65CC4335 
  93      84C10594 
  93      8B
  94 020b 10C6F68A 		.ascii	"\020\306\366\212\347\241j'\301-\244@AN\201\274\217\245"
  94      E7A16A27 
  94      C12DA440 
  94      414E81BC 
  94      8FA5
  95 021d 8369355A 		.ascii	"\203i5Z\222JX\222\317\0378x\005 4\374\235n\340\032\262"
  95      924A5892 
  95      CF1F3878 
  95      052034FC 
ARM GAS  /tmp/ccApWrwk.s 			page 7


  95      9D6EE01A 
  96 0232 FFB3A7C1 		.ascii	"\377\263\247\301\351\324\321U\304]Q\322M\3752w%'OW\311"
  96      E9D4D155 
  96      C45D51D2 
  96      4DFD3277 
  96      25274F57 
  97 0247 C519896A 		.ascii	"\305\031\211jF\341\326\274`\262\235y\367\234\210\020"
  97      46E1D6BC 
  97      60B29D79 
  97      F79C8810 
  98 0257 7E22366D 		.ascii	"~\"6m>\236\257#9\334\326\225\326\326\034\310mcQ-\274"
  98      3E9EAF23 
  98      39DCD695 
  98      D6D61CC8 
  98      6D63512D 
  99 026c 52D4A821 		.ascii	"R\324\250!y\334\326\320sk} 9\310\225\243o\266\355\323"
  99      79DCD6D0 
  99      736B7D20 
  99      39C895A3 
  99      6FB6EDD3 
 100 0280 927CAE54 		.ascii	"\222|\256T\037\375\261Q>%7\250~\265\265\"#\220\237\242"
 100      1FFDB151 
 100      3E2537A8 
 100      7EB5B522 
 100      23909FA2 
 101 0294 DD1AD41F 		.ascii	"\335\032\324\037\015TujH\021\003\007t\274\314\3347\212"
 101      0D54756A 
 101      48110307 
 101      74BCCCDC 
 101      378A
 102 02a6 EE37B6F0 		.ascii	"\3567\266\360\260\320\\\026M\357\256\220\255\222T\035"
 102      B0D05C16 
 102      4DEFAE90 
 102      AD92541D 
 103 02b6 C9023A85 		.ascii	"\311\002:\205\001\265b\357\311H\021\014\333G\304\367"
 103      01B562EF 
 103      C948110C 
 103      DB47C4F7 
 104 02c6 8C4B91CA 		.ascii	"\214K\221\312\322\010\203\337\364\205\337\000\357\022"
 104      D20883DF 
 104      F485DF00 
 104      EF12
 105 02d4 41F4B9F1 		.ascii	"A\364\271\361\012\372\272/\272\356-\362z/x\255/\274"
 105      0AFABA2F 
 105      BAEE2DF2 
 105      7A2F78AD 
 105      2FBC
 106 02e6 C697BCCE 		.ascii	"\306\227\274\316k)\177\370\242E\037\360\305\017\024"
 106      6B297FF8 
 106      A2451FF0 
 106      C50F14
 107 02f5 70BD2FB8 		.ascii	"p\275/\270P\241\226\253)+$\005\213\203\242\274\313\211"
 107      50A196AB 
 107      292B2405 
 107      8B83A2BC 
 107      CB89
 108 0307 53B56779 		.ascii	"S\265gy\245\354\226/W\261WT\303\312\354\016\"n3c\253"
ARM GAS  /tmp/ccApWrwk.s 			page 8


 108      A5EC962F 
 108      57B15754 
 108      C3CAEC0E 
 108      226E3363 
 109 031c 5C63F7B1 		.ascii	"\\c\367\261\306\232\260\276ZP\032P\356\2414\242\334"
 109      C69AB0BE 
 109      5A501A50 
 109      EEA134A2 
 109      DC
 110 032d 4569966B 		.ascii	"Ei\226k\0167\261\374\365\343\265\301\244\224Wpj[\303"
 110      0E37B1FC 
 110      F5E3B5C1 
 110      A4945770 
 110      6A5BC3
 111 0340 4EB56F05 		.ascii	"N\265o\005\273\251\241\035\031\377\013;\217\266+[KK"
 111      BBA9A11D 
 111      19FF0B3B 
 111      8FB62B5B 
 111      4B4B
 112 0352 BA0D273E 		.ascii	"\272\015'>PJ\272\325]\322?\034~\366\004Be\207\351#:"
 112      504ABAD5 
 112      5DD23F1C 
 112      7EF60442 
 112      6587E923 
 113 0367 14FE4D2C 		.ascii	"\024\376M,5i-\365~A\031\236;\016\036z]\004\002t@\020"
 113      35692DF5 
 113      7E41199E 
 113      3B0E1E7A 
 113      5D040274 
 114 037d 7B9B3AD8 		.ascii	"{\233:\330\233P\\~\2464\260\011\251\360\001\2041\214"
 114      9B505C7E 
 114      A634B009 
 114      A9F00184 
 114      318C
 115 038f 823E57F4 		.ascii	"\202>W\364\213=\025\246\017\271\033\360q\034U\361N\206"
 115      8B3D15A6 
 115      0FB91BF0 
 115      711C55F1 
 115      4E86
 116 03a1 52C53D05 		.ascii	"R\305=\005<#*\231C\345\346e\1772\001x\263r;w\347n\374"
 116      3C232A99 
 116      43E5E665 
 116      7F320178 
 116      B3723B77 
 117 03b8 19E43FBC 		.ascii	"\031\344?\274\346\361!\225\342\314k\312[k\025<f\317"
 117      E6F12195 
 117      E2CC6BCA 
 117      5B6B153C 
 117      66CF
 118 03ca A2942041 		.ascii	"\242\224 A\316\330\271\272\224\016]3\346R\200\257\005"
 118      CED8B9BA 
 118      940E5D33 
 118      E65280AF 
 118      05
 119 03db 618B7F02 		.ascii	"a\213\177\002;\370\335\307\245\026\035\271\300o\201"
 119      3BF8DDC7 
 119      A5161DB9 
ARM GAS  /tmp/ccApWrwk.s 			page 9


 119      C06F81
 120 03ea CA215759 		.ascii	"\312!WY0\277\005T\364\345\352\276\374\263|\011\214A"
 120      30BF0554 
 120      F4E5EABE 
 120      FCB37C09 
 120      8C41
 121 03fc F5F0C6A1 		.ascii	"\365\360\306\241m\232\261;\330\366\255\221\306\250`"
 121      6D9AB13B 
 121      D8F6AD91 
 121      C6A860
 122 040b E9FBF004 		.ascii	"\351\373\360\0043\376\230e\274\013\306\342\327\246\346"
 122      33FE9865 
 122      BC0BC6E2 
 122      D7A6E6
 123 041a CE2E15E4 		.ascii	"\316.\025\344\017j'\355\226v7Ke\327\372&>,\220$|\\$"
 123      0F6A27ED 
 123      9676374B 
 123      65D7FA26 
 123      3E2C9024 
 124 0431 358541A7 		.ascii	"5\205A\247R\033\235\364\235\204?qg\341\021n\273\000"
 124      521B9DF4 
 124      9D843F71 
 124      67E1116E 
 124      BB00
 125 0443 4F61124E 		.ascii	"Oa\022N_\377[W\223\206<\346\253\332\370\240\2440\030"
 125      5FFF5B57 
 125      93863CE6 
 125      ABDAF8A0 
 125      A43018
 126 0456 B99AE94B 		.ascii	"\271\232\351K88c\327\261\016)]\307\034B\267\302\324"
 126      383863D7 
 126      B10E295D 
 126      C71C42B7 
 126      C2D4
 127 0468 2DBFB8F0 		.ascii	"-\277\270\360\2141\\n\277\267\232d\252\031\301\241\312"
 127      8C315C6E 
 127      BFB79A64 
 127      AA19C1A1 
 127      CA
 128 0479 8C14B54C 		.ascii	"\214\024\265Lpw\003\031\250\\W\026\313\347\367(\363"
 128      70770319 
 128      A85C5716 
 128      CBE7F728 
 128      F3
 129 048a 7BDCF39F 		.ascii	"{\334\363\237\263\3719\256\354B\025\251\345\004{7\270"
 129      B3F939AE 
 129      EC4215A9 
 129      E5047B37 
 129      B8
 130 049b B2894C70 		.ascii	"\262\211Lp)\233t\235\367\020\274P\010^\270\011^2\202"
 130      299B749D 
 130      F710BC50 
 130      085EB809 
 130      5E3282
 131 04ae E3AFD3B3 		.ascii	"\343\257\323\263\201\014q\202\222\306\223\235~2A\377"
 131      810C7182 
 131      92C6939D 
ARM GAS  /tmp/ccApWrwk.s 			page 10


 131      7E3241FF 
 132 04be 7EF2245F 		.ascii	"~\362$_\011\241Wa\350u3\270\030\303\301\303Ym\001d\257"
 132      09A15761 
 132      E87533B8 
 132      18C3C1C3 
 132      596D0164 
 133 04d3 8631B83A 		.ascii	"\2061\270:\177\332\256V\253xI\3234\323\033\374\376\231"
 133      7FDAAE56 
 133      AB7849D3 
 133      34D31BFC 
 133      FE99
 134 04e5 7ABF1137 		.ascii	"z\277\0217\244\217m\310k\220w$\377\310\211Fw\026+\352"
 134      A48F6DC8 
 134      6B907724 
 134      FFC88946 
 134      77162BEA 
 135 04f9 C36F1748 		.ascii	"\303o\027Hi\032\212\201W\312\002^\271\027\320\317\026"
 135      691A8A81 
 135      57CA025E 
 135      B917D0CF 
 135      16
 136 050a 90F5CBE6 		.ascii	"\220\365\313\346c\204\024\360\005t\225>\177\344N\342"
 136      638414F0 
 136      0574953E 
 136      7FE44EE2 
 137 051a A52252A4 		.ascii	"\245\"R\244\344\340\215B\360\306M0\300\010\252+\216"
 137      E4E08D42 
 137      F0C64D30 
 137      C008AA2B 
 137      8E
 138 052b F406921E 		.ascii	"\364\006\222\036Np\262\266\356\354\350\311yR\267D\377"
 138      4E70B2B6 
 138      EEECE8C9 
 138      7952B744 
 138      FF
 139 053c 419876AD 		.ascii	"A\230v\255;MJ\017a\307v\220\023x]l\203\254,\206`2\316"
 139      3B4D4A0F 
 139      61C77690 
 139      13785D6C 
 139      83AC2C86 
 140 0553 FBF54D7F 		.ascii	"\373\365M\177\326h\357\223N}*']R\361\223\216=u\222s"
 140      D668EF93 
 140      4E7D2A27 
 140      5D52F193 
 140      8E3D7592 
 141 0568 53D27A83 		.ascii	"S\322z\203\373\206\201Sd0\355\265\261sb\214N#1%Y\307"
 141      FB868153 
 141      6430EDB5 
 141      B173628C 
 141      4E233125 
 142 057e 454488FC 		.ascii	"ED\210\374\317\356\020\343\215V\321\221d\242}\204\311"
 142      CFEE10E3 
 142      8D56D191 
 142      64A27D84 
 142      C9
 143 058f 7FEEC22F 		.ascii	"\177\356\302/&\316\212\212\022t\006C\262\305\346\234"
 143      26CE8A8A 
ARM GAS  /tmp/ccApWrwk.s 			page 11


 143      12740643 
 143      B2C5E69C 
 144 059f 1A6D70AE 		.ascii	"\032mp\256\0031\336\236`\026\215&\207Yo5.\023c\354\246"
 144      0331DE9E 
 144      60168D26 
 144      87596F35 
 144      2E1363EC 
 145 05b4 E404B3CD 		.ascii	"\344\004\263\315\351\020\227\230\215\011\237\211\263"
 145      E9109798 
 145      8D099F89 
 145      B3
 146 05c1 4D564BA2 		.ascii	"MVK\242\303l0\353\023\223M\337F\213K\354v\253C\\a2\351"
 146      C36C30EB 
 146      13934DDF 
 146      468B4BEC 
 146      76AB435C 
 147 05d8 8D49097A 		.ascii	"\215I\011z\233\335f\326\233\215\313,\372\351\372\350"
 147      9BDD66D6 
 147      9B8DCB2C 
 147      FAE9FAE8 
 148 05e8 C8A8E9FA 		.ascii	"\310\250\351\372\357\246\351\023\214\337\330\223\304"
 148      EFA6E913 
 148      8CDFD893 
 148      C4
 149 05f5 6156D162 		.ascii	"aV\321b3Y\223\343\314b\202\321\024o\261\231EC\234y\271"
 149      335993E3 
 149      CC6282D1 
 149      146FB199 
 149      45439C79 
 150 060a 31D9EA34 		.ascii	"1\331\35248W%\232\035\021\361\202\277{A\253\377\327"
 150      3857259A 
 150      1D11F182 
 150      BF7B41AB 
 150      FFD7
 151 061c F5385639 		.ascii	"\3658V9D\203\303\031\207\316q\021\304\036\227\204)\214"
 151      4483C319 
 151      87CE7111 
 151      C41E9784 
 151      298C
 152 062e 8FF24D61 		.ascii	"\217\362Ma\242=\011\027\260x\311\202\251\321\342\374"
 152      A23D0917 
 152      B078C982 
 152      A9D1E2FC 
 153 063e F931E2DC 		.ascii	"\3711\342\334\330y\213\276\217\022\023\215V\203\325"
 153      D8798BBE 
 153      8F12138D 
 153      5683D5
 154 064d 1A873343 		.ascii	"\032\2073C\034\316\004\\\375\212D\213\335\3400;\223"
 154      1CCE045C 
 154      FD8A448B 
 154      DDE0303B 
 154      93
 155 065e 130D4E6D 		.ascii	"\023\015Nm\354l\272%\332\330\030\336\315\342\335'\274"
 155      EC6CBA25 
 155      DAD818DE 
 155      CDE2DD27 
 155      BC
ARM GAS  /tmp/ccApWrwk.s 			page 12


 156 066f 9BC9BBB9 		.ascii	"\233\311\273\271\264\013\210\2359\177\226\335\266\334"
 156      B40B889D 
 156      397F96DD 
 156      B6DC
 157 067d B2C20F9D 		.ascii	"\262\302\017\235\315\263Y\234\343G\334CA\353pR\304\207"
 157      CDB3599C 
 157      E347DC43 
 157      41EB7052 
 157      C487
 158 068f BE084F44 		.ascii	"\276\010OD4\220\200evcR\034\305}\354\213c\026\032\213"
 158      34908065 
 158      7663521C 
 158      C57DEC8B 
 158      63161A8B 
 159 06a3 61DEC2D9 		.ascii	"a\336\302\331\013\026\031\026D\031b\346-\236\265\350"
 159      0B161916 
 159      441962E6 
 159      2D9EB5E8 
 160 06b3 CBD99F7F 		.ascii	"\313\331\237\177\305\2158\337\317\021\227LgO\036\321"
 160      C58D38DF 
 160      CF11974C 
 160      674F1ED1 
 161 06c3 8B39C982 		.ascii	"\2139\311\202\301';\226Q4v\024\375\321Hh\016\033e\220"
 161      C1273B96 
 161      51347614 
 161      FDD14868 
 161      0E1B6590 
 162 06d7 F365B020 		.ascii	"\363e\260 8(\336K\211\374\273\204\263\357\234\250\225"
 162      3828DE4B 
 162      89FCBB84 
 162      B3EF9CA8 
 162      95
 163 06e8 2BC57825 		.ascii	"+\305x%\337\224\312]C&\226\273\277\000@\023\373j"
 163      DF94CA5D 
 163      432696BB 
 163      BF004013 
 163      FB6A
 164              		.text
 165              		.section	.gnu.lto_.symtab.24089e0bafd90756,"",%progbits
 166 0000 68616C49 		.ascii	"halInit\000"
 166      6E697400 
 167 0008 00       		.ascii	"\000"
 168 0009 00       		.ascii	"\000"
 169 000a 00       		.ascii	"\000"
 170 000b 00000000 		.ascii	"\000\000\000\000\000\000\000\000"
 170      00000000 
 171 0013 EF000000 		.ascii	"\357\000\000\000"
 172 0017 70616C5F 		.ascii	"pal_default_config\000"
 172      64656661 
 172      756C745F 
 172      636F6E66 
 172      696700
 173 002a 00       		.ascii	"\000"
 174 002b 02       		.ascii	"\002"
 175 002c 00       		.ascii	"\000"
 176 002d 00000000 		.ascii	"\000\000\000\000\000\000\000\000"
 176      00000000 
ARM GAS  /tmp/ccApWrwk.s 			page 13


 177 0035 FF000000 		.ascii	"\377\000\000\000"
 178 0039 7374496E 		.ascii	"stInit\000"
 178      697400
 179 0040 00       		.ascii	"\000"
 180 0041 02       		.ascii	"\002"
 181 0042 00       		.ascii	"\000"
 182 0043 00000000 		.ascii	"\000\000\000\000\000\000\000\000"
 182      00000000 
 183 004b F1000000 		.ascii	"\361\000\000\000"
 184 004f 626F6172 		.ascii	"boardInit\000"
 184      64496E69 
 184      7400
 185 0059 00       		.ascii	"\000"
 186 005a 02       		.ascii	"\002"
 187 005b 00       		.ascii	"\000"
 188 005c 00000000 		.ascii	"\000\000\000\000\000\000\000\000"
 188      00000000 
 189 0064 F3000000 		.ascii	"\363\000\000\000"
 190 0068 73647549 		.ascii	"sduInit\000"
 190      6E697400 
 191 0070 00       		.ascii	"\000"
 192 0071 02       		.ascii	"\002"
 193 0072 00       		.ascii	"\000"
 194 0073 00000000 		.ascii	"\000\000\000\000\000\000\000\000"
 194      00000000 
 195 007b F5000000 		.ascii	"\365\000\000\000"
 196 007f 75736249 		.ascii	"usbInit\000"
 196      6E697400 
 197 0087 00       		.ascii	"\000"
 198 0088 02       		.ascii	"\002"
 199 0089 00       		.ascii	"\000"
 200 008a 00000000 		.ascii	"\000\000\000\000\000\000\000\000"
 200      00000000 
 201 0092 F7000000 		.ascii	"\367\000\000\000"
 202 0096 5F70616C 		.ascii	"_pal_lld_init\000"
 202      5F6C6C64 
 202      5F696E69 
 202      7400
 203 00a4 00       		.ascii	"\000"
 204 00a5 02       		.ascii	"\002"
 205 00a6 00       		.ascii	"\000"
 206 00a7 00000000 		.ascii	"\000\000\000\000\000\000\000\000"
 206      00000000 
 207 00af FB000000 		.ascii	"\373\000\000\000"
 208 00b3 68616C5F 		.ascii	"hal_lld_init\000"
 208      6C6C645F 
 208      696E6974 
 208      00
 209 00c0 00       		.ascii	"\000"
 210 00c1 02       		.ascii	"\002"
 211 00c2 00       		.ascii	"\000"
 212 00c3 00000000 		.ascii	"\000\000\000\000\000\000\000\000"
 212      00000000 
 213 00cb FD000000 		.ascii	"\375\000\000\000"
 214              		.text
 215              		.section	.gnu.lto_.opts,"",%progbits
 216 0000 272D666D 		.ascii	"'-fmath-errno' '-fsigned-zeros' '-ftrapping-math' '"
ARM GAS  /tmp/ccApWrwk.s 			page 14


 216      6174682D 
 216      6572726E 
 216      6F272027 
 216      2D667369 
 217 0033 2D666E6F 		.ascii	"-fno-trapv' '-fno-openmp' '-fno-openacc' '-mcpu=cor"
 217      2D747261 
 217      70762720 
 217      272D666E 
 217      6F2D6F70 
 218 0066 7465782D 		.ascii	"tex-m3' '-mno-thumb-interwork' '-mthumb' '-O2' '-fo"
 218      6D332720 
 218      272D6D6E 
 218      6F2D7468 
 218      756D622D 
 219 0099 6D69742D 		.ascii	"mit-frame-pointer' '-falign-functions=16' '-ffuncti"
 219      6672616D 
 219      652D706F 
 219      696E7465 
 219      72272027 
 220 00cc 6F6E2D73 		.ascii	"on-sections' '-fdata-sections' '-fno-common' '-flto"
 220      65637469 
 220      6F6E7327 
 220      20272D66 
 220      64617461 
 221 00ff 2700     		.ascii	"'\000"
 222              		.text
 223              		.comm	__gnu_lto_v1,1,1
 224              		.comm	__gnu_lto_slim,1,1
 225              		.ident	"GCC: (GNU Tools for Arm Embedded Processors 7-2017-q4-major) 7.2.1 20170904 (release) [ARM
ARM GAS  /tmp/ccApWrwk.s 			page 15


DEFINED SYMBOLS
                            *ABS*:0000000000000000 hal.c
                            *COM*:0000000000000001 __gnu_lto_v1
                            *COM*:0000000000000001 __gnu_lto_slim

NO UNDEFINED SYMBOLS
