ARM GAS  /tmp/ccH4cObN.s 			page 1


   1              		.cpu cortex-m4
   2              		.eabi_attribute 20, 1
   3              		.eabi_attribute 21, 1
   4              		.eabi_attribute 23, 3
   5              		.eabi_attribute 24, 1
   6              		.eabi_attribute 25, 1
   7              		.eabi_attribute 26, 1
   8              		.eabi_attribute 30, 2
   9              		.eabi_attribute 34, 1
  10              		.eabi_attribute 18, 4
  11              		.file	"nvic.c"
  12              		.section	.gnu.lto_.profile.16ffdd360d57afdf,"",%progbits
  13 0000 789C6363 		.ascii	"x\234cc```\001bF\006)1\000\000\302\000<"
  13      60606001 
  13      62460629 
  13      310000C2 
  13      003C
  14              		.text
  15              		.section	.gnu.lto_.icf.16ffdd360d57afdf,"",%progbits
  16 0000 789C6363 		.ascii	"x\234cc``\220b@\000\026\206\333\333\226\254be\354\\"
  16      60609062 
  16      40001686 
  16      DBDB96AC 
  16      6265EC5C 
  17 0014 F7E12E13 		.ascii	"\367\341.\023\323\243\203\263\367\3603/z\275\367\005"
  17      D3A383B3 
  17      F7F0332F 
  17      7ABDF705 
  18 0024 330300A6 		.ascii	"3\003\000\246U\014S"
  18      550C53
  19              		.text
  20              		.section	.gnu.lto_.jmpfuncs.16ffdd360d57afdf,"",%progbits
  21 0000 789C6363 		.ascii	"x\234cc``\320a@\000\026\006&FF\346\3729\314\014 \314"
  21      6060D061 
  21      40001606 
  21      264646E6 
  21      FA39CC0C 
  22 0016 0804209A 		.ascii	"\010\004 \232\011Y\220\031*\310\000\000\237-\007\005"
  22      09599019 
  22      2AC80000 
  22      9F2D0705 
  23              		.text
  24              		.section	.gnu.lto_.inline.16ffdd360d57afdf,"",%progbits
  25 0000 789C4D8C 		.ascii	"x\234M\214\321\021\2000\014B!\215i\364\307\021\352\004"
  25      D1118030 
  25      0C42218D 
  25      69F4C711 
  25      EA04
  26 0012 2ED9453A 		.ascii	".\331E:\222\2438\202\261\236U>\270\343\036`\000*>)\260"
  26      92A33882 
  26      B19E553E 
  26      B8E31E60 
  26      002A3E29 
  27 0027 CC146E8C 		.ascii	"\314\024n\214p\233\332\271\303Z\021\310\261*\"y\020"
  27      709BDAB9 
  27      C35A11C8 
  27      B12A2279 
ARM GAS  /tmp/ccH4cObN.s 			page 2


  27      10
  28 0038 07E199EC 		.ascii	"\007\341\231\354\225\244\255<\225\240\332O\004\223\222"
  28      95A4AD3C 
  28      95A0DA4F 
  28      049392
  29 0047 FD25C5EE 		.ascii	"\375%\305\356w\020J\310\366N\007\034S\\\2260\015\244"
  29      77104AC8 
  29      F64E071C 
  29      535C9630 
  29      0DA4
  30              		.text
  31              		.section	.gnu.lto_.pureconst.16ffdd360d57afdf,"",%progbits
  32 0000 789C6363 		.ascii	"x\234cc``\340\004b\026\006)F)&)f)\000\002\304\000\202"
  32      6060E004 
  32      62160629 
  32      46292629 
  32      66290002 
  33              		.text
  34              		.section	.gnu.lto_nvicEnableVector.16ffdd360d57afdf,"",%progbits
  35 0000 789C9D53 		.ascii	"x\234\235S\317KTQ\024\276\337;\357\207\243\316,\332"
  35      CF4B5451 
  35      14BEDF3B 
  35      EF87A3CE 
  35      2CDA
  36 0012 45522E82 		.ascii	"ER.\202A\204y\011\375\003\321\332\026\375\007\341&!"
  36      41847909 
  36      FD03D1DA 
  36      16FD07E1 
  36      2621
  37 0024 674443DA 		.ascii	"gDC\332yg\306f\264\004\005G\203\341\021#\215\375 \312"
  37      7967C666 
  37      B4040547 
  37      83E11123 
  37      8DFD20CA 
  38 0038 42ADC6B2 		.ascii	"B\255\306\262^\223\226\021&\211\264kQJ\241\221\324\254"
  38      5E939611 
  38      2689B46B 
  38      514AA191 
  38      D4AC
  39 004a 82D43AF7 		.ascii	"\202\324:\367>\243\350\307\242.\357\236w\3569\347\273"
  39      3EA3E8C7 
  39      A22EEF9E 
  39      77EE39E7 
  39      BB
  40 005b E7FBEE7D 		.ascii	"\347\373\356}\317\026B\034!!\016\362{\017O\220\2001"
  40      CF16421C 
  40      21210EF2 
  40      7B0F4F90 
  40      8031
  41 006d F85C8864 		.ascii	"\370\\\210d\225\001(GVAt\033\350F?\345\010\345\354\333"
  41      95012847 
  41      5641741B 
  41      E8463FE5 
  41      08E5ECDB 
  42 0081 92D17049 		.ascii	"\222\321pI\362\360\317Uv\313\313><\206\217\360T\003"
  42      F2F0CF55 
  42      76CBCB3E 
ARM GAS  /tmp/ccH4cObN.s 			page 3


  42      3C868FF0 
  42      5403
  43 0093 1368E0AA 		.ascii	"\023h\340\252\027=7<:K\036\001&/?-\344W\"ji\240\236"
  43      173D373C 
  43      3A4B1E01 
  43      262F3F2D 
  43      E457226A 
  44 00aa 975B3237 		.ascii	"\227[27\022\241\030\004\373\253\317.\014:\3211)S\322"
  44      12A11804 
  44      FBABCF2E 
  44      0C3AD131 
  44      2953D2
  45 00bd 9F2D92DC 		.ascii	"\237-\222\334\357\021\341\026\2107\304\024\3520\211"
  45      EF11E116 
  45      8837C414 
  45      EA3089
  46 00cc 3AC12181 		.ascii	":\301!\201\333\210r\371\325\324\273\017D\0074\364\315"
  46      DB8872F9 
  46      D5D4BB0F 
  46      440734F4 
  46      CD
  47 00dd FCEB9CB5 		.ascii	"\374\353\234\265\003]\035\333\201\336\371\003\264\204"
  47      035D1DDB 
  47      81DEF903 
  47      B484
  48 00eb A8AEBFB9 		.ascii	"\250\256\277\271=\034\266\315\200+\246a\013\2603\276"
  48      3D1CB6CD 
  48      802BA661 
  48      0BB033BE 
  49 00fb 64F972FB 		.ascii	"d\371r\373kV\372\313\027\261e\205\301\030\323P\206\330"
  49      6B56FACB 
  49      17B16585 
  49      C118D350 
  49      86D8
  50 010d 58261BDB 		.ascii	"X&\033\333R\236\255\214\003\265[\010\212\216\020\275"
  50      529EAD8C 
  50      03B55B08 
  50      8A8E10BD 
  51 011d BC131F91 		.ascii	"\274\023\037\221\364E\037\031\312K\373b\035\251Jvf "
  51      F4451F19 
  51      CA4BFB62 
  51      1DA94A76 
  51      6620
  52 012f A21AE409 		.ascii	"\242\032\344\011yr8\224\376\230A\02008\366\363\0019"
  52      79723894 
  52      FE984110 
  52      3038F6F3 
  52      0139
  53 0141 30719789 		.ascii	"0q\227\211\256\243\274|f\315RE\234\0369]^tT\272J+\235"
  53      AEA3BC7C 
  53      66CD5245 
  53      9C1E395D 
  53      5E7454BA 
  54 0158 1CDDF85C 		.ascii	"\034\335\370\\\033,e9-#\034\232x?\264\342\024p>\311"
  54      1B2C6539 
  54      2D231C9A 
  54      783FB4E2 
ARM GAS  /tmp/ccH4cObN.s 			page 4


  54      14703EC9 
  55 016c 1751D8EB 		.ascii	"\027Q\330\353Q\0103,\371\036\357\244\000s\375\311\321"
  55      5108332C 
  55      F91EEFA4 
  55      0073FDC9 
  55      D1
  56 017d 6AF79AEC 		.ascii	"j\367\232\354I\312z\217\252q\037\005\014\353+\342\344"
  56      49CA7A8F 
  56      AA711F05 
  56      0CEB2BE2 
  56      E4
  57 018e CBA5A989 		.ascii	"\313\245\251\211H\323\270J\026\342\036\325\340\001\334"
  57      48D3B84A 
  57      16E21ED5 
  57      E001DC
  58 019d 3C85F4F5 		.ascii	"<\205\364\365\371hb\216\212\361ffa`W\300\2318\313\270"
  58      F968628E 
  58      8AF16666 
  58      616057C0 
  58      9938CBB8 
  59 01b1 A1E2F552 		.ascii	"\241\342\365RX\261\260\260\017\0175g\326u\305\011\212"
  59      58B1B0B0 
  59      0F0F3567 
  59      D675C509 
  59      8A
  60 01c2 4C34D671 		.ascii	"L4\326q\251\012V2}V\020\264\002\344\323\342\364\246"
  60      A90A5632 
  60      7D5610B4 
  60      02E4D3E2 
  60      F4A6
  61 01d4 E66FC342 		.ascii	"\346o\303BY#\371\220\276#\025\370\027\375\377\242\256"
  61      5923F990 
  61      BE2315F8 
  61      17FDFFA2 
  61      AE
  62 01e5 168FB43A 		.ascii	"\026\217\264:\374\256\256\313\2430f\225:K\253\233S\352"
  62      FCAEAECB 
  62      A3306695 
  62      3A4BAB9B 
  62      53EA
  63 01f7 ECA0D7AB 		.ascii	"\354\240\327\253\305\232\377j\366X73\376\322\354\311"
  63      C59AFF6A 
  63      F6583733 
  63      FED2ECC9 
  64 0207 8F66F341 		.ascii	"\217f\363A\263\015\244\012_t+\375\203\3642O\376P\030"
  64      B30DA40A 
  64      5F742BFD 
  64      83F4324F 
  64      FE5018
  65 021a DF188BB9 		.ascii	"\337\030\213\271\301\223\350t\217\037;\341\266':Nv\272"
  65      C193E874 
  65      8F1F3BE1 
  65      B6273A4E 
  65      76BA
  66 022c 2D89B6B6 		.ascii	"-\211\266\266D\334=t\264\371p\363)7\336\325\332\022"
  66      44DC3D74 
  66      B4F970F3 
ARM GAS  /tmp/ccH4cObN.s 			page 5


  66      2937DED5 
  66      DA12
  67 023e 6B11889B 		.ascii	"k\021\210\233\355\035\255\211o\247\372\031\260"
  67      ED1DAD89 
  67      6FA7FA19 
  67      B0
  68              		.text
  69              		.section	.gnu.lto_nvicDisableVector.16ffdd360d57afdf,"",%progbits
  70 0000 789C9552 		.ascii	"x\234\225RKkSQ\020\236\357\314}\244M\233\265`\320.\204"
  70      4B6B5351 
  70      109EEFCC 
  70      7DA44D9B 
  70      B560D02E 
  71 0015 520AB9E4 		.ascii	"R\012\271\344'\210\340\256\033\377\201d\243`\023i\245"
  71      2788E0AE 
  71      1BFF8164 
  71      A3601369 
  71      A5
  72 0026 B8EB49D2 		.ascii	"\270\353I\322&\255fQh\033%\\\344\026#\342BkI\253\246"
  72      26AD6651 
  72      681B255C 
  72      E41623E2 
  72      426B49AB 
  73 003b BEAE292E 		.ascii	"\276\256).\304\027\026\361\007\330\342\023\212\026\027"
  73      C41716F1 
  73      07D8E213 
  73      8A1617
  74 004a 2EFA70CE 		.ascii	".\372p\316\275\012\202+\207{\316\235\2313\337|sf\216"
  74      BD0A822B 
  74      877BCE9D 
  74      9933DF7C 
  74      73668E
  75 005d 4344238A 		.ascii	"CD#\212\310\223\377AY`\202\232yETL(\300(:\001\032W\030"
  75      C893FF41 
  75      5960829A 
  75      7945544C 
  75      28C0283A 
  76 0075 478DE718 		.ascii	"G\215\347\030\235\352\207\266\032\270\256E\302K\015"
  76      9DEA87B6 
  76      1AB8AE45 
  76      C24B0D
  77 0084 A7A2270F 		.ascii	"\247\242'\017\370LT\227e\004-\014H\324\233\211\333>"
  77      F84C5497 
  77      65042D0C 
  77      48D49B89 
  77      DB3E
  78 0096 5F649F01 		.ascii	"_d\237\001K\314\357/\033\033)c*\364\211\271\253\347"
  78      4BCCEF2F 
  78      1B1B2963 
  78      2AF489B9 
  78      ABE7
  79 00a8 EA29CE80 		.ascii	"\352)\316\200D\337|~u\306\355\277\246uI\207/\232\254"
  79      44DF7C7E 
  79      75C6EDBF 
  79      A6754987 
  79      2F9AAC
  80 00bb 8FF8CCB8 		.ascii	"\217\370\314\270\003\226\204XA\032\313H\223\270\010"
ARM GAS  /tmp/ccH4cObN.s 			page 6


  80      03968458 
  80      411ACB48 
  80      93B808
  81 00ca 77D16FE2 		.ascii	"w\321o\342\337/\355\315\367:VL\210{p\010\242,\256\333"
  81      DF2FEDCD 
  81      F73A564C 
  81      887B7008 
  81      A22CAEDB 
  82 00de A1DEDBAF 		.ascii	"\241\336\333\257\352p\263\211\326\361.\010\306R\262"
  82      EA70B389 
  82      D6F12E08 
  82      C652B2
  83 00ed D96C34CB 		.ascii	"\331l4\313l6\242\0344%H\271\227\016i\232\225\321\312"
  83      6C36A21C 
  83      342548B9 
  83      970E699A 
  83      95D1CA
  84 0100 217D4179 		.ascii	"!}Ay\247\262\273\024(\223\261\301h\260-\\\263\315[\355"
  84      A7B2BB14 
  84      2893B1C1 
  84      68B02D5C 
  84      B3CD5BED 
  85 0114 5E53B685 		.ascii	"^S\266\205\303hK!\022\366\255r\303\215\203\024\006\323"
  85      C3684B21 
  85      12F6AD72 
  85      C38D8314 
  85      06D3
  86 0126 126A9CDB 		.ascii	"\022j\234\333\225i;vr\214|\326\\\335\3511H\0336V#di"
  86      95693B76 
  86      728C7CD6 
  86      5CDDE931 
  86      481B3656 
  87 013d BBFA0769 		.ascii	"\273\372\007i\011X<\235\267\027>G0\001\324';\257]\003"
  87      09583C9D 
  87      B7173E47 
  87      3001D427 
  87      3BAF5D03 
  88 0151 70A2AE2C 		.ascii	"p\242\256,/l\375\354\211M\335)\353\224\270Z_g7\334\000"
  88      2F6CFDEC 
  88      894DDD29 
  88      EB94B85A 
  88      5F6737DC 
  89 0166 578AD2F9 		.ascii	"W\212\322\371\340\220\317.\036H{\356Kn\003xZ+.t{7\365"
  89      E090CF2E 
  89      1E487BEE 
  89      4B6E0378 
  89      5A2B2E74 
  90 017d 4451F7F9 		.ascii	"DQ\367\371\234\300C\004\230\217f\"\207\357\326WZ\251"
  90      9CC04304 
  90      988F6622 
  90      87EFD657 
  90      5AA9
  91 018f ECA2390C 		.ascii	"\354\2429\014\306|\356\302#xRj4\257\307\310JA\246\232"
  91      C67CEEC2 
  91      2378526A 
  91      34AFC7C8 
  91      4A41A69A 
ARM GAS  /tmp/ccH4cObN.s 			page 7


  92 01a3 1F9F2EAF 		.ascii	"\037\237.\257%\177\227\363?d\335\010#2\374K\226\367"
  92      257F97F3 
  92      3F64DD08 
  92      2332FC4B 
  92      96F7
  93 01b5 39892786 		.ascii	"9\211'\206\314\216\310:\310\376}\327$\010k\222s\013"
  93      CC8EC83A 
  93      C8FE7DD7 
  93      24086B92 
  93      730B
  94 01c7 A5E0630D 		.ascii	"\245\340c\015\3214\215LI.\231\213\274\312\301L\306\213"
  94      D1348D4C 
  94      492E998B 
  94      BCCAC14C 
  94      C68B
  95 01d9 BFC2A877 		.ascii	"\277\302\250w\352\344\031\357la\344\334\250\227+\014"
  95      EAE419EF 
  95      6C61E4DC 
  95      A8972B0C 
  96 01e9 0F17F2DE 		.ascii	"\017\027\362\336\321\023C\307\206\316{\371\261\323\271"
  96      D11343C7 
  96      86CE7BF9 
  96      B1D3B9
  97 01f8 4C8E90FF 		.ascii	"L\216\220\377\005D\312\324\370"
  97      0544CAD4 
  97      F8
  98              		.text
  99              		.section	.gnu.lto_nvicSetSystemHandlerPriority.16ffdd360d57afdf,"",%progbits
 100 0000 789C6D51 		.ascii	"x\234mQ\315KTQ\024?\277{\336{\363\012\262\255\224\013"
 100      CD4B5451 
 100      143FBF7B 
 100      DE7BF30A 
 100      B2AD940B 
 101 0014 17C120C1 		.ascii	"\027\301 \301<\334\264h\027m\332\270\361?\220IP\320"
 101      3CDCB468 
 101      176DDAB8 
 101      F13F9049 
 101      50D0
 102 0026 79328AB4 		.ascii	"y2\212\264\363\316\214:f\005\242\243\306\360\210\267"
 102      F3CE8C3A 
 102      6605A2A3 
 102      C6F088B7 
 103 0036 1195080B 		.ascii	"\021\225\010\013\263\032\035\3551\2536}8D\220\320\242"
 103      B31A1DED 
 103      31AB367D 
 103      384490D0 
 103      A2
 104 0047 0F14268A 		.ascii	"\017\024&\212>\\\264\262\316}N\320\242\313\3758_\277"
 104      3E5CB4B2 
 104      CE7D4ED0 
 104      A2CBFD38 
 104      5FBF
 105 0059 737FE71C 		.ascii	"s\177\347\034\207\210~\202\350\242\274g\345\200\011"
 105      87887E82 
 105      E8A2BC67 
 105      E58009
 106 0068 6AE60551 		.ascii	"j\346\005Q\316U\200\021\264\013\032S\030\303M.1j\305"
ARM GAS  /tmp/ccH4cObN.s 			page 8


 106      CE558011 
 106      B40B1A53 
 106      18C34D2E 
 106      316AC5
 107 007b FD8AEA58 		.ascii	"\375\212\352X\326\262\242\305\2723\251'Z\003&Z\220c"
 107      D6B2A2C5 
 107      BA33A927 
 107      5A03265A 
 107      9063
 108 008d 16D6D121 		.ascii	"\026\326\321!Q\273\343\367\003\276\301\001\003\226\250"
 108      51BBE3F7 
 108      03BEC101 
 108      0396A8
 109 009c DF9F973F 		.ascii	"\337\237\227?\266\030U\241]\324\302\334N\325\345\024"
 109      B61855A1 
 109      5DD4C2DC 
 109      4ED5E514 
 110 00ac 48E4FAFA 		.ascii	"H\344\372\372\355+\311%\255\363:\372\264\304\372\\\300"
 110      ED2BC925 
 110      ADF33AFA 
 110      B4C4FA5C 
 110      C0
 111 00bd 8C4760C9 		.ascii	"\214G`\311\207\015\264\341!\332HL\204\307HJ\364\335"
 111      870DB4E1 
 111      21DA484C 
 111      84C7484A 
 111      F4DD
 112 00cf FCC117E6 		.ascii	"\374\301\027\346\0131\362\303\263\367%\273\011=\\nB"
 112      0B31F2C3 
 112      B3F725BB 
 112      093D5C6E 
 112      42
 113 00e0 9FFC075A 		.ascii	"\237\374\007ZA2\216\177p4\177\312\261\302\277l\261\011"
 113      41328E7F 
 113      70347FCA 
 113      B1C2BF6C 
 113      B109
 114 00f2 87A4725A 		.ascii	"\207\244rZ\253\333\221>\372]\024\006\255{\237\335\004"
 114      ABDB913E 
 114      FA5D1406 
 114      AD7B9FDD 
 114      04
 115 0103 04662973 		.ascii	"\004f)s\011}\001\3330\277\023M\011J\032\242#\272\316"
 115      097D01DB 
 115      30BF134D 
 115      094A1AA2 
 115      23BACE
 116 0116 CA488588 		.ascii	"\312H\205\210\032\310\377(\276\333\250\302d+3\312\362"
 116      1AC8FF28 
 116      BEDBA8C2 
 116      642B33CA 
 116      F2
 117 0127 6103856F 		.ascii	"a\003\205o\223M\203\022\333\277\375\260aaK\2105P{=\375"
 117      934D8312 
 117      DBBFFDB0 
 117      61614B88 
 117      35507B3D 
ARM GAS  /tmp/ccH4cObN.s 			page 9


 118 013c D63641E2 		.ascii	"\3266A\342^\230\250\275L\030\267\023W\226\253TK\366"
 118      5E98A8BD 
 118      4C18B713 
 118      5796AB54 
 118      4BF6
 119 014e B1AAF70A 		.ascii	"\261\252\367\012\272EL\215\335\303Wv\210;9\351{x&\340"
 119      BA454C8D 
 119      DDC35776 
 119      883B39E9 
 119      7B7826E0 
 120 0162 04B6A5C4 		.ascii	"\004\266\245\304\252d2\200\331\351\325\325\223\336="
 120      AA643280 
 120      D9E9D5D5 
 120      93DE3D
 121 0171 3D9ED3ED 		.ascii	"=\236\323\355\001\273\330A\210\371x\"\342|\263\362k"
 121      01BBD841 
 121      88F97822 
 121      E27CB3F2 
 121      6B
 122 0182 F174E79A 		.ascii	"\361t\347\232q\206\231\200O\340)\2742\333\361\264\""
 122      71869980 
 122      4FE029BC 
 122      32DBF1B4 
 122      22
 123 0193 740A47FA 		.ascii	"t\012G\372\212|\270u+\246\034Oq\212a\352SD\347S)\357"
 123      8A7CB875 
 123      2BA61C4F 
 123      718A61EA 
 123      5344E753 
 124 01a9 78FBC35E 		.ascii	"x\373\303^_\317\2007\344gG\206\275\264?8\350g\274K\335"
 124      5FCF8037 
 124      E4674786 
 124      BDB43F38 
 124      E867BC4B 
 125 01be 5D97BBAE 		.ascii	"]\227\273\256y\231\321\376t*M\211\276\236\314\325\201"
 125      7999D1FE 
 125      742A4D89 
 125      BE9ECCD5 
 125      81
 126 01cf DEAC3594 		.ascii	"\336\2545\224\355\367\377\000%\355\2619"
 126      EDF7FF00 
 126      25EDB139 
 127              		.text
 128              		.section	.gnu.lto_nvicClearPending.16ffdd360d57afdf,"",%progbits
 129 0000 789C3551 		.ascii	"x\2345Q\317KTQ\024>\337=\357\307\024:\353\240\241\\"
 129      CF4B5451 
 129      143EDF3D 
 129      EFC7143A 
 129      EBA0A15C 
 130 0014 0422C25C 		.ascii	"\004\"\302\\\374\023\302E+7\375\0071\033\203\234\211"
 130      FC13C245 
 130      2B37FD07 
 130      311B839C 
 130      89
 131 0025 0C69E79D 		.ascii	"\014i\347\235\031\235\321\2240\324\011\206\207<q\"Z"
 131      199DD194 
 131      30D40986 
ARM GAS  /tmp/ccH4cObN.s 			page 10


 131      873C7122 
 131      5A
 132 0036 94C56836 		.ascii	"\224\305h6\366\3531\344B\242\"\211V\2552\004\013$\005"
 132      F6EB31E4 
 132      42A22289 
 132      56AD3204 
 132      0B2405
 133 0049 2142AD73 		.ascii	"!B\255s\337\243\303\375q\316\271\347;\367\273\337\365"
 133      DFA3C3FD 
 133      71CEB9E7 
 133      3BF7BBDF 
 133      F5
 134 005a 88E81044 		.ascii	"\210\350\020DZ\366\2632\301\0045\363\201\250\230R\200"
 134      5AF6B332 
 134      C10435F3 
 134      81A89852 
 134      80
 135 006b 754C0A34 		.ascii	"uL\0124\2520\212i\236c\264\253;-\325\363\300\210E\367"
 135      AA308A69 
 135      9E63B4AB 
 135      3B2DD5F3 
 135      C08845F7 
 136 007f FE781533 		.ascii	"\376x\0253~&`\242\232Lkh\242G\252>\215=\011x\212\003"
 136      7E2660A2 
 136      9A4C6B68 
 136      A247AA3E 
 136      8D3D0978 
 137 0095 061C09F7 		.ascii	"\006\034\011\367\337\327\267\3236T\350\222\360\330\314"
 137      DFD7B7D3 
 137      3654E892 
 137      F0D8CC
 138 00a4 D5D29C05 		.ascii	"\325\322\234\005\211\377\375\335\322\214\337}\337\230"
 138      89FFFDDD 
 138      D28CDF7D 
 138      DF98
 139 00b2 9289DE36 		.ascii	"\222\211\3366\330\\\010\230\361\014,\015\261\212\014"
 139      D85C0898 
 139      F10C2C0D 
 139      B18A0C
 140 00c1 56902149 		.ascii	"V\220!I\021\326\320m\353\277==\231\357\364\234\344B"
 140      11D6D06D 
 140      EBBF3D3D 
 140      99EFF49C 
 140      E442
 141 00d3 3C874742 		.ascii	"<\207GB\236\226\267\334\310\234\374\255\232\350k\003"
 141      9E96B7DC 
 141      C89CFCAD 
 141      9AE86B03 
 142 00e3 772F09E3 		.ascii	"w/\011\343\200\035%\213\313\326s\354\342\"\356A\023"
 142      801D258B 
 142      CBD673EC 
 142      E222EE41 
 142      13
 143 00f4 82947799 		.ascii	"\202\224w\231\210&YY\257\034\321\017\224\217*\307k\241"
 143      88265959 
 143      AF1CD10F 
 143      948F2AC7 
ARM GAS  /tmp/ccH4cObN.s 			page 11


 143      6BA1
 144 0106 B21DEB8C 		.ascii	"\262\035\353\214:\273r\327l\343q\253\323\322vp\036-"
 144      3ABB72D7 
 144      6CE371AB 
 144      D3D27670 
 144      1E2D
 145 0118 212265BF 		.ascii	"!\"e\277*\017\375\244H\2417#\2456yP\231t\223$'\310\315"
 145      2A0FFDA4 
 145      48A13723 
 145      A5367950 
 145      99749324 
 146 012f C6FA5187 		.ascii	"\306\372Q\207E\272p\261\036#K\007\325\377HG\300\222"
 146      45BA70B1 
 146      1E234B07 
 146      D5FF4847 
 146      C092
 147 0141 697FBEBD 		.ascii	"i\177\276\275\033\303\004P\033o\177\364-\300\213UYY"
 147      1BC30450 
 147      1B6F7FF4 
 147      2DC08B55 
 147      5959
 148 0153 DCFBDD91 		.ascii	"\334\373\335\221\204\246]6iI5\177\316n\373!\026\212"
 148      84A65D36 
 148      6949357F 
 148      CE6EFB21 
 148      168A
 149 0165 A27C782E 		.ascii	"\242|x.`\037/E\236\027\322\333\0026\246\213\213\247"
 149      601F2F45 
 149      9E17D2DB 
 149      0236A68B 
 149      8BA7
 150 0177 F5233356 		.ascii	"\365#3V4]\001\247\360\012!\346\343?\221\303/[\253\315"
 150      345D01A7 
 150      F00A21E6 
 150      E33F91C3 
 150      2F5BABCD 
 151 018b 74DFB23D 		.ascii	"t\337\262=\014G\002>\205\327\320B5\376\2577\350\023"
 151      0C47023E 
 151      85D7D042 
 151      35FEAF37 
 151      E813
 152 019d 42B48752 		.ascii	"B\264\207R\270t\007\261\240\326&\344a\"\215\"\352\315"
 152      B87407B1 
 152      A0D626E4 
 152      61228D22 
 152      EACD
 153 01af 6675320A 		.ascii	"fu2\012\303z\360\3125}\275p\343\346\260\316\025\206"
 153      C37AF0CA 
 153      357DBD70 
 153      E3E6B0CE 
 153      1586
 154 01c1 860A797D 		.ascii	"\206\012y}\361\362@\377\300-\235\037\271\232\313\346"
 154      F1F240FF 
 154      C02D9D1F 
 154      B99ACBE6 
 155 01d1 08F97F0B 		.ascii	"\010\371\177\013\343\254\267"
 155      E3ACB7
ARM GAS  /tmp/ccH4cObN.s 			page 12


 156              		.text
 157              		.section	.gnu.lto_.symbol_nodes.16ffdd360d57afdf,"",%progbits
 158 0000 789C6363 		.ascii	"x\234cc``\360\002b\006\246\026\246z\006\206\011\347"
 158      6060F002 
 158      6206A616 
 158      A67A0686 
 158      09E7
 159 0012 181880D4 		.ascii	"\030\030\200\324\256\006G\240H+S=#\252H\033S=\023\252"
 159      AE0647A0 
 159      482B533D 
 159      23AA481B 
 159      533D13AA 
 160 0026 483B533D 		.ascii	"H;S=3\212\010\003\000\255\216\021\331"
 160      338A0803 
 160      00AD8E11 
 160      D9
 161              		.text
 162              		.section	.gnu.lto_.refs.16ffdd360d57afdf,"",%progbits
 163 0000 789C6363 		.ascii	"x\234cc```\004b\006\000\000D\000\010"
 163      60606004 
 163      62060000 
 163      440008
 164              		.text
 165              		.section	.gnu.lto_.decls.16ffdd360d57afdf,"",%progbits
 166 0000 789CBD59 		.ascii	"x\234\275Y{P\224\327\025\337\373\335E\226\267E\246\261"
 166      7B5094D7 
 166      15DFFBDD 
 166      4596B745 
 166      A6B1
 167 0012 299DA68E 		.ascii	")\235\246\216\231\3206\260j\322\230\277\332\020\304"
 167      99D036B0 
 167      6AD298BF 
 167      DA10C4
 168 0021 CA744C99 		.ascii	"\312tL\231\3058M2\315\206\254\233@\312\303\002v\342"
 168      C5384D32 
 168      CD86AC9B 
 168      40CAC302 
 168      76E2
 169 0033 F48F7EB8 		.ascii	"\364\217~\270\030Q|\200\020P\204\200\200\361\001*D\004"
 169      18517C80 
 169      10508480 
 169      80F1012A 
 169      4404
 170 0045 05514045 		.ascii	"\005Q@E\004A\203\242\"O\021\020\021y\252\310C\351\271"
 170      044183A2 
 170      224F1110 
 170      1179AAC8 
 170      43E9B9
 171 0058 8F6FF7E3 		.ascii	"\217o\367\343\223\265\376\321\3117\236\375\366\336\373"
 171      93B5FED1 
 171      C9379EFD 
 171      F6DEFB
 172 0067 BBE7FCEE 		.ascii	"\273\347\374\3569\367\236{\026\347\250T\252\300_\250"
 172      39F79E7B 
 172      16E7A854 
 172      AAC05FA8 
 173 0077 540F0595 		.ascii	"T\017\005\225*\023\251T\323\360\330@_\005\0104Ue*\366"
ARM GAS  /tmp/ccH4cObN.s 			page 13


 173      2A13A954 
 173      D3F0D840 
 173      5F050834 
 173      55652AF6 
 174 008b A8412E80 		.ascii	"\250A.\200\324\202\324\201\\V=\377\354\200\011\316\360"
 174      D482D481 
 174      5C563DFF 
 174      EC8009CE 
 174      F0
 175 009c FE0CC415 		.ascii	"\376\014\304\025\304\215\317w\007y\003\344c\220\217"
 175      C48DCF77 
 175      077903E4 
 175      63908F
 176 00ab 407E03B8 		.ascii	"@~\003\270_\203\364\302\367\273 O@\306@0\310\\\350w"
 176      5F83F4C2 
 176      F7BB204F 
 176      40C64030 
 176      C85CE877 
 177 00bf 077141CC 		.ascii	"\007qA\314\376\205Y\354\244\300\200\343,v$\033\222~"
 177      FE8559EC 
 177      A4C080E3 
 177      2C76241B 
 177      927E
 178 00d1 49AF6407 		.ascii	"I\257d\007\226\250\232\207\230\015\304\327\242|\366"
 178      96A89A87 
 178      980DC4D7 
 178      A27CF6
 179 00e0 C080BD95 		.ascii	"\300\200\275\2255\020\356\0210\276\026\344\003\304t"
 179      3510EE11 
 179      30BE16E4 
 179      03C474
 180 00ef 123D1F71 		.ascii	"\022=\037q}u\274\035\215f\352\314\260\242\323\032_2"
 180      7D75BC1D 
 180      8D66EACC 
 180      B0A2D31A 
 180      5F32
 181 0101 DD9DEB9C 		.ascii	"\335\235\353\234\315\317I\030\265V\037\314\305q\030"
 181      CDCF4918 
 181      B5561FCC 
 181      C57118
 182 0110 BD618F48 		.ascii	"\275a\217H\304\\\240\353h\377\311q'\326E\020\015\025"
 182      C45CA0EB 
 182      68FFC971 
 182      27D64510 
 182      0D15
 183 0122 494E58A0 		.ascii	"INX\240_;\362b\272\355\274\362D\366h\376\256B\307\021"
 183      5F3BF262 
 183      BAEDBCF2 
 183      44F668FE 
 183      AE42C711 
 184 0136 963435EC 		.ascii	"\22645\354\030\311\261\305\357P\340\2171\371iD\253\253"
 184      18C9B1C5 
 184      EF50E08F 
 184      31F96944 
 184      ABAB
 185 0148 3D524373 		.ascii	"=RCs\270.\365\21634\335\354\321kIXho\232lqF\366\036"
 185      B82EF58E 
ARM GAS  /tmp/ccH4cObN.s 			page 14


 185      3334DDEC 
 185      D16B4958 
 185      686F9A6C 
 186 0160 B1A2B841 		.ascii	"\261\242\270A\3144\211v+T\350$rG'\220\273\012\225\""
 186      CC348976 
 186      2B54E824 
 186      72472790 
 186      BB0A9522 
 187 0174 0F62B908 		.ascii	"\017b\271\010y\251P!t\036\203\316\357\211\271\362\313"
 187      79A95021 
 187      741E83CE 
 187      EF89B9F2 
 187      CB
 188 0185 BBFEB87B 		.ascii	"\273\376\270{D\024_C%\310\036\025#L1\260\2707\354\031"
 188      44145F43 
 188      25C81E15 
 188      234C31B0 
 188      B837EC19 
 189 0199 81833909 		.ascii	"\201\2039\011Ys\360ED\030\010\245{\272\317\013\326l"
 189      5973F045 
 189      441808A5 
 189      7BBACF0B 
 189      D66C
 190 01ab 9CB66AE3 		.ascii	"\234\266j\343F\311\202\252\215\242(\2402\260q\312b\003"
 190      46C982AA 
 190      8DA228A0 
 190      32B071CA 
 190      6203
 191 01bd 4C9217F4 		.ascii	"L\222\027\364\202\241\222\212\2623\016\355\250\025\301"
 191      82A1928A 
 191      B2330EED 
 191      A815C1
 192 01cc 3E4073E9 		.ascii	">@s\351\372\021b\237\360&B\333\323\322\203X?\364\012"
 192      FA11629F 
 192      F02642DB 
 192      D3D28358 
 192      3FF40A
 193 01df ECC5A1A4 		.ascii	"\354\305\241\244!MA\346\036\201\353\020$\275\364\037"
 193      214D41E6 
 193      1E81EB10 
 193      24BDF41F 
 194 01ef 5780E45A 		.ascii	"W\200\344Z\33183'=,\352\354\213l\036\353\022,\306dS"
 194      D9383327 
 194      3D2CEAEC 
 194      8B6C1EEB 
 194      122CC664 
 195 0204 9EE3AA32 		.ascii	"\236\343\2522\017\233IY\026\211x\270\033\373\267\036"
 195      0F9B4959 
 195      168978B8 
 195      1BFBB71E 
 196 0214 71EC406D 		.ascii	"q\354@m0\012\3339^\023J\003\277\347Zg\266\200\353\331"
 196      300ADB39 
 196      5E134A03 
 196      BFE75A67 
 196      B680EBD9 
 197 0228 76B970E0 		.ascii	"v\271p\340x\005R\013\314o(LM\372j\307\366\237Q\233\373"
 197      7805520B 
ARM GAS  /tmp/ccH4cObN.s 			page 15


 197      CC6F284C 
 197      4DFA6AC7 
 197      F69F519B 
 198 023d 2A11ED3C 		.ascii	"*\021\355<?=V\356\302\266\213@v\322\320\245t\007\266"
 198      3F3D56EE 
 198      C2B68B40 
 198      76D2D0A5 
 198      7407B6
 199 0250 5DE692DD 		.ascii	"]\346\222\335s\272-Y\230\237L\342\023o\022\347\012\350"
 199      73BA2D59 
 199      989F4CE2 
 199      136F12E7 
 199      0AE8
 200 0262 B39FA3F3 		.ascii	"\263\237\243\363\020\265s\0205\025\252B\363\341\363"
 200      10B57310 
 200      3515AA42 
 200      F3E1F3
 201 0271 2C52335A 		.ascii	",R3Z\005qO7i\026d\212\231\035b\371t\363\302\273\205"
 201      05714F37 
 201      6916648A 
 201      991D62F9 
 201      74F3C2BB 
 202 0286 A208F114 		.ascii	"\242\010\361\024\325\004\207*,\001\255 \033\027\225"
 202      D504872A 
 202      2C01AD20 
 202      1B1795
 203 0295 A30E84CE 		.ascii	"\243\016\204\316\240vX\304\005\264\200\254\252\255l"
 203      A07658C4 
 203      05B480AC 
 203      AAAD6C
 204 02a4 08939D6B 		.ascii	"\010\223\235k\215\177\312\325\254\022'\253dj(\231\213"
 204      8D7FCAD5 
 204      AC1227AB 
 204      646A2899 
 204      8B
 205 02b5 1299E9A6 		.ascii	"\022\231\351\246\212^gN\246o~\252X\276A${\013P\250\332"
 205      8A5E674E 
 205      A66F7EAA 
 205      58BE4124 
 205      7B0B50A8 
 206 02ca 42A55A49 		.ascii	"B\245ZI\245\226R)xr\337\204q:\243\222\030\223\220d\307"
 206      A5965229 
 206      7872DF84 
 206      713AA392 
 206      18939064 
 207 02df 35D5BC6A 		.ascii	"5\325\274j\326D\026u\311\242\351\222RS\035\325T\266"
 207      D6441675 
 207      C9A2E992 
 207      52531DD5 
 207      54B6
 208 02f1 3FC50F97 		.ascii	"?\305\017\2270E\303\247\242\377&1\372\345\014F\365\026"
 208      3045C3A7 
 208      A2FF2631 
 208      FAE50C46 
 208      F516
 209 0303 3DF54A3D 		.ascii	"=\365J=\227\251\236\274\306\214RG\026&\321\235\350\252"
 209      97A99EBC 
ARM GAS  /tmp/ccH4cObN.s 			page 16


 209      C68C5247 
 209      1626D19D 
 209      E8AA
 210 0315 D854C8DB 		.ascii	"\330T\310\333C\266\320N:|\247\030\261v\274\033\264{"
 210      43B6D04E 
 210      3A7CA718 
 210      B176BC1B 
 210      B47B
 211 0327 1BF7A73A 		.ascii	"\033\367\247:\2618\212{\021t\244OM\305\250q-cr\373\372"
 211      B1388A7B 
 211      1174A44F 
 211      4DC5A871 
 211      2D6372FB 
 212 033c B35A9E23 		.ascii	"\263Z\236#L6dgt\267|\353d\037K<K\317+\031\220N\254\012"
 212      4C366467 
 212      74B77CEB 
 212      641F4B3C 
 212      4BCF2B19 
 213 0354 5D270710 		.ascii	"]'\007\020i\335Q#4\001\235\233\234u\034\273\306\323"
 213      69DD5123 
 213      34019D9B 
 213      9C751CBB 
 213      C6D3
 214 0366 3888E27B 		.ascii	"8\210\342{j\032\242\253\000o\240\360\033\310U\232D\320"
 214      6A1AA2AB 
 214      006FA0F0 
 214      1BC8559A 
 214      44D0
 215 0378 5DFBBA32 		.ascii	"]\373\2722\3558\3639\320\376&\2413\333\2313'\304\256"
 215      ED38F339 
 215      D0FE26A1 
 215      33DB9933 
 215      27C4AE
 216 038b 246C4D54 		.ascii	"$lMTs\246$\005n\277\221\360'\334\310x\336,H\314\267"
 216      73A62405 
 216      6EBF91F0 
 216      27DCC878 
 216      DE2C48CC 
 217 03a0 61D84182 		.ascii	"a\330A\202-I\275\236\352`\225g\253\304\263\205\361<"
 217      2D49BD9E 
 217      EA609567 
 217      ABC4B385 
 217      F13C
 218 03b2 BAB1EBA0 		.ascii	"\272\261\353\240\006f\273C~E\262\344\352\316\222ka\371"
 218      0666BB43 
 218      7E45B2E4 
 218      EACE926B 
 218      61F9
 219 03c4 E86135BE 		.ascii	"\350a5\276I-\011\005\207\273\276B\036\366R\266\363\332"
 219      492D0905 
 219      87BBBE42 
 219      1EF652B6 
 219      F3DA
 220 03d6 B889C4A6 		.ascii	"\270\211\304\246\023\026\326a\211\215;Y\022\315jb\266"
 220      1316D661 
 220      898D3B59 
 220      12CD6A62 
ARM GAS  /tmp/ccH4cObN.s 			page 17


 220      B6
 221 03e7 88E7ABD0 		.ascii	"\210\347\253\320[\356h\021\344\264\333\220\323\334y"
 221      5BEE6811 
 221      E4B4DB90 
 221      D3DC79
 222 03f6 4E6B073A 		.ascii	"Nk\007:m\314\376\301\214\003\347\234p'3\320vx\260\036"
 222      6DCCFEC1 
 222      8C03E79C 
 222      702733D0 
 222      7678B01E 
 223 040a 9B2D40AE 		.ascii	"\233-@\256;Fs]7X\270c\261\320\211\254\230\350\232\335"
 223      3B46735D 
 223      3758B863 
 223      B1D089AC 
 223      98E89ADD 
 224 041e 44637B72 		.ascii	"Dc{r\263\203%\024\210\352\273\005\343M\324#=4\024\255"
 224      B3832514 
 224      88EABB05 
 224      E34DD423 
 224      3D3414AD 
 225 0432 5228369C 		.ascii	"R(6\234\333|\037\021\367\231^N\373\256\363\343\203j"
 225      DB7C1F11 
 225      F7995E4E 
 225      FBAEF3E3 
 225      836A
 226 0444 B9F6BB2F 		.ascii	"\271\366\273/\322^\324\236\264\231o\311Lr\363\224\264"
 226      D25ED49E 
 226      B4996FC9 
 226      4C72F394 
 226      B4
 227 0455 0E973BB0 		.ascii	"\016\227;\260v\007q\377x\377\256F\015\017\2643\264\317"
 227      760771FF 
 227      78FFAE46 
 227      0D0FB433 
 227      B4CF
 228 0467 8EA60D3B 		.ascii	"\216\246\015;\342>\026\351\312\346\262X\036\351\245"
 228      E23E16E9 
 228      CAE6B258 
 228      1EE9A5
 229 0476 D0BCB4FD 		.ascii	"\320\274\264\375d\267\365\0159 \005\372\001\343\371"
 229      64B7F50D 
 229      392005FA 
 229      01E3F9
 230 0485 2C33EDBA 		.ascii	",3\355\272\240\334\220\367\001\336G\341\203\224\347"
 230      A0DC90F7 
 230      01DE47E1 
 230      8394E7
 231 0494 80C433E5 		.ascii	"\200\3043\345\301\370\253|?\312/HWzA\242#\275g\322\354"
 231      C1F8AB7C 
 231      3FCA2F48 
 231      577A41A2 
 231      23BD67D2 
 232 04a9 394B9210 		.ascii	"9K\222\020\317^\335\223k\213\0372\226\017\267l\034\343"
 232      CF5EDD93 
 232      6B8B1F32 
 232      960FB76C 
 232      1CE3
ARM GAS  /tmp/ccH4cObN.s 			page 18


 233 04bb E7861CBA 		.ascii	"\347\206\034\272\256\232\221\037\234\255\262|$\261|"
 233      AE9A911F 
 233      9CADB27C 
 233      24B17C
 234 04ca C858A6F5 		.ascii	"\310X\246\365\215N;+Y\216\000|\230\302\037S\226\217"
 234      8D4E3B2B 
 234      598E007C 
 234      98C21F53 
 234      968F
 235 04dc 2496BB1A 		.ascii	"$\226\273\032\012|Y\250^\346\006\205\011WOO\\v\221\253"
 235      0A7C59A8 
 235      5EE60685 
 235      09574F4F 
 235      5C7691AB 
 236 04f0 1F7B91FA 		.ascii	"\037{\221\372\261\242\311f\276\352LL\266FiS\002\277"
 236      B1A2C966 
 236      BEEA4C4C 
 236      B6466953 
 236      02BF
 237 0502 063AE4A7 		.ascii	"\006:\344\247\326\215\237\332\350\336\374M\030\2173"
 237      D68D9FDA 
 237      E8DEFC4D 
 237      188F33
 238 0511 378CA66C 		.ascii	"7\214\246l\334\254a\340W\240\271\367\350@\277\306\252"
 238      DCAC61E0 
 238      57A0B9F7 
 238      E840BFC6 
 238      AA
 239 0522 1B9E496E 		.ascii	"\033\236Inx\312x>\255l\317rQ\272a\022\340\023\024>M"
 239      78CA783E 
 239      AD6CCF72 
 239      51BA6112 
 239      E013143E 
 240 0537 793E9378 		.ascii	"y>\223x\026\226\015\357\223\262\007\341\331\235\333"
 240      16960DEF 
 240      93B207E1 
 240      D99DDB
 241 0546 996D8F4D 		.ascii	"\231m\217Mj\312\343Py\\5\017G&\211\325\364\236\241t"
 241      6ACAE350 
 241      795C350F 
 241      472689D5 
 241      F49EA174 
 242 055a 471CCB06 		.ascii	"G\034\313\006\245@\272\362@^\276WT \340\235l\360i{|"
 242      A540BAF2 
 242      405EBE57 
 242      5420E09D 
 242      6CF0697B 
 243 056f BC2D9F49 		.ascii	"\274-\237I\366f{Sc\201#Na\203E=\027\253\244\231dp\363"
 243      F6667B53 
 243      6381234E 
 243      6183453D 
 243      17ABA499 
 244 0586 D1CE381B 		.ascii	"\321\3168\033\234\311\006o\267\336\335\342\214\367\261"
 244      9CC9066F 
 244      B7DEDDE2 
 244      8CF7B1
 245 0595 C685AA0D 		.ascii	"\306\205\252\015_\341\243\354{\355\235\2307\331\244"
ARM GAS  /tmp/ccH4cObN.s 			page 19


 245      5FE1A3EC 
 245      7BED9D98 
 245      37D9A4
 246 05a4 1892A0CF 		.ascii	"\030\222\240\317\347\024d`\346\300L\272\375\217Ul1\271"
 246      E7146460 
 246      E6C04CBA 
 246      FD8F556C 
 246      31B9
 247 05b6 E0420A76 		.ascii	"\340B\012vi\2370\265;\242\205\354\231\267\320\203\276"
 247      699F30B5 
 247      3BA285EC 
 247      99B7D083 
 247      BE
 248 05c7 B3C49868 		.ascii	"\263\304\230hH>;\360\241\334\032pe%BO\220+\212\0230"
 248      483E3BF0 
 248      A1DC1A70 
 248      6525424F 
 248      902B8A13 
 249 05dc 4A16E699 		.ascii	"J\026\346\231C\011\256\004\007-&\265,\233\320\371\011"
 249      4309AE04 
 249      072D26B5 
 249      2C9BD0F9 
 249      09
 250 05ed 7C4443CA 		.ascii	"|DC\312\007p3b`\351\220\242\233H\206&\231\247\206\240"
 250      07703362 
 250      60E990A2 
 250      9B488626 
 250      99A786A0 
 251 0601 6330F133 		.ascii	"c0\3613\232\342h\311\373h\034)t7p4!2\212\024D\206\224"
 251      9AE268C9 
 251      FB681C29 
 251      74377034 
 251      21328A14 
 252 0618 E8CE8F2D 		.ascii	"\350\316\217-\350\315J\332\261\202\202\311\304\307\026"
 252      E8CD4ADA 
 252      B18282C9 
 252      C4C716
 253 0627 262641C1 		.ascii	"&&A\301d\203\034\035c\022\313G>I\245h\262\253\267s\264"
 253      64831C1D 
 253      6312CB47 
 253      3E49A568 
 253      B2ABB773 
 254 063c F9485CB1 		.ascii	"\371H\\\2610I\340\033K\204B\000m\023\334\321V\252\211"
 254      3049E01B 
 254      4B844200 
 254      6D13DCD1 
 254      56AA89
 255 064f C0E1C4A0 		.ascii	"\300\341\304\240]\202\007\332!,D\251 \211 ) \351 I "
 255      5D8207DA 
 255      212C44A9 
 255      20892029 
 255      20E92049 
 256 0664 69200920 		.ascii	"i \011 ;A\366\200\304\203\354\006\371VXHk0F\273OF{\223"
 256      3B41F680 
 256      C483EC06 
 256      F9565848 
 256      6B3046BB 
ARM GAS  /tmp/ccH4cObN.s 			page 20


 257 067c 92F63716 		.ascii	"\222\3667\026\332,\321W\335r\215\006.\004\245\342I\336"
 257      DA2CD157 
 257      DD728D06 
 257      2E04A5E2 
 257      49DE
 258 068e A26AA0D9 		.ascii	"\242j\240\331u\247(V/\"W&\272\306\335+]\244\350Ge\350"
 258      75A72856 
 258      2F225726 
 258      BAC6DD2B 
 258      5DA4E847 
 259 06a4 6EC92C6F 		.ascii	"n\311,oQZ\036~\016\315C\007\331\017\365s\335RND\367"
 259      515A1E7E 
 259      0ECD4307 
 259      D90FF573 
 259      DD524E44 
 260 06b9 94A1AB94 		.ascii	"\224\241\253\224\005:Z\031:QP\240Gd\201\336\250D\307"
 260      053A5A19 
 260      3A5150A0 
 260      476481DE 
 260      A844C7
 261 06cc 58D02437 		.ascii	"X\320$7_o?\207\360\035\272\355\205\015\023\005E6h\236"
 261      5F6F3F87 
 261      F01DBAED 
 261      850D1305 
 261      4536689E 
 262 06e0 C7AC4182 		.ascii	"\307\254A\2023\354\361\177\211\023\363\374\263f\015"
 262      33ECF17F 
 262      8913F3FC 
 262      B3660D
 263 06ef FC4E4219 		.ascii	"\374NB\031\240\360;\301|\301\2228P^\233\357N\324b\307"
 263      A0F03BC1 
 263      7CC19238 
 263      505E9BEF 
 263      4ED462C7 
 264 0703 2DE69F28 		.ascii	"-\346\237(\024h\311Z{\005GZv\303\233T_u\027Zx\242\211"
 264      1468C95A 
 264      7B05475A 
 264      76C39B54 
 264      5F75175A 
 265 071a 256779FA 		.ascii	"%gy\372^S6\317JC\264\262\233J/\346m7Yvq\343\331\245"
 265      5E5336CF 
 265      4A43B4B2 
 265      9B4A2FE6 
 265      6D375976 
 266 0732 7F579CC9 		.ascii	"\177W\234\311\305j\202\374^\340\011\362\004K\220\327"
 266      C56A82FC 
 266      5EE009F2 
 266      044B90D7 
 267 0742 5ABB931D 		.ascii	"Z\273\223\035\225\011r\0378)\207:v\277\340*M\"\350\343"
 267      9509721F 
 267      3829873A 
 267      76BFE02A 
 267      4D22E8E3 
 268 0756 0D371EDB 		.ascii	"\0157\036\333\341\007,\0075%o\351\267\221n\215\330\227"
 268      E1072C07 
 268      35256FE9 
 268      B7916E8D 
ARM GAS  /tmp/ccH4cObN.s 			page 21


 268      D897
 269 0768 B935727A 		.ascii	"\2715rz\012\006\355\344\306\016\012/0v\265go\014\277"
 269      0A06EDE4 
 269      C60E0A2F 
 269      3076B567 
 269      6F0CBF
 270 077b E2AFA864 		.ascii	"\342\257\250d\277\026\\\331\257\005)q\272\361\304YZ"
 270      BF165CD9 
 270      AF052971 
 270      BAF1C459 
 270      5A
 271 078c D57011E1 		.ascii	"\325p\021\341\021\306\255r$\177?\237K\022yG\374\331"
 271      11C6AD72 
 271      247F3F9F 
 271      4B127947 
 271      FCD9
 272 079e 69EB3EC9 		.ascii	"i\353>\311\227|rT\2404\037\305\347/W\272\3440\260\314"
 272      977C7254 
 272      A0341FC5 
 272      E72F57BA 
 272      E430B0CC 
 273 07b2 A32C0B28 		.ascii	"\243,\013(\313|\211\345\356\364\276#\202rMV\321q\347"
 273      CB7C89E5 
 273      EEF4BE23 
 273      82724D56 
 273      D171E7
 274 07c5 8F57F1D8 		.ascii	"\217W\361\330V\223v\317\263c5"
 274      569376CF 
 274      B36335
 275 07d0 B6788C91 		.ascii	"\266x\214\221N\334\371\244F\203'Y\243x \267\330\211"
 275      4EDCF9A4 
 275      46832759 
 275      A37820B7 
 275      D889
 276 07e2 21CB493B 		.ascii	"!\313I;\265\364a\015\257Y4\262a7><\232;\264o\016\236"
 276      B5F4610D 
 276      AF5934B2 
 276      61373E3C 
 276      9A3BB46F 
 277 07f8 66731386 		.ascii	"fs\023\206F\022\347X]n\211\264\334Et\265\305\307\263"
 277      4612E758 
 277      5D6E89B4 
 277      DC4574B5 
 277      C5C7B3
 278 080b 0735CAE5 		.ascii	"\0075\312\345\236\200\005\024\323\005\224\322\005\224"
 278      9E800514 
 278      D30594D2 
 278      0594
 279 0819 480B288D 		.ascii	"H\013(\215\316i\304\312\345ZE\037\350I\333\316\303\360"
 279      CE69C4CA 
 279      E55A451F 
 279      E849DBCE 
 279      C3F0
 280 082b 2E2933C6 		.ascii	".)3\306\367\3669a\223\015%\371``\352\2503\216e\215\322"
 280      F7F63961 
 280      930D25F9 
 280      6060EAA8 
ARM GAS  /tmp/ccH4cObN.s 			page 22


 280      338E658D 
 281 0840 E253557C 		.ascii	"\342SU|u\213H\321\237WQ\357\200\267\261\261\251\370"
 281      758B48D1 
 281      9F5751EF 
 281      80B7B1B1 
 281      A9F8
 282 0852 8C637638 		.ascii	"\214cv8\2215\366\214\266\336\343\233\337\203\3049\373"
 282      9135F68C 
 282      B6DEE39B 
 282      DF83C439 
 282      FB
 283 0863 BB9D7678 		.ascii	"\273\235vx\027\033\233\216\217\335m\213\323Y#\251>)"
 283      171B9B8E 
 283      8FDD6D8B 
 283      D35923A9 
 283      3E29
 284 0875 DB0167B1 		.ascii	"\333\001g\261\306@Lw\007\337:\363\2419\331\233\324\304"
 284      C6404C77 
 284      07DF3AF3 
 284      A139D99B 
 284      D4C4
 285 0887 7FBF38CA 		.ascii	"\177\2778\312\312\0217^\216\034y\274=\305\001\037`S"
 285      CA11375E 
 285      8E1C79BC 
 285      3DC5011F 
 285      6053
 286 0899 6F34C59C 		.ascii	"o4\305\234\344X\007h\232\362N\027\331Xu\355%\311\265"
 286      E4580768 
 286      9AF24E17 
 286      D95875ED 
 286      25C9B5
 287 08ac B56C276D 		.ascii	"\265l'm;\222sf\216\262b\276\010\336\252\246\336\252"
 287      3B927366 
 287      8EB262BE 
 287      08DEAAA6 
 287      DEAA
 288 08be A3DEBA24 		.ascii	"\243\336\272$y\253\276'\356\262\203\262\002\266\212"
 288      79ABBE27 
 288      EEB283B2 
 288      02B68A
 289 08cd 2E6B6879 		.ascii	".khy\017\3471\222\217\352[n#\234\317\0321\265\027\367"
 289      0FE73192 
 289      8FEA5B6E 
 289      239CCF1A 
 289      31B517F7 
 290 08e1 DBE242D6 		.ascii	"\333\342B\326\350?XW=\007\227\260FW\317\304\011\214"
 290      E83F5857 
 290      3D0797B0 
 290      4657CFC4 
 290      098C
 291 08f3 CFB0C6F7 		.ascii	"\317\260\306\367\375Y\333\354\3609>\247k\240\236;h+"
 291      FD59DBEC 
 291      F0393EA7 
 291      6BA09E3B 
 291      682B
 292 0905 394C9343 		.ascii	"9L\223CE\327$\227\220\355\326\367\250{Z\203k(\370\225"
 292      45D72497 
ARM GAS  /tmp/ccH4cObN.s 			page 23


 292      90EDD6F7 
 292      A87B5A83 
 292      6B28F895 
 293 0919 82864B99 		.ascii	"\202\206K\231v\210\326\022\226\307\203\277\263\304$"
 293      7688D612 
 293      96C783BF 
 293      B3C424
 294 0928 48D76DBD 		.ascii	"H\327m\275\374\262\371ApEG #6C\302\223N\005\312U\246"
 294      FCB2F941 
 294      70454720 
 294      233643C2 
 294      934E05CA 
 295 093e F84A3DAB 		.ascii	"\370J=\253*\352\001]\303\321\322\302\321\0059:\011n"
 295      2AEA015D 
 295      C3D1D2C2 
 295      D105393A 
 295      096E
 296 0950 E7862076 		.ascii	"\347\206 v;\223\255W\310\321\346\324s\214\242O\242\347"
 296      3B93AD57 
 296      C8D1E6D4 
 296      738CA24F 
 296      A2E7
 297 0962 AEE7EBA0 		.ascii	"\256\347\353\240\257\221\0166\363\264\177\027\322~\037"
 297      AF910E36 
 297      F3B47F17 
 297      D27E1F
 298 0971 A4F23690 		.ascii	"\244\3626\220^\220\007 \035 \267A\232@\356\201\334\007"
 298      5E900720 
 298      1D20B741 
 298      9A40EE81 
 298      DC07
 299 0983 E902E901 		.ascii	"\351\002\351\001\351\006i\001\351\007\031\000i\007\271"
 299      E9066901 
 299      E9071900 
 299      6907B9
 300 0992 057213A4 		.ascii	"\005r\023\244\025\344\016H\247\371\372\246u\204\336"
 300      15E40E48 
 300      A7F9FAA6 
 300      7584DE
 301 09a1 52479C51 		.ascii	"RG\234Q2-\233\261.R\321\004\261\213\356\020x\341\000"
 301      322D9BB1 
 301      2E52D104 
 301      B18BEE10 
 301      78E100
 302 09b4 474BD991 		.ascii	"GK\331\221\027\254\262\032\345\326\247\026\335W\225"
 302      17ACB21A 
 302      E5D6A716 
 302      DD5795
 303 09c3 BAB51627 		.ascii	"\272\265\026'0\237\325\310|v|v\237\311\353\037\231\356"
 303      309FD5C8 
 303      7C767C76 
 303      9FC9EB1F 
 303      99EE
 304 09d5 2B4A749E 		.ascii	"+Jt\236\022=!C_\236\035-Q\241\312\203,\360\033Jx\226"
 304      123D2143 
 304      5F9E1D2D 
 304      51A1CA83 
ARM GAS  /tmp/ccH4cObN.s 			page 24


 304      2CF01B4A 
 305 09eb B270EBE3 		.ascii	"\262p\353\343N\201\313\201\326!3\234\222\375\234\362"
 305      4E81CB81 
 305      D621339C 
 305      92FD9CF2 
 306 09fb 5B328F9F 		.ascii	"[2\217\237S*?\373\034\274O\006\257P\302\313\237\203"
 306      532A3FFB 
 306      1CBC4F06 
 306      AF50C2CB 
 306      9F83
 307 0a0d 77CAE095 		.ascii	"w\312\340\225\263\303\345\345X\033+\307\232\225\345"
 307      B3C3E5E5 
 307      581B2BC7 
 307      9A95E5
 308 0a1c 1851D5D3 		.ascii	"\030Q\325\323\346\232e\"'\204\350jP\352*V\372\270Ff"
 308      E69A6522 
 308      2784E86A 
 308      50EA2A56 
 308      FAB84666 
 309 0a30 B94A8966 		.ascii	"\271J\211f\345\230<\334\015\237Z\302}m\326\315!\323"
 309      E5983CDC 
 309      0D9F5AC2 
 309      7D6DD6CD 
 309      21D3
 310 0a42 DD20D37D 		.ascii	"\335 \323}~v\237\311\243-C\237\236}O\317\360\260ls\374"
 310      7E769FC9 
 310      A32D439F 
 310      9E7D4FCF 
 310      F0B06C73 
 311 0a57 38FB32CD 		.ascii	"8\3732\315\304I&\340\341>\005\341>\311\341\322\365\202"
 311      C44926E0 
 311      E13E05E1 
 311      3EC9E1D2 
 311      F582
 312 0a69 8A66147B 		.ascii	"\212f\024{\365\355\337\326\253\361\025\232\223\204\326"
 312      F5EDDFD6 
 312      ABF1159A 
 312      9384D6
 313 0a78 7B85710E 		.ascii	"{\205q\016\312bO:\362h\030N\372Oq\352y1\330;\207\024"
 313      CA624F3A 
 313      F268184E 
 313      FA4F71EA 
 313      7931D83B 
 314 0a8e 83436070 		.ascii	"\203C`p\320R\0146K\305`vO\347Y\265\274\030\034\232Q"
 314      D0520C36 
 314      4BC56076 
 314      4FE759B5 
 314      BC181C9A 
 315 0aa3 0C8EF062 		.ascii	"\014\216\360bp\204\026\203\243uE\203j\334\304\262tV"
 315      70841683 
 315      A3754583 
 315      6ADCC4B2 
 315      7456
 316 0ab5 6FDD457E 		.ascii	"o\335E~K\376\212\374=&\261\177;bI\272\227$\355\275u"
 316      4BFE8AFC 
 316      3D26B17F 
 316      3B6249BA 
ARM GAS  /tmp/ccH4cObN.s 			page 25


 316      9724EDBD 
 317 0aca A3C9F6F8 		.ascii	"\243\311\366\370.\303\236({\260\204A\311\017\304\326"
 317      2EC39E28 
 317      7BB08441 
 317      C90FC4D6 
 318 0ada B8966664 		.ascii	"\270\226fd\365\332z\"][c\354\332j|R6\341\210\207\250"
 318      F5DA7A22 
 318      5D5B63EC 
 318      DA6A7C52 
 318      36E18887 
 319 0aef 22759EE9 		.ascii	"\"u\236\351\320\220\032y\270#\200#\366\027%\362\177"
 319      D0901A79 
 319      B8238023 
 319      F61725F2 
 319      7F
 320 0b00 022AF414 		.ascii	"\002*\364\024\366\326\270\200\245\377cH\025A\375\320"
 320      F6D6B880 
 320      A5FF6348 
 320      1541FDD0 
 321 0b10 7F48377C 		.ascii	"\177H7|\327\320\367,\177[\232\000\367?\245\366\246 "
 321      D7D0F72C 
 321      7F5B9A00 
 321      F73FA5F6 
 321      A620
 322 0b22 3A93CC60 		.ascii	":\223\314`F\306\351\353H~\363\021\335\217`\374!\215"
 322      46C6E9EB 
 322      487EF311 
 322      DD8F60FC 
 322      218D
 323 0b34 F8337AF3 		.ascii	"\3703z\363=\221n\276\202\264\352q;{\256;\366\177\351"
 323      3D916EBE 
 323      82B4EA71 
 323      3B7BAE3B 
 323      F67FE9
 324 0b47 CE1DC999 		.ascii	"\316\035\311\231\232q\253N\277Hw{\332\261.\207\327\263"
 324      9A71AB4E 
 324      BF48777B 
 324      DAB12E87 
 324      D7B3
 325 0b59 C52BE562 		.ascii	"\305+\345b\371d\363\233\251\033\312E\323{H\304\256\350"
 325      F964F39B 
 325      A91BCA45 
 325      D37B48C4 
 325      AEE8
 326 0b6b 3184B20E 		.ascii	"1\204\262\016-\220M\035\205\236O\005\025\212\306\257"
 326      2D904D1D 
 326      859E4F05 
 326      158AC6AF 
 327 0b7b AB7EE7E5 		.ascii	"\253~\347\345\245e\377\302#\265A\201!\332\265\341\021"
 327      A565FFC2 
 327      23B54181 
 327      21DAB5E1 
 327      11
 328 0b8c 51915A43 		.ascii	"Q\221ZCxhhx\230\326[\267\322g\345\327\332\260\177\005"
 328      78686878 
 328      98D65BB7 
 328      D267E5D7 
ARM GAS  /tmp/ccH4cObN.s 			page 26


 328      DAB07F05 
 329 0ba0 1BBC0C9A 		.ascii	"\033\274\014\232?\177\360\341k>\213\027\253\354\365"
 329      3F7FF0E1 
 329      6B3E8B17 
 329      ABECF5
 330 0baf FA75C161 		.ascii	"\372u\301aQo-\321G}\203\264A\341\241Fm\240!\322\350"
 330      516F2DD1 
 330      477D83B4 
 330      41E1A146 
 330      6DA021D2 
 331 0bc4 1912F8B9 		.ascii	"\031\022\370\271vY\270a]\2501\014T\2542\006\206\376"
 331      7659B861 
 331      5DA8310C 
 331      54AC3206 
 331      86FE
 332 0bd6 45EB6B08 		.ascii	"E\353k\010\011^\033i\324\033=\327\2563\374c\211vUxx"
 332      095E1B69 
 332      D41B3DD7 
 332      AE33FC63 
 332      89765578 
 333 0beb 48A4F64B 		.ascii	"H\244\366K\203\30130\"\3243,<\314\350i\014\374<\330"
 333      83C13330 
 333      22D4332C 
 333      3CCCE869 
 333      0CFC3CD8 
 334 0bff 73A9E792 		.ascii	"s\251\347\222E\213\227z\376\363m\317\320\300\257\302"
 334      458B977A 
 334      FEF36DCF 
 334      D0C0AFC2 
 335 0c0f 23B43346 		.ascii	"#\2643F\265\301a\206\220uk\214\332\320@CPp\230Q\253"
 335      B5C16186 
 335      90756B8C 
 335      DAD04043 
 335      50709851 
 336 0c24 5F63FC22 		.ascii	"_c\374\"p]H\224>j\375Zc\244W\220J#\021\372\367O\312"
 336      705D4894 
 336      3E6AFD5A 
 336      63A45790 
 336      4A2311FA 
 337 0c3b 27727DA4 		.ascii	"'r}\244V\037\031\265\006\214\003\211\271\304O\276a\201"
 337      561F19B5 
 337      068C0389 
 337      B9C44FBE 
 337      6181
 338 0c4d 9F871857 		.ascii	"\237\207\030W\033\015Q\341\021\277\177y\347\252~F\336"
 338      1B0D51E1 
 338      11BF7F79 
 338      E7AA7E46 
 338      DE
 339 0c5e CB82232D 		.ascii	"\313\202#-\263\335IO\2001*`}d\2241tE`\330\232\020c\204"
 339      B3DD494F 
 339      80312A60 
 339      7D649431 
 339      744560D8 
 340 0c76 7F447078 		.ascii	"\177DpxDp\324zj\313'\304\030\030\341o\014\003\373_\332"
 340      4470D47A 
 340      6ACB27C4 
ARM GAS  /tmp/ccH4cObN.s 			page 27


 340      1818E16F 
 340      0C03FB5F 
 341 0c8b E97C037C 		.ascii	"\351|\003|u\253}\227\375A\360\363\267c\021zW\037e\313"
 341      75AB7D97 
 341      FD41F0F3 
 341      B763117A 
 341      571F65CB 
 342 0c9f DFE6E1B7 		.ascii	"\337\346\341\267\325~\336\357\353\314\315\267\324~>"
 342      D57EDEEF 
 342      EBCCCDB7 
 342      D47E3E
 343 0cae FE96E612 		.ascii	"\376\226\346\022\265_\200\277N\243c\255\3050\350k\031"
 343      B55F80BF 
 343      4EA363AD 
 343      C530E86B 
 343      19
 344 0cbf 5C0483BE 		.ascii	"\\\004\203\276:u\300*?\335o\345+3~\035\245\365Y\031"
 344      3A75C02A 
 344      3FDD6FE5 
 344      2B337E1D 
 344      A5F55919 
 345 0cd3 E01760F6 		.ascii	"\340\027`\366\213!<\302\2507\204\276\015N\261\373`\265"
 345      8B213CC2 
 345      A83784BE 
 345      0D4EB1FB 
 345      60B5
 346 0ce5 9F8F7E15 		.ascii	"\237\217~\025\304\011f{\353\324+W.\327a\357e:\274\014"
 346      C409667B 
 346      EBD42B57 
 346      2ED761EF 
 346      653ABC0C 
 347 0cf9 DEFECB75 		.ascii	"\336\376\313uj\357\345\001:\365\373\313\275u60\004\200"
 347      6AEFE501 
 347      3AF5FBCB 
 347      BD753630 
 347      0480
 348 0d0b 65A4BD82 		.ascii	"e\244\275\202|\370\300\207M\300\012\237\000\035\016"
 348      7CF8C087 
 348      4DC00A9F 
 348      001D0E
 349 0d1a 58E18F7D 		.ascii	"X\341\217}|\340\355\243\263\361\366\323\371\350\324"
 349      7CE0EDA3 
 349      B3F1F6D3 
 349      F9E8D4
 350 0d29 AB57FD55 		.ascii	"\253W\375U\007\364\000\341\343\377\241\3372\370\364"
 350      07F400E1 
 350      E3FFA1DF 
 350      32F8F4
 351 0d38 F6D16902 		.ascii	"\366\321i\002|\336\247\266\234\364\372/\326\205\031"
 351      7CDEA7B6 
 351      9CF4FA2F 
 351      D68519
 352 0d47 F47AAFA5 		.ascii	"\364z\257\245K\336}G#\265\324\206\240\300\210\377\002"
 352      4BDE7D47 
 352      23B5D486 
 352      A0C088FF 
 352      02
ARM GAS  /tmp/ccH4cObN.s 			page 28


 353 0d58 FD6C253D 		.ascii	"\375l%="
 354              		.text
 355              		.section	.gnu.lto_.symtab.16ffdd360d57afdf,"",%progbits
 356 0000 6E766963 		.ascii	"nvicEnableVector\000"
 356      456E6162 
 356      6C655665 
 356      63746F72 
 356      00
 357 0011 00       		.ascii	"\000"
 358 0012 00       		.ascii	"\000"
 359 0013 00       		.ascii	"\000"
 360 0014 00000000 		.ascii	"\000\000\000\000\000\000\000\000"
 360      00000000 
 361 001c C7000000 		.ascii	"\307\000\000\000"
 362 0020 6E766963 		.ascii	"nvicDisableVector\000"
 362      44697361 
 362      626C6556 
 362      6563746F 
 362      7200
 363 0032 00       		.ascii	"\000"
 364 0033 00       		.ascii	"\000"
 365 0034 00       		.ascii	"\000"
 366 0035 00000000 		.ascii	"\000\000\000\000\000\000\000\000"
 366      00000000 
 367 003d CB000000 		.ascii	"\313\000\000\000"
 368 0041 6E766963 		.ascii	"nvicSetSystemHandlerPriority\000"
 368      53657453 
 368      79737465 
 368      6D48616E 
 368      646C6572 
 369 005e 00       		.ascii	"\000"
 370 005f 00       		.ascii	"\000"
 371 0060 00       		.ascii	"\000"
 372 0061 00000000 		.ascii	"\000\000\000\000\000\000\000\000"
 372      00000000 
 373 0069 CD000000 		.ascii	"\315\000\000\000"
 374 006d 6E766963 		.ascii	"nvicClearPending\000"
 374      436C6561 
 374      7250656E 
 374      64696E67 
 374      00
 375 007e 00       		.ascii	"\000"
 376 007f 00       		.ascii	"\000"
 377 0080 00       		.ascii	"\000"
 378 0081 00000000 		.ascii	"\000\000\000\000\000\000\000\000"
 378      00000000 
 379 0089 CF000000 		.ascii	"\317\000\000\000"
 380              		.text
 381              		.section	.gnu.lto_.opts,"",%progbits
 382 0000 272D666D 		.ascii	"'-fmath-errno' '-fsigned-zeros' '-ftrapping-math' '"
 382      6174682D 
 382      6572726E 
 382      6F272027 
 382      2D667369 
 383 0033 2D666E6F 		.ascii	"-fno-trapv' '-fno-openmp' '-fno-openacc' '-mcpu=cor"
 383      2D747261 
 383      70762720 
ARM GAS  /tmp/ccH4cObN.s 			page 29


 383      272D666E 
 383      6F2D6F70 
 384 0066 7465782D 		.ascii	"tex-m4' '-mno-thumb-interwork' '-mthumb' '-O2' '-fo"
 384      6D342720 
 384      272D6D6E 
 384      6F2D7468 
 384      756D622D 
 385 0099 6D69742D 		.ascii	"mit-frame-pointer' '-falign-functions=16' '-ffuncti"
 385      6672616D 
 385      652D706F 
 385      696E7465 
 385      72272027 
 386 00cc 6F6E2D73 		.ascii	"on-sections' '-fdata-sections' '-fno-common' '-flto"
 386      65637469 
 386      6F6E7327 
 386      20272D66 
 386      64617461 
 387 00ff 2700     		.ascii	"'\000"
 388              		.text
 389              		.comm	__gnu_lto_v1,1,1
 390              		.comm	__gnu_lto_slim,1,1
 391              		.ident	"GCC: (GNU Tools for Arm Embedded Processors 7-2017-q4-major) 7.2.1 20170904 (release) [ARM
ARM GAS  /tmp/ccH4cObN.s 			page 30


DEFINED SYMBOLS
                            *ABS*:0000000000000000 nvic.c
                            *COM*:0000000000000001 __gnu_lto_v1
                            *COM*:0000000000000001 __gnu_lto_slim

NO UNDEFINED SYMBOLS
