ARM GAS  /tmp/cc9HqDra.s 			page 1


   1              		.cpu cortex-m4
   2              		.eabi_attribute 20, 1
   3              		.eabi_attribute 21, 1
   4              		.eabi_attribute 23, 3
   5              		.eabi_attribute 24, 1
   6              		.eabi_attribute 25, 1
   7              		.eabi_attribute 26, 1
   8              		.eabi_attribute 30, 2
   9              		.eabi_attribute 34, 1
  10              		.eabi_attribute 18, 4
  11              		.file	"nilcore_v7m.c"
  12              		.section	.gnu.lto_.profile.b22e34dd7fbd812c,"",%progbits
  13 0000 789C6363 		.ascii	"x\234cc```\001bF\006\015\031\000\000\344\000P"
  13      60606001 
  13      6246060D 
  13      190000E4 
  13      0050
  14              		.text
  15              		.section	.gnu.lto_.icf.b22e34dd7fbd812c,"",%progbits
  16 0000 789C6363 		.ascii	"x\234cc``\020a@\000f\2069=?\346\361\262\264M\276\274"
  16      60601061 
  16      40006686 
  16      393D3FE6 
  16      F1B2B44D 
  17 0016 9F93F5C9 		.ascii	"\237\223\365\311\243\325\247\030\031\000\\o\010\342"
  17      A3D5A718 
  17      19005C6F 
  17      08E2
  18              		.text
  19              		.section	.gnu.lto_.jmpfuncs.b22e34dd7fbd812c,"",%progbits
  20 0000 789C6363 		.ascii	"x\234cc``\340a@\000f fa``\005\261\001\002A\000\037"
  20      6060E061 
  20      40006620 
  20      66616060 
  20      05B10102 
  21              		.text
  22              		.section	.gnu.lto_.inline.b22e34dd7fbd812c,"",%progbits
  23 0000 789C6363 		.ascii	"x\234cc``pd@\000f\006\006~^F\006&\211\017\253\031\031"
  23      60607064 
  23      40006606 
  23      067E5E46 
  23      0626890F 
  24 0017 D816C833 		.ascii	"\330\026\3103\201\004Y\03089\200b<\017b\341B\254\014"
  24      81045918 
  24      38398062 
  24      3C0F62E1 
  24      42AC0C
  25 002a 5C20653C 		.ascii	"\\ e<?B\341B\214\\ \022\000\022\202\007W"
  25      3F42E142 
  25      8C5C2012 
  25      00128207 
  25      57
  26              		.text
  27              		.section	.gnu.lto_.pureconst.b22e34dd7fbd812c,"",%progbits
  28 0000 789C6363 		.ascii	"x\234cc``\340\002bf\206]\214,\273\030Yw1\002\000\014"
  28      6060E002 
  28      6266865D 
ARM GAS  /tmp/cc9HqDra.s 			page 2


  28      8C2CBB18 
  28      59773102 
  29 0016 41024E   		.ascii	"A\002N"
  30              		.text
  31              		.section	.gnu.lto__port_irq_epilogue.part.0.b22e34dd7fbd812c,"",%progbits
  32 0000 789C9554 		.ascii	"x\234\225T\335o\024U\024\277g\356\314\354v\335-IC\202"
  32      DD6F1455 
  32      14BF67EE 
  32      CCEC76DD 
  32      2D494382 
  33 0014 0F3C6C1F 		.ascii	"\017<l\037\372@lv\214&\365\211\007CB\302\303F\323\375"
  33      FA406C76 
  33      8C26F589 
  33      074342C2 
  33      C346D3FD 
  34 0028 038C598A 		.ascii	"\003\214Y\212\022Kw\263\273%\365\251\227m\267](6\004"
  34      124B77B3 
  34      BB25F5A9 
  34      976DB75D 
  34      283604
  35 003b E9A29BC1 		.ascii	"\351\242\233\301]i\004\215V\255 \266E\240\337-H[\240"
  35      5D69048D 
  35      56AD20B6 
  35      45A0DF2D 
  35      485BA0
  36 004e F443DB08 		.ascii	"\364C\333\010lK#\254\030i*\221\032Z\317\2713\225\252"
  36      6C4B23AC 
  36      18692A91 
  36      1A5ACFB9 
  36      3395AA
  37 0061 91E064E6 		.ascii	"\221\340d\346~\234{\316\371\235s~\347\216\316\030\033"
  37      7E9C7BCE 
  37      F99D737E 
  37      E78ECE18 
  37      1B
  38 0072 D7183371 		.ascii	"\327\0303q\336\216\0378\030\350\207Fq\241\203\"gE\341"
  38      DE8E1F38 
  38      18E88746 
  38      71A18322 
  38      6745E1
  39 0085 D3654CB8 		.ascii	"\323eL\270\324\216ML\2709h$\335\347T\327\026\032\000"
  39      D48E4D4C 
  39      B8396824 
  39      DDE754D7 
  39      161A00
  40 0098 2D841358 		.ascii	"-\204\023X\255\256pU\203Z8\310\217p\350m\\\350T\266"
  40      ADAE7055 
  40      835A38C8 
  40      8F70E86D 
  40      5CE854B6 
  41 00ac 9C14F874 		.ascii	"\234\024\370t\037]r4\210\304\263&g,\205\037=p\012\266"
  41      1F5D7234 
  41      88C4B326 
  41      672C851F 
  41      3D700AB6 
  42 00c0 3054CBB5 		.ascii	"0T\313\265\257\264xt\225\344p\032t9\000\312\257\326"
  42      AFB47874 
ARM GAS  /tmp/cc9HqDra.s 			page 3


  42      95E4701A 
  42      743900CA 
  42      AFD6
  43 00d2 7F69F226 		.ascii	"\177i\362&nr\000\025\267\367G\322s\205\264U\300\213"
  43      6E720015 
  43      B7F747D2 
  43      7385B455 
  43      C08B
  44 00e4 DB0317E7 		.ascii	"\333\003\027\347\217o\340> \017w/\334y\350.i\025\"."
  44      8F6FE03E 
  44      200F772F 
  44      DC79E82E 
  44      6915222E 
  45 00f8 BA1F648A 		.ascii	"\272\037d\212Z\353\304\260PM\316\341\033\340\344\365"
  45      5AEBC4B0 
  45      504DCEE1 
  45      1BE0E4F5 
  46 0108 0C6C86AF 		.ascii	"\014l\206\257a\263D}\014\010\035Pb\201u\"\352_\362z"
  46      61B3447D 
  46      0C081D50 
  46      62817522 
  46      EA5FF27A 
  47 011c 19EF838F 		.ascii	"\031\357\203\2177\252\214\016R\\B,4\015\234w\360\027"
  47      37AA8C0E 
  47      525C422C 
  47      340D9C77 
  47      F017
  48 012e E5FAB7A5 		.ascii	"\345\372\267\245\366\023\272\01575T69\320 \016\3658"
  48      F613BA0D 
  48      37355436 
  48      39D0200E 
  48      F538
  49 0140 4DAEC2D9 		.ascii	"M\256\302\331'\342}Kx]\210w\216\262\304\001\030\343"
  49      27E27D4B 
  49      785D8877 
  49      8EB2C401 
  49      18E3
  50 0152 24459DF6 		.ascii	"$E\235\366{\017{\244\317\303\262V'\352\0222\005\253"
  50      7B0F7BA4 
  50      CFC3B256 
  50      27EA1232 
  50      05AB
  51 0164 2AEBFDC1 		.ascii	"*\353\375\301y(\241\310\277\270\246\011\261\262\332"
  51      7928A1C8 
  51      BFB8A609 
  51      B1B2DA
  52 0173 28C4F20B 		.ascii	"(\304\362\013En`\344Gat\302\345\2502\223k\032\016\272"
  52      456E60E4 
  52      476174C2 
  52      E5A83293 
  52      6B1A0EBA 
  53 0187 4E036349 		.ascii	"N\003cI,;\361\224\304\015\316|?W\344\234\207}\271|\337"
  53      2C3BF194 
  53      C40DCE7C 
  53      3F57E49C 
  53      877DB97C 
  54 019c 8CC78A8A 		.ascii	"\214\307\212\212\26170\232Ts*\243\026Wg\304{^\223;("
ARM GAS  /tmp/cc9HqDra.s 			page 4


  54      B137309A 
  54      54732AA3 
  54      165767C4 
  54      7B5E933B 
  55 01b1 8747B9C4 		.ascii	"\207G\271\304\\\201\252 \376\005(\226Y\015\346Nu\351"
  55      5C81AA20 
  55      FE052896 
  55      590DE64E 
  55      75E9
  56 01c3 28816E50 		.ascii	"(\201nP\323X$\006=\240\262\005\210{ej\030\016Iq\177"
  56      D3582406 
  56      3DA0B205 
  56      887B656A 
  56      180E4971 
  57 01d8 B3A979A0 		.ascii	"\263\251y\240\210J)\013\300\356B|\261\361\023N\2024"
  57      884A290B 
  57      C0EE427C 
  57      B1F1134E 
  57      8234
  58 01ea 576C1DAF 		.ascii	"Wl\035\257<\357 \033\0055\352\314\206\266\361\235\226"
  58      3CEF201B 
  58      0535EACC 
  58      86B6F19D 
  58      96
  59 01fb 0A4711C2 		.ascii	"\012G\021\302\215\337\352OiV7\334\\]]\335\000\275X\220"
  59      8DDFEA4F 
  59      695637DC 
  59      5C5D5DDD 
  59      00BD5890 
  60 020f BF5B72F2 		.ascii	"\277[r\362\275\364\323\261\204\213dh3\177r\261\245\200"
  60      BDF4D3B1 
  60      848B6468 
  60      337F72B1 
  60      A580
  61 0221 6CB86583 		.ascii	"l\270e\203\"\363\327\344\217\356,|\000&w\242c\350\243"
  61      22F3D7E4 
  61      8FEE2C7C 
  61      002677A2 
  61      63E8A3
  62 0234 B2A27C68 		.ascii	"\262\242|hep\204\033m\304}v\227\311\013\240\037\262"
  62      6570841B 
  62      6DC47D76 
  62      97C90BA0 
  62      1FB2
  63 0246 D0223B15 		.ascii	"\320\";\025\006\300\240v\274\275<&\235\271\000\225\234"
  63      06C0A076 
  63      BCBD3C26 
  63      9DB90095 
  63      9C
  64 0257 30889632 		.ascii	"0\210\2262\227w&6Z\221\252\024\302ZH\3443?\177\314\311"
  64      97772636 
  64      5A91AA14 
  64      C25A48E4 
  64      333F7FCC 
  65 026c DF963D73 		.ascii	"\337\226=s\360\323\305\317\271\3353\223\031wZt\327{"
  65      F0D3C5CF 
  65      B9DD3393 
ARM GAS  /tmp/cc9HqDra.s 			page 5


  65      19775A74 
  65      D77B
  66 027e A96386FE 		.ascii	"\251c\206\376\33510L\311\250,\017\361\\\376\335\033"
  66      DD31304C 
  66      C9A82C0F 
  66      F15CFEDD 
  66      1B
  67 028f 9E7F74E6 		.ascii	"\236\177t\346\321+.\215T\354\356T\326_!\270\210\265"
  67      D12B2E8D 
  67      54ECEE54 
  67      D65F21B8 
  67      88B5
  68 02a1 B8443C5E 		.ascii	"\270D<^\242\356\002\226\244\213t<\363\325\357\256\342"
  68      A2EE0296 
  68      A48B743C 
  68      F3D5EFAE 
  68      E2
  69 02b2 1458743E 		.ascii	"\024Xt>C\006msg\205S\322\371\235M\347l\272\353\210\213"
  69      43066D73 
  69      678553D2 
  69      F99D4DE7 
  69      6CBAEB88 
  70 02c7 E8BC4C74 		.ascii	"\350\274Lt\252x2\"\257]k{\374\262\273\370}X\327\013"
  70      AA783222 
  70      AF5D6B7B 
  70      FCB2BBF8 
  70      7D58D70B 
  71 02db A3CDF10F 		.ascii	"\243\315\361\017\335\322x\224\214al\215wbb\330\346\270"
  71      DDD27894 
  71      8C616C8D 
  71      776262D8 
  71      E6B8
  72 02ed EBCE671F 		.ascii	"\353\316g\037\351V]4\352\250D\357\230\203\252\347\226"
  72      E9565D34 
  72      EAA844EF 
  72      9883AAE7 
  72      96
  73 02fe E5E8ECFC 		.ascii	"\345\350\354\374y\306Q\373H\340\255qg\271uMN\327\335"
  73      79C651FB 
  73      48E0AD71 
  73      67B9754D 
  73      4ED7DD
  74 0311 3F5C6851 		.ascii	"?\\hQ\343\201\253\370\023\271bssfh\366\017\247\305\015"
  74      E381ABF8 
  74      13B96273 
  74      736668F6 
  74      0FA7C50D 
  75 0325 86A0C335 		.ascii	"\206\240\3035I\015P\251\306\301\220`\005\026\222\376"
  75      490D50A9 
  75      C6C19060 
  75      051692FE 
  76 0335 34AEAF3F 		.ascii	"4\256\257?\301\365\204t\255\220\353It}\033\352g\372"
  76      C1F58474 
  76      AD90EB49 
  76      747D1BEA 
  76      67FA
  77 0347 FAC14E23 		.ascii	"\372\301N#M\327\010\237\375H\363t\031G\334\345\306{"
ARM GAS  /tmp/cc9HqDra.s 			page 6


  77      4DD7089F 
  77      FD48F374 
  77      1947DCE5 
  77      C67B
  78 0359 1359B0E9 		.ascii	"\023Y\260\351~\232\326\252\242\326\232\222 \024\032"
  78      7E9AD6AA 
  78      A2D69A92 
  78      20141A
  79 0368 4CCBD65A 		.ascii	"L\313\326Z\0139\211\032\213h^\230\242S\370\036j%\232"
  79      0B39891A 
  79      8B685E98 
  79      A253F81E 
  79      6A259A
  80 037b CA3A3659 		.ascii	"\312:6Yh\347\246\376?\332\017\217\321f\376\013\215\350"
  80      68E7A6FE 
  80      3FDA0F8F 
  80      D166FE0B 
  80      8DE8
  81 038d 9EB5D134 		.ascii	"\236\265\3214\371W\370\005\024\353/\235\304B\243\000"
  81      F957F805 
  81      14EB2F9D 
  81      C442A300 
  82 039d 77CFF97C 		.ascii	"w\317\371|\206\365\206\242F\325\356J#\034\212\304\242"
  82      86F586A2 
  82      46D5EE4A 
  82      231C8AC4 
  82      A2
  83 03ae C6CBE5FE 		.ascii	"\306\313\345\376m\376\032\022\004C\221\212\327\366\276"
  83      6DFE1A12 
  83      0443918A 
  83      D7F6BE
  84 03bd B4C71764 		.ascii	"\264\307\027dj0V\023\326#\025\321\352\312X\351z\273"
  84      6A305613 
  84      D62315D1 
  84      EACA58E9 
  84      7ABB
  85 03cf 8A9A98B1 		.ascii	"\212\232\230\261\315\037\330\0210vW\005+\253wV\030\322"
  85      CD1FD811 
  85      30765705 
  85      2BAB7756 
  85      18D2
  86 03e1 2AB8677B 		.ascii	"*\270g{uU\320\367&\363\370\313\003\336\222\347K\275"
  86      7555D0F7 
  86      26F3F8CB 
  86      03DE92E7 
  86      4BBD
  87 03f3 E168D8C5 		.ascii	"\341h\330\305\370\326\010+\214\205\302\257\354z5\022"
  87      F8D6082B 
  87      8C85C2AF 
  87      EC7A3512 
  88 0403 0A0662AF 		.ascii	"\012\006b\257\007\337\362\370\003\345tX\212Z.\246D\030"
  88      07DFF2F8 
  88      03E57458 
  88      8A5A2EA6 
  88      4418
  89 0415 8F86D99F 		.ascii	"\217\206\331\2379X\013\360"
  89      39580BF0 
ARM GAS  /tmp/cc9HqDra.s 			page 7


  90              		.text
  91              		.section	.gnu.lto_SVC_Handler.b22e34dd7fbd812c,"",%progbits
  92 0000 789C8D93 		.ascii	"x\234\215\223\375kSg\024\307\317\271\317\315M\254\251"
  92      FD6B5367 
  92      14C7CFB9 
  92      CFCD4DAC 
  92      A9
  93 0011 137F1B2B 		.ascii	"\023\177\033+#\301\365\007\261$\003e\376\264\037D\030"
  93      23C1F507 
  93      B1240365 
  93      FEB41F44 
  93      18
  94 0022 FA43D868 		.ascii	"\372C\330h\376\200Q\263\250\305\266\011y\221\026\004"
  94      FE8051B3 
  94      A8C5B609 
  94      79911604 
  95 0032 1FD36AAA 		.ascii	"\037\323j\252\025\021uY\015\221\262\026T\360\265\326"
  95      15117559 
  95      0D91B216 
  95      54F0B5D6 
  96 0042 D75AE3B5 		.ascii	"\327Z\343\265\265\255om\325U\0358\246\246\256\276T\004"
  96      B5AD6F6D 
  96      D5551D38 
  96      A6A6AEBE 
  96      5404
  97 0054 8BCA8459 		.ascii	"\213\312\204Yw\316s\357\266\330\011z\311\275\271\317"
  97      77CE73EF 
  97      B6D8097A 
  97      C9BDB9CF 
  98 0064 39DF739E 		.ascii	"9\337s\236s>\347\271\006\000du\200\207\364\377\031\335"
  98      733EE7B9 
  98      06006475 
  98      8087F4FF 
  98      19DD
  99 0076 2800B56D 		.ascii	"(\000\265m\303\000\353]\032\"\277H\027\302:\015\327"
  99      C300EB5D 
  99      1A22BF48 
  99      17C23A0D 
  99      D7
 100 0087 E116B153 		.ascii	"\341\026\261S`oz\374\2646o\257\244\313\374\351\257O"
 100      606F7AFC 
 100      B4366FAF 
 100      A4CBFCE9 
 100      AF4F
 101 0099 E53E1373 		.ascii	"\345>\023s\002 C7_\330\205\363\200d\327\233\216\344"
 101      02204337 
 101      5FD885F3 
 101      8064D79B 
 101      8EE4
 102 00ab 448BC809 		.ascii	"D\213\310\011D\235\226\317\207\262c\263x\251\241\207"
 102      449D96CF 
 102      87B263B3 
 102      78A9A187 
 103 00bb 969B2F3D 		.ascii	"\226\233/=h\377D\370\220\225O\316=~\355.\357\2202%\315"
 103      68FF44F8 
 103      90954FCE 
 103      3D7EED2E 
ARM GAS  /tmp/cc9HqDra.s 			page 8


 103      EF903225 
 104 00d0 81D6CFDB 		.ascii	"\201\326\317\333\033\345E\251\347\204\300\023((+\036"
 104      1BE545A9 
 104      E784C013 
 104      28282B1E 
 105 00e0 C7323C86 		.ascii	"\3072<\206e*;\311\013\235S?\226\032:\236\304rkS<\205"
 105      652A3BC9 
 105      0B9D533F 
 105      961A3A9E 
 105      C4726B53 
 106 00f6 062080C6 		.ascii	"\006 \200\306&\022\214\267\364\347\235b\201\312\375"
 106      26128CB7 
 106      F4E79D62 
 106      81CAFD
 107 0105 F245E71E 		.ascii	"\362E\347\036\303\316}{\360\253[\375\033\345\266\363"
 107      C3CE7D7B 
 107      F0AB5BFD 
 107      1BE5B6F3 
 108 0115 AE9CD0F1 		.ascii	"\256\234\320\361\364\377\223c7\226\037\276\3410\345"
 108      F4FF9363 
 108      37961FBE 
 108      E130E5
 109 0124 D4DB34F5 		.ascii	"\324\3334\365V\226\036\374=\2539\021r\302AJJ\256\253"
 109      56961EFC 
 109      3DAB3911 
 109      72C2414A 
 109      4AAEAB
 110 0137 A7430901 		.ascii	"\247C\011\001\232is\302#M\330$4~k4a\002\327\027&\372"
 110      9A6973C2 
 110      234DD824 
 110      347E6B34 
 110      6102D717 
 111 014d EE94FE5B 		.ascii	"\356\224\376[g\223\305\351\210\261T\325\231\021X\334"
 111      6793C5E9 
 111      88B154D5 
 111      991158DC 
 112 015d 03E7C133 		.ascii	"\003\347\3013h`\017\267\320c\365\261\222\004\231\255"
 112      68600FB7 
 112      D063F5B1 
 112      920499AD 
 113 016d 9936DD9B 		.ascii	"\2316\335\233l\223\255\236\23408\344Ma\303\330\014]"
 113      6C93AD9E 
 113      9C3038E4 
 113      4D61C3D8 
 113      0C5D
 114 017f A32ACFA2 		.ascii	"\243*\317\242W\201\030(tu\033d\301<\352Y\341 \3179\324"
 114      57811828 
 114      74751B64 
 114      C13CEA59 
 114      E120CF39 
 115 0194 611C53F7 		.ascii	"a\034S\367\270\002\316\306\371\331\303\266\226\326\306"
 115      B802CEC6 
 115      F9D9C3B6 
 115      96D6C6
 116 01a3 395C8155 		.ascii	"9\\\201U\373\023LM\2467\0116d\205\2605\036\345?\311"
 116      FB134C4D 
 116      A6370936 
ARM GAS  /tmp/cc9HqDra.s 			page 9


 116      6485B035 
 116      1EE53FC9 
 117 01b7 3182148D 		.ascii	"1\202\024\215\271\215C]e\226\2046\020\305SD\364\240"
 117      B98D435D 
 117      65968436 
 117      10C55344 
 117      F4A0
 118 01c9 49D8DE8D 		.ascii	"I\330\336\215\322\255\274o\272\334V\024\262\351\037"
 118      D2ADBC6F 
 118      BADC5614 
 118      B2E91F
 119 01d8 09850F4E 		.ascii	"\011\205\017N<\330\355\022\015\012\301\226\375\223\207"
 119      3CD8ED12 
 119      0D0AC196 
 119      FD9387
 120 01e7 843D9957 		.ascii	"\204=\231W+\263\322l\362\360X\316\277g,\275\234\033"
 120      2BB3D26C 
 120      F2F058CE 
 120      BF672CBD 
 120      9C1B
 121 01f9 896DAA30 		.ascii	"\211m\2520\261\343\356t\266;\362\006+l\274Z\021^\300"
 121      B1E3EE74 
 121      B63BF206 
 121      2B6CBC5A 
 121      115EC0
 122 020c 3EAAEC02 		.ascii	">\252\354\002S\245\007\022\333f$o{\333\321?K\274\031"
 122      53A50712 
 122      DB66246F 
 122      7BDBD13F 
 122      4BBC19
 123 021f B4E03A39 		.ascii	"\264\340:9\340\340\330\031\351Rp\373m\270\277e\273w"
 123      E0E0D819 
 123      E95270FB 
 123      6DB8BF65 
 123      BB77
 124 0231 9630DC01 		.ascii	"\2260\334\001\206KS\301Au\216;:SW\335\336]X4\231\341"
 124      864B53C1 
 124      41758E3B 
 124      3A5357DD 
 124      DE5D5834 
 125 0247 ADA99FDD 		.ascii	"\255\251\237\335*\370\"\007\343%\374\257iU\031\255T"
 125      2AF82207 
 125      E325FCAF 
 125      695519AD 
 125      54
 126 0258 590F7BD2 		.ascii	"Y\017{\322\243(v\243\352\377\351x\263\251\333\375\337"
 126      A32876A3 
 126      EAFFE978 
 126      B3A9DBFD 
 126      DF
 127 0269 3DF0C5EB 		.ascii	"=\360\305\353_\037I\271]\"3\270\374\036\006W\324\321"
 127      5F1F49B9 
 127      5D2233B8 
 127      FC1E0657 
 127      D4D1
 128 027b CE6CE81D 		.ascii	"\316l\350\035q2\177\235\272\271J>\305\244c\327\000N"
 128      71327F9D 
ARM GAS  /tmp/cc9HqDra.s 			page 10


 128      BAB94A3E 
 128      C5A463D7 
 128      004E
 129 028d 87326AD8 		.ascii	"\2072j\330@\004Ls\3359\260p-\340\020\373\364\351\276"
 129      40044C73 
 129      DD39B070 
 129      2DE010FB 
 129      F4E9BE
 130 02a0 42036F04 		.ascii	"B\003o\0048\314^\307;(G\250\231k\214\362\232\205r\344"
 130      38CC5EC7 
 130      3B2847A8 
 130      996B8CF2 
 130      9A8572E4 
 131 02b4 8328AFDB 		.ascii	"\203(\257\333(\247\332\356\347g2\312\033\250\253\242"
 131      28A7DAEE 
 131      E76732CA 
 131      1BA8ABA2 
 132 02c4 017F512C 		.ascii	"\001\177Q,\367\345\373\376p{\357\331\321.\326N\036:"
 132      F7E5FBFE 
 132      707BEFD9 
 132      D12ED64E 
 132      1E3A
 133 02d6 7A73A68A 		.ascii	"zs\246\212\036U,o\332,\025\000\200g|\220\367\317U_<"
 133      1E552C6F 
 133      DA2C1500 
 133      80677C90 
 133      F7CF555F 
 134 02eb 5FCD3419 		.ascii	"_\3154\031\372\360H?\337\347\363[\277H\334_W]\343\217"
 134      FAF0483F 
 134      DFE7F35B 
 134      BF48DC5F 
 134      575DE38F 
 135 02ff 466289B8 		.ascii	"Fb\211\270\177qe`I\240\236\015\241H,\374\375\232E\265"
 135      7F716560 
 135      49A09E0D 
 135      A1482CFC 
 135      FD9A45B5 
 136 0313 BE10E8A1 		.ascii	"\276\020\350\241D}\324\210\205\343\311\232DEq\\\270"
 136      447DD488 
 136      85E3C99A 
 136      4445715C 
 136      B8
 137 0324 3EE15F12 		.ascii	">\341_\022\010.\013\372\253\353B5\311\037\302~\025\025"
 137      082E0BFA 
 137      ABEB4235 
 137      C91FC27E 
 137      1515
 138 0336 AAFD2659 		.ascii	"\252\375&Y\027\362\255\202\322@e\320S\376e\205'\032"
 138      17F2AD82 
 138      D24065D0 
 138      53FE6585 
 138      271A
 139 0348 8F9680F8 		.ascii	"\217\226\200\370:\006\263\022\221\350\267+\276\213E"
 139      3A06B312 
 139      91E8B72B 
 139      BE8B45
 140 0357 42C14455 		.ascii	"B\301DUhui X\311\316\012R\225\200\026\003\021\217\202"
ARM GAS  /tmp/cc9HqDra.s 			page 11


 140      68756920 
 140      58C9CE0A 
 140      52958016 
 140      03118F82 
 141 036b 634D554D 		.ascii	"cMUM2\374\361\005\256\202\331\234fyU<\034\215Us*p\326"
 141      32FCF105 
 141      AE82D99C 
 141      6679553C 
 141      1C8D5573 
 142 0382 866B23B1 		.ascii	"\206k#\261\006\370\033\252|\266I"
 142      06F81BAA 
 142      7CB649
 143              		.text
 144              		.section	.gnu.lto__port_irq_epilogue.b22e34dd7fbd812c,"",%progbits
 145 0000 789C8D53 		.ascii	"x\234\215S\335K\223Q\030?\317{\336w[\233\206\227^x1"
 145      DD4B9351 
 145      183FCF7B 
 145      DE775B9B 
 145      86975E78 
 146 0015 2F4C24D9 		.ascii	"/L$\331\033\024tU\020B\020\261\033\375\003\302\326 "
 146      1B147455 
 146      104210B1 
 146      1BFD03C2 
 146      D620
 147 0027 C139991F 		.ascii	"\3019\231\037\350\225g:\335\354\013\2519C\206\232\202"
 147      E895673A 
 147      DDEC0BA9 
 147      3943869A 
 147      82
 148 0038 E98559F6 		.ascii	"\351\205Y\3669\277Z3\265\362;\014\"\257r8\311f\224x"
 148      39BF5A33 
 148      B5F23B0C 
 148      22AF7238 
 148      C9669478 
 149 004c A160DA73 		.ascii	"\241`\332s\316\273\304&H\207\275\347}\317\363\374\236"
 149      CEBBC426 
 149      4887BDE7 
 149      7DCFF3FC 
 149      9E
 150 005d F33CCFEF 		.ascii	"\363<\317\357\371MG\010Y\247\204\364\340\373\034>\240"
 150      F94D4708 
 150      59A784F4 
 150      E0FB1C3E 
 150      A0
 151 006e 232035CD 		.ascii	"# 5\315\022\3426H\022\365e\023f\224\371\236BA\341f\220"
 151      12E23648 
 151      12F56513 
 151      6694F99E 
 151      4241E166 
 152 0083 B5B7DBA0 		.ascii	"\265\267\333\240\000\360\017f\000R#QY\201\032\270E\375"
 152      00F00F66 
 152      00522351 
 152      59811AB8 
 152      45FD
 153 0095 1422DE58 		.ascii	"\024\"\336XH\312y\310p\205[6\365\015\254>=\210\011\002"
 153      48CA79C8 
 153      70855B36 
ARM GAS  /tmp/cc9HqDra.s 			page 12


 153      F50DAC3E 
 153      3D880902 
 154 00a9 F8F0054F 		.ascii	"\370\360\005O!\207 l\371\311ns\252N\326\354\360\214"
 154      2187206C 
 154      F9C96E73 
 154      AA4ED6EC 
 154      F08C
 155 00bb E7C58FFE 		.ascii	"\347\305\217\376\217J\230\355\356yYx\247\013Z.\033$"
 155      8F4A98ED 
 155      EE795978 
 155      A70B5A2E 
 155      1B24
 156 00cd 12A440F9 		.ascii	"\022\244@\371F\210\017\221\230\221\205I#\225\370W]\230"
 156      46880F91 
 156      98918549 
 156      2395F857 
 156      5D98
 157 00df C440E297 		.ascii	"\304@\342\227-x\036\007\351M\032\244\022\310x\3745\323"
 157      2D781E07 
 157      E94D1AA4 
 157      12C878FC 
 157      35D3
 158 00f1 1A3DCE8F 		.ascii	"\032=\316\217\024\314x\\\035\366.\002\265\000G\306c"
 158      14CC785C 
 158      1DF62E02 
 158      B50047C6 
 158      63
 159 0102 BEB09CD5 		.ascii	"\276\260\234\325\305X-\013\257\306\316O\2147\260&\267"
 159      C5582D0B 
 159      AFC6CE4F 
 159      8C37B026 
 159      B7
 160 0113 21486578 		.ascii	"!Hex\011\024k\201\027\220\001\317!C\253\365\025da\214"
 160      09146B81 
 160      179001CF 
 160      2143ABF5 
 160      1564618C 
 161 0127 F71B1B91 		.ascii	"\367\033\033\221\371u2\230!\204\276\357P\273\334u\307"
 161      F9753298 
 161      2184BEEF 
 161      50BBDC75 
 161      C7
 162 0138 1F4DDFEF 		.ascii	"\037M\337\357\303#\332\275\267\245\027\255\004(\220"
 162      C323DABD 
 162      B7A517AD 
 162      042890
 163 0147 245774C2 		.ascii	"$Wt\302\202\276A\356\223\222}\033N\236\210\300\020\367"
 163      82BE41EE 
 163      93927D1B 
 163      4E9E88C0 
 163      10F7
 164 0159 D283E4C0 		.ascii	"\322\203\344\3000\350`\204s\203\033 C\267\001\275\235"
 164      30E86084 
 164      73831B20 
 164      43B701BD 
 164      9D
 165 016a ED035BC6 		.ascii	"\355\003[\306\3146hg\367\315A\252\360\200\276\350\020"
ARM GAS  /tmp/cc9HqDra.s 			page 13


 165      CC366867 
 165      F7CD41AA 
 165      F080BEE8 
 165      10
 166 017b 33C81296 		.ascii	"3\310\022\226<\012\231\204[~\306\027\227$\264\300k\034"
 166      3C0A9984 
 166      5B7EC617 
 166      9724B4C0 
 166      6B1C
 167 018d 192F9A40 		.ascii	"\031/\232@X\220\3233:\266\222\222\371 \021\255\343\330"
 167      5890D333 
 167      3AB69292 
 167      F92011AD 
 167      E3D8
 168 019f 8D47039F 		.ascii	"\215G\003\237L\"\372\015\217\206\010\310\310l\255Y\020"
 168      4C22FA0D 
 168      8F8608C8 
 168      C86CAD59 
 168      10
 169 01b0 40C81A44 		.ascii	"@\310\032D\006\267;\367>\003\357\255\225J\030\021\250"
 169      06B73BF7 
 169      3E03EFAD 
 169      954A1811 
 169      A8
 170 01c1 8FCCE939 		.ascii	"\217\314\3519%z\321\251;4\354W\264#\373R\307\216\243"
 170      257AD1A9 
 170      3B34EC57 
 170      B423FB52 
 170      C78EA3
 171 01d4 696D6173 		.ascii	"imas^\351\20067v\210y\014\360\026\211\035\343u\240\363"
 171      5EE98036 
 171      37768879 
 171      0CF01689 
 171      1DE375A0 
 172 01e9 EE8DDE5E 		.ascii	"\356\215\336^\243\332\307<n\356;\006\343\320\001\315"
 172      A3DAC73C 
 172      6EEE3B06 
 172      E3D001CD 
 173 01f9 42203001 		.ascii	"B 0\001*&\254\333i\350U\264tT\313\270>\275\322)\206"
 173      2A26ACDB 
 173      69E855B4 
 173      7454CBB8 
 173      3EBDD229 
 174 020e 00C0D260 		.ascii	"\000\300\322`\022/Z\001\317\322\330\231\004\010\021"
 174      122F5A01 
 174      CFD2D899 
 174      040811
 175 021d FDF1D076 		.ascii	"\375\361\320v\252\206 \360.1\302F$\324\227\215J\211"
 175      AA8620F0 
 175      2E31C246 
 175      24D4978D 
 175      4A89
 176 022f 03152A43 		.ascii	"\003\025*C`(\024_\322\327\374f8vc\200\312\230\364=\324"
 176      6028145F 
 176      D2D7FC66 
 176      38766380 
 176      CA98F43D 
ARM GAS  /tmp/cc9HqDra.s 			page 14


 177 0244 A0C64C02 		.ascii	"\240\306L\002/k\370\204\262\376\321K\367\211\311\243"
 177      2F6BF884 
 177      B2FED14B 
 177      F789C9A3 
 178 0254 F5F241E8 		.ascii	"\365\362A\350e\237\034\031\013\231:J/~SB/\312!\275t"
 178      659F1C19 
 178      0B993A4A 
 178      2F7E5342 
 178      2FCA21BD 
 179 0269 9F46BD4C 		.ascii	"\237F\275Ls\237.\331\267\\\315\023\021\2309\254\227"
 179      739F2ED9 
 179      B75CCD13 
 179      119839AC 
 179      97
 180 027a 5994C91C 		.ascii	"Y\224\311\034\327\313\334\001\275\354\266\177\0355\375"
 180      D7CBDC01 
 180      BDECB67F 
 180      1D35FD
 181 0289 95C29490 		.ascii	"\225\302\224\220\302\274\220B\362\334\027\366\347\316"
 181      C2BC9042 
 181      F2DC17F6 
 181      E7CE
 182 0297 EF176C28 		.ascii	"\357\027l(\211?\332\017\244C,\037j\033Mx:i\261\250\332"
 182      893FDA0F 
 182      A4432C1F 
 182      6A1B4D78 
 182      3A69B1A8 
 183 02ac CF59A696 		.ascii	"\317Y\246\226\024\025\253\245NWy\231z!\337\232g\255"
 183      1415ABA5 
 183      4E577999 
 183      7A21DF9A 
 183      67AD
 184 02be E2069BD3 		.ascii	"\342\006\233\323e\277Ry\326a\261\021\245\262\260\270"
 184      65BF5279 
 184      D661B111 
 184      A5B2B0B8 
 185 02ce C2FEFF11 		.ascii	"\302\376\377\021\327I\356A\254\275\252\\\315\263\026"
 185      D749EE41 
 185      ACBDAA5C 
 185      CDB316
 186 02dd 5C2A508B 		.ascii	"\\*P\213Jl\305\025\327\354\252@\332\034\027+Jl\010N"
 186      4A6CC515 
 186      D7ECAA40 
 186      DA1C172B 
 186      4A6C084E 
 187 02f1 B316E49B 		.ascii	"\263\026\344\233\257\026\226\331K]E\271\346\254SDr\021"
 187      AF1696D9 
 187      4B5D45B9 
 187      E6AC5344 
 187      7211
 188 0303 BDC3EE70 		.ascii	"\275\303\356p\272\252\311\037\222\007v\264"
 188      BAAAC91F 
 188      920776B4 
 189              		.text
 190              		.section	.gnu.lto_.symbol_nodes.b22e34dd7fbd812c,"",%progbits
 191 0000 789C6363 		.ascii	"x\234cc``\310\006b\006\246\211\214\365\014\014\023\316"
 191      6060C806 
ARM GAS  /tmp/cc9HqDra.s 			page 15


 191      6206A689 
 191      8CF50C0C 
 191      13CE
 192 0012 3130D433 		.ascii	"10\32430\356l9\330\340\300\300\300\332\305\310\240\000"
 192      30EE6C39 
 192      D8E0C0C0 
 192      C0DAC5C8 
 192      A000
 193 0024 9463EC66 		.ascii	"\224c\354f\254g\004\313104,\000J0\3660\3263!\0130u0"
 193      AC6704CB 
 193      3130342C 
 193      004A30F6 
 193      30D63321 
 194 003c D6334375 		.ascii	"\3263Cu3\354jp\004\212t2\326\263\240\2100\26320<\332"
 194      33EC6A70 
 194      048A7432 
 194      D6B3A088 
 194      30B33230 
 195 0052 68CF0000 		.ascii	"h\317\000\000U\366\031\017"
 195      55F6190F 
 196              		.text
 197              		.section	.gnu.lto_.refs.b22e34dd7fbd812c,"",%progbits
 198 0000 789C6363 		.ascii	"x\234cc``\340\007b\026\006\006F^\006F>&&\001&fA\006"
 198      6060E007 
 198      62160606 
 198      465E0646 
 198      3E262601 
 199 0018 0003AB00 		.ascii	"\000\003\253\000a"
 199      61
 200              		.text
 201              		.section	.gnu.lto_.decls.b22e34dd7fbd812c,"",%progbits
 202 0000 789CBD59 		.ascii	"x\234\275Y{PTW\232\357sO\3234\335\015f\201\235\315V"
 202      7B505457 
 202      9AEF734F 
 202      D334DD0D 
 202      66819DCD 
 203 0015 51BB568A 		.ascii	"Q\273V\212\3310\017E\223l\222\331\255\332\212A\035\255"
 203      D9300F45 
 203      936C92D9 
 203      ADDA8A41 
 203      1DAD
 204 0027 A9CC5890 		.ascii	"\251\314X\220\244j\377\230t\030\354(\011\257i\232\304"
 204      A46AFF98 
 204      7418EC28 
 204      09AF699A 
 204      C4
 205 0038 D44ED55E 		.ascii	"\324N\325^\336/QTT@\215\012\370BA\236\"\202\200\240"
 205      DE2F5154 
 205      54408D0A 
 205      F842419E 
 205      228280A0 
 206 004c BC410511 		.ascii	"\274A\005\021y#A@@\004|\240\200\260\3379\347v\337\333"
 206      79234140 
 206      40047CA0 
 206      80B0DF39 
 206      E776DFDB 
 207 0060 4D7762ED 		.ascii	"Mwb\355\037\323\305\307\275\337\271\277\363\275\316"
ARM GAS  /tmp/cc9HqDra.s 			page 16


 207      1FD3C5C7 
 207      BDDFB9BF 
 207      F3BDCE
 208 006f 77BE73CE 		.ascii	"w\276s\316\275\012\231L\026\377o2\331\373v2\331n$\223"
 208      BD0A994C 
 208      16FF6F32 
 208      D9FB7632 
 208      D96E2493 
 209 0083 2DC34F0E 		.ascii	"-\303O\016m\327d\342\017\036\311\312\200*\200\252\200"
 209      6DD764E2 
 209      0F1EC9CA 
 209      802A80AA 
 209      80
 210 0094 AA81AE03 		.ascii	"\252\201\256\003\001\\\366\031\222\231\375\276\003~"
 210      015CF619 
 210      9299FDBE 
 210      037E
 211 00a2 155CBF04 		.ascii	"\025\\\277\004r\006r\005\372\032\332:\340\3726\320\357"
 211      72067205 
 211      FA1ADA3A 
 211      E0FA36D0 
 211      EF
 212 00b3 E03E1468 		.ascii	"\340>\024h\007\320?\000i\241-\014\256\337\002}\212X"
 212      07D03F00 
 212      69A12D0C 
 212      AEDF027D 
 212      8A58
 213 00c5 7FA2FF2B 		.ascii	"\177\242\377+\270\376\001\350\217@\276H\264\341op\037"
 213      B8FE01E8 
 213      8F40BE48 
 213      B4E16F70 
 213      1F
 214 00d6 8E445BAC 		.ascii	"\216D[\254\331\020\015\274\303O\330@\364\023\2351B?"
 214      D9100DBC 
 214      C34FD840 
 214      F4139D31 
 214      423F
 215 00e8 85E09351 		.ascii	"\205\340\223Qv\034P\002P\222\205\\\362\213\2076\215"
 215      761C5002 
 215      5092855C 
 215      F28B8736 
 215      8D
 216 00f9 20FB6D89 		.ascii	" \373m\211\374\016\231(\263\033\350\036\320i\240\036"
 216      FC0E9928 
 216      B31BE81E 
 216      D069A01E 
 217 0109 A02B829D 		.ascii	"\240+\202\235\265\360\317^\210]\037\334\017\010:\210"
 217      B5F0CF5E 
 217      885D1FDC 
 217      0F083A88 
 218 0119 5F469D96 		.ascii	"_F\235\226\277\024\214\256\\\273Z\251\036@}\210\003"
 218      BF148CAE 
 218      5CBB5AA9 
 218      1E407D88 
 218      03
 219 012a 316FD056 		.ascii	"1o\320V\204\330\177\270\022\242\374\262\361\207X;\264"
 219      84D87FB8 
ARM GAS  /tmp/cc9HqDra.s 			page 17


 219      12A2FCB2 
 219      F187583B 
 219      B4
 220 013b 72EC2240 		.ascii	"r\354\"@\011c\354\202L-\234 \2033\312\245\177\202\000"
 220      0963EC82 
 220      4C2D9C20 
 220      8333CAA5 
 220      7F8200
 221 014e 2495CA9E 		.ascii	"$\225\312\2363u\306\037\363\214\335H\372\261&NT&\351"
 221      3375C61F 
 221      F38CDD48 
 221      FAB1264E 
 221      5426E9
 222 0161 B2C25699 		.ascii	"\262\302V\231\351\261\311(\321I$\004\241crw\256f\020"
 222      E9B1C928 
 222      D1492404 
 222      A1637277 
 222      AE6610
 223 0174 F5C3D3FF 		.ascii	"\365\303\323\377\226\311\222\225\201\210\264.&U\\\322"
 223      96C99295 
 223      8188B42E 
 223      26555CD2 
 224 0184 608EDEFF 		.ascii	"`\216\336\377p\271:^\215\335\350\375\336\230\305Y\345"
 224      70B93A5E 
 224      8DDDE8FD 
 224      DE98C559 
 224      E5
 225 0195 DA0B3CFB 		.ascii	"\332\013<\373)\367b\031\272\204\2601\2407\226\347\252"
 225      29F76219 
 225      BA84B031 
 225      A03796E7 
 225      AA
 226 01a6 562562E4 		.ascii	"V%b\344\254B\034\260m\323\315\307\324\300\272\252\320"
 226      AC421CB0 
 226      6DD3CDC7 
 226      D4C0BAAA 
 226      D0
 227 01b7 1BC05ED8 		.ascii	"\033\300^\330\275\234b\367\346!\32219\222\177\203C_"
 227      BD9C62F7 
 227      E621D231 
 227      39927F83 
 227      435F
 228 01c9 FE029522 		.ascii	"\376\002\225\"7t\031\271\2019W\320\233\360?H\316$=\311"
 228      377419B9 
 228      813957D0 
 228      9BF03F48 
 228      CE243DC9 
 229 01dd 8BBDC7BD 		.ascii	"\213\275\307\275u\202\257\032\344\253\352\322=\2167"
 229      7582AF1A 
 229      E4ABEAD2 
 229      3D8E37
 230 01ec C7C4DD82 		.ascii	"\307\304\335\202~_R\034*F\030\225\240\265\304\213b\242"
 230      7E5F521C 
 230      2A461895 
 230      A0B5C48B 
 230      62A2
 231 01fe 1D15A141 		.ascii	"\035\025\241A\204\012\021\214;*CoA\377G-\005\005\253"
ARM GAS  /tmp/cc9HqDra.s 			page 18


 231      840A118C 
 231      3B2A436F 
 231      41FF472D 
 231      0505AB
 232 0211 F0DFA8CD 		.ascii	"\360\337\250\315?\255\367\252\231\336\216\270\222KJ"
 232      3FADF7AA 
 232      99DE8EB8 
 232      924B4A
 233 0220 D03BC8F3 		.ascii	"\320;\310\363U\235\331\253\373\362\306\3708\025\005"
 233      559DD9AB 
 233      FBF2C6F8 
 233      381505
 234 022f A1725169 		.ascii	"\241rQi\271\3402\252\240\312\356\017\236\232U\343\012"
 234      B9E032AA 
 234      A0CAEE0F 
 234      9E9A55E3 
 234      0A
 235 0240 44B5F545 		.ascii	"D\265\365E\357_\\%Hh\374s:_\315\321\336\225b\357Jc\357"
 235      EF5F5C25 
 235      4868FC73 
 235      3A5FCDD1 
 235      DE9562EF 
 236 0257 2ADAFBEC 		.ascii	"*\332\373\354\215\247\2470nc\275c\213\347\246\235\240"
 236      8DA7A730 
 236      6E63BD63 
 236      8BE7A69D 
 236      A0
 237 0268 F709EAF7 		.ascii	"\367\011\352\367\207\243E<\037\015v\313\251\214k\242"
 237      87A3453C 
 237      1F0D76CB 
 237      A98C6BA2 
 238 0278 8C6B966E 		.ascii	"\214k\226nWSY\003\323O\352\324\270\237\311j*(i\307\202"
 238      57535903 
 238      D34FEAD4 
 238      B89FC96A 
 238      2A2869C7 
 239 028d ACB67F4D 		.ascii	"\254\266\177M\347\253\"x>\234YS#J\252\261\224t\235J"
 239      E7AB2278 
 239      3E9C5953 
 239      234AAAB1 
 239      94749D4A 
 240 02a1 6A397960 		.ascii	"j9y`\216\3033LR\333\321\2101\216\215\353S\302W\017d"
 240      8EC3334C 
 240      52DBD188 
 240      318E8DEB 
 240      53C2570F 
 241 02b6 862BD9C0 		.ascii	"\206+\331\300\236\260\227\014\2643\033\350\306\314\347"
 241      9EB0970C 
 241      B4331BE8 
 241      C6CCE7
 242 02c5 D5768C1D 		.ascii	"\325v\214\035&\360\227\3713O\215p\005\3603-\351?:1~"
 242      26F097F9 
 242      334F8D70 
 242      05F0332D 
 242      E93F3A31 
 243 02da 35B0E965 		.ascii	"5\260\351eO\033\005\270\022\330\333QyG1c\345\300\236"
 243      4F1B05B8 
ARM GAS  /tmp/cc9HqDra.s 			page 19


 243      12D8DB51 
 243      79473163 
 243      E5C09E
 244 02ed 3E3AD1A4 		.ascii	">:\321\244\306\317\204\340\326\237;O\236\275\255B$\311"
 244      C6CF84E0 
 244      D69F3B4F 
 244      9EBDAD42 
 244      24C9
 245 02ff 5741D3C5 		.ascii	"WA\323\305\311\322\227\216\254\211\232\272w6\313\036"
 245      C9D2978E 
 245      AC899ABA 
 245      7736CB1E 
 246 030f 2F513837 		.ascii	"/Q87\320\265\320\353\204T\036q<\037\301\237\210\344"
 246      D0B5D0EB 
 246      84541E71 
 246      3C1FC19F 
 246      88E4
 247 0321 1DB6C850 		.ascii	"\035\266\310P\023\214|\013\214<jG\036\244\023\011\003"
 247      138C7C0B 
 247      8C3C6A47 
 247      1EA41309 
 247      03
 248 0332 BA058D37 		.ascii	"\272\005\2157\241\3614I\222\252\233\015\377\2256\313"
 248      A1F13449 
 248      92AA9B0D 
 248      FF9536CB 
 249 0342 F3AB511B 		.ascii	"\363\253Q\033R\241\333b\250\336V\261$9\227\265/C\201"
 249      52A1DB62 
 249      A8DE56B1 
 249      243997B5 
 249      2F4381
 250 0355 F761AAA3 		.ascii	"\367a\252\243\354\310\203\033\234-\035wm\352\350\234"
 250      ECC8831B 
 250      9C2D1D77 
 250      6DEAE89C 
 251 0365 78AB1646 		.ascii	"x\253\026F\226C\035\240\343\216\250\003T2%{\213{\026"
 251      96431DA0 
 251      E38EA803 
 251      5432257B 
 251      8B7B16
 252 0378 57E14372 		.ascii	"W\341Cr\252$\372\346\245\2076\225t\331TR\267\033\307"
 252      AA24FAE6 
 252      A5873695 
 252      74D95452 
 252      B71BC7
 253 038b D72490F4 		.ascii	"\327$\220\364\271\007Z:E-\035F-\213\0059\213\012\334"
 253      B9075A3A 
 253      452D1D46 
 253      2D8B0539 
 253      8B0ADC
 254 039e 49B5A0E4 		.ascii	"I\265\240\344\336\227\345j<\310\230\336=)\017\234\360"
 254      DE97E56A 
 254      3CC898DE 
 254      3D290F9C 
 254      F0
 255 03af 03C61437 		.ascii	"\003\306\0247\236iQ\250@{\344ki\207\036\013\203{\343"
 255      9E6951A8 
ARM GAS  /tmp/cc9HqDra.s 			page 20


 255      407BE46B 
 255      69871E0B 
 255      837BE3
 256 03c2 94F811EB 		.ascii	"\224\370\021\353~\277\267.\317\011O3\246vo\324n\025"
 256      7EBFB72E 
 256      CF094F33 
 256      A6766FD4 
 256      6E15
 257 03d4 9E638E3D 		.ascii	"\236c\216=\273=\231\246\260\345\330\220M\307Z\017\333"
 257      BB3D99A6 
 257      B0E5D890 
 257      4DC75A0F 
 257      DB
 258 03e5 43F541F7 		.ascii	"C\365A\367\301\253A+^e&?;\241\304\221vT\337\331\360"
 258      C1AB412B 
 258      5E65263F 
 258      3BA1C491 
 258      7654DFD9 
 259 03fa 22171CC7 		.ascii	"\"\027\034\307\356K\322\227\252\344\370\020c\242\223"
 259      EE4BD297 
 259      AAE4F810 
 259      63A293
 260 0409 720EAB20 		.ascii	"r\016\253 s\024,\231H\"\017O\317_\222\263&\242g\027"
 260      73142C99 
 260      48220F4F 
 260      CF5F92B3 
 260      26A26717 
 261 041d 341D4BEB 		.ascii	"4\035K\353\315w\302\351\264\013W\321~9\312\021y\250"
 261      CD77C2E9 
 261      B40B57D1 
 261      7E39CA11 
 261      79A8
 262 042f 8C79F27E 		.ascii	"\214y\362~\3324\311\223q\260cL\264CA\314\210#\020K\217"
 262      DA34C993 
 262      71B0634C 
 262      B44341CC 
 262      8823104B 
 263 0444 1E82470A 		.ascii	"\036\202G\012\301\243Qh\034a\301\232}9]$\307YLG\341"
 263      C1A35168 
 263      1C61C19A 
 263      7D395D24 
 263      C7594C47 
 264 0459 81C55427 		.ascii	"\201\305T'\223\216\316\211w\212i\236<\002\035\023\242"
 264      938ECE89 
 264      778A699E 
 264      3C021D13 
 264      A2
 265 046a 8E716453 		.ascii	"\216qdS\311\244u%\367\371\2054\015\276\300\224\034\251"
 265      C9A47525 
 265      F7F98534 
 265      0DBEC094 
 265      1CA9
 266 047c CE28E44C 		.ascii	"\316(\344LJ O\346i\302O\203\222)Q\311#\333J\036[WR\361"
 266      4A204FE6 
 266      69C24F83 
 266      922951C9 
 266      23DB4A1E 
ARM GAS  /tmp/cc9HqDra.s 			page 21


 267 0494 6AF9A01D 		.ascii	"j\371\240\035I\224\360\327\354\201\367\024DTq\310\335"
 267      4994F0D7 
 267      EC81F714 
 267      445471C8 
 267      DD
 268 04a5 C523838F 		.ascii	"\305#\203\217\012\007\177sq\302\371\304$\376D5B3`\315"
 268      0A077F73 
 268      71C2F9C4 
 268      24FE4435 
 268      423360CD 
 269 04b9 03B0E609 		.ascii	"\003\260\346\011r\021\305x\222\242\275\036\376\311\366"
 269      7211C578 
 269      92A2BD1E 
 269      FEC9F6
 270 04c8 0976F148 		.ascii	"\011v\361H.Q3,t\000=\350)\250\234E\356\264\332\012\211"
 270      2E51332C 
 270      74003DE8 
 270      29A89C45 
 270      EEB4DA0A 
 271 04dd 73EF8D70 		.ascii	"s\357\215p\350@\0202\301Ka\355j\217\037LR\343\333,<"
 271      E8401032 
 271      C14B61ED 
 271      6A8F1F4C 
 271      52E3DB2C 
 272 04f2 77BA923A 		.ascii	"w\272\222:\025\310\305\303\272\2129\020k[\305\310M7"
 272      15C8C5C3 
 272      BA8A3910 
 272      6B5BC5C8 
 272      4D37
 273 0504 D2013D07 		.ascii	"\322\001=\007\30431\226D#U\224\233\326\301\2535\011"
 273      C4333196 
 273      44235594 
 273      9BD6C1AB 
 273      3509
 274 0516 A684A740 		.ascii	"\246\204\247@\243l\031z\2014\202E\261\361\371\023*\334"
 274      A36C197A 
 274      81348245 
 274      B1F1F913 
 274      2ADC
 275 0528 C792B574 		.ascii	"\307\222\265t\337\376GJ|\2371\315U\361\027U\370\251"
 275      DFFE474A 
 275      7C9F31CD 
 275      55F11755 
 275      F8A9
 276 053a C0E49576 		.ascii	"\300\344\225v\312\361s\306t\356n\357Q\340y\346EIS\357"
 276      CAF173C6 
 276      74EE6EEF 
 276      51E079E6 
 276      454953EF 
 277 054e 02960EF2 		.ascii	"\002\226\016\362\013:\310\313\020\326W\2575\310K\326"
 277      0B3AC8CB 
 277      10D657AF 
 277      35C84BD6 
 278 055e 07B9EFD8 		.ascii	"\007\271\357\330\343'r\314+\250\306\213\321\303\347"
 278      E32772CC 
 278      2BA8C68B 
 278      D1C3E7
ARM GAS  /tmp/cc9HqDra.s 			page 22


 279 056d 48717783 		.ascii	"Hqw\203Y\204$\365\330\215\325\343\242\252'9r\034C\261"
 279      598424F5 
 279      D88DD5E3 
 279      A2AA2739 
 279      721C43B1 
 280 0581 5C7ECEF0 		.ascii	"\\~\316\360\327\222\331\2636:\226dv4\247B\221\234\311"
 280      D792D9B3 
 280      363A9664 
 280      7634A742 
 280      919CC9
 281 0594 1E37C11C 		.ascii	"\0367\301\034X\2552y\374\246\014\275\353\206\326\201"
 281      58AD3279 
 281      FCA60CBD 
 281      EB86D681 
 282 05a4 31519C07 		.ascii	"1Q\234\007\021J\215\211\340\334P8G\2159w\374\354uG\234"
 282      114A8D89 
 282      E0DC5038 
 282      478D3977 
 282      FCEC7547 
 283 05b9 CC14F4E7 		.ascii	"\314\024\364\347<n\305\222\271\363V!\235;q\240!F\324"
 283      3C6EC592 
 283      B9F35621 
 283      9D3B71A0 
 283      2146D4
 284 05cc 000AADAB 		.ascii	"\000\012\255\253\210\265\256\"\253\346\342m{\234\312"
 284      88B5AE22 
 284      ABE6E26D 
 284      7B9CCA
 285 05db 54743D6B 		.ascii	"Tt=k:`6s\036\323\240&\202\212xQE\234-\025\011\326U$"
 285      3A603673 
 285      1ED3A026 
 285      828A7851 
 285      459C2D15 
 286 05f3 340C67AC 		.ascii	"4\014g\254\302'YH\215\353\2433[\037\247\242\036\014"
 286      C2275948 
 286      8DEBA333 
 286      5B1FA7A2 
 286      1E0C
 287 0605 0AABEB9B 		.ascii	"\012\253\353\233\300\016F\324\266+\361i\006=\336;\223"
 287      C00E46D4 
 287      B62BF169 
 287      063DDE3B 
 287      93
 288 0616 638FB399 		.ascii	"c\217\263\231iw\227\307\306TH\343!\311-\330\352\230"
 288      697797C7 
 288      C65448E3 
 288      21C92DD8 
 288      EA98
 289 0628 46733FA8 		.ascii	"Fs?\250\326j\004\013\231\371\003\255\270\345\307X\262"
 289      D66A040B 
 289      99F903AD 
 289      B8E5C758 
 289      B2
 290 0639 40ECE334 		.ascii	"@\354\3434(Y\264_\253a983ug\321\021\3670e\374\313\212"
 290      2859B45F 
 290      AB613938 
 290      337567D1 
ARM GAS  /tmp/cc9HqDra.s 			page 23


 290      11F73065 
 291 0650 6E051E60 		.ascii	"n\005\036`L\317\301\027\203\016x\2101\365\035\211\225"
 291      4CCFC117 
 291      830E7888 
 291      31F51D89 
 291      95
 292 0661 72FC8031 		.ascii	"r\374\2001g\232\006y;<\306\230\362\204\246E%\236`L\372"
 292      679A0679 
 292      3B3CC698 
 292      F284A645 
 292      259E604C 
 293 0676 95D80815 		.ascii	"\225\330\010\025\236b\314\371\345'{5x\2061/\312og\010"
 293      9E62CCF9 
 293      E5277B35 
 293      7886312F 
 293      CA6F6708 
 294 068a 3B0C7760 		.ascii	";\014w`\263\253\022\353\261\260c ;\311\376\334\245r"
 294      B3AB12EB 
 294      B1B06320 
 294      3BC9FEDC 
 294      A572
 295 069c 057E45B1 		.ascii	"\005~E\261\352\346\350\346X%rg?\027\017w\367\014\342"
 295      EAE6E8E6 
 295      58257267 
 295      3F170F77 
 295      F70CE2
 296 06af 2F6CD73E 		.ascii	"/l\327>lh\033\343\371\375\032\352\314^p\346\024')\034"
 296      6C681BE3 
 296      F9FD1AEA 
 296      CC5E70E6 
 296      1427291C 
 297 06c3 7B3832BD 		.ascii	"{82\275\232\310$\223\261\036\363[`S\024\205)<\315\022"
 297      9AC82493 
 297      B11EF35B 
 297      60531485 
 297      293CCD12 
 298 06d7 2ED61906 		.ascii	".\326\031\006\256\336*\202S\255\202\245\242\333$\350"
 298      AEDE2A82 
 298      53AD82A5 
 298      A2DB24E8 
 299 06e7 4396E866 		.ascii	"C\226\350fd\011\037\222\300S,\341\365+\340\363\022\370"
 299      64091F92 
 299      C0532CE1 
 299      F52BE0F3 
 299      12F8
 300 06f9 314B7812 		.ascii	"1Kx\022ga\371\270\004}\300zT\304z\232\314\263bw\024"
 300      6761F9B8 
 300      047DC07A 
 300      54C47A9A 
 300      CCB36277 
 301 070e 72F3083C 		.ascii	"r\363\010<C\351B\017R\354NC\006\035\347\334aL\334\321"
 301      43E9420F 
 301      52EC4E43 
 301      061DE7DC 
 301      614CDCD1 
 302 0722 59A09340 		.ascii	"Y\240\223@g\2002\200\262\200~\000\312\344\314\212a\005"
 302      67803280 
ARM GAS  /tmp/cc9HqDra.s 			page 24


 302      B2807E00 
 302      CAE4CC8A 
 302      6105
 303 0734 ABB72041 		.ascii	"\253\267 AZo\231a\375\015\316\031\221|\375:j\331A\353"
 303      5A6F9961 
 303      FD0DCE19 
 303      917CFD3A 
 303      6AD941EB 
 304 0748 6E4BFC68 		.ascii	"nK\374h\224\370q\330zL)\032\362\345TZ[\254=\346\355"
 304      94F871D8 
 304      7A4C291A 
 304      F2E5545A 
 304      5BAC3DE6 
 305 075d D9A2BD74 		.ascii	"\331\242\275t$S\216<\\\204\242\220\213\037\307\357%"
 305      24538E3C 
 305      5C84A290 
 305      8B1FC7EF 
 305      25
 306 076e 297F1EFA 		.ascii	")\177\036\372\237\023S\236\230h+\010\331\340\370\377"
 306      9F13539E 
 306      98682B08 
 306      D9E0F8FF 
 307 077e 270860CA 		.ascii	"'\010`\312\334\341[\273\221\264\334\237\347\244\345"
 307      DCE15BBB 
 307      91B4DC9F 
 307      E7A4E5
 308 078d FE02672C 		.ascii	"\376\002g,\367\343)i\323\010\307\333\263\022\260x\254"
 308      F7E32969 
 308      D308C7DB 
 308      B312B078 
 308      AC
 309 079e C481CD07 		.ascii	"\304\201\315\007W`_\015$'\333\013\363\201\024\331\302"
 309      57605F0D 
 309      2427DB0B 
 309      F38114D9 
 309      C2
 310 07af 88FC393B 		.ascii	"\210\3749;\234\302\260\205\313\347b0>B\031\327\222}"
 310      9CC2B085 
 310      CBE76230 
 310      3E4219D7 
 310      927D
 311 07c1 370A6072 		.ascii	"7\012`r\270\302\324\320h4.\356.d\222"
 311      B8C2D4D0 
 311      68342EEE 
 311      2E6492
 312 07d0 787878B8 		.ascii	"xxx\270{\260 \266\366\271f\322\230C%X\200E\240\220s"
 312      7BB020B6 
 312      F6B966D2 
 312      98432558 
 312      8045A090 
 313 07e5 B596F3FB 		.ascii	"\265\226\363\373\255-|2\212&1\270\0011\270\016~\026"
 313      AD2D7C32 
 313      8A2631B8 
 313      0131B80E 
 313      7E16
 314 07f7 005D022A 		.ascii	"\000]\002*\006*\022|fz\246\372\234\231\036\262G\033"
 314      062A127C 
ARM GAS  /tmp/cc9HqDra.s 			page 25


 314      667AA6FA 
 314      9C991EB2 
 314      471B
 315 0809 B0AD48C8 		.ascii	"\260\255H\310\004\243U\260\372\241\037\177\016\335\366"
 315      04A355B0 
 315      FAA11F7F 
 315      0EDDF6
 316 0818 67960825 		.ascii	"g\226\010%\220\010/m\203%1\277\014H\321\213\022\026"
 316      90082F6D 
 316      832531BF 
 316      0C48D18B 
 316      1216
 317 082a 73C9F32B 		.ascii	"s\311\363+\322T\252\001\347J9c\241\264\201\222I f9s"
 317      D254AA01 
 317      E74A3963 
 317      A1B48192 
 317      49206639 
 318 083f 11722697 		.ascii	"\021r&\227\344L5\210)\027r\346\032\334WA\214*\201*\200"
 318      E44C3588 
 318      291772E6 
 318      1ADC5741 
 318      8C2A812A 
 319 0854 AE029599 		.ascii	"\256\002\225\231\305\253\277_\022\257<\310\312r\033"
 319      C5ABBF5F 
 319      12AF3CC8 
 319      CA721B
 320 0863 73C1BAB2 		.ascii	"s\301\272\262\034\241\307\317+\213\212\204Z\366\005"
 320      1CA1C7CF 
 320      2B8B8A84 
 320      5AF605
 321 0872 0B601FE8 		.ascii	"\013`\037\350\352E\026\272,\252\023L\231\245>\025\303"
 321      EA4516BA 
 321      2CAA134C 
 321      99A53E15 
 321      C3
 322 0883 9340F75B 		.ascii	"\223@\367[\307K\206g\244\32792\222O]G\327D^0LX\376V"
 322      C74B8667 
 322      A4D73932 
 322      924F5D47 
 322      D7445E30 
 323 089b 14CAFE5E 		.ascii	"\024\312\376^a\344a\"\240\335\226~\213\203\311&\357"
 323      61E46122 
 323      A0DD967E 
 323      8B83C926 
 323      EF
 324 08ac DD5E564E 		.ascii	"\335^VN\312\315\313\011{8UD\017\005d\224\362\305i]N"
 324      CACDCB09 
 324      7B385544 
 324      0F056494 
 324      F2C5695D 
 325 08c1 A7B580E8 		.ascii	"\247\265\200\350y3\202t'\3510/\356\200Ji>0_k\215yKv"
 325      79338274 
 325      27E9302F 
 325      EE804A69 
 325      3E305F6B 
 326 08d9 498BB693 		.ascii	"I\213\266\223\213\011\\\352U\020\225\200\261\330Mv\305"
 326      8B095CEA 
ARM GAS  /tmp/cc9HqDra.s 			page 26


 326      55109580 
 326      B1D84D76 
 326      C5
 327 08ea C2991667 		.ascii	"\302\231\026g\261\011:\273t\371O\370\002\273\317\030"
 327      B1093ABB 
 327      74F94FF8 
 327      02BBCF18 
 328 08fa 2D1D56E1 		.ascii	"-\035V\341\022\306L\246&F\256R\211[/2\335\305\004k "
 328      12C64CA6 
 328      2646AE52 
 328      895B2F32 
 328      DDC5046B 
 329 090f 7B085049 		.ascii	"{\010PIY@\037\235iOR:'\013\343\377\221\234z\332\010"
 329      59401F9D 
 329      694F523A 
 329      270BE3FF 
 329      919C7ADA 
 330 0924 F0060A6F 		.ascii	"\360\006\012o\344\234\215\235\000m\237s:\365\310*D\346"
 330      E49C8D9D 
 330      006D9F73 
 330      3AF5C82A 
 330      44E6
 331 0936 BF6985BC 		.ascii	"\277i\205\274\373P\2105I\335Z\010Q\263\365X\233\245"
 331      FB508835 
 331      49DD5A08 
 331      51B3F558 
 331      9BA5
 332 0948 581D3CAF 		.ascii	"X\035<\257%\317\353\204\016$\305nB\2125AZ\265\002\335"
 332      25CFEB84 
 332      0E24C56E 
 332      428A3541 
 332      5AB502DD 
 333 095c 06BA05D4 		.ascii	"\006\272\005\324\"\3463)\374\223\316\007x\242\013\314"
 333      22E63329 
 333      FC93CE07 
 333      78A20BCC 
 334 096c 42F54257 		.ascii	"B\365BW\243\261+k{\355\270\304\264\036d\3154\2265,\356"
 334      A3B12B6B 
 334      7BEDB8C4 
 334      B41E64CD 
 334      3496352C 
 335 0981 CFC7581E 		.ascii	"\317\307X\0364[[V\226&\204!$\207\336VKY+\027\337\356"
 335      345B5B56 
 335      96268421 
 335      2487DE56 
 335      4B592B17 
 336 0997 6F587613 		.ascii	"oXv\023x\267u\270q]93X\026o\207+\331\272R\023?\320\346"
 336      78B775B8 
 336      715D3933 
 336      58166F87 
 336      2BD9BA52 
 337 09af 605A5796 		.ascii	"`ZW\226\006~A\267\375w\240w\233\230~\315+W\025SD\333"
 337      067E41B7 
 337      FD77A077 
 337      9B987ECD 
 337      2B571553 
 338 09c5 218AAF13 		.ascii	"!\212\257\023QP\034\2253z\211\373e&\177\202:\217s\""
ARM GAS  /tmp/cc9HqDra.s 			page 27


 338      51501C95 
 338      337A89FB 
 338      65267F82 
 338      3A8F7322 
 339 09d9 F82807AA 		.ascii	"\370(\007\252\352\006Kc\223P\031i!ga\356\227\320-\274"
 339      EA064B63 
 339      93501969 
 339      216761EE 
 339      97D02DBC 
 340 09ed 3813F658 		.ascii	"8\023\366X\315,\333\016\035\316\276\347\200o3f\342h"
 340      CD2CDB0E 
 340      1DCEBEE7 
 340      806F3366 
 340      E268
 341 09ff 77B706DF 		.ascii	"w\267\006\337\021V\220\272\231:\007\334\303\230\256"
 341      115690BA 
 341      993A07DC 
 341      C398AE
 342 0a0e 5B79894E 		.ascii	"[y\211Nx\20011\2315/\035\361\020c\316\216\017,b\374"
 342      78803131 
 342      99352F1D 
 342      F11063CE 
 342      8E0F2C62 
 343 0a23 80310BA5 		.ascii	"\2001\013\2457x%\036c\314\231\272\256\272Ux\2021\271"
 343      3778251E 
 343      63CC99BA 
 343      AEBA5578 
 343      8231B9
 344 0a36 63954755 		.ascii	"c\225GUl\261\342a\363\246:\330zy\027\333\256y\220t4"
 344      6CB1E261 
 344      F3A63AD8 
 344      7A7917DB 
 344      AE799074 
 345 0a4b EED65697 		.ascii	"\356\326V\227Ivk=\020\261\321\237\254*C\377)\256\376"
 345      49766B3D 
 345      10B1D19F 
 345      AC2A43FF 
 345      29AEFE
 346 0a5e 9D96E83D 		.ascii	"\235\226\350=\226{\236F\011\272\333\272l\263\015\325"
 346      967B9E46 
 346      09BADBBA 
 346      6CB30DD5 
 347 0a6e 7F88F05E 		.ascii	"\177\210\360^K\370\212\2325+A\367YEKJ\304\324\025\226"
 347      4BF88A9A 
 347      352B41F7 
 347      59454B4A 
 347      C4D41596 
 348 0a82 AAA3D652 		.ascii	"\252\243\326Ru\252L\262\003\272k\335+\246\331,\203\006"
 348      75AA4CB2 
 348      03BA6BDD 
 348      2BA6D92C 
 348      8306
 349 0a94 A0EC936D 		.ascii	"\240\354\223m\036\352\027\272\220\014x\000\0314\014"
 349      1EEA17BA 
 349      900C7800 
 349      19340C
 350 0aa3 59F323D0 		.ascii	"Y\363#\320 \320\020\320C\2401\240\373@#f\353M\267$@"
ARM GAS  /tmp/cc9HqDra.s 			page 28


 350      20D010D0 
 350      43A031A0 
 350      FB402366 
 350      EB4DB724 
 351 0ab8 F72C15AF 		.ascii	"\367,\025\257\334q\266I\340]\326\341\3069\262\224\306"
 351      DC71B649 
 351      E05DD6E1 
 351      C639B294 
 351      C6
 352 0ac9 BF323BDF 		.ascii	"\2772;\337\216\232-\233\343l\361%W\000\247\306\364\026"
 352      8E9A2D9B 
 352      E36CF125 
 352      5700A7C6 
 352      F416
 353 0adb C86D56C0 		.ascii	"\310mV\300\011c\005\274\314*`\365l\336\031\015\333\025"
 353      096305BC 
 353      CC2A60F5 
 353      6CDE190D 
 353      DB15
 354 0aed 61C9C1C8 		.ascii	"a\311\301\310\225\035\214:^\\\235\327\3409\232\204\362"
 354      951D8C3A 
 354      5E5C9DD7 
 354      E0399A84 
 354      F2
 355 0afe 0B91D9D3 		.ascii	"\013\221\331\323\260\351sC \014\261\303\032ya-C\263"
 355      B0E97343 
 355      200CB1C3 
 355      1A79612D 
 355      43B3
 356 0b10 B0284D71 		.ascii	"\260(MqX\030\006Y:\017\312\247\377\2274\303\275\222"
 356      58180659 
 356      3A0FCAA7 
 356      FF9734C3 
 356      BD92
 357 0b22 5EAD1CDB 		.ascii	"^\255\034\333\036Cpg\25153\020\373ivhK\037=\237\207"
 357      1E437067 
 357      A9353310 
 357      FB697668 
 357      4B1F3D9F 
 358 0b37 C4828CA8 		.ascii	"\304\202\214\250\354G\360|\222\016\334\023Z\220\251"
 358      EC47F07C 
 358      920EDC13 
 358      5A90A9
 359 0b46 0F94811E 		.ascii	"\017\224\201\036\373\246g\017(l\272\373\324\350\356"
 359      FBA6670F 
 359      286CBAFB 
 359      D4E8EE
 360 0b55 3A2A3EA2 		.ascii	":*>\242ljAn)^|q\375\214\212\177\312\304?\243\342\213"
 360      6C6A416E 
 360      295E7C71 
 360      FD8C8A7F 
 360      CAC43FA3 
 361 0b6b F2AE1638 		.ascii	"\362\256\0268HC\177\307,\364\317\205\320?\247\241?\276"
 361      48437FC7 
 361      2CF4CF85 
 361      D03FA7A1 
 361      3FBE
ARM GAS  /tmp/cc9HqDra.s 			page 29


 362 0b7d B890E624 		.ascii	"\270\220\346$\005\223\027\303\"xN\000\317Q\360\335\336"
 362      059317C3 
 362      22784E00 
 362      CF51F0DD 
 362      DE
 363 0b8e B65407BC 		.ascii	"\266T\007\274\310&xv\316\017yN8FI\231\304\352\232\243"
 363      C8267876 
 363      CE0F794E 
 363      38464999 
 363      C4EA9AA3 
 364 0ba2 0A392743 		.ascii	"\0129'C/iP\241ed\357\3305\271\364};y\305)\332\275\300"
 364      2F6950A1 
 364      6564EFD8 
 364      35B9F47D 
 364      3B79C529 
 365 0bb9 495FB827 		.ascii	"I_\270'f\217v\332\013/\372G\023\354\356\345\034O\342"
 365      668F76DA 
 365      0B2FFA47 
 365      13ECEEE5 
 365      1C4FE2
 366 0bcc 4F84F31F 		.ascii	"O\204\363\037\325s\004\210^\030+)\232\347\344\2043\177"
 366      D5730488 
 366      5E182B29 
 366      9AE7E484 
 366      337F
 367 0bde 57BDC891 		.ascii	"W\275\310\221w\325\223\247;\337\300\327l\231Sw\266\370"
 367      77D593A7 
 367      3BDFC0D7 
 367      6C995377 
 367      B6F8
 368 0bf0 1A9273EC 		.ascii	"\032\222s\354\375 \321\013m\207\3333\2568\332\374$@"
 368      FD20D10B 
 368      6D87DB33 
 368      AE38DAFC 
 368      2440
 369 0c02 065E8696 		.ascii	"\006^\206\2269\301\304\363\025W\023\344\202\211KS\316"
 369      39C1C4F3 
 369      155713E4 
 369      82894B53 
 369      CE
 370 0c13 6722F9B3 		.ascii	"g\"\371\263\320-\013\021\034ze2p\011\014|ei`8&\006\016"
 370      D02D0B11 
 370      1C7A6532 
 370      70090C7C 
 370      65696038 
 371 0c2a 2FE45C11 		.ascii	"/\344\\\021\016\364\344\375wesT\271\332f\026Db!\013"
 371      0EF4E4FD 
 371      77657354 
 371      B9DA6616 
 371      4462210B 
 372 0c3e 22304D83 		.ascii	"\"0M\203\247\011\321s\302\373p\362\212\362\354\310\321"
 372      A709D173 
 372      C2FB70F2 
 372      8AF2ECC8 
 372      D1
 373 0c4f 3D1A96F4 		.ascii	"=\032\226\364\037\022\343\206R\232V\344`4vCQ\230\010"
 373      1F12E386 
ARM GAS  /tmp/cc9HqDra.s 			page 30


 373      529A56E4 
 373      60347643 
 373      519808
 374 0c62 8BC1CE46 		.ascii	"\213\301\316F\221\224\201\036\015\3039\325N\270\211"
 374      9194811E 
 374      0DC339D5 
 374      4EB889
 375 0c71 852B77E8 		.ascii	"\205+w\350\340\254\235\340[g\366o\027\357AI\206\224"
 375      E0AC9DE0 
 375      5B67F66F 
 375      17EF4149 
 375      8694
 376 0c83 8842EC8B 		.ascii	"\210B\354\213C,6-dpk\356Z\034um\360\370\350\001G<\310"
 376      432C362D 
 376      64706BEE 
 376      5A1C756D 
 376      F0F8E801 
 377 0c9a A4A5358C 		.ascii	"\244\2455\214\347\253\004i\215\337\263/\016'\331\027"
 377      E7AB0469 
 377      8DDFB32F 
 377      0E27D917 
 378 0caa 87785152 		.ascii	"\207xQR\274\245\244\004*\251s\244z;\236\2645\212Gf*"
 378      BCA5A404 
 378      2AA973A4 
 378      7A3B9EB4 
 378      358A4766 
 379 0cbf D31CC43C 		.ascii	"\323\034\304<\251\317\037n\017\347]\243~E\007!\321("
 379      A9CF1F6E 
 379      0FE75DA3 
 379      7E450721 
 379      D128
 380 0cd1 1CEDC672 		.ascii	"\034\355\306r\302\231\313O\242\362/\264\324\365\012"
 380      C299CB4F 
 380      A2F22FB4 
 380      D4F50A
 381 0ce0 718C2367 		.ascii	"q\214#g\250\345\207]\231\302\021k\232\276\037\355\033"
 381      A8E5875D 
 381      99C2116B 
 381      9ABE1FED 
 381      1B
 382 0cf1 4D70C2F3 		.ascii	"Mp\302\363\314\200;}\017\016i\244{-\222;\306\335\266"
 382      CC803B7D 
 382      0F0E69A4 
 382      7B2D923B 
 382      C6DDB6
 383 0d04 0CEDC3D2 		.ascii	"\014\355\303\322\275\026\314\324\256}\302w\257A\372"
 383      BD16CCD4 
 383      AE7DC277 
 383      AF41FA
 384 0d13 BABCADF3 		.ascii	"\272\274\255\363\271\003\206\025\232\256\247\207\022"
 384      B9038615 
 384      9AAEA787 
 384      12
 385 0d20 26ED8CEF 		.ascii	"&\355\214\357\316\343~\366\363\000y\3374\222\377\330"
 385      CEE37EF6 
 385      F30079DF 
 385      3492FFD8 
ARM GAS  /tmp/cc9HqDra.s 			page 31


 386 0d30 41AA1C16 		.ascii	"A\252\034\026Q\333\312\333GNF\011E\361\026\341/\215"
 386      51DBCADB 
 386      474E4609 
 386      45F116E1 
 386      2F8D
 387 0d42 34D41A97 		.ascii	"4\324\032\227_\342gYm[\003\234+\2311\203\3115\313\266"
 387      5FE26759 
 387      6D5B039C 
 387      2B993183 
 387      C935CBB6 
 388 0d56 779C69C6 		.ascii	"w\234i\306\324\233d\005\356Yr\336f\313 \034\206\334"
 388      D49B6405 
 388      EE5972DE 
 388      66CB201C 
 388      86DC
 389 0d68 62053F9D 		.ascii	"b\005?\235\332A\373\320\301?6\236\313YZm\023\235x\243"
 389      DA41FBD0 
 389      C13F369E 
 389      CB595A6D 
 389      139D78A3 
 390 0d7c B856188D 		.ascii	"\270V\030\215zZ4\226\012\033\355\361\036f\345\201\375"
 390      7A5A3496 
 390      0A1BEDF1 
 390      1E66E581 
 390      FD
 391 0d8d 2F1A9578 		.ascii	"/\032\225x?cJ\246\316\22782d\225\224w\025\370'\347\247"
 391      3F634AA6 
 391      CE973832 
 391      64959477 
 391      15F827E7 
 392 0da2 4F29F021 		.ascii	"O)\360!\001\\\234\371Xii\362\0110\202\255\371\031X\254"
 392      015C9CF9 
 392      586969F2 
 392      093082AD 
 392      F91958AC 
 393 0db6 992434E1 		.ascii	"\231$4\341Y\035\330\322d\233h\343\314sf3/\365\345\311"
 393      591DD8D2 
 393      649B68E3 
 393      CC736633 
 393      2FF5E5C9 
 394 0dca 71479CCE 		.ascii	"qG\234\316\364\246\266\345o\262\376}\304\306\030?\232"
 394      F4A6B6E5 
 394      6FB2FE7D 
 394      C4C6183F 
 394      9A
 395 0ddb 5ABCE884 		.ascii	"Z\274\350\204\217\263\336e%\345\265\302\027\260udN_"
 395      8FB3DE65 
 395      25E5B5C2 
 395      17B07564 
 395      4E5F
 396 0ded B8D6AAC6 		.ascii	"\270\326\252\306Y\354\331b\362\361B\007\234\315\230"
 396      59ECD962 
 396      F2F14207 
 396      9CCD98
 397 0dfc 234FFA1E 		.ascii	"#O\372\036\0129\353A\326\303\314\037\366;\340\213\354"
 397      0A39EB41 
 397      D6C3CC1F 
ARM GAS  /tmp/cc9HqDra.s 			page 32


 397      F63BE08B 
 397      EC
 398 0e0d D972725C 		.ascii	"\331rr\\\232=.bLJkJ\246\032\2272fa,\245\013\261^\032"
 398      9A3D2E62 
 398      4C4A6B4A 
 398      A61A9732 
 398      66612CA5 
 399 0e25 49B6BA0A 		.ascii	"I\266\272\012\331\232\373|\317a5\256d\330\316\256\250"
 399      D99AFB7C 
 399      CF6135AE 
 399      64D8CEAE 
 399      A8
 400 0e36 5201AB06 		.ascii	"R\001\253\0066\362B\305%;\233\371Rh\314\227\002V\252"
 400      36F242C5 
 400      253B9BF9 
 400      5268CC97 
 400      0256AA
 401 0e49 9272B32A 		.ascii	"\222r\263*\025\322bD^\274\346A</\322bTD\343YhL\201\210"
 401      15D26244 
 401      5EBCE641 
 401      3C2FD262 
 401      5444E359 
 402 0e61 EBF11388 		.ascii	"\353\361\023\210\005\355\265^\303\266\216$\336TK\245"
 402      05EDB55E 
 402      C3B68E24 
 402      DE544BA5 
 403 0e71 17E39F90 		.ascii	"\027\343\237\220~\265\255\367#\\\303\234z\326\332{\037"
 403      7EB5ADF7 
 403      235CC39C 
 403      7AD6DA7B 
 403      1F
 404 0e82 E13AC644 		.ascii	"\341:\306D55\234\261\307M\214\231<\327R\257\300\267"
 404      35359CB1 
 404      C74D8C99 
 404      3CD752AF 
 404      C0B7
 405 0e94 19333C32 		.ascii	"\0313<2\177\031\343\273\2149=\231\221\004{b\241\317"
 405      7F19E3BB 
 405      8C393D99 
 405      91047B62 
 405      A1CF
 406 0ea6 F054ABF0 		.ascii	"\360T\253\360\012v7\231S\013\323\227\356\030CH\276Y"
 406      0A763799 
 406      530BD397 
 406      EE184348 
 406      BE59
 407 0eb8 8E3F7BB0 		.ascii	"\216?{\260\254\304\367)\370\237\362\333\232O8\220\015"
 407      ACC4F729 
 407      F89FF2DB 
 407      9A4F3890 
 407      0D
 408 0ec9 AF8BBBF8 		.ascii	"\257\213\273\370\363\020\256\031|J8_\265\\n\227\230"
 408      F310AE19 
 408      7C4A385F 
 408      B55C6E97 
 408      98
 409 0eda D3C8D3AF 		.ascii	"\323\310\323\257\034G\2603J\205\002V\203]L\323\005\035"
ARM GAS  /tmp/cc9HqDra.s 			page 33


 409      1C47B033 
 409      4A850256 
 409      835D4CD3 
 409      051D
 410 0eec C2920D2D 		.ascii	"\302\222\015-\371.R\255\205\177\3410\273\001\235/\240"
 410      F92E52AD 
 410      857FE130 
 410      BB019D2F 
 410      A0
 411 0efd 8DBE9B6F 		.ascii	"\215\276\233o\177S\340\200\337\266\223m\327H>\037\023"
 411      7F53E080 
 411      DFB6936D 
 411      D7483E1F 
 411      13
 412 0f0e D0A68C3C 		.ascii	"\320\246\214<\212ml++@\336U\372\220\340\351\251\004"
 412      8A6D6C2B 
 412      2B40DE55 
 412      FA90E0E9 
 412      A904
 413 0f20 7BA036EC 		.ascii	"{\2406\354\216j\201n\001u\000\325\0035\000]\003\272"
 413      8E6A816E 
 413      017500D5 
 413      0335005D 
 413      03BA
 414 0f32 0DD40ED4 		.ascii	"\015\324\016\324\014\324\012\324\002t\035\350\016\320"
 414      0CD40AD4 
 414      02741DE8 
 414      0ED0
 415 0f40 5DA03AA0 		.ascii	"]\240:\240j\240*\240\033@M@\215X\372*bV\313,=\015\226"
 415      6AA02AA0 
 415      1B404D40 
 415      8D58FA2A 
 415      6256CB2C 
 416 0f57 9EB1B434 		.ascii	"\236\261\2644K\032\005\022\267\241\235\341\024}\020"
 416      4B1A0512 
 416      B7A19DE1 
 416      147D10
 417 0f66 A2704040 		.ascii	"\242p@@\233\336\201\3547\213\031\310\356\376B\224]f"
 417      9BDE81EC 
 417      378B19C8 
 417      EEFE4294 
 417      5D66
 418 0f78 29DB6C57 		.ascii	")\333lWOb\326(\211\331\017\326c&\221=+\221}\331\022"
 418      4F62D628 
 418      89D90FD6 
 418      6326913D 
 418      2B917DD9 
 419 0f8d 6D76BC25 		.ascii	"mv\274%\350y\011\272\304:\332h\012\025\276S\204WZ"
 419      E87909BA 
 419      C43ADA68 
 419      0A15BE53 
 419      84575A
 420 0fa0 C2F7484D 		.ascii	"\302\367HM!'\214q!(\260.\240d\313\240\354\305\226\302"
 420      21278C71 
 420      2128B02E 
 420      A064CBA0 
 420      ECC596C2 
ARM GAS  /tmp/cc9HqDra.s 			page 34


 421 0fb4 BB2511BF 		.ascii	"\273%\021\277`)\374\374\012\370\270\004~\316\022~v\005"
 421      6029FCFC 
 421      0AF8B804 
 421      7ECE127E 
 421      7605
 422 0fc6 7C4802CF 		.ascii	"|H\002\317\266\016\227\034\216j\373\235\351\341\010"
 422      B60E971C 
 422      8E6AFB9D 
 422      E9E108
 423 0fd5 50E68723 		.ascii	"P\346\207#\"j\244_8\034\021YW,e5[\306\270Q\2429\327"
 423      226AA45F 
 423      381C1159 
 423      572C6535 
 423      5BC6B851 
 424 0fec 129DC459 		.ascii	"\022\235\304Y\016w\333\027\342p\227[M\016\211\3546\211"
 424      0E77DB17 
 424      E270975B 
 424      4D0E89EC 
 424      3689
 425 0ffe EC1C     		.ascii	"\354\034"
 426 1000 EB31938E 		.ascii	"\3531\223\216\266\004}\312zN\233EX\222\034\245\326\335"
 426      B6047DCA 
 426      7A4E9B45 
 426      58921CA5 
 426      D6DD
 427 1012 34194E2A 		.ascii	"4\031N*\2010\334\2310\334'\005\270q\315B\307E[H\305"
 427      8130DC99 
 427      30DC2705 
 427      B871CD42 
 427      C7455B48 
 428 1027 1C38D82A 		.ascii	"\0348\330*\307\373\350\2278\256\357aQ\242\332\370M\323"
 428      C7FBE897 
 428      38AEEF61 
 428      51A2DAF8 
 428      4DD3
 429 1039 72CAA32E 		.ascii	"r\312\243.\230\351\177\217Y/\274,\031\243\357\315\356"
 429      98E97F8F 
 429      592FBC2C 
 429      19A3EFCD 
 429      EE
 430 104a 81C24E71 		.ascii	"\201\302NqcH\262\200}\277\037\031\252\221K\217&\367"
 430      6348B280 
 430      7DBF1F19 
 430      AA914B8F 
 430      26F7
 431 105c B0F41CD3 		.ascii	"\260\364\034\323\215\331\321\004\256\326\3161W\314\316"
 431      8DD9D104 
 431      AED6CE31 
 431      57CCCE
 432 106b 313D02B8 		.ascii	"1=\002\270\207\202k\236\337\315\261\307\351\354\333"
 432      87826B9E 
 432      DFCDB1C7 
 432      E9ECDB
 433 107a 64574B99 		.ascii	"dWK\231\270\367]\275`\261\367\355\025\015\353\265\334"
 433      B8F75DBD 
 433      60B1F7ED 
 433      150DEBB5 
ARM GAS  /tmp/cc9HqDra.s 			page 35


 433      DC
 434 108b 51F6D11D 		.ascii	"Q\366\321\035\345\351\271\027\211N8\207\011\233\231"
 434      E5E9B917 
 434      894E3887 
 434      099B99
 435 109a 2B30EE4F 		.ascii	"+0\356O\273\203\315\266\276\375\242\240~KA\003\370-"
 435      BB83CDB6 
 435      BEFDA2A0 
 435      7E4B4103 
 435      F82D
 436 10ac D93F6B43 		.ascii	"\331?kC\202\365\006\255\277\376\257Z]\210\177@\360\216"
 436      82F506AD 
 436      BFFEAF5A 
 436      5D887F40 
 436      F08E
 437 10be 30DDDA10 		.ascii	"0\335\332\020_\275a\355\272_\257]\353\311\376\202C="
 437      5FBD61ED 
 437      BA5FAF5D 
 437      EBC9FE82 
 437      433D
 438 10d0 83FC033C 		.ascii	"\203\374\003<\0110\324s\203\367'^\237\354\"\015~\301"
 438      0930D473 
 438      83F7275E 
 438      9FEC220D 
 438      7EC1
 439 10e2 7A9DF6DB 		.ascii	"z\235\366\333\017\002\327\372)\177\377\307\317V{\255"
 439      0F02D7FA 
 439      297FFFC7 
 439      CF567BAD 
 440 10f2 5F2FFBCD 		.ascii	"_/\373\315\353\367\221\375#\323\034\372\235\277\301"
 440      EBF791FD 
 440      23D31CFA 
 440      9DBFC1
 441 1101 6FA7F62B 		.ascii	"o\247\366+}p\240\326?T\377\372\022v\312\\\230\004\335"
 441      7D70A0D6 
 441      3F54FFFA 
 441      1276CA5C 
 441      9804DD
 442 1114 2E7F83A9 		.ascii	".\177\203\251\277\332\347s/\355\026\337\240\355\001"
 442      BFDAE773 
 442      2FED16DF 
 442      A0ED01
 443 1123 3ABDF34A 		.ascii	":\275\363J\3370HP\006\351v\031\014\376\201:\225V\033"
 443      DF304850 
 443      06E97619 
 443      0CFE813A 
 443      95561B
 444 1136 E61F6478 		.ascii	"\346\037dx\367\035\255!\006y\356\014\016\324y\372\372"
 444      F71DAD21 
 444      0679EE0C 
 444      0ED479FA 
 444      FA
 445 1147 85EAD604 		.ascii	"\205\352\326\004\370\376\305sc\260_X\240.\010T\177\252"
 445      F8FEC573 
 445      63B05F58 
 445      A02E0854 
 445      7FAA
ARM GAS  /tmp/cc9HqDra.s 			page 36


 446 1159 F30DFC83 		.ascii	"\363\015\374\203\347&\277\000\377\220P\235V\267&$\314"
 446      E726BF00 
 446      FF90509D 
 446      56B72624 
 446      CC
 447 116a EF9B773C 		.ascii	"\357\233w<?\015\016\016\010\365\334\341\347\267\306"
 447      3F0D0E0E 
 447      08F5DCE1 
 447      E7B7C6
 448 1179 571FB826 		.ascii	"W\037\270&(8H\267F\347\373\027\3775\037\254yg\335\372"
 448      283848B7 
 448      46E7FB17 
 448      FF351FAC 
 448      7967DDFA 
 449 118d 0FD6FCF5 		.ascii	"\017\326\374\365\2755\201\276_\007\353=\315\236z\372"
 449      BD3581BE 
 449      5F07EB3D 
 449      CD9E7AFA 
 450 119d 07F90584 		.ascii	"\007\371\005\204m\327y\006\372\372\355\364\017\322y"
 450      6DD77906 
 450      FAFAEDF4 
 450      0FD279
 451 11ac 6AB7EBBE 		.ascii	"j\267\353\276\362\015\0130h\015\337\207\350B\301%\245"
 451      F20D0B30 
 451      680DDF87 
 451      E842C125 
 451      A5
 452 11bd D1A0FFF9 		.ascii	"\321\240\377\371\273\332\023\372}\250\2476\324\260\035"
 452      BBDA13FA 
 452      7DA8A736 
 452      D4B01D
 453 11cc 9483110E 		.ascii	"\224\203\021\016\300\222\370h\015\357\377\344h\370\005"
 453      C092F868 
 453      0DEFFFE4 
 453      68F805
 454 11db 07425875 		.ascii	"\007BXu\372P\317\337{y\221\307&/\002|Ci\204\345$\324"
 454      FA50CFDF 
 454      7B7991C7 
 454      262F027C 
 454      436984E5 
 455 11f1 F6E42E38 		.ascii	"\366\344.8\314\300\205\255W\350\276\013\364\015\375"
 455      CCC085AD 
 455      57E8BE0B 
 455      F40DFD
 456 1200 46ADFB16 		.ascii	"F\255\373\026\\!wZ\203<T\027\030\342\010\235\265p\343"
 456      5C21775A 
 456      833C5417 
 456      18E2089D 
 456      B570E3
 457 1213 1BB21386 		.ascii	"\033\262\023\206\027\373\005\031\034\264Z!\022\366\302"
 457      17FB0519 
 457      1CB45A21 
 457      12F6C2
 458 1222 D50E5AB5 		.ascii	"\325\016Z\265\206\177\261\264\310\350\002\334\203f\265"
 458      867FB1B4 
 458      C8E802DC 
 458      8366B5
ARM GAS  /tmp/cc9HqDra.s 			page 37


 459 1231 4988D680 		.ascii	"I\210\326\200\015\372\020g\303N\275\316w\273V\257\373"
 459      0DFA1067 
 459      C34EBDCE 
 459      77BB56AF 
 459      FB
 460 1242 4AA7D705 		.ascii	"J\247\327\005\371A3\012\301\201\241;\354\200@f\250\301"
 460      F941330A 
 460      C181A13B 
 460      EC804066 
 460      A8C1
 461 1254 D7A07360 		.ascii	"\327\240s`y\360!\350\022\256J\003}\000\326\371\031v"
 461      79F021E8 
 461      12AE4A03 
 461      7D00D6F9 
 461      1976
 462 1266 8560FDFA 		.ascii	"\205`\375\372\365J\275n\007\304Nkx\373u\022\024,\201"
 462      F54ABD6E 
 462      07C44E6B 
 462      78FB7512 
 462      142C81
 463 1279 4EEB38FD 		.ascii	"N\3538\375\3578\375\207\234\376\003N\377>\247\377wN"
 463      EF38FD87 
 463      9CFE034E 
 463      FF3EA7FF 
 463      774E
 464 128b FF9E9A65 		.ascii	"\377\236\232ed\220\001\344r\001z%\273\323\032T$\000"
 464      649001E4 
 464      72017A25 
 464      BBD31A54 
 464      2400
 465 129d CC56852E 		.ascii	"\314V\205.\204DF)Xn\260\367\013\323\203\351\014BFF\027"
 465      84444629 
 465      586EB0F7 
 465      0BD383E9 
 465      0C424646 
 466 12b2 68CF9E85 		.ascii	"h\317\236\205j\304&0uWH\250\236\013\361S\004\350A\322"
 466      6AC42630 
 466      755748A8 
 466      9E0BF153 
 466      04E841D2 
 467 12c6 76D0FF0E 		.ascii	"v\320\377\016\247\177\227\323\303\377\365\234~\235Z"
 467      A77F97D3 
 467      C3FFF59C 
 467      7E9D5A
 468 12d5 982B449F 		.ascii	"\230+D\237\334o\247\257\036\274\336\2413h\267\371ls"
 468      DC6FA7AF 
 468      1EBCDEA1 
 468      3368B7F9 
 468      6C73
 469 12e7 F40DF8CE 		.ascii	"\364\015\370\316\367\373P0+\000\222\362\267R\007\001"
 469      F7FB5030 
 469      2B0092F2 
 469      B7520701 
 470 12f7 EFE9F589 		.ascii	"\357\351\365\211\317V\037S\234\351\374\363\013\334\034"
 470      CF561F53 
 470      9CE9FCF3 
 470      0BDC1C
ARM GAS  /tmp/cc9HqDra.s 			page 38


 471 1306 16E44752 		.ascii	"\026\344GRE\013\303F\205\270R\371aA\001\301~\337\210"
 471      450BC346 
 471      85B852F9 
 471      614101C1 
 471      7EDF88
 472 1319 B351D2E8 		.ascii	"\263Q\322\350\310\240\037o\360\331\264\315{\253\203"
 472      C8A01F6F 
 472      F0D9B4CD 
 472      7BAB83
 473 1328 F7269F4D 		.ascii	"\367&\237M\336\237o\332\270N\276\325g\203\267\374\223"
 473      DE9F6FDA 
 473      B84EBED5 
 473      6783B7FC 
 473      93
 474 1339 4F367BE3 		.ascii	"O6{\343\015\033\275\361F\270n\333\354-\337\260\331\307"
 474      0D1BBDF1 
 474      46B86EDB 
 474      EC2DDFB0 
 474      D9C7
 475 134b 5BFEF1E6 		.ascii	"[\376\361\346\015\336v\360\010\000\033\011\277\205\374"
 475      0DDE76F0 
 475      08001B09 
 475      BF85FC
 476 135a F3827F76 		.ascii	"\363\202\177v>[\274|\274\261\317\226m\330\313\013\256"
 476      3E5BBC7C 
 476      BCB1CF96 
 476      6DD8CB0B 
 476      AE
 477 136b 5EDE761B 		.ascii	"^\336v\033\266z{y\313?\377\364O\336\362\255\360\314"
 477      B67A7B79 
 477      CB3FFFF4 
 477      4FDEF2AD 
 477      F0CC
 478 137d CE6BDB67 		.ascii	"\316k\333g[7\302\377\015^\336\277z-\227\336#\231\353"
 478      5B37C2FF 
 478      0D5EDEBF 
 478      7A2D97DE 
 478      2399EB
 479 1390 E3F5B1F6 		.ascii	"\343\365\261\366SHcgj\271\2313\016\246\246\377\003\227"
 479      53486367 
 479      6AB99933 
 479      0EA6A6FF 
 479      0397
 480 13a2 BCBFEC   		.ascii	"\274\277\354"
 481              		.text
 482              		.section	.gnu.lto_.symtab.b22e34dd7fbd812c,"",%progbits
 483 0000 5356435F 		.ascii	"SVC_Handler\000"
 483      48616E64 
 483      6C657200 
 484 000c 00       		.ascii	"\000"
 485 000d 00       		.ascii	"\000"
 486 000e 00       		.ascii	"\000"
 487 000f 00000000 		.ascii	"\000\000\000\000\000\000\000\000"
 487      00000000 
 488 0017 C2000000 		.ascii	"\302\000\000\000"
 489 001b 5F706F72 		.ascii	"_port_irq_epilogue\000"
 489      745F6972 
ARM GAS  /tmp/cc9HqDra.s 			page 39


 489      715F6570 
 489      696C6F67 
 489      756500
 490 002e 00       		.ascii	"\000"
 491 002f 00       		.ascii	"\000"
 492 0030 00       		.ascii	"\000"
 493 0031 00000000 		.ascii	"\000\000\000\000\000\000\000\000"
 493      00000000 
 494 0039 C4000000 		.ascii	"\304\000\000\000"
 495 003d 6E696C00 		.ascii	"nil\000"
 496 0041 00       		.ascii	"\000"
 497 0042 02       		.ascii	"\002"
 498 0043 00       		.ascii	"\000"
 499 0044 00000000 		.ascii	"\000\000\000\000\000\000\000\000"
 499      00000000 
 500 004c 55010000 		.ascii	"U\001\000\000"
 501 0050 5F706F72 		.ascii	"_port_switch_from_isr\000"
 501      745F7377 
 501      69746368 
 501      5F66726F 
 501      6D5F6973 
 502 0066 00       		.ascii	"\000"
 503 0067 02       		.ascii	"\002"
 504 0068 00       		.ascii	"\000"
 505 0069 00000000 		.ascii	"\000\000\000\000\000\000\000\000"
 505      00000000 
 506 0071 BE000000 		.ascii	"\276\000\000\000"
 507 0075 5F706F72 		.ascii	"_port_exit_from_isr\000"
 507      745F6578 
 507      69745F66 
 507      726F6D5F 
 507      69737200 
 508 0089 00       		.ascii	"\000"
 509 008a 02       		.ascii	"\002"
 510 008b 00       		.ascii	"\000"
 511 008c 00000000 		.ascii	"\000\000\000\000\000\000\000\000"
 511      00000000 
 512 0094 C0000000 		.ascii	"\300\000\000\000"
 513              		.text
 514              		.section	.gnu.lto_.opts,"",%progbits
 515 0000 272D666D 		.ascii	"'-fmath-errno' '-fsigned-zeros' '-ftrapping-math' '"
 515      6174682D 
 515      6572726E 
 515      6F272027 
 515      2D667369 
 516 0033 2D666E6F 		.ascii	"-fno-trapv' '-fno-openmp' '-fno-openacc' '-mcpu=cor"
 516      2D747261 
 516      70762720 
 516      272D666E 
 516      6F2D6F70 
 517 0066 7465782D 		.ascii	"tex-m4' '-mno-thumb-interwork' '-mthumb' '-O2' '-fo"
 517      6D342720 
 517      272D6D6E 
 517      6F2D7468 
 517      756D622D 
 518 0099 6D69742D 		.ascii	"mit-frame-pointer' '-falign-functions=16' '-ffuncti"
 518      6672616D 
ARM GAS  /tmp/cc9HqDra.s 			page 40


 518      652D706F 
 518      696E7465 
 518      72272027 
 519 00cc 6F6E2D73 		.ascii	"on-sections' '-fdata-sections' '-fno-common' '-flto"
 519      65637469 
 519      6F6E7327 
 519      20272D66 
 519      64617461 
 520 00ff 2700     		.ascii	"'\000"
 521              		.text
 522              		.comm	__gnu_lto_v1,1,1
 523              		.comm	__gnu_lto_slim,1,1
 524              		.ident	"GCC: (GNU Tools for Arm Embedded Processors 7-2017-q4-major) 7.2.1 20170904 (release) [ARM
ARM GAS  /tmp/cc9HqDra.s 			page 41


DEFINED SYMBOLS
                            *ABS*:0000000000000000 nilcore_v7m.c
                            *COM*:0000000000000001 __gnu_lto_v1
                            *COM*:0000000000000001 __gnu_lto_slim

NO UNDEFINED SYMBOLS
