ARM GAS  /tmp/ccyUKh2R.s 			page 1


   1              		.cpu cortex-m4
   2              		.eabi_attribute 20, 1
   3              		.eabi_attribute 21, 1
   4              		.eabi_attribute 23, 3
   5              		.eabi_attribute 24, 1
   6              		.eabi_attribute 25, 1
   7              		.eabi_attribute 26, 1
   8              		.eabi_attribute 30, 2
   9              		.eabi_attribute 34, 1
  10              		.eabi_attribute 18, 4
  11              		.file	"pal.c"
  12              		.section	.gnu.lto_.profile.2bba11200bb0fd8c,"",%progbits
  13 0000 789C6363 		.ascii	"x\234cc```\001bF\006\015\031\000\000\344\000P"
  13      60606001 
  13      6246060D 
  13      190000E4 
  13      0050
  14              		.text
  15              		.section	.gnu.lto_.icf.2bba11200bb0fd8c,"",%progbits
  16 0000 789C6363 		.ascii	"x\234cc``\020a@\000f\206y\373\236\335gb\3345\373u\013"
  16      60601061 
  16      40006686 
  16      79FB9EDD 
  16      6762DC35 
  17 0017 07D3EB57 		.ascii	"\007\323\353W[\257\3612\000\000d\021\011}"
  17      5BAFF132 
  17      00006411 
  17      097D
  18              		.text
  19              		.section	.gnu.lto_.jmpfuncs.2bba11200bb0fd8c,"",%progbits
  20 0000 789C6363 		.ascii	"x\234cc``hf@\000f\006FF\306\3729@\212\211\221\221\031"
  20      60606866 
  20      40006606 
  20      4646C6FA 
  20      39408A89 
  21 0017 C4006246 		.ascii	"\304\000bF&\030\207q\0163\023\033\003\003\343\001\026"
  21      26188771 
  21      0E33131B 
  21      0303E301 
  21      16
  22 0028 460620FE 		.ascii	"F\006 \376\017\004\374\014h|F\306)\314\214\323Z\017"
  22      0F04FC0C 
  22      687C46C6 
  22      29CC8CD3 
  22      5A0F
  23 003a 9D67EF66 		.ascii	"\235g\357f\006\352ed`\334\314(\003\024z\275g\303\015"
  23      06EA6564 
  23      60DCCC28 
  23      03147ABD 
  23      67C30D
  24 004d 56881044 		.ascii	"V\210\020D\335\026F\031\246JF\014\323\000\214y&%"
  24      DD164619 
  24      A64A460C 
  24      D3008C79 
  24      2625
  25              		.text
  26              		.section	.gnu.lto_.inline.2bba11200bb0fd8c,"",%progbits
ARM GAS  /tmp/ccyUKh2R.s 			page 2


  27 0000 789C6363 		.ascii	"x\234cc``\370\316\200\000\314\014\014\234\034\214\314"
  27      6060F8CE 
  27      8000CC0C 
  27      0C9C1C8C 
  27      CC
  28 0011 0C0A8C20 		.ascii	"\014\012\214 &\210t\000\223\012\034l\037\364\030\330"
  28      26887400 
  28      930A1C6C 
  28      1FF418D8 
  29 0021 16C83331 		.ascii	"\026\310310\276`g\201\220 \202\003\314\344\000\021\002"
  29      30BE6067 
  29      81902082 
  29      03CCE400 
  29      1102
  30 0033 60A600C8 		.ascii	"`\246\000\310\030F\006>^F\026F\240N\210!\012HF1p3]\340"
  30      1846063E 
  30      5E461646 
  30      A04E8821 
  30      0A484631 
  31 004b 87180564 		.ascii	"\207\030\005d\240\030\302\262@\236\007j\022\363\016"
  31      A018C2B2 
  31      409E076A 
  31      12F30E
  32 005a 710106A0 		.ascii	"q\001\006\240\2352 \276\002X^\001d2\023\003\2670\212"
  32      9D3220BE 
  32      02585E01 
  32      64321303 
  32      B7308A
  33 006d FBA04673 		.ascii	"\373\240Fs\002\345\210s\036\320R\011\220I,\274@\357"
  33      02E58873 
  33      1ED05209 
  33      90492CBC 
  33      40EF
  34 007f 4EF00341 		.ascii	"N\360\003A\006\000\373F \246"
  34      0600FB46 
  34      20A6
  35              		.text
  36              		.section	.gnu.lto_.pureconst.2bba11200bb0fd8c,"",%progbits
  37 0000 789C6363 		.ascii	"x\234cc```\007bf\006)F)&I\000\001\274\000a"
  37      60606007 
  37      62660629 
  37      46292649 
  37      0001BC00 
  38              		.text
  39              		.section	.gnu.lto_palReadBus.2bba11200bb0fd8c,"",%progbits
  40 0000 789C9591 		.ascii	"x\234\225\221\337KTQ\020\307\347{\346\356\331\273\231"
  40      DF4B5451 
  40      10C7E77B 
  40      E6EED9BB 
  40      99
  41 0011 FE0169B0 		.ascii	"\376\001i\260\017\202\370\262\367\277\350\3770_z\020"
  41      0F82F8B2 
  41      F7BFE8FF 
  41      305F7A10 
  42 0021 8A16C137 		.ascii	"\212\026\3017\317\256?\243\002\011\177\300r\223}0\202"
  42      CFAE3FA3 
  42      02097FC0 
ARM GAS  /tmp/ccyUKh2R.s 			page 3


  42      72937D30 
  42      82
  43 0032 204A5C5D 		.ascii	" J\\]]\255\256\253\370\246fD\024D\017\365\224\210\250"
  43      5DADAEAB 
  43      F8A66644 
  43      14440FF5 
  43      9488A8
  44 0045 CFA1CE9C 		.ascii	"\317\241\316\234\253\260\017\275\010\367\316\23593\363"
  44      ABB00FBD 
  44      08F7CE9D 
  44      3933F3
  45 0054 99EFDC63 		.ascii	"\231\357\334c\211h\310\020\345\345\333)/\230`\246\366"
  45      8968C810 
  45      E5E5DB29 
  45      2F9860A6 
  45      F6
  46 0065 884AA101 		.ascii	"\210J\241\001\324q!h\330`\030\317x\232q0\372>\346\247"
  46      D4712168 
  46      D86018CF 
  46      789A7130 
  46      FA3EE6A7 
  47 0079 1C4B5920 		.ascii	"\034KY \341\351n\345O\207\206@^\302\243\343\235\332"
  47      E1E96EE5 
  47      4F878640 
  47      5EC2A3E3 
  47      9DDA
  48 008b EDDED7CE 		.ascii	"\355\336\327\316\225]2\367\302\316\327>\273\\\314\206"
  48      955D32F7 
  48      C2CED73E 
  48      BB5CCC86 
  49 009b 66A5BC86 		.ascii	"f\245\274\206.,\241Kg,\243W\212\307\016\346\306\231"
  49      2E2CA14B 
  49      672CA357 
  49      8AC70EE6 
  49      C699
  50 00ad EF82C4FF 		.ascii	"\357\202\304\377q\362\346gG\317+\337\270\275\300\256"
  50      71F2E667 
  50      47CF2BDF 
  50      B8BDC0AE 
  51 00bd 3B66C60A 		.ascii	";f\306\012\270\265Q\216\010u\364h\375\357\305\363\231"
  51      B8B5518E 
  51      0875F468 
  51      FDEFC5F3 
  51      99
  52 00ce 761B5499 		.ascii	"v\033T\231\224-\310UX\2028\357\276d\022w~1\341\222\243"
  52      942DC855 
  52      588238EF 
  52      BE641277 
  52      7E31E192 
  53 00e3 05BCBC97 		.ascii	"\005\274\274\2273\322\026\260\230L \306f\324\263j\262"
  53      33D216B0 
  53      984C20C6 
  53      66D4B36A 
  53      B2
  54 00f4 5056482A 		.ascii	"PVH*\217&\205!\273\272\204\236H(\336HB\207(7\376>\337"
  54      8F268521 
  54      BBBA849E 
ARM GAS  /tmp/ccyUKh2R.s 			page 4


  54      4828DE48 
  54      42872837 
  55 010b B28AAEB0 		.ascii	"\262\212\256\260\221\241\263c\315\375\254.\313^\363"
  55      91A1B363 
  55      CDFDAC2E 
  55      CB5EF3
  56 011a 467377C7 		.ascii	"Fsw\307V1_r\316\345c\316V8\2135]Pr_'\276\377j\213\336"
  56      56315F72 
  56      CEE563CE 
  56      56388B35 
  56      5D50725F 
  57 0134 BA3415A2 		.ascii	"\2724\025\242\201*fT(a\035\221\260\233\215\\\012\346"
  57      812A6654 
  57      28611D91 
  57      B09B8D5C 
  57      0AE6
  58 0146 5670F83F 		.ascii	"Vp\370?pN\246c\343\012\374\255\336\250\267\013x\264"
  58      704EA663 
  58      E30AFCAD 
  58      DEA8B70B 
  58      78B4
  59 0158 A4A95BF8 		.ascii	"\244\251[\370\340\301\2729>zp\371\032\034\334Hb\033"
  59      E0C1BA39 
  59      3E7A70F9 
  59      1A1CDC48 
  59      621B
  60 016a 3E799251 		.ascii	">y\222QR\342I#g\343HQ\031\221)\300V\272\275\021\335"
  60      52E24923 
  60      67E34851 
  60      199129C0 
  60      56BABD11 
  61 017f 60D3D3FD 		.ascii	"`\323\323\375U5S\372\277kz\350\007X:F9\177u\242?jR\266"
  61      553553FA 
  61      BF6B7AE8 
  61      07583A46 
  61      397F75A2 
  62 0197 929B1041 		.ascii	"\222\233\020Aw\012\205(}\036\026\243\007}\003Q\361q"
  62      770A8528 
  62      7D1E16A3 
  62      077D0351 
  62      F171
  63 01a9 7FF4A86F 		.ascii	"\177\364\250o\240\320O|\177\260x\011F\231\313\001"
  63      A0D04F7C 
  63      7FB07809 
  63      4699CB01 
  64              		.text
  65              		.section	.gnu.lto_palWriteBus.2bba11200bb0fd8c,"",%progbits
  66 0000 789C9553 		.ascii	"x\234\225SKk\023a\024\375\316\334\231\311c:\325\245"
  66      4B6B1361 
  66      14FDCEDC 
  66      99C9633A 
  66      D5A5
  67 0012 68850A4A 		.ascii	"h\205\012J\350&\363/\374\003\375\005m6\012\005\305\350"
  67      E826F32F 
  67      FC03FD05 
  67      6D360A05 
  67      C5E8
ARM GAS  /tmp/ccyUKh2R.s 			page 5


  68 0024 BA93B449 		.ascii	"\272\223\264I\352\013\\\230\024\302\264\204J\253\010"
  68      EA0B5C98 
  68      14C2B484 
  68      4AAB08
  69 0033 A2E22336 		.ascii	"\242\342#6\255u\214Z7\255\322RD\241\270Pp!(\021\\\270"
  69      AD758C5A 
  69      37ADD252 
  69      44A1B850 
  69      70212811 
  70 0049 90C47BBF 		.ascii	"\220\304{\277I4\212\233\0163w\356\363\3343gfl\245\324"
  70      49348A9B 
  70      0E3377EE 
  70      F3DC3367 
  70      666CA5D4 
  71 005d 2829758C 		.ascii	"()u\214\357\207\370\002)\030W^)\225\213\033\2008~\034"
  71      EF87F802 
  71      2918575E 
  71      29958B1B 
  71      80387E1C 
  72 0071 6AD2C024 		.ascii	"j\322\300$.\321UB\263\364i\331\030\271\356\363\021\316"
  72      2ED15542 
  72      B3F469D9 
  72      18B9EEF3 
  72      11CE
  73 0083 7EB78B7E 		.ascii	"~\267\213~\341@\300\343\025\276\344\300=\214p\327\326"
  73      E140C0E3 
  73      15BEE4C0 
  73      3D8C70D7 
  73      D6
  74 0094 F49D802E 		.ascii	"\364\235\200.R@\200\311\341\267\315\352\307A\011\015"
  74      524080C9 
  74      E1B7CDEA 
  74      C741090D 
  75 00a4 0C7358D8 		.ascii	"\014sX\330\232-\022\035\206b\377]\353\346\356`j\321"
  75      9A2D121D 
  75      8662FF5D 
  75      EBE6EE60 
  75      6AD1
  76 00b6 F7F37EB8 		.ascii	"\367\363~\270q\215\374\243\001\021\036\202\030\020\017"
  76      718DFCA3 
  76      01111E82 
  76      18100F
  77 00c5 3084FB18 		.ascii	"0\204\373\030R\234R\250#\305\355s\355\205\227\016\035"
  77      529C52A8 
  77      23C5ED73 
  77      ED85970E 
  77      1D
  78 00d6 D1A34B6B 		.ascii	"\321\243KkA\246;\271\273\250'M<\372w\322TXFJ\332?\334"
  78      41A63BB9 
  78      BBA8274D 
  78      3CFA77D2 
  78      5458464A 
  79 00ed 6D975DDB 		.ascii	"m\227]\333\254\365\330\242\001[\201\235\333\333V\350"
  79      ACF5D8A2 
  79      015B819D 
  79      DBDB56E8 
  80 00fd B73B2526 		.ascii	"\267;%&\260\204\316\361}\200\214\030<l\221\030S\214"
ARM GAS  /tmp/ccyUKh2R.s 			page 6


  80      B084CEF1 
  80      7D808C18 
  80      3C6C9118 
  80      538C
  81 010f C5C6B6C5 		.ascii	"\305\306\266\305\304$\214\213I\210I\262\2119\342\271"
  81      C4248C8B 
  81      498849B2 
  81      8939E2B9 
  82 011f 10924ACD 		.ascii	"\020\222J\3150:\013\347\207\352<\031\342M\205\3523\362"
  82      303A0BE7 
  82      87EA3C19 
  82      E24D85EA 
  82      33F2
  83 0131 EDE297FA 		.ascii	"\355\342\227\372\200,\255\222Q%H\252\221\210b\021\266"
  83      802CAD92 
  83      512548AA 
  83      91886211 
  83      B6
  84 0142 5268BE8E 		.ascii	"Rh\276\216\211F\244\037n\265\271\271n\3270\237c\241"
  84      8946A41F 
  84      6EB5B9B9 
  84      6ED7309F 
  84      63A1
  85 0154 87038A57 		.ascii	"\207\003\212W\311\305\012?\221\324vJo\337;\336-?*\231"
  85      C9C50A3F 
  85      91D4764A 
  85      6FDF3BDE 
  85      2D3F2A99 
  86 0168 58450D65 		.ascii	"XE\015e\375\002\360\030\036\003O\375,\"B6\3652\352_"
  86      FD02F018 
  86      1E034FFD 
  86      2C224236 
  86      F532EA5F 
  87 017c 66ED093D 		.ascii	"f\355\011=\2015\215.B\341I\204^\351\241w\321\266[\033"
  87      81358D2E 
  87      42E14984 
  87      5EE9A177 
  87      D1B65B1B 
  88 0190 738E50B7 		.ascii	"s\216P\267\261\037!\303pO\253\327\023\323$\354\277X"
  88      B11F21C3 
  88      704FABD7 
  88      13D324EC 
  88      BF58
  89 01a2 F13E44AC 		.ascii	"\361>D\254\376\364%t\332\352g\232\334\023\323$\236j"
  89      FEF42574 
  89      DAEA679A 
  89      DC13D324 
  89      9E6A
  90 01b4 A686306D 		.ascii	"\246\2060mFL\177\364\320\035M$\301\271\346\316\005\235"
  90      464C7FF4 
  90      D01D4D24 
  90      C1B9E6CE 
  90      059D
  91 01c6 EB973CF9 		.ascii	"\353\227<\371?\311y$\211g\335Uo\352\215\272\313\253"
  91      3FC97924 
  91      8967DD55 
  91      6FEA8DBA 
ARM GAS  /tmp/ccyUKh2R.s 			page 7


  91      CBAB
  92 01d8 A673521A 		.ascii	"\246sR\032\300s\275J4\347\342\312\374\302\015\374.\272"
  92      C073BD4A 
  92      34E7E2CA 
  92      FCC20DFC 
  92      2EBA
  93 01ea 7801AFCC 		.ascii	"x\001\257\314\037\036\323X\207\307\273\325W\344k\235"
  93      1F1ED358 
  93      87C7BBD5 
  93      57E46B9D 
  94 01fa CB7AADFE 		.ascii	"\313z\255\376KfXN\376.\230\351\301t\332\213\316SY\357"
  94      4B66584E 
  94      FE2E98E9 
  94      C174DA8B 
  94      CE5359EF 
  95 020e C4D88497 		.ascii	"\304\330\204\227=\223\361N\217M\2443\212\306\317e\315"
  95      3D93F14E 
  95      8F4DA433 
  95      8AC6CF65 
  95      CD
  96 021f F19367B3 		.ascii	"\361\223g\263\277\000\266\337\012\015"
  96      BF00B6DF 
  96      0A0D
  97              		.text
  98              		.section	.gnu.lto_palSetBusMode.2bba11200bb0fd8c,"",%progbits
  99 0000 789C9592 		.ascii	"x\234\225\222\317K\033A\024\307\337w\336f7?\252gi\025"
  99      CF4B1B41 
  99      14C7DF77 
  99      DE66373F 
  99      AA676915 
 100 0014 22548297 		.ascii	"\"T\202\227\354\237\321\277\303FA\304\222b\360\2341"
 100      EC9FD1BF 
 100      C34641C4 
 100      9262F09C 
 100      31
 101 0025 69124B85 		.ascii	"i\022K\205\026Z#\304E\002\022\204\202\264\305\364G\374"
 101      165A23C4 
 101      45021284 
 101      82B4C5F4 
 101      47FC
 102 0037 B9E6D053 		.ascii	"\271\346\320SmQ<\264\324zh\241\320\242b\351Um\337L\332"
 102      6D513CB4 
 102      D47A68A1 
 102      D0A262E9 
 102      556DDF4C 
 103 004c 437B73D8 		.ascii	"C{s\330\231}o\347}?\363\235\307\272D4\246\210\006\344"
 103      997D6FE7 
 103      7D3FF39D 
 103      C7BA4434 
 103      A68806E4 
 104 0060 7D4D2698 		.ascii	"}M&\230\240\036\274%\232\212*\300\004:\012\312+\344"
 104      A01EBC25 
 104      9A8A2AC0 
 104      043A0ACA 
 104      2BE4
 105 0072 31C38F18 		.ascii	"1\303\217\030\355\312\327\226\032\\\3222\302\271=\257"
 105      EDCAD796 
ARM GAS  /tmp/ccyUKh2R.s 			page 8


 105      1A5CD232 
 105      C2B93DAF 
 106 0082 AC4B3D01 		.ascii	"\254K=\001\023Ue\232\201\025\014J\325\356\235\247\001"
 106      1355659A 
 106      81150C4A 
 106      D5EE9DA7 
 106      01
 107 0093 DFE38001 		.ascii	"\337\343\200\001G\322\037;\265/\335&UHJZ\332\235+3\367"
 107      47D21F3B 
 107      B52FDD26 
 107      55484A5A 
 107      DA9D2B33 
 108 00a8 8124FE70 		.ascii	"\201$\376p\372\370\240;\325\320\272\240\303\203E\326"
 108      FAF8A03B 
 108      D5D0BAA0 
 108      C38345D6 
 109 00b8 D70366BC 		.ascii	"\327\003f\274\000\013\020\317\321\213&zI>\021^\"%\345"
 109      000B10CF 
 109      D18B267A 
 109      493E115E 
 109      2225E5
 110 00cb 3F571A0F 		.ascii	"?W\032\017\023\334o\245\207'\315\371\370\037\351\233"
 110      13DC6FA5 
 110      8727CDF9 
 110      F81FE99B 
 111 00db 86953A78 		.ascii	"\206\225:x\365\277\324!\264\2202\365\237\237]\314v\271"
 111      F5BFD421 
 111      B49032F5 
 111      9F9F5DCC 
 111      76B9
 112 00ed 4EFDAF5D 		.ascii	"N\375\257]\254\302%H\360d/\022\352\213_\025\035\236"
 112      ACC22548 
 112      F0642F12 
 112      EA8B5F15 
 112      1D9E
 113 00ff 35F0E946 		.ascii	"5\360\351FL\211,\302\262\270\216,^\304D.\214\003\017"
 113      4C892CC2 
 113      B2B88E2C 
 113      5EC4442E 
 113      8C030F
 114 0112 1646D3A2 		.ascii	"\026F\323\242\227\336\350\220\356\2622Q1\244\357(\254"
 114      97DEE890 
 114      EEB23251 
 114      31A4EF28 
 114      AC
 115 0123 7E3BCE18 		.ascii	"~;\316\030j\215\225\234W-\265\337y\346\326l\355\256"
 115      6A8D959C 
 115      572DB5DF 
 115      79E6D66C 
 115      EDAE
 116 0135 B7775EBB 		.ascii	"\267w^\273u,LI\353\222\001Gk\354bM,\232\275\375\312"
 116      752C4C49 
 116      EB920147 
 116      6BEC624D 
 116      2C9ABDFD 
 117 014a FBC384BF 		.ascii	"\373\303\204\277\254;[1\254\243\216Y\333Rl\300\267\350"
 117      AC3B5B31 
ARM GAS  /tmp/ccyUKh2R.s 			page 9


 117      ACA38E59 
 117      DB526CC0 
 117      B7E8
 118 015c 5807CC97 		.ascii	"X\007\314\227\"\305\261iI\346\226\330\372\227\344\\"
 118      22C5B169 
 118      49E696D8 
 118      FA97E45C 
 119 016c 8A944068 		.ascii	"\212\224@hI\312\220\266-\251xZF\007\025\021_\002\244"
 119      49CA90B6 
 119      2DA9785A 
 119      46071511 
 119      5F02A4
 120 017f 239493B6 		.ascii	"#\224\223\266\253\"o\265\216>z\371s\035\015\370J\325"
 120      AB226FB5 
 120      8E3E7AF9 
 120      731D0DF8 
 120      4AD5
 121 0191 18401B79 		.ascii	"\030@\033y\222\316\330r/\340.:A\241\276v\3372\354\317"
 121      92CED872 
 121      2FE02E3A 
 121      41A1BE76 
 121      DF32ECCF 
 122 01a5 332D65D2 		.ascii	"3-e\322K9\342j:\355w\236l\316\037\035\032\367s\023\031"
 122      4B39E26A 
 122      3AED779E 
 122      6CCE1F1D 
 122      1AF77313 
 123 01ba FFF6D078 		.ascii	"\377\366\320x:C|s2\347\334\312\016\217\374\006J\366"
 123      3A437C73 
 123      32E7DCCA 
 123      0E8FFC06 
 123      4AF6
 124 01cc C91B     		.ascii	"\311\033"
 125              		.text
 126              		.section	.gnu.lto_.symbol_nodes.2bba11200bb0fd8c,"",%progbits
 127 0000 789C6363 		.ascii	"x\234cc``\010\004b\006\246\245\214\365\014\014\023\316"
 127      60600804 
 127      6206A6A5 
 127      8CF50C0C 
 127      13CE
 128 0012 313000A9 		.ascii	"10\000\251]\015\216@\221e\214\365\214\250\"\313\031"
 128      5D0D8E40 
 128      91658CF5 
 128      8CA822CB 
 128      19
 129 0023 EB995044 		.ascii	"\353\231PD\030W1\3263\203E\030\030\032\032\034\030\030"
 129      185731D6 
 129      33834518 
 129      181A1A1C 
 129      1818
 130 0035 98999819 		.ascii	"\230\231\230\031\226<\374\307\310\000\000GB\0243"
 130      963CFCC7 
 130      C8000047 
 130      421433
 131              		.text
 132              		.section	.gnu.lto_.refs.2bba11200bb0fd8c,"",%progbits
 133 0000 789C6363 		.ascii	"x\234cc```\004b\006\000\000D\000\010"
ARM GAS  /tmp/ccyUKh2R.s 			page 10


 133      60606004 
 133      62060000 
 133      440008
 134              		.text
 135              		.section	.gnu.lto_.decls.2bba11200bb0fd8c,"",%progbits
 136 0000 789CBD58 		.ascii	"x\234\275X{P\024G\032\237\236\336\305eY\300C\357\312"
 136      7B501447 
 136      1A9F9EDE 
 136      C56559C0 
 136      43EFCA
 137 0013 BB5816E5 		.ascii	"\273X\026\345\241R\271\300*\2464u\177\334\031\305DK"
 137      A152B9C0 
 137      2AA63475 
 137      7FDC19C5 
 137      444B
 138 0025 3DADD554 		.ascii	"=\255\325T\312\177n\263YV\341\002,\307.\251J\335\037"
 138      CA7F6EB3 
 138      5956E102 
 138      2CC72EA9 
 138      4ADD1F
 139 0038 37B01BC5 		.ascii	"7\260\033\305g\000\321(\276P\024\305\007\242\"\362\006"
 139      6700D128 
 139      BE5014C5 
 139      07A222F2 
 139      06
 140 0049 570414F1 		.ascii	"W\004\024\361\201\257\240(\370~+\242\341\241<\356\353"
 140      81AFA028 
 140      F87E2BA2 
 140      E1A13CEE 
 140      EB
 141 005a EE999D61 		.ascii	"\356\231\235aesWuU\231\242\267\247{\276\376~\277\357"
 141      65735775 
 141      5599A2B7 
 141      A77BBEFE 
 141      7EBFEF
 142 006d D75F77CF 		.ascii	"\327_w\317\340\303q\234~\004\307\315\300\034\267\032"
 142      E0C3719C 
 142      7E04C7CD 
 142      C01CB71A 
 143 007d 71DC005C 		.ascii	"q\334\000\\*\350;\001\005\272\270 \350sA=\022jr\221"
 143      2AE83B01 
 143      05BAB820 
 143      E873413D 
 143      126A7291 
 144 0091 671FC07D 		.ascii	"g\037\300}0\224qP\376$\366+\257\251<\307\351\310X2\216"
 144      30947150 
 144      FE24F62B 
 144      AFA93CC7 
 144      E9C85832 
 145 00a6 63E3899F 		.ascii	"c\343\211\237~\250'@Y\014\3457\320FP\372\340\276\036"
 145      7EA82740 
 145      590CE537 
 145      D04650FA 
 145      E0BE1E
 146 00b9 8A0631DF 		.ascii	"\212\0061\337~Pw@\355\017u\000\261\021\361H\375g\017"
 146      7E507740 
 146      ED0F7500 
ARM GAS  /tmp/ccyUKh2R.s 			page 11


 146      B111F148 
 146      FD670F
 147 00cc AC4F0127 		.ascii	"\254O\001'\000\352\257\024X\022_\011\247_\304\322(\360"
 147      00EAAF14 
 147      58125F09 
 147      A75FC4D2 
 147      28F0
 148 00de EE8A986A 		.ascii	"\356\212\230j\216a\020,\202\373\026\332\255\034\303"
 148      8E61102C 
 148      82FB16DA 
 148      AD1CC3
 149 00ed 0A1631FF 		.ascii	"\012\0261\377\352\2019\307\013\346H/\361\271\304\330"
 149      EA8139C7 
 149      0BE6482F 
 149      F1B9C4D8 
 150 00fd A641F910 		.ascii	"\246A\371\0201M\375\220\214\013\356\334:\022\250Y\036"
 150      314DFD90 
 150      8C0BEEDC 
 150      3A12A859 
 150      1E
 151 010e 7899185D 		.ascii	"x\231\030]t\026l\301\2530\012\322\"\0254_5f\335\015"
 151      74166CC1 
 151      AB300AD2 
 151      2215345F 
 151      3566DD0D 
 152 0122 80E6482D 		.ascii	"\200\346H-\012\206fV\331\2333j\366T\003\315\201\334"
 152      0A866656 
 152      D99B336A 
 152      F65403CD 
 152      81DC
 153 0134 82151ACC 		.ascii	"\202\025\032\314#2\360f}\336~2p\202\026\221i\015\204"
 153      2332F066 
 153      7DDE7E32 
 153      70821691 
 153      690D84
 154 0147 AE43CF4A 		.ascii	"\256C\317Jz\374Y\027\261Hn\252\351Q\343a\364\376\325"
 154      7AFC5917 
 154      B1486EAA 
 154      E951E361 
 154      F4FED5
 155 015a AE8C3E14 		.ascii	"\256\214>\024~@`\227f6\207J\020\22684\375\320\261k\030"
 155      7E406097 
 155      6636874A 
 155      10963834 
 155      FDD0B16B 
 156 016f FE9018F2 		.ascii	"\376\220\030\362\255\315\357Z\002\22064U\020R\204l\207"
 156      ADCDEF5A 
 156      02903634 
 156      55105284 
 156      6C87
 157 0181 E03B8B43 		.ascii	"\340;\213C\205h4:\212Fs\250\002\205\022\347\245(\234"
 157      8568343A 
 157      8A4673A8 
 157      028512E7 
 157      A5289C
 158 0194 43C5D079 		.ascii	"C\305\320y\034:s\211\303\352\227\235\023\322\227\013"
 158      1C3A7389 
ARM GAS  /tmp/ccyUKh2R.s 			page 12


 158      C3EA979D 
 158      13D2970B 
 159 01a4 028FCA91 		.ascii	"\002\217\312\221\026\225!Lm \350\011Z\006\221\267+}"
 159      1695214C 
 159      6D20E809 
 159      5A0691B7 
 159      2B7D
 160 01b6 A70FAE40 		.ascii	"\247\017\256@\024\243l\363\375S\2747\214j\257\030]\305"
 160      14A36CF3 
 160      FD53BC37 
 160      8C6AAF18 
 160      5DC5
 161 01c8 636BBF27 		.ascii	"ck\277'\030U\200Q)c\000$\003q\326t\246\373c\027\325"
 161      18558051 
 161      29630024 
 161      0371D674 
 161      A6FB6317 
 162 01dd 877FD0E3 		.ascii	"\207\177\320\343,\364\363\006r\322+\310@\363'\247/\013"
 162      2CF4F306 
 162      72D22BC8 
 162      40F327A7 
 162      2F0B
 163 01ef 42307201 		.ascii	"B0r\001\310\011\031\244J\002\271\362\252cC\000N\306"
 163      C80919A4 
 163      4A02B9F2 
 163      AA634300 
 163      4EC6
 164 0201 54D6CDAF 		.ascii	"T\326\315\257o>\366e\363\023\252\230\275 6{\335;\356"
 164      6F3EF665 
 164      F313AA98 
 164      BD20367B 
 164      DD3BEE
 165 0214 65F03895 		.ascii	"e\3608\225\231nl:<S\013d\034\377S\3040\240` \263\315"
 165      996E6C3A 
 165      3C530B64 
 165      1CFF53C4 
 165      30A06020 
 166 022a 1FAF61A3 		.ascii	"\037\257a\243_8\357\267\3711\317\243\240y\260\273\265"
 166      5F38EFB7 
 166      F931CFA3 
 166      A079B0BB 
 166      B5
 167 023b 488D33D8 		.ascii	"H\2153\330\2635\231.\227\012\377\310\0329\233\322\227"
 167      B335992E 
 167      970AFFC8 
 167      1A399BD2 
 167      97
 168 024c ABF116D6 		.ascii	"\253\361\026\326\310\313H+\320\342m\254\321\324~v\253"
 168      C8CB482B 
 168      D0E26DAC 
 168      D1D47E76 
 168      AB
 169 025d 1F4BADE1 		.ascii	"\037K\255\341\320<5\320U\035\310<\362\204\336\276ko"
 169      D03C35D0 
 169      551DC83C 
 169      F284DEBE 
 169      6B6F
ARM GAS  /tmp/ccyUKh2R.s 			page 13


 170 026f 7D713633 		.ascii	"}q63\335\375\366];\311\255\361$\267\260\"\263\306\263"
 170      DDFDF65D 
 170      3BC9ADF1 
 170      24B7B022 
 170      B3C6B3
 171 0282 CCAA6A38 		.ascii	"\314\252j8\235\253\303\271\324\230\317\317\352\355\015"
 171      9DABC3B9 
 171      D498CFCF 
 171      EAED0D
 172 0291 94844E73 		.ascii	"\224\204Ns\010\352P\016\235\2070.\220\330\256Bl\343"
 172      08EA500E 
 172      9D87302E 
 172      90D8AE42 
 172      6CE3
 173 02a3 C5D82E41 		.ascii	"\305\330.Ag\223\2341EcJ\004a8\272\002:_\226u\036/\312"
 173      67939C31 
 173      45634A04 
 173      6138BA02 
 173      3A5F9675 
 174 02ba 5C997EE3 		.ascii	"\\\231~\343\201\026\037f\020)\027\326\277\366\012\321"
 174      81161F66 
 174      102917D6 
 174      BFF60AD1 
 175 02ca EC15A2AB 		.ascii	"\354\025\242\2538\242\206&\314O\200qM\306\270\"\315"
 175      38A28626 
 175      CC4F8071 
 175      4DC6B822 
 175      CD
 176 02db 654AF7CE 		.ascii	"eJ\367\316r\015.\245 \252\316\275\307\256\006\240\021"
 176      720D2EA5 
 176      20AACEBD 
 176      C7AE06A0 
 176      11
 177 02ec 2121A1E9 		.ascii	"!!\241\351dt\032\024\304\313\323\304\241\033h\004\361"
 177      64741A14 
 177      C4CBD3C4 
 177      A11B6804 
 177      F1
 178 02fd 806E0160 		.ascii	"\200n\001`\013\012A7Q\010]A;\011+H\234\211\371\035\367"
 178      0B0A4137 
 178      51085D41 
 178      3B092B48 
 178      9C89F91D 
 179 0312 0461A58E 		.ascii	"\004a\245\216\302]\00782\300MSO\\L\032\355\266\177\022"
 179      C25D0738 
 179      32C04D53 
 179      4F5C4C1A 
 179      EDB67F12 
 180 0326 BE49A84E 		.ascii	"\276I\250N\301\324\370\342\220\306\347\011\252\030\312"
 180      C1D4F8E2 
 180      90C6E709 
 180      AA18CA
 181 0335 AD7C2D2C 		.ascii	"\255|-,[b\304\211Q\260\265\253\252s=-\324\242\220\220"
 181      5B62C489 
 181      51B0B5AB 
 181      AA733D2D 
 181      D4A29090 
ARM GAS  /tmp/ccyUKh2R.s 			page 14


 182 0349 91A1CCED 		.ascii	"\221\241\314\355\325\374\240\034\207P?\221.\222F\360"
 182      D5FCA01C 
 182      87503F91 
 182      2E9246F0 
 183 0359 7B1B8D94 		.ascii	"{\033\215\224Sm\020\011p\333\231\037\220LY\020\364s"
 183      536D1009 
 183      70DB991F 
 183      904C5910 
 183      F473
 184 036b DEAD3388 		.ascii	"\336\2553\2105\344\255\200TJE\2105Q\344\016(\322\012"
 184      35E4AD80 
 184      544A4588 
 184      3551E40E 
 184      28D20A
 185 037e 8AB4898A 		.ascii	"\212\264\211\2120\316\347\362G%\303\010b5\2304j,\315"
 185      30CEE7F2 
 185      4725C308 
 185      62359834 
 185      6A2CCD
 186 0391 28F41D09 		.ascii	"(\364\035\011N\223\275;\345\006yT\344o\020\313_\347"
 186      4E93BD3B 
 186      E5067954 
 186      E46F10CB 
 186      5FE7
 187 03a3 C92BC774 		.ascii	"\311+\307t\270\222%\354\375\206C)\032\354b\215m\215"
 187      B89225EC 
 187      FD864329 
 187      1AEC628D 
 187      6D8D
 188 03b5 F90D6A5C 		.ascii	"\371\015j\\\313\032e\373\363\233x|\2265\016\224\264"
 188      CB1A65FB 
 188      F39B787C 
 188      96350E94 
 188      B4
 189 03c6 AF42F832 		.ascii	"\257B\3702k\274Z~\310\216o\260{\347\326\264\363<\363"
 189      6BBC5A7E 
 189      C88E6FB0 
 189      7BE7D6B4 
 189      F33CF3
 190 03d9 FD113437 		.ascii	"\375\02147\254\330\322\246bK\245\215,\216#W\367\226"
 190      ACD8D2A6 
 190      624BA58D 
 190      2C8E2357 
 190      F796
 191 03eb 69F06D6A 		.ascii	"i\360mj\353\337\323x\357i (\016\231\002W(\371\331)8"
 191      EBDFD378 
 191      EF692028 
 191      0E990257 
 191      28F9D929 
 192 0400 1D42F583 		.ascii	"\035B\365\203\203\242\364\365 \375c\020\263\035D\035"
 192      83A2F4F5 
 192      20FD6310 
 192      B31D441D 
 193 0410 2C662162 		.ascii	",f!b\332\023sWx\226P\355\304\324\372\276\247\365=$\233"
 193      DA137357 
 193      789650ED 
 193      C4D4FABE 
ARM GAS  /tmp/ccyUKh2R.s 			page 15


 193      A7F53D24 
 194 0425 CBE9083A 		.ascii	"\313\351\010:=\003\213\247\364a\273\230\216\235 ~\027"
 194      3D038BA7 
 194      F461BB98 
 194      8E9D207E 
 194      17
 195 0436 48F5024A 		.ascii	"H\365\002J\017\2247P:\240\274\204\362\026\312k(?C\351"
 195      0F943750 
 195      3AA0BC84 
 195      F216CA6B 
 195      283F43E9 
 196 044a 86F2CA9D 		.ascii	"\206\362\312\235\262\204\301u\275\314\340\271'\203S"
 196      B284C175 
 196      BDCCE0B9 
 196      278353
 197 0459 48912BC4 		.ascii	"H\221+\304\372m\230l\375`h\276\012k\227\302w\203\247"
 197      FA6D986C 
 197      FD6068BE 
 197      0A6B97C2 
 197      7783A7
 198 046c F519E429 		.ascii	"\365\031\344)F\207\302\371CO\363c\357\231\237Qx?\355"
 198      4687C2F9 
 198      434FF363 
 198      EF999F51 
 198      783FED
 199 047f 695E2B73 		.ascii	"i^+s\021\023\361`\020M\304\366\301\253\207\271\272\245"
 199      1113F160 
 199      104DC4F6 
 199      C1AB87B9 
 199      BAA5
 200 0491 9CB52743 		.ascii	"\234\265'C\316\232\"\254&\005p\335\320\300J\236O\024"
 200      CE9A22AC 
 200      260570DD 
 200      D0C04A9E 
 200      4F14
 201 04a3 613D1A3A 		.ascii	"a=\032:,\3119\254\303\376|-3\277\013K\340\354\320\242"
 201      2CC939AC 
 201      C3FE7C2D 
 201      33BF0B4B 
 201      E0ECD0A2 
 202 04b7 517348C9 		.ascii	"QsH\311\352\306\356B5\276\317\366\307\212r\307\307("
 202      EAC6EE42 
 202      35BECFF6 
 202      C78A72C7 
 202      C728
 203 04c9 74048BF6 		.ascii	"t\004\213\366\301!\037\262U\364\301\330w\362\236Gb\367"
 203      C1211FB2 
 203      55F4C1D8 
 203      77F29E47 
 203      62F7
 204 04db 924AA817 		.ascii	"\222J\250\0272\350\377\311&\240\263\347\354\273{Z\335"
 204      32E8FFC9 
 204      26A0B3E7 
 204      ECBB7B5A 
 204      DD
 205 04ec 4AF7594B 		.ascii	"J\367YK\341\3455\335\217t\"\021\260=\276b\343C\177\334"
 205      E1E535DD 
ARM GAS  /tmp/ccyUKh2R.s 			page 16


 205      8F742211 
 205      B03DBE62 
 205      E3437FDC 
 206 0500 C1A867D5 		.ascii	"\301\250g\325m\313\366E\241:q\233k\030N\366\003\224"
 206      6DCBF645 
 206      A13A719B 
 206      6B184EF6 
 206      0394
 207 0512 CCEBD080 		.ascii	"\314\353\320\200L\036\206C\345\305;\022\370\320\301"
 207      4C1E8643 
 207      E5C53B12 
 207      F8D0C1
 208 0521 00EF1E65 		.ascii	"\000\357\036e6#\266\232ud\227/kN\017\024W3y\374f\335"
 208      3623B69A 
 208      7564972F 
 208      6B4E0F14 
 208      573379FC 
 209 0537 F5D600DC 		.ascii	"\365\326\000\334\207\007\275F-~\3775j1;\354\236]8\177"
 209      8707BD46 
 209      2D7EFF35 
 209      6A313BEC 
 209      9E5D387F 
 210 054b 0961A78A 		.ascii	"\011a\247\212\322\275\336q\021{{\251X\001<\026\213\007"
 210      D2BDDE71 
 210      117B7BA9 
 210      58013C16 
 210      8B07
 211 055d D1327E34 		.ascii	"\3212~4\372\236\227\016\242\363+\377\370\254\237\274"
 211      FA9E970E 
 211      A2F32BFF 
 211      F8AC9FBC 
 212 056d 54A4F25A 		.ascii	"T\244\362Z\264\234w\307\265\230\235C\352\375\005k\235"
 212      B49C77C7 
 212      B5989D43 
 212      EAFD056B 
 212      9D
 213 057e 8170F4C0 		.ascii	"\201p\364\300f2h\206\034\340%\205'\002\256\344\331\364"
 213      66326886 
 213      1CE02585 
 213      2702AEE4 
 213      D9F4
 214 0590 AC068C55 		.ascii	"\254\006\214U|\010Z\013e\015\257<\177\352\362p\177\316"
 214      7C085A0B 
 214      650DAF3C 
 214      7FEAF270 
 214      7FCE
 215 05a2 DA3542B6 		.ascii	"\3325B\266\213\311W\003\362\221QC\2442#uu;[\025`4xU"
 215      8BC95703 
 215      F2915143 
 215      A4322375 
 215      753B5B15 
 216 05ba 106FB579 		.ascii	"\020o\265y\342\252 \214\235\274\207\253A\231K\314\357"
 216      E2AA208C 
 216      9DBC87AB 
 216      41994BCC 
 216      EF
 217 05cb 84B2C425 		.ascii	"\204\262\304%/MEC\002\263U\001r\366\344\275~\203\361"
ARM GAS  /tmp/ccyUKh2R.s 			page 17


 217      2F4D4543 
 217      02B35501 
 217      72F6E4BD 
 217      7E83F1
 218 05de 1E359573 		.ascii	"\0365\225syeW!vg\356\271<\232\271\3510\370\007Y$\302"
 218      79655721 
 218      7667EEB9 
 218      3C9AB9E9 
 218      30F80759 
 219 05f4 CF237325 		.ascii	"\317#s%]P\032\310\361K\322\000\336\223ZG\035\257\314"
 219      5D501AC8 
 219      F14BD200 
 219      DE935A47 
 219      1DAFCC
 220 0607 CC745E99 		.ascii	"\314t^\231\231\031<I-Z\203\361\276\306\274^\025>\310"
 220      99193C49 
 220      2D5A83F1 
 220      BEC6BC5E 
 220      153EC8
 221 061a C875D63C 		.ascii	"\310u\326<\314\321x\233\354\365\274\3677\310\217\316"
 221      CCD1789B 
 221      ECF5BCF7 
 221      37C88FCE 
 222 062a D037C84C 		.ascii	"\3207\310L\220n\035\357\361\006Iz\001\250\364DE\225"
 222      906E1DEF 
 222      F106497A 
 222      01A8F444 
 222      4595
 223 063c 5F2BBC42 		.ascii	"_+\274B\300'\002\032N\271\"\304~\241&\205\266\007\244"
 223      C027021A 
 223      4EB922C4 
 223      7EA12685 
 223      B607A4
 224 064f 0BB17EE8 		.ascii	"\013\261~\350\345Y%\232\222\2064\004\271{x\321\007/"
 224      E559259A 
 224      92863404 
 224      B97B78D1 
 224      072F
 225 0661 F9A57FA2 		.ascii	"\371\245\177\242\003\244\364\312\23638\351\342\230="
 225      03A4F4CA 
 225      9E3338E9 
 225      E2983D
 226 0670 E3238F63 		.ascii	"\343#\217c]\274\014\246\030\362\036W\316\375\330MJ\016"
 226      5DBC0CA6 
 226      18F21E57 
 226      CEFDD84D 
 226      4A0E
 227 0682 12895373 		.ascii	"\022\211Ss\345\331\352|]\033\274O\301J\340\2704M\034"
 227      E5D9EA7C 
 227      5D1BBC4F 
 227      C14AE0B8 
 227      344D1C
 228 0695 5D6FB79B 		.ascii	"]o\267\233\312\3734\270\210\316\001z\330\325y\302W\305"
 228      CAFB34B8 
 228      88CE017A 
 228      D8D579C2 
 228      57C5
ARM GAS  /tmp/ccyUKh2R.s 			page 18


 229 06a7 B30942F1 		.ascii	"\263\011B\361*\322\227\346\330W\256\036\265\201&\204"
 229      2AD297E6 
 229      D857AE1E 
 229      B5812684 
 230 06b7 4318CED3 		.ascii	"C\030\316\323\254\223^\2358\224\305\217\202\337M\274"
 230      AC935E9D 
 230      3894C58F 
 230      82DF4DBC 
 231 06c7 8A81B41C 		.ascii	"\212\201\264\034m\357Ec\263\205\3546X\207\305x\305\311"
 231      6DEF4563 
 231      B385EC36 
 231      5887C578 
 231      C5C9
 232 06d9 E5B046D0 		.ascii	"\345\260F\3204b\2066\312\263\003\267\360\373#\337\206"
 232      34628636 
 232      CAB303B7 
 232      F0FB23DF 
 232      86
 233 06ea D006BE15 		.ascii	"\320\006\276\025\030m\346\307\222}m\243\243\301\017"
 233      186DE6C7 
 233      927D6DA3 
 233      A3C10F
 234 06f9 B73032CB 		.ascii	"\26702\313\352.\271\206Q2\004\221\221\351Lmy\356\343"
 234      EA2EB986 
 234      51320491 
 234      91E94C6D 
 234      79EEE3
 235 070c 26B895A7 		.ascii	"&\270\225\247\235\307^\266^\016P2\374\352w\012\202\333"
 235      9DC75EB6 
 235      5E0E5032 
 235      FCEA770A 
 235      82DB
 236 071e 29C16D12 		.ascii	")\301m\022\301\262\206\235->\"\301\253\233u\260\220"
 236      C1B2869D 
 236      2D3E22C1 
 236      AB9B75B0 
 236      90
 237 072f 5204F2D2 		.ascii	"R\004\362\322\012fh\213Lp\213'\301lJ\260\357\326\335"
 237      0A66688B 
 237      4C708B27 
 237      C16C4AB0 
 237      EFD6DD
 238 0742 0E1E3F62 		.ascii	"\016\036?b\004\217\327W\245j)\031\222{\214`n\357\346"
 238      048FD757 
 238      A56A2919 
 238      927B8C60 
 238      6EEFE6
 239 0755 9B2A37C1 		.ascii	"\233*7\301\235\214\240p\351\300\315@\257\004wQ\2029"
 239      9D8CA070 
 239      E9C0CD40 
 239      AF047751 
 239      8239
 240 0767 12C11597 		.ascii	"\022\301\025\2276\267iD\202g\306\270\371\201\025\332"
 240      36B76944 
 240      8267C6B8 
 240      F98115DA 
 241 0777 21F3DBE1 		.ascii	"!\363\333\341\311o7\345\367|\267c] \356\364\316o`\323"
ARM GAS  /tmp/ccyUKh2R.s 			page 19


 241      C96F37E5 
 241      F77CB763 
 241      5D20EEF4 
 241      CE6F60D3 
 242 078b DA1C1FB7 		.ascii	"\332\034\037\267\250{\030\277\206\373\265\015l\332\311"
 242      A87B18BF 
 242      86FBB50D 
 242      6CDAC9
 243 079a 56B69775 		.ascii	"V\266\227u^\336\367\346/^9\357\243\234\363$\316\231"
 243      5EDEF7E6 
 243      2F5E39EF 
 243      A39CF324 
 243      CE99
 244 07ac C76B2A7C 		.ascii	"\307k*|\201s\033]\220\301\275\005\217\204T-\265B\271"
 244      81731B5D 
 244      90C1BD05 
 244      8F84542D 
 244      B542B9
 245 07bf 32E75C9E 		.ascii	"2\347\\\236}\003\243\375\224\353\211\252\342z\037\274"
 245      7D03A3FD 
 245      94EB89AA 
 245      E27A1FBC 
 246 07cf DA       		.ascii	"\332"
 247 07d0 8772BDD6 		.ascii	"\207r\275\326\354,\021\017\021?B\375\366\372*_v\210"
 247      EC2C110F 
 247      113F42FD 
 247      F6FA2A5F 
 247      7688
 248 07e2 FC441EEF 		.ascii	"\374D\036\357h|\275A\213\263\230m_\373\205>\035\263"
 248      687CBD41 
 248      8BB3986D 
 248      5FFB853E 
 248      1DB3
 249 07f4 258BFB5D 		.ascii	"%\213\373]\375\262\355\210|\353\011\342\226\003\375"
 249      FDB2ED88 
 249      7CEB09E2 
 249      9603FD
 250 0803 F28E7398 		.ascii	"\362\216s\230\207}\0006ET\300\323\357\274+\335\025o"
 250      877D0036 
 250      4554C0D3 
 250      EFBC2BDD 
 250      156F
 251 0815 7538877A 		.ascii	"u8\207zR\035p\354kW\241\320\321\010\314\2216W\372^\347"
 251      521D70EC 
 251      6B57A1D0 
 251      D108CC91 
 251      3657FA5E 
 252 082a 50110876 		.ascii	"P\021\010vD\244\013W\226\000\356\333\377M\272\341^C"
 252      44A40B57 
 252      9600EEDB 
 252      FF4DBAE1 
 252      5E43
 253 083c 6BBA4F09 		.ascii	"k\272O\0119\002\036\305\241\311\243\321D\330\245\216"
 253      39021EC5 
 253      A1C9A3D1 
 253      44D8A58E 
 254 084c C22E5544 		.ascii	"\302.UD\361\216\301\226Y\310\000+\033\232\232\003\202"
ARM GAS  /tmp/ccyUKh2R.s 			page 20


 254      F18EC196 
 254      59C8002B 
 254      1B9A9A03 
 254      82
 255 085d D2C40D75 		.ascii	"\322\304\015u\032\242\276\363\341\371Az\324\034\347"
 255      1AA2BEF3 
 255      E1F9417A 
 255      D41CE7
 256 086c 832496C4 		.ascii	"\203$\226\304\372\360\226\372\036_\255\350;\365\277"
 256      FAF096FA 
 256      1E5FADE8 
 256      3BF5BF
 257 087b F9BE7C6B 		.ascii	"\371\276|k\365\014\245\353\342_r]Z\236w\304g\\\216p"
 257      F50CA5EB 
 257      E25F725D 
 257      5A9E77C4 
 257      675C8E70 
 258 088f A19A2ECD 		.ascii	"\241\232.\315Uw\235B\36228\221J\370 t\010f\011\226\240"
 258      55779D42 
 258      F2323891 
 258      4AF82074 
 258      08660996 
 259 08a4 62F001E8 		.ascii	"b\360\001\350\371;|\220\225\362\343`lvqf4\336\313\344"
 259      F93B7C90 
 259      95F2E360 
 259      6C767166 
 259      34DECBE4 
 260 08b8 771CA82C 		.ascii	"w\034\250,R{\325\273\\\322\373 \243\370\342Y\356~\265"
 260      527BD5BB 
 260      5CD2FB20 
 260      A3F8E259 
 260      EE7EB5
 261 08cb 67F8F249 		.ascii	"g\370\362I[A9\226K\034\213j7\375\254\365\214\310\273"
 261      5B413996 
 261      4B1C8B6A 
 261      37FDACF5 
 261      8CC8BB
 262 08de 75E98DB5 		.ascii	"u\351\215\265\376bDw>H\316\256N\016F\225b4\260^\025"
 262      FE624477 
 262      3E48CEAE 
 262      4E0E4695 
 262      6234B05E 
 263 08f3 03CBC468 		.ascii	"\003\313\304h\252h4\025\373\273_\352\224\207\024IT9"
 263      AA683415 
 263      FBBB5FEA 
 263      94871449 
 263      5439
 264 0905 846AF190 		.ascii	"\204j\361\220\252\246\207Tu\376iA\213\213\304\324kI"
 264      AAA68754 
 264      75FE6941 
 264      8B8BC4D4 
 264      6B49
 265 0917 EE17BF5C 		.ascii	"\356\027\277\\\002\310jz\334\234#\246i;\375w\300\223"
 265      02C86A7A 
 265      DC9C23A6 
 265      693BFD77 
 265      C093
ARM GAS  /tmp/ccyUKh2R.s 			page 21


 266 0929 9293E23F 		.ascii	"\222\223\342?\220\374\311\207\214k\327\013_\257J\235"
 266      90FCC987 
 266      8C6BD70B 
 266      5FAF4A9D 
 267 0939 9294AA61 		.ascii	"\222\224\252aJ\011\216\256\007:O\245NB\010.\032B-\215"
 267      4A098EAE 
 267      073A4FA5 
 267      4E42082E 
 267      1A422D8D 
 268 094d FD9414FB 		.ascii	"\375\224\024\373\036\227\263\354=\245\274Z\267%\347"
 268      1E97B3EC 
 268      3DA5BC5A 
 268      B725E7
 269 095c 7E260A75 		.ascii	"~&\012u}\014\023\252N\024\0126\016\305\270\023\242P"
 269      7D0C13AA 
 269      4E140A36 
 269      0EC5B813 
 269      A250
 270 096e F5FC384E 		.ascii	"\365\3748N\025g\262}\363\373\360p=\373\263\332\364\321"
 270      1567B27D 
 270      F3FBF070 
 270      3DFBB3DA 
 270      F4D1
 271 0980 A658BD2D 		.ascii	"\246X\275-\321\254O0\305\206\2335\237\377\355\213\340"
 271      D1AC4F30 
 271      C5869B35 
 271      9FFFED8B 
 271      E0
 272 0991 19932671 		.ascii	"\031\223&qZ\2431)&\336>9\302h_\206\364\321\3268\213"
 272      5AA33129 
 272      26DE3E39 
 272      C2685F86 
 272      F4D1D638 
 273 09a6 DE64B659 		.ascii	"\336d\266Y\302bM_\353#\255\346\2448K\274\335\246_d1"
 273      C2624D5F 
 273      EB23ADE6 
 273      A4384BBC 
 273      DDA65F64 
 274 09bb C5CDD1CF 		.ascii	"\305\315\321\3174\307\306$\330,FKXB\222\371\233\010"
 274      34C7C624 
 274      D82C464B 
 274      584292F9 
 274      9B08
 275 09cd FD22AB35 		.ascii	"\375\"\2535\326\246_j6\207\231\022\343\302\342\255\361"
 275      D6A65F6A 
 275      36879912 
 275      E3C2E2AD 
 275      F1
 276 09de 96308BE9 		.ascii	"\2260\213\351\353\230\260\251a\021\023'M\015\373\347"
 276      EB98B0A9 
 276      61111327 
 276      4D0DFBE7 
 277 09ee C76171A6 		.ascii	"\307aq\246\177X\023\365\203\236\352c\342\315\261IQ\026"
 277      7F5813F5 
 277      839EEA63 
 277      E2CDB149 
 277      5116
ARM GAS  /tmp/ccyUKh2R.s 			page 22


 278 0a00 7D9CC91C 		.ascii	"}\234\311\034\035\023o\321\033\243,KLI\261v\243\375"
 278      1D136FD1 
 278      1BA32C4B 
 278      4C49B176 
 278      A3FD
 279 0a12 BB048B2D 		.ascii	"\273\004\213-<\232\323H\204\376\365\253\362\261}g\323"
 279      3C9AD348 
 279      84FEF5AB 
 279      F2B17D67 
 279      D3
 280 0a23 1B6DF628 		.ascii	"\033m\366(\000\007\022\272\030k\2025\321NT4\332'y\352"
 280      000712BA 
 280      186B8235 
 280      D14E5434 
 280      DA2779EA 
 281 0a37 481ED9F4 		.ascii	"H\036\331\364\013\027\315\233\034\241\237;7R\377\371"
 281      0B17CD9B 
 281      1CA19F3B 
 281      3752FFF9 
 282 0a47 82D9F3BF 		.ascii	"\202\331\363\277\215 \322\032cc\243`\270\017\261\210"
 282      8D20D21A 
 282      6363A360 
 282      B80FB188 
 283 0a57 89527DFA 		.ascii	"\211R}\372\231a\026\371\231\253\232;c\216A5}\241\301"
 283      996116F9 
 283      99AB9A3B 
 283      638E4135 
 283      7DA1C1
 284 0a6a 80BE44B3 		.ascii	"\200\276D\263\324\346X\213)Q\324~\322\024\243]#\335"
 284      D4E6588B 
 284      2951D47E 
 284      D214A35D 
 284      23DD
 285 0a7c 609BC58E 		.ascii	"`\233\305\216\347G\032\360\354H\203z\301\027\013\"\015"
 285      E7471AF0 
 285      EC48837A 
 285      C1170B22 
 285      0D
 286 0a8d C3E62F5C 		.ascii	"\303\346/\\0sf\244\301g\376\242\305\013f\032\324\363"
 286      307366A4 
 286      C167FEA2 
 286      C50B661A 
 286      D4F3
 287 0a9f E647CE34 		.ascii	"\346G\3164\340\351\006\203\316f\217\003\231\226&\304"
 287      E0E90683 
 287      CE668F03 
 287      999626C4 
 288 0aaf 588D762D 		.ascii	"X\215v-\343\033\023e\264\373X\227,\001/:\342\322\270"
 288      E31B1365 
 288      B4FB5897 
 288      2C012F3A 
 288      E2D2B8
 289 0ac2 C464B37F 		.ascii	"\304d\263\177b\264\177\373\353J)\2518\306S8\311\202"
 289      62B47FFB 
 289      EB4A29A9 
 289      38C65338 
 289      C982
ARM GAS  /tmp/ccyUKh2R.s 			page 23


 290 0ad4 246134A7 		.ascii	"$a4\247\236=\177z\222M\023c\215\263FY \006\3505XLQ\320"
 290      9E3D7F7A 
 290      924D1363 
 290      8DB34659 
 290      2006E835 
 291 0aec F707AF99 		.ascii	"\367\007\257\231\313\371A\365eb\214\335\002f\376p\277"
 291      CBF941F5 
 291      65628CDD 
 291      0266FE70 
 291      BF
 292 0afd D06287BB 		.ascii	"\320b\207\273y\340\341\267Fq\002\214\020\376\322DkR"
 292      79E0E1B7 
 292      4671028C 
 292      10FED244 
 292      6B52
 293 0b0f 02F1EB6F 		.ascii	"\002\361\353o4.I\2127\033\215\341S&N\211\320H-\2259"
 293      342E498A 
 293      371B8DE1 
 293      53264E89 
 293      D0482D95 
 294 0b24 DA9438E8 		.ascii	"\332\2248\350\331Tekj\304\177\000\366Fr\251"
 294      D954656B 
 294      6AC47F00 
 294      F64672A9 
 295              		.text
 296              		.section	.gnu.lto_.symtab.2bba11200bb0fd8c,"",%progbits
 297 0000 70616C52 		.ascii	"palReadBus\000"
 297      65616442 
 297      757300
 298 000b 00       		.ascii	"\000"
 299 000c 00       		.ascii	"\000"
 300 000d 00       		.ascii	"\000"
 301 000e 00000000 		.ascii	"\000\000\000\000\000\000\000\000"
 301      00000000 
 302 0016 1B010000 		.ascii	"\033\001\000\000"
 303 001a 70616C57 		.ascii	"palWriteBus\000"
 303      72697465 
 303      42757300 
 304 0026 00       		.ascii	"\000"
 305 0027 00       		.ascii	"\000"
 306 0028 00       		.ascii	"\000"
 307 0029 00000000 		.ascii	"\000\000\000\000\000\000\000\000"
 307      00000000 
 308 0031 20010000 		.ascii	" \001\000\000"
 309 0035 70616C53 		.ascii	"palSetBusMode\000"
 309      65744275 
 309      734D6F64 
 309      6500
 310 0043 00       		.ascii	"\000"
 311 0044 00       		.ascii	"\000"
 312 0045 00       		.ascii	"\000"
 313 0046 00000000 		.ascii	"\000\000\000\000\000\000\000\000"
 313      00000000 
 314 004e 25010000 		.ascii	"%\001\000\000"
 315 0052 5F70616C 		.ascii	"_pal_lld_setgroupmode\000"
 315      5F6C6C64 
 315      5F736574 
ARM GAS  /tmp/ccyUKh2R.s 			page 24


 315      67726F75 
 315      706D6F64 
 316 0068 00       		.ascii	"\000"
 317 0069 02       		.ascii	"\002"
 318 006a 00       		.ascii	"\000"
 319 006b 00000000 		.ascii	"\000\000\000\000\000\000\000\000"
 319      00000000 
 320 0073 2B010000 		.ascii	"+\001\000\000"
 321              		.text
 322              		.section	.gnu.lto_.opts,"",%progbits
 323 0000 272D666D 		.ascii	"'-fmath-errno' '-fsigned-zeros' '-ftrapping-math' '"
 323      6174682D 
 323      6572726E 
 323      6F272027 
 323      2D667369 
 324 0033 2D666E6F 		.ascii	"-fno-trapv' '-fno-openmp' '-fno-openacc' '-mcpu=cor"
 324      2D747261 
 324      70762720 
 324      272D666E 
 324      6F2D6F70 
 325 0066 7465782D 		.ascii	"tex-m4' '-mno-thumb-interwork' '-mthumb' '-O2' '-fo"
 325      6D342720 
 325      272D6D6E 
 325      6F2D7468 
 325      756D622D 
 326 0099 6D69742D 		.ascii	"mit-frame-pointer' '-falign-functions=16' '-ffuncti"
 326      6672616D 
 326      652D706F 
 326      696E7465 
 326      72272027 
 327 00cc 6F6E2D73 		.ascii	"on-sections' '-fdata-sections' '-fno-common' '-flto"
 327      65637469 
 327      6F6E7327 
 327      20272D66 
 327      64617461 
 328 00ff 2700     		.ascii	"'\000"
 329              		.text
 330              		.comm	__gnu_lto_v1,1,1
 331              		.comm	__gnu_lto_slim,1,1
 332              		.ident	"GCC: (GNU Tools for Arm Embedded Processors 7-2017-q4-major) 7.2.1 20170904 (release) [ARM
ARM GAS  /tmp/ccyUKh2R.s 			page 25


DEFINED SYMBOLS
                            *ABS*:0000000000000000 pal.c
                            *COM*:0000000000000001 __gnu_lto_v1
                            *COM*:0000000000000001 __gnu_lto_slim

NO UNDEFINED SYMBOLS
