ARM GAS  /tmp/cc6kgboW.s 			page 1


   1              		.cpu cortex-m4
   2              		.eabi_attribute 20, 1
   3              		.eabi_attribute 21, 1
   4              		.eabi_attribute 23, 3
   5              		.eabi_attribute 24, 1
   6              		.eabi_attribute 25, 1
   7              		.eabi_attribute 26, 1
   8              		.eabi_attribute 30, 2
   9              		.eabi_attribute 34, 1
  10              		.eabi_attribute 18, 4
  11              		.file	"chmempools.c"
  12              		.section	.gnu.lto_.profile.6c0b17e53a8294f2,"",%progbits
  13 0000 789C6363 		.ascii	"x\234cc```\001bF\206\030s\000\001g\000\237"
  13      60606001 
  13      62468618 
  13      73000167 
  13      009F
  14              		.text
  15              		.section	.gnu.lto_.icf.6c0b17e53a8294f2,"",%progbits
  16 0000 789C6363 		.ascii	"x\234cc``\320a@\000v\206\373/\277\357ge|w{\326\"v\246"
  16      6060D061 
  16      40007686 
  16      FB2FBFEF 
  16      67657C77 
  17 0019 75AF7B97 		.ascii	"u\257{\227\3632o:\261z\027?K\307\233\2367<\254\277\336"
  17      F3326F3A 
  17      B17A173F 
  17      4BC79B9E 
  17      373CACBF 
  18 002e 7D3DC6C1 		.ascii	"}=\306\3016g\363\361N\016\006\000\374'\025\360"
  18      3667F3F1 
  18      4E0E0600 
  18      FC2715F0 
  19              		.text
  20              		.section	.gnu.lto_.jmpfuncs.6c0b17e53a8294f2,"",%progbits
  21 0000 789C5D8C 		.ascii	"x\234]\214\261\015\2000\014\004\357\355\220\224\354"
  21      B10D8030 
  21      0C04EFED 
  21      9094EC
  22 000f C366544C 		.ascii	"\303fTLA\3070\331\014\354\"\"\312K_\370\317\272\012"
  22      41C730D9 
  22      0CEC2222 
  22      CA4B5FF8 
  22      CFBA0A
  23 0022 DCFC6948 		.ascii	"\334\374iH\272\036\307@\275\210\350\033\331\341\350"
  23      BA1EC740 
  23      BD88E81B 
  23      D9E1E8
  24 0031 C883B6C4 		.ascii	"\310\203\266\304\321|3\233\027\317\325\207\300N\264"
  24      D17C339B 
  24      17CFD587 
  24      C04EB4
  25 0040 38CAC456 		.ascii	"8\312\304V\377f\222\017Q\235\017>\024\253\"5"
  25      FF66920F 
  25      519D0F3E 
  25      14AB2235 
  26              		.text
ARM GAS  /tmp/cc6kgboW.s 			page 2


  27              		.section	.gnu.lto_.inline.6c0b17e53a8294f2,"",%progbits
  28 0000 789C6D8E 		.ascii	"x\234m\216\255n\002Q\024\204g\316\271?\013\354\206E"
  28      AD6E0251 
  28      148467CE 
  28      B93F0BEC 
  28      8645
  29 0012 61485855 		.ascii	"aHXUT\221\353\232\364\011\352y\005x\016\010\011\242"
  29      5491EB9A 
  29      F409EA79 
  29      05780E08 
  29      09A2
  30 0024 154D1392 		.ascii	"\025M\023\222\212\212\232\352\0324\266\002$\026T%\217"
  30      8A8A9AEA 
  30      1A34B602 
  30      24165425 
  30      8F
  31 0035 C0BDBBB0 		.ascii	"\300\275\273\260\212+\3169\311\334\231o\034\200\007"
  31      8A2BCE39 
  31      C9DC996F 
  31      1C8007
  32 0044 A2791E48 		.ascii	"\242y\036H\3734(f\357\312\217\371v\347W\372\251B\360"
  32      FB342866 
  32      EFCA8FF9 
  32      76E757FA 
  32      A942F0
  33 0057 97037D46 		.ascii	"\227\003}F1\275\035\304u\026.\370\334\327P\300\177\237"
  33      31BD1DC4 
  33      75162EF8 
  33      DCD750C0 
  33      7F9F
  34 0069 0BEC7294 		.ascii	"\013\354r\224\203G_\030\251W\314\265=\030\360\355\205"
  34      83475F18 
  34      A957CCB5 
  34      3D18F0ED 
  34      85
  35 007a 709610DD 		.ascii	"p\226\020\335\364\321:\224\022%A\366DJ\210\202\364N"
  35      F4D13A94 
  35      122541F6 
  35      444A8882 
  35      F44E
  36 008c AF0EADC5 		.ascii	"\257\016\255\3057\005\321\246\350\264\251\241\014\307"
  36      3705D1A6 
  36      E8B4A9A1 
  36      0CC7
  37 009a 034584D7 		.ascii	"\003E\204\327;Pq\217\252\177\335@Y[S\005k\212$2\015"
  37      3B50718F 
  37      AA7FDD40 
  37      595B5305 
  37      6B8A2432 
  38 00af B24E60A6 		.ascii	"\262N`\246\253\011\222\237\307\233\024\025\033\333\260"
  38      AB09929F 
  38      C79B1415 
  38      1BDBB0
  39 00be CE33B2EF 		.ascii	"\3163\262\357\"9\217\253@S\317\370\325!\361\301\355"
  39      22398FAB 
  39      4053CFF8 
  39      D521F1C1 
ARM GAS  /tmp/cc6kgboW.s 			page 3


  39      ED
  40 00cf 0F65D318 		.ascii	"\017e\323\030\027>\363#\344"
  40      173EF323 
  40      E4
  41              		.text
  42              		.section	.gnu.lto_.pureconst.6c0b17e53a8294f2,"",%progbits
  43 0000 789C6363 		.ascii	"x\234cc``\020\002bv\006IF)\246]\214\314R,\273\030Y\245"
  43      60601002 
  43      62760649 
  43      4629A65D 
  43      8CCC522C 
  44 0018 D8763102 		.ascii	"\330v1\002\000\026\364\002\315"
  44      0016F402 
  44      CD
  45              		.text
  46              		.section	.gnu.lto_chPoolAllocI.part.0.6c0b17e53a8294f2,"",%progbits
  47 0000 789C8D52 		.ascii	"x\234\215R\317k\023A\024~\337\274\331\335\324\037\025"
  47      CF6B1341 
  47      147EDFBC 
  47      D9DDD41F 
  47      15
  48 0011 8AC71C02 		.ascii	"\212\307\034\002\332\226z\310\376\005\336\375;\014E"
  48      DA967AC8 
  48      FE05DEFD 
  48      3B0C45
  49 0020 298684C6 		.ascii	")\206\204\306{\247iBRZ\241\007[!,\272\245J\351AT\374"
  49      7BA76942 
  49      525AA107 
  49      5B212CBA 
  49      A54AE941 
  50 0036 5563D550 		.ascii	"Uc\325Pi\021$\225\210\007\321RP\261X\021\261\010\036"
  50      69112495 
  50      8807D152 
  50      50B15811 
  50      B1081E
  51 0049 1452DFCC 		.ascii	"\024R\337\314\366\240\340\301a\367\275\2317\357{\337"
  51      F6A0E0C1 
  51      61F7BD99 
  51      37EF7BDF 
  52 0059 376FC627 		.ascii	"7o\306'\2423\212\350\204\370\223\362\303'x3\0332\361"
  52      A2338AE8 
  52      84F893F2 
  52      C3277833 
  52      1B32F1
  53 006c A09C578A 		.ascii	"\240\234W\212\237\267\211\314\001\275&\366\020C\333"
  53      9FB789CC 
  53      01BD26F6 
  53      1043DB
  54 007b F0784A03 		.ascii	"\360xJ\003vbR\2401O\261\306\030\246\371\"\243S\271\031"
  54      766252A0 
  54      314FB1C6 
  54      18A6F922 
  54      A353B919 
  55 008f F114474C 		.ascii	"\361\024GL\320\262\334m7>\364\332%\220\221\345R\355"
  55      D0B2DC6D 
  55      373EF4DA 
  55      259091E5 
ARM GAS  /tmp/cc6kgboW.s 			page 4


  55      52ED
  56 00a1 7BC71F5A 		.ascii	"{\307\037Z4\246lZ\227\276\005\213\023\325S\021+\232"
  56      34A66C5A 
  56      97BE058B 
  56      13D55311 
  56      2B9A
  57 00b3 93EC3B48 		.ascii	"\223\354;H\3436\322V\304]\014I\356\247\345\365z\212"
  57      E336D256 
  57      C45D0C49 
  57      EEA7E5F5 
  57      7A8A
  58 00c5 8F8164FE 		.ascii	"\217\201d\376k|k\251w\360\232\303m^es<b\306=\360\237"
  58      6B7C6BA9 
  58      77F09AC3 
  58      6D5E6573 
  58      3C62C63D 
  59 00db 400911EE 		.ascii	"@\011\021\356c\320\346\357Tf\352Gx\300aw\273\027~\006"
  59      63D0E6EF 
  59      5466EA47 
  59      78C06177 
  59      BB177E06 
  60 00ef FD0B0EBB 		.ascii	"\375\013\016\273q\245o~\302<3ZX\261\3747\336\016I\177"
  60      71A56F7E 
  60      C23C335A 
  60      58B1FC37 
  60      DE0E497F 
  61 0103 7FAB3B7B 		.ascii	"\177\253;{\330\327x\200~\247\253i{\342\014\221\212%"
  61      D8D77880 
  61      7EA7AB69 
  61      7BE20C91 
  61      8A25
  62 0115 201B375E 		.ascii	" \0337^z\306t\367j\3064\007\372z\000K\253D\200f1\236"
  62      7AC674F7 
  62      6AC63407 
  62      FA7A004B 
  62      AB448066 
  63 012b 76399EB3 		.ascii	"v9\236\263Du&\262\235\252\263g=O\312y\255\377\214rs"
  63      447526B2 
  63      9DAAB367 
  63      3D4FCA79 
  63      ADFF8C72 
  64 0140 676A2DB0 		.ascii	"gj-\260\265\033\254\204y\256\272\372\"\260\275b\247"
  64      B51BAC84 
  64      79AEBAFA 
  64      22B0BD62 
  64      A7
  65 0151 7B65B5BD 		.ascii	"{e\265\275\356\307\270\214\210%\001xh5J\374U\355\365"
  65      EEC7B88C 
  65      88250178 
  65      68354AFC 
  65      55EDF5
  66 0164 D6C1F0BA 		.ascii	"\326\301\360\272\221\221\2118\300\012b\314\262U\217"
  66      91918938 
  66      C00A62CC 
  66      B2558F
  67 0173 4708E923 		.ascii	"G\010\351#*o\237n\342\037e\003\020\036\357\037tR\232"
  67      2A6F9F6E 
ARM GAS  /tmp/cc6kgboW.s 			page 5


  67      E21F6503 
  67      101EEF1F 
  67      74529A
  68 0186 25F79AA8 		.ascii	"%\367\232\250\230\256\356\253\340\377\246M\341\211\243"
  68      98AEEEAB 
  68      E0FFA64D 
  68      E189A3
  69 0195 85A56D09 		.ascii	"\205\245m\011\355\027T\342\221\244\212\026^\222b\021"
  69      ED1754E2 
  69      91A48A16 
  69      5E926211 
  70 01a5 F7D036CA 		.ascii	"\367\3206\312\031\033\265\275\220\035\307\254\335\371"
  70      191BB5BD 
  70      901DC7AC 
  70      DDF9
  71 01b3 B7A12889 		.ascii	"\267\241(\211z\364\025\345\370\335\321\004\355I\316"
  71      7AF415E5 
  71      F8DDD104 
  71      ED49CE
  72 01c2 0F797ED9 		.ascii	"\017y~\331\264z\263\327\202\200\270\261\320\201\364"
  72      B47AB3D7 
  72      8280B8B1 
  72      D081F4
  73 01d1 0F16278F 		.ascii	"\017\026'\2175\223\315\206\311W(\205\243\347\303\322"
  73      3593CD86 
  73      C9572885 
  73      A3E7C3D2 
  74 01e1 682ECC9D 		.ascii	"h.\314\235\315\017\347\213\205\302\271R6G*_\324\205"
  74      CD0FE78B 
  74      85C2B952 
  74      36472A5F 
  74      D485
  75 01f3 D323C5DF 		.ascii	"\323#\305\337\242-\311\251"
  75      A22DC9A9 
  76              		.text
  77              		.section	.gnu.lto_chPoolObjectInit.6c0b17e53a8294f2,"",%progbits
  78 0000 789C9591 		.ascii	"x\234\225\221\337K\024Q\024\307\317\367\236\331\331"
  78      DF4B1451 
  78      14C7CFF7 
  78      9ED9D9
  79 000f 21D3DEC2 		.ascii	"!\323\336\302\310\207\205\242E\204\235\207\376\244m"
  79      C88785A2 
  79      45849D87 
  79      FEA46D
  80 001e 21A16596 		.ascii	"!\241e\226\335\350\241\027\357n\331\256\224\340C\032"
  80      DDE8A117 
  80      EF6ED9AE 
  80      94E0431A 
  81 002e 0C830DF6 		.ascii	"\014\203\015\366SB**\323\262\234\326\330\227\262(\012"
  81      53422A2A 
  81      D3B29CD6 
  81      D897B228 
  81      0A
  82 003f C440A20D 		.ascii	"\304@\242\015Q\037\202\302\267\300:\367\266\201\370"
  82      511F82C2 
  82      B7C03AF7 
  82      B681F8
ARM GAS  /tmp/cc6kgboW.s 			page 6


  83 004e E6652E73 		.ascii	"\346e.s\316\334\363\371\236s\277\343\022Q\240\210N\312"
  83      CEDCF3F9 
  83      9E73BFE3 
  83      1251A088 
  83      4ECA
  84 0060 FBA86C30 		.ascii	"\373\250l0A\215\275#\252z\0120\201\366@C\012C\270\302"
  84      418DBD23 
  84      AA7A0A30 
  84      81F64043 
  84      0A43B8C2 
  85 0074 5719CDFA 		.ascii	"W\031\315\372\372\274\352\277\243e%\327f\335Kz\2707"
  85      FABCEABF 
  85      A36525D7 
  85      66DD4B7A 
  85      B837
  86 0086 62A209D9 		.ascii	"b\242\011\331f\341\021\372\245\352\303\305\007\021_"
  86      66E111FA 
  86      A5EAC3C5 
  86      07115F
  87 0095 E6880147 		.ascii	"\346\210\001G\322\237\313a\273\307\244\012\031I7\346"
  87      D29FCB61 
  87      BBC7A40A 
  87      194937E6 
  88 00a5 5A0D8F8F 		.ascii	"Z\015\217\217\201$\376]]\233\356\311\336\322\272\246"
  88      8124FE5D 
  88      5D9BEEC9 
  88      DED2BAA6 
  89 00b5 93ED9BAC 		.ascii	"\223\355\233\254\217G\314\230\005\213 \236\240\017\217"
  89      8F47CC98 
  89      058B209E 
  89      A00F8F
  90 00c4 D147F289 		.ascii	"\321G\362\211\360\024Y)\237\252~~\323\315',\372udf\324"
  90      F0145929 
  90      9FAA7E7E 
  90      D3CD272C 
  90      FA756466 
  91 00d9 E9A06F6F 		.ascii	"\351\240oo[\324\301\334^\324!\314[\364\313dk\363 \017"
  91      5BD4C1DC 
  91      5ED421CC 
  91      5BF4CB64 
  91      6BF3200F 
  92 00ed 587471F5 		.ascii	"Xtq\365\327\215C\035\364{o\250\023'\342\024\236\355"
  92      D78D431D 
  92      F47B6FA8 
  92      1327E214 
  92      9EED
  93 00ff 655384E7 		.ascii	"eS\204\347\310\032\340\333\303\235\361n\327\211\377"
  93      C81AE0DB 
  93      C39DF16E 
  93      D789FF
  94 010e 5F150B70 		.ascii	"_\025\013p\011\022\334\377\230J\364\316\237\272L\177"
  94      0912DCFF 
  94      984AF4CE 
  94      9FBA4C7F 
  95 011e 6475CB33 		.ascii	"du\3133\246\311\244\016LS\027\026\247\206\020\342\244"
  95      A6C9A40E 
  95      4C531716 
ARM GAS  /tmp/cc6kgboW.s 			page 7


  95      A78610E2 
  95      A4
  96 012f 4E688495 		.ascii	"Nh\204\225\211.$\264\205\332\366\306\365v\332\010\211"
  96      892E24B4 
  96      85DAF6C6 
  96      F576DA08 
  96      89
  97 0140 FEC470F3 		.ascii	"\376\304p\363}\3328\304v\276\205\346r\313\2151Y\025"
  97      7DDA38C4 
  97      76BE85E6 
  97      72CB8D31 
  97      5915
  98 0152 9BE3C311 		.ascii	"\233\343\303\021\273\241X\367Bf2\207\237\352+k]\376"
  98      BBA158F7 
  98      42663287 
  98      9FEA2B6B 
  98      5DFE
  99 0164 8CF90599 		.ascii	"\214\371\005\231\210\323x\211\030\343\326\177,\302\337"
  99      88D37889 
  99      18E3D67F 
  99      2CC2DF
 100 0173 2D960621 		.ascii	"-\226\006!\021J\232\205\233w\227\272:\315\366\241\356"
 100      114A9A85 
 100      9B7797BA 
 100      3ACDF6A1 
 100      EE
 101 0184 E0955537 		.ascii	"\340\225U7WE\023~(~Z\265\351\366\201\375\253\245\260"
 101      5745137E 
 101      287E5AB5 
 101      E9F681FD 
 101      ABA5B0
 102 0197 64D59451 		.ascii	"d\325\224Q{m\324\\\372\201Z|o\024\326P\263\032\322K"
 102      7B6DD45C 
 102      FA815A7C 
 102      6F14D650 
 102      B31AD24B 
 103 01ab 2C92924C 		.ascii	",\222\222L.\347\377{\202\212_>\353W\312y?\177\272X("
 103      2EE7FF7B 
 103      828A5F3E 
 103      EB57CA79 
 103      3F7FBA58 
 104 01c0 9682E04C 		.ascii	"\226\202\340L%\227'U,9\225\301\363\005\257T\016\316"
 104      25972755 
 104      2C3995C1 
 104      F305AF54 
 104      0ECE
 105 01d2 0D9E2A94 		.ascii	"\015\236*\224\377\002\371j\330\360"
 105      FF02F96A 
 105      D8F0
 106              		.text
 107              		.section	.gnu.lto_chPoolLoadArray.6c0b17e53a8294f2,"",%progbits
 108 0000 789C9D56 		.ascii	"x\234\235V_LSg\024\377\316\375\356mk\213@\266\027b\214"
 108      5F4C5367 
 108      14FFCEFD 
 108      EE6D6B8B 
 108      40B61762 
 109 0015 AB514408 		.ascii	"\253QD\010\241d/\333\303^\026\223%{\340E^\226l\331\242"
ARM GAS  /tmp/cc6kgboW.s 			page 8


 109      A1642FDB 
 109      C35E1693 
 109      257BE045 
 109      5E966CD9 
 110 002a 1D092E62 		.ascii	"\035\011.b\233\002F\236\274\024\344\317\334\034Q\354"
 110      9B02469E 
 110      BC14E4CF 
 110      DC1C51EC 
 111 003a 96A6198D 		.ascii	"\226\246\031\215H\224\007\346\037\330\206\202X\313D"
 111      489407E6 
 111      1FD88682 
 111      58CB44
 112 0049 36014571 		.ascii	"6\001Eq\2020T\376\024*\216\351\226\021\331&\354\234"
 112      823054FE 
 112      142A8EE9 
 112      9611D926 
 112      EC9C
 113 005b EFDE62B9 		.ascii	"\357\336b\271\002Kv\003\345\334\357;\277s\316\367;\277"
 113      024B7603 
 113      E5DCEF3B 
 113      BF73CEF7 
 113      3BBF
 114 006d F3511363 		.ascii	"\363Q\023cl\300\302\330\023\374\373\036\376\202\211"
 114      6CC0C2D8 
 114      13FCFB1E 
 114      FE8289
 115 007c 8154D3C7 		.ascii	"\201T\323\307X\251E\002Y3\270f\\\261\310\022o\0113\246"
 115      58A94502 
 115      5933B866 
 115      5CB1C812 
 115      6F0933A6 
 116 0090 5A95111B 		.ascii	"Z\225\021\033S\023\024\000ZW-\300\016J\\V\340\240$3"
 116      53131400 
 116      5A572DC0 
 116      0E4A5C56 
 116      E0A02433 
 117 00a4 08C9B088 		.ascii	"\010\311\260\210O\322\222\301\350\371\214\327r\010W"
 117      4FD292C1 
 117      E8F98CD7 
 117      720857
 118 00b3 462E48E9 		.ascii	"F.H\351\247T|B_\0365W\250\207R\002\2341\037\027.\014"
 118      A7547C42 
 118      5F1E3557 
 118      A8875202 
 118      9C311F17 
 119 00c9 9A211DBD 		.ascii	"\232!\035\275\372\313\317\006\370a\036\340\0002\276"
 119      FACBCF06 
 119      F8611EE0 
 119      0032BE
 120 00d8 3EEDF58F 		.ascii	">\355\365\217'\322\253\004v|\235n\355\252\262\360-\300"
 120      27D2AB04 
 120      767C9D6E 
 120      EDAAB2F0 
 120      2DC0
 121 00ea D0FEBB74 		.ascii	"\320\376\273t\26411\255AU\275j\350\361I\256n\015p\016"
 121      B43131AD 
 121      4155BD6A 
ARM GAS  /tmp/cc6kgboW.s 			page 9


 121      E8F149AE 
 121      6E0D700E 
 122 00fe DF01C780 		.ascii	"\337\001\307\200\360-l\204\026\330\310p\211\301\367"
 122      F02D6C84 
 122      16D8C870 
 122      89C1F7
 123 010d 9086EE3D 		.ascii	"\220\206\356=\241\3523V\276M@\307\253\347\247\254:\364"
 123      A1EA3356 
 123      BE4D40C7 
 123      ABE7A7AC 
 123      3AF4
 124 011f 9F060195 		.ascii	"\237\006\001\225\241\325\010\305\343\\\020\320\347j"
 124      A1D508C5 
 124      E35C10D0 
 124      E76A
 125 012d AD2F916F 		.ascii	"\255/\221o\027\320\211\353\3655f\035\332sJ@\025\270"
 125      17D089EB 
 125      F535661D 
 125      DA734A40 
 125      15B8
 126 013f 68842A0C 		.ascii	"h\204*\014\332 \215\374\307\316-\034_o\222\203\261\223"
 126      DA208DFC 
 126      C7CE2D1C 
 126      5F6F9283 
 126      B193
 127 0151 423B9800 		.ascii	"B;\230\000\327\243\3455UI<C\304|\272\360\371_\346\324"
 127      D7A3E535 
 127      55493C43 
 127      C47CBAF0 
 127      F95FE6D4 
 128 0165 7A11B365 		.ascii	"z\021\263eC\320\233L\345\\Z\036\223\036tm\273v\362\230"
 128      43D09B4C 
 128      E55C5A1E 
 128      931E746D 
 128      BB76F298 
 129 0179 ACBB2E36 		.ascii	"\254\273.6l\013_\255PkJ-+\234\\\367\327\322\227k\244"
 129      6C0B5FAD 
 129      506B4A2D 
 129      2B9C5CF7 
 129      D7D2976B 
 130 018e 07CC0A5C 		.ascii	"\007\314\012\\\206T\350\200TQ\207\217\303\377\211\031"
 130      8654E880 
 130      5451878F 
 130      C3FF8919 
 131 019e 5FEE4DE8 		.ascii	"_\356M\350V\345\325\313\215O?\332h\2020f\277B\331C\224"
 131      56E5D5CB 
 131      8D4F3FDA 
 131      68823066 
 131      BF42D943 
 132 01b3 5D32BA1C 		.ascii	"]2\272\034\363'2\350\244-\036\307\035\203\037\220\263"
 132      F32732E8 
 132      A42D1EC7 
 132      1D831F90 
 132      B3
 133 01c4 AB284E83 		.ascii	"\253(N\203\373\270?\363CF\033>\354\025\356M\265W\016"
 133      FBB83FF3 
 133      43461B3E 
ARM GAS  /tmp/cc6kgboW.s 			page 10


 133      EC15EE4D 
 133      B5570E
 134 01d7 002F1287 		.ascii	"\000/\022\207z\034\251\012\305\016u\267n\373\374\340"
 134      7A1CA90A 
 134      C50E75B7 
 134      6EFBFCE0 
 135 01e7 B4AA1E55 		.ascii	"\264\252\036U!\300Mp\355?K\235\2357A7\225\331E\261\225"
 135      21C04D70 
 135      ED3F4B9D 
 135      9D374137 
 135      95D945B1 
 136 01fc 65B5FC88 		.ascii	"e\265\374\210\265\374D\203\202\037\200\3203\267\224"
 136      B5FC4483 
 136      821F80D0 
 136      33B794
 137 020b 90BAB058 		.ascii	"\220\272\260X\211\374\276\022x\026\035\331\222\014("
 137      89FCBE12 
 137      78161DD9 
 137      920C28
 138 021a 00B324C4 		.ascii	"\000\263$\304\303\205\016pT\3206\001\331\026 =\256\023"
 138      C3850E70 
 138      54D03601 
 138      D916203D 
 138      AE13
 139 022c BB56B16B 		.ascii	"\273V\261kCw\234\301*T\307\210M\015\241!\241Q\026b\325"
 139      43779CC1 
 139      2A54C788 
 139      4D0DA121 
 139      A1511662 
 140 0241 C8024E1C 		.ascii	"\310\002N\034Z\021\360\006\333\216(\3243,\2456R\365"
 140      5A11F006 
 140      DB8E28D4 
 140      332CA536 
 140      52F5
 141 0253 6752C669 		.ascii	"gR\306iQ\351\\\253\344\017R\257\230>E\327!\303\217\341"
 141      51E95CAB 
 141      E40F52AF 
 141      983E45D7 
 141      21C38FE1 
 142 0267 E210D46E 		.ascii	"\342\020\324n?\306\214\200\340{Mt\017dP\004\341+\244"
 142      3FC68C80 
 142      E07B4D74 
 142      0F645004 
 142      E12BA4
 143 027a D2137BB9 		.ascii	"\322\023{\271\022\377\022^\026q9\325\331\277\255M5\364"
 143      12FF125E 
 143      167139D5 
 143      D9BFAD4D 
 143      35F4
 144 028c 422A822A 		.ascii	"B*\202*\243\352%\231\006\333\004v\350\303\275\031\360"
 144      A3EA2599 
 144      06DB0476 
 144      E8C3BD19 
 144      F0
 145 029d 8E35FB6A 		.ascii	"\2165\373j\307S\214\232\360\3054\261B\377\263\337gp"
 145      C7538C9A 
 145      F0C534B1 
ARM GAS  /tmp/cc6kgboW.s 			page 11


 145      42FFB3DF 
 145      6770
 146 02af 83F6CCC6 		.ascii	"\203\366\314\306\275\333uo\271(\025\203\233/\367\260"
 146      BDDB756F 
 146      B9281583 
 146      9B2FF7B0 
 147 02bf 1F59B945 		.ascii	"\037Y\271E=\274E=\004\326O\023y\242\356\3743\353\346"
 147      3DBC453D 
 147      04D64F13 
 147      79A2EEFC 
 147      33EBE6
 148 02d2 31A853BF 		.ascii	"1\250S\277\262\007\370:\0024\215\267\251x\357a\321\267"
 148      B207F83A 
 148      02348DB7 
 148      A978EF61 
 148      D1B7
 149 02e4 61B350C9 		.ascii	"a\263P\311\223\307\003\303\022\256\300\000\310\242l"
 149      93C703C3 
 149      12AEC000 
 149      C8A26C
 150 02f3 0677C445 		.ascii	"\006w\304Eu\272\243s2a\363\244\216\266\222\357\357\337"
 150      75BAA373 
 150      3261F3A4 
 150      8EB692EF 
 150      EFDF
 151 0305 9CBF6313 		.ascii	"\234\277c\023\350\237\011\015wA\246\276\330\005\005"
 151      E89F090D 
 151      7741A6BE 
 151      D80505
 152 0314 8CCC07D5 		.ascii	"\214\314\007\325\207\315\306\011\354kM\360\253\241r"
 152      87CDC609 
 152      EC6B4DF0 
 152      ABA172
 153 0323 FB2AF307 		.ascii	"\373*\363\007\203K\215\360\006\317\004\270q _\300W\234"
 153      834B8DF0 
 153      06CF04B8 
 153      71205FC0 
 153      579C
 154 0335 49188AB5 		.ascii	"I\030\212\265\316\033\374\303\3470\220\026i5\221\003"
 154      CE1BFCC3 
 154      E7309016 
 154      69359103 
 155 0345 E5D039B7 		.ascii	"\345\3209\267P\374\341\241\321\326\004\376+\210\301"
 155      50FCE1A1 
 155      D1D604FE 
 155      2B88C1
 156 0354 BA73BFF1 		.ascii	"\272s\277\361\003=W\244i\323\2112U\\\000\026\030^c\252"
 156      033D57A4 
 156      69D38932 
 156      555C0016 
 156      185E63AA 
 157 0368 6418A188 		.ascii	"d\030\241\210\367\220\355_\210v\374\240\025*\344\021"
 157      F790ED5F 
 157      8876FCA0 
 157      152AE411 
 158 0378 782F46A3 		.ascii	"x/F\243\207l\264\346\3476\204\370\016\205o\230I\031"
 158      876CB4E6 
ARM GAS  /tmp/cc6kgboW.s 			page 12


 158      E73684F8 
 158      0E856F98 
 158      4919
 159 038a 3691AF3D 		.ascii	"6\221\257=\334\333e\012\302\327\250'\013*\033F\005\351"
 159      DCDB650A 
 159      C2D7A827 
 159      0B2A1B46 
 159      05E9
 160 039c F7210884 		.ascii	"\367!\010\204\035\370\264Z!h<\316b\304%`\"x@8\\\037"
 160      1DF8B45A 
 160      21683CCE 
 160      62C42560 
 160      22784038 
 161 03b2 A81C1CB5 		.ascii	"\250\034\034\2659\232\350\274\301\015\344\374\020C\035"
 161      399AE8BC 
 161      C10DE4FC 
 161      10431D
 162 03c1 C709A0F2 		.ascii	"\307\011\240\362\030\214\201\003\313\240\320\276\350"
 162      188C8103 
 162      CBA0D0BE 
 162      E8
 163 03ce A349B31E 		.ascii	"\243I\263\036{\345\"\306\021\031#\263\031[!x\323[<\244"
 163      7BE522C6 
 163      111923B3 
 163      195B2178 
 163      D35B3CA4 
 164 03e2 99A8946E 		.ascii	"\231\250\224n\241\367\245\352Hp\023\272\336\317\371"
 164      A1F7A5EA 
 164      487013BA 
 164      DECFF9
 165 03f1 6A9DDA3D 		.ascii	"j\235\332=\242kp\241\356a\207-&\257\011\221dR\310\313"
 165      A26B70A1 
 165      EE61872D 
 165      26AF0991 
 165      6452C8CB 
 166 0405 A8A588A6 		.ascii	"\250\245\210\246\245\007\321/.n\022)4==?\237+F5VE8\266"
 166      A507D12F 
 166      2E6E1229 
 166      343D3D3F 
 166      9F2B4635 
 167 041d 71B8AF1E 		.ascii	"q\270\257\036b\227\001\323H\037\254\177\225V\374\034"
 167      629701D3 
 167      481FAC7F 
 167      9556FC1C 
 168 042d E2CBE3CB 		.ascii	"\342\313\343\313\310+E\226PJ\353\351\314S/\023h\247"
 168      C82B4596 
 168      504AEBE9 
 168      CC532F13 
 168      68A7
 169 043f 7F7ED382 		.ascii	"\177~\323\202?\272\012!\012\016\214]\026\250(\321\""
 169      3FBA0A21 
 169      0A0E8C5D 
 169      16A828D1 
 169      22
 170 0450 AF437630 		.ascii	"\257Cv0\276(Fd\307K\017W\311\307W\321\324\226\242yY"
 170      BE284664 
 170      C74B0F57 
ARM GAS  /tmp/cc6kgboW.s 			page 13


 170      C9C757D1 
 170      D496A279 
 171 0465 FD9CBE1F 		.ascii	"\375\234\276\037\314\264\237\035T\250\004E\377\012\361"
 171      CCB49F1D 
 171      54A80445 
 171      FF0AF1
 172 0474 08132E21 		.ascii	"\010\023.!\333\010i\305$\325x\327\343\027\017q+JL[\347"
 172      DB0869C5 
 172      24D578D7 
 172      E3170F71 
 172      2B4A4C5B 
 173 0489 9A2DA24B 		.ascii	"\232-\242Kl\022\312\207;g\003\257k\321y\374\351\024"
 173      6C12CA87 
 173      3B6703AF 
 173      6BD179FC 
 173      E914
 174 049b 647A4653 		.ascii	"dzFS\347\034`i\212\304\260\036\356\237{s\016\270\237"
 174      E71C6069 
 174      8AC4B01E 
 174      EE9F7B73 
 174      0EB89F
 175 04ae 9BE8D5CA 		.ascii	"\233\350\325\312\357\315ec\032E\273\205giR\216\010\362"
 175      EFCD6563 
 175      1A45BB85 
 175      6769528E 
 175      08F2
 176 04c0 84A8ABF0 		.ascii	"\204\250\253\360<#6\354\204=+\313\241\375\270\012\035"
 176      3C2336EC 
 176      843D2BCB 
 176      A1FDB80A 
 176      1D
 177 04d1 9E2247A1 		.ascii	"\236\"G\241\307\351p\346\027\344\025\270]\256\275\205"
 177      C7E970E6 
 177      17E415B8 
 177      5DAEBD85 
 178 04e1 594E2615 		.ascii	"YN&\025\270\301\015\373d\327\356O\334[\015\316{\366"
 178      B8C10DFB 
 178      64D7EE4F 
 178      DC5B0DCE 
 178      7BF6
 179 04f3 39F7167F 		.ascii	"9\367\026\177\234\027\017\310g\257\255\352TXB\373\312"
 179      9C170FC8 
 179      67AFADEA 
 179      545842FB 
 179      CA
 180 0504 FE5D7B8B 		.ascii	"\376]{\213\363\322\015^n\227\247\250\320\361\366\316"
 180      F3D20D5E 
 180      6E97A7A8 
 180      D0F1F6CE 
 181 0514 9C1D3907 		.ascii	"\234\0359\007\320\325\351\362\344}\264\377\215\002\364"
 181      D0D5E9F2 
 181      E47DB4FF 
 181      8D02F4
 182 0523 CF8CF7CC 		.ascii	"\317\214\367\314;P\344\330\221\223\373n\356\213\260"
 182      3B50E4D8 
 182      9193FB6E 
 182      EE8BB0
ARM GAS  /tmp/cc6kgboW.s 			page 14


 183 0532 E4E92C78 		.ascii	"\344\351,x\247x\237\023\235\223srw\332w\357*\314s{\366"
 183      A7789F13 
 183      9D937372 
 183      77DA77EF 
 183      2ACC737B 
 184 0547 64DA53B3 		.ascii	"d\332S\263\231\344af,\316\345)a\334\235\357\376\027"
 184      99E46166 
 184      2CCEE529 
 184      61DC9DEF 
 184      FE17
 185 0559 D3AB207E 		.ascii	"\323\253 ~"
 186              		.text
 187              		.section	.gnu.lto_chPoolAllocI.6c0b17e53a8294f2,"",%progbits
 188 0000 789C8592 		.ascii	"x\234\205\222\313k\023Q\024\306\3177\367\316L\250\265"
 188      CB6B1351 
 188      14C6CF37 
 188      F7CE4CA8 
 188      B5
 189 0011 852E43D1 		.ascii	"\205.C\321\200\326R\027\231E\327\356\375;\032\004\021"
 189      80D65217 
 189      9945D7EE 
 189      FD3B1A04 
 189      11
 190 0022 4342E23E 		.ascii	"CB\342>7\217\222\304\007\024\332F\014\203FTj\027\242"
 190      378F92C4 
 190      0714DA46 
 190      0C834654 
 190      6A17A2
 191 0035 E2ABA955 		.ascii	"\342\253\251U\307\024\203\013\333R\351B\214ta\261X)"
 191      C714830B 
 191      DB52E942 
 191      8C7461B1 
 191      5829
 192 0047 62515C28 		.ascii	"bQ\\(I=w\246bU\304af\356\353\234\357\373\2353c\021Q"
 192      493D77A6 
 192      6255C461 
 192      66EEEB9C 
 192      EFFB9D33 
 193 005e CB203ACC 		.ascii	"\313 :\314\343\021~`\021\214\261E\242l\3100D{\230T\227"
 193      E3117E60 
 193      118CB145 
 193      A26CC830 
 193      447B9854 
 194 0073 1C0F93EA 		.ascii	"\034\017\223\352\0260\203m\031L`\002zT!P\306\020\322"
 194      1630836D 
 194      194C6002 
 194      7A542150 
 194      C610D2
 195 0086 440667C5 		.ascii	"D\006g\305\204\300r\341\226+\316\010W\020$/\267\026"
 195      84C072E1 
 195      962BCE08 
 195      5710242F 
 195      B716
 196 0098 AA6B3D7A 		.ascii	"\252k=z\011Dx9]\374\274l\015M)\225S\336\371O\366T~\364"
 196      09447839 
 196      5DFCBC6C 
 196      0D4D2995 
ARM GAS  /tmp/cc6kgboW.s 			page 15


 196      53DEF94F 
 197 00b0 A82B0CAA 		.ascii	"\250+\014\252p\364]\364\343\016\3725\304=\014q\354\373"
 197      70F45DF4 
 197      E30EFA35 
 197      C43D0C71 
 197      ECFB
 198 00c2 99662924 		.ascii	"\231f)$\016\200x\376=\273:\3353x\315\317{sU\250\203"
 198      0E8078FE 
 198      3DBB3ADD 
 198      3378CDCF 
 198      7B7355A8 
 199 00d7 AE10B80F 		.ascii	"\256\020\270\017\261;\221\267\010\0170\250\3437\012"
 199      B13B91B7 
 199      080F30A8 
 199      E3370A
 200 00e6 63A55E71 		.ascii	"c\245^q\310\317\335\352\234\373f\017\\\361s\027/\365"
 200      C8CFDDEA 
 200      9CFB660F 
 200      5CF17317 
 200      2FF5
 201 00f8 5DCEABE7 		.ascii	"]\316\253\347J\262+f~\317\327\027\207\277\275\335\231"
 201      4AB22B66 
 201      7ECFD717 
 201      87BFBDDD 
 201      99
 202 0109 DC6B49D4 		.ascii	"\334kI\3241P\023\244\321\230hV7\206G\275{\363\245\351"
 202      315013A4 
 202      D1986856 
 202      378647BD 
 202      7BF3A5E9 
 203 011d A9CE7651 		.ascii	"\251\316vQy\315\375K_^\364u\031l-Y\210\317\244\377\266"
 203      79CDFD4B 
 203      5F5EF475 
 203      196C2D59 
 203      88CFA4FF 
 204 0132 A0396C7F 		.ascii	"\2409l\177NTb\005n\225\362\250\314\245\362,\357\321"
 204      4E546205 
 204      6E95F2A8 
 204      CCA5F22C 
 204      EFD1
 205 0144 07E46637 		.ascii	"\007\344f7:yK\013W\205\315\266\225\321\306\222\255\033"
 205      3A794B0B 
 205      5785CDB6 
 205      95D1C692 
 205      AD1B
 206 0156 257CE8B9 		.ascii	"%|\350\271\306B\323\252\341bV)UK\261\201Y\025\026\036"
 206      C642D3AA 
 206      E1625629 
 206      554BB181 
 206      5915161E 
 207 016a 6A4C3E5D 		.ascii	"jL>])\276Z\335\343\334\3403\025ao\314\241\206I\015J"
 207      29BE5ADD 
 207      E3DCE033 
 207      15616FCC 
 207      A186490D 
 208 017f 780487D6 		.ascii	"x\004\207\326\221\253\215hi\015\300\362\364\016\205"
 208      91AB8D68 
ARM GAS  /tmp/cc6kgboW.s 			page 16


 208      690DC0F2 
 208      F40E85
 209 018e D67CF37A 		.ascii	"\326|\363z\367\216\035\242A\265e\356X{\370'N\371Yop"
 209      F78E1DA2 
 209      41B565EE 
 209      587BF827 
 209      4EF9596F 
 210 01a3 6EECC691 		.ascii	"n\354\306\221\177\341\260\243/\362\370\0370O|\030h\030"
 210      7FE1B0A3 
 210      2FF2F81F 
 210      304F7C18 
 210      6818
 211 01b5 8F61587B 		.ascii	"\217aX{\345\364\005SK\377Y\327\276\377\224\365\364W"
 211      E5F40553 
 211      4BFF59D7 
 211      BEFF94F5 
 211      F457
 212 01c7 590D380C 		.ascii	"Y\0158\014\3463K\032\0173\363&d\200\253\377\272z}\263"
 212      E6334B1A 
 212      0F33F326 
 212      6480ABFF 
 212      BA7A7DB3 
 213 01db 6567DA2A 		.ascii	"eg\332*\344\012\273\242\2751\217\014\261\266+B~\222"
 213      E40ABBA2 
 213      BD318F0C 
 213      B1B62B42 
 213      7E92
 214 01ed B9D3F875 		.ascii	"\271\323\370u\030\024tE\322Gn\323\332D8P\221\034\366"
 214      18147445 
 214      D2476ED3 
 214      DA443850 
 214      911CF6
 215 0200 15920B13 		.ascii	"\025\222\013\023\257\267=\260\254\324\237\016:\217}"
 215      AFB73DB0 
 215      ACD49F0E 
 215      3A8F7D
 216 020f 23D1A813 		.ascii	"#\321\250\023\334\211\264\223:\345\244S1'v<~,\236L$"
 216      DC89B493 
 216      3AE5A453 
 216      3127763C 
 216      7E2C9E4C 
 217 0224 4EA6A331 		.ascii	"N\246\24312\342I\231\0309\221\374\001}\034\366|"
 217      32E24999 
 217      183991FC 
 217      017D1CF6 
 217      7C
 218              		.text
 219              		.section	.gnu.lto_chPoolAlloc.6c0b17e53a8294f2,"",%progbits
 220 0000 789C8D54 		.ascii	"x\234\215T\377oSU\024\277\347\335\373^k77\302O\373a"
 220      FF6F5355 
 220      14BFE7DD 
 220      FB5E6B37 
 220      37C24FFB 
 221 0015 C1B768C5 		.ascii	"\301\267h\305!i\371\315\304\230ECb4f\277\260?\300\260"
 221      2169F9CD 
 221      C4984543 
 221      623466BF 
ARM GAS  /tmp/cc6kgboW.s 			page 17


 221      B03FC0B0 
 222 0029 DA04CC4A 		.ascii	"\332\004\314J\233v#\360\323.[\227\256\"\201\010+\322"
 222      9B7623F0 
 222      D32E5B97 
 222      AE228108 
 222      2BD2
 223 003b 346E2A84 		.ascii	"4n*\204\201\301/\210\272nc\324\316\215\011\254sXp\256"
 223      81C12F88 
 223      BA6E63D4 
 223      CE8D09AC 
 223      735870AE 
 224 004f 66419601 		.ascii	"fA\226\001\323e|\321\020\221X<\347\276\016\273N\211"
 224      D3657CD1 
 224      1091583C 
 224      E7BE0EBB 
 224      4E89
 225 0061 4DFB7AEF 		.ascii	"M\373z\357=\237s\316\347|\316\271\317`\214U\031\214"
 225      3D9F73CE 
 225      E77CCEB9 
 225      CF608C55 
 225      198C
 226 0073 0DE37F1D 		.ascii	"\015\343\177\035\376\300`\240\355\3130\266\313\256i"
 226      FEC060A0 
 226      EDCB30B6 
 226      CBAE69
 227 0082 3C53C7A4 		.ascii	"<S\307\244C\244+\231,\347\240[\307bi\241\003\320B\332"
 227      43A42B99 
 227      2CE7A05B 
 227      C76269A1 
 227      03D042DA 
 228 0096 81B56A5C 		.ascii	"\201\265j\\\350\320\012o\363\003\034&\303\237&\370n"
 228      E8D00A6F 
 228      F3031C26 
 228      C39F26F8 
 228      6E
 229 00a7 9EE00C04 		.ascii	"\236\340\014\004no\217\307g+h\013`\342\366X\344\267"
 229      6E6F8FC7 
 229      672B680B 
 229      60E2F658 
 229      E4B7
 230 00b9 49A3F6A8 		.ascii	"I\243\366\250\224m2up\332q\264\275\343\225\004\327X"
 230      946D3275 
 230      70DA71B4 
 230      BDE39504 
 230      D758
 231 00cb 0CD1A7A0 		.ascii	"\014\321\247\240\032>\207jb\361\005\324\"\366F\337h"
 231      1A3E876A 
 231      62F105D4 
 231      22F646DF 
 231      68
 232 00dc A79D3F09 		.ascii	"\247\235?\011\014\327\367w\315\034\253X{D\371e\017s"
 232      0CD7F777 
 232      CD1CAB58 
 232      7B44F965 
 232      0F73
 233 00ee F9548273 		.ascii	"\371T\202s\370\022x\261#\0361\370\012\326\022~>\274"
 233      F81278B1 
ARM GAS  /tmp/cc6kgboW.s 			page 18


 233      231E31F8 
 233      0AD6127E 
 233      3EBC
 234 0100 AFB3923F 		.ascii	"\257\263\222?\255|o\347\367\374is~\250|\357\036_\375"
 234      AD7C6FE7 
 234      F7FC6973 
 234      7EA87CEF 
 234      1E5FFD
 235 0113 7EBB1C93 		.ascii	"~\273\034\223\002\263B\337r\177\372 \374\352g\371\256"
 235      02B342DF 
 235      727FFA20 
 235      FCEA67F9 
 235      AE
 236 0124 C70D0149 		.ascii	"\307\015\001Ip\022/\244\323\017\006<4\204%~R\227?2\324"
 236      70122FA4 
 236      D30F063C 
 236      3484257E 
 236      52973F32 
 237 0139 798C4391 		.ascii	"y\214C\221\017\203\001\204\016\242\212%\360\334\334"
 237      0F830184 
 237      0EA28A25 
 237      F0DCDC
 238 0148 F33A2343 		.ascii	"\363:#C\014\213E\333\365\301H\026\370k\312w\341ZgJ\024"
 238      0C8B45DB 
 238      F5C14816 
 238      F86BCA77 
 238      E15A674A 
 239 015d E84DC49F 		.ascii	"\350M\304\237\2717uC\312w$$\270\200\241G\020\264\002"
 239      B9377543 
 239      CA772424 
 239      B880A147 
 239      10B402
 240 0170 2FDE33E0 		.ascii	"/\3363\340\014\022\205\323\024\233/\343\222B._SG\361"
 240      0C1285D3 
 240      149B2FE3 
 240      92422E5F 
 240      5347F1
 241 0183 01584689 		.ascii	"\001XF\211\024\007\357\330\016\235\2222\372\342\177"
 241      1407EFD8 
 241      0E9D9232 
 241      FAE27F
 242 0192 48016970 		.ascii	"H\001ip~rQO\311\374\203\010&Z\227\371}fu\271\006\244"
 242      7E72514F 
 242      C9FC8308 
 242      265A97F9 
 242      7D6675B9 
 243 01a8 30574681 		.ascii	"0WF\201\212\353\272Z\032\352\311X'\352\205S!S,\212\205"
 243      8AEBBA5A 
 243      1AEAC958 
 243      27EA8553 
 243      21532C8A 
 244 01bd E2AA3DC5 		.ascii	"\342\252=\305\256\201\266\262\314\0157\037]&\014\203"
 244      AE81B6B2 
 244      CC0D371F 
 244      5D260C83 
 245 01cd 139D22F3 		.ascii	"\023\235\"\363\362\264\240\351\021`\3027h\373\025\332"
 245      F2B4A0E9 
ARM GAS  /tmp/cc6kgboW.s 			page 19


 245      1160C237 
 245      68FB15DA 
 246 01dd AEDEDC7B 		.ascii	"\256\336\334{`\266\252D\207\375\267\034\205~\210\025"
 246      60B6AA44 
 246      87FDB71C 
 246      857E8815 
 247 01ed DA77B891 		.ascii	"\332w\270\221\344\010\331\364R\333\371\370\013~J\305"
 247      E408D9F4 
 247      52DBF9F8 
 247      0B7E4AC5 
 248 01fd 6074A57E 		.ascii	"`t\245~gQ\2661\322o\214\364\003\326K\012~\320}\362\017"
 248      6751B631 
 248      D26F8CF4 
 248      03D64B0A 
 248      7ED07DF2 
 249 0212 474D12BA 		.ascii	"GM\022\272\345\273f\202\253F\237\230\035\220v\241!\351"
 249      E5BB6682 
 249      AB469F98 
 249      1D9076A1 
 249      21E9
 250 0224 6FA14675 		.ascii	"o\241Fu\350\326B6\247\341\011\234\003\241h38\257nC\357"
 250      E8D64236 
 250      A7E1099C 
 250      03A16833 
 250      38AF6E43 
 251 0239 D0F05C79 		.ascii	"\320\360\\y\315`\301\333F\330;\037\237\274T\246\274"
 251      CD60C1DB 
 251      46D83B1F 
 251      9FBC54A6 
 251      BC
 252 024a 2F90378C 		.ascii	"/\2207\214\203@\311\332L%\001\243\345\225h\237N\265"
 252      8340C9DA 
 252      4C2501A3 
 252      E595689F 
 252      4EB5
 253 025c 2178E0EC 		.ascii	"!x\340\354\341\375K\".\036\257\210\313T\330\374\227"
 253      E1FD4B22 
 253      2E1EAF88 
 253      CB54D8FC 
 253      97
 254 026d 9BA014CC 		.ascii	"\233\240\024\314\2003\216M\370\005\332\372\347\363\355"
 254      80338E4D 
 254      F805DAFA 
 254      E7F3ED
 255 027c 4649E5E7 		.ascii	"FI\345\347\236%@A3\243x\356\251\2210\201%\177G\265\343"
 255      9E254041 
 255      33A378EE 
 255      A9913081 
 255      257F47B5 
 256 0291 23CEE95E 		.ascii	"#\316\351^\307:\322\0236j\2055\361\203\351\361Q\243"
 256      C73AD213 
 256      366A8535 
 256      F183E9F1 
 256      51A3
 257 02a3 07DEC306 		.ascii	"\007\336\303\006\3321\015LRZ<\317F\246f\312\334'(G\317"
 257      DA310D4C 
 257      525A3CCF 
ARM GAS  /tmp/cc6kgboW.s 			page 20


 257      46A666CA 
 257      DC272847 
 258 02b8 FDBDD538 		.ascii	"\375\275\3258!p\021z\240\013\007\203\2022\370\036\334"
 258      2170117A 
 258      A00B0783 
 258      8232F81E 
 258      DC
 259 02c9 54544F23 		.ascii	"TTO#\205\246d\030\236\315A87<\332[^H\007.\253\206(\232"
 259      85A66418 
 259      9ECD4138 
 259      373CDA5B 
 259      5E48072E 
 260 02e1 32753843 		.ascii	"2u8C\252\210\350H\245e\027\305t\364R:\217Q\200\354J"
 260      AA88E848 
 260      A56517C5 
 260      74F4523A 
 260      8F5180EC 
 261 02f6 3A26612F 		.ascii	":&a/).P\340r\031\271`\350\354[\207t\212\374?\313ZC\201"
 261      292E50E0 
 261      7219B960 
 261      E8EC5B87 
 261      748AFC3F 
 262 030e 7E5856D4 		.ascii	"~XV\324\024\270\221\226b,X\272\022\031/`\347\025Y\035"
 262      14B89196 
 262      622C58BA 
 262      12192F60 
 262      E715591D 
 263 0322 BD93C985 		.ascii	"\275\223\311\205\234\255\365/iOpG\214\333,\237\037\241"
 263      9CADF52F 
 263      694F7047 
 263      8CDB2C9F 
 263      1FA1
 264 0334 95618A04 		.ascii	"\225a\212\004/S~z\321u\261d1\224N\327\273\252\324\013"
 264      2F537E7A 
 264      D175B164 
 264      31944ED7 
 264      BBAAD40B 
 265 0348 28539806 		.ascii	"(S\230\006S\355\322\313vIk\207\216g\324\265y(\216\300"
 265      53EDD2CB 
 265      76496B87 
 265      8E67D4B5 
 265      79288EC0 
 266 035c 4AA78BAF 		.ascii	"J\247\213\257\215\365.(\314r\276\373\347\241\262\245"
 266      8DF52E28 
 266      CC72BEFB 
 266      E7A1B2A5 
 267 036c 319D5663 		.ascii	"1\235Vc\232ScZ:\223?Y3y\345\310\236\3765*\007c\213\270"
 267      9A53635A 
 267      3A933F59 
 267      3379E5C8 
 267      9EFE352A 
 268 0384 DD3D3862 		.ascii	"\335=8bP~\242\312\330]\325:>\375 \005X\265\240\227\001"
 268      507EA2CA 
 268      D85DD53A 
 268      3EFD2005 
 268      58B5A097 
 269 0399 504D18C6 		.ascii	"PM\030\306t\271\334\326\327\037r\007\233\335\241\240"
ARM GAS  /tmp/cc6kgboW.s 			page 21


 269      74B9DCD6 
 269      D71F7207 
 269      9BDDA1A0 
 270 03a9 C7EDD9E2 		.ascii	"\307\355\331\342\363\372\002~\177S\310\345a\232/ \374"
 270      F3FA027E 
 270      7F53C8E5 
 270      619A2F20 
 270      FC
 271 03ba 8D6F069E 		.ascii	"\215o\006\236(\001n\335\346ijy\303\213\340\320\316\220"
 271      28016EDD 
 271      E6696A79 
 271      C38BE0D0 
 271      CE90
 272 03cc 6B0BD3B7 		.ascii	"k\013\323\267onj\361\326\226\240\002\376`s\310\375\322"
 272      6F6E6AF1 
 272      D696A002 
 272      FE6073C8 
 272      FDD2
 273 03de A6FA8DF5 		.ascii	"\246\372\215\365;\020\352\361\007\275\257o\177\316\207"
 273      3B10EAF1 
 273      07BDAF6F 
 273      7FCE87
 274 03ed F8F5C548 		.ascii	"\370\365\305H\357\216f\367\306\372\206W\033\376\011"
 274      EF8E66F7 
 274      C6FA8657 
 274      1BFE09
 275 03fc 4B488FEF 		.ascii	"KH\217\357\345\226m\036\004\257\252o\330d6n\016y\003"
 275      E5966D1E 
 275      04AFAA6F 
 275      D864366E 
 275      0E7903
 276 040f C1ADEB4D 		.ascii	"\301\255\353M\347\006\246\005\231\015I\372\203;\331"
 276      E706A605 
 276      990D49FA 
 276      833BD9
 277 041e DF0F512C 		.ascii	"\337\017Q,\021"
 277      11
 278              		.text
 279              		.section	.gnu.lto_chPoolFreeI.6c0b17e53a8294f2,"",%progbits
 280 0000 789C8552 		.ascii	"x\234\205R\317k\023Q\020\236og7\011\244V\360 \242E\002"
 280      CF6B1351 
 280      109E6F67 
 280      3709A456 
 280      F020A245 
 281 0015 5A4311B3 		.ascii	"ZC\021\263\377\220'\203P\304\220\245\361\336\227\264"
 281      FF902783 
 281      50C490A5 
 281      F1DE97B4 
 282 0025 31A97AE8 		.ascii	"1\251z\350\301\246\020\026Y\324\"=\224*jMk\3255J\361"
 282      C1A61016 
 282      59D4223D 
 282      942A6A4D 
 282      6BD5354A 
 283 003a 6015A505 		.ascii	"`\025\245\005E\211\240\030\334\"\202\370\343\"Tg\266"
 283      4589A018 
 283      DC2282F8 
 283      E3225467 
ARM GAS  /tmp/cc6kgboW.s 			page 22


 283      B6
 284 004b 15AD220E 		.ascii	"\025\255\"\016\373\330yo\346\373\346{\337n\202\210\312"
 284      FBD8796F 
 284      E6FBE67B 
 284      DF6E8288 
 284      CA
 285 005c 16514EDE 		.ascii	"\026QN\336{d\201\011\326\370#9LY\200&&\005\032\2660"
 285      7B648109 
 285      D6F82339 
 285      4C598026 
 285      26051AB6 
 286 0071 8C337C96 		.ascii	"\2143|\226\321\256u\347\255\201KF\"\234\234K\2374\325"
 286      D1AE75E7 
 286      AD814B46 
 286      229C9C4B 
 286      9F34D5
 287 0084 5D3E1335 		.ascii	"]>\0235di\340*\006\244\353\311\350e\237O\263\317\200"
 287      6469E02A 
 287      06A4EBC9 
 287      E8659F4F 
 287      B3CF80
 288 0097 2DDB8FCB 		.ascii	"-\333\217\313\3157\275\272\265\220\221\355\273\326R"
 288      CD37BDBA 
 288      B59091ED 
 288      BBD652
 289 00a6 3DC5FB40 		.ascii	"=\305\373@\222\177+w\246{\263S\306TL\370\360\"\233\375"
 289      927F2B77 
 289      A67BB353 
 289      C6544CF8 
 289      F0229BFD 
 290 00ba 3E33E6C0 		.ascii	">3\346\300B\210\353\350\3035\364\221\034\021n +\355"
 290      4288EBE8 
 290      C335F491 
 290      1C116E20 
 290      2BED
 291 00cc D1E8787D 		.ascii	"\321\350x};\037\210\241_\337\2576{6\241/\247b\250\215"
 291      3B1F88A1 
 291      5FDFAF36 
 291      7B36A12F 
 291      A762A88D 
 292 00e0 D69F509B 		.ascii	"\326\237P\2330\217\254\366\277x\336i\365\360\301\030"
 292      308FACF6 
 292      BF78DE69 
 292      F5F0C118 
 293 00f0 BBFA6AFA 		.ascii	"\273\372j\372p\377\205\030\332\235\331{~\304<0\266\317"
 293      70FF8518 
 293      DA9DD97B 
 293      7EC43C30 
 293      B6CF
 294 0102 0E16B6C2 		.ascii	"\016\026\266\3025\244\373\365\225\365\211m\011\0337"
 294      35A4FBF5 
 294      95F5896D 
 294      091B37
 295 0111 D11FFCBC 		.ascii	"\321\037\374\274,\026\221 H2\373\324\011\315\372\367"
 295      2C169120 
 295      4832FBD4 
 295      09CDFAF7 
ARM GAS  /tmp/cc6kgboW.s 			page 23


 296 0121 9A093B87 		.ascii	"\232\011;\207\242\317_v$!S\0351O\306\332P\335DuA\210"
 296      A2CF5F76 
 296      2421531D 
 296      314FC6DA 
 296      50DD4475 
 297 0137 9726A431 		.ascii	"\227&\2441\2664\033\011\251\213J\360\251\341*\217\022"
 297      B6341B09 
 297      A98B4AF0 
 297      A9E12A8F 
 297      12
 298 0148 37A5B086 		.ascii	"7\245\260\206\312B\024U\323z\326d\310\344F\265\3758"
 298      CA421455 
 298      D37AD664 
 298      C8E446B5 
 298      FD38
 299 015a A9CE712C 		.ascii	"\251\316q,{\261\275\274\224\010p\256,\366g|\226&\033"
 299      7BB1BDBC 
 299      940870AE 
 299      2CF6677C 
 299      96261B
 300 016d B754A7D4 		.ascii	"\267T\247\324Vj\317:iw\306l\224\034\334F\200\211\370"
 300      566ACF3A 
 300      6977C66C 
 300      941CDC46 
 300      8089F8
 301 0180 B3E00E5C 		.ascii	"\263\340\016\\\345^95\346(\365\357\274\316_\274\301"
 301      E55E3935 
 301      E628F5EF 
 301      BCCE5FBC 
 301      C1
 302 0191 6E9F93A2 		.ascii	"n\237\223\242\006\341?\210\357\306\304zu\264\341\212"
 302      06E13F88 
 302      EFC6C47A 
 302      75B4E18A 
 303 01a1 4EE56E44 		.ascii	"N\345nDko\223\233\344[\330v\376G\346\275_2\357+\233"
 303      6B6F939B 
 303      E45BD876 
 303      FE47E6BD 
 303      5F32EF2B 
 304 01b6 451FC498 		.ascii	"E\037\304\230\331I\304\006k\324e\202X&?i&\227s7\236"
 304      D949C406 
 304      6BD46582 
 304      58263F69 
 304      26977337 
 305 01cb 62C91D3A 		.ascii	"b\311\035:\341\226\206\362n~\260p\264\340\025\213\307"
 305      E19686F2 
 305      6E7EB070 
 305      B4E0158B 
 305      C7
 306 01dc 4BB93C59 		.ascii	"K\271<Y\005\317.\0369\346\2617\350\375\000WC\334\332"
 306      05CF2E1E 
 306      39E6B137 
 306      E8FD0057 
 306      43DCDA
 307              		.text
 308              		.section	.gnu.lto_chPoolFree.6c0b17e53a8294f2,"",%progbits
 309 0000 789C8D53 		.ascii	"x\234\215SmlSU\030~\337{no\013\233\223\370\303\020%"
ARM GAS  /tmp/cc6kgboW.s 			page 24


 309      6D6C5355 
 309      187EDF7B 
 309      6E6F0B9B 
 309      93F8C310 
 310 0015 7817AD75 		.ascii	"x\027\255u\011\331\345\237\211\361\217!11f\177\330_"
 310      09D9E59F 
 310      89F18F21 
 310      3131667F 
 310      D85F
 311 0027 1303B5C9 		.ascii	"\023\003\265\3110+m\332\215\300/\016c\263\235\223\217"
 311      302B6DDA 
 311      8DC02F0E 
 311      63B39D93 
 311      8F
 312 0038 C0A8A669 		.ascii	"\300\250\246i\\\203,\302\217\211\202\037\335\007[\035"
 312      5C832CC2 
 312      8F89821F 
 312      DD075B1D 
 313 0048 7343611B 		.ascii	"sCa\033`\247\303\352D\226U\212\023D\023#\232L\337\367"
 313      60A7C3EA 
 313      4496558A 
 313      13441323 
 313      9A4CDFF7 
 314 005c DC0B6EB7 		.ascii	"\334\013n\267\206x\323\217{\316y\336\347<\347y\237c"
 314      8678D38F 
 314      7BCE79DE 
 314      E73CE779 
 314      9F63
 315 006e 00C08807 		.ascii	"\000\300\210\007`\202\376\037\245/\012@\355\340\024"
 315      6082FE1F 
 315      A52F0A40 
 315      EDE014
 316 007d C01E9F86 		.ascii	"\300\036\237\206\310/\322\207\260[\303\335\370\206\350"
 316      C82FD287 
 316      B05BC3DD 
 316      F886E8
 317 008c 16389A28 		.ascii	"\0268\232(\365ku\357Jz\362o\036\252yMv\254\315\010\200"
 317      F56B75EF 
 317      4A7AF26F 
 317      1EAA794D 
 317      76ACCD08 
 318 00a1 147DF9C1 		.ascii	"\024}\371\301\323XG\250K\355\357gD\227\310\010D\235"
 318      D35847A8 
 318      4BEDEF67 
 318      4497C808 
 318      449D
 319 00b3 86B727D3 		.ascii	"\206\267'\323\3635<\324\320\244\341\365\334x\322'\036"
 319      F3353CD4 
 319      D0A4E1F5 
 319      DC78D227 
 319      1E
 320 00c4 47A0F7BF 		.ascii	"G\240\367\277\366\314\235\250\011\364J\331&\363c\307"
 320      F6CC9DA8 
 320      09F44AD9 
 320      26F363C7 
 321 00d4 847C2223 		.ascii	"\204|\"#\004~\214\202\010\361#\\\207\037\342:\240)\300"
 321      047E8C82 
ARM GAS  /tmp/cc6kgboW.s 			page 25


 321      08F1235C 
 321      871FE23A 
 321      A029C0
 322 00e7 4F3040F0 		.ascii	"O0@\360r\373\301\344\203\342IU\372\373\342L\272\332"
 322      72FBC1E4 
 322      83E24955 
 322      FAFBE24C 
 322      BADA
 323 00f9 292DF4AA 		.ascii	")-\364\252R\035s\356R\035\260\037\003\214\277\366\301"
 323      521D73EE 
 323      521DB01F 
 323      038CBFF6 
 323      C1
 324 010a D291070C 		.ascii	"\322\221\007\014\335\326\212\003h\340\275\311vu\236"
 324      DDD68A03 
 324      68E0BDC9 
 324      76759E
 325 0119 9B3943CD 		.ascii	"\2339C\315\247\004.\307\343 A\207\320\000\027\274\270"
 325      A7042EC7 
 325      E3204187 
 325      D00017BC 
 325      B8
 326 012a F08C0778 		.ascii	"\360\214\007x!%4^\373q(Q@\361\242\252],%\363\272\377"
 326      2125345E 
 326      FB712851 
 326      40F1A2AA 
 326      5D2C25F3 
 327 0140 1DA56D3A 		.ascii	"\035\245m:\375\324\235\331\353R\036\222\230\021\036"
 327      FDD49DD9 
 327      EB521E92 
 327      98111E
 328 014f 1C5EA990 		.ascii	"\034^\251\220\037\267\216;\006\216\240\037\360\014s"
 328      1FB78E3B 
 328      068EA01F 
 328      F00C73
 329 015e 8B155AF2 		.ascii	"\213\025Z\362\244\345S\322\302?H\245'/{\362r\351\357"
 329      A4E553D2 
 329      C23F48A5 
 329      272F7BF2 
 329      72E9EF
 330 0171 0475E3A1 		.ascii	"\004u\343\241\334\305\362\376\300*j\033yE\316\323\261"
 330      DCC5F2FE 
 330      C02A6A1B 
 330      7945CED3 
 330      B1
 331 0182 7532C000 		.ascii	"u2\300\000H\322\211\251\2252\017\235$\225\336\366\346"
 331      48D289A9 
 331      95320F9D 
 331      2495DEF6 
 331      E6
 332 0193 A1845AA5 		.ascii	"\241\204Z\245\320\215\267\356/\024G\321OE\211\262<\243"
 332      D08DB7EE 
 332      2F1447D1 
 332      4F4589B2 
 332      3CA3
 333 01a5 733F3D68 		.ascii	"s?=h\342YZ\373\011\333\256\335:\320=\277\326u\222\303"
 333      E2595AFB 
ARM GAS  /tmp/cc6kgboW.s 			page 26


 333      09DBAEDD 
 333      3AD03DBF 
 333      D67592C3 
 334 01b9 A91AC751 		.ascii	"\251\032\307Q\275\302\275\016\213\334\033\3435\217{"
 334      BDC2BD0E 
 334      8BDC1BE3 
 334      358F7B
 335 01c8 ED7CFAD9 		.ascii	"\355|\372\331\010o\005\370Y\245\003\343t\360\011v`\202"
 335      086F05F8 
 335      59A503E3 
 335      74F00976 
 335      6082
 336 01da 1D4038CE 		.ascii	"\035@8\316m<\332s\352\217\325\265\375\330#\33723\302"
 336      6D3CDA73 
 336      EA8FD5B5 
 336      FDD823DF 
 336      3233C2
 337 01ed CB057DF3 		.ascii	"\313\005}\363\203\322\247k$\372\034\326*\217\177Y,\024"
 337      83D2A76B 
 337      24FA1CD6 
 337      2A8F7F59 
 337      2C14
 338 01ff 359AC1CF 		.ascii	"5\232\301\317QW\262\001\277P\371<>|v\241\272v\310\251"
 338      5157B201 
 338      BF50F93C 
 338      3E7C76A1 
 338      BA76C8A9 
 339 0213 F631F6D7 		.ascii	"\3661\366\327\367N\315T\251\352\363\\\215\027P'\313"
 339      F74ECD54 
 339      A9EAF35C 
 339      8D175027 
 339      CB
 340 0224 DA4C6501 		.ascii	"\332Le\001\360\353\325\316./\237\215\300\203\023\307"
 340      F0EBD5CE 
 340      2E2F9F8D 
 340      C08313C7 
 341 0234 0EDF3571 		.ascii	"\016\3375q*W\235\226\371v\363?r\254\034\234D\177\232"
 341      2A579D96 
 341      F976F33F 
 341      72AC1C9C 
 341      447F9A
 342 0247 9A4004D9 		.ascii	"\232@\004\331\223t?l\202\333K\373\376\364V\020T\244"
 342      93743F6C 
 342      82DB4BFB 
 342      FEF45610 
 342      54A4
 343 0259 59114C31 		.ascii	"Y\021L1\201P\004\277\245,\227s\245\234\301\000\336\305"
 343      815004BF 
 343      A52C9773 
 343      A59CC100 
 343      DEC5
 344 026b 315EC5B6 		.ascii	"1^\305\266xe.W-\306Pes\346\373\023/9{\225\372\326\037"
 344      78652E57 
 344      2DC65065 
 344      73E6FB13 
 344      2F397B95 
 345 0282 DD2BCF49 		.ascii	"\335+\317I\235b\202\027\357\023L\035/1\3434Y~\231\275"
ARM GAS  /tmp/cc6kgboW.s 			page 27


 345      9D628217 
 345      EF134C1D 
 345      2F31E334 
 345      597E99BD 
 346 0296 A71F9E61 		.ascii	"\247\037\236a!7\260m\240\\\356\250\342\271\264`;S\035"
 346      2137B06D 
 346      A05CEEA8 
 346      E2B9B460 
 346      3B531D
 347 02a9 A3D35E8E 		.ascii	"\243\323^\216\207}\217\206F'\307\215,\276M\241ZEG\307"
 347      877D8F86 
 347      4627C78D 
 347      2CBE4DA1 
 347      5A4547C7 
 348 02bd 2F999CE6 		.ascii	"/\231\234\346\013\211\331\271*\253\217u\233\274\177"
 348      0B89D9B9 
 348      2AAB8F75 
 348      9BBC7F
 349 02cc 01B37884 		.ascii	"\001\263x\204\222\312\273\000\316\240\305\324\205\327"
 349      92CABB00 
 349      CEA0C5D4 
 349      85D7
 350 02da 3B3DCCBC 		.ascii	";=\314\274\234\326p\323\256&\035\370U%m\366\021\006"
 350      9CD670D3 
 350      AE261DF8 
 350      55256DF6 
 350      1106
 351 02ec 7FAD78D1 		.ascii	"\177\255x\321\341\235E\213T2u\252|c\301\353p\377\017"
 351      E19D458B 
 351      543275AA 
 351      7C63C1EB 
 351      70FF0F
 352 02ff 8DD98799 		.ascii	"\215\331\207\231\354\312\012\221\3370\231\335\213\323"
 352      ECCA0A91 
 352      DF3099DD 
 352      8BD3
 353 030d 763395F3 		.ascii	"v3\225\363*)j4e\217(s#\352\346\334;\203\207\364\024"
 353      2A296A34 
 353      658F2873 
 353      23EAE6DC 
 353      3B8387F4 
 354 0322 9D9BF3F3 		.ascii	"\235\233\363\363\201\356\240}\237\2354/\365\3740\\u"
 354      81EEA07D 
 354      9F9D342F 
 354      F5FC305C 
 354      75
 355 0333 37A84515 		.ascii	"7\250E\025\324oUP\335\251\374\316N\345\325\336}\003"
 355      D46F5550 
 355      DDA9FCCE 
 355      4EE5D5DE 
 355      7D03
 356 0345 EBD51600 		.ascii	"\353\325\026\0007i\330\265?\300\273\253\026&\351\344"
 356      3769D8B5 
 356      3FC0BBAB 
 356      1626E9E4 
 357 0355 74E3A9C6 		.ascii	"t\343\251\306\254\257\267\354O$n\305Z\254x,h\005\233"
 357      ACAFB7EC 
ARM GAS  /tmp/cc6kgboW.s 			page 28


 357      4F246EC5 
 357      5AAC782C 
 357      68059B
 358 0368 C2A17034 		.ascii	"\302\241p4\022i\216\327\007A\013G\365\310\326W\243\217"
 358      12698ED7 
 358      07410B47 
 358      F5C8D657 
 358      A38F
 359 037a B980DBB6 		.ascii	"\271\200\333\266\007\233[_\011\0218\276+^\337\004\236"
 359      079B5B5F 
 359      091138BE 
 359      2B5EDF04 
 359      9E
 360 038b 1D5B9A5B 		.ascii	"\035[\232[Cu.T4\022k\211[\317mn\330\324\260\223\240"
 360      43752E54 
 360      34126B89 
 360      5BCF6D6E 
 360      D8D4B093 
 361 03a0 C1482CF4 		.ascii	"\301H,\364\362\216\247\303\204\337\260\034\031\332\331"
 361      F28EA7C3 
 361      84DFB01C 
 361      19DAD9
 362 03af 626D6A68 		.ascii	"bmjh|\241\361_ZF\006\303\317\267n\017\022xMC\343fs\353"
 362      7CA1F15F 
 362      5A4606C3 
 362      CFB76E0F 
 362      12784D43 
 363 03c7 9678281A 		.ascii	"\226x(\032\333\266\301\364o\004-\006^\022\031\211\355"
 363      DBB6C1F4 
 363      6F042D06 
 363      5E121989 
 363      ED
 364 03d8 02116D8A 		.ascii	"\002\021m\212\376\003\263]\021\200"
 364      FE03B35D 
 364      1180
 365              		.text
 366              		.section	.gnu.lto_.symbol_nodes.6c0b17e53a8294f2,"",%progbits
 367 0000 789C55C8 		.ascii	"x\234U\310\275\025@@\020E\341\367\314R\215\"\250l6p"
 367      BD154040 
 367      1045E1F7 
 367      CC528D22 
 367      A86C3670 
 368 0014 C4028902 		.ascii	"\304\002\211\002\024Af\023\231\002\374fz\22086\220L"
 368      14416613 
 368      9902FC66 
 368      7A903836 
 368      904C
 369 0026 7083FB65 		.ascii	"p\203\373e\000\272\030\222\233\0124\013\240\340PM\276"
 369      00BA1892 
 369      9B0A340B 
 369      A0E0504D 
 369      BE
 370 0037 88B652F9 		.ascii	"\210\266R\371\033F_F\331\250\211\225\235*V\016\252\263"
 370      1B465F46 
 370      D9A88995 
 370      9D2A560E 
 370      AAB3
ARM GAS  /tmp/cc6kgboW.s 			page 29


 371 0049 7252532B 		.ascii	"rRS+\02753\342\200\266\177\011\021 <\271\304\017\365"
 371      173533E2 
 371      80B67F09 
 371      11203CB9 
 371      C40FF5
 372 005c 2CF800CC 		.ascii	",\370\000\314f)B"
 372      662942
 373              		.text
 374              		.section	.gnu.lto_.refs.6c0b17e53a8294f2,"",%progbits
 375 0000 789C6363 		.ascii	"x\234cc```\004b\006\000\000D\000\010"
 375      60606004 
 375      62060000 
 375      440008
 376              		.text
 377              		.section	.gnu.lto_.decls.6c0b17e53a8294f2,"",%progbits
 378 0000 789CBD57 		.ascii	"x\234\275W{PT\347\025\277\337\275\313\262,\273`\320"
 378      7B5054E7 
 378      15BFDFBD 
 378      CBB22CBB 
 378      60D0
 379 0012 69ED0C9D 		.ascii	"i\355\014\2358\206LH&\260j\322`;\375#6\217\3066i31\371"
 379      38864C48 
 379      26B06AD2 
 379      603BFD23 
 379      368FC636 
 380 002a 23339D6E 		.ascii	"#3\235n\326e\023H`\227\356.il\377\350\005\0241\240\202"
 380      D6651348 
 380      6097EE2E 
 380      696CFFE8 
 380      051431A0 
 381 003f 22021241 		.ascii	"\"\002\022A!\030\344\341\013Q\036\206\227\012\212<\304"
 381      2118E4E1 
 381      0B511E86 
 381      970A8A3C 
 381      C4
 382 0050 07127945 		.ascii	"\007\022yE\221\020\264<|\001\222\204\236\357qw\357^"
 382      9110B43C 
 382      7C019284 
 382      9EEF7177 
 382      EF5E
 383 0062 B366A633 		.ascii	"\263f\2463\355\035>\356\375\276{\316\357\374\3169\337"
 383      ED1D3EEE 
 383      FDBE7BCE 
 383      EFFCCE39 
 383      DF
 384 0073 77EE5935 		.ascii	"w\356Y5\307q\213\2038n^\340\270E0\346\341\322\300Z#"
 384      C7718B83 
 384      386E5EE0 
 384      B84530E6 
 384      E1D2C05A 
 385 0088 0C158C2B 		.ascii	"\014\025\214+0\352`t\3020r\364\362\2051\000c\030\306"
 385      30EA6074 
 385      C23072F4 
 385      F2853100 
 385      6318C6
 386 009b 188C7118 		.ascii	"\030\214q\030\2230\356\301\230\346\036\276N \216\323"
 386      9330EEC1 
ARM GAS  /tmp/cc6kgboW.s 			page 30


 386      98E61EBE 
 386      4E208ED3 
 387 00ab C21DCC70 		.ascii	"\302\035\314p\213\030\016\306=\007\343]\030=\014\037"
 387      8B180EC6 
 387      3D07E35D 
 387      183D0C1F 
 388 00bb DB6983C1 		.ascii	"\333i\203\301\303\350\202q\021\006b\266\360\335\007"
 388      C3E88271 
 388      110662B6 
 388      F0DD07
 389 00ca 79E29E81 		.ascii	"y\342\236\2019\346\372\236\014[\316\027\3436\303\000"
 389      39E6FA9E 
 389      0C5BCE17 
 389      E336C300 
 390 00da B7B86E86 		.ascii	"\267\270n\206\327\305\260\206\331]\257\300\274\004\363"
 390      D7C5B086 
 390      D95DAFC0 
 390      BC04F3
 391 00e9 801FC134 		.ascii	"\200\037\30142\334E\210r\306\270?\207\347`\030\277D"
 391      32DC4588 
 391      72C6B83F 
 391      87E76018 
 391      BF44
 392 00fb 345E3D8C 		.ascii	"4^=\214{\023\263\345\307\342\3638\242qY\012\367\020"
 392      7B13B3E5 
 392      C7E2F338 
 392      A271590A 
 392      F710
 393 010d 18CFC078 		.ascii	"\030\317\300x\026F8\2421\303\024~\245\340\321\217\250"
 393      164638A2 
 393      31C3147E 
 393      A5E0D18F 
 393      A8
 394 011e BE3266CD 		.ascii	"\2762f\315\314\016\266\367\002\310\3643\233\335\314"
 394      CC0EB6F7 
 394      02C8F433 
 394      9BDDCC
 395 012d 2ECFF2E1 		.ascii	".\317\362\341-f_\303\\\367#\270\330/\271O\217\262\201"
 395      2D665FC3 
 395      5CF723B8 
 395      D82FB94F 
 395      8FB281
 396 0140 633EE9C5 		.ascii	"c>\351\305\037\311\266\362\272\351%WF\205Or;\230\272"
 396      1FC9B6F2 
 396      BAE92557 
 396      46854F72 
 396      3B98BA
 397 0153 149FDF2A 		.ascii	"\024\237\337*\374\230\200\271\277\027<o\276\310\261"
 397      FC9880B9 
 397      BF173C6F 
 397      BEC8B1
 398 0162 F11E7E54 		.ascii	"\361\036~TN\224W\246\200\316\257?\230'\244\012(H\213"
 398      4E9457A6 
 398      80CEAF3F 
 398      9827A40A 
 398      28488B
 399 0175 54309D6A 		.ascii	"T0\235j\317\275\036\000\323EZ\264\004\246\271\265w\317"
ARM GAS  /tmp/cc6kgboW.s 			page 31


 399      CFBD1E00 
 399      D3455AB4 
 399      04A6B9B5 
 399      77CF
 400 0187 FAD0B71A 		.ascii	"\372\320\267\032\230\356\232\315\371\213\300#\254\327"
 400      98EE9ACD 
 400      F98BC023 
 400      ACD7
 401 0195 DF5A528A 		.ascii	"\337ZR\212\365\336\325\"|\272\002a\351\300\255\352Y"
 401      F5DED522 
 401      7CBA0261 
 401      E9C0ADEA 
 401      59
 402 01a6 3D5DC212 		.ascii	"=]\302\022_\367\344\356\361\021\036#\317\225\263\225"
 402      5FF7E4EE 
 402      F1111E23 
 402      CF95B395 
 403 01b6 73427899 		.ascii	"sBx\231H/M4\207\252\221 Q(\232\2358\246\023~\203\005"
 403      482F4D34 
 403      87AA9120 
 403      51289A9D 
 403      38A6137E 
 404 01cc F9F6AEE9 		.ascii	"\371\366\256\351\032\015\322\206\246\210b\242X\220$"
 404      1A0DD286 
 404      A68862A2 
 404      589024
 405 01db FABDC6A1 		.ascii	"\372\275\306\241J\024\214\216\240`\016\235@\241\030"
 405      4A148C8E 
 405      A0600E9D 
 405      40A118
 406 01ea BC068573 		.ascii	"\274\006\205s\3508,\036\203\305b\014\330\320\231\275"
 406      E8382C1E 
 406      83C5620C 
 406      D8D099BD 
 407 01fa B4764014 		.ascii	"\264v@\024\227\240:\244E\265H 2\020\343w\265\324DK\323"
 407      97A03AA4 
 407      45B54820 
 407      3210E377 
 407      B5D4444B 
 408 020f 899D0142 		.ascii	"\211\235\001B\013\"dRz\223.\350\204N:\311\336V\006T"
 408      0B226452 
 408      7A932EE8 
 408      844E3AC9 
 408      DE560654 
 409 0223 7AC844D5 		.ascii	"z\310D\325y\266\357\270\026-\014\321\205f`X\260/\"\225"
 409      79B6EFB8 
 409      162D0CD1 
 409      85666058 
 409      B02F2295 
 410 0237 8C400320 		.ascii	"\214@\003 7\242\205\030\035\235\0042M(\2048\261\027"
 410      37A28518 
 410      1D9D0432 
 410      4D288438 
 410      B117
 411 0249 B36D18AC 		.ascii	"\263m\030\254\013\331\327\222,\246\233P3\322\241z&\353"
 411      0BD9D792 
 411      2CA69B50 
ARM GAS  /tmp/cc6kgboW.s 			page 32


 411      33D2A17A 
 411      26EB
 412 025b 52360403 		.ascii	"R6\004\003\241\345\360\217\373\324\345\234\207\004\207"
 412      A1E5F08F 
 412      FBD4E59C 
 412      870487
 413 026a F5301CF5 		.ascii	"\3650\034\365\351\364F\001B\205%8\346\016\213\327\334"
 413      E9F44601 
 413      42852538 
 413      E60E8BD7 
 413      DC
 414 027b 68662FA2 		.ascii	"hf/\242I\321\3014\261\2667#\220\246l\010\277>|y}\235"
 414      49D1C134 
 414      B1B63723 
 414      90A66C08 
 414      BF3E7C79 
 415 0291 BF9042D3 		.ascii	"\277\220B\323\2247\274y\213\217\012\366\010\211\214"
 415      9437BC79 
 415      8B8F0AF6 
 415      08898C
 416 02a0 5585D74E 		.ascii	"U\205\327N\315O7\004R}\036\246\335\223\347>\363\247"
 416      CD4F3704 
 416      527D1EA6 
 416      DD93E73E 
 416      F3A7
 417 02b2 FA0B7036 		.ascii	"\372\013p6v}V\257Y\234\205)\244'\211\013xd\324\241\263"
 417      767D56AF 
 417      599C8529 
 417      A427890B 
 417      7864D4A1 
 418 02c7 C0F00C61 		.ascii	"\300\360\014a\330\206\026\303\377V\244\242TJ\257\264"
 418      D88616C3 
 418      FF56A4A2 
 418      544AAFB4 
 419 02d7 5ED4E964 		.ascii	"^\324\351d\376\300{\231?\347 \016\224:\310\036\031\330"
 419      FEC07B99 
 419      3FE7200E 
 419      943AC81E 
 419      19D8
 420 02e9 D2AC1732 		.ascii	"\322\254\0272\011/~\333\017\211\307\324(T\307\322wn"
 420      092F7EDB 
 420      0F89C7D4 
 420      2854C7D2 
 420      776E
 421 02fb 65D60651 		.ascii	"e\326\006Q\344Q'(\264\273\323w\216\304\303\013<\352"
 421      E4512728 
 421      B4BBD377 
 421      8EC4C30B 
 421      3CEA
 422 030d 800CC82D 		.ascii	"\200\014\310-\370\344\017\354.\012D!\013CBC\244\214"
 422      F8E40FEC 
 422      2E0A4421 
 422      0B434243 
 422      A48C
 423 031f 2CCBBE3D 		.ascii	",\313\276=*\212\333t\004\271\005\220\317\313Sr\024\271"
 423      2A8ADB74 
 423      04B90590 
ARM GAS  /tmp/cc6kgboW.s 			page 33


 423      CFCB5372 
 423      14B9
 424 0331 7242129E 		.ascii	"rB\022\236.\322\204\237\006\201S\344\335y\226\355\013"
 424      2ED2849F 
 424      068153E4 
 424      DD7996ED 
 424      0B
 425 0342 60AB1B85 		.ascii	"`\253\033\205\240\2130\272<\262\336\221\275\2500Il]"
 425      A08B30BA 
 425      3CB2DE91 
 425      BDA83049 
 425      6C5D
 426 0354 4692FEA5 		.ascii	"F\222\376\245\322\202;\351,\251\331A\011`\003\013\311"
 426      D2823BE9 
 426      2CA9D941 
 426      0960030B 
 426      C9
 427 0365 B34AA12E 		.ascii	"\263J\241.g\007Q(\234\253\252\037\205\252\304\254p4"
 427      67075128 
 427      9CABAA1F 
 427      85AAC4AC 
 427      7034
 428 0377 BBB34E95 		.ascii	"\273\263N\225\372\012\247h4\307\367\316l\011D\241\013"
 428      FA0AA768 
 428      34C7F7CE 
 428      6C0944A1 
 428      0B
 429 0388 A98DFBD9 		.ascii	"\251\215\373\331j\274qz@\371\222;\226\330\242\0277\321"
 429      6ABC717A 
 429      40F9923B 
 429      96D8A217 
 429      37D1
 430 039a 65F0EE51 		.ascii	"e\360\356Q\236\202\275=?\024o\362\225g\272\307c\347"
 430      9E82BD3D 
 430      3F146FF2 
 430      9567BAC7 
 430      63E7
 431 03ac 5EA13B17 		.ascii	"^\241;\027\337A\270\246\361D\275\377 \352Gx\343- \020"
 431      DF41B8A6 
 431      F144BDFF 
 431      20EA4778 
 431      E32D2010 
 432 03c0 08D1FF70 		.ascii	"\010\321\377p\307\203\314\347\245\013\321uX\345\351"
 432      C783CCE7 
 432      A50BD175 
 432      58E5E9
 433 03cf 8D89E289 		.ascii	"\215\211\342\211\244\202\\+<\303\340%\\\362\307\000"
 433      A4825C2B 
 433      3CC3E025 
 433      5CF2C700 
 434 03df 901C95BE 		.ascii	"\220\034\225\276\247\346\244\213\226^\372 \323\243K"
 434      A7E6A48B 
 434      965EFA20 
 434      D3A34B
 435 03ee BCDB984C 		.ascii	"\274\333\230L\345!\256\234\353\265\213\224\333I\304"
 435      E521AE9C 
 435      EBB58B94 
ARM GAS  /tmp/cc6kgboW.s 			page 34


 435      DB49C4
 436 03fd 2276E956 		.ascii	"\"v\351VZ\205n\010\015\300[\370\266\246kb\311\201\334"
 436      5A856E08 
 436      0DC05BF8 
 436      B6A66B62 
 436      C981DC
 437 0410 F4DD5797 		.ascii	"\364\335W\227\005\341\002=\235\023\375974\344tB\334"
 437      05E1023D 
 437      9D13FD39 
 437      3734E474 
 437      42DC
 438 0422 D8E9DC77 		.ascii	"\330\351\334w\352\372\001\336\353\371\353'\347\257O"
 438      EAFA01DE 
 438      EBF9EB27 
 438      E7AF4F
 439 0431 3A7F47D3 		.ascii	":\177G\323F\236^Z 6\014\211\015\363}K\362;\222S\272"
 439      469E5E5A 
 439      20360C89 
 439      0DF37D4B 
 439      F23B9253 
 440 0446 40EF3D22 		.ascii	"@\357=\"\207\256\272\223\177\025W[\364\025\032B\250"
 440      87AEBA93 
 440      7F15575B 
 440      F4151A42 
 440      A8
 441 0457 170D02A3 		.ascii	"\027\015\002\243\001\264\024\324\277\257\252\213\022"
 441      01B414D4 
 441      BFAFAA8B 
 441      12
 442 0464 5204C265 		.ascii	"R\004\302ecF\305\260\226p\351tq\331_U?\343\347\252\036"
 442      6346C5B0 
 442      9670E974 
 442      71D95F55 
 442      3FE3E7AA 
 443 0479 43882C5E 		.ascii	"C\210,^\273T\227\253w\221\376\232.\236\3549v\315\203"
 443      BB5497AB 
 443      7791FE9A 
 443      2E9EEC39 
 443      76CD83
 444 048c F57B3F93 		.ascii	"\365{?\223\261\276NX_\223X\367\354h\337\352\013\264"
 444      B1BE4E58 
 444      5F9358F7 
 444      EC68DFEA 
 444      0BB4
 445 049e 0B80F640 		.ascii	"\013\200\366@\216.WlH\024\361\351\0071 \347\"=\250$"
 445      8E2E576C 
 445      4814F1E9 
 445      073120E7 
 445      223DA824 
 446 04b2 3D4C48DF 		.ascii	"=LH\337-\312>\251\025r\004\257\365\255\271|\256A k\020"
 446      2DCA3EA9 
 446      157204AF 
 446      F5ADB97C 
 446      AE41206B 
 447 04c7 BA11CAEF 		.ascii	"\272\021\312\357N\367\321r\265\213\3647t\261:\345\310"
 447      4EF7D172 
 447      B58BF437 
ARM GAS  /tmp/cc6kgboW.s 			page 35


 447      74B13AE5 
 447      C8
 448 04d8 66B557D2 		.ascii	"f\265W\322\337\022\322\243\022\351\342\211\233\177`"
 448      DF12D2A3 
 448      12E9E289 
 448      9B7F60
 449 04e7 9CCF06BB 		.ascii	"\234\317\006\273(\203\020\272\341\246|CIy\214P\276\336"
 449      288310BA 
 449      E1A67C43 
 449      49798C50 
 449      BEDE
 450 04f9 736D542F 		.ascii	"smT/\224\010\377e\322\377M\230\334r19x\372e`2\004LN"
 450      9408FF65 
 450      D2FF4D98 
 450      DC723139 
 450      78FA6560 
 451 0511 E707502A 		.ascii	"\347\007P*\011<\226B7\335Tn*\251\214\023*\215\3676m"
 451      093C9642 
 451      37DD546E 
 451      2AA98C13 
 451      2A8DF736 
 452 0526 D60A5594 		.ascii	"\326\012U\224\312\374\\K\232\21295\366\214\313)\214"
 452      CAFC5C4B 
 452      9A8A3935 
 452      F68CCB29 
 452      8C
 453 0537 34E1469A 		.ascii	"4\341F\232P\"M\022\244\251\232\342;\202\320D\221*\312"
 453      50224D12 
 453      A4A99AE2 
 453      3B82D044 
 453      912ACA
 454 054a E60E6AA5 		.ascii	"\346\016j\245\230S\237\032v\247\267\005\272\374\274"
 454      98539F1A 
 454      76A7B705 
 454      BAFCBC
 455 0559 4D433E3E 		.ascii	"MC>>\220\232\254\361\032\362\273\304\321;\222\243\243"
 455      909AACF1 
 455      1AF2BBC4 
 455      D13B92A3 
 455      A3
 456 056a C78F256B 		.ascii	"\307\217%k\230\247\003\345:\227\247 \206\246\334\374"
 456      98A703E5 
 456      3A97A720 
 456      86A6DCFC 
 457 057a A694FCEE 		.ascii	"\246\224\374\356\021~\333K\352\323TB\007\345whO\333"
 457      117EDB4B 
 457      EAD35442 
 457      07E57768 
 457      4FDB
 458 058c F77E0CEA 		.ascii	"\367~\014\352\354J\017\244\373n\244\373J\244i\202\264"
 458      EC4A0FA4 
 458      FB6EA4FB 
 458      4AA46982 
 458      B4
 459 059d E7404997 		.ascii	"\347@I\227Z\350\245H\205c\325\315\254%\322\303\264o"
 459      5AE8A548 
 459      8563D5CD 
ARM GAS  /tmp/cc6kgboW.s 			page 36


 459      AC25D2C3 
 459      B46F
 460 05af 6FE6E72A 		.ascii	"o\346\347*\372\365\034%u\262\375N\226V\370\206\312\216"
 460      FAF51C25 
 460      75B2FD4E 
 460      9656F886 
 460      CA8E
 461 05c1 D4649ED4 		.ascii	"\324d\236\324jSX/\001E\023\224\3345\363;\004\335\011"
 461      6A53582F 
 461      01451394 
 461      DC35F33B 
 461      04DD09
 462 05d4 94755283 		.ascii	"\224uR\203q\301\2309\361@'L\022UUY\322\376I\025\012"
 462      71C19839 
 462      F140274C 
 462      12555559 
 462      D2FE4915 
 463 05e9 0D46208E 		.ascii	"\015F \216\264\305R\347\304\241\004^\213\276g\315\023"
 463      B4C552E7 
 463      C4A1045E 
 463      8BBE67CD 
 463      13
 464 05fa 5CB922C0 		.ascii	"\\\271\"\300O\376\013/\303\263\206\334I\363$\026\212"
 464      4FFE0B2F 
 464      C3B386DC 
 464      49F32416 
 464      8A
 465 060b C2620E3D 		.ascii	"\302b\016=\027\214\226A\205\377\001\252:~\305!\221\017"
 465      178C9641 
 465      85FF01AA 
 465      3A7EC521 
 465      910F
 466 061d 46F3D4A0 		.ascii	"F\363\324\240(vM\370\004\245\263O\302\213\210`?\000"
 466      28764DF8 
 466      04A5B34F 
 466      C28B8860 
 466      3F00
 467 062f 83B3845F 		.ascii	"\203\263\204_\"\037$\261$!\314k\235\365\3232\354\224"
 467      221F24B1 
 467      2421CC6B 
 467      9DF5D332 
 467      EC94
 468 0641 9FC29EDF 		.ascii	"\237\302\236\337\2317\345+\307Nz\024\366\325\342\231"
 468      9937E52B 
 468      C74E7A14 
 468      F6D5E299 
 469 0651 3CDF270B 		.ascii	"<\337'\013\305\256\006\261a$_\235P\320\220\260\004\255"
 469      C5AE06B1 
 469      61245F9D 
 469      50D090B0 
 469      04AD
 470 0663 E783D01C 		.ascii	"\347\203\320\034$\0076\256Ls\006V\376\312sh\003\377"
 470      240736AE 
 470      4C730656 
 470      FECA7368 
 470      03FF
 471 0675 2428DE4C 		.ascii	"$(\336LO\330\031(\334\243\341Ni\031\270\304\032\243"
ARM GAS  /tmp/cc6kgboW.s 			page 37


 471      4FD81928 
 471      DCA3E14E 
 471      6919B8C4 
 471      1AA3
 472 0687 C7605AD6 		.ascii	"\307`Z\326\336\322'\320\324\244 Y\243\023D\033\235\334"
 472      DED227D0 
 472      D4A42059 
 472      A313441B 
 472      9DDC
 473 0699 8BDDF791 		.ascii	"\213\335\367\221\327\344|\312\263\344l\342\211?c\337"
 473      D7E47CCA 
 473      B3E46CE2 
 473      893F63DF 
 474 06a9 96D895A1 		.ascii	"\226\330\225\241J\001w7\362X:\225\270Ct\260\360\216"
 474      4A017737 
 474      F2583A95 
 474      B84374B0 
 474      F08E
 475 06bb DC07B0A2 		.ascii	"\334\007\260\242p\336\253\364T\307\304>\035s~\354\027"
 475      70DEABF4 
 475      54C7C43E 
 475      1D737EEC 
 475      17
 476 06cc D4F734E6 		.ascii	"\324\3674\346;\224<\231b2O}\337L|\227Z\360\247\036n"
 476      3B943C99 
 476      62324F7D 
 476      DF4C7C97 
 476      5AF0A71E 
 477 06e1 C19FA22D 		.ascii	"\301\237\242-x\367\326\333E\276B\222\2124\011\203\275"
 477      78F7D6DB 
 477      45BE4292 
 477      8A340983 
 477      BD
 478 06f2 737D01DE 		.ascii	"s}\001\336Z\353m|(V\"\255\365V\260\267\205\227Z\353"
 478      5AEB6D7C 
 478      285622AD 
 478      F556B0B7 
 478      85975AEB 
 479 0706 E94D4FE4 		.ascii	"\351MO\344\027n\021E\025\312\000'\322y\327ay\212\321"
 479      176E1145 
 479      15CA0027 
 479      D279D761 
 479      798AD1
 480 0719 2F29CAD8 		.ascii	"/)\312\330\253\026\262|\210\221\332]7\240'\361bd\207"
 480      AB16B27C 
 480      8891DA5D 
 480      37A027F1 
 480      626487
 481 072c 5723F3A5 		.ascii	"W#\363\245O\214^\301\375{&\330\330\356\266\221Ab\204"
 481      4F8C5EC1 
 481      FD7B26D8 
 481      D8EEB691 
 481      416284
 482 073f 57C150C6 		.ascii	"W\301P\306\344\355\355j\257\011\313\222\022\266\214"
 482      E4EDED6A 
 482      AF09CB92 
 482      12B68C
ARM GAS  /tmp/cc6kgboW.s 			page 38


 483 074e E42BB176 		.ascii	"\344+\261v|N\245L\230\273\322\354$)\310\242\3600\001"
 483      7C4EA54C 
 483      98BBD2EC 
 483      2429C8A2 
 483      F03001
 484 0761 8DE1B9F2 		.ascii	"\215\341\271\362\232\000\272=\3240\255?\007m\264Wk9"
 484      9A00BA3D 
 484      D430AD3F 
 484      076DB457 
 484      6B39
 485 0773 92B56CBA 		.ascii	"\222\265l\272=\356~\272a\232\375\214\362\205\351\027"
 485      3DEE7EBA 
 485      619AFD8C 
 485      F285E917 
 486 0783 23795B74 		.ascii	"#y[tt\353\255\304m\362\265\3146\244$\263\013\"\220K"
 486      74EBADC4 
 486      6DF2B5CC 
 486      36A424B3 
 486      0B22904B 
 487 0797 D29A47C8 		.ascii	"\322\232G\310\344P2y\204\314ln\355\011\037y\273\205"
 487      E4503279 
 487      84CC6C6E 
 487      ED091F79 
 487      BB85
 488 07a9 BB4BB7F9 		.ascii	"\273K\267\371\317x\332n\301\035\377\206\031\255\320"
 488      CF78DA6E 
 488      C11DFF86 
 488      19ADD0
 489 07b8 0BBBD424 		.ascii	"\013\273\324$\345\255\263\333\317\250XKp\265.\244\244"
 489      E5ADB3DB 
 489      CFA8584B 
 489      70B52EA4 
 489      A4
 490 07c9 5214A1B3 		.ascii	"R\024\241\263nR\221"
 490      6E5291
 491 07d0 52B7DB1D 		.ascii	"R\267\333\035Yx\364,u\371<.u]\343\265i\376\302\347\024"
 491      5978F42C 
 491      75F93C2E 
 491      755DE3B5 
 491      69FEC2E7 
 492 07e5 AB2C6D3E 		.ascii	"\253,m>\323\307k\261\336\303\343bme\265\272>\255\250"
 492      D3C76BB1 
 492      DEC3E362 
 492      6D65B5BA 
 492      3EADA8
 493 07f8 5BCBECB6 		.ascii	"[\313\354\266u\010\035m\311\"\264\"\005\257\0219T\340"
 493      75081D6D 
 493      C922B422 
 493      05AF1139 
 493      54E0
 494 080a 365CA034 		.ascii	"6\\\2404\274\227\030\036\312\377f\273^8O\015\347\234"
 494      BC97181E 
 494      CAFF66BB 
 494      5E384F0D 
 494      E79C
 495 081c 193B2481 		.ascii	"\031;$\201\335\274*\344vz\200\025\272\301\012\225`E"
 495      DDBC2AE4 
ARM GAS  /tmp/cc6kgboW.s 			page 39


 495      767A8015 
 495      BAC10A95 
 495      6045
 496 082e 04AC67A4 		.ascii	"\004\254g\244)R\330\350K\260\366\227\357>\030 \354\240"
 496      2952D8E8 
 496      4BB0F697 
 496      EF3E1820 
 496      ECA0
 497 0840 93D4A6E6 		.ascii	"\223\324\246\346<\334\006\240b\254H~\031~q\264\021\221"
 497      3CDC06A0 
 497      62AC487E 
 497      197E71B4 
 497      1191
 498 0852 AF14DE7A 		.ascii	"\257\024\336z\364\313\265\363\302\336\032\275W\277K"
 498      F4CBB5F3 
 498      C2DE1ABD 
 498      57BF4B
 499 0861 88DF5FF0 		.ascii	"\210\337_\360\314\361]S\3659~\214\353\340-\241\365\320"
 499      CCF15D53 
 499      F5397E8C 
 499      EBE02DA1 
 499      F5D0
 500 0873 F0850471 		.ascii	"\360\205\004q\321\372\247\261\034\372\\\242\212\366"
 500      D1FAA7B1 
 500      1CFA5CA2 
 500      8AF6
 501 0881 F12A3CF3 		.ascii	"\361*<\363d\273\237\260M\333\260?\301W\350\242\014\373"
 501      64BB9FB0 
 501      4DDBB03F 
 501      C157E8A2 
 501      0CFB
 502 0893 8E54B605 		.ascii	"\216T\266\0052\270\316\016\241&5u\263X\220 \276\370"
 502      32B8CE0E 
 502      A1263575 
 502      B3589020 
 502      BEF8
 503 08a5 1A71BDD4 		.ascii	"\032q\275\324\355z\251\022\254\214\200\025O\317\244"
 503      ED7AA912 
 503      AC8C8015 
 503      4FCFA4
 504 08b4 06085F51 		.ascii	"\006\010_Q\260\251\351\303~\3560~\327\356\021\306r7"
 504      B0A9E9C3 
 504      7EEE307E 
 504      D7EE11C6 
 504      7237
 505 08c6 56B912AB 		.ascii	"V\271\022\253\202`uo\334:\241\027\206)V\325\310\231"
 505      8260756F 
 505      DC3AA117 
 505      862956D5 
 505      C899
 506 08d8 D35ABAA5 		.ascii	"\323Z\272\245E\\M+n\337\255P\323\035\217+OF\177\343"
 506      455C4D2B 
 506      6EDFAD50 
 506      D31D8F2B 
 506      4F467FE3 
 507 08ec 03BDD7E3 		.ascii	"\003\275\327\343rX:.\207\350qIL:\1778@y \016\362\264"
 507      72583A2E 
ARM GAS  /tmp/cc6kgboW.s 			page 40


 507      87E87149 
 507      4C3A7F38 
 507      4079200E 
 508 0902 DA72E808 		.ascii	"\332r\350\0109\020\207\245\002yhf\376\216\217\262\234"
 508      391087A5 
 508      02796866 
 508      FE8E8FB2 
 508      9C
 509 0913 7A95DE7E 		.ascii	"z\225\336~#g\332\207\225\323\371\276g\363\212\305\224"
 509      2367DA87 
 509      95D3F9BE 
 509      67F38AC5 
 509      94
 510 0924 83F061AC 		.ascii	"\203\360a\254d\025\025:2\231\356\001VQ\217\222\212:"
 510      6415153A 
 510      3299EE01 
 510      56518F92 
 510      8A3A
 511 0936 7B61679E 		.ascii	"{ag\236 ?u\375\036?g\253\330\251\253\"\247\356n\343"
 511      203F75FD 
 511      1E3F67AB 
 511      D8A9AB22 
 511      A7EE6EE3 
 512 094a D0A056B8 		.ascii	"\320\240V\270M\243\323\323\273\276\232}z\374a\232T\366"
 512      4DA3D3D3 
 512      BBBE9A7D 
 512      7AFC619A 
 512      54F6
 513 095c 65958FD7 		.ascii	"e\225\217\327hTK\3218N\2431~\253\270\364\241\357\260"
 513      68544BD1 
 513      384EA331 
 513      7EABB8F4 
 513      A1EFB0
 514 096f FB37680D 		.ascii	"\3737h\015\361\257Z\362\257\352t\316=\2552\032^\245"
 514      F1AF5AF2 
 514      AFEA74CE 
 514      3DAD321A 
 514      5EA5
 515 0981 BF3D559D 		.ascii	"\277=U\235\254f\321x\020F?.\265,\024\320'\311\024\217"
 515      AC66D178 
 515      10463F2E 
 515      B52C14D0 
 515      27C9148F 
 516 0995 B150D4F1 		.ascii	"\261P\324\361Or\001\261qF\333\332\017-f\247\321\021"
 516      4F7201B1 
 516      7146DBDA 
 516      0F2D66A7 
 516      D111
 517 09a7 FD0FCBE3 		.ascii	"\375\017\313\343\341\341\006\372gs\030\354N\203\303"
 517      E1E106FA 
 517      677318EC 
 517      4E83C3
 518 09b6 6E3698A3 		.ascii	"n6\230\243b-\261q6[\214#\334\254\371\375\237\336Y\362"
 518      622DB171 
 518      365B8C23 
 518      DCACF9FD 
 518      9FDE59F2 
ARM GAS  /tmp/cc6kgboW.s 			page 41


 519 09ca D2F2E59C 		.ascii	"\322\362\345\234\032K\033\235\353\221!\312\026k1\230"
 519      1A4B1B9D 
 519      EB9121CA 
 519      166B3198 
 520 09da CC0E4B58 		.ascii	"\314\016KX\214i\255\341e\2339>\326bu:\014o[L\261\177"
 520      8C69ADE1 
 520      659B393E 
 520      D662753A 
 520      0C6F5B4C 
 521 09f0 34BC628E 		.ascii	"4\274b\216\211\216sX\214\226\260\270x\363G+\014oc\034"
 521      898E7358 
 521      8C96B0B8 
 521      78F3472B 
 521      0C6F631C 
 522 0a04 C3076673 		.ascii	"\303\007fs\230\311\036\033f\265Y-a\026\323\332\350\260"
 522      98C91E1B 
 522      66B5592D 
 522      6116D3DA 
 522      E8B0
 523 0a16 88B015CB 		.ascii	"\210\260\025\313\226G\204\375\355\371\260X\323\2076"
 523      964784FD 
 523      EDF9B058 
 523      D38736
 524 0a25 BB21267A 		.ascii	"\273!&z-\2262xH\031\"\302W\204/7D[\3151\361\221\026"
 524      2D963278 
 524      481922C2 
 524      57842F37 
 524      445BCD31 
 525 0a3c 83C31919 		.ascii	"\203\303\031\031iy?<\212\363\005'\254\226O\234\276q"
 525      69793F3C 
 525      8AF30527 
 525      AC964F9C 
 525      BE71
 526 0a4e 51E4EE8F 		.ascii	"Q\344\356\217\331\032\243,\246H\213=D\341\221\244,\363"
 526      D91AA32C 
 526      A6488B3D 
 526      44E191A4 
 526      2CF3
 527 0a60 2A8AF307 		.ascii	"*\212\363\007\2008\273\355\343hP\320\301\372\007\026"
 527      8038BBED 
 527      E36850D0 
 527      C1FA0716 
 528 0a70 E7FBF156 		.ascii	"\347\373\361V\263\321\371\304\243\264\3156\273\005\224"
 528      B3D1F9C4 
 528      A3B4CD36 
 528      BB0594
 529 0a7f F5F068B3 		.ascii	"\365\360h\263\2573\022\243\316\205\346\2507\341aUL\214"
 529      AF3312A3 
 529      CE85E6A8 
 529      37E16155 
 529      4C8C
 530 0a91 CDBC3A3C 		.ascii	"\315\274:<\316dw\206/[\362\023Q\345\026P\245?\223D\254"
 530      CE647786 
 530      2F5BF213 
 530      51E51650 
 530      A53F9344 
 531 0aa6 B6463B03 		.ascii	"\266F;\003\351\302\3536S\344*\273\335\264N'G\365\227"
ARM GAS  /tmp/cc6kgboW.s 			page 42


 531      E9C2EB36 
 531      53E42ABB 
 531      DDB44E27 
 531      47F597
 532 0ab9 4DD8F3AB 		.ascii	"M\330\363\253v\213e\265\326\375\2547\032\211\003\306"
 532      768B65B5 
 532      D6FDAC37 
 532      1A8903C6 
 533 0ac9 F0179E8F 		.ascii	"\360\027\236\217\210\320H3\2259\312d\227\277{\3419\255"
 533      88D04833 
 533      9539CA64 
 533      97BF7BE1 
 533      39AD
 534 0adb D1181F6D 		.ascii	"\321\030\037mu>\267\302\350L\376_%\3233\211R\014cM\346"
 534      753EB7C2 
 534      E84CFE5F 
 534      25D33389 
 534      520C634D 
 535 0af0 A868ABC5 		.ascii	"\250h\253\305`\204$\232\342c\234F\347\2728\013\316\206"
 535      6084249A 
 535      E2639C46 
 535      E7BA380B 
 535      CE86
 536 0b02 4622F4CF 		.ascii	"F\"\364\317\377+\037\307:\207\301\010{\012\214\003\011"
 536      FF2B1FC7 
 536      3A87C108 
 536      7B0A8C03 
 536      09
 537 0b13 3F16E4C8 		.ascii	"?\026\344\310H\010\361\232u\216w\254\020\355\217\224"
 537      4808F19A 
 537      758E77AC 
 537      10ED8F94 
 538 0b23 E7C3BD1F 		.ascii	"\347\303\275\037@\033o\2448\233\335i\214'\262O+d\361"
 538      401B6FA4 
 538      389BDD69 
 538      8C27B24F 
 538      2B64F1
 539 0b36 2B8761D5 		.ascii	"+\207a\325[o\274\364\306'\240\200w\217\361\343\210X"
 539      5B6FBCF4 
 539      C627A080 
 539      778FF1E3 
 539      8858
 540 0b48 BC838C46 		.ascii	"\274\203\214F\207\305i\374\335\2525\257\274\371\326"
 540      87C569FC 
 540      DDAA35AF 
 540      BCF9D6
 541 0b57 6ABD29E6 		.ascii	"j\275)\346\357\246u\016c\2645\006\302\363\254\034\005"
 541      EFA6750E 
 541      63B43506 
 541      C2F3AC1C 
 541      05
 542 0b68 F6B6E1A5 		.ascii	"\366\266\341\2457\326\254^\3436\214Q\314\261\257BB)"
 542      37D6AC5E 
 542      E3368C51 
 542      CCB1AF42 
 542      4229
 543 0b7a 69A0FA3A 		.ascii	"i\240\372:\030\367#D0\015\217t\377Z>[\031\361\037S\027"
ARM GAS  /tmp/cc6kgboW.s 			page 43


 543      18F72344 
 543      300D8F74 
 543      FF5A3E5B 
 543      19F11F53 
 544 0b8f C938     		.ascii	"\3118"
 545              		.text
 546              		.section	.gnu.lto_.symtab.6c0b17e53a8294f2,"",%progbits
 547 0000 6368506F 		.ascii	"chPoolObjectInit\000"
 547      6F6C4F62 
 547      6A656374 
 547      496E6974 
 547      00
 548 0011 00       		.ascii	"\000"
 549 0012 00       		.ascii	"\000"
 550 0013 00       		.ascii	"\000"
 551 0014 00000000 		.ascii	"\000\000\000\000\000\000\000\000"
 551      00000000 
 552 001c E4000000 		.ascii	"\344\000\000\000"
 553 0020 6368506F 		.ascii	"chPoolLoadArray\000"
 553      6F6C4C6F 
 553      61644172 
 553      72617900 
 554 0030 00       		.ascii	"\000"
 555 0031 00       		.ascii	"\000"
 556 0032 00       		.ascii	"\000"
 557 0033 00000000 		.ascii	"\000\000\000\000\000\000\000\000"
 557      00000000 
 558 003b EA000000 		.ascii	"\352\000\000\000"
 559 003f 6368506F 		.ascii	"chPoolAllocI\000"
 559      6F6C416C 
 559      6C6F6349 
 559      00
 560 004c 00       		.ascii	"\000"
 561 004d 00       		.ascii	"\000"
 562 004e 00       		.ascii	"\000"
 563 004f 00000000 		.ascii	"\000\000\000\000\000\000\000\000"
 563      00000000 
 564 0057 EE000000 		.ascii	"\356\000\000\000"
 565 005b 6368506F 		.ascii	"chPoolAlloc\000"
 565      6F6C416C 
 565      6C6F6300 
 566 0067 00       		.ascii	"\000"
 567 0068 00       		.ascii	"\000"
 568 0069 00       		.ascii	"\000"
 569 006a 00000000 		.ascii	"\000\000\000\000\000\000\000\000"
 569      00000000 
 570 0072 F0000000 		.ascii	"\360\000\000\000"
 571 0076 6368506F 		.ascii	"chPoolFreeI\000"
 571      6F6C4672 
 571      65654900 
 572 0082 00       		.ascii	"\000"
 573 0083 00       		.ascii	"\000"
 574 0084 00       		.ascii	"\000"
 575 0085 00000000 		.ascii	"\000\000\000\000\000\000\000\000"
 575      00000000 
 576 008d F5000000 		.ascii	"\365\000\000\000"
 577 0091 6368506F 		.ascii	"chPoolFree\000"
ARM GAS  /tmp/cc6kgboW.s 			page 44


 577      6F6C4672 
 577      656500
 578 009c 00       		.ascii	"\000"
 579 009d 00       		.ascii	"\000"
 580 009e 00       		.ascii	"\000"
 581 009f 00000000 		.ascii	"\000\000\000\000\000\000\000\000"
 581      00000000 
 582 00a7 F7000000 		.ascii	"\367\000\000\000"
 583              		.text
 584              		.section	.gnu.lto_.opts,"",%progbits
 585 0000 272D666D 		.ascii	"'-fmath-errno' '-fsigned-zeros' '-ftrapping-math' '"
 585      6174682D 
 585      6572726E 
 585      6F272027 
 585      2D667369 
 586 0033 2D666E6F 		.ascii	"-fno-trapv' '-fno-openmp' '-fno-openacc' '-mcpu=cor"
 586      2D747261 
 586      70762720 
 586      272D666E 
 586      6F2D6F70 
 587 0066 7465782D 		.ascii	"tex-m4' '-mno-thumb-interwork' '-mthumb' '-O2' '-fo"
 587      6D342720 
 587      272D6D6E 
 587      6F2D7468 
 587      756D622D 
 588 0099 6D69742D 		.ascii	"mit-frame-pointer' '-falign-functions=16' '-ffuncti"
 588      6672616D 
 588      652D706F 
 588      696E7465 
 588      72272027 
 589 00cc 6F6E2D73 		.ascii	"on-sections' '-fdata-sections' '-fno-common' '-flto"
 589      65637469 
 589      6F6E7327 
 589      20272D66 
 589      64617461 
 590 00ff 2700     		.ascii	"'\000"
 591              		.text
 592              		.comm	__gnu_lto_v1,1,1
 593              		.comm	__gnu_lto_slim,1,1
 594              		.ident	"GCC: (GNU Tools for Arm Embedded Processors 7-2017-q4-major) 7.2.1 20170904 (release) [ARM
ARM GAS  /tmp/cc6kgboW.s 			page 45


DEFINED SYMBOLS
                            *ABS*:0000000000000000 chmempools.c
                            *COM*:0000000000000001 __gnu_lto_v1
                            *COM*:0000000000000001 __gnu_lto_slim

NO UNDEFINED SYMBOLS
