ARM GAS  /tmp/cchg77uy.s 			page 1


   1              		.cpu cortex-m4
   2              		.eabi_attribute 20, 1
   3              		.eabi_attribute 21, 1
   4              		.eabi_attribute 23, 3
   5              		.eabi_attribute 24, 1
   6              		.eabi_attribute 25, 1
   7              		.eabi_attribute 26, 1
   8              		.eabi_attribute 30, 2
   9              		.eabi_attribute 34, 1
  10              		.eabi_attribute 18, 4
  11              		.file	"hal.c"
  12              		.section	.gnu.lto_.profile.6dacad1e61454323,"",%progbits
  13 0000 789C6363 		.ascii	"x\234cc```\001bF\006Sv\000\000\351\000H"
  13      60606001 
  13      62460653 
  13      760000E9 
  13      0048
  14              		.text
  15              		.section	.gnu.lto_.icf.6dacad1e61454323,"",%progbits
  16 0000 789C6363 		.ascii	"x\234cc``\340`@\000F\206_O\372_\3611\000\000\020\266"
  16      6060E060 
  16      40004686 
  16      5F4FFA5F 
  16      F1310000 
  17 0016 0375     		.ascii	"\003u"
  18              		.text
  19              		.section	.gnu.lto_.jmpfuncs.6dacad1e61454323,"",%progbits
  20 0000 789C6363 		.ascii	"x\234cc``\360b@\000F\010\305\3048\205\231\261\371\327"
  20      6060F062 
  20      40004608 
  20      C5C43885 
  20      99B1F9D7 
  21 0014 FECF7CF5 		.ascii	"\376\317|\365\177\033$\34603,`\006Inf\254g`<\300\302"
  21      7F1B24E6 
  21      30332C60 
  21      06496E66 
  21      AC67603C 
  22 002a C800C47F 		.ascii	"\310\000\304\177\376\377\377\317\317\310\004T7\255\365"
  22      FEFFFFCF 
  22      CFC80454 
  22      37ADF5
  23 0039 D079F66E 		.ascii	"\320y\366nf\240*F\006\306-\2142 \314\300\000\000\006"
  23      66A02A46 
  23      06C62D8C 
  23      3220CCC0 
  23      000006
  24 004c D81467   		.ascii	"\330\024g"
  25              		.text
  26              		.section	.gnu.lto_.inline.6dacad1e61454323,"",%progbits
  27 0000 789C6363 		.ascii	"x\234cc``\320c@\000F\006\006NSF\006& \223m\201<\023"
  27      6060D063 
  27      40004606 
  27      064E5346 
  27      06262093 
  28 0018 58880B85 		.ascii	"X\210\013\205`\342\006\251\0023\031\0004\322\001x"
  28      60E206A9 
  28      02331900 
ARM GAS  /tmp/cchg77uy.s 			page 2


  28      34D20178 
  29              		.text
  30              		.section	.gnu.lto_.pureconst.6dacad1e61454323,"",%progbits
  31 0000 789C6363 		.ascii	"x\234cc```\006bF\006\011\000\000}\000#"
  31      60606006 
  31      62460609 
  31      00007D00 
  31      23
  32              		.text
  33              		.section	.gnu.lto_halInit.6dacad1e61454323,"",%progbits
  34 0000 789C7590 		.ascii	"x\234u\220\273J\003A\024\206\317\277\223\033\250\301"
  34      BB4A0341 
  34      1486CFBF 
  34      931BA8C1 
  35 0010 C2424D0A 		.ascii	"\302BM\012\3334\311{\370\026\222\306B\020\314\003\354"
  35      DB34C97B 
  35      F81692C6 
  35      4210CC03 
  35      EC
  36 0021 C43524A2 		.ascii	"\3045$\242\205E\\-\026Y\304k%\342%\256\027\\\362\000"
  36      85455C2D 
  36      1659C46B 
  36      25E225AE 
  36      175CF200 
  37 0035 8AB676A2 		.ascii	"\212\266v\242V\361\002V*F\377\311\212X\304\303\034f"
  37      56F10256 
  37      2A46FFC9 
  37      8A58C4C3 
  37      1C66
  38 0047 E69C6FCE 		.ascii	"\346\234o\316\371\317$Dd\003\"Y\356\031:\224\300Z\270"
  38      F9CF2444 
  38      64032259 
  38      EE193A94 
  38      C05AB8
  39 005a 1029A72C 		.ascii	"\020)\247,\300\034t\012b[\2601\257\352\012\315\352C"
  39      C01C740A 
  39      625BB031 
  39      AFEA0ACD 
  39      EA43
  40 006c 60E53635 		.ascii	"`\34565-\\z\031\322[!<%\342\322\215a\0179!v\273\333"
  40      2D5C7A19 
  40      D25B213C 
  40      25E2D28D 
  40      610F3921 
  41 0083 5EEC4BC4 		.ascii	"^\354K\304\2428\366\221\020\366\220\235\353x\250\333"
  41      A238F691 
  41      10F6909D 
  41      EB78A8DB 
  42 0093 5F551DDE 		.ascii	"_U\035\336\255\2421\232\024\2511\317&:\224Ye\231\223"
  42      ADA2319A 
  42      14A931CF 
  42      263A9459 
  42      659993
  43 00a6 134A0B8E 		.ascii	"\023J\013\216\377\221\351<b\245 h\335$\355O\235\362"
  43      FF91E93C 
  43      62A52068 
  43      DD24ED4F 
ARM GAS  /tmp/cchg77uy.s 			page 3


  43      9DF2
  44 00b8 145CC52A 		.ascii	"\024\\\305*8\200-\036\351\026f\374\365\336.\234r\231"
  44      38802D1E 
  44      E91666FC 
  44      F5DE2E9C 
  44      7299
  45 00ca 151C9263 		.ascii	"\025\034\222c\302\2554/\223s\312S1\230\253\363~\376"
  45      C2AD342F 
  45      9373CA53 
  45      3198ABF3 
  45      7EFE
  46 00dc 9A2637C8 		.ascii	"\232&7\310\200o\3241\366v\365X\353\361\261R\356\367"
  46      806FD431 
  46      F676F558 
  46      EBF1B152 
  46      EEF7
  47 00ee 541C479C 		.ascii	"T\034G\234\265\201l'\343\254\355U@zY\353\021S!\200\217"
  47      B5816C27 
  47      E3ACED55 
  47      407A59EB 
  47      11532180 
  48 0103 689C63D8 		.ascii	"h\234c\330\236Jt\304n\247\273\213eu\234\374\212%7\320"
  48      9E4A74C4 
  48      6EA7BB8B 
  48      65759CFC 
  48      8A2537D0 
  49 0117 9D8B913B 		.ascii	"\235\213\221;\375\303\335\377\303\305\311\235\375pO"
  49      FDC3DDFF 
  49      C3C5C99D 
  49      FD704F
  50 0126 98F69FEB 		.ascii	"\230\366\237\353\221\026c5~\015\277\217s\017\347\363"
  50      91166335 
  50      7E0DBF8F 
  50      730FE7F3 
  51 0136 85684D96 		.ascii	"\205hM\226\012\343c\023\205\322T\321\354\371\242|\003"
  51      0AE36313 
  51      85D254D1 
  51      ECF9A27C 
  51      03
  52 0147 82A092F0 		.ascii	"\202\240\222\360"
  53              		.text
  54              		.section	.gnu.lto_.symbol_nodes.6dacad1e61454323,"",%progbits
  55 0000 789C55C9 		.ascii	"x\234U\311\275\015\2030\024E\341sm\314\034\031\005&"
  55      BD0D8330 
  55      1445E173 
  55      6DCC1C19 
  55      0526
  56 0012 7B2E3200 		.ascii	"{.2\000-=S\244\246\344'\311\004\211\2249\"\036\256p"
  56      2D3D53A4 
  56      A6E427C9 
  56      04899439 
  56      221EAE70 
  57 0026 71F549E7 		.ascii	"q\365I\347\266\300\350#,2\0306p\036\271\207\264\213"
  57      B6C0E823 
  57      2C321836 
  57      701EB987 
  57      B48B
ARM GAS  /tmp/cchg77uy.s 			page 4


  58 0038 9B3F7ACB 		.ascii	"\233?z\313T\036\310\271\363\360\222\205*<e\261\012\233"
  58      541EC8B9 
  58      F3F09285 
  58      2A3C65B1 
  58      0A9B
  59 004a ACA9C22A 		.ascii	"\254\251\302*K\327\020i\231>\177E\022s\261\341W\214"
  59      4BD71069 
  59      993E7F45 
  59      1273B1E1 
  59      578C
  60 005c DCBFA781 		.ascii	"\334\277\247\201\311\345\000\021\241&\347"
  60      C9E50011 
  60      A126E7
  61              		.text
  62              		.section	.gnu.lto_.refs.6dacad1e61454323,"",%progbits
  63 0000 789C6363 		.ascii	"x\234cc```\003bF\006&F&\006\000\000\263\000\023"
  63      60606003 
  63      62460626 
  63      46260600 
  63      00B30013 
  64              		.text
  65              		.section	.gnu.lto_.decls.6dacad1e61454323,"",%progbits
  66 0000 789CBD56 		.ascii	"x\234\275V{PT\327\031\277\337=\273\313\262\2008\230"
  66      7B5054D7 
  66      19BFDF3D 
  66      BBCBB280 
  66      3898
  67 0012 E9D88E99 		.ascii	"\351\330\216\2311\316f\344\237\345\012iG;c\247c\324"
  67      31CE66E4 
  67      9FE50A69 
  67      473B63A7 
  67      63D4
  68 0024 31999084 		.ascii	"1\231\220\204Iu\246\375k\263\356^e\333}uw\351\230\311"
  68      4975A6FD 
  68      6BB3EE5E 
  68      65DB7D75 
  68      77E998C9 
  69 0038 3F577645 		.ascii	"?WvE|\242\325I\213Q\243\222\251\2320\232*\266<4\254"
  69      7CA2D549 
  69      8B51A392 
  69      A99A309A 
  69      2AB63C34 
  70 004d 117CE30B 		.ascii	"\021|\343\013_ \010E]_\010\210\011\210\240\364;\347"
  70      5F200845 
  70      5D5F0888 
  70      0988A0F4 
  70      3BE7
  71 005f DCE52E0B 		.ascii	"\334\345.\013d\322\177zg\277{\316w\316\357\374\276\307"
  71      64D27F7A 
  71      67BF7BCE 
  71      77CEEFFC 
  71      BEC7
  72 0071 F9CE3D6B 		.ascii	"\371\316=k\020\004\301\230\"\010\017EA\330\216\375a"
  72      1004C198 
  72      22080F45 
  72      41D88EFD 
  72      61
ARM GAS  /tmp/cchg77uy.s 			page 5


  73 0082 7CB02B1C 		.ascii	"|\260+\034G\001\224n\201?\006\224>\224\347(/P\206\004"
  73      4701946E 
  73      813F0694 
  73      3E94E728 
  73      2F508604 
  74 0096 0E1081E3 		.ascii	"\016\020\201\343t \214z\236\240\236\204\355\307(z\354"
  74      74208C7A 
  74      9EA09E84 
  74      EDC7287A 
  74      EC
  75 00a7 FF403980 		.ascii	"\377@9\200\363uQ;\011\274\224\207\022\015\251\374\317"
  75      F375513B 
  75      09BC9487 
  75      120DA9FC 
  75      CF
  76 00b8 85F179B7 		.ascii	"\205\361y\267\022\270\034\376f;YG \303\004:T\2376l\273"
  76      12B81CFE 
  76      663B5947 
  76      20C3043A 
  76      549F366C 
  77 00cd 3309D5D7 		.ascii	"3\011\325\327L0\035\325\362\206S-\352l1\240^y\354I\016"
  77      4C301DD5 
  77      F286532D 
  77      EA6C31A0 
  77      5E79EC49 
  78 00e2 57A7A156 		.ascii	"W\247\241V\335\3724\222\302\301\355tv\370aSY2\237\356"
  78      DDFA3492 
  78      C2C1ED74 
  78      76F86153 
  78      59329FEE 
  79 00f6 A1DC6B8F 		.ascii	"\241\334k\217l)K'\350\014\366\273\302\367\332S\370\334"
  79      6C294B27 
  79      E80CF6BB 
  79      C2F7DA53 
  79      F8DC
  80 0108 5454AFF4 		.ascii	"TT\257\364\234\337\241\252\223QmYS\264\323@\222\031"
  80      9CDFA1AA 
  80      93516D59 
  80      53B4D340 
  80      9219
  81 011a B2F5F4FE 		.ascii	"\262\365\364\376\257\251\315\231&\240\371K\307\241\203"
  81      AFA9CD99 
  81      26A0F94B 
  81      C7A183
  82 0129 9D550369 		.ascii	"\235U\003i|\210\"\256\366\225\3541\222I\254_\326\274"
  82      7C8822AE 
  82      F695EC31 
  82      9249AC5F 
  82      D6BC
  83 013b E7B3A4AC 		.ascii	"\347\263\244\254r\205?\306\337\013P\013$\026\334\225"
  83      72853FC6 
  83      DF0B500B 
  83      2416DC95 
  84 014b 92DE2F93 		.ascii	"\222\336/\223H6\005\212mM\203-\223\300\224Y\254(\205"
  84      4836058A 
  84      6D4D832D 
  84      93C09459 
ARM GAS  /tmp/cchg77uy.s 			page 6


  84      AC2885
  85 015e CAAE9092 		.ascii	"\312\256\220\222\374\216\000\0250\015\016\3034\001N"
  85      FC8E0015 
  85      300D0EC3 
  85      34014E
  86 016d 4026258F 		.ascii	"@&%\217@\226\000\337\342\3401\034\374\007%\214\334\357"
  86      409600DF 
  86      E2E0311C 
  86      FC07258C 
  86      DCEF
  87 017f 9FB979B5 		.ascii	"\237\271y\265\242\210\360\035\230\3408\020\206\301l"
  87      A288F01D 
  87      98E03810 
  87      86C16C
  88 018e CE347113 		.ascii	"\3164q\023\373\277\334\274\307@\352\200\331\250\371"
  88      FBBFDCBC 
  88      C740EA80 
  88      D9A8F9
  89 019d FC5EBD38 		.ascii	"\374^\2758\221\215\223\023\332\350\256\232qr\025\265"
  89      918D9313 
  89      DAE8AE9A 
  89      717215B5 
  90 01ad 518F36EA 		.ascii	"Q\2176\3524\033h\222\033\351\250nY)\2223<\223\333j\276"
  90      341B6892 
  90      1BE9A86E 
  90      59299233 
  90      3C93DB6A 
  91 01c2 3FABE7A9 		.ascii	"?\253\347\2513\242\332\275\245\276A$\015|.z3Tj \215"
  91      33A2DABD 
  91      A5BE4124 
  91      0D7C2E7A 
  91      33546A20 
  92 01d7 5CD9F4B2 		.ascii	"\\\331\364\262I1\220[\\\331\320\375|\267\216tp\245)"
  92      4931905B 
  92      5CD9D0FD 
  92      7CB78E74 
  92      70A529
  93 01ea D47F3D8D 		.ascii	"\324\177=\215<`Jr\341\315\276\023z0\233\247\230\315"
  93      3C604A72 
  93      E1CDBE13 
  93      7A309BA7 
  93      98CD
  94 01fc E64CB379 		.ascii	"\346L\263y\017\365=\322\335:\267\252\367\201\242\374"
  94      0FF53DD2 
  94      DD3AB7AA 
  94      F781A2FC 
  95 020c 359539D5 		.ascii	"5\2259\325\200N]\202)Z0\325\370\022 \033_\002_\320\374"
  95      804E5D82 
  95      295A30D5 
  95      F812201B 
  95      5F025FD0 
  96 0221 EB6D4A24 		.ascii	"\353mJ$L\030\372T\"\272FCo\246\021oB\001\235\000\377"
  96      4C18FA54 
  96      22BA4643 
  96      6FA6116F 
  96      42019D00 
  97 0236 46C0BFD8 		.ascii	"F\300\277\330\034\205c\324p\025\223t\005\314p\035\345"
ARM GAS  /tmp/cchg77uy.s 			page 7


  97      1C8563D4 
  97      70159374 
  97      05CC701D 
  97      E5
  98 0247 324A23CA 		.ascii	"2J#\312E\224k(\027\300\3146\226\033|1G3x6\321\340\351"
  98      45946B28 
  98      17C0CC36 
  98      961B7C31 
  98      47337836 
  99 025e 31EEC5A1 		.ascii	"1\356\305\241\317'\242\245\004\360\331\270X\316\214"
  99      CF27A2A5 
  99      04F0D9B8 
  99      58CE8C
 100 026d 4F5D41DF 		.ascii	"O]A\337\352\366]\250\314X\211\361P\230\240n\235\346"
 100      EAF65DA8 
 100      CC5889F1 
 100      5098A06E 
 100      9DE6
 101 027f 66575546 		.ascii	"fWUFYH9=\213\221\035\035?1\234\214\343\037\3059zn\\"
 101      5948393D 
 101      8B911D1D 
 101      3F319C8C 
 101      E31FC539 
 102 0296 47391A77 		.ascii	"G9\032w\261\366U\370\222\201|AX\351}u\264\345\261\036"
 102      B1F655F8 
 102      92817C41 
 102      58E97D75 
 102      B4E5B11E 
 103 02aa A6648E9B 		.ascii	"\246d\216\233_h\302\264\376/)\346\201\235\2546\340\221"
 103      5F68C2B4 
 103      FE2F29E6 
 103      819DAC36 
 103      E091
 104 02bc 829BB8F0 		.ascii	"\202\233\270\360\206V\2254Lf\2771\272;\234\312\013\361"
 104      86569534 
 104      4C66BF31 
 104      BA3B9CCA 
 104      0BF1
 105 02ce 12D53796 		.ascii	"\022\3257\226\034\376\247\211\034b\376\300\276\350\366"
 105      1CFEA789 
 105      1C62FEC0 
 105      BEE8F6
 106 02dd 8DEAE41C 		.ascii	"\215\352\344\034T\2174T\336\326\223*>\327\322{}u\012"
 106      548F3454 
 106      DED6932A 
 106      3ED7D27B 
 106      7D750A
 107 02f0 8970E5E0 		.ascii	"\211p\345\340\320\326\275\006r\212+\317\366\035\332"
 107      D0D6BD06 
 107      728A2BCF 
 107      F61DDA
 108 02ff 69E4ABF6 		.ascii	"i\344\253\366\321/\312\216\325\221\012\365\013\0231"
 108      D12FCA8E 
 108      D5910AF5 
 108      0B1331
 109 030e A1BE6E55 		.ascii	"\241\276nU\311\232$r\201\201\215\007o\204\353\214X\270"
 109      C99A2472 
ARM GAS  /tmp/cchg77uy.s 			page 8


 109      81818D07 
 109      6F84EB8C 
 109      58B8
 110 0320 58B9BC6E 		.ascii	"X\271\274n\251\313G3\266(4\335\324\351\333\350t\024"
 110      A9CB4733 
 110      B62834DD 
 110      D4E9DBE8 
 110      7414
 111 0332 DB913454 		.ascii	"\333\2214T\217N7\342\277\373\355J\226n\012\357H\204"
 111      8F4E37E2 
 111      BFFBED4A 
 111      966E0AEF 
 111      4884
 112 0344 1F190BFF 		.ascii	"\037\031\013\377\215\006\277\225\010o\216\203\217\332"
 112      8D06BF95 
 112      086F8E83 
 112      8FDA
 113 0352 86FF20A2 		.ascii	"\206\377 \242\235MF\325=x\200{\360\020\363}\007\345"
 113      9D4D46D5 
 113      3D78807B 
 113      F010F37D 
 113      07E5
 114 0364 11CA3D94 		.ascii	"\021\312=\224\373(w\265\022Gk\035q\326\252\022\255U"
 114      FB2877B5 
 114      12476B1D 
 114      71D6AA12 
 114      AD55
 115 0376 6A25AE96 		.ascii	"j%\256\226a\015/\303\350\2302\304\311hM\\^\332\022\271"
 115      610D2FC3 
 115      E89832C4 
 115      C9684D5C 
 115      5EDA12B9 
 116 038a 461D006A 		.ascii	"F\035\000jx\256f\2705\021\334\242\031\306\0359>\320"
 116      78AE66B8 
 116      3511DCA2 
 116      19C61D39 
 116      3ED0
 117 039c B92A9D5C 		.ascii	"\271*\235\\\343Ex\353\\]}Jb\021\306\242\207'\030\364"
 117      E34578EB 
 117      5C5D7D4A 
 117      6211C6A2 
 117      872718F4 
 118 03b0 4F4D000F 		.ascii	"OM\000\017\251\257\226\025`'.z\254\025`4V\200\237\207"
 118      A9AF9615 
 118      60272E7A 
 118      AC156034 
 118      56809F87 
 119 03c4 3A9BD3A6 		.ascii	":\233\323\246\250\306\212'4&\374\250%\312\263\355o\323"
 119      A8C68A27 
 119      3426FCA8 
 119      25CAB3ED 
 119      6FD3
 120 03d6 53D78E7C 		.ascii	"S\327\216|\263\241+\356\314\011\320\015\251\354z\306"
 120      B3A12BEE 
 120      CC09D00D 
 120      A9EC7AC6 
 121 03e6 96DE79C7 		.ascii	"\226\336y\307\217\325\246\264aV\360^\207\311\214\001"
ARM GAS  /tmp/cchg77uy.s 			page 9


 121      8FD5A6B4 
 121      6156F05E 
 121      87C98C01 
 122 03f6 80BFB1A5 		.ascii	"\200\277\261\245\302\364\341\330\003|\034GE\336\250"
 122      C2F4E1D8 
 122      037C1C47 
 122      45DEA8
 123 0405 50AAC496 		.ascii	"P\252\304\226\300\310\210\250r\2101^\366S\011 \236\225"
 123      C0C888A8 
 123      7288315E 
 123      F6530920 
 123      9E95
 124 0417 CF7373B1 		.ascii	"\317ss\261\207\337\362\274\023\267\216\017\211\232\261"
 124      87DFF2BC 
 124      13B78E0F 
 124      899AB1
 125 0426 B825637C 		.ascii	"\270%c|\025F\246G\234\322\202\0045a\327:\327\037Hm\307"
 125      1546A647 
 125      9CD28204 
 125      3561D73A 
 125      D71F486D 
 126 043b F325C01F 		.ascii	"\363%\300\037\004a\223\321\315\016o\317a\245\303D\332"
 126      046193D1 
 126      CD0E6FCF 
 126      61A5C344 
 126      DA
 127 044c F849AE1F 		.ascii	"\370I\256\037\356\217\244\363\223,\306\335\367\257\361"
 127      EE8FA4F3 
 127      932CC6DD 
 127      F7AFF1
 128 045b FBBE7CFD 		.ascii	"\373\276|\375\360V\375\324\317\330\316\205\224\311\""
 128      F056FDD4 
 128      CFD8CE85 
 128      94C922
 129 046a 7CFC33F8 		.ascii	"|\3743\370\0363\376\214e\374\007\230\212o\217\216\033"
 129      1E33FE8C 
 129      65FC0798 
 129      8A6F8F8E 
 129      1B
 130 047b BB53D7F5 		.ascii	"\273S\327\365R\234\261K\331\325\256D\206\207\246\337"
 130      529CB14B 
 130      D9D5AE44 
 130      8687A6DF 
 131 048b AF5014BC 		.ascii	"\257P\024\274,\025\035\205A\257V\026\275\364\336\207"
 131      2C151D85 
 131      41AF5616 
 131      BDF4DE87 
 132 049b A7B8FDD0 		.ascii	"\247\270\375\320\203%.@\037\314\300\345\253\017u\265"
 132      83252E40 
 132      1FCCC0E5 
 132      AB0F75B5 
 133 04ab E949A18E 		.ascii	"\351I\241\216y\265\376n\315\221t\344j\307\342\272\270"
 133      79B5FE6E 
 133      CD9174E4 
 133      6AC7E2BA 
 133      B8
 134 04bc 861C0815 		.ascii	"\206\034\010\025mPv\003\263\010\375\032U\277\372\027"
ARM GAS  /tmp/cchg77uy.s 			page 10


 134      6D507603 
 134      B308FD1A 
 134      55BFFA17 
 135 04cc 029E338A 		.ascii	"\002\2363\212\363\321\326O\311^\316\360u\375\332\225"
 135      F3D1D64F 
 135      C95ECEF0 
 135      75FDDA95 
 136 04dc 3A95E1DC 		.ascii	":\225\341\334FR|\355\201Rl\342\004\003\032\301@\214"
 136      46527CED 
 136      81526CE2 
 136      04031AC1 
 136      408C
 137 04ee E00523B8 		.ascii	"\340\005#\270x\266l(\215tp\206\306\255\373\007\322b"
 137      78B66C28 
 137      8D747086 
 137      C6ADFB07 
 137      D262
 138 0500 0C3BC885 		.ascii	"\014;\310\2053E\221<N0\250\021\014\306\010\206\030\301"
 138      3345913C 
 138      4E30A811 
 138      0CC60886 
 138      18C1
 139 0512 57E5A5F7 		.ascii	"W\345\245\367\222\311:=#\250:\370\350\357\351:\221\227"
 139      92C93A3D 
 139      23A83AF8 
 139      E8EFE93A 
 139      9197
 140 0524 244D138E 		.ascii	"$M\023\216mo\336\360-\2310\241\303,\241\257@\315heM"
 140      6D6FDEF0 
 140      2D9930A1 
 140      C32CA1AF 
 140      40CD6865 
 141 0539 E39624D5 		.ascii	"\343\226$\325\203\307\255s\007+\224\260\236b\340\245"
 141      83C7AD73 
 141      072B94B0 
 141      9E62E0A5 
 142 0549 E6C0CB98 		.ascii	"\346\300\313\230\003\212H\035(\335Y\362\015!\245\334"
 142      038A481D 
 142      28DD59F2 
 142      0D21A5DC 
 143 0559 81AEDA67 		.ascii	"\201\256\332g\017c9xVNJj\264\034\340\337\224\030\003"
 143      0F633978 
 143      564E4A6A 
 143      B41CE0DF 
 143      941803
 144 056c 76394321 		.ascii	"v9C!c8}\342@_\012\271\301\0316^/,O}\263L\351\241\377"
 144      63387DE2 
 144      405F0AB9 
 144      C119365E 
 144      2F2C4F7D 
 145 0585 7E5A3307 		.ascii	"~Z3\007{\302Jq\006;w!N\020\367\315\014Q\036\010\213"
 145      7BC24A71 
 145      063B7721 
 145      4E10F7CD 
 145      0C511E08 
 146 059a 6FE2BA2F 		.ascii	"o\342\272/\206\006K'\305\037UjS;\252\253D~T\261E\360"
 146      86064B27 
ARM GAS  /tmp/cchg77uy.s 			page 11


 146      C51F556A 
 146      533BAAAB 
 146      447E54B1 
 147 05b0 C0F93B97 		.ascii	"\300\371;\227\014\361\340\341Q\340\"\025L[C\336\302"
 147      0CF1E0E1 
 147      51E02215 
 147      4C5B43DE 
 147      C2
 148 05c1 05B6A04D 		.ascii	"\005\266\240Mg[\346w\375<+K\342?o@\312\267\271\244\200"
 148      675BE677 
 148      FD3C2B4B 
 148      E23F6F40 
 148      CAB7B9A4 
 149 05d6 DF4EDB2C 		.ascii	"\337N\333,\273q\321\007K\246\317\317\316\026LVk\201"
 149      BB71D107 
 149      4BA6CFCF 
 149      CE164C56 
 149      6B81
 150 05e8 D3137C2B 		.ascii	"\323\023|+\307\032,\002)\337\353\226%\233= [\\\266\245"
 150      C71A2C02 
 150      29DFEB96 
 150      259B3D20 
 150      5B5CB6A5 
 151 05fc D202AFBD 		.ascii	"\322\002\257\275\300-{\202\001i\261ls\277'-\264\273"
 151      C02D7B82 
 151      0169B16C 
 151      73BF272D 
 151      B4BB
 152 060e 9CBE806C 		.ascii	"\234\276\200l\225-\276\002\373\237r\244\305^\257+ -"
 152      952DBE02 
 152      FB9F72A4 
 152      C55EAF2B 
 152      202D
 153 0620 B7DB2D36 		.ascii	"\267\333-6\277\333\342\361zd\213l[\352\264\314\266\344"
 153      BFDBE2F1 
 153      7A648B6C 
 153      5BEAB4CC 
 153      B6E4
 154 0632 CCCA9E6D 		.ascii	"\314\312\236m\371\363/-n\333\037\275~i\324\254\344\364"
 154      F9F32F2D 
 154      6EDB1FBD 
 154      7E69D4AC 
 154      E4F4
 155 0644 D85D050E 		.ascii	"\330]\005\016Yr\333\354\371N\217,Y\035\3622[\201+h\015"
 155      5972DBEC 
 155      F94E8F2C 
 155      591DF232 
 155      5B812B68 
 156 0659 7EE29303 		.ascii	"~\342\223\003Y\371\2021\346\320\247\377W\177\002\237"
 156      59F98231 
 156      E6D0A7FF 
 156      577F029F 
 157 0669 04246B20 		.ascii	"\004$k \350@\343\350\004\361:\374z_\201\317\341O\362"
 157      E840E3E8 
 157      04F13AFC 
 157      7A5F81CF 
 157      E14FF2
ARM GAS  /tmp/cchg77uy.s 			page 12


 158 067c 067CB2EC 		.ascii	"\006|\262\354\360\033\274\324A\277\336\355u\310~\232"
 158      F01BBCD4 
 158      41BFDEED 
 158      75C87E9A 
 159 068c DEFCECC4 		.ascii	"\336\374\354\304\364\372\274~t\356w\213\337\177+G\312"
 159      F4FABC7E 
 159      74EE778B 
 159      DF7F2B47 
 159      CA
 160 069d CD5D202D 		.ascii	"\315] -\312{\367\303\277\344H>\233\313\352r9\2205#\020"
 160      CA7BF7C3 
 160      BFE4483E 
 160      9BCBEA72 
 160      39903523 
 161 06b2 746364CB 		.ascii	"tcd\313}N\2575 \007\013|\326\240!o\001\335/C\336|\336"
 161      7D4EAF35 
 161      20070B7C 
 161      D6A0216F 
 161      01DD2F43 
 162 06c9 BCCD9B79 		.ascii	"\274\315\233y\274y\2076\311y\363r\347{=\313\234\313"
 162      BC798736 
 162      C979F372 
 162      E77B3DCB 
 162      9CCB
 163 06db 93D0CABB 		.ascii	"\223\320\312\273\036g\360\027\023n\254`\010\004)\342"
 163      1E67F017 
 163      136EAC60 
 163      080429E2 
 164 06eb F544C448 		.ascii	"\365D\304H\2304\272\344\245^\233\337Aq\263\022ql\206"
 164      9834BAE4 
 164      A55E9BDF 
 164      4171B312 
 164      716C86
 165 06fe 0661FD60 		.ascii	"\006a\375`\311\374\334\205\037Zs\263\177\225\363\321"
 165      C9FCDC85 
 165      1F5A73B3 
 165      7F95F3D1 
 166 070e 423E8E4B 		.ascii	"B>\216K\015\001\266\356\215\011\371e\277\023\035\311"
 166      0D01B6EE 
 166      8D09F965 
 166      BF131DC9 
 167 071e 17D2AC6A 		.ascii	"\027\322\254j\334V'\342S\363\343\2241F\343\023\307\336"
 167      DC5627E2 
 167      53F3E394 
 167      3146E313 
 167      C7DE
 168 0730 B9D92B56 		.ascii	"\271\331+VH\371Z\336(U\254N\354,\025\377\005'\237\030"
 168      48F95ADE 
 168      2855AC4E 
 168      EC2C15FF 
 168      05279F18 
 169 0744 33       		.ascii	"3"
 170              		.text
 171              		.section	.gnu.lto_.symtab.6dacad1e61454323,"",%progbits
 172 0000 68616C49 		.ascii	"halInit\000"
 172      6E697400 
 173 0008 00       		.ascii	"\000"
ARM GAS  /tmp/cchg77uy.s 			page 13


 174 0009 00       		.ascii	"\000"
 175 000a 00       		.ascii	"\000"
 176 000b 00000000 		.ascii	"\000\000\000\000\000\000\000\000"
 176      00000000 
 177 0013 F6000000 		.ascii	"\366\000\000\000"
 178 0017 70616C5F 		.ascii	"pal_default_config\000"
 178      64656661 
 178      756C745F 
 178      636F6E66 
 178      696700
 179 002a 00       		.ascii	"\000"
 180 002b 02       		.ascii	"\002"
 181 002c 00       		.ascii	"\000"
 182 002d 00000000 		.ascii	"\000\000\000\000\000\000\000\000"
 182      00000000 
 183 0035 04010000 		.ascii	"\004\001\000\000"
 184 0039 7374496E 		.ascii	"stInit\000"
 184      697400
 185 0040 00       		.ascii	"\000"
 186 0041 02       		.ascii	"\002"
 187 0042 00       		.ascii	"\000"
 188 0043 00000000 		.ascii	"\000\000\000\000\000\000\000\000"
 188      00000000 
 189 004b F8000000 		.ascii	"\370\000\000\000"
 190 004f 626F6172 		.ascii	"boardInit\000"
 190      64496E69 
 190      7400
 191 0059 00       		.ascii	"\000"
 192 005a 02       		.ascii	"\002"
 193 005b 00       		.ascii	"\000"
 194 005c 00000000 		.ascii	"\000\000\000\000\000\000\000\000"
 194      00000000 
 195 0064 FA000000 		.ascii	"\372\000\000\000"
 196 0068 7364496E 		.ascii	"sdInit\000"
 196      697400
 197 006f 00       		.ascii	"\000"
 198 0070 02       		.ascii	"\002"
 199 0071 00       		.ascii	"\000"
 200 0072 00000000 		.ascii	"\000\000\000\000\000\000\000\000"
 200      00000000 
 201 007a FC000000 		.ascii	"\374\000\000\000"
 202 007e 5F70616C 		.ascii	"_pal_lld_init\000"
 202      5F6C6C64 
 202      5F696E69 
 202      7400
 203 008c 00       		.ascii	"\000"
 204 008d 02       		.ascii	"\002"
 205 008e 00       		.ascii	"\000"
 206 008f 00000000 		.ascii	"\000\000\000\000\000\000\000\000"
 206      00000000 
 207 0097 00010000 		.ascii	"\000\001\000\000"
 208 009b 68616C5F 		.ascii	"hal_lld_init\000"
 208      6C6C645F 
 208      696E6974 
 208      00
 209 00a8 00       		.ascii	"\000"
 210 00a9 02       		.ascii	"\002"
ARM GAS  /tmp/cchg77uy.s 			page 14


 211 00aa 00       		.ascii	"\000"
 212 00ab 00000000 		.ascii	"\000\000\000\000\000\000\000\000"
 212      00000000 
 213 00b3 02010000 		.ascii	"\002\001\000\000"
 214              		.text
 215              		.section	.gnu.lto_.opts,"",%progbits
 216 0000 272D666D 		.ascii	"'-fmath-errno' '-fsigned-zeros' '-ftrapping-math' '"
 216      6174682D 
 216      6572726E 
 216      6F272027 
 216      2D667369 
 217 0033 2D666E6F 		.ascii	"-fno-trapv' '-fno-openmp' '-fno-openacc' '-mcpu=cor"
 217      2D747261 
 217      70762720 
 217      272D666E 
 217      6F2D6F70 
 218 0066 7465782D 		.ascii	"tex-m4' '-mno-thumb-interwork' '-mthumb' '-O2' '-fo"
 218      6D342720 
 218      272D6D6E 
 218      6F2D7468 
 218      756D622D 
 219 0099 6D69742D 		.ascii	"mit-frame-pointer' '-falign-functions=16' '-ffuncti"
 219      6672616D 
 219      652D706F 
 219      696E7465 
 219      72272027 
 220 00cc 6F6E2D73 		.ascii	"on-sections' '-fdata-sections' '-fno-common' '-flto"
 220      65637469 
 220      6F6E7327 
 220      20272D66 
 220      64617461 
 221 00ff 2700     		.ascii	"'\000"
 222              		.text
 223              		.comm	__gnu_lto_v1,1,1
 224              		.comm	__gnu_lto_slim,1,1
 225              		.ident	"GCC: (GNU Tools for Arm Embedded Processors 7-2017-q4-major) 7.2.1 20170904 (release) [ARM
ARM GAS  /tmp/cchg77uy.s 			page 15


DEFINED SYMBOLS
                            *ABS*:0000000000000000 hal.c
                            *COM*:0000000000000001 __gnu_lto_v1
                            *COM*:0000000000000001 __gnu_lto_slim

NO UNDEFINED SYMBOLS
