ARM GAS  /tmp/ccvq2gvX.s 			page 1


   1              		.cpu cortex-m4
   2              		.eabi_attribute 20, 1
   3              		.eabi_attribute 21, 1
   4              		.eabi_attribute 23, 3
   5              		.eabi_attribute 24, 1
   6              		.eabi_attribute 25, 1
   7              		.eabi_attribute 26, 1
   8              		.eabi_attribute 30, 2
   9              		.eabi_attribute 34, 1
  10              		.eabi_attribute 18, 4
  11              		.file	"hal_lld.c"
  12              		.section	.gnu.lto_.profile.ef04f173277282b9,"",%progbits
  13 0000 789C6363 		.ascii	"x\234cc```\001bF\206\234\004\000\001\260\000\330"
  13      60606001 
  13      6246869C 
  13      040001B0 
  13      00D8
  14              		.text
  15              		.section	.gnu.lto_.icf.ef04f173277282b9,"",%progbits
  16 0000 789C6363 		.ascii	"x\234cc``\220b@\000\026\206\037[>5p0n\270}w\0257\323"
  16      60609062 
  16      40001686 
  16      1F5B3E35 
  16      70306EB8 
  17 0019 C79D0BF7 		.ascii	"\307\235\013\367\3601\257\376w\367*\017\003\000\257"
  17      F031AFFE 
  17      77F72A0F 
  17      0300AF
  18 0028 E70CEA   		.ascii	"\347\014\352"
  19              		.text
  20              		.section	.gnu.lto_.jmpfuncs.ef04f173277282b9,"",%progbits
  21 0000 789C6363 		.ascii	"x\234cc``\340a@\000f f\004b& \006\000\002\030\000\031"
  21      6060E061 
  21      40006620 
  21      66046226 
  21      20060002 
  22              		.text
  23              		.section	.gnu.lto_.inline.ef04f173277282b9,"",%progbits
  24 0000 789C6363 		.ascii	"x\234cc``pe@\000f\006\006N\016F\006&\236\007\261\014"
  24      60607065 
  24      40006606 
  24      064E0E46 
  24      06269E07 
  25 0016 6C0BE499 		.ascii	"l\013\344\231@b\214\014\2222@!\255\011'\230\020b\\@"
  25      40628C0C 
  25      92324021 
  25      AD092798 
  25      10625C40 
  26 002a 8289E108 		.ascii	"\202\211\341\010\303#F\240T\023\343\201e\322p9\006\000"
  26      C32346A0 
  26      5413E381 
  26      65D27039 
  26      0600
  27 003c 3EA80979 		.ascii	">\250\011y"
  28              		.text
  29              		.section	.gnu.lto_.pureconst.ef04f173277282b9,"",%progbits
  30 0000 789C6363 		.ascii	"x\234cc```\007bf\006)F)&)\000\001\275\000b"
ARM GAS  /tmp/ccvq2gvX.s 			page 2


  30      60606007 
  30      62660629 
  30      46292629 
  30      0001BD00 
  31              		.text
  32              		.section	.gnu.lto_hal_lld_init.part.0.ef04f173277282b9,"",%progbits
  33 0000 789C9D52 		.ascii	"x\234\235R=K\\A\024\2353w|\253\205J\272\024\376\001"
  33      3D4B5C41 
  33      149D3377 
  33      7CAB854A 
  33      BA14FE01 
  34 0014 0BF7F9D1 		.ascii	"\013\367\371\321J~\201\251b\037D\013\301\005%Z\330\355"
  34      4A7E81A9 
  34      621F440B 
  34      C105255A 
  34      D8ED
  35 0026 A8EBBA7E 		.ascii	"\250\353\272~@R\350\006d\325\355DAD\374\212\353\367"
  35      4052E806 
  35      64D5ED44 
  35      4144FC8A 
  35      EBF7
  36 0038 82888D82 		.ascii	"\202\210\215\202\244\013Xl\202\340J\304\306DPvs\357"
  36      A40B586C 
  36      82E04AC4 
  36      C6445076 
  36      73EF
  37 004a 1B916C27 		.ascii	"\033\221l'\016o\316\235w\357}\347\234\307\\O)\325\245"
  37      0E6FCE9D 
  37      77EF7DE7 
  37      9CC75C4F 
  37      29D5A5
  38 005d 956AE458 		.ascii	"\225j\344X\307\033e\012\346\313)\037\014t\0205H\342"
  38      C71B650A 
  38      E6CB291F 
  38      0C741035 
  38      48E2
  39 006f 40390172 		.ascii	"@9\001r\260\345PQ\243\011QL\320$!;r\271\245k\347-\257"
  39      B0E55051 
  39      A309514C 
  39      D024213B 
  39      72B9A56B 
  40 0086 83AFC950 		.ascii	"\203\257\311P\334\016\277M\221RI\336\262\260\212Z\305"
  40      DC0EBF4D 
  40      915249DE 
  40      B2B08A5A 
  40      C5
  41 0097 6DB995C2 		.ascii	"m\271\225\302T\245g$\2175xO\300\015\313\347e\326\026"
  41      54A56724 
  41      8F35784F 
  41      C00DCBE7 
  41      65D616
  42 00aa 8A23D64E 		.ascii	"\212#\326N\277{\303\334)\202\026 \001#\240T\202\311"
  42      BF7BC3DC 
  42      29821620 
  42      0123A054 
  42      82C9
  43 00bc 443B4146 		.ascii	"D;AF\"\215\222\016b\036\331\314U\241\371\231>\026\270"
ARM GAS  /tmp/ccvq2gvX.s 			page 3


  43      228D920E 
  43      621ED9CC 
  43      55A1F999 
  43      3E16B8
  44 00cf F833E3E8 		.ascii	"\3703\343\350\223\374\351\177\312X\207\207\015Qe\230"
  44      93FCE97F 
  44      CA588787 
  44      0D516598 
  45 00df 26702939 		.ascii	"&p)9\234=\013\215S\212t\320\031\2339\272\254p\257\366"
  45      9C3D0B8D 
  45      538A74D0 
  45      199B39BA 
  45      AC70AFF6 
  46 00f3 36610DA7 		.ascii	"6a\015\247~l\347.\2744f\221\"\3027\324`\0235Jz\257\177"
  46      7E6CE72E 
  46      BC346691 
  46      22C237D4 
  46      6013354A 
  47 010a 9DEC56F9 		.ascii	"\235\354V\371K6\306\025\203-\2441\305&EC!\003_\3451"
  47      4B36C615 
  47      832DA431 
  47      C5264543 
  47      21035FE5 
  48 011f 741FFF7D 		.ascii	"t\037\377}\026rb\332\351\345\346\036\027\003\001\200"
  48      167262DA 
  48      E9E5E61E 
  48      17030180 
  49 012f 8D1A6C33 		.ascii	"\215\032l3\031\377\303\3671H\333\313\345vJ\344v\341"
  49      19FFC3F7 
  49      3148DBCB 
  49      E5764AE4 
  49      76E1
  50 0141 B3821065 		.ascii	"\263\202\020e\026\242N\217^\316\265W\302\265\357\254"
  50      16A24E8F 
  50      5ECEB557 
  50      C2B5EFAC 
  51 0151 3FC6E188 		.ascii	"?\306\341\210\214\343\372\233?\276\253t\306\213\305"
  51      8CE3FA9B 
  51      3FBEAB74 
  51      C68BC5
  52 0160 E243350E 		.ascii	"\342C5\016^\351\374\260D-+\316\015\017\301(Qp\2417\030"
  52      5EE9FCB0 
  52      442D2BCE 
  52      0D0FC128 
  52      5170A137 
  53 0175 4CFFFC8C 		.ascii	"L\377\374\214`8d%\370\0129\317\003Z\037\016\373\356"
  53      60386425 
  53      F80A39CF 
  53      035A1F0E 
  53      FBEE
  54 0187 E9EEF53B 		.ascii	"\351\356\365;\333\"~O\367\247\276^\377C\353\373\246"
  54      DB227E4F 
  54      F7A7BE5E 
  54      FF43EBFB 
  54      A6
  55 0198 46872D0D 		.ascii	"F\207-\015\375\375R\371\030\211t\204\333\325?\035\027"
  55      FDFD52F9 
ARM GAS  /tmp/ccvq2gvX.s 			page 4


  55      18897484 
  55      DBD53F1D 
  55      17
  56 01a9 D351     		.ascii	"\323Q"
  57              		.text
  58              		.section	.gnu.lto_hal_lld_init.ef04f173277282b9,"",%progbits
  59 0000 789CA554 		.ascii	"x\234\245TKO\324P\024\276\247\267\323)\004\206\204G"
  59      4B4FD450 
  59      14BEA7B7 
  59      D3290486 
  59      8447
  60 0012 74C1C2C4 		.ascii	"t\301\302\304\025,\250\202\361/\270\321\225\356\215"
  60      152CA882 
  60      F12FB8D1 
  60      95EE8D
  61 0021 C1850B12 		.ascii	"\301\205\013\022\214\270`a2\035\030^>\242&2\240)\006"
  61      8CB86061 
  61      321D185E 
  61      3EA22632 
  61      A02906
  62 0034 E3428911 		.ascii	"\343B\211\021\242\342c\006\201a\020\004EP@DG\300\240"
  62      A2E26306 
  62      81611004 
  62      45504044 
  62      47C0A0
  63 0047 E28BF888 		.ascii	"\342\213\370\210\306\200q\030\317\271\267\320\221\215"
  63      C6807118 
  63      CFB9B7D0 
  63      918D
  64 0055 0E34ED69 		.ascii	"\0164\355i{{\362}\337\371\316\355\321\030c\265\032c"
  64      7B7BF27D 
  64      DFF9CEED 
  64      D11863B5 
  64      1A63
  65 0067 85782FC2 		.ascii	"\205x/\302\013\\\014\224S\303\214\371tE\341\215\371"
  65      0B5C0C94 
  65      53C38CF9 
  65      7445E18D 
  65      F9
  66 0078 CC4C5517 		.ascii	"\314LU\027633\215\203J\313\240\002\320\335\324\201y"
  66      3633338D 
  66      834ACBA0 
  66      02D0DDD4 
  66      8179
  67 008a 15AE8217 		.ascii	"\025\256\202\027\216\3633\034\"5sA%\357\222\211G\270"
  67      8EF3331C 
  67      22357341 
  67      25EF9289 
  67      47B8
  68 009c 21E0AE36 		.ascii	"!\340\2566\2536Z\234\261\000^t\300\015\310c\2306{m\251"
  68      AB365A9C 
  68      B1005E74 
  68      C00DC863 
  68      98367B6D 
  69 00b1 3E5D53E5 		.ascii	">]S\345:\264\203\306\000\037\332F]as)^c\206\207.\302"
  69      3AB483C6 
  69      001FDA46 
ARM GAS  /tmp/ccvq2gvX.s 			page 5


  69      5D617329 
  69      5E638687 
  70 00c7 B71D1B14 		.ascii	"\267\035\033\024f!\035\005\027\005\215\202\233\202N"
  70      66211D05 
  70      17058D82 
  70      9B824E
  71 00d6 C1432193 		.ascii	"\301C!\223B\026\205l\0129\024\260\022\204Euf\230\325"
  71      4216856C 
  71      0A3914B0 
  71      12844575 
  71      6698D5
  72 00e9 71859E2A 		.ascii	"q\205\236*\303\354#DB\037\206\213\211\354\034WPC\240"
  72      C3EC2344 
  72      421F868B 
  72      89EC1C57 
  72      5043A0
  73 00fc 2A32E23E 		.ascii	"*2\342>\306-\256\000I\3627\365\315\245\310W\363k\255"
  73      C62DAE00 
  73      49F237F5 
  73      CDA5C857 
  73      F36BAD
  74 010f A9E252B4 		.ascii	"\251\342R\264cvZk\206\363>\254f\223\3059\334\202\\\270"
  74      63765A6B 
  74      86F33EAC 
  74      6693C539 
  74      DC825CB8 
  75 0123 09B98CF2 		.ascii	"\011\271\214\362?\275\031\354\364\030WM?XX\376mh\206"
  75      3FBD19EC 
  75      F418574D 
  75      3F5858FE 
  75      6D6886
  76 0136 7A5124DC 		.ascii	"zQ$\334\001\003\311*\027\252Ar\251\222\256\242\353]"
  76      0103C92A 
  76      17AA4172 
  76      A992AEA2 
  76      EB5D
  77 0148 50277C80 		.ascii	"P'|\200x<\026\317\200 \002\241\250\361\243\"/9\272\220"
  77      783C16CF 
  77      802002A1 
  77      A8F1A322 
  77      2F39BA90 
  78 015c 43D70106 		.ascii	"C\327\001\006r\020\322\017=) \037}S\341\256\003\325"
  78      7210D20F 
  78      3D29201F 
  78      7D53E1AE 
  78      03D5
  79 016e 0946A22F 		.ascii	"\011F\242/*0\350\222\"C-#\\V\343JNh\267@\247\346Bx\225"
  79      2A30E892 
  79      22432D23 
  79      5C56E34A 
  79      4E68B740 
  80 0187 2F36D889 		.ascii	"/6\330\211\330L\017_\366%\036\367@\317:|\2118t\275\344"
  80      D84C0F5F 
  80      F6251EF7 
  80      40CF3A7C 
  80      893874BD 
  81 019c 8BB6765F 		.ascii	"\213\266v_\3569P}`8FL\332Fx\222S\326/\340\024\202\273"
ARM GAS  /tmp/ccvq2gvX.s 			page 6


  81      EE39507D 
  81      6038464C 
  81      DA467892 
  81      53D62FE0 
  82 01b3 2F8C4856 		.ascii	"/\214HV\226@\031pP\006E\263\246\006Z\256$\270\227\001"
  82      96401970 
  82      500645B3 
  82      A6065AAE 
  82      24B89701 
  83 01c7 0FA4CEB5 		.ascii	"\017\244\316\265\325\374\320\201\037J\2549j\327\354"
  83      D5FCD081 
  83      1F4AAC39 
  83      6AD7EC
  84 01d6 4E4EED23 		.ascii	"NN\355#\001'~\361\341U\315\327%X\177\350\327\3674)\237"
  84      01277EF1 
  84      E155CDD7 
  84      25587FE8 
  84      D7F73429 
  85 01eb 4606C0C8 		.ascii	"F\006\300\310:\232\377\330\241{B\315\327\345?\277\270"
  85      3A9AFFD8 
  85      A17B42CD 
  85      D7E53FBF 
  85      B8
  86 01fc 7D65E0F8 		.ascii	"}e\340\370\305\\\372\331\244\211\231\023\340\2208\213"
  86      C55CFAD9 
  86      A4899913 
  86      E090388B 
  87 020c 60143418 		.ascii	"`\0244\030\243Q4F\0123\023\177\005\227\310\274\020\363"
  87      A3513446 
  87      0A33137F 
  87      0597C8BC 
  87      10F3
  88 021e B7A6C857 		.ascii	"\267\246\310W\363\225O\214\210\313=!3\005\345\241\000"
  88      F3954F8C 
  88      88CB3D21 
  88      3305E5A1 
  88      00
  89 022f 0D9EA2B4 		.ascii	"\015\236\242\264q[ZgC{\015\254H\233\020\322$\007\203"
  89      715B5A67 
  89      437B0DAC 
  89      489B10D2 
  89      240783
  90 0242 67CB6634 		.ascii	"g\313f4}\321$Y\226\344k}\337m\245\332v(0\351x1&\274"
  90      7DD12459 
  90      96E46B7D 
  90      DF6DA5DA 
  90      762830E9 
  91 025a F84FB2E7 		.ascii	"\370O\262\347\177\221\275 +\262d\037\217H\266\354\004"
  91      7F91BD20 
  91      2BB2641F 
  91      8F48B6EC 
  91      04
  92 026b 5FE15F7B 		.ascii	"_\341_{\"*\320\\6\332K)\375w\365Y\227\304\312\221p\247"
  92      222AD05C 
  92      36DA4B29 
  92      FD77F559 
  92      97C4CA91 
ARM GAS  /tmp/ccvq2gvX.s 			page 7


  93 0281 AF075B60 		.ascii	"\257\007[`\271\221i0\205`o\301\037\355\335fgaJ\333|"
  93      B9916930 
  93      85606FC1 
  93      1FEDDD66 
  93      67614ADB 
  94 0296 70315DA6 		.ascii	"p1]\2460\230&6<\352\260_\215\3718\236\347A\3541R\020"
  94      30982636 
  94      3CEAB05F 
  94      8DF9389E 
  94      E741EC31 
  95 02ac 0CCE47DD 		.ascii	"\014\316G\335\336\230\251[\334\035\240\335\0103\340"
  95      DE98A95B 
  95      DC1DA0DD 
  95      0833E0
  96 02bb C5C1AE8B 		.ascii	"\305\301\256\213|\325\236\347\237\241\242\371\365I\261"
  96      7CD59EE7 
  96      9FA1A2F9 
  96      F549B1
  97 02ca 4D04522D 		.ascii	"M\004R-v\023\277`\372\226\202\002C\236\245e\306\201"
  97      7613BF60 
  97      FA968202 
  97      439EA565 
  97      C681
  98 02dc 7D25C6C1 		.ascii	"}%\306\301\322C\207\313\214\335{v\025\025\312\270sk"
  98      D24387CB 
  98      8CDD7B76 
  98      1515CAB8 
  98      736B
  99 02ee 79397DD9 		.ascii	"y9}\331[R\262\277\240\230\375\0013\213(A"
  99      5B52B2BF 
  99      A098FD01 
  99      338B2841 
 100              		.text
 101              		.section	.gnu.lto_stm32_clock_init.ef04f173277282b9,"",%progbits
 102 0000 789CA557 		.ascii	"x\234\245WIs\023G\024\356\3273\222F\273dY\2261\233\341"
 102      49731347 
 102      14EED733 
 102      9246BB64 
 102      5996319B 
 103 0015 C60525A4 		.ascii	"\306\005%\244\362\003t\317rH\356\251,U\311\201*R!\007"
 103      F20374CF 
 103      7248EEA9 
 103      2C55C981 
 103      2A522107 
 104 0029 6E8CB1E5 		.ascii	"n\214\261\345\005H )\300\024\261)\247R\025H*\030\022"
 104      05482029 
 104      C014B129 
 104      A7521548 
 104      2A1812
 105 003c 9CC50683 		.ascii	"\234\305\006\203l0\216\301\201`\310\302f\210\301\306"
 105      6C308EC1 
 105      8160C8C2 
 105      6688C1C6 
 106 004c 665F8331 		.ascii	"f_\2031\213\322\257_\217f\020\251\220\261\\\256O\255"
 106      8BD2AF5F 
 106      8F6610A9 
 106      90B15CAE 
ARM GAS  /tmp/ccvq2gvX.s 			page 8


 106      4FAD
 107 005e 7EADEF7D 		.ascii	"~\255\357}\357\353\247\236\226\2271v9\312\330\"\361"
 107      EFEBA79E 
 107      96973176 
 107      39CAD822 
 107      F1
 108 006f FA2A3006 		.ascii	"\372*0\006\225\014\370\332\303\214\325\030\0344\032"
 108      950CF8DA 
 108      C38CD518 
 108      1C341A
 109 007e 683CD5D1 		.ascii	"h<\325\321\313\230\031\320O\007\231\031J\321|F\007\017"
 109      CB9819D0 
 109      4F079919 
 109      4AD17C46 
 109      070F
 110 0090 C53DBC82 		.ascii	"\305=\274\202\342^\031\257\240\371\214\027|\024\367"
 110      E25E19AF 
 110      A0F98C17 
 110      7C14F7
 111 009f F124C50D 		.ascii	"\361$\305\015\031O\322|\306\000?\305\375\274\234\342"
 111      194FD27C 
 111      C6003FC5 
 111      FDBC9CE2 
 112 00af 01192FA7 		.ascii	"\001\031/\247\371L\000\202\024\017\362\004\305C2\236"
 112      F94C0082 
 112      140FF204 
 112      C543329E 
 113 00bf A0F94C08 		.ascii	"\240\371L\010\302\024\017\3632\212Gd\274\214\3463\021"
 113      C2140FF3 
 113      328A4764 
 113      BC8CE633 
 113      11
 114 00d0 88523CCA 		.ascii	"\210R<\312\343\024\217\311x\234\34631\000|5\015`\313"
 114      E3148FC9 
 114      789CE633 
 114      31007C35 
 114      0D60CB
 115 00e3 B996D23D 		.ascii	"\271\226\322=\025^_\322\360\227\007\202\211P\270,\022"
 115      155E5FD2 
 115      F0970782 
 115      8950B82C 
 115      12
 116 00f4 8DC760B9 		.ascii	"\215\307`\271\2411\365\347\261\006>k\340\267\006Ak\020"
 116      A131F5E7 
 116      B1063E6B 
 116      E0B70641 
 116      6B10
 117 0106 B606516B 		.ascii	"\266\006Qk\260Z[\247Ao\303X'_\260\305\024\177\271\346"
 117      B05A5BA7 
 117      416FC358 
 117      275FB0C5 
 117      147FB9E6 
 118 011a 8D817A33 		.ascii	"\215\201z3[\331\"x7(n\330\011\013\230X6\362\355\343"
 118      5BD92278 
 118      37286ED8 
 118      090B9858 
 118      36F2EDE3 
ARM GAS  /tmp/ccvq2gvX.s 			page 9


 119 012e F561AF4E 		.ascii	"\365a\257N\363\320\001^&\366\203m\037\362\344\314\307"
 119      F3D0015E 
 119      26F6836D 
 119      1FF2E4CC 
 119      C7
 120 013f F9063377 		.ascii	"\371\0063w\345\013\310\277\362\"\260\026\0158\202\206"
 120      E50BC8BF 
 120      F222B016 
 120      0D388286 
 121 014f A0237810 		.ascii	"\240#x\020\274\010>\004\003\301\217\020@\010\"\204\020"
 121      BC083E04 
 121      03C18F10 
 121      40082284 
 121      10
 122 0160 C2081184 		.ascii	"\302\010\021\204(B\014!\216P\206\220@(GH\"T \244\020"
 122      28420C21 
 122      8E508690 
 122      40284748 
 122      225420A4 
 123 0175 2A116620 		.ascii	"*\021f T!\314D\230\2050\033a\016\302\\\204j\204y\010"
 123      5421CC44 
 123      9885301B 
 123      610EC25C 
 123      846A8479 
 124 018a F311186B 		.ascii	"\363\021\030k\024\225\234\016\2329\326\244q1\250\315"
 124      14959C0E 
 124      9A39D6A4 
 124      7131A8CD 
 125 019a B14BD07B 		.ascii	"\261K\320{g|c6\200\345\211\2227d{\217\370Vi-\032\007"
 125      677C6336 
 125      80E58992 
 125      37647B8F 
 125      F856692D 
 126 01b0 74A0AEB5 		.ascii	"t\240\256\265o\314Oo\315\033\215\246.\246N\355\032\031"
 126      6FCC4F6F 
 126      CD1B8DA6 
 126      2EA64EED 
 126      1A19
 127 01c2 F6B6C1E6 		.ascii	"\366\266\301\346\032a^[U\213\246\301\0170\013\276\027"
 127      1A615E5B 
 127      558BA6C1 
 127      0F300BBE 
 127      17
 128 01d3 F9F10397 		.ascii	"\371\361\003\227/\014tG\322\333\314\272\032\263\272"
 128      2F0C7447 
 128      D2DBCCBA 
 128      1AB3BA
 129 01e2 45D3E147 		.ascii	"E\323\341Gh\203\365\322V\370\011\322b\301\201\256\251"
 129      6883F5D2 
 129      56F809D2 
 129      62C181AE 
 129      A9
 130 01f3 DB216404 		.ascii	"\333!d\004@\373\001:\361\223B\217\306\304\336\223\240"
 130      40FB013A 
 130      F193428F 
 130      C6C4DE93 
 130      A0
ARM GAS  /tmp/ccvq2gvX.s 			page 10


 131 0204 AE89CFFA 		.ascii	"\256\211\317\372|(h\223\006NM\036\251\351\363Gu\355"
 131      7C286893 
 131      064E4D1E 
 131      A9E9F347 
 131      75ED
 132 0216 7E7A6B9E 		.ascii	"~zk\236\253\221\232\266\366t\231~\245I\244\365\302."
 132      AB919AB6 
 132      F674997E 
 132      A549A4F5 
 132      C22E
 133 0228 21A94B49 		.ascii	"!\251KI\352n\356h\000\207\244\335R\022\356$tCZ\344\253"
 133      EA6EEE68 
 133      0087A4DD 
 133      5212EE24 
 133      74435AE4 
 134 023d 7D583FE0 		.ascii	"}X?\340\241t\2342\016\335\030l\015\222\310\030\354\021"
 134      A1749C32 
 134      0EDD186C 
 134      0D92C818 
 134      EC11
 135 024f 3CA35077 		.ascii	"<\243Pwj\337 \250Eb\305\366+\235\367\303\264\202\301"
 135      6ADF20A8 
 135      4562C5F6 
 135      2B9DF7C3 
 135      B482C1
 136 0262 5E5902BA 		.ascii	"^Y\002\272\233b\242\257\241I\323\035\346\266\216z\225"
 136      9B62A2AF 
 136      A149D31D 
 136      E6B68E7A 
 136      95
 137 0273 B94E9968 		.ascii	"\271N\231h\335\177\353\314I\235\034u\366H\353v\234\031"
 137      DD7FEBCC 
 137      499D1C75 
 137      F648EB76 
 137      9C19
 138 0285 BCEEC59C 		.ascii	"\274\356\305\234:\2301\350U\276y\234\276m\266|\323\334"
 138      3A9831E8 
 138      55BE799C 
 138      BE6DB67C 
 138      D3DC
 139 0297 BAB2CF76 		.ascii	"\272\262\317ve\177\261+\272\340{\332\006\335Qw\205\252"
 139      657FB12B 
 139      BAE07BDA 
 139      06DD5177 
 139      85AA
 140 02a9 DBEBA8FB 		.ascii	"\333\353\250\373\033\322\342\272e\372\244\022\371\225"
 140      1BD2E2BA 
 140      65FAA412 
 140      F995
 141 02b7 3B20EB2E 		.ascii	"; \353.\354\277.\274\356\027\237\222\245n\313\006I\207"
 141      ECBF2EBC 
 141      EE179F92 
 141      A56ECB06 
 141      4987
 142 02c9 A72843F5 		.ascii	"\247(C\365\263\022\374,\023\350\230`\240P\252\362M\361"
 142      B312FC2C 
 142      13E89860 
ARM GAS  /tmp/ccvq2gvX.s 			page 11


 142      A050AAF2 
 142      4DF1
 143 02db 99F9E1FD 		.ascii	"\231\371\341\375\001\332\336\374\336\207\371(\034\224"
 143      01DADEFC 
 143      DE87F928 
 143      1C94
 144 02e9 696B27EB 		.ascii	"ik'\353\007\302\264\320'\326\212\205\023w\307\276\216"
 144      07C2B4D0 
 144      27D68A85 
 144      1377C7BE 
 144      8E
 145 02fa A876CE71 		.ascii	"\250v\316q8D\352\216\257\234\320\246U\373\240-\355\027"
 145      3844EA8E 
 145      AF9CD0A6 
 145      55FBA02D 
 145      ED17
 146 030c 488B2C64 		.ascii	"H\213,de\3734\255<,\351\360\240\204#\322\312\366\361"
 146      65FB34AD 
 146      3C2CE9F0 
 146      A08423D2 
 146      CAF6F1
 147 031f BD2DAA2E 		.ascii	"\275-\252.\223\303\257\252\205|\316\026\332n\265\220"
 147      93C3AFAA 
 147      857CCE16 
 147      DA6EB590 
 148 032f E1D6D7A3 		.ascii	"\341\326\327\243v\266!\313\327N\325B~\342k\276z\277"
 148      76B621CB 
 148      D74ED542 
 148      7EE26BBE 
 148      7ABF
 149 0341 4AA5D7E1 		.ascii	"J\245\327\341\030u\324\311BG\371\035\035\225T\035e\024"
 149      1875D4C9 
 149      4247F91D 
 149      1D95541D 
 149      6514
 150 0353 3AAA6B62 		.ascii	":\252kb7}\2236i\201\377-\015P\330q[\330o$l\262^\245"
 150      377D9336 
 150      6981FF2D 
 150      0D50D871 
 150      5BD86F24 
 151 036b 0C1259C7 		.ascii	"\014\022Y\307\376\376z\203\204\001\374nm\"\374\213\351"
 151      FEFE7A83 
 151      8401FC6E 
 151      6D22FC8B 
 151      E9
 152 037c CF48F587 		.ascii	"\317H\365\207\235\352O\334\300\2404\330\3574\270\333"
 152      9DEA4FDC 
 152      C0A034D8 
 152      EF34B8DB 
 153 038c 3238E4D6 		.ascii	"28\344\326\340\0236\371\311b\203\303\304\327\227\277"
 153      E01336F9 
 153      C96283C3 
 153      C4D797BF 
 154 039c 978B5221 		.ascii	"\227\213R!\034N\025\033\034v\030\\\256\014\0168\014"
 154      1C4E151B 
 154      1C76185C 
 154      AE0C0E38 
ARM GAS  /tmp/ccvq2gvX.s 			page 12


 154      0C
 155 03ad 1ECE2A69 		.ascii	"\036\316*i\021wU\237\226\302\274(\354L\221\301QAV\222"
 155      1177559F 
 155      96C2BC28 
 155      EC4C91C1 
 155      51415692 
 156 03c1 A3C336F7 		.ascii	"\243\3036\367Yt4*\035\015:\035=k9\032s\353\3509\233"
 156      5974342A 
 156      1D0D3A1D 
 156      3D6B391A 
 156      73EBE839 
 157 03d6 FCAFE253 		.ascii	"\374\257\342S/.\370\236\2660\356\2600\241,\0149,l\334"
 157      2F2EF89E 
 157      B630EEB0 
 157      30A12C0C 
 157      392C6CDC 
 158 03ea A2B494B9 		.ascii	"\242\264\224\271+s\304>\365\316\027Y\230 \262\221\354"
 158      2B73C43E 
 158      F5CE1759 
 158      9820B291 
 158      EC
 159 03fb CD63DC7A 		.ascii	"\315c\334zr\266\351p\241\004SG\355lchjB\212\377\252"
 159      72B6E970 
 159      A1045347 
 159      ED6C6368 
 159      6A428AFF 
 160 0410 49692F77 		.ascii	"Ii/w\307v\321\356\313\361\"\355I\";::u\304_x\352\033"
 160      C776D1EE 
 160      CBF122ED 
 160      49223B3A 
 160      3A75C45F 
 161 0427 305182F6 		.ascii	"0Q\202\366Kv\266\313\250=)\033\"\354l\210\225\027U!"
 161      4B76B6CB 
 161      A83D291B 
 161      22EC6C88 
 161      95175521 
 162 043b 156E1BE2 		.ascii	"\025n\033\342\212M~\265\270!R\304w(\277\372\272\247"
 162      8A4D7EB5 
 162      B82152C4 
 162      7728BFFA 
 162      BAA7
 163 044d 504B0CAE 		.ascii	"PK\014\256\025\267H\312\321\"e\252E\"\216\026Yc\265"
 163      15B748CA 
 163      D12265AA 
 163      45228E16 
 163      5963B5
 164 0460 48A5BBC2 		.ascii	"H\245\273\302\257\333\332nHm\323\363\357\246Ms\013\375"
 164      AFDBDA6E 
 164      486DD3F3 
 164      EFA64D73 
 164      0BFD
 165 0472 ABA4BDDF 		.ascii	"\253\244\275\337\250D\315p\307v\333\356\244;%\210\272"
 165      A844CD70 
 165      C776DBEE 
 165      A43B2588 
 165      BA
 166 0483 6BD3FC8D 		.ascii	"k\323\374\215\242f\220\250MJT\225;\266{\366\327z\262"
ARM GAS  /tmp/ccvq2gvX.s 			page 13


 166      A26690A8 
 166      4D4A5495 
 166      3BB67BF6 
 166      D77AB2
 167 0496 0451F76D 		.ascii	"\004Q\367m\232)\024UEO\343\315\375\326\323\270p3\361"
 167      9A291455 
 167      454FE3CD 
 167      FDD6D3B8 
 167      7033F1
 168 04a9 C99BE9F8 		.ascii	"\311\233\351\370\216\376\2510\2755'\351\266<\364\345"
 168      8EFEA930 
 168      BD3527E9 
 168      B63CF4E5 
 169 04b9 D61EC37A 		.ascii	"\326\036\303z^\277%.\341\006<\024\371\036\250|\371\363"
 169      5EBF252E 
 169      E1063C14 
 169      F91EA87C 
 169      F9F3
 170 04cb 533B9DB7 		.ascii	"S;\235\267\260G2#\376\240\201\307\362\201\335s\356\273"
 170      B0473223 
 170      FEA081C7 
 170      F281DD73 
 170      EEBB
 171 04dd 9B41BAFB 		.ascii	"\233A\272\373\350\220\247o\315\235\361\257\012\012\\"
 171      E890A76F 
 171      CD9DF1AF 
 171      0A0A5C
 172 04ec F29BBCC0 		.ascii	"\362\233\274\300_\303\221\177\340`\363\326\020\361\373"
 172      5FC3917F 
 172      E060F3D6 
 172      10F1FB
 173 04fb 60055777 		.ascii	"`\005Ww\253v\253Cg\2723\254\226\027v\261\216?y\020\314"
 173      AB76AB43 
 173      67BA33AC 
 173      961776B1 
 173      8E3F7910 
 174 0510 22B2DE5B 		.ascii	"\"\262\336[;\266\250\353\277\006Y>\375S\240\336N\325"
 174      3BB6A8EB 
 174      BF06593E 
 174      FD53A0DE 
 174      4ED5
 175 0522 C0C5DED0 		.ascii	"\300\305\336\320M&\372\304M\246_U1\333\355)\320h\223"
 175      4D26FAC4 
 175      4DA65F55 
 175      31DBED29 
 175      D06893
 176 0535 3771750A 		.ascii	"7qu\012\234P\247\300\034\342{0\276\356\004P!!X\311\213"
 176      9C50A7C0 
 176      1CE27B30 
 176      BEEE0450 
 176      212158C9 
 177 054a EEC673E4 		.ascii	"\356\306s\344\024\035\001qu\004\304\034G\300\236wi\335"
 177      141D0171 
 177      7504C41C 
 177      47C09E77 
 177      69DD
 178 055c 5C7745AF 		.ascii	"\\wE\257\222\272\014\324\265\272\310\337jAV\322s\366"
ARM GAS  /tmp/ccvq2gvX.s 			page 14


 178      92BA0CD4 
 178      B5BAC8DF 
 178      6A4156D2 
 178      73F6
 179 056e 239BFB63 		.ascii	"#\233\373c4\264Z*\365\023\373<w\\k$\027\376\034\207"
 179      34B45A2A 
 179      F513FB3C 
 179      775C6B24 
 179      17FE1C87 
 180 0582 B5453AE7 		.ascii	"\265E:\347\013\262\222t~bs\177\212:\347\263k\260\242"
 180      0BB29274 
 180      7E62737F 
 180      8A3AE7B3 
 180      6BB0A2
 181 0595 2DDF2AA9 		.ascii	"-\337*\251\224\345 \254\026?\234\236[\2700M\377K\226"
 181      94E520AC 
 181      163F9C9E 
 181      5BB8304D 
 181      FF4B96
 182 05a8 A6DF7B73 		.ascii	"\246\337{sq\372\375%\037|\2704\375\332\353/\277\260"
 182      71FAFD25 
 182      1F7CB834 
 182      FDDAEB2F 
 182      BFB0
 183 05ba 88F0A5E7 		.ascii	"\210\360\245\347\227-\303\310\033\213\027\277\263\360"
 183      972DC3C8 
 183      1B8B17BF 
 183      B3F0
 184 05c8 6DF60F64 		.ascii	"m\366\017dKM<"
 184      4B4D3C
 185              		.text
 186              		.section	.gnu.lto_.symbol_nodes.ef04f173277282b9,"",%progbits
 187 0000 789C6363 		.ascii	"x\234cc``\360\006b\006\246\013\214\365\014\014\023\316"
 187      6060F006 
 187      6206A60B 
 187      8CF50C0C 
 187      13CE
 188 0012 3130D433 		.ascii	"10\32430\356l9\330\340\000\024;\307X\317\010\025c\330"
 188      30EE6C39 
 188      D8E00014 
 188      3BC758CF 
 188      081563D8 
 189 0026 D5E00814 		.ascii	"\325\340\010\0249\317X\317\204\"\302z\206\221\241Q\011"
 189      39CF58CF 
 189      8422C27A 
 189      8691A151 
 189      09
 190 0037 68003323 		.ascii	"h\0003#\003\303\242\356{\022\014\000\021~\0230"
 190      03C3A2EE 
 190      7B120C00 
 190      117E1330 
 191              		.text
 192              		.section	.gnu.lto_.refs.ef04f173277282b9,"",%progbits
 193 0000 789C6363 		.ascii	"x\234cc```\004b\006\000\000D\000\010"
 193      60606004 
 193      62060000 
 193      440008
ARM GAS  /tmp/ccvq2gvX.s 			page 15


 194              		.text
 195              		.section	.gnu.lto_.decls.ef04f173277282b9,"",%progbits
 196 0000 789CBD57 		.ascii	"x\234\275WoPT\327\025\177\347\335e\201\005\201\201\216"
 196      6F5054D7 
 196      157FE7DD 
 196      65810581 
 196      818E
 197 0012 E374FCE0 		.ascii	"\343t\374\340\330u\244\235\302\012v&\371\324\211\256"
 197      D875A49D 
 197      C20A7626 
 197      F9D489AE 
 198 0022 449D9884 		.ascii	"D\235\230\204YH3\371\264\256\353&R\201\245\3562\325"
 198      594833F9 
 198      B4AEEB26 
 198      5281A5EE 
 198      32D5
 199 0034 69D3790A 		.ascii	"i\323y\012\022EQT\024\021\005DB@\211b\0224\010QD!\212"
 199      12455154 
 199      14110544 
 199      42408962 
 199      12340851 
 200 004b A2481204 		.ascii	"\242H\022\004\\\024\025\360?Q\374\013\210\364\334{\337"
 200      5C1415F0 
 200      3F51FC0B 
 200      88F4DC7B 
 200      DF
 201 005c F21ECBDA 		.ascii	"\362\036\313\332\246\323N\337\370\333\373\316\275\277"
 201      A6D34EDF 
 201      F8DBFBCE 
 201      BDBF
 202 006a 7BCEB9E7 		.ascii	"{\316\271\347\234w\017j\005A\020C\004\241]\024\204E"
 202      9C770F6A 
 202      05411043 
 202      04A15D14 
 202      8445
 203 007c 2008A3F8 		.ascii	" \010\243\370hp\356\244\240<\004Q\2038\216\250C Mh\026"
 203      6870EEA4 
 203      A03C0451 
 203      83388EA8 
 203      43204D68 
 204 0091 C63F7FC5 		.ascii	"\306?\177\305I\037\034\027#f\"^ \236!Zd~?\265#\353\031"
 204      491F1C17 
 204      2366225E 
 204      209E215A 
 204      647E3FB5 
 205 00a8 12263E9F 		.ascii	"\022&>\237\"\311\3775\373\011\256\001B\2038\206\262"
 205      22C9FF35 
 205      FB09AE01 
 205      42833886 
 205      B2
 206 00b9 16F10471 		.ascii	"\026\361\004q\007q\037q\033\361R\266Ad?\207d[\236\317"
 206      07711F71 
 206      1BF152B6 
 206      41643F87 
 206      645B9ECF 
 207 00cd EA5F60E7 		.ascii	"\352_`\347w\210\337\"t\262\356QY\377#\304c\304]\331"
 207      7788DF22 
ARM GAS  /tmp/ccvq2gvX.s 			page 16


 207      74B2EE51 
 207      59FF23C4 
 207      63C45DD9 
 208 00e1 961E397D 		.ascii	"\226\0369}8>\224\317X\347\305^\016\201c'\277;\021p\015"
 208      383E94CF 
 208      58E7C55E 
 208      0E816327 
 208      BF3B1170 
 209 00f6 BA00CF0F 		.ascii	"\272\000\317\017!l\226Z\241\2778R0y\324\375\000\237"
 209      216C965A 
 209      A1BF3852 
 209      3079D4FD 
 209      009F
 210 0108 C759910F 		.ascii	"\307Y\221\0172\225\012\356-06#\312:D\267^\366OV\000"
 210      32950AEE 
 210      2D303623 
 210      CA3A44B7 
 210      5EF64F56 
 211 011d 6AAD7C9D 		.ascii	"j\255|\235\233s?\334s\376\242\332\307\247D\305\230j"
 211      9B733FDC 
 211      73FEA2DA 
 211      C7A744C5 
 211      986A
 212 012f CB045F85 		.ascii	"\313\004_\205\261\3451\247\224C\202\034\204\237\356"
 212      B1E531A7 
 212      9443821C 
 212      849FEE
 213 013e 6F3C18D8 		.ascii	"o<\030\330\015Wq\365#A\310\366K\002:[\341j\337\340G"
 213      0D5771F5 
 213      2341C8F6 
 213      4B023A5B 
 213      E16ADFE0 
 214 0153 44F6FEA0 		.ascii	"D\366\376\240\341\312z-\231\314\336;\253\372\362\374"
 214      E1CA7A2D 
 214      99CCDE3B 
 214      ABFAF2FC 
 215 0163 232B24FE 		.ascii	"#+$\376\370m\"\002\034\001\342\016h\303\350\363\272"
 215      F86D2202 
 215      1C01E20E 
 215      68C3E8F3 
 215      BA
 216 0174 E00D0442 		.ascii	"\340\015\004Bu \242\330\372\360\374\236\000\024\177"
 216      7520A2D8 
 216      FAF0FC9E 
 216      00147F
 217 0183 A58310AA 		.ascii	"\245\203\020\252s\343h\216\317\224\035tcv\232\024\""
 217      73E3688E 
 217      CF941D74 
 217      63769A14 
 217      22
 218 0194 C2E2C950 		.ascii	"\302\342\311P\015S\341[\230\212\356\034\203)\370\233"
 218      0D53E15B 
 218      988AEE1C 
 218      8329F89B 
 219 01a4 ACE19AB2 		.ascii	"\254\341\232\262\256\346\237\011\234^$\325uKu\243y\277"
 219      AEE69F09 
 219      9C5E24D5 
ARM GAS  /tmp/ccvq2gvX.s 			page 17


 219      754B75A3 
 219      79BF
 220 01b6 DF7D3E63 		.ascii	"\337}>c]\013\356[\314xP\005\004\216B$=E\025\265\016"
 220      5D0BEE5B 
 220      CC785005 
 220      048E4224 
 220      3D4515B5 
 221 01cb DF4037C0 		.ascii	"\337@7\300\327p\015\017Q\003\323q\177^\301\346JB$\340"
 221      D7700D0F 
 221      5103D371 
 221      7F5EC1E6 
 221      4A4224E0 
 222 01df 87F99786 		.ascii	"\207\371\227\206\277\033g\270\326\225;\033\355\026\241"
 222      BF1B67B8 
 222      D6953B1B 
 222      ED16A1
 223 01ee DD1628C3 		.ascii	"\335\026(\303\015\323(\001j\025\213\265\236\026\217"
 223      0DD32801 
 223      6A158BB5 
 223      9E168F
 224 01fd 338BD2ED 		.ascii	"3\213\322\355\032W0\311\342\0263:\177~\341+\253\271"
 224      1A5730C9 
 224      E216333A 
 224      7F7EE12B 
 224      ABB9
 225 020f 11BE4BAA 		.ascii	"\021\276K\252[\203\266E\246\351\204\242\351\204\247"
 225      5B83B645 
 225      A6E984A2 
 225      E984A7
 226 021e A63AA6A9 		.ascii	"\246:\246\251\353L\371\001\202a\233\251\003\232\311"
 226      EB4CF901 
 226      82619BA9 
 226      039AC9
 227 022d 609C3A74 		.ascii	"`\234:t\277zp\022\237\242\352[7\017\224\370\222\002"
 227      BF7A7012 
 227      9FA2EA5B 
 227      370F94F8 
 227      9202
 228 023f 6EEB527A 		.ascii	"n\353Rz\345n\302\203\256A\361Q\363\256\233A<\350\323"
 228      E56EC283 
 228      AE41F151 
 228      F3AE9B41 
 228      3CE8D3
 229 0252 728878AD 		.ascii	"r\210x\255c\330\025\004\272\360u\222\264F*J\223\374"
 229      63D81504 
 229      BAF07592 
 229      B4462A4A 
 229      93FC
 230 0264 1708D080 		.ascii	"\027\010\320\200g?\215g\207\357!\234\252\244\356@=N"
 230      673F8D67 
 230      87EF219C 
 230      AAA4EE40 
 230      3D4E
 231 0276 9EC4C952 		.ascii	"\236\304\311R\032\246\272\213_\3761o@\222\246A#\350"
 231      1AA6BA8B 
 231      5FFE316F 
 231      4092A641 
ARM GAS  /tmp/ccvq2gvX.s 			page 18


 231      23E8
 232 0288 E094E2F2 		.ascii	"\340\224\342\362L\035\017Sy\311\226b-9\314\012D\254"
 232      4C1D0F53 
 232      79C99662 
 232      2D39CC0A 
 232      44AC
 233 029a C9EF6D10 		.ascii	"\311\357m\020_g\243\351\2656._\234\336\270\226\206\345"
 233      5F67A3E9 
 233      B5362E5F 
 233      9CDEB896 
 233      86E5
 234 02ac 2CDA38A3 		.ascii	",\3328\243\330@\223\334\310\366\346S\355\200G\241\353"
 234      D84093DC 
 234      C8F6E653 
 234      ED8047A1 
 234      EB
 235 02bd 52F65E1A 		.ascii	"R\366^\032\210\312\222\336\337\220#\204\035|S\331E\227"
 235      88CA92DE 
 235      DF902384 
 235      1D7C53D9 
 235      4597
 236 02cf 76C63EA9 		.ascii	"v\306>\251\250\236\326\210\376\363S\031R60\362y\256"
 236      A89ED688 
 236      FEF35319 
 236      523630F2 
 236      79AE
 237 02e1 6CCC0981 		.ascii	"l\314\011\201\315\234\243\3564\303\014\334Zs\264\266"
 237      CD9CA3EE 
 237      34C30CDC 
 237      5A73B4B6 
 238 02f1 D187C76C 		.ascii	"\321\207\307l\026\212\303\375_<\324\222F\256vg\353\341"
 238      168AC3FD 
 238      5F3CD492 
 238      46AE7667 
 238      EBE1
 239 0303 181D1E25 		.ascii	"\030\035\036%\355\027\035\0057\344?\356\272\343\317"
 239      ED171D05 
 239      37E43FEE 
 239      BAE3CF
 240 0312 9585D3E4 		.ascii	"\225\205\323\344\254\331V\242%-\\\331\266'O\257kI'\027"
 240      ACD956A2 
 240      252D5CD9 
 240      B6274FAF 
 240      6B492717 
 241 0326 DCA90965 		.ascii	"\334\251\011e\251\201\346\365[\267\213\344\246\274\326"
 241      A981E6F5 
 241      5BB78BE4 
 241      A6BCD6
 242 0335 722AD39F 		.ascii	"r*\323\237\334\343B\177zow\000'NA1\363dG\206?y\314\327"
 242      DCE3427F 
 242      7A6F7700 
 242      274E4131 
 242      F3644786 
 243 034d F6DEAEDE 		.ascii	"\366\336\256\336\026L\206\270\340\376\302B\371\027V"
 243      164C86B8 
 243      E0FEC242 
 243      F91756
ARM GAS  /tmp/ccvq2gvX.s 			page 19


 244 035c 7BA5CA40 		.ascii	"{\245\312@\3224l\251\371\326\341V_\262\221\013\273j"
 244      D2346CA9 
 244      F9D6E156 
 244      5FB2910B 
 244      BB6A
 245 036e 9E34C9E7 		.ascii	"\2364\311\347\365\243\331\253\316\272\356Cr\370\332"
 245      F5A3D9AB 
 245      CEBAEE43 
 245      72F8DA
 246 037d CDA3E9CF 		.ascii	"\315\243\351\3174d'\027N\037)\230N\366\360\367\226c"
 246      34642717 
 246      4E1F2998 
 246      4EF6F0F7 
 246      9663
 247 038f DDBD4164 		.ascii	"\335\275Ad\037\027\312\372vo\012\344\032\336Dq`\337"
 247      1F17CAFA 
 247      766F0AE4 
 247      1ADE4471 
 247      60DF
 248 03a1 A142E055 		.ascii	"\241B\340UVGP\316\255\276\3610\210\2242n\310\017\271"
 248      564750CE 
 248      ADBEF130 
 248      8894326E 
 248      C80FB9
 249 03b4 3D8700F4 		.ascii	"=\207\000\364\3720\375\330\023\256\327\027K\351i\230"
 249      FA30FDD8 
 249      13AED717 
 249      4BE96998 
 250 03c4 F42C72A0 		.ascii	"\364,r\240\252\344\322j\251d\012\264`\252.bbnA\230\022"
 250      AAE4D26A 
 250      A9640AB4 
 250      60AA2E62 
 250      626E4198 
 251 03d9 E40B2C5F 		.ascii	"\344\013,_Q\370#\360\035C\345\004?\240t\302\350m\236"
 251      51F823F0 
 251      1D43E504 
 251      3FA074C2 
 251      E86D9E
 252 03ec F41F15FA 		.ascii	"\364\037\025\372\026\366\201#@#\300M$\334`k\224N\213"
 252      16F68123 
 252      4023C04D 
 252      24DC606B 
 252      944E8B
 253 03ff 6100B377 		.ascii	"a\000\263w\027\364\360\030\361\010\3613\342\011\342"
 253      17F4F018 
 253      F108F133 
 253      E209E2
 254 040e 3EE20EE2 		.ascii	">\342\016\342\001\242\017q\033q\017\361\020\321\213"
 254      01A20F71 
 254      1B710FF1 
 254      10D18B
 255 041d E8073DBB 		.ascii	"\350\007=\273\337\2707\365\373U\336\374\344\335\233"
 255      DFB837F5 
 255      FB55DEFC 
 255      E4DD9B
 256 042c 0650BCBF 		.ascii	"\006P\274\277\253\366\276\303\223\177y\302a\313T\364"
 256      ABF6BEC3 
ARM GAS  /tmp/ccvq2gvX.s 			page 20


 256      937F79C2 
 256      61CB54F4 
 257 043c EB9E7483 		.ascii	"\353\236t\203\007\273I\355\314\017\236\354K\236\312"
 257      07BB49ED 
 257      CC0F9EEC 
 257      4B9ECA
 258 044b 6FA87DB9 		.ascii	"o\250}\271\342I\357\234\340\373\200\232\337\356\335"
 258      E249EF9C 
 258      E0FB809A 
 258      DFEEDD
 259 045a 7735FF86 		.ascii	"w5\377\206\332\235\036\357\211U\363[\325\372\257z\362"
 259      DA9D1EEF 
 259      8955F35B 
 259      D5FAAF7A 
 259      F2
 260 046b BB26F2D5 		.ascii	"\273&\362\325\372[\275\037W\315oR\353\277\346]?\013"
 260      FA5BBD1F 
 260      57CD6F52 
 260      EBBFE65D 
 260      3F0B
 261 047d 0FBF8FFA 		.ascii	"\017\277\217\372\313H\236$\205P\226 \337EJ\336\033\313"
 261      CB489E24 
 261      85509620 
 261      DF454ADE 
 261      1BCB
 262 048f 49F93792 		.ascii	"I\3717\222\264^\313\224u{\315\214\332v\247\332\266\313"
 262      B45ECB94 
 262      757BCD8C 
 262      DA76A7DA 
 262      B6CB
 263 04a1 7BAC996D 		.ascii	"{\254\231m\374x\236VTt\005\220\026\366\361\210m%\275"
 263      FC789E56 
 263      54740590 
 263      16F6F188 
 263      6D25BD
 264 04b4 FDFE1016 		.ascii	"\375\376\020\026\356\265\232\3419\026\361\377\252\240"
 264      EEB59AE1 
 264      3916F1FF 
 264      AAA0
 265 04c2 E553EF27 		.ascii	"\345S\357'ih\004\236\241\326\247\312%L\203\300\234["
 265      6968049E 
 265      A1D6A7CA 
 265      254C83C0 
 265      9C5B
 266 04d4 2B5DEED1 		.ascii	"+]\356\321\006f\216]\355\214\250\\\254/ \220\375I\201"
 266      06668E5D 
 266      ED8CA85C 
 266      AC2F2090 
 266      FD4981
 267 04e7 2392F7B4 		.ascii	"#\222\367\264\027\037\027\211\213_\031\271[J35c=\374"
 267      171F1789 
 267      8B5F19B9 
 267      5B4A3335 
 267      633DFC
 268 04fa CD36BC9F 		.ascii	"\3156\274\237\261\207\027\275\305Z.\014*\266\006=\373"
 268      B18717BD 
 268      C55A2E0C 
ARM GAS  /tmp/ccvq2gvX.s 			page 21


 268      2AB6063D 
 268      FB
 269 050b E010EB83 		.ascii	"\340\020\353\203G\373\017\034\235$\3371\250O\343\252"
 269      47FB0F1C 
 269      9D24DF31 
 269      A84FE3AA 
 270 051b F8EC9E16 		.ascii	"\370\354\236\026\364a\341\312U2\362\265\352*\241\237"
 270      F461E1CA 
 270      5532F2B5 
 270      EA2AA19F 
 271 052b CB88F7CF 		.ascii	"\313\210\367\317e\\0\207q\235'\177D\216\344+\214\344"
 271      655C3087 
 271      719D277F 
 271      448EE42B 
 271      8CE4
 272 053d 4B8CCCE8 		.ascii	"K\214\314\350\270\310\\-\344\3650\342\255\036\236\025"
 272      B8C85C2D 
 272      E4F530E2 
 272      AD1E9E15 
 273 054d AAEBA1C7 		.ascii	"\252\353\241\307\253i^\017\364\372\375\352\364\011_"
 273      AB695E0F 
 273      F4FAFDEA 
 273      F4095F
 274 055c F29C2738 		.ascii	"\362\234'8\253f\270\022<\023\354\366\011\326\210\341"
 274      AB66B812 
 274      3C13ECF6 
 274      09D688E1 
 275 056c FFC6AD57 		.ascii	"\377\306\255W\205<a\253\3050\220\304\261 \216\270\023"
 275      853C61AB 
 275      C53090C4 
 275      B1208EB8 
 275      13
 276 057d E66A6F6D 		.ascii	"\346jom\"\352\204Q\242\222\2604\221'\014G$\027\276\034"
 276      22EA8451 
 276      A292B034 
 276      91270C47 
 276      2417BE1C 
 277 0591 CE0B5293 		.ascii	"\316\013R\223\351\237W\0129]&\2473\362\221\276\263\215"
 277      E99F570A 
 277      395D26A7 
 277      33F291BE 
 277      B38D
 278 05a3 3ADE0324 		.ascii	":\336\003$@y\353\216\214\262`\222\346\303\262} \243"
 278      4079EB8E 
 278      8CB26092 
 278      E6C3B27D 
 278      20A3
 279 05b5 638F1F5F 		.ascii	"c\217\037_tQ\271\247\251\277O\356\020\335>\264\247\325"
 279      7451B9A7 
 279      A9BF4FEE 
 279      10DD3EB4 
 279      A7D5
 280 05c7 6F4D20EB 		.ascii	"oM \3539\367\351`f\277\3341'\243\330v\353\307\263\204"
 280      39F7E960 
 280      66BFDC31 
 280      27A3D876 
 280      EBC7B384 
ARM GAS  /tmp/ccvq2gvX.s 			page 22


 281 05db B65C4976 		.ascii	"\266\\Iv\002\347\025\0376\210\370\347\000\006\0242E"
 281      02E7151F 
 281      3688F8E7 
 281      00061432 
 281      45
 282 05ec D66E2BCB 		.ascii	"\326n+\313\212\322!4[\216\336[\032\326\361\327\211S"
 282      8AD22134 
 282      5B8EDE5B 
 282      1AD6F1D7 
 282      8953
 283 05fe E13391D2 		.ascii	"\3413\221\3227\212\241\356M\224]zq0\007\310Vn\267\257"
 283      378AA1EE 
 283      4D945D7A 
 283      713007C8 
 283      566EB7AF 
 284 0612 A4FA8248 		.ascii	"\244\372\202Hr\2710\260\253\361\236\216\344s!\377\340"
 284      72B930B0 
 284      ABF19E8E 
 284      E47321FF 
 284      E0
 285 0623 FE74420A 		.ascii	"\376tB\012\270\320\276\345\334N\015)\345\302\340\341"
 285      B8D0BEE5 
 285      DC4E0D29 
 285      E5C2E0E1 
 286 0633 F2DB01E4 		.ascii	"\362\333\001\344 \027N7?\371*\210Tq\341\316\267\215"
 286      20174E37 
 286      3FF92A88 
 286      5471E1CE 
 286      B78D
 287 0645 7901A496 		.ascii	"y\001\244\226\013\327\013\327\364\370\220\223\\\250"
 287      0BD70BD7 
 287      F4F89093 
 287      5CA8
 288 0653 68FEDE25 		.ascii	"h\376\336%\377I\266\216\006\252\242\254\253\317W\256"
 288      FF49B68E 
 288      06AAA2AC 
 288      ABCF57AE 
 289 0663 64DA7FCF 		.ascii	"d\332\177\317\027\264\\\323\222\006F\016\272{\372\321"
 289      17B45CD3 
 289      9206460E 
 289      BA7BFAD1 
 290 0673 367FA04D 		.ascii	"6\177\240M2L\356\224\356^\331?\022Z\234&\235\231\305"
 290      324CEE94 
 290      EE5ED93F 
 290      125A9C26 
 290      9D99C5
 291 0686 4A2C0B53 		.ascii	"J,\013S\275G\364\336\371\344\353\356S\345\306\331\342"
 291      BD47F4DE 
 291      F9E4EBEE 
 291      53E5C6D9 
 291      E2
 292 0697 C9EE54B3 		.ascii	"\311\356T\263i\031=\033\231\212\025\210\3121`\260^\246"
 292      69193D1B 
 292      998A1588 
 292      CA3160B0 
 292      5EA6
 293 06a9 BBC3E8A5 		.ascii	"\273\303\350\245\221\265\251\235\311\366\256\236\363"
ARM GAS  /tmp/ccvq2gvX.s 			page 23


 293      91B5A99D 
 293      C9F6AE9E 
 293      F3
 294 06b6 C715762E 		.ascii	"\307\025v.j\334\301\022C\371\264\252\213\261\302KD="
 294      6ADCC112 
 294      43F9B4AA 
 294      8BB1C24B 
 294      443D
 295 06c8 1420F621 		.ascii	"\024 \366!\366\"v!v#J\021\237#\362\020\371\210\"D\241"
 295      F6227621 
 295      76234A11 
 295      9F23F210 
 295      F9882244 
 296 06dd A8EEBF03 		.ascii	"\250\356\277\003\177W\016\231\343\351\305\204[\270\376"
 296      7F570E99 
 296      E3E9C584 
 296      5BB8FE
 297 06ec 1F0A7BA7 		.ascii	"\037\012{\247'{\255\350I\037RE0\303;]\025\357z\025{"
 297      277BADE8 
 297      491F5245 
 297      30C33B5D 
 297      15EF7A15 
 298 0701 AB275BDD 		.ascii	"\253'[\335\275\344\353\344e\350j\372\335\"m\342u\362"
 298      BDE4EBE4 
 298      65E86AFA 
 298      DD226DE2 
 298      75F2
 299 0713 EAA52ABA 		.ascii	"\352\245*\272\333\274+S\231\276\253\212\302v\257QP\267"
 299      DBBC2B53 
 299      99BEAB8A 
 299      C276AF51 
 299      50B7
 300 0725 7D959F9B 		.ascii	"}\225\237\233<\311\023\273x\247\212\276\331;\335\335"
 300      3CC913BB 
 300      78A78ABE 
 300      D93BDDDD 
 301 0735 B8323AA4 		.ascii	"\2702:\244\366\000r\216\325\261\350\332\361\270X\003"
 301      F600728E 
 301      D5B1E8DA 
 301      F1B85803 
 302 0745 E161FCB4 		.ascii	"\341a\374\264\027^i\361\377\207P\216\233\277P.)z\366"
 302      175E69F1 
 302      FF87508E 
 302      9BBF502E 
 302      297AF6
 303 0758 D7140894 		.ascii	"\327\024\010\224a]\374\2675\202>\255.zP\021\254\276"
 303      615DFCB7 
 303      35823EAD 
 303      2E7A5011 
 303      ACBE
 304 076a D1CAC75D 		.ascii	"\321\312\307]\177\373\345\033\215\216a\313,\211\346"
 304      7FFBE51B 
 304      8D8E61CB 
 304      2C89E6
 305 0779 C4C4A5E6 		.ascii	"\304\304\245\346\204\344\004gd\212e\2053r\226!2R\376"
 305      84E40467 
 305      648A6585 
ARM GAS  /tmp/ccvq2gvX.s 			page 24


 305      33729621 
 305      3252FE
 306 078c 67771870 		.ascii	"gw\030p\335\220b_\341t\030\342\342\337\235\035\315\177"
 306      DD90625F 
 306      E17418E2 
 306      E2DF9D1D 
 306      CD7F
 307 079e 1745AD5C 		.ascii	"\027E\255\\i\220wFZ\375\346\277\367\3014cT\2240\353"
 307      69907746 
 307      5AFDE6BF 
 307      F7C13463 
 307      549430EB 
 308 07b2 3FDC2804 		.ascii	"?\334(\004\252\255\2078\234I\263\243\315\326D\273u9"
 308      AAAD8738 
 308      9C49B3A3 
 308      CDD644BB 
 308      7539
 309 07c4 9BD099CD 		.ascii	"\233\320\231\315\251\011\311N\234sf\200"
 309      A909C94E 
 309      9C736680 
 310 07d0 61993DC9 		.ascii	"a\231=\311f\260X\035\266\210D\313\022\303<\27355\311"
 310      66B0581D 
 310      B68844CB 
 310      12C33CBB 
 310      3535C9
 311 07e3 968CDAE3 		.ascii	"\226\214\332\343m\226\244w\0141\326\304\204\024\207"
 311      6D96A477 
 311      0C31D6C4 
 311      841487
 312 07f2 CD6C8B48 		.ascii	"\315l\213HI\265.\2176\304\333\355\211\016\303'Vk\204"
 312      49B52E8F 
 312      36C4DBED 
 312      890EC327 
 312      566B84
 313 0805 65455244 		.ascii	"eERD\262=\331\026a\263,I\210x#\"zV\324\033\021\177\371"
 313      B23DD916 
 313      61B32C49 
 313      88782322 
 313      7A56D41B 
 314 081c 434492E5 		.ascii	"CD\222\345\317\366\025\206q\253\206\204dkb\352R\233"
 314      CFF61586 
 314      71AB8684 
 314      646B62EA 
 314      529B
 315 082e 21C9625D 		.ascii	"!\311b]\226\220l3\230\227\332>\266\244&:\315\316U)6"
 315      96906C33 
 315      9897DA3E 
 315      B6A4263A 
 315      CDCE5529 
 316 0843 47E432C1 		.ascii	"G\3442\301\317\355\320\337\376\257\3768V9\014f\207s"
 316      CFEDD0DF 
 316      FEAFFE38 
 316      56390C66 
 316      8773
 317 0855 291A4727 		.ascii	")\032G'\202\343V9\234\266$\243}\205\315H\203\345?'v"
 317      82E35639 
 317      9CB624A3 
ARM GAS  /tmp/ccvq2gvX.s 			page 25


 317      7D85CD48 
 317      83E53F27 
 318 086a 6ED4A2D8 		.ascii	"n\324\242\330\230\367L\364-\232\275\371\315Y0\227\275"
 318      98F74CF4 
 318      2D9ABDF9 
 318      CD593097 
 318      BD
 319 087b F8D24579 		.ascii	"\370\322Ey\214\306Q\213\013l\035\247Mq\361\354%\232"
 319      8CC6518B 
 319      0B6C1DA7 
 319      4D71F1EC 
 319      259A
 320 088d BEF8E202 		.ascii	"\276\370\342\002\035\211q\241Ic|{\276\311g\2411\316"
 320      1D8971A1 
 320      49637C7B 
 320      BEC967A1 
 320      31CE
 321 089f 68128D38 		.ascii	"h\022\2158\023g\232\241N\255m\245\323`|7na\034&\325"
 321      13679AA1 
 321      4EAD6DA5 
 321      D3607C37 
 321      6E611C26 
 322 08b4 C0B29688 		.ascii	"\300\262\226\210yE\317\002LF\2439\036c5\317\366\361"
 322      7945CF02 
 322      4C46A339 
 322      1E6335CF 
 322      F6F1
 323 08c6 AFDDB95D 		.ascii	"\257\335\271]b\261.OM1/\265'Y\022\222Yb\003b?4\271i"
 323      62B12E4F 
 323      4D312FB5 
 323      27591292 
 323      59620362 
 324 08de 3E1F9A62 		.ascii	">\037\232bMQ~\246\230\270\030\323\237b\346i\250H\336"
 324      4D517EA6 
 324      98B818D3 
 324      9F62E669 
 324      A848DE
 325 08f1 9F6B12E3 		.ascii	"\237k\022\343L\276\357\307\306\277\023\363\221\3117"
 325      4CBEEFC7 
 325      C6BF13F3 
 325      91C937
 326 0900 D6349F8E 		.ascii	"\3264\237\216\332\330\030>\314\243\203&6\006]\233c4"
 326      DAD8183E 
 326      CCA38326 
 326      36065D9B 
 326      6334
 327 0912 310DD193 		.ascii	"1\015\321\223\336^4'n\201[\353?\001c\325\177\024"
 327      DE5E3427 
 327      6E815BEB 
 327      3F0163D5 
 327      7F14
 328              		.text
 329              		.section	.gnu.lto_.symtab.ef04f173277282b9,"",%progbits
 330 0000 68616C5F 		.ascii	"hal_lld_init\000"
 330      6C6C645F 
 330      696E6974 
 330      00
ARM GAS  /tmp/ccvq2gvX.s 			page 26


 331 000d 00       		.ascii	"\000"
 332 000e 00       		.ascii	"\000"
 333 000f 00       		.ascii	"\000"
 334 0010 00000000 		.ascii	"\000\000\000\000\000\000\000\000"
 334      00000000 
 335 0018 BE000000 		.ascii	"\276\000\000\000"
 336 001c 73746D33 		.ascii	"stm32_clock_init\000"
 336      325F636C 
 336      6F636B5F 
 336      696E6974 
 336      00
 337 002d 00       		.ascii	"\000"
 338 002e 00       		.ascii	"\000"
 339 002f 00       		.ascii	"\000"
 340 0030 00000000 		.ascii	"\000\000\000\000\000\000\000\000"
 340      00000000 
 341 0038 C0000000 		.ascii	"\300\000\000\000"
 342 003c 53797374 		.ascii	"SystemCoreClock\000"
 342      656D436F 
 342      7265436C 
 342      6F636B00 
 343 004c 00       		.ascii	"\000"
 344 004d 00       		.ascii	"\000"
 345 004e 00       		.ascii	"\000"
 346 004f 00000000 		.ascii	"\000\000\000\000\000\000\000\000"
 346      00000000 
 347 0057 CD000000 		.ascii	"\315\000\000\000"
 348              		.text
 349              		.section	.gnu.lto_.opts,"",%progbits
 350 0000 272D666D 		.ascii	"'-fmath-errno' '-fsigned-zeros' '-ftrapping-math' '"
 350      6174682D 
 350      6572726E 
 350      6F272027 
 350      2D667369 
 351 0033 2D666E6F 		.ascii	"-fno-trapv' '-fno-openmp' '-fno-openacc' '-mcpu=cor"
 351      2D747261 
 351      70762720 
 351      272D666E 
 351      6F2D6F70 
 352 0066 7465782D 		.ascii	"tex-m4' '-mno-thumb-interwork' '-mthumb' '-O2' '-fo"
 352      6D342720 
 352      272D6D6E 
 352      6F2D7468 
 352      756D622D 
 353 0099 6D69742D 		.ascii	"mit-frame-pointer' '-falign-functions=16' '-ffuncti"
 353      6672616D 
 353      652D706F 
 353      696E7465 
 353      72272027 
 354 00cc 6F6E2D73 		.ascii	"on-sections' '-fdata-sections' '-fno-common' '-flto"
 354      65637469 
 354      6F6E7327 
 354      20272D66 
 354      64617461 
 355 00ff 2700     		.ascii	"'\000"
 356              		.text
 357              		.comm	__gnu_lto_v1,1,1
ARM GAS  /tmp/ccvq2gvX.s 			page 27


 358              		.comm	__gnu_lto_slim,1,1
 359              		.ident	"GCC: (GNU Tools for Arm Embedded Processors 7-2017-q4-major) 7.2.1 20170904 (release) [ARM
ARM GAS  /tmp/ccvq2gvX.s 			page 28


DEFINED SYMBOLS
                            *ABS*:0000000000000000 hal_lld.c
                            *COM*:0000000000000001 __gnu_lto_v1
                            *COM*:0000000000000001 __gnu_lto_slim

NO UNDEFINED SYMBOLS
