ARM GAS  /tmp/ccWC546p.s 			page 1


   1              		.cpu cortex-m4
   2              		.eabi_attribute 20, 1
   3              		.eabi_attribute 21, 1
   4              		.eabi_attribute 23, 3
   5              		.eabi_attribute 24, 1
   6              		.eabi_attribute 25, 1
   7              		.eabi_attribute 26, 1
   8              		.eabi_attribute 30, 2
   9              		.eabi_attribute 34, 1
  10              		.eabi_attribute 18, 4
  11              		.file	"nvic.c"
  12              		.section	.gnu.lto_.profile.6868f1ed51d10a12,"",%progbits
  13 0000 789C6363 		.ascii	"x\234cc```\001bF\006)1\000\000\302\000<"
  13      60606001 
  13      62460629 
  13      310000C2 
  13      003C
  14              		.text
  15              		.section	.gnu.lto_.icf.6868f1ed51d10a12,"",%progbits
  16 0000 789C6363 		.ascii	"x\234cc``\220b@\000\026\206\333\333\226\254be\354\\"
  16      60609062 
  16      40001686 
  16      DBDB96AC 
  16      6265EC5C 
  17 0014 F7E12E13 		.ascii	"\367\341.\023\323\243\203\263\367\3603/z\275\367\005"
  17      D3A383B3 
  17      F7F0332F 
  17      7ABDF705 
  18 0024 330300A6 		.ascii	"3\003\000\246U\014S"
  18      550C53
  19              		.text
  20              		.section	.gnu.lto_.jmpfuncs.6868f1ed51d10a12,"",%progbits
  21 0000 789C6363 		.ascii	"x\234cc``\320a@\000\026\006&FF\346\3729\314\014 \314"
  21      6060D061 
  21      40001606 
  21      264646E6 
  21      FA39CC0C 
  22 0016 0804209A 		.ascii	"\010\004 \232\011Y\220\031*\310\000\000\237-\007\005"
  22      09599019 
  22      2AC80000 
  22      9F2D0705 
  23              		.text
  24              		.section	.gnu.lto_.inline.6868f1ed51d10a12,"",%progbits
  25 0000 789C4D8C 		.ascii	"x\234M\214\321\021\2000\014B!\215i\364\307\021\352\004"
  25      D1118030 
  25      0C42218D 
  25      69F4C711 
  25      EA04
  26 0012 2ED9453A 		.ascii	".\331E:\222\2438\202\261\236U>\270\343\036`\000*>)\260"
  26      92A33882 
  26      B19E553E 
  26      B8E31E60 
  26      002A3E29 
  27 0027 CC146E8C 		.ascii	"\314\024n\214p\233\332\271\303Z\021\310\261*\"y\020"
  27      709BDAB9 
  27      C35A11C8 
  27      B12A2279 
ARM GAS  /tmp/ccWC546p.s 			page 2


  27      10
  28 0038 07E199EC 		.ascii	"\007\341\231\354\225\244\255<\225\240\332O\004\223\222"
  28      95A4AD3C 
  28      95A0DA4F 
  28      049392
  29 0047 FD25C5EE 		.ascii	"\375%\305\356w\020J\310\366N\007\034S\\\2260\015\244"
  29      77104AC8 
  29      F64E071C 
  29      535C9630 
  29      0DA4
  30              		.text
  31              		.section	.gnu.lto_.pureconst.6868f1ed51d10a12,"",%progbits
  32 0000 789C6363 		.ascii	"x\234cc``\340\004b\026\006)F)&)f)\000\002\304\000\202"
  32      6060E004 
  32      62160629 
  32      46292629 
  32      66290002 
  33              		.text
  34              		.section	.gnu.lto_nvicEnableVector.6868f1ed51d10a12,"",%progbits
  35 0000 789C9D53 		.ascii	"x\234\235S\317KTQ\024\276\337;\357\207\243\316,\332"
  35      CF4B5451 
  35      14BEDF3B 
  35      EF87A3CE 
  35      2CDA
  36 0012 45522E82 		.ascii	"ER.\202A\204y\011\375\003\321\332\026\375\007\341&!"
  36      41847909 
  36      FD03D1DA 
  36      16FD07E1 
  36      2621
  37 0024 674443DA 		.ascii	"gDC\332yg\306f\264\004\005G\203\341\021#\215\375 \312"
  37      7967C666 
  37      B4040547 
  37      83E11123 
  37      8DFD20CA 
  38 0038 42ADC6B2 		.ascii	"B\255\306\262^\223\226\021&\211\264kQJ\241\221\324\254"
  38      5E939611 
  38      2689B46B 
  38      514AA191 
  38      D4AC
  39 004a 82D43AF7 		.ascii	"\202\324:\367>\243\350\307\242.\357\236w\3569\347\273"
  39      3EA3E8C7 
  39      A22EEF9E 
  39      77EE39E7 
  39      BB
  40 005b E7FBEE7D 		.ascii	"\347\373\356}\317\026B\034!!\016\362{\017O\220\2001"
  40      CF16421C 
  40      21210EF2 
  40      7B0F4F90 
  40      8031
  41 006d F85C8864 		.ascii	"\370\\\210d\225\001(GVAt\033\350F?\345\010\345\354\333"
  41      95012847 
  41      5641741B 
  41      E8463FE5 
  41      08E5ECDB 
  42 0081 92D17049 		.ascii	"\222\321pI\362\360\317Uv\313\313><\206\217\360T\003"
  42      F2F0CF55 
  42      76CBCB3E 
ARM GAS  /tmp/ccWC546p.s 			page 3


  42      3C868FF0 
  42      5403
  43 0093 1368E0AA 		.ascii	"\023h\340\252\027=7<:K\036\001&/?-\344W\"ji\240\236"
  43      173D373C 
  43      3A4B1E01 
  43      262F3F2D 
  43      E457226A 
  44 00aa 975B3237 		.ascii	"\227[27\022\241\030\004\373\253\317.\014:\3211)S\322"
  44      12A11804 
  44      FBABCF2E 
  44      0C3AD131 
  44      2953D2
  45 00bd 9F2D92DC 		.ascii	"\237-\222\334\357\021\341\026\2107\304\024\3520\211"
  45      EF11E116 
  45      8837C414 
  45      EA3089
  46 00cc 3AC12181 		.ascii	":\301!\201\333\210r\371\325\324\273\017D\0074\364\315"
  46      DB8872F9 
  46      D5D4BB0F 
  46      440734F4 
  46      CD
  47 00dd FCEB9CB5 		.ascii	"\374\353\234\265\003]\035\333\201\336\371\003\264\204"
  47      035D1DDB 
  47      81DEF903 
  47      B484
  48 00eb A8AEBFB9 		.ascii	"\250\256\277\271=\034\266\315\200+\246a\013\2603\276"
  48      3D1CB6CD 
  48      802BA661 
  48      0BB033BE 
  49 00fb 64F972FB 		.ascii	"d\371r\373kV\372\313\027\261e\205\301\030\323P\206\330"
  49      6B56FACB 
  49      17B16585 
  49      C118D350 
  49      86D8
  50 010d 58261BDB 		.ascii	"X&\033\333R\236\255\214\003\265[\010\212\216\020\275"
  50      529EAD8C 
  50      03B55B08 
  50      8A8E10BD 
  51 011d BC131F91 		.ascii	"\274\023\037\221\364E\037\031\312K\373b\035\251Jvf "
  51      F4451F19 
  51      CA4BFB62 
  51      1DA94A76 
  51      6620
  52 012f A21AE409 		.ascii	"\242\032\344\011yr8\224\376\230A\02008\366\363\0019"
  52      79723894 
  52      FE984110 
  52      3038F6F3 
  52      0139
  53 0141 30719789 		.ascii	"0q\227\211\256\243\274|f\315RE\234\0369]^tT\272J+\235"
  53      AEA3BC7C 
  53      66CD5245 
  53      9C1E395D 
  53      5E7454BA 
  54 0158 1CDDF85C 		.ascii	"\034\335\370\\\033,e9-#\034\232x?\264\342\024p>\311"
  54      1B2C6539 
  54      2D231C9A 
  54      783FB4E2 
ARM GAS  /tmp/ccWC546p.s 			page 4


  54      14703EC9 
  55 016c 1751D8EB 		.ascii	"\027Q\330\353Q\0103,\371\036\357\244\000s\375\311\321"
  55      5108332C 
  55      F91EEFA4 
  55      0073FDC9 
  55      D1
  56 017d 6AF79AEC 		.ascii	"j\367\232\354I\312z\217\252q\037\005\014\353+\342\344"
  56      49CA7A8F 
  56      AA711F05 
  56      0CEB2BE2 
  56      E4
  57 018e CBA5A989 		.ascii	"\313\245\251\211H\323\270J\026\342\036\325\340\001\334"
  57      48D3B84A 
  57      16E21ED5 
  57      E001DC
  58 019d 3C85F4F5 		.ascii	"<\205\364\365\371hb\216\212\361ffa`W\300\2318\313\270"
  58      F968628E 
  58      8AF16666 
  58      616057C0 
  58      9938CBB8 
  59 01b1 A1E2F552 		.ascii	"\241\342\365RX\261\260\260\017\0175g\326u\305\011\212"
  59      58B1B0B0 
  59      0F0F3567 
  59      D675C509 
  59      8A
  60 01c2 4C34D671 		.ascii	"L4\326q\251\012V2}V\020\264\002\344\323\342\364\246"
  60      A90A5632 
  60      7D5610B4 
  60      02E4D3E2 
  60      F4A6
  61 01d4 E66FC342 		.ascii	"\346o\303BY#\371\220\276#\025\370\027\375\377\242\256"
  61      5923F990 
  61      BE2315F8 
  61      17FDFFA2 
  61      AE
  62 01e5 168FB43A 		.ascii	"\026\217\264:\374\256\256\313\2430f\225:K\253\233S\352"
  62      FCAEAECB 
  62      A3306695 
  62      3A4BAB9B 
  62      53EA
  63 01f7 ECA0D7AB 		.ascii	"\354\240\327\253\305\232\377j\366X73\376\322\354\311"
  63      C59AFF6A 
  63      F6583733 
  63      FED2ECC9 
  64 0207 8F66F341 		.ascii	"\217f\363A\263\015\244\012_t+\375\203\3642O\376P\030"
  64      B30DA40A 
  64      5F742BFD 
  64      83F4324F 
  64      FE5018
  65 021a DF188BB9 		.ascii	"\337\030\213\271\301\223\350t\217\037;\341\266':Nv\272"
  65      C193E874 
  65      8F1F3BE1 
  65      B6273A4E 
  65      76BA
  66 022c 2D89B6B6 		.ascii	"-\211\266\266D\334=t\264\371p\363)7\336\325\332\022"
  66      44DC3D74 
  66      B4F970F3 
ARM GAS  /tmp/ccWC546p.s 			page 5


  66      2937DED5 
  66      DA12
  67 023e 6B11889B 		.ascii	"k\021\210\233\355\035\255\211o\247\372\031\260"
  67      ED1DAD89 
  67      6FA7FA19 
  67      B0
  68              		.text
  69              		.section	.gnu.lto_nvicDisableVector.6868f1ed51d10a12,"",%progbits
  70 0000 789C9552 		.ascii	"x\234\225RKkSQ\020\236\357\314}\244M\233\265`\320.\204"
  70      4B6B5351 
  70      109EEFCC 
  70      7DA44D9B 
  70      B560D02E 
  71 0015 520AB9E4 		.ascii	"R\012\271\344'\210\340\256\033\377\201d\243`\023i\245"
  71      2788E0AE 
  71      1BFF8164 
  71      A3601369 
  71      A5
  72 0026 B8EB49D2 		.ascii	"\270\353I\322&\255fQh\033%\\\344\026#\342BkI\253\246"
  72      26AD6651 
  72      681B255C 
  72      E41623E2 
  72      426B49AB 
  73 003b BEAE292E 		.ascii	"\276\256).\304\027\026\361\007\330\342\023\212\026\027"
  73      C41716F1 
  73      07D8E213 
  73      8A1617
  74 004a 2EFA70CE 		.ascii	".\372p\316\275\012\202+\207{\316\235\2313\337|sf\216"
  74      BD0A822B 
  74      877BCE9D 
  74      9933DF7C 
  74      73668E
  75 005d 4344238A 		.ascii	"CD#\212\310\223\377AY`\202\232yETL(\300(:\001\032W\030"
  75      C893FF41 
  75      5960829A 
  75      7945544C 
  75      28C0283A 
  76 0075 478DE718 		.ascii	"G\215\347\030\235\352\207\266\032\270\256E\302K\015"
  76      9DEA87B6 
  76      1AB8AE45 
  76      C24B0D
  77 0084 A7A2270F 		.ascii	"\247\242'\017\370LT\227e\004-\014H\324\233\211\333>"
  77      F84C5497 
  77      65042D0C 
  77      48D49B89 
  77      DB3E
  78 0096 5F649F01 		.ascii	"_d\237\001K\314\357/\033\033)c*\364\211\271\253\347"
  78      4BCCEF2F 
  78      1B1B2963 
  78      2AF489B9 
  78      ABE7
  79 00a8 EA29CE80 		.ascii	"\352)\316\200D\337|~u\306\355\277\246uI\207/\232\254"
  79      44DF7C7E 
  79      75C6EDBF 
  79      A6754987 
  79      2F9AAC
  80 00bb 8FF8CCB8 		.ascii	"\217\370\314\270\003\226\204XA\032\313H\223\270\010"
ARM GAS  /tmp/ccWC546p.s 			page 6


  80      03968458 
  80      411ACB48 
  80      93B808
  81 00ca 77D16FE2 		.ascii	"w\321o\342\337/\355\315\367:VL\210{p\010\242,\256\333"
  81      DF2FEDCD 
  81      F73A564C 
  81      887B7008 
  81      A22CAEDB 
  82 00de A1DEDBAF 		.ascii	"\241\336\333\257\352p\263\211\326\361.\010\306R\262"
  82      EA70B389 
  82      D6F12E08 
  82      C652B2
  83 00ed D96C34CB 		.ascii	"\331l4\313l6\242\0344%H\271\227\016i\232\225\321\312"
  83      6C36A21C 
  83      342548B9 
  83      970E699A 
  83      95D1CA
  84 0100 217D4179 		.ascii	"!}Ay\247\262\273\024(\223\261\301h\260-\\\263\315[\355"
  84      A7B2BB14 
  84      2893B1C1 
  84      68B02D5C 
  84      B3CD5BED 
  85 0114 5E53B685 		.ascii	"^S\266\205\303hK!\022\366\255r\303\215\203\024\006\323"
  85      C3684B21 
  85      12F6AD72 
  85      C38D8314 
  85      06D3
  86 0126 126A9CDB 		.ascii	"\022j\234\333\225i;vr\214|\326\\\335\3511H\0336V#di"
  86      95693B76 
  86      728C7CD6 
  86      5CDDE931 
  86      481B3656 
  87 013d BBFA0769 		.ascii	"\273\372\007i\011X<\235\267\027>G0\001\324';\257]\003"
  87      09583C9D 
  87      B7173E47 
  87      3001D427 
  87      3BAF5D03 
  88 0151 70A2AE2C 		.ascii	"p\242\256,/l\375\354\211M\335)\353\224\270Z_g7\334\000"
  88      2F6CFDEC 
  88      894DDD29 
  88      EB94B85A 
  88      5F6737DC 
  89 0166 578AD2F9 		.ascii	"W\212\322\371\340\220\317.\036H{\356Kn\003xZ+.t{7\365"
  89      E090CF2E 
  89      1E487BEE 
  89      4B6E0378 
  89      5A2B2E74 
  90 017d 4451F7F9 		.ascii	"DQ\367\371\234\300C\004\230\217f\"\207\357\326WZ\251"
  90      9CC04304 
  90      988F6622 
  90      87EFD657 
  90      5AA9
  91 018f ECA2390C 		.ascii	"\354\2429\014\306|\356\302#xRj4\257\307\310JA\246\232"
  91      C67CEEC2 
  91      2378526A 
  91      34AFC7C8 
  91      4A41A69A 
ARM GAS  /tmp/ccWC546p.s 			page 7


  92 01a3 1F9F2EAF 		.ascii	"\037\237.\257%\177\227\363?d\335\010#2\374K\226\367"
  92      257F97F3 
  92      3F64DD08 
  92      2332FC4B 
  92      96F7
  93 01b5 39892786 		.ascii	"9\211'\206\314\216\310:\310\376}\327$\010k\222s\013"
  93      CC8EC83A 
  93      C8FE7DD7 
  93      24086B92 
  93      730B
  94 01c7 A5E0630D 		.ascii	"\245\340c\015\3214\215LI.\231\213\274\312\301L\306\213"
  94      D1348D4C 
  94      492E998B 
  94      BCCAC14C 
  94      C68B
  95 01d9 BFC2A877 		.ascii	"\277\302\250w\352\344\031\357la\344\334\250\227+\014"
  95      EAE419EF 
  95      6C61E4DC 
  95      A8972B0C 
  96 01e9 0F17F2DE 		.ascii	"\017\027\362\336\321\023C\307\206\316{\371\261\323\271"
  96      D11343C7 
  96      86CE7BF9 
  96      B1D3B9
  97 01f8 4C8E90FF 		.ascii	"L\216\220\377\005D\312\324\370"
  97      0544CAD4 
  97      F8
  98              		.text
  99              		.section	.gnu.lto_nvicSetSystemHandlerPriority.6868f1ed51d10a12,"",%progbits
 100 0000 789C6D51 		.ascii	"x\234mQ\315KTQ\024?\277{\336{\363\012\262\255\224\013"
 100      CD4B5451 
 100      143FBF7B 
 100      DE7BF30A 
 100      B2AD940B 
 101 0014 17C120C1 		.ascii	"\027\301 \301<\334\264h\027m\332\270\361?\220IP\320"
 101      3CDCB468 
 101      176DDAB8 
 101      F13F9049 
 101      50D0
 102 0026 79328AB4 		.ascii	"y2\212\264\363\316\214:f\005\242\243\306\360\210\267"
 102      F3CE8C3A 
 102      6605A2A3 
 102      C6F088B7 
 103 0036 1195080B 		.ascii	"\021\225\010\013\263\032\035\3551\2536}8D\220\320\242"
 103      B31A1DED 
 103      31AB367D 
 103      384490D0 
 103      A2
 104 0047 0F14268A 		.ascii	"\017\024&\212>\\\264\262\316}N\320\242\313\3758_\277"
 104      3E5CB4B2 
 104      CE7D4ED0 
 104      A2CBFD38 
 104      5FBF
 105 0059 737FE71C 		.ascii	"s\177\347\034\207\210~\202\350\242\274g\345\200\011"
 105      87887E82 
 105      E8A2BC67 
 105      E58009
 106 0068 6AE60551 		.ascii	"j\346\005Q\316U\200\021\264\013\032S\030\303M.1j\305"
ARM GAS  /tmp/ccWC546p.s 			page 8


 106      CE558011 
 106      B40B1A53 
 106      18C34D2E 
 106      316AC5
 107 007b FD8AEA58 		.ascii	"\375\212\352X\326\262\242\305\2723\251'Z\003&Z\220c"
 107      D6B2A2C5 
 107      BA33A927 
 107      5A03265A 
 107      9063
 108 008d 16D6D121 		.ascii	"\026\326\321!Q\273\343\367\003\276\301\001\003\226\250"
 108      51BBE3F7 
 108      03BEC101 
 108      0396A8
 109 009c DF9F973F 		.ascii	"\337\237\227?\266\030U\241]\324\302\334N\325\345\024"
 109      B61855A1 
 109      5DD4C2DC 
 109      4ED5E514 
 110 00ac 48E4FAFA 		.ascii	"H\344\372\372\355+\311%\255\363:\372\264\304\372\\\300"
 110      ED2BC925 
 110      ADF33AFA 
 110      B4C4FA5C 
 110      C0
 111 00bd 8C4760C9 		.ascii	"\214G`\311\207\015\264\341!\332HL\204\307HJ\364\335"
 111      870DB4E1 
 111      21DA484C 
 111      84C7484A 
 111      F4DD
 112 00cf FCC117E6 		.ascii	"\374\301\027\346\0131\362\303\263\367%\273\011=\\nB"
 112      0B31F2C3 
 112      B3F725BB 
 112      093D5C6E 
 112      42
 113 00e0 9FFC075A 		.ascii	"\237\374\007ZA2\216\177p4\177\312\261\302\277l\261\011"
 113      41328E7F 
 113      70347FCA 
 113      B1C2BF6C 
 113      B109
 114 00f2 87A4725A 		.ascii	"\207\244rZ\253\333\221>\372]\024\006\255{\237\335\004"
 114      ABDB913E 
 114      FA5D1406 
 114      AD7B9FDD 
 114      04
 115 0103 04662973 		.ascii	"\004f)s\011}\001\3330\277\023M\011J\032\242#\272\316"
 115      097D01DB 
 115      30BF134D 
 115      094A1AA2 
 115      23BACE
 116 0116 CA488588 		.ascii	"\312H\205\210\032\310\377(\276\333\250\302d+3\312\362"
 116      1AC8FF28 
 116      BEDBA8C2 
 116      642B33CA 
 116      F2
 117 0127 6103856F 		.ascii	"a\003\205o\223M\203\022\333\277\375\260aaK\2105P{=\375"
 117      934D8312 
 117      DBBFFDB0 
 117      61614B88 
 117      35507B3D 
ARM GAS  /tmp/ccWC546p.s 			page 9


 118 013c D63641E2 		.ascii	"\3266A\342^\230\250\275L\030\267\023W\226\253TK\366"
 118      5E98A8BD 
 118      4C18B713 
 118      5796AB54 
 118      4BF6
 119 014e B1AAF70A 		.ascii	"\261\252\367\012\272EL\215\335\303Wv\210;9\351{x&\340"
 119      BA454C8D 
 119      DDC35776 
 119      883B39E9 
 119      7B7826E0 
 120 0162 04B6A5C4 		.ascii	"\004\266\245\304\252d2\200\331\351\325\325\223\336="
 120      AA643280 
 120      D9E9D5D5 
 120      93DE3D
 121 0171 3D9ED3ED 		.ascii	"=\236\323\355\001\273\330A\210\371x\"\342|\263\362k"
 121      01BBD841 
 121      88F97822 
 121      E27CB3F2 
 121      6B
 122 0182 F174E79A 		.ascii	"\361t\347\232q\206\231\200O\340)\2742\333\361\264\""
 122      71869980 
 122      4FE029BC 
 122      32DBF1B4 
 122      22
 123 0193 740A47FA 		.ascii	"t\012G\372\212|\270u+\246\034Oq\212a\352SD\347S)\357"
 123      8A7CB875 
 123      2BA61C4F 
 123      718A61EA 
 123      5344E753 
 124 01a9 78FBC35E 		.ascii	"x\373\303^_\317\2007\344gG\206\275\264?8\350g\274K\335"
 124      5FCF8037 
 124      E4674786 
 124      BDB43F38 
 124      E867BC4B 
 125 01be 5D97BBAE 		.ascii	"]\227\273\256y\231\321\376t*M\211\276\236\314\325\201"
 125      7999D1FE 
 125      742A4D89 
 125      BE9ECCD5 
 125      81
 126 01cf DEAC3594 		.ascii	"\336\2545\224\355\367\377\000%\355\2619"
 126      EDF7FF00 
 126      25EDB139 
 127              		.text
 128              		.section	.gnu.lto_nvicClearPending.6868f1ed51d10a12,"",%progbits
 129 0000 789C3551 		.ascii	"x\2345Q\317KTQ\024>\337=\357\307\024:\353\240\241\\"
 129      CF4B5451 
 129      143EDF3D 
 129      EFC7143A 
 129      EBA0A15C 
 130 0014 0422C25C 		.ascii	"\004\"\302\\\374\023\302E+7\375\0071\033\203\234\211"
 130      FC13C245 
 130      2B37FD07 
 130      311B839C 
 130      89
 131 0025 0C69E79D 		.ascii	"\014i\347\235\031\235\321\2240\324\011\206\207<q\"Z"
 131      199DD194 
 131      30D40986 
ARM GAS  /tmp/ccWC546p.s 			page 10


 131      873C7122 
 131      5A
 132 0036 94C56836 		.ascii	"\224\305h6\366\3531\344B\242\"\211V\2552\004\013$\005"
 132      F6EB31E4 
 132      42A22289 
 132      56AD3204 
 132      0B2405
 133 0049 2142AD73 		.ascii	"!B\255s\337\243\303\375q\316\271\347;\367\273\337\365"
 133      DFA3C3FD 
 133      71CEB9E7 
 133      3BF7BBDF 
 133      F5
 134 005a 88E81044 		.ascii	"\210\350\020DZ\366\2632\301\0045\363\201\250\230R\200"
 134      5AF6B332 
 134      C10435F3 
 134      81A89852 
 134      80
 135 006b 754C0A34 		.ascii	"uL\0124\2520\212i\236c\264\253;-\325\363\300\210E\367"
 135      AA308A69 
 135      9E63B4AB 
 135      3B2DD5F3 
 135      C08845F7 
 136 007f FE781533 		.ascii	"\376x\0253~&`\242\232Lkh\242G\252>\215=\011x\212\003"
 136      7E2660A2 
 136      9A4C6B68 
 136      A247AA3E 
 136      8D3D0978 
 137 0095 061C09F7 		.ascii	"\006\034\011\367\337\327\267\3236T\350\222\360\330\314"
 137      DFD7B7D3 
 137      3654E892 
 137      F0D8CC
 138 00a4 D5D29C05 		.ascii	"\325\322\234\005\211\377\375\335\322\214\337}\337\230"
 138      89FFFDDD 
 138      D28CDF7D 
 138      DF98
 139 00b2 9289DE36 		.ascii	"\222\211\3366\330\\\010\230\361\014,\015\261\212\014"
 139      D85C0898 
 139      F10C2C0D 
 139      B18A0C
 140 00c1 56902149 		.ascii	"V\220!I\021\326\320m\353\277==\231\357\364\234\344B"
 140      11D6D06D 
 140      EBBF3D3D 
 140      99EFF49C 
 140      E442
 141 00d3 3C874742 		.ascii	"<\207GB\236\226\267\334\310\234\374\255\232\350k\003"
 141      9E96B7DC 
 141      C89CFCAD 
 141      9AE86B03 
 142 00e3 772F09E3 		.ascii	"w/\011\343\200\035%\213\313\326s\354\342\"\356A\023"
 142      801D258B 
 142      CBD673EC 
 142      E222EE41 
 142      13
 143 00f4 82947799 		.ascii	"\202\224w\231\210&YY\257\034\321\017\224\217*\307k\241"
 143      88265959 
 143      AF1CD10F 
 143      948F2AC7 
ARM GAS  /tmp/ccWC546p.s 			page 11


 143      6BA1
 144 0106 B21DEB8C 		.ascii	"\262\035\353\214:\273r\327l\343q\253\323\322vp\036-"
 144      3ABB72D7 
 144      6CE371AB 
 144      D3D27670 
 144      1E2D
 145 0118 212265BF 		.ascii	"!\"e\277*\017\375\244H\2417#\2456yP\231t\223$'\310\315"
 145      2A0FFDA4 
 145      48A13723 
 145      A5367950 
 145      99749324 
 146 012f C6FA5187 		.ascii	"\306\372Q\207E\272p\261\036#K\007\325\377HG\300\222"
 146      45BA70B1 
 146      1E234B07 
 146      D5FF4847 
 146      C092
 147 0141 697FBEBD 		.ascii	"i\177\276\275\033\303\004P\033o\177\364-\300\213UYY"
 147      1BC30450 
 147      1B6F7FF4 
 147      2DC08B55 
 147      5959
 148 0153 DCFBDD91 		.ascii	"\334\373\335\221\204\246]6iI5\177\316n\373!\026\212"
 148      84A65D36 
 148      6949357F 
 148      CE6EFB21 
 148      168A
 149 0165 A27C782E 		.ascii	"\242|x.`\037/E\236\027\322\333\0026\246\213\213\247"
 149      601F2F45 
 149      9E17D2DB 
 149      0236A68B 
 149      8BA7
 150 0177 F5233356 		.ascii	"\365#3V4]\001\247\360\012!\346\343?\221\303/[\253\315"
 150      345D01A7 
 150      F00A21E6 
 150      E33F91C3 
 150      2F5BABCD 
 151 018b 74DFB23D 		.ascii	"t\337\262=\014G\002>\205\327\320B5\376\2577\350\023"
 151      0C47023E 
 151      85D7D042 
 151      35FEAF37 
 151      E813
 152 019d 42B48752 		.ascii	"B\264\207R\270t\007\261\240\326&\344a\"\215\"\352\315"
 152      B87407B1 
 152      A0D626E4 
 152      61228D22 
 152      EACD
 153 01af 6675320A 		.ascii	"fu2\012\303z\360\3125}\275p\343\346\260\316\025\206"
 153      C37AF0CA 
 153      357DBD70 
 153      E3E6B0CE 
 153      1586
 154 01c1 860A797D 		.ascii	"\206\012y}\361\362@\377\300-\235\037\271\232\313\346"
 154      F1F240FF 
 154      C02D9D1F 
 154      B99ACBE6 
 155 01d1 08F97F0B 		.ascii	"\010\371\177\013\343\254\267"
 155      E3ACB7
ARM GAS  /tmp/ccWC546p.s 			page 12


 156              		.text
 157              		.section	.gnu.lto_.symbol_nodes.6868f1ed51d10a12,"",%progbits
 158 0000 789C6363 		.ascii	"x\234cc``\360\002b\006\2463\214\365\014\014\023\316"
 158      6060F002 
 158      6206A633 
 158      8CF50C0C 
 158      13CE
 159 0012 313000A9 		.ascii	"10\000\251]\015\216@\221\263\214\365\214\250\"\347\030"
 159      5D0D8E40 
 159      91B38CF5 
 159      8CA822E7 
 159      18
 160 0023 EB995045 		.ascii	"\353\231PE\3163\3263\243\2100\000\000\337~\022\365"
 160      CE33D633 
 160      A3883000 
 160      00DF7E12 
 160      F5
 161              		.text
 162              		.section	.gnu.lto_.refs.6868f1ed51d10a12,"",%progbits
 163 0000 789C6363 		.ascii	"x\234cc```\004b\006\000\000D\000\010"
 163      60606004 
 163      62060000 
 163      440008
 164              		.text
 165              		.section	.gnu.lto_.decls.6868f1ed51d10a12,"",%progbits
 166 0000 789CBD59 		.ascii	"x\234\275Y{P\224\327\025\337\373\335\005\226\267E\246"
 166      7B5094D7 
 166      15DFFBDD 
 166      0596B745 
 166      A6
 167 0011 B1E9769A 		.ascii	"\261\351v\232:fB\333\300\372H\223\364\2376\004\2612"
 167      3A6642DB 
 167      C0FA4893 
 167      F49F3604 
 167      B132
 168 0023 1D2DB318 		.ascii	"\035-\263\030\247&\323\022\262n\")\017\013\330\211\323"
 168      A726D312 
 168      B26E2229 
 168      0F0BD889 
 168      D3
 169 0034 3FFAE162 		.ascii	"?\372\341bD\361\001\202\240\010\001\001\243\006T\210"
 169      44F10182 
 169      A0080101 
 169      A3065488 
 170 0044 080AA280 		.ascii	"\010\012\242\200\012\010\202\006EE@\020\001\021\021"
 170      0A088206 
 170      45454010 
 170      011111
 171 0053 79A8C843 		.ascii	"y\250\310C\351\271\217o\367\343\223\265\376\321\311"
 171      E9B98F6F 
 171      F7E393B5 
 171      FED1C9
 172 0062 379EFDF6 		.ascii	"7\236\375\366\336\373\273\347\374\3569\367\236{\026"
 172      DEFBBBE7 
 172      FCEE39F7 
 172      9E7B16
 173 0071 6D552A55 		.ascii	"mU*U\320\317T\252G\202J\225\211T\252)xl\240\257\002"
ARM GAS  /tmp/ccWC546p.s 			page 13


 173      D0CF54AA 
 173      47824A95 
 173      8954AA29 
 173      786CA0AF 
 174 0086 049AAA32 		.ascii	"\004\232\2522\025{\324 \325 u \365 \227T/>;`\202\013"
 174      157BD420 
 174      D5207520 
 174      F5209754 
 174      2F3E3B60 
 175 009c BC3F0571 		.ascii	"\274?\005q\003q\347\363\265 o\201|\014\262\012\344W"
 175      0371E7F3 
 175      B5206F81 
 175      7C0CB20A 
 175      E457
 176 00ae 80FB2548 		.ascii	"\200\373%H/|\277\013\362\024d\024\004\203\314\202~-"
 176      2F7CBF0B 
 176      F2146414 
 176      0483CC82 
 176      7E2D
 177 00c0 882B62F6 		.ascii	"\210+b\366\253g\260\223\002\003N3\330\221lH\372%\275"
 177      AB67B093 
 177      02034E33 
 177      D8916C48 
 177      FA25BD
 178 00d3 921D58A2 		.ascii	"\222\035X\242j6b6\020_\213\362\331\013\003\016V\326"
 178      6A366236 
 178      105F8BF2 
 178      D90B030E 
 178      56D6
 179 00e5 40B847C0 		.ascii	"@\270G\300\370Z\220\345\210\351$zVq}\365\274\035\215"
 179      F85A90E5 
 179      88E9247A 
 179      56717DF5 
 179      BC1D8D
 180 00f8 A6EBCCB0 		.ascii	"\246\353\314\260\242\323\032_2]\313u\316\344\347$\214"
 180      A2D31A5F 
 180      325DCB75 
 180      CEE4E724 
 180      8C
 181 0109 DA6A0EE5 		.ascii	"\332j\016\345\3428\214\336r@$b\256\320u\264\377\344"
 181      E2388CDE 
 181      72402462 
 181      AED075B4 
 181      FFE4
 182 011b 9833EB22 		.ascii	"\2303\353\"\210\306\212$g,\320\257\035y1\335\366^y\""
 182      88C68A24 
 182      672CD0AF 
 182      1D7931DD 
 182      F65E7922 
 183 012f 7B347F53 		.ascii	"{4\177S\241\343\010K\232\032w\014\347\330\341w)\360"
 183      A1E3084B 
 183      9A1A770C 
 183      E7D8E177 
 183      29F0
 184 0141 8798FC34 		.ascii	"\207\230\3744\242\325\315\001\251\2419T\237z\307\005"
 184      A2D5CD01 
 184      A9A13954 
ARM GAS  /tmp/ccWC546p.s 			page 14


 184      9F7AC705 
 185 0151 9AEE0EE8 		.ascii	"\232\356\016\350\215$,\2647O\264\272 \007\217XQ\334"
 185      8D242CB4 
 185      374FB4BA 
 185      20078F58 
 185      51DC
 186 0163 20669A44 		.ascii	" f\232D\373\245*t\022i\321\011\244U\241R\344A,\027!"
 186      FBA52A74 
 186      1269D109 
 186      A455A152 
 186      E4412C17 
 187 0178 2F152A84 		.ascii	"/\025*\204\316c\320\371-1W~i\367\037\366\014\213\342"
 187      CE63D0F9 
 187      2D31577E 
 187      69F71FF6 
 187      0C8BE2
 188 018b 1BA80439 		.ascii	"\033\250\0049\240b\204)\006\026\367\226\003#p('!\313"
 188      A0628429 
 188      0616F796 
 188      03237028 
 188      2721CB
 189 019e 165F4084 		.ascii	"\026_@\204\201P\272\267\373\274`\315\306i\2536\256\227"
 189      8150BAB7 
 189      FBBC60CD 
 189      C669AB36 
 189      AE97
 190 01b0 CCADDA28 		.ascii	"\314\255\332(\212\002*\003\033\247,6\300$yA/\030*\251"
 190      8A022A03 
 190      1BA72C36 
 190      C0247941 
 190      2F182AA9 
 191 01c4 283BE3D8 		.ascii	"(;\343\330\216\332\020\354\0034\213\256\037!\366\011"
 191      8EDA10EC 
 191      03348BAE 
 191      1F21F609 
 192 01d4 6F22B43D 		.ascii	"o\"\264=%=\210\365C\257\300^\034J\032\322\024d\356\021"
 192      253D88F5 
 192      43AFC05E 
 192      1C4A1AD2 
 192      1464EE11 
 193 01e8 B80E41D2 		.ascii	"\270\016A\322K\377q\005H\256\225\2153s\322\303\242\316"
 193      4BFF7105 
 193      48AE958D 
 193      3373D2C3 
 193      A2CE
 194 01fa BEC8E6B1 		.ascii	"\276\310\346\261.\301bL6\345\005\256*\363\260\231\224"
 194      2EC1624C 
 194      36E505AE 
 194      2AF3B099 
 194      94
 195 020b 65918887 		.ascii	"e\221\210\207\273\251\177\353\021\247\016t\013Fa;\307"
 195      BBA97FEB 
 195      11A70E74 
 195      0B46613B 
 195      C7
 196 021c 6B4269E0 		.ascii	"kBi\340\367^\355\314\026p\003\333.\325\007\217W \265"
 196      F75EEDCC 
ARM GAS  /tmp/ccWC546p.s 			page 15


 196      167003DB 
 196      2ED5078F 
 196      5720B5
 197 022f C0FC86C2 		.ascii	"\300\374\206\302\324\244\257n\364\300\031\265\271\257"
 197      D4A4AF6E 
 197      F4C019B5 
 197      B9AF
 198 023d 12D1CEF3 		.ascii	"\022\321\316\363S\243\345\256l\273\010d'\015^Lwd\333"
 198      53A3E5AE 
 198      6CBB0864 
 198      270D5E4C 
 198      7764DB
 199 0250 6516D93D 		.ascii	"e\026\331=\247o%\013s\222I|\342M\342,\001}\372St\036"
 199      A76F250B 
 199      7392497C 
 199      E24DE22C 
 199      017DFA53 
 200 0266 A2760EA2 		.ascii	"\242v\016\242\246BUh\016|\236EjF\253 \356\331&\315\334"
 200      A6425568 
 200      0E7C9E45 
 200      6A46AB20 
 200      EED926CD 
 201 027b 4C31B343 		.ascii	"L1\263C,\237j\231w\267P\024!\236\242\232\340P\205%\240"
 201      2C9F6A99 
 201      77B75014 
 201      219EA29A 
 201      E0508525 
 202 0290 1564E3A2 		.ascii	"\025d\343\242r\324\201\320\031\324\016\213\250Fs\311"
 202      72D481D0 
 202      19D40E8B 
 202      A84673C9 
 203 02a0 AA6E950D 		.ascii	"\252n\225\015b\262s\255\361O\271\222U\342l\225L-%sA"
 203      62B273AD 
 203      F14FB992 
 203      55E26C95 
 203      4C2D2573 
 204 02b5 2233D55C 		.ascii	"\"3\325\\\321\353\302\311\364\315I\025\3137\210do\001"
 204      D1EBC2C9 
 204      F4CD4915 
 204      CB378864 
 204      6F01
 205 02c7 0AD558A8 		.ascii	"\012\325X\250\324(\251\324Q*\005O\357\2330NgT\022c\022"
 205      D428A9D4 
 205      512A054F 
 205      EF9B304E 
 205      67541263 
 206 02dc 92ECB9A6 		.ascii	"\222\354\271\246\332\327\315\232\310\242.Z4]Tj\252\247"
 206      DAD7CD9A 
 206      C8A22E5A 
 206      345D546A 
 206      AAA7
 207 02ee 9ACA0EA4 		.ascii	"\232\312\016\244\370\341\022\246h\350T\364_%F?\237\306"
 207      F8E112A6 
 207      68E854F4 
 207      5F25463F 
 207      9FC6
 208 0300 A8C1A2A7 		.ascii	"\250\301\242\247A\251\347\022\325\223\327\224Q\352\304"
ARM GAS  /tmp/ccWC546p.s 			page 16


 208      41A9E712 
 208      D593D794 
 208      51EAC4
 209 030f C2246A89 		.ascii	"\302$j\211\256\212M\205\274=h\007\355\244\303w\212\021"
 209      AE8A4D85 
 209      BC3D6807 
 209      EDA4C377 
 209      8A11
 210 0321 6BC7BB43 		.ascii	"k\307\273C\273\267\351@\2523\213\243\270\017AG\372\344"
 210      BBB7E940 
 210      AA338BA3 
 210      B80F4147 
 210      FAE4
 211 0333 648C1AD7 		.ascii	"d\214\032\3271&\267\257=\257\3439\302dCvFw\353.g\207"
 211      3126B7AF 
 211      3DAFE339 
 211      C2644376 
 211      4677EB2E 
 212 0349 58E2597A 		.ascii	"X\342Yz^\311\200tbU\350\0329\200H\247EM\320\004tnr\326"
 212      5EC98074 
 212      6255E81A 
 212      398048A7 
 212      454DD004 
 213 0361 71EC164F 		.ascii	"q\354\026O\343 \212\037\250i\210\256\000\274\221\302"
 213      E3208A1F 
 213      A86988AE 
 213      00BC91C2 
 214 0371 AF233769 		.ascii	"\257#7i\022Aw\355\357\312\264\347\314m\241\375uBg\266"
 214      124177ED 
 214      EFCAB4E7 
 214      CC6DA1FD 
 214      754267B6 
 215 0385 0B674E88 		.ascii	"\013gN\210]N\330\232\250\346LI\012\334~=\341\217\270"
 215      5D4ED89A 
 215      A8E64C49 
 215      0ADC7E3D 
 215      E18FB8
 216 0398 89F1BC51 		.ascii	"\211\361\274Q\220\230o\303\260\017\011\266$\365Z\252"
 216      90986FC3 
 216      B00F09B6 
 216      24F55AAA 
 217 03a8 A3559E6D 		.ascii	"\243U\236m\022\317V\306\363\350\306\256C\032\230\255"
 217      12CF56C6 
 217      F3E8C6AE 
 217      431A98AD 
 218 03b8 85FC8A64 		.ascii	"\205\374\212d\311U\313\222ka\371\310a5\276A-\011\005"
 218      C955CB92 
 218      6B61F9C8 
 218      6135BE41 
 218      2D0905
 219 03cb 87BBBE44 		.ascii	"\207\273\276D\036\016R\266\363\332\270\211\304\246\023"
 219      1E0E52B6 
 219      F3DAB889 
 219      C4A613
 220 03da 16D66189 		.ascii	"\026\326a\211\215\226,\211f51[\304sTh\221\026\315\207"
 220      8D962C89 
 220      6635315B 
ARM GAS  /tmp/ccWC546p.s 			page 17


 220      C4735468 
 220      9116CD87 
 221 03ee 9C761B72 		.ascii	"\234v\033r\232\226\347\264v\240s\213\331?\224q\360\234"
 221      9A96E7B4 
 221      76A0738B 
 221      D93F9471 
 221      F09C
 222 0400 33EE6406 		.ascii	"3\356d\006n\035~\330\200\315\026 \327\035\243\271\256"
 222      6E1D7ED8 
 222      80CD1620 
 222      D71DA3B9 
 222      AE
 223 0411 1B2CDCB1 		.ascii	"\033,\334\261X\350DVLt\315l\242\251=\271\305\321\022"
 223      58E84456 
 223      4C74CD6C 
 223      A2A93DB9 
 223      C5D112
 224 0424 0A44F5DD 		.ascii	"\012D\365\335\204\361f\352\221\036\032\2126)\024\033"
 224      84F166EA 
 224      911E1A8A 
 224      3629141B 
 225 0434 CE6DBE8F 		.ascii	"\316m\276\217\210\373L\257\246}\367\371\261\207j\271"
 225      88FB4CAF 
 225      A67DF7F9 
 225      B1876AB9 
 226 0444 F6BB2FD3 		.ascii	"\366\273/\323^\324\236\264\231o\311Lr\363\224\264\015"
 226      5ED49EB4 
 226      996FC94C 
 226      72F394B4 
 226      0D
 227 0455 953BB276 		.ascii	"\225;\262v\007q\377X\377\356&\015\017\264\013\264\317"
 227      0771FF58 
 227      FFEE260D 
 227      0FB40BB4 
 227      CF
 228 0466 8EA40D39 		.ascii	"\216\244\0159\341>\026\351\312\226\262X\036\351\367"
 228      E13E16E9 
 228      CA96B258 
 228      1EE9F7
 229 0475 A07971FB 		.ascii	"\240yq\373\311n\353\033r@\012\364\003\306\363yf\332"
 229      C96EEB1B 
 229      72400AF4 
 229      03C6F379 
 229      66DA
 230 0487 3541B921 		.ascii	"5A\271!\357\003\274\217\302\037R\236\003\022\317\224"
 230      EF03BC8F 
 230      C21F529E 
 230      0312CF94 
 231 0497 0763AFF3 		.ascii	"\007c\257\363\375(\277 \335\350\005\211\216\364\236"
 231      FD28BF20 
 231      DDE80589 
 231      8EF49E
 232 04a6 4973E02C 		.ascii	"Is\340,IB<{eo\256\035~\304X>\332\262q\224\237\033r\350"
 232      49423C7B 
 232      656FAE1D 
 232      7EC4583E 
 232      DAB27194 
ARM GAS  /tmp/ccWC546p.s 			page 18


 233 04be BA6A87BF 		.ascii	"\272j\207\277w\261\312\362\261\304\362\021c\231\326"
 233      77B1CAF2 
 233      B1C4F211 
 233      6399D6
 234 04cd 3732E5A2 		.ascii	"72\345\242d9\014\360!\012\177BY>\226X\356n,\360e\241"
 234      64390CF0 
 234      210A7F42 
 234      593E9658 
 234      EE6E2CF0 
 235 04e3 7A951B14 		.ascii	"z\225\033\024&\\9=~\311U\256~\364e\352G\213&Z\370\252"
 235      265C393D 
 235      7EC955AE 
 235      7EF465EA 
 235      478B265A 
 236 04f9 3331D91A 		.ascii	"31\331\032\245\315\011\374\032\350\220\237Zw~j\243{"
 236      A5CD09FC 
 236      1AE8909F 
 236      5A777E6A 
 236      A37B
 237 050b F337613C 		.ascii	"\3637a<\306\3340\222\262q\263\206\201_\203\346\276\243"
 237      C6DC3092 
 237      B271B386 
 237      815F83E6 
 237      BEA3
 238 051d 03FD1AAB 		.ascii	"\003\375\032\253nx.\271\341\031\343\371\254\262=\313"
 238      6E782EB9 
 238      E119E3F9 
 238      ACB23DCB 
 239 052d 55E98609 		.ascii	"U\351\206\011\200\217S\370\024\345\371\\\342YX6\264"
 239      808F53F8 
 239      14E5F95C 
 239      E2595836 
 239      B4
 240 053e 5FCA1E84 		.ascii	"_\312\036\204gwng\266\0036\251)\217\357\312\343jx82"
 240      67776E67 
 240      B60336A9 
 240      298FEFCA 
 240      E36A7838 
 241 0553 49ACA6F6 		.ascii	"I\254\246\366\016\246;\341X6(\005\322\215\007\362\322"
 241      0EA63BE1 
 241      58362805 
 241      D28D07F2 
 241      D2
 242 0564 BDA20201 		.ascii	"\275\242\002\001\357d\203\317\332\343\343\355\370L\262"
 242      EF6483CF 
 242      DAE3E3ED 
 242      F84CB2
 243 0573 37DB9B9B 		.ascii	"7\333\233\233\012\234p\012\033,\352\271P%\315$\203\233"
 243      0A9C700A 
 243      1B2CEAB9 
 243      5025CD24 
 243      839B
 244 0585 8F76C6D9 		.ascii	"\217v\306\331\340L6x\273\355\356\026\027\274\2375\252"
 244      E04C3678 
 244      BBEDEE16 
 244      17BC9F35 
 244      AA
ARM GAS  /tmp/ccWC546p.s 			page 19


 245 0596 AB367C89 		.ascii	"\2536|\211\217\262\357uwb\336f\223bH\202>\237S\220\201"
 245      8FB2EF75 
 245      7762DE66 
 245      93624882 
 245      3E9F5390 
 246 05ab 990333E9 		.ascii	"\231\0033\351\366?V\261\305\344\212\013)\330\265}\334"
 246      F63F56B1 
 246      C5E48A0B 
 246      29D8B57D 
 246      DC
 247 05bc D4EE84E6 		.ascii	"\324\356\204\346\261g\366<\017\372\316\022c\242!\371"
 247      B167F63C 
 247      0FFACE12 
 247      63A221F9 
 248 05cc ECC0370F 		.ascii	"\354\3007\017\325\202++\021z\212\334P\234\200Q\2620"
 248      D5822B2B 
 248      117A8ADC 
 248      509C8051 
 248      B230
 249 05de DB1C4A70 		.ascii	"\333\034Jp%8h\001\251e\331\204\316\345\360\021\015)"
 249      25386801 
 249      A965D984 
 249      CEE5F011 
 249      0D29
 250 05f0 1FC02D88 		.ascii	"\037\300-\210\201\245C\212n \031\232d\236Z\202\216\301"
 250      81A5438A 
 250      6E20199A 
 250      649E5A82 
 250      8EC1
 251 0602 C4CF6892 		.ascii	"\304\317h\222\243%\357\2431\244\320\335\310\321\204"
 251      A325EFA3 
 251      31A4D0DD 
 251      C8D184
 252 0611 C8085210 		.ascii	"\310\010R\020\031T\242;\227Y\320\233\225\264c\005\005"
 252      1954A23B 
 252      9759D09B 
 252      95B46305 
 252      05
 253 0622 93F16516 		.ascii	"\223\361e\026&&A\301d\203\034\035c\022\313\207\227\247"
 253      262641C1 
 253      64831C1D 
 253      6312CB87 
 253      97A7
 254 0634 5234D9D5 		.ascii	"R4\331\325\3339\332|$.[\230$\360\215%B!\200\266\011"
 254      DB39DA7C 
 254      242E5B98 
 254      24F08D25 
 254      422180B6 
 255 0649 5AB4956A 		.ascii	"Z\264\225j\"p81h\267\340\201v\010\363P*H\"H\012H:H\022"
 255      22703831 
 255      68B7E081 
 255      7608F350 
 255      2A482248 
 256 0662 481A4802 		.ascii	"H\032H\002\310N\220\275 \361 {@v\011\363h\015\306h\367"
 256      C84E90BD 
 256      20F1207B 
 256      407609F3 
ARM GAS  /tmp/ccWC546p.s 			page 20


 256      680DC668 
 257 0677 C9686F52 		.ascii	"\311hoR\322\376\332B\233%\372\252z\267h\340BP*\236\344"
 257      D2FEDA42 
 257      9B25FAAA 
 257      7AB768E0 
 257      42502A9E 
 258 068c 2DAA061A 		.ascii	"-\252\006\032\334v\212b\315|re\242\253\334\275\322E"
 258      DC768A62 
 258      CD7C7265 
 258      A2ABDCBD 
 258      D245
 259 069e 8A7E5086 		.ascii	"\212~P\206\356\246\314\362\026\245\345\241\027\320<"
 259      EEA6CCF2 
 259      16A5E5A1 
 259      17D03C
 260 06ad 7490FD50 		.ascii	"t\220\375P?\327-\345DtO\031\272JY\240\243\225\241\023"
 260      3FD72DE5 
 260      44744F19 
 260      BA4A59A0 
 260      A395A113 
 261 06c1 05057A58 		.ascii	"\005\005zX\026\350\215Jt\214\005Mr\363\265\366s\010"
 261      16E88D4A 
 261      748C054D 
 261      72F3B5F6 
 261      7308
 262 06d3 DFA1DB5E 		.ascii	"\337\241\333^\3300^Pd\203f{\314\030$8\303\036\377\227"
 262      D8305E50 
 262      6483667B 
 262      CC182438 
 262      C31EFF97 
 263 06e7 3831CF3F 		.ascii	"81\317?o\320\300\357$\224\001\012\277\021\314\027,\211"
 263      6FD0C0EF 
 263      2494010A 
 263      BF11CC17 
 263      2C89
 264 06f9 03E5B5F9 		.ascii	"\003\345\265\371\356x\035v\332b\376\211B\201\226\254"
 264      EE781D76 
 264      DA62FE89 
 264      428196AC 
 265 0709 B54F70A2 		.ascii	"\265Op\242e7\274I\365U_\335\312\023M,9\313S\367\232"
 265      6537BC49 
 265      F5555FDD 
 265      CA134D2C 
 265      39CB53F7 
 266 071e B379561A 		.ascii	"\263yV\032\244\225\335dz1o\273\313\262\213;\317.\375"
 266      A495DD64 
 266      7A316FBB 
 266      CBB28B3B 
 266      CF2EFD
 267 0731 BBE34CAE 		.ascii	"\273\343L\256V\023\344\267\002O\220'X\202\274\332\326"
 267      5613E4B7 
 267      024F9027 
 267      5882BCDA 
 267      D6
 268 0742 9DECA44C 		.ascii	"\235\354\244L\220\373\301I9\324\261\007\0047i\022A\037"
 268      90FBC149 
 268      39D4B107 
ARM GAS  /tmp/ccWC546p.s 			page 21


 268      04376912 
 268      411F
 269 0754 6FBCFEC4 		.ascii	"o\274\376\304\036?`9\2509yK\277\215tk\304\276\312\255"
 269      1E3F6039 
 269      A839794B 
 269      BF8D746B 
 269      C4BECAAD 
 270 0768 91D353F0 		.ascii	"\221\323S\360\320^n\354\220\360\022cWz\366\305\360+"
 270      D05E6EEC 
 270      90F01263 
 270      577AF6C5 
 270      F02B
 271 077a FEB24AF6 		.ascii	"\376\262J\366k\301\215\375Z\220\022\247;O\234\245U\215"
 271      6BC18DFD 
 271      5A9012A7 
 271      3B4F9CA5 
 271      558D
 272 078c 17101E66 		.ascii	"\027\020\036f\334*\207\363\017\360\271$\221w\304\237"
 272      DC2A87F3 
 272      0FF0B924 
 272      9177C49F 
 273 079c 9DB2EE93 		.ascii	"\235\262\356\223|\311'G\005J\363q|\376\022\245K\016"
 273      7CC92747 
 273      054AF371 
 273      7CFE12A5 
 273      4B0E
 274 07ae 03CB3CCA 		.ascii	"\003\313<\312\262\200\262\314\227X\356I\357;\"(\327"
 274      B280B2CC 
 274      9758EE49 
 274      EF3B2228 
 274      D7
 275 07bf 64151D77 		.ascii	"d\025\035w\376x\025\217m\015i\367<?Vk\207"
 275      FE78158F 
 275      6D0D69F7 
 275      3C3F566B 
 275      87
 276 07d0 4719E9C4 		.ascii	"G\031\351\304\235Ok5x\2025\212\007r\213\235\031\262"
 276      9D4F6B35 
 276      7882358A 
 276      07728B9D 
 276      19B2
 277 07e2 9CB4534B 		.ascii	"\234\264SK\037\325\362\232E#\033v\347\303#\271\203\373"
 277      1FD5F29A 
 277      45231B76 
 277      E7C323B9 
 277      83FB
 278 07f4 6DF1149B 		.ascii	"m\361\024\233\23308\234hku\271%\322r\347\323\325\026"
 278      9B30389C 
 278      686B75B9 
 278      25D272E7 
 278      D3D516
 279 0807 1FCF7EA8 		.ascii	"\037\317~\250Q.\367\004,\240\230.\240\224.\240DZ@it"
 279      512EF704 
 279      2CA0982E 
 279      A0942EA0 
 279      445A4069 
 280 081c 4E13562E 		.ascii	"N\023V.\327*\372`O\332v\036\206\367I\2311\266\257\317"
ARM GAS  /tmp/ccWC546p.s 			page 22


 280      D72AFA60 
 280      4FDA761E 
 280      86F74999 
 280      31B6AFCF 
 281 0830 199B6C28 		.ascii	"\031\233l(\311\007\003\223G]p,k\224\026\237\252\342"
 281      C9070393 
 281      475D702C 
 281      6B94169F 
 281      AAE2
 282 0842 AB9B4F8A 		.ascii	"\253\233O\212\376\274\212\006G\274\215\215M\306g\034"
 282      FEBC8A06 
 282      47BC8D8D 
 282      4DC6671C 
 283 0852 B3C789AC 		.ascii	"\263\307\211\254\261w\244\355\036\337\374\036$\316\331"
 283      B177A4ED 
 283      1EDFFC1E 
 283      24CED9
 284 0861 DFECB4C7 		.ascii	"\337\354\264\307\273\331\330T|\354\036;\234\316\032"
 284      BBD9D854 
 284      7CEC1E3B 
 284      9CCE1A
 285 0870 490D49D9 		.ascii	"I\015I\331\2168\2135\006b\272;\370\326\231\003\315\211"
 285      8E388B35 
 285      0662BA3B 
 285      F8D69903 
 285      CD89
 286 0882 DEA466FE 		.ascii	"\336\244f\376\373\305IV\216\270\363r\344\310\223\355"
 286      FBC54956 
 286      8EB8F372 
 286      E4C893ED 
 287 0892 298EF820 		.ascii	")\216\370 \233z\2759\346$\307:B\323\224w\272\310\306"
 287      9B7ABD39 
 287      E624C73A 
 287      42D39477 
 287      BAC8C6
 288 08a5 AA6B2F4A 		.ascii	"\252k/J\256\255c;i\333\221\2343\266\312\212\371\002"
 288      AEAD633B 
 288      69DB919C 
 288      33B6CA8A 
 288      F902
 289 08b7 78AB867A 		.ascii	"x\253\206z\253\236z\353\242\344\255\206\236\270K\216"
 289      AB9E7AEB 
 289      A2E4AD86 
 289      9EB84B8E 
 290 08c7 CA0AD82A 		.ascii	"\312\012\330*\272\254\261\365\003\234\307H>nh\275\215"
 290      BAACB1F5 
 290      039CC748 
 290      3E6E68BD 
 290      8D
 291 08d8 703E6BC4 		.ascii	"p>k\304\324]8`\207\013Y\243\377P}\215-.a\215\256\236"
 291      D45D3860 
 291      870B59A3 
 291      FF507D8D 
 291      2D2E618D 
 292 08ee F113189F 		.ascii	"\361\023\030\237a\215o\373\263\266\331\343s|N\327@\003"
 292      618D6FFB 
 292      B3B6D9E3 
ARM GAS  /tmp/ccWC546p.s 			page 23


 292      737C4ED7 
 292      4003
 293 0900 77D05672 		.ascii	"w\320Vr\230&\006\213\256J.!\333\255\357q\367\224\006"
 293      9826068B 
 293      AE4A2E21 
 293      DBADEF71 
 293      F79406
 294 0913 D752F06B 		.ascii	"\327R\360k\005\215\0273\355\021\255%,\217\007\177g\211"
 294      058D1733 
 294      ED11AD25 
 294      2C8F077F 
 294      6789
 295 0925 4990AE6F 		.ascii	"I\220\256o\265\360\313\346{\301\015\035\201\214\330"
 295      B5F0CBE6 
 295      7BC10D1D 
 295      818CD8
 296 0934 02094F3A 		.ascii	"\002\011O:\025(W\231\342+?fUE\003\240k9ZZ8\252\226\243"
 296      15285799 
 296      E22B3F66 
 296      554503A0 
 296      6B395A5A 
 297 094c 93E0766E 		.ascii	"\223\340vn\374\204\335\316d\353\025r\2649\365\034\243"
 297      FC84DDCE 
 297      64EB1572 
 297      B439F51C 
 297      A3
 298 095d E893E885 		.ascii	"\350\223\350\205\353\371\032\350k\242\203-<\355\337"
 298      EBF91AE8 
 298      6BA2832D 
 298      3CEDDF
 299 096c 85B4DF07 		.ascii	"\205\264\337\007\251\374\026H/\310\003\220\016\220\333"
 299      A9FC1648 
 299      2FC80390 
 299      0E90DB
 300 097b 20CD20F7 		.ascii	" \315 \367@\356\203t\201\364\200t\203\264\202\364\203"
 300      40EE8374 
 300      81F48074 
 300      83B482F4 
 300      83
 301 098c 0C80B483 		.ascii	"\014\200\264\203\334\004\271\001\322\006r\007\244\323"
 301      DC04B901 
 301      D2067207 
 301      A4D3
 302 099a 7C7DD33A 		.ascii	"|}\323:\342cK\035qF\311\264l\332\272HE\363\011\273\350"
 302      E2634B1D 
 302      7146C9B4 
 302      6CDABA48 
 302      45F309BB 
 303 09af BE032F1C 		.ascii	"\276\003/\034\344h);\362\202UV\243\334\\e\321}E\251"
 303      E468293B 
 303      F2825556 
 303      A3DC5C65 
 303      D17D45A9 
 304 09c3 5B677102 		.ascii	"[gq\002\363Y\255\314g\307g\366\231\274\376\221\351\276"
 304      F359ADCC 
 304      67C767F6 
 304      99BCFE91 
ARM GAS  /tmp/ccWC546p.s 			page 24


 304      E9BE
 305 09d5 AC44E729 		.ascii	"\254D\347)\321\3432\364\245\231\321\022\025\252\374"
 305      D1E332F4 
 305      A599D112 
 305      15AAFC
 306 09e4 130BFCBA 		.ascii	"\023\013\374\272\022\236\245,\334\372\270S\340r\240"
 306      129EA52C 
 306      DCFAB853 
 306      E072A0
 307 09f3 75C834A7 		.ascii	"u\3104\247d\277\240\374\246\314\343\347\224\312\317"
 307      64BFA0FC 
 307      A6CCE3E7 
 307      94CACF
 308 0a02 BE00EF93 		.ascii	"\276\000\357\223\301+\224\360\362\027\340\2352x\345"
 308      C12B94F0 
 308      F217E09D 
 308      3278E5
 309 0a11 CC707939 		.ascii	"\314py9\326\314\312\261\026e9FT\3654\273e\231\310\011"
 309      D6CCCAB1 
 309      16653946 
 309      54F534BB 
 309      6599C809 
 310 0a25 21BA1A95 		.ascii	"!\272\032\225\272\212\225>\256\225Y\256R\242Y9&\017"
 310      BA8A953E 
 310      AE9559AE 
 310      52A25939 
 310      260F
 311 0a37 77E32A4B 		.ascii	"w\343*K\270\257\316\2709d\272\033e\272\317\317\3543"
 311      B8AFCEB8 
 311      3964BA1B 
 311      65BACFCF 
 311      EC33
 312 0a49 79B465E8 		.ascii	"y\264e\350\3233\357\351i\036\226m\216\037f^\246\231"
 312      D333EFE9 
 312      691E966D 
 312      8E1F665E 
 312      A699
 313 0a5b 38C9043C 		.ascii	"8\311\004<\334\247 \334'9\\\272^P\321\264b\257\241}"
 313      DCA720DC 
 313      27395CBA 
 313      5E50D1B4 
 313      62AFA17D 
 314 0a6f 57831A5F 		.ascii	"W\203\032_\2469Ih\273W\030\347\250,\366\244#\217\206"
 314      A6394968 
 314      BB5718E7 
 314      A82CF6A4 
 314      238F86
 315 0a82 E0A4FF18 		.ascii	"\340\244\377\030\247\236\027\203-\266\244\030\034\004"
 315      A79E1783 
 315      2DB6A418 
 315      1C04
 316 0a90 830F2DC5 		.ascii	"\203\017-\305`\213T\014f\367t\236U\313\213\301\301i"
 316      608B540C 
 316      66F7749E 
 316      55CB8BC1 
 316      C169
 317 0aa2 C5E0302F 		.ascii	"\305\3400/\006\207i1\030{\244\277\331\0067\263,\235"
ARM GAS  /tmp/ccWC546p.s 			page 25


 317      06876931 
 317      187BA4BF 
 317      D90637B3 
 317      2C9D
 318 0ab4 D55B7F81 		.ascii	"\325[\177\201\337\222\277 \177\217I\354\337\216X\222"
 318      DF92BF20 
 318      7F8F49EC 
 318      DF8E5892 
 319 0ac4 EE25497B 		.ascii	"\356%I{_\375H\262\003\276\313\260'\312\036,dP\362\003"
 319      5FFD48B2 
 319      03BECBB0 
 319      27CA1E2C 
 319      6450F203 
 320 0ad8 B12DAEB5 		.ascii	"\261-\256\265\005Y\275\266\236J\327\326(\273\266\232"
 320      0559BDB6 
 320      9E4AD7D6 
 320      28BBB69A 
 321 0ae8 9E968D3B 		.ascii	"\236\226\215;\341A\252H\235g\372nP\215<\264\010\340"
 321      E141AA48 
 321      9D67FA6E 
 321      508D3CB4 
 321      08E0
 322 0afa 88FD4589 		.ascii	"\210\375E\211\374\237\200\012=\203\2755&`\351\377\030"
 322      FC9F800A 
 322      3D83BD35 
 322      2660E9FF 
 322      18
 323 0b0b 5245503F 		.ascii	"REP?\370\037\322\015\3375\364=\303\337\226\306\301\375"
 323      F81FD20D 
 323      DF35F43D 
 323      C3DF96C6 
 323      C1FD
 324 0b1d CFA8BD49 		.ascii	"\317\250\275I\210\316\0043\230\221q\372\032\222\337"
 324      88CE0433 
 324      989171FA 
 324      1A92DF
 325 0b2c 7C44F763 		.ascii	"|D\367c\030\177D#\376\234\336|O\245\233\257 \255f\314"
 325      187F4423 
 325      FE9CDE7C 
 325      4FA59BAF 
 325      20AD66CC 
 326 0b40 DE81EB8E 		.ascii	"\336\201\353\216\375_\272s\207s&\247\335\252S/\323]"
 326      FD5FBA73 
 326      877326A7 
 326      DDAA532F 
 326      D35D
 327 0b52 9DF028D7 		.ascii	"\235\360(\327\366\315l\361r\271X>\321\362v\352\206r"
 327      F6CD6CF1 
 327      72B9583E 
 327      D1F276EA 
 327      8672
 328 0b64 D1F40112 		.ascii	"\321\364\001\022\261\033z\002\241\254GseSG\240\347\357"
 328      B11B7A02 
 328      A1AC4773 
 328      655347A0 
 328      E7EF
 329 0b76 820A45E3 		.ascii	"\202\012E\3437U\277\361\362\322\261\177\341\221\272"
ARM GAS  /tmp/ccWC546p.s 			page 26


 329      3755BFF1 
 329      F2D2B17F 
 329      E191BA
 330 0b85 354121BA 		.ascii	"5A!\272\265\341\021Q\221:Cxhhx\230\316[\277\314g\331"
 330      B5E11151 
 330      913A4378 
 330      68687898 
 330      CE5BBFCC 
 331 0b9b 57BAB07F 		.ascii	"W\272\260\177\005\033\274\014\232?-\377\350\015\237"
 331      051BBC0C 
 331      9A3F2DFF 
 331      E80D9F
 332 0baa 050B540E 		.ascii	"\005\013T\016\201\201\353\202\303\242\026-\014\214\372"
 332      8181EB82 
 332      C3A2162D 
 332      0C8CFA
 333 0bb9 1AE9D684 		.ascii	"\032\351\326\204\207\032uA\206H\243gH\320g\272\305\341"
 333      871A7541 
 333      8648A367 
 333      48D067BA 
 333      C5E1
 334 0bcb 8675A1C6 		.ascii	"\206u\241\3060P\261\302\030\024\372g\235\257!$xm\244"
 334      3050B1C2 
 334      1814FA67 
 334      9DAF2124 
 334      786DA4
 335 0bde 31D0E8B9 		.ascii	"1\320\350\271v\235\341\037\013u+\302\303C\"u_\030\014"
 335      769DE11F 
 335      0B752BC2 
 335      C3432275 
 335      5F180C
 336 0bf1 9E4111A1 		.ascii	"\236A\021\241\236a\341aFOc\320g\301\236\357y.\234\277"
 336      9E61E161 
 336      464F63D0 
 336      67C19EEF 
 336      792E9CBF 
 337 0c05 E03DCF7F 		.ascii	"\340=\317\177\276\343\031\032\364ex\204n\332\250.8\314"
 337      BEE3191A 
 337      F4657884 
 337      6EDAA82E 
 337      38CC
 338 0c17 10B26EB5 		.ascii	"\020\262n\265Q\027\032dX\023\034f\324\005\2566~\036"
 338      51171A64 
 338      58131C66 
 338      D405AE36 
 338      7E1E
 339 0c29 B42E242A 		.ascii	"\264.$*0j\375Zc\244\327\032\225F\"\364\357\037\225O"
 339      306AFD5A 
 339      63A4D71A 
 339      954622F4 
 339      EF1F954F 
 340 0c3d E4FA485D 		.ascii	"\344\372H]`d\324j0\016$f\021?\371\206\005}\026b\\i4"
 340      6064D46A 
 340      300E2466 
 340      113FF986 
 340      057D1662 
 341 0c54 448547FC 		.ascii	"D\205G\374\366\325\235\253\372\011y/\016\216\264\314"
ARM GAS  /tmp/ccWC546p.s 			page 27


 341      F6D59DAB 
 341      FA09792F 
 341      0E8EB4CC 
 342 0c64 D6929E00 		.ascii	"\326\222\236\000cT\300\372\310(c\350\322\240\260\325"
 342      6354C0FA 
 342      C82863E8 
 342      D2A0B0D5 
 343 0c74 21C608FF 		.ascii	"!\306\010\377\210\340\360\210\340\250\365\324\226O\210"
 343      88E0F088 
 343      E0A8F5D4 
 343      964F88
 344 0c83 3128C2DF 		.ascii	"1(\302\337\030\006\366\277\260\327\373\006\370\352W"
 344      1806F6BF 
 344      B0D7FB06 
 344      F8EA57
 345 0c92 FA2EFE9D 		.ascii	"\372.\376\235\340\347o\317\"\364~`\224\035\177\233\207"
 345      E0E76FCF 
 345      22F47E60 
 345      941D7F9B 
 345      87
 346 0ca3 DF51FB79 		.ascii	"\337Q\373y\177\25077\027\251\375|\374-\315\205j\277"
 346      7FA83737 
 346      17A9FD7C 
 346      FC2DCD85 
 346      6ABF
 347 0cb5 007FBD46 		.ascii	"\000\177\275F\317Z\013`\320\32728\037\006}\365\352\200"
 347      CF5A0B60 
 347      D0D73238 
 347      1F067DF5 
 347      EA80
 348 0cc7 157EFA5F 		.ascii	"\025~\372_\313Wf\374*J\347\263,\300/\300\354\027Cx\204"
 348      CB5766FC 
 348      2A4AE7B3 
 348      2CC02FC0 
 348      EC174378 
 349 0cdc 31D010BA 		.ascii	"1\320\020\272\010\234b\277|\245\237O\340\012\210\023"
 349      089C62BF 
 349      7CA59F4F 
 349      E00A8813 
 350 0cec CCF6D6AB 		.ascii	"\314\366\326\253\227-[\242\307\336\213\365x1\274\375"
 350      972D5BA2 
 350      C7DE8BF5 
 350      7831BCFD 
 351 0cfc 97E8D5DE 		.ascii	"\227\350\325\336K\002\364\352\017\227x\353m`\010\000"
 351      4B02F4EA 
 351      0F9778EB 
 351      6D600800 
 352 0d0c 8B497B29 		.ascii	"\213I{)\371\360\201\017\233\200\245>\001z\034\260\324"
 352      F9F0810F 
 352      9B80A53E 
 352      017A1CB0 
 352      D4
 353 0d1d 1FFBF8C0 		.ascii	"\037\373\370\300\333Go\343\355\247\367\321\253W\256"
 353      DB476FE3 
 353      EDA7F7D1 
 353      AB57AE
 354 0d2c F88B1EE8 		.ascii	"\370\213\036\350\001\302\307\377#\277\305\360\351\355"
ARM GAS  /tmp/ccWC546p.s 			page 28


 354      01C2C7FF 
 354      23BFC5F0 
 354      E9ED
 355 0d3a A3D704F8 		.ascii	"\243\327\004\370|Hm9\007\006~\276.\314\020\030\350\365"
 355      7C486D39 
 355      07067EBE 
 355      2ECC1018 
 355      E8F5
 356 0d4c EE3BEFFF 		.ascii	"\356;\357\377^#\265\324\2065A\021\377\005\323\005#|"
 356      5E23B5D4 
 356      86354111 
 356      FF05D305 
 356      237C
 357              		.text
 358              		.section	.gnu.lto_.symtab.6868f1ed51d10a12,"",%progbits
 359 0000 6E766963 		.ascii	"nvicEnableVector\000"
 359      456E6162 
 359      6C655665 
 359      63746F72 
 359      00
 360 0011 00       		.ascii	"\000"
 361 0012 00       		.ascii	"\000"
 362 0013 00       		.ascii	"\000"
 363 0014 00000000 		.ascii	"\000\000\000\000\000\000\000\000"
 363      00000000 
 364 001c C7000000 		.ascii	"\307\000\000\000"
 365 0020 6E766963 		.ascii	"nvicDisableVector\000"
 365      44697361 
 365      626C6556 
 365      6563746F 
 365      7200
 366 0032 00       		.ascii	"\000"
 367 0033 00       		.ascii	"\000"
 368 0034 00       		.ascii	"\000"
 369 0035 00000000 		.ascii	"\000\000\000\000\000\000\000\000"
 369      00000000 
 370 003d CB000000 		.ascii	"\313\000\000\000"
 371 0041 6E766963 		.ascii	"nvicSetSystemHandlerPriority\000"
 371      53657453 
 371      79737465 
 371      6D48616E 
 371      646C6572 
 372 005e 00       		.ascii	"\000"
 373 005f 00       		.ascii	"\000"
 374 0060 00       		.ascii	"\000"
 375 0061 00000000 		.ascii	"\000\000\000\000\000\000\000\000"
 375      00000000 
 376 0069 CD000000 		.ascii	"\315\000\000\000"
 377 006d 6E766963 		.ascii	"nvicClearPending\000"
 377      436C6561 
 377      7250656E 
 377      64696E67 
 377      00
 378 007e 00       		.ascii	"\000"
 379 007f 00       		.ascii	"\000"
 380 0080 00       		.ascii	"\000"
 381 0081 00000000 		.ascii	"\000\000\000\000\000\000\000\000"
ARM GAS  /tmp/ccWC546p.s 			page 29


 381      00000000 
 382 0089 CF000000 		.ascii	"\317\000\000\000"
 383              		.text
 384              		.section	.gnu.lto_.opts,"",%progbits
 385 0000 272D666D 		.ascii	"'-fmath-errno' '-fsigned-zeros' '-ftrapping-math' '"
 385      6174682D 
 385      6572726E 
 385      6F272027 
 385      2D667369 
 386 0033 2D666E6F 		.ascii	"-fno-trapv' '-fno-openmp' '-fno-openacc' '-mcpu=cor"
 386      2D747261 
 386      70762720 
 386      272D666E 
 386      6F2D6F70 
 387 0066 7465782D 		.ascii	"tex-m4' '-mno-thumb-interwork' '-mthumb' '-O2' '-fo"
 387      6D342720 
 387      272D6D6E 
 387      6F2D7468 
 387      756D622D 
 388 0099 6D69742D 		.ascii	"mit-frame-pointer' '-falign-functions=16' '-ffuncti"
 388      6672616D 
 388      652D706F 
 388      696E7465 
 388      72272027 
 389 00cc 6F6E2D73 		.ascii	"on-sections' '-fdata-sections' '-fno-common' '-flto"
 389      65637469 
 389      6F6E7327 
 389      20272D66 
 389      64617461 
 390 00ff 2700     		.ascii	"'\000"
 391              		.text
 392              		.comm	__gnu_lto_v1,1,1
 393              		.comm	__gnu_lto_slim,1,1
 394              		.ident	"GCC: (GNU Tools for Arm Embedded Processors 7-2017-q4-major) 7.2.1 20170904 (release) [ARM
ARM GAS  /tmp/ccWC546p.s 			page 30


DEFINED SYMBOLS
                            *ABS*:0000000000000000 nvic.c
                            *COM*:0000000000000001 __gnu_lto_v1
                            *COM*:0000000000000001 __gnu_lto_slim

NO UNDEFINED SYMBOLS
