ARM GAS  /tmp/cc5iwdnM.s 			page 1


   1              		.cpu cortex-m4
   2              		.eabi_attribute 20, 1
   3              		.eabi_attribute 21, 1
   4              		.eabi_attribute 23, 3
   5              		.eabi_attribute 24, 1
   6              		.eabi_attribute 25, 1
   7              		.eabi_attribute 26, 1
   8              		.eabi_attribute 30, 2
   9              		.eabi_attribute 34, 1
  10              		.eabi_attribute 18, 4
  11              		.file	"pal.c"
  12              		.section	.gnu.lto_.profile.2d4390f15eb80406,"",%progbits
  13 0000 789C6363 		.ascii	"x\234cc```\001bF\006\015\031\000\000\344\000P"
  13      60606001 
  13      6246060D 
  13      190000E4 
  13      0050
  14              		.text
  15              		.section	.gnu.lto_.icf.2d4390f15eb80406,"",%progbits
  16 0000 789C6363 		.ascii	"x\234cc``\020a@\000f\206y\373\236\335gb\3345\373u\013"
  16      60601061 
  16      40006686 
  16      79FB9EDD 
  16      6762DC35 
  17 0017 07D3EB57 		.ascii	"\007\323\353W[\257\3612\000\000d\021\011}"
  17      5BAFF132 
  17      00006411 
  17      097D
  18              		.text
  19              		.section	.gnu.lto_.jmpfuncs.2d4390f15eb80406,"",%progbits
  20 0000 789C6363 		.ascii	"x\234cc``hf@\000f\006FF\306\3729@\212\211\221\221\031"
  20      60606866 
  20      40006606 
  20      4646C6FA 
  20      39408A89 
  21 0017 C4006246 		.ascii	"\304\000bF&\030\207q\0163\023\033\003\003\343\001\026"
  21      26188771 
  21      0E33131B 
  21      0303E301 
  21      16
  22 0028 460620FE 		.ascii	"F\006 \376\017\004\374\014h|F\306)\314\214\323Z\017"
  22      0F04FC0C 
  22      687C46C6 
  22      29CC8CD3 
  22      5A0F
  23 003a 9D67EF66 		.ascii	"\235g\357f\006\352ed`\334\314(\003\024z\275g\303\015"
  23      06EA6564 
  23      60DCCC28 
  23      03147ABD 
  23      67C30D
  24 004d 56881044 		.ascii	"V\210\020D\335\026F\031\246JF\014\323\000\214y&%"
  24      DD164619 
  24      A64A460C 
  24      D3008C79 
  24      2625
  25              		.text
  26              		.section	.gnu.lto_.inline.2d4390f15eb80406,"",%progbits
ARM GAS  /tmp/cc5iwdnM.s 			page 2


  27 0000 789C6363 		.ascii	"x\234cc``\370\316\200\000\314\014\014\234\034\214\314"
  27      6060F8CE 
  27      8000CC0C 
  27      0C9C1C8C 
  27      CC
  28 0011 0C0A8C20 		.ascii	"\014\012\214 &\210t\000\223\012\034l\037\364\030\330"
  28      26887400 
  28      930A1C6C 
  28      1FF418D8 
  29 0021 16C83331 		.ascii	"\026\310310\276`g\201\220 \202\003\314\344\000\021\002"
  29      30BE6067 
  29      81902082 
  29      03CCE400 
  29      1102
  30 0033 60A600C8 		.ascii	"`\246\000\310\030F\006>^F\026F\240N\210!\012HF1p3]\340"
  30      1846063E 
  30      5E461646 
  30      A04E8821 
  30      0A484631 
  31 004b 87180564 		.ascii	"\207\030\005d\240\030\302\262@\236\007j\022\363\016"
  31      A018C2B2 
  31      409E076A 
  31      12F30E
  32 005a 710106A0 		.ascii	"q\001\006\240\2352 \276\002X^\001d2\023\003\2670\212"
  32      9D3220BE 
  32      02585E01 
  32      64321303 
  32      B7308A
  33 006d FBA04673 		.ascii	"\373\240Fs\002\345\210s\036\320R\011\220I,\274@\357"
  33      02E58873 
  33      1ED05209 
  33      90492CBC 
  33      40EF
  34 007f 4EF00341 		.ascii	"N\360\003A\006\000\373F \246"
  34      0600FB46 
  34      20A6
  35              		.text
  36              		.section	.gnu.lto_.pureconst.2d4390f15eb80406,"",%progbits
  37 0000 789C6363 		.ascii	"x\234cc```\007bf\006)F)&I\000\001\274\000a"
  37      60606007 
  37      62660629 
  37      46292649 
  37      0001BC00 
  38              		.text
  39              		.section	.gnu.lto_palReadBus.2d4390f15eb80406,"",%progbits
  40 0000 789C9591 		.ascii	"x\234\225\221\337KTQ\020\307\347{\346\356\331\273\231"
  40      DF4B5451 
  40      10C7E77B 
  40      E6EED9BB 
  40      99
  41 0011 FE0169B0 		.ascii	"\376\001i\260\017\202\370\262\367\277\350\3770_z\020"
  41      0F82F8B2 
  41      F7BFE8FF 
  41      305F7A10 
  42 0021 8A16C137 		.ascii	"\212\026\3017\317\256?\243\002\011\177\300r\223}0\202"
  42      CFAE3FA3 
  42      02097FC0 
ARM GAS  /tmp/cc5iwdnM.s 			page 3


  42      72937D30 
  42      82
  43 0032 204A5C5D 		.ascii	" J\\]]\255\256\253\370\246fD\024D\017\365\224\210\250"
  43      5DADAEAB 
  43      F8A66644 
  43      14440FF5 
  43      9488A8
  44 0045 CFA1CE9C 		.ascii	"\317\241\316\234\253\260\017\275\010\367\316\23593\363"
  44      ABB00FBD 
  44      08F7CE9D 
  44      3933F3
  45 0054 99EFDC63 		.ascii	"\231\357\334c\211h\310\020\345\345\333)/\230`\246\366"
  45      8968C810 
  45      E5E5DB29 
  45      2F9860A6 
  45      F6
  46 0065 884AA101 		.ascii	"\210J\241\001\324q!h\330`\030\317x\232q0\372>\346\247"
  46      D4712168 
  46      D86018CF 
  46      789A7130 
  46      FA3EE6A7 
  47 0079 1C4B5920 		.ascii	"\034KY \341\351n\345O\207\206@^\302\243\343\235\332"
  47      E1E96EE5 
  47      4F878640 
  47      5EC2A3E3 
  47      9DDA
  48 008b EDDED7CE 		.ascii	"\355\336\327\316\225]2\367\302\316\327>\273\\\314\206"
  48      955D32F7 
  48      C2CED73E 
  48      BB5CCC86 
  49 009b 66A5BC86 		.ascii	"f\245\274\206.,\241Kg,\243W\212\307\016\346\306\231"
  49      2E2CA14B 
  49      672CA357 
  49      8AC70EE6 
  49      C699
  50 00ad EF82C4FF 		.ascii	"\357\202\304\377q\362\346gG\317+\337\270\275\300\256"
  50      71F2E667 
  50      47CF2BDF 
  50      B8BDC0AE 
  51 00bd 3B66C60A 		.ascii	";f\306\012\270\265Q\216\010u\364h\375\357\305\363\231"
  51      B8B5518E 
  51      0875F468 
  51      FDEFC5F3 
  51      99
  52 00ce 761B5499 		.ascii	"v\033T\231\224-\310UX\2028\357\276d\022w~1\341\222\243"
  52      942DC855 
  52      588238EF 
  52      BE641277 
  52      7E31E192 
  53 00e3 05BCBC97 		.ascii	"\005\274\274\2273\322\026\260\230L \306f\324\263j\262"
  53      33D216B0 
  53      984C20C6 
  53      66D4B36A 
  53      B2
  54 00f4 5056482A 		.ascii	"PVH*\217&\205!\273\272\204\236H(\336HB\207(7\376>\337"
  54      8F268521 
  54      BBBA849E 
ARM GAS  /tmp/cc5iwdnM.s 			page 4


  54      4828DE48 
  54      42872837 
  55 010b B28AAEB0 		.ascii	"\262\212\256\260\221\241\263c\315\375\254.\313^\363"
  55      91A1B363 
  55      CDFDAC2E 
  55      CB5EF3
  56 011a 467377C7 		.ascii	"Fsw\307V1_r\316\345c\316V8\2135]Pr_'\276\377j\213\336"
  56      56315F72 
  56      CEE563CE 
  56      56388B35 
  56      5D50725F 
  57 0134 BA3415A2 		.ascii	"\2724\025\242\201*fT(a\035\221\260\233\215\\\012\346"
  57      812A6654 
  57      28611D91 
  57      B09B8D5C 
  57      0AE6
  58 0146 5670F83F 		.ascii	"Vp\370?pN\246c\343\012\374\255\336\250\267\013x\264"
  58      704EA663 
  58      E30AFCAD 
  58      DEA8B70B 
  58      78B4
  59 0158 A4A95BF8 		.ascii	"\244\251[\370\340\301\2729>zp\371\032\034\334Hb\033"
  59      E0C1BA39 
  59      3E7A70F9 
  59      1A1CDC48 
  59      621B
  60 016a 3E799251 		.ascii	">y\222QR\342I#g\343HQ\031\221)\300V\272\275\021\335"
  60      52E24923 
  60      67E34851 
  60      199129C0 
  60      56BABD11 
  61 017f 60D3D3FD 		.ascii	"`\323\323\375U5S\372\277kz\350\007X:F9\177u\242?jR\266"
  61      553553FA 
  61      BF6B7AE8 
  61      07583A46 
  61      397F75A2 
  62 0197 929B1041 		.ascii	"\222\233\020Aw\012\205(}\036\026\243\007}\003Q\361q"
  62      770A8528 
  62      7D1E16A3 
  62      077D0351 
  62      F171
  63 01a9 7FF4A86F 		.ascii	"\177\364\250o\240\320O|\177\260x\011F\231\313\001"
  63      A0D04F7C 
  63      7FB07809 
  63      4699CB01 
  64              		.text
  65              		.section	.gnu.lto_palWriteBus.2d4390f15eb80406,"",%progbits
  66 0000 789C9553 		.ascii	"x\234\225SKk\023a\024\375\316\334\231\311c:\325\245"
  66      4B6B1361 
  66      14FDCEDC 
  66      99C9633A 
  66      D5A5
  67 0012 68850A4A 		.ascii	"h\205\012J\350&\363/\374\003\375\005m6\012\005\305\350"
  67      E826F32F 
  67      FC03FD05 
  67      6D360A05 
  67      C5E8
ARM GAS  /tmp/cc5iwdnM.s 			page 5


  68 0024 BA93B449 		.ascii	"\272\223\264I\352\013\\\230\024\302\264\204J\253\010"
  68      EA0B5C98 
  68      14C2B484 
  68      4AAB08
  69 0033 A2E22336 		.ascii	"\242\342#6\255u\214Z7\255\322RD\241\270Pp!(\021\\\270"
  69      AD758C5A 
  69      37ADD252 
  69      44A1B850 
  69      70212811 
  70 0049 90C47BBF 		.ascii	"\220\304{\277I4\212\233\0163w\356\363\3343gfl\245\324"
  70      49348A9B 
  70      0E3377EE 
  70      F3DC3367 
  70      666CA5D4 
  71 005d 2829758C 		.ascii	"()u\214\357\207\370\002)\030W^)\225\213\033\2008~\034"
  71      EF87F802 
  71      2918575E 
  71      29958B1B 
  71      80387E1C 
  72 0071 6AD2C024 		.ascii	"j\322\300$.\321UB\263\364i\331\030\271\356\363\021\316"
  72      2ED15542 
  72      B3F469D9 
  72      18B9EEF3 
  72      11CE
  73 0083 7EB78B7E 		.ascii	"~\267\213~\341@\300\343\025\276\344\300=\214p\327\326"
  73      E140C0E3 
  73      15BEE4C0 
  73      3D8C70D7 
  73      D6
  74 0094 F49D802E 		.ascii	"\364\235\200.R@\200\311\341\267\315\352\307A\011\015"
  74      524080C9 
  74      E1B7CDEA 
  74      C741090D 
  75 00a4 0C7358D8 		.ascii	"\014sX\330\232-\022\035\206b\377]\353\346\356`j\321"
  75      9A2D121D 
  75      8662FF5D 
  75      EBE6EE60 
  75      6AD1
  76 00b6 F7F37EB8 		.ascii	"\367\363~\270q\215\374\243\001\021\036\202\030\020\017"
  76      718DFCA3 
  76      01111E82 
  76      18100F
  77 00c5 3084FB18 		.ascii	"0\204\373\030R\234R\250#\305\355s\355\205\227\016\035"
  77      529C52A8 
  77      23C5ED73 
  77      ED85970E 
  77      1D
  78 00d6 D1A34B6B 		.ascii	"\321\243KkA\246;\271\273\250'M<\372w\322TXFJ\332?\334"
  78      41A63BB9 
  78      BBA8274D 
  78      3CFA77D2 
  78      5458464A 
  79 00ed 6D975DDB 		.ascii	"m\227]\333\254\365\330\242\001[\201\235\333\333V\350"
  79      ACF5D8A2 
  79      015B819D 
  79      DBDB56E8 
  80 00fd B73B2526 		.ascii	"\267;%&\260\204\316\361}\200\214\030<l\221\030S\214"
ARM GAS  /tmp/cc5iwdnM.s 			page 6


  80      B084CEF1 
  80      7D808C18 
  80      3C6C9118 
  80      538C
  81 010f C5C6B6C5 		.ascii	"\305\306\266\305\304$\214\213I\210I\262\2119\342\271"
  81      C4248C8B 
  81      498849B2 
  81      8939E2B9 
  82 011f 10924ACD 		.ascii	"\020\222J\3150:\013\347\207\352<\031\342M\205\3523\362"
  82      303A0BE7 
  82      87EA3C19 
  82      E24D85EA 
  82      33F2
  83 0131 EDE297FA 		.ascii	"\355\342\227\372\200,\255\222Q%H\252\221\210b\021\266"
  83      802CAD92 
  83      512548AA 
  83      91886211 
  83      B6
  84 0142 5268BE8E 		.ascii	"Rh\276\216\211F\244\037n\265\271\271n\3270\237c\241"
  84      8946A41F 
  84      6EB5B9B9 
  84      6ED7309F 
  84      63A1
  85 0154 87038A57 		.ascii	"\207\003\212W\311\305\012?\221\324vJo\337;\336-?*\231"
  85      C9C50A3F 
  85      91D4764A 
  85      6FDF3BDE 
  85      2D3F2A99 
  86 0168 58450D65 		.ascii	"XE\015e\375\002\360\030\036\003O\375,\"B6\3652\352_"
  86      FD02F018 
  86      1E034FFD 
  86      2C224236 
  86      F532EA5F 
  87 017c 66ED093D 		.ascii	"f\355\011=\2015\215.B\341I\204^\351\241w\321\266[\033"
  87      81358D2E 
  87      42E14984 
  87      5EE9A177 
  87      D1B65B1B 
  88 0190 738E50B7 		.ascii	"s\216P\267\261\037!\303pO\253\327\023\323$\354\277X"
  88      B11F21C3 
  88      704FABD7 
  88      13D324EC 
  88      BF58
  89 01a2 F13E44AC 		.ascii	"\361>D\254\376\364%t\332\352g\232\334\023\323$\236j"
  89      FEF42574 
  89      DAEA679A 
  89      DC13D324 
  89      9E6A
  90 01b4 A686306D 		.ascii	"\246\2060mFL\177\364\320\035M$\301\271\346\316\005\235"
  90      464C7FF4 
  90      D01D4D24 
  90      C1B9E6CE 
  90      059D
  91 01c6 EB973CF9 		.ascii	"\353\227<\371?\311y$\211g\335Uo\352\215\272\313\253"
  91      3FC97924 
  91      8967DD55 
  91      6FEA8DBA 
ARM GAS  /tmp/cc5iwdnM.s 			page 7


  91      CBAB
  92 01d8 A673521A 		.ascii	"\246sR\032\300s\275J4\347\342\312\374\302\015\374.\272"
  92      C073BD4A 
  92      34E7E2CA 
  92      FCC20DFC 
  92      2EBA
  93 01ea 7801AFCC 		.ascii	"x\001\257\314\037\036\323X\207\307\273\325W\344k\235"
  93      1F1ED358 
  93      87C7BBD5 
  93      57E46B9D 
  94 01fa CB7AADFE 		.ascii	"\313z\255\376KfXN\376.\230\351\301t\332\213\316SY\357"
  94      4B66584E 
  94      FE2E98E9 
  94      C174DA8B 
  94      CE5359EF 
  95 020e C4D88497 		.ascii	"\304\330\204\227=\223\361N\217M\2443\212\306\317e\315"
  95      3D93F14E 
  95      8F4DA433 
  95      8AC6CF65 
  95      CD
  96 021f F19367B3 		.ascii	"\361\223g\263\277\000\266\337\012\015"
  96      BF00B6DF 
  96      0A0D
  97              		.text
  98              		.section	.gnu.lto_palSetBusMode.2d4390f15eb80406,"",%progbits
  99 0000 789C9592 		.ascii	"x\234\225\222\317K\033A\024\307\337w\336f7?\252gi\025"
  99      CF4B1B41 
  99      14C7DF77 
  99      DE66373F 
  99      AA676915 
 100 0014 22548297 		.ascii	"\"T\202\227\354\237\321\277\303FA\304\222b\360\2341"
 100      EC9FD1BF 
 100      C34641C4 
 100      9262F09C 
 100      31
 101 0025 69124B85 		.ascii	"i\022K\205\026Z#\304E\002\022\204\202\264\305\364G\374"
 101      165A23C4 
 101      45021284 
 101      82B4C5F4 
 101      47FC
 102 0037 B9E6D053 		.ascii	"\271\346\320SmQ<\264\324zh\241\320\242b\351Um\337L\332"
 102      6D513CB4 
 102      D47A68A1 
 102      D0A262E9 
 102      556DDF4C 
 103 004c 437B73D8 		.ascii	"C{s\330\231}o\347}?\363\235\307\272D4\246\210\006\344"
 103      997D6FE7 
 103      7D3FF39D 
 103      C7BA4434 
 103      A68806E4 
 104 0060 7D4D2698 		.ascii	"}M&\230\240\036\274%\232\212*\300\004:\012\312+\344"
 104      A01EBC25 
 104      9A8A2AC0 
 104      043A0ACA 
 104      2BE4
 105 0072 31C38F18 		.ascii	"1\303\217\030\355\312\327\226\032\\\3222\302\271=\257"
 105      EDCAD796 
ARM GAS  /tmp/cc5iwdnM.s 			page 8


 105      1A5CD232 
 105      C2B93DAF 
 106 0082 AC4B3D01 		.ascii	"\254K=\001\023Ue\232\201\025\014J\325\356\235\247\001"
 106      1355659A 
 106      81150C4A 
 106      D5EE9DA7 
 106      01
 107 0093 DFE38001 		.ascii	"\337\343\200\001G\322\037;\265/\335&UHJZ\332\235+3\367"
 107      47D21F3B 
 107      B52FDD26 
 107      55484A5A 
 107      DA9D2B33 
 108 00a8 8124FE70 		.ascii	"\201$\376p\372\370\240;\325\320\272\240\303\203E\326"
 108      FAF8A03B 
 108      D5D0BAA0 
 108      C38345D6 
 109 00b8 D70366BC 		.ascii	"\327\003f\274\000\013\020\317\321\213&zI>\021^\"%\345"
 109      000B10CF 
 109      D18B267A 
 109      493E115E 
 109      2225E5
 110 00cb 3F571A0F 		.ascii	"?W\032\017\023\334o\245\207'\315\371\370\037\351\233"
 110      13DC6FA5 
 110      8727CDF9 
 110      F81FE99B 
 111 00db 86953A78 		.ascii	"\206\225:x\365\277\324!\264\2202\365\237\237]\314v\271"
 111      F5BFD421 
 111      B49032F5 
 111      9F9F5DCC 
 111      76B9
 112 00ed 4EFDAF5D 		.ascii	"N\375\257]\254\302%H\360d/\022\352\213_\025\035\236"
 112      ACC22548 
 112      F0642F12 
 112      EA8B5F15 
 112      1D9E
 113 00ff 35F0E946 		.ascii	"5\360\351FL\211,\302\262\270\216,^\304D.\214\003\017"
 113      4C892CC2 
 113      B2B88E2C 
 113      5EC4442E 
 113      8C030F
 114 0112 1646D3A2 		.ascii	"\026F\323\242\227\336\350\220\356\2622Q1\244\357(\254"
 114      97DEE890 
 114      EEB23251 
 114      31A4EF28 
 114      AC
 115 0123 7E3BCE18 		.ascii	"~;\316\030j\215\225\234W-\265\337y\346\326l\355\256"
 115      6A8D959C 
 115      572DB5DF 
 115      79E6D66C 
 115      EDAE
 116 0135 B7775EBB 		.ascii	"\267w^\273u,LI\353\222\001Gk\354bM,\232\275\375\312"
 116      752C4C49 
 116      EB920147 
 116      6BEC624D 
 116      2C9ABDFD 
 117 014a FBC384BF 		.ascii	"\373\303\204\277\254;[1\254\243\216Y\333Rl\300\267\350"
 117      AC3B5B31 
ARM GAS  /tmp/cc5iwdnM.s 			page 9


 117      ACA38E59 
 117      DB526CC0 
 117      B7E8
 118 015c 5807CC97 		.ascii	"X\007\314\227\"\305\261iI\346\226\330\372\227\344\\"
 118      22C5B169 
 118      49E696D8 
 118      FA97E45C 
 119 016c 8A944068 		.ascii	"\212\224@hI\312\220\266-\251xZF\007\025\021_\002\244"
 119      49CA90B6 
 119      2DA9785A 
 119      46071511 
 119      5F02A4
 120 017f 239493B6 		.ascii	"#\224\223\266\253\"o\265\216>z\371s\035\015\370J\325"
 120      AB226FB5 
 120      8E3E7AF9 
 120      731D0DF8 
 120      4AD5
 121 0191 18401B79 		.ascii	"\030@\033y\222\316\330r/\340.:A\241\276v\3372\354\317"
 121      92CED872 
 121      2FE02E3A 
 121      41A1BE76 
 121      DF32ECCF 
 122 01a5 332D65D2 		.ascii	"3-e\322K9\342j:\355w\236l\316\037\035\032\367s\023\031"
 122      4B39E26A 
 122      3AED779E 
 122      6CCE1F1D 
 122      1AF77313 
 123 01ba FFF6D078 		.ascii	"\377\366\320x:C|s2\347\334\312\016\217\374\006J\366"
 123      3A437C73 
 123      32E7DCCA 
 123      0E8FFC06 
 123      4AF6
 124 01cc C91B     		.ascii	"\311\033"
 125              		.text
 126              		.section	.gnu.lto_.symbol_nodes.2d4390f15eb80406,"",%progbits
 127 0000 789C6363 		.ascii	"x\234cc``\010\004b\006\2463\214\365\014\014\023\316"
 127      60600804 
 127      6206A633 
 127      8CF50C0C 
 127      13CE
 128 0012 313000A9 		.ascii	"10\000\251]\015\216@\221\263\214\365\214\250\"\347\030"
 128      5D0D8E40 
 128      91B38CF5 
 128      8CA822E7 
 128      18
 129 0023 EB995044 		.ascii	"\353\231PD\030/2\3263\203E\030\030\032\032\034\030\030"
 129      182F32D6 
 129      33834518 
 129      181A1A1C 
 129      1818
 130 0035 98999819 		.ascii	"\230\231\230\031\226<\374\307\310\000\000f\362\024\317"
 130      963CFCC7 
 130      C8000066 
 130      F214CF
 131              		.text
 132              		.section	.gnu.lto_.refs.2d4390f15eb80406,"",%progbits
 133 0000 789C6363 		.ascii	"x\234cc```\004b\006\000\000D\000\010"
ARM GAS  /tmp/cc5iwdnM.s 			page 10


 133      60606004 
 133      62060000 
 133      440008
 134              		.text
 135              		.section	.gnu.lto_.decls.2d4390f15eb80406,"",%progbits
 136 0000 789CBD58 		.ascii	"x\234\275XkPTG\026\276\335=\203\3030\200\213\356\226"
 136      6B505447 
 136      16BEDD3D 
 136      83C33080 
 136      8BEE96
 137 0013 BBB12CCA 		.ascii	"\273\261,\312E\245\262\201\021\223J\334\375\261\233"
 137      45A5B281 
 137      11934ADC 
 137      FDB19B
 138 0022 44DC6869 		.ascii	"D\334hiVk4\225\362\317N&\303\250l\200a\231!U\251\375"
 138      566B3495 
 138      F2CF4E26 
 138      C3A86C80 
 138      61992155 
 139 0038 B11766A2 		.ascii	"\261\027f\242\370\006|D\321\030\004\203\342\0031\"\212"
 139      F8067C44 
 139      D1180483 
 139      E2033122 
 139      8A
 140 0049 3C1D1150 		.ascii	"<\035\021P$\032D\023\014\012\276\337\212hx(\217=\335"
 140      241A4413 
 140      0C0ABEDF 
 140      8A687828 
 140      8F3DDD
 141 005c 7DEFDCCB 		.ascii	"}\357\334\313\310d\267j\253r\213\236\276\335\367\364"
 141      C864B76A 
 141      AB728B9E 
 141      BEDDF7F4 
 142 006c F9BEF3F5 		.ascii	"\371\276\363\365\351\356{\011\020\004!f\214 \314 \202"
 142      E9EE7B09 
 142      10042166 
 142      8C20CC20 
 142      82
 143 007d B01A09C2 		.ascii	"\260\032\011\302\020\\\032\350;\016\005\272\2040\350"
 143      105C1AE8 
 143      3B0E05BA 
 143      8430E8
 144 008c F3403D16 		.ascii	"\363@=\026jz\321g\257\300}8\224IP\376 \365\253\257\267"
 144      6A7AD167 
 144      AFC07D38 
 144      944950FE 
 144      20F5ABAF 
 145 00a1 B02018E8 		.ascii	"\260 \030\350X:N\340\343\251\237A\250\247@Y\004\345"
 145      583A4EE0 
 145      E3A99F41 
 145      A8A74059 
 145      04E5
 146 00b3 57D04650 		.ascii	"W\320FP\006\340\276\001\212\016q\337APwA\035\014u\010"
 146      06E0BE01 
 146      8A0E71DF 
 146      41507741 
 146      1D0C7508 
ARM GAS  /tmp/cc5iwdnM.s 			page 11


 147 00c7 B591F068 		.ascii	"\265\221\360h\375'\037\254w\000'\004\352\217TX2_\031"
 147      FD271FAC 
 147      77002704 
 147      EA8F5458 
 147      325F19
 148 00da 6750C2D2 		.ascii	"gP\302\322\251\360\256K\230Z\201cP,\212\373\034\332"
 148      A9F0AE4B 
 148      985A8163 
 148      502C8AFB 
 148      1CDA
 149 00ec ED02C70A 		.ascii	"\355\002\307\012\2270\377\342\2039\307\017\346X?\361"
 149      9730FFE2 
 149      8339C70F 
 149      E6583FF1 
 150 00fc 79A4D8DE 		.ascii	"y\244\330\336\206\362*\342\232\006!\005\027\334yu\244"
 150      86F22AE2 
 150      9A062105 
 150      17DC7975 
 150      A4
 151 010d 50B37CF0 		.ascii	"P\263|\3606\020\364\235\273x\033YEP\230\036i\240\371"
 151      3610F49D 
 151      BB781B59 
 151      4550981E 
 151      69A0F9
 152 0120 A429E77A 		.ascii	"\244)\347z\0104\307\352Q84s\312\237\235\326\362\247"
 152      0834C7EA 
 152      51383473 
 152      CA9F9DD6 
 152      F2A7
 153 0132 3A680E15 		.ascii	":h\016\025\024\257\320\021\214\350\300\313\015\205{"
 153      14AFD011 
 153      8CE8C0CB 
 153      0D857B
 154 0141 E9C0297A 		.ascii	"\351\300)zD\2475\024\272\016<(\353\013\346]\324\"\255"
 154      44A73514 
 154      BA0E3C28 
 154      EB0BE65D 
 154      D422AD
 155 0154 B9B64F4B 		.ascii	"\271\266OKF\261\373';\263\007P\364>\221_\272\331\002"
 155      46B1FB27 
 155      3BB30750 
 155      F43E915F 
 155      BAD902
 156 0167 2A4344E6 		.ascii	"*CD\346\320\274\256k\347(\362*5\304\355\255/\332B\220"
 156      D0BCAE6B 
 156      E728F22A 
 156      35C4EDAD 
 156      2FDA4290 
 157 017b 3E324314 		.ascii	">2C\024\323\305\\\227\0308K@%h<:\204\306\013\250\022"
 157      D3C55C97 
 157      18384B40 
 157      25683C3A 
 157      84C60BA8 
 158 0190 4552E7C7 		.ascii	"ER\347\307P\264\200\216B\347\021\350,\240\016k\036w"
 158      50B4808E 
 158      42E711E8 
 158      2CA00E6B 
ARM GAS  /tmp/cc5iwdnM.s 			page 12


 158      1E77
 159 01a2 4FC95A2E 		.ascii	"O\311Z.\212\030U =*G\204\331@\320S\364\034\242pgV^\000"
 159      8A185520 
 159      3D2A4784 
 159      D940D053 
 159      F41CA270 
 160 01ba A9440CA3 		.ascii	"\251D\014\243|\353\315\223\330\037F\215_\214\236\243"
 160      7CEBCD93 
 160      D81F468D 
 160      5F8C9EA3 
 161 01ca 13EB3EA7 		.ascii	"\023\353>\247\030\325\200Q\245`\000$\007q\327vg\005"
 161      18D58051 
 161      A5600024 
 161      0771D776 
 161      6705
 162 01dc 130FD307 		.ascii	"\023\017\323\007\337\352s\227\004\371\0039\341\027d"
 162      DFEA7397 
 162      04F90339 
 162      E11764
 163 01eb A875FAA9 		.ascii	"\250u\372\251\026Q\014G\036\0009\256\200T\313 \027\236"
 163      16510C47 
 163      1E0039AE 
 163      8054CB20 
 163      179E
 164 01fd 746D0A21 		.ascii	"tm\012!i\204\311\272\365\351\345\273\201|~\"U\263\027"
 164      6984C9BA 
 164      F5E9E5BB 
 164      817C7E22 
 164      55B317
 165 0210 C667AF77 		.ascii	"\306g\257w\307\215lL2\270\351\346\346\2033\365@\306"
 165      C78D6C4C 
 165      32B8E9E6 
 165      E68333F5 
 165      40C6
 166 0222 F53F450C 		.ascii	"\365?E\014\003\212\2076t\004\2235|\364#\367\315\216"
 166      038A8736 
 166      74049335 
 166      7CF423F7 
 166      CD8E
 167 0234 20EE791C 		.ascii	" \356y\0344\367\367\266\227jI6\177\266f\203\307\243"
 167      34F7F7B6 
 167      976A4936 
 167      7FB66683 
 167      C7A3
 168 0246 215FF046 		.ascii	"!_\360F\376\226\254\345Z\262\2157\012\2633\213\365d"
 168      FE96ACE5 
 168      5AB28D37 
 168      0AB3338B 
 168      F564
 169 0258 3B6F3477 		.ascii	";o4w\236\3712\210\247\326hh\236\034\352\251\011\345"
 169      9EF93288 
 169      A7D66868 
 169      9E1CEAA9 
 169      09E5
 170 026a 1E31A5B7 		.ascii	"\0361\245\267\347\373\347\201$\227\233~\375\374E'\315"
 170      E7FBE781 
 170      24979B7E 
ARM GAS  /tmp/cc5iwdnM.s 			page 13


 170      FDFC4527 
 170      CD
 171 027b ADC934B7 		.ascii	"\255\3114\267\210*\263&\363\314\252n<U` \005\314\030"
 171      882AB326 
 171      F3CCAA6E 
 171      3C556020 
 171      05CC18
 172 028e 17E5F4F7 		.ascii	"\027\345\364\367\207\312Bg\272Dm\244\200\316B\030\347"
 172      87CA4267 
 172      BA446DA4 
 172      80CE4218 
 172      E7
 173 029f 686C1721 		.ascii	"hl\027!\266\311Rl\347\241\263Y\311\230\322\011e\242"
 173      B6C9526C 
 173      E7A1B359 
 173      C998D209 
 173      65A2
 174 02b1 381A5D00 		.ascii	"8\032]\000\235[\024\235'K2We\375xKO\016r\210\364s\033"
 174      9D5B149D 
 174      274B3257 
 174      65FD784B 
 174      4F0E7288 
 175 02c8 9FFA8568 		.ascii	"\237\372\205h\365\013\321stZ-K\230\037\000\343{\005"
 175      F50BD173 
 175      745A2D4B 
 175      981F00E3 
 175      7B05
 176 02da E3823C97 		.ascii	"\343\202<\227\351\275y\025:r\214\201h\272w\037\276\030"
 176      E9BD7915 
 176      3A728C81 
 176      68BA771F 
 176      BE18
 177 02ec 82C64444 		.ascii	"\202\306DDDf\321\321\231P\020V\246I@?\2421\324\003\272"
 177      4466D1D1 
 177      99501056 
 177      A649403F 
 177      A231D403 
 178 0301 02806D28 		.ascii	"\002\200m(\002]F\021l\005\345QV\2208S\213\272n\210\342"
 178      025D4611 
 178      6C05E551 
 178      56903853 
 178      8BBA6E88 
 179 0316 4A0383BB 		.ascii	"J\003\203\273\004pt\200\227\246\221\272\210\031\357"
 179      04707480 
 179      97A691BA 
 179      8819EF
 180 0325 B5BF17BD 		.ascii	"\265\277\027\275E\254I'\314\370\273\021\215\317RT)\224"
 180      45AC4927 
 180      CCF8BB11 
 180      8DCF5254 
 180      2994
 181 0337 2B457A58 		.ascii	"+EzX\266\324H\220\242\340kWS\357\271_\242G\021\021c"
 181      B6D44890 
 181      A2E06B57 
 181      53EFB95F 
 181      A2471111 
 182 034c 23B9DB8B 		.ascii	"#\271\333\213Ea\371.\261a*[$M\340\367*\032\253\244\332"
ARM GAS  /tmp/cc5iwdnM.s 			page 14


 182      4561F92E 
 182      B1612A5B 
 182      244DE0F7 
 182      2A1AABA4 
 183 0361 3012E0B6 		.ascii	"0\022\340\266\273($\215\261\240\350\337\372\267\316"
 183      BB28248D 
 183      B1A0E8DF 
 183      FAB7CE
 184 0370 A6D690B7 		.ascii	"\246\326\220\267\"\322\250\025\241\326T\221k\240H;("
 184      22D2A815 
 184      A1D65491 
 184      6BA0483B 
 184      28
 185 0381 D22129C2 		.ascii	"\322!)\3029\177[4.\015FP\253\341\244Q\323\261\354\222"
 185      397F5B34 
 185      2E0D4650 
 185      ABE1A451 
 185      D3B1EC92 
 186 0395 C0B1E034 		.ascii	"\300\261\3404\315\277Sa\230GU\376\206\361\374u\237\270"
 186      CDBF5361 
 186      984755FE 
 186      86F1FC75 
 186      9FB8
 187 03a7 70D840AA 		.ascii	"p\330@\252x\302\336l<\220\256#\036\336\330\336T\324"
 187      78C2DE6C 
 187      3C90AE23 
 187      1EDED8DE 
 187      54D4
 188 03b9 A82575BC 		.ascii	"\250%u\274Q\276\267\250\031\2233\274\261\257\254s\025"
 188      51BEB7A8 
 188      199333BC 
 188      B1AFAC73 
 188      15
 189 03ca 222DBCF1 		.ascii	"\"-\274\361d\371\001'\371\221\337\273\277\314<\213\271"
 189      64F90127 
 189      F991DFBB 
 189      BFCC3C8B 
 189      B9
 190 03db EFD7A0B9 		.ascii	"\357\327\240\271i\305\266\016\015_*\035tq|sqw\271\216"
 190      69C5B60E 
 190      0D5F2A1D 
 190      74717C73 
 190      7177B98E 
 191 03ef 5C65B6C1 		.ascii	"\\e\266\301}M7\356\207\202\342\220)pE\322\237<\321\355"
 191      7D4D37EE 
 191      8782E290 
 191      297045D2 
 191      9F3CD1ED 
 192 0403 126B6EED 		.ascii	"\022kn\355\227\244o\000\351\357\202\230\235 \352p1K"
 192      97A46F00 
 192      E9EF8298 
 192      9D20EA70 
 192      314B
 193 0415 10D79E9A 		.ascii	"\020\327\236\232{\242s\304\0327a\3267}\255o \305\\I"
 193      7BA273C4 
 193      1A3761D6 
 193      377DAD6F 
ARM GAS  /tmp/cc5iwdnM.s 			page 15


 193      20C55C49 
 194 0429 47D0E901 		.ascii	"G\320\351\001X\334g\017;\245t\354\006\361{@\252GP\372"
 194      58DC670F 
 194      3BA574EC 
 194      06F17B40 
 194      AA4750FA 
 195 043d A03C83D2 		.ascii	"\240<\203\322\005\3451\224\347P\236B\371\011J/\224'"
 195      05E53194 
 195      E7509E42 
 195      F9094A2F 
 195      9427
 196 044f DE94A50C 		.ascii	"\336\224\245\014.\031\025\006\017}\031\234D\252\\\241"
 196      2E191506 
 196      0F7D199C 
 196      44AA5CA1 
 197 045f D6CFA314 		.ascii	"\326\317\243\024\353[#\363UY{T\276\033}\255O#_1\272"
 197      EB5B23F3 
 197      55597B54 
 197      BE1B7DAD 
 197      4F235F31 
 198 0474 54CE6FFB 		.ascii	"T\316o\373\232\037~\311\374\264\312\373)_\363:\205\213"
 198      9A1F7EC9 
 198      FCB4CAFB 
 198      295FF33A 
 198      858B
 199 0486 9488FBC3 		.ascii	"\224\210\373\303X\"v\016_=\334\325\025\365\254\335\033"
 199      5822760E 
 199      5F3DDCD5 
 199      15F5ACDD 
 199      1B
 200 0497 71D65461 		.ascii	"q\326Ta5\253\200\353G\006V\363\274\247\012\353\316\310"
 200      35AB80EB 
 200      470656F3 
 200      BCA70AEB 
 200      CEC8
 201 04a9 61C9CE61 		.ascii	"a\311\316a\035\016\026\351\271\371uX\002gF\026\215\231"
 201      1D0E16E9 
 201      B9F97558 
 201      02674616 
 201      8D99
 202 04bb 434AD634 		.ascii	"CJ\3264\365\226h\311M\276?VV\270\336@\221cx\264\267"
 202      F59668C9 
 202      4DBE3F56 
 202      56B8DE40 
 202      916378B4 
 203 04d0 0E04D0AD 		.ascii	"\016\004\320\255b\000\306\276P\366<\032\273\237TB\375"
 203      6200C6BE 
 203      50F63C1A 
 203      BB9F5442 
 203      FD
 204 04e1 9041FF4F 		.ascii	"\220A\377O6\001\235]g^\334\320\033Vz\317Z\006\257\254"
 204      36019D5D 
 204      675EDCD0 
 204      1B567ACF 
 204      5A06AFAC 
 205 04f5 E9416490 		.ascii	"\351Ad\220\210\200\355\221\025\233o\007\223.N=\247~"
 205      8880ED91 
ARM GAS  /tmp/cc5iwdnM.s 			page 16


 205      159B6F07 
 205      932E4E3D 
 205      A77E
 206 0507 7B6E208A 		.ascii	"{n \2124H\333\\\343h\272\037\2404l@C\012y\030\016\225"
 206      3448DB5C 
 206      E368BA1F 
 206      A0346C40 
 206      430A7918 
 207 051d 1FEF48C4 		.ascii	"\037\357H\304\221\303\001^\334\331\320\212\370j6\320"
 207      91C3015E 
 207      DCD9D08A 
 207      F86A36D0 
 208 052d 5DBEBC35 		.ascii	"]\276\2745+TZ\315\364\361\263\365\227\332C\310\000\031"
 208      2B545ACD 
 208      F4F1B3F5 
 208      97DA43C8 
 208      0019
 209 053f F61AB5E8 		.ascii	"\366\032\265\350\345\327\250E\374\260{p\356\354yD\334"
 209      E5D7A845 
 209      FCB07B70 
 209      EEEC7944 
 209      DC
 210 0550 1A46F752 		.ascii	"\032F\367R\327w\304\337K\305\012\340\261H:\210\226\341"
 210      D777C4DF 
 210      4BC50AE0 
 210      B1483A88 
 210      96E1
 211 0562 F1E8732C 		.ascii	"\361\350s,\037DgW\376\376\301 }\251\310\300z\264\034"
 211      1F446757 
 211      FEFEC120 
 211      7DA9C8C0 
 211      7AB41C
 212 0575 7BE35AC4 		.ascii	"{\343Z\304\317!\355\336\342\265\356P8z`3\0316C.\360"
 212      CF21EDDE 
 212      E2B5EE50 
 212      387A6033 
 212      1936432E 
 213 058a 928EA980 		.ascii	"\222\216\251\200+1\237\236\325\200\261\012G\240\265"
 213      2B319F9E 
 213      D580B10A 
 213      47A0B5
 214 0599 50D660F5 		.ascii	"P\326`\365\371S_H\006\363\327\256\021s=\\\276Z\220\217"
 214      F9535F48 
 214      06F3D7AE 
 214      11733D5C 
 214      BE5A908F 
 215 05ad 8E1A2195 		.ascii	"\216\032!\2259\251\213_\361U\001F\303W\005\365VW(\255"
 215      39A98B5F 
 215      F1550146 
 215      C35705F5 
 215      565728AD 
 216 05c1 0ACAD88D 		.ascii	"\012\312\330\215}\\\015\313\\j~-\222'.}i*\035\021\230"
 216      7D5C0DCB 
 216      5C6A7E2D 
 216      92272E7D 
 216      692A1D11 
 217 05d6 AF0A90B3 		.ascii	"\257\012\220\263\257\360\3513Bvi\231\234\313\253zJ\210"
ARM GAS  /tmp/cc5iwdnM.s 			page 17


 217      AFF0E933 
 217      42766999 
 217      9CCBAB7A 
 217      4A88
 218 05e8 3773BF2D 		.ascii	"7s\277-d\231\233\005\203\327)\"Q~>\231+\353\2022A\216"
 218      64999B05 
 218      83D72922 
 218      517E3E99 
 218      2BEB8232 
 219 05fe 9F9306F0 		.ascii	"\237\223\006\360\356\325\271\352\261:3\263\260:3\263"
 219      EED5B9EA 
 219      B13A33B3 
 219      B03A33B3 
 220 060e 314D2D56 		.ascii	"1M-V\203\361\236\246\302~\015\331\317\311u\327\336\316"
 220      83F19EA6 
 220      C27E0DD9 
 220      CFC975D7 
 220      DECE
 221 0620 D7F99BEC 		.ascii	"\327\371\233\354\215\330\377\033\344k\247\331\033\344"
 221      8DD8FF1B 
 221      E46BA7D9 
 221      1BE4
 222 062e 06906E3D 		.ascii	"\006\220n=\366y\203\244\275\000t\354xeuP;\274B\300'"
 222      F67983A4 
 222      BD0074EC 
 222      78657550 
 222      3BBC42C0 
 223 0643 021ACDB8 		.ascii	"\002\032\315\270\"\304\177\241\246\205\265\207\344\013"
 223      22C47FA1 
 223      A685B587 
 223      E40B
 224 0651 F17EE8C5 		.ascii	"\361~\350\305\274\222LiC\036\202\274=X\362\201e\277"
 224      BC924C69 
 224      431E82BC 
 224      3D58F281 
 224      65BF
 225 0663 EC4F7280 		.ascii	"\354Or\200\324^\371s\016'_\002\267\347|\224q\274\013"
 225      D45EF973 
 225      0E275F02 
 225      B7E77C94 
 225      71BC0B
 226 0676 2B60AA21 		.ascii	"+`\252!/q\025\274\217\275\244\224 \22145\027\036\254"
 226      2F7115BC 
 226      8FBDA494 
 226      20913435 
 226      171EAC
 227 0689 2E3274C0 		.ascii	".2t\300\373\024\254\004A\310\324%\262\365v\265\271b"
 227      FB14AC04 
 227      41C8D425 
 227      B2F576B5 
 227      B962
 228 069b 40474AD9 		.ascii	"@GJ\331\034\240\333=\335\307\0035\230O\020J\322\320"
 228      1CA0DB3D 
 228      DDC70335 
 228      984F104A 
 228      D2D0
 229 06ad BE4CD79E 		.ascii	"\276L\327\236\012\355\270M,!\\\342h\314\262N~u\022P"
ARM GAS  /tmp/cc5iwdnM.s 			page 18


 229      0AEDB84D 
 229      2C215CE2 
 229      68CCB24E 
 229      7E751250 
 230 06c1 0E1E07BF 		.ascii	"\016\036\007\277[\260\206\203\264\035\352\354G\023s"
 230      5BB08683 
 230      B41DEAEC 
 230      471373
 231 06d0 C5DC0E58 		.ascii	"\305\334\016X\207G\311\212\023\313a\215\240\267\251"
 231      8747C98A 
 231      13CB618D 
 231      A0B7A9
 232 06df 19DAACCC 		.ascii	"\031\332\254\314\016\334\302\357\027\270\003\241M\270"
 232      0EDCC2EF 
 232      17B803A1 
 232      4DB8
 233 06ed 1D186DC5 		.ascii	"\035\030m\305\023\351\276\266\331\325\030D\3328\231"
 233      13E9BEB6 
 233      D9D51844 
 233      DA3899
 234 06fc 65F5E73D 		.ascii	"e\365\347=\243\030\031\212\310\311tg\264=\014\360\022"
 234      A318198A 
 234      C8C97467 
 234      B43D0CF0 
 234      12
 235 070d FC12B3CE 		.ascii	"\374\022\263\316\303\217\333[B\324\014?\372\215\212"
 235      C38FDB5B 
 235      42D40C3F 
 235      FA8D8A
 236 071c E0578CE0 		.ascii	"\340W\214\340v\231`yc^[\200D\360\342V\003,\244t\221"
 236      76996079 
 236      635E5B80 
 236      44F0E256 
 236      032CA474 
 237 0731 BEB48219 		.ascii	"\276\264\202\031\332\246\020\334\346K0\227\021\034\270"
 237      DAA610DC 
 237      E64B3097 
 237      111CB8
 238 0740 72BD0B93 		.ascii	"r\275\013\223;\234\340\221\206\352\014=#Cs\217\023,"
 238      3B9CE091 
 238      86EA0C3D 
 238      2343738F 
 238      132C
 239 0752 E8DF7A59 		.ascii	"\350\337zY\343%\230\307\011\212\347\367]\016\365Kp'"
 239      E32598C7 
 239      098AE7F7 
 239      5D0EF54B 
 239      7027
 240 0764 23982F13 		.ascii	"#\230/\023\\q~k\207N\"xz\202\227\037X\241\035\012\277"
 240      5C717E6B 
 240      874E2278 
 240      7A82971F 
 240      58A11D0A 
 241 0779 1DBEFCBE 		.ascii	"\035\276\374\276f\374\036~\355Z\037J\272\375\363\033"
 241      66FC1E7E 
 241      ED5A1F4A 
 241      BAFDF31B 
ARM GAS  /tmp/cc5iwdnM.s 			page 19


 242 0789 DAB2363F 		.ascii	"\332\2626?\300+\352.\316\257\361f]#\237v\272\225\355"
 242      C02BEA2E 
 242      CEAFF166 
 242      5D239F76 
 242      BA95ED
 243 079c E69D2D7B 		.ascii	"\346\235-{\236\375\331/\347=\214s\241\314y\303\221\332"
 243      9EFDD92F 
 243      E73D8C73 
 243      A1CC79C3 
 243      91DA
 244 07ae CA40E0DC 		.ascii	"\312@\340\334\301\026dx\177\361\0351C\317\254P\201\302"
 244      C1166478 
 244      7FF11D31 
 244      43CFAC50 
 244      81C2
 245 07c0 B900F36F 		.ascii	"\271\000\363o`\264\227q\315\205\217\022LV\0070"
 245      60B49771 
 245      CD858F12 
 245      4C560730 
 246 07d0 AEDFB7BA 		.ascii	"\256\337\267\272\313\244C$\210R\277\272\261:\220\037"
 246      CBA44324 
 246      8852BFBA 
 246      B13A901F 
 247 07e0 223FD0C7 		.ascii	"\"?\320\307;\232\236n\322\223\034n;\320yn\300\300m\351"
 247      3B9A9E6E 
 247      D2931C6E 
 247      3BD0796E 
 247      C0C06DE9 
 248 07f4 E27ED1B0 		.ascii	"\342~\321\260\354+D\277\365Di\313\201~e\3079\210a\037"
 248      EC2B44BF 
 248      F54469CB 
 248      817E65C7 
 248      3988611F 
 249 0808 804D1115 		.ascii	"\200M\021\025c\366\235w\241\267\362\271\201\3443O\232"
 249      63F69D77 
 249      A1B7F2B9 
 249      81E4334F 
 249      9A
 250 0819 7DAE3D9D 		.ascii	"}\256=\235\032\0249\036\2019\322\027\310\337\353\002"
 250      1A14391E 
 250      8139D217 
 250      C8DFEB02 
 251 0829 2A05C1BE 		.ascii	"*\005\301\276\221\350\302\225#\202\373\316\177\323n"
 251      91E8C295 
 251      2382FBCE 
 251      7FD36E
 252 0838 B8D7B19A 		.ascii	"\270\327\261\232\355Sb\276H\306\011\350\365\361h*\354"
 252      ED5362BE 
 252      48C609E8 
 252      F5F1682A 
 252      EC
 253 0849 52876097 		.ascii	"R\207`\227*ex\207a\313,\341\200U\215\315\255!a\231\322"
 253      2A657887 
 253      61CB2CE1 
 253      80558DCD 
 253      AD216199 
 254 085e 86FA3662 		.ascii	"\206\3726b\276\213\340\371~v\324\034\301a2Kj}p[C_\240"
ARM GAS  /tmp/cc5iwdnM.s 			page 20


 254      BE8BE0F9 
 254      7E76D41C 
 254      C161324B 
 254      6A7D705B 
 255 0875 5EF29DF1 		.ascii	"^\362\235\361\337|\267\\Y=C\355\372\350\317\271\256"
 255      DF7CB75C 
 255      593D43ED 
 255      FAE8CFB9 
 255      AE
 256 0886 6B59D782 		.ascii	"kY\327\202&\345\213\347j\330\322\\u\335-\246-\203\023"
 256      26E58BE7 
 256      6AD8D25C 
 256      75DD2DA6 
 256      2D8313
 257 0899 A90C87A1 		.ascii	"\251\014\207\241\0030K\260\004U\203\367A\317\337\341"
 257      03304BB0 
 257      045583F7 
 257      41CFDFE1 
 258 08a9 83EC189E 		.ascii	"\203\354\030\236D\3773\262\375P\275\216\354\346\372"
 258      44FF33B2 
 258      FD50BD8E 
 258      ECE6FA
 259 08b8 BBF65595 		.ascii	"\273\366U\225j\375\012^!\013\276\237s|\364\240`\257"
 259      6AFD0A5E 
 259      210BBE9F 
 259      737CF4A0 
 259      60AF
 260 08ca D6377EE5 		.ascii	"\3267~\345\250\255d$+d\222\245u[~\322\373\206\344\327"
 260      A8AD6424 
 260      2B6492A5 
 260      755B7ED2 
 260      FB86E4D7 
 261 08de FAC4B1BC 		.ascii	"\372\304\261\274R\275\024\322\265W\322rk\322\302Q\225"
 261      52BD14D2 
 261      B557D272 
 261      6BD2C251 
 261      95
 262 08ef 140E2C58 		.ascii	"\024\016,X\325\300r)\234j\026N\345\336\336\307\006\365"
 262      D5C07229 
 262      9C6A164E 
 262      E5DEDEC7 
 262      06F5
 263 0901 29453355 		.ascii	")E3U\011\241F:\245j\330)U\267*\257JCJ\245\334kK\033"
 263      09A1463A 
 263      A56AD829 
 263      55B72AAF 
 263      4A434AA5 
 264 0919 943E5D42 		.ascii	"\224>]B\350r\272\333\232/\345i'\373\177\300\275\262"
 264      E872BADB 
 264      9A2FE569 
 264      27FB7FC0 
 264      BDB2
 265 092b 13D27F90 		.ascii	"\023\322\177\220\202\351\227\214g\347\243@\277J\235"
 265      82E9978C 
 265      67E7A340 
 265      BF4A9D
 266 093a 9495AAE5 		.ascii	"\224\225\252\345J\211\256\236[\006_\245N@\010\036\026"
ARM GAS  /tmp/cc5iwdnM.s 			page 21


 266      4A89AE9E 
 266      5B065FA5 
 266      4E40081E 
 266      16
 267 094b 421D8BFD 		.ascii	"B\035\213\375\244\034\373.\217\273\374%\245\374Z\227"
 267      A41CFB2E 
 267      8FBBFC25 
 267      A5FC5A97 
 268 095b DFEF381A 		.ascii	"\337\3578\032()ui\002W\252^R\012\266\016\325\300\343"
 268      28297569 
 268      0257AA5E 
 268      520AB60E 
 268      D5C0E3
 269 096e 92520D78 		.ascii	"\222R\015x\222\240I\2648>\371mt\264\221\377\331\035"
 269      92A049B4 
 269      383EF96D 
 269      74B491FF 
 269      D91D
 270 0980 C6A59604 		.ascii	"\306\245\226\004\243#\305jL\266$D[u\357\375\355\203"
 270      A323C56A 
 270      4CB62444 
 270      5B75EFFD 
 270      ED83
 271 0992 F0193131 		.ascii	"\360\03111\202\336lN\215Or\276>\315\354\\\206\214K\355"
 271      82DE6C4E 
 271      8D4F72BE 
 271      3ECDEC5C 
 271      868C4BED 
 272 09a6 8936A3C5 		.ascii	"\2116\243\305\352\260E%X>6\306\332\255\251\211\266$"
 272      EAB04525 
 272      583E36C6 
 272      DAADA989 
 272      B624
 273 09b8 A7C3B8D0 		.ascii	"\247\303\270\320fI\234c\234iM\210Ov\330\314\266\250"
 273      66499C63 
 273      9C694D88 
 273      4F76D8CC 
 273      B6A8
 274 09ca E454EB27 		.ascii	"\344T\353'\323\214\013\355\366\004\207q\211\325\032"
 274      D38C0BED 
 274      F6048771 
 274      89D51A
 275 09d9 6549498C 		.ascii	"eII\214J\262'\331\242l\226\217\343\243\336\212\2326"
 275      4AB227D9 
 275      A26C968F 
 275      E3A3DE8A 
 275      9A36
 276 09eb 35E6ADA8 		.ascii	"5\346\255\250\177\276\021\225h\371\207=\3058\354\251"
 276      7FBE1195 
 276      68F9873D 
 276      C538ECA9 
 277 09fb 313EC99A 		.ascii	"1>\311\232\220\032g3&Z\254K\343\223lFs\234m\261%5\301"
 277      901A6733 
 277      265AAC4B 
 277      E3936C46 
 277      739C6DB1 
 278 0a12 69767E96 		.ascii	"iv~\226lsD/\025t2\241\177\375\242|\034\2379\214f\207"
ARM GAS  /tmp/cc5iwdnM.s 			page 22


 278      6C73442F 
 278      157432A1 
 278      7FFDA27C 
 278      1C9F398C 
 279 0a28 330EC081 		.ascii	"3\016\300\201\204!\336\236lOqR\025\315\316\030_\035"
 279      8421DE9E 
 279      6C4F7152 
 279      15CDCE18 
 279      5F1D
 280 0a3a E9238771 		.ascii	"\351#\207q\301\302\367_\237f\234;7\326\370\336\374\331"
 280      C1C2F75F 
 280      9F669C3B 
 280      37D6F8DE 
 280      FCD9
 281 0a4c F33E9D46 		.ascii	"\363>\235F\2455'$\304\301\360\000j\021\037\247y\347"
 281      A5352724 
 281      C4C1F000 
 281      6A111FA7 
 281      79E7
 282 0a5e AFA659F4 		.ascii	"\257\246Y\364g\256f\356\2149&\315\273\013L&\364!\232"
 282      67AE66EE 
 282      8C3926CD 
 282      BB0B4C26 
 282      F4219A
 283 0a71 A5B526D8 		.ascii	"\245\265&\330,)\222\3661o\232\235:\371\2068lN2/\326"
 283      2C2992F6 
 283      316F9A9D 
 283      3AF98638 
 283      6C4E322F 
 284 0a86 4466C79A 		.ascii	"Df\307\232\264\363?\230\037k\0325o\301\374\2313cM\001"
 284      B4F33F98 
 284      1F6B1A35 
 284      6FC1FC99 
 284      33634D01 
 285 0a9a F3162E9A 		.ascii	"\363\026.\232?\323\244}\177^\354L\023y\327d28\234\211"
 285      3FD3A47D 
 285      7F5EEC4C 
 285      1379D764 
 285      32389C89 
 286 0aae 20D392E4 		.ascii	" \323\222\344x\273\331\251\347|\343\343\314\316\000"
 286      78BBD9A9 
 286      E77CE3E3 
 286      CCCE00
 287 0abd FBE2C5E0 		.ascii	"\373\342\305\340\305@]\232\027[\034\316\351f\347\247"
 287      C5405D9A 
 287      175B1CCE 
 287      E966E7A7 
 288 0acd BFAC94B2 		.ascii	"\277\254\224\262\212\023|\205\223-h\022.\025\264\263"
 288      8A137C85 
 288      932D6812 
 288      2E15B4B3 
 289 0add E7BD9BEA 		.ascii	"\347\275\233\352\320\305\333\023\355q6\210\001zM6K\034"
 289      D0C5DB13 
 289      ED713688 
 289      017A4D36 
 289      4B1C
 290 0aef F4FDCE6F 		.ascii	"\364\375\316o\346\012AP}\230\022\357\264\201Y0\334/"
ARM GAS  /tmp/cc5iwdnM.s 			page 23


 290      E60A4150 
 290      7D9812EF 
 290      B4815930 
 290      DC2F
 291 0b01 B039E1EE 		.ascii	"\2609\341\356}\360\360k\2634\001f\010\177I\212=5\231"
 291      7DF0F06B 
 291      B3340166 
 291      087F498A 
 291      3D3599
 292 0b14 FA0D369B 		.ascii	"\372\0156\233\027\247&Y\315\346\3507\337\230\036\243"
 292      17A72659 
 292      CDE6E837 
 292      DF981EA3 
 293 0b24 935B1AEB 		.ascii	"\223[\032\353RK\312\260go\252[\177\214\371\017JAt/"
 293      524BCAB0 
 293      676FAA5B 
 293      7F8CF90F 
 293      4A41742F 
 294              		.text
 295              		.section	.gnu.lto_.symtab.2d4390f15eb80406,"",%progbits
 296 0000 70616C52 		.ascii	"palReadBus\000"
 296      65616442 
 296      757300
 297 000b 00       		.ascii	"\000"
 298 000c 00       		.ascii	"\000"
 299 000d 00       		.ascii	"\000"
 300 000e 00000000 		.ascii	"\000\000\000\000\000\000\000\000"
 300      00000000 
 301 0016 1B010000 		.ascii	"\033\001\000\000"
 302 001a 70616C57 		.ascii	"palWriteBus\000"
 302      72697465 
 302      42757300 
 303 0026 00       		.ascii	"\000"
 304 0027 00       		.ascii	"\000"
 305 0028 00       		.ascii	"\000"
 306 0029 00000000 		.ascii	"\000\000\000\000\000\000\000\000"
 306      00000000 
 307 0031 20010000 		.ascii	" \001\000\000"
 308 0035 70616C53 		.ascii	"palSetBusMode\000"
 308      65744275 
 308      734D6F64 
 308      6500
 309 0043 00       		.ascii	"\000"
 310 0044 00       		.ascii	"\000"
 311 0045 00       		.ascii	"\000"
 312 0046 00000000 		.ascii	"\000\000\000\000\000\000\000\000"
 312      00000000 
 313 004e 25010000 		.ascii	"%\001\000\000"
 314 0052 5F70616C 		.ascii	"_pal_lld_setgroupmode\000"
 314      5F6C6C64 
 314      5F736574 
 314      67726F75 
 314      706D6F64 
 315 0068 00       		.ascii	"\000"
 316 0069 02       		.ascii	"\002"
 317 006a 00       		.ascii	"\000"
 318 006b 00000000 		.ascii	"\000\000\000\000\000\000\000\000"
ARM GAS  /tmp/cc5iwdnM.s 			page 24


 318      00000000 
 319 0073 2B010000 		.ascii	"+\001\000\000"
 320              		.text
 321              		.section	.gnu.lto_.opts,"",%progbits
 322 0000 272D666D 		.ascii	"'-fmath-errno' '-fsigned-zeros' '-ftrapping-math' '"
 322      6174682D 
 322      6572726E 
 322      6F272027 
 322      2D667369 
 323 0033 2D666E6F 		.ascii	"-fno-trapv' '-fno-openmp' '-fno-openacc' '-mcpu=cor"
 323      2D747261 
 323      70762720 
 323      272D666E 
 323      6F2D6F70 
 324 0066 7465782D 		.ascii	"tex-m4' '-mno-thumb-interwork' '-mthumb' '-O2' '-fo"
 324      6D342720 
 324      272D6D6E 
 324      6F2D7468 
 324      756D622D 
 325 0099 6D69742D 		.ascii	"mit-frame-pointer' '-falign-functions=16' '-ffuncti"
 325      6672616D 
 325      652D706F 
 325      696E7465 
 325      72272027 
 326 00cc 6F6E2D73 		.ascii	"on-sections' '-fdata-sections' '-fno-common' '-flto"
 326      65637469 
 326      6F6E7327 
 326      20272D66 
 326      64617461 
 327 00ff 2700     		.ascii	"'\000"
 328              		.text
 329              		.comm	__gnu_lto_v1,1,1
 330              		.comm	__gnu_lto_slim,1,1
 331              		.ident	"GCC: (GNU Tools for Arm Embedded Processors 7-2017-q4-major) 7.2.1 20170904 (release) [ARM
ARM GAS  /tmp/cc5iwdnM.s 			page 25


DEFINED SYMBOLS
                            *ABS*:0000000000000000 pal.c
                            *COM*:0000000000000001 __gnu_lto_v1
                            *COM*:0000000000000001 __gnu_lto_slim

NO UNDEFINED SYMBOLS
