ARM GAS  /tmp/cc2HMOlN.s 			page 1


   1              		.cpu cortex-m4
   2              		.eabi_attribute 20, 1
   3              		.eabi_attribute 21, 1
   4              		.eabi_attribute 23, 3
   5              		.eabi_attribute 24, 1
   6              		.eabi_attribute 25, 1
   7              		.eabi_attribute 26, 1
   8              		.eabi_attribute 30, 2
   9              		.eabi_attribute 34, 1
  10              		.eabi_attribute 18, 4
  11              		.file	"chregistry.c"
  12              		.section	.gnu.lto_.profile.516f37985de51425,"",%progbits
  13 0000 789C6363 		.ascii	"x\234cc```\001bF\006Y!\000\000\304\000;"
  13      60606001 
  13      62460659 
  13      210000C4 
  13      003B
  14              		.text
  15              		.section	.gnu.lto_.icf.516f37985de51425,"",%progbits
  16 0000 789C6363 		.ascii	"x\234cc``\020a@\000f\206\277\307\256oaczxk\325*.\346"
  16      60601061 
  16      40006686 
  16      BFC7AE6F 
  16      61637A78 
  17 0019 9D93173F 		.ascii	"\235\223\027?`b\000\000hd\011a"
  17      60620000 
  17      68640961 
  18              		.text
  19              		.section	.gnu.lto_.jmpfuncs.516f37985de51425,"",%progbits
  20 0000 789C6363 		.ascii	"x\234cc``Pd@\000&\020fdd\254\237\303\314\300\304T\011"
  20      60605064 
  20      40002610 
  20      666464AC 
  20      9FC3CCC0 
  21 0017 E4311E60 		.ascii	"\3441\036`ad\000\342\377@\300\317\300\000\000U\034\007"
  21      616400E2 
  21      FF40C0CF 
  21      C0000055 
  21      1C07
  22 0029 60       		.ascii	"`"
  23              		.text
  24              		.section	.gnu.lto_.inline.516f37985de51425,"",%progbits
  25 0000 789C6363 		.ascii	"x\234cc``\320g@\000&\006\006N\016F\006&\236\007\261"
  25      6060D067 
  25      40002606 
  25      064E0E46 
  25      06269E07 
  26 0015 0C6C0BE4 		.ascii	"\014l\013\344\231 b\274\242@!\376E\305\014\354\035\352"
  26      992062BC 
  26      A24021FE 
  26      45C50CEC 
  26      1DEA
  27 0027 10216E06 		.ascii	"\020!n\006\006\306\011~\014\000\201m\005K"
  27      06C6097E 
  27      0C00816D 
  27      054B
  28              		.text
ARM GAS  /tmp/cc2HMOlN.s 			page 2


  29              		.section	.gnu.lto_.pureconst.516f37985de51425,"",%progbits
  30 0000 789C6363 		.ascii	"x\234cc```\007b&\206]\214L\273\030\001\005\345\001\210"
  30      60606007 
  30      6226865D 
  30      8C4CBB18 
  30      0105E501 
  31              		.text
  32              		.section	.gnu.lto_chRegFirstThread.516f37985de51425,"",%progbits
  33 0000 789C8553 		.ascii	"x\234\205S[oLQ\024\336\337\331\247\3231\203x\022A\230"
  33      5B6F4C51 
  33      14DEDFD9 
  33      A7D33183 
  33      78124198 
  34 0014 4626D144 		.ascii	"F&\321Dzx\222\210\027\2214\361\320\027\375\001\302\230"
  34      7A789288 
  34      179134F1 
  34      D017FD01 
  34      C298
  35 0026 5051D39C 		.ascii	"PQ\323\234\231\212>u\353\264\246.\011\241\035\312\320"
  35      998A3E75 
  35      EBB4A62E 
  35      09A11DCA 
  35      D0
  36 0037 A111F5E0 		.ascii	"\241\021\365\340>.\275\250QZu\251K\015*\025\241\245"
  36      3E2EBDA8 
  36      515A75A9 
  36      4B0D2A15 
  36      A1A5
  37 0049 B49A525E 		.ascii	"\264\232R^\324\245\254\275\317`L\023&3g\3169\353[k}"
  37      D4A5ACBD 
  37      CF604C13 
  37      263367CE 
  37      39EB5B6B 
  38 005e EBFBD6B6 		.ascii	"\353\373\326\2661\306\036\352\214\265\320\377\014\372"
  38      31C61EEA 
  38      8CB5D0FF 
  38      0CFA
  39 006c 813368BB 		.ascii	"\2013h\273\3562\266\331\256\001\362F\330\301J5\224b"
  39      EE32B6D9 
  39      AE01F246 
  39      D8C14A35 
  39      9462
  40 007e 07AFE278 		.ascii	"\007\257\342xP~:\302\267\363\010\301tz\034\351\334\337"
  40      507E3AC2 
  40      B7F308C1 
  40      747A1CE9 
  40      DCDF
  41 0090 37593E02 		.ascii	"7Y>\002.z\034\032n\217M\314>&D\231\210\357\015;\016"
  41      2E7A1C1A 
  41      6E8F4DCC 
  41      3E264499 
  41      88EF0D3B 
  42 00a5 C4EE8B09 		.ascii	"\304\356\213\011\021\256\2610\301c\230\211s\230){\234"
  42      11AEB130 
  42      C1639889 
  42      7398297B 
  42      9C
ARM GAS  /tmp/cc2HMOlN.s 			page 3


  43 00b6 473623F4 		.ascii	"G6#\364\365\327\337\272\234|\016\344\375\273\312\216"
  43      F5D7DFBA 
  43      9C7C0EE4 
  43      FDBBCA8E 
  44 00c6 6376779D 		.ascii	"cvw\235\312\354\257\237~8(:\204N\251\270\000\376w6\223"
  44      CAECAF9F 
  44      7E38283A 
  44      844EA9B8 
  44      00FE7736 
  45 00db F0DE3363 		.ascii	"\360\3363c\325\223l:.\302-\213S\315K\260\341w\240\\"
  45      D5936C3A 
  45      2EC22D8B 
  45      53CD4BB0 
  45      E177A05C 
  46 00ef D027FEFC 		.ascii	"\320'\376\374\270M\275\017s\244\34404\020\264\0216\226"
  46      B84DBD0F 
  46      73A4E430 
  46      3410B411 
  46      3696
  47 0101 06FFF46A 		.ascii	"\006\377\364jQ\006\223\20101\246\330\233\346P\002<W"
  47      51069381 
  47      3031A6D8 
  47      9BE65002 
  47      3C57
  48 0113 E50EF557 		.ascii	"\345\016\365W\306\365$\27575sG\273\337\012\261[ \302"
  48      C6F524BD 
  48      37357347 
  48      BBDF0AB1 
  48      5B20C2
  49 0126 399AFF41 		.ascii	"9\232\377A\320*<<j\303e\"\212&Y\233\377\305\245\205"
  49      D02A3C3C 
  49      6AC36522 
  49      8A26599B 
  49      FFC5A585 
  50 013a B85C212E 		.ascii	"\270\\!.\362\002\032CNt\252+#.\306~\204H\303\251\365"
  50      F2021A43 
  50      4E74AA2B 
  50      232EC67E 
  50      8448C3A9 
  51 014f 550387DC 		.ascii	"U\003\207\334\344@\204\353\232\274P\212\234\231U\322"
  51      E44084EB 
  51      9ABC508A 
  51      9C9955D2 
  52 015f D0E48E88 		.ascii	"\320\344\216\210\263\255\304\226\356\202q\326\017m<"
  52      B3ADC496 
  52      EE8271D6 
  52      0F6D3C
  53 016e D7F9EFFF 		.ascii	"\327\371\357\377\315\025q\270))4 .\353\322H\016\027"
  53      CD1571B8 
  53      29293420 
  53      2EEBD248 
  53      0E17
  54 0180 AE52EC1D 		.ascii	"\256R\354\035\312z\233vV\365MK\033fO\304\221\024U\037"
  54      CA7A9B76 
  54      56F54D4B 
  54      1B664FC4 
  54      9114551F 
ARM GAS  /tmp/cc2HMOlN.s 			page 4


  55 0194 2760B941 		.ascii	"'`\271A\002\266\312XFz\254\257f\261O\266b\2706^\204"
  55      02B6CA58 
  55      467AACAF 
  55      66B14FB6 
  55      62B8365E 
  56 01a9 EB347B9B 		.ascii	"\3534{\233\024\241M\212\000V'\235<R{\366\263#+\206Z"
  56      14A14D8A 
  56      0056279D 
  56      3C527BF6 
  56      B3232B86 
  57 01be B1CF15B1 		.ascii	"\261\317\025\261\012\236\350k\022v\322\201\241\035Y"
  57      0A9EE86B 
  57      1276D281 
  57      A11D59
  58 01cd 4AE60F43 		.ascii	"J\346\017C\211\036\215\336\340\006tE\233\241C-f}\313"
  58      891E8DDE 
  58      E0067445 
  58      9BA1432D 
  58      667DCB
  59 01e0 B5D713B3 		.ascii	"\265\327\023\263.&\263\225\327\037O\236}\344T\3317e"
  59      2E26B395 
  59      D71F4F9E 
  59      7DE454D9 
  59      3765
  60 01f2 366E4127 		.ascii	"6nA'\311\312\\J\002\306\006Q\3268\332[\267@\016\267"
  60      C9CA5C4A 
  60      02C60651 
  60      D638DA5B 
  60      B7400EB7 
  61 0206 9FCB1AE1 		.ascii	"\237\313\032\341\212\326{\231R\223L\265\003\015\015"
  61      8AD67B99 
  61      52934CB5 
  61      030D0D
  62 0215 433D99A5 		.ascii	"C=\231\245\337\205\235^D\271es,8\262{r\024\207H];\356"
  62      DF859D5E 
  62      44B96573 
  62      2C38B27B 
  62      72148748 
  63 022c D021B92D 		.ascii	"\320!\271-9P\340\302\215g_\355\306\0119{t]\204O@'\242"
  63      3950E0C2 
  63      8D675FED 
  63      C609397B 
  63      745D844F 
  64 0243 A8E6C9ED 		.ascii	"\250\346\311\355\370\362$X\241%\243G \327\374.\214j"
  64      F8F22458 
  64      A125A347 
  64      20D7FC2E 
  64      8C6A
  65 0255 5A53A275 		.ascii	"ZS\242u\017\206\244\025\235\256V\232\314&2\212\334@"
  65      0F86A415 
  65      9DAE569A 
  65      CC26328A 
  65      DC40
  66 0267 CD5158E4 		.ascii	"\315QX\344\220JNS\344\232[;\333mDd3\225\244\201\035"
  66      904A4E53 
  66      E49A5B3B 
  66      DB6D4464 
ARM GAS  /tmp/cc2HMOlN.s 			page 5


  66      3395A481 
  67 027c 9484FB49 		.ascii	"\224\204\373I.\211P\367s\247\325\215BN<PT4\331\254\213"
  67      2E8950F7 
  67      73A7D58D 
  67      424E3C50 
  67      5434D9AC 
  68 0291 9A0D2218 		.ascii	"\232\015\"\030\336\362\224[\2455\253\372\371\320\235"
  68      DEF2945B 
  68      A535ABFA 
  68      F9D09D
  69 02a0 330E59DD 		.ascii	"3\016Y\335\011\340!\325!\002\211m\252}Z\263\350\324"
  69      09E021D5 
  69      2102896D 
  69      AA7D5AB3 
  69      E8D4
  70 02b2 FF744BFC 		.ascii	"\377tK\374\351\366\010\006uP{*\017D\352\0244;\036\247"
  70      E9F60806 
  70      75507B2A 
  70      0F44EA14 
  70      343B1EA7 
  71 02c6 AE9D7520 		.ascii	"\256\235u \222\2730V\373\262\305\371\313\346\307\312"
  71      92BB3056 
  71      FBB2C5F9 
  71      CBE6C7CA 
  72 02d6 E627CAE6 		.ascii	"\346'\312\346tO\273-O_\214\354h\234\245z06L\217\333"
  72      744FBB2D 
  72      4F5F8CEC 
  72      689CA57A 
  72      30364C8F 
  73 02eb 0FB6D992 		.ascii	"\017\266\331\222\276J\007*\251\033\035\031Js\345\344"
  73      BE4A072A 
  73      A91B1D19 
  73      4A73E5E4 
  74 02fb 18D6D7E7 		.ascii	"\030\326\327\3477\314\200\3417=\206g\255\351]S\340\017"
  74      37CC80E1 
  74      373D8667 
  74      ADE95D53 
  74      E00F
  75 030d 9825391E 		.ascii	"\230%9\036\246\005\212f\247a\0126x\326\027\257\366\022"
  75      A6058A66 
  75      A7610A36 
  75      78D617AF 
  75      F612
  76 031f CE5FE2CF 		.ascii	"\316_\342\317Y\31326\256\\_\354\315NC\025\371\314\200"
  76      59CB3236 
  76      AE5C5FEC 
  76      CD4E4315 
  76      F9CC80
  77 0332 DF58B23C 		.ascii	"\337X\262<oi\336&\202z|\246w\305\306\205\205\204\237"
  77      6F69DE26 
  77      827A7CA6 
  77      77C5C685 
  77      85849F
  78 0345 978AF46E 		.ascii	"\227\212\364n\012\030K\363\362\227\345\377)+\221\236"
  78      0A184BF3 
  78      F297E5FF 
  78      292B919E 
ARM GAS  /tmp/cc2HMOlN.s 			page 6


  79 0355 C2DCE20D 		.ascii	"\302\334\342\015\036\002O\311\313_\356Z\265\322\357"
  79      1E024FC9 
  79      CB5FEE5A 
  79      B5D2EF
  80 0364 2D320BE6 		.ascii	"-2\013\346\271\334\363\231f\262\314Bo\241\317,a?\001"
  80      B9DCF399 
  80      66B2CC42 
  80      6FA1CF2C 
  80      613F01
  81 0377 3F7AC771 		.ascii	"?z\307q"
  82              		.text
  83              		.section	.gnu.lto_chRegNextThread.516f37985de51425,"",%progbits
  84 0000 789C8554 		.ascii	"x\234\205T\335oSe\030\177~\347==-mi\2742\206\020\354"
  84      DD6F5365 
  84      187F7EE7 
  84      3D3D2D6D 
  84      69BC3286 
  85 0016 A2159790 		.ascii	"\242\025\227\220\225\033C0\336\030\022\023Mv\303\376"
  85      951B4330 
  85      DE181213 
  85      4D76C3FE 
  86 0026 0003B591 		.ascii	"\000\003\265\221%\354#mG\330\325\016\373\260\233J4\010"
  86      25EC236D 
  86      47D8D50E 
  86      FBB09B4A 
  86      3408
  87 0038 9DA98D2B 		.ascii	"\235\251\215+\242\001\203c2\006\262\017F\331p\033\214"
  87      A2018363 
  87      3206B20F 
  87      46D9701B 
  87      8C
  88 0049 0D1805EB 		.ascii	"\015\030\005\353\006\004\267l\272Q\247x\2618\304\351"
  88      0604B76C 
  88      BA51A778 
  88      B138C4E9 
  89 0059 F3BE6742 		.ascii	"\363\276gB\351\024O\332\323s\236\257\337\363\374\236"
  89      E9144FDA 
  89      D3739EAF 
  89      DFF3FC9E 
  90 0069 DF5B8388 		.ascii	"\337[\203\210FmD}\374\373\022\177a#h\037\216\022\355"
  90      466D447D 
  90      FCFB127F 
  90      6123681F 
  90      8E12ED
  91 007c 71689ADE 		.ascii	"qh\232\336,\310t\212\305\213D\246[@\267\354: \037L\007"
  91      2CC8748A 
  91      C58B44A6 
  91      5B40B7EC 
  91      3A201F4C 
  92 0091 A846133A 		.ascii	"\250F\023:j\360\276\330/p\265\376\353\204xO$\004A\347"
  92      6AF0BED8 
  92      2F70B5FE 
  92      EB84784F 
  92      240441E7 
  93 00a5 D77B23F1 		.ascii	"\327{#\361)\217|\005\274\374\232\235\037\350p\027\036"
  93      298F7C05 
  93      BCFC9A9D 
ARM GAS  /tmp/cc2HMOlN.s 			page 7


  93      1FE87017 
  93      1E
  94 00b6 36CD5A33 		.ascii	"6\315Z3\325\274\340\374\244\343\212\271*!4\212qx\007"
  94      D5BCE0FC 
  94      A4E38AB9 
  94      2A21348A 
  94      717807
  95 00c9 D6E204D6 		.ascii	"\326\342\004\326J\364\223(\344\340\363\323\017\306\\"
  95      4AF49328 
  95      E4E0F3D3 
  95      0FC65C
  96 00d8 E239103F 		.ascii	"\3429\020?\017\327\017g\214\365_\250\304\354\347\302"
  96      0FD70F67 
  96      8CF55FA8 
  96      C4ECE7C2 
  97 00e8 7C9EB370 		.ascii	"|\236\263p\012\"7Q\026\3027X/\3433\351c_\272\304\013"
  97      0A223751 
  97      16C23758 
  97      2FE333E9 
  97      635FBAC4 
  98 00fd 2AB7697E 		.ascii	"*\267i~\354g\217\357\220\312\2359\272\346`\2359d\352"
  98      EC678FEF 
  98      90CA9D39 
  98      BAE6609D 
  98      3964EA
  99 0110 32FFF4E3 		.ascii	"2\377\364\343\371\362\342\360\311\343K\007V\033::\341"
  99      F9F2E2F0 
  99      C9E34B07 
  99      561B3A3A 
  99      E1
 100 0121 4B0A92AD 		.ascii	"K\012\222\255qG]0\360\320Wo\362\225\272\335j({L '\215"
 100      71475D30 
 100      F0D0576F 
 100      F295BADD 
 100      6A287B4C 
 101 0138 D0CDA13D 		.ascii	"\320\315\241=0(/\374\332\364\313Lj\217\214\327\244\357"
 101      30282FFC 
 101      DAF4CB4C 
 101      6A8F8CD7 
 101      A4EF
 102 014a C79E681A 		.ascii	"\307\236h\032\342\015\225\233\235iL\351\313\035\016"
 102      E20D959B 
 102      9D694CE9 
 102      CB1D0E
 103 0159 C65F5CCC 		.ascii	"\306_\\\314\374d\232\373L$\204@\357\023z\264\012\317"
 103      FC649AFB 
 103      4C248440 
 103      EF137AB4 
 103      0ACF
 104 016b 2F1A380B 		.ascii	"/\0328\013\037\341\214\254-\036\353%\305\275\234\343"
 104      1FE18CAC 
 104      2D1EEB25 
 104      C5BD9CE3 
 105 017b 5EE40D3C 		.ascii	"^\344\015<\206\034\252m\314\2262\227\376\212\362\006"
 105      861CAA6D 
 105      CC963297 
 105      FE8AF206 
ARM GAS  /tmp/cc2HMOlN.s 			page 8


 106 018b 9E3EDA3E 		.ascii	"\236>\332>;\353s\203\244]c\002u!o\006$\215ve%jd\002"
 106      3BEB7383 
 106      A45D6302 
 106      75216F06 
 106      248D7665 
 107 01a3 78D3668A 		.ascii	"x\323f\212\232\270s~\252K\321\014\264\225}o\374\345"
 107      9AB8737E 
 107      AA4BD10C 
 107      B4957D6F 
 107      FCE5
 108 01b5 C97DA30F 		.ascii	"\311}\243\017>N\212\316\232gt)\011\001/\372\331w\027"
 108      3E4E8ACE 
 108      9A677429 
 108      09012FFA 
 108      D97717
 109 01c8 B593773F 		.ascii	"\265\223w?\330?\365L\336`\037=p.\023\254\257 \263\301"
 109      D83FF54C 
 109      DE601F3D 
 109      702E13AC 
 109      AF20B3C1 
 110 01dc CF649E97 		.ascii	"\317d\236\227>[\276\257?\376J\205\204\"|\273\222\220"
 110      3E5BBEAF 
 110      3FFE4A85 
 110      84227CBB 
 110      9290
 111 01ee 01E66150 		.ascii	"\001\346aP\0222(\011\001\035\226[\375\254\245\375wg"
 111      12322809 
 111      011D965B 
 111      FDACA5FD 
 111      7767
 112 0200 C169B498 		.ascii	"\301i\264\230\037{\023V\301\326\251n\323\241k\334\364"
 112      1F7B1356 
 112      C1D6A96E 
 112      D3A16BDC 
 112      F4
 113 0211 100A14E5 		.ascii	"\020\012\024\345\277f\323\023\032[p\001\272j\233pQI"
 113      BF66D313 
 113      1A5B7001 
 113      BA6A9B70 
 113      5149
 114 0223 FC486FFF 		.ascii	"\374Ho\377\264\273\240{9[\355\375\267c\355\327]*{Xf"
 114      B4BBA07B 
 114      395BEDFD 
 114      B763EDD7 
 114      5D2A7B58 
 115 0238 E31274A6 		.ascii	"\343\022t\246\254\326\253( \232Cm\327\342d\333f9\\\\"
 115      ACD6AB28 
 115      209A436D 
 115      D7E264DB 
 115      66395C5C 
 116 024c D83921D6 		.ascii	"\3309!\326\320w\331.9\321\224\036z\372F\006\214$>\335"
 116      D077D92E 
 116      39D1941E 
 116      7AFA4606 
 116      8C243EDD 
 117 0260 C3F324CB 		.ascii	"\303\363$\313y%\366\27000\"A\331\233\216fn\273\374\255"
 117      7925F6B8 
ARM GAS  /tmp/cc2HMOlN.s 			page 9


 117      30302241 
 117      D99B8E66 
 117      6EBBFCAD 
 118 0274 7258AFCC 		.ascii	"rX\257\314\030E\022\007\204b\3702\374\022(\271N\011"
 118      18451207 
 118      8462F832 
 118      FC1228B9 
 118      4E09
 119 0286 96D7C7E5 		.ascii	"\226\327\307\345i\032\365\343\375\243_\271\377\005\316"
 119      691AF5E3 
 119      FDA35FB9 
 119      FF05CE
 120 0295 A1E03A3B 		.ascii	"\241\340:;\263\023\366\232?M\007\033\222\254fi\353\250"
 120      B313F69A 
 120      3F4D071B 
 120      92AC6669 
 120      EBA8
 121 02a7 BBB7CFC3 		.ascii	"\273\267\317\303-\3602W\341*\237\356+\313\350\247\006"
 121      2DF03257 
 121      E12A9FEE 
 121      2BCBE8A7 
 121      06
 122 02b8 6FFEE1B0 		.ascii	"o\376\341\260\320\223\013\354ubL\341\303R\346\221\241"
 122      D0930BEC 
 122      75624CE1 
 122      C352E691 
 122      A1
 123 02c9 BD273C5C 		.ascii	"\275'<\\\253\221\335s\354v\341\032\367DH\243F\211\240"
 123      AB91DD73 
 123      EC76E11A 
 123      F74448A3 
 123      4689A0
 124 02dc 8917C2FF 		.ascii	"\211\027\302\377$\254!\311\302l\246\301\260\332\322"
 124      24AC21C9 
 124      C26CA6C1 
 124      B0DAD2
 125 02eb F2C6F6AA 		.ascii	"\362\306\366\252\241\355\3771\264\033\327\025\250&\207"
 125      A1EDFF31 
 125      B41BD715 
 125      A82687
 126 02fa BEC10073 		.ascii	"\276\301\000s\250\213\275\323d\263j\011\253\334\311"
 126      A88BBDD3 
 126      64B36A09 
 126      ABDCC9
 127 0309 E8A5E34E 		.ascii	"\350\245\343N9\245\033\300w\\\207\021\323\357B\306\344"
 127      39A51BC0 
 127      775C8711 
 127      D3EF42C6 
 127      E4
 128 031a 73BC9DFE 		.ascii	"s\274\235\376\007.\363\010\356{\370\031B\215\242\347"
 128      072EF308 
 128      EE7BF819 
 128      428DA2E7 
 129 032a 1C078B6D 		.ascii	"\034\007\213mX\317g\225\322\037\322\314f\214\347*\335"
 129      58CF6795 
 129      D21FD2CC 
 129      668CE72A 
ARM GAS  /tmp/cc2HMOlN.s 			page 10


 129      DD
 130 033b 3A8FCBF2 		.ascii	":\217\313\362[j\371\241\327\365\217\262\306\225\262"
 130      5B6AF9A1 
 130      D7F58FB2 
 130      C695B2
 131 034a 2694B2F2 		.ascii	"&\224\262\362et\323\222\321\235\203{\273\326)\014\242"
 131      6574D392 
 131      D19D837B 
 131      BBD6290C 
 131      A2
 132 035b 2CEAEF34 		.ascii	",\352\3574\335Rs\347mru\214\265H\270\305\274\263x\022"
 132      DD5273E7 
 132      6D72758C 
 132      B548B8C5 
 132      BCB37812 
 133 036f C243F32C 		.ascii	"\302C\363,\214C\315k,\216\344\272\026\230\027\036X\273"
 133      8C43CD6B 
 133      2C8EE4BA 
 133      1698171E 
 133      58BB
 134 0381 DF7E013C 		.ascii	"\337~\001<\274\270\337\266\231O;\344P\014\352-*\362"
 134      BCB8DFB6 
 134      994F3BE4 
 134      500CEA2D 
 134      2AF2
 135 0393 5B9F8AB0 		.ascii	"[\237\212\260?\024\361\207C\001\177`G(\370vi8\022\252"
 135      3F14F187 
 135      43017F60 
 135      4728F876 
 135      693812AA 
 136 03a7 2E0A9016 		.ascii	".\012\220\026\251\024\345\221\312g\363\342J\313\003"
 136      A914E591 
 136      CA67F3E2 
 136      4ACB03
 137 03b6 3BABDE0A 		.ascii	";\253\336\012rl\270:\\\264\203l\273\266\355\254\012"
 137      726CB83A 
 137      5CB4836C 
 137      BBB6EDAC 
 137      0A
 138 03c7 16E64555 		.ascii	"\026\346EUV\204\"a\377\253[\213\267\024\357\346\320"
 138      56842261 
 138      FFAB5B8B 
 138      B714EFE6 
 138      D0
 139 03d8 404528F8 		.ascii	"@E(\370\346\256Me\034\277!72\270;\342\337R\\\362z\311"
 139      E6AE4D65 
 139      1CBF2137 
 139      32B83BE2 
 139      DF525CF2 
 140 03ee A3B23232 		.ascii	"\243\26222P\366ZUy\200\203\237*.\331\352\335\276-\034"
 140      50F65A55 
 140      7980839F 
 140      2A2ED9EA 
 140      DDBE2D1C 
 141 0402 AC0C956E 		.ascii	"\254\014\225n\360\3726\222\026\"{Y\260\254\"TM\177\003"
 141      F0FA3692 
 141      16227B59 
ARM GAS  /tmp/cc2HMOlN.s 			page 11


 141      B0AC2254 
 141      4D7F03
 142 0415 A3A61E2C 		.ascii	"\243\246\036,"
 143              		.text
 144              		.section	.gnu.lto_ch_debug.516f37985de51425,"",%progbits
 145 0000 789C2D8E 		.ascii	"x\234-\216MKBQ\020\206\317\353\361\226\3465\015\"Z\334"
 145      4D4B4251 
 145      1086CFEB 
 145      F196E635 
 145      0D225ADC 
 146 0014 DAB52F57 		.ascii	"\332\265/W.\373\011\375$#\213(\010\002\335\304\025\244"
 146      2EFB09FD 
 146      24238B28 
 146      0802DDC4 
 146      15A4
 147 0026 16152D12 		.ascii	"\026\025-\022*?\263\314\264HrQ\030\324\246\014\261\014"
 147      2A3FB3CC 
 147      B4487251 
 147      18D4A60C 
 147      B10C
 148 0038 D42CFA40 		.ascii	"\324,\372@\012j\306s/gxx\356;3L\237\020\342\031B\320"
 148      0A6AC673 
 148      2F677878 
 148      EE3B334C 
 148      9F10E219 
 149 004e EB7D2189 		.ascii	"\353}!\211\335f\252\353^\226\246\244\237\244\351\271"
 149      DD66AAEB 
 149      5E96A6A4 
 149      9FA4E9B9 
 150 005e 9D98A5E3 		.ascii	"\235\230\245\343\244\353\215\362\205\246t\2144\231m"
 150      A4EB8DF2 
 150      85A6748C 
 150      34996D
 151 006d F9941964 		.ascii	"\371\224\031d\355`\275\352R:J\372\366\033I8\225\016"
 151      ED60BDEA 
 151      523A4AFA 
 151      F61B4938 
 151      950E
 152 007f 935E772E 		.ascii	"\223^w.#V\352%\375i\204\356\240T']\313|\224\254\305"
 152      2356EA25 
 152      FD6984EE 
 152      A054275D 
 152      CB7C94AC 
 153 0094 0E52F321 		.ascii	"\016R\363!\177o\315\026\370\214\253`\314\224\312\355"
 153      7F6FCD16 
 153      F88CAB60 
 153      CC94CAED 
 154 00a4 A4E5D0EB 		.ascii	"\244\345\320\353\014\0330;I\372\331]j[\335#\244\225"
 154      0C1B303B 
 154      49FAD95D 
 154      6A5BDD23 
 154      A495
 155 00b6 4473ABD7 		.ascii	"Ds\253\327lC\233\207\363\357\261M\235]B\222v6j\013\272"
 155      6C439B87 
 155      F3EFB14D 
 155      9D5D4292 
 155      76366A0B 
ARM GAS  /tmp/cc2HMOlN.s 			page 12


 156 00cb 8A5F382E 		.ascii	"\212_8.\376}\347<*\266\221\336>\325\263.\025?r\\Y1\253"
 156      FE7DE73C 
 156      2AB691DE 
 156      3ED5B32E 
 156      153F725C 
 157 00e2 0EE52DF6 		.ascii	"\016\345-\366\325\371\355\033\233?\036X\214\006\246"
 157      D5F9ED1B 
 157      9B3F1E58 
 157      8C06A6
 158 00f1 4D69C794 		.ascii	"Mi\307\224\201\"\014\370\014\024\010\247Ty\252\023\252"
 158      81220CF8 
 158      0C1408A7 
 158      5479AA13 
 158      AA
 159 0102 1C0C1EF8 		.ascii	"\034\014\036\370\252\225&T\177T3\245\026\246+\317\340"
 159      AA952654 
 159      7F5433A5 
 159      16A62BCF 
 159      E0
 160 0113 0FD3F17B 		.ascii	"\017\323\361{0\302\264\366\230!q\304\260#\313\320\024"
 160      30C2B4F6 
 160      982171C4 
 160      B023CBD0 
 160      14
 161 0124 FA70C8E8 		.ascii	"\372p\310\350G\206\341@\232\341D\2121\200$\303\205\004"
 161      4786E140 
 161      9AE1448A 
 161      318024C3 
 161      8504
 162 0136 4357CBDC 		.ascii	"CW\313\334\2103\006q\300\360`\237\341U\331\020C\340"
 162      88330671 
 162      C0F0609F 
 162      E155D910 
 162      43E0
 163 0148 1C7EF10F 		.ascii	"\034~\361\017}r\223\260"
 163      7D7293B0 
 164              		.text
 165              		.section	.gnu.lto_.symbol_nodes.516f37985de51425,"",%progbits
 166 0000 789C6363 		.ascii	"x\234cc``\010\000b\006\246g\214\365\014\014\023\316"
 166      60600800 
 166      6206A667 
 166      8CF50C0C 
 166      13CE
 167 0012 313000A9 		.ascii	"10\000\251]\015\216\014\014\254/\030\031\024@2\317\031"
 167      5D0D8E0C 
 167      0CAC2F18 
 167      19144032 
 167      CF19
 168 0024 EB195165 		.ascii	"\353\031Qe\236226*\001\245\030_1\3263\201\245\030\030"
 168      9E323236 
 168      2A01A518 
 168      5F31D633 
 168      81A51818 
 169 0038 1A1A1C18 		.ascii	"\032\032\034\030\030\230\231X\030\236\264\277\221g\000"
 169      18989958 
 169      189EB4BF 
 169      916700
ARM GAS  /tmp/cc2HMOlN.s 			page 13


 170 0047 00106313 		.ascii	"\000\020c\023\000"
 170      00
 171              		.text
 172              		.section	.gnu.lto_.refs.516f37985de51425,"",%progbits
 173 0000 789C6363 		.ascii	"x\234cc``\340\006bF badbbdc\000\000\001\200\000$"
 173      6060E006 
 173      62462062 
 173      61646262 
 173      64630000 
 174              		.text
 175              		.section	.gnu.lto_.decls.516f37985de51425,"",%progbits
 176 0000 789CBD5B 		.ascii	"x\234\275[yTTg\226\257\357}E\025U\024\220Q;c\367qfr"
 176      79545467 
 176      96AFEF7D 
 176      45155514 
 176      90513B63 
 177 0018 32244D4F 		.ascii	"2$MO\267\242I\306\244gz\372\244'\235\356\364\222\236"
 177      B7A249C6 
 177      A4677AFA 
 177      A4279DEE 
 177      F4929E
 178 002b 3E497A4E 		.ascii	">IzN\317\231\323SM\312RI\330\272\252L4s\346t\261\210"
 178      CF99D353 
 178      4DCA5249 
 178      D8BAAA4C 
 178      3473E674 
 179 0041 222820B8 		.ascii	"\"( \270\240\250\210\033.,n\200\354\233\310&\202(\010"
 179      A0A8881B 
 179      2E2C6E80 
 179      EC9BC826 
 179      822808
 180 0054 C8222A20 		.ascii	"\310\"* \212\"\270\260)s\277\345\325{U\2742\371cz\352"
 180      8A22B8B0 
 180      2973BFE5 
 180      D57B55BC 
 180      32F9637A 
 181 0069 7879EFBE 		.ascii	"xy\357\276w\277{\177\367~\367\273\357\373\276\367\324"
 181      77BF7B7F 
 181      F77EF7BB 
 181      EFFBBEF7 
 181      D4
 182 007a A854AA0F 		.ascii	"\250T\252\017\226\253T\277\366T\251\312\221J5\013?5"
 182      96AB54BF 
 182      F654A9CA 
 182      914A350B 
 182      3F35
 183 008c 5CAB0002 		.ascii	"\\\253\000\002V\365>\371\003?\014\264\036\316c\2016"
 183      56F53EF9 
 183      033F0CB4 
 183      1ECE6381 
 183      36
 184 009d 0309E41A 		.ascii	"\003\011\344\032\374\371\261\240r\372y\201\240\001\216"
 184      FCF9B1A0 
 184      72FA7981 
 184      A0018E
 185 00ac F38016F0 		.ascii	"\363\200\026\360\366\345p\\\004\364.\310\376\024\350"
 185      F6E5705C 
ARM GAS  /tmp/cc2HMOlN.s 			page 14


 185      04F42EC8 
 185      FE14E8
 186 00bb 7D200168 		.ascii	"} \001h\000\356\375\014H\213\230\376I8v\003Y\2014\334"
 186      00EEFD0C 
 186      488B98FE 
 186      49387603 
 186      598134DC 
 187 00cf DE0720F7 		.ascii	"\336\007 \367K\240\337\002}\004\364\211\300pa\027\273"
 187      4BA0DF02 
 187      7D04F489 
 187      C0706117 
 187      BB
 188 00e0 F34181EF 		.ascii	"\363A\201\357\327\330%\266\344\266\177'0\333\377\016"
 188      D7D825B6 
 188      E4B67F27 
 188      30DBFF0E 
 189 00f0 C7788E61 		.ascii	"\307x\216a-b8\010\006\255\212\371\253\204A\214\301\037"
 189      2D623808 
 189      06AD8AF9 
 189      AB84418C 
 189      C11F
 190 0102 84B958FE 		.ascii	"\204\271X\376G\315\360\023\333\257\003\3755b\230\374"
 190      47CDF013 
 190      DBAF03FD 
 190      356298FC 
 191 0112 40EE5F04 		.ascii	"@\356_\004\206\361M8.\001\362\007\372\007\240\245@\313"
 191      86F14D38 
 191      2E01F207 
 191      FA07A0A5 
 191      40CB
 192 0124 815E077A 		.ascii	"\201^\007z\033\350\015\240\357\001\275\003\264\030\350"
 192      1BE80DA0 
 192      EF01BD03 
 192      B418E8
 193 0133 BB403F00 		.ascii	"\273@?\000z\013\350\373@\313\200\002\\\354\212\277\024"
 193      7A0BE8FB 
 193      40CB8002 
 193      5CEC8ABF 
 193      14
 194 0144 8C46F6D8 		.ascii	"\214F\366\330k}\260\200\310\371\365\362\273\345\236"
 194      6B7DB080 
 194      C8F9F5F2 
 194      BBE59E
 195 0153 4B4ED8D9 		.ascii	"KN\330\331\317\363\227*t\032aQ\260%:7\015\307a4O\217"
 195      CFF3972A 
 195      741A6151 
 195      B0253A37 
 195      0DC76134 
 196 0169 D4C03EBC 		.ascii	"\324\300>\274\270\353\246\017\260\013\364\350\025`\363"
 196      B8EBA60F 
 196      B00BF4E8 
 196      1560F3
 197 0178 EF1FCFF7 		.ascii	"\357\037\317\367fw\313\211t\346@\332\026\003\343\337"
 197      6677CB89 
 197      74E640DA 
 197      1603E3DF 
 198 0188 017643D4 		.ascii	"\001vC\324T\273\032\177\237Z\351\256=z\234(\372\256"
ARM GAS  /tmp/cc2HMOlN.s 			page 15


 198      54BB1A7F 
 198      9F5AE9AE 
 198      3D7A9C28 
 198      FAAE
 199 019a 1E911CF2 		.ascii	"\036\221\034\362\205K9\367\316Mz\263KD\342r\302\330"
 199      854B39F7 
 199      CE4D7AB3 
 199      4B44E272 
 199      C2D8
 200 01ac 412D5E4E 		.ascii	"A-^N\316\205\336\216\351\353>H\357\277\321n\217\264"
 200      CE85DE8E 
 200      E9EB3E48 
 200      EFBFD16E 
 200      8FB4
 201 01be A747D975 		.ascii	"\247G\331u\037\250P\036Z\204\316\242E*T\212\374I\233"
 201      1FA8501E 
 201      5A84CEA2 
 201      452A548A 
 201      FC499B
 202 01d1 3368890A 		.ascii	"3h\211\012\025\301\305B\270x\230`/\277\264\363\307\251"
 202      15C1C542 
 202      B8789860 
 202      2FBFB4F3 
 202      C7A9
 203 01e3 6376FB2B 		.ascii	"cv\373+\250\004\351Q1\302T\006\022\342\273z\346\315"
 203      A804E951 
 203      31C25406 
 203      12E2BB7A 
 203      E6CD
 204 01f5 D1834919 		.ascii	"\321\203I\031\032\\\207\250\215\242\335\267\317\013"
 204      1A5C87A8 
 204      8DA2DDB7 
 204      CF0B
 205 0203 EE6C54B8 		.ascii	"\356lT\270\265\321^\370j\315z\273]@\345`\243L\262\001"
 205      B5D15EF8 
 205      6ACD7ABB 
 205      5D40E560 
 205      A34CB201 
 206 0217 2699117B 		.ascii	"&\231\021{\312\364>o\334D\203+<\210\332}\310\255#\325"
 206      CAF43E6F 
 206      DC44832B 
 206      3C88DA7D 
 206      C8AD23D5 
 207 022b 6E8D3CED 		.ascii	"n\215<\355\\\232:E\034\251\002#\225\222\221r\321\310"
 207      5C9A3A45 
 207      1CA90223 
 207      95929172 
 207      D1C8
 208 023d F507DB63 		.ascii	"\365\007\333c4$\236\204\331U\364\250\336\203\205\335"
 208      34249E84 
 208      D955F4A8 
 208      DE8385DD 
 209 024d 13D8C982 		.ascii	"\023\330\311\202\273i\032\274\215\335\253\357O\351\026"
 209      BB691ABC 
 209      8DDDABEF 
 209      4FE916
 210 025c 701A63C4 		.ascii	"p\032c\304\376Z\300\373k\317\364\231\363^\370 \273y"
ARM GAS  /tmp/cc2HMOlN.s 			page 16


 210      FE5AC0FB 
 210      6BCFF499 
 210      F35EF820 
 210      BB79
 211 026e EA51DCB7 		.ascii	"\352Q\334\267\361\011v^}\263\265\326\003\237fL\334\351"
 211      F109765E 
 211      7DB3B5D6 
 211      039F664C 
 211      DCE9
 212 0280 E8FD6A5C 		.ascii	"\350\375j\\\315\230\302m\305#\236\270\2011\025\317:"
 212      CD98C26D 
 212      C5239EB8 
 212      813115CF 
 212      3A
 213 0291 D2F4B88B 		.ascii	"\322\364\270\2131\227G\033\367x1\024/\001\2337PW\243"
 213      3197471B 
 213      F7783114 
 213      2F019B37 
 213      5057A3
 214 02a4 67B6EC08 		.ascii	"g\266\354\010\370\231C\227\256y\342\233L\266(\277\270"
 214      F8994397 
 214      AE79E29B 
 214      4CB628BF 
 214      B8
 215 02b5 86235E0A 		.ascii	"\206#^\012l|\242\375\202\027\276\307\356\325$D\307\353"
 215      6C7CA2FD 
 215      8217BEC7 
 215      EED52444 
 215      C7EB
 216 02c7 F153CA08 		.ascii	"\361S\312\010\217[\356\245j\334\305\257\335m\374\246"
 216      8F5BEEA5 
 216      6ADCC5AF 
 216      DD6DFCA6 
 217 02d7 BE0D998C 		.ascii	"\276\015\231\214\332 xW\025\202W\323\367l\314\027G\251"
 217      DA207857 
 217      158257D3 
 217      F76CCC17 
 217      47A9
 218 02e9 A9B9F59B 		.ascii	"\251\271\365\233\263v\020\234\032\226\230Z\270tkt*O"
 218      B376109C 
 218      1A96985A 
 218      B8746B74 
 218      2A4F
 219 02fb CD2E116D 		.ascii	"\315.\021mkI\244R\257\237\364\301\261\264\211P\332Z"
 219      6B49A452 
 219      AF9FF4C1 
 219      B1B48950 
 219      DA5A
 220 030d 10ED8DFC 		.ascii	"\020\355\215\374\365b\322-O\035%}\325\015\346\272$s"
 220      F562D22D 
 220      4F1D257D 
 220      D50DE6BA 
 220      2473
 221 031f 1A626D23 		.ascii	"\032bm#\021q\305}\035pk8\356N\270\330\001\027\301\306"
 221      1171C57D 
 221      1D706B38 
 221      EE4EB8D8 
ARM GAS  /tmp/cc2HMOlN.s 			page 17


 221      0117C1C6 
 222 0333 D8E4E819 		.ascii	"\330\344\350\0315Nf6N'\317\354\364q\330h/|\343,M\272"
 222      354E6636 
 222      4E27CFEC 
 222      F471D868 
 222      2F7CE32C 
 223 0349 3EB0D123 		.ascii	">\260\321#\331\350Fn\215\364*\033i\217o\355\322\340"
 223      D9E8466E 
 223      8DF42A1B 
 223      698F6FED 
 223      D2E0
 224 035b DDCC487E 		.ascii	"\335\314H~\303\365i\3540\362\264\363-\226t7\301\310"
 224      C3F569EC 
 224      30F2B4F3 
 224      2D967437 
 224      C1C8
 225 036d 0DC9489F 		.ascii	"\015\311H\237{#\375\312Fv\217w\337\321\261\356\365\007"
 225      7B23FDCA 
 225      46768F77 
 225      DFD1B1EE 
 225      F507
 226 037f 36613CA9 		.ascii	"6a<\251\335\003\357g\361\026K\310<VB\366$\\\315\303"
 226      DD03EF67 
 226      F1164BC8 
 226      3C5642F6 
 226      245CCDC3 
 227 0393 F804BB17 		.ascii	"\370\004\273\027{\"\266\306\007\3471&\243\254\350\236"
 227      7B22B6C6 
 227      07E73126 
 227      A3ACE89E 
 228 03a3 16D7F056 		.ascii	"\026\327\360Vm\2217\365\370*cn\\\277\220\353\203;\030"
 228      6D9137F5 
 228      F82A636E 
 228      5CBF90EB 
 228      833B18
 229 03b6 53F47477 		.ascii	"S\364tw\221/\356c\314\305\233\263cz<\310\230\226\210"
 229      912FEE63 
 229      CCC59BB3 
 229      637A3CC8 
 229      989688
 230 03c9 FD90AAF7 		.ascii	"\375\220\252\367y\033\373t\252\001?b~\357\256\3148-"
 230      791BFB74 
 230      AA013F62 
 230      7EEFAECC 
 230      382D
 231 03db 38FCAEFF 		.ascii	"8\374\256\377\016I\226\207\340\364\203o\344\364\250"
 231      0E499687 
 231      E0F4836F 
 231      E4F4A8
 232 03ea B2D34D0F 		.ascii	"\262\323M\0177\315\370\342)f.n\333\310a\037\034\351"
 232      37CDF8E2 
 232      29662E6E 
 232      DBC8611F 
 232      1CE9
 233 03fc 4199E9A1 		.ascii	"A\231\351\241\224\016\304\\6\000\033Y\324\221\344\313"
 233      940EC45C 
 233      36001B59 
ARM GAS  /tmp/cc2HMOlN.s 			page 18


 233      D491E4CB 
 234 040c 46461F4D 		.ascii	"FF\037M\307K\351\343\2368\201\311\236K\332\012\240\267"
 234      C74BE9E3 
 234      9E3881C9 
 234      9E4BDA0A 
 234      A0B7
 235 041e 31A66767 		.ascii	"1\246gg\\\221\027\316dLi\302X\201\016\3470f\303D\177"
 235      5C9117CE 
 235      644C69C2 
 235      58810EE7 
 235      3066C344 
 236 0433 AE2F2EF0 		.ascii	"\256/.\360p\032M\013\330h\272\037}\273\217\017\304\205"
 236      701A4D0B 
 236      D868BA1F 
 236      7DBB8F0F 
 236      C485
 237 0445 C01EB852 		.ascii	"\300\036\270R5\346\201\313\230h\316\372[G=\341\336\""
 237      35E681CB 
 237      9868CEFA 
 237      5B473DE1 
 237      DE22
 238 0457 C87624AB 		.ascii	"\310v$\253\301\213X\015>S>\236\245\3065TV8\231u\353"
 238      C18B580D 
 238      3E533E9E 
 238      A5C63554 
 238      56389975 
 239 046c 3359962F 		.ascii	"3Y\226/Y\277\201d`\244\000\243Bp\304i\021\017S\244\335"
 239      59BF8164 
 239      60A400A3 
 239      4270C469 
 239      110F53A4 
 240 0481 7EC08E17 		.ascii	"~\300\216\027\252\320\233\213\320R\010R\204\340O\224"
 240      AAD09B8B 
 240      D0520852 
 240      84E04F94 
 241 0491 D220CD42 		.ascii	"\322 \315B\220\236\263 \035\335\227Y\355\215\233\231"
 241      909EB320 
 241      1DDD9759 
 241      ED8D9B99 
 242 04a1 819EAC07 		.ascii	"\201\236\254\007MX\226\343\257\236\2469\276\036,DI\026"
 242      4D5896E3 
 242      AF9EA639 
 242      BE1E2C44 
 242      4916
 243 04b3 C0A0B289 		.ascii	"\300\240\262\211he\023\221\311\255't\370\0323\021y>"
 243      68651391 
 243      C9AD2774 
 243      F81A3311 
 243      793E
 244 04c5 B1452BD6 		.ascii	"\261E+\326\017\347\346\033\025\232\213\003\301\237\015"
 244      0FE7E61B 
 244      159A8B03 
 244      C19F0D
 245 04d4 840D8024 		.ascii	"\204\015\200$FB\262^\340\005D\314\357\005,\277\2533"
 245      4642B25E 
 245      E00544CC 
 245      EF052CBF 
ARM GAS  /tmp/cc2HMOlN.s 			page 19


 245      AB33
 246 04e6 CFF578E3 		.ascii	"\317\365x\343>\026\341\270\370\3479\030\0171\363#[2"
 246      3E16E1B8 
 246      F8E73918 
 246      0F31F323 
 246      5B32
 247 04f8 F335CAE6 		.ascii	"\3635\312\3467\2735_I\213W<\330\216S\260]\0223\026\216"
 247      37BB355F 
 247      498B573C 
 247      D88E53B0 
 247      5D123316 
 248 050d 4799AD83 		.ascii	"G\231\255\203U9-Z<\301lu<nH\226%5U\222\004J\022\\\225"
 248      55392D5A 
 248      3CC16C75 
 248      3C6E4896 
 248      25355592 
 249 0526 28804954 		.ascii	"(\200IT\016\345\276\222\226\243j\034\241\241\306\256"
 249      0EE5BE92 
 249      96A36A1C 
 249      A1A1C6AE 
 250 0536 4E944C19 		.ascii	"N\224L\031\360F\312\250OD\035\033U#\377E\010\204\021"
 250      F046CAA8 
 250      4F441D1B 
 250      5523FF45 
 250      088411
 251 0549 3349260F 		.ascii	"3I&\017*\264\003,&\013X\234k\354\262\203\265\321?\223"
 251      2AB4032C 
 251      260B589C 
 251      6BECB283 
 251      B5D13F93 
 252 055d CB70EE49 		.ascii	"\313p\356I\217\012\366S\300>\271\245B\333\205Eh\233"
 252      8F0AF653 
 252      C03EB9A5 
 252      42DB8545 
 252      689B
 253 056f 40AD9F4C 		.ascii	"@\255\237L\253\235\324\351\271\364\306\257\223\2761"
 253      AB9DD4E9 
 253      B9F4C6AF 
 253      93BE31
 254 057e 315B6D30 		.ascii	"1[m0lr<'\320N@\"\216Y\025J\025\014|J\263\357\332\271"
 254      6C723C27 
 254      D04E4022 
 254      8E59154A 
 254      150C7C4A 
 255 0596 1E35DECC 		.ascii	"\0365\336\314\234\272i\257j\025\3606\306d\035\3509\244"
 255      9CBA69AF 
 255      6A15F036 
 255      C6641DE8 
 255      39A4
 256 05a8 C37B1853 		.ascii	"\303{\030S\322\271u\310\033\037`LO\366\363b\015>\302"
 256      D2B975C8 
 256      1B1F604C 
 256      4FF6F362 
 256      0D3EC2
 257 05bb 987DD71F 		.ascii	"\230}\327\037fi\3611\312\010m\263CC0\254\375e\206\377"
 257      6669F131 
 257      CA086DB3 
ARM GAS  /tmp/cc2HMOlN.s 			page 20


 257      434330AC 
 257      FD6586FF 
 258 05cf F8B2542B 		.ascii	"\370\262T+\366\003T\243\201\307\237\365Lo\023\276x\023"
 258      F60354A3 
 258      81C79FF5 
 258      4C6F13BE 
 258      7813
 259 05e1 86921AA5 		.ascii	"\206\222\032\245\013\006\264O\352\035\243\201\001\354"
 259      0B06B44F 
 259      EA1DA381 
 259      01EC
 260 05ef 8BAC69F5 		.ascii	"\213\254i\365\304\035\314\330\303\373Wf\274q7c\354\223"
 260      C41DCCD8 
 260      C3FB5766 
 260      BC713763 
 260      EC93
 261 0601 A59D1A7C 		.ascii	"\245\235\032|\2031]\333&\372t\370\026cj\257\306\225"
 261      83315DDB 
 261      26FA74F8 
 261      16636AAF 
 261      C695
 262 0613 A9F12063 		.ascii	"\251\361 c\2164\364\331=\3600c\21275\314x\342\021\306"
 262      8E34F4D9 
 262      3DF03063 
 262      8A3735CC 
 262      78E211C6 
 263 0627 EC2ADC10 		.ascii	"\354*\334\020\251\307\243\2149>;\236`\300\343\214\231"
 263      A9C7A38C 
 263      393E3B9E 
 263      60C0E38C 
 263      99
 264 0638 286EC910 		.ascii	"(n\311\020X\321\360\003\366Xy\\-f\031\236.\244`\257"
 264      58D1F003 
 264      F658795C 
 264      2D66199E 
 264      2EA460AF 
 265 064c C6F58D1B 		.ascii	"\306\365\215\033<\221\037\373\315\367\367\363\313 \376"
 265      3C911FFB 
 265      CDF7F7F3 
 265      CB20FE
 266 065b 96CFF6E2 		.ascii	"\226\317\366\342\275G7m\266\247W\"\352M\006\361F\230"
 266      BD47376D 
 266      B6A75722 
 266      EA4D06F1 
 266      4698
 267 066d 2FF93F43 		.ascii	"/\371?C\203\237G\376\252X\223\251\017v\331\313\2431"
 267      839F47FE 
 267      AA5893A9 
 267      0F76D9CB 
 267      A331
 268 067f 153FEA2A 		.ascii	"\025?\352*\036@\244\227I\302\225\277\220\2043\025\205"
 268      1E40A497 
 268      49C295BF 
 268      90843315 
 268      85
 269 0690 E5AA2FCB 		.ascii	"\345\252/\313\244\017\273J\327\314A\322/\023?\350*\336"
 269      A40FBB4A 
ARM GAS  /tmp/cc2HMOlN.s 			page 21


 269      D7CC41D2 
 269      2F133FE8 
 269      2ADE
 270 06a2 3C17B84C 		.ascii	"<\027\270L|\257\253\370\000rA>,\223>\240\034\025*\235"
 270      7CAFABF8 
 270      0072413E 
 270      2C933EA0 
 270      1C152A9D 
 271 06b6 44722211 		.ascii	"Dr\"\021\010\251U\350\004\244\363qHgt\214\267\200\314"
 271      08A955E8 
 271      04A4F371 
 271      4867748C 
 271      B780CC
 272 06c9 40672185 		.ascii	"@g!\205\262\005?\224\003\224\017\224\013\224\007t\022"
 272      B2053F94 
 272      03940F94 
 272      0B940774 
 272      12
 273 06da E8345016 		.ascii	"\3504P\026\320)\301\217\0167\226a\003\245/E\200B\242"
 273      D029C18F 
 273      0E379661 
 273      03A52F45 
 273      8042A2
 274 06ed 41C5934B 		.ascii	"A\305\223K\345\000\326S7/#\312^\273\224\";\244\354\266"
 274      E500D653 
 274      372F23CA 
 274      5EBB9422 
 274      3BA4ECB6 
 275 0701 CC8F7A99 		.ascii	"\314\217z\231\037G\224cJ\245\311\243\274\177\344\276"
 275      1F479463 
 275      4AA5C9A3 
 275      BC7FE4BE 
 276 0711 877C04CA 		.ascii	"\207|\004\312eU\250\3001\002\363g\207G=\360Q-I<|\362"
 276      6555A8C0 
 276      3102F367 
 276      87473DF0 
 276      512D493C 
 277 0727 EED94C5F 		.ascii	"\356\331L_4\337\317?\211?ki$\034&\316\201\315B\036\211"
 277      34DFCF3F 
 277      893F6B69 
 277      241C26CE 
 277      81CD421E 
 278 073c 62884411 		.ascii	"b\210D\021\367\224\241\203\261\264\353v\034\313?\320"
 278      F794A183 
 278      B1B4EB76 
 278      1CCB3FD0 
 279 074c 8FF67069 		.ascii	"\217\366pi\205\204b\241i:\312BS\350\034\0322I\271^1"
 279      858462A1 
 279      693ACA42 
 279      53E81C1A 
 279      3249B95E 
 280 0761 2CE09314 		.ascii	",\340\223\024\024\272;p\274M\300\005\214I\353\255\354"
 280      14BA3B70 
 280      BC4DC005 
 280      8C49EBAD 
 280      EC
 281 0772 E1B3996A 		.ascii	"\341\263\231j\302\347\365\246\304\032\370\330 \213\242"
ARM GAS  /tmp/cc2HMOlN.s 			page 22


 281      C2E7F5A6 
 281      C41AF8D8 
 281      208BA2
 282 0781 9A96D952 		.ascii	"\232\226\331R\035\256d\302\247g\217\306`\\O\231\037"
 282      1DAE64C2 
 282      A7678FC6 
 282      605C4F99 
 282      1F
 283 0792 1D69BD7E 		.ascii	"\035i\275~W\007\276\031\346\373\315\367#\177\341\237"
 283      5707BE19 
 283      E6FBCDF7 
 283      237FE19F 
 284 07a2 1F39F787 		.ascii	"\0379\367\207\037\033I\376~\013\374\350-?\177?\203\201"
 284      1F1B49FE 
 284      7E0BFCE8 
 284      2D3F7F3F 
 284      8381
 285 07b4 5CF4F773 		.ascii	"\\\364\367s\374\374\335\004e\010\346)U<(\275\020\224"
 285      FCFCDD04 
 285      6508E629 
 285      553C28BD 
 285      1094
 286 07c6 6AE7A04C 		.ascii	"j\347\240L\341;\347\267\260\240"
 286      E13BE7B7 
 286      B0A0
 287 07d0 9C87A034 		.ascii	"\234\207\2404pi\205\240\310:\253\306\251\263H;\026\036"
 287      706985A0 
 287      C83AABC6 
 287      A9B3483B 
 287      161E
 288 07e2 A7042D87 		.ascii	"\247\004-\207\004-#\011\372\034\254\326r\004\317\340"
 288      042D2309 
 288      FA1CACD6 
 288      7204CFE0 
 289 07f2 7C069270 		.ascii	"|\006\222p\032h\012h\022h\002\350)\320\023\240\307@"
 289      1A680A68 
 289      126802E8 
 289      29D013A0 
 289      C740
 290 0804 8F80C681 		.ascii	"\217\200\306\201n\000u\003]\007\352\002\352\004\252"
 290      6E007503 
 290      5D07EA02 
 290      EA04AA
 291 0813 07AA03BA 		.ascii	"\007\252\003\272\340\344E\345\177\262\304\203\352Y\001"
 291      E0E445E5 
 291      7FB2C483 
 291      EA5901
 292 0822 BD5A2B77 		.ascii	"\275Z+w \337\315\370q\300+\345-\376r\360\232:\347\035"
 292      20DFCDF8 
 292      71C02BE5 
 292      2DFE72F0 
 292      9A3AE71D 
 293 0836 A0C388AC 		.ascii	"\240\303\210\254\320\316!\027\200\005s\252\307\375\216"
 293      D0CE2117 
 293      800573AA 
 293      C7FD8E
 294 0845 054CBE01 		.ascii	"\005L\276\001\"{^Y\336\265K\032\235\272\244\201\215"
ARM GAS  /tmp/cc2HMOlN.s 			page 23


 294      227B5E59 
 294      DEB54B1A 
 294      9DBAA481 
 294      8D
 295 0856 1F27875B 		.ascii	"\037'\207[\340.\031\262\3502hl\344\016_\003\207[\000"
 295      E02E19B2 
 295      E832686C 
 295      E40E5F03 
 295      875B00
 296 0869 7033D045 		.ascii	"p3\320E'\3207\237\343\347g\354\366X\015j\002\024\027"
 296      27D0379F 
 296      E3E767EC 
 296      F6580D6A 
 296      021417
 297 087c 781BC512 		.ascii	"x\033\305\022)\203q\311\011F\323\213`t\200\351\257\207"
 297      298371C9 
 297      0946D38B 
 297      607480E9 
 297      AF87
 298 088e D17F04DB 		.ascii	"\321\177\004\333\017.\2449V\253\214A,@0b\333vh#h\"\\"
 298      0F2EA439 
 298      56AB8C41 
 298      2C403062 
 298      DB766823 
 299 08a5 06B17A2E 		.ascii	"\006\261z.^\007\3425\316\251\354\004\310q\277\035@\\"
 299      5E07E235 
 299      CEA9EC04 
 299      C871BF1D 
 299      405C
 300 08b7 E180DAE0 		.ascii	"\341\200\332\340\374*\200iu\035-\223\362\321r\021L\\"
 300      FC2A8069 
 300      751D2D93 
 300      F2D17211 
 300      4C5C
 301 08c9 71F39851 		.ascii	"q\363\230Q\266\321\310[\270\267Q\031\300rY\034\215s"
 301      B6D1C85B 
 301      B8B75119 
 301      C072591C 
 301      8D73
 302 08db F5CB4AD4 		.ascii	"\365\313J\324\363lV\242\2568\227(vsp\223G\346\201\255"
 302      F36C56A2 
 302      AE389728 
 302      76737093 
 302      47E681AD 
 303 08ef 64F240C2 		.ascii	"d\362@\302\321$\255W\210\264C\3509\236\314%\363\327"
 303      D124AD57 
 303      88B443E8 
 303      399ECC25 
 303      F3D7
 304 0901 46251503 		.ascii	"F%\025\003\333\265djHz\365\222\324\276\221\266gp\273"
 304      DBB5646A 
 304      487AF592 
 304      D4BE91B6 
 304      6770BB
 305 0914 A6F09686 		.ascii	"\246\360\226\206\030{b ]A_qM\326V\347\344&3\326\337"
 305      187B6220 
 305      5D415F71 
ARM GAS  /tmp/cc2HMOlN.s 			page 24


 305      4DD656E7 
 305      E42633D6 
 306 0929 33FFC8C2 		.ascii	"3\377\310\302\361\232\262\270\254G\373\377M\352\320"
 306      F19AB2B8 
 306      AC47FBFF 
 306      4DEAD0
 307 0938 DB5CDA11 		.ascii	"\333\\\332\021\314[\256\322c\277a\272{@j\320U\367\000"
 307      CC5BAED2 
 307      63BF61BA 
 307      7B406AD0 
 307      55F700
 308 094b 72E99C39 		.ascii	"r\351\2349\245\262\017:D\251T\262X\324\360XW\271\211"
 308      A5B20F3A 
 308      44A954B2 
 308      58D4F058 
 308      57B989
 309 095e 756A148D 		.ascii	"uj\024\2155\261}G\212U\225\030+;+\266Gy\372\364\013"
 309      35B17D47 
 309      8A559518 
 309      2B3B2BB6 
 309      4779FAF4 
 310 0973 0BD0B032 		.ascii	"\013\320\2602D\352\320V%\204*\332\214\300\033\003x\017"
 310      44EAD056 
 310      25842ADA 
 310      8CC01B03 
 310      780F
 311 0985 21774681 		.ascii	"!wF\201\036\000\335\005\272\015t\013\350\246S>M}\310"
 311      1E00DD05 
 311      BA0D740B 
 311      E8A6533E 
 311      4D7DC8
 312 0998 6242BAE7 		.ascii	"bB\272\347.\030$\032\334\316\241\2367\312*\317\275\257"
 312      2E18241A 
 312      DCCEA19E 
 312      37CA2ACF 
 312      BDAF
 313 09aa 931EFB15 		.ascii	"\223\036\373\025S=\000\302#\356\205e\345a\320\251<\014"
 313      533D00C2 
 313      23EE8565 
 313      E561D0A9 
 313      3C0C
 314 09bc 289487C7 		.ascii	"(\224\207\307p\367\021i?\016\012\007yg\014\203\267w"
 314      70F71169 
 314      3F0E0A07 
 314      79670C83 
 314      B777
 315 09ce C0B321C9 		.ascii	"\300\263!\3113\262\314L\360x06d\267o5\320\005\371}\336"
 315      33B2CC4C 
 315      F0783036 
 315      64B76F35 
 315      D005F97D 
 316 09e3 C07D7918 		.ascii	"\300}y\030~\231\224\022\222Jc\\V\2416\360\304\217\361"
 316      7E999412 
 316      924A635C 
 316      56A136F0 
 316      C48FF1
 317 09f6 20893FA8 		.ascii	" \211?\2504+\202n\314\256\343\335x\017\\\177\362\215"
ARM GAS  /tmp/cc2HMOlN.s 			page 25


 317      342B826E 
 317      CCAEE3DD 
 317      780F5C7F 
 317      F28D
 318 0a08 5C1F0149 		.ascii	"\\\037\001I\311\365{\314u7\317Tt\037\034\226\036\253"
 318      C9F57BCC 
 318      7537CF54 
 318      741F1C96 
 318      1EAB
 319 0a1a 8E148B8F 		.ascii	"\216\024\213\217\212#)FT=\225R\354<\325\345\300\266"
 319      8A232946 
 319      543D9552 
 319      EC3CD5E5 
 319      C0B6
 320 0a2c 4FC4064F 		.ascii	"O\304\006O\303\211\027v!I\352:\376h\"\303q\362\353\244"
 320      C3891776 
 320      2149EA3A 
 320      FE6822C3 
 320      71F2EBA4 
 321 0a40 EB3F90C6 		.ascii	"\353?\220\306\356\224{a\206\267\255LCB\0102sC\370\244"
 321      EE947B61 
 321      86B7AD4C 
 321      43420832 
 321      7343F8A4 
 322 0a54 785E5494 		.ascii	"x^T\224}\347R\272j~\306\207\001_\261\261\011\357\264"
 322      7DE752BA 
 322      6A7EC687 
 322      015FB1B1 
 322      09EFB4
 323 0a67 EC7958FF 		.ascii	"\354yX\377\243\235\366\362\010L\227\271\233\004\005"
 323      A39DF6F2 
 323      084C97B9 
 323      9B0405
 324 0a76 E1584136 		.ascii	"\341XA6\231\376g&L\226\263[\224\204\345O\332\266B\236"
 324      99FE6726 
 324      4C96B35B 
 324      9484E54F 
 324      DAB6429E 
 325 0a8a EFB0E443 		.ascii	"\357\260\344C[]\247\0163\310%\341;\177(\325\346]\256"
 325      5B5DA70E 
 325      33C825E1 
 325      3B7F28D5 
 325      E65DAE
 326 0a9d D2735701 		.ascii	"\322sW\001\227e\342\273\225\305\345]q\216w\005\231\224"
 326      9765E2BB 
 326      95C5E55D 
 326      718E7705 
 326      9994
 327 0aaf A6B98ACF 		.ascii	"\246\271\212\317]\222L\275\303\264\223IE\211\262\270"
 327      5D924CBD 
 327      C3B49349 
 327      4589B2B8 
 328 0abf 0CFAFD02 		.ascii	"\014\372\375\002\356\251\370\334\252u\363\334\342\236"
 328      EEA9F8DC 
 328      AA75F3DC 
 328      E29E
 329 0acd BEE3FC14 		.ascii	"\276\343\374\024\232+-\357\351\002V\031k\335T\306\331"
ARM GAS  /tmp/cc2HMOlN.s 			page 26


 329      9A2B2DEF 
 329      E9025619 
 329      6BDD54C6 
 329      D9
 330 0ade 47E40143 		.ascii	"G\344\001C\022\274RZ\301\326\322\302H\014\220\235\342"
 330      12BC525A 
 330      C1D6D2C2 
 330      480C909D 
 330      E2
 331 0aef 8A9232AF 		.ascii	"\212\2222\257^\324\215\310+\231\227hk\204\330_8\022"
 331      5ED48DC8 
 331      2B999768 
 331      6B84D85F 
 331      3812
 332 0b01 A2FCACF8 		.ascii	"\242\374\254\370C\354:\\\025\330\201\213\022Fl\202\034"
 332      43EC3A5C 
 332      15D8818B 
 332      12466C82 
 332      1C
 333 0b12 5704AE43 		.ascii	"W\004\256C\020\365\322\177\\\001\222ke\367\2319\361"
 333      10F5D27F 
 333      5C01926B 
 333      65F79939 
 333      F1
 334 0b23 A762F20C 		.ascii	"\247b\362\014\217\324\216]\022$c\262&s\260\252\034\267"
 334      8FD48E5D 
 334      122463B2 
 334      2673B0AA 
 334      1CB7
 335 0b35 1DA02427 		.ascii	"\035\240$'\3519\3314\271\027\237m\350C=p\367?T\252D"
 335      E939D934 
 335      B9179F6D 
 335      E8433D70 
 335      F73F54AA 
 336 0b4a CF10BA48 		.ascii	"\317\020\272Hx|\266\342\244\006wxR\346\374\354\323r"
 336      787CB6E2 
 336      A4067778 
 336      52E6FCEC 
 336      D372
 337 0b5c 5FB6BC10 		.ascii	"_\266\274\020d\333\350\013\3306zDqJ\213\307\302\355"
 337      64DBE80B 
 337      D8367A44 
 337      714A8BC7 
 337      C2ED
 338 0b6e B49C46D9 		.ascii	"\264\234F\331_\022h\357E\341E(\022\223\036\213\306\013"
 338      5F1268EF 
 338      45E14528 
 338      12931E8B 
 338      C60B
 339 0b80 E16FA89A 		.ascii	"\341o\250\232Y\253\034\333\274\027\275\232nO\357\263"
 339      59AB1CDB 
 339      BC17BD9A 
 339      6E4FEFB3 
 340 0b90 97B7EFF1 		.ascii	"\227\267\357\361\210\273\035\003U\003\275K\244P\004"
 340      88BB1D03 
 340      5503BD4B 
 340      A45004
ARM GAS  /tmp/cc2HMOlN.s 			page 27


 341 0b9f 7674139C 		.ascii	"vt\023\234\302_;\356ChV\350\005h\353\361\253\320zoz"
 341      C25F3BEE 
 341      436856E8 
 341      0568EBF1 
 341      ABD07A6F 
 342 0bb4 5FB40EC7 		.ascii	"_\264\016\307\351(\252k\323\331\255\006\265\300\227"
 342      E928AA6B 
 342      D3D9AD06 
 342      B5C097
 343 0bc3 026080AE 		.ascii	"\002`\200\256\333Z{=\335c\331H\261l\300\034\314p\335"
 343      DB5A7B3D 
 343      DD63D948 
 343      B16CC01C 
 343      CC70DD
 344 0bd6 BD5D2298 		.ascii	"\275]\"\230\316\357C\352E\332\311\356\036H\241\030\011"
 344      CEEF43EA 
 344      45DAC9EE 
 344      1E48A118 
 344      09
 345 0be7 4B8C2B96 		.ascii	"K\214+\226X\212e:\366\306\244\001\357v\217\245pK\323"
 345      588A653A 
 345      F6C6A401 
 345      EF768FA5 
 345      704BD3
 346 0bfa 692F3996 		.ascii	"i/9\226?\276,\203\022O\241\304\211P\022\236]\256\322"
 346      3FBE2C83 
 346      124FA1C4 
 346      8950129E 
 346      5DAED2
 347 0c0d 01943EC8 		.ascii	"\001\224>\310\335\013Y\036\273\243 .\373\021\025C\233"
 347      DD0B591E 
 347      BBA3202E 
 347      FB111543 
 347      9B
 348 0c1e 242C9B30 		.ascii	"$,\2330\333\267B\233)\206\366GO+\365\270\221a(M\311"
 348      DBB7429B 
 348      2986F647 
 348      4F2BF5B8 
 348      9161284D 
 349 0c33 D9C95F75 		.ascii	"\331\311_u5\223n\252\177\232T\302_\245\330\277\005\374"
 349      35936EAA 
 349      7F9A54C2 
 349      5FA5D8BF 
 349      05FC
 350 0c45 C61B1B5A 		.ascii	"\306\033\033Z\365\354\376\004\335I\215\331w\221o\302"
 350      F5ECFE04 
 350      DD498DD9 
 350      77916FC2 
 351 0c55 5E231BAD 		.ascii	"^#\033\255E\317\322\363\325\374\325\2137\360\263w:\016"
 351      45CFD2F3 
 351      D5FCD58B 
 351      37F0B377 
 351      3A0E
 352 0c67 F045E528 		.ascii	"\360E\345(\355\272\364\302\277\301\227\230\255G\311"
 352      EDBAF4C2 
 352      BFC19798 
 352      AD47C9
ARM GAS  /tmp/cc2HMOlN.s 			page 28


 353 0c76 9DBD3EF8 		.ascii	"\235\275>\3702c\356d\265\266b\334A\031\241n\"a\024\273"
 353      3263EE64 
 353      B5B662DC 
 353      4119A16E 
 353      226114BB 
 354 0c8a 7B1D928A 		.ascii	"{\035\222\212\335\277Nzk'\335\320\334\211\365h\007\236"
 354      DDBF4E7A 
 354      6B27DDD0 
 354      DC89F568 
 354      079E
 355 0c9c F3460467 		.ascii	"\363F\004gD\027\345\370\240\371\376~\212\223(\025\332"
 355      4417E5F8 
 355      A0F9FE7E 
 355      8A932815 
 355      DA
 356 0cad 85D9437B 		.ascii	"\205\331C{7\230H\303\362\031\324\245b\217\211SD5\210"
 356      379848C3 
 356      F219D4A5 
 356      628F8953 
 356      443588
 357 0cc0 CC7D260C 		.ascii	"\314}&\014\354\320\262\232C\014o\007\303D\221B\315!"
 357      ECD0B29A 
 357      430C6F07 
 357      C3449142 
 357      CD21
 358 0cd2 1B5D0786 		.ascii	"\033]\007\206\256j\260\235\356C\013\267\313\272~\217"
 358      AE6AB09D 
 358      EE430BB7 
 358      CBBA7E8F 
 359 0ce2 FCE73313 		.ascii	"\374\3473\023\367\337&\317\234}\320r\217\004\235\230"
 359      F7DF26CF 
 359      9C7DD072 
 359      8F049D98 
 360 0cf2 7337E7DB 		.ascii	"s7\347\333\013(\225\020\203\225\355\003\027\307t8\211"
 360      0B289510 
 360      8395ED03 
 360      17C77438 
 360      89
 361 0d03 ED763FB8 		.ascii	"\355v?\270\021u\320\027\2471&\275ac\223\016\2473&71"
 361      1175D017 
 361      A73126BD 
 361      6163930E 
 361      A7332637 
 362 0d18 0206492E 		.ascii	"\002\006I.c\242\"\017^\025\310\276F\324\213w\026\361"
 362      63A2220F 
 362      5E15C8BE 
 362      46D48B77 
 362      16F1
 363 0d2a B593670E 		.ascii	"\265\223g\016\372 X\324g\330\243\243\350s\273ss2{n\037"
 363      FA2058D4 
 363      67D8A3A3 
 363      E873BB73 
 363      73327B6E 
 364 0d3f C4067400 		.ascii	"\304\006t\000\320\037V\366_\331\217\014\336\200\370"
 364      D01F56F6 
 364      5FD98F0C 
 364      DE80F8
ARM GAS  /tmp/cc2HMOlN.s 			page 29


 365 0d4e 7104FC38 		.ascii	"q\004\3748\344\024\371\266{\254B\037\306\256[\0317b"
 365      E414F9B6 
 365      7BAC421F 
 365      C6AE5B19 
 365      3762
 366 0d60 1FE7A871 		.ascii	"\037\347\250q!\013eq\315\226+^\216XB\345\356bs\332c"
 366      210B6571 
 366      CD962B5E 
 366      8E5842E5 
 366      EE6273DA 
 367 0d75 A038538A 		.ascii	"\2408S\212\347\341\027\304\363(\330V\302A\3365\356\274"
 367      E7E117C4 
 367      F328D856 
 367      C241DE35 
 367      EEBC
 368 0d87 13EB8DEB 		.ascii	"\023\353\215\353X\2406tV\324x\343f\306$\234\355\232"
 368      58A03674 
 368      56D478E3 
 368      66C6249C 
 368      ED9A
 369 0d99 F1C51D0C 		.ascii	"\361\305\035\014\304\372Kyw\334\276k\315q\233\267=\207"
 369      C4FA4B79 
 369      77DCBE6B 
 369      CD719BB7 
 369      3D87
 370 0dab E98C2D1B 		.ascii	"\351\214-\033\222'kn\326\242\033\361\375\260 \274\311"
 370      92276B6E 
 370      D6A21BF1 
 370      FDB020BC 
 370      C9
 371 0dbc EC2596A5 		.ascii	"\354%\226\245\227h\361]\306d\237\230\316\325\323\212"
 371      9768F15D 
 371      C6649F98 
 371      CED5D38A 
 372 0dcc 61140B46 		.ascii	"a\024\013F\372\256\270\\o\267\005\3434-\030\247\304"
 372      FAAEB85C 
 372      6FB705E3 
 372      342D18A7 
 372      C4
 373 0ddd 82911E11 		.ascii	"\202\221\036\021\327\352\264\225\005\367e]~\006\213"
 373      D7EAB495 
 373      05F7655D 
 373      7E068B
 374 0dec D33890CD 		.ascii	"\3238\220\315\314O9\356\205\307\231\243g&\243{\004\344"
 374      CC4F39EE 
 374      85C799A3 
 374      6726A37B 
 374      04E4
 375 0dfe 6FE033CE 		.ascii	"o\3403\316\335/E\222.\312\007\371\263\222\003\320\334"
 375      DD2F4592 
 375      2ECA07F9 
 375      B39203D0 
 375      DC
 376 0e0f 799E28D7 		.ascii	"y\236(\327\216\362 \034N\006\036>I\356\363\3053\314"
 376      8EF2201C 
 376      4E061E3E 
 376      49EEF3C5 
ARM GAS  /tmp/cc2HMOlN.s 			page 30


 376      33CC
 377 0e21 B3F23385 		.ascii	"\263\3623\205\247\0158\332\213m\016\317\354\311\347"
 377      A70D38DA 
 377      8B6D0ECF 
 377      ECC9E7
 378 0e30 456401B0 		.ascii	"Ed\001\260\317z\023\023\265|c\212\324\234\361\272\336"
 378      CF7A1313 
 378      B57C638A 
 378      D49CF1BA 
 378      DE
 379 0e41 582FBC8D 		.ascii	"X/\274\215\311\226O\027t\031p\032e\364\235\335{c\364"
 379      C9964F17 
 379      7419701A 
 379      65F49DDD 
 379      7B63F4
 380 0e54 64D3CDCF 		.ascii	"d\323\315\317\317\340\347?\337\317i\272^\004Q)\204\250"
 380      CFE0E73F 
 380      DFCF69BA 
 380      5E045129 
 380      84A8
 381 0e66 A0724052 		.ascii	"\240r@R\303\373\375<\234Wc?T\011t\001\250\014\250\002"
 381      C3FBFD3C 
 381      9C57633F 
 381      54097401 
 381      A80CA802 
 382 0e7a BB2CA47B 		.ascii	"\273,\244{\217\363i*q\370$8\\\203\335Lw\034\331X\307"
 382      8FF3692A 
 382      71F82438 
 382      5C83DD4C 
 382      771CD958 
 383 0e8f 56B3A520 		.ascii	"V\263\245 X\"E\250\006\317\227\353\275\323 M\177\213"
 383      582245A8 
 383      06CF97EB 
 383      BDD3204D 
 383      7F8B
 384 0ea1 5DD5CED9 		.ascii	"]\325\316\331\262\034\376\003\237D\001\210\\Wi\331\254"
 384      B21CFE03 
 384      9F440188 
 384      5C5769D9 
 384      AC
 385 0eb2 48D601A5 		.ascii	"H\326\001\245X\276\206\251\242\375#nV\310\264\025(j"
 385      58BE86A9 
 385      A2FD236E 
 385      56C8B415 
 385      286A
 386 0ec4 93CD9A7A 		.ascii	"\223\315\232z\272\331\230\254q\036\223\312\341=\307"
 386      BAD998AC 
 386      711E93CA 
 386      E13DC7
 387 0ed3 B57DB3F0 		.ascii	"\265}\263\360>\351\346SI2\032N(\307V\254\245\207*\236"
 387      3EE9E653 
 387      49321A4E 
 387      28C756AC 
 387      A5872A9E 
 388 0ee7 94EBF109 		.ascii	"\224\353\361\011\326\361y\321\003\317|q\025e4{\223\223"
 388      D6F179D1 
 388      03CF7C71 
ARM GAS  /tmp/cc2HMOlN.s 			page 31


 388      1565347B 
 388      9393
 389 0ef9 2B3C11DD 		.ascii	"+<\021\335m\364S\336\302\251\005\325\365\034\325E@u"
 389      6DF453DE 
 389      C2A905D5 
 389      F51CD545 
 389      4075
 390 0f0b 09903402 		.ascii	"\011\2204\0025\00158!\252\014b\221!\200\352x\253\027"
 390      35013538 
 390      21AA0C62 
 390      912180EA 
 390      78AB17
 391 0f1e CC6D9FF4 		.ascii	"\314m\237\364\362\331\252\330/\365n\372\205\207\262"
 391      F2D9AAD8 
 391      2FF56EFA 
 391      8587B2
 392 0f2d 9785B25E 		.ascii	"\227\205\262^\351\271R3\344\022\014\005\333\262\214"
 392      E9B95233 
 392      E4120C05 
 392      DBB28C
 393 0f3c 18909B2E 		.ascii	"\030\220\233.P4-\206.\271\376\324\260\026_\362b_\037"
 393      50342D86 
 393      2EB9FED4 
 393      B0165FF2 
 393      625F1F
 394 0f4f E46FAAF0 		.ascii	"\344o\252\360\205\307\242\233=7\210\316\327E\312\221"
 394      85C7A29B 
 394      3D3788CE 
 394      D745CA91 
 395 0f5f E74D51DB 		.ascii	"\347MQ\333I\236\267\200|\263\224\347\3654\317\301lA"
 395      499EB780 
 395      7CB394E7 
 395      F534CFC1 
 395      6C41
 396 0f71 C9C81B6C 		.ascii	"\311\310\033l /\"\223\233\356\207\345|\016\330G\006"
 396      202F2293 
 396      9BEE87E5 
 396      7C0ED847 
 396      06
 397 0f82 726ED396 		.ascii	"rn\323\2264o|\233\365g\362\363\013UP\350\030SR>^\252"
 397      346F7C9B 
 397      F567F2F3 
 397      0B5550E8 
 397      1853523E 
 398 0f98 C6E38C49 		.ascii	"\306\343\214I-\313\275\200"
 398      2DCBBD80 
 399 0fa0 F134631E 		.ascii	"\3614c\036d\034\034\022p\204\2012I\321\351\203\276x"
 399      641C1C12 
 399      70848132 
 399      49D1E983 
 399      BE78
 400 0fb2 2363B292 		.ascii	"#c\262\222\"\222\005\234\310\230\354\310\376\363Z\274"
 400      2292059C 
 400      C898ECC8 
 400      FEF35ABC 
 401 0fc2 97329EB9 		.ascii	"\2272\236\271\205\303\005\032\372\226\007j\202\237c"
 401      85C3051A 
ARM GAS  /tmp/cc2HMOlN.s 			page 32


 401      FA96076A 
 401      829F63
 402 0fd1 F8E55C94 		.ascii	"\370\345\\\224\355\217\265\003\372\376\027\216\277\312"
 402      ED8FB503 
 402      FAFE178E 
 402      BFCA
 403 0fdf CFA57546 		.ascii	"\317\245uF\233\262\264\323\262D&~\335U\334y\271F6\360"
 403      9BB2B4D3 
 403      B244267E 
 403      DD55DC79 
 403      B94636F0 
 404 0ff3 87E725DB 		.ascii	"\207\347%\333IW\222%\177'\027w\273"
 404      49579225 
 404      7F271777 
 404      BB
 405 1000 E4AF1966 		.ascii	"\344\257\031fI\324\377\202\361x\005\306c+\031\217]\\"
 405      49D4FF82 
 405      F17805C6 
 405      632B198F 
 405      5D5C
 406 1012 1BE9CF1B 		.ascii	"\033\351\317\033\320\237}\320\2177\201n\001u\003\365"
 406      D09F7DD0 
 406      8F37816E 
 406      017503F5 
 407 1022 00F53A8D 		.ascii	"\000\365:\215\200\266a\331&p\207+\3669{\025\375\237"
 407      80B661D9 
 407      2670872B 
 407      F6397B15 
 407      FD9F
 408 1034 314FC962 		.ascii	"1O\311b\360\232\2624\013\014\371\006\345\301\366;j\234"
 408      F09AB234 
 408      0B0CF906 
 408      E5C1F63B 
 408      6A9C
 409 1046 69602FCA 		.ascii	"i`/\312\317\367\355\027\\\363\320\201{\020\260~S\334"
 409      CFF7ED17 
 409      5CF3D081 
 409      7B10B07E 
 409      53DC
 410 1058 8E7CCCA9 		.ascii	"\216|\314\251J \3718\000\355nK\371\330/\346c\363\243"
 410      4A20F938 
 410      00ED6E4B 
 410      F9D82FE6 
 410      63F3A3
 411 106b 03B11A7C 		.ascii	"\003\261\032|\226\345Hts\304?\3412v>8\270?\205\177\342"
 411      96E54874 
 411      73C43FE1 
 411      32763E38 
 411      B83F857F 
 412 1080 F51D60DB 		.ascii	"\365\035`\333J\266\237\023\364\322g\022\344\272TH\357"
 412      4AB69F13 
 412      F4D26712 
 412      E4BA5448 
 412      EF
 413 1091 62F29236 		.ascii	"b\362\2226`\021\032\306\364\035\355\310\241\246S\344"
 413      60111AC6 
 413      F41DEDC8 
ARM GAS  /tmp/cc2HMOlN.s 			page 33


 413      A1A653E4 
 414 10a1 79E5AF47 		.ascii	"y\345\257G\177\226}|\340\317\036miI\375;t\270\211\271"
 414      7F967D7C 
 414      E0CF1E6D 
 414      6949FD3B 
 414      74B889B9 
 415 10b5 9CFAF8CC 		.ascii	"\234\372\370\314\264\343\303\251\334(\373_E,\223m\271"
 415      B4E3C3A9 
 415      DC28FB5F 
 415      452C936D 
 415      B9
 416 10c6 8E829BFE 		.ascii	"\216\202\233\376|\3120\002q\270\207\245O\300^\337C?"
 416      7CCA3002 
 416      71B887A5 
 416      4FC05EDF 
 416      433F
 417 10d8 017B0095 		.ascii	"\001{\000\225\341\276\344\231?\2373l\210\316L\360\302"
 417      E1BEE499 
 417      3F9F336C 
 417      88CE4CF0 
 417      C2
 418 10e9 1DCC484A 		.ascii	"\035\314HJB\177\227V\376\221\315\005\372\001\30284}"
 418      427F9756 
 418      FE91CD05 
 418      FA01C238 
 418      347D
 419 10fb 28357D80 		.ascii	"(5}\200\035o\315\347\000\031S\000B\336\027\347tU\253"
 419      1D6FCDE7 
 419      00195300 
 419      42DE17E7 
 419      7455AB
 420 110e 713FB3F2 		.ascii	"q?\263\3628v$\335\275+O\334\272\322\333\204\273\253"
 420      387624DD 
 420      BD2B4FDC 
 420      BAD2DB84 
 420      BBAB
 421 1120 36915E7A 		.ascii	"6\221^z\014\200\036I\200\3061w\346\356@\354=\355\274"
 421      0C801E49 
 421      80C63177 
 421      E6EE40EC 
 421      3DEDBC
 422 1133 449E15EF 		.ascii	"D\236\025\357.\244\202\311\240d+\235\324<\305\363\304"
 422      2EA482C9 
 422      A0642B9D 
 422      D43CC5F3 
 422      C4
 423 1144 4E20A3BB 		.ascii	"N \243\273\361\330\211!DG7\251\377\216\355\313\206\007"
 423      F1D88921 
 423      444737A9 
 423      FF8EEDCB 
 423      8607
 424 1156 D1767B7F 		.ascii	"\321v{\1779\"\342\350\016X\231\201\234\020\225\240$"
 424      3922E2E8 
 424      0E589981 
 424      9C1095A0 
 424      24
 425 1167 EC92C44F 		.ascii	"\354\222\304O&\370\000$\251s\225\213;r\321uwil\035K"
ARM GAS  /tmp/cc2HMOlN.s 			page 34


 425      26F80024 
 425      A973958B 
 425      3B72D175 
 425      77696C1D 
 426 117c 7932DBDC 		.ascii	"y2\333\334\317\205\035)\177k\316F\362\345\257\330\326"
 426      CF851D29 
 426      7F6BCE46 
 426      F2E5AFD8 
 426      D6
 427 118d 30D95748 		.ascii	"0\331WH\347\342\216\227:\262\215di ,T\241D0\236@\214"
 427      E7E28E97 
 427      3AB28D64 
 427      69202C54 
 427      A144309E 
 428 11a3 0FF11664 		.ascii	"\017\361\026d \314BX'!\361\237\003M\001M\003=\003\232"
 428      20CC4258 
 428      2721F19F 
 428      034D014D 
 428      033D039A 
 429 11b7 C0F2EDC6 		.ascii	"\300\362\355\306\251\257\030<\262\270\330\346\012/\005"
 429      A9AF183C 
 429      B2B8D8E6 
 429      0A2F05
 430 11c6 CF81B78E 		.ascii	"\317\201\267\216\301#U\3748\027w<\016\344;Q|\206>\301"
 430      C12355FC 
 430      3817773C 
 430      0EE43B51 
 430      7C863EC1 
 431 11da AACFCC9C 		.ascii	"\252\317\314\234\031z\311\372\350'\336x\204\345Gm\344"
 431      197AC9FA 
 431      E827DE78 
 431      84E5476D 
 431      E4
 432 11eb 935B3AF9 		.ascii	"\223[:\371\014}\250j\013\351\365H\365|dW;z}F\232\241"
 432      0C7DA86A 
 432      0BE9F548 
 432      F57C6457 
 432      3B7A7D46 
 433 1201 CFF13C42 		.ascii	"\317\361<B\355\377\215=\007\363\361\003#\267\204\327"
 433      EDFF8D3D 
 433      07F3F103 
 433      23B784D7 
 434 1211 0ED0F530 		.ascii	"\016\320\3650d@\352\311\334X{b5,\210\211\311-,\321\034"
 434      6440EAC9 
 434      DC587B62 
 434      352C8889 
 434      C92D2CD1 
 435 1226 CA55E40A 		.ascii	"\312U\344\012\374\215R\277F\276u\271[\027\255\301\223"
 435      FC8D52BF 
 435      46BE75B9 
 435      5B17ADC1 
 435      93
 436 1237 AC183C9E 		.ascii	"\254\030<\236\334t\237\317?_\006\366\312\376\035}\374"
 436      DC749FCF 
 436      3F5F06F6 
 436      CAFE1D7D 
 436      FC
ARM GAS  /tmp/cc2HMOlN.s 			page 35


 437 1248 B1954B1E 		.ascii	"\261\225K\036[\315)\225\355\2368\322\233\312\212_%-"
 437      5BCD2995 
 437      ED9E38D2 
 437      9BCA8A5F 
 437      252D
 438 125a 605F25C5 		.ascii	"`_%\305\014\026V#\234\304\356\235\253l\257\306x\017"
 438      0C165623 
 438      9CC4EE9D 
 438      AB6CAFC6 
 438      780F
 439 126c 636A3B36 		.ascii	"cj;66\370\342c\214\331:\023\237\244\306\371\214\021"
 439      36F8E263 
 439      8CD93A13 
 439      9FA4C6F9 
 439      8C11
 440 127e 3F2F5DC0 		.ascii	"?/]\300>/\315x\270\273J\203/\260{\235\207\016^E\270"
 440      3E2FCD78 
 440      B8BB4A83 
 440      2FB07B9D 
 440      870E5E45 
 441 1293 9531F1ED 		.ascii	"\2251\361\355\231\215z\334\307\230\302\322\015\303^"
 441      998D7ADC 
 441      C798C2D2 
 441      0DC35E
 442 12a2 788431A5 		.ascii	"x\2041\245\303\225\321\030OpK\227\217\017\252q\264\017"
 442      C395D118 
 442      4F704B97 
 442      8F0FAA71 
 442      B40F
 443 12b4 FBBC252F 		.ascii	"\373\274%/?E\213\2672f\364\352\225\355:\274\2271ug\262"
 443      3F458BB7 
 443      3266F4EA 
 443      95ED3ABC 
 443      97317567 
 444 12c9 ED1EF828 		.ascii	"\355\036\370(c\016MM\217\222\017#^'\237\013bY\021{\235"
 444      630E4D4D 
 444      8F920F23 
 444      5E279F0B 
 444      6259117B 
 445 12de 15B1B286 		.ascii	"\025\261\262\206\272\303\006|\206\012\013\331\273ff"
 445      BAC3067C 
 445      860A0BD9 
 445      BB6666
 446 12ed 7CC5910F 		.ascii	"|\305\221\017\253\016\017\177\225c\315\201vC\237\275"
 446      AB0E0F7F 
 446      9563CD81 
 446      76439FBD 
 447 12fd CE07FE4E 		.ascii	"\316\007\376N\365\"\264C-\253a;\350\267V\273\324z\224"
 447      F522B443 
 447      2DAB613B 
 447      E8B756BB 
 447      D47A94
 448 1310 2A65C0EB 		.ascii	"*e\300\353|\330\227&u\015\350q\031\263\021\331\274m"
 448      7CD89726 
 448      750DE871 
 448      19B311D9 
 448      BC6D
ARM GAS  /tmp/cc2HMOlN.s 			page 36


 449 1322 DCAD8DBD 		.ascii	"\334\255\215\275nm@\261\253\246\305n\017\330H\223l\200"
 449      6E6D40B1 
 449      ABA6C56E 
 449      0FD84893 
 449      6C80
 450 1334 49BEAC39 		.ascii	"I\276\2549\034U\256\306\265\314\353\252\201\364\355"
 450      1C55AEC6 
 450      B5CCEBAA 
 450      81F4ED
 451 1343 5EB89931 		.ascii	"^\270\2311C\263\217\306\004|\2151\225c\271G\370\363"
 451      43B38FC6 
 451      047C8D31 
 451      9563B947 
 451      F8F3
 452 1355 8044A32F 		.ascii	"\200D\243/\261j\326\327\355\363\340\200\232?\0172\324"
 452      B16AD6D7 
 452      EDF3E080 
 452      9A3F0F32 
 452      D4
 453 1366 EC53AD8A 		.ascii	"\354S\255\212\264\024O\251~!\372\365\220$~P=OlD\267"
 453      B4144FA9 
 453      7E21FAF5 
 453      90247E50 
 453      3D4F6C44 
 454 137b 547A6B72 		.ascii	"Tzkrtx\200\332]\360\244}\354\220\016\3719\377\310\253"
 454      747880DA 
 454      5DF0A47D 
 454      EC900EF9 
 454      39FFC8AB 
 455 138f F3F9ECD1 		.ascii	"\363\371\354\321\334\336\243\235.\204\374\2161\320\357"
 455      DCDEA39D 
 455      2E84FC8E 
 455      31D0EF
 456 139e C992C1C3 		.ascii	"\311\222\301\303sj\307\2561{\330Fa\331~\364B\266\305"
 456      736AC7AE 
 456      317BD846 
 456      61D97EF4 
 456      42B6C5
 457 13b1 4C84E39D 		.ascii	"L\204\343\235\205\347Lp\246b\260=~!\025\335\347,\032"
 457      85E74C70 
 457      A662B03D 
 457      7E2115DD 
 457      E72C1A
 458 13c4 E0BA733D 		.ascii	"\340\272s=\266\301!\232\250\004A.[\271\003\333S\026"
 458      B6C1219A 
 458      A804412E 
 458      5BB903DB 
 458      5316
 459 13d6 D20ED9CE 		.ascii	"\322\016\331\316e\035\035\031\340\272\177>,\303\033"
 459      651D1D19 
 459      E0BA7F3E 
 459      2CC31B
 460 13e5 AB8477A3 		.ascii	"\253\204w\243Z6\305\222\011\307)\011\277)C!\223\335"
 460      5A36C592 
 460      09C72909 
 460      BF294321 
 460      93DD
ARM GAS  /tmp/cc2HMOlN.s 			page 37


 461 13f7 A20479B3 		.ascii	"\242\004y\263L\361\230\024\211t\205H\310\247y\225\337"
 461      4CF19814 
 461      89748548 
 461      C8A77995 
 461      DF
 462 1408 96F41E52 		.ascii	"\226\364\036R\302 \017E\275\024\266mJ\030\344/\254d"
 462      C2200F45 
 462      BD14B66D 
 462      4A18E42F 
 462      AC64
 463 141a 783728E9 		.ascii	"x7(\351\225\203\030\226\364&)\351\225\027\373\341\227"
 463      95831896 
 463      F42629E9 
 463      9517FBE1 
 463      97
 464 142b 8928E420 		.ascii	"\211(\344 \332\317E\335\2764\353\227a\330\244\204\201"
 464      DACF45DD 
 464      BE34EB97 
 464      61D8A484 
 464      81
 465 143c 659AF8FE 		.ascii	"e\232\370\376\025\223M\015\220\231\273\256ik\307\222"
 465      15934D0D 
 465      9099BBAE 
 465      696BC792 
 466 144c A6142584 		.ascii	"\246\024%\204\262\236\352\227\234\331\252$*\317\200"
 466      B29EEA97 
 466      9CD9AA24 
 466      2ACF80
 467 145b 29493641 		.ascii	")I6AIvZz\205J\037.\202\012\305@\275XOTPi\372%\022T\223"
 467      49765A7A 
 467      854A1F2E 
 467      820AC540 
 467      BD584F54 
 468 1476 D36A3F94 		.ascii	"\323j?\224\015\224\011t\014(\027(\017\3500P>\320)\240"
 468      0D940974 
 468      0C281728 
 468      0FE83050 
 468      3ED029A0 
 469 148a A3400540 		.ascii	"\243@\005@Y@G\200N\000\235\001:\016t\022(G\355x\022"
 469      59404780 
 469      4E009D01 
 469      3A0E7412 
 469      2847ED78 
 470 149f B58D35E7 		.ascii	"\265\2155\347h\360\016_6Q*.\232@N\323\\\031\014T\014"
 470      68F00E5F 
 470      36512A2E 
 470      9A404ED3 
 470      5C190C54 
 471 14b4 D6FF5248 		.ascii	"\326\377RH\370\307A\251\364\355V\021\030)\224*\"\351"
 471      F8C741A9 
 471      F4ED5611 
 471      1829942A 
 471      22E9
 472 14c6 28F6CDFD 		.ascii	"(\366\315\375pI\211\307|\016n\243[p\252\377\353\030"
 472      704989C7 
 472      7C0E6EA3 
 472      5B70AAFF 
ARM GAS  /tmp/cc2HMOlN.s 			page 38


 472      EB18
 473 14d8 0DEDE89D 		.ascii	"\015\355\350\235\366\200\247un9\335\325\317\214j\200"
 473      F680A775 
 473      6E39DDD5 
 473      CF8C6A80 
 474 14e8 E22AA012 		.ascii	"\342*\240\0220\027\315`\312\372\212\\\371/@VJ\237\326"
 474      3017CD60 
 474      CAFA8A5C 
 474      F92F4056 
 474      4A9FD6
 475 14fb 49A363C9 		.ascii	"I\243c\311\032\267\345\270L,\307KY5.\272?\255v\255\306"
 475      1AB7E5B8 
 475      4C2CC74B 
 475      59352EBA 
 475      3FAD76AD 
 476 1510 D2165939 		.ascii	"\322\026Y9\255\306\264\015e\310\"e:\253\220\177\313"
 476      ADC6B40D 
 476      65C82265 
 476      3AAB907F 
 476      CB
 477 1521 AD21CFBE 		.ascii	"\255!\317\276\306\350b/\267\326*Ek\025\254\370?\332"
 477      C6E8622F 
 477      B7D62A45 
 477      6B15ACF8 
 477      3FDA
 478 1533 B4FE29FF 		.ascii	"\264\376)\377\257%\344\243\373\343\375)\015\310\325"
 478      AF25E4A3 
 478      FBE3FD29 
 478      0DC8D5
 479 1542 3AD41A54 		.ascii	":\324\032TE\375\252\246\326+\231\365jj=\255<\357\222"
 479      45FDAAA6 
 479      D62B99F5 
 479      6A6A3DAD 
 479      3CEF92
 480 1555 D3265DA4 		.ascii	"\323&]\244Z\276\213s^Mwq\310\221\314E\356\027\305{\341"
 480      5ABE8B73 
 480      5E4D7771 
 480      C891CC45 
 480      EE17C57B 
 481 156a FD34D1D0 		.ascii	"\3754\321\320\211\370\331\024\017\267{\201\027\324\362"
 481      89F8D914 
 481      0FB77B81 
 481      17D4F2
 482 1579 772A65F1 		.ascii	"w*e\361\007/\353_M\267\227\367\331\313\357\216h\233"
 482      072FEB5F 
 482      4DB797F7 
 482      D9CBEF8E 
 482      689B
 483 158b 1A62ECCD 		.ascii	"\032b\354\315\340\337\007T\016\325Hy\002\247\316o2j"
 483      E0DF0754 
 483      0ED54879 
 483      02A7CE6F 
 483      326A
 484 159d D5E42D42 		.ascii	"\325\344-B\337\276\301do|\221\031N\255\033>)*\233\356"
 484      DFBEC164 
 484      6F7C9119 
 484      4EAD1B3E 
ARM GAS  /tmp/cc2HMOlN.s 			page 39


 484      292A9BEE 
 485 15b1 C5BB2E39 		.ascii	"\305\273.9)\253\223\224\325\271*\253\247\312\332\007"
 485      29AB9394 
 485      D5B92AAB 
 485      A7CADA07 
 486 15c1 2A57E00E 		.ascii	"*W\340\016\246\353X\326\336\\\037<\310\230\270\312\252"
 486      A6EB58D6 
 486      DE5C1F3C 
 486      C898B8CA 
 486      AA
 487 15d2 348D1AFA 		.ascii	"4\215\032\372\275\2214$W.d\236\255@t\013\224\374G\025"
 487      BD913424 
 487      572E649E 
 487      AD40740B 
 487      94FC4715 
 488 15e6 B607BAA3 		.ascii	"\266\007\272\2435\243\320\375\036\350%\352w\223\232"
 488      35A3D0FD 
 488      1EE825EA 
 488      77939A
 489 15f5 3BBEFB61 		.ascii	";\276\373aY\252\216c}\360\\[{\362Vk\204}A\364\367\210"
 489      59AA8E63 
 489      7DF05C5B 
 489      7BF2566B 
 489      847D41F4 
 490 160b 1C6A10A1 		.ascii	"\034j\020\241\242\213j5\341\234\3216S\264\361\353\217"
 490      A28B6A35 
 490      E19CD136 
 490      53B4F1EB 
 490      8F
 491 161c 456871C6 		.ascii	"Ehq\306K\024\341\365\323g\032|Eu#\332\3028\362\331^"
 491      4B14E1F5 
 491      D3671A7C 
 491      457523DA 
 491      C238F2D9 
 492 1631 84FDDD0F 		.ascii	"\204\375\335\017\250\353-\222\353-\256\312.Se\207\237"
 492      A8EB2D92 
 492      EB2DAECA 
 492      2E536587 
 492      9F
 493 1642 4EC4F9E0 		.ascii	"N\304\371\340\023L\331\303\247\247tR\030g.:\205\261"
 493      134CD9C3 
 493      A7A77452 
 493      18672E3A 
 493      85B1
 494 1654 55D2D5EA 		.ascii	"U\322\325\352\252\353\012\323\325\225Z\340+\317\234"
 494      AAEB0AD3 
 494      D5955AE0 
 494      2BCF9C
 495 1663 01A7FDBF 		.ascii	"\001\247\375\277\253<s\256\322\314\271\22051\252\226"
 495      AB3C73AE 
 495      D2CCB990 
 495      3531AA96 
 496 1673 0BC73BED 		.ascii	"\013\307;\355\005\267q\3416&<\2207\256\305y\014\345"
 496      05B771E1 
 496      36263C90 
 496      37AEC579 
 496      0CE5
ARM GAS  /tmp/cc2HMOlN.s 			page 40


 497 1685 FE8BE3DB 		.ascii	"\376\213\343\333\365\270\2321\331c\217\2625,\335\311"
 497      F5B89A31 
 497      D9638FB2 
 497      352CDDC9 
 498 1695 7F7E4AEA 		.ascii	"\177~J\352\256\230\362v;V:\305\261\322\301'JQ-\247|"
 498      AE98F276 
 498      3B563AC5 
 498      B1D2C127 
 498      4A512DA7 
 499 16aa 5C0787B8 		.ascii	"\\\007\207\270\362P\241.:8:\305\211\322\311\211\331"
 499      F250A12E 
 499      3A383AC5 
 499      89D2C989 
 499      D9
 500 16bb 710FB9F4 		.ascii	"q\017\271\364\316\027Ig\307u\306\033\240\2744\263\362"
 500      CE174967 
 500      C775C61B 
 500      A0BC34B3 
 500      F2
 501 16cc 72E9D07A 		.ascii	"r\351\320z{D\014\254Z\256\303\223\357\032\2042\026\277"
 501      7B440CAC 
 501      5AAEC393 
 501      EF1A8432 
 501      16BF
 502 16de 2A6BDCCE 		.ascii	"*k\334\316\353K\267\3725\325\337-Y\022\300\376\205Y"
 502      EB4BB7FA 
 502      35D5DF2D 
 502      5912C0FE 
 502      8559
 503 16f0 032CB600 		.ascii	"\003,\266\000\253\305\024`Zm1\257\012\262\332,\353\226"
 503      ABC51460 
 503      5A6D31AF 
 503      0AB2DA2C 
 503      EB96
 504 1702 983C7FFE 		.ascii	"\230<\177\376\233\337\275\362\336\262e*}\270\321b\016"
 504      9BDFBDF2 
 504      DEB2652A 
 504      7DB8D162 
 504      0E
 505 1713 0C0EB704 		.ascii	"\014\016\267\004\205\351\215\3065A\241\2667\3370\332"
 505      85E98DC6 
 505      3541A1B6 
 505      37DF30DA 
 506 1723 6250C0EA 		.ascii	"bP\300\352\260\020s@\240\311j^\034\034\370i\300O\303"
 506      B0107340 
 506      A0C96A5E 
 506      1C1CF869 
 506      C04FC3
 507 1736 4C6B42CC 		.ascii	"LkB\314\2416k\300'\346\300\220_\005\274o\012\016\012"
 507      A1366BC0 
 507      27E6C090 
 507      5F05BC6F 
 507      0A0E0A
 508 1749 B79A8DE6 		.ascii	"\267\232\215\346\305\341kL\237\277\021\360IXX\2605`"
 508      C5E16B4C 
 508      9FBF11F0 
 508      495858B0 
ARM GAS  /tmp/cc2HMOlN.s 			page 41


 508      3560
 509 175b 95C9B438 		.ascii	"\225\311\2648\320\022\26284,\324\274\330\034\370i\320"
 509      D012B238 
 509      342CD4BC 
 509      D81CF869 
 509      D0
 510 176c E2B717BF 		.ascii	"\342\267\027\277\261t\331\333\213\377\364\326\342\220"
 510      B174D9DB 
 510      8BFFF4D6 
 510      E290
 511 177a C0CFC22C 		.ascii	"\300\317\302,\001Nw\003\202BM\301kV\230\003B\002M\253"
 511      014E7703 
 511      82424DC1 
 511      6B569803 
 511      42024DAB 
 512 178e 8342CD01 		.ascii	"\203B\315\001\306\025\346\225\201k\202mF\333\272p\263"
 512      C615E695 
 512      816B826D 
 512      46DBBA70 
 512      B3
 513 179f 75C96A95 		.ascii	"u\311j\225\247\010\350\277\377_\361X\327Y\003\214V\333"
 513      A708E8BF 
 513      FF5FF158 
 513      D759038C 
 513      56DB
 514 17b1 0A300E20 		.ascii	"\0120\016 \2646\022\035\243\355-\227\230\206\207Y\300"
 514      B436121D 
 514      A3ED2D97 
 514      98868759 
 514      C0
 515 17c2 FE4F3EFA 		.ascii	"\376O>\372\360\275\017\327\006\230\302B\302\203"
 515      F0BD0FD7 
 515      0698C242 
 515      C283
 516 17d0 82CD166B 		.ascii	"\202\315\026k\300\317\337{\017B-z\240\0137\206\330\326"
 516      C0CFDF7B 
 516      0F422D7A 
 516      A00B3786 
 516      D8D6
 517 17e2 0643D835 		.ascii	"\006C\3305!\306P\363Z\2336\304\030\366e\250\331\002"
 517      21C650F3 
 517      5A9B36C4 
 517      18F665A8 
 517      D902
 518 17f4 C73FAD31 		.ascii	"\307?\2551\2571k\302\351\345\227L\253\2156\350\240\300"
 518      AF316BC2 
 518      E9E5974C 
 518      AB8D36E8 
 518      A0C0
 519 1806 1556C7F5 		.ascii	"\025V\307\365p\213\371\013_\247\213Fh\276\306f^k\264"
 519      708BF90B 
 519      5FA78B46 
 519      68BEC666 
 519      5E6BB4
 520 1819 79823C3D 		.ascii	"y\202<=\205\0164\207\233C\001\353*/\363\027\020\222"
 520      850E3487 
 520      9B4301EB 
ARM GAS  /tmp/cc2HMOlN.s 			page 42


 520      2A2FF317 
 520      1092
 521 182b 9040EBE7 		.ascii	"\220@\353\347F\233\007\330\265\256\322\031\215<\200"
 521      469B07D8 
 521      B5AED219 
 521      8D3C80
 522 183a 5A7EF480 		.ascii	"Z~\364\200\253F\233\236\336\245*\001\340\227\201A6h"
 522      AB469B9E 
 522      DEA52A01 
 522      E0978141 
 522      3668
 523 184c EE2B8340 		.ascii	"\356+\203@\000\373\310\031\243\015\207\033\327h\314"
 523      00FBC819 
 523      A30D871B 
 523      D768CC
 524 185b 5F12F59A 		.ascii	"_\022\365\232/m\340T8\034\254\346\220p\017\253\321\024"
 524      2F6DE054 
 524      381CACE6 
 524      90700FAB 
 524      D114
 525 186d 6AF30002 		.ascii	"j\363\000\0023\034\250\001t\301\275\300\360\325a\026"
 525      331CA801 
 525      74C1BDC0 
 525      F0D56116 
 526 187d B3C79736 		.ascii	"\263\307\2276\233%|\036S\007\351\266\322l1\207\232\300"
 526      9B257C1E 
 526      5307E9B6 
 526      D26C3187 
 526      9AC0
 527 188f 195010F6 		.ascii	"\031P\020\366\351g\341\236\346\265A6S\330\012\263\306"
 527      E967E19E 
 527      E6B54136 
 527      53D80AB3 
 527      C6
 528 18a0 B2621DE0 		.ascii	"\262b\035\340\322\220\234\\i\325\261||\007\264\212G"
 528      D2909C5C 
 528      69D5B17C 
 528      7C07B48A 
 528      47
 529 18b1 1BB90EC7 		.ascii	"\033\271\016\307p\343\312\340\300UV\255-\004ZQ\336j"
 529      70E3CAE0 
 529      C05556AD 
 529      2D045A51 
 529      DE6A
 530 18c3 0BB4993D 		.ascii	"\013\264\231=m\364\000\212!\250\201!f\265iu\240\005"
 530      6DF4008A 
 530      21A88121 
 530      66B56975 
 530      A005
 531 18d5 6E8605AF 		.ascii	"n\206\005\2570\223c\250\371K\263\005\"c\262\255\305"
 531      309363A8 
 531      F94BB305 
 531      2263B2AD 
 531      C5
 532 18e6 96656F0A 		.ascii	"\226eo\012\301\026O\030\022\220\003F\333k/\354\334\325"
 532      C1164F18 
 532      12900346 
ARM GAS  /tmp/cc2HMOlN.s 			page 43


 532      DB6B2FEC 
 532      DCD5
 533 18f8 2670037A 		.ascii	"&p\003z\023Z-\003Z*X~(X\336\021,o\013\226\345\202\345"
 533      135A2D03 
 533      5A2A587E 
 533      2858DE11 
 533      2C6F0B96 
 534 190f 1F05CB5B 		.ascii	"\037\005\313[^\244\001\0116\350\376\336\327\3532~\361"
 534      5EA40109 
 534      36E8FEDE 
 534      D7EB327E 
 534      F1
 535 1920 7608492D 		.ascii	"v\010I-SX(\364\241\215vvP\230\316\321\003\0006$\034"
 535      535828F4 
 535      A18D7676 
 535      5098CED1 
 535      03003624 
 536 1935 72D89307 		.ascii	"r\330\223\007\315\366\212\213N1UM\253\255\246\325+@"
 536      CDF68A8B 
 536      4E31554D 
 536      ABADA6D5 
 536      2B40
 537 1947 95EB8897 		.ascii	"\225\353\210\227\004\240\253\340\276\237{\005\353\254"
 537      04A0ABE0 
 537      BE9F7B05 
 537      EBAC
 538 1955 62B6BA57 		.ascii	"b\266\272W\002\235\011\367!K?2\257\372Y\220\305j\373"
 538      029D09F7 
 538      214B3F32 
 538      AFFA5990 
 538      C56AFB
 539 1968 84027385 		.ascii	"\204\002s\205\345ZgT\276\264\305o\300G\326\000\022\343"
 539      E55A6754 
 539      BEB4C56F 
 539      C047D600 
 539      12E3
 540 197a 93D52B3E 		.ascii	"\223\325+>2\007\233\003\255\346\277wkn\305:\350\277"
 540      32079B03 
 540      ADE6BF77 
 540      6B6EC53A 
 540      E8BF
 541 198c 20139814 		.ascii	" \023\230\024L\253\005[\210&l\345J\253\331\246\265\330"
 541      4CAB055B 
 541      88266CE5 
 541      4AABD9A6 
 541      B5D8
 542 199e 689AFDAD 		.ascii	"h\232\375\255\333\2066\012\323\026b4\005\006\007}j\011"
 542      DB86360A 
 542      D3166234 
 542      0506077D 
 542      6A09
 543 19b0 B4058585 		.ascii	"\264\005\205\205B\276\207\004B\327P\000x\305\2474\323"
 543      42BE8704 
 543      42D75000 
 543      78C5A734 
 543      D3
 544 19c1 89D7E610 		.ascii	"\211\327\346\020\2508\237\256Y\245\013\017\014\0152"
ARM GAS  /tmp/cc2HMOlN.s 			page 44


 544      A8389FAE 
 544      59A50B0F 
 544      0C0D32
 545 19d0 9121E123 		.ascii	"\221!\341#\277\014y\364\205\215$\277\347\0276\270\022"
 545      BF0C79F4 
 545      858D24BF 
 545      E71736B8 
 545      12
 546 19e1 6C0BD491 		.ascii	"l\013\324\221\333A!$\345\340\022\031\237\344\270rM\250"
 546      DB412124 
 546      E5E01219 
 546      9FE4B872 
 546      4DA8
 547 19f3 0944C881 		.ascii	"\011D\310\201\335\020\007\364\027A\026\333\232\300`"
 547      DD1007F4 
 547      174116DB 
 547      9AC060
 548 1a02 236962D1 		.ascii	"#ib\321\220\026\201\026_\247\213F\333\313\256rl\274"
 548      90168116 
 548      5FA78B46 
 548      DBCBAE72 
 548      6CBC
 549 1a14 79817470 		.ascii	"y\201tp\240\325F.}K\341>\214d\0139j-<\273-<\273-$\273"
 549      A0D5462E 
 549      7D4BE13E 
 549      8C640B39 
 549      6A2D3CBB 
 550 1a2e 35169A4F 		.ascii	"5\026\232Op\221\216Fo\260A|_G\233\352@d\215\005\206"
 550      70918E46 
 550      6FB0417C 
 550      5F479BEA 
 550      40648D05 
 551 1a43 A0CD205D 		.ascii	"\240\315 ]4\332t\216\240\370\004\255\0106\363D\204\342"
 551      34DA748E 
 551      A0F804AD 
 551      0836F344 
 551      84E2
 552 1a55 C09F0BCB 		.ascii	"\300\237\013\313\337\202\252#\236\350\255\266\317!\300"
 552      DF82AA23 
 552      9EE8ADB6 
 552      CF21C0
 553 1a64 AB20B65E 		.ascii	"\253 \266^R0iU\242\241\3631\2554B\227\221\020A\205\000"
 553      52306955 
 553      A2A1F331 
 553      AD344297 
 553      91104185 
 554 1a79 19C692E1 		.ascii	"\031\306\222\341k\340\347t\004\213\014\035\267\276\016"
 554      6BE0E774 
 554      048B0C1D 
 554      B7BE0E
 555 1a88 E6F3E0A0 		.ascii	"\346\363\340\240\220 G+2\224EA\352\254\310P\217\365"
 555      9020472B 
 555      32944541 
 555      EAACC850 
 555      8FF5
 556 1a9a 9C01B7BD 		.ascii	"\234\001\267\275\034V\203\302\274\245j\026\364\225\231"
 556      1C5683C2 
ARM GAS  /tmp/cc2HMOlN.s 			page 45


 556      BCA56A16 
 556      F49599
 557 1aa9 8024D123 		.ascii	"\200$\321#\347z8\017\267Y\304\323/ \244\220$\334\313"
 557      E77A380F 
 557      B759C4D3 
 557      2F20A490 
 557      24DCCB
 558 1abc 65CBB997 		.ascii	"e\313\271\227\344DK\\\0031r\374\312l\241:\203V@\340"
 558      E4444B5C 
 558      033172FC 
 558      CA6CA13A 
 558      835640E0 
 559 1ad0 82560699 		.ascii	"\202V\006\231-\2425\242\327\375\350r\214\005x\026@^"
 559      2DA235A2 
 559      D7FDE872 
 559      8C057816 
 559      405E
 560 1ae2 B3BC0238 		.ascii	"\263\274\0028\037\257\263\376.48\314\364\371\013\306"
 560      1FAFB3FE 
 560      2E3438CC 
 560      F4F90BC6 
 561 1af2 DC3A3226 		.ascii	"\334:2&YeYCe\275\215PUm\306\177\375\311\307\357\377"
 561      59655943 
 561      65BD8D50 
 561      556DC67F 
 561      FDC9C7EF 
 562 1b07 F6A35F78 		.ascii	"\366\243_x\007\006\177\031\270\316\012U'\030\236\236"
 562      07067F19 
 562      B8CE0A55 
 562      27189E9E 
 563 1b17 3F90EB81 		.ascii	"?\220\353\201\004\014x\357\303\217\177\361\261\244\216"
 563      040C78EF 
 563      C38F7FF1 
 563      B1A48E
 564 1b26 541D53C8 		.ascii	"T\035S\310\317 I\031\024\000\360kP\251\243\352\271r"
 564      CF204919 
 564      1400F06B 
 564      50A9A3EA 
 564      B972
 565 1b38 9AC2C625 		.ascii	"\232\302\306%\313\227\277\271\324S\344\376\027\235\342"
 565      CB97BFB9 
 565      D453E4FE 
 565      179DE2
 566 1b47 24C8     		.ascii	"$\310"
 567              		.text
 568              		.section	.gnu.lto_.symtab.516f37985de51425,"",%progbits
 569 0000 63685265 		.ascii	"chRegFirstThread\000"
 569      67466972 
 569      73745468 
 569      72656164 
 569      00
 570 0011 00       		.ascii	"\000"
 571 0012 00       		.ascii	"\000"
 572 0013 00       		.ascii	"\000"
 573 0014 00000000 		.ascii	"\000\000\000\000\000\000\000\000"
 573      00000000 
 574 001c 85010000 		.ascii	"\205\001\000\000"
ARM GAS  /tmp/cc2HMOlN.s 			page 46


 575 0020 63685265 		.ascii	"chRegNextThread\000"
 575      674E6578 
 575      74546872 
 575      65616400 
 576 0030 00       		.ascii	"\000"
 577 0031 00       		.ascii	"\000"
 578 0032 00       		.ascii	"\000"
 579 0033 00000000 		.ascii	"\000\000\000\000\000\000\000\000"
 579      00000000 
 580 003b 89010000 		.ascii	"\211\001\000\000"
 581 003f 63685F64 		.ascii	"ch_debug\000"
 581      65627567 
 581      00
 582 0048 00       		.ascii	"\000"
 583 0049 00       		.ascii	"\000"
 584 004a 00       		.ascii	"\000"
 585 004b 00000000 		.ascii	"\000\000\000\000\000\000\000\000"
 585      00000000 
 586 0053 3E020000 		.ascii	">\002\000\000"
 587 0057 636800   		.ascii	"ch\000"
 588 005a 00       		.ascii	"\000"
 589 005b 02       		.ascii	"\002"
 590 005c 00       		.ascii	"\000"
 591 005d 00000000 		.ascii	"\000\000\000\000\000\000\000\000"
 591      00000000 
 592 0065 03020000 		.ascii	"\003\002\000\000"
 593 0069 63685468 		.ascii	"chThdRelease\000"
 593      6452656C 
 593      65617365 
 593      00
 594 0076 00       		.ascii	"\000"
 595 0077 02       		.ascii	"\002"
 596 0078 00       		.ascii	"\000"
 597 0079 00000000 		.ascii	"\000\000\000\000\000\000\000\000"
 597      00000000 
 598 0081 8D010000 		.ascii	"\215\001\000\000"
 599              		.text
 600              		.section	.gnu.lto_.opts,"",%progbits
 601 0000 272D666D 		.ascii	"'-fmath-errno' '-fsigned-zeros' '-ftrapping-math' '"
 601      6174682D 
 601      6572726E 
 601      6F272027 
 601      2D667369 
 602 0033 2D666E6F 		.ascii	"-fno-trapv' '-fno-openmp' '-fno-openacc' '-mcpu=cor"
 602      2D747261 
 602      70762720 
 602      272D666E 
 602      6F2D6F70 
 603 0066 7465782D 		.ascii	"tex-m4' '-mno-thumb-interwork' '-mthumb' '-O2' '-fo"
 603      6D342720 
 603      272D6D6E 
 603      6F2D7468 
 603      756D622D 
 604 0099 6D69742D 		.ascii	"mit-frame-pointer' '-falign-functions=16' '-ffuncti"
 604      6672616D 
 604      652D706F 
 604      696E7465 
ARM GAS  /tmp/cc2HMOlN.s 			page 47


 604      72272027 
 605 00cc 6F6E2D73 		.ascii	"on-sections' '-fdata-sections' '-fno-common' '-flto"
 605      65637469 
 605      6F6E7327 
 605      20272D66 
 605      64617461 
 606 00ff 2700     		.ascii	"'\000"
 607              		.text
 608              		.comm	__gnu_lto_v1,1,1
 609              		.comm	__gnu_lto_slim,1,1
 610              		.ident	"GCC: (GNU Tools for Arm Embedded Processors 7-2017-q4-major) 7.2.1 20170904 (release) [ARM
ARM GAS  /tmp/cc2HMOlN.s 			page 48


DEFINED SYMBOLS
                            *ABS*:0000000000000000 chregistry.c
                            *COM*:0000000000000001 __gnu_lto_v1
                            *COM*:0000000000000001 __gnu_lto_slim

NO UNDEFINED SYMBOLS
