ARM GAS  /tmp/ccdM7T2d.s 			page 1


   1              		.cpu cortex-m4
   2              		.eabi_attribute 20, 1
   3              		.eabi_attribute 21, 1
   4              		.eabi_attribute 23, 3
   5              		.eabi_attribute 24, 1
   6              		.eabi_attribute 25, 1
   7              		.eabi_attribute 26, 1
   8              		.eabi_attribute 30, 2
   9              		.eabi_attribute 34, 1
  10              		.eabi_attribute 18, 4
  11              		.file	"hal.c"
  12              		.section	.gnu.lto_.profile.9b05c83191f7a873,"",%progbits
  13 0000 789C6363 		.ascii	"x\234cc```\001bF\006{\016\000\000\376\000S"
  13      60606001 
  13      6246067B 
  13      0E0000FE 
  13      0053
  14              		.text
  15              		.section	.gnu.lto_.icf.9b05c83191f7a873,"",%progbits
  16 0000 789C6363 		.ascii	"x\234cc``\340`@\000F\206\371]w\25703\000\000\015\262"
  16      6060E060 
  16      40004686 
  16      F95D77AF 
  16      30330000 
  17 0016 02ED     		.ascii	"\002\355"
  18              		.text
  19              		.section	.gnu.lto_.jmpfuncs.9b05c83191f7a873,"",%progbits
  20 0000 789C6363 		.ascii	"x\234cc``\360f@\000F(\315\3048\205\231\261\371\327\376"
  20      6060F066 
  20      40004628 
  20      CDC43885 
  20      99B1F9D7 
  21 0015 CF7CF57F 		.ascii	"\317|\365\177\033$\34603,`\006\311nf\254g`<\300\302"
  21      1B24E630 
  21      332C6006 
  21      C96E66AC 
  21      67603CC0 
  22 002a C800C47F 		.ascii	"\310\000\304\177\376\377\377\317\317\310\004T7\255\365"
  22      FEFFFFCF 
  22      CFC80454 
  22      37ADF5
  23 0039 D079F66E 		.ascii	"\320y\366nf\240*F\006\306-\2142 \314\300\000\000\007"
  23      66A02A46 
  23      06C62D8C 
  23      3220CCC0 
  23      000007
  24 004c 811468   		.ascii	"\201\024h"
  25              		.text
  26              		.section	.gnu.lto_.inline.9b05c83191f7a873,"",%progbits
  27 0000 789C6363 		.ascii	"x\234cc``0f@\000F\006\006.{F\006& \223m\201<\023X\210"
  27      60603066 
  27      40004606 
  27      062E7B46 
  27      06262093 
  28 001a 0B9360E2 		.ascii	"\013\223`\342\006)\0053\031\000?\237\001\223"
  28      06290533 
  28      19003F9F 
ARM GAS  /tmp/ccdM7T2d.s 			page 2


  28      0193
  29              		.text
  30              		.section	.gnu.lto_.pureconst.9b05c83191f7a873,"",%progbits
  31 0000 789C6363 		.ascii	"x\234cc```\006bF\006\011\000\000}\000#"
  31      60606006 
  31      62460609 
  31      00007D00 
  31      23
  32              		.text
  33              		.section	.gnu.lto_halInit.9b05c83191f7a873,"",%progbits
  34 0000 789C7590 		.ascii	"x\234u\220\275J\003A\020\307\347\177\233\\\016\324h"
  34      BD4A0341 
  34      10C7E77F 
  34      9B5C0ED4 
  34      68
  35 0011 61A12685 		.ascii	"a\241&\205m\232\344=|\013Ic!\010\346\001n\343\031\022"
  35      6D9AE43D 
  35      7C0B4963 
  35      2108E601 
  35      6EE31912 
  36 0025 D1C2229E 		.ascii	"\321\302\"\236\026\207,\242\250\225\204\250\361\374"
  36      16872CA2 
  36      A89584A8 
  36      F1FC
  37 0033 3CF20011 		.ascii	"<\362\000\021m\355D\255\342\007XE1:\233\023Iq\016;\354"
  37      6DED44AD 
  37      E2075845 
  37      313A9B13 
  37      49710E3B 
  38 0048 EECC6F67 		.ascii	"\356\314og\376;&\021\265@\224\346=\305\016A0V[DE\313"
  38      FE3B2611 
  38      B54094E6 
  38      3DC50E41 
  38      30565B44 
  39 005e 00F4415A 		.ascii	"\000\364AZ \333\200\215\025Q\025h\226\237|#\263+\331"
  39      20DB808D 
  39      15511568 
  39      969F7C23 
  39      B32BD9
  40 0071 82F5B771 		.ascii	"\202\365\267q\271\027\300\023D.\2736\324\221!\306\356"
  40      B917C013 
  40      442EBB36 
  40      D49121C6 
  40      EE
  41 0082 6BDDB521 		.ascii	"k\335\265!3\026\306q\010\223\270\007\035\334\306\003"
  41      3316C671 
  41      0893B807 
  41      1DDCC603 
  42 0092 D9FD2ECB 		.ascii	"\331\375.\313\340a\013\215)\213\250\302yn\"\003Z\022"
  42      E0610B8D 
  42      298BA8C2 
  42      796E2203 
  42      5A12
  43 00a4 863E3901 		.ascii	"\206>9\001\265\341\250\317T\357\021W\362\375\366]\302"
  43      B5E1A8CF 
  43      54EF1157 
  43      F2FDF65D 
ARM GAS  /tmp/ccdM7T2d.s 			page 3


  43      C2
  44 00b5 FE929627 		.ascii	"\376\222\226'\340\012\256\202#\330\3441\335\306\242"
  44      E00AAE82 
  44      23D8E431 
  44      DDC6A2
  45 00c4 DA198CE0 		.ascii	"\332\031\214\340\204\313Y\3021s\234pK\315\353\304\262"
  45      84CB59C2 
  45      31739C70 
  45      4BCDEBC4 
  45      B2
  46 00d5 F0440CFA 		.ascii	"\360D\014\372\352|\\\275'\231\033\343\200\322\3528\326"
  46      EA7C5CBD 
  46      27991BE3 
  46      80D2EA38 
  46      D6
  47 00e6 B979AE0C 		.ascii	"\271y\256\014(l\026G<\021\307\011\377\265\201t/\343"
  47      286C1647 
  47      3C11C709 
  47      FFB58174 
  47      2FE3
  48 00f8 6CD74B60 		.ascii	"l\327K`zC\312I]\301\207B\370\235S\330\2360{b;\311h\261"
  48      7A43CA49 
  48      5DC18742 
  48      F89D53D8 
  48      9E307B62 
  49 0110 5C1D677F 		.ascii	"\\\035g\177b\035U\033\216\346b\314\235\367q\373\243"
  49      621D551B 
  49      8EE662CC 
  49      9DF771FB 
  49      A3
  50 0121 D15C9CB9 		.ascii	"\321\\\234\271\213>\356\361\037\316d\356\362\227{\301"
  50      8B3EEEF1 
  50      1FCE64EE 
  50      F2977BC1 
  51 0131 827AAD86 		.ascii	"\202z\255\206\232\265Ux\204<f\236\317D6\233\013\327"
  51      9AB55578 
  51      843C669E 
  51      CF44369B 
  51      0BD7
  52 0143 5C213733 		.ascii	"\\!73=\233+\314\347\365\236\315\323\017\246>\237\360"
  52      3D9B2BCC 
  52      E7F59ECD 
  52      D30FA63E 
  52      9FF0
  53              		.text
  54              		.section	.gnu.lto_.symbol_nodes.9b05c83191f7a873,"",%progbits
  55 0000 789C55C9 		.ascii	"x\234U\311\275\015\3020\024E\341\343\353\330\254\221"
  55      BD0DC230 
  55      1445E1E3 
  55      EBD8AC91 
  56 0010 51C864CF 		.ascii	"Q\310d\317E\370\0114\014\221\011R\246N\315\014 1\007"
  56      45F80934 
  56      0C910952 
  56      A64ECD0C 
  56      203107
  57 0023 CAC3152E 		.ascii	"\312\303\025.\256>\351\334\014,>4\312\340\361\004g-"
  57      AE3EE9DC 
ARM GAS  /tmp/ccdM7T2d.s 			page 4


  57      0C2C3E34 
  57      CAE0F104 
  57      672D
  58 0035 03A48BE8 		.ascii	"\003\244\213\350\375\011wY\250\017\224r\364p\223\251"
  58      FD097759 
  58      A80F9472 
  58      F47093A9 
  59 0045 09932C36 		.ascii	"\011\223,6\341*\353\232p\226\245&\234d\371?D\016\314"
  59      E12AEB9A 
  59      7096A526 
  59      9C64F93F 
  59      440ECC
  60 0058 AF6F8864 		.ascii	"\257o\210d\266j\342S\355\030\337?#sUl.;\373\020+n"
  60      B66AE253 
  60      ED18DF3F 
  60      2373556C 
  60      2E3BFB10 
  61              		.text
  62              		.section	.gnu.lto_.refs.9b05c83191f7a873,"",%progbits
  63 0000 789C6363 		.ascii	"x\234cc```\003bF\006&F&\006\000\000\263\000\023"
  63      60606003 
  63      62460626 
  63      46260600 
  63      00B30013 
  64              		.text
  65              		.section	.gnu.lto_.decls.9b05c83191f7a873,"",%progbits
  66 0000 789CBD56 		.ascii	"x\234\275V}PT\327\025\177\367\335\375\200e\001\003N"
  66      7D5054D7 
  66      157FF7DD 
  66      FD806501 
  66      034E
  67 0012 C6766CC7 		.ascii	"\306vl\307q\326\221\177\226'$3&3\266\235T\214aj\033"
  67      71D6917F 
  67      96272433 
  67      2633B69D 
  67      548C616A 
  68 0027 526DA7F9 		.ascii	"Rm\247\371k\263\356\256\262\315~u?:\311\344\237\007"
  68      6BB3EEAE 
  68      B2CD7E75 
  68      3F3AC9E4 
  68      9F07
  69 0039 AC80B28A 		.ascii	"\254\200\262\212V&\215`\374\302I\214a\214\021I\370,"
  69      56268D60 
  69      FCC2498C 
  69      618C1149 
  69      F82C
  70 004b EB074A8C 		.ascii	"\353\007J\214X\225h\304,\212\020\361\003\345\323\260"
  70      589568C4 
  70      2C8A10F1 
  70      03E5D3B0 
  71 005b 18D4EDB9 		.ascii	"\030\324\355\271\367\276\345-\013t&\375\243o\366\274"
  71      F7BEE52D 
  71      0B7426FD 
  71      A36FF6BC 
  72 006b FBCE3DBF 		.ascii	"\373\316=\277\367;\347\236s\317\333\253\3428n\255\226"
  72      F73BE79E 
  72      73CFDBAB 
ARM GAS  /tmp/ccdM7T2d.s 			page 5


  72      E2386EAD 
  72      96
  73 007c E3B230C7 		.ascii	"\343\2620\307\035\204\347\010\\<\214'@\020\310\004\307"
  73      1D84E708 
  73      5C3C8C27 
  73      4010C804 
  73      C7
  74 008d 2E35B191 		.ascii	".5\261\2219\230\304 J\0205H\022H2b\330T\304M\273\"\210"
  74      3998C420 
  74      4A103548 
  74      12483262 
  74      D854C44D 
  75 00a4 BDF716C8 		.ascii	"\275\367\026\310<x~\006\343s\210q\206A4h:w\262\304\247"
  75      3C787E06 
  75      E3738871 
  75      86413468 
  75      3A77B2C4 
  76 00b9 96F8891F 		.ascii	"\226\370\211\0374\007w\005F\227\374Gw\3432\214\3224"
  76      34077705 
  76      4697FC47 
  76      77E3328C 
  76      D234
  77 00cb 4801EA48 		.ascii	"H\001\352HGe_\012\250\3635h\021\250\215\335#\301$f\355"
  77      47655F0A 
  77      A8F33568 
  77      11A88DDD 
  77      23C12466 
  78 00e0 41A0D7B7 		.ascii	"A\240\327\267<\314f\352\302\030\353|\311z\264\331\377"
  78      3CCC66EA 
  78      C218EB7C 
  78      C97AB4D9 
  78      FF
  79 00f1 30859983 		.ascii	"0\205\231\203D/\333T\276Y\215yD\374\014\372o\367HL\013"
  79      442FDB54 
  79      BE598D79 
  79      44FC0CFA 
  79      6FF7484C 
  80 0106 40BD3C7C 		.ascii	"@\275<|\376CI\235\007jhs\361\036\025N\244\310\356\366"
  80      FE43499D 
  80      076A6873 
  80      F11E154E 
  80      A4C8EEF6 
  81 011a 4F3E2511 		.ascii	"O>%\021-\325 \222\307T\230\372\354A\303\343d6E\020\337"
  81      2DD52092 
  81      C75498FA 
  81      EC41C3E3 
  81      64364510 
  82 012f 8C971F48 		.ascii	"\214\227\037H\300)\364\271\372\372\201\367\325\2315"
  82      C029F4B9 
  82      FAFA81F7 
  82      D59935
  83 013e 22BB12FE 		.ascii	"\"\273\022\376\302\241V\204\243\213\273\\>zP\215\263"
  83      C2A15684 
  83      A38BBB5C 
  83      3E7A508D 
  83      B3
  84 014f 0890BFD9 		.ascii	"\010\220\277\3315\031JA\232\214RQ,\024\367\025\211\211"
ARM GAS  /tmp/ccdM7T2d.s 			page 6


  84      35194A41 
  84      9A8C5251 
  84      2C14F715 
  84      8989
  85 0161 AF71E838 		.ascii	"\257q\3508Z\210j\321B\016\235B\031\204<\21029\364/\230"
  85      5A886AD1 
  85      420E9D42 
  85      19843C88 
  85      3239F42F 
  86 0176 6C81C98F 		.ascii	"l\201\311\217\010a\360Nx\351\216\022Q\344\321I\244A"
  86      0861F04E 
  86      78E98E12 
  86      51E4D149 
  86      A441
  87 0188 2710A618 		.ascii	"'\020\246\030\310\346R\015s\361\311\301\035\007T\370"
  87      C8E6520D 
  87      73F1C9C1 
  87      1D0754F8 
  88 0198 34A23E9A 		.ascii	"4\242>\232\252n\267\361s\37183\247\217\241\206\305g"
  88      AA6EB7F1 
  88      73F93833 
  88      A78FA186 
  88      C567
  89 01aa 36111F6D 		.ascii	"6\021\037m\340\343\264\354\003\\2'\275\215\241\002\036"
  89      E0E3B4EC 
  89      035C3227 
  89      BD8DA102 
  89      1E
  90 01bb 7FC53259 		.ascii	"\177\3052Y\331\364\350\234\222\245.\001\324\241\235"
  90      D9F4E89C 
  90      92A52E01 
  90      D4A19D
  91 01ca 6D1D3CEE 		.ascii	"m\035<\356`\266\376kE\273T\270\223)\333\237v\211*\374"
  91      60B6FE6B 
  91      45BB54B8 
  91      9329DB9F 
  91      76892AFC 
  92 01de 1D53B60E 		.ascii	"\035S\266\016M\354W\340^\246t\025\205\257&\343\273T"
  92      4DEC57E0 
  92      5EA67415 
  92      85AF26E3 
  92      BB54
  93 01f0 492CBC36 		.ascii	"I,\2746~J\211t\272t\235N\227\241\323\035 \261\007\207"
  93      7E4A8974 
  93      BA749D4E 
  93      97A1D31D 
  93      20B10787 
  94 0204 BA57348C 		.ascii	"\272W4\214\336\025\305\177hiP\035\020\324E\224./\246"
  94      DE15C57F 
  94      6869501D 
  94      10D44594 
  94      2E2FA6
  95 0217 116E1CCA 		.ascii	"\021n\034\312\202\033\307^\270\376r\245\030\364c\212"
  95      821BC75E 
  95      B8FE72A5 
  95      18F4638A 
  96 0227 3E1B8F6E 		.ascii	">\033\217n\222\321;\310\212\267\203 \005\207\276\004"
ARM GAS  /tmp/ccdM7T2d.s 			page 7


  96      92D13BC8 
  96      8AB78320 
  96      0587BE04 
  97 0237 C017D446 		.ascii	"\300\027\324F\340\260j\364\015$\3512\322\241\253 \227"
  97      E0B06AF4 
  97      0D24E932 
  97      D2A1AB20 
  97      97
  98 0248 403A41FE 		.ascii	"@:A\376\015r\005\344\002\322\321\3022\207?\276$;<\027"
  98      0D7205E4 
  98      02D2D1C2 
  98      32873FBE 
  98      243B3C17 
  99 025c EFB07D46 		.ascii	"\357\260}Fx1\350\363\361h!\016|.f-_\315N}\234\334\245"
  99      7831E8F3 
  99      F168210E 
  99      7C2E662D 
  99      5FCD4E7D 
 100 0273 F25DA84F 		.ascii	"\362]\250O+\200\365\020\030'\225N\016s\260!\255\272"
 100      2B80F510 
 100      1827954E 
 100      0E73B021 
 100      ADBA
 101 0285 486C5F46 		.ascii	"Hl_F\311\232gO\014#c\370\3731\201~=k\240\014\015Ul}"
 101      C99A674F 
 101      0C2363F8 
 101      FB31817E 
 101      3D6BA00C 
 102 029d E6BFA8C2 		.ascii	"\346\277\250\302{1\335z\207\233C\003J\224\2361k~Q\027"
 102      7B31DD7A 
 102      879B4303 
 102      4A949E31 
 102      6B7E5117 
 103 02b1 A4F5A7A4 		.ascii	"\244\365\247\244\230-\354L\243\012Z\012]\203\027\277"
 103      982DEC4C 
 103      A30A5A0A 
 103      5D8317BF 
 104 02c1 95772559 		.ascii	"\225w%Y&\365?v\350\330\236\004\266\021\017\221v\277"
 104      26F53F76 
 104      E8D89E04 
 104      B6110F91 
 104      76BF
 105 02d3 F7F4CC80 		.ascii	"\367\364\314\200\022\037\243\361\240\232\216\263!\351"
 105      121FA3F1 
 105      A09A8EB3 
 105      21E9
 106 02e1 BB524A8C 		.ascii	"\273RJ\214\235\341\213%\032\334\300\214\221{]\325\211"
 106      9DE18B25 
 106      1ADCC08C 
 106      917B5DD5 
 106      89
 107 02f2 CC384CF4 		.ascii	"\3148L\364-u;\253Sq\220\031;\373\367\373\265\314x\221"
 107      2D753BAB 
 107      53719019 
 107      3BFBF7FB 
 107      B5CC7891 
 108 0306 E8DBCA6B 		.ascii	"\350\333\312k?\327\340\263\314x\250\177\3676\311\370"
ARM GAS  /tmp/ccdM7T2d.s 			page 8


 108      3FD7E0B3 
 108      CC78A87F 
 108      F736C9F8 
 109 0316 12A8751D 		.ascii	"\022\250u\035\3657\224\370\002\263\205F\257\226$\341"
 109      F53794F8 
 109      02B38546 
 109      AF9624E1 
 110 0326 2B4CF9EC 		.ascii	"+L\371\354I\305\307*\034b\312\271\320\304-5{\353\011"
 110      49C5C72A 
 110      1C62CAB9 
 110      D0C42D35 
 110      7BEB09
 111 0339 09E6FED6 		.ascii	"\011\346\376\326HH+}\270\310\367\245\244\343\207\217"
 111      48482B7D 
 111      B8C8F7A5 
 111      A4E3878F 
 112 0349 79DC47C1 		.ascii	"y\334G\301I\201\312\3027\244v\2106\004\311Es\332N\221"
 112      4981CAC2 
 112      37A47688 
 112      3604C945 
 112      73DA4E91 
 113 035d D49164E3 		.ascii	"\324\221d\343{\310\306\000\214S\371m\234^G\300\237\374"
 113      7BC8C600 
 113      8C53F96D 
 113      9C5E47C0 
 113      9FFC
 114 036f 7501AD23 		.ascii	"u\001\255#\201w\307\303C1\360i\005\273\003\210~j\034"
 114      8177C7C3 
 114      4331F069 
 114      05BB0388 
 114      7E6A1C
 115 0382 90AA3502 		.ascii	"\220\2525\002\325\032\205\312\334\003\031\003y\0002"
 115      D51A85CA 
 115      DC031903 
 115      790032
 116 0391 04721F64 		.ascii	"\004r\037d\020d\030\344\241\334\030\304\363\257d\317"
 116      106418E4 
 116      A1DC18C4 
 116      F3AF64CF 
 117 03a1 B7E23DF7 		.ascii	"\267\342=\367\314\010\264\36772\374n<\274nZ\037\021"
 117      CC08B4F7 
 117      3732FC6E 
 117      3CBC6E5A 
 117      1F11
 118 03b3 74CCB2BE 		.ascii	"t\314\262\276\213G_\237\201\216\011\345f<\372F<\372"
 118      8B475F9F 
 118      818E09E5 
 118      663CFA46 
 118      3CFA
 119 03c5 644C240D 		.ascii	"dL$\015\361\350\372\231m\327\304\332n`F\333\201\261"
 119      F1E8FA99 
 119      6DD7C4DA 
 119      6E6046DB 
 119      81B1
 120 03d7 BF29A65C 		.ascii	"\277)\246\\\267\343\311\204\3708W\310\236\373\342\301"
 120      B7E3C984 
 120      F83857C8 
ARM GAS  /tmp/ccdM7T2d.s 			page 9


 120      9EFBE2C1 
 121 03e7 BD729CB0 		.ascii	"\275r\234\260UN<~\260)\025\337gMW\32146\252F\031\351"
 121      554E3C7E 
 121      B02915DF 
 121      674D57D1 
 121      3436AA46 
 122 03fd 2CA0F156 		.ascii	",\240\361V\332.\343\360\362#\271]\006h\273\314Ze\364"
 122      DA2EE3F0 
 122      F223B95D 
 122      0668BBCC 
 122      5A65F4
 123 0410 0314F77F 		.ascii	"\003\024\367\177)4\304\321R3\022\322\246K\264\245s\322"
 123      2934C4D1 
 123      523312D2 
 123      A64BB4A5 
 123      73D2
 124 0422 723F85F3 		.ascii	"r?\205\363\324p{}\202v\313\324\237\027\012\307||84\201"
 124      D4707B7D 
 124      8276CBD4 
 124      9F170AC7 
 124      7C7C3834 
 125 0437 B4044846 		.ascii	"\264\004HF\362\347\177\242\2455\351&\354m8\350\240y"
 125      F2E77FA2 
 125      A535E926 
 125      EC6D38E8 
 125      A079
 126 0449 94022176 		.ascii	"\224\002!v\207\021!\351\330\021\211^\210\315\303,\317"
 126      871121E9 
 126      D811895E 
 126      88CDC32C 
 126      CF
 127 045a 06094A94 		.ascii	"\006\011J\224\350+hj\206\2278\370(/\375I\004(\226\225"
 127      E82B686A 
 127      869738F8 
 127      282FFD49 
 127      04289695 
 128 046e D999BBE8 		.ascii	"\331\231\273\350\305\216]\354!\346=6\305\313\316b^\231"
 128      C58E5DEC 
 128      21E63D36 
 128      C5CBCE62 
 128      5E99
 129 0480 112B3765 		.ascii	"\021+7e\236\012J^$\2222v\345A\340\210\266\007\2662\207"
 129      9E0A4A5E 
 129      24923276 
 129      E541E088 
 129      B607B632 
 130 0495 DEE4B8ED 		.ascii	"\336\344\270\355\011v\372\271\031\256\025{5\370\021"
 130      0976FAB9 
 130      19AE157B 
 130      35F811
 131 04a4 FBF6B445 		.ascii	"\373\366\264E\302\301T\366\355\341c\016>\363\331\301"
 131      C2C154F6 
 131      EDE1630E 
 131      3EF3D9C1 
 132 04b4 A72610A9 		.ascii	"\247&\020\251P.x\237\226\261H\234\307\243\267\236GO"
 132      502E789F 
 132      96B1489C 
ARM GAS  /tmp/ccdM7T2d.s 			page 10


 132      C7A3B79E 
 132      474F
 133 04c6 21E34F68 		.ascii	"!\343Oh\306\237\241\005pw(\230\263\276\323\203O\371"
 133      C69FA105 
 133      70772898 
 133      B3BED383 
 133      4FF9
 134 04d8 C5FBC47D 		.ascii	"\305\373\304}=p,\211,\272s\\\024\341\324 *\010\014M"
 134      3D702C89 
 134      2CBA735C 
 134      14E1D420 
 134      2A080C4D 
 135 04ec CA3B6E92 		.ascii	"\312;n\222\034\200\320\217\320\353\3501\264\035\207"
 135      1C80D08F 
 135      D0EBE831 
 135      B41D87
 136 04fb 226831F9 		.ascii	"\"h1\371\310\035\033\274\251\304\377T\320\250\002\337"
 136      C81D1BBC 
 136      A9C4FF54 
 136      D0A802DF 
 137 050b 37D5A502 		.ascii	"7\325\245\002W\017\354\333p\031>RT\274U\334\217\250"
 137      570FECDB 
 137      70193E52 
 137      54BC55DC 
 137      8FA8
 138 051d 4724F253 		.ascii	"G$\362ST\360\310\026]\300\023\212\363\375\335\357\341"
 138      54F0C816 
 138      5DC0138A 
 138      F3FDDDEF 
 138      E1
 139 052e 66C6F069 		.ascii	"f\306\360i\333\226\002\205\3040\366\001\256\354\272"
 139      DB960285 
 139      C430F601 
 139      AEECBA
 140 053d 2B966A18 		.ascii	"+\226j\030A\241LP\030%(\242\004\273\303Uu<~\306\030"
 140      41A14C50 
 140      182528A2 
 140      04BBC355 
 140      753C7EC6 
 141 0552 3E2A0B57 		.ascii	">*\013W\341(\303!<x\2668\230\307\010\3742\201?J\260"
 141      E128C321 
 141      3C78B638 
 141      98C708FC 
 141      32813F4A 
 142 0567 8912D43E 		.ascii	"\211\022\324>.\255B\270FI\011\232n|9\240\226\010\372"
 142      2EAD42B8 
 142      4649099A 
 142      6E7C39A0 
 142      9608FA
 143 057a 8EE0879F 		.ascii	"\216\340\207\237\313!\024\313\014\305Q\206\022\312p"
 143      CB2114CB 
 143      0CC55186 
 143      12CA70
 144 0589 B866D7ED 		.ascii	"\270f\327\355D\334\311\030j\003]\305J\005\31765I4\351"
 144      44DCC918 
 144      6A035DC5 
 144      4A05CF36 
ARM GAS  /tmp/ccdM7T2d.s 			page 11


 144      354934E9 
 145 059d F08AE1AA 		.ascii	"\360\212\341\252\3049K\262\205'%\331\314K5\371\240v"
 145      C4394BB2 
 145      852725D9 
 145      CC4B35F9 
 145      A076
 146 05af E092560A 		.ascii	"\340\222V\012a\240{\305\344q\321\257$\030T*\007P\032"
 146      61A07BC5 
 146      E471D1AF 
 146      2418542A 
 146      07501A
 147 05c2 0DA08C06 		.ascii	"\015\240\214\006\260kO\371Q\214o\261\000\006[\307\356"
 147      B06B4FF9 
 147      518C6FB1 
 147      00065BC7 
 147      EE
 148 05d3 4D65B105 		.ascii	"Me\261\005\037\036\221\227\020\220\031\002Q\206\255"
 148      1F1E9197 
 148      10901902 
 148      5186AD
 149 05e2 94A1FDD4 		.ascii	"\224\241\375\324\221\361$\274WE\031\036}\030h\305K\252"
 149      91F124BC 
 149      5745191E 
 149      7D1868C5 
 149      4BAA
 150 05f4 C5617290 		.ascii	"\305ar\220\354\316\230\034\366\213\245i\264s\2671\202"
 150      ECCE981C 
 150      F68BA569 
 150      B473B731 
 150      82
 151 0605 983F956D 		.ascii	"\230?\225m\204\007\225\363K\340\275\275O&w\245\3046"
 151      840795F3 
 151      4BE0BDBD 
 151      4F2677A5 
 151      C436
 152 0617 3BF12937 		.ascii	";\361)7\373v\2365;\214\344\334?\021\270\244\211\005"
 152      FB769E35 
 152      3B8CE4DC 
 152      3F11B8A4 
 152      8905
 153 0629 9325CAE0 		.ascii	"\223%\312\340\035\022\230\214\252\274\327r\214^\243"
 153      1D12988C 
 153      AABCD772 
 153      8C5EA3
 154 0638 C2B8C16D 		.ascii	"\302\270\301m\373Yf\246\300~N\217\220o\264\011\036\267"
 154      FB5966A6 
 154      C07E4E8F 
 154      906FB409 
 154      1EB7
 155 064a 898C99A6 		.ascii	"\211\214\231\246\204\325\177\370\323\242\225YY\234\306"
 155      84D57FF8 
 155      D3A29559 
 155      599CC6
 156 0659 60F0591D 		.ascii	"`\360Y\035\336\027\262\015\336b$\344;\355\026\301h\362"
 156      DE17B20D 
 156      DE6224E4 
 156      3BED16C1 
ARM GAS  /tmp/ccdM7T2d.s 			page 12


 156      68F2
 157 066b 58F436E3 		.ascii	"X\3646\343z!\307i\362\331-\016\257GXg1\332\177'\254"
 157      7A21C769 
 157      F2D92D0E 
 157      AF475867 
 157      31DA7F27 
 158 0680 32D9AC2E 		.ascii	"2\331\254.\217\305`\321\273|\246\267\263\205uN\247\315"
 158      8FC560D1 
 158      BB7CA6B7 
 158      B385754E 
 158      A7CD
 159 0692 236C3499 		.ascii	"#l4\231\364F\267]\357p:,z\213q\275U\277\\\237\275,k"
 159      F446B75D 
 159      EF703A2C 
 159      7A8B71BD 
 159      55BF5C9F 
 160 06a9 B9FE6F2F 		.ascii	"\271\376o/\352\355\306\277:\335\3024\253`u\230l>\263"
 160      EAEDC6BF 
 160      3ADDC234 
 160      AB607598 
 160      6C3EB3
 161 06bc 45B01B4D 		.ascii	"E\260\033M\371V\207E0\230-\033\214>\233\327\340}\327"
 161      F9568745 
 161      30982D1B 
 161      8C3E9BD7 
 161      E07DD7
 162 06cf 65F164E6 		.ascii	"e\361d\346s\011\321\200\336\373\277\306\343y\327#\030"
 162      7309D180 
 162      DEFBBFC6 
 162      E379D723 
 162      18
 163 06e0 3C5E3338 		.ascii	"<^38\207 \260\323\354V\272|.\263[\355\364\270,\026\263"
 163      8720B0D3 
 163      EC56BA7C 
 163      2EB35BED 
 163      F4B82C16 
 164 06f5 5BE52401 		.ascii	"[\345$\001\272\225v\247\331\342&\351\315\317\212O\257"
 164      BA9576A7 
 164      D9E226E9 
 164      CDCF8A4F 
 164      AF
 165 0706 CBE986E0 		.ascii	"\313\351\206\340\326\256\373\375\013\331\302\23259\302"
 165      D6AEFBFD 
 165      0BD9C29A 
 165      3539C2
 166 0715 EABCDCD7 		.ascii	"\352\274\334\327\377\236-\270\2146\203\315f\006\326"
 166      FF9E2DB8 
 166      8C3683CD 
 166      6606D6
 167 0724 348FD70E 		.ascii	"4\217\327\016+\333\350\262:\015\036\213\327\3472xUy"
 167      2BDBE8B2 
 167      3A0D1E8B 
 167      D7E73278 
 167      5579
 168 0736 AB49BD54 		.ascii	"\253I\275Ty\257\262a\025\033r\330\260\222\015\277e\303"
 168      79AFB261 
 168      151B72D8 
ARM GAS  /tmp/ccdM7T2d.s 			page 13


 168      B0920DBF 
 168      65C3
 169 0748 2B6CC825 		.ascii	"+l\310%Cb\336+kV:\035\033\254\033\325\340:\327a\365"
 169      4362DE2B 
 169      6B563A1D 
 169      1BAC1BD5 
 169      E03AD761 
 170 075d FE7CCE6A 		.ascii	"\376|\316js*\217\227 ~\021\217\230Z;Yr\342z\247\321"
 170      732A8F97 
 170      207E118F 
 170      985A3B59 
 170      72E27AA7 
 171 0772 6D26B8E5 		.ascii	"m&\270\345\3618j!+3\320\305\275\372b\366\313\271\206"
 171      F1386A21 
 171      2B33D0C5 
 171      BDFA62F6 
 171      CBB986
 172 0785 9CDCB52B 		.ascii	"\234\334\265+_\377\363\252?\276\311\314\300\240\366"
 172      5FFFF3AA 
 172      3FBEC9CC 
 172      C0A0F6
 173 0794 987DE4FD 		.ascii	"\230}\344\375%s\372\261\270\255\220\014\237g=A\303@"
 173      2573FAB1 
 173      B8AD900C 
 173      9F673D41 
 173      C340
 174 07a6 D0BF9C0B 		.ascii	"\320\277\234\013\315`\311\006)\177\006+\200\265\371"
 174      CD60C906 
 174      297F062B 
 174      80B5F9
 175 07b5 31CAB2FF 		.ascii	"1\312\262\377V\000)\322w\336\021\362\345\374\023\252"
 175      560029D2 
 175      77DE11F2 
 175      E5FC13AA 
 176 07c5 E87E33D1 		.ascii	"\350~3\321\354\375\007\237\270\211\342"
 176      ECFD079F 
 176      B889E2
 177              		.text
 178              		.section	.gnu.lto_.symtab.9b05c83191f7a873,"",%progbits
 179 0000 68616C49 		.ascii	"halInit\000"
 179      6E697400 
 180 0008 00       		.ascii	"\000"
 181 0009 00       		.ascii	"\000"
 182 000a 00       		.ascii	"\000"
 183 000b 00000000 		.ascii	"\000\000\000\000\000\000\000\000"
 183      00000000 
 184 0013 FF000000 		.ascii	"\377\000\000\000"
 185 0017 70616C5F 		.ascii	"pal_default_config\000"
 185      64656661 
 185      756C745F 
 185      636F6E66 
 185      696700
 186 002a 00       		.ascii	"\000"
 187 002b 02       		.ascii	"\002"
 188 002c 00       		.ascii	"\000"
 189 002d 00000000 		.ascii	"\000\000\000\000\000\000\000\000"
 189      00000000 
ARM GAS  /tmp/ccdM7T2d.s 			page 14


 190 0035 0F010000 		.ascii	"\017\001\000\000"
 191 0039 7374496E 		.ascii	"stInit\000"
 191      697400
 192 0040 00       		.ascii	"\000"
 193 0041 02       		.ascii	"\002"
 194 0042 00       		.ascii	"\000"
 195 0043 00000000 		.ascii	"\000\000\000\000\000\000\000\000"
 195      00000000 
 196 004b 01010000 		.ascii	"\001\001\000\000"
 197 004f 626F6172 		.ascii	"boardInit\000"
 197      64496E69 
 197      7400
 198 0059 00       		.ascii	"\000"
 199 005a 02       		.ascii	"\002"
 200 005b 00       		.ascii	"\000"
 201 005c 00000000 		.ascii	"\000\000\000\000\000\000\000\000"
 201      00000000 
 202 0064 03010000 		.ascii	"\003\001\000\000"
 203 0068 73647549 		.ascii	"sduInit\000"
 203      6E697400 
 204 0070 00       		.ascii	"\000"
 205 0071 02       		.ascii	"\002"
 206 0072 00       		.ascii	"\000"
 207 0073 00000000 		.ascii	"\000\000\000\000\000\000\000\000"
 207      00000000 
 208 007b 05010000 		.ascii	"\005\001\000\000"
 209 007f 75736249 		.ascii	"usbInit\000"
 209      6E697400 
 210 0087 00       		.ascii	"\000"
 211 0088 02       		.ascii	"\002"
 212 0089 00       		.ascii	"\000"
 213 008a 00000000 		.ascii	"\000\000\000\000\000\000\000\000"
 213      00000000 
 214 0092 07010000 		.ascii	"\007\001\000\000"
 215 0096 5F70616C 		.ascii	"_pal_lld_init\000"
 215      5F6C6C64 
 215      5F696E69 
 215      7400
 216 00a4 00       		.ascii	"\000"
 217 00a5 02       		.ascii	"\002"
 218 00a6 00       		.ascii	"\000"
 219 00a7 00000000 		.ascii	"\000\000\000\000\000\000\000\000"
 219      00000000 
 220 00af 0B010000 		.ascii	"\013\001\000\000"
 221 00b3 68616C5F 		.ascii	"hal_lld_init\000"
 221      6C6C645F 
 221      696E6974 
 221      00
 222 00c0 00       		.ascii	"\000"
 223 00c1 02       		.ascii	"\002"
 224 00c2 00       		.ascii	"\000"
 225 00c3 00000000 		.ascii	"\000\000\000\000\000\000\000\000"
 225      00000000 
 226 00cb 0D010000 		.ascii	"\015\001\000\000"
 227              		.text
 228              		.section	.gnu.lto_.opts,"",%progbits
 229 0000 272D666D 		.ascii	"'-fmath-errno' '-fsigned-zeros' '-ftrapping-math' '"
ARM GAS  /tmp/ccdM7T2d.s 			page 15


 229      6174682D 
 229      6572726E 
 229      6F272027 
 229      2D667369 
 230 0033 2D666E6F 		.ascii	"-fno-trapv' '-fno-openmp' '-fno-openacc' '-mcpu=cor"
 230      2D747261 
 230      70762720 
 230      272D666E 
 230      6F2D6F70 
 231 0066 7465782D 		.ascii	"tex-m4' '-mno-thumb-interwork' '-mthumb' '-O2' '-fo"
 231      6D342720 
 231      272D6D6E 
 231      6F2D7468 
 231      756D622D 
 232 0099 6D69742D 		.ascii	"mit-frame-pointer' '-falign-functions=16' '-ffuncti"
 232      6672616D 
 232      652D706F 
 232      696E7465 
 232      72272027 
 233 00cc 6F6E2D73 		.ascii	"on-sections' '-fdata-sections' '-fno-common' '-flto"
 233      65637469 
 233      6F6E7327 
 233      20272D66 
 233      64617461 
 234 00ff 2700     		.ascii	"'\000"
 235              		.text
 236              		.comm	__gnu_lto_v1,1,1
 237              		.comm	__gnu_lto_slim,1,1
 238              		.ident	"GCC: (GNU Tools for Arm Embedded Processors 7-2017-q4-major) 7.2.1 20170904 (release) [ARM
ARM GAS  /tmp/ccdM7T2d.s 			page 16


DEFINED SYMBOLS
                            *ABS*:0000000000000000 hal.c
                            *COM*:0000000000000001 __gnu_lto_v1
                            *COM*:0000000000000001 __gnu_lto_slim

NO UNDEFINED SYMBOLS
