ARM GAS  /tmp/ccoFwotl.s 			page 1


   1              		.cpu cortex-m4
   2              		.eabi_attribute 20, 1
   3              		.eabi_attribute 21, 1
   4              		.eabi_attribute 23, 3
   5              		.eabi_attribute 24, 1
   6              		.eabi_attribute 25, 1
   7              		.eabi_attribute 26, 1
   8              		.eabi_attribute 30, 2
   9              		.eabi_attribute 34, 1
  10              		.eabi_attribute 18, 4
  11              		.file	"nvic.c"
  12              		.section	.gnu.lto_.profile.c618b333322e9487,"",%progbits
  13 0000 789C6363 		.ascii	"x\234cc```\001bF\006)1\000\000\302\000<"
  13      60606001 
  13      62460629 
  13      310000C2 
  13      003C
  14              		.text
  15              		.section	.gnu.lto_.icf.c618b333322e9487,"",%progbits
  16 0000 789C6363 		.ascii	"x\234cc``\220b@\000\026\206\333\333\226\254be\354\\"
  16      60609062 
  16      40001686 
  16      DBDB96AC 
  16      6265EC5C 
  17 0014 F7E12E13 		.ascii	"\367\341.\023\323\243\203\263\367\3603/z\275\367\005"
  17      D3A383B3 
  17      F7F0332F 
  17      7ABDF705 
  18 0024 330300A6 		.ascii	"3\003\000\246U\014S"
  18      550C53
  19              		.text
  20              		.section	.gnu.lto_.jmpfuncs.c618b333322e9487,"",%progbits
  21 0000 789C6363 		.ascii	"x\234cc``\320a@\000\026\006&FF\346\3729\314\014 \314"
  21      6060D061 
  21      40001606 
  21      264646E6 
  21      FA39CC0C 
  22 0016 0804209A 		.ascii	"\010\004 \232\011Y\220\031*\310\000\000\237-\007\005"
  22      09599019 
  22      2AC80000 
  22      9F2D0705 
  23              		.text
  24              		.section	.gnu.lto_.inline.c618b333322e9487,"",%progbits
  25 0000 789C4D8C 		.ascii	"x\234M\214\321\021\2000\014B!\215i\364\307\021\352\004"
  25      D1118030 
  25      0C42218D 
  25      69F4C711 
  25      EA04
  26 0012 2ED9453A 		.ascii	".\331E:\222\2438\202\261\236U>\270\343\036`\000*>)\260"
  26      92A33882 
  26      B19E553E 
  26      B8E31E60 
  26      002A3E29 
  27 0027 CC146E8C 		.ascii	"\314\024n\214p\233\332\271\303Z\021\310\261*\"y\020"
  27      709BDAB9 
  27      C35A11C8 
  27      B12A2279 
ARM GAS  /tmp/ccoFwotl.s 			page 2


  27      10
  28 0038 07E199EC 		.ascii	"\007\341\231\354\225\244\255<\225\240\332O\004\223\222"
  28      95A4AD3C 
  28      95A0DA4F 
  28      049392
  29 0047 FD25C5EE 		.ascii	"\375%\305\356w\020J\310\366N\007\034S\\\2260\015\244"
  29      77104AC8 
  29      F64E071C 
  29      535C9630 
  29      0DA4
  30              		.text
  31              		.section	.gnu.lto_.pureconst.c618b333322e9487,"",%progbits
  32 0000 789C6363 		.ascii	"x\234cc``\340\004b\026\006)F)&)f)\000\002\304\000\202"
  32      6060E004 
  32      62160629 
  32      46292629 
  32      66290002 
  33              		.text
  34              		.section	.gnu.lto_nvicEnableVector.c618b333322e9487,"",%progbits
  35 0000 789C9D53 		.ascii	"x\234\235S\317KTQ\024\276\337;\357\207\243\316,\332"
  35      CF4B5451 
  35      14BEDF3B 
  35      EF87A3CE 
  35      2CDA
  36 0012 45522E82 		.ascii	"ER.\202A\204y\011\375\003\321\332\026\375\007\341&!"
  36      41847909 
  36      FD03D1DA 
  36      16FD07E1 
  36      2621
  37 0024 674443DA 		.ascii	"gDC\332yg\306f\264\004\005G\203\341\021#\215\375 \312"
  37      7967C666 
  37      B4040547 
  37      83E11123 
  37      8DFD20CA 
  38 0038 42ADC6B2 		.ascii	"B\255\306\262^\223\226\021&\211\264kQJ\241\221\324\254"
  38      5E939611 
  38      2689B46B 
  38      514AA191 
  38      D4AC
  39 004a 82D43AF7 		.ascii	"\202\324:\367>\243\350\307\242.\357\236w\3569\347\273"
  39      3EA3E8C7 
  39      A22EEF9E 
  39      77EE39E7 
  39      BB
  40 005b E7FBEE7D 		.ascii	"\347\373\356}\317\026B\034!!\016\362{\017O\220\2001"
  40      CF16421C 
  40      21210EF2 
  40      7B0F4F90 
  40      8031
  41 006d F85C8864 		.ascii	"\370\\\210d\225\001(GVAt\033\350F?\345\010\345\354\333"
  41      95012847 
  41      5641741B 
  41      E8463FE5 
  41      08E5ECDB 
  42 0081 92D17049 		.ascii	"\222\321pI\362\360\317Uv\313\313><\206\217\360T\003"
  42      F2F0CF55 
  42      76CBCB3E 
ARM GAS  /tmp/ccoFwotl.s 			page 3


  42      3C868FF0 
  42      5403
  43 0093 1368E0AA 		.ascii	"\023h\340\252\027=7<:K\036\001&/?-\344W\"ji\240\236"
  43      173D373C 
  43      3A4B1E01 
  43      262F3F2D 
  43      E457226A 
  44 00aa 975B3237 		.ascii	"\227[27\022\241\030\004\373\253\317.\014:\3211)S\322"
  44      12A11804 
  44      FBABCF2E 
  44      0C3AD131 
  44      2953D2
  45 00bd 9F2D92DC 		.ascii	"\237-\222\334\357\021\341\026\2107\304\024\3520\211"
  45      EF11E116 
  45      8837C414 
  45      EA3089
  46 00cc 3AC12181 		.ascii	":\301!\201\333\210r\371\325\324\273\017D\0074\364\315"
  46      DB8872F9 
  46      D5D4BB0F 
  46      440734F4 
  46      CD
  47 00dd FCEB9CB5 		.ascii	"\374\353\234\265\003]\035\333\201\336\371\003\264\204"
  47      035D1DDB 
  47      81DEF903 
  47      B484
  48 00eb A8AEBFB9 		.ascii	"\250\256\277\271=\034\266\315\200+\246a\013\2603\276"
  48      3D1CB6CD 
  48      802BA661 
  48      0BB033BE 
  49 00fb 64F972FB 		.ascii	"d\371r\373kV\372\313\027\261e\205\301\030\323P\206\330"
  49      6B56FACB 
  49      17B16585 
  49      C118D350 
  49      86D8
  50 010d 58261BDB 		.ascii	"X&\033\333R\236\255\214\003\265[\010\212\216\020\275"
  50      529EAD8C 
  50      03B55B08 
  50      8A8E10BD 
  51 011d BC131F91 		.ascii	"\274\023\037\221\364E\037\031\312K\373b\035\251Jvf "
  51      F4451F19 
  51      CA4BFB62 
  51      1DA94A76 
  51      6620
  52 012f A21AE409 		.ascii	"\242\032\344\011yr8\224\376\230A\02008\366\363\0019"
  52      79723894 
  52      FE984110 
  52      3038F6F3 
  52      0139
  53 0141 30719789 		.ascii	"0q\227\211\256\243\274|f\315RE\234\0369]^tT\272J+\235"
  53      AEA3BC7C 
  53      66CD5245 
  53      9C1E395D 
  53      5E7454BA 
  54 0158 1CDDF85C 		.ascii	"\034\335\370\\\033,e9-#\034\232x?\264\342\024p>\311"
  54      1B2C6539 
  54      2D231C9A 
  54      783FB4E2 
ARM GAS  /tmp/ccoFwotl.s 			page 4


  54      14703EC9 
  55 016c 1751D8EB 		.ascii	"\027Q\330\353Q\0103,\371\036\357\244\000s\375\311\321"
  55      5108332C 
  55      F91EEFA4 
  55      0073FDC9 
  55      D1
  56 017d 6AF79AEC 		.ascii	"j\367\232\354I\312z\217\252q\037\005\014\353+\342\344"
  56      49CA7A8F 
  56      AA711F05 
  56      0CEB2BE2 
  56      E4
  57 018e CBA5A989 		.ascii	"\313\245\251\211H\323\270J\026\342\036\325\340\001\334"
  57      48D3B84A 
  57      16E21ED5 
  57      E001DC
  58 019d 3C85F4F5 		.ascii	"<\205\364\365\371hb\216\212\361ffa`W\300\2318\313\270"
  58      F968628E 
  58      8AF16666 
  58      616057C0 
  58      9938CBB8 
  59 01b1 A1E2F552 		.ascii	"\241\342\365RX\261\260\260\017\0175g\326u\305\011\212"
  59      58B1B0B0 
  59      0F0F3567 
  59      D675C509 
  59      8A
  60 01c2 4C34D671 		.ascii	"L4\326q\251\012V2}V\020\264\002\344\323\342\364\246"
  60      A90A5632 
  60      7D5610B4 
  60      02E4D3E2 
  60      F4A6
  61 01d4 E66FC342 		.ascii	"\346o\303BY#\371\220\276#\025\370\027\375\377\242\256"
  61      5923F990 
  61      BE2315F8 
  61      17FDFFA2 
  61      AE
  62 01e5 168FB43A 		.ascii	"\026\217\264:\374\256\256\313\2430f\225:K\253\233S\352"
  62      FCAEAECB 
  62      A3306695 
  62      3A4BAB9B 
  62      53EA
  63 01f7 ECA0D7AB 		.ascii	"\354\240\327\253\305\232\377j\366X73\376\322\354\311"
  63      C59AFF6A 
  63      F6583733 
  63      FED2ECC9 
  64 0207 8F66F341 		.ascii	"\217f\363A\263\015\244\012_t+\375\203\3642O\376P\030"
  64      B30DA40A 
  64      5F742BFD 
  64      83F4324F 
  64      FE5018
  65 021a DF188BB9 		.ascii	"\337\030\213\271\301\223\350t\217\037;\341\266':Nv\272"
  65      C193E874 
  65      8F1F3BE1 
  65      B6273A4E 
  65      76BA
  66 022c 2D89B6B6 		.ascii	"-\211\266\266D\334=t\264\371p\363)7\336\325\332\022"
  66      44DC3D74 
  66      B4F970F3 
ARM GAS  /tmp/ccoFwotl.s 			page 5


  66      2937DED5 
  66      DA12
  67 023e 6B11889B 		.ascii	"k\021\210\233\355\035\255\211o\247\372\031\260"
  67      ED1DAD89 
  67      6FA7FA19 
  67      B0
  68              		.text
  69              		.section	.gnu.lto_nvicDisableVector.c618b333322e9487,"",%progbits
  70 0000 789C9552 		.ascii	"x\234\225RKkSQ\020\236\357\314}\244M\233\265`\320.\204"
  70      4B6B5351 
  70      109EEFCC 
  70      7DA44D9B 
  70      B560D02E 
  71 0015 520AB9E4 		.ascii	"R\012\271\344'\210\340\256\033\377\201d\243`\023i\245"
  71      2788E0AE 
  71      1BFF8164 
  71      A3601369 
  71      A5
  72 0026 B8EB49D2 		.ascii	"\270\353I\322&\255fQh\033%\\\344\026#\342BkI\253\246"
  72      26AD6651 
  72      681B255C 
  72      E41623E2 
  72      426B49AB 
  73 003b BEAE292E 		.ascii	"\276\256).\304\027\026\361\007\330\342\023\212\026\027"
  73      C41716F1 
  73      07D8E213 
  73      8A1617
  74 004a 2EFA70CE 		.ascii	".\372p\316\275\012\202+\207{\316\235\2313\337|sf\216"
  74      BD0A822B 
  74      877BCE9D 
  74      9933DF7C 
  74      73668E
  75 005d 4344238A 		.ascii	"CD#\212\310\223\377AY`\202\232yETL(\300(:\001\032W\030"
  75      C893FF41 
  75      5960829A 
  75      7945544C 
  75      28C0283A 
  76 0075 478DE718 		.ascii	"G\215\347\030\235\352\207\266\032\270\256E\302K\015"
  76      9DEA87B6 
  76      1AB8AE45 
  76      C24B0D
  77 0084 A7A2270F 		.ascii	"\247\242'\017\370LT\227e\004-\014H\324\233\211\333>"
  77      F84C5497 
  77      65042D0C 
  77      48D49B89 
  77      DB3E
  78 0096 5F649F01 		.ascii	"_d\237\001K\314\357/\033\033)c*\364\211\271\253\347"
  78      4BCCEF2F 
  78      1B1B2963 
  78      2AF489B9 
  78      ABE7
  79 00a8 EA29CE80 		.ascii	"\352)\316\200D\337|~u\306\355\277\246uI\207/\232\254"
  79      44DF7C7E 
  79      75C6EDBF 
  79      A6754987 
  79      2F9AAC
  80 00bb 8FF8CCB8 		.ascii	"\217\370\314\270\003\226\204XA\032\313H\223\270\010"
ARM GAS  /tmp/ccoFwotl.s 			page 6


  80      03968458 
  80      411ACB48 
  80      93B808
  81 00ca 77D16FE2 		.ascii	"w\321o\342\337/\355\315\367:VL\210{p\010\242,\256\333"
  81      DF2FEDCD 
  81      F73A564C 
  81      887B7008 
  81      A22CAEDB 
  82 00de A1DEDBAF 		.ascii	"\241\336\333\257\352p\263\211\326\361.\010\306R\262"
  82      EA70B389 
  82      D6F12E08 
  82      C652B2
  83 00ed D96C34CB 		.ascii	"\331l4\313l6\242\0344%H\271\227\016i\232\225\321\312"
  83      6C36A21C 
  83      342548B9 
  83      970E699A 
  83      95D1CA
  84 0100 217D4179 		.ascii	"!}Ay\247\262\273\024(\223\261\301h\260-\\\263\315[\355"
  84      A7B2BB14 
  84      2893B1C1 
  84      68B02D5C 
  84      B3CD5BED 
  85 0114 5E53B685 		.ascii	"^S\266\205\303hK!\022\366\255r\303\215\203\024\006\323"
  85      C3684B21 
  85      12F6AD72 
  85      C38D8314 
  85      06D3
  86 0126 126A9CDB 		.ascii	"\022j\234\333\225i;vr\214|\326\\\335\3511H\0336V#di"
  86      95693B76 
  86      728C7CD6 
  86      5CDDE931 
  86      481B3656 
  87 013d BBFA0769 		.ascii	"\273\372\007i\011X<\235\267\027>G0\001\324';\257]\003"
  87      09583C9D 
  87      B7173E47 
  87      3001D427 
  87      3BAF5D03 
  88 0151 70A2AE2C 		.ascii	"p\242\256,/l\375\354\211M\335)\353\224\270Z_g7\334\000"
  88      2F6CFDEC 
  88      894DDD29 
  88      EB94B85A 
  88      5F6737DC 
  89 0166 578AD2F9 		.ascii	"W\212\322\371\340\220\317.\036H{\356Kn\003xZ+.t{7\365"
  89      E090CF2E 
  89      1E487BEE 
  89      4B6E0378 
  89      5A2B2E74 
  90 017d 4451F7F9 		.ascii	"DQ\367\371\234\300C\004\230\217f\"\207\357\326WZ\251"
  90      9CC04304 
  90      988F6622 
  90      87EFD657 
  90      5AA9
  91 018f ECA2390C 		.ascii	"\354\2429\014\306|\356\302#xRj4\257\307\310JA\246\232"
  91      C67CEEC2 
  91      2378526A 
  91      34AFC7C8 
  91      4A41A69A 
ARM GAS  /tmp/ccoFwotl.s 			page 7


  92 01a3 1F9F2EAF 		.ascii	"\037\237.\257%\177\227\363?d\335\010#2\374K\226\367"
  92      257F97F3 
  92      3F64DD08 
  92      2332FC4B 
  92      96F7
  93 01b5 39892786 		.ascii	"9\211'\206\314\216\310:\310\376}\327$\010k\222s\013"
  93      CC8EC83A 
  93      C8FE7DD7 
  93      24086B92 
  93      730B
  94 01c7 A5E0630D 		.ascii	"\245\340c\015\3214\215LI.\231\213\274\312\301L\306\213"
  94      D1348D4C 
  94      492E998B 
  94      BCCAC14C 
  94      C68B
  95 01d9 BFC2A877 		.ascii	"\277\302\250w\352\344\031\357la\344\334\250\227+\014"
  95      EAE419EF 
  95      6C61E4DC 
  95      A8972B0C 
  96 01e9 0F17F2DE 		.ascii	"\017\027\362\336\321\023C\307\206\316{\371\261\323\271"
  96      D11343C7 
  96      86CE7BF9 
  96      B1D3B9
  97 01f8 4C8E90FF 		.ascii	"L\216\220\377\005D\312\324\370"
  97      0544CAD4 
  97      F8
  98              		.text
  99              		.section	.gnu.lto_nvicSetSystemHandlerPriority.c618b333322e9487,"",%progbits
 100 0000 789C6D51 		.ascii	"x\234mQ\315KTQ\024?\277{\336{\363\012\262\255\224\013"
 100      CD4B5451 
 100      143FBF7B 
 100      DE7BF30A 
 100      B2AD940B 
 101 0014 17C120C1 		.ascii	"\027\301 \301<\334\264h\027m\332\270\361?\220IP\320"
 101      3CDCB468 
 101      176DDAB8 
 101      F13F9049 
 101      50D0
 102 0026 79328AB4 		.ascii	"y2\212\264\363\316\214:f\005\242\243\306\360\210\267"
 102      F3CE8C3A 
 102      6605A2A3 
 102      C6F088B7 
 103 0036 1195080B 		.ascii	"\021\225\010\013\263\032\035\3551\2536}8D\220\320\242"
 103      B31A1DED 
 103      31AB367D 
 103      384490D0 
 103      A2
 104 0047 0F14268A 		.ascii	"\017\024&\212>\\\264\262\316}N\320\242\313\3758_\277"
 104      3E5CB4B2 
 104      CE7D4ED0 
 104      A2CBFD38 
 104      5FBF
 105 0059 737FE71C 		.ascii	"s\177\347\034\207\210~\202\350\242\274g\345\200\011"
 105      87887E82 
 105      E8A2BC67 
 105      E58009
 106 0068 6AE60551 		.ascii	"j\346\005Q\316U\200\021\264\013\032S\030\303M.1j\305"
ARM GAS  /tmp/ccoFwotl.s 			page 8


 106      CE558011 
 106      B40B1A53 
 106      18C34D2E 
 106      316AC5
 107 007b FD8AEA58 		.ascii	"\375\212\352X\326\262\242\305\2723\251'Z\003&Z\220c"
 107      D6B2A2C5 
 107      BA33A927 
 107      5A03265A 
 107      9063
 108 008d 16D6D121 		.ascii	"\026\326\321!Q\273\343\367\003\276\301\001\003\226\250"
 108      51BBE3F7 
 108      03BEC101 
 108      0396A8
 109 009c DF9F973F 		.ascii	"\337\237\227?\266\030U\241]\324\302\334N\325\345\024"
 109      B61855A1 
 109      5DD4C2DC 
 109      4ED5E514 
 110 00ac 48E4FAFA 		.ascii	"H\344\372\372\355+\311%\255\363:\372\264\304\372\\\300"
 110      ED2BC925 
 110      ADF33AFA 
 110      B4C4FA5C 
 110      C0
 111 00bd 8C4760C9 		.ascii	"\214G`\311\207\015\264\341!\332HL\204\307HJ\364\335"
 111      870DB4E1 
 111      21DA484C 
 111      84C7484A 
 111      F4DD
 112 00cf FCC117E6 		.ascii	"\374\301\027\346\0131\362\303\263\367%\273\011=\\nB"
 112      0B31F2C3 
 112      B3F725BB 
 112      093D5C6E 
 112      42
 113 00e0 9FFC075A 		.ascii	"\237\374\007ZA2\216\177p4\177\312\261\302\277l\261\011"
 113      41328E7F 
 113      70347FCA 
 113      B1C2BF6C 
 113      B109
 114 00f2 87A4725A 		.ascii	"\207\244rZ\253\333\221>\372]\024\006\255{\237\335\004"
 114      ABDB913E 
 114      FA5D1406 
 114      AD7B9FDD 
 114      04
 115 0103 04662973 		.ascii	"\004f)s\011}\001\3330\277\023M\011J\032\242#\272\316"
 115      097D01DB 
 115      30BF134D 
 115      094A1AA2 
 115      23BACE
 116 0116 CA488588 		.ascii	"\312H\205\210\032\310\377(\276\333\250\302d+3\312\362"
 116      1AC8FF28 
 116      BEDBA8C2 
 116      642B33CA 
 116      F2
 117 0127 6103856F 		.ascii	"a\003\205o\223M\203\022\333\277\375\260aaK\2105P{=\375"
 117      934D8312 
 117      DBBFFDB0 
 117      61614B88 
 117      35507B3D 
ARM GAS  /tmp/ccoFwotl.s 			page 9


 118 013c D63641E2 		.ascii	"\3266A\342^\230\250\275L\030\267\023W\226\253TK\366"
 118      5E98A8BD 
 118      4C18B713 
 118      5796AB54 
 118      4BF6
 119 014e B1AAF70A 		.ascii	"\261\252\367\012\272EL\215\335\303Wv\210;9\351{x&\340"
 119      BA454C8D 
 119      DDC35776 
 119      883B39E9 
 119      7B7826E0 
 120 0162 04B6A5C4 		.ascii	"\004\266\245\304\252d2\200\331\351\325\325\223\336="
 120      AA643280 
 120      D9E9D5D5 
 120      93DE3D
 121 0171 3D9ED3ED 		.ascii	"=\236\323\355\001\273\330A\210\371x\"\342|\263\362k"
 121      01BBD841 
 121      88F97822 
 121      E27CB3F2 
 121      6B
 122 0182 F174E79A 		.ascii	"\361t\347\232q\206\231\200O\340)\2742\333\361\264\""
 122      71869980 
 122      4FE029BC 
 122      32DBF1B4 
 122      22
 123 0193 740A47FA 		.ascii	"t\012G\372\212|\270u+\246\034Oq\212a\352SD\347S)\357"
 123      8A7CB875 
 123      2BA61C4F 
 123      718A61EA 
 123      5344E753 
 124 01a9 78FBC35E 		.ascii	"x\373\303^_\317\2007\344gG\206\275\264?8\350g\274K\335"
 124      5FCF8037 
 124      E4674786 
 124      BDB43F38 
 124      E867BC4B 
 125 01be 5D97BBAE 		.ascii	"]\227\273\256y\231\321\376t*M\211\276\236\314\325\201"
 125      7999D1FE 
 125      742A4D89 
 125      BE9ECCD5 
 125      81
 126 01cf DEAC3594 		.ascii	"\336\2545\224\355\367\377\000%\355\2619"
 126      EDF7FF00 
 126      25EDB139 
 127              		.text
 128              		.section	.gnu.lto_nvicClearPending.c618b333322e9487,"",%progbits
 129 0000 789C3551 		.ascii	"x\2345Q\317KTQ\024>\337=\357\307\024:\353\240\241\\"
 129      CF4B5451 
 129      143EDF3D 
 129      EFC7143A 
 129      EBA0A15C 
 130 0014 0422C25C 		.ascii	"\004\"\302\\\374\023\302E+7\375\0071\033\203\234\211"
 130      FC13C245 
 130      2B37FD07 
 130      311B839C 
 130      89
 131 0025 0C69E79D 		.ascii	"\014i\347\235\031\235\321\2240\324\011\206\207<q\"Z"
 131      199DD194 
 131      30D40986 
ARM GAS  /tmp/ccoFwotl.s 			page 10


 131      873C7122 
 131      5A
 132 0036 94C56836 		.ascii	"\224\305h6\366\3531\344B\242\"\211V\2552\004\013$\005"
 132      F6EB31E4 
 132      42A22289 
 132      56AD3204 
 132      0B2405
 133 0049 2142AD73 		.ascii	"!B\255s\337\243\303\375q\316\271\347;\367\273\337\365"
 133      DFA3C3FD 
 133      71CEB9E7 
 133      3BF7BBDF 
 133      F5
 134 005a 88E81044 		.ascii	"\210\350\020DZ\366\2632\301\0045\363\201\250\230R\200"
 134      5AF6B332 
 134      C10435F3 
 134      81A89852 
 134      80
 135 006b 754C0A34 		.ascii	"uL\0124\2520\212i\236c\264\253;-\325\363\300\210E\367"
 135      AA308A69 
 135      9E63B4AB 
 135      3B2DD5F3 
 135      C08845F7 
 136 007f FE781533 		.ascii	"\376x\0253~&`\242\232Lkh\242G\252>\215=\011x\212\003"
 136      7E2660A2 
 136      9A4C6B68 
 136      A247AA3E 
 136      8D3D0978 
 137 0095 061C09F7 		.ascii	"\006\034\011\367\337\327\267\3236T\350\222\360\330\314"
 137      DFD7B7D3 
 137      3654E892 
 137      F0D8CC
 138 00a4 D5D29C05 		.ascii	"\325\322\234\005\211\377\375\335\322\214\337}\337\230"
 138      89FFFDDD 
 138      D28CDF7D 
 138      DF98
 139 00b2 9289DE36 		.ascii	"\222\211\3366\330\\\010\230\361\014,\015\261\212\014"
 139      D85C0898 
 139      F10C2C0D 
 139      B18A0C
 140 00c1 56902149 		.ascii	"V\220!I\021\326\320m\353\277==\231\357\364\234\344B"
 140      11D6D06D 
 140      EBBF3D3D 
 140      99EFF49C 
 140      E442
 141 00d3 3C874742 		.ascii	"<\207GB\236\226\267\334\310\234\374\255\232\350k\003"
 141      9E96B7DC 
 141      C89CFCAD 
 141      9AE86B03 
 142 00e3 772F09E3 		.ascii	"w/\011\343\200\035%\213\313\326s\354\342\"\356A\023"
 142      801D258B 
 142      CBD673EC 
 142      E222EE41 
 142      13
 143 00f4 82947799 		.ascii	"\202\224w\231\210&YY\257\034\321\017\224\217*\307k\241"
 143      88265959 
 143      AF1CD10F 
 143      948F2AC7 
ARM GAS  /tmp/ccoFwotl.s 			page 11


 143      6BA1
 144 0106 B21DEB8C 		.ascii	"\262\035\353\214:\273r\327l\343q\253\323\322vp\036-"
 144      3ABB72D7 
 144      6CE371AB 
 144      D3D27670 
 144      1E2D
 145 0118 212265BF 		.ascii	"!\"e\277*\017\375\244H\2417#\2456yP\231t\223$'\310\315"
 145      2A0FFDA4 
 145      48A13723 
 145      A5367950 
 145      99749324 
 146 012f C6FA5187 		.ascii	"\306\372Q\207E\272p\261\036#K\007\325\377HG\300\222"
 146      45BA70B1 
 146      1E234B07 
 146      D5FF4847 
 146      C092
 147 0141 697FBEBD 		.ascii	"i\177\276\275\033\303\004P\033o\177\364-\300\213UYY"
 147      1BC30450 
 147      1B6F7FF4 
 147      2DC08B55 
 147      5959
 148 0153 DCFBDD91 		.ascii	"\334\373\335\221\204\246]6iI5\177\316n\373!\026\212"
 148      84A65D36 
 148      6949357F 
 148      CE6EFB21 
 148      168A
 149 0165 A27C782E 		.ascii	"\242|x.`\037/E\236\027\322\333\0026\246\213\213\247"
 149      601F2F45 
 149      9E17D2DB 
 149      0236A68B 
 149      8BA7
 150 0177 F5233356 		.ascii	"\365#3V4]\001\247\360\012!\346\343?\221\303/[\253\315"
 150      345D01A7 
 150      F00A21E6 
 150      E33F91C3 
 150      2F5BABCD 
 151 018b 74DFB23D 		.ascii	"t\337\262=\014G\002>\205\327\320B5\376\2577\350\023"
 151      0C47023E 
 151      85D7D042 
 151      35FEAF37 
 151      E813
 152 019d 42B48752 		.ascii	"B\264\207R\270t\007\261\240\326&\344a\"\215\"\352\315"
 152      B87407B1 
 152      A0D626E4 
 152      61228D22 
 152      EACD
 153 01af 6675320A 		.ascii	"fu2\012\303z\360\3125}\275p\343\346\260\316\025\206"
 153      C37AF0CA 
 153      357DBD70 
 153      E3E6B0CE 
 153      1586
 154 01c1 860A797D 		.ascii	"\206\012y}\361\362@\377\300-\235\037\271\232\313\346"
 154      F1F240FF 
 154      C02D9D1F 
 154      B99ACBE6 
 155 01d1 08F97F0B 		.ascii	"\010\371\177\013\343\254\267"
 155      E3ACB7
ARM GAS  /tmp/ccoFwotl.s 			page 12


 156              		.text
 157              		.section	.gnu.lto_.symbol_nodes.c618b333322e9487,"",%progbits
 158 0000 789C6363 		.ascii	"x\234cc``\360\002b\006\246\026\246z\006\206\011\347"
 158      6060F002 
 158      6206A616 
 158      A67A0686 
 158      09E7
 159 0012 181880D4 		.ascii	"\030\030\200\324\256\006G\240H+S=#\252H\033S=\023\252"
 159      AE0647A0 
 159      482B533D 
 159      23AA481B 
 159      533D13AA 
 160 0026 483B533D 		.ascii	"H;S=3\212\010\003\000\255\216\021\331"
 160      338A0803 
 160      00AD8E11 
 160      D9
 161              		.text
 162              		.section	.gnu.lto_.refs.c618b333322e9487,"",%progbits
 163 0000 789C6363 		.ascii	"x\234cc```\004b\006\000\000D\000\010"
 163      60606004 
 163      62060000 
 163      440008
 164              		.text
 165              		.section	.gnu.lto_.decls.c618b333322e9487,"",%progbits
 166 0000 789CBD59 		.ascii	"x\234\275Y{P\224\327\025\337\373\335E\226\267E\246\261"
 166      7B5094D7 
 166      15DFFBDD 
 166      4596B745 
 166      A6B1
 167 0012 299DA68E 		.ascii	")\235\246\216\231\3206\260>\322\232\277\332\020\304"
 167      99D036B0 
 167      3ED29ABF 
 167      DA10C4
 168 0021 CA744C99 		.ascii	"\312tL\231\3058M2\315\206\254\233@\312\303\002v\352"
 168      C5384D32 
 168      CD86AC9B 
 168      40CAC302 
 168      76EA
 169 0033 F48F7EB8 		.ascii	"\364\217~\270\030Q|\200\020P\204\200\200\361\001*D\004"
 169      18517C80 
 169      10508480 
 169      80F1012A 
 169      4404
 170 0045 05514045 		.ascii	"\005Q@E\004A\203\242\"O\221\227\210\310CE\036J\317}"
 170      044183A2 
 170      224F9197 
 170      88C84345 
 170      1E4ACF7D 
 171 0059 7CBB1F9F 		.ascii	"|\273\037\237\254\365\217N\276\361\354\267\367\336\337"
 171      ACF58F4E 
 171      BEF1ECB7 
 171      F7DEDF
 172 0068 3DE777CF 		.ascii	"=\347w\317\271\367\334\2638G\245R\005\376L\245z$\250"
 172      B9F7DCB3 
 172      3847A552 
 172      05FE4CA5 
 172      7A24A8
ARM GAS  /tmp/ccoFwotl.s 			page 13


 173 007b 549948A5 		.ascii	"T\231H\245\232\206\307\006\372*@\240\251*S\261G\015"
 173      9A86C706 
 173      FA2A40A0 
 173      A92A53B1 
 173      470D
 174 008d 7211A416 		.ascii	"r\021\244\026\244\016\344\212\352\305g'Lp\206\367g "
 174      A40EE48A 
 174      EAC56727 
 174      4C7086F7 
 174      6720
 175 009f AE206E7C 		.ascii	"\256 n|\276;\310[ \037\203|\004\362+\300\375\022\244"
 175      BE3BC85B 
 175      201F837C 
 175      04F22BC0 
 175      FD12A4
 176 00b2 0FBEF782 		.ascii	"\017\276\367\202<\005\031\003\301 s\241\337\035\304"
 176      3C051903 
 176      C12073A1 
 176      DF1DC4
 177 00c1 0531FB17 		.ascii	"\0051\373\027g\261\223\002\003\216\263\330\221lH\372"
 177      67B19302 
 177      038EB3D8 
 177      916C48FA 
 178 00d1 25BD921D 		.ascii	"%\275\222\035X\242j\036b6\020_\213\362\331\013\003\366"
 178      58A26A1E 
 178      6236105F 
 178      8BF2D90B 
 178      03F6
 179 00e3 56D640B8 		.ascii	"V\326@\270G\300\370:\220\017\020\323I\364|\304\365\325"
 179      47C0F83A 
 179      900F10D3 
 179      49F47CC4 
 179      F5D5
 180 00f5 F176349A 		.ascii	"\361v4\232\2513\303\212Nk|\311tw\256s6?'a\324Z}(\027"
 180      A933C38A 
 180      4E6B7CC9 
 180      7477AE73 
 180      363F2761 
 181 010e C761F496 		.ascii	"\307a\364\226=\"\021s\201\256c\003\247\306\235X\027"
 181      3D221173 
 181      81AE6303 
 181      A7C69D58 
 181      17
 182 011f 41345424 		.ascii	"A4T$9a\201~\355\310\213\351\266\363\312\023\331\243"
 182      3961817E 
 182      EDC88BE9 
 182      B6F3CA13 
 182      D9A3
 183 0131 F99B0A9D 		.ascii	"\371\233\012\235@X\322\324\260s$\307\026\377\236\002"
 183      4058D2D4 
 183      B07324C7 
 183      16FF9E02 
 184 0141 7F88C94F 		.ascii	"\177\210\311O#Z]\355\221\032\232\303u\251w\235\241\351"
 184      235A5DED 
 184      911A9AC3 
 184      75A9779D 
 184      A1E9
ARM GAS  /tmp/ccoFwotl.s 			page 14


 185 0153 668FDE48 		.ascii	"f\217\336H\302B{\323d\2133\262\367\210\025\305\215b"
 185      C2427BD3 
 185      648B33B2 
 185      F78815C5 
 185      8D62
 186 0165 A649B45B 		.ascii	"\246I\264[\251B\247\220;:\211\334U\250\024y\020\313"
 186      A942A790 
 186      3B3A89DC 
 186      55A81479 
 186      10CB
 187 0177 45C84B85 		.ascii	"E\310K\205\012\241\3638t~G\314\225_\331\375\207=#\242"
 187      0AA1F338 
 187      747E47CC 
 187      955FD9FD 
 187      873D23A2 
 188 018b F8062A41 		.ascii	"\370\006*A\366\250\030a\212\201\305\275e\317\010\034"
 188      F6A81861 
 188      8A81C5BD 
 188      65CF081C 
 189 019b CA49C89A 		.ascii	"\312I\310\232\203/!\302@(\335\333}A\260f\343\214U\033"
 189      832F21C2 
 189      4028DDDB 
 189      7D41B066 
 189      E38C551B 
 190 01af 374B1654 		.ascii	"7K\026Tm\022E\001\225\201\215\323\026\033`\222\274\240"
 190      6D124501 
 190      95818DD3 
 190      161B6092 
 190      BCA0
 191 01c1 170C9554 		.ascii	"\027\014\225T\224\235uhG\255\010\366\001\232K\327\217"
 191      949D7568 
 191      47AD08F6 
 191      019A4BD7 
 191      8F
 192 01d2 10FB8437 		.ascii	"\020\373\2047\021\332\236\226\036\304\372\241W`/\016"
 192      11DA9E96 
 192      1EC4FAA1 
 192      57602F0E 
 193 01e2 250D690A 		.ascii	"%\015i\0122\367\010\\\207 \351\245\377\270\002$\327"
 193      32F7085C 
 193      8720E9A5 
 193      FFB80224 
 193      D7
 194 01f3 CAC69939 		.ascii	"\312\306\2319\351aQg_d\363X\227`1&\233\362\002W\225"
 194      E9615167 
 194      5F64F358 
 194      97603126 
 194      9BF20257 
 195 0208 79D84CCA 		.ascii	"y\330L\312\262H\304\303\3358\260\355\250c\007j\203Q"
 195      B248C4C3 
 195      DD38B0ED 
 195      A863076A 
 195      8351
 196 021a D8CEF19A 		.ascii	"\330\316\361\232P\032\370\275\327;\263\005\\\317\266"
 196      501AF8BD 
 196      D73BB305 
 196      5CCFB6
ARM GAS  /tmp/ccoFwotl.s 			page 15


 197 0229 CBC58327 		.ascii	"\313\305\203'*\220Z`~Caj\322W;v\340\254\332\334W\211"
 197      2A905A60 
 197      7E43616A 
 197      D2573B76 
 197      E0ACDADC 
 198 023f 68E785E9 		.ascii	"h\347\205\351\261r\027\266]\004\262\223\206.\247;\260"
 198      B17217B6 
 198      5D04B293 
 198      862EA73B 
 198      B0
 199 0250 ED3297EC 		.ascii	"\3552\227\354\2363m\311\302\374d\022\237x\2238W@\237"
 199      9E336DC9 
 199      C2FC6412 
 199      9F789338 
 199      57409F
 200 0263 FD145D80 		.ascii	"\375\024]\200\250\235\207\250\251P\025\232\017\237\347"
 200      A89D87A8 
 200      A950159A 
 200      0F9FE7
 201 0272 909AD12A 		.ascii	"\220\232\321*\210{\266Y\263 S\314\354\020\313\247\233"
 201      887BB659 
 201      B32053CC 
 201      EC10CBA7 
 201      9B
 202 0283 17F6168A 		.ascii	"\027\366\026\212\"\304ST\023\034\252\260\004\264\202"
 202      22C45354 
 202      131CAAB0 
 202      04B482
 203 0292 6C5C548E 		.ascii	"l\\T\216:\020:\213\332a\021\027\321\002\262\252\266"
 203      3A103A8B 
 203      DA611117 
 203      D102B2AA 
 203      B6
 204 02a3 B2214C76 		.ascii	"\262!Lv\2565\376)\327\262J\234\254\222\251\241d.Id\246"
 204      AE35FE29 
 204      D7B24A9C 
 204      AC92A9A1 
 204      642E4964 
 205 02b8 9B2AFA9C 		.ascii	"\233*\372\2349\231\376\371\251b\371F\221\354-@\241j"
 205      3999FEF9 
 205      A962F946 
 205      91EC2D40 
 205      A16A
 206 02ca 0B956A25 		.ascii	"\013\225j%\225ZJ\245\340\351}\023\306\351\214JbLB\222"
 206      955A4AA5 
 206      E0E97D13 
 206      C6E98C4A 
 206      624C4292 
 207 02de 1DD754F3 		.ascii	"\035\327T\363\272Y\023Y\324e\213\246\313JMuTS\331\201"
 207      BA591359 
 207      D4658BA6 
 207      CB4A4D75 
 207      5453D981 
 208 02f2 143F5CC2 		.ascii	"\024?\\\302\024\015\237\216\376\253\304\350\3473\030"
 208      140D9F8E 
 208      FEABC4E8 
 208      E73318
ARM GAS  /tmp/ccoFwotl.s 			page 16


 209 0301 D55BF4D4 		.ascii	"\325[\364\324+\365\\\241z\362\0323J\035Y\230Dw\242\253"
 209      2BF55CA1 
 209      7AF21A33 
 209      4A1D5998 
 209      4477A2AB 
 210 0315 6273216F 		.ascii	"bs!o\017\331B;\351\310\335b\304\332\361n\320\356k<\220"
 210      0FD9423B 
 210      E9C8DD62 
 210      C4DAF16E 
 210      D0EE6B3C 
 211 032a EAC4E228 		.ascii	"\352\304\342(\356C\320\221>5\025\243\306\265\214\311"
 211      EE43D091 
 211      3E3515A3 
 211      C6B58CC9 
 212 033a 9D1BCF6B 		.ascii	"\235\033\317ky\2160\331\220\235\321\335\362\215\223"
 212      798E30D9 
 212      909DD1DD 
 212      F28D93
 213 0349 7D2CF12C 		.ascii	"},\361,=\257d@:\261*t\203\034@\244uG\215\320\004tnr"
 213      3DAF6440 
 213      3AB12A74 
 213      831C40A4 
 213      75478DD0 
 214 0361 D609EC1A 		.ascii	"\326\011\354\032O\343 \212\357\251i\210\256\001\274"
 214      4FE3208A 
 214      EFA96988 
 214      AE01BC
 215 0370 81C26F22 		.ascii	"\201\302o\"Wi\022Aw\355\357\312\264\343\314\347@\373"
 215      57691241 
 215      77EDEFCA 
 215      B4E3CCE7 
 215      40FB
 216 0382 EB84CE6C 		.ascii	"\353\204\316lg\316\234\020\273\232\260-Q\315\231\222"
 216      67CE9C10 
 216      BB9AB02D 
 216      51CD9992 
 217 0392 14B8E366 		.ascii	"\024\270\343f\302\037q#\343y\253 1\337\206a\037\022"
 217      C21F7123 
 217      E379AB20 
 217      31DF8661 
 217      1F12
 218 03a4 6C49EA8D 		.ascii	"lI\352\215T\007\253<[%\236-\214\347\261M]\20740\333"
 218      5407AB3C 
 218      5B259E2D 
 218      8CE7B14D 
 218      5D873430 
 219 03b9 1DF22B92 		.ascii	"\035\362+\222%Ww\226\\\013\313G\217\250\361-jI(8\322"
 219      25577796 
 219      5C0BCB47 
 219      8FA8F12D 
 219      6A492838 
 220 03ce F515F2B0 		.ascii	"\365\025\362\260\227\262\235\327\246\315$6\235\260\260"
 220      97B29DD7 
 220      A6CD2436 
 220      9DB0B0
 221 03dd 0E4B6CDC 		.ascii	"\016Kl\334\311\222hV\023\263E<_\205\226\272\243E\220"
 221      C9926856 
ARM GAS  /tmp/ccoFwotl.s 			page 17


 221      13B3453C 
 221      5F8596BA 
 221      A34590
 222 03f0 D3EE404E 		.ascii	"\323\356@Ns\3479\255\035\350\2641\373\2072\016\236w"
 222      73E739AD 
 222      1DE8B431 
 222      FB87320E 
 222      9E77
 223 0402 C29DCC40 		.ascii	"\302\235\314@\333\221\207\365\330l\001r\335q\232\353"
 223      DB9187F5 
 223      D86C0172 
 223      DD719AEB 
 224 0412 BAC1C25D 		.ascii	"\272\301\302]\213\205Nd\305D\327\354&\032\333\223\233"
 224      8B854E64 
 224      C544D7EC 
 224      261ADB93 
 224      9B
 225 0423 1D2CA140 		.ascii	"\035,\241@T\337m\030o\242\036\351\241\241h\225B\261"
 225      54DF6D18 
 225      6FA21EE9 
 225      A1A16895 
 225      42B1
 226 0435 F1FC96FB 		.ascii	"\361\374\226\373\210\270\317\364j\332w_\030\177\250"
 226      88B8CFF4 
 226      6ADA775F 
 226      187FA8
 227 0444 966BEF7D 		.ascii	"\226k\357}\231\366\242\366\244-|Kf\222\233\247\244u"
 227      99F6A2F6 
 227      A42D7C4B 
 227      66929BA7 
 227      A475
 228 0456 B8DC81B5 		.ascii	"\270\334\201\265;\210\373\307\007v7jx\240\235\241}n"
 228      3B88FBC7 
 228      0776376A 
 228      78A09DA1 
 228      7D6E
 229 0468 346DD811 		.ascii	"4m\330\021\367\263HW6\227\305\362H/\203\346\345\035"
 229      F7B34857 
 229      3697C5F2 
 229      482F83E6 
 229      E51D
 230 047a A7BAAD6F 		.ascii	"\247\272\255o\310A)\320\017\030\317\347\231i7\004\345"
 230      C84129D0 
 230      0F18CFE7 
 230      99693704 
 230      E5
 231 048b 86BC0FF0 		.ascii	"\206\274\017\360~\012\177Hy\016J<S\036\214\277\316\367"
 231      7E0A7F48 
 231      790E4A3C 
 231      531E8CBF 
 231      CEF7
 232 049d A3FC8274 		.ascii	"\243\374\202t\245\027$:\332w6\315\236\263$\011\361\334"
 232      A517243A 
 232      DA7736CD 
 232      9EB32409 
 232      F1DC
 233 04af B5BDB9B6 		.ascii	"\265\275\271\266\370\021c\371h\353\2461~n\310\241\353"
ARM GAS  /tmp/ccoFwotl.s 			page 18


 233      F81163F9 
 233      68EBA631 
 233      7E6EC8A1 
 233      EB
 234 04c0 AA19F9DE 		.ascii	"\252\031\371\336\331*\313\307\022\313G\214eZ\377\350"
 234      D92ACBC7 
 234      12CB478C 
 234      655AFFE8 
 235 04d0 B4B392E5 		.ascii	"\264\263\222\345\010\300\207)\374\011e\371Xb\271\273"
 235      08C08729 
 235      FC0965F9 
 235      5862B9BB 
 236 04e0 A1C09785 		.ascii	"\241\300\227\205\352UnP\230p\355\314\304\025\027\271"
 236      EA556E50 
 236      9870EDCC 
 236      C41517B9 
 237 04f0 FAB197A9 		.ascii	"\372\261\227\251\037+\232l\346\253\316\304dk\2246%\360"
 237      1F2B9A6C 
 237      E6ABCEC4 
 237      646B9436 
 237      25F0
 238 0502 6BA0437E 		.ascii	"k\240C~j\335\370\251\215\356\313\337\214\3618s\303h"
 238      6ADDF8A9 
 238      8DEECBDF 
 238      8CF13873 
 238      C368
 239 0514 CAA62D1A 		.ascii	"\312\246-\032\006~\015\232\373\216\015\016h\254\272"
 239      067E0D9A 
 239      FB8E0D0E 
 239      68ACBA
 240 0523 E1B9E486 		.ascii	"\341\271\344\206g\214\347\263\312\366,\027\245\033&"
 240      678CE7B3 
 240      CAF62C17 
 240      A51B26
 241 0532 013E41E1 		.ascii	"\001>A\341\323\224\347s\211ga\331\360~){\020\236\335"
 241      D394E773 
 241      896761D9 
 241      F07E297B 
 241      109EDD
 242 0545 B99DD9F6 		.ascii	"\271\235\331\366\330\244\246<\016\227\307U\363pd\222"
 242      D8A4A63C 
 242      0E97C755 
 242      F3706492 
 243 0555 584DEF1D 		.ascii	"XM\357\035Jw\304\261lP\012\244+\017\344\225{E\005\002"
 243      4A77C4B1 
 243      6C500AA4 
 243      2B0FE495 
 243      7B450502 
 244 0569 DEC5069F 		.ascii	"\336\305\006\237\265\307\307\333\362\231do\26675\026"
 244      B5C7C7DB 
 244      F299646F 
 244      B6373516 
 245 0579 38E21436 		.ascii	"8\342\0246X\324s\251J\232I\006\267\034\353\214\263\301"
 245      58D473A9 
 245      4A9A4906 
 245      B71CEB8C 
 245      B3C1
ARM GAS  /tmp/ccoFwotl.s 			page 19


 246 058b 996CF04E 		.ascii	"\231l\360Nk\357Vg\274\2375.Vm\374\012\037c\337k\357"
 246      6BEF5667 
 246      BC9F352E 
 246      566DFC0A 
 246      1F63DF6B 
 247 05a0 C6BCCD26 		.ascii	"\306\274\315&\305\220\004}!\247 \0033\007f\322\355\177"
 247      C590047D 
 247      21A72003 
 247      330766D2 
 247      ED7F
 248 05b2 BC62ABC9 		.ascii	"\274b\253\311\005\027R\260K\373\204\251\335\021-d\317"
 248      051752B0 
 248      4BFB84A9 
 248      DD112D64 
 248      CF
 249 05c3 BC851EF4 		.ascii	"\274\205\036\364\235%\306DC\362\331\211\017\347\326"
 249      9D25C644 
 249      43F2D989 
 249      0FE7D6
 250 05d2 802B2B11 		.ascii	"\200++\021z\212\\Q\234\200Q\2620\317\034Jp%8h1\251e"
 250      7A8A5C51 
 250      9C8051B2 
 250      30CF1C4A 
 250      70253868 
 251 05e9 D984CE4F 		.ascii	"\331\204\316O\340#\032R>\200\233\021\003K\207\024\335"
 251      E0231A52 
 251      3E809B11 
 251      034B8714 
 251      DD
 252 05fa 423234C9 		.ascii	"B24\311<5\004\035\203\211\237\321\024GK\336G\343H\241"
 252      3C35041D 
 252      83899FD1 
 252      14474BDE 
 252      47E348A1 
 253 060e BB81A309 		.ascii	"\273\201\243\011\221Q\244 2\244Dw~lAoQ\322\216\025\024"
 253      9151A420 
 253      32A44477 
 253      7E6C416F 
 253      51D28E15 
 254 0623 4C263EB6 		.ascii	"L&>\26601\011\012&\033\345\350\030\223X>\362I*E\223"
 254      3031090A 
 254      261BE5E8 
 254      1893583E 
 254      F2492A45 
 255 0638 5DBD83A3 		.ascii	"]\275\203\243\315G\342\252\205I\002\337X\"\024\002h"
 255      CD47E2AA 
 255      854902DF 
 255      58221402 
 255      68
 256 0649 BBE08EB6 		.ascii	"\273\340\216\266QM\004\016'\006\355\026<\320Na!J\005"
 256      514D040E 
 256      2706ED16 
 256      3CD04E61 
 256      214A05
 257 065c 49044901 		.ascii	"I\004I\001I\007I\002I\003I\000\331\005\262\027$\036"
 257      49074902 
 257      49034900 
ARM GAS  /tmp/ccoFwotl.s 			page 20


 257      D905B217 
 257      241E
 258 066e 640FC837 		.ascii	"d\017\3107\302BZ\2031\332\3752\332\233\225\264\277\266"
 258      C2425A83 
 258      31DAFD32 
 258      DA9B95B4 
 258      BFB6
 259 0680 D06689BE 		.ascii	"\320f\211\276\352\266k4p!(\025O\362\026U\203\315\256"
 259      EAB66B34 
 259      70212815 
 259      4FF21655 
 259      83CDAE
 260 0693 BB44B17A 		.ascii	"\273D\261z\021\2712\321u\356^\351\"E?(Cw[fy\253\322"
 260      11B932D1 
 260      75EE5EE9 
 260      22453F28 
 260      43775B66 
 261 06aa F2F00B68 		.ascii	"\362\360\013h\036:\310~h\200\353\226r\"\272\247\014"
 261      1E3AC87E 
 261      6880EB96 
 261      7222BAA7 
 261      0C
 262 06bb 5DA52CD0 		.ascii	"]\245,\320\321\312\320\211\202\002=\"\013\364&%:\306"
 262      D1CAD089 
 262      82023D22 
 262      0BF42625 
 262      3AC6
 263 06cd 8226B9F9 		.ascii	"\202&\271\371F\373y\204\357\322m/l\234((\262A\363<f"
 263      46FB7984 
 263      EFD26D2F 
 263      6C9C2828 
 263      B241F33C 
 264 06e2 0D129C61 		.ascii	"\015\022\234a\217\377K\234\230\347\2377k\340w\022\312"
 264      8FFF4B9C 
 264      98E79F37 
 264      6BE07712 
 264      CA
 265 06f3 0085DF0A 		.ascii	"\000\205\337\012\346\013\226\304\201\362\332\322;Q\213"
 265      E60B96C4 
 265      81F2DAD2 
 265      3B518B
 266 0702 1DB79A7F 		.ascii	"\035\267\232\177\242P\240%k\355\023\034i\331\015oR}"
 266      A250A025 
 266      6BED131C 
 266      69D90D6F 
 266      527D
 267 0714 D55D6CE1 		.ascii	"\325]l\341\211&\226\234\345\351{M\331<+\015\321\312"
 267      8926969C 
 267      E5E97B4D 
 267      D93C2B0D 
 267      D1CA
 268 0726 6E2ABD98 		.ascii	"n*\275\230\267\335d\331\305\215g\227\201\335q&\027\253"
 268      B7DD64D9 
 268      C58D6797 
 268      81DD7126 
 268      17AB
 269 0738 09F23B81 		.ascii	"\011\362;\201'\310\223,A^o\355NvT&\310\375\340\244\034"
ARM GAS  /tmp/ccoFwotl.s 			page 21


 269      27C8932C 
 269      415E6FED 
 269      4E765426 
 269      C8FDE0A4 
 270 074d EAD80382 		.ascii	"\352\330\003\202\2534\211\240O4\334|b\207\037\260\034"
 270      AB3489A0 
 270      4F34DC7C 
 270      62871FB0 
 270      1C
 271 075e D494BC75 		.ascii	"\324\224\274u\300F\2725b_\345\326\310\351)xh'7vHx\211"
 271      C046BA35 
 271      625FE5D6 
 271      C8E92978 
 271      68273776 
 272 0775 B16B3DFB 		.ascii	"\261k=\373b\370\025\177U%\373\265\340\312~-H\211\323"
 272      62F8157F 
 272      5525FBB5 
 272      E0CA7E2D 
 272      4889D3
 273 0788 8D27CED2 		.ascii	"\215'\316\322\252\206K\010\2170n\225#\371\007\370\\"
 273      AA864B08 
 273      8F306E95 
 273      23F907F8 
 273      5C
 274 0799 92C83BE2 		.ascii	"\222\310;\342\317M[\367I\276\344\223c\002\245\3718>"
 274      CF4D5BF7 
 274      49BEE493 
 274      6302A5F9 
 274      383E
 275 07ab 7F85D225 		.ascii	"\177\205\322%G\200e\036eY@Y\346K,\367\244\367\037\025"
 275      4780651E 
 275      65594059 
 275      E64B2CF7 
 275      A4F71F15 
 276 07bf 946BB28A 		.ascii	"\224k\262\212\216\273p\242\212\307\266\232\264{\236"
 276      8EBB70A2 
 276      8AC7B69A 
 276      B47B9E
 277 07ce 1FAF     		.ascii	"\037\257"
 278 07d0 B1C5638C 		.ascii	"\261\305c\214t\342\256\2475\032<\311\032\305\203\271"
 278      74E2AEA7 
 278      351A3CC9 
 278      1AC583B9 
 279 07e0 C54E0C59 		.ascii	"\305N\014YN\332\251\245\217jx\315\242\221\015\273\361"
 279      4EDAA9A5 
 279      8F6A78CD 
 279      A2910DBB 
 279      F1
 280 07f1 E1D1DCA1 		.ascii	"\341\321\334\241\375s\3604\233\23304\2228\307\352rK"
 280      FD73F034 
 280      9B9B3034 
 280      9238C7EA 
 280      724B
 281 0803 A4E52EA2 		.ascii	"\244\345.\242\253->\221\375P\243\\\356IX@1]@)]@\211"
 281      AB2D3E91 
 281      FD50A35C 
 281      EE495840 
ARM GAS  /tmp/ccoFwotl.s 			page 22


 281      315D4029 
 282 081a B480D2E8 		.ascii	"\264\200\322\350\234F\254\\\256U\364\301\236\264\035"
 282      9C46AC5C 
 282      AE55F4C1 
 282      9EB41D
 283 0829 3C0CEF92 		.ascii	"<\014\357\2222c|_\277\0236\331P\222\017\006\247\216"
 283      32637C5F 
 283      BF1336D9 
 283      50920F06 
 283      A78E
 284 083b 39E358D6 		.ascii	"9\343X\326(->]\305W\267\210\024\375y\025\365\016x;\033"
 284      282D3E5D 
 284      C557B788 
 284      14FD7915 
 284      F50E783B 
 285 0850 9B8ACF38 		.ascii	"\233\212\3178n\207\023Yc\357h\353=\276\371=H\234\263"
 285      6E871359 
 285      63EF68EB 
 285      3DBEF93D 
 285      489CB3
 286 0863 BFDD6587 		.ascii	"\277\335e\207w\263\261\351\370\330=\2668\2355\222\352"
 286      77B3B1E9 
 286      F8D83DB6 
 286      389D3592 
 286      EA
 287 0874 93B21D70 		.ascii	"\223\262\035p\026k\014\306tw\360\2553\037\232\223}I"
 287      166B0CC6 
 287      7477F0AD 
 287      331F9A93 
 287      7D49
 288 0886 4DFCF78B 		.ascii	"M\374\367\213\243\254\034q\343\345\310\321';R\034\360"
 288      A3AC1C71 
 288      E3E5C8D1 
 288      273B521C 
 288      F0
 289 0897 4136F566 		.ascii	"A6\365fS\314)\216u\200\246)\357L\221\215U\327^\226\\"
 289      53CC298E 
 289      7580A629 
 289      EF4C918D 
 289      55D75E96 
 290 08ac 5BCB76D2 		.ascii	"[\313v\322\366\2439g\347(+\346K\340\255j\352\255:\352"
 290      F6A33967 
 290      E7282BE6 
 290      4BE0AD6A 
 290      EAAD3AEA 
 291 08c0 ADCB92B7 		.ascii	"\255\313\222\267\352{\342\2568(+`\253\350\262\206\226"
 291      EA7BE2AE 
 291      38282B60 
 291      ABE8B286 
 291      96
 292 08d1 F7701E23 		.ascii	"\367p\036#\371\270\276\345\016\302\371\254\021S{\351"
 292      F9B8BEE5 
 292      0EC2F9AC 
 292      11537BE9 
 293 08e1 802D2E64 		.ascii	"\200-.d\215\201Cu\325sp\011kt\365L\234\304\370,k|7\220"
 293      8D814375 
 293      D5737009 
ARM GAS  /tmp/ccoFwotl.s 			page 23


 293      6B74F54C 
 293      9CC4F82C 
 294 08f9 B5DD0E9F 		.ascii	"\265\335\016\237\347s\272\006\353\271\203\266\221\303"
 294      E773BA06 
 294      EBB983B6 
 294      91C3
 295 0907 34395474 		.ascii	"49Tt]r\011\331n\375\217\273\2475\270\206\202_+h\270"
 295      5D7209D9 
 295      6EFD8FBB 
 295      A735B886 
 295      825F2B68 
 296 091c 9C698768 		.ascii	"\234i\207h-ay<\370;KL\202t\335\326\307/\233\357\005"
 296      2D61793C 
 296      F83B4B4C 
 296      8274DDD6 
 296      C72F9BEF 
 297 0931 57741432 		.ascii	"Wt\0242b3$<\351T\240\\e\212\257\324\263\252\242\036"
 297      6233243C 
 297      E954A05C 
 297      658AAFD4 
 297      B3AAA21E 
 298 0945 D0351C2D 		.ascii	"\3205\034--\034]\224\243\223\340vn\010b\2673\331z\205"
 298      2D1C5D94 
 298      A393E076 
 298      6E0862B7 
 298      33D97A85 
 299 0959 1C6D4E3D 		.ascii	"\034mN=\307)\372\024z\341z\276\001\372\032\351`3O\373"
 299      C729FA14 
 299      7AE17ABE 
 299      01FA1AE9 
 299      60334FFB 
 300 096d BD90F6FB 		.ascii	"\275\220\366\373!\225\267\201\364\201<\000\351\000\271"
 300      2195B781 
 300      F4813C00 
 300      E900B9
 301 097c 03D20472 		.ascii	"\003\322\004r\017\344>H\027H\017H7H\013\310\000\310"
 301      0FE43E48 
 301      17480F48 
 301      37480BC8 
 301      00C8
 302 098e 20483BC8 		.ascii	" H;\310m\220[ \255 wA:\315\3277\255#\364\226:\342\254"
 302      6D905B20 
 302      AD207741 
 302      3ACDD737 
 302      AD23F496 
 303 09a5 9269D98C 		.ascii	"\222i\331\214u\221\212&\210]t\207\301\013\0079Z\312"
 303      75918A26 
 303      885D7487 
 303      C10B0739 
 303      5ACA
 304 09b7 8EBC6095 		.ascii	"\216\274`\225\325(\267?\265\350\276\246\324\255\265"
 304      D528B73F 
 304      B5E8BEA6 
 304      D4ADB5
 305 09c6 3881F9AC 		.ascii	"8\201\371\254F\346\263\023\263\373L^\377\310t_U\242"
 305      46E6B313 
 305      B3FB4C5E 
ARM GAS  /tmp/ccoFwotl.s 			page 24


 305      FFC8745F 
 305      55A2
 306 09d8 F394E809 		.ascii	"\363\224\350\011\031\372\312\354h\211\012U\036d\201"
 306      19FACAEC 
 306      68890A55 
 306      1E6481
 307 09e7 DF54C2B3 		.ascii	"\337T\302\263\224\205[?w\012\\\016\264\016\231\341\224"
 307      94855B3F 
 307      770A5C0E 
 307      B40E99E1 
 307      94
 308 09f8 EC1794DF 		.ascii	"\354\027\224\337\226y\374\274R\371\271\027\340\3752"
 308      9679FCBC 
 308      52F9B917 
 308      E0FD32
 309 0a07 7885125E 		.ascii	"x\205\022^\376\002\274S\006\257\234\035./\307\332X9"
 309      FE02BC53 
 309      06AF9C1D 
 309      2E2FC7DA 
 309      5839
 310 0a19 D6AC2CC7 		.ascii	"\326\254,\307\210\252\2366\327,\0239!DW\203RW\261\322"
 310      88AA9E36 
 310      D72C1339 
 310      21445783 
 310      5257B1D2 
 311 0a2d C73532CB 		.ascii	"\30752\313UJ4+\307\344\341n\370\324\022\356\353\263"
 311      554A342B 
 311      C7E4E16E 
 311      F8D412EE 
 311      EBB3
 312 0a3f 6E0E99EE 		.ascii	"n\016\231\356\006\231\356\013\263\373L\036m\031\372"
 312      0699EE0B 
 312      B3FB4C1E 
 312      6D19FA
 313 0a4e CCEC7B7A 		.ascii	"\314\354{z\206\207e\233\343\207\331\227i&N2\001\017"
 313      8687659B 
 313      E387D997 
 313      69264E32 
 313      010F
 314 0a60 F76908F7 		.ascii	"\367i\010\367)\016\227\256\027T4\243\330\253o\377\246"
 314      290E97AE 
 314      175434A3 
 314      D8AB6FFF 
 314      A6
 315 0a71 5E8DAFD2 		.ascii	"^\215\257\322\234$\264\336+\214sP\026{\322\221G\303"
 315      9C24B4DE 
 315      2B8C7350 
 315      167BD291 
 315      47C3
 316 0a83 70D27F8C 		.ascii	"p\322\177\214S\317\213\301\2769\244\030\034\002\203"
 316      53CF8BC1 
 316      BE39A418 
 316      1C0283
 317 0a92 0F2DC560 		.ascii	"\017-\305`\263T\014f\367t\236S\313\213\301\241\031\305"
 317      B3540C66 
 317      F7749E53 
 317      CB8BC1A1 
ARM GAS  /tmp/ccoFwotl.s 			page 25


 317      19C5
 318 0aa4 E0082F06 		.ascii	"\340\010/\006Gh1\330\233\363m\2333nbY:\253\257\356\022"
 318      476831D8 
 318      9BF36D9B 
 318      336E6259 
 318      3AABAFEE 
 319 0ab9 BF257F41 		.ascii	"\277%\177A\376\036\2238\260\003\261$\335G\222\366\276"
 319      FE1E9338 
 319      B003B124 
 319      DD4792F6 
 319      BE
 320 0aca BAD1647B 		.ascii	"\272\321d{\334\313\260'\313\036,aP\362\003\2615\256"
 320      DCCBB027 
 320      CB1E2C61 
 320      50F203B1 
 320      35AE
 321 0adc A51959BD 		.ascii	"\245\031Y\275\266\236J\327\326\030\273\266\032\237\226"
 321      B69E4AD7 
 321      D618BBB6 
 321      1A9F96
 322 0aeb 4D38E221 		.ascii	"M8\342!\252H\235g:<\244F\036\356\010\340\210\375E\211"
 322      AA489D67 
 322      3A3CA446 
 322      1EEE08E0 
 322      88FD4589 
 323 0aff FC9F800A 		.ascii	"\374\237\200\012=\203\2755.`\351\377\030REP?\364\037"
 323      3D83BD35 
 323      2E60E9FF 
 323      18524550 
 323      3FF41F
 324 0b12 D20DDF35 		.ascii	"\322\015\3375\364=\313\337\226&\300\375\317\250\275"
 324      F43DCBDF 
 324      9626C0FD 
 324      CFA8BD
 325 0b21 2988CE24 		.ascii	")\210\316$3\230\221q\346\006\222\337|D\367c\030\177"
 325      33989171 
 325      E60692DF 
 325      7C44F763 
 325      187F
 326 0b33 4423FE9C 		.ascii	"D#\376\234\336|O\245\233\257 \255z\334\316\236\353\216"
 326      DE7C4FA5 
 326      9BAF20AD 
 326      7ADCCE9E 
 326      EB8E
 327 0b45 FD5FBA73 		.ascii	"\375_\272sGr\246f\334\252\323/\323\375\354TF\227\343"
 327      4772A666 
 327      DCAAD32F 
 327      D3FDEC54 
 327      4697E3
 328 0b58 9BD9E2D5 		.ascii	"\233\331\342\325r\261|\262\371\355\324\215\345\242\351"
 328      72B17CB2 
 328      F9EDD48D 
 328      E5A2E9
 329 0b67 3D246257 		.ascii	"=$bW\364\004BY\207\026\310\246\216B\317\247\202\012"
 329      F4044259 
 329      8716C8A6 
 329      8E42CFA7 
ARM GAS  /tmp/ccoFwotl.s 			page 26


 329      820A
 330 0b79 45E33755 		.ascii	"E\3437U\277\361\362\322\262\177\341\221\332\240\300"
 330      BFF1F2D2 
 330      B27FE191 
 330      DAA0C0
 331 0b88 10EDBAF0 		.ascii	"\020\355\272\360\210\250H\255!<44<L\353\255[\345\263"
 331      88A848AD 
 331      213C3434 
 331      3C4CEBAD 
 331      5BE5B3
 332 0b9b EA5FDAB0 		.ascii	"\352_\332\260\177\006\033\274\014\232?}\360\341\033"
 332      7F061BBC 
 332      0C9A3F7D 
 332      F0E11B
 333 0baa 3E8B17AB 		.ascii	">\213\027\253\354\365\372\365\301aQK\227\350\243\276"
 333      ECF5FAF5 
 333      C161514B 
 333      97E8A3BE 
 334 0bba 46DAA0F0 		.ascii	"F\332\240\360P\2436\320\020i\364\014\011\374\\\273<"
 334      50A336D0 
 334      1069F40C 
 334      09FC5CBB 
 334      3C
 335 0bcb DCB03ED4 		.ascii	"\334\260>\324\030\006*V\033\003C\377\254\3655\204\004"
 335      18062A56 
 335      1B0343FF 
 335      ACF53584 
 335      04
 336 0bdc AF8B34EA 		.ascii	"\257\2134\352\215\236\353\326\033\376\276D\273:<<$R"
 336      8D9EEBD6 
 336      1BFEBE44 
 336      BB3A3C3C 
 336      2452
 337 0bee FBA5C1E0 		.ascii	"\373\245\301\340\031\030\021\352\031\026\036f\3644\006"
 337      191811EA 
 337      19161E66 
 337      F43406
 338 0bfd 7E1EECB9 		.ascii	"~\036\354\271\314s\311\242\305\313<\377\361\216gh\340"
 338      CC73C9A2 
 338      C5CB3CFF 
 338      F18E6768 
 338      E0
 339 0c0e 57E111DA 		.ascii	"W\341\021\332\031\243\332\3400C\310\372\265Fmh\240!"
 339      19A3DAE0 
 339      3043C8FA 
 339      B5466D68 
 339      A021
 340 0c20 2838CCA8 		.ascii	"(8\314\250\325\2575~\021\270>$J\037\265a\2351\322+H"
 340      D5AF357E 
 340      11B83E24 
 340      4A1FB561 
 340      9D31D22B 
 341 0c35 A59108FD 		.ascii	"\245\221\010\375\373G\345\023\271!R\253\217\214Z\013"
 341      FB47E513 
 341      B92152AB 
 341      8F8C5A0B 
 342 0c45 C681C45C 		.ascii	"\306\201\304\\\342'\337\260\300\317C\214k\214\206\250"
ARM GAS  /tmp/ccoFwotl.s 			page 27


 342      E227DFB0 
 342      C0CF438C 
 342      6B8C86A8 
 343 0c55 F088DFBE 		.ascii	"\360\210\337\276\272sU?!\357\345\301\221\226\331\356"
 343      BA73553F 
 343      21EFE5C1 
 343      9196D9EE 
 344 0c65 A427C018 		.ascii	"\244'\300\030\025\260!2\312\030\27220lm\2101\302?\""
 344      15B02132 
 344      CA18BA32 
 344      306C6D88 
 344      31C23F22 
 345 0c79 383C2238 		.ascii	"8<\"8j\003\265\345\023b\014\214\3607\206\201\375/\355"
 345      6A03B5E5 
 345      13620C8C 
 345      F0378681 
 345      FD2FED
 346 0c8c 74BE01BE 		.ascii	"t\276\001\276\2725\276\313\177'\370\371\333\261\010"
 346      BA35BECB 
 346      7F27F8F9 
 346      DBB108
 347 0c9b BDAB8FB2 		.ascii	"\275\253\217\262\345o\363\360;j?\357\367u\346\346R\265"
 347      E56FF3F0 
 347      3B6A3FEF 
 347      F775E6E6 
 347      52B5
 348 0cad 9F8FBFA5 		.ascii	"\237\217\277\245\271D\355\027\340\257\323\350Xk1\014"
 348      B944ED17 
 348      E0AFD3E8 
 348      586B310C 
 349 0cbd FA5A0617 		.ascii	"\372Z\006\027\301\240\257N\035\260\332O\367k\371\312"
 349      C1A0AF4E 
 349      1DB0DA4F 
 349      F76BF9CA 
 350 0ccd 8CFF8AD2 		.ascii	"\214\377\212\322\372\254\012\360\0130\373\305\020\036"
 350      FAAC0AF0 
 350      0B30FBC5 
 350      101E
 351 0cdb 61D41B42 		.ascii	"a\324\033B\337\001\247\330}\260\306\317G\277\032\342"
 351      DF01A7D8 
 351      7DB0C6CF 
 351      47BF1AE2 
 352 0ceb 04B3BD75 		.ascii	"\004\263\275u\352U\253V\350\260\367r\035^\016o\377\025"
 352      EA55AB56 
 352      E8B0F772 
 352      1D5E0E6F 
 352      FF15
 353 0cfd 3AB5F78A 		.ascii	":\265\367\212\000\235\372\375\025\336:\033\030\002\300"
 353      009DFAFD 
 353      15DE3A1B 
 353      1802C0
 354 0d0c 72D25E49 		.ascii	"r\322^I>|\340\303&`\245O\200\016\007\254\364\307>>\360"
 354      3E7CE0C3 
 354      2660A54F 
 354      800E07AC 
 354      F4C73E3E 
 355 0d21 F6D1D978 		.ascii	"\366\321\331x\373\351|t\3525\253\377\242\003z\200\360"
ARM GAS  /tmp/ccoFwotl.s 			page 28


 355      FBE97C74 
 355      EA35ABFF 
 355      A2037A80 
 355      F0
 356 0d32 F1FFD06F 		.ascii	"\361\377\320o9|z\373\3504\001>\357S[Nz\375\027\353\303"
 356      397C7AFB 
 356      E834013E 
 356      EF535B4E 
 356      7AFD17EB 
 357 0d47 0C7ABDD7 		.ascii	"\014z\275\327\262\245\357.\326H-\265!(0\342\277\371"
 357      B2A5EF2E 
 357      D6482DB5 
 357      212830E2 
 357      BFF9
 358 0d59 6A250D   		.ascii	"j%\015"
 359              		.text
 360              		.section	.gnu.lto_.symtab.c618b333322e9487,"",%progbits
 361 0000 6E766963 		.ascii	"nvicEnableVector\000"
 361      456E6162 
 361      6C655665 
 361      63746F72 
 361      00
 362 0011 00       		.ascii	"\000"
 363 0012 00       		.ascii	"\000"
 364 0013 00       		.ascii	"\000"
 365 0014 00000000 		.ascii	"\000\000\000\000\000\000\000\000"
 365      00000000 
 366 001c C7000000 		.ascii	"\307\000\000\000"
 367 0020 6E766963 		.ascii	"nvicDisableVector\000"
 367      44697361 
 367      626C6556 
 367      6563746F 
 367      7200
 368 0032 00       		.ascii	"\000"
 369 0033 00       		.ascii	"\000"
 370 0034 00       		.ascii	"\000"
 371 0035 00000000 		.ascii	"\000\000\000\000\000\000\000\000"
 371      00000000 
 372 003d CB000000 		.ascii	"\313\000\000\000"
 373 0041 6E766963 		.ascii	"nvicSetSystemHandlerPriority\000"
 373      53657453 
 373      79737465 
 373      6D48616E 
 373      646C6572 
 374 005e 00       		.ascii	"\000"
 375 005f 00       		.ascii	"\000"
 376 0060 00       		.ascii	"\000"
 377 0061 00000000 		.ascii	"\000\000\000\000\000\000\000\000"
 377      00000000 
 378 0069 CD000000 		.ascii	"\315\000\000\000"
 379 006d 6E766963 		.ascii	"nvicClearPending\000"
 379      436C6561 
 379      7250656E 
 379      64696E67 
 379      00
 380 007e 00       		.ascii	"\000"
 381 007f 00       		.ascii	"\000"
ARM GAS  /tmp/ccoFwotl.s 			page 29


 382 0080 00       		.ascii	"\000"
 383 0081 00000000 		.ascii	"\000\000\000\000\000\000\000\000"
 383      00000000 
 384 0089 CF000000 		.ascii	"\317\000\000\000"
 385              		.text
 386              		.section	.gnu.lto_.opts,"",%progbits
 387 0000 272D666D 		.ascii	"'-fmath-errno' '-fsigned-zeros' '-ftrapping-math' '"
 387      6174682D 
 387      6572726E 
 387      6F272027 
 387      2D667369 
 388 0033 2D666E6F 		.ascii	"-fno-trapv' '-fno-openmp' '-fno-openacc' '-mcpu=cor"
 388      2D747261 
 388      70762720 
 388      272D666E 
 388      6F2D6F70 
 389 0066 7465782D 		.ascii	"tex-m4' '-mno-thumb-interwork' '-mthumb' '-O2' '-fo"
 389      6D342720 
 389      272D6D6E 
 389      6F2D7468 
 389      756D622D 
 390 0099 6D69742D 		.ascii	"mit-frame-pointer' '-falign-functions=16' '-ffuncti"
 390      6672616D 
 390      652D706F 
 390      696E7465 
 390      72272027 
 391 00cc 6F6E2D73 		.ascii	"on-sections' '-fdata-sections' '-fno-common' '-flto"
 391      65637469 
 391      6F6E7327 
 391      20272D66 
 391      64617461 
 392 00ff 2700     		.ascii	"'\000"
 393              		.text
 394              		.comm	__gnu_lto_v1,1,1
 395              		.comm	__gnu_lto_slim,1,1
 396              		.ident	"GCC: (GNU Tools for Arm Embedded Processors 7-2017-q4-major) 7.2.1 20170904 (release) [ARM
ARM GAS  /tmp/ccoFwotl.s 			page 30


DEFINED SYMBOLS
                            *ABS*:0000000000000000 nvic.c
                            *COM*:0000000000000001 __gnu_lto_v1
                            *COM*:0000000000000001 __gnu_lto_slim

NO UNDEFINED SYMBOLS
