ARM GAS  /tmp/cc6dWDgj.s 			page 1


   1              		.cpu cortex-m4
   2              		.eabi_attribute 20, 1
   3              		.eabi_attribute 21, 1
   4              		.eabi_attribute 23, 3
   5              		.eabi_attribute 24, 1
   6              		.eabi_attribute 25, 1
   7              		.eabi_attribute 26, 1
   8              		.eabi_attribute 30, 2
   9              		.eabi_attribute 34, 1
  10              		.eabi_attribute 18, 4
  11              		.file	"chregistry.c"
  12              		.section	.gnu.lto_.profile.f7bceab6d3782352,"",%progbits
  13 0000 789C6363 		.ascii	"x\234cc```\001bF\006Y!\000\000\304\000;"
  13      60606001 
  13      62460659 
  13      210000C4 
  13      003B
  14              		.text
  15              		.section	.gnu.lto_.icf.f7bceab6d3782352,"",%progbits
  16 0000 789C6363 		.ascii	"x\234cc``\020a@\000f\206\277\307\256oaczxk\325*.\346"
  16      60601061 
  16      40006686 
  16      BFC7AE6F 
  16      61637A78 
  17 0019 9D93173F 		.ascii	"\235\223\027?`b\000\000hd\011a"
  17      60620000 
  17      68640961 
  18              		.text
  19              		.section	.gnu.lto_.jmpfuncs.f7bceab6d3782352,"",%progbits
  20 0000 789C6363 		.ascii	"x\234cc``Pd@\000&\020fdd\254\237\303\314\300\304T\011"
  20      60605064 
  20      40002610 
  20      666464AC 
  20      9FC3CCC0 
  21 0017 E4311E60 		.ascii	"\3441\036`ad\000\342\377@\300\317\300\000\000U\034\007"
  21      616400E2 
  21      FF40C0CF 
  21      C0000055 
  21      1C07
  22 0029 60       		.ascii	"`"
  23              		.text
  24              		.section	.gnu.lto_.inline.f7bceab6d3782352,"",%progbits
  25 0000 789C6363 		.ascii	"x\234cc``\320g@\000&\006\006N\016F\006&\236\007\261"
  25      6060D067 
  25      40002606 
  25      064E0E46 
  25      06269E07 
  26 0015 0C6C0BE4 		.ascii	"\014l\013\344\231 b\274\242@!\376E\305\014\354\035\352"
  26      992062BC 
  26      A24021FE 
  26      45C50CEC 
  26      1DEA
  27 0027 10216E06 		.ascii	"\020!n\006\006\306\011~\014\000\201m\005K"
  27      06C6097E 
  27      0C00816D 
  27      054B
  28              		.text
ARM GAS  /tmp/cc6dWDgj.s 			page 2


  29              		.section	.gnu.lto_.pureconst.f7bceab6d3782352,"",%progbits
  30 0000 789C6363 		.ascii	"x\234cc```\007b&\206]\214L\273\030\001\005\345\001\210"
  30      60606007 
  30      6226865D 
  30      8C4CBB18 
  30      0105E501 
  31              		.text
  32              		.section	.gnu.lto_chRegFirstThread.f7bceab6d3782352,"",%progbits
  33 0000 789C8553 		.ascii	"x\234\205S[oLQ\024\336\337\331\247\3231\203x\022A\230"
  33      5B6F4C51 
  33      14DEDFD9 
  33      A7D33183 
  33      78124198 
  34 0014 4626D144 		.ascii	"F&\321Dzx\222\210\027\2214\361\320\027\375\001\302\230"
  34      7A789288 
  34      179134F1 
  34      D017FD01 
  34      C298
  35 0026 5051D39C 		.ascii	"PQ\323\234\231\212>u\353\264\246.\011\241\035\312\320"
  35      998A3E75 
  35      EBB4A62E 
  35      09A11DCA 
  35      D0
  36 0037 A111F5E0 		.ascii	"\241\021\365\340>.\275\250QZu\251K\015*\025\241\245"
  36      3E2EBDA8 
  36      515A75A9 
  36      4B0D2A15 
  36      A1A5
  37 0049 B49A525E 		.ascii	"\264\232R^\324\245\254\275\317`L\023&3g\3169\353[k}"
  37      D4A5ACBD 
  37      CF604C13 
  37      263367CE 
  37      39EB5B6B 
  38 005e EBFBD6B6 		.ascii	"\353\373\326\2661\306\036\352\214\265\320\377\014\372"
  38      31C61EEA 
  38      8CB5D0FF 
  38      0CFA
  39 006c 813368BB 		.ascii	"\2013h\273\3562\266\331\256\001\362F\330\301J5\224b"
  39      EE32B6D9 
  39      AE01F246 
  39      D8C14A35 
  39      9462
  40 007e 07AFE278 		.ascii	"\007\257\342xP~:\302\267\363\010\301tz\034\351\334\337"
  40      507E3AC2 
  40      B7F308C1 
  40      747A1CE9 
  40      DCDF
  41 0090 37593E02 		.ascii	"7Y>\002.z\034\032n\217M\314>&D\231\210\357\015;\016"
  41      2E7A1C1A 
  41      6E8F4DCC 
  41      3E264499 
  41      88EF0D3B 
  42 00a5 C4EE8B09 		.ascii	"\304\356\213\011\021\256\2610\301c\230\211s\230){\234"
  42      11AEB130 
  42      C1639889 
  42      7398297B 
  42      9C
ARM GAS  /tmp/cc6dWDgj.s 			page 3


  43 00b6 473623F4 		.ascii	"G6#\364\365\327\337\272\234|\016\344\375\273\312\216"
  43      F5D7DFBA 
  43      9C7C0EE4 
  43      FDBBCA8E 
  44 00c6 6376779D 		.ascii	"cvw\235\312\354\257\237~8(:\204N\251\270\000\376w6\223"
  44      CAECAF9F 
  44      7E38283A 
  44      844EA9B8 
  44      00FE7736 
  45 00db F0DE3363 		.ascii	"\360\3363c\325\223l:.\302-\213S\315K\260\341w\240\\"
  45      D5936C3A 
  45      2EC22D8B 
  45      53CD4BB0 
  45      E177A05C 
  46 00ef D027FEFC 		.ascii	"\320'\376\374\270M\275\017s\244\34404\020\264\0216\226"
  46      B84DBD0F 
  46      73A4E430 
  46      3410B411 
  46      3696
  47 0101 06FFF46A 		.ascii	"\006\377\364jQ\006\223\20101\246\330\233\346P\002<W"
  47      51069381 
  47      3031A6D8 
  47      9BE65002 
  47      3C57
  48 0113 E50EF557 		.ascii	"\345\016\365W\306\365$\27575sG\273\337\012\261[ \302"
  48      C6F524BD 
  48      37357347 
  48      BBDF0AB1 
  48      5B20C2
  49 0126 399AFF41 		.ascii	"9\232\377A\320*<<j\303e\"\212&Y\233\377\305\245\205"
  49      D02A3C3C 
  49      6AC36522 
  49      8A26599B 
  49      FFC5A585 
  50 013a B85C212E 		.ascii	"\270\\!.\362\002\032CNt\252+#.\306~\204H\303\251\365"
  50      F2021A43 
  50      4E74AA2B 
  50      232EC67E 
  50      8448C3A9 
  51 014f 550387DC 		.ascii	"U\003\207\334\344@\204\353\232\274P\212\234\231U\322"
  51      E44084EB 
  51      9ABC508A 
  51      9C9955D2 
  52 015f D0E48E88 		.ascii	"\320\344\216\210\263\255\304\226\356\202q\326\017m<"
  52      B3ADC496 
  52      EE8271D6 
  52      0F6D3C
  53 016e D7F9EFFF 		.ascii	"\327\371\357\377\315\025q\270))4 .\353\322H\016\027"
  53      CD1571B8 
  53      29293420 
  53      2EEBD248 
  53      0E17
  54 0180 AE52EC1D 		.ascii	"\256R\354\035\312z\233vV\365MK\033fO\304\221\024U\037"
  54      CA7A9B76 
  54      56F54D4B 
  54      1B664FC4 
  54      9114551F 
ARM GAS  /tmp/cc6dWDgj.s 			page 4


  55 0194 2760B941 		.ascii	"'`\271A\002\266\312XFz\254\257f\261O\266b\2706^\204"
  55      02B6CA58 
  55      467AACAF 
  55      66B14FB6 
  55      62B8365E 
  56 01a9 EB347B9B 		.ascii	"\3534{\233\024\241M\212\000V'\235<R{\366\263#+\206Z"
  56      14A14D8A 
  56      0056279D 
  56      3C527BF6 
  56      B3232B86 
  57 01be B1CF15B1 		.ascii	"\261\317\025\261\012\236\350k\022v\322\201\241\035Y"
  57      0A9EE86B 
  57      1276D281 
  57      A11D59
  58 01cd 4AE60F43 		.ascii	"J\346\017C\211\036\215\336\340\006tE\233\241C-f}\313"
  58      891E8DDE 
  58      E0067445 
  58      9BA1432D 
  58      667DCB
  59 01e0 B5D713B3 		.ascii	"\265\327\023\263.&\263\225\327\037O\236}\344T\3317e"
  59      2E26B395 
  59      D71F4F9E 
  59      7DE454D9 
  59      3765
  60 01f2 366E4127 		.ascii	"6nA'\311\312\\J\002\306\006Q\3268\332[\267@\016\267"
  60      C9CA5C4A 
  60      02C60651 
  60      D638DA5B 
  60      B7400EB7 
  61 0206 9FCB1AE1 		.ascii	"\237\313\032\341\212\326{\231R\223L\265\003\015\015"
  61      8AD67B99 
  61      52934CB5 
  61      030D0D
  62 0215 433D99A5 		.ascii	"C=\231\245\337\205\235^D\271es,8\262{r\024\207H];\356"
  62      DF859D5E 
  62      44B96573 
  62      2C38B27B 
  62      72148748 
  63 022c D021B92D 		.ascii	"\320!\271-9P\340\302\215g_\355\306\0119{t]\204O@'\242"
  63      3950E0C2 
  63      8D675FED 
  63      C609397B 
  63      745D844F 
  64 0243 A8E6C9ED 		.ascii	"\250\346\311\355\370\362$X\241%\243G \327\374.\214j"
  64      F8F22458 
  64      A125A347 
  64      20D7FC2E 
  64      8C6A
  65 0255 5A53A275 		.ascii	"ZS\242u\017\206\244\025\235\256V\232\314&2\212\334@"
  65      0F86A415 
  65      9DAE569A 
  65      CC26328A 
  65      DC40
  66 0267 CD5158E4 		.ascii	"\315QX\344\220JNS\344\232[;\333mDd3\225\244\201\035"
  66      904A4E53 
  66      E49A5B3B 
  66      DB6D4464 
ARM GAS  /tmp/cc6dWDgj.s 			page 5


  66      3395A481 
  67 027c 9484FB49 		.ascii	"\224\204\373I.\211P\367s\247\325\215BN<PT4\331\254\213"
  67      2E8950F7 
  67      73A7D58D 
  67      424E3C50 
  67      5434D9AC 
  68 0291 9A0D2218 		.ascii	"\232\015\"\030\336\362\224[\2455\253\372\371\320\235"
  68      DEF2945B 
  68      A535ABFA 
  68      F9D09D
  69 02a0 330E59DD 		.ascii	"3\016Y\335\011\340!\325!\002\211m\252}Z\263\350\324"
  69      09E021D5 
  69      2102896D 
  69      AA7D5AB3 
  69      E8D4
  70 02b2 FF744BFC 		.ascii	"\377tK\374\351\366\010\006uP{*\017D\352\0244;\036\247"
  70      E9F60806 
  70      75507B2A 
  70      0F44EA14 
  70      343B1EA7 
  71 02c6 AE9D7520 		.ascii	"\256\235u \222\2730V\373\262\305\371\313\346\307\312"
  71      92BB3056 
  71      FBB2C5F9 
  71      CBE6C7CA 
  72 02d6 E627CAE6 		.ascii	"\346'\312\346tO\273-O_\214\354h\234\245z06L\217\333"
  72      744FBB2D 
  72      4F5F8CEC 
  72      689CA57A 
  72      30364C8F 
  73 02eb 0FB6D992 		.ascii	"\017\266\331\222\276J\007*\251\033\035\031Js\345\344"
  73      BE4A072A 
  73      A91B1D19 
  73      4A73E5E4 
  74 02fb 18D6D7E7 		.ascii	"\030\326\327\3477\314\200\3417=\206g\255\351]S\340\017"
  74      37CC80E1 
  74      373D8667 
  74      ADE95D53 
  74      E00F
  75 030d 9825391E 		.ascii	"\230%9\036\246\005\212f\247a\0126x\326\027\257\366\022"
  75      A6058A66 
  75      A7610A36 
  75      78D617AF 
  75      F612
  76 031f CE5FE2CF 		.ascii	"\316_\342\317Y\31326\256\\_\354\315NC\025\371\314\200"
  76      59CB3236 
  76      AE5C5FEC 
  76      CD4E4315 
  76      F9CC80
  77 0332 DF58B23C 		.ascii	"\337X\262<oi\336&\202z|\246w\305\306\205\205\204\237"
  77      6F69DE26 
  77      827A7CA6 
  77      77C5C685 
  77      85849F
  78 0345 978AF46E 		.ascii	"\227\212\364n\012\030K\363\362\227\345\377)+\221\236"
  78      0A184BF3 
  78      F297E5FF 
  78      292B919E 
ARM GAS  /tmp/cc6dWDgj.s 			page 6


  79 0355 C2DCE20D 		.ascii	"\302\334\342\015\036\002O\311\313_\356Z\265\322\357"
  79      1E024FC9 
  79      CB5FEE5A 
  79      B5D2EF
  80 0364 2D320BE6 		.ascii	"-2\013\346\271\334\363\231f\262\314Bo\241\317,a?\001"
  80      B9DCF399 
  80      66B2CC42 
  80      6FA1CF2C 
  80      613F01
  81 0377 3F7AC771 		.ascii	"?z\307q"
  82              		.text
  83              		.section	.gnu.lto_chRegNextThread.f7bceab6d3782352,"",%progbits
  84 0000 789C8554 		.ascii	"x\234\205T\335oSe\030\177~\347==-mi\2742\206\020\354"
  84      DD6F5365 
  84      187F7EE7 
  84      3D3D2D6D 
  84      69BC3286 
  85 0016 A2159790 		.ascii	"\242\025\227\220\225\033C0\336\030\022\023Mv\303\376"
  85      951B4330 
  85      DE181213 
  85      4D76C3FE 
  86 0026 0003B591 		.ascii	"\000\003\265\221%\354#mG\330\325\016\373\260\233J4\010"
  86      25EC236D 
  86      47D8D50E 
  86      FBB09B4A 
  86      3408
  87 0038 9DA98D2B 		.ascii	"\235\251\215+\242\001\203c2\006\262\017F\331p\033\214"
  87      A2018363 
  87      3206B20F 
  87      46D9701B 
  87      8C
  88 0049 0D1805EB 		.ascii	"\015\030\005\353\006\004\267l\272Q\247x\2618\304\351"
  88      0604B76C 
  88      BA51A778 
  88      B138C4E9 
  89 0059 F3BE6742 		.ascii	"\363\276gB\351\024O\332\323s\236\257\337\363\374\236"
  89      E9144FDA 
  89      D3739EAF 
  89      DFF3FC9E 
  90 0069 DF5B8388 		.ascii	"\337[\203\210FmD}\374\373\022\177a#h\037\216\022\355"
  90      466D447D 
  90      FCFB127F 
  90      6123681F 
  90      8E12ED
  91 007c 71689ADE 		.ascii	"qh\232\336,\310t\212\305\213D\246[@\267\354: \037L\007"
  91      2CC8748A 
  91      C58B44A6 
  91      5B40B7EC 
  91      3A201F4C 
  92 0091 A846133A 		.ascii	"\250F\023:j\360\276\330/p\265\376\353\204xO$\004A\347"
  92      6AF0BED8 
  92      2F70B5FE 
  92      EB84784F 
  92      240441E7 
  93 00a5 D77B23F1 		.ascii	"\327{#\361)\217|\005\274\374\232\235\037\350p\027\036"
  93      298F7C05 
  93      BCFC9A9D 
ARM GAS  /tmp/cc6dWDgj.s 			page 7


  93      1FE87017 
  93      1E
  94 00b6 36CD5A33 		.ascii	"6\315Z3\325\274\340\374\244\343\212\271*!4\212qx\007"
  94      D5BCE0FC 
  94      A4E38AB9 
  94      2A21348A 
  94      717807
  95 00c9 D6E204D6 		.ascii	"\326\342\004\326J\364\223(\344\340\363\323\017\306\\"
  95      4AF49328 
  95      E4E0F3D3 
  95      0FC65C
  96 00d8 E239103F 		.ascii	"\3429\020?\017\327\017g\214\365_\250\304\354\347\302"
  96      0FD70F67 
  96      8CF55FA8 
  96      C4ECE7C2 
  97 00e8 7C9EB370 		.ascii	"|\236\263p\012\"7Q\026\3027X/\3433\351c_\272\304\013"
  97      0A223751 
  97      16C23758 
  97      2FE333E9 
  97      635FBAC4 
  98 00fd 2AB7697E 		.ascii	"*\267i~\354g\217\357\220\312\2359\272\346`\2359d\352"
  98      EC678FEF 
  98      90CA9D39 
  98      BAE6609D 
  98      3964EA
  99 0110 32FFF4E3 		.ascii	"2\377\364\343\371\362\342\360\311\343K\007V\033::\341"
  99      F9F2E2F0 
  99      C9E34B07 
  99      561B3A3A 
  99      E1
 100 0121 4B0A92AD 		.ascii	"K\012\222\255qG]0\360\320Wo\362\225\272\335j({L '\215"
 100      71475D30 
 100      F0D0576F 
 100      F295BADD 
 100      6A287B4C 
 101 0138 D0CDA13D 		.ascii	"\320\315\241=0(/\374\332\364\313Lj\217\214\327\244\357"
 101      30282FFC 
 101      DAF4CB4C 
 101      6A8F8CD7 
 101      A4EF
 102 014a C79E681A 		.ascii	"\307\236h\032\342\015\225\233\235iL\351\313\035\016"
 102      E20D959B 
 102      9D694CE9 
 102      CB1D0E
 103 0159 C65F5CCC 		.ascii	"\306_\\\314\374d\232\373L$\204@\357\023z\264\012\317"
 103      FC649AFB 
 103      4C248440 
 103      EF137AB4 
 103      0ACF
 104 016b 2F1A380B 		.ascii	"/\0328\013\037\341\214\254-\036\353%\305\275\234\343"
 104      1FE18CAC 
 104      2D1EEB25 
 104      C5BD9CE3 
 105 017b 5EE40D3C 		.ascii	"^\344\015<\206\034\252m\314\2262\227\376\212\362\006"
 105      861CAA6D 
 105      CC963297 
 105      FE8AF206 
ARM GAS  /tmp/cc6dWDgj.s 			page 8


 106 018b 9E3EDA3E 		.ascii	"\236>\332>;\353s\203\244]c\002u!o\006$\215ve%jd\002"
 106      3BEB7383 
 106      A45D6302 
 106      75216F06 
 106      248D7665 
 107 01a3 78D3668A 		.ascii	"x\323f\212\232\270s~\252K\321\014\264\225}o\374\345"
 107      9AB8737E 
 107      AA4BD10C 
 107      B4957D6F 
 107      FCE5
 108 01b5 C97DA30F 		.ascii	"\311}\243\017>N\212\316\232gt)\011\001/\372\331w\027"
 108      3E4E8ACE 
 108      9A677429 
 108      09012FFA 
 108      D97717
 109 01c8 B593773F 		.ascii	"\265\223w?\330?\365L\336`\037=p.\023\254\257 \263\301"
 109      D83FF54C 
 109      DE601F3D 
 109      702E13AC 
 109      AF20B3C1 
 110 01dc CF649E97 		.ascii	"\317d\236\227>[\276\257?\376J\205\204\"|\273\222\220"
 110      3E5BBEAF 
 110      3FFE4A85 
 110      84227CBB 
 110      9290
 111 01ee 01E66150 		.ascii	"\001\346aP\0222(\011\001\035\226[\375\254\245\375wg"
 111      12322809 
 111      011D965B 
 111      FDACA5FD 
 111      7767
 112 0200 C169B498 		.ascii	"\301i\264\230\037{\023V\301\326\251n\323\241k\334\364"
 112      1F7B1356 
 112      C1D6A96E 
 112      D3A16BDC 
 112      F4
 113 0211 100A14E5 		.ascii	"\020\012\024\345\277f\323\023\032[p\001\272j\233pQI"
 113      BF66D313 
 113      1A5B7001 
 113      BA6A9B70 
 113      5149
 114 0223 FC486FFF 		.ascii	"\374Ho\377\264\273\240{9[\355\375\267c\355\327]*{Xf"
 114      B4BBA07B 
 114      395BEDFD 
 114      B763EDD7 
 114      5D2A7B58 
 115 0238 E31274A6 		.ascii	"\343\022t\246\254\326\253( \232Cm\327\342d\333f9\\\\"
 115      ACD6AB28 
 115      209A436D 
 115      D7E264DB 
 115      66395C5C 
 116 024c D83921D6 		.ascii	"\3309!\326\320w\331.9\321\224\036z\372F\006\214$>\335"
 116      D077D92E 
 116      39D1941E 
 116      7AFA4606 
 116      8C243EDD 
 117 0260 C3F324CB 		.ascii	"\303\363$\313y%\366\27000\"A\331\233\216fn\273\374\255"
 117      7925F6B8 
ARM GAS  /tmp/cc6dWDgj.s 			page 9


 117      30302241 
 117      D99B8E66 
 117      6EBBFCAD 
 118 0274 7258AFCC 		.ascii	"rX\257\314\030E\022\007\204b\3702\374\022(\271N\011"
 118      18451207 
 118      8462F832 
 118      FC1228B9 
 118      4E09
 119 0286 96D7C7E5 		.ascii	"\226\327\307\345i\032\365\343\375\243_\271\377\005\316"
 119      691AF5E3 
 119      FDA35FB9 
 119      FF05CE
 120 0295 A1E03A3B 		.ascii	"\241\340:;\263\023\366\232?M\007\033\222\254fi\353\250"
 120      B313F69A 
 120      3F4D071B 
 120      92AC6669 
 120      EBA8
 121 02a7 BBB7CFC3 		.ascii	"\273\267\317\303-\3602W\341*\237\356+\313\350\247\006"
 121      2DF03257 
 121      E12A9FEE 
 121      2BCBE8A7 
 121      06
 122 02b8 6FFEE1B0 		.ascii	"o\376\341\260\320\223\013\354ubL\341\303R\346\221\241"
 122      D0930BEC 
 122      75624CE1 
 122      C352E691 
 122      A1
 123 02c9 BD273C5C 		.ascii	"\275'<\\\253\221\335s\354v\341\032\367DH\243F\211\240"
 123      AB91DD73 
 123      EC76E11A 
 123      F74448A3 
 123      4689A0
 124 02dc 8917C2FF 		.ascii	"\211\027\302\377$\254!\311\302l\246\301\260\332\322"
 124      24AC21C9 
 124      C26CA6C1 
 124      B0DAD2
 125 02eb F2C6F6AA 		.ascii	"\362\306\366\252\241\355\3771\264\033\327\025\250&\207"
 125      A1EDFF31 
 125      B41BD715 
 125      A82687
 126 02fa BEC10073 		.ascii	"\276\301\000s\250\213\275\323d\263j\011\253\334\311"
 126      A88BBDD3 
 126      64B36A09 
 126      ABDCC9
 127 0309 E8A5E34E 		.ascii	"\350\245\343N9\245\033\300w\\\207\021\323\357B\306\344"
 127      39A51BC0 
 127      775C8711 
 127      D3EF42C6 
 127      E4
 128 031a 73BC9DFE 		.ascii	"s\274\235\376\007.\363\010\356{\370\031B\215\242\347"
 128      072EF308 
 128      EE7BF819 
 128      428DA2E7 
 129 032a 1C078B6D 		.ascii	"\034\007\213mX\317g\225\322\037\322\314f\214\347*\335"
 129      58CF6795 
 129      D21FD2CC 
 129      668CE72A 
ARM GAS  /tmp/cc6dWDgj.s 			page 10


 129      DD
 130 033b 3A8FCBF2 		.ascii	":\217\313\362[j\371\241\327\365\217\262\306\225\262"
 130      5B6AF9A1 
 130      D7F58FB2 
 130      C695B2
 131 034a 2694B2F2 		.ascii	"&\224\262\362et\323\222\321\235\203{\273\326)\014\242"
 131      6574D392 
 131      D19D837B 
 131      BBD6290C 
 131      A2
 132 035b 2CEAEF34 		.ascii	",\352\3574\335Rs\347mru\214\265H\270\305\274\263x\022"
 132      DD5273E7 
 132      6D72758C 
 132      B548B8C5 
 132      BCB37812 
 133 036f C243F32C 		.ascii	"\302C\363,\214C\315k,\216\344\272\026\230\027\036X\273"
 133      8C43CD6B 
 133      2C8EE4BA 
 133      1698171E 
 133      58BB
 134 0381 DF7E013C 		.ascii	"\337~\001<\274\270\337\266\231O;\344P\014\352-*\362"
 134      BCB8DFB6 
 134      994F3BE4 
 134      500CEA2D 
 134      2AF2
 135 0393 5B9F8AB0 		.ascii	"[\237\212\260?\024\361\207C\001\177`G(\370vi8\022\252"
 135      3F14F187 
 135      43017F60 
 135      4728F876 
 135      693812AA 
 136 03a7 2E0A9016 		.ascii	".\012\220\026\251\024\345\221\312g\363\342J\313\003"
 136      A914E591 
 136      CA67F3E2 
 136      4ACB03
 137 03b6 3BABDE0A 		.ascii	";\253\336\012rl\270:\\\264\203l\273\266\355\254\012"
 137      726CB83A 
 137      5CB4836C 
 137      BBB6EDAC 
 137      0A
 138 03c7 16E64555 		.ascii	"\026\346EUV\204\"a\377\253[\213\267\024\357\346\320"
 138      56842261 
 138      FFAB5B8B 
 138      B714EFE6 
 138      D0
 139 03d8 404528F8 		.ascii	"@E(\370\346\256Me\034\277!72\270;\342\337R\\\362z\311"
 139      E6AE4D65 
 139      1CBF2137 
 139      32B83BE2 
 139      DF525CF2 
 140 03ee A3B23232 		.ascii	"\243\26222P\366ZUy\200\203\237*.\331\352\335\276-\034"
 140      50F65A55 
 140      7980839F 
 140      2A2ED9EA 
 140      DDBE2D1C 
 141 0402 AC0C956E 		.ascii	"\254\014\225n\360\3726\222\026\"{Y\260\254\"TM\177\003"
 141      F0FA3692 
 141      16227B59 
ARM GAS  /tmp/cc6dWDgj.s 			page 11


 141      B0AC2254 
 141      4D7F03
 142 0415 A3A61E2C 		.ascii	"\243\246\036,"
 143              		.text
 144              		.section	.gnu.lto_ch_debug.f7bceab6d3782352,"",%progbits
 145 0000 789C2D8E 		.ascii	"x\234-\216MKBQ\020\206\317\353\361\226\3465\015\"Z\334"
 145      4D4B4251 
 145      1086CFEB 
 145      F196E635 
 145      0D225ADC 
 146 0014 DAB52F57 		.ascii	"\332\265/W.\373\011\375$#\213(\010\002\335\304\025\244"
 146      2EFB09FD 
 146      24238B28 
 146      0802DDC4 
 146      15A4
 147 0026 16152D12 		.ascii	"\026\025-\022*?\263\314\264HrQ\030\324\246\014\261\014"
 147      2A3FB3CC 
 147      B4487251 
 147      18D4A60C 
 147      B10C
 148 0038 D42CFA40 		.ascii	"\324,\372@\012j\306s/gxx\356;3L\237\020\342\031B\320"
 148      0A6AC673 
 148      2F677878 
 148      EE3B334C 
 148      9F10E219 
 149 004e EB7D2189 		.ascii	"\353}!\211\335f\252\353^\226\246\244\237\244\351\271"
 149      DD66AAEB 
 149      5E96A6A4 
 149      9FA4E9B9 
 150 005e 9D98A5E3 		.ascii	"\235\230\245\343\244\353\215\362\205\246t\2144\231m"
 150      A4EB8DF2 
 150      85A6748C 
 150      34996D
 151 006d F9941964 		.ascii	"\371\224\031d\355`\275\352R:J\372\366\033I8\225\016"
 151      ED60BDEA 
 151      523A4AFA 
 151      F61B4938 
 151      950E
 152 007f 935E772E 		.ascii	"\223^w.#V\352%\375i\204\356\240T']\313|\224\254\305"
 152      2356EA25 
 152      FD6984EE 
 152      A054275D 
 152      CB7C94AC 
 153 0094 0E52F321 		.ascii	"\016R\363!\177o\315\026\370\214\253`\314\224\312\355"
 153      7F6FCD16 
 153      F88CAB60 
 153      CC94CAED 
 154 00a4 A4E5D0EB 		.ascii	"\244\345\320\353\014\0330;I\372\331]j[\335#\244\225"
 154      0C1B303B 
 154      49FAD95D 
 154      6A5BDD23 
 154      A495
 155 00b6 4473ABD7 		.ascii	"Ds\253\327lC\233\207\363\357\261M\235]B\222v6j\013\272"
 155      6C439B87 
 155      F3EFB14D 
 155      9D5D4292 
 155      76366A0B 
ARM GAS  /tmp/cc6dWDgj.s 			page 12


 156 00cb 8A5F382E 		.ascii	"\212_8.\376}\347<*\266\221\336>\325\263.\025?r\\Y1\253"
 156      FE7DE73C 
 156      2AB691DE 
 156      3ED5B32E 
 156      153F725C 
 157 00e2 0EE52DF6 		.ascii	"\016\345-\366\325\371\355\033\233?\036X\214\006\246"
 157      D5F9ED1B 
 157      9B3F1E58 
 157      8C06A6
 158 00f1 4D69C794 		.ascii	"Mi\307\224\201\"\014\370\014\024\010\247Ty\252\023\252"
 158      81220CF8 
 158      0C1408A7 
 158      5479AA13 
 158      AA
 159 0102 1C0C1EF8 		.ascii	"\034\014\036\370\252\225&T\177T3\245\026\246+\317\340"
 159      AA952654 
 159      7F5433A5 
 159      16A62BCF 
 159      E0
 160 0113 0FD3F17B 		.ascii	"\017\323\361{0\302\264\366\230!q\304\260#\313\320\024"
 160      30C2B4F6 
 160      982171C4 
 160      B023CBD0 
 160      14
 161 0124 FA70C8E8 		.ascii	"\372p\310\350G\206\341@\232\341D\2121\200$\303\205\004"
 161      4786E140 
 161      9AE1448A 
 161      318024C3 
 161      8504
 162 0136 4357CBDC 		.ascii	"CW\313\334\2103\006q\300\360`\237\341U\331\020C\340"
 162      88330671 
 162      C0F0609F 
 162      E155D910 
 162      43E0
 163 0148 1C7EF10F 		.ascii	"\034~\361\017}r\223\260"
 163      7D7293B0 
 164              		.text
 165              		.section	.gnu.lto_.symbol_nodes.f7bceab6d3782352,"",%progbits
 166 0000 789C6363 		.ascii	"x\234cc``\010\000b\006\246g\214\365\014\014\023\316"
 166      60600800 
 166      6206A667 
 166      8CF50C0C 
 166      13CE
 167 0012 313000A9 		.ascii	"10\000\251]\015\216\014\014\254/\030\031\024@2\317\031"
 167      5D0D8E0C 
 167      0CAC2F18 
 167      19144032 
 167      CF19
 168 0024 EB195165 		.ascii	"\353\031Qe\236226*\001\245\030_1\3263\201\245\030\030"
 168      9E323236 
 168      2A01A518 
 168      5F31D633 
 168      81A51818 
 169 0038 1A1A1C18 		.ascii	"\032\032\034\030\030\230\231X\030\236\264\277\221g\000"
 169      18989958 
 169      189EB4BF 
 169      916700
ARM GAS  /tmp/cc6dWDgj.s 			page 13


 170 0047 00106313 		.ascii	"\000\020c\023\000"
 170      00
 171              		.text
 172              		.section	.gnu.lto_.refs.f7bceab6d3782352,"",%progbits
 173 0000 789C6363 		.ascii	"x\234cc``\340\006bF badbbdc\000\000\001\200\000$"
 173      6060E006 
 173      62462062 
 173      61646262 
 173      64630000 
 174              		.text
 175              		.section	.gnu.lto_.decls.f7bceab6d3782352,"",%progbits
 176 0000 789CBD5B 		.ascii	"x\234\275[yTT\351\225\257\357}E\025U\024\320\243\246"
 176      795454E9 
 176      95AFEF7D 
 176      45155514 
 176      D0A3A6
 177 0013 C7E43833 		.ascii	"\307\34483}zhC&Q\324v\354\316L&\2473\235N:Kgr\272;s"
 177      7D7A6843 
 177      2651D476 
 177      ECCE4C26 
 177      A7339D4E 
 178 002e 32674EA6 		.ascii	"2gN\246B\227\245\322\315\226\252\262[{\316\234\024\253"
 178      4297A5D2 
 178      CD96AAB2 
 178      5B7BCE9C 
 178      14AB
 179 0040 222820B8 		.ascii	"\"( \270\240\250\210\033.\010n\200\254\305\"\262\211"
 179      A0A8881B 
 179      2E086E80 
 179      ACC522B2 
 179      89
 180 0051 200A02B2 		.ascii	" \012\002\262\210\012\210\242\010.l\312\334o\251z\257"
 180      880A88A2 
 180      082E6CCA 
 180      DC6FA97A 
 180      AF
 181 0062 8A57DA7F 		.ascii	"\212W\332\177L\246\216\227\367\356{\367\273\367w\357"
 181      4CA68E97 
 181      F7EE7BF7 
 181      BBF777EF 
 182 0072 77BFFBBE 		.ascii	"w\277\373\276\357{O\225B\241\370p\205B\361kO\205\302"
 182      EF7B4F95 
 182      42A1F870 
 182      8542F16B 
 182      4F85C2
 183 0085 86148A19 		.ascii	"\206\024\212\031\370)\341Z9\020\260\212\017\310\037"
 183      F829E15A 
 183      3910B08A 
 183      0FC81F
 184 0094 F861A018 		.ascii	"\370a\240\0308\217\003\332\014$\220k\360\347\307\202"
 184      388F03DA 
 184      0C24906B 
 184      F0E7C782 
 185 00a4 C2E9E705 		.ascii	"\302\351\347\005\202:8\316\001\232\307\333\333\340\270"
 185      823A38CE 
 185      019AC7DB 
 185      DBE0B8
ARM GAS  /tmp/cc6dWDgj.s 			page 14


 186 00b3 00E83D90 		.ascii	"\000\350=\220\375)\320\007@\002P?\334\373\031\220\032"
 186      FD29D007 
 186      4002503F 
 186      DCFB1990 
 186      1A
 187 00c4 31FD1370 		.ascii	"1\375\023p\354\0022\003\251\270\275\017A\356\227@\277"
 187      EC023203 
 187      A9B8BD0F 
 187      41EE9740 
 187      BF
 188 00d5 05FA18E8 		.ascii	"\005\372\030\350S\201\341\302.v\347\202\002\337W\330"
 188      5381E1C2 
 188      2E76E782 
 188      02DF57D8 
 189 00e5 25B6A4B6 		.ascii	"%\266\244\266\177'0\333\377\016\307\004\216a\035b8\010"
 189      7F2730DB 
 189      FF0EC704 
 189      8E611D62 
 189      3808
 190 00f7 06B582F9 		.ascii	"\006\265\202\371+\207\301\036\203?\010\263\261\374\217"
 190      2B87C11E 
 190      833F08B3 
 190      B1FC8F
 191 0106 92E127B6 		.ascii	"\222\341'\266\027\002\3755b\230\374@\356_\004\206\361"
 191      1702FD35 
 191      6298FC40 
 191      EE5F0486 
 191      F1
 192 0117 6D382E06 		.ascii	"m8.\006\362\007\372\007\240%@+\200\026\002\275\003\264"
 192      F207FA07 
 192      A025402B 
 192      801602BD 
 192      03B4
 193 0129 0CE87B40 		.ascii	"\014\350{@\357\002-\002\372.\320\017\200\226\003}\037"
 193      EF022D02 
 193      FA2ED00F 
 193      8096037D 
 193      1F
 194 013a 68295080 		.ascii	"h)P\200\213]\373/\025\243\341=\326\032\037, r~\303v"
 194      8B5DFB2F 
 194      15A3E13D 
 194      D61A1F2C 
 194      20727EC3 
 195 014f CFE6B9F8 		.ascii	"\317\346\271\370\204\225\375<\177\251@g\020\266\013"
 195      8495FD3C 
 195      7FA94067 
 195      10B60B
 196 015e 3647E7A6 		.ascii	"6G\347\246\343x\214\346h\221\022\330G\227v\335\362\001"
 196      E3788CE6 
 196      689112D8 
 196      479776DD 
 196      F201
 197 0170 769E16BD 		.ascii	"v\236\026\275\001l\376\203\343\371\336\354\256\215H"
 197      016CFE83 
 197      E3F9DEEC 
 197      AE8D48
 198 017f 67F5A76F 		.ascii	"g\365\247o\3211\376]`7DM\266)\361\367\251\225\256\232"
ARM GAS  /tmp/cc6dWDgj.s 			page 15


 198      D131FE5D 
 198      6037444D 
 198      B629F1F7 
 198      A995AE9A 
 199 0193 A3C789A2 		.ascii	"\243\307\211\242\357j\021\311!_\270\224s\377\374\204"
 199      EF6A11C9 
 199      215FB894 
 199      73FFFC84 
 200 01a3 37BB4424 		.ascii	"7\273D$\256$\216\036T\343\025\344\\\350i\237\272\341"
 200      AE248E1E 
 200      54E315E4 
 200      5CE8699F 
 200      BAE1
 201 01b5 83B4FE1B 		.ascii	"\203\264\376\033\255\326HkF\224U\363\241\002\345\241"
 201      ADD6486B 
 201      469455F3 
 201      A102E5A1 
 202 01c5 05E81C5A 		.ascii	"\005\350\034Z\240@\245\310\237\2649\213\026+P\021\\"
 202      A040A5C8 
 202      9FB4398B 
 202      162B5011 
 202      5C
 203 01d6 2C848B87 		.ascii	",\204\213\207\011v\333\345\235?N\033\265Z\337@%H\213"
 203      0976DBE5 
 203      9D3F4E1B 
 203      B55ADF40 
 203      25488B
 204 01e9 8A11A632 		.ascii	"\212\021\2462\220\020\337\3252o\216\036L\316T\341ZD"
 204      9010DFD5 
 204      326F8E1E 
 204      4CCE54E1 
 204      5A44
 205 01fb 6D14EDBE 		.ascii	"m\024\355\276sApg\243\334\255\215\266\3027\253c\254"
 205      73417067 
 205      A3DCAD8D 
 205      B6C237AB 
 205      63AC
 206 020d 5601D9C0 		.ascii	"V\001\331\300F\231h\003L2#\326\324\251}\336\270\221"
 206      46996803 
 206      4C3223D6 
 206      D4A97DDE 
 206      B891
 207 021f 06577818 		.ascii	"\006Wx\030\265\373\220[G\252\334\032y\326\261$m\222"
 207      B5FB905B 
 207      47AADC1A 
 207      79D6B124 
 207      6D92
 208 0231 38520946 		.ascii	"8R\011F*D#6\273\221\033\017\267\307\252H<\011\263\253"
 208      2A442336 
 208      BB911B0F 
 208      B7C7AA48 
 208      3C09B3AB 
 209 0245 E8719D07 		.ascii	"\350q\235\007\013\273'\260\023\005\367\322Ux\033\273"
 209      0BBB27B0 
 209      1305F7D2 
 209      55781BBB 
 210 0255 57D797DA 		.ascii	"W\327\227\332%\340t\306\330\373k\036\357\257=Sg/x\341"
ARM GAS  /tmp/cc6dWDgj.s 			page 16


 210      25E074C6 
 210      D8FB6B1E 
 210      EFAF3D53 
 210      672F78E1 
 211 0269 83ECE6E9 		.ascii	"\203\354\346\351\307\361\337\306'\330y\325\255\226\032"
 211      C7F1DFC6 
 211      27D879D5 
 211      AD961A
 212 0278 0F7C8631 		.ascii	"\017|\2061\361g\242\367+q\025c\012\267\025\017{\342"
 212      F167A2F7 
 212      2B711563 
 212      0AB7150F 
 212      7BE2
 213 028a 7AC6943F 		.ascii	"z\306\224?oO\327\342N\306\\\031i\330\343\305P\274\006"
 213      6F4FD7E2 
 213      4EC65C19 
 213      69D8E3C5 
 213      50BC06
 214 029d 6C5E7F6D 		.ascii	"l^\177m\265\226\331\262\"\340\247\017]\276\356\211o"
 214      B596D9B2 
 214      22E0A70F 
 214      5DBEEE89 
 214      6F
 215 02ae 31D9A2FC 		.ascii	"1\331\242\374\342j\216x\011\260\011I\326\213^\370>\273"
 215      E26A8E78 
 215      09B00949 
 215      D68B5EF8 
 215      3EBB
 216 02c0 579D189D 		.ascii	"W\235\030\235\240\305\317(#<i\276\237\246r\027\2776"
 216      A0C5CF28 
 216      233C69BE 
 216      9FA67217 
 216      BF36
 217 02d2 B7F19BFC 		.ascii	"\267\361\233\3746d2j\205\340]\223\011^u\357\363Q_\034"
 217      3664326A 
 217      85E05D93 
 217      095E75EF 
 217      F3515F1C 
 218 02e6 A5A4E662 		.ascii	"\245\244\346b6g\357 8U,1\325p\351\366\310d\236\222]"
 218      3667EF20 
 218      38552C31 
 218      D570E9F6 
 218      C8649E92 
 219 02fb 22DAD691 		.ascii	"\"\332\326\221H\245\3358\345\203\343h\023\241\264\245"
 219      48A5DD38 
 219      E583E368 
 219      13A1B4A5 
 220 030b 20DA1BF9 		.ascii	" \332\033\371k\355I\267\"m\204\364U\027\230\353\024"
 220      6BED49B7 
 220      226D84F4 
 220      551798EB 
 220      14
 221 031c CDA988B5 		.ascii	"\315\251\210\265\215D\304\025\367\015\300\255\342\270"
 221      8D44C415 
 221      F70DC0AD 
 221      E2B8
 222 032a 3BE0623B 		.ascii	";\340b;\\\004\033\243\023#g\2258\205\3318\2232\275\323"
ARM GAS  /tmp/cc6dWDgj.s 			page 17


 222      5C041BA3 
 222      13236795 
 222      3885D938 
 222      9332BDD3 
 223 033e C761A3AD 		.ascii	"\307a\243\255p\3319\232t\275`\243[\264\321\205\334\032"
 223      70D9399A 
 223      74BD60A3 
 223      5BB4D185 
 223      DC1A
 224 0350 E99137D2 		.ascii	"\351\2217\322\226\320\322\251\302\273\231\221\374\372"
 224      96D0D2A9 
 224      C2BB9991 
 224      FCFA
 225 035e 1B53D861 		.ascii	"\033S\330a\344Y\307r\226t\267\300\310M\321H\257{#}\362"
 225      E459C772 
 225      9674B7C0 
 225      C84DD148 
 225      AF7B237D 
 226 0373 46768F75 		.ascii	"Fv\217u\335\325\260\356\365\0076q,\271\315\003\357g"
 226      DDD5B0EE 
 226      F5073671 
 226      2CB9CD03 
 226      EF67
 227 0385 F1B69790 		.ascii	"\361\266\227\2209\254\204\354I\274\226\207\361\011v"
 227      39AC84EC 
 227      49BC9687 
 227      F10976
 228 0394 2FEE445C 		.ascii	"/\356D\\\265\017\316cLfY\321}5\256\346\255Z#oi\3615"
 228      B50FCE63 
 228      4C6659D1 
 228      7D35AEE6 
 228      AD5A236F 
 229 03ab C6DCBC71 		.ascii	"\306\334\274q1\327\007\2673\246\350\331\356\"_\334\313"
 229      31D707B7 
 229      33A6E8D9 
 229      EE225FDC 
 229      CB
 230 03bc 984BB766 		.ascii	"\230K\267fF\265x\2001\315\021\373!U\037\3606\326\251"
 230      46B57880 
 230      31CD11FB 
 230      21551FF0 
 230      36D6A9
 231 03cf 341D7ECC 		.ascii	"4\035~\314\374\336]\221yFp\370]\367\035\222,\217\300"
 231      FCDE5D91 
 231      794670F8 
 231      5DF71D92 
 231      2C8FC0
 232 03e2 E987DFC8 		.ascii	"\351\207\337\310\351\021y\247\033\037m\232\366\305\223"
 232      E91179A7 
 232      1B1F6D9A 
 232      F6C593
 233 03f1 CC5CFCB6 		.ascii	"\314\\\374\266\341\303>8\322\2032S\203\251\355\210\271"
 233      E1C33E38 
 233      D2833253 
 233      83A9ED88 
 233      B9
 234 0402 AC0336B2 		.ascii	"\254\0036\262\250=\331\227\215\214^\232\216\2273\306"
ARM GAS  /tmp/cc6dWDgj.s 			page 18


 234      A83DD997 
 234      8D8C5E9A 
 234      8E9733C6 
 235 0412 3C712293 		.ascii	"<q\"\223=\237\274\025@ocL\367\316\370\"/\234\305\230"
 235      3D9FBC15 
 235      406F634C 
 235      F7CEF822 
 235      2F9CC598 
 236 0426 D2C4D102 		.ascii	"\322\304\321\002\015\316a\314\206\361\276\\_\\\340\341"
 236      0DCE61CC 
 236      86F1BE5C 
 236      5F5CE0E1 
 237 0436 349AE6B1 		.ascii	"4\232\346\261\321\364 \372N/\037\210\363\201=p\265r"
 237      D1F420FA 
 237      4E2F1F88 
 237      F3813D70 
 237      B572
 238 0448 D4039731 		.ascii	"\324\003\2271\321\234\230\333G=\341\336\002\310v$\251"
 238      D19C98DB 
 238      473DE1DE 
 238      02C87624 
 238      A9
 239 0459 C10B580D 		.ascii	"\301\013X\015>k\033\313V\342j*+\234\312\276\375\271"
 239      3E6B1BCB 
 239      56E26A2A 
 239      2B9CCABE 
 239      FDB9
 240 046b 24CB17C7 		.ascii	"$\313\027\307l \031\030)\300\250\020\034qZ\300\303\024"
 240      6C201918 
 240      29C0A810 
 240      1C715AC0 
 240      C314
 241 047d 69B51EB0 		.ascii	"i\265\036\260\342\371\012\364\366\002\264\004\202\024"
 241      E2F90AF4 
 241      F602B404 
 241      8214
 242 048b 21F813A5 		.ascii	"!\370\023\2454H3\020\244\027,HG\367eUy\343&f\240;\373"
 242      34483310 
 242      A4172C48 
 242      47F76555 
 242      79E32666 
 243 04a2 612396E4 		.ascii	"a#\226\344\370\233gh\216\307\200\205(\321\002\030\224"
 243      F89B6768 
 243      8EC78085 
 243      28D10218 
 243      94
 244 04b3 37112D6F 		.ascii	"7\021-o\"2\245\345\204\006_g&\"/$5\253\355\365\303\271"
 244      2232A5E5 
 244      84065F67 
 244      26222F24 
 244      35ABEDF5 
 245 04c9 F94699E6 		.ascii	"\371F\231\346\366\201\340\317\006\302\006@\022+\"\211"
 245      F681E0CF 
 245      06C20640 
 245      122B2289 
 246 04d9 117801B1 		.ascii	"\021x\001\261\347\367<\226\337UY\347\273\275q/\213p"
 246      E7F73C96 
ARM GAS  /tmp/cc6dWDgj.s 			page 19


 246      DF5559E7 
 246      BBBD712F 
 246      8B70
 247 04eb 7CC28B1C 		.ascii	"|\302\213\034\214\007\231\371\341-Y\371*y\363\233\335"
 247      8C0799F9 
 247      E12D59F9 
 247      2A79F39B 
 247      DD
 248 04fc 9AAFA0C5 		.ascii	"\232\257\240\305+\001l\307\313\330.\211\035\015\307"
 248      2B016CC7 
 248      CBD82E89 
 248      1D0DC7
 249 050b 23CCD6C1 		.ascii	"#\314\326\301\312\234f5\036g\266\332\237\324\247H\222"
 249      CA9C6635 
 249      1E67B6DA 
 249      9FD4A748 
 249      92
 250 051c 9A2A4906 		.ascii	"\232*I\006%\211\256Jd\300$\311\207r_I\363Q%\216PQc\327"
 250      2589AE4A 
 250      64C024C9 
 250      87725F49 
 250      F351258E 
 251 0534 C64B2675 		.ascii	"\306K&ux#e\224'\242\216\215(\221\377\002\004\302\210"
 251      78236594 
 251      27A28E8D 
 251      2891FF02 
 251      04C288
 252 0547 99249307 		.ascii	"\231$\223\007\005\332\001\026S\004l\237k\354\262\202"
 252      05DA0116 
 252      53046C9F 
 252      6BECB282 
 253 0557 B5913F93 		.ascii	"\265\221?\223\313p\356I\2172\366S\301>\271\245@\333"
 253      CB70EE49 
 253      8F32F653 
 253      C13EB9A5 
 253      40DB
 254 0569 8505689B 		.ascii	"\205\005h\233@\255\237J\257\231\320h\271\364\306WI\337"
 254      40AD9F4A 
 254      AF99D068 
 254      B9F4C657 
 254      49DF
 255 057b 1C9FA9D2 		.ascii	"\034\237\251\322\35169\236\023h' \261\217Y\005J\023"
 255      E936399E 
 255      13682720 
 255      B18F5905 
 255      4A13
 256 058d 747C4AB3 		.ascii	"t|J\263\357\372\371n%\336\314\234\272e\255l\021\360"
 256      EFFAF96E 
 256      25DECC9C 
 256      BA65AD6C 
 256      11F0
 257 059f 36C6641F 		.ascii	"6\306d\037\350>\244\301{\030S\322\261u\320\033\037`"
 257      E83EA4C1 
 257      7B1853D2 
 257      B175D01B 
 257      1F60
 258 05b1 4CF7C917 		.ascii	"L\367\311\027\305*|\2041\373n<\312V\343c\224\021Zg\006"
ARM GAS  /tmp/cc6dWDgj.s 			page 20


 258      C52A7C84 
 258      31FB6E3C 
 258      CA56E363 
 258      94115A67 
 259 05c6 076158FB 		.ascii	"\007aX\373K\014\377\361u\261V\354\007\250z\035\217?"
 259      4B0CFFF1 
 259      75B156EC 
 259      07A87A1D 
 259      8F3F
 260 05d8 EB999E46 		.ascii	"\353\231\236F|\351\026\014%%\312\020th\237\330;z\035"
 260      7CE9160C 
 260      2525CA10 
 260      74689FD8 
 260      3B7A1D
 261 05eb 03D81B59 		.ascii	"\003\330\033Y\335\342\211\333\231\261G\017\256N{\343"
 261      DDE289DB 
 261      99B1470F 
 261      AE4E7BE3 
 262 05fb 2EC65827 		.ascii	".\306X'J;T\370&c:\267\215\367j\360m\306\324\\\213/S"
 262      4A3B54F8 
 262      26633AB7 
 262      8DF76AF0 
 262      6DC6D45C 
 263 0612 E201C61C 		.ascii	"\342\001\306\034\251\357\265z\340!\306\024o\252\237"
 263      A9EFB57A 
 263      E021C614 
 263      6FAA9F
 264 0621 F6C4C38C 		.ascii	"\366\304\303\214\331U\270!R\213G\030s|f,Q\207\307\030"
 264      D955B821 
 264      528B4718 
 264      737C662C 
 264      5187C718 
 265 0635 335EDC9C 		.ascii	"3^\334\234)\260\242\341\007\3541[|\015f\031\236!\244"
 265      29B0A2E1 
 265      07EC315B 
 265      7C0D6619 
 265      9E21A4
 266 0648 62AF8698 		.ascii	"b\257\206\230\206\015\236\310\217\375\346\372\373\371"
 266      860D9EC8 
 266      8FFDE6FA 
 266      FBF9
 267 0656 65127F6D 		.ascii	"e\022\177m3=x\357\321M\233\255\031\025\210z\223I\274"
 267      333D78EF 
 267      D14D9BAD 
 267      1915887A 
 267      9349BC
 268 0669 11E68AFE 		.ascii	"\021\346\212\376O\323\340\347\221\277\012\326d\362\303"
 268      4FD3E0E7 
 268      91BF0AD6 
 268      64F2C3
 269 0678 5D565B34 		.ascii	"]V[4\246\342G]\305\003\210\364RQ\270\342\027\242p\226"
 269      A6E2475D 
 269      C50388F4 
 269      5251B8E2 
 269      17A27096 
 270 068c ACB054F5 		.ascii	"\254\260T\365\025\211\364aW\351\352YH\372$\342\007]"
 270      1589F461 
ARM GAS  /tmp/cc6dWDgj.s 			page 21


 270      57E9EA59 
 270      48FA24E2 
 270      075D
 271 069e C59B6603 		.ascii	"\305\233f\003\227\210\357u\025\357G.\310\207$\322\007"
 271      9788EF75 
 271      15EF472E 
 271      C88724D2 
 271      07
 272 06af E4A342A5 		.ascii	"\344\243B\245\223IN$\001!\245\002\235\200t>\016\351"
 272      93494E24 
 272      0121A502 
 272      9D80743E 
 272      0EE9
 273 06c1 8C8EF116 		.ascii	"\214\216\361\026\220\031\350\034\244\320I\301\017\345"
 273      9019E81C 
 273      A4D049C1 
 273      0FE5
 274 06cf 00E503E5 		.ascii	"\000\345\003\345\002\345\001\235\002:\003\224\015tZ"
 274      02E5019D 
 274      023A0394 
 274      0D745A
 275 06de F0A3C38D 		.ascii	"\360\243\303\215eX\177\351k\021\240\220hP\360\344R8"
 275      65587FE9 
 275      6B11A090 
 275      6850F0E4 
 275      5238
 276 06f0 8075D7CE 		.ascii	"\200u\327\316\311\214\262\326,\241\310\016\311\273-"
 276      C98CB2D6 
 276      2CA1C80E 
 276      C9BB2D
 277 06ff F1A34EE2 		.ascii	"\361\243N\342\307\021\371\230Ri\362(\357\033~\340!\035"
 277      C711F998 
 277      5269F228 
 277      EF1B7EE0 
 277      211D
 278 0711 81525905 		.ascii	"\201RY\005*p\214\300\374\231\241\021\017|TM\022\017"
 278      2A708CC0 
 278      FC99A111 
 278      0F7C544D 
 278      120F
 279 0723 9FBA772E 		.ascii	"\237\272w.\313\027\315\365\363O\346\317Z\032\011\207"
 279      CB17CDF5 
 279      F34FE6CF 
 279      5A1A0987 
 280 0733 89F360B3 		.ascii	"\211\363`\263\220G\242\030\"Q\304=e\350`,\355\272\023"
 280      9047A218 
 280      2251C43D 
 280      65E8602C 
 280      EDBA13
 281 0746 CFF20FF4 		.ascii	"\317\362\017\364\243=\\Z&\241Xh\032\217\262\320\024"
 281      A33D5C5A 
 281      26A15868 
 281      1A8FB2D0 
 281      14
 282 0757 3A87864C 		.ascii	":\207\206LRn\224\017\011\370\024\005\205\356\365\037"
 282      526E940F 
 282      09F81405 
ARM GAS  /tmp/cc6dWDgj.s 			page 22


 282      85EEF51F 
 283 0767 6F157001 		.ascii	"o\025p\001c\322{*\272\371l\246\212\360y=\251q:>6\310"
 283      63D27B2A 
 283      BAF96CA6 
 283      8AF0793D 
 283      A9713A3E 
 284 077d A2A8BA79 		.ascii	"\242\250\272y\246T\203+\230\360\231\231\243\261\030"
 284      A654832B 
 284      98F09999 
 284      A3B118
 285 078c D751E647 		.ascii	"\327Q\346GGZn\334\323\200o\272\271~s\375\310_\370\347"
 285      475A6EDC 
 285      D3806FBA 
 285      B97E73FD 
 285      C85FF8E7 
 286 07a0 47CEFDE1 		.ascii	"G\316\375\341\307F\222\277\337<?z\313\317\337O\247#"
 286      C74692BF 
 286      DF3C3F7A 
 286      CBCFDF4F 
 286      A723
 287 07b2 17FDFD1C 		.ascii	"\027\375\375\034?\1777A\031\204yJ%\017J\017\004\245"
 287      3F7F3741 
 287      1984794A 
 287      250F4A0F 
 287      04A5
 288 07c4 CA392893 		.ascii	"\3129(\223\370\356\205-,(\027 "
 288      F8EE852D 
 288      2C281720 
 289 07d0 28F55C5A 		.ascii	"(\365\\Z&(\222\316\252v\352,\322\216\205\307)Am\220"
 289      262892CE 
 289      AA76EA2C 
 289      D28E85C7 
 289      29416D90 
 290 07e4 A0652441 		.ascii	"\240e$A_\200\325\032\216\3409\234OC\022N\001M\002M\000"
 290      5F80D51A 
 290      8EE0399C 
 290      4F43124E 
 290      014D024D 
 291 07f9 8D033D03 		.ascii	"\215\003=\003z\012\364\004\3501\320\030\320M\240.\240"
 291      7A0AF404 
 291      E831D018 
 291      D04DA02E 
 291      A0
 292 080a 1B409D40 		.ascii	"\033@\235@\035@u@\265@\027\235\274\250\370O\226xP=\313"
 292      1D407540 
 292      B540179D 
 292      BCA8F84F 
 292      9678503D 
 293 081f A1576BA4 		.ascii	"\241Wk\244\016\344\273\031?\016x\245\274\305_\016^c"
 293      0EE4BB19 
 293      3F0E78A5 
 293      BCC55F0E 
 293      5E63
 294 0831 C79C0374 		.ascii	"\307\234\003t\030\221\025\332y\344\002\260`V\365x\320"
 294      189115DA 
 294      79E402B0 
 294      6056F578 
ARM GAS  /tmp/cc6dWDgj.s 			page 23


 294      D0
 295 0842 3E8FC9D7 		.ascii	">\217\311\327Cd/\310\313\273vI\203S\227\324\263\361"
 295      43642FC8 
 295      CBBB7649 
 295      835397D4 
 295      B3F1
 296 0854 E3E47033 		.ascii	"\343\344p3\334%C\026]\001\215\015\334\341\353\340p3"
 296      DC254316 
 296      5D018D0D 
 296      DCE1EBE0 
 296      7033
 297 0866 006E02BA 		.ascii	"\000n\002\272\344\004\372\326\013\374\342\254\325\032"
 297      E404FAD6 
 297      0BFCE2AC 
 297      D51A
 298 0874 A7428D80 		.ascii	"\247B\215\200\342\"o#[\"%0.;\301h|\031\214v0\375j\030"
 298      E2226F23 
 298      5B222530 
 298      2E3BC168 
 298      7C198C76 
 299 088c 7D47B0F5 		.ascii	"}G\260\365\340|\232c5\362\030\354\005\010Fl\353\016"
 299      E07C9A63 
 299      35F218EC 
 299      0508466C 
 299      EB0E
 300 089e 75044D84 		.ascii	"u\004M\204+ V\307\305kA\274\3329\225\235\0009\356\267"
 300      2B2056C7 
 300      C56B41BC 
 300      DA39959D 
 300      0039EEB7 
 301 08b2 0188AB1C 		.ascii	"\001\210\253\034P+\234_\0030-\256\243eB:Z.\201\211\253"
 301      502B9C5F 
 301      03302DAE 
 301      A365423A 
 301      5A2E8189 
 302 08c7 6E1E33F2 		.ascii	"n\0363\3626\032x\013\3676*\002X.\333G\343l\375\222\022"
 302      361A780B 
 302      F7362A02 
 302      582EDB47 
 302      E36CFD92 
 303 08dc F5E2242B 		.ascii	"\365\342$+QW\235K\024\2739\260\311#\353\300V2y \341"
 303      51579D4B 
 303      14BB39B0 
 303      C923EBC0 
 303      56327920 
 304 08f1 6814D72B 		.ascii	"h\024\327+D\332!\364\002O\344\222\371k\203\234\212\376"
 304      44DA21F4 
 304      024FE492 
 304      F96B839C 
 304      8AFE
 305 0903 ED6A3235 		.ascii	"\355j25$\275zYl\337@\3333\270\235\223xK}\2545)\220\256"
 305      24BD7A59 
 305      6CDF40DB 
 305      33B89D93 
 305      784B7DAC 
 306 091b A0AFBA26 		.ascii	"\240\257\272&k\213sr\223\031\353\357\231\177d\341x]"
 306      6B8B7372 
ARM GAS  /tmp/cc6dWDgj.s 			page 24


 306      9319EBEF 
 306      997F64E1 
 306      785D
 307 092d 5E5CD2A3 		.ascii	"^\\\322\243}\377&v\350\035.\355\010\346mW\351\321\337"
 307      7DFF2676 
 307      E81D2EED 
 307      08E66D57 
 307      E9D1DF
 308 0940 30DDDD20 		.ascii	"0\335\335 5\340\252\273\037\271t\316\254R\331\013\035"
 308      35E0AABB 
 308      1FB974CE 
 308      AC52D90B 
 308      1D
 309 0951 22572A59 		.ascii	"\"W*Y,\252y\254+\335\304:-\212\306\232\330\276+\306"
 309      2CAA79AC 
 309      2BDDC43A 
 309      2D8AC69A 
 309      D8BE2BC6 
 310 0965 AAD21E2B 		.ascii	"\252\322\036+++\266Gy\372\364\011\363\320\220<D\352"
 310      2B2BB647 
 310      79FAF409 
 310      F3D0903C 
 310      44EA
 311 0977 D0563984 		.ascii	"\320V9\204\012\332\214\300\033\005x\217 wF\200\036\002"
 311      0ADA8CC0 
 311      1B05788F 
 311      20774680 
 311      1E02
 312 0989 DD03BA03 		.ascii	"\335\003\272\003t\033\350\226S>M~\304bB\272\347\036"
 312      741BE896 
 312      533E4D7E 
 312      C46242BA 
 312      E71E
 313 099b 18241ADC 		.ascii	"\030$\032\334\316\241^4H*\317\375WI\217\376\212\251"
 313      CEA15E34 
 313      482ACFFD 
 313      57498FFE 
 313      8AA9
 314 09ad EE07E161 		.ascii	"\356\007\341a\367\302\222\3620\340T\036\372e\312\303"
 314      F7C292F2 
 314      30E0541E 
 314      FA65CAC3 
 315 09bd 13B8FB98 		.ascii	"\023\270\373\230\264\037\003\205\003\2743\206\300\333"
 315      B41F0385 
 315      03BC3386 
 315      C0DB
 316 09cb BBE0D9A0 		.ascii	"\273\340\331\240\350\031Yf&z<\034\035\264Z\267\352\350"
 316      E8195966 
 316      267A3C1C 
 316      1DB45AB7 
 316      EAE8
 317 09dd 82FC016F 		.ascii	"\202\374\001o\340\276<\014\275NJ\011I\245Q.+S\033x\342"
 317      E0BE3C0C 
 317      BD4E4A09 
 317      49A5512E 
 317      2B531B78 
 318 09f2 C77A90C4 		.ascii	"\307z\220\304\037\220\233\025A7\236\254\345\335x\037"
ARM GAS  /tmp/cc6dWDgj.s 			page 25


 318      1F909B15 
 318      41379EAC 
 318      E5DD781F 
 319 0a02 5C7FFA8D 		.ascii	"\\\177\372\215\\\037\006I\321\365\373\314u7\317T\364"
 319      5C1F0649 
 319      D1F5FBCC 
 319      7537CF54 
 319      F4
 320 0a13 001C161F 		.ascii	"\000\034\026\037\253\216\024K\210\212')FT=\023S\354"
 320      AB8E144B 
 320      888A2729 
 320      46543D13 
 320      53EC
 321 0a25 02D5E5C0 		.ascii	"\002\325\345\300\266\317\216\015\236\206\343/\355B\222"
 321      B6CF8E0D 
 321      9E86E32F 
 321      ED4292
 322 0a34 D4B5FCD1 		.ascii	"\324\265\374\321D\206\343\304\253\244\353>\024\307\356"
 322      4486E3C4 
 322      ABA4EB3E 
 322      14C7EE
 323 0a43 A47B6186 		.ascii	"\244{a\206\267\265LEB\0102\263C\370\264xNT\224u\347"
 323      B7B54C45 
 323      420832B3 
 323      43F8B478 
 323      4E549475 
 324 0a58 12BA6A7E 		.ascii	"\022\272j~\316\207\001_\261\261\011\357\224\344yX\367"
 324      CE87015F 
 324      B1B109EF 
 324      94E47958 
 324      F7
 325 0a69 A39D565B 		.ascii	"\243\235V[\004\246\313\334M\202\214p\234 \231L\3773"
 325      04A6CBDC 
 325      4D828C70 
 325      9C20994C 
 325      FF33
 326 0a7b 1326CBD9 		.ascii	"\023&\313\331-r\302\322'mk!\317wX\362\241\255\256S\207"
 326      2D72C2D2 
 326      276D6B21 
 326      CF7758F2 
 326      A1ADAE53 
 327 0a90 69E492F0 		.ascii	"i\344\222\360\035?\024k\363.W\351\331\253\200+\022\361"
 327      1D3F146B 
 327      F32E57E9 
 327      D9AB802B 
 327      12F1
 328 0aa2 DDF2E2D2 		.ascii	"\335\362\342\322\2568\317\273\202LJ\323]\305g/I&\337"
 328      AE38CFBB 
 328      824C4AD3 
 328      5DC5672F 
 328      4926DF
 329 0ab5 65DAC9A4 		.ascii	"e\332\311\244\242D^\\\002\375A\001\367\324\376\334\252"
 329      A2445E5C 
 329      02FD4101 
 329      F7D4FEDC 
 329      AA
 330 0ac6 71F3DCE2 		.ascii	"q\363\334\342\236\276\353\374\024\232--\355\351\002"
ARM GAS  /tmp/cc6dWDgj.s 			page 26


 330      9EBEEBFC 
 330      149A2D2D 
 330      EDE902
 331 0ad5 56196BDC 		.ascii	"V\031k\334T\306\231\307\344\001C\022\274B\\\301\326"
 331      54C699C7 
 331      E4014312 
 331      BC425CC1 
 331      D6
 332 0ae6 D0C2480C 		.ascii	"\320\302H\014\220\235\342\362\2222\257\036\324\205\310"
 332      909DE2F2 
 332      9232AF1E 
 332      D485C8
 333 0af5 2B99D768 		.ascii	"+\231\327hk\204\330_8\022\242\374\214\375\207\330u\270"
 333      6B84D85F 
 333      3812A2FC 
 333      8CFD87D8 
 333      75B8
 334 0b07 2AB00317 		.ascii	"*\260\003\027%\214\275\011r\\\021\270\016\301\256\227"
 334      258CBD09 
 334      725C11B8 
 334      0EC1AE97 
 335 0b17 FEE30A90 		.ascii	"\376\343\012\220T+\273\317\314\331\177\012&\317\360"
 335      542BBBCF 
 335      CCD97F0A 
 335      26CFF0
 336 0b26 88EDD825 		.ascii	"\210\355\330%A4&i2\013\253\302q\333\001Jt\222\236\223"
 336      41342669 
 336      320BABC2 
 336      71DB014A 
 336      74929E93 
 337 0b3a 4D93FB09 		.ascii	"M\223\373\011'u\275\250\033\356\376\207B\221\344\031"
 337      2775BDA8 
 337      1BEEFE87 
 337      4291E419 
 338 0b4a 4217094F 		.ascii	"B\027\011O\316\225\237R\341vO\312\\\230yf\363e\313\013"
 338      CE959F52 
 338      E1764FCA 
 338      5C987966 
 338      F365CB0B 
 339 0b5e 41B28D3E 		.ascii	"A\262\215>\217m\243G\024\2476{\314\337N\313i\224\365"
 339      8F6DA347 
 339      14A7367B 
 339      CCDF4ECB 
 339      6994F5
 340 0b71 3581F65E 		.ascii	"5\201\366^\024^\200\"1\351\261h<\037\376\206*\231\265"
 340      145E8022 
 340      31E9B168 
 340      3C1FFE86 
 340      2A99B5
 341 0b84 8AD1CD7B 		.ascii	"\212\321\315{\321\233\031\326\214^\253\255m\217G\374"
 341      D19B19D6 
 341      8C5EABAD 
 341      6D8F47FC 
 342 0b94 9D58A81A 		.ascii	"\235X\250\032\350=\"\205\"\260\243\233\340\024\376Z"
 342      E83D2285 
 342      22B0A39B 
 342      E014FE5A 
ARM GAS  /tmp/cc6dWDgj.s 			page 27


 343 0ba4 712F4233 		.ascii	"q/B3B\017@\213\301oB\353\275\031\275\321\032\034\257"
 343      420F408B 
 343      C16F42EB 
 343      BD19BDD1 
 343      1A1CAF
 344 0bb7 A1A8AE4F 		.ascii	"\241\250\256O\235l\321)\005\276\024\000\003t\335\326"
 344      9D6CD129 
 344      05BE1400 
 344      0374DDD6 
 345 0bc7 D2E3E91E 		.ascii	"\322\343\351\036\313F\212e\003\346`\206j\357\357\262"
 345      CB468A65 
 345      03E66086 
 345      6AEFEFB2 
 346 0bd7 83E9F83E 		.ascii	"\203\351\370>\244^\244\225\354\356\201\024\212\025\261"
 346      A45EA495 
 346      ECEE8114 
 346      8A15B1
 347 0be6 C4BA6289 		.ascii	"\304\272b\211\243X\246\342nN\350\360n\367X\012\2674"
 347      A358A6E2 
 347      6E4EE8F0 
 347      6EF7580A 
 347      B734
 348 0bf8 9EF19262 		.ascii	"\236\361\222b\371\343\353\022(\011\024J\274\035J\342"
 348      F9E3EB12 
 348      2809144A 
 348      BC1D4AE2 
 349 0c08 F32B951A 		.ascii	"\363+\225\032\200\322\013\271{1\333cw\024\304e?\242"
 349      80D20BB9 
 349      7B31DB63 
 349      7714C465 
 349      3FA2
 350 0c1a 62689388 		.ascii	"bh\223\210e\023f\373Vh3\305\320\366\370Y\205\02670\014"
 350      651366FB 
 350      566833C5 
 350      D0F6F859 
 350      85163730 
 351 0c2f A5A9393B 		.ascii	"\245\2519;\371\253\256&\322Mu\317\222K\370\253\024\353"
 351      F9ABAE26 
 351      D24D75CF 
 351      924BF8AB 
 351      14EB
 352 0c41 B780DF78 		.ascii	"\267\200\337xsC\213\226\335\037\247;\251\261\373.\361"
 352      73438B96 
 352      DD1FA73B 
 352      A9B1FB2E 
 352      F1
 353 0c52 4DD8EB64 		.ascii	"M\330\353d\243\265\350yF\276\222\277z\361\006~\346n"
 353      A3B5E879 
 353      46BE92BF 
 353      7AF1067E 
 353      E66E
 354 0c64 FB01BEA8 		.ascii	"\373\001\276\250\034\241]\227Q\3707\3702\263\3658\245"
 354      1CA15D97 
 354      51F837F8 
 354      32B3F538 
 354      A5
 355 0c75 A3C7075F 		.ascii	"\243\307\007_a\314\335\354\226\026\214\333)#\324\216"
ARM GAS  /tmp/cc6dWDgj.s 			page 28


 355      61CCDDEC 
 355      96168CDB 
 355      2923D48E 
 356 0c85 278E6077 		.ascii	"'\216`w\257C\322\260\373\327I\313w\322\015\315\235X"
 356      AF43D2B0 
 356      FBD749CB 
 356      77D20DCD 
 356      9D58
 357 0c97 8B76E059 		.ascii	"\213v\340YoDpftQ\216\017\232\353\357';\211R\240]\230"
 357      6F447066 
 357      74518E0F 
 357      9AEBEF27 
 357      3B8952A0 
 358 0cad 3DB47783 		.ascii	"=\264w\203\211t,\235A].\366\030?MT\203\310\354gB\377"
 358      89742C9D 
 358      415D2EF6 
 358      183F4D54 
 358      83C8EC67 
 359 0cc3 0E35AB39 		.ascii	"\0165\2539\304\360v0L\024\311\324\034\262\321u`\360"
 359      C4F07630 
 359      4C14C9D4 
 359      1CB2D175 
 359      60F0
 360 0cd5 9A0A5BE9 		.ascii	"\232\012[\351>\264p\247\254\363\367\310\177.3\361\340"
 360      3EB470A7 
 360      ACF3F7C8 
 360      7F2E33F1 
 360      E0
 361 0ce6 1DF2CCD9 		.ascii	"\035\362\314\331\007-\367\210\320\2119ws\276\275\200"
 361      072DF788 
 361      D0893977 
 361      73BEBD80 
 362 0cf6 520E3158 		.ascii	"R\0161X\331\336\177iT\203\223\331n\367\303\233Q\007"
 362      D9DE7F69 
 362      548393D9 
 362      6EF7C39B 
 362      5107
 363 0d08 7D713A63 		.ascii	"}q:c2\35276jp\006cr\223\"`\220\3442&*\362\3405\201\354"
 363      32EA3736 
 363      6A700663 
 363      72932260 
 363      90E43226 
 364 0d22 6B44BD7C 		.ascii	"kD\275|g\021_?u\366\240\017\202E}\2465:\212>\267;6\247"
 364      67115F3F 
 364      75F6A00F 
 364      82457DA6 
 364      353A8A3E 
 365 0d3a B0E7F641 		.ascii	"\260\347\366A\254C\007\000\375ay\377\345\375\310\344"
 365      AC430700 
 365      FD6179FF 
 365      E5FDC8E4 
 366 0d4a 0D881F47 		.ascii	"\015\210\037G\300\217CN\221o\275\317*\364a\354\272\225"
 366      C08F434E 
 366      916FBDCF 
 366      2AF461EC 
 366      BA95
 367 0d5c 7133EE49 		.ascii	"q3\356I\216\022\027\262P\026Wo\271\352\345\210%T\356"
ARM GAS  /tmp/cc6dWDgj.s 			page 29


 367      8E1217B2 
 367      5016576F 
 367      B9EAE588 
 367      2554EE
 368 0d6f 4E36A73D 		.ascii	"N6\247=\006\212\263\304x\036~I<\217\202m9\034\344]\343"
 368      068AB3C4 
 368      781E7E49 
 368      3C8F826D 
 368      391CE45D 
 369 0d84 CEBB71DE 		.ascii	"\316\273q\336\270\226\005jCGy\2657nbL\342\271\316i_"
 369      B896056A 
 369      434779B5 
 369      376E624C 
 369      E2B9CE69 
 370 0d99 DCCE40C4 		.ascii	"\334\316@\304\\\316\273\353\366]k\216\333\274\355>L"
 370      5CCEBBEB 
 370      F65D6B8E 
 370      DBBCED3E 
 370      4C
 371 0daa 676C2721 		.ascii	"gl'!y\262gg-\272\231\320\007\013\302[\314^RYF\211\032"
 371      79B26767 
 371      2DBA99D0 
 371      070BC25B 
 371      CC5E5259 
 372 0dc1 DF63CCC9 		.ascii	"\337c\314\311\023S\271ZZ1\364\366\202\221\261+>\327"
 372      1353B95A 
 372      5A31F4F6 
 372      8291B12B 
 372      3ED7
 373 0dd3 DB6DC138 		.ascii	"\333m\3018C\013\306i{\301\310\210\210oq\332\312\202"
 373      430BC669 
 373      7BC1C888 
 373      886F71DA 
 373      CA82
 374 0de5 FB922E3F 		.ascii	"\373\222.?\213\355\3238\220\315\312O=\356\205\307\230"
 374      8BEDD338 
 374      90CDCA4F 
 374      3DEE85C7 
 374      98
 375 0df6 A36727A2 		.ascii	"\243g'\242\273\005\344\257\3433\316\335\257E\222.\312"
 375      BB05E4AF 
 375      E333CEDD 
 375      AF45922E 
 375      CA
 376 0e07 07F973A2 		.ascii	"\007\371s\242\003\320\334y\236(\325\216\362 \034N\006"
 376      03D0DC79 
 376      9E28D58E 
 376      F2201C4E 
 376      06
 377 0e18 1E3D4DE9 		.ascii	"\036=M\351\365\305\323\3143\333\331\3023:\034\355\305"
 377      F5C5D3CC 
 377      33DBD9C2 
 377      333A1CED 
 377      C5
 378 0e29 3687A7F7 		.ascii	"6\207\247\367\344\363\"2\017\330\347=IIj\2761Ej\316"
 378      E4F32232 
 378      0FD8E73D 
ARM GAS  /tmp/cc6dWDgj.s 			page 30


 378      49496ABE 
 378      31456ACE 
 379 0e3d 586D4F9C 		.ascii	"XmO\234\027\336\306dmS\005\235:\234N\031mG\327\336X"
 379      17DEC664 
 379      6D53059D 
 379      3A9C4E19 
 379      6D47D7DE 
 380 0e52 2DD974F3 		.ascii	"-\331t\363\363\323\371\371\317\365s\232\256\027AT\012"
 380      F3D3F9F9 
 380      CFF5739A 
 380      AE174154 
 380      0A
 381 0e63 212AC806 		.ascii	"!*\310\006H\252y\277_\200\363*\354\207*\200.\002\225"
 381      48AA79BF 
 381      5F80F32A 
 381      EC872A80 
 381      2E0295
 382 0e76 01956397 		.ascii	"\001\225c\227\205t\317q>M%\016\237\002\207\253\261\233"
 382      8574CF71 
 382      3E4D250E 
 382      9F0287AB 
 382      B19B
 383 0e88 E98E231B 		.ascii	"\351\216#\033k\331j\266\024\004K\304\010U\343\271R\275"
 383      6BD96AB6 
 383      14044BC4 
 383      0855E3B9 
 383      52BD
 384 0e9a 77EBC5E9 		.ascii	"w\353\305\351o\261\253\332Y[\226C\177\340\223(\000\221"
 384      6FB1ABDA 
 384      595B9643 
 384      7FE09328 
 384      0091
 385 0eac EB2A2D99 		.ascii	"\353*-\231\025I:\240\024K\3270\225\264\177\354\233\025"
 385      15493AA0 
 385      144BD730 
 385      95B47FEC 
 385      9B15
 386 0ebe 126D05B2 		.ascii	"\022m\005\262\332$\263\246\356.6&\253\235\307\244|x"
 386      DA24B3A6 
 386      EE2E3626 
 386      AB9DC7A4 
 386      7C78
 387 0ed0 CF736DDF 		.ascii	"\317sm\337,\274O\273\370T\222\214\206\023\362\261\265"
 387      2CBC4FBB 
 387      F854928C 
 387      8613F2B1 
 387      B5
 388 0ee1 D7D243E5 		.ascii	"\327\322C\345OmZ|\202u|^t\377s_\\I\031\325\336\224\224"
 388      4F6D5A7C 
 388      82757C5E 
 388      74FF735F 
 388      5C4919D5 
 389 0ef8 724F4477 		.ascii	"rODw\033\375\344\267pj@u\035Gu\011P]\006$\015@\215@"
 389      1BFDE4B7 
 389      706A4075 
 389      1D477509 
 389      505D0624 
ARM GAS  /tmp/cc6dWDgj.s 			page 31


 390 0f10 F54E882A 		.ascii	"\365N\210*\202Xd\010\240Z\336\352%s\333\247=|\266j\357"
 390      82586408 
 390      A05ADEEA 
 390      2573DBA7 
 390      3D7CB66A 
 391 0f25 973A37FD 		.ascii	"\227:7\375\302C\331\303BY'\367\\\251\036t\011\206\214"
 391      C243D9C3 
 391      425927F7 
 391      5CA91E74 
 391      09868C
 392 0f38 6D4946F4 		.ascii	"mIF\364KM\027\310\232\266\207.\245\356\364\220\032_"
 392      4B4D17C8 
 392      9AB6872E 
 392      A5EEF490 
 392      1A5F
 393 0f4a F6625F1F 		.ascii	"\366b_\037\344o*\367\205\307\242\233=7\210\316\253\""
 393      E46F2AF7 
 393      85C7A29B 
 393      3D3788CE 
 393      AB22
 394 0f5c E5C8F3C6 		.ascii	"\345\310\363\306\250\355$\317\233A\276I\314\363:\232"
 394      A8ED24CF 
 394      9B41BE49 
 394      CCF33A9A 
 395 0f6c E760B6A0 		.ascii	"\347`\266\240dx\031\033\310\013\310\344\246\353\221"
 395      6478191B 
 395      C80BC8E4 
 395      A6EB91
 396 0f7b 8DCF017B 		.ascii	"\215\317\001{\311@\316m\334\222\356\215\357\260\376"
 396      C940CE6D 
 396      DC92EE8D 
 396      EFB0FE
 397 0f8a 4C7971B1 		.ascii	"Lyq\261\022\012\035cJlc\245J<\306\230\264\262\334\213"
 397      120A1D63 
 397      4A6C63A5 
 397      4A3CC698 
 397      B4B2DC8B 
 398 0f9e 184F     		.ascii	"\030O"
 399 0fa0 31E661E6 		.ascii	"1\346a\346\301A\001G\350(\223\034\2351\340\21372&;9"
 399      C1410147 
 399      E828931C 
 399      9D31E08B 
 399      3732263B 
 400 0fb5 2245C049 		.ascii	"\"E\300I\2149\031\331wA\215\367R\3063\267p\250@E\337"
 400      8C3919D9 
 400      77418DF7 
 400      52C633B7 
 400      70A84045 
 401 0fca F2404DF0 		.ascii	"\362@M\360s\014\277\234K\222\375\2616@\337\367\322\361"
 401      730CBF9C 
 401      4B92FDB1 
 401      3640DFF7 
 401      D2F1
 402 0fdc 57F185B8 		.ascii	"W\361\205\270\316h\225\227vZ\226H\304o\270\212;/\327"
 402      CE689597 
 402      765A9648 
 402      C46FB88A 
ARM GAS  /tmp/cc6dWDgj.s 			page 32


 402      3B2FD7
 403 0fef C806FED0 		.ascii	"\310\006\376\320\234\024+\351J\262\344\357\340\342n"
 403      9C142BE9 
 403      4AB2E4EF 
 403      E0E26E
 404 0ffe 97FC     		.ascii	"\227\374"
 405 1000 D5432C89 		.ascii	"\325C,\211\372^2\036\257\302xl!\343\261\223k#\375y\023"
 405      FA5E321E 
 405      AFC2786C 
 405      21E3B193 
 405      6B23FD79 
 406 1015 FAB317FA 		.ascii	"\372\263\027\372\361\026\320m\240.\240n\240\036\247"
 406      F116D06D 
 406      A02EA06E 
 406      A01EA7
 407 1024 11D03A24 		.ascii	"\021\320:$\331\004nw\305>k\257\242\357s\346)Y\014^\227"
 407      D9046E77 
 407      C53E6BAF 
 407      A2EF73E6 
 407      29590C5E 
 408 1039 97668121 		.ascii	"\227f\201!\337\240<\334~W\211\263t\354E\371\205\336"
 408      DFA03CDC 
 408      7E5789B3 
 408      74EC45F9 
 408      85DE
 409 104b FD826B1E 		.ascii	"\375\202k\036:p\017\000\326o\212\333\221\2179\225\211"
 409      3A700F00 
 409      D66F8ADB 
 409      918F3995 
 409      89
 410 105c 241FFBA1 		.ascii	"$\037\373\241\335\0351\037\373\354\371\330\364\370@"
 410      DD1D311F 
 410      FBECF9D8 
 410      F4F840
 411 106b 9C0A9F63 		.ascii	"\234\012\237c9\022\335\024\361O\270\214\235\017\014"
 411      3912DD14 
 411      F14FB88C 
 411      9D0F0C
 412 107a EC4FE59F 		.ascii	"\354O\345\237x}\007\330\326\222\355\347\005\255\370"
 412      787D07D8 
 412      D692EDE7 
 412      05ADF8
 413 1089 9904B92E 		.ascii	"\231\004\271.\026\322{\230\274\244\015X\200\2060}G;"
 413      16D27B98 
 413      BCA40D58 
 413      8086307D 
 413      473B
 414 109b 7CA8F134 		.ascii	"|\250\3614y^\371k\321\237%\037\037\370\263G[zr\337\016"
 414      795EF96B 
 414      D19F251F 
 414      1FF8B347 
 414      5B7A72DF 
 415 10b0 0D6E642E 		.ascii	"\015nd.\247=9;\345\370p*7\312\372W\021K%[\256#\340\246"
 415      A73D393B 
 415      E5F8702A 
 415      37CAFA57 
 415      114B255B 
ARM GAS  /tmp/cc6dWDgj.s 			page 33


 416 10c8 3F9F320C 		.ascii	"?\2372\014C\034\356c\361\023\260\205{\350'`\017\241"
 416      431CEE63 
 416      F113B085 
 416      7BE82760 
 416      0FA1
 417 10da 323C103D 		.ascii	"2<\020=\363\347s\206\015\321Y\211^\270\235\031IM\354"
 417      F3E77386 
 417      0DD15989 
 417      5EB89D19 
 417      494DEC
 418 10ed EB544B3F 		.ascii	"\353TK?\262\271H?@\030\203\246\217\304\246\017\261\343"
 418      B2B9483F 
 418      401883A6 
 418      8FC4A60F 
 418      B1E3
 419 10ff ADF92C20 		.ascii	"\255\371, \2432@\310\373\342\234\316*%\356cV\236\304"
 419      A33240C8 
 419      FBE29CCE 
 419      2A25EE63 
 419      569EC4
 420 1112 0D67B877 		.ascii	"\015g\270w\345\251[Wz\032qW\345&\322KO\000\320c\021"
 420      E5A95B57 
 420      7A1A7157 
 420      E526D24B 
 420      4F00D063 
 421 1127 D018E6CE 		.ascii	"\320\030\346\316\334\353\217\273\257\236\223\304\263"
 421      DCEB8FBB 
 421      AF9E93C4 
 421      B3
 422 1134 E2BDF954 		.ascii	"\342\275\371T0\005\224l\245\223\232gx\216\275\023\310"
 422      3005946C 
 422      A5939A67 
 422      788EBD13 
 422      C8
 423 1145 E86E3876 		.ascii	"\350n8vb\020\321\321M\352\277c\373\262\376a\264\325"
 423      6210D1D1 
 423      4DEABF63 
 423      FBB2FE61 
 423      B4D5
 424 1157 DA674344 		.ascii	"\332gCD\034\335\005+\323\220\023v%(\031\273$\361\323"
 424      1CDD052B 
 424      D3901376 
 424      252819BB 
 424      24F1D3
 425 116a 713E0049 		.ascii	"q>\000I\352\\\343\342\216\\t\335]\032]\317R\236\314"
 425      EA5CE3E2 
 425      8E5C74DD 
 425      5D1A5DCF 
 425      529ECC
 426 117d 36F77361 		.ascii	"6\367saG\312\337\236\265\221|\345k\2665L\366\0252\270"
 426      47CADF9E 
 426      B5917CE5 
 426      6BB6354C 
 426      F61532B8 
 427 1191 B8E3A58E 		.ascii	"\270\343\245\216d#Y\034\010\363\025(\011\214'\022\343"
 427      6423591C 
 427      08F31528 
ARM GAS  /tmp/cc6dWDgj.s 			page 34


 427      098C2712 
 427      E3
 428 11a2 83BC0519 		.ascii	"\203\274\005\031\0103\020\326\011H\374\027@\223@S@\317"
 428      083310D6 
 428      0948FC17 
 428      40934053 
 428      40CF
 429 11b4 81C6B174 		.ascii	"\201\306\261t\273q\362k\006\217,.\266\271\302K\305\263"
 429      BB71F26B 
 429      068F2C2E 
 429      B6B9C24B 
 429      C5B3
 430 11c6 E0AD67F0 		.ascii	"\340\255g\360H\025?\316\305\035\217\003\351N\024\237"
 430      48153FCE 
 430      C51D8F03 
 430      E94E149F 
 431 11d6 A18FB3EA 		.ascii	"\241\217\263\3523=k\206^\022\023\375\324\033\017\263"
 431      333D6B86 
 431      5E1213FD 
 431      D41B0FB3 
 432 11e6 FCA8897C 		.ascii	"\374\250\211|z[#\235\241\017Vn!\275\036\251\234\213"
 432      7A5B239D 
 432      A10F566E 
 432      21BD1EA9 
 432      9C8B
 433 11f8 AC4A47AF 		.ascii	"\254JG\257O\2133\364Y\236G(\375\277\261\347`>\241\177"
 433      4F8B33F4 
 433      599E4728 
 433      FDBFB1E7 
 433      603EA17F 
 434 120c F8B6F0D6 		.ascii	"\370\266\360\326\001\272\036\206\014H;\225\033gM\252"
 434      01BA1E86 
 434      0C483B95 
 434      1B674DAA 
 435 121c 82053131 		.ascii	"\202\00511\271\205%\232C\271\202\\\201\277Q\312\267"
 435      B985259A 
 435      43B9825C 
 435      81BF51CA 
 435      B7
 436 122d C8B72EF7 		.ascii	"\310\267.\367j\243Ux\202\025\203'\023\233\036\360\371"
 436      6AA35578 
 436      82158327 
 436      139B1EF0 
 436      F9
 437 123e E7EBC05E 		.ascii	"\347\353\300^\335\277\243\227?\266r\311c\253)\265\242"
 437      DDBFA397 
 437      3FB672C9 
 437      63AB29B5 
 437      A2
 438 124f CD13477A 		.ascii	"\315\023GzSY\373WI\363\330WI\261\003\205U\010'\263{"
 438      5359FB57 
 438      49F3D857 
 438      49B10385 
 438      550827B3 
 439 1264 E72BDAAA 		.ascii	"\347+\332\2520\336\303\230\232\366\215\365\276\370\030"
 439      30DEC398 
 439      9AF68DF5 
ARM GAS  /tmp/cc6dWDgj.s 			page 35


 439      BEF818
 440 1273 63B64E27 		.ascii	"c\266N'$+q>c\354\237\227\316c\237\227f>\332]\251\302"
 440      242B713E 
 440      63EC9F97 
 440      CE639F97 
 440      663EDA5D 
 441 1289 17D9BD8E 		.ascii	"\027\331\275\216C\007\257!\334\302\230\204\266\254\006"
 441      4307AF21 
 441      DCC29884 
 441      B6AC06
 442 1298 2DEE654C 		.ascii	"-\356eLa\351\206!/<\314\230\322\241\212h\214\307\271"
 442      61E98621 
 442      2F3CCC98 
 442      D2A18A68 
 442      8CC7B9
 443 12ab A52BC707 		.ascii	"\245+\307\007\2248\332\207}\336\222\227\237\252\306"
 443      9438DA87 
 443      7DDE9297 
 443      9FAAC6
 444 12ba 5B193372 		.ascii	"[\0313r\355\352v\015\336\313\230\332\263'\255\036\370"
 444      EDEA760D 
 444      DECB98DA 
 444      B327AD1E 
 444      F8
 445 12cb 28630E4D 		.ascii	"(c\016MN\215\220\017#\026\222\317\005\261\244\210-d"
 445      4E8D900F 
 445      231692CF 
 445      05B1A488 
 445      2D64
 446 12dd 45ACACBE 		.ascii	"E\254\254\276\366\260\016\237\245\302\302\311]\323\323"
 446      F6B00E9F 
 446      A5C2C2C9 
 446      5DD3D3
 447 12ec BEF6910F 		.ascii	"\276\366\221\017\253\016\017\177\205c\315\201vC\237"
 447      AB0E0F7F 
 447      8563CD81 
 447      76439F
 448 12fb 2DE4037F 		.ascii	"-\344\003\177\247r\001\332\241\224\324\260\035\364["
 448      A77201DA 
 448      A194D4B0 
 448      1DF45B
 449 130a AB5D4A2D 		.ascii	"\253]J-J\0233`!\037\366\245\311\235\375Z\\\306lD6m\033"
 449      4A133360 
 449      211FF6A5 
 449      C99DFD5A 
 449      5CC66C44 
 450 1321 736B63AF 		.ascii	"skc\257[\033P\354\252h\261\333\0036\322E\033`\222/k"
 450      5B1B50EC 
 450      AA68B1DB 
 450      0336D245 
 450      1B60922F 
 451 1336 0E47D994 		.ascii	"\016G\331\224\270\206y]\331\237\261\335\01371fp\346"
 451      B886795D 
 451      D99FB1DD 
 451      0B373166 
 451      70E6
 452 1348 F1A880AF 		.ascii	"\361\250\200\2573\246b4\367\010\177\036\220h\364&U\316"
ARM GAS  /tmp/cc6dWDgj.s 			page 36


 452      33A66234 
 452      F7087F1E 
 452      9068F426 
 452      55CE
 453 135a F8BA7D1E 		.ascii	"\370\272}\036\034P\362\347A\246\222}\252U\236\236\352"
 453      1C50F2E7 
 453      41A6927D 
 453      AA559E9E 
 453      EA
 454 136b 29D62F44 		.ascii	")\326/D\277\036\022\305\017*\347\330\033\321-\225\236"
 454      BF1E12C5 
 454      0F2AE7D8 
 454      1BD12D95 
 454      9E
 455 137c EA1C0DEE 		.ascii	"\352\034\015\356\247v\347=m\033=\244A~\316?\362\352"
 455      A776E73D 
 455      6D1B3DA4 
 455      417ECE3F 
 455      F2EA
 456 138e 7C2E7B34 		.ascii	"|.{4\267u\253\247\012!\277cu\364{\262\024\360\360\274"
 456      B775ABA7 
 456      0A21BF63 
 456      75F47BB2 
 456      14F0F0BC 
 457 13a2 D2B16BCC 		.ascii	"\322\261k\314\036\266QX\262\037=\237m1\023\341\004g"
 457      1EB65158 
 457      B21F3D9F 
 457      6D3113E1 
 457      0467
 458 13b4 E159139C 		.ascii	"\341Y\023\234\311XlM\230OE\3679\213\006\270\356\\\217"
 458      C9586C4D 
 458      984F45F7 
 458      398B06B8 
 458      EE5C8F
 459 13c7 6E708826 		.ascii	"np\210&\311A\220\312V\354\300\326\324\371\264C\266s"
 459      C94190CA 
 459      56ECC0D6 
 459      D4F9B443 
 459      B673
 460 13d9 59474706 		.ascii	"YGG\006\270\356\237\017I\360\306\311\341\335\250\224"
 460      B8EE9F0F 
 460      49F0C6C9 
 460      E1DDA894 
 461 13e9 4CB124C2 		.ascii	"L\261$\302\361r\302oKPHd\267\310A\336,Q<*F\"C&\022\322"
 461      F172C26F 
 461      4B504864 
 461      B7C841DE 
 461      2C513C2A 
 462 1403 695EC5B7 		.ascii	"i^\305\267E\275\207\3440HCQ'\206m\233\034\006\351\013"
 462      45BD87E4 
 462      30484351 
 462      27866D9B 
 462      1C06E90B 
 463 1417 2B09DE0D 		.ascii	"+\011\336\015rz\245 \206D\275\311rz\245\305~\350u\""
 463      727AA520 
 463      8644BDC9 
 463      727AA5C5 
ARM GAS  /tmp/cc6dWDgj.s 			page 37


 463      7EE87522 
 464 142b 0A3988F6 		.ascii	"\0129\210\366sQ\267/\315\372$\0306\311a`\231f\177\377"
 464      7351B72F 
 464      CDFA2418 
 464      36C96160 
 464      99667FFF 
 465 143f 8AC9A606 		.ascii	"\212\311\246\006\310\314^\327\264\266aQS\252\034BIO"
 465      C8CC5ED7 
 465      B4B66151 
 465      53AA1C42 
 465      494F
 466 1451 F589CE6C 		.ascii	"\365\211\316l\225\023\225f\300\244(\233(';%\276B\245"
 466      95139566 
 466      C0A4289B 
 466      28273B25 
 466      BE42A5
 467 1464 0F174181 		.ascii	"\017\027A\201b\241^\304\020\025T\232~\211\004\325\344"
 467      62A15EC4 
 467      1015549A 
 467      7E8904D5 
 467      E4
 468 1475 8CD20F9D 		.ascii	"\214\322\017\235\004\312\002:\006\224\013\224\007t\030"
 468      04CA023A 
 468      06940B94 
 468      077418
 469 1484 281FE834 		.ascii	"(\037\3504\320Q\240\002\240l\240#@'\200\316\002\035"
 469      D051A002 
 469      A06CA023 
 469      402780CE 
 469      021D
 470 1496 073A0594 		.ascii	"\007:\005\224\243t<\211ZG\233rTx\207/\233(\025\027\215"
 470      A3743C89 
 470      5A479B72 
 470      5478872F 
 470      9B281517 
 471 14ab 23A769AE 		.ascii	"#\247i\256\004\006*\006\353\177)$\374\343\2404\372v"
 471      04062A06 
 471      EB7F2924 
 471      FCE3A034 
 471      FA76
 472 14bd AB088C14 		.ascii	"\253\010\214\024\212\025\221t\024\373\346~\250\244\304"
 472      8A159174 
 472      14FBE67E 
 472      A8A4C4
 473 14cc 632E07B7 		.ascii	"c.\007\267\321-8\305\377u\214\006w\364Ly\300\323:\327"
 473      D12D38C5 
 473      FF758C06 
 473      77F44C79 
 473      C0D33AD7 
 474 14e0 4677F5B3 		.ascii	"Fw\365\263\242\352\241\270\012\250\004\314E3\230\222"
 474      A2EAA1B8 
 474      0AA804CC 
 474      45339892 
 475 14f0 BE2257FE 		.ascii	"\276\"W\376\013\220\225\322\247u\362\310h\212\312m9"
 475      0B9095D2 
 475      A775F2C8 
 475      688ACA6D 
ARM GAS  /tmp/cc6dWDgj.s 			page 38


 475      39
 476 1501 2EB397E3 		.ascii	".\263\227\343%\254\032\027=\230R\272Vcq\213\314F\253"
 476      25AC1A17 
 476      3D9852BA 
 476      5663718B 
 476      CC46AB
 477 1514 316D4319 		.ascii	"1mC\031\262H\231\312.\344\337r\253\310\263\257!\272"
 477      B24899CA 
 477      2EE4DF72 
 477      ABC8B3AF 
 477      21BA
 478 1526 D8CBADB5 		.ascii	"\330\313\255\265\012\273\265rV\374\037o\212y\306\377"
 478      0ABBB572 
 478      56FC1F6F 
 478      8A79C6FF 
 479 1536 6B09F9E8 		.ascii	"k\011\371\350\376x_j=r\265\016\265\006UR\277\252\250"
 479      FE785F6A 
 479      3D72B50E 
 479      B5065552 
 479      BFAAA8
 480 1549 F50A66BD 		.ascii	"\365\012f\275\212ZO\267\345]v\332\244\213TJwq.(\351"
 480      8A5A4FB7 
 480      E55D76DA 
 480      A48B544A 
 480      77712E28 
 481 155e 2E0E3992 		.ascii	".\0169\222\271\310\203\242\004/\274\237&\032:\2210\223"
 481      B9C883A2 
 481      042FBC9F 
 481      261A3A91 
 481      3093
 482 1570 EAE1762F 		.ascii	"\352\341v/\360\242R\372N\245,\341\340\025\355\233\031"
 482      F0A252FA 
 482      4EA52CE1 
 482      E015ED9B 
 482      19
 483 1581 565BAFD5 		.ascii	"V[\257\325voX\335X\037km\002\377>\244r\250Z\314\023"
 483      766F58DD 
 483      581F6B6D 
 483      02FF3EA4 
 483      72A85ACC 
 484 1596 38757E93 		.ascii	"8u~\223Q\243$o\021z\367\015\244x\343K\314pZ\355\320"
 484      51A3246F 
 484      117AF70D 
 484      A478E34B 
 484      CC705AED 
 485 15ab 29BBB2A9 		.ascii	")\273\262\251\036\274\353\262\223\262ZQY\255\253\262"
 485      1EBCEBB2 
 485      93B25A51 
 485      59ADABB2 
 486 15bb 3AAAACAD 		.ascii	":\252\254\255\277b%ng\272\216e\357\315\365\301\003\214"
 486      BF62256E 
 486      67BA8E65 
 486      EFCDF5C1 
 486      038C
 487 15cd 89AFA84C 		.ascii	"\211\257\250LW)\241\337\033HCr\345b\326\271rD\267@\311"
 487      5729A1DF 
 487      1B484372 
ARM GAS  /tmp/cc6dWDgj.s 			page 39


 487      E562D6B9 
 487      7244B740 
 488 15e2 7F54617B 		.ascii	"\177Ta{\240;Z2\013\335\357\201^\246~7*\271\343\273\037"
 488      A03B5A32 
 488      0BDDEF81 
 488      5EA67E37 
 488      2AB9E3BB 
 489 15f7 95A56938 		.ascii	"\225\245i8\326\207/\3245\247n\267DX\347E\177\217\310"
 489      D6872FD4 
 489      35A76EB7 
 489      4458E745 
 489      7F8FC8
 490 160a A17A3B54 		.ascii	"\241z;TtI\251$\2343\332&\2126!\346X\204\032g\276F\021"
 490      7449A924 
 490      9C33DA26 
 490      8A3621E6 
 490      58841A67 
 491 1621 DE3873B6 		.ascii	"\3368s\266\336\327\256nX]\030O>\333\213\260\276\367"
 491      DED7AE6E 
 491      585D184F 
 491      3EDB8BB0 
 491      BEF7
 492 1633 2175BD59 		.ascii	"!u\275Yt\275\331U\331\025\252\354\360\263\361x\037|"
 492      74BDD955 
 492      D915AAEC 
 492      F0B3F178 
 492      1F7C
 493 1645 82297BF4 		.ascii	"\202){\364\354\264F\014\343\364%\2470\266\210\272Z\\"
 493      ECB4460C 
 493      E3F425A7 
 493      30B688BA 
 493      5A5C
 494 1657 755D65BA 		.ascii	"u]e\272:\323\012|\245\231\323\357\264\377w\215g\316"
 494      3AD30A7C 
 494      A599D3EF 
 494      B4FF778D 
 494      67CE
 495 1669 359A3917 		.ascii	"5\2329\027\263\307G\224R\341\004\247\275\340V.\334J"
 495      B3C74794 
 495      52E104A7 
 495      BDE0562E 
 495      DC4A
 496 167b 850F24DC 		.ascii	"\205\017$\334\337\244\302y\014\345\376Kc\333\265\270"
 496      DFA4C279 
 496      0CE5FE4B 
 496      63DBB5B8 
 497 168b 8A312747 		.ascii	"\2121'G\037\237T\261t'\377\371)\271\253|\322\333\355"
 497      1F9F54B1 
 497      7427FFF9 
 497      29B9AB7C 
 497      D2DBED
 498 169e 58E9B08F 		.ascii	"X\351\260\217\225v>Q\212j>\355\343:8\354+\017\005\352"
 498      95763E51 
 498      8A6A3EED 
 498      E33A38EC 
 498      2B0F05EA 
 499 16b2 A483A3C3 		.ascii	"\244\203\243\303>Q:5>3\346!\225\336\3712\351\366}\266"
ARM GAS  /tmp/cc6dWDgj.s 			page 40


 499      3E513A35 
 499      3E33E621 
 499      95DEF932 
 499      E9F67DB6 
 500 16c6 682F282F 		.ascii	"h/(/M\254\274\\>\024c\215\210\205U\313\015x\362]\207"
 500      4DACBC5C 
 500      3E14638D 
 500      888555CB 
 500      0D78F25D 
 501 16db 50C6E137 		.ascii	"P\306\3417%\215\333x}\351R\276\245\370\273\305\213\003"
 501      258DDB78 
 501      7DE952BE 
 501      A5F8BBC5 
 501      8B03
 502 16ed D8BF3073 		.ascii	"\330\2770s\200\311\022`6\031\002\014kL\306\325Af\213"
 502      80C91260 
 502      3619020C 
 502      6B4CC6D5 
 502      41668B
 503 1700 69FD6283 		.ascii	"i\375b\203\347\317\177\363\2737\336_\272T\241\015\327"
 503      E7CF7FF3 
 503      BB37DE5F 
 503      BA54A10D 
 503      D7
 504 1711 9B8C81C1 		.ascii	"\233\214\201\301\341\246\2400\255^\2776(\324\362\366"
 504      E1A6A030 
 504      AD5EBF36 
 504      28D4F2F6 
 505 1721 32BD2516 		.ascii	"2\275%\026\005\254\011\0131\006\004\032\314\306E\301"
 505      05AC090B 
 505      3106041A 
 505      CCC645C1 
 506 1731 819F05FC 		.ascii	"\201\237\005\3744\314\2606\304\030j1\007|j\014\014\371"
 506      34CCB036 
 506      C4186A31 
 506      077C6A0C 
 506      0CF9
 507 1743 55C00786 		.ascii	"U\300\007\206\340\240p\263Qo\\\024\276\326\360\305\262"
 507      E0A070B3 
 507      516F5C14 
 507      BED6F0C5 
 507      B2
 508 1754 804FC3C2 		.ascii	"\200O\303\302\202\315\001\253\015\206E\201\246\220E"
 508      82CD01AB 
 508      0D864581 
 508      A69045
 509 1763 A161A1C6 		.ascii	"\241a\241\306E\306\300\317\202\026\275\263h\331\222"
 509      45C6C0CF 
 509      8216BDB3 
 509      68D992
 510 1772 A5EF2CFA 		.ascii	"\245\357,\372\323\362E!\201\237\207\231\002\234\356"
 510      D3F24521 
 510      819F8799 
 510      029CEE
 511 1781 0604851A 		.ascii	"\006\004\205\032\202\327\2564\006\204\004\032\326\004"
 511      82D7AE34 
 511      0684041A 
ARM GAS  /tmp/cc6dWDgj.s 			page 41


 511      D604
 512 178f 851A03F4 		.ascii	"\205\032\003\364+\215\253\002\327\006[\364\226\365\341"
 512      2B8DAB02 
 512      D7065BF4 
 512      96F5E1
 513 179e 46F3E235 		.ascii	"F\363\3425\012O;\240\377\376\177\305c^o\016\320\233"
 513      0A4F3BA0 
 513      FFFE7FC5 
 513      635E6F0E 
 513      D09B
 514 17b0 2D2BC138 		.ascii	"-+\3018\200P[Ht\364\226\345.1\015\0173\201\375\237|"
 514      80505B48 
 514      74F496E5 
 514      2E310D0F 
 514      3381FD9F 
 515 17c5 FCD1FB1F 		.ascii	"\374\321\373\037\255\0130\204\205\204\007"
 515      AD0B3084 
 515      858407
 516 17d0 051B4DE6 		.ascii	"\005\033M\346\200\237\277\377>\204\332\356\201&\\\037"
 516      809FBFFF 
 516      3E84DAEE 
 516      81265C1F 
 517 17e0 6259170C 		.ascii	"bY\027\014aW\205\350C\215\353,\352\020}\330W\241F\023"
 517      615785E8 
 517      438DEB2C 
 517      EA107DD8 
 517      57A14613 
 518 17f4 1CFFB4D6 		.ascii	"\034\377\264\326\270\326\250\012\247\227_3\254\321["
 518      B8D6A80A 
 518      A7975F33 
 518      ACD15B
 519 1803 A0830257 		.ascii	"\240\203\002W\232\035\327\303M\306/}\235.\352\241\371"
 519      9A1DD7C3 
 519      4DC62F7D 
 519      9D2EEAA1 
 519      F9
 520 1814 5A8B719D 		.ascii	"Z\213q\235\336\342\011\362\364\024:\320\030n\014\005"
 520      DEE209F2 
 520      F4143AD0 
 520      186E0C05 
 521 1824 ACABBD8C 		.ascii	"\254\253\275\214_BHB\002\315_\350-\036`\327\274Z\243"
 521      5F424842 
 521      02CD5FE8 
 521      2D1E60D7 
 521      BC5AA3
 522 1837 D7F300AA 		.ascii	"\327\363\000\252\371\321\003\256\352-Zz\227\252\004"
 522      F9D103AE 
 522      EA2D5A7A 
 522      97AA04
 523 1846 805F0506 		.ascii	"\200_\005\006Y\240\271\257\004\002\001\354#e\364\026"
 523      59A0B9AF 
 523      040201EC 
 523      2365F416 
 524 1856 1CAE5FAB 		.ascii	"\034\256_\2532~E\324\253\276\262\200S\341p0\033C\302"
 524      327E45D4 
 524      ABBEB280 
 524      53E17030 
ARM GAS  /tmp/cc6dWDgj.s 			page 42


 524      1B43C2
 525 1869 3DCC7A43 		.ascii	"=\314zC\250\305\003\010\314p\240:\320\005\367\002\303"
 525      A8C50308 
 525      CC70A03A 
 525      D005F702 
 525      C3
 526 187a D784998C 		.ascii	"\327\204\231\214\036_Y,\246\3609L\035\244\333*\243\311"
 526      1E5F592C 
 526      A6F0394C 
 526      1DA4DB2A 
 526      A3C9
 527 188c 186A0067 		.ascii	"\030j\000g@A\330g\237\207{\032\327\005Y\014a+\215*\323"
 527      4041D867 
 527      9F877B1A 
 527      D705590C 
 527      612B8D2A 
 528 18a1 CAF5804B 		.ascii	"\312\365\200KErr\225Y\303\362\361]\320j?Z\310u8\206"
 528      45727295 
 528      59C3F2F1 
 528      5DD06A3F 
 528      5AC87538 
 529 18b6 EB570507 		.ascii	"\353W\005\007\2566\253-!\320\212\362fK\240\305\350i"
 529      AE36AB2D 
 529      21D08AF2 
 529      664BA0C5 
 529      E869
 530 18c8 A107500C 		.ascii	"\241\007P\014A\015\0141*\015k\002Mp3,x\245\221\034C"
 530      410D0C31 
 530      2A0D6B02 
 530      4D70332C 
 530      78A5911C 
 531 18dd 8D5F194D 		.ascii	"\215_\031M\020\031\203e\0356-}[\0106y\302\220\200\034"
 531      10198365 
 531      1D362D7D 
 531      5B083679 
 531      C290801C 
 532 18f1 D05BDE7A 		.ascii	"\320[\336zi\347\2561\200\033\320\233\320j)\320\022\301"
 532      69E7AE31 
 532      801BD09B 
 532      D06A29D0 
 532      12C1
 533 1903 F443C1F4 		.ascii	"\364C\301\364\256`zG0\255\020L\377(\230\226{\221\006"
 533      AE607A47 
 533      30AD104C 
 533      FF289896 
 533      7B9106
 534 1916 24D8A0FB 		.ascii	"$\330\240\373{\257\326\245\377\362\235\020\222Z\206"
 534      7BAFD6A5 
 534      FFF29D10 
 534      925A86
 535 1925 B050E843 		.ascii	"\260P\350C\013\355\354\2400\215\243\007\000lH8\344\260"
 535      0BEDECA0 
 535      308DA307 
 535      006C4838 
 535      E4B0
 536 1937 270F9AE5 		.ascii	"'\017\232\345\015\027\235\366T5\2541\033\326\254\004"
 536      0D179DF6 
ARM GAS  /tmp/cc6dWDgj.s 			page 43


 536      5435AC31 
 536      1BD6AC04 
 537 1947 55AE235E 		.ascii	"U\256#^\024\200\256\202\373~\356\025\2547\333\263\325"
 537      1480AE82 
 537      FB7EEE15 
 537      AC37DBB3 
 537      D5
 538 1958 BD12E84C 		.ascii	"\275\022\350L\270\017Y\372\261q\365\317\202Lf\313\247"
 538      B80F59FA 
 538      B171F5CF 
 538      824C66CB 
 538      A7
 539 1969 14982B2C 		.ascii	"\024\230+,\327:\243\360\245-~\003>\262\006\220\030\237"
 539      D73AA3F0 
 539      A52D7E03 
 539      3EB20690 
 539      189F
 540 197b AE59F9B1 		.ascii	"\256Y\371\2611\330\030h6\376\275[s+\327C\377\005\031"
 540      31D81868 
 540      36FEBD5B 
 540      732BD743 
 540      FF0519
 541 198e C0A46058 		.ascii	"\300\244`X#XBTa\253V\231\215\026\265\311B\323\354o\335"
 541      23584254 
 541      61AB5699 
 541      8D16B5C9 
 541      42D3EC6F 
 542 19a3 36B45098 		.ascii	"6\264P\230\226\020\275!08\3503S\240%(,\024\362=$\020"
 542      9610BD21 
 542      3038E833 
 542      53A02528 
 542      2C14F23D 
 543 19b9 BA8602C0 		.ascii	"\272\206\002\300+?\243\231N\2746\206@\305\371l\355j"
 543      2B3FA399 
 543      4EBC3686 
 543      40C5F96C 
 543      ED6A
 544 19cb 4D786068 		.ascii	"Mx`h\220\201\014\011\037\351e\310\243/-$\371=\277\264"
 544      90810C09 
 544      1FE965C8 
 544      A32F2D24 
 544      F93DBFB4 
 545 19df C095604B 		.ascii	"\300\225`K\240\206\334\016\012!)\007\227\310\370$\307"
 545      A086DC0E 
 545      0A212907 
 545      97C8F824 
 545      C7
 546 19f0 556B430D 		.ascii	"UkC\015 B\016\354\206}@\177\031d\262\254\015\014\326"
 546      20420EEC 
 546      867D407F 
 546      1964B2AC 
 546      0D0CD6
 547 1a03 93262615 		.ascii	"\223&&\025i\021h\362u\272\250\267\274\356*\307\306\233"
 547      691168F2 
 547      75BAA8B7 
 547      BCEE2AC7 
 547      C69B
ARM GAS  /tmp/cc6dWDgj.s 			page 44


 548 1a15 17480707 		.ascii	"\027H\007\007\232-\344\322\267d\356\303H6\221\243\332"
 548      9A2DE4D2 
 548      B764EEC3 
 548      483691A3 
 548      DA
 549 1a26 C4B3DBC4 		.ascii	"\304\263\333\304\263\333D\262[e\242\371\004\027\351"
 549      B3DB44B2 
 549      5B65A2F9 
 549      0417E9
 550 1a35 68F4061B 		.ascii	"h\364\006\033\304\367\365\264\251\006D\326\232`\010"
 550      C4F7F5B4 
 550      A90644D6 
 550      9A6008
 551 1a44 5A74E245 		.ascii	"Zt\342E\275E\343\010\212O\320\312`#OD(\016\374\271\260"
 551      BD45E308 
 551      8A4FD0CA 
 551      60234F44 
 551      280EFCB9 
 552 1a59 6239541D 		.ascii	"b9T\035\373\211\326l\371\002\002\274\032b\353%\006\223"
 552      FB89D66C 
 552      F90202BC 
 552      1A62EB25 
 552      0693
 553 1a6b 56251A3A 		.ascii	"V%\032:\037\303*=t\031\011\021T\010\220a,\031\276:~"
 553      1FC32A3D 
 553      74190911 
 553      54089061 
 553      2C19BE3A 
 554 1a80 4E47B09D 		.ascii	"NG\260\235\241\343\326\327\301|\021\034\024\022\344"
 554      A1E3D6D7 
 554      C17C111C 
 554      1412E4
 555 1a8f 684586B2 		.ascii	"hE\206\262]\220:kg\250\307Z\316\200\333^\016\253Aa\336"
 555      5D903A6B 
 555      67A8C75A 
 555      CE80DB5E 
 555      0EAB4161 
 556 1aa4 62350BFA 		.ascii	"b5\013\372\332H@\222\350\221s-\234\207[L\366\323/!\244"
 556      DA484092 
 556      E891732D 
 556      9C875B4C 
 556      F6D32F21 
 557 1ab9 9024DCCB 		.ascii	"\220$\334\313\245+\270\227\344DM\\\0031r\374\332h\242"
 557      A52BB897 
 557      E4444D5C 
 557      033172FC 
 557      DA68A2
 558 1acc 3A835642 		.ascii	":\203VB\340\202V\005\031MvkD\257\373\321\345\030\013"
 558      E0825605 
 558      194D766B 
 558      44AFFBD1 
 558      E5180B
 559 1adf F02C80BC 		.ascii	"\360,\200\274fy\005p>Yo\376]hp\230\341\213\227\214\271"
 559      66790570 
 559      3E596FFE 
 559      5D687098 
 559      E18B978C 
ARM GAS  /tmp/cc6dWDgj.s 			page 45


 560 1af4 F5644CB2 		.ascii	"\365dL\262\312\262\226\312z\353\241\252Z\364\377\372"
 560      CAB296CA 
 560      7AEBA1AA 
 560      5AF4FFFA 
 561 1b04 934F3EF8 		.ascii	"\223O>\370\355\307\277\360\016\014\376*p\275\031\252"
 561      EDC7BFF0 
 561      0E0CFE2A 
 561      70BD19AA 
 562 1b14 4E303C3D 		.ascii	"N0<=\177 \325\003\011\030\360\376G\237\374\342\023Q"
 562      7F20D503 
 562      0918F0FE 
 562      479FFCE2 
 562      1351
 563 1b26 1DA93A86 		.ascii	"\035\251:\206\220\237A\2222(\000\340\327\240RC\325s"
 563      909F4192 
 563      322800E0 
 563      D7A05243 
 563      D573
 564 1b38 E53485F5 		.ascii	"\3454\205\365\213W,_\266\314\323\316\375/$\215$1"
 564      8B572C5F 
 564      B6CCD3CE 
 564      FD2F248D 
 564      2431
 565              		.text
 566              		.section	.gnu.lto_.symtab.f7bceab6d3782352,"",%progbits
 567 0000 63685265 		.ascii	"chRegFirstThread\000"
 567      67466972 
 567      73745468 
 567      72656164 
 567      00
 568 0011 00       		.ascii	"\000"
 569 0012 00       		.ascii	"\000"
 570 0013 00       		.ascii	"\000"
 571 0014 00000000 		.ascii	"\000\000\000\000\000\000\000\000"
 571      00000000 
 572 001c 85010000 		.ascii	"\205\001\000\000"
 573 0020 63685265 		.ascii	"chRegNextThread\000"
 573      674E6578 
 573      74546872 
 573      65616400 
 574 0030 00       		.ascii	"\000"
 575 0031 00       		.ascii	"\000"
 576 0032 00       		.ascii	"\000"
 577 0033 00000000 		.ascii	"\000\000\000\000\000\000\000\000"
 577      00000000 
 578 003b 89010000 		.ascii	"\211\001\000\000"
 579 003f 63685F64 		.ascii	"ch_debug\000"
 579      65627567 
 579      00
 580 0048 00       		.ascii	"\000"
 581 0049 00       		.ascii	"\000"
 582 004a 00       		.ascii	"\000"
 583 004b 00000000 		.ascii	"\000\000\000\000\000\000\000\000"
 583      00000000 
 584 0053 3E020000 		.ascii	">\002\000\000"
 585 0057 636800   		.ascii	"ch\000"
 586 005a 00       		.ascii	"\000"
ARM GAS  /tmp/cc6dWDgj.s 			page 46


 587 005b 02       		.ascii	"\002"
 588 005c 00       		.ascii	"\000"
 589 005d 00000000 		.ascii	"\000\000\000\000\000\000\000\000"
 589      00000000 
 590 0065 03020000 		.ascii	"\003\002\000\000"
 591 0069 63685468 		.ascii	"chThdRelease\000"
 591      6452656C 
 591      65617365 
 591      00
 592 0076 00       		.ascii	"\000"
 593 0077 02       		.ascii	"\002"
 594 0078 00       		.ascii	"\000"
 595 0079 00000000 		.ascii	"\000\000\000\000\000\000\000\000"
 595      00000000 
 596 0081 8D010000 		.ascii	"\215\001\000\000"
 597              		.text
 598              		.section	.gnu.lto_.opts,"",%progbits
 599 0000 272D666D 		.ascii	"'-fmath-errno' '-fsigned-zeros' '-ftrapping-math' '"
 599      6174682D 
 599      6572726E 
 599      6F272027 
 599      2D667369 
 600 0033 2D666E6F 		.ascii	"-fno-trapv' '-fno-openmp' '-fno-openacc' '-mcpu=cor"
 600      2D747261 
 600      70762720 
 600      272D666E 
 600      6F2D6F70 
 601 0066 7465782D 		.ascii	"tex-m4' '-mno-thumb-interwork' '-mthumb' '-O2' '-fo"
 601      6D342720 
 601      272D6D6E 
 601      6F2D7468 
 601      756D622D 
 602 0099 6D69742D 		.ascii	"mit-frame-pointer' '-falign-functions=16' '-ffuncti"
 602      6672616D 
 602      652D706F 
 602      696E7465 
 602      72272027 
 603 00cc 6F6E2D73 		.ascii	"on-sections' '-fdata-sections' '-fno-common' '-flto"
 603      65637469 
 603      6F6E7327 
 603      20272D66 
 603      64617461 
 604 00ff 2700     		.ascii	"'\000"
 605              		.text
 606              		.comm	__gnu_lto_v1,1,1
 607              		.comm	__gnu_lto_slim,1,1
 608              		.ident	"GCC: (GNU Tools for Arm Embedded Processors 7-2017-q4-major) 7.2.1 20170904 (release) [ARM
ARM GAS  /tmp/cc6dWDgj.s 			page 47


DEFINED SYMBOLS
                            *ABS*:0000000000000000 chregistry.c
                            *COM*:0000000000000001 __gnu_lto_v1
                            *COM*:0000000000000001 __gnu_lto_slim

NO UNDEFINED SYMBOLS
