ARM GAS  /tmp/cczmThYT.s 			page 1


   1              		.cpu cortex-m4
   2              		.eabi_attribute 20, 1
   3              		.eabi_attribute 21, 1
   4              		.eabi_attribute 23, 3
   5              		.eabi_attribute 24, 1
   6              		.eabi_attribute 25, 1
   7              		.eabi_attribute 26, 1
   8              		.eabi_attribute 30, 2
   9              		.eabi_attribute 34, 1
  10              		.eabi_attribute 18, 4
  11              		.file	"pal.c"
  12              		.section	.gnu.lto_.profile.765ebaa09317de75,"",%progbits
  13 0000 789C6363 		.ascii	"x\234cc```\001bF\006\015\031\000\000\344\000P"
  13      60606001 
  13      6246060D 
  13      190000E4 
  13      0050
  14              		.text
  15              		.section	.gnu.lto_.icf.765ebaa09317de75,"",%progbits
  16 0000 789C6363 		.ascii	"x\234cc``\020a@\000f\206y\373\236\335gb\3345\373u\013"
  16      60601061 
  16      40006686 
  16      79FB9EDD 
  16      6762DC35 
  17 0017 07D3EB57 		.ascii	"\007\323\353W[\257\3612\000\000d\021\011}"
  17      5BAFF132 
  17      00006411 
  17      097D
  18              		.text
  19              		.section	.gnu.lto_.jmpfuncs.765ebaa09317de75,"",%progbits
  20 0000 789C6363 		.ascii	"x\234cc``hf@\000f\006FF\306\3729@\212\211\221\221\031"
  20      60606866 
  20      40006606 
  20      4646C6FA 
  20      39408A89 
  21 0017 C4006246 		.ascii	"\304\000bF&\030\207q\0163\023\033\003\003\343\001\026"
  21      26188771 
  21      0E33131B 
  21      0303E301 
  21      16
  22 0028 460620FE 		.ascii	"F\006 \376\017\004\374\014h|F\306)\314\214\323Z\017"
  22      0F04FC0C 
  22      687C46C6 
  22      29CC8CD3 
  22      5A0F
  23 003a 9D67EF66 		.ascii	"\235g\357f\006\352ed`\334\314(\003\024z\275g\303\015"
  23      06EA6564 
  23      60DCCC28 
  23      03147ABD 
  23      67C30D
  24 004d 56881044 		.ascii	"V\210\020D\335\026F\031\246JF\014\323\000\214y&%"
  24      DD164619 
  24      A64A460C 
  24      D3008C79 
  24      2625
  25              		.text
  26              		.section	.gnu.lto_.inline.765ebaa09317de75,"",%progbits
ARM GAS  /tmp/cczmThYT.s 			page 2


  27 0000 789C6363 		.ascii	"x\234cc``\370\316\200\000\314\014\014\234\034\214\314"
  27      6060F8CE 
  27      8000CC0C 
  27      0C9C1C8C 
  27      CC
  28 0011 0C0A8C20 		.ascii	"\014\012\214 &\210t\000\223\012\034l\037\364\030\330"
  28      26887400 
  28      930A1C6C 
  28      1FF418D8 
  29 0021 16C83331 		.ascii	"\026\310310\276`g\201\220 \202\003\314\344\000\021\002"
  29      30BE6067 
  29      81902082 
  29      03CCE400 
  29      1102
  30 0033 60A600C8 		.ascii	"`\246\000\310\030F\006>^F\026F\240N\210!\012HF1p3]\340"
  30      1846063E 
  30      5E461646 
  30      A04E8821 
  30      0A484631 
  31 004b 87180564 		.ascii	"\207\030\005d\240\030\302\262@\236\007j\022\363\016"
  31      A018C2B2 
  31      409E076A 
  31      12F30E
  32 005a 710106A0 		.ascii	"q\001\006\240\2352 \276\002X^\001d2\023\003\2670\212"
  32      9D3220BE 
  32      02585E01 
  32      64321303 
  32      B7308A
  33 006d FBA04673 		.ascii	"\373\240Fs\002\345\210s\036\320R\011\220I,\274@\357"
  33      02E58873 
  33      1ED05209 
  33      90492CBC 
  33      40EF
  34 007f 4EF00341 		.ascii	"N\360\003A\006\000\373F \246"
  34      0600FB46 
  34      20A6
  35              		.text
  36              		.section	.gnu.lto_.pureconst.765ebaa09317de75,"",%progbits
  37 0000 789C6363 		.ascii	"x\234cc```\007bf\006)F)&I\000\001\274\000a"
  37      60606007 
  37      62660629 
  37      46292649 
  37      0001BC00 
  38              		.text
  39              		.section	.gnu.lto_palReadBus.765ebaa09317de75,"",%progbits
  40 0000 789C9591 		.ascii	"x\234\225\221\337KTQ\020\307\347{\346\356\331\273\231"
  40      DF4B5451 
  40      10C7E77B 
  40      E6EED9BB 
  40      99
  41 0011 FE0169B0 		.ascii	"\376\001i\260\017\202\370\262\367\277\350\3770_z\020"
  41      0F82F8B2 
  41      F7BFE8FF 
  41      305F7A10 
  42 0021 8A16C137 		.ascii	"\212\026\3017\317\256?\243\002\011\177\300r\223}0\202"
  42      CFAE3FA3 
  42      02097FC0 
ARM GAS  /tmp/cczmThYT.s 			page 3


  42      72937D30 
  42      82
  43 0032 204A5C5D 		.ascii	" J\\]]\255\256\253\370\246fD\024D\017\365\224\210\250"
  43      5DADAEAB 
  43      F8A66644 
  43      14440FF5 
  43      9488A8
  44 0045 CFA1CE9C 		.ascii	"\317\241\316\234\253\260\017\275\010\367\316\23593\363"
  44      ABB00FBD 
  44      08F7CE9D 
  44      3933F3
  45 0054 99EFDC63 		.ascii	"\231\357\334c\211h\310\020\345\345\333)/\230`\246\366"
  45      8968C810 
  45      E5E5DB29 
  45      2F9860A6 
  45      F6
  46 0065 884AA101 		.ascii	"\210J\241\001\324q!h\330`\030\317x\232q0\372>\346\247"
  46      D4712168 
  46      D86018CF 
  46      789A7130 
  46      FA3EE6A7 
  47 0079 1C4B5920 		.ascii	"\034KY \341\351n\345O\207\206@^\302\243\343\235\332"
  47      E1E96EE5 
  47      4F878640 
  47      5EC2A3E3 
  47      9DDA
  48 008b EDDED7CE 		.ascii	"\355\336\327\316\225]2\367\302\316\327>\273\\\314\206"
  48      955D32F7 
  48      C2CED73E 
  48      BB5CCC86 
  49 009b 66A5BC86 		.ascii	"f\245\274\206.,\241Kg,\243W\212\307\016\346\306\231"
  49      2E2CA14B 
  49      672CA357 
  49      8AC70EE6 
  49      C699
  50 00ad EF82C4FF 		.ascii	"\357\202\304\377q\362\346gG\317+\337\270\275\300\256"
  50      71F2E667 
  50      47CF2BDF 
  50      B8BDC0AE 
  51 00bd 3B66C60A 		.ascii	";f\306\012\270\265Q\216\010u\364h\375\357\305\363\231"
  51      B8B5518E 
  51      0875F468 
  51      FDEFC5F3 
  51      99
  52 00ce 761B5499 		.ascii	"v\033T\231\224-\310UX\2028\357\276d\022w~1\341\222\243"
  52      942DC855 
  52      588238EF 
  52      BE641277 
  52      7E31E192 
  53 00e3 05BCBC97 		.ascii	"\005\274\274\2273\322\026\260\230L \306f\324\263j\262"
  53      33D216B0 
  53      984C20C6 
  53      66D4B36A 
  53      B2
  54 00f4 5056482A 		.ascii	"PVH*\217&\205!\273\272\204\236H(\336HB\207(7\376>\337"
  54      8F268521 
  54      BBBA849E 
ARM GAS  /tmp/cczmThYT.s 			page 4


  54      4828DE48 
  54      42872837 
  55 010b B28AAEB0 		.ascii	"\262\212\256\260\221\241\263c\315\375\254.\313^\363"
  55      91A1B363 
  55      CDFDAC2E 
  55      CB5EF3
  56 011a 467377C7 		.ascii	"Fsw\307V1_r\316\345c\316V8\2135]Pr_'\276\377j\213\336"
  56      56315F72 
  56      CEE563CE 
  56      56388B35 
  56      5D50725F 
  57 0134 BA3415A2 		.ascii	"\2724\025\242\201*fT(a\035\221\260\233\215\\\012\346"
  57      812A6654 
  57      28611D91 
  57      B09B8D5C 
  57      0AE6
  58 0146 5670F83F 		.ascii	"Vp\370?pN\246c\343\012\374\255\336\250\267\013x\264"
  58      704EA663 
  58      E30AFCAD 
  58      DEA8B70B 
  58      78B4
  59 0158 A4A95BF8 		.ascii	"\244\251[\370\340\301\2729>zp\371\032\034\334Hb\033"
  59      E0C1BA39 
  59      3E7A70F9 
  59      1A1CDC48 
  59      621B
  60 016a 3E799251 		.ascii	">y\222QR\342I#g\343HQ\031\221)\300V\272\275\021\335"
  60      52E24923 
  60      67E34851 
  60      199129C0 
  60      56BABD11 
  61 017f 60D3D3FD 		.ascii	"`\323\323\375U5S\372\277kz\350\007X:F9\177u\242?jR\266"
  61      553553FA 
  61      BF6B7AE8 
  61      07583A46 
  61      397F75A2 
  62 0197 929B1041 		.ascii	"\222\233\020Aw\012\205(}\036\026\243\007}\003Q\361q"
  62      770A8528 
  62      7D1E16A3 
  62      077D0351 
  62      F171
  63 01a9 7FF4A86F 		.ascii	"\177\364\250o\240\320O|\177\260x\011F\231\313\001"
  63      A0D04F7C 
  63      7FB07809 
  63      4699CB01 
  64              		.text
  65              		.section	.gnu.lto_palWriteBus.765ebaa09317de75,"",%progbits
  66 0000 789C9553 		.ascii	"x\234\225SKk\023a\024\375\316\334\231\311c:\325\245"
  66      4B6B1361 
  66      14FDCEDC 
  66      99C9633A 
  66      D5A5
  67 0012 68850A4A 		.ascii	"h\205\012J\350&\363/\374\003\375\005m6\012\005\305\350"
  67      E826F32F 
  67      FC03FD05 
  67      6D360A05 
  67      C5E8
ARM GAS  /tmp/cczmThYT.s 			page 5


  68 0024 BA93B449 		.ascii	"\272\223\264I\352\013\\\230\024\302\264\204J\253\010"
  68      EA0B5C98 
  68      14C2B484 
  68      4AAB08
  69 0033 A2E22336 		.ascii	"\242\342#6\255u\214Z7\255\322RD\241\270Pp!(\021\\\270"
  69      AD758C5A 
  69      37ADD252 
  69      44A1B850 
  69      70212811 
  70 0049 90C47BBF 		.ascii	"\220\304{\277I4\212\233\0163w\356\363\3343gfl\245\324"
  70      49348A9B 
  70      0E3377EE 
  70      F3DC3367 
  70      666CA5D4 
  71 005d 2829758C 		.ascii	"()u\214\357\207\370\002)\030W^)\225\213\033\2008~\034"
  71      EF87F802 
  71      2918575E 
  71      29958B1B 
  71      80387E1C 
  72 0071 6AD2C024 		.ascii	"j\322\300$.\321UB\263\364i\331\030\271\356\363\021\316"
  72      2ED15542 
  72      B3F469D9 
  72      18B9EEF3 
  72      11CE
  73 0083 7EB78B7E 		.ascii	"~\267\213~\341@\300\343\025\276\344\300=\214p\327\326"
  73      E140C0E3 
  73      15BEE4C0 
  73      3D8C70D7 
  73      D6
  74 0094 F49D802E 		.ascii	"\364\235\200.R@\200\311\341\267\315\352\307A\011\015"
  74      524080C9 
  74      E1B7CDEA 
  74      C741090D 
  75 00a4 0C7358D8 		.ascii	"\014sX\330\232-\022\035\206b\377]\353\346\356`j\321"
  75      9A2D121D 
  75      8662FF5D 
  75      EBE6EE60 
  75      6AD1
  76 00b6 F7F37EB8 		.ascii	"\367\363~\270q\215\374\243\001\021\036\202\030\020\017"
  76      718DFCA3 
  76      01111E82 
  76      18100F
  77 00c5 3084FB18 		.ascii	"0\204\373\030R\234R\250#\305\355s\355\205\227\016\035"
  77      529C52A8 
  77      23C5ED73 
  77      ED85970E 
  77      1D
  78 00d6 D1A34B6B 		.ascii	"\321\243KkA\246;\271\273\250'M<\372w\322TXFJ\332?\334"
  78      41A63BB9 
  78      BBA8274D 
  78      3CFA77D2 
  78      5458464A 
  79 00ed 6D975DDB 		.ascii	"m\227]\333\254\365\330\242\001[\201\235\333\333V\350"
  79      ACF5D8A2 
  79      015B819D 
  79      DBDB56E8 
  80 00fd B73B2526 		.ascii	"\267;%&\260\204\316\361}\200\214\030<l\221\030S\214"
ARM GAS  /tmp/cczmThYT.s 			page 6


  80      B084CEF1 
  80      7D808C18 
  80      3C6C9118 
  80      538C
  81 010f C5C6B6C5 		.ascii	"\305\306\266\305\304$\214\213I\210I\262\2119\342\271"
  81      C4248C8B 
  81      498849B2 
  81      8939E2B9 
  82 011f 10924ACD 		.ascii	"\020\222J\3150:\013\347\207\352<\031\342M\205\3523\362"
  82      303A0BE7 
  82      87EA3C19 
  82      E24D85EA 
  82      33F2
  83 0131 EDE297FA 		.ascii	"\355\342\227\372\200,\255\222Q%H\252\221\210b\021\266"
  83      802CAD92 
  83      512548AA 
  83      91886211 
  83      B6
  84 0142 5268BE8E 		.ascii	"Rh\276\216\211F\244\037n\265\271\271n\3270\237c\241"
  84      8946A41F 
  84      6EB5B9B9 
  84      6ED7309F 
  84      63A1
  85 0154 87038A57 		.ascii	"\207\003\212W\311\305\012?\221\324vJo\337;\336-?*\231"
  85      C9C50A3F 
  85      91D4764A 
  85      6FDF3BDE 
  85      2D3F2A99 
  86 0168 58450D65 		.ascii	"XE\015e\375\002\360\030\036\003O\375,\"B6\3652\352_"
  86      FD02F018 
  86      1E034FFD 
  86      2C224236 
  86      F532EA5F 
  87 017c 66ED093D 		.ascii	"f\355\011=\2015\215.B\341I\204^\351\241w\321\266[\033"
  87      81358D2E 
  87      42E14984 
  87      5EE9A177 
  87      D1B65B1B 
  88 0190 738E50B7 		.ascii	"s\216P\267\261\037!\303pO\253\327\023\323$\354\277X"
  88      B11F21C3 
  88      704FABD7 
  88      13D324EC 
  88      BF58
  89 01a2 F13E44AC 		.ascii	"\361>D\254\376\364%t\332\352g\232\334\023\323$\236j"
  89      FEF42574 
  89      DAEA679A 
  89      DC13D324 
  89      9E6A
  90 01b4 A686306D 		.ascii	"\246\2060mFL\177\364\320\035M$\301\271\346\316\005\235"
  90      464C7FF4 
  90      D01D4D24 
  90      C1B9E6CE 
  90      059D
  91 01c6 EB973CF9 		.ascii	"\353\227<\371?\311y$\211g\335Uo\352\215\272\313\253"
  91      3FC97924 
  91      8967DD55 
  91      6FEA8DBA 
ARM GAS  /tmp/cczmThYT.s 			page 7


  91      CBAB
  92 01d8 A673521A 		.ascii	"\246sR\032\300s\275J4\347\342\312\374\302\015\374.\272"
  92      C073BD4A 
  92      34E7E2CA 
  92      FCC20DFC 
  92      2EBA
  93 01ea 7801AFCC 		.ascii	"x\001\257\314\037\036\323X\207\307\273\325W\344k\235"
  93      1F1ED358 
  93      87C7BBD5 
  93      57E46B9D 
  94 01fa CB7AADFE 		.ascii	"\313z\255\376KfXN\376.\230\351\301t\332\213\316SY\357"
  94      4B66584E 
  94      FE2E98E9 
  94      C174DA8B 
  94      CE5359EF 
  95 020e C4D88497 		.ascii	"\304\330\204\227=\223\361N\217M\2443\212\306\317e\315"
  95      3D93F14E 
  95      8F4DA433 
  95      8AC6CF65 
  95      CD
  96 021f F19367B3 		.ascii	"\361\223g\263\277\000\266\337\012\015"
  96      BF00B6DF 
  96      0A0D
  97              		.text
  98              		.section	.gnu.lto_palSetBusMode.765ebaa09317de75,"",%progbits
  99 0000 789C9592 		.ascii	"x\234\225\222\317K\033A\024\307\337w\336f7?\252gi\025"
  99      CF4B1B41 
  99      14C7DF77 
  99      DE66373F 
  99      AA676915 
 100 0014 22548297 		.ascii	"\"T\202\227\354\237\321\277\303FA\304\222b\360\2341"
 100      EC9FD1BF 
 100      C34641C4 
 100      9262F09C 
 100      31
 101 0025 69124B85 		.ascii	"i\022K\205\026Z#\304E\002\022\204\202\264\305\364G\374"
 101      165A23C4 
 101      45021284 
 101      82B4C5F4 
 101      47FC
 102 0037 B9E6D053 		.ascii	"\271\346\320SmQ<\264\324zh\241\320\242b\351Um\337L\332"
 102      6D513CB4 
 102      D47A68A1 
 102      D0A262E9 
 102      556DDF4C 
 103 004c 437B73D8 		.ascii	"C{s\330\231}o\347}?\363\235\307\272D4\246\210\006\344"
 103      997D6FE7 
 103      7D3FF39D 
 103      C7BA4434 
 103      A68806E4 
 104 0060 7D4D2698 		.ascii	"}M&\230\240\036\274%\232\212*\300\004:\012\312+\344"
 104      A01EBC25 
 104      9A8A2AC0 
 104      043A0ACA 
 104      2BE4
 105 0072 31C38F18 		.ascii	"1\303\217\030\355\312\327\226\032\\\3222\302\271=\257"
 105      EDCAD796 
ARM GAS  /tmp/cczmThYT.s 			page 8


 105      1A5CD232 
 105      C2B93DAF 
 106 0082 AC4B3D01 		.ascii	"\254K=\001\023Ue\232\201\025\014J\325\356\235\247\001"
 106      1355659A 
 106      81150C4A 
 106      D5EE9DA7 
 106      01
 107 0093 DFE38001 		.ascii	"\337\343\200\001G\322\037;\265/\335&UHJZ\332\235+3\367"
 107      47D21F3B 
 107      B52FDD26 
 107      55484A5A 
 107      DA9D2B33 
 108 00a8 8124FE70 		.ascii	"\201$\376p\372\370\240;\325\320\272\240\303\203E\326"
 108      FAF8A03B 
 108      D5D0BAA0 
 108      C38345D6 
 109 00b8 D70366BC 		.ascii	"\327\003f\274\000\013\020\317\321\213&zI>\021^\"%\345"
 109      000B10CF 
 109      D18B267A 
 109      493E115E 
 109      2225E5
 110 00cb 3F571A0F 		.ascii	"?W\032\017\023\334o\245\207'\315\371\370\037\351\233"
 110      13DC6FA5 
 110      8727CDF9 
 110      F81FE99B 
 111 00db 86953A78 		.ascii	"\206\225:x\365\277\324!\264\2202\365\237\237]\314v\271"
 111      F5BFD421 
 111      B49032F5 
 111      9F9F5DCC 
 111      76B9
 112 00ed 4EFDAF5D 		.ascii	"N\375\257]\254\302%H\360d/\022\352\213_\025\035\236"
 112      ACC22548 
 112      F0642F12 
 112      EA8B5F15 
 112      1D9E
 113 00ff 35F0E946 		.ascii	"5\360\351FL\211,\302\262\270\216,^\304D.\214\003\017"
 113      4C892CC2 
 113      B2B88E2C 
 113      5EC4442E 
 113      8C030F
 114 0112 1646D3A2 		.ascii	"\026F\323\242\227\336\350\220\356\2622Q1\244\357(\254"
 114      97DEE890 
 114      EEB23251 
 114      31A4EF28 
 114      AC
 115 0123 7E3BCE18 		.ascii	"~;\316\030j\215\225\234W-\265\337y\346\326l\355\256"
 115      6A8D959C 
 115      572DB5DF 
 115      79E6D66C 
 115      EDAE
 116 0135 B7775EBB 		.ascii	"\267w^\273u,LI\353\222\001Gk\354bM,\232\275\375\312"
 116      752C4C49 
 116      EB920147 
 116      6BEC624D 
 116      2C9ABDFD 
 117 014a FBC384BF 		.ascii	"\373\303\204\277\254;[1\254\243\216Y\333Rl\300\267\350"
 117      AC3B5B31 
ARM GAS  /tmp/cczmThYT.s 			page 9


 117      ACA38E59 
 117      DB526CC0 
 117      B7E8
 118 015c 5807CC97 		.ascii	"X\007\314\227\"\305\261iI\346\226\330\372\227\344\\"
 118      22C5B169 
 118      49E696D8 
 118      FA97E45C 
 119 016c 8A944068 		.ascii	"\212\224@hI\312\220\266-\251xZF\007\025\021_\002\244"
 119      49CA90B6 
 119      2DA9785A 
 119      46071511 
 119      5F02A4
 120 017f 239493B6 		.ascii	"#\224\223\266\253\"o\265\216>z\371s\035\015\370J\325"
 120      AB226FB5 
 120      8E3E7AF9 
 120      731D0DF8 
 120      4AD5
 121 0191 18401B79 		.ascii	"\030@\033y\222\316\330r/\340.:A\241\276v\3372\354\317"
 121      92CED872 
 121      2FE02E3A 
 121      41A1BE76 
 121      DF32ECCF 
 122 01a5 332D65D2 		.ascii	"3-e\322K9\342j:\355w\236l\316\037\035\032\367s\023\031"
 122      4B39E26A 
 122      3AED779E 
 122      6CCE1F1D 
 122      1AF77313 
 123 01ba FFF6D078 		.ascii	"\377\366\320x:C|s2\347\334\312\016\217\374\006J\366"
 123      3A437C73 
 123      32E7DCCA 
 123      0E8FFC06 
 123      4AF6
 124 01cc C91B     		.ascii	"\311\033"
 125              		.text
 126              		.section	.gnu.lto_.symbol_nodes.765ebaa09317de75,"",%progbits
 127 0000 789C6363 		.ascii	"x\234cc``\010\004b\006\246\026\246z\006\206\011\347"
 127      60600804 
 127      6206A616 
 127      A67A0686 
 127      09E7
 128 0012 181880D4 		.ascii	"\030\030\200\324\256\006G\240H+S=#\252H\033S=\023\212"
 128      AE0647A0 
 128      482B533D 
 128      23AA481B 
 128      533D138A 
 129 0026 08632753 		.ascii	"\010c'S=3X\204\201\241\241\301\201\201\201\231\211\231"
 129      3D335884 
 129      81A1A1C1 
 129      81818199 
 129      8999
 130 0038 61C9C37F 		.ascii	"a\311\303\177\214\014\000->\023\263"
 130      8C0C002D 
 130      3E13B3
 131              		.text
 132              		.section	.gnu.lto_.refs.765ebaa09317de75,"",%progbits
 133 0000 789C6363 		.ascii	"x\234cc```\004b\006\000\000D\000\010"
 133      60606004 
ARM GAS  /tmp/cczmThYT.s 			page 10


 133      62060000 
 133      440008
 134              		.text
 135              		.section	.gnu.lto_.decls.765ebaa09317de75,"",%progbits
 136 0000 789CBD58 		.ascii	"x\234\275X{P\024G\032\237\236\336\305eY\300C\357\312"
 136      7B501447 
 136      1A9F9EDE 
 136      C56559C0 
 136      43EFCA
 137 0013 BB581695 		.ascii	"\273X\026\225\240R\271\300\212Z\306\272?\356\222\210"
 137      A052B9C0 
 137      8A5AC6BA 
 137      3FEE9288 
 138 0023 17ADE861 		.ascii	"\027\255\350a\255\246R\376s\233\315\262*\027`9vIU\352"
 138      ADA652FE 
 138      739BCDB2 
 138      2A176039 
 138      764955EA 
 139 0037 FEB881DD 		.ascii	"\376\270\201\335\010\370\012\020c\024\211\242(\212\017"
 139      08F80A10 
 139      631489A2 
 139      288A0F
 140 0046 C48828F2 		.ascii	"\304\210(\362^\021P\304\007\002\006E\301\250\370\210"
 140      5E1150C4 
 140      07020645 
 140      C1A8F888 
 141 0056 5144C343 		.ascii	"QD\303Cy\334\327\3353;\303\312\346\256\352\2522EoO\367"
 141      79DCD7DD 
 141      333BC3CA 
 141      E6AEEAAA 
 141      32456F4F 
 142 006b 7CFDFD7E 		.ascii	"|\375\375~\337\257\277\356\236\301\207\343\270Y\223"
 142      DFAFBFEE 
 142      9EC187E3 
 142      B85993
 143 007a 386E01E6 		.ascii	"8n\001\346\270\015\210\343F\341RA_\015\024\350\342\202"
 143      B80D88E3 
 143      46E15241 
 143      5F0D14E8 
 143      E282
 144 008c A0CF05F5 		.ascii	"\240\317\005\365d\250\311E\236\275\006\367\301P\246"
 144      64A8C945 
 144      9EBD06F7 
 144      C150A6
 145 009b 43F9A3D8 		.ascii	"C\371\243\330\257\274\336\3469NG\306\222q\034\033O\374"
 145      AFBCDEE6 
 145      394E47C6 
 145      92711C1B 
 145      4FFC
 146 00ad 8C403D13 		.ascii	"\214@=\023\312J(\277\2016\2022\014\367\015P4\210\371"
 146      CA4A28BF 
 146      81368232 
 146      0CF70D50 
 146      3488F9
 147 00c0 F683BA17 		.ascii	"\366\203\272\027j\177\250\003\210\215\210G\352?y`\275"
 147      6A7FA803 
 147      888D8847 
ARM GAS  /tmp/cczmThYT.s 			page 11


 147      EA3F7960 
 147      BD
 148 00d1 0B380150 		.ascii	"\0138\001P\177\254\300\222\370J8#\"\226F\201w[\304T"
 148      7FACC092 
 148      F84A3823 
 148      22964681 
 148      775BC454 
 149 00e5 730C8360 		.ascii	"s\014\203`\021\334\027\320\356\344\030V\260\210\371"
 149      11DC17D0 
 149      EEE41856 
 149      B088F9
 150 00f4 170FCC0F 		.ascii	"\027\017\314\017\274`N\366\022\237K\214\355\035(o\""
 150      BC604EF6 
 150      129F4B8C 
 150      ED1D286F 
 150      22
 151 0105 A6A91F92 		.ascii	"\246\251\037\222q\301\235[G\002\265\310\003o3F\227\235"
 151      71C19D5B 
 151      4702B5C8 
 151      036F3346 
 151      979D
 152 0117 4539783D 		.ascii	"E9x=FAZ\244\202\346\323\246\354\333\001\320\234\254"
 152      46415AA4 
 152      82E6D3A6 
 152      ECDB01D0 
 152      9CAC
 153 0129 45C1D0CC 		.ascii	"E\301\320\314.{~N\315\236j\2409\232_\224\256\301<\""
 153      2E7B7E4E 
 153      CD9E6AA0 
 153      399A5F94 
 153      AEC13C22 
 154 013d 036F3414 		.ascii	"\003o4\024\034$\003gj\021\231\326@\350:\362\250t\320"
 154      1C240367 
 154      6A1199D6 
 154      40E83AF2 
 154      A874D0
 155 0150 9F75118B 		.ascii	"\237u\021\213\344\346\332A5\236@\357\237\356\311\032"
 155      E4E6DA41 
 155      359E40EF 
 155      9FEEC91A 
 156 0160 46E18704 		.ascii	"F\341\207\004vi\026s\250\024a\211C\363\227\275{&\340"
 156      76691673 
 156      A8146189 
 156      43F397BD 
 156      7B26E0
 157 0173 378921DF 		.ascii	"7\211!\337\331\376\262#\000iC\323\004!E\310u\010\276"
 157      D9FEB223 
 157      006943D3 
 157      042145C8 
 157      7508BE
 158 0186 8B38548C 		.ascii	"\2138T\214\246\242ch*\207*P(q~\012\205s\350$t\236\200"
 158      A6A26368 
 158      2A872A50 
 158      28717E0A 
 158      8573E824 
 159 019d CE7CE2B0 		.ascii	"\316|\342\260\372I\337\314\314TA\340Q9\322\2422\204"
 159      FA49DFCC 
ARM GAS  /tmp/cczmThYT.s 			page 12


 159      CC5441E0 
 159      5139D2A2 
 159      3284
 160 01af A90D043D 		.ascii	"\251\015\004=S\313 \012\366d\356\366\301\025\210b\224"
 160      53CB200A 
 160      F664EEF6 
 160      C1158862 
 160      94
 161 01c0 6DBF7B86 		.ascii	"m\277{\206\367\206Q\355\025\243\377\344\353u_\020\214"
 161      F78651ED 
 161      15A3FFE4 
 161      EB755F10 
 161      8C
 162 01d1 2AC0A894 		.ascii	"*\300\250\2241\000\222\2018k\3732\375\261\213\352\303"
 162      31009281 
 162      386BFB32 
 162      FDB18BEA 
 162      C3
 163 01e2 770F3A8B 		.ascii	"w\017:\213\375\274\201\234\366\0122\332>\377l\213 \004"
 163      FDBC819C 
 163      F60A32DA 
 163      3EFF6C8B 
 163      2004
 164 01f4 231780D4 		.ascii	"#\027\200\324\310 U\022H\353\323\336-\0018\031SY\267"
 164      C8205512 
 164      48EBD3DE 
 164      2D013819 
 164      5359B7
 165 0207 3FBBF1C0 		.ascii	"?\273\361\300\227\315O\250b\366\202\330\354\015\354"
 165      97CD4FA8 
 165      62F682D8 
 165      EC0DEC
 166 0216 BA93C5E3 		.ascii	"\272\223\305\3434f\272\265\371\350B-\220q\374O\021\303"
 166      3466BAB5 
 166      F9E8422D 
 166      9071FC4F 
 166      11C3
 167 0228 80A2D1CD 		.ascii	"\200\242\321\315]\376x#\033\375\330y\267\313\217y\236"
 167      5DFE7823 
 167      1BFDD879 
 167      B7CB8F79 
 167      9E
 168 0239 02CDC303 		.ascii	"\002\315\303\003\235%j\234\305\236m\334\354r\251\360"
 168      9D256A9C 
 168      C59E6DDC 
 168      EC72A9F0 
 169 0249 37AC91B7 		.ascii	"7\254\221\267-3U\215sX\243 +\243H\213w\260Fs\317\371"
 169      2D33558D 
 169      7358A320 
 169      2BA3488B 
 169      77B04673 
 170 025f 6FFD586A 		.ascii	"o\375XjM\204\346\231\321\376\352@\346\221'\364\016\\"
 170      4D84E699 
 170      D1FEEA40 
 170      E69127F4 
 170      0E5C
 171 0271 7DE18B73 		.ascii	"}\341\213s\231\351\336\027/{Hn\315 \271\205\025\231"
ARM GAS  /tmp/cczmThYT.s 			page 13


 171      99E9DE17 
 171      2F7B486E 
 171      CD20B985 
 171      1599
 172 0283 35836556 		.ascii	"5\203eVU\343\331|\035\316\247\306|a\366\320P\240$t\206"
 172      55E3D97C 
 172      1DCEA7C6 
 172      7C61F6D0 
 172      50A02474 
 173 0298 43508772 		.ascii	"CP\207r\350\"\204q\211\304\326\006\261\315\020c\273"
 173      E8228471 
 173      89C4D606 
 173      B1CD1063 
 173      BB
 174 02a9 029DCD72 		.ascii	"\002\235\315r\306\224L+\025\204\211\250\025tn\221u\236"
 174      C6944C2B 
 174      158489A8 
 174      15746E91 
 174      759E
 175 02bb 21CA5C99 		.ascii	"!\312\\\231y\275[\213\2172\210\224K_?\363\012\321\356"
 175      79BD5B8B 
 175      8F328894 
 175      4B5F3FF3 
 175      0AD1EE
 176 02ce 15A2FFE4 		.ascii	"\025\242\377\344\354Z\2320\337\003\306U\031\243U\232"
 176      EC5A9A30 
 176      DF03C655 
 176      19A3559A 
 177 02de CB9481DD 		.ascii	"\313\224\201\335\345\032|\212\202\250\372\366\037o\013"
 177      E51A7C8A 
 177      82A8FAF6 
 177      1F6F0B
 178 02ed 40934242 		.ascii	"@\223BBB3\311\350\014(\210\227\247\211C\327\321$\342"
 178      4233C9E8 
 178      0C288897 
 178      A78943D7 
 178      D124E2
 179 0300 01DD04C0 		.ascii	"\001\335\004\300\016\024\202n\240\020\272\202v\023V"
 179      0E14826E 
 179      A010BA82 
 179      761356
 180 030f 9038B30A 		.ascii	"\2208\263\012{\357\010\302:\035\205\273\006pd\200\233"
 180      7BEF08C2 
 180      3A1D85BB 
 180      06706480 
 180      9B
 181 0320 A69EB888 		.ascii	"\246\236\270\210\230\352\266\177\030\276M\250N\301\324"
 181      98EAB67F 
 181      18BE4DA8 
 181      4EC1D4
 182 032f F8F2B8C6 		.ascii	"\370\362\270\306\027\011\252\030\312\315B-,[b\304\211"
 182      1709AA18 
 182      CACD422D 
 182      2C5B62C4 
 182      89
 183 0340 51B0B5AB 		.ascii	"Q\260\265\253\252w\375X\254E!!\223C\231\333\266\302"
 183      AA77FD58 
ARM GAS  /tmp/cczmThYT.s 			page 14


 183      AC452121 
 183      934399DB 
 183      B6C2
 184 0352 A03C87D0 		.ascii	"\240<\207\3200\213.\222&\360{\013M\226Sm\014\011p\333"
 184      308B2E92 
 184      26F07B0B 
 184      4D96536D 
 184      0C0970DB 
 185 0366 5718904C 		.ascii	"W\030\220LY\020\364\013\336\255\263\2105\344\255\200"
 185      5910F40B 
 185      DEADB388 
 185      35E4AD80 
 186 0376 544A4588 		.ascii	"TJE\2105Q\344\007P\244\023\024\351\022\025a\234/\024"
 186      3551E407 
 186      50A41314 
 186      E9121561 
 186      9C2F14
 187 0389 4E498611 		.ascii	"NI\206\021\304j,i\324t*\253\330w28M\366\356\224\033"
 187      C46A2C69 
 187      D4742AAB 
 187      D8773238 
 187      4DF6EE94 
 188 039e E35191BF 		.ascii	"\343Q\221\277A,\177\235\247[\217\353p%K\330\273\215"
 188      412C7F9D 
 188      A75B8FEB 
 188      70254BD8 
 188      BB8D
 189 03b0 475234D8 		.ascii	"GR4\330\305\032;\232\012\033\325\270\2165\312\016\026"
 189      C51A3B9A 
 189      0A1BD5B8 
 189      8E35CA0E 
 189      16
 190 03c1 36F3F83C 		.ascii	"6\363\370<k\034*\355Y\217p\013k<M=b\307\327\331\275"
 190      6B1C2AED 
 190      598F700B 
 190      6B3C4D3D 
 190      62C7D7D9 
 191 03d6 F3DB8C8B 		.ascii	"\363\333\214\213<\363\375\0264\267\244\347t\251\330"
 191      3CF3FD16 
 191      34B7A4E7 
 191      74A9D8
 192 03e5 52E9228B 		.ascii	"R\351\"\213\343\273\266\375e\032|\213\332\372\0176\335"
 192      E3BBB6FD 
 192      651A7C8B 
 192      DAFA0F36 
 192      DD
 193 03f6 F9311014 		.ascii	"\3711\020\024\207L\201+\224\374\354\026\234\016\241"
 193      874C812B 
 193      94FCEC16 
 193      9C0EA1
 194 0405 BAFBB028 		.ascii	"\272\373\260(}\003H\377\000\304\354\001Q\307\212Y\214"
 194      7D0348FF 
 194      00C4EC01 
 194      51C78A59 
 194      8C
 195 0416 98F6C4DC 		.ascii	"\230\366\304\334\025\236-T;1\265\276\353i}\007\311\346"
 195      159E2D54 
ARM GAS  /tmp/cczmThYT.s 			page 15


 195      3B31B5BE 
 195      EB697D07 
 195      C9E6
 196 0428 723A824E 		.ascii	"r:\202N\217\300\342G\372\260GL\307>\020\277\037\244"
 196      8FC0E247 
 196      FAB0474C 
 196      C73E10BF 
 196      1FA4
 197 043a 7A0C6510 		.ascii	"z\014e\020\312s(\275P\236@y\001\345\031\224\237\241"
 197      CA7328BD 
 197      509E4079 
 197      01E51994 
 197      9FA1
 198 044c 0C4079EA 		.ascii	"\014@y\352NY\302\340\232^f\360\223'\2033H\221+\304\372"
 198      4E59C2E0 
 198      9A5E66F0 
 198      93278333 
 198      48912BC4 
 199 0461 45986CDD 		.ascii	"E\230l\335=>_\205\265K\341\273\321\323\372\034\362\024"
 199      3D3E5F85 
 199      B54BE1BB 
 199      D1D3FA1C 
 199      F214
 200 0473 A357E1FC 		.ascii	"\243W\341\374\236\247\371\361W\314\317)\274\237\365"
 200      9EA7F9F1 
 200      57CCCF29 
 200      BC9FF5
 201 0482 34AF93B9 		.ascii	"4\257\223\271\210\211x8\210&b\317\330\325\303\\\335"
 201      88897838 
 201      882662CF 
 201      D8D5C35C 
 201      DD
 202 0493 54CEDAC3 		.ascii	"T\316\332\303qgM\021V\263\002\270~|`%\317\207\212\260"
 202      71674D11 
 202      56B302B8 
 202      7E7C6025 
 202      CF878AB0 
 203 04a7 EE8F1F96 		.ascii	"\356\217\037\226\344\034\326\341H\241\226\231\337\206"
 203      E41CD6E1 
 203      48A19699 
 203      DF86
 204 04b5 25707E7C 		.ascii	"%p~|\321\2509\244du\323@\261\032\337e\373cE\271c.\012"
 204      D1A839A4 
 204      6475D340 
 204      B11ADF65 
 204      FB6345B9 
 205 04cc 9DC4A2ED 		.ascii	"\235\304\242\355>\342C\266\212a\030\373R\336\363H\354"
 205      3EE243B6 
 205      8A6118FB 
 205      52DEF348 
 205      EC
 206 04dd 5E52090D 		.ascii	"^R\011\015A\006\375?\331\004t\366\235\177yG\253[\347"
 206      4106FD3F 
 206      D90474F6 
 206      9D7F7947 
 206      AB5BE7
 207 04f0 3E6B29BC 		.ascii	">k)\274\274\246G\220N$\002\266'\322\267\336\363\307"
ARM GAS  /tmp/cczmThYT.s 			page 16


 207      BCA64790 
 207      4E2402B6 
 207      27D2B7DE 
 207      F3C7
 208 0502 BD8C7A76 		.ascii	"\275\214zv\375\216\\_\024\252\023\267\271\306\211d?"
 208      FD8E5C5F 
 208      14AA13B7 
 208      B9C68964 
 208      3F
 209 0513 40C9BC0E 		.ascii	"@\311\274\016\215\312\344a8T^\274#\201\017\035\013\360"
 209      8DCAE461 
 209      38545EBC 
 209      23810F1D 
 209      0BF0
 210 0525 F2FEE676 		.ascii	"\362\376\346v\304V\263\216\354\362e\355\231\201\342"
 210      C456B38E 
 210      ECF265ED 
 210      9981E2
 211 0534 6A268F9F 		.ascii	"j&\217\237\177u\2553\000\017\3431\257Q+_}\215Z\311\016"
 211      7F75AD33 
 211      000FE331 
 211      AF512B5F 
 211      7D8D5AC9 
 212 0549 BB47972E 		.ascii	"\273G\227.^A\330\251\242t\257\365^\306\336^*\322\201"
 212      5E41D8A9 
 212      A274AFF5 
 212      5EC6DE5E 
 212      2AD281
 213 055c C74AF120 		.ascii	"\307J\361 Z\313OE_\360\322Atq\335\033\217F\310KE\032"
 213      5ACB4F45 
 213      5FF0D241 
 213      7471DD1B 
 213      8F46C84B 
 214 0572 AF45A9BC 		.ascii	"\257E\251\274;\256\225\354\034R\037,\332\344\014\204"
 214      3BAE95EC 
 214      1C521F2C 
 214      DAE40C84 
 215 0582 A3073693 		.ascii	"\243\0076\22313\344\000/)<\021p\035\317\246g\003`\254"
 215      3133E400 
 215      2F293C11 
 215      701DCFA6 
 215      670360AC 
 216 0596 E743D026 		.ascii	"\347C\320&(\033y\345\371S_\200G\3626m\024r]L\276Z\220"
 216      281B79E5 
 216      F9535F80 
 216      47F2366D 
 216      14725D4C 
 217 05ad 8F8C1A27 		.ascii	"\217\214\032'\225\031\251\266\235lU\200\321\330UA\274"
 217      9519A9B6 
 217      9D6C5580 
 217      D1D85541 
 217      BC
 218 05be D51588AB 		.ascii	"\325\025\210\253\2020v\362\036\256\306d.1\377!\224%"
 218      823076F2 
 218      1EAEC664 
 218      2E31FF21 
 218      9425
ARM GAS  /tmp/cczmThYT.s 			page 17


 219 05d0 2E79692A 		.ascii	".yi*\031\027\230\255\012\220s\260\340\331s\214\367\251"
 219      191798AD 
 219      0A9073B0 
 219      E0D9738C 
 219      F7A9
 220 05e2 A99CA995 		.ascii	"\251\234\251\225\375\305\330\235\271\027\012h\346f\302"
 220      FDC5D89D 
 220      B9170A68 
 220      E666C2
 221 05f1 E02F6591 		.ascii	"\340/e\221\010?\217\314\225tA\031 \307/I\003x\017\353"
 221      083F8FCC 
 221      95744119 
 221      20C72F49 
 221      03780FEB 
 222 0605 1CF5BC32 		.ascii	"\034\365\274233yeff\361$\265h\015\306\007\232\012\206"
 222      33337965 
 222      6666F124 
 222      B5680DC6 
 222      079A0A86 
 223 0619 54F83023 		.ascii	"T\3700#\327W{/O\343m\262\277\346\275\277A\276u\216\276"
 223      D7577B2F 
 223      4FE36DB2 
 223      BFE6BDBF 
 223      41BE758E 
 224 062e 416E06E9 		.ascii	"An\006\351\276\342=\336 I/\000\235\252\251\250\362\353"
 224      BEE23DDE 
 224      20492F00 
 224      9DAAA9A8 
 224      F2EB
 225 0640 845708F8 		.ascii	"\204W\010\370D@\023)W\204\330/\324\244\320\366\250t"
 225      44401329 
 225      5784D82F 
 225      D4A4D0F6 
 225      A874
 226 0652 21D60FBD 		.ascii	"!\326\017\275<\253DS\322\220\206 w\017/\372\340%\277"
 226      3CAB4453 
 226      D2908620 
 226      770F2FFA 
 226      E025BF
 227 0665 F44F7480 		.ascii	"\364Ot\200\224^\331s\006']\034\263g|\344q\254\213\227"
 227      945ED973 
 227      06275D1C 
 227      B3677CE4 
 227      71AC8B97 
 228 0679 C114435E 		.ascii	"\301\024C^\341\312\271\037\273I\311A\"qjZ\037m(\324"
 228      E1CAB91F 
 228      BB49C941 
 228      22716A5A 
 228      1F6D28D4 
 229 068d 75C1FB14 		.ascii	"u\301\373\024\254\004\216\313\320\304\321\365v\253\271"
 229      AC048ECB 
 229      D0C4D1F5 
 229      76ABB9
 230 069c 7C58834B 		.ascii	"|X\203K\350\034\240{\375}5\276*\236M\020\212W\221\276"
 230      E81CA07B 
 230      FD7D35BE 
 230      2A9E4D10 
ARM GAS  /tmp/cczmThYT.s 			page 18


 230      8A5791BE 
 231 06b0 0CC78172 		.ascii	"\014\307\201r\365\224-4!\034\302D\236f\235\364\352\304"
 231      F5942D34 
 231      211CC244 
 231      9E669DF4 
 231      EAC4
 232 06c2 A16C7E0A 		.ascii	"\241l~\012\374n\343U\014\244\343X\317\020z=W\310\355"
 232      FC6EE355 
 232      0CA4E358 
 232      CF107A3D 
 232      57C8ED
 233 06d5 82757812 		.ascii	"\202ux\022\247\237N\2055\202\336!fh\253<;p\013\277\337"
 233      A79F4E85 
 233      3582DE21 
 233      6668AB3C 
 233      3B700BBF 
 234 06ea F05D086D 		.ascii	"\360]\010m\341;\201\321v\376u\262\257mu4\372\341\016"
 234      E13B81D1 
 234      76FE75B2 
 234      AF6D7534 
 234      FAE10E
 235 06fd 46666DFD 		.ascii	"Ffm\375\025\327\004J\206 22}i\035?\371\270\011~\313"
 235      15D7044A 
 235      86203232 
 235      7D691D3F 
 235      F9B8097E 
 236 0712 D3CEE34F 		.ascii	"\323\316\343O:[\002\224\014?\376\235\202\340NJp\207"
 236      3A5B0294 
 236      0C3FFE9D 
 236      82E04E4A 
 236      7087
 237 0724 44B0AC71 		.ascii	"D\260\254qw\207\217H\260m\273\016\026R\212@^Z\301\014"
 237      77878F48 
 237      B06DBB0E 
 237      16528A40 
 237      5E5AC10C 
 238 0738 E5C80473 		.ascii	"\345\310\004s<\011\346R\202\3037o\367\362\370>#x\242"
 238      3C09E652 
 238      82C3376F 
 238      F7F2F83E 
 238      2378A2
 239 074b A12A4D4B 		.ascii	"\241*MK\311\220\334c\004\363\207\266\337P\271\011\356"
 239      C990DC63 
 239      04F387B6 
 239      DF50B909 
 239      EE
 240 075c 6604852B 		.ascii	"f\004\205+\207n\004z%\270\207\022\314\223\010\246_\331"
 240      876E047A 
 240      25B88712 
 240      CC9308A6 
 240      5FD9
 241 076e DEA51109 		.ascii	"\336\245\021\011\236\233\346\346\007Vh\227\314o\227"
 241      9E9BE6E6 
 241      07566897 
 241      CC6F97
 242 077d 27BFBD94 		.ascii	"'\277\275\224\337O{\035_\005\342>\357\374F\267m\312"
 242      DF4F7B1D 
ARM GAS  /tmp/cczmThYT.s 			page 19


 242      5F05E23E 
 242      EFFC46B7 
 242      6DCA
 243 078f F3718BBA 		.ascii	"\363q\213\272\217\361k\274[\327\310\246\235le\373Yg"
 243      8FF16BBC 
 243      5BD7C8A6 
 243      9D6C65FB 
 243      5967
 244 07a1 CB81E77F 		.ascii	"\313\201\347\177\366\312\371\000\345\\ q\336|\242\266"
 244      F6CAF900 
 244      E55C2071 
 244      DE7CA2B6 
 245 07b1 C2173877 		.ascii	"\302\0278w\321\005\031<Tt_H\323R+\224/s\316\347\331"
 245      D105193C 
 245      54745F48 
 245      D3522B94 
 245      2F73CEE7 
 246 07c6 37303A48 		.ascii	"70:H\271\256Mu\234\322"
 246      B9AE4D75 
 246      9CD2
 247 07d0 E00D3E94 		.ascii	"\340\015>\224\353\325vg\251x\210\370\021\352\267\276"
 247      EBD57667 
 247      A97888F8 
 247      11EAB7BE 
 248 07e0 AEF26587 		.ascii	"\256\362e\207\310\367\344\361\256\246g[\2648\233\331"
 248      C8F7E4F1 
 248      AEA6675B 
 248      B4389BD9 
 249 07f0 0EF75C1A 		.ascii	"\016\367\\\032\3261[\262\270_6\254\335\211\310\267\236"
 249      D6315BB2 
 249      B85F36AC 
 249      DD89C8B7 
 249      9E
 250 0801 206E39D0 		.ascii	" n9\320/\3578Gy\330\007`SDE<\375\316k\035\250x\241\303"
 250      2FEF3847 
 250      79D80760 
 250      5344453C 
 250      FDCE6B1D 
 251 0819 79D493EA 		.ascii	"y\324\223\352\220\343@\217\012\205NE`\216\264\371\322"
 251      90E3408F 
 251      0A854E45 
 251      608EB4F9 
 251      D2
 252 082a F73A874A 		.ascii	"\367:\207J@\260\357D\272pe\013\340\276\347\337\244\033"
 252      40B0EF44 
 252      BA70650B 
 252      E0BEE7DF 
 252      A41B
 253 083c EE35B4A6 		.ascii	"\3565\264\246\373\224\220'\340)\034\2323\025\315\202"
 253      FB949027 
 253      E0291C9A 
 253      3315CD82 
 254 084c 5DEA18EC 		.ascii	"]\352\030\354R%\024\3578l\231\305\014\260\262\261\271"
 254      522514EF 
 254      386C99C5 
 254      0CB0B2B1 
 254      B9
ARM GAS  /tmp/cczmThYT.s 			page 20


 255 085d 3D202843 		.ascii	"= (C\334P\337A\324w!<?L\217\232\023|\220\304\222X\037"
 255      DC50DF41 
 255      D477213C 
 255      3F4C8F9A 
 255      137C90C4 
 256 0874 CD6918F4 		.ascii	"\315i\030\364\325\212\276\323\376\233\357\226\233\033"
 256      D58ABED3 
 256      FE9BEF96 
 256      9B1B
 257 0882 16285D9F 		.ascii	"\026(]\237\374%\327\005-\327\323\321\364<\341R5]\232"
 257      FC25D705 
 257      2DD7D3D1 
 257      F43CE152 
 257      355D9A
 258 0895 EB6F3B85 		.ascii	"\353o;\205\344\265p\"\225\362A\350\010\314\022,A\305"
 258      E4B57022 
 258      95F241E8 
 258      08CC122C 
 258      41C5
 259 08a7 E043D0F3 		.ascii	"\340C\320\363w\370 ;\305O'_\300\027j\322\374\360~\246"
 259      77F8203B 
 259      C54F275F 
 259      C0176AD2 
 259      FCF07EA6 
 260 08bb BFE35065 		.ascii	"\277\343Pe\211\332\253\340\345\222\340\207\031\307\307"
 260      89DAABE0 
 260      E592E087 
 260      19C7C7
 261 08ca 8FF20FAA 		.ascii	"\217\362\017\252=\343\227\217\332\012J\262\\\"YR\267"
 261      3DE3978F 
 261      DA0A4AB2 
 261      5C225952 
 261      B7
 262 08db ED67AD67 		.ascii	"\355g\255gH^\255S\2723\316h\304\220~x-9\267:9\030U\212"
 262      485EAD53 
 262      BA33CE68 
 262      C4907E78 
 262      2D39B73A 
 263 08f3 E1C08255 		.ascii	"\341\300\202U\014,\023\303\251\242\341T\034\034x\242"
 263      0C2C13C3 
 263      A9A2E154 
 263      1C1C78A2 
 264 0903 539E5224 		.ascii	"S\236R$S\345\020\252\305S\252\232\236R\307\256_\255"
 264      53E510AA 
 264      C553AA9A 
 264      9E52C7AE 
 264      5FAD
 265 0915 F1C32562 		.ascii	"\361\303%b\356u$\217\210\237.\001d9=h\317\023\363\264"
 265      EE75248F 
 265      889F2E01 
 265      64393D68 
 265      CF13F3B4 
 266 0929 87FE3FE0 		.ascii	"\207\376?\340a\351i\361?H\376\344K\306\265\347\261\257"
 266      61E969F1 
 266      3F48FEE4 
 266      4BC6B5E7 
 266      B1AF
ARM GAS  /tmp/cczmThYT.s 			page 21


 267 093b 57A5CE48 		.ascii	"W\245\316HJ\3252\245\004G\177\267\316S\251\323\020\202"
 267      4AD532A5 
 267      04477FB7 
 267      CE53A9D3 
 267      1082
 268 094d 8B865047 		.ascii	"\213\206PGc?#\305\276\317\345,{E)\257\326\317w\364/"
 268      633F23C5 
 268      BECFE52C 
 268      7B4529AF 
 268      D6CF77F4 
 269 0962 1385BA36 		.ascii	"\023\205\2726\215\011U/\012\005;\207b\\\215(T\003?\235"
 269      8D09552F 
 269      0A053B87 
 269      625C8D28 
 269      54033F9D 
 270 0976 53C5996C 		.ascii	"S\305\231l\237\376><\\\317\376\2546\375\032S\254\336"
 270      9FFE3E3C 
 270      5CCFFEAC 
 270      36FD1A53 
 270      ACDE
 271 0988 9668D627 		.ascii	"\226h\326'\230b\303\315\232\367\377\366a\360\202\210"
 271      9862C3CD 
 271      9AF7FFF6 
 271      61F08288 
 272 0998 084E6B34 		.ascii	"\010Nk4&\305\304\333\347\3146\332\327\"\375\032k\234"
 272      26C5C4DB 
 272      E7CC36DA 
 272      D722FD1A 
 272      6B9C
 273 09aa 456F32DB 		.ascii	"Eo2\333,a\261\246O\364\221VsR\234%\336n\323\257\260"
 273      2C61B1A6 
 273      4FF49156 
 273      73529C25 
 273      DE6ED3AF 
 274 09bf 98E23ED0 		.ascii	"\230\342>\320/4\307\306$\330,FKXB\222\371\323\331\372"
 274      2F34C7C6 
 274      24D82C46 
 274      4B584292 
 274      F9D3D9FA 
 275 09d3 15566BAC 		.ascii	"\025Vk\254M\277\332l\0163%\306\205\305[\343-a\026\323"
 275      4DBFDA6C 
 275      0E3325C6 
 275      85C55BE3 
 275      2D6116D3 
 276 09e7 2731616F 		.ascii	"'1ao\207\315\236\025\361v\330?\347\206\305\231\376a"
 276      87CD9E15 
 276      F176D83F 
 276      E786C599 
 276      FE61
 277 09f9 4DD48F79 		.ascii	"M\324\217y\252\217\2117\307&E[\364q&\363\232\230x\213"
 277      AA8F8937 
 277      C726455B 
 277      F47126F3 
 277      9A98788B 
 278 0a0d DE186D59 		.ascii	"\336\030mYeJ\212\265\033\355\237'Xl\341k8\215D\350_"
 278      654A8AB5 
 278      1BED9F27 
ARM GAS  /tmp/cczmThYT.s 			page 22


 278      586CE16B 
 278      388D44E8 
 279 0a22 BF2A1FDB 		.ascii	"\277*\037\333\3476\275\321f\217\006p \241\213\261&X"
 279      E736BDD1 
 279      668F0670 
 279      20A18BB1 
 279      2658
 280 0a34 13ED4445 		.ascii	"\023\355DE\243=\302SG\362\310\246_\276b\351\234\331"
 280      A33DC253 
 280      47F2C8A6 
 280      5FBE62E9 
 280      9CD9
 281 0a46 FA254B22 		.ascii	"\372%K\"\365\357/[\034\365\331l\"\255166\032\206\373"
 281      F5EF2F5B 
 281      1CF5D96C 
 281      22AD3136 
 281      361A86FB 
 282 0a5a 108B9868 		.ascii	"\020\213\230h\325\273\1775,\"?KTK\026|`P\275\267\334"
 282      D5BB7F35 
 282      2C223F4B 
 282      544B167C 
 282      6050BDB7 
 283 0a6f 60401FA1 		.ascii	"`@\037\241Ejs\254\305\224(j\0371\317h\327H7\330f\261"
 283      456A73AC 
 283      C594286A 
 283      1F31CF68 
 283      D74837D8 
 284 0a85 E3A84803 		.ascii	"\343\250H\003^\034iP/\373pY\244aB\324\362e\013\027F"
 284      5E1C6950 
 284      2FFB7059 
 284      A46142D4 
 284      F2650B17 
 285 0a9a 1A7CA256 		.ascii	"\032|\242V\254\\\266\320\240^\032\025\271\320\200\337"
 285      AC5CB6D0 
 285      A05E1A15 
 285      B9D080DF 
 286 0aaa 33187436 		.ascii	"3\030t6{\034\310\264:!\306j\264k\031\337\230h\243\335"
 286      7B1CC8B4 
 286      3A21C66A 
 286      B46B19DF 
 286      9868A3DD 
 287 0abe C7BA6A15 		.ascii	"\307\272j\025x\321\021\227\306U&\233}\276\321\376\331"
 287      78D11197 
 287      C655269B 
 287      7DBED1FE 
 287      D9
 288 0acf AF2BA5A4 		.ascii	"\257+\245\244\3424O\341$\013\222\204k8\365\342\250\367"
 288      E2344FE1 
 288      240B9284 
 288      6B38F5E2 
 288      A8F7
 289 0ae1 926C9A18 		.ascii	"\222l\232\030k\2345\332\0021@\257\301b\212\206\276?"
 289      6B9C35DA 
 289      023140AF 
 289      C1628A86 
 289      BE3F
 290 0af3 78CD5CCE 		.ascii	"x\315\\\316\017\252\217\022c\354\0260\363\207\373\345"
ARM GAS  /tmp/cczmThYT.s 			page 23


 290      0FAA8F12 
 290      63EC1630 
 290      F387FBE5 
 291 0b03 163BDC2D 		.ascii	"\026;\334-\005\017\2775\212\023`\204\360W'Z\223\022"
 291      050FBF35 
 291      8A136084 
 291      F057275A 
 291      9312
 292 0b15 885F7FA3 		.ascii	"\210_\177\243qUR\274\331h\014\2377\177N\204Fj\251\314"
 292      715552BC 
 292      D9680C9F 
 292      377F4E84 
 292      466AA9CC 
 293 0b29 6B4C8963 		.ascii	"kL\211c\236\315S\266\346F\374\007\357#sc"
 293      9ECD53B6 
 293      E646FC07 
 293      EF237363 
 294              		.text
 295              		.section	.gnu.lto_.symtab.765ebaa09317de75,"",%progbits
 296 0000 70616C52 		.ascii	"palReadBus\000"
 296      65616442 
 296      757300
 297 000b 00       		.ascii	"\000"
 298 000c 00       		.ascii	"\000"
 299 000d 00       		.ascii	"\000"
 300 000e 00000000 		.ascii	"\000\000\000\000\000\000\000\000"
 300      00000000 
 301 0016 1B010000 		.ascii	"\033\001\000\000"
 302 001a 70616C57 		.ascii	"palWriteBus\000"
 302      72697465 
 302      42757300 
 303 0026 00       		.ascii	"\000"
 304 0027 00       		.ascii	"\000"
 305 0028 00       		.ascii	"\000"
 306 0029 00000000 		.ascii	"\000\000\000\000\000\000\000\000"
 306      00000000 
 307 0031 20010000 		.ascii	" \001\000\000"
 308 0035 70616C53 		.ascii	"palSetBusMode\000"
 308      65744275 
 308      734D6F64 
 308      6500
 309 0043 00       		.ascii	"\000"
 310 0044 00       		.ascii	"\000"
 311 0045 00       		.ascii	"\000"
 312 0046 00000000 		.ascii	"\000\000\000\000\000\000\000\000"
 312      00000000 
 313 004e 25010000 		.ascii	"%\001\000\000"
 314 0052 5F70616C 		.ascii	"_pal_lld_setgroupmode\000"
 314      5F6C6C64 
 314      5F736574 
 314      67726F75 
 314      706D6F64 
 315 0068 00       		.ascii	"\000"
 316 0069 02       		.ascii	"\002"
 317 006a 00       		.ascii	"\000"
 318 006b 00000000 		.ascii	"\000\000\000\000\000\000\000\000"
 318      00000000 
ARM GAS  /tmp/cczmThYT.s 			page 24


 319 0073 2B010000 		.ascii	"+\001\000\000"
 320              		.text
 321              		.section	.gnu.lto_.opts,"",%progbits
 322 0000 272D666D 		.ascii	"'-fmath-errno' '-fsigned-zeros' '-ftrapping-math' '"
 322      6174682D 
 322      6572726E 
 322      6F272027 
 322      2D667369 
 323 0033 2D666E6F 		.ascii	"-fno-trapv' '-fno-openmp' '-fno-openacc' '-mcpu=cor"
 323      2D747261 
 323      70762720 
 323      272D666E 
 323      6F2D6F70 
 324 0066 7465782D 		.ascii	"tex-m4' '-mno-thumb-interwork' '-mthumb' '-O2' '-fo"
 324      6D342720 
 324      272D6D6E 
 324      6F2D7468 
 324      756D622D 
 325 0099 6D69742D 		.ascii	"mit-frame-pointer' '-falign-functions=16' '-ffuncti"
 325      6672616D 
 325      652D706F 
 325      696E7465 
 325      72272027 
 326 00cc 6F6E2D73 		.ascii	"on-sections' '-fdata-sections' '-fno-common' '-flto"
 326      65637469 
 326      6F6E7327 
 326      20272D66 
 326      64617461 
 327 00ff 2700     		.ascii	"'\000"
 328              		.text
 329              		.comm	__gnu_lto_v1,1,1
 330              		.comm	__gnu_lto_slim,1,1
 331              		.ident	"GCC: (GNU Tools for Arm Embedded Processors 7-2017-q4-major) 7.2.1 20170904 (release) [ARM
ARM GAS  /tmp/cczmThYT.s 			page 25


DEFINED SYMBOLS
                            *ABS*:0000000000000000 pal.c
                            *COM*:0000000000000001 __gnu_lto_v1
                            *COM*:0000000000000001 __gnu_lto_slim

NO UNDEFINED SYMBOLS
