ARM GAS  /tmp/cc7sddKR.s 			page 1


   1              		.cpu cortex-m4
   2              		.eabi_attribute 20, 1
   3              		.eabi_attribute 21, 1
   4              		.eabi_attribute 23, 3
   5              		.eabi_attribute 24, 1
   6              		.eabi_attribute 25, 1
   7              		.eabi_attribute 26, 1
   8              		.eabi_attribute 30, 2
   9              		.eabi_attribute 34, 1
  10              		.eabi_attribute 18, 4
  11              		.file	"st.c"
  12              		.section	.gnu.lto_.profile.972920ce91e074fd,"",%progbits
  13 0000 789C6363 		.ascii	"x\234cc```\001bF\006)\036\000\000\270\0002"
  13      60606001 
  13      62460629 
  13      1E0000B8 
  13      0032
  14              		.text
  15              		.section	.gnu.lto_.icf.972920ce91e074fd,"",%progbits
  16 0000 789C6363 		.ascii	"x\234cc``\220c@\000V\206\325\253\276\376db\274\373\353"
  16      60609063 
  16      40005686 
  16      D5ABBEFE 
  16      6462BCFB 
  17 0015 CD5C46A6 		.ascii	"\315\\F\246\236iw\374\230\247\266\256Z\311\305r\347"
  17      9E6977FC 
  17      98A7B6AE 
  17      5AC9C572 
  17      E7
  18 0026 D54C4706 		.ascii	"\325LG\006\000\345\321\016="
  18      00E5D10E 
  18      3D
  19              		.text
  20              		.section	.gnu.lto_.jmpfuncs.972920ce91e074fd,"",%progbits
  21 0000 789C6363 		.ascii	"x\234cc``\220a@\000V\020\301\010\004\365s\230\031\230"
  21      60609061 
  21      40005610 
  21      C10804F5 
  21      73981998 
  22 0014 181898A1 		.ascii	"\030\030\230\241L\026\2400\000#\314\002t"
  22      4C16A030 
  22      0023CC02 
  22      74
  23              		.text
  24              		.section	.gnu.lto_.inline.972920ce91e074fd,"",%progbits
  25 0000 789C6363 		.ascii	"x\234cc``He@\000V\006\006\026\036F\006& \223m\201<\210"
  25      60604865 
  25      40005606 
  25      06161E46 
  25      06262093 
  26 0018 6260E402 		.ascii	"b`\344\002\021\014l\254@a\266\017zpq&\006\026f\240\020"
  26      110C6CAC 
  26      4061B60F 
  26      7A707126 
  26      061666A0 
  27 002d D3057EB8 		.ascii	"\323\005~\270\0203\246\020\013\246\020\003\000\234z"
  27      1033A610 
ARM GAS  /tmp/cc7sddKR.s 			page 2


  27      0BA61003 
  27      009C7A
  28 003c 086F     		.ascii	"\010o"
  29              		.text
  30              		.section	.gnu.lto_.pureconst.972920ce91e074fd,"",%progbits
  31 0000 789C6363 		.ascii	"x\234cc``\340\006bV\006\011F)&)f)\026)\000\004\001\000"
  31      6060E006 
  31      62560609 
  31      46292629 
  31      66291629 
  32 0018 A1       		.ascii	"\241"
  33              		.text
  34              		.section	.gnu.lto_stInit.972920ce91e074fd,"",%progbits
  35 0000 789C6363 		.ascii	"x\234cc``X\001\304\322P\314\310\314\300\3104\341\034"
  35      60605801 
  35      C4D250CC 
  35      C8CCC0C8 
  35      34E11C
  36 0013 03432307 		.ascii	"\003C#\007\023##\210\321\300\301\310P\317\304X\317\330"
  36      13232388 
  36      D1C0C1C8 
  36      50CFC458 
  36      CFD8
  37 0025 C33C8599 		.ascii	"\303<\205\231\361P\373\263\235L\232\313\033\200\340"
  37      F150FBB3 
  37      9D4C9ACB 
  37      1B80E0
  38 0034 C0F41F92 		.ascii	"\300\364\037\222\015+\0160\316af`\230\006\304 \300\270"
  38      0D2B0E30 
  38      CE616660 
  38      9806C420 
  38      C0B8
  39 0046 99519301 		.ascii	"\231Q\223\001\250\354\321\306\177Sy\331X \342\214[\030"
  39      A8ECD1C6 
  39      7F5379D9 
  39      5820E28C 
  39      5B18
  40 0058 D9181881 		.ascii	"\331\030\030\201\214\365\227X\0174\374\373\337\336p"
  40      8CF59758 
  40      0F34FCFB 
  40      DFDE70
  41 0067 E0CE22C6 		.ascii	"\340\316\"\306\377\254@\271\016 \006Z\322p\200\241\223"
  41      FFAC40B9 
  41      0E20065A 
  41      D27080A1 
  41      93
  42 0078 9909C46A 		.ascii	"\231\011\304j>\300\360\206\261y\301oi\260&\240I;w\276"
  42      3EC0F086 
  42      B179C16F 
  42      69B026A0 
  42      493B77BE 
  43 008c B9CD5EFF 		.ascii	"\271\315^\377\267\201c\0163\3434f\240)\214[\031\353"
  43      B781630E 
  43      33E33466 
  43      A0298C5B 
  43      19EB
  44 009e 19E60055 		.ascii	"\031\346\000U\277clZ\360\237\033\254\016\004:\200\222"
ARM GAS  /tmp/cc7sddKR.s 			page 3


  44      BF636C5A 
  44      F09F1BAC 
  44      0E043A80 
  44      92
  45 00af 40039818 		.ascii	"@\003\230\030\030$\365\364\364!(\277X?#1G\277\270(Y"
  45      1824F5F4 
  45      F42128BF 
  45      583F2331 
  45      47BFB828 
  46 00c4 BFB8442F 		.ascii	"\277\270D/\231\001\000\371^AK"
  46      990100F9 
  46      5E414B
  47              		.text
  48              		.section	.gnu.lto_stStartAlarm.972920ce91e074fd,"",%progbits
  49 0000 789C9552 		.ascii	"x\234\225R\317kSA\020\236\357m\372^\015\032\017^\024"
  49      CF6B5341 
  49      109EEF6D 
  49      FA5E0D1A 
  49      0F5E14
  50 0013 73E8A1A5 		.ascii	"s\350\241\245\324C\226\350\305?@\004\241=\331\2037\251"
  50      D44396E8 
  50      C53F4004 
  50      A13DD983 
  50      37A9
  51 0025 51A810A9 		.ascii	"Q\250\020\2514\301\243\335\306\304\264&\242\2076b\210"
  51      34C1A3DD 
  51      C6C4B426 
  51      A2873662 
  51      88
  52 0036 FAB0168D 		.ascii	"\372\260\026\215\022Z\177\333Z\3533V=\210U\013\"\202"
  52      125A7FDB 
  52      5AEB3356 
  52      3D88550B 
  52      2282
  53 0048 87A29016 		.ascii	"\207\242\220\026\221\242\245 \242Tg7Q\252']\336\356"
  53      91A2A520 
  53      A2546737 
  53      51AA275D 
  53      DEEE
  54 005a 9B19BEF9 		.ascii	"\233\031\276\371\346\233\331\265\211h\322\"\332\305"
  54      E69BD9B5 
  54      8968D222 
  54      DAC5
  55 0068 FF8DBC21 		.ascii	"\377\215\274!\010\326\311i\242\336z\013\320\206\252"
  55      08D6C969 
  55      A2DE7A0B 
  55      D086AA
  56 0077 07F558E8 		.ascii	"\007\365X\350AV\014\010\224\323\2251\253\345\242\342"
  56      41560C08 
  56      94D39531 
  56      ABE5A2E2 
  57 0087 E59D1AB7 		.ascii	"\345\235\032\267\217\252\324\372\202 \312\361\326\013"
  57      8FAAD4FA 
  57      8220CAF1 
  57      D60B
  58 0095 D7D1C2A8 		.ascii	"\327\321\302\250\227\311\321\202\310\210\202\000|\354"
  58      97C9D182 
ARM GAS  /tmp/cc7sddKR.s 			page 4


  58      C8888200 
  58      7CEC
  59 00a3 7E7E967F 		.ascii	"~~\226\177\037\320\256\205\006v\277]\036}\273V\004A"
  59      1FD0AE85 
  59      0676BF5D 
  59      1E7DBB56 
  59      0441
  60 00b5 6C9F2F9D 		.ascii	"l\237/\235\030\266\233\207\225J(\357\343\220P\215\005"
  60      18B69B87 
  60      954A28EF 
  60      E390508D 
  60      05
  61 00c6 21700B82 		.ascii	"!p\013\202\011q\023A\334@\2208D\270\215f\215\177wuy"
  61      09711341 
  61      DC409038 
  61      44B88D66 
  61      8D7F7775 
  62 00db 708DED73 		.ascii	"p\215\355s\177\325\304\035\330\0046Ff\352<\265\374#"
  62      7FD5C41D 
  62      D8043646 
  62      66EA3CB5 
  62      FC23
  63 00ed ADBCA50B 		.ascii	"\255\274\245\013x\265\335f\365:\205\372\030\305m(\217"
  63      78B5DD66 
  63      F53A85FA 
  63      18C56D28 
  63      8F
  64 00fe FA85A5AD 		.ascii	"\372\205\245\255#\036U`i\256~\357\330\224_4\032\035"
  64      231E5560 
  64      69AE7EEF 
  64      D8945F34 
  64      1A1D
  65 0110 AF33C979 		.ascii	"\2573\311y\247i\310\350X8\275:\257\274d\203\2262\366"
  65      A769C8E8 
  65      5838BD3A 
  65      AFBC6483 
  65      9632F6
  66 0123 A714D3E3 		.ascii	"\247\024\323\3438\232\362\314\365\001\345\374\3277\337"
  66      389AF2CC 
  66      F501E5FC 
  66      D737DF
  67 0132 07B6FE96 		.ascii	"\007\266\376\226\225\254\216e\306\026\032c\264\345\004"
  67      95AC8E65 
  67      C6161A63 
  67      B4E504
  68 0141 56C826DC 		.ascii	"V\310&\334\205\215\011-\231\017\216\347R\345\347\216"
  68      858D092D 
  68      990F8EE7 
  68      52E5E78E 
  69 0151 9E8CCFC0 		.ascii	"\236\214\317\300\246K_>\371\253\256\246\322\263s\317"
  69      A64B5F3E 
  69      F9ABAEA6 
  69      D2B373CF 
  70 0161 CCAD7271 		.ascii	"\314\255rq\026\005Q\207IVqO\253\340x\272\362\364E@\226"
  70      16055187 
  70      4956714F 
  70      ABE078BA 
ARM GAS  /tmp/cc7sddKR.s 			page 5


  70      F2F44540 
  71 0176 54B257CD 		.ascii	"T\262W\315\316-\256[\344$\033\367\341b\220\033\326e"
  71      CE2DAE5B 
  71      E4241BF7 
  71      E162901B 
  71      D665
  72 0188 34C8CB26 		.ascii	"4\310\313&\212NxD\203\334kL\341\300\203\304\246`\015"
  72      8A4E7844 
  72      83DC6B4C 
  72      E1C083C4 
  72      A6600D
  73 019b 810708D7 		.ascii	"\201\007\010\327:Y\232\277\224\012\324D\375CI\367\260"
  73      3A599ABF 
  73      940AD444 
  73      FD4349F7 
  73      B0
  74 01ac 262B9B72 		.ascii	"&+\233r\250\221=\204\\\331\221\303\361)\3164\344\305"
  74      A8913D84 
  74      5CD991C3 
  74      F129CE34 
  74      E4C5
  75 01be FF277F64 		.ascii	"\377'\177d\310\255\032\371cC>q.[\364W\311-<\341\314"
  75      C8AD1AF9 
  75      63433E71 
  75      2E5BF457 
  75      C92D3CE1 
  76 01d3 0A12B399 		.ascii	"\012\022\263\231bDO\332\214\234\026\220p\257\034\207"
  76      62444FDA 
  76      8C9C1690 
  76      70AF1C87 
  77 01e3 79167AF5 		.ascii	"y\026z\365\261<\276t~\341\033B!Y\375\272b\262\263#*"
  77      B13CBE74 
  77      7EE11B42 
  77      2159FDBA 
  77      62B2B323 
  78 01f8 63DD1119 		.ascii	"c\335\021\031\213\207\"\344t\354\211\305\367\037\330"
  78      8B8722E4 
  78      74EC89C5 
  78      F71FD8
  79 0207 E7D387FC 		.ascii	"\347\323\207\374\033v\260\253;\036\223;\333\333\266"
  79      1B76B0AB 
  79      3B1E933B 
  79      DBDBB6
  80 0216 6C96ADAD 		.ascii	"l\226\255\255\333d\373\216\266CaN\334\035\215\356\015"
  80      DB64FB8E 
  80      B643614E 
  80      DC1D8DEE 
  80      0D
  81 0227 75D24FFE 		.ascii	"u\322O\376v\373\022"
  81      76FB12
  82              		.text
  83              		.section	.gnu.lto_stStopAlarm.972920ce91e074fd,"",%progbits
  84 0000 789C5D4F 		.ascii	"x\234]O\317KBA\020\236\357\255\275,\250kE\336:yyKE\377"
  84      CF4B4241 
  84      109EEFAD 
  84      BD2CA86B 
  84      45DE3A79 
ARM GAS  /tmp/cc7sddKR.s 			page 6


  85 0018 4104519E 		.ascii	"A\004Q\236\362\036a\007\017\202\241\322\325\2654\015"
  85      F21E6107 
  85      0F82A1D2 
  85      D5B5340D 
  86 0028 3B7448BB 		.ascii	";tH\273X\010\035:IH?\255\210\207t\013,\372\013\244\203"
  86      58081D3A 
  86      49483FAD 
  86      8887740B 
  86      2CFA0BA4 
  87 003d 41444445 		.ascii	"ADDEE\2205\353\203\220\206\235\335\331o\276\231o\306"
  87      459035EB 
  87      8390869D 
  87      DDD96FBE 
  87      996FC6
  88 0050 24A23110 		.ascii	"$\2421\020M\361;\310\016A0\326kD\011\267\001\350@\271"
  88      4DF13BC8 
  88      0E4130D6 
  88      6B4409B7 
  88      01E840B9 
  89 0064 41710371 		.ascii	"Aq\003q\254\211\015\201j\272Q1\274\273\212\315\336|"
  89      AC890D81 
  89      6ABA5131 
  89      BCBB8ACD 
  89      DE7C
  90 0076 375754AA 		.ascii	"7WT\252\277 \210\362\354\332\260\017/1\355\256\334\314"
  90      BF2088F2 
  90      ECDAB00F 
  90      2F31EDAE 
  90      DCCC
  91 0088 F5982E07 		.ascii	"\365\230.\007\307\001Lb\015\332\273\355\260U\363'\255"
  91      C7014C62 
  91      0DDABBED 
  91      B055F327 
  91      AD
  92 0099 ECCB1D7C 		.ascii	"\354\313\035|Op.\303\316\"\312\246Ua\350h\331\246\007"
  92      4F702EC3 
  92      CE22CAA6 
  92      5561E868 
  92      D9A607
  93 00ac 54DF3ECF 		.ascii	"T\337>\317\037s\326_\237\244#\367e\212V\257\274@\273"
  93      1F73D65F 
  93      9FA423F7 
  93      658A56AF 
  93      BC40BB
  94 00bf 060E61E2 		.ascii	"\006\016a\342HK\360\305x>U\275\356\314\212\202@\213"
  94      484BF0C5 
  94      783E55BD 
  94      EECC8A82 
  94      408B
  95 00d1 562B7D3C 		.ascii	"V+}<w;_\335\306\305Pq\353\276\253\210m\024\204\201\023"
  95      773B5FDD 
  95      C6C55071 
  95      EBBEAB88 
  95      6D148481 
  96 00e6 78700C0F 		.ascii	"xp\014\017ij\272qu\323+K*\231P\365\327r\337\013\027"
  96      696ABA71 
  96      75D32B4B 
ARM GAS  /tmp/cc7sddKR.s 			page 7


  96      2A9950F5 
  96      D772DF0B 
  97 00fb 09545044 		.ascii	"\011TPD\216\307\3242\204S\310v\011\236\004g\\\375\204"
  97      8EC7D432 
  97      8453C876 
  97      099E0467 
  97      5CFD84
  98 010e A57AF662 		.ascii	"\245z\366b\250\265\251\266\014'x\033\203h\300\262\244"
  98      A8B5A9B6 
  98      0C27781B 
  98      8368C0B2 
  98      A4
  99 011f 73C25119 		.ascii	"s\302Q\031\234\013\311h$ \2431+@\362\177f!\034\211E"
  99      9C0BC968 
  99      2420A331 
  99      2B40F27F 
  99      66211C89 
 100 0134 E58CDF37 		.ascii	"\345\214\3377:\"\247\247\307\245\177\322\2678\314\334"
 100      3A22A7A7 
 100      C7A57FD2 
 100      B738CCDC 
 101 0144 D95068DE 		.ascii	"\331Ph\336\012\322/\002\215~\213"
 101      0AD22F02 
 101      8D7E8B
 102              		.text
 103              		.section	.gnu.lto_stSetAlarm.972920ce91e074fd,"",%progbits
 104 0000 789C5D92 		.ascii	"x\234]\222\317KTQ\024\307\317\367\335\347{&e\333\244"
 104      CF4B5451 
 104      14C7CFF7 
 104      DDE77B26 
 104      65DBA4
 105 0013 59B850C4 		.ascii	"Y\270P\304\026s\231\332\364\007\004\021\350*\027\355"
 105      167399DA 
 105      F4070411 
 105      E82A17ED 
 106 0023 C2A6C060 		.ascii	"\302\246\300`\302\360\015m\275Nc\243\215T\213\234`x"
 106      C2F00D6D 
 106      BD4E63A3 
 106      8D548B9C 
 106      6078
 107 0035 C6239328 		.ascii	"\306#\223(\0304\373\251i\335\206v\321\364c\023\201\201"
 107      1834FBA9 
 107      69DD8676 
 107      D1F46313 
 107      8181
 108 0047 548CD122 		.ascii	"T\214\321\"\312M\204`\235\363\246\242\272\274{\3379"
 108      CA4D8460 
 108      9DF3A6A2 
 108      BABC7BDF 
 108      39
 109 0058 87EF39F7 		.ascii	"\207\3579\367s\016\327#\"\327!:\304\377\235\274\241"
 109      730ED723 
 109      22D7213A 
 109      C4FF9DBC 
 109      A1
 110 0069 08CE851A 		.ascii	"\010\316\205\032\321H\263\003\210a\232A\303\016\206"
 110      D148B303 
ARM GAS  /tmp/cc7sddKR.s 			page 8


 110      88619A41 
 110      C30E86
 111 0078 31A12E2A 		.ascii	"1\241.*T\013\365\005\247\373\232\341e/\315\373g\314"
 111      540BF505 
 111      A7FB9AE1 
 111      652FCDFB 
 111      67CC
 112 008a E88E5011 		.ascii	"\350\216P\021\225x\313\302-t\263\352e~.TE\025*\300e"
 112      9578CBC2 
 112      2D74B3EA 
 112      657E2E54 
 112      45152AC0 
 113 009f F7EBB3F2 		.ascii	"\367\353\263\362\373Vq\035\264\263\273qcne\273J\200"
 113      FB56711D 
 113      B4B3BB71 
 113      636E65BB 
 113      4A80
 114 00b1 D8BE5239 		.ascii	"\330\276R9?\343u\315\030\2233veZ\231\216P)\334\205\342"
 114      3FE375CD 
 114      18933376 
 114      655A998E 
 114      5029DC85 
 115 00c6 82B88304 		.ascii	"\202\270\203\004n#A\034\"\334C\227\350\337\335\334\234"
 115      6E23411C 
 115      22DC4397 
 115      E8DFDDDC 
 115      9C
 116 00d7 DCE6B9D1 		.ascii	"\334\346\271\321\357;q\037\036\201\215\331WM\326l\376"
 116      EF3B711F 
 116      1E818DD9 
 116      574DD66C 
 116      FE
 117 00e8 2818FBE1 		.ascii	"(\030\373\341*\226\367\273L/)4\306*n\303X\032W\216X"
 117      2A96F7BB 
 117      4C2F2934 
 117      C62A6EC3 
 117      581A578E 
 118 00fd A72DD5E1 		.ascii	"\247-\325\341H\255q{\366I\213\352\2109^\027\363\037"
 118      48AD717B 
 118      F6498BEA 
 118      88395E17 
 118      F31F
 119 010f FDCEE998 		.ascii	"\375\316\351\230\2436\265\265ll\276]P\026\376E\211{"
 119      A336B5B5 
 119      6C6CBE5D 
 119      5016FE45 
 119      897B
 120 0121 5C446799 		.ascii	"\\Dg\231k}B\265\374\375\315Ri\357\037\254|c,\213\276"
 120      6B7D42B5 
 120      FCFDCD52 
 120      69EF1FAC 
 120      7C632C8B 
 121 0136 124DCC56 		.ascii	"\022M\314VR\370\013\233\360\000\036\226\004\231\017"
 121      52F80B9B 
 121      F0001E96 
 121      04990F
 122 0145 8E9746AB 		.ascii	"\216\227F\253\317}\231\214\033\313j\225o_Z\032\256\224"
ARM GAS  /tmp/cc7sddKR.s 			page 9


 122      CF7D998C 
 122      1BCB6A95 
 122      6F5F5A1A 
 122      AE94
 123 0157 92D94553 		.ascii	"\222\331ESk[\"\\F\250\232\360\220)\226\205\202\343\205"
 123      6B5B225C 
 123      46A89AF0 
 123      90299685 
 123      82E385
 124 016a FAD317AD 		.ascii	"\372\323\027\255\272b\362#fum\275m\235\223<<B\204In"
 124      BA62F223 
 124      66756DBD 
 124      6D9D933C 
 124      3C428449 
 125 017f 58AE1191 		.ascii	"X\256\021\221\235\310]\367S\263\"\212\346\271\204\017"
 125      9DC85DF7 
 125      53B3228A 
 125      E6B9840F 
 126 018f 0B8D5D89 		.ascii	"\013\215]\211_\012<FJ:\251#\267Z|\233\026\336\030\234"
 126      5F0A3C46 
 126      4A3AA923 
 126      B75A7C9B 
 126      16DE189C 
 127 01a3 3E23176D 		.ascii	">#\027m\234C<\\Yc\334\005\217\216\337I[2\251\033\337"
 127      9C433C5C 
 127      5963DC05 
 127      8F8EDF49 
 127      5B32A91B 
 128 01b8 60A007FA 		.ascii	"`\240\007\3723:\030J\353 \233L\223\337\177$\310\036"
 128      333A184A 
 128      EB209B4C 
 128      93DF7F24 
 128      C81E
 129 01ca 3F71CC95 		.ascii	"?q\314\225C\377/;98\224\015\364\301\276\336=\273uO\317"
 129      43FF2F3B 
 129      3938940D 
 129      F4C1BEDE 
 129      3DBB754F 
 130 01df 3EDD77A0 		.ascii	">\335w\240\367T\212\023\017g2G\223\003\364\023,\030"
 130      F7548A13 
 130      0F673247 
 130      9303F413 
 130      2C18
 131 01f1 BF9A     		.ascii	"\277\232"
 132              		.text
 133              		.section	.gnu.lto_stGetAlarm.972920ce91e074fd,"",%progbits
 134 0000 789C5D90 		.ascii	"x\234]\220\333+DQ\024\306\327w\366\3149Fx\307(\257<"
 134      DB2B4451 
 134      14C6D777 
 134      F6CC3946 
 134      78C728AF 
 135 0015 CC6EF817 		.ascii	"\314n\370\027\224\204'\336%\036\346ajd4\257\2661B<\310"
 135      948427DE 
 135      251EE661 
 135      6A6434AF 
 135      B631423C 
 136 002a 6514874E 		.ascii	"e\024\207Ny\220\"&\343~\3514\312\213\\\377\002!J\222"
ARM GAS  /tmp/cc7sddKR.s 			page 10


 136      79902226 
 136      E37EE934 
 136      CA8B5CFF 
 136      02214A92 
 137 003e CB83A8C1 		.ascii	"\313\203\250\301\332Hr\332\227\265\326\376\265\326\367"
 137      DA4872DA 
 137      97B5D6FE 
 137      B5D6F7
 138 004d 1D938862 		.ascii	"\035\223\210b \252\345\273\2307\004\301\030:\"\352\312"
 138      20AAE5BB 
 138      983704C1 
 138      183A22EA 
 138      CA
 139 005e 31001DA8 		.ascii	"1\000\035\250\034P\247\201N\014\212Q\201\323\304\222"
 139      1C50A781 
 139      4E0C8A51 
 139      81D3C492 
 140 006e 2D0684CD 		.ascii	"-\006\204\315\230\207\323\307\303\211\313\002\235\002"
 140      9887D3C7 
 140      C389CB02 
 140      9D02
 141 007c A59CDEDD 		.ascii	"\245\234\336\335\357\247\363\312f\225\212+w\374\311"
 141      EFA7F3CA 
 141      66958A2B 
 141      77FCC9
 142 008b 9A4C9F28 		.ascii	"\232L\237(\237-\014J2\236\206\037\313\360\353\031+("
 142      9F2D0C4A 
 142      329E861F 
 142      CBF0EB19 
 142      2B28
 143 009d 23A62F52 		.ascii	"#\246/R\357c\371\246\307\021\244\001\256\257\302$\326"
 143      EF63F9A6 
 143      C711A401 
 143      AEAFC224 
 143      D6
 144 00ae 428B675E 		.ascii	"B\213g^W\275\177\364*\367j\006\331jn`\013\006\372x\263"
 144      57BD7FF4 
 144      2AF76A06 
 144      D96A6E60 
 144      0B06FA78 
 145 00c3 22E5523F 		.ascii	"\"\345R?\2278\352v\351\026\231\335\327\355\371\361\242"
 145      9738EA76 
 145      E91699DD 
 145      D7EDF9F1 
 145      A2
 146 00d4 DF7E09C5 		.ascii	"\337~\011\305\237;\362f}\365K\012\374\031EX\203\211"
 146      9F3BF266 
 146      7DF54B0A 
 146      FC194558 
 146      8389
 147 00e6 753D868F 		.ascii	"u=\206\217\011a\360S\262'sli\013\236/\362h\341\345!"
 147      0961F053 
 147      B227736C 
 147      690B9E2F 
 147      F268E1E5 
 148 00fb F73BD58D 		.ascii	"\367;\325\215\264Ig\352\306\347`\032\266\360b\223]l"
 148      B44967EA 
ARM GAS  /tmp/cc7sddKR.s 			page 11


 148      C6E7601A 
 148      B6F06293 
 148      5D6C
 149 010d 68175CEF 		.ascii	"h\027\\\357\275>8)\220\013*\321\245\316\237S%\303l\325"
 149      BD3E3829 
 149      900B2AD1 
 149      A5CE9F53 
 149      25C36CD5 
 150 0121 C4161C8C 		.ascii	"\304\026\034\214\261P=IC\356`|\316\012.j\310\3314la"
 150      B1503D49 
 150      43EE607C 
 150      CE0A2E6A 
 150      C8D9346C 
 151 0136 611B12E5 		.ascii	"a\033\022\345\376\037\002;\010\322=\342\347\003\331"
 151      FE1F023B 
 151      08D23DE2 
 151      E703D9
 152 0145 3D530B66 		.ascii	"=S\013fQ\374\007\330+\264C\216\013\003\001\371\275\""
 152      51FC07D8 
 152      2BB4438E 
 152      0B0301F9 
 152      BD22
 153 0157 51196A0E 		.ascii	"Q\031j\016\313h{\213\214v\004ZH\376\177i\213\264wDe"
 153      CB687B8B 
 153      8C76045A 
 153      48FE7F69 
 153      8BB47744 
 154 016c 43637D65 		.ascii	"Cc}e\205\254\253\253\222\2155\365\261 \263M\341pk D"
 154      85ACABAB 
 154      928D35F5 
 154      B120B34D 
 154      E1706B20 
 155 0181 9FAAA192 		.ascii	"\237\252\241\222\365"
 155      F5
 156              		.text
 157              		.section	.gnu.lto_.symbol_nodes.972920ce91e074fd,"",%progbits
 158 0000 789C55C8 		.ascii	"x\234U\310\261\015\2000\014\005\321\313\017a.\030\212"
 158      B10D8030 
 158      0C05D1CB 
 158      0F612E18 
 158      8A
 159 0011 DA2E8040 		.ascii	"\332.\200@\307\020L\301\020\314\300$\210\210\316\305"
 159      C7104CC1 
 159      10CCC024 
 159      8888CEC5 
 160 0021 E9A4D703 		.ascii	"\351\244\327\003S\013\31528nh\273|l\262\310R\224U\246"
 160      530BCD32 
 160      386E68BB 
 160      7C6CB2C8 
 160      529455A6 
 161 0035 285596A3 		.ascii	"(U\226\243l\262.H\332e\345\027p\037 S8\2377\361\001"
 161      6CB22E48 
 161      DA65E517 
 161      701F2053 
 161      389F37F1 
 162 004a AD6C1CA4 		.ascii	"\255l\034\244"
 163              		.text
ARM GAS  /tmp/cc7sddKR.s 			page 12


 164              		.section	.gnu.lto_.refs.972920ce91e074fd,"",%progbits
 165 0000 789C6363 		.ascii	"x\234cc```\004b\006\000\000D\000\010"
 165      60606004 
 165      62060000 
 165      440008
 166              		.text
 167              		.section	.gnu.lto_.decls.972920ce91e074fd,"",%progbits
 168 0000 789CBD57 		.ascii	"x\234\275WkP\024\331\025\356\333w\006\207\341\345\216"
 168      6B5014D9 
 168      15EEDB77 
 168      0687E1E5 
 168      8E
 169 0011 96A589A9 		.ascii	"\226\245\211\251\262,,\250\2120\202&&\265[\251u\321"
 169      B22C2CA8 
 169      8A308226 
 169      26B55BA9 
 169      75D1
 170 0023 182BEB26 		.ascii	"\030+\353&5\232\252\344Ofg\307\331\205,\2570c\252\266"
 170      359AAAE4 
 170      4F6667C7 
 170      D9852CAF 
 170      3063AAB6 
 171 0037 F2238DA0 		.ascii	"\362#\215\240\262>A\361\001\312\002\362\020WDT\036\002"
 171      B23E41F1 
 171      01CA02F2 
 171      10574454 
 171      1E02
 172 0049 22A32082 		.ascii	"\"\243 \202\202\"\002\312C\304\267\242\253\200\017T"
 172      822202CA 
 172      43C4B7A2 
 172      AB800F54 
 173 0059 5472EEBD 		.ascii	"Tr\356\275\335\323M\303\354\372'\351\232\323\323\347"
 173      DDD34DC3 
 173      ECFA27E9 
 173      9AD3D3E7 
 174 0069 DEEF7EE7 		.ascii	"\336\357~\347\334s\316\355{\333\203\343\270\316\017"
 174      DC73CEED 
 174      7BDB83E3 
 174      B8CE0F
 175 0078 38CE1773 		.ascii	"8\316\027s\\\001\342\270Q\270<\240\355\024\010\250\234"
 175      5C01E2B8 
 175      51B83CA0 
 175      ED1408A8 
 175      9C
 176 0089 93631769 		.ascii	"\223c\027ik\000i\002\271\000\322\002r\031\244\235\033"
 176      6B006902 
 176      B900D202 
 176      7219A49D 
 176      1B
 177 009a 7FA5C040 		.ascii	"\177\245\300@\240\343>\007\351\0009+\266\363\"\307D"
 177      A0E33E07 
 177      E900392B 
 177      B6F322C7 
 177      44
 178 00ab 63D2608C 		.ascii	"c\322`\214N\034c\000\231*\332\376\031\264\317\000\351"
 178      4E1C6300 
 178      992ADAFE 
ARM GAS  /tmp/cc7sddKR.s 			page 13


 178      19B4CF00 
 178      E9
 179 00bc 87E71E8E 		.ascii	"\207\347\036\216\361j@\367\000\321\"\306I|\232\211\230"
 179      F16A40F7 
 179      00D122C6 
 179      497C9A89 
 179      98
 180 00cd BFBF4463 		.ascii	"\277\277Dcy3@\327\210\274\022W\21787i<\231O\220j\034"
 180      793340D7 
 180      88BC1257 
 180      8F383769 
 180      3C994F90 
 181 00e3 B9B2DFD3 		.ascii	"\271\262\337\323'$\372\304\213q1\212\276,Tq\356\027"
 181      2724FAC4 
 181      8B71318A 
 181      BE2C5471 
 181      EE17
 182 00f5 F9945C01 		.ascii	"\371\224\\\001?\301Gb\374[\221\357C\025_*F\327\032\016"
 182      3FC14762 
 182      FC5B91EF 
 182      43155F2A 
 182      46D71A0E 
 183 0109 1CC41B31 		.ascii	"\034\304\0331\012\320#\2229?h:\374\250\342\225\017k"
 183      0AD02392 
 183      393F683A 
 183      FCA8E295 
 183      0F6B
 184 011b 228813F1 		.ascii	"\"\210\023\361\031\215\2230O\237;\266U\036\366\016."
 184      198D9330 
 184      4F9F3BB6 
 184      551EF60E 
 184      2E
 185 012c 14D8A5FB 		.ascii	"\024\330\245\373\220C\245\010KT\255[\207r'a\177\012"
 185      9043A508 
 185      4B54AD5B 
 185      87722761 
 185      7F0A
 186 013e BC9458BC 		.ascii	"\274\224X\274\227\320\032\364H\003\352`s\372-_P\247"
 186      97D01AF4 
 186      4803EA60 
 186      73FA2D5F 
 186      50A7
 187 0150 EAD1AC54 		.ascii	"\352\321\254T\314_\357\034\351\361E\372\300$AX#d%\010"
 187      CC5FEF1C 
 187      E9F145FA 
 187      C0244158 
 187      23642508 
 188 0164 9E7FE050 		.ascii	"\236\177\340P\005\232\211\216\243\231\034\252B\201\304"
 188      059A898E 
 188      A3991CAA 
 188      4281C4
 189 0173 74190AE6 		.ascii	"t\031\012\346P\0114\036\203\306|b\3169\372< e\275 \360"
 189      5009341E 
 189      83C67C62 
 189      CE39FA3C 
 189      2065BD20 
 190 0188 A812E951 		.ascii	"\250\022\351Q9\302\024\0033\013\3203\007\016\344\246"
ARM GAS  /tmp/cc7sddKR.s 			page 14


 190      39C21403 
 190      330BD033 
 190      070EE4A6 
 191 0198 ECF3C0E5 		.ascii	"\354\363\300\345\210x\300W\355\271s\206wg\343\244[\033"
 191      8878C057 
 191      EDB97386 
 191      7767E3A4 
 191      5B1B
 192 01aa 678FCFAE 		.ascii	"g\217\317\256_KlT\203\215\023\262\0150\311\214l-\355"
 192      5F4B6C54 
 192      838D13B2 
 192      0D30C98C 
 192      6C2DED
 193 01bd 7EE3874F 		.ascii	"~\343\207O\320x\360k/\226=pk\344\224[#\303W\347\346"
 193      D078F06B 
 193      2F963D70 
 193      6BE4945B 
 193      23C357E7 
 194 01d2 53234E30 		.ascii	"S#N0R#\033\251\246FH+\030\252<U]\343u\035]C\220E4\231"
 194      52231BA9 
 194      A646482B 
 194      18AA3C55 
 194      5DE3751D 
 195 01ec 06192176 		.ascii	"\006\031!v\207\177\"T\037\225.\304\332\241\225g\177"
 195      877F2254 
 195      1F952EC4 
 195      DAA19567 
 195      7F
 196 01fd 229428D2 		.ascii	"\"\224(\322\020\344j\341E\016^\342\245?\221\000)YY?"
 196      10E46AE1 
 196      450E5EE2 
 196      A53F9100 
 196      2959593F 
 197 0211 33275DAC 		.ascii	"3']\254\306\330\203b\034k\342ec\212!\343|\345\\\335"
 197      C6D88362 
 197      1C6BE265 
 197      638A21E3 
 197      7CE55CDD 
 198 0225 2EA7E449 		.ascii	".\247\344I\"\261\246\332\037m*\362\356C\275\320\373"
 198      22B1A6DA 
 198      1F6D2AF2 
 198      EE43BDD0 
 198      FB
 199 0236 378E4BD6 		.ascii	"7\216K\326E\321\352Z\177\364\361u-~\310j\362\314\350"
 199      45D1EA5A 
 199      7FF4F175 
 199      2D7EC86A 
 199      F2CCE8
 200 0249 B0D38F95 		.ascii	"\260\323\217\225\032O\252p\240)\303\213\225\332dP\013"
 200      1A4FAA70 
 200      A029C38B 
 200      95DA6450 
 200      0B
 201 025a 378DA66A 		.ascii	"7\215\246j\247\357$aON\020&\363\350\363i\250\036\222"
 201      A7EF2461 
 201      4F4E1026 
 201      F3E8F369 
ARM GAS  /tmp/cc7sddKR.s 			page 15


 201      A81E92
 202 026d 710692C1 		.ascii	"q\006\222\301\241\263h:\334\2435\314X\365\273\266A\337"
 202      A1B3683A 
 202      DCA335CC 
 202      58F5BBB6 
 202      41DF
 203 027f D9594256 		.ascii	"\331YBV\237\340\274\322;\357^\211 @\226\004\015\201"
 203      9FE0BCD2 
 203      3BEF5E89 
 203      20409604 
 203      0D81
 204 0291 A13A394D 		.ascii	"\241:9Mu\244\346Q-\352C\3504\272\016\2565\240\3310<"
 204      75A4E651 
 204      2DEA43E8 
 204      34BA0EAE 
 204      35A0D930 
 205 02a6 A1B06B83 		.ascii	"\241\260k\203\026o\302\324\253\342\302C\327t\032\236"
 205      166FC2D4 
 205      ABE2C243 
 205      D7741A9E 
 206 02b6 65935880 		.ascii	"e\223X\2006ac\3336?\267\276\234\247\276\234C\2423\271"
 206      366163DB 
 206      363FB7BE 
 206      9CA7BE9C 
 206      43A233B9 
 207 02ca EB37DFF1 		.ascii	"\3537\337\361\006g\372\300\231\376\031\351\202s\215"
 207      0667FAC0 
 207      99FE19E9 
 207      82738D
 208 02d9 402A0650 		.ascii	"@*\006P\250Qv\245Q\355J\023u\245q\344\250/Nc\2364vn"
 208      A85176A5 
 208      51ED4A13 
 208      75A571E4 
 208      A82F4E63 
 209 02f1 28D28B44 		.ascii	"(\322\213D]?w\021\22195\313D\315j\242\013\224h\333\261"
 209      5D3F7711 
 209      913935CB 
 209      44CD6AA2 
 209      0B9468DB 
 210 0306 E14C2DCE 		.ascii	"\341L-\316cL\235\345=\015\223D\246s\277\030\343\322"
 210      634C9DE5 
 210      3D0D9344 
 210      A673BF18 
 210      E3D2
 211 0318 4599E9A2 		.ascii	"E\231\351\242\232\251\2052\025>k9\352\203\213\031\323"
 211      9AA98532 
 211      153E6B39 
 211      EA838B19 
 211      D3
 212 0329 9BADEB06 		.ascii	"\233\255\353\006ye$H\220\344P\264\216IKnmA;/\232\275"
 212      79652448 
 212      90E450B4 
 212      8E494B6E 
 212      6D413B2F 
 213 033f 90392D3B 		.ascii	"\2209-;A(\200q\263\010\012]\222\355^R\333\275L\355\016"
 213      41288071 
 213      B3080A5D 
ARM GAS  /tmp/cc7sddKR.s 			page 16


 213      92ED5E52 
 213      DBBD4CED 
 214 0354 6E7A92E5 		.ascii	"nz\222\345\207\253\230\335\321\301\242\016-\241\"o\223"
 214      87AB98DD 
 214      D1C1A20E 
 214      2DA1226F 
 214      93
 215 0365 971F6514 		.ascii	"\227\037e\024\337\027\222\364\264\014P\233\314\324&"
 215      DF1792F4 
 215      B40C509B 
 215      CCD426
 216 0374 BED3503B 		.ascii	"\276\323P;e\310|3\222\346\353\275\301\265\304)\\Z\345"
 216      65C87C33 
 216      92E6EBBD 
 216      C1B5C429 
 216      5C5AE5
 217 0387 1CEA40DE 		.ascii	"\034\352@\336\024\014\377\000.\277\261\243\306\223U"
 217      140CFF00 
 217      2EBFB1A3 
 217      C69355
 218 0396 E3556231 		.ascii	"\343Ub1\275\352\3319-\323u\244\373\361\301r\037V\235"
 218      BDEAD939 
 218      2DD375A4 
 218      FBF1C172 
 218      1F569D
 219 03a9 4ED27DF9 		.ascii	"N\322}\371nv\2427\353n!zm\307\331\001\015\036f\336\356"
 219      6E76A237 
 219      EB6E217A 
 219      6DC7D901 
 219      0D1E66DE 
 220 03be 6E3DB244 		.ascii	"n=\262D\017\257\226\204\367z\177\301\200\246\246\221"
 220      0FAF9684 
 220      F77A7FC1 
 220      80A6A691 
 221 03ce 662D7ECB 		.ascii	"f-~\313Fo<SZ/\276\202\033\210\236ZY[\345\205\241\232"
 221      466F3C53 
 221      5A2FBE82 
 221      1B889E5A 
 221      595BE585 
 222 03e4 89726BC3 		.ascii	"\211rk\303\315Z\017\274\226)\222S\006\321\251\314\356"
 222      CD5A0FBC 
 222      96299253 
 222      06D1A9CC 
 222      EE
 223 03f5 E7E710FE 		.ascii	"\347\347\020\376\226uV\225\237\250\027'0O\261\274\014"
 223      96755695 
 223      9FA81727 
 223      304FB1BC 
 223      0C
 224 0406 6C7995DD 		.ascii	"ly\225\335m\254\327\263\371\010\210,\241\326\236\217"
 224      6DACD7B3 
 224      F908882C 
 224      A1D69E8F 
 225 0416 F11636F2 		.ascii	"\361\0266\362\364P\361~qn\030\324\276\344\332Q?2\035"
 225      F450F17E 
 225      716E18D4 
 225      BEE4DA51 
ARM GAS  /tmp/cc7sddKR.s 			page 17


 225      3F321D
 226 0429 410C23B4 		.ascii	"A\014#\264\313Q\274O^}\3108\023\335cSy\236\\\374{C2"
 226      CB51BC4F 
 226      5E7DC838 
 226      13DD6353 
 226      799E5CFC 
 227 0440 2D1041F8 		.ascii	"-\020A\370XC_\307w\000}\233\242\037 \2034\206\200\343"
 227      58435FC7 
 227      77007D9B 
 227      A21F2083 
 227      348680E3 
 228 0454 6FE4F5FA 		.ascii	"o\344\365\372*\321=?\206.\312\311\333\245\307\333\230"
 228      2AD13D3F 
 228      862ECAC9 
 228      DBA5C7DB 
 228      98
 229 0465 937B9E5E 		.ascii	"\223{\236^{ \346+\020\324\374\027U\011:\274\223\365"
 229      7B20E62B 
 229      10D4FC17 
 229      55093ABC 
 229      93F5
 230 0477 6D3F99D1 		.ascii	"m?\231\321<\011\2473E\332\302\014t\013Ck\256|\202\277"
 230      3C09A733 
 230      45DAC20C 
 230      740B436B 
 230      AE7C82BF 
 231 048b 633D3529 		.ascii	"c=5)\333\256!\274\217)\217\023\357\364\211\361\231\016"
 231      DBAE21BC 
 231      8F298F13 
 231      EFF489F1 
 231      990E
 232 049d EA8EF30F 		.ascii	"\352\216\363\017\003\360~\326\365\256\2416\000\037b"
 232      03F07ED6 
 232      F5AEA136 
 232      001F62
 233 04ac CFF56505 		.ascii	"\317\365e\005\373\021>\306\224\241\364\372\207z\\\316"
 233      FB113EC6 
 233      94A1F4FA 
 233      877A5CCE 
 234 04bc 94ACD6BD 		.ascii	"\224\254\326\275\307u\270\222)\371/w\346{\343\032\246"
 234      C775B892 
 234      29F92F77 
 234      E67BE31A 
 234      A6
 235 04cd B455B427 		.ascii	"\264U\264'y\341:\246$\0359\262\333\01370eMUg\212\370"
 235      79E13AA6 
 235      241D39B2 
 235      DB0B3730 
 235      654D5567 
 236 04e3 0AEC23FA 		.ascii	"\012\354#\372\355\274\333Y\236bV<@\337\320\3324\214"
 236      EDBCDB59 
 236      9E62563C 
 236      40DFD0DA 
 236      348C
 237 04f5 701303A7 		.ascii	"p\023\003\247\014\014m\367p\233\207wR\036\346\3214\224"
 237      0C0C6DF7 
 237      709B8777 
ARM GAS  /tmp/cc7sddKR.s 			page 18


 237      521EE6D1 
 237      3494
 238 0507 97E63CD1 		.ascii	"\227\346<\321\251\363\320\011\350\253\024=J#\373N\212"
 238      A9F3D009 
 238      E8AB143D 
 238      4A23FB4E 
 238      8A
 239 0518 6C5D5DF5 		.ascii	"l]]\365[\244\316\203;\3644\347\372\254\265^\310\237"
 239      5BA4CE83 
 239      3BF434E7 
 239      FAACB55E 
 239      C89F
 240 052a 5D53FCA5 		.ascii	"]S\374\245+\220\334\366\011\211\011\202\363b:\356:\264"
 240      2B90DCF6 
 240      09890982 
 240      F3623AEE 
 240      3AB4
 241 053c 65B39075 		.ascii	"e\263\220u\032Q\252\037`\215&\361S\344u\360\210\362"
 241      1A51AA1F 
 241      608D26F1 
 241      53E475F0 
 241      88F2
 242 054e 56903BC7 		.ascii	"V\220;\307\206\364G\302{)\021S\37035|\210\302Cd\364"
 242      86F447C2 
 242      7B291153 
 242      F833357C 
 242      88C24364 
 243 0563 3905FAA5 		.ascii	"9\005\372\245\032}u\014:^p\336\214\212\247\350~d@wE"
 243      1A7D750C 
 243      3A5E70DE 
 243      8C8AA7E8 
 243      7E644077 
 244 0578 B45465E8 		.ascii	"\264Te\350\3268WZ\025\344\303\023\223+\341]\012\370"
 244      D638575A 
 244      15E4C313 
 244      932BE15D 
 244      0AF8
 245 058a 0B35FCB6 		.ascii	"\0135\374\266\332\363\327Q2\372\272\032\335\253 O\021"
 245      DAF3D751 
 245      32FABA1A 
 245      DDAB204F 
 245      11
 246 059b B321C0C6 		.ascii	"\263!\300\306\202\336\000b\204v\022<\274>\3206>\020"
 246      82DE0062 
 246      8476123C 
 246      BC3ED036 
 246      3E10
 247 05ad 6DE2FDD1 		.ascii	"m\342\375\321\267 \011 kA\326\201\244\202\254\001\331"
 247      B7200920 
 247      6B41D681 
 247      A482AC01 
 247      D9
 248 05be 00B20564 		.ascii	"\000\262\005d3\310N\220x\220\035 \211 \311 \033A\326"
 248      33C84E90 
 248      78901D20 
 248      8920C920 
 248      1B41D6
ARM GAS  /tmp/cc7sddKR.s 			page 19


 249 05d1 836C07D9 		.ascii	"\203l\007\331\012\222\302\373\323w'\363\362\264bN\257"
 249      0A92C2FB 
 249      D37727F3 
 249      F2B4624E 
 249      AF
 250 05e2 D45E1AD5 		.ascii	"\324^\032\325\021\030R\240\237N\234\2731pE\010\372&"
 250      111852A0 
 250      9F4E9CBB 
 250      31704508 
 250      FA26
 251 05f4 0E813260 		.ascii	"\016\2012`_\313\350\327\023\272\242\000\237VP\017\250"
 251      5FCBE8D7 
 251      13BAA200 
 251      9F56500F 
 251      A8
 252 0605 C14FC679 		.ascii	"\301O\306y\362Z\341\370\340\304pe\321E\313\350n5\272"
 252      F25AE1F8 
 252      E0C47065 
 252      D145CBE8 
 252      6E35BA
 253 0618 6B7C452B 		.ascii	"k|E+|\271\251\206\337\030\013\207\372l\215fE*\360\006"
 253      7CB9A986 
 253      DF180B87 
 253      FA6C8D66 
 253      452AF006 
 254 062c F456844B 		.ascii	"\364V\204KK\020]\221}a'\321\027\017\015\361P\032\004"
 254      4B105D91 
 254      7D6127D1 
 254      170F0DF1 
 254      501A04
 255 063f C589DB9F 		.ascii	"\305\211\333\237\234\275\372\307\206\234\004\241a\036"
 255      9CBDFAC7 
 255      869C04A1 
 255      611E
 256 064d 357D6D62 		.ascii	"5}mbO\025\363\272\251\210\302\363\211\013xL\275+\346"
 256      4F15F3BA 
 256      A988C2F3 
 256      890B784C 
 256      BD2BE6
 257 0660 F5500DBF 		.ascii	"\365P\015\2775.h\012\364\343\211_\003\024M>i\232:\012"
 257      352E680A 
 257      F4E3895F 
 257      03144D3E 
 257      699A3A0A 
 258 0674 7C71A296 		.ascii	"|q\242\226\236\320K\223:\013\375P\340\0246\335\336\307"
 258      9ED04B93 
 258      3A0BFD50 
 258      E01436DD 
 258      DEC7
 259 0686 1EF0D982 		.ascii	"\036\360\331\202\322`\360.\336\265\337\223\311\273Y"
 259      D260F02E 
 259      DEB5DF93 
 259      C9BB59
 260 0695 286837AC 		.ascii	"(h7\254\217\377\365Z!\207\375\232\354r\215\362\214\221"
 260      8FFFF55A 
 260      2187FD9A 
 260      EC728DF2 
ARM GAS  /tmp/cc7sddKR.s 			page 20


 260      8C91
 261 06a7 A6981F87 		.ascii	"\246\230\037\207\322yv\306\200\177\000g\037{\226\356"
 261      D27976C6 
 261      807F0067 
 261      1F7B96EE 
 262 06b7 8393B56C 		.ascii	"\203\223\265l\223*m\257\361\200#\215\263\217\034i\026"
 262      932A6DAF 
 262      F180238D 
 262      B38F1C69 
 262      16
 263 06c8 1CB87A5F 		.ascii	"\034\270z_\020\200'\021i\350\301l\217<Mx\034{@\332\313"
 263      10802711 
 263      69E8C16C 
 263      8F3C4D78 
 263      1C7B40DA 
 264 06dd 93E34D5E 		.ascii	"\223\343M^I[\266\016\3470\266\234\376\212Zq\267\367"
 264      495BB60E 
 264      E730B69C 
 264      FE8A5A71 
 264      B7F7
 265 06ef 01B5675F 		.ascii	"\001\265g_j\236\206m$\367Iwv\363\323\235z|\204aG\356"
 265      6A9E866D 
 265      24F74977 
 265      76F3D39D 
 265      7A7C8461 
 266 0705 A7762286 		.ascii	"\247v\"\206%^\335\255L\255\323\273\335W\366\361\342"
 266      255EDDAD 
 266      4CADD3BB 
 266      DD57F6F1 
 266      E2
 267 0716 BE92CDD3 		.ascii	"\276\222\315\323\215\245\375e\365ko\\I\2314\205\011"
 267      8DA5FD65 
 267      F56B6F5C 
 267      49993485 
 267      09
 268 0727 DF0F6850 		.ascii	"\337\017hP\340L\004p\244\317\227>/9\264\237\327\243"
 268      E04C0470 
 268      A4CF973E 
 268      2F39B49F 
 268      D7A3
 269 0739 1C1E4BDF 		.ascii	"\034\036K\337\253\351\002\320\017\374\2074\303\263\216"
 269      ABE902D0 
 269      0FFC8734 
 269      C3B38E
 270 0748 FED34F2F 		.ascii	"\376\323O/!G\300\32394\237n[(\027\362\264\237\332\313"
 270      2147C0D3 
 270      39349F6E 
 270      5B2817F2 
 270      B49FDACB 
 271 075c E767A23C 		.ascii	"\347g\242<fP\020Z\236h\345\275\011Q\356L\350\377\216"
 271      6650105A 
 271      9E68E5BD 
 271      0951EE4C 
 271      E8FF8E
 272 076f 27FE15F0 		.ascii	"'\376\025\360\006\311K\202>\262\267\341\225\247^\344"
 272      06C94B82 
 272      3EB2B7E1 
ARM GAS  /tmp/cc7sddKR.s 			page 21


 272      95A75EE4 
 273 077f 4EFA29EE 		.ascii	"N\372)\356\321]{\007')\271\017\374\030\367pw|\276\317"
 273      D15D7B07 
 273      2729B90F 
 273      FC18F770 
 273      777CBECF 
 274 0793 9C1CA1C5 		.ascii	"\234\034\241\305I>3>J\313\027\222\212a2\337\303\202"
 274      493E333E 
 274      4ACB1792 
 274      8A6132DF 
 274      C382
 275 07a5 CD826CC1 		.ascii	"\315\202l\301\011^16\003Z\376\316s\350 ?\007\206v\217"
 275      095E3136 
 275      035AFECE 
 275      73E8203F 
 275      0786768F 
 276 07b9 5664F9E0 		.ascii	"Vd\371\340\032\026\377\274\273\315\011\236\256\314\373"
 276      1A16FFBC 
 276      BBCD099E 
 276      AECCFB
 277 07c8 1F54649E 		.ascii	"\037Td\236\234P\013\345"
 277      9C500BE5 
 278 07d0 CC17AA33 		.ascii	"\314\027\2523\177\210f\276\346An\272\006_bl\367.\026"
 278      7F8866BE 
 278      E6416EBA 
 278      065F626C 
 278      F72E16
 279 07e3 848B64FD 		.ascii	"\204\213d\375s\331\331>\233\235\355\213d\242\"5\321"
 279      73D9D93E 
 279      9B9DED8B 
 279      64A22235 
 279      D1
 280 07f4 614A74AC 		.ascii	"aJt\254\373\312)/|\223\021]\351L\254\020\313\302Kq "
 280      FBCA292F 
 280      7C93115D 
 280      E94CAC10 
 280      CBC24B71 
 281 0809 9E2A1E88 		.ascii	"\236*\036\210\337\016\264\274\025O\205\344+w\244a]&"
 281      DF0EB4BC 
 281      154F85E4 
 281      2B77A461 
 281      5D26
 282 081b 725B3525 		.ascii	"r[5%R\325\034c\201>y\276\265\323W\235\304\243\020\254"
 282      52D51C63 
 282      813E79BE 
 282      B5D3579D 
 282      C4A310AC 
 283 082f 233458A5 		.ascii	"#4X\2454\320%R\240\333z7\205\251\263\342\026\374\303"
 283      34D02552 
 283      A0DB7A37 
 283      85A9B3E2 
 283      16FCC3
 284 0842 CDFE0E5F 		.ascii	"\315\376\016_WV\346f\210Y)\023\263\002\0371\212\261"
 284      5756E666 
 284      88592913 
 284      B3021F31 
 284      8AB1
ARM GAS  /tmp/cc7sddKR.s 			page 22


 285 0854 C56256CA 		.ascii	"\305bV\312iV\312v\355\370\035\036`\263\357>\225\331"
 285      6956CA76 
 285      EDF81D1E 
 285      60B3EF3E 
 285      95D9
 286 0866 C5CB4929 		.ascii	"\305\313I)\032\222\223B\276W\216\313\261<\256\216e\005"
 286      1A929342 
 286      BE578ECB 
 286      B13CAE8E 
 286      6505
 287 0878 8D65A373 		.ascii	"\215e\243s\270\316\013\307{\260X\016\227\024x\311Ne"
 287      B8CE0BC7 
 287      7BB0580E 
 287      971478C9 
 287      4E65
 288 088a AA9CBA3C 		.ascii	"\252\234\272<\306\251J\321\251*~\0167=8\330\310~1vc"
 288      C6A94AD1 
 288      A92A7E0E 
 288      373D38D8 
 288      C87E3176 
 289 089f B825D268 		.ascii	"\270%\322h\217\263\032\355\216`\253n\351g\177\231\025"
 289      8FB31AED 
 289      8E60AB6E 
 289      E9677F99 
 289      15
 290 08b0 1612C2E9 		.ascii	"\026\022\302\351\315\346\325\021\321\216\371\241f\307"
 290      CDE6D511 
 290      D18EF9A1 
 290      66C7
 291 08be 3A640C8F 		.ascii	":d\014\217\211\262\031-V\273-(\322\362\205qq\214uu\224"
 291      89B2192D 
 291      56BB2D28 
 291      D2F28571 
 291      718C7575 
 292 08d3 2DDA6137 		.ascii	"-\332a7\256\264Y\242\376h\\b\215\214\210\265\333\314"
 292      AEB459A2 
 292      FE685C62 
 292      8D8C88B5 
 292      DBCC
 293 08e5 B6A0D8D5 		.ascii	"\266\240\330\325\326\257C\215+cb\"\355\306\257\254\326"
 293      D6AF438D 
 293      2B636222 
 293      EDC6AFAC 
 293      D6
 294 08f6 204B5C54 		.ascii	" K\\TPtL\264-\310f\371\"\"haP\350\274\220\205A\377\\"
 294      50744CB4 
 294      2DC866F9 
 294      22226861 
 294      50E8BC90 
 295 090e 101465F9 		.ascii	"\020\024e\371GL\234qL\2571\"\332\032\271z\225\315\030"
 295      474C9C71 
 295      4CAF3122 
 295      DA1AB97A 
 295      95CD18
 296 0921 65B18647 		.ascii	"e\261\206GD\333\214\346U\266/-\253#\035f\3077\2616{"
 296      44DB8CE6 
 296      55B62F2D 
ARM GAS  /tmp/cc7sddKR.s 			page 23


 296      AB231D66 
 296      C737B136 
 297 0936 7038A793 		.ascii	"p8\247\223\034\372\367\377\325\037\3737v\243\331\356"
 297      1CFAF7FF 
 297      D51FFB37 
 297      76A3D9EE 
 298 0946 5805C6C1 		.ascii	"X\005\306\301\011OP\035\021Q6\263\303_\031\3038\207"
 298      094F501D 
 298      115136B3 
 298      C35F19C3 
 298      3887
 299 0958 0B6F0D27 		.ascii	"\013o\015'\020\321g\017\273cYt\204c\206\273xs\336v\307"
 299      10D1670F 
 299      BB635974 
 299      846386BB 
 299      7873DE76 
 300 096d 0A8725CE 		.ascii	"\012\207%\316\261(\022\254{\021%&\226>\353\341\331\346"
 300      B12812AC 
 300      7B112526 
 300      963EEBE1 
 300      D9E6
 301 097f 901E97DA 		.ascii	"\220\036\227\332\\\010sd\344*s\004\220\032\325\244\261"
 301      5C087364 
 301      E42A7304 
 301      901AD5A4 
 301      B1
 302 0990 31711083 		.ascii	"1q\020\203\025+\227\317\0175~\372\351b\343\312e\313"
 302      152B97CF 
 302      0F357EFA 
 302      E962E3CA 
 302      65CB
 303 09a2 FF156264 		.ascii	"\377\025bd#\300\027mX\330r\323|\376O&\315\342\345\213"
 303      23C0176D 
 303      58D872D3 
 303      7CFE4F26 
 303      CDE2E58B 
 304 09b6 4C787198 		.ascii	"Lxq\230I\363\311\342\225&\034\026f\302&\220E&\023\376"
 304      49F3C9E2 
 304      95261C16 
 304      66C22690 
 304      452613FE 
 305 09ca F38A301C 		.ascii	"\363\2120\034\366\331JMX\330\022\023\305\207\322{\010"
 305      F6D94A4D 
 305      58D81213 
 305      C587D27B 
 305      08
 306 09db 5EB2D4C4 		.ascii	"^\262\324\304\257\200\221\313\226\2304+\226\003:\314"
 306      AF8091CB 
 306      9698342B 
 306      96033ACC 
 307 09eb 140A1202 		.ascii	"\024\012\022\002\310\277\232B\337\327\223(\222\276\210"
 307      C8BF9A42 
 307      DFD79328 
 307      92BE88
 308 09fa 2870C6CB 		.ascii	"(p\306\313\245\230\035\006qRv\022\010\263\205\314\323"
 308      A5981D06 
 308      71527612 
ARM GAS  /tmp/cc7sddKR.s 			page 24


 308      08B385CC 
 308      D3
 309 0a0b C76CFE72 		.ascii	"\307l\376ru\264\325l\016\376\365o\346/\320I\232\306"
 309      75B4D56C 
 309      0EFEF56F 
 309      E62FD049 
 309      9AC6
 310 0a1d 1A6E89FB 		.ascii	"\032n\211\373\300\005\217\211e\350\311R\213m\202\341"
 310      C0058F89 
 310      65E8C952 
 310      8B6D82E1 
 311 0a2d 0B42A4EE 		.ascii	"\013B\244\356\257&\354\376\325\177\001\000\331\035\337"
 311      AF26ECFE 
 311      D57F0100 
 311      D91DDF
 312              		.text
 313              		.section	.gnu.lto_.symtab.972920ce91e074fd,"",%progbits
 314 0000 7374496E 		.ascii	"stInit\000"
 314      697400
 315 0007 00       		.ascii	"\000"
 316 0008 00       		.ascii	"\000"
 317 0009 00       		.ascii	"\000"
 318 000a 00000000 		.ascii	"\000\000\000\000\000\000\000\000"
 318      00000000 
 319 0012 C8000000 		.ascii	"\310\000\000\000"
 320 0016 73745374 		.ascii	"stStartAlarm\000"
 320      61727441 
 320      6C61726D 
 320      00
 321 0023 00       		.ascii	"\000"
 322 0024 00       		.ascii	"\000"
 323 0025 00       		.ascii	"\000"
 324 0026 00000000 		.ascii	"\000\000\000\000\000\000\000\000"
 324      00000000 
 325 002e CC000000 		.ascii	"\314\000\000\000"
 326 0032 73745374 		.ascii	"stStopAlarm\000"
 326      6F70416C 
 326      61726D00 
 327 003e 00       		.ascii	"\000"
 328 003f 00       		.ascii	"\000"
 329 0040 00       		.ascii	"\000"
 330 0041 00000000 		.ascii	"\000\000\000\000\000\000\000\000"
 330      00000000 
 331 0049 CE000000 		.ascii	"\316\000\000\000"
 332 004d 73745365 		.ascii	"stSetAlarm\000"
 332      74416C61 
 332      726D00
 333 0058 00       		.ascii	"\000"
 334 0059 00       		.ascii	"\000"
 335 005a 00       		.ascii	"\000"
 336 005b 00000000 		.ascii	"\000\000\000\000\000\000\000\000"
 336      00000000 
 337 0063 D0000000 		.ascii	"\320\000\000\000"
 338 0067 73744765 		.ascii	"stGetAlarm\000"
 338      74416C61 
 338      726D00
 339 0072 00       		.ascii	"\000"
ARM GAS  /tmp/cc7sddKR.s 			page 25


 340 0073 00       		.ascii	"\000"
 341 0074 00       		.ascii	"\000"
 342 0075 00000000 		.ascii	"\000\000\000\000\000\000\000\000"
 342      00000000 
 343 007d D3000000 		.ascii	"\323\000\000\000"
 344 0081 73745F6C 		.ascii	"st_lld_init\000"
 344      6C645F69 
 344      6E697400 
 345 008d 00       		.ascii	"\000"
 346 008e 02       		.ascii	"\002"
 347 008f 00       		.ascii	"\000"
 348 0090 00000000 		.ascii	"\000\000\000\000\000\000\000\000"
 348      00000000 
 349 0098 D5000000 		.ascii	"\325\000\000\000"
 350              		.text
 351              		.section	.gnu.lto_.opts,"",%progbits
 352 0000 272D666D 		.ascii	"'-fmath-errno' '-fsigned-zeros' '-ftrapping-math' '"
 352      6174682D 
 352      6572726E 
 352      6F272027 
 352      2D667369 
 353 0033 2D666E6F 		.ascii	"-fno-trapv' '-fno-openmp' '-fno-openacc' '-mcpu=cor"
 353      2D747261 
 353      70762720 
 353      272D666E 
 353      6F2D6F70 
 354 0066 7465782D 		.ascii	"tex-m4' '-mno-thumb-interwork' '-mthumb' '-O2' '-fo"
 354      6D342720 
 354      272D6D6E 
 354      6F2D7468 
 354      756D622D 
 355 0099 6D69742D 		.ascii	"mit-frame-pointer' '-falign-functions=16' '-ffuncti"
 355      6672616D 
 355      652D706F 
 355      696E7465 
 355      72272027 
 356 00cc 6F6E2D73 		.ascii	"on-sections' '-fdata-sections' '-fno-common' '-flto"
 356      65637469 
 356      6F6E7327 
 356      20272D66 
 356      64617461 
 357 00ff 2700     		.ascii	"'\000"
 358              		.text
 359              		.comm	__gnu_lto_v1,1,1
 360              		.comm	__gnu_lto_slim,1,1
 361              		.ident	"GCC: (GNU Tools for Arm Embedded Processors 7-2017-q4-major) 7.2.1 20170904 (release) [ARM
ARM GAS  /tmp/cc7sddKR.s 			page 26


DEFINED SYMBOLS
                            *ABS*:0000000000000000 st.c
                            *COM*:0000000000000001 __gnu_lto_v1
                            *COM*:0000000000000001 __gnu_lto_slim

NO UNDEFINED SYMBOLS
