ARM GAS  /tmp/ccFLvGwh.s 			page 1


   1              		.cpu cortex-m4
   2              		.eabi_attribute 20, 1
   3              		.eabi_attribute 21, 1
   4              		.eabi_attribute 23, 3
   5              		.eabi_attribute 24, 1
   6              		.eabi_attribute 25, 1
   7              		.eabi_attribute 26, 1
   8              		.eabi_attribute 30, 2
   9              		.eabi_attribute 34, 1
  10              		.eabi_attribute 18, 4
  11              		.file	"st_lld.c"
  12              		.section	.gnu.lto_.profile.618dddd02a83dee5,"",%progbits
  13 0000 789C6363 		.ascii	"x\234cc```\001bF\006K\031\000\001\006\000a"
  13      60606001 
  13      6246064B 
  13      19000106 
  13      0061
  14              		.text
  15              		.section	.gnu.lto_.icf.618dddd02a83dee5,"",%progbits
  16 0000 789C6363 		.ascii	"x\234cc``\340c@\000&\206\2757\226o\341d<2m\356^.\006"
  16      6060E063 
  16      40002686 
  16      BD37966F 
  16      E1643C32 
  17 0019 002DEC05 		.ascii	"\000-\354\005\317"
  17      CF
  18              		.text
  19              		.section	.gnu.lto_.jmpfuncs.618dddd02a83dee5,"",%progbits
  20 0000 789C6363 		.ascii	"x\234cc``\360d@\000&0\311\310\300\300\3028\205\231\361"
  20      6060F064 
  20      40002630 
  20      C9C8C0C0 
  20      C2388599 
  21 0015 E9C9C96D 		.ascii	"\351\311\311m<\335\314s\230\031\030e\03073\31200\036"
  21      3CDDCC73 
  21      98191865 
  21      183733CA 
  21      30301E
  22 0028 60619401 		.ascii	"`a\224\001b\240\022\240t\327\257\353}\034\020i\016\306"
  22      62A012A0 
  22      74D7AFEB 
  22      7D1C1069 
  22      0EC6
  23 003a 2D50690E 		.ascii	"-Pi\016\2604\003\000!Q\016\252"
  23      B0340300 
  23      21510EAA 
  24              		.text
  25              		.section	.gnu.lto_.inline.618dddd02a83dee5,"",%progbits
  26 0000 789C6363 		.ascii	"x\234cc``\260b@\000&\006\006\036QF\006&\276+\376\014"
  26      6060B062 
  26      40002606 
  26      061E5146 
  26      0626BE2B 
  27 0016 6C0BE499 		.ascii	"l\013\344\231@b\214\\p\202AD\006()\363\340\026#\\\226"
  27      40628C5C 
  27      70824144 
  27      062829F3 
ARM GAS  /tmp/ccFLvGwh.s 			page 2


  27      E016235C 
  28 002b 9907AC8B 		.ascii	"\231\007\254\213\001\000\257\032\005X"
  28      0100AF1A 
  28      0558
  29              		.text
  30              		.section	.gnu.lto_.pureconst.618dddd02a83dee5,"",%progbits
  31 0000 789C6363 		.ascii	"x\234cc```\003b&\206]\214\214R\000\003\261\000\345"
  31      60606003 
  31      6226865D 
  31      8C8C5200 
  31      03B100E5 
  32              		.text
  33              		.section	.gnu.lto_VectorB0.618dddd02a83dee5,"",%progbits
  34 0000 789C7D54 		.ascii	"x\234}T]lSe\030~\237\363\235\376\254\035\310%\211K\354"
  34      5D6C5365 
  34      187E9FF3 
  34      9DFEAC1D 
  34      C825894B 
  35 0015 2E665C42 		.ascii	".f\\Bz\370Y\342\2451\030\023\"\275a\334\223Q\232\224"
  35      7AF859E2 
  35      A5311813 
  35      22BD61DC 
  35      93519A94 
  36 0029 D851D26E 		.ascii	"\330Q\322n\013\273\332\351~\350\026\215\341b\014%\325"
  36      0BBBDAE9 
  36      7EE8168D 
  36      E1620C25 
  36      D5
  37 003a 3592F813 		.ascii	"5\222\370\0233Q\374\355\200y\334\034E\221m\214\241\350"
  37      3351FCED 
  37      8079DC1C 
  37      45916D8C 
  37      A1E8
  38 004c 12832C6C 		.ascii	"\022\203,l2\253\231\2048\205\261\371\276\247\245vm\262"
  38      32AB9984 
  38      3885B1F9 
  38      BEA7A576 
  38      6DB2
  39 005e 2F3DDF39 		.ascii	"/=\3379\347{\336\237\347{\236\257\307IDO:\210\026\371"
  39      E77BDE9F 
  39      E77B9EAF 
  39      C749444F 
  39      3A8816F9 
  40 0072 DEC0171C 		.ascii	"\336\300\027\034\004\355\304\004Q\302\255ij\252\206"
  40      04EDC404 
  40      51C2AD69 
  40      6AAA86
  41 0081 4C8F6EED 		.ascii	"L\217n\355 \263ZA\317/\353\200<\230nP\207\246tt\340"
  41      20B35A41 
  41      CF2FEB80 
  41      3C986E50 
  41      87A67474 
  42 0096 55D5AF30 		.ascii	"U\325\2570\232\234\317h\365\357\232<\254S\303\336\204"
  42      9A9CCF68 
  42      F5EF9A3C 
  42      AC53C3DE 
  42      84
ARM GAS  /tmp/ccFLvGwh.s 			page 3


  43 00a7 D9B335A5 		.ascii	"\331\2635\245\210\006\370\222\201OPO\034v\373\343\325"
  43      8806F892 
  43      814F504F 
  43      1C76FBE3 
  43      D5
  44 00b8 939B9C7A 		.ascii	"\223\233\234z~\035\237\302I\340\207\263\323\016\313"
  44      7E1D9FC2 
  44      49E087B3 
  44      D30ECB
  45 00c7 5C5D4B9A 		.ascii	"\\]K\232\326\3753x\370\222\007\224R\320d\"\352\345H"
  45      D6FD3378 
  45      F8920794 
  45      52D06422 
  45      EAE548
  46 00da 6E685AD4 		.ascii	"nhZ\324\2474y\352\262h\021\243\303ws=^)pZ\201\353\016"
  46      A73479EA 
  46      B26811A3 
  46      C377733D 
  46      5E29705A 
  47 00f1 F48C4EBA 		.ascii	"\364\214N\272^Q)\245A\332L\014-/y\362\257\302H\347\245"
  47      5E5129A5 
  47      41DA4C0C 
  47      2D2F79F2 
  47      AFC248E7 
  48 0106 F49B0B55 		.ascii	"\364\233\013Ui\274\225\340W_J)|\216\032|\206\032\222"
  48      69BC95E0 
  48      575F4A29 
  48      7C8E1A7C 
  48      861A92
  49 0119 F0E4FC95 		.ascii	"\360\344\374\225\251\315\306\220\331\235\020L\307\027"
  49      A9CDC690 
  49      D99D104C 
  49      C717
  50 0127 48E3A4CD 		.ascii	"H\343\244\315\034_\302\340v]+\307\337p\345\273i\371"
  50      1C5FC2E0 
  50      765D2BC7 
  50      DF70E5BB 
  50      69F9
  51 0139 86E36BCB 		.ascii	"\206\343k\313\326\023\322\001\320\220\341:w\320=;\326"
  51      D613D201 
  51      D090E13A 
  51      77D03D3B 
  51      D6
  52 014a 5088E180 		.ascii	"P\210\341\200\263\271\314\277\233\362\001\204ai\304"
  52      B3B9CCBF 
  52      9BF20184 
  52      6169C4
  53 0159 A34F299A 		.ascii	"\243O)\232\252\311\357\340\376o\177\214\333;XO.\375"
  53      AAC9EFE0 
  53      FE6F7F8C 
  53      DB3B584F 
  53      2EFD
  54 016b 8EEC7E63 		.ascii	"\216\354~c~\347\377\347w\001F\351\366unv\221\263\346"
  54      7EE7FFE7 
  54      770146E9 
  54      F6756E76 
  54      91B3E6
ARM GAS  /tmp/ccFLvGwh.s 			page 4


  55 017e 593E5EBF 		.ascii	"Y>^\277\326\375QJ\311\272\003\242\301_WO\317m\226W'"
  55      D6FD514A 
  55      C9BA03A2 
  55      C15F574F 
  55      CF6D9657 
  56 0193 7CFCBA70 		.ascii	"|\374\272p!9\003\265\323V,7\337k\351ugL\263\323\264"
  56      213903B5 
  56      D3562C37 
  56      DF6BE975 
  56      674CB3D3 
  57 01a8 B2C9E72E 		.ascii	"\262\311\347.\215\0377O$\334)\345\202\005\305n\341+"
  57      8D1F374F 
  57      24DC29E5 
  57      8205C56E 
  57      E12B
  58 01ba E63352D8 		.ascii	"\3463R\330\006\276F\235\320\272k^\324\245\234\013>\214"
  58      06BE469D 
  58      D0BA6B5E 
  58      D4A59C0B 
  58      3E8C
  59 01cc 32F63B3A 		.ascii	"2\366;:o\177\360Z\377\334\326\242\323\335\371\003\361"
  59      6F7FF05A 
  59      FFDCD6A2 
  59      D3DDF903 
  59      F1
  60 01dd 8BD761BB 		.ascii	"\213\327a\273=\240@e\330\332\373\015\017\370\024\214"
  60      3DA04065 
  60      D8DAFB0D 
  60      0FF8148C 
  61 01ed 09A89583 		.ascii	"\011\250\225\203\017\207\266\207\011\337\010\246\312"
  61      0F87B687 
  61      09DF08A6 
  61      CA
  62 01fa B1B105BF 		.ascii	"\261\261\005\277\2130.\230^\216=\210\012E\302%A\035"
  62      8B302E98 
  62      5E8E3D88 
  62      0A45C225 
  62      411D
  63 020c A5070F59 		.ascii	"\245\007\017Y8qY\316\035O,\026M\212\233o\017\236\373"
  63      387159CE 
  63      1D4F2C16 
  63      4D8A9B6F 
  63      0F9EFB
  64 021f C7537B0B 		.ascii	"\307S{\013\203\346\353,\260[\022\206\346\316\233n]\343"
  64      83E6EB2C 
  64      B05B1286 
  64      E6CE9B6E 
  64      5DE3
  65 0231 CD7E8B5A 		.ascii	"\315~\213Z\333\205\245\334\314\254\306+\370\016\272"
  65      DB85A5DC 
  65      CCACC62B 
  65      F80EBA
  66 0240 BD5DC215 		.ascii	"\275]\302\025[\326\367F\306\356T\327\316\025\262\253"
  66      5BD6F746 
  66      C6EE54D7 
  66      CE15B2AB 
  67 0250 24F6DE87 		.ascii	"$\366\336\207\347nx\355\354\357%\033W\241\263'\235>"
ARM GAS  /tmp/ccFLvGwh.s 			page 5


  67      E76E78ED 
  67      ECEF251B 
  67      57A1B327 
  67      9D3E
  68 0262 5B3AA21C 		.ascii	"[:\242\034\272n=\352\377\373`\271NKE\235\234\353HO0"
  68      BA6E3DEA 
  68      FFFB60B9 
  68      4E4B459D 
  68      9CEB484F 
  69 0277 D749212D 		.ascii	"\327I!-\023\003\231Ln\326\325\361\310d\203<\003,\377"
  69      1303994C 
  69      6ED6D5F1 
  69      C864833C 
  69      032CFF
  70 028a 846053E8 		.ascii	"\204`S\350\340\223\343}\354\375:G\263Og7v\364\232\355"
  70      E093E37D 
  70      ECFD3A47 
  70      B34F6737 
  70      76F49AED 
  71 029e 68F11CB9 		.ascii	"h\361\034\271X\232\351\215\034\275Wd\352\256t\324\267"
  71      589AE98D 
  71      1CBD5764 
  71      EAAE74D4 
  71      B7
  72 02af C274AE0B 		.ascii	"\302t\256\013XU\351\3503/\023f\004\363T8\232\335\305"
  72      5855E9E8 
  72      332F1366 
  72      04F35438 
  72      9ADDC5
  73 02c2 8EDE10CC 		.ascii	"\216\336\020\314[\216-\266\013E\302\017\225\216\376"
  73      5B8E2DB6 
  73      0B45C20F 
  73      958EFE
  74 02d1 C8E2DC14 		.ascii	"\310\342\334\024\001n\2268\272:\370\353\210\367\261"
  74      016E9638 
  74      BA3AF8EB 
  74      88F7B1
  75 02e0 59D3B659 		.ascii	"Y\323\266Y?\331f\225;\363s\321\031\251o\377G\365\302"
  75      3FD96695 
  75      3BF373D1 
  75      19A96FFF 
  75      47F5C2
  76 02f3 67465CEA 		.ascii	"gF\\\352[q\330\237\251\012\321\2539w\266\240\370\237"
  76      5B71D89F 
  76      A90AD1AB 
  76      3977B6A0 
  76      F89F
  77 0305 E84C2F9F 		.ascii	"\350L/\237\202\035(\243\227\2179\227\340&\206\337_\370"
  77      821D28A3 
  77      978F3997 
  77      E02686DF 
  77      5FF8
  78 0317 45E346B8 		.ascii	"E\343F\270)b\034\215\306Z\342F\343\376\300\256\235\306"
  78      29621C8D 
  78      C65AE246 
  78      E3FEC0AE 
  78      9DC6
ARM GAS  /tmp/ccFLvGwh.s 			page 6


  79 0329 DEBD2F18 		.ascii	"\336\275/\030\373\367\004\332v\030\361\226\003\221\310"
  79      FBF704DA 
  79      7618F196 
  79      0391C8
  80 0338 217F901C 		.ascii	"!\177\220\034mM\221\326P}iV\254\245\220\364\374\276"
  80      6D4D91D6 
  80      507D6956 
  80      ACA590F4 
  80      FCBE
  81 034a C0EEC031 		.ascii	"\300\356\3001#\030\016Fc\241\003m\3176\373\303\264\255"
  81      23180E46 
  81      63A1036D 
  81      CF36FBC3 
  81      B4AD
  82 035c 343274AC 		.ascii	"42t\254\305\330\035h\334\323h\034>\022\214\264\036\012"
  82      C5D81D68 
  82      DCD3681C 
  82      3E128CB4 
  82      1E0A
  83 036e 197664B0 		.ascii	"\031vd\260\371\305\326#A\016~\252\234L4\316\023\327"
  83      F9C5D623 
  83      410E7EAA 
  83      9C4C34CE 
  83      13D7
  84 0380 977B39CE 		.ascii	"\227{9\316\313\305*\341x{\234\361-\201\306}\276\203"
  84      CBC52AE1 
  84      787B9CF1 
  84      2D81C67D 
  84      BE83
  85 0392 4DF1D0D1 		.ascii	"M\361\320\321\330\341m\276\272\355\244\305\310\325\034"
  85      D8E16DBE 
  85      BAEDA4C5 
  85      C8D51C
  86 03a1 6A8EC6DA 		.ascii	"j\216\306\332\351?h\246\367l"
  86      E93F68A6 
  86      F76C
  87              		.text
  88              		.section	.gnu.lto_st_lld_init.618dddd02a83dee5,"",%progbits
  89 0000 789C9D94 		.ascii	"x\234\235\224\313O\023A\034\307\347\273\263m\227\207"
  89      CB4F1341 
  89      1CC7E7BB 
  89      B36D9787 
  90 0010 35DE4CEC 		.ascii	"5\336L\354\301\213\007<\260\251\376\013^L \036\344j"
  90      C18B073C 
  90      B0A9FE0B 
  90      5E4C201E 
  90      E46A
  91 0022 8CD1440F 		.ascii	"\214\321D\017$\030!\236\214]^-\0021D\005\023-\330D\023"
  91      2418219E 
  91      8C5D5E2D 
  91      02314405 
  91      132DD844 
  92 0037 8309561E 		.ascii	"\203\011V\036\012- K\255\"\"\017\021yz2\021Q\320x \321"
  92      0A2D204B 
  92      AD22220F 
  92      11797A32 
  92      1151D078 
ARM GAS  /tmp/ccFLvGwh.s 			page 7


  93 004d 68047FBF 		.ascii	"h\004\177\277\331\322\022=\321Iw:\257\375|\346\267\363"
  93      D9D2123D 
  93      D149773A 
  93      AFFD7CE6 
  93      B7F3
  94 005f 700B212E 		.ascii	"p\013!.\271\204\360\323\377>z \005\264\246\011!*\015"
  94      B984F0D3 
  94      FF3E7A20 
  94      05B4A609 
  94      212A0D
  95 0072 0DE08265 		.ascii	"\015\340\202e@\0044\004\320(oH$B\3131\255\340\276E\311"
  95      40043404 
  95      D0286F48 
  95      2442CB31 
  95      ADE0BE45 
  96 0087 BED9E50D 		.ascii	"\276\331\345\015Z\265{\303R\210\026z8\241\033\005\202"
  96      5AB57BC3 
  96      5288167A 
  96      38A11B05 
  96      82
  97 0098 867DE8DC 		.ascii	"\206}\350\334h\336\345\326\235v\364\300-@\205\350\264"
  97      68DEE5D6 
  97      9D76F4C0 
  97      2D4085E8 
  97      B4
  98 00a9 CBB63636 		.ascii	"\313\26666C\226\235\274\213\301c{ \302\022\032g\222"
  98      43969DBC 
  98      8BC1637B 
  98      20C2121A 
  98      6792
  99 00bb 339D3321 		.ascii	"3\2353!\352\350\035\022[\266\270\"5.U\333\342\013\022"
  99      EAE81D12 
  99      5BB6B822 
  99      352E55DB 
  99      E20B12
 100 00ce F1CF77CE 		.ascii	"\361\317w\3162\351\226\004\011Zj\023\223\236\006\031"
 100      32E99604 
 100      095A6A13 
 100      939E0619 
 101 00de 961AD8B7 		.ascii	"\226\032\330\267\024\035_5\234\252\025\251\263tj\272"
 101      141D5F35 
 101      9CAA15A9 
 101      B3746ABA 
 102 00ee 17EDBC8D 		.ascii	"\027\355\274\215\010\332*i\252\373\303R\342\011|x\014"
 102      08DA2A69 
 102      AAFBC352 
 102      E2097C78 
 102      0C
 103 00ff 9FE0F1D7 		.ascii	"\237\340\361\327\272gN\230\035V\015\302RG/\015kV\001"
 103      BA674E98 
 103      1D560DC2 
 103      52472F0D 
 103      6B5601
 104 0112 A00F26B9 		.ascii	"\240\017&\271\252\177\006\341\2504\307\326\223\034\011"
 104      AA7F06E1 
 104      A834C7D6 
 104      931C09
ARM GAS  /tmp/ccFLvGwh.s 			page 8


 105 0121 2A3C28C5 		.ascii	"*<(\305\210A\363\231\251Wcvd\212gL\3750\011\257\002"
 105      8841F399 
 105      A9576376 
 105      648A674C 
 105      FD3009AF 
 106 0136 6B7FE071 		.ascii	"k\177\340qlr{`.\025X}\365p\227\341T-\273\311\362R\323"
 106      6C727B60 
 106      2E15587D 
 106      F57097E1 
 106      542DBBC9 
 107 014d C2D79ACE 		.ascii	"\302\327\232\316\274\214\316\215A\322\015\244t\361\265"
 107      BC8CCE8D 
 107      41D20DA4 
 107      74F1B5
 108 015c F65E77DA 		.ascii	"\366^w\332\367T\371\370\323c\350\237\310t\322\375\037"
 108      F754F9F8 
 108      D363E89F 
 108      C874D2FD 
 108      1F
 109 016d CA0ED876 		.ascii	"\312\016\330v\206=\314\261\350LZ_\351\010yS\254t$\036"
 109      863DCCB1 
 109      E84C5A5F 
 109      E9087953 
 109      AC74241E 
 110 0181 15C944C7 		.ascii	"\025\311D\307\217\357\271N\225w\017/Q\244\365SNJ\026"
 110      8FEFB94E 
 110      95770F2F 
 110      51A4F553 
 110      4E4A16
 111 0194 B94C8B6F 		.ascii	"\271L\213o\340\031\351\022)]hyl\312\313\272J\236\212"
 111      E019E912 
 111      295D6879 
 111      6CCACBBA 
 111      4A9E8A
 112 01a7 8EA4126A 		.ascii	"\216\244\022j,|\016\223\006$\033\026\337\203\211:\206"
 112      2C7C0E93 
 112      06241B16 
 112      DF83893A 
 112      86
 113 01b8 0EE08513 		.ascii	"\016\340\205\023\313\372\312\303\364\014v\306\037Q|"
 113      CBFACAC3 
 113      F40C76C6 
 113      1F517C
 114 01c7 B5615F2A 		.ascii	"\265a_*\376\352\300\243y\227\303\337\244\264\033\243"
 114      FEEAC0A3 
 114      7997C3DF 
 114      A4B41BA3 
 115 01d7 5B8A6896 		.ascii	"[\212h\226\212WJ\241\263bL)\322\337H\207\300\353-|_"
 115      8A574AA1 
 115      B3624C29 
 115      D2DF4887 
 115      C0EB2D7C 
 116 01ec 56F81C8C 		.ascii	"V\370\034\214+<\235f\356\264\033\253\332=\376(wF\272"
 116      2B3C9D66 
 116      EEB41BAB 
 116      DA3DFE28 
 116      7746BA
ARM GAS  /tmp/ccFLvGwh.s 			page 9


 117 01ff D48A4DC0 		.ascii	"\324\212M\300\304A\237\332}\223\360gt\261,\243\231R"
 117      C4419FDA 
 117      7D93F067 
 117      74B12CA3 
 117      9952
 118 0211 3A37F3DE 		.ascii	":7\363\336\020:\315\213g\311\233V<\017\363\336n\347"
 118      103ACD8B 
 118      67C99B56 
 118      3C0FF3DE 
 118      6EE7
 119 0223 F567C99B 		.ascii	"\365g\311\233Q<\203y\357\210\027\333\342\015d\311\233"
 119      513C8379 
 119      EF8817DB 
 119      E20D64C9 
 119      9B
 120 0234 55BC1CE6 		.ascii	"U\274\034\346\315\245xk\250\215l\266Ju\303\321\033\261"
 120      CDA5786B 
 120      A88D6CB6 
 120      4A75C3D1 
 120      1BB1
 121 0246 D8DA9227 		.ascii	"\330\332\222'\360\3072\3022\267\205\317\006\346\021"
 121      F0C732C2 
 121      32B785CF 
 121      06E611
 122 0255 E08E8FA3 		.ascii	"\340\216\217\243\327\203\371\274\316y\304_\200\217O"
 122      D783F9BC 
 122      CE79C45F 
 122      808F4F
 123 0264 F6AFB9AB 		.ascii	"\366\257\271\253\206\323d`\021\276\260\314\027\337P"
 123      86D36460 
 123      11BEB0CC 
 123      17DF50
 124 0273 15F9DDA6 		.ascii	"\025\371\335\246\016\243\272N\353\210A\027 \355y\263"
 124      0EA3BA4E 
 124      EB884117 
 124      20ED79B3 
 125 0283 B030F52B 		.ascii	"\2600\365++7\317\235*5\317\227]\250(7\217\227\024\037"
 125      2B37CF9D 
 125      2A35CF97 
 125      5DA82837 
 125      8F97141F 
 126 0297 3E641615 		.ascii	">d\026\025\0351K\216\026_\364\233\345\025'KK\317\024"
 126      1D314B8E 
 126      165FF49B 
 126      E515274B 
 126      4BCF14
 127 02aa 9E167F01 		.ascii	"\236\026\177\001\227\356\3246"
 127      97EED436 
 128              		.text
 129              		.section	.gnu.lto_.symbol_nodes.618dddd02a83dee5,"",%progbits
 130 0000 789C55C8 		.ascii	"x\234U\310\301\011\2000\020D\321\237I\264\015[\321\222"
 130      C1098030 
 130      1044D19F 
 130      49B40D5B 
 130      D192
 131 0012 AC607388 		.ascii	"\254`s\210\211G\353\261\010\253\360(\330\202\213'e\030"
 131      8947EBB1 
ARM GAS  /tmp/ccFLvGwh.s 			page 10


 131      08ABF028 
 131      D8828B27 
 131      6518
 132 0024 3EBC1E98 		.ascii	">\274\036\230\375\250\310`;\300\263\347\311e\221\205"
 132      FDA8C860 
 132      3BC0B3E7 
 132      C9659185 
 133 0034 9F842AD3 		.ascii	"\237\204*\323+\220\363\350\320d\361\007\253,}!\372J"
 133      2B90F3E8 
 133      D064F107 
 133      AB2C7D21 
 133      FA4A
 134 0046 BDBB8828 		.ascii	"\275\273\210(\355\032bH\234^\036\365g\032\323"
 134      ED1A6248 
 134      9C5E1EF5 
 134      671AD3
 135              		.text
 136              		.section	.gnu.lto_.refs.618dddd02a83dee5,"",%progbits
 137 0000 789C6363 		.ascii	"x\234cc```\004b\006\000\000D\000\010"
 137      60606004 
 137      62060000 
 137      440008
 138              		.text
 139              		.section	.gnu.lto_.decls.618dddd02a83dee5,"",%progbits
 140 0000 789CBD58 		.ascii	"x\234\275XiPTW\026\356\373n\323@\263h5V\306\232\262"
 140      69505457 
 140      16EEFB6E 
 140      D340B368 
 140      3556C69A 
 141 0015 2A96458D 		.ascii	"*\226E\215\244f\240\005\255\2115?\246\242\015*5!\261"
 141      A466A005 
 141      AD89353F 
 141      A6A20D2A 
 141      3521B1
 142 0028 1A3295E4 		.ascii	"\0322\225\344O\247\323\266\201I/\206%\023+?\346)\270"
 142      4FA7D3B6 
 142      81492F86 
 142      25132B3F 
 142      E629B8
 143 003b E2864BDC 		.ascii	"\342\206K\3340\001\027pCAE\302\242,\255\210,\212\215"
 143      30011770 
 143      434145C2 
 143      A22CAD88 
 143      2C8A8D
 144 004e A2880802 		.ascii	"\242\210\010\002\242q\003Q\001Ee\316\275\3675\357\365"
 144      A2710351 
 144      014565CE 
 144      BDF735EF 
 144      F5
 145 005f A3C9CC54 		.ascii	"\243\311\314T\315\314+N\277w\356\373\356w\317=\347\334"
 145      CDCC2B4E 
 145      BF77EEFB 
 145      EE77CF3D 
 145      E7DC
 146 0071 7BCF43A5 		.ascii	"{\317C\245P(\006\177\243PlV*\024\013\220B1\002\027\206"
 146      5028067F 
 146      A3506C56 
ARM GAS  /tmp/ccFLvGwh.s 			page 11


 146      2A140B90 
 146      42310217 
 147 0086 B64A1050 		.ascii	"\266J\020P\025g\024\354\362\0029\017r\001\344\"H\035"
 147      156714EC 
 147      F202390F 
 147      7201E422 
 147      481D
 148 0098 48A362EC 		.ascii	"H\243b\354\225\016\235\374\341\376\005\310t\220I\240"
 148      950E9DFC 
 148      E1FE05C8 
 148      749049A0 
 149 00a8 078134C3 		.ascii	"\007\2014\303\263\206\350\002\347o\241\355]\220\251"
 149      B386E802 
 149      E76FA1ED 
 149      5D90A9
 150 00b7 20E784B1 		.ascii	" \347\204\261\310O\2000\3164x\016\006\371\035H\010H"
 150      C84F8030 
 150      CE34780E 
 150      06F91D48 
 150      0848
 151 00c9 18C80CC4 		.ascii	"\030\310\014\304\306\215\200\373,\220?\202\314F\314"
 151      C68D80FB 
 151      2C903F82 
 151      CC46CC
 152 00d8 1EF9B551 		.ascii	"\036\371\265Q\340r\331\3619\350\237\012v|\005w3\022"
 152      E072D9F1 
 152      39E89F0A 
 152      767C0577 
 152      3312
 153 00ea 6DEB86B6 		.ascii	"m\353\206\266x\304\354\272\014\242V0_\030A&\202\014"
 153      78C4ECBA 
 153      0CA25630 
 153      5F184126 
 153      820C
 154 00fc 83FE1AE4 		.ascii	"\203\376\032\344-\310\010\010\206\266@\020\025\010'"
 154      2DC80808 
 154      86B64010 
 154      150827
 155 010b F8C4932F 		.ascii	"\370\304\223/\266b\324Vs\350\010N\307h\272\032\021\317"
 155      B662D456 
 155      73E8084E 
 155      C768BA1A 
 155      11CF
 156 011d 4E80A6E3 		.ascii	"N\200\246\343\217\212_\006\260&\202\250hh{\253\302\034"
 156      8F8A5F06 
 156      B02682A8 
 156      68687BAB 
 156      C21C
 157 012f 7DCEBB79 		.ascii	"}\316\273y7\027\205\035\345\331\345\223\240@\205\010"
 157      3717851D 
 157      E5D9E593 
 157      A0408508 
 158 013f BBA89C1B 		.ascii	"\273\250\234\033\373\367{\343?Q\340\225\264\374LB\253"
 158      FBF77BE3 
 158      3F51E095 
 158      B4FC4C42 
 158      AB
ARM GAS  /tmp/ccFLvGwh.s 			page 12


 159 0150 512325A8 		.ascii	"Q#%\250O\033vu\005\202:I\215\246n\305\\{\313\360\255"
 159      4F1B7675 
 159      05823A49 
 159      8DA66EC5 
 159      5C7BCBF0 
 160 0165 40A40E59 		.ascii	"@\244\016Y\315\363\313\371\254T\336w\201\002\025\243"
 160      CDF3CBF9 
 160      AC54DE77 
 160      810215A3 
 161 0175 29E86734 		.ascii	")\350g4E\201JQ\010\031\3724\012S\240S\320x\022\032s"
 161      45814A51 
 161      0819FA34 
 161      0A53A053 
 161      D078121A 
 162 018a C87015BD 		.ascii	"\310p\025\275;\376\274\263\237\347\247\242\022\244F"
 162      3BFEBCB3 
 162      9FE7A7A2 
 162      12A446
 163 0199 4508530C 		.ascii	"E\010S\014\004e\272\232\031ph\177\306^\025n@\304\002"
 163      0465BA9A 
 163      1970687F 
 163      C65E156E 
 163      40C402
 164 01ac AE74F7DD 		.ascii	"\256t\367\335\363\334xc\234\035w\214\301\222i\325+x"
 164      F3DC7863 
 164      9C1D778C 
 164      C19269D5 
 164      2B78
 165 01be 9E436760 		.ascii	"\236Cg`\2142q\014\030\222\334\240\025\006*\251<S\356"
 165      8C32710C 
 165      1892DCA0 
 165      15062AA9 
 165      3C53EE
 166 01d1 D78EDA10 		.ascii	"\327\216\332\0208\027M\244\363G,?\340\"?L\037q]\210"
 166      38174DA4 
 166      F3472C3F 
 166      E0223F4C 
 166      1F715D88 
 167 01e5 B5432BC7 		.ascii	"\265C+\307n\002\224(\256.h\264\205\02388\027/\375\023"
 167      6E029428 
 167      AE2E68B4 
 167      85133838 
 167      172FFD13 
 168 01f9 08909495 		.ascii	"\010\220\224\225\275g\303\271.\226\245\354A\322\217"
 168      BD67C3B9 
 168      2E96A5EC 
 168      41D28F
 169 0208 3571E260 		.ascii	"5q\342`\222.clU\214\276\0365J\234$\022\302}\355\321"
 169      922E636C 
 169      558CBE1E 
 169      354A9C24 
 169      12C27DED 
 170 021d BA63FE1D 		.ascii	"\272c\376\035\3506\274\375L\241\330\344c\245\201\177"
 170      E836BCFD 
 170      4CA1D8E4 
 170      63A5817F 
 171 022d DCFB2837 		.ascii	"\334\373(7\020;Y\272\234\037\031\254\230\300\262\200"
ARM GAS  /tmp/ccFLvGwh.s 			page 13


 171      103B59BA 
 171      9C1F19AC 
 171      98C0B280 
 172 023d 2309D257 		.ascii	"#\011\322W\277\307\217e\301DP\217\256\033\331\3525\371"
 172      BFC78F65 
 172      C144508F 
 172      AE1BD9EA 
 172      35F9
 173 024f 07E2F64D 		.ascii	"\007\342\366M\251\374D\016}\361\016r@0\252 \030\012"
 173      A9FC440E 
 173      7DF10E72 
 173      4030AA20 
 173      180A
 174 0261 740E4D86 		.ascii	"t\016M\206_\233\222\015\266\252\367e\206jZ\026\237\325"
 174      5F9B920D 
 174      B6AAF765 
 174      866A5A16 
 174      9FD5
 175 0273 C157B4B7 		.ascii	"\301W\264\267\316\312\253Z\3117B\277\017(\016U\212q"
 175      CECAAB5A 
 175      C93742BF 
 175      0F280E55 
 175      8A71
 176 0285 AA24F988 		.ascii	"\252$\371\210*P\007B\345\250\035l;\217\246\221\004\\"
 176      2A500742 
 176      E5A81D6C 
 176      3B8FA691 
 176      045C
 177 0297 D79B3581 		.ascii	"\327\2335\201$$!k\252\2756\344%\220]*\366\337\305W,"
 177      2424216B 
 177      AABD36E4 
 177      25905D2A 
 177      F6DFC557 
 178 02ac E749C809 		.ascii	"\347I\310\011U\265HU-\247\272@\251\332\373\236]\360"
 178      55B54855 
 178      2DA7BA40 
 178      A9DAFB9E 
 178      5DF0
 179 02be C3DB1995 		.ascii	"\303\333\031\225\263\254\252+\000\250: u\256?\236}+"
 179      B3ACAA2B 
 179      00A83A20 
 179      75AE3F9E 
 179      7D2B
 180 02d0 FF3EBF5A 		.ascii	"\377>\277Z\315\214\252\021\231j\204E\202.R\2065E\216"
 180      CD8CAA11 
 180      996A8445 
 180      822E5286 
 180      35458E
 181 02e3 F5185F65 		.ascii	"\365\030_e\014\265\205\317\352\221\3000\374zj\335)>"
 181      0CB585CF 
 181      EA91C030 
 181      FC7A6ADD 
 181      293E
 182 02f5 CD8BF6AF 		.ascii	"\315\213\366\257\025\373\327\272\372\327\321\376\273"
 182      15FBD7BA 
 182      FAD7D1FE 
 182      BB
ARM GAS  /tmp/ccFLvGwh.s 			page 14


 183 0302 AF76EEE3 		.ascii	"\257v\356\343\360*%\355\177\341`a%Rr,7\211\277\240\255"
 183      F02A25ED 
 183      7FE16061 
 183      2552722C 
 183      3789BFA0 
 184 0317 6E30B75C 		.ascii	"n0\267\\9\332\326\200h\343\323\263\267\177\340\306u"
 184      39DAD680 
 184      68E3D3B3 
 184      B77FE0C6 
 184      75
 185 0328 F765EAEE 		.ascii	"\367e\352\356KH\360\367\376\023\231G\374\005\253\034"
 185      4B48F0F7 
 185      FE139947 
 185      FC05AB1C 
 186 0338 E9F847C7 		.ascii	"\351\370G\307\312\212\205\024\204\352E\263\352]f5R\263"
 186      CA8A8514 
 186      84EA45B3 
 186      EA5D6635 
 186      52B3
 187 034a 8AEE6C2B 		.ascii	"\212\356l+\367e\321\276A8v\225>\257\365b\272\017y\375"
 187      F765D1BE 
 187      41387695 
 187      3EAFF562 
 187      BA0F79FD 
 188 035e E4485100 		.ascii	"\344HQ\000\213~\005\215BOv\232?{\335HtG\363\205>%>\307"
 188      8B7E058D 
 188      424F769A 
 188      3F7BDD48 
 188      7447F385 
 189 0376 66B5C359 		.ascii	"f\265\303Y\020\245\206\245\233\372o-]\350P_?\334\340"
 189      10A586A5 
 189      9BFA6F2D 
 189      5DE8505F 
 189      3FDCE0
 190 0389 856B59EF 		.ascii	"\205kY\357\364\363\205\325\302\356SC\364\255%\216R?"
 190      F4F385D5 
 190      C2EE5343 
 190      F4AD258E 
 190      523F
 191 039b DCC05E76 		.ascii	"\334\300^v\255\355t\250\260\223).\2434\202Q?\265\276"
 191      ADED74A8 
 191      B093292E 
 191      A3348251 
 191      3FB5BE
 192 03ae 006737B3 		.ascii	"\000g7\263\227\245Ee\325\302\004fH\322W\303\322\367"
 192      97A54565 
 192      D5C20466 
 192      48D257C3 
 192      D2F7
 193 03c0 74CFC56A 		.ascii	"t\317\305j5\233\017\217@?\343\274\365\001ne=\253\372"
 193      359B0F8F 
 193      403FE3BC 
 193      F5016E65 
 193      3DABFA
 194 03d3 F37385B9 		.ascii	"\363s\205\271aP;69F&\220\351\360l:\244\3355!\005\352"
 194      61503B36 
 194      39462690 
ARM GAS  /tmp/ccFLvGwh.s 			page 15


 194      E9F06C3A 
 194      A4DD3521 
 195 03e9 245B0BD2 		.ascii	"$[\013\322NAw\330T^l\312\237\247\331D\343\004\031\256"
 195      4E4177D8 
 195      545E6CCA 
 195      9FA7D944 
 195      E30419AE 
 196 03fd A4316C07 		.ascii	"\2441l\007\364m\212\356B\032W\037\002^v\347\300\355"
 196      F46D8AEE 
 196      421A571F 
 196      025E76E7 
 196      C0ED
 197 040f 4029BAF9 		.ascii	"@)\272\371\327\320\307\366\035\330\256\306\355\314\310"
 197      D7D0C7F6 
 197      1DD8AEC6 
 197      EDCCC8
 198 041e DDCFDA7E 		.ascii	"\335\317\332~\021\342\025\002j\316@i\252\017\356b\357"
 198      11E21502 
 198      6ACE4069 
 198      AA0FEE62 
 198      EF
 199 042f B69CDDD3 		.ascii	"\266\234\335\323\340\215\3571\305\265{k\350\356\215"
 199      E08DEF31 
 199      C5B57B6B 
 199      E8EE8D
 200 043e 965F9F8B 		.ascii	"\226_\237\213\037\2627\345\031\233\333\020\356e\312"
 200      1FB237E5 
 200      199BDB10 
 200      EE65CA
 201 044d 93B4BB1D 		.ascii	"\223\264\273\035\202\177&\203\272\255\356\341t\374\234"
 201      827F2683 
 201      BAADEEE1 
 201      74FC9C
 202 045c BD7A5BE3 		.ascii	"\275z[\343\230\216_\261\347\352\323\007s\021\346\275"
 202      988E5FB1 
 202      E7EAD307 
 202      7311E6BD 
 203 046c A8D2BFAB 		.ascii	"\250\322\277\253\372\241\032\2471%\313\231\371\263\017"
 203      FAA11AA7 
 203      3125CB99 
 203      F9B30F
 204 047b 5EC5949C 		.ascii	"^\305\224\234\241\037r\374\361:\246\\-\276\266\332\017"
 204      A11F72FC 
 204      F13AA65C 
 204      2DBEB6DA 
 204      0F
 205 048c 67306575 		.ascii	"g0euA\301\016?\274\215)\313K[2\204-\246\203\350\335"
 205      41C10E3F 
 205      BC8D29CB 
 205      4B5B3284 
 205      2DA683E8 
 206 04a1 07BAB37C 		.ascii	"\007\272\263|\205\250\250@_\353\254\037Dx'\003g\364"
 206      85A8A840 
 206      5FEBAC1F 
 206      44782703 
 206      67F4
 207 04b3 F56F518D 		.ascii	"\365oQ\215\033\207!W\034f\3200\024\025\356\353\365\221"
ARM GAS  /tmp/ccFLvGwh.s 			page 16


 207      1B872157 
 207      1C66D030 
 207      1415EEEB 
 207      F591
 208 04c5 C7A109D0 		.ascii	"\307\241\011\320N\212~I=;\344\362\354\271sg\336 y\034"
 208      4E8A7E49 
 208      3D3BE4F2 
 208      ECB97367 
 208      DE20791C 
 209 04d9 C643BF53 		.ascii	"\306C\277S\261*k\205\037\012fWP\260\353\012!?{\371\264"
 209      B12A6B85 
 209      1F0A6657 
 209      50B0EB0A 
 209      213F7BF9 
 210 04ee 5438878E 		.ascii	"T8\207\216\340\233y\033\326\363YU\210R\335\203e\267"
 210      E09B791B 
 210      D6F35955 
 210      8852DD83 
 210      65B7
 211 0500 9C0B12D7 		.ascii	"\234\013\022\327A\017\345-&\277\012\326\345\201\005"
 211      410FE52D 
 211      26BF0AD6 
 211      E58105
 212 050f 76B2344C 		.ascii	"v\2624L\341O\344\360G\024\036.\242k%\350~9\332\351\206"
 212      E14FE4F0 
 212      47141E2E 
 212      A26B25E8 
 212      7E39DAE9 
 213 0524 5EC65774 		.ascii	"^\306WtZ\227Qt7\322\300~\310\320\256,\203sPn\212SB\376"
 213      5A975174 
 213      37D2C07E 
 213      C8D0AE2C 
 213      8373506E 
 214 053c D433B914 		.ascii	"\3243\271\024~S\002\357\223\303o\313-\177e\025\321-"
 214      7E5302EF 
 214      93C36FCB 
 214      2D7F6515 
 214      D12D
 215 054e 72F40D09 		.ascii	"r\364\015\011y\206\020\015\036v54\000\210\027\364%\301"
 215      7986100D 
 215      1E763534 
 215      008817F4 
 215      25C1
 216 0560 C3F681D6 		.ascii	"\303\366\201\326q!h%\027\214RA\336\240`4\002\302\303"
 216      71216825 
 216      178C5241 
 216      DEA06034 
 216      02C2C3
 217 0573 F30690D7 		.ascii	"\363\006\220\327\360\234\006\367\325 \253@6\201\014"
 217      F09C06F7 
 217      D520AB40 
 217      36810C
 218 0582 43DB46B8 		.ascii	"C\333F\270\277\205\373Z\270\257\000Y\006\262\036d\015"
 218      BF85FB5A 
 218      B8AF0059 
 218      06B21E64 
 218      0D
ARM GAS  /tmp/ccFLvGwh.s 			page 17


 219 0593 483A174C 		.ascii	"H:\027L\267Cfe\225dN\317\344Vj\345\036\350\227\240\037"
 219      B7436665 
 219      95644ECF 
 219      E4566AE5 
 219      1EE897A0 
 220 05a8 7B8E9D1B 		.ascii	"{\216\235\033\\\342\202\233\236] u\330\327\"\372\271"
 220      5CE2829B 
 220      9E5D2075 
 220      D8D722FA 
 220      B9
 221 05b9 475324E0 		.ascii	"GS$\340*\011\365\0039\370\2271\226\274\222\030\376\320"
 221      2A09F503 
 221      39F89731 
 221      96BC9218 
 221      FED0
 222 05cb 335C9A74 		.ascii	"3\\\232t6\021}M\216\276:6\243%\266\334\222\303[\335"
 222      36117D4D 
 222      8EBE3A36 
 222      A325B6DC 
 222      92C35BDD 
 223 05df E1909F4E 		.ascii	"\341\220\237N\033K\322W\220\244\203\002\334\265\004"
 223      1B4BD257 
 223      90A48302 
 223      DCB504
 224 05ee D115D116 		.ascii	"\321\025\321\026V\351\015<\324,\203\324 (\205p\242\211"
 224      56E90D3C 
 224      D42C83D4 
 224      20288570 
 224      A289
 225 0600 D1AB7EA2 		.ascii	"\321\253~\242\331\227\312\327\314\240C_\367l\251d^\235"
 225      D997CAD7 
 225      CCA0435F 
 225      F76CA964 
 225      5E9D
 226 0612 122FF47A 		.ascii	"\022/\364zN`\267|\227\314\353\256\034\3366\306i\022"
 226      4E60B77C 
 226      97CCEBAE 
 226      1CDE36C6 
 226      6912
 227 0624 F47DCFDB 		.ascii	"\364}\317\333\000E\223j\276\276\371` \276Bw;\256pu\313"
 227      0045936A 
 227      BEBEF960 
 227      20BE4277 
 227      3BAE7075 
 228 0639 D1092824 		.ascii	"\321\011($\210M\367\366\023\025T\354h\013t\316\340F"
 228      884DF7F6 
 228      131554EC 
 228      680B74CE 
 228      E046
 229 064b 8F7032F9 		.ascii	"\217p2\371q\026\012\332\014\353\343\177\275VH1]\236"
 229      71160ADA 
 229      0CEBE37F 
 229      BD564831 
 229      5D9E
 230 065d 5DA4F45F 		.ascii	"]\244\364_;Z\246S\023\305]y+\347Ok\014\270\223\242s"
 230      3B5AA653 
 230      13C55D79 
ARM GAS  /tmp/ccFLvGwh.s 			page 18


 230      2BE74F6B 
 230      0CB893A2 
 231 0672 E8CC2B7F 		.ascii	"\350\314+\177\334F'\250<\232z\270O\211B\246 \000#u\216"
 231      DC4627A8 
 231      3C9A7AB8 
 231      4F8942A6 
 231      20002375 
 232 0687 EBAB4481 		.ascii	"\353\253D\201vrj\264\215\303\256\317\234]<l\371}\377"
 232      76726AB4 
 232      8DC3AECF 
 232      9C5D3C6C 
 232      F97DFF
 233 069a 20CDF0EC 		.ascii	" \315\360\354C\357\364\263\200\337\307\343\311\0124"
 233      43EFF4B3 
 233      80DFC7E3 
 233      C90A34
 234 06a9 936EF9E8 		.ascii	"\223n\371\350\007\230#y\245@;\270)h;7\205\235/O\206"
 234      07982379 
 234      A5403BB8 
 234      29683B37 
 234      859D2F4F 
 235 06be 95E2BE8E 		.ascii	"\225\342\276\216(\267X6\355\342\304}\235(\344\004\032"
 235      28B75836 
 235      EDE2C47D 
 235      9D28E404 
 235      1A
 236 06cf CE2B114E 		.ascii	"\316+\021NKr\000\225\327\247\225\371\215{\346dr\302"
 236      4B720095 
 236      D7A795F9 
 236      8D7BE664 
 236      72C2
 237 06e1 99B39B0D 		.ascii	"\231\263\233\015\367|\355\212A\241r\361\006\365`O\346"
 237      F77CED8A 
 237      41A172F1 
 237      06F5604F 
 237      E6
 238 06f2 067F769A 		.ascii	"\006\177v\232\315\006\365H\347\326:$7\346G0v\017G\310"
 238      CD06F548 
 238      E7D63A24 
 238      37E64730 
 238      760F47C8 
 239 0706 7EA2C650 		.ascii	"~\242\306PJ\252\220z\346\365\360\316@\251sIe)\016\237"
 239      4AAA907A 
 239      E6F5F0CE 
 239      40A97349 
 239      65290E9F 
 240 071a 2538378B 		.ascii	"%87\213:\367^.?\030\210;\331Yy|\250#U\015\025`\005\024"
 240      3AF75E2E 
 240      3F18883B 
 240      D959797C 
 240      A823550D 
 241 0732 C9BD67F1 		.ascii	"\311\275g\361\221\215\351p\030-\343?`\024\331b\012e"
 241      918DE970 
 241      182DE33F 
 241      6014D962 
 241      0A65
 242 0744 73B23279 		.ascii	"s\2622y/G\252\301\276\201\272\014\214\267\251(Y\317"
ARM GAS  /tmp/ccFLvGwh.s 			page 19


 242      2F47AAC1 
 242      BE81BA0C 
 242      8CB7A928 
 242      59CF
 243 0756 9D63C795 		.ascii	"\235c\307\225\002\331\360\353\220\373\247x\036>\262"
 243      02D9F0EB 
 243      90FBA778 
 243      1E3EB2
 244 0765 AA94946B 		.ascii	"\252\224\224k\237\310\265O\316\265\237r9\006\232\363"
 244      9FC8B54F 
 244      CEB59F72 
 244      39069AF3 
 245 0775 BC710EE3 		.ascii	"\274q\016\343ji(\365\022\250\232\036\007\017\273Q\035"
 245      6A6928F5 
 245      12A89A1E 
 245      070FBB51 
 245      1D
 246 0786 10A90EC8 		.ascii	"\020\251\016\310\251r(U\316\340Pz .fTO\007O\370\012"
 246      A9722855 
 246      CEE0507A 
 246      202E6654 
 246      4F074FF8 
 247 079b 549D76F6 		.ascii	"T\235v\366\031\220\315>\003rE\242\\9\321AJt\275\247"
 247      1990CD3E 
 247      037245A2 
 247      5C39D141 
 247      4A74BDA7 
 248 07af 6A117630 		.ascii	"j\021v0\236\303y?\346\303\262cJz\225#S\005\3057:L3p"
 248      9EC3793F 
 248      E6C3B263 
 248      4A7A9523 
 248      5305C537 
 249 07c7 9C127D7B 		.ascii	"\234\022}{\323\336\222\200q"
 249      D3DE9280 
 249      71
 250 07d0 ABF13C8E 		.ascii	"\253\361<\216T\343G9\241\032\337\375\264|\247\313\320"
 250      54E34739 
 250      A11ADFFD 
 250      B47CA7CB 
 250      D0
 251 07e1 91565C53 		.ascii	"\221V\\S\320\335\264\214\237\224\366\036\301\241C.S"
 251      D0DDB48C 
 251      9F94F61E 
 251      C1A1432E 
 251      53
 252 07f2 D1114E49 		.ascii	"\321\021NI4wk\217Qk\207^TV\372\340u\336\324\302\262"
 252      34776B8F 
 252      516B875E 
 252      5456FAE0 
 252      75DED4C2 
 253 0807 C21B1B7D 		.ascii	"\302\033\033}\305\320\026\027\344_!t\276t\346\307\305"
 253      C5D01617 
 253      E45F2174 
 253      BE74E6C7 
 253      C5
 254 0818 991F9773 		.ascii	"\231\037\227s\345S\256\2757ZN\250p\026\343\352\313~"
 254      E553AEBD 
ARM GAS  /tmp/ccFLvGwh.s 			page 20


 254      375A4EA8 
 254      7016E3EA 
 254      CB7E
 255 082a D8EBE2EA 		.ascii	"\330\353\342\352\377\336\315\207\005\"S\201\234\351"
 255      FFDECD87 
 255      05225381 
 255      9CE9
 256 0838 0465DA7A 		.ascii	"\004e\332z\340\302\032%.dL\035'{\257\371\217\346\310"
 256      E0C21A25 
 256      2E644C1D 
 256      277BAFF9 
 256      8FE6C8
 257 084b EC076E81 		.ascii	"\354\007n\201=)r\235\224s\235\242\\\027\273\363\252"
 257      3D29729D 
 257      94739DA2 
 257      5C17BBF3 
 257      AA
 258 085c 02710DE3 		.ascii	"\002q\015\343:\326\271\255_L\222\031\257\335\270\012"
 258      3AD6B9AD 
 258      5F4C9219 
 258      AFDDB80A 
 259 086c 45AE4239 		.ascii	"E\256B9\327i\312\325\361\323\275-\001\270\215q\355\274"
 259      D769CAD5 
 259      F1D3BD2D 
 259      01B88D71 
 259      EDBC
 260 087e F8A0C0B5 		.ascii	"\370\240\300\265\020\234K\335fX$2\025\311\231~\246L"
 260      109C4BDD 
 260      66582432 
 260      15C9997E 
 260      A64C
 261 0890 75CDD9C7 		.ascii	"u\315\331\307\274\360/\214\251\341^\201\323\033\367"
 261      BCF02F8C 
 261      A9E15E81 
 261      D31BF7
 262 089f 32657B71 		.ascii	"2e{qg_ \036dJ\206\343\3053?<,\300\326l\206\315\013\366"
 262      675F201E 
 262      644A86E3 
 262      C5333F3C 
 262      2CC0D66C 
 263 08b7 299AA28D 		.ascii	")\232\242\215\216\265\276x5S\326V\266\254\364\305\233"
 263      8EB5BE78 
 263      3553D656 
 263      B6ACF4C5 
 263      9B
 264 08c8 98927DBF 		.ascii	"\230\222}\277x\313\004\274\235)e\255\205Z\234\305\236"
 264      78CB04BC 
 264      9D2965AD 
 264      855A9CC5 
 264      9E
 265 08d9 0F15AFBF 		.ascii	"\017\025\257\277\343\205\0171\245\253(m@\211\363\230"
 265      E3850F31 
 265      A5AB286D 
 265      4089F398 
 266 08e9 D258D271 		.ascii	"\322X\322q7\020\237`\312\365\306\316\005l\247\231\005"
 266      37109F60 
 266      CAF5C6CE 
ARM GAS  /tmp/ccFLvGwh.s 			page 21


 266      056CA799 
 266      05
 267 08fa DAE0E9E1 		.ascii	"\332\340\351\341V\341?4Y\344\223eh\307\012\250\322\013"
 267      56E13F34 
 267      59E49365 
 267      68C70AA8 
 267      D20B
 268 090c 297402DF 		.ascii	")t\002\337\270!\033\241`\361\012\012q\325\251\355\033"
 268      B8211BA1 
 268      60F10A0A 
 268      71D5A9ED 
 268      1B
 269 091d BDEA4EEE 		.ascii	"\275\352N\356\207\374\331?\231\036Pg\300%M\277^\274"
 269      87FCD93F 
 269      991E5067 
 269      C0254DBF 
 269      5EBC
 270 092f D46662F1 		.ascii	"\324fb\361@+\227\343\307\236\226U{$\370\013r\374\230"
 270      402B97E3 
 270      C79E9655 
 270      7B24F80B 
 270      72FC98
 271 0942 E3F29594 		.ascii	"\343\362\225\224\276X\016\367P6\357\226\340\035r\374"
 271      BE580EF7 
 271      5036EF96 
 271      E01D72FC 
 272 0952 984AAD53 		.ascii	"\230J\255S\012?\347\021.5F\212\256\224\243\307V\302"
 272      0A3FE711 
 272      2E35468A 
 272      AE94A3C7 
 272      56C2
 273 0964 4EA9F167 		.ascii	"N\251\361g=\373RZwH\341er\370\230\362\253J\012\257\360"
 273      3DFB525A 
 273      7748E165 
 273      72F898F2 
 273      AB4A0AAF 
 274 0979 EC7909FC 		.ascii	"\354y\011\374\201\024^\352\231\335C\245]\015\007\322"
 274      81145EEA 
 274      99DD43A5 
 274      5D0D07D2 
 275 0989 797A2035 		.ascii	"yz 5\011\325\303U8Y\033\340\324\257\007i\006\271\004"
 275      09D5C355 
 275      38591BE0 
 275      D4AF0769 
 275      06B904
 276 099c 7205E422 		.ascii	"r\005\344\"\310e\220\032\220F\020'\3105\220:\220Z\241"
 276      C865901A 
 276      90461027 
 276      C835903A 
 276      905AA1
 277 09af 4260D54B 		.ascii	"B`\325K\363n\274\223\347'\022\306\261\305\332@&>\004"
 277      F36EBC93 
 277      E72712C6 
 277      B1C5DA40 
 277      263E04
 278 09c2 2B7C8D8A 		.ascii	"+|\215\212\032Z\3429\344\222y\365K\203R\3459(\256\212"
 278      1A5AE239 
ARM GAS  /tmp/ccFLvGwh.s 			page 22


 278      E49279F5 
 278      4B8352E5 
 278      3928AE8A 
 279 09d6 EAC5D1A3 		.ascii	"\352\305\321\243m~\270\213\256\003\356Pi\311\035\037"
 279      6D7EB88B 
 279      AE03EE50 
 279      69C91D1F 
 280 09e6 1414E271 		.ascii	"\024\024\342q\272\250\005f\371\337\233\361\245=8\225"
 280      BAA80566 
 280      F9DF9BF1 
 280      A53D3895 
 281 09f6 94A73780 		.ascii	"\224\2477\200\361\272\270\3174\321\202\215\254\345\236"
 281      F1BAB8CF 
 281      34D1828D 
 281      ACE59E
 282 0a05 DC615FE9 		.ascii	"\334a_\351\311~\303\255l\272)\234\3547\351\311\376\322"
 282      C97EC3AD 
 282      6CBA299C 
 282      EC37E9C9 
 282      FED2
 283 0a17 B9618517 		.ascii	"\271a\205\027\356e\013\337\321\226\237\357\203\007\230"
 283      EE650BDF 
 283      D1969FEF 
 283      830798
 284 0a26 F2A6BBBC 		.ascii	"\362\246\273\274\303\027\277\241\212*\255\177s\2527"
 284      C317BFA1 
 284      8A2AAD7F 
 284      73AA37
 285 0a35 5DE72141 		.ascii	"]\347!AB\035\334\242\331;Z\007\337\0023\272~-\333o~"
 285      421DDCA2 
 285      D93B5A07 
 285      DF0233BA 
 285      7E2DDB6F 
 286 0a4a 26FAB54D 		.ascii	"&\372\265M\016\036\233\354\265\237\271\257\244\261\334"
 286      0E1E9BEC 
 286      B59FB9AF 
 286      A4B1DC
 287 0a59 6E4B4382 		.ascii	"nKC\202n\365L.\255\356o\260\352\276\313=a\334\"'\371"
 287      6EF54C2E 
 287      ADEE6FB0 
 287      EABECB3D 
 287      61DC2227 
 288 0a6e 378910B6 		.ascii	"7\211\020\266N\010\333m\010E\007\310\035\220v\261L\335"
 288      4E08DB6D 
 288      084507C8 
 288      1D9076B1 
 288      4CDD
 289 0a80 D1FD063E 		.ascii	"\321\375\006>|\341\220$\211plG\315a?y\"\214~\017\367"
 289      7CE19024 
 289      89706C47 
 289      CD613F79 
 289      228C7E0F 
 290 0a95 00CBBF62 		.ascii	"\000\313\277bdV\366\264(IQ~\027\300\335b\214\273\\1"
 290      6456F6B4 
 290      2849517E 
 290      17C0DD62 
 290      8CBB5C31 
ARM GAS  /tmp/ccFLvGwh.s 			page 23


 291 0aa9 2EDB33B2 		.ascii	".\3333\262\302-\306w\335b|O\210\361=\032\343]\313\363"
 291      C22DC677 
 291      DD627C4F 
 291      88F13D1A 
 291      E35DCBF3 
 292 0abd 3B5552F0 		.ascii	";UR\360e\267R\357\276\000&\367\260\2600-\373\263'i\343"
 292      65B752EF 
 292      BE0026F7 
 292      B0B0302D 
 292      FBB32769 
 293 0ad2 8D16ED12 		.ascii	"\215\026\355\022{br\22266.ff\204\366\303\017#\265q\321"
 293      7B627292 
 293      36362E66 
 293      6684F6C3 
 293      0F23B571 
 294 0ae7 31DF866B 		.ascii	"1\337\206k\223\222\015\026\313\2420\223\317\374\217"
 294      93920D16 
 294      CBA23093 
 294      CFFC8F
 295 0af6 3E99AA0B 		.ascii	">\231\252\013\017W\250\015\206\224\004[\362\314\010"
 295      0F57A80D 
 295      8694045B 
 295      F2CC08
 296 0b05 43F24AA4 		.ascii	"C\362J\244\215\267[\315Z\243)\311\034j1~\251\215\264"
 296      8DB75BCD 
 296      5AA329C9 
 296      1C6A317E 
 296      A98DB4
 297 0b18 9B52AC66 		.ascii	"\233R\254f\033\320\304\231\215\326\277h\243L\226\204"
 297      1BD0C499 
 297      8DD6BF68 
 297      A34C9684 
 298 0b28 25496683 		.ascii	"%If\2039tI\212\351\353\010m\234\335nI\322~e2\205\032"
 298      3974498A 
 298      E9EB086D 
 298      9CDD6E49 
 298      D27E6532 
 299 0b3e 13ADA136 		.ascii	"\023\255\2416\273\315\034j6~\231\020\372~h\304\214\360"
 299      BBCD1C6A 
 299      367E9910 
 299      FA7E68C4 
 299      8CF0
 300 0b50 F743BF99 		.ascii	"\367C\277\231\025j5\376\315\236\250u{\253M\260\231,"
 300      156A35FE 
 300      CD9EA875 
 300      7BAB4DB0 
 300      992C
 301 0b62 298BCC5A 		.ascii	")\213\314Z\253\321\024\237`3k\015\213\314\213\215)\226"
 301      ABD1149F 
 301      60336B0D 
 301      8BCC8B8D 
 301      2996
 302 0b74 6443F2D2 		.ascii	"dC\362\322%\346\244\260x\205\217\313\240\357\377\257"
 302      25E6A4B0 
 302      78858FCB 
 302      A0EFFFAF 
 303 0b84 F6242D4D 		.ascii	"\366$-M\322\032\222\222\027\301\340\304\210\277\232"
ARM GAS  /tmp/ccFLvGwh.s 			page 24


 303      D21A9292 
 303      17C1E0C4 
 303      88BF9A
 304 0b93 4DC9F6C4 		.ascii	"M\311\366\304\2713\264\377\231c\025~\354\311\220`KH"
 304      B933B4FF 
 304      9963157E 
 304      ECC99060 
 304      4B48
 305 0ba5 D61808D8 		.ascii	"\326\030\010\330\220\220\370\215\301\274$\301b\377*"
 305      9090F88D 
 305      C1BC24C1 
 305      62FF2A
 306 0bb4 C5FC9E94 		.ascii	"\305\374\236\224.1Y`\233\243\217\321\305|\2475\305\233"
 306      2E315960 
 306      9BA38FD1 
 306      C57CA735 
 306      C59B
 307 0bc6 EC8966C3 		.ascii	"\354\211f\303\267\357[\301\002\215)>viR\\\202\325\234"
 307      B7EF5BC1 
 307      028D293E 
 307      7669525C 
 307      82D59C
 308 0bd9 B8C0685B 		.ascii	"\270\300h[d1'F\277+\353\3542\335\024\017\306C\227\211"
 308      64312746 
 308      BF2BEBEC 
 308      32DD140F 
 308      C6439789 
 309 0bed B66F134C 		.ascii	"\266o\023LQ6\343\227\02633\377\367\236\2157\331\255"
 309      5136E397 
 309      163333FF 
 309      F79E8D37 
 309      D9AD
 310 0bff 56BBCD35 		.ascii	"V\273\3155*\351\004\235\275t\272\030\375L\356c\2752"
 310      2AE9049D 
 310      BD74BA18 
 310      FD4CEE63 
 310      BD32
 311 0c11 32668E1E 		.ascii	"2f\216\036G\352\364\312\271\221qz\254\323\351\261\036"
 311      47EAF4CA 
 311      B991717A 
 311      ACD3E9B1 
 311      1E
 312 0c22 648E5E8F 		.ascii	"d\216^\217\027\306\352\260\356\2438\245N\027\245\247"
 312      17C6EAB0 
 312      EEA338A5 
 312      4E17A5A7 
 313 0c32 F808FA1B 		.ascii	"\370\010\372\033\216\243\346\353\271X\350\031\035\245"
 313      8EA3E6EB 
 313      B958E819 
 313      1DA5
 314 0c40 57C6C600 		.ascii	"W\306\306\000Z\247\217\000\011\007\344\247\372\210\177"
 314      5AA78F00 
 314      0907E4A7 
 314      FA887F
 315 0c4f D7855612 		.ascii	"\327\205V\022\365\0042y\277Q\305\220\2544\305\033\023"
 315      F5043279 
 315      BF51C590 
ARM GAS  /tmp/ccFLvGwh.s 			page 25


 315      AC34C51B 
 315      13
 316 0c60 35F624A3 		.ascii	"5\366$\243\005\374\361\241\335\364\365\274D\2735:V\377"
 316      05FCF1A1 
 316      DDF4F5BC 
 316      44BB353A 
 316      56FF
 317 0c72 AE9C9640 		.ascii	"\256\234\226@\210[\310\235x\203:P\322AC\243a\201\006"
 317      885BC89D 
 317      78833A50 
 317      D24143A3 
 317      618106
 318 0c85 C3626831 		.ascii	"\303bh1$$%\372\2166\005\030\014I\346d\303\3349\261Q"
 318      242425FA 
 318      8E360518 
 318      0C49E664 
 318      C3DC39B1 
 319 0c9a 0BF5D101 		.ascii	"\013\365\321\001F\313\337\215K\223 \212\026\310\321"
 319      46CBDF8D 
 319      4B93208A 
 319      16C8D1
 320 0ca9 3F484732 		.ascii	"?HG2\177\227\254\325\305\304F\307\212\356'A3Y\347\245"
 320      7F97ACD5 
 320      C5C446C7 
 320      8AEE2741 
 320      3359E7A5 
 321 0cbd D8881F83 		.ascii	"\330\210\037\203\310\360\037\273\007n\222`\375'6\213"
 321      C8F01FBB 
 321      076E9260 
 321      FD27368B 
 322 0ccd C41C6A9F 		.ascii	"\304\034j\237[\323$jN\212\315\315F?I\243\227n\336|}"
 322      5BD3246A 
 322      4E8ACDCD 
 322      463F49A3 
 322      976EDE7C 
 323 0ce2 84F79C05 		.ascii	"\204\367\234\005s\365\261$6\261$H:\275\367\234\205s"
 323      73F5B124 
 323      36B12448 
 323      3ABDF79C 
 323      8573
 324 0cf4 C3A33EA2 		.ascii	"\303\243>\242\367\010\270\253\000\0007\037\322L\200"
 324      F708B8AB 
 324      0000371F 
 324      D24C80
 325 0d03 E42182F5 		.ascii	"\344!\202\365\210\326+\011\007\247\323S\256\231\323"
 325      88D62B09 
 325      07A7D353 
 325      AE99D3
 326 0d12 3DCF2D36 		.ascii	"=\317-6\216\305c\361\314\231\263\276\233M\"\242\327"
 326      8EC563F1 
 326      CC99B3BE 
 326      9B4D22A2 
 326      D7
 327 0d23 E90C71B0 		.ascii	"\351\014q\260D#\315\213U\204w\336\347\252\350H\335\307"
 327      4423CD8B 
 327      558477DE 
 327      E7AAE848 
ARM GAS  /tmp/ccFLvGwh.s 			page 26


 327      DDC7
 328 0d35 9151448B 		.ascii	"\221QD\213\230\367y`\344\334\3711\272O\\\230\177\002"
 328      98F77960 
 328      E4DCF931 
 328      BA4F5C98 
 328      7F02
 329 0d47 331E5B6D 		.ascii	"3\036[m"
 330              		.text
 331              		.section	.gnu.lto_.symtab.618dddd02a83dee5,"",%progbits
 332 0000 56656374 		.ascii	"VectorB0\000"
 332      6F724230 
 332      00
 333 0009 00       		.ascii	"\000"
 334 000a 00       		.ascii	"\000"
 335 000b 00       		.ascii	"\000"
 336 000c 00000000 		.ascii	"\000\000\000\000\000\000\000\000"
 336      00000000 
 337 0014 C5000000 		.ascii	"\305\000\000\000"
 338 0018 73745F6C 		.ascii	"st_lld_init\000"
 338      6C645F69 
 338      6E697400 
 339 0024 00       		.ascii	"\000"
 340 0025 00       		.ascii	"\000"
 341 0026 00       		.ascii	"\000"
 342 0027 00000000 		.ascii	"\000\000\000\000\000\000\000\000"
 342      00000000 
 343 002f C7000000 		.ascii	"\307\000\000\000"
 344 0033 5F706F72 		.ascii	"_port_irq_epilogue\000"
 344      745F6972 
 344      715F6570 
 344      696C6F67 
 344      756500
 345 0046 00       		.ascii	"\000"
 346 0047 02       		.ascii	"\002"
 347 0048 00       		.ascii	"\000"
 348 0049 00000000 		.ascii	"\000\000\000\000\000\000\000\000"
 348      00000000 
 349 0051 C9000000 		.ascii	"\311\000\000\000"
 350 0055 63685379 		.ascii	"chSysTimerHandlerI\000"
 350      7354696D 
 350      65724861 
 350      6E646C65 
 350      724900
 351 0068 00       		.ascii	"\000"
 352 0069 02       		.ascii	"\002"
 353 006a 00       		.ascii	"\000"
 354 006b 00000000 		.ascii	"\000\000\000\000\000\000\000\000"
 354      00000000 
 355 0073 CB000000 		.ascii	"\313\000\000\000"
 356 0077 6E766963 		.ascii	"nvicEnableVector\000"
 356      456E6162 
 356      6C655665 
 356      63746F72 
 356      00
 357 0088 00       		.ascii	"\000"
 358 0089 02       		.ascii	"\002"
 359 008a 00       		.ascii	"\000"
ARM GAS  /tmp/ccFLvGwh.s 			page 27


 360 008b 00000000 		.ascii	"\000\000\000\000\000\000\000\000"
 360      00000000 
 361 0093 D0000000 		.ascii	"\320\000\000\000"
 362              		.text
 363              		.section	.gnu.lto_.opts,"",%progbits
 364 0000 272D666D 		.ascii	"'-fmath-errno' '-fsigned-zeros' '-ftrapping-math' '"
 364      6174682D 
 364      6572726E 
 364      6F272027 
 364      2D667369 
 365 0033 2D666E6F 		.ascii	"-fno-trapv' '-fno-openmp' '-fno-openacc' '-mcpu=cor"
 365      2D747261 
 365      70762720 
 365      272D666E 
 365      6F2D6F70 
 366 0066 7465782D 		.ascii	"tex-m4' '-mno-thumb-interwork' '-mthumb' '-O2' '-fo"
 366      6D342720 
 366      272D6D6E 
 366      6F2D7468 
 366      756D622D 
 367 0099 6D69742D 		.ascii	"mit-frame-pointer' '-falign-functions=16' '-ffuncti"
 367      6672616D 
 367      652D706F 
 367      696E7465 
 367      72272027 
 368 00cc 6F6E2D73 		.ascii	"on-sections' '-fdata-sections' '-fno-common' '-flto"
 368      65637469 
 368      6F6E7327 
 368      20272D66 
 368      64617461 
 369 00ff 2700     		.ascii	"'\000"
 370              		.text
 371              		.comm	__gnu_lto_v1,1,1
 372              		.comm	__gnu_lto_slim,1,1
 373              		.ident	"GCC: (GNU Tools for Arm Embedded Processors 7-2017-q4-major) 7.2.1 20170904 (release) [ARM
ARM GAS  /tmp/ccFLvGwh.s 			page 28


DEFINED SYMBOLS
                            *ABS*:0000000000000000 st_lld.c
                            *COM*:0000000000000001 __gnu_lto_v1
                            *COM*:0000000000000001 __gnu_lto_slim

NO UNDEFINED SYMBOLS
