ARM GAS  /tmp/ccDg7l7X.s 			page 1


   1              		.cpu cortex-m0
   2              		.eabi_attribute 20, 1
   3              		.eabi_attribute 21, 1
   4              		.eabi_attribute 23, 3
   5              		.eabi_attribute 24, 1
   6              		.eabi_attribute 25, 1
   7              		.eabi_attribute 26, 1
   8              		.eabi_attribute 30, 2
   9              		.eabi_attribute 34, 0
  10              		.eabi_attribute 18, 4
  11              		.file	"hal.c"
  12              		.section	.gnu.lto_.profile.210a51c8557a66b8,"",%progbits
  13 0000 789C6363 		.ascii	"x\234cc```\001bF\006Sv\000\000\351\000H"
  13      60606001 
  13      62460653 
  13      760000E9 
  13      0048
  14              		.text
  15              		.section	.gnu.lto_.icf.210a51c8557a66b8,"",%progbits
  16 0000 789C6363 		.ascii	"x\234cc``\340`@\000F\206[K\037\314\340g\000\000\017"
  16      6060E060 
  16      40004686 
  16      5B4B1FCC 
  16      E0670000 
  17 0015 0B0316   		.ascii	"\013\003\026"
  18              		.text
  19              		.section	.gnu.lto_.jmpfuncs.210a51c8557a66b8,"",%progbits
  20 0000 789C6363 		.ascii	"x\234cc``\360b@\000F\010\305\3048\205\231\261\371\327"
  20      6060F062 
  20      40004608 
  20      C5C43885 
  20      99B1F9D7 
  21 0014 FECF7CF5 		.ascii	"\376\317|\365\177\033$\34603,`\006Inf\254g`<\300\302"
  21      7F1B24E6 
  21      30332C60 
  21      06496E66 
  21      AC67603C 
  22 002a C800C47F 		.ascii	"\310\000\304\177\376\377\377\317\317\310\004T7\255\365"
  22      FEFFFFCF 
  22      CFC80454 
  22      37ADF5
  23 0039 D079F66E 		.ascii	"\320y\366nf\240*F\006\306-\2142 \314\300\000\000\006"
  23      66A02A46 
  23      06C62D8C 
  23      3220CCC0 
  23      000006
  24 004c D81467   		.ascii	"\330\024g"
  25              		.text
  26              		.section	.gnu.lto_.inline.210a51c8557a66b8,"",%progbits
  27 0000 789C6363 		.ascii	"x\234cc``\320c@\000F\006\006NSF\006& \223m\201<\023"
  27      6060D063 
  27      40004606 
  27      064E5346 
  27      06262093 
  28 0018 58880B85 		.ascii	"X\210\013\205`\342\006\251\0023\031\0004\322\001x"
  28      60E206A9 
  28      02331900 
ARM GAS  /tmp/ccDg7l7X.s 			page 2


  28      34D20178 
  29              		.text
  30              		.section	.gnu.lto_.pureconst.210a51c8557a66b8,"",%progbits
  31 0000 789C6363 		.ascii	"x\234cc```\006bF\006\011\000\000}\000#"
  31      60606006 
  31      62460609 
  31      00007D00 
  31      23
  32              		.text
  33              		.section	.gnu.lto_halInit.210a51c8557a66b8,"",%progbits
  34 0000 789C7590 		.ascii	"x\234u\220\273J\003A\024\206\317\277\223\033\250\301"
  34      BB4A0341 
  34      1486CFBF 
  34      931BA8C1 
  35 0010 C2424D0A 		.ascii	"\302BM\012\3334\311{\370\026\222\306B\020\314\003\354"
  35      DB34C97B 
  35      F81692C6 
  35      4210CC03 
  35      EC
  36 0021 C43524A2 		.ascii	"\3045$\242\205E\\-\026Y\304k%\342%\256\027\\\362\000"
  36      85455C2D 
  36      1659C46B 
  36      25E225AE 
  36      175CF200 
  37 0035 8AB676A2 		.ascii	"\212\266v\242V\361\002V*F\377\311\212X\304\303\034f"
  37      56F10256 
  37      2A46FFC9 
  37      8A58C4C3 
  37      1C66
  38 0047 E69C6FCE 		.ascii	"\346\234o\316\371\317$Dd\003\"Y\356\031:\224\300Z\270"
  38      F9CF2444 
  38      64032259 
  38      EE193A94 
  38      C05AB8
  39 005a 1029A72C 		.ascii	"\020)\247,\300\034t\012b[\2601\257\352\012\315\352C"
  39      C01C740A 
  39      625BB031 
  39      AFEA0ACD 
  39      EA43
  40 006c 60E53635 		.ascii	"`\34565-\\z\031\322[!<%\342\322\215a\0179!v\273\333"
  40      2D5C7A19 
  40      D25B213C 
  40      25E2D28D 
  40      610F3921 
  41 0083 5EEC4BC4 		.ascii	"^\354K\304\2428\366\221\020\366\220\235\353x\250\333"
  41      A238F691 
  41      10F6909D 
  41      EB78A8DB 
  42 0093 5F551DDE 		.ascii	"_U\035\336\255\2421\232\024\2511\317&:\224Ye\231\223"
  42      ADA2319A 
  42      14A931CF 
  42      263A9459 
  42      659993
  43 00a6 134A0B8E 		.ascii	"\023J\013\216\377\221\351<b\245 h\335$\355O\235\362"
  43      FF91E93C 
  43      62A52068 
  43      DD24ED4F 
ARM GAS  /tmp/ccDg7l7X.s 			page 3


  43      9DF2
  44 00b8 145CC52A 		.ascii	"\024\\\305*8\200-\036\351\026f\374\365\336.\234r\231"
  44      38802D1E 
  44      E91666FC 
  44      F5DE2E9C 
  44      7299
  45 00ca 151C9263 		.ascii	"\025\034\222c\302\2554/\223s\312S1\230\253\363~\376"
  45      C2AD342F 
  45      9373CA53 
  45      3198ABF3 
  45      7EFE
  46 00dc 9A2637C8 		.ascii	"\232&7\310\200o\3241\366v\365X\353\361\261R\356\367"
  46      806FD431 
  46      F676F558 
  46      EBF1B152 
  46      EEF7
  47 00ee 541C479C 		.ascii	"T\034G\234\265\201l'\343\254\355U@zY\353\021S!\200\217"
  47      B5816C27 
  47      E3ACED55 
  47      407A59EB 
  47      11532180 
  48 0103 689C63D8 		.ascii	"h\234c\330\236Jt\304n\247\273\213eu\234\374\212%7\320"
  48      9E4A74C4 
  48      6EA7BB8B 
  48      65759CFC 
  48      8A2537D0 
  49 0117 9D8B913B 		.ascii	"\235\213\221;\375\303\335\377\303\305\311\235\375pO"
  49      FDC3DDFF 
  49      C3C5C99D 
  49      FD704F
  50 0126 98F69FEB 		.ascii	"\230\366\237\353\221\026c5~\015\277\217s\017\347\363"
  50      91166335 
  50      7E0DBF8F 
  50      730FE7F3 
  51 0136 85684D96 		.ascii	"\205hM\226\012\343c\023\205\322T\321\354\371\242|\003"
  51      0AE36313 
  51      85D254D1 
  51      ECF9A27C 
  51      03
  52 0147 82A092F0 		.ascii	"\202\240\222\360"
  53              		.text
  54              		.section	.gnu.lto_.symbol_nodes.210a51c8557a66b8,"",%progbits
  55 0000 789C55C9 		.ascii	"x\234U\311\261\015\2030\024E\321\373l\314\034\214B&"
  55      B10D8330 
  55      1445D1FB 
  55      6CCC1C8C 
  55      4226
  56 0012 FB2E3200 		.ascii	"\373.2\000mz6 !@M\235\031\022\2119\242|\\\305\305\323"
  56      6D7A3620 
  56      21404D9D 
  56      19128939 
  56      A27C5CC5 
  57 0028 91EE6B81 		.ascii	"\221\356k\201\233\2170\311`x\201\263\345\013\244Yt\376"
  57      9B8F30C9 
  57      607881B3 
  57      E50BA459 
  57      74FE
ARM GAS  /tmp/ccDg7l7X.s 			page 4


  58 003a 6895A93C 		.ascii	"h\225\251<\220s\357a\221\205*<e\261\012\017YS\205\273"
  58      9073EF61 
  58      91852A3C 
  58      65B10A0F 
  58      595385BB 
  59 004e 2CFD8748 		.ascii	",\375\207H\313\370\376*\222\330\213\015G1r\375\234\006"
  59      CBF8FE2A 
  59      92D88B0D 
  59      473172FD 
  59      9C06
  60 0060 46971FC9 		.ascii	"F\227\037\311g&8"
  60      672638
  61              		.text
  62              		.section	.gnu.lto_.refs.210a51c8557a66b8,"",%progbits
  63 0000 789C6363 		.ascii	"x\234cc```\003bF\006&F&\006\000\000\263\000\023"
  63      60606003 
  63      62460626 
  63      46260600 
  63      00B30013 
  64              		.text
  65              		.section	.gnu.lto_.decls.210a51c8557a66b8,"",%progbits
  66 0000 789CBD56 		.ascii	"x\234\275VkLTG\024\276sgw\201\025\304\200ilc\023k\266"
  66      6B4C5447 
  66      14BE7367 
  66      778115C4 
  66      80696C63 
  67 0017 913FCB05 		.ascii	"\221?\313\005l\242Ml\023\353\253\246VI\253I\377\255"
  67      6CA24D6C 
  67      13EBABA6 
  67      5649AB49 
  67      FFAD
  68 0029 EBEE55B6 		.ascii	"\353\356U\266\335Ww\227F\343\237\213\254H\255\212\257"
  68      DD577797 
  68      46E39F8B 
  68      AC48AD8A 
  68      AF
  69 003a 68B0BEB1 		.ascii	"h\260\276\261\017\225\370~\001R\326\007>P\020\305\007"
  69      0F95F87E 
  69      0152D607 
  69      3E5010C5 
  69      07
  70 004b 2008AE0A 		.ascii	" \010\256\012>\001QA\004\244gf\356rwWh\332?\275\341"
  70      3E015141 
  70      04A46766 
  70      EE727757 
  70      68DA3FBD 
  71 0060 CCDC33F3 		.ascii	"\314\3343\363\315w\316|sf/\032\216\343\016h9\316\317"
  71      CD77CE7C 
  71      73662F1A 
  71      8EE30E68 
  71      39CECF
  72 0073 73DC6678 		.ascii	"s\334fx\357\203\007^\271S`\010\354)\307\036\015\330"
  72      EF83075E 
  72      B9536008 
  72      EC29C71E 
  72      0DD8
  73 0085 0BB05760 		.ascii	"\013\260W`\235`]`\275\004/\343\020\342B\236f\360#\240"
ARM GAS  /tmp/ccDg7l7X.s 			page 5


  73      9D605D60 
  73      BD042FE3 
  73      10E2429E 
  73      66F023A0 
  74 0099 9F0BC6C3 		.ascii	"\237\013\306\303{;\364\0301\276'`=a\274}2_\227\314\377"
  74      7B3BF418 
  74      31BE2760 
  74      3D61BC7D 
  74      325F97CC 
  75 00ae 6A10DEF5 		.ascii	"j\020\336\365\030]\365\036\330\214\177\301(N\213T\340"
  75      185DF51E 
  75      D88C7FC1 
  75      284E8B54 
  75      E0
  76 00bf 3E2FDF74 		.ascii	">/\337to(\270\303\265h\024\270}\217j\362\242\330l\033"
  76      6F28B8C3 
  76      B56814B8 
  76      7D8F6AF2 
  76      A2D86C1B 
  77 00d3 419F287E 		.ascii	"A\237(~\226\302\334\221\340\025\326?\367\015a\340F\004"
  77      96C2DC91 
  77      E015D63F 
  77      F70D61E0 
  77      4604
  78 00e5 7E55D30E 		.ascii	"~U\323\016o4\233\256$\350U9\207\017j1$\014\357-\336"
  78      6F349BAE 
  78      24E85539 
  78      870F6A31 
  78      240CEF2D 
  79 00fa 078D43D8 		.ascii	"\007\215C\330\334\010p\257\265]\336\"\273\303\300\255"
  79      DC0870AF 
  79      B55DDE22 
  79      BBC3C0AD 
  80 010a FB396BAB 		.ascii	"\3739k\253\006GQd\375\205\335{IFc\264\210\350\027\013"
  80      06475164 
  80      FD85DD7B 
  80      494663B4 
  80      88E8170B 
  81 011e 43FB9F16 		.ascii	"C\373\237\026t\305\260!\202\270\336\221\2633\022\017"
  81      74C5B021 
  81      82B8DE91 
  81      B333120F 
  82 012e A5EF79B5 		.ascii	"\245\357y\265;7D$\346K\354\211\374\216C%\010\0076w-"
  82      3B374424 
  82      E64BEC89 
  82      FC8E4325 
  82      08073677 
  83 0143 A77D5704 		.ascii	"\247}W\004N&@\276\241\246\273n(\322&dK\322\022i{\246"
  83      4E2640BE 
  83      A1A6BB6E 
  83      28D22664 
  83      4BD21269 
  84 0159 14F52587 		.ascii	"\024\365%\207\216\240\221\3500\032\311\2413(\201\220"
  84      8EA091E8 
  84      301AC9A1 
  84      33288190 
  85 0169 FB502287 		.ascii	"\373P\"\207\376\202\301b\030\374\235\020\372\232;\307"
ARM GAS  /tmp/ccDg7l7X.s 			page 6


  85      FE82C162 
  85      18FC9D10 
  85      FA9A3BC7 
  86 0179 AC592649 		.ascii	"\254Y&I<:\215\264\350\024\302\024\003J\216\321\262\020"
  86      3C3A8DB4 
  86      E814C214 
  86      034A8ED1 
  86      B210
  87 018b BB77ADD9 		.ascii	"\273w\255\331\251\301g\021\215Q\364\353\203R~\260\030"
  87      A9C16711 
  87      8D51F4EB 
  87      83527EB0 
  87      18
  88 019c E7068DD1 		.ascii	"\347\006\215\321Z0\372\334R\022\243\024b\234Ub@H\026"
  88      5A30FADC 
  88      5212A314 
  88      629C5562 
  88      404816
  89 01af C45F5897 		.ascii	"\304_X\227\301\343\213L\311ME/\313\324L\272Hp[\327\225"
  89      C1E38B4C 
  89      C94D452F 
  89      CBD44CBA 
  89      48705BD7 
  90 01c4 96F3B89C 		.ascii	"\226\363\270\234\3155Ug\346jp\025sV\367\326H\032|\233"
  90      CD355567 
  90      E66A7015 
  90      7356F7D6 
  90      481A7C9B 
  91 01d8 392B5B5F 		.ascii	"9+[_\357Pa?sj2;o\306\340\207\324\211ZR\335qF\215t\272"
  91      EF50613F 
  91      736A323B 
  91      6FC6E087 
  91      D4895A52 
  92 01f2 789D4E97 		.ascii	"x\235N\227\240\323\355$\271\373Z\353'\024\264?\224\244"
  92      A0D3ED24 
  92      B9FB5AEB 
  92      2714B43F 
  92      94A4
  93 0204 B5D134A9 		.ascii	"\265\3214\251rH\252\022\305+\233)\204\206C\311\320p"
  93      7248AA12 
  93      C52B9B29 
  93      848643C9 
  93      D070
  94 0216 6C41EDA7 		.ascii	"lA\355\247\233$\237\027S\364\371pt\221\202^Cv\274\032"
  94      9B249F17 
  94      53F4F970 
  94      7491825E 
  94      4376BC1A 
  95 022a 0CA93874 		.ascii	"\014\2518t\034\000\307\350\034\201\303\256\321u\020"
  95      1C00C7E8 
  95      1C81C3AE 
  95      D17510
  96 0239 E91AD2A1 		.ascii	"\351\032\322\241\233`W\301\252\300\256\200\335\000\253"
  96      9B6057C1 
  96      AAC0AE80 
  96      DD00AB
  97 0248 403A7AB0 		.ascii	"@:z\260,\340\233\361J\300\262\360\200\027\336I/\010"
ARM GAS  /tmp/ccDg7l7X.s 			page 7


  97      2CE09BF1 
  97      4AC0B2F0 
  97      8017DE49 
  97      2F08
  98 025a 7D391C2D 		.ascii	"}9\034-\204\201\313\202\366rq`\352#\244\225\217\257"
  98      8481CB82 
  98      F6727160 
  98      EA23A495 
  98      8FAF
  99 026c E2445C06 		.ascii	"\342D\\\006\354\207\3008\371\350\2244[\012\342\3622"
  99      EC87C038 
  99      F9E89434 
  99      5B0AE2F2 
  99      32
 100 027d A50B4994 		.ascii	"\245\013I\224\354\344\300\30202\206\177\034\224\350"
 100      ECE4C0C2 
 100      3032867F 
 100      1C94E8
 101 028c A5011365 		.ascii	"\245\001\023eh8\305\222\267\336J\015\336\206i\351\355"
 101      6838C592 
 101      B7DE4A0D 
 101      DE8669E9 
 101      ED
 102 029d 3959F744 		.ascii	"9Y\367D\215\342\023\006\324\027\325\200\254\377Eb\266"
 102      8DE21306 
 102      D417D580 
 102      ACFF4562 
 102      B6
 103 02ae B173851A 		.ascii	"\261s\205\032\270R\250\032\026\336R\252\222l\223\306"
 103      B852A81A 
 103      16DE52AA 
 103      926C93C6 
 104 02be FFB369F3 		.ascii	"\377\263i\363*\371\272\217\007\367h\371\211;j|\210\246"
 104      2AF9BA8F 
 104      07F768F9 
 104      893B6A7C 
 104      88A6
 105 02d0 83EADA6F 		.ascii	"\203\352\332o.\033\202\013\230\263\277g\375\037\032"
 105      2E1B820B 
 105      98B3BF67 
 105      FD1F1A
 106 02df EC638EF7 		.ascii	"\354c\216\367~K\205|\363W\220\037\215\356\266c\327c"
 106      7E4B857C 
 106      F357901F 
 106      8DEEB663 
 106      D763
 107 02f1 E51F1152 		.ascii	"\345\037\021R\317U\235\225\313\264\370<\005G<\363o\314"
 107      CF559D95 
 107      CBB4F83C 
 107      05473CF3 
 107      6FCC
 108 0303 85DA8C0F 		.ascii	"\205\332\214\017T&I\352d\334:\211\010J\322\252\203\264"
 108      542649EA 
 108      64DC3A89 
 108      084AD2AA 
 108      83B4
 109 0315 FCD0F76F 		.ascii	"\374\320\367o\2640H\320\020)\032\000q\207N\372e\035"
ARM GAS  /tmp/ccDg7l7X.s 			page 8


 109      B43048D0 
 109      10291A00 
 109      71874EFA 
 109      651D
 110 0327 1E800E4D 		.ascii	"\036\200\016M\260\347\273`\315`\367\300\356+%\006\241"
 110      B0E7BB60 
 110      CD60F7C0 
 110      EE2B2506 
 110      A1
 111 0338 4E7F9641 		.ascii	"N\177\226A\317\202D*\010\217t\"\364\350\010\374s\005"
 111      CF82442A 
 111      088F7422 
 111      F4E808FC 
 111      7305
 112 034a DE180E3F 		.ascii	"\336\030\016?\252T\244\\5E\254j\374\357T\015L6\025\005"
 112      AA54A45C 
 112      3545AC6A 
 112      FCEF540D 
 112      4C361505 
 113 035e 6DB23E9C 		.ascii	"m\262>\234+\244^\001\355\237\240\004\276\035\016\256"
 113      2BA45E01 
 113      ED9FA004 
 113      BE1D0EAE 
 114 036e 550283BA 		.ascii	"U\002\203\272\247\272\236.\215\305\025\254f\256\374"
 114      A7BA9E2E 
 114      8DC515AC 
 114      66AEFC
 115 037d B6A98C47 		.ascii	"\266\251\214G\011\361,\241\216\022z\332\217a\361C\345"
 115      09F12CA1 
 115      8E127ADA 
 115      8F61F143 
 115      E5
 116 038e B4FDF4B4 		.ascii	"\264\375\364\264\007\224\022=\002\005\377\215\232\020"
 116      0794123D 
 116      0205FF8D 
 116      9A10
 117 039c B7B8FCA8 		.ascii	"\267\270\374\250W\023/\323d\017J\303\375\023\307\322"
 117      57132FD3 
 117      640F4AC3 
 117      FD13C7D2 
 118 03ac 63576F0C 		.ascii	"cWo\014\215^\336\377\333\212\236\004\335\015\016=E\321"
 118      8D5EDEFF 
 118      DB8A9E04 
 118      DD0D0E3D 
 118      45D1
 119 03be 04487A00 		.ascii	"\004Hz\000\027\234\316\272\032\323\000\332\301\367\027"
 119      179CCEBA 
 119      1AD300DA 
 119      C1F717
 120 03cd 0DA314EC 		.ascii	"\015\243\024\354\353\207\340!\015\363\373\002\017b\343"
 120      EB87E021 
 120      0DF3FB02 
 120      0F62E3
 121 03dc 30CAB34E 		.ascii	"0\312\263N\206\022'\260D~\207\226\2279\370\000/\375"
 121      861227B0 
 121      447E8796 
 121      9739F800 
ARM GAS  /tmp/ccDg7l7X.s 			page 9


 121      2FFD
 122 03ee 93095030 		.ascii	"\223\011P0+\233g\341\002O\350\327\270\177\035\307(C"
 122      2B9B67E1 
 122      024FE8D7 
 122      B87F1DC7 
 122      2843
 123 0400 83052D0A 		.ascii	"\203\005-\012\311\225\353\237\356OS\331$\222\025+\334"
 123      C995EB9F 
 123      EE4F53D9 
 123      2492152B 
 123      DC
 124 0411 B1AF59D5 		.ascii	"\261\257Y\325\010*s\334T\216[\035i\243\243m\207%\277"
 124      082A73DC 
 124      548E5B1D 
 124      69A3A36D 
 124      8725BF
 125 0424 1657B3EB 		.ascii	"\026W\263\353X\332\327\351\213e\327\221\017\372.\017"
 125      58DAD7E9 
 125      8B65D791 
 125      0FFA2E0F 
 126 0434 67DFE5FC 		.ascii	"g\337\345\374\025}\353\325#6\320c\313\224\206\361h\356"
 126      157DEBD5 
 126      2336D063 
 126      CB9486F1 
 126      68EE
 127 0446 7BE83928 		.ascii	"{\3509(\336F\025oG#\240\265\253X\260\203\275\245\231"
 127      DE46156F 
 127      4723A0B5 
 127      AB58B083 
 127      BDA599
 128 0459 FCE8EDD2 		.ascii	"\374\350\355\322\366F\311w\276gT\363\021I\202\217\232"
 128      F646C977 
 128      BE6754F3 
 128      1149828F 
 128      9A
 129 046a A42230D4 		.ascii	"\244\"0\324\252TT+\371>\243\026\270\"\350\031\024\001"
 129      AA54542B 
 129      F93EA316 
 129      B822E819 
 129      1401
 130 047c 875EA0D1 		.ascii	"\207^\240\321\260|\331\241\226\0065\356fY\255\270_t"
 130      B07CD9A1 
 130      960635EE 
 130      6659ADB8 
 130      5F74
 131 048e 3416B81A 		.ascii	"4\026\270\032\241.oe\343}\231Y+\245\035\210FD/\025\252"
 131      A12E6F65 
 131      E37D9959 
 131      2BA51D88 
 131      46442F15 
 132 04a3 97F2A71E 		.ascii	"\227\362\247\036\275\242\024\227\233\352\027\343\355"
 132      BDA21497 
 132      9BEA17E3 
 132      ED
 133 04b0 2ACAB0B7 		.ascii	"*\312\260\267ty\206Jf\250Z\211\033\216?\224\262\265"
 133      7479864A 
 133      66A85A89 
ARM GAS  /tmp/ccDg7l7X.s 			page 10


 133      1B8E3F94 
 133      B2B5
 134 04c2 8CA04321 		.ascii	"\214\240C!\350\010\020tR\202+ey=1\3706c\250Z\277\273"
 134      E8081074 
 134      52822B65 
 134      793D31F8 
 134      3663A85A 
 135 04d8 2B26C0B0 		.ascii	"+&\300\260\031W\\\314\362\2452\202\327\012\301\353\000"
 135      19575CCC 
 135      F2A53282 
 135      D70AC1EB 
 135      00
 136 04e9 411725D8 		.ascii	"A\027%\330\223\237\373 \012{\325\224\240\2706\177\277"
 136      939FFB20 
 136      0A7BD594 
 136      A0B8367F 
 136      BF
 137 04fa 4AC5B392 		.ascii	"J\305\263\222$2\301\330\315\234\326GxPA{\250\240\335"
 137      2432C1D8 
 137      CD9CD647 
 137      7850417B 
 137      A8A0DD
 138 050d 4856B46B 		.ascii	"HV\264k\343\335KZ9\203'\365\023\272\217H\300\014\030"
 138      E3DD4B5A 
 138      398327F5 
 138      13BA8F48 
 138      C00C18
 139 0520 F44649E0 		.ascii	"\364FI\340M \201^\232@\356\326\234\003\030\257e\011"
 139      4D20815E 
 139      9A40EED6 
 139      9C0318AF 
 139      6509
 140 0532 B494BC78 		.ascii	"\264\224\274x\024\320\240{/n)R4x\2530\274\0150\364Q"
 140      14D0A07B 
 140      2F6E2952 
 140      3478AB30 
 140      BC0D30F4 
 141 0547 860B67F6 		.ascii	"\206\013g\366u\014\301\225\214a\365\341^\237\352\343"
 141      750CC195 
 141      8C61F5E1 
 141      5E9FEAE3 
 142 0557 3CA98DFC 		.ascii	"<\251\215\374\227R\237\320\335\346\225\262\343\350\275"
 142      97529FD0 
 142      DDE695B2 
 142      E3E8BD
 143 0566 93784A10 		.ascii	"\223xJ\020\364\273\012#\320f\360\037\303\272m=\335\271"
 143      F4BB0A23 
 143      D066F01F 
 143      C3BA6D3D 
 143      DDB9
 144 0578 215795C4 		.ascii	"!W\225\304T\256\352\022\236]U\350\001\274\245\2475\024"
 144      54AEEA12 
 144      9E5D55E8 
 144      01BCA5A7 
 144      3514
 145 058a DC1302CE 		.ascii	"\334\023\002\316\224\301\244\327\244N\236l\364\030U"
 145      94C1A4D7 
ARM GAS  /tmp/ccDg7l7X.s 			page 11


 145      A44E9E6C 
 145      F41855
 146 0599 C6F92EEB 		.ascii	"\306\371.\353\373\211\211\002\373s\270\2054\243Up\273"
 146      FB898902 
 146      FB73B885 
 146      34A35570 
 146      BB
 147 05aa 4CA44F34 		.ascii	"L\244O4EN\2339g\324\244\344dNk0\244[\354\236\261)\006"
 147      454E9B39 
 147      67D4A4E4 
 147      644E6B30 
 147      A45BEC9E 
 148 05c1 4F1612D2 		.ascii	"O\026\022\322\0346Q0\232\334\242\336j\234'Lv\230\322"
 148      1C365130 
 148      9ADCA2DE 
 148      6A9C274C 
 148      7698D2
 149 05d4 6DA2DDE3 		.ascii	"m\242\335\343\026f\213F\333W\302\024\223\325\342t\213"
 149      16668B46 
 149      DB57C214 
 149      93D5E274 
 149      8B
 150 05e5 0651EF4C 		.ascii	"\006Q\357L7\375\220\"\314v8\254na\201\311\2447\272l"
 150      37FD9022 
 150      CC7638AC 
 150      6E6181C9 
 150      A437BA6C 
 151 05f9 7ABBC32E 		.ascii	"z\273\303.\352E\343<\213~\234>%)y\234\376\307O\3646"
 151      EA45E33C 
 151      8B7E9C3E 
 151      2529799C 
 151      FEC74FF4 
 152 060e E3F70E97 		.ascii	"\343\367\016\227\0202+X\354&k\272Y\024lFS\232\305.\012"
 152      10322B58 
 152      EC266BBA 
 152      59146C46 
 152      539AC52E 
 153 0623 06B338DF 		.ascii	"\006\2638\337\230n\365\030<\213\234\242;1\215\213\014"
 153      986EF518 
 153      3C8B9CA2 
 153      3B318D8B 
 153      0C
 154 0634 24B4F87F 		.ascii	"$\264\370\177\315\307\275\310-\030\334\0363\004\207"
 154      CDC7BDC8 
 154      2D18DC1E 
 154      330487
 155 0643 24B0C3EC 		.ascii	"$\260\303\354R;\323\235fW\204\303\355\024E\263K\343"
 155      523BD39D 
 155      665784C3 
 155      ED1445B3 
 155      4BE3
 156 0655 2009BAD4 		.ascii	" \011\272\3246\207Yt\021y\323\222\303\345u:\\\220\334"
 156      36875974 
 156      1179D392 
 156      C3E5753A 
 156      5C90DC
 157 0668 B7B3BF1E 		.ascii	"\267\263\277\036\233\"\314\2301Y\230\226:}\326O)\202"
ARM GAS  /tmp/ccDg7l7X.s 			page 12


 157      9B22CC98 
 157      31599896 
 157      3A7DD64F 
 157      2982
 158 067a D3683558 		.ascii	"\323h5X\255f`\215s{l\260\263\005N\213\303\340\026=\351"
 158      AD66608D 
 158      737B6CB0 
 158      B3054E8B 
 158      C3E0163D 
 159 068f 4E834793 		.ascii	"N\203G\223:\211\234\227&\365\013\326Md\335T\322E\245"
 159      3A899C97 
 159      26F50BD6 
 159      4D64DD54 
 159      D245A5
 160 06a2 4E9C31C9 		.ascii	"N\2341\311a\237oY\020\001\364\323\355\026\317\007\203"
 160      619F6F59 
 160      1001F4D3 
 160      ED16CF07 
 160      83
 161 06b3 9E28A771 		.ascii	"\236(\247q{\010\342\303pD\377\376\310\266\242\3469\214"
 161      7B08E2C3 
 161      7044FFFE 
 161      C8B6A2E6 
 161      398C
 162 06c5 2E33C125 		.ascii	".3\301%\205\343\350\014\311\3360s\316\244\031Sf\031"
 162      85E3E80C 
 162      C9DE3073 
 162      CEA41953 
 162      6619
 163 06d7 A6268D4D 		.ascii	"\246&\215M\372f<\033\207\245\0327]\367\321\240\374\242"
 163      FA663C1B 
 163      87A51A37 
 163      5DF7D1A0 
 163      FCA2
 164 06e9 CB0289A4 		.ascii	"\313\002\211\244q1\006y\303\006\013\340\243\323\202"
 164      71310679 
 164      C3060BE0 
 164      A3D382
 165 06f8 9C778206 		.ascii	"\234w\202\006+F\333\251I\013\027\012i\212`\204*P &*"
 165      2B46DBA9 
 165      490B170A 
 165      698A6084 
 165      2A502026 
 166 070d C5DF1932 		.ascii	"\305\337\0312\005\266"
 166      05B6
 167              		.text
 168              		.section	.gnu.lto_.symtab.210a51c8557a66b8,"",%progbits
 169 0000 68616C49 		.ascii	"halInit\000"
 169      6E697400 
 170 0008 00       		.ascii	"\000"
 171 0009 00       		.ascii	"\000"
 172 000a 00       		.ascii	"\000"
 173 000b 00000000 		.ascii	"\000\000\000\000\000\000\000\000"
 173      00000000 
 174 0013 F3000000 		.ascii	"\363\000\000\000"
 175 0017 70616C5F 		.ascii	"pal_default_config\000"
 175      64656661 
ARM GAS  /tmp/ccDg7l7X.s 			page 13


 175      756C745F 
 175      636F6E66 
 175      696700
 176 002a 00       		.ascii	"\000"
 177 002b 02       		.ascii	"\002"
 178 002c 00       		.ascii	"\000"
 179 002d 00000000 		.ascii	"\000\000\000\000\000\000\000\000"
 179      00000000 
 180 0035 01010000 		.ascii	"\001\001\000\000"
 181 0039 7374496E 		.ascii	"stInit\000"
 181      697400
 182 0040 00       		.ascii	"\000"
 183 0041 02       		.ascii	"\002"
 184 0042 00       		.ascii	"\000"
 185 0043 00000000 		.ascii	"\000\000\000\000\000\000\000\000"
 185      00000000 
 186 004b F5000000 		.ascii	"\365\000\000\000"
 187 004f 626F6172 		.ascii	"boardInit\000"
 187      64496E69 
 187      7400
 188 0059 00       		.ascii	"\000"
 189 005a 02       		.ascii	"\002"
 190 005b 00       		.ascii	"\000"
 191 005c 00000000 		.ascii	"\000\000\000\000\000\000\000\000"
 191      00000000 
 192 0064 F7000000 		.ascii	"\367\000\000\000"
 193 0068 7364496E 		.ascii	"sdInit\000"
 193      697400
 194 006f 00       		.ascii	"\000"
 195 0070 02       		.ascii	"\002"
 196 0071 00       		.ascii	"\000"
 197 0072 00000000 		.ascii	"\000\000\000\000\000\000\000\000"
 197      00000000 
 198 007a F9000000 		.ascii	"\371\000\000\000"
 199 007e 5F70616C 		.ascii	"_pal_lld_init\000"
 199      5F6C6C64 
 199      5F696E69 
 199      7400
 200 008c 00       		.ascii	"\000"
 201 008d 02       		.ascii	"\002"
 202 008e 00       		.ascii	"\000"
 203 008f 00000000 		.ascii	"\000\000\000\000\000\000\000\000"
 203      00000000 
 204 0097 FD000000 		.ascii	"\375\000\000\000"
 205 009b 68616C5F 		.ascii	"hal_lld_init\000"
 205      6C6C645F 
 205      696E6974 
 205      00
 206 00a8 00       		.ascii	"\000"
 207 00a9 02       		.ascii	"\002"
 208 00aa 00       		.ascii	"\000"
 209 00ab 00000000 		.ascii	"\000\000\000\000\000\000\000\000"
 209      00000000 
 210 00b3 FF000000 		.ascii	"\377\000\000\000"
 211              		.text
 212              		.section	.gnu.lto_.opts,"",%progbits
 213 0000 272D666D 		.ascii	"'-fmath-errno' '-fsigned-zeros' '-ftrapping-math' '"
ARM GAS  /tmp/ccDg7l7X.s 			page 14


 213      6174682D 
 213      6572726E 
 213      6F272027 
 213      2D667369 
 214 0033 2D666E6F 		.ascii	"-fno-trapv' '-fno-openmp' '-fno-openacc' '-mcpu=cor"
 214      2D747261 
 214      70762720 
 214      272D666E 
 214      6F2D6F70 
 215 0066 7465782D 		.ascii	"tex-m0' '-mno-thumb-interwork' '-mthumb' '-O2' '-fo"
 215      6D302720 
 215      272D6D6E 
 215      6F2D7468 
 215      756D622D 
 216 0099 6D69742D 		.ascii	"mit-frame-pointer' '-falign-functions=16' '-ffuncti"
 216      6672616D 
 216      652D706F 
 216      696E7465 
 216      72272027 
 217 00cc 6F6E2D73 		.ascii	"on-sections' '-fdata-sections' '-fno-common' '-flto"
 217      65637469 
 217      6F6E7327 
 217      20272D66 
 217      64617461 
 218 00ff 2700     		.ascii	"'\000"
 219              		.text
 220              		.comm	__gnu_lto_v1,1,1
 221              		.comm	__gnu_lto_slim,1,1
 222              		.ident	"GCC: (GNU Tools for Arm Embedded Processors 7-2017-q4-major) 7.2.1 20170904 (release) [ARM
ARM GAS  /tmp/ccDg7l7X.s 			page 15


DEFINED SYMBOLS
                            *ABS*:0000000000000000 hal.c
                            *COM*:0000000000000001 __gnu_lto_v1
                            *COM*:0000000000000001 __gnu_lto_slim

NO UNDEFINED SYMBOLS
