ARM GAS  /tmp/ccnzYz6D.s 			page 1


   1              		.cpu cortex-m0
   2              		.eabi_attribute 20, 1
   3              		.eabi_attribute 21, 1
   4              		.eabi_attribute 23, 3
   5              		.eabi_attribute 24, 1
   6              		.eabi_attribute 25, 1
   7              		.eabi_attribute 26, 1
   8              		.eabi_attribute 30, 2
   9              		.eabi_attribute 34, 0
  10              		.eabi_attribute 18, 4
  11              		.file	"nvic.c"
  12              		.section	.gnu.lto_.profile.c042d2cdb2ea8bb7,"",%progbits
  13 0000 789C6363 		.ascii	"x\234cc```\001bF\006)1\000\000\302\000<"
  13      60606001 
  13      62460629 
  13      310000C2 
  13      003C
  14              		.text
  15              		.section	.gnu.lto_.icf.c042d2cdb2ea8bb7,"",%progbits
  16 0000 789C6363 		.ascii	"x\234cc``\220d@\000\026\206\355\263\273\236\2622\376"
  16      60609064 
  16      40001686 
  16      EDB3BB9E 
  16      B232FE
  17 0013 3DB66617 		.ascii	"=\266f\027\013\323\227\346M\277x\231O?\330\020\303\000"
  17      0BD397E6 
  17      4DBF7899 
  17      4F3FD810 
  17      C300
  18 0025 009A9B0C 		.ascii	"\000\232\233\014\004"
  18      04
  19              		.text
  20              		.section	.gnu.lto_.jmpfuncs.c042d2cdb2ea8bb7,"",%progbits
  21 0000 789C6363 		.ascii	"x\234cc``\320a@\000\026\006&FF\346\3729\314\014 \314"
  21      6060D061 
  21      40001606 
  21      264646E6 
  21      FA39CC0C 
  22 0016 0804209A 		.ascii	"\010\004 \232\011Y\220\031*\310\000\000\237-\007\005"
  22      09599019 
  22      2AC80000 
  22      9F2D0705 
  23              		.text
  24              		.section	.gnu.lto_.inline.c042d2cdb2ea8bb7,"",%progbits
  25 0000 789C4D8C 		.ascii	"x\234M\214\321\021\2000\014B!\215i\364\307\021\352\004"
  25      D1118030 
  25      0C42218D 
  25      69F4C711 
  25      EA04
  26 0012 2ED9453A 		.ascii	".\331E:\222\2438\202\261\236U>\270\343\036`\000*>)\260"
  26      92A33882 
  26      B19E553E 
  26      B8E31E60 
  26      002A3E29 
  27 0027 CC146E8C 		.ascii	"\314\024n\214p\233\332\271\303Z\021\310\261*\"y\020"
  27      709BDAB9 
  27      C35A11C8 
ARM GAS  /tmp/ccnzYz6D.s 			page 2


  27      B12A2279 
  27      10
  28 0038 07E199EC 		.ascii	"\007\341\231\354\225\244\255<\225\240\332O\004\223\222"
  28      95A4AD3C 
  28      95A0DA4F 
  28      049392
  29 0047 FD25C5EE 		.ascii	"\375%\305\356w\020J\310\366N\007\034S\\\2260\015\244"
  29      77104AC8 
  29      F64E071C 
  29      535C9630 
  29      0DA4
  30              		.text
  31              		.section	.gnu.lto_.pureconst.c042d2cdb2ea8bb7,"",%progbits
  32 0000 789C6363 		.ascii	"x\234cc``\340\004b\026\006)F)&)f)\000\002\304\000\202"
  32      6060E004 
  32      62160629 
  32      46292629 
  32      66290002 
  33              		.text
  34              		.section	.gnu.lto_nvicEnableVector.c042d2cdb2ea8bb7,"",%progbits
  35 0000 789C9D53 		.ascii	"x\234\235S\317k\023A\024\236o\337\356&\3264\007ob\320"
  35      CF6B1341 
  35      149E6FDF 
  35      EE26D634 
  35      076F62D0 
  36 0014 1E84500A 		.ascii	"\036\204P\012Y\013\036\274\212\347^\374\017\244\027"
  36      590B1EBC 
  36      8AE75EFC 
  36      0FA417
  37 0023 0B3629AD 		.ascii	"\0136)\255\024o\235$5i\265\320B\323\012a\221\024S\177"
  37      146F9D24 
  37      3569B5D0 
  37      42D30A61 
  37      9114537F 
  38 0037 20B54A5A 		.ascii	" \265JZ5\321\352\032[\255H-\226\342\315\203\266(V,\232"
  38      35D1EA1A 
  38      5BAD482D 
  38      96E2CD83 
  38      B628562C 
  39 004c 93D01FFA 		.ascii	"\223\320\037\372f\266\"\370\343\240\303\316\354\233"
  39      66B622F8 
  39      E3A0C3CE 
  39      EC9B
  40 005a F7DEF7DE 		.ascii	"\367\336\367\336\367\315\354\332B\210#$\304a~\357\343"
  40      F7CDECDA 
  40      42882324 
  40      C4617EEF 
  40      E3
  41 006b 09123086 		.ascii	"\011\0220\206^\010\221\014\032\2002d\020\242\307@\017"
  41      5E08910C 
  41      1A803264 
  41      10A2C740 
  41      0F
  42 007c 062847A8 		.ascii	"\006(G\250f\337\225\215\306+\222\207w\241\266W^\365"
  42      66DF958D 
  42      C62B9287 
  42      77A1B657 
ARM GAS  /tmp/ccnzYz6D.s 			page 3


  42      5EF5
  43 008e E0327C94 		.ascii	"\3402|\224\247\032(\241\221\263^\366\336t\351<\271\004"
  43      A71A28A1 
  43      91B35EF6 
  43      DE74E93C 
  43      B904
  44 00a0 98BCFDB2 		.ascii	"\230\274\375\262\220_\011\253\255\201\006\336n\311\334"
  44      905F09AB 
  44      AD8106DE 
  44      6EC9DC
  45 00af 68986210 		.ascii	"h\230b\020l\257>\2774\024\210\216K\231\222\336l\221"
  45      6CAF3EBF 
  45      3414888E 
  45      4B9992DE 
  45      6C91
  46 00c1 E4419708 		.ascii	"\344A\227\010\267A\\\020\323\210`\012\021\301.\201;"
  46      B7415C10 
  46      D388600A 
  46      11C12E81 
  46      3B
  47 00d2 8872FAF5 		.ascii	"\210r\372\365\324\373OD\2074\364\355\374\233\234\265"
  47      D4FB4F44 
  47      8734F4ED 
  47      FC9B9CB5 
  48 00e2 035D1DDF 		.ascii	"\003]\035\337\201\336\375\003\264\214\250\316\277\265"
  48      81DEFD03 
  48      B48CA8CE 
  48      BFB5
  49 00f0 3D526F9B 		.ascii	"=Ro\233>WT`\013\2601\271dyr\373[Vz\313\227\261e\205"
  49      3E575460 
  49      0BB031B9 
  49      647972FB 
  49      5B567ACB 
  50 0108 C018D350 		.ascii	"\300\030\323P\013\361b\231\312\262\324bC\025\012B1\021"
  50      0BF16299 
  50      CAB2D462 
  50      43150A42 
  50      3111
  51 011a A28F8BF0 		.ascii	"\242\217\213\360\351HO\364\223\241\254\264'\326\220"
  51      E9484FF4 
  51      93A1ACB4 
  51      27D690
  52 0129 FE9C9919 		.ascii	"\376\234\231\031\014\253\332yB\236l%pc\242\242\265["
  52      0CABDA79 
  52      429E6C25 
  52      7063A2A2 
  52      B55B
  53 013b B0718F29 		.ascii	"\260q\217)\255\241\272|\356\203\245\2228<z\266\272\030"
  53      ADA1BA7C 
  53      EE83A592 
  53      383C7AB6 
  53      BA18
  54 014d 50615B6B 		.ascii	"Pa[k\232\032[\377\032\362\267\262\232\226av\225>\016"
  54      9A1A5BFF 
  54      1AF2B7B2 
  54      9A966176 
  54      953E0E
ARM GAS  /tmp/ccnzYz6D.s 			page 4


  55 0160 AF040AB8 		.ascii	"\257\004\012\270\230\344#/\354w)\200\031\026w\237+)"
  55      98E4232F 
  55      EC772980 
  55      1916779F 
  55      2B29
  56 0172 C0DC4072 		.ascii	"\300\334@r\254\316\231\220\275I\331\340R\020\017P\300"
  56      ACCE9990 
  56      BD49D9E0 
  56      52100F50 
  56      C0
  57 0183 88BE0C0E 		.ascii	"\210\276\014\016\276Z\232.\205\233'U\260\020wi\027\036"
  57      BE5A9A2E 
  57      859B2755 
  57      B0107769 
  57      171E
  58 0195 C2C95350 		.ascii	"\302\311SP_\224\207f\346\2508of\026\006\367\370\234"
  58      5F948766 
  58      E6A8386F 
  58      661606F7 
  58      F89C
  59 01a7 0D8E326E 		.ascii	"\015\2162n\270x\243\\\257X\2308\200G\2323+\273\026\360"
  59      B878A35C 
  59      AF589838 
  59      80479A33 
  59      2BBB16F0 
  60 01bb 93084D11 		.ascii	"\223\010M\021NU\316Z\246\337\362\235\246\217|V\254l"
  60      4E55CE5A 
  60      A6DFF29D 
  60      A68F7C56 
  60      AC6C
  61 01cd 867CB516 		.ascii	"\206|\265\026\252\032\231\252e\177 -\006\377\242\377"
  61      AA1A99AA 
  61      657F202D 
  61      06FFA2FF 
  62 01dd 5FD4D5E1 		.ascii	"_\324\325\341\261V\207\337\325u+u\263J\235\251\325\315"
  62      B15687DF 
  62      D5752B75 
  62      B34A9DA9 
  62      D5CD
  63 01ef 297596DF 		.ascii	")u\226\337\353\365\342\356\377j\366D73\376\322\354\351"
  63      EBF5E2EE 
  63      FF6AF644 
  63      3733FED2 
  63      ECE9
  64 0201 CF66F37E 		.ascii	"\317f\363~\263u\244\012\033\272\225\376\025\372\230"
  64      B375A40A 
  64      1BBA95FE 
  64      15FA98
  65 0210 277F178C 		.ascii	"'\177\027\214o\212\305\034\377It9'O\234r:\022\235\247"
  65      6F8AC51C 
  65      FF497439 
  65      274F9C72 
  65      3A129DA7 
  66 0224 BB9CD644 		.ascii	"\273\234\326D{{\"\356\034=\336r\254\345\214\023\357"
  66      7B7B22EE 
  66      1C3DDE72 
  66      ACE58C13 
ARM GAS  /tmp/ccnzYz6D.s 			page 5


  66      EF
  67 0235 6E6B8DB5 		.ascii	"nk\215\265\012\304\315\216\316\266\304w\326\205\024"
  67      0AC4CD8E 
  67      CEB6C477 
  67      D68514
  68 0244 89       		.ascii	"\211"
  69              		.text
  70              		.section	.gnu.lto_nvicDisableVector.c042d2cdb2ea8bb7,"",%progbits
  71 0000 789C9552 		.ascii	"x\234\225RKkSQ\020\236\357\314}\244\265\315Z0h\027B"
  71      4B6B5351 
  71      109EEFCC 
  71      7DA4B5CD 
  71      5A306817 
  72 0015 29855CF2 		.ascii	")\205\\\362\023Dp\327\215\377@\262Q\260\211\264R\334"
  72      134470D7 
  72      8DFF40B2 
  72      51B089B4 
  72      52DC
  73 0027 F5246993 		.ascii	"\365$i\223V\263(\264\215\022.r\213\021q\241\265\244"
  73      56B328B4 
  73      8D122E72 
  73      8B1171A1 
  73      B5A4
  74 0039 55535FD7 		.ascii	"US_\327[\\\210/,\342\017\260\305'\024-.\\\264\3259\367"
  74      5B5C882F 
  74      2CE20FB0 
  74      C527142D 
  74      2E5CB4D5 
  75 004f 2A08AE1C 		.ascii	"*\010\256\034\3569wf\316|\363\315\2319\016\021\215("
  75      EE397766 
  75      CE7CF3CD 
  75      99390E11 
  75      8D28
  76 0061 224FFE07 		.ascii	"\"O\376\007d\201\011j\346%Q)\245\000\243\350\024h\\"
  76      6481096A 
  76      E6255129 
  76      A500A3E8 
  76      14685C
  77 0074 611C759E 		.ascii	"a\034u\236cD\265\367\0355pM\213\204\027\233NUO\356\367"
  77      6344B5F7 
  77      1D35704D 
  77      8B84179B 
  77      4E554FEE 
  78 0089 99A821CB 		.ascii	"\231\250!\313\010\332\030\220\250\327\023\267|\276\300"
  78      08DA1890 
  78      A8D713B7 
  78      7CBEC0
  79 0098 3E039698 		.ascii	">\003\226\230\337^47\322\306T\350\023sW\3175\322\234"
  79      DF5E3437 
  79      D2C654E8 
  79      137357CF 
  79      35D29C
  80 00ab 0589BEF9 		.ascii	"\005\211\276\371\354\312\214\333\177U\353\262\016\237"
  80      ECCA8CDB 
  80      7F55EBB2 
  80      0E9F
  81 00b9 B7581FF6 		.ascii	"\267X\037\366\231q\033,\011\261\202\014\226\221!q\021"
ARM GAS  /tmp/ccnzYz6D.s 			page 6


  81      99711B2C 
  81      09B1820C 
  81      96912171 
  81      11
  82 00ca EEA0DFC4 		.ascii	"\356\240\337\304\277[\332\233\357u\254\204\020w\341"
  82      BF5BDA9B 
  82      EF75AC84 
  82      1077E1
  83 00d9 1044595C 		.ascii	"\020DY\\\267C\275\367\263\246\303\315\026\332\307\272"
  83      B743BDF7 
  83      B3A6C3CD 
  83      16DAC7BA 
  84 00e9 20184BC9 		.ascii	" \030K\311f\263\321,\263\331\210s\320\224 \345^:\244"
  84      66B3D12C 
  84      B3D98873 
  84      D09420E5 
  84      5E3AA4
  85 00fc 695646AB 		.ascii	"iVF\253\204\364\031\225\235\352\356R\240L\306&\243\311"
  85      84F41995 
  85      9DEAEE52 
  85      A04CC626 
  85      A3C9
  86 010e B670CDB6 		.ascii	"\266p\315\266nvzM\331\026\016\241#\205H\330\327\352"
  86      6E767A4D 
  86      D9160EA1 
  86      238548D8 
  86      D7EA
  87 0120 75370952 		.ascii	"u7\011R\030\314H\250qnW\247\355\304\311\011\362iku\247"
  87      18CC48A8 
  87      716E57A7 
  87      EDC4C909 
  87      F2696B75 
  88 0135 C7206DD8 		.ascii	"\307 m\330X\215\221\345\355\332\037\244%`\361Do\316"
  88      588D91E5 
  88      EDDA1FA4 
  88      2560F144 
  88      6FCE
  89 0147 7F8A6102 		.ascii	"\177\212a\002hLF\257\\\003p\342\256,/l\375\350IL\035"
  89      684C46AF 
  89      5C0370E2 
  89      AE2C2F6C 
  89      FDE8494C 
  90 015c 55745A5C 		.ascii	"UtZ\\\355/\263\033n\200\313%\351|p\320g\027\367\245"
  90      ED2FB31B 
  90      6E80CB25 
  90      E97C70D0 
  90      6717F7A5 
  91 0170 3DF724B7 		.ascii	"=\367$\267\001<\251\227\026\272\275\033z\242\244\373"
  91      013CA997 
  91      16BABD1B 
  91      7AA2A4FB 
  92 0180 7C4EE101 		.ascii	"|N\341\001\002\314\3073\221\303\267\353+\355tn\321\034"
  92      02CCC733 
  92      91C3B7EB 
  92      2BED746E 
  92      D11C
  93 0192 06633E77 		.ascii	"\006c>w\341!<)5\236\327#\344\244 S\315\367\217\227\326"
ARM GAS  /tmp/ccnzYz6D.s 			page 7


  93      E1213C29 
  93      359ED723 
  93      E4A42053 
  93      CDF78F97 
  94 01a7 F6FD2EE7 		.ascii	"\366\375.\347\177\310\272\021\306d\370\227\254`\310"
  94      7FC8BA11 
  94      C664F897 
  94      AC60C8
  95 01b6 1E1B323B 		.ascii	"\036\0332;&\213\220\373\373\2562&\254I\316-\224\203"
  95      268B90FB 
  95      FBAE3226 
  95      AC49CE2D 
  95      9483
  96 01c8 0F75C4D3 		.ascii	"\017u\304\32342%\271d.\362*\007\263Y/\371\212\243\336"
  96      343225B9 
  96      642EF22A 
  96      07B3592F 
  96      F98AA3DE 
  97 01dc C913A7BD 		.ascii	"\311\023\247\2753\305\221\263\243^\2768<\\,xG\216\017"
  97      33C591B3 
  97      A35EBE38 
  97      3C5C2C78 
  97      478E0F
  98 01ef 1D1D3AE7 		.ascii	"\035\035:\347\025\306N\345\263yB\341\027CR\324\364"
  98      15C64EE5 
  98      B37942E1 
  98      174352D4 
  98      F4
  99              		.text
 100              		.section	.gnu.lto_nvicSetSystemHandlerPriority.c042d2cdb2ea8bb7,"",%progbits
 101 0000 789C6D51 		.ascii	"x\234mQ\315KTQ\024?\277w\336{\363\022\322\255\230\013"
 101      CD4B5451 
 101      143FBF77 
 101      DE7BF312 
 101      D2AD980B 
 102 0014 17C220C2 		.ascii	"\027\302 \302<\334\264h'm\332\270\351?\220QP\320y2J"
 102      3CDCB468 
 102      276DDAB8 
 102      E93F9051 
 102      50D07932 
 103 0029 B4F3CE8C 		.ascii	"\264\363\316\214_iA\324\370\301\360\220\267\021\223"
 103      5F6941D4 
 103      F8C1F090 
 103      B71193
 104 0038 1015B51A 		.ascii	"\020\025\265\032\035\3551\2536}8\204\240\340\242\222"
 104      1DED31AB 
 104      367D3884 
 104      A0E0A292 
 105 0048 828922C1 		.ascii	"\202\211\"\301\205 X\347>u\327\345^\356\371\372\235"
 105      852058E7 
 105      3E75D7E5 
 105      5EEEF9FA 
 105      9D
 106 0059 FBFB9D6B 		.ascii	"\373\373\235k\023\321\021\210\356\310}K\016\230`<\375"
 106      13D11188 
 106      EEC87D4B 
 106      0E98603C 
ARM GAS  /tmp/ccnzYz6D.s 			page 8


 106      FD
 107 006a 4094710C 		.ascii	"@\224q\014@\033\312\001\015\033\030\306c\3163\312\343"
 107      401BCA01 
 107      0D1B18C6 
 107      63CE33CA 
 107      E3
 108 007b DF8B46CB 		.ascii	"\337\213F\313\242\222\025\316V\35415Z\3573\321\214\034"
 108      A29215CE 
 108      56EC3135 
 108      5AEF33D1 
 108      8C1C
 109 008d BDB08E16 		.ascii	"\275\260\216\026\251\332\033Y\365y\212}\006LqO\336\027"
 109      A9DA1B59 
 109      F5798A7D 
 109      064C714F 
 109      DE17
 110 009f BED56AD7 		.ascii	"\276\325j\327@\223\270\271\347\273%\207\023 \261+\353"
 110      4093B8B9 
 110      E7BB2587 
 110      1320B12B 
 110      EB
 111 00b0 73F7E20B 		.ascii	"s\367\342\013JeUx\274\300\252\331g\306+\260\364\303"
 111      4A655578 
 111      BCC0AAD9 
 111      67C62BB0 
 111      F4C3
 112 00c2 261AB181 		.ascii	"&\032\261\201F\222\020\3415\342R\3752\373\343\027\363"
 112      469210E1 
 112      35E252FD 
 112      32FBE317 
 112      F3
 113 00d3 ED08F9F5 		.ascii	"\355\010\371\365\335\227\274u\005=]\274\202\276\371"
 113      DD97BC75 
 113      053D5DBC 
 113      82BEF9
 114 00e2 0FB48878 		.ascii	"\017\264\210xT\277v1}\3236\203k\266\330\202M\242\234"
 114      54BF7631 
 114      7DD33683 
 114      6BB6D882 
 114      4DA29C
 115 00f5 562A56A8 		.ascii	"V*V\250.\376\216\013\203\372\303\237\216\015\201\231"
 115      2EFE8E0B 
 115      83FAC39F 
 115      8E0D8199 
 116 0105 225E7026 		.ascii	"\"^p&\364\303D\023\002\220Y\250\220\036\261\241\255"
 116      F4C34413 
 116      029059A8 
 116      901EB1A1 
 116      AD
 117 0116 5C4855E4 		.ascii	"\\HU\344\376\214\035m\226\240\033\025\030\0056\344\225"
 117      FE8C1D6D 
 117      96A01B15 
 117      180536E4 
 117      95
 118 0127 E3F3E5AD 		.ascii	"\343\363\345\255H\252\005\033\333B\241\212\362\347\311"
 118      48AA051B 
 118      DB42A18A 
ARM GAS  /tmp/ccnzYz6D.s 			page 9


 118      F2E7C9
 119 0136 034B1749 		.ascii	"\003K\027Izf\264\3741\246\323v\244!S,\345\255KW\035"
 119      7A66B4FC 
 119      31A6D376 
 119      A421532C 
 119      E5AD4B57 
 120 014b E654AD84 		.ascii	"\346T\255\204\252{\247\237\254\000\363\031\231p\320"
 120      AA7BA79F 
 120      AC00F319 
 120      9970D0
 121 015a E0730C3B 		.ascii	"\340s\014;\"\246$\2354\340\331\344\322R\215\273\254"
 121      22A6249D 
 121      34E0D9E4 
 121      D2528DBB 
 121      AC
 122 016b 4632AAC9 		.ascii	"F2\252\311g\007\273\0100\035\315^\222\373/\316f\353"
 122      6707BB08 
 122      301DCD5E 
 122      92FB2FCE 
 122      66EB
 123 017d DA567432 		.ascii	"\332Vt2H\371|\003o\341\026\330\214\376%D\233p\244\337"
 123      48F97C03 
 123      6FE116D8 
 123      8CFE2544 
 123      9B70A4DF 
 124 0191 C806DB4F 		.ascii	"\310\006\333O\"\312\321\177MHL\344\030D\255\211\204"
 124      22CAD17F 
 124      4D484CE4 
 124      1844AD89 
 124      84
 125 01a2 7BB9BD41 		.ascii	"{\271\275A\267\247\263\317\035\360\322C\203n\322\353"
 125      B7A7B3CF 
 125      1DF0D243 
 125      836ED2EB 
 126 01b2 EFF7526E 		.ascii	"\357\367Rn\373\375\216\273\035\017\335\324\203\336d"
 126      FBFD8EBB 
 126      1D0FDDD4 
 126      83DE64
 127 01c1 2249B19E 		.ascii	"\"I\261\236\316TW_w\332\034H\367z\377\000\374\025\254"
 127      CE54575F 
 127      77DA1C48 
 127      F77AFF00 
 127      FC15AC
 128 01d4 44       		.ascii	"D"
 129              		.text
 130              		.section	.gnu.lto_nvicClearPending.c042d2cdb2ea8bb7,"",%progbits
 131 0000 789C3551 		.ascii	"x\2345Q\317KTQ\024>\337=\357\307\024:\353\240\241\\"
 131      CF4B5451 
 131      143EDF3D 
 131      EFC7143A 
 131      EBA0A15C 
 132 0014 0422C25C 		.ascii	"\004\"\302\\\374\023\302E+7\375\0071\033\203\234\211"
 132      FC13C245 
 132      2B37FD07 
 132      311B839C 
 132      89
 133 0025 0C69E79D 		.ascii	"\014i\347\235\031\235\321\2240\324\011\206\207<q\"Z"
ARM GAS  /tmp/ccnzYz6D.s 			page 10


 133      199DD194 
 133      30D40986 
 133      873C7122 
 133      5A
 134 0036 94C56836 		.ascii	"\224\305h6\366\3531\344B\242\"\211V\2552\004\013$\005"
 134      F6EB31E4 
 134      42A22289 
 134      56AD3204 
 134      0B2405
 135 0049 2142AD73 		.ascii	"!B\255s\337\243\303\375q\316\271\347;\367\273\337\365"
 135      DFA3C3FD 
 135      71CEB9E7 
 135      3BF7BBDF 
 135      F5
 136 005a 88E81044 		.ascii	"\210\350\020DZ\366\2632\301\0045\363\201\250\230R\200"
 136      5AF6B332 
 136      C10435F3 
 136      81A89852 
 136      80
 137 006b 754C0A34 		.ascii	"uL\0124\2520\212i\236c\264\253;-\325\363\300\210E\367"
 137      AA308A69 
 137      9E63B4AB 
 137      3B2DD5F3 
 137      C08845F7 
 138 007f FE781533 		.ascii	"\376x\0253~&`\242\232Lkh\242G\252>\215=\011x\212\003"
 138      7E2660A2 
 138      9A4C6B68 
 138      A247AA3E 
 138      8D3D0978 
 139 0095 061C09F7 		.ascii	"\006\034\011\367\337\327\267\3236T\350\222\360\330\314"
 139      DFD7B7D3 
 139      3654E892 
 139      F0D8CC
 140 00a4 D5D29C05 		.ascii	"\325\322\234\005\211\377\375\335\322\214\337}\337\230"
 140      89FFFDDD 
 140      D28CDF7D 
 140      DF98
 141 00b2 9289DE36 		.ascii	"\222\211\3366\330\\\010\230\361\014,\015\261\212\014"
 141      D85C0898 
 141      F10C2C0D 
 141      B18A0C
 142 00c1 56902149 		.ascii	"V\220!I\021\326\320m\353\277==\231\357\364\234\344B"
 142      11D6D06D 
 142      EBBF3D3D 
 142      99EFF49C 
 142      E442
 143 00d3 3C874742 		.ascii	"<\207GB\236\226\267\334\310\234\374\255\232\350k\003"
 143      9E96B7DC 
 143      C89CFCAD 
 143      9AE86B03 
 144 00e3 772F09E3 		.ascii	"w/\011\343\200\035%\213\313\326s\354\342\"\356A\023"
 144      801D258B 
 144      CBD673EC 
 144      E222EE41 
 144      13
 145 00f4 82947799 		.ascii	"\202\224w\231\210&YY\257\034\321\017\224\217*\307k\241"
 145      88265959 
ARM GAS  /tmp/ccnzYz6D.s 			page 11


 145      AF1CD10F 
 145      948F2AC7 
 145      6BA1
 146 0106 B21DEB8C 		.ascii	"\262\035\353\214:\273r\327l\343q\253\323\322vp\036-"
 146      3ABB72D7 
 146      6CE371AB 
 146      D3D27670 
 146      1E2D
 147 0118 212265BF 		.ascii	"!\"e\277*\017\375\244H\2417#\2456yP\231t\223$'\310\315"
 147      2A0FFDA4 
 147      48A13723 
 147      A5367950 
 147      99749324 
 148 012f C6FA5187 		.ascii	"\306\372Q\207E\272p\261\036#K\007\325\377HG\300\222"
 148      45BA70B1 
 148      1E234B07 
 148      D5FF4847 
 148      C092
 149 0141 697FBEBD 		.ascii	"i\177\276\275\033\303\004P\033o\177\364-\300\213UYY"
 149      1BC30450 
 149      1B6F7FF4 
 149      2DC08B55 
 149      5959
 150 0153 DCFBDD91 		.ascii	"\334\373\335\221\204\246]6iI5\177\316n\373!\026\212"
 150      84A65D36 
 150      6949357F 
 150      CE6EFB21 
 150      168A
 151 0165 A27C782E 		.ascii	"\242|x.`\037/E\236\027\322\333\0026\246\213\213\247"
 151      601F2F45 
 151      9E17D2DB 
 151      0236A68B 
 151      8BA7
 152 0177 F5233356 		.ascii	"\365#3V4]\001\247\360\012!\346\343?\221\303/[\253\315"
 152      345D01A7 
 152      F00A21E6 
 152      E33F91C3 
 152      2F5BABCD 
 153 018b 74DFB23D 		.ascii	"t\337\262=\014G\002>\205\327\320B5\376\2577\350\023"
 153      0C47023E 
 153      85D7D042 
 153      35FEAF37 
 153      E813
 154 019d 42B48752 		.ascii	"B\264\207R\270t\007\261\240\326&\344a\"\215\"\352\315"
 154      B87407B1 
 154      A0D626E4 
 154      61228D22 
 154      EACD
 155 01af 6675320A 		.ascii	"fu2\012\303z\360\3125}\275p\343\346\260\316\025\206"
 155      C37AF0CA 
 155      357DBD70 
 155      E3E6B0CE 
 155      1586
 156 01c1 860A797D 		.ascii	"\206\012y}\361\362@\377\300-\235\037\271\232\313\346"
 156      F1F240FF 
 156      C02D9D1F 
 156      B99ACBE6 
ARM GAS  /tmp/ccnzYz6D.s 			page 12


 157 01d1 08F97F0B 		.ascii	"\010\371\177\013\343\254\267"
 157      E3ACB7
 158              		.text
 159              		.section	.gnu.lto_.symbol_nodes.c042d2cdb2ea8bb7,"",%progbits
 160 0000 789C6363 		.ascii	"x\234cc``\360\002b\006\246\315\214\365\014\014\023\316"
 160      6060F002 
 160      6206A6CD 
 160      8CF50C0C 
 160      13CE
 161 0012 313000A9 		.ascii	"10\000\251]\015\216@\221-\214\365\214\250\"[\031\353"
 161      5D0D8E40 
 161      912D8CF5 
 161      8CA8225B 
 161      19EB
 162 0024 995045B6 		.ascii	"\231PE\2661\3263\243\2100\000\000\315\352\022\221"
 162      31D633A3 
 162      88300000 
 162      CDEA1291 
 163              		.text
 164              		.section	.gnu.lto_.refs.c042d2cdb2ea8bb7,"",%progbits
 165 0000 789C6363 		.ascii	"x\234cc```\004b\006\000\000D\000\010"
 165      60606004 
 165      62060000 
 165      440008
 166              		.text
 167              		.section	.gnu.lto_.decls.c042d2cdb2ea8bb7,"",%progbits
 168 0000 789CBD57 		.ascii	"x\234\275WkP\024W\026\356\323=\3100<t\307\324\226\225"
 168      6B501457 
 168      16EED33D 
 168      C8303C74 
 168      C7D49695 
 169 0014 65B72C97 		.ascii	"e\267,\227\224\354\003\0060\025k\377l\314\216\354Je"
 169      94EC0306 
 169      30156BFF 
 169      6CCC8EEC 
 169      4A65
 170 0026 556AC6F8 		.ascii	"Uj\306\370c\253v'\3438\211$0\343\362\330\212\265?\266"
 170      63AB7627 
 170      E3388924 
 170      30E3F2D8 
 170      8AB53FB6 
 171 003a 71D01058 		.ascii	"q\320\020X\025\224\210\002.\010(*\254\212\361\211AG"
 171      15948802 
 171      2E08282A 
 171      AC8AF189 
 171      4147
 172 004c A3A83C05 		.ascii	"\243\250<\005E\003\312#\010\212D\011/\037\340\203=\367"
 172      4503CA23 
 172      088A4409 
 172      2F1FE083 
 172      3DF7
 173 005e DE6EA6E9 		.ascii	"\336n\246\351\210\261\362c\273\346L\367\271\367\273"
 173      88B1F263 
 173      BBE64CF7 
 173      B9F7BB
 174 006d E77CF79E 		.ascii	"\347|\367\236\307\364L\3438.g\006\307m\3439.\0038n\034"
 174      C7F44CE3 
ARM GAS  /tmp/ccnzYz6D.s 			page 13


 174      382E6706 
 174      C76DE339 
 174      2E03386E 
 175 0082 2F2F1C3B 		.ascii	"//\034;\203\202*W\311\261K\203r\001\245\006\245\016"
 175      83822A57 
 175      C9B14B83 
 175      7201A506 
 175      A50E
 176 0094 A581FBFE 		.ascii	"\245\201\373\376\265\011\027\370\342\375}\024=\312k"
 176      B50917F8 
 176      E2FD7D14 
 176      3DCA6B
 177 00a3 D2FAB928 		.ascii	"\322\372\271(\177A\021p\236G\031\306\347n\224\0362\206"
 177      7F411170 
 177      9E4719C6 
 177      E76E941E 
 177      3286
 178 00b5 F204E539 		.ascii	"\362\004\3459\312\210\344\363\302\013lg\277\242\355"
 178      CA88E4F3 
 178      C20B6C67 
 178      BFA2ED
 179 00c4 1EC936F1 		.ascii	"\036\3116\361\201[\342\036I\366A\342\256\276rqB\367"
 179      815BE21E 
 179      49F641E2 
 179      AEBE7271 
 179      42F7
 180 00d6 12BB4138 		.ascii	"\022\273A8\377K\202\001f\227\330\011\004v\257\223\364"
 180      FF4B8201 
 180      6697D809 
 180      0476AF93 
 180      F4
 181 00e7 7930D966 		.ascii	"y0\331f\376\017\330Ts\005i\3770\305\271f\011\320vqo"
 181      FE0FD854 
 181      730569FF 
 181      30C5B966 
 181      09D07671 
 182 00fc A9902EC0 		.ascii	"\251\220.\300\\\035\220\010M\307\241\003\367N\214\372"
 182      5C1D9008 
 182      4DC7A103 
 182      F74E8CFA 
 183 010c B3218268 		.ascii	"\263!\202h:\223\345/\360\364\261\263,\245\307'\264L"
 183      3A93E52F 
 183      F0F4B1B3 
 183      2CA5C727 
 183      B44C
 184 011e 6497F6AF 		.ascii	"d\227\366\257\034\034\001A\266\324\264i\250\330[x\213"
 184      1C1C0141 
 184      B6D4B469 
 184      A8D85B78 
 184      8B
 185 012f 021B530E 		.ascii	"\002\033S\016\346\021\253z\035hP\035\254\313\271\025"
 185      E611AB7A 
 185      1D68501D 
 185      ACCBB915 
 186 013f 80EA6B3A 		.ascii	"\200\352k:\230\235%\360\035-On\006\200.8U\024\327\212"
 186      989D25F0 
 186      1D2D4F6E 
ARM GAS  /tmp/ccnzYz6D.s 			page 14


 186      06802E38 
 186      5514D78A 
 187 0153 052ED167 		.ascii	"\005.\321g\021\007' \020\216C \007'!\230x>\012\241\034"
 187      11072720 
 187      108E4320 
 187      07272198 
 187      783E0AA1 
 188 0168 1CC6C12F 		.ascii	"\034\306\301/pp7q\347n\330\366\373\355C\2428\033*@\007"
 188      70703771 
 188      E76ED8F6 
 188      FBED43A2 
 188      381B2A40 
 189 017d C740A018 		.ascii	"\307@\240\030\334\334\\\035#\260\2678\263p\232p\011"
 189      DCDC5C1D 
 189      23B0B738 
 189      B3709A70 
 189      09
 190 018e 0803FE64 		.ascii	"\010\003\376dn\317y~*\037\247\246\364q\275bN\325:Q\344"
 190      6ECF797E 
 190      2A1FA7A6 
 190      F471BD62 
 190      4ED53A51 
 191 01a3 A1127D7C 		.ascii	"\241\022}|\351\361\201.\311\015G\321\321\211\263\353"
 191      E9F1812E 
 191      C90D47D1 
 191      D189B3EB 
 192 01b3 1BFD3BA0 		.ascii	"\033\375;\240\0150\017`\006\335?\000\373\306;\021\252"
 192      0D300F60 
 192      06DD3F00 
 192      FBC63B11 
 192      AA
 193 01c4 8FCB17B0 		.ascii	"\217\313\027\260q\034\345\331M\202\022E^\"=\3437/\331"
 193      711CE5D9 
 193      4D821245 
 193      5E223DE3 
 193      372FD9
 194 01d7 E065BBF4 		.ascii	"\340e\273\364#\031\000\245U6\317\334\311\027'\233g\264"
 194      231900A5 
 194      5536CFDC 
 194      C917279B 
 194      67B4
 195 01e9 E4751C33 		.ascii	"\344u\03439\331\231b\321$\256\334\304\364\004M\317&"
 195      39D99962 
 195      D124AEDC 
 195      C4F4044D 
 195      CF26
 196 01fb 410A77C5 		.ascii	"A\012w\305\316\375w4\235\320\216\372\037\261\302\265"
 196      CEFD7734 
 196      9DD08EFA 
 196      1FB1C2B5 
 197 020b 717434F7 		.ascii	"qt4\367jW\021/\324\263t\271\260\347\310\031\320\360"
 197      6A57112F 
 197      D4B374B9 
 197      B0E7C819 
 197      D0F0
 198 021d ECDCC0A1 		.ascii	"\354\334\300\241!c5\217JNk&\306\316\002\035<?\376\310"
 198      2163358F 
ARM GAS  /tmp/ccnzYz6D.s 			page 15


 198      4A4E6B26 
 198      C6CE021D 
 198      3C3FFEC8 
 199 0231 3D9DA50B 		.ascii	"=\235\245\013O2i\240v\207/K\227\031${N\265o\345gm%\361"
 199      4F3269A0 
 199      76872F4B 
 199      9719247B 
 199      4EB56FE5 
 200 0249 C9708933 		.ascii	"\311p\2113xx\377\247p\036\243v\016\243\306A\025\314"
 200      7878FFA7 
 200      701EA376 
 200      0EA3C641 
 200      15CC
 201 025b C2EFAF40 		.ascii	"\302\357\257@\303h\035\177\220z\332gN\201X\320)\272"
 201      C3681D7F 
 201      907ADA67 
 201      4E8158D0 
 201      29BA
 202 026d C76F04DD 		.ascii	"\307o\004\3359,\212\030OQCpp\306\023\3203$q\301\015"
 202      392C8A18 
 202      4F514370 
 202      70C613D0 
 202      332471C1 
 203 0282 9D00A7A1 		.ascii	"\235\000\247\241\003\267x\001\346\340\362\346\366\312"
 203      03B77801 
 203      E6E0F2E6 
 203      F6CA
 204 0290 018164EE 		.ascii	"\001\201d\356T\374\263\257\024V\370OI\246\232\222\271"
 204      54FCB3AF 
 204      1456F84F 
 204      49A69A92 
 204      B9
 205 02a1 2493D9D6 		.ascii	"$\223\331\326\346:\022 \221\351\233\225#\272\327\212"
 205      E63A1220 
 205      91E99B95 
 205      23BAD78A 
 206 02b1 24B71005 		.ascii	"$\267\020\005\027=T.\252\251\324P*\345\217\277u\011"
 206      173D542E 
 206      AAA9D450 
 206      2AE58FBF 
 206      7509
 207 02c3 C20E4625 		.ascii	"\302\016F%u\303\360\023\331R\365\353\023\226\310\246"
 207      75C3F013 
 207      D952F5EB 
 207      1396C8A6 
 208 02d3 6A3D966A 		.ascii	"j=\226j\325\226\352\250\245\312\222\354(\241\202\031"
 208      D596EAA8 
 208      A5CA92EC 
 208      28A18219 
 209 02e3 CAAE78D8 		.ascii	"\312\256x\330\355-S\372\331$J\365\036C\365jC\015\324"
 209      ED2D53FA 
 209      D9244AF5 
 209      1E43F56A 
 209      430DD4
 210 02f6 50F7AEEE 		.ascii	"P\367\256\356\002\037\026'q\232\242\256\365\264\256"
 210      021F1627 
 210      719AA2AE 
ARM GAS  /tmp/ccnzYz6D.s 			page 16


 210      F5B4AE
 211 0305 617FEFE9 		.ascii	"a\177\357\351<\035\213\233H\342\230}\177\364u\011\255"
 211      3C1D8B9B 
 211      48E2987D 
 211      7FF47509 
 211      AD
 212 0316 514CEBA5 		.ascii	"QL\353\245\351\373\265=\205\032\011N\342\374\325p\336"
 212      E9FBB53D 
 212      851A094E 
 212      E2FCD570 
 212      DE
 213 0327 A09F50C3 		.ascii	"\240\237P\303xv\2716\213~\014\3746\252\265\347\2677"
 213      7876B936 
 213      8B7E0CFC 
 213      36AAB5E7 
 213      B737
 214 0339 78EB52C9 		.ascii	"x\353R\311\261\323b&\343r9s\3605\251N0\004\302uT\021"
 214      B1D36226 
 214      E3723973 
 214      F035A94E 
 214      3004C275 
 215 034f DDDB32D4 		.ascii	"\335\3332\324\252\321g\320 \211\342\002\015\215_3\302"
 215      AAD167D0 
 215      2089E202 
 215      0D8D5F33 
 215      C2
 216 0360 AF52780B 		.ascii	"\257Rx\013\350\345E\004}\270rp\227\274+\001\365\314"
 216      E8E54504 
 216      7DB87270 
 216      97BC2B01 
 216      F5CC
 217 0372 E4E13D92 		.ascii	"\344\341=\222\376\224\314\037\353\353\356\344\031\317"
 217      FE94CC1F 
 217      EBEBEEE4 
 217      19CF
 218 0380 4E6FD493 		.ascii	"No\324\223{\017~*\010\315\214g\205\253\364\240?\003"
 218      7B0F7E2A 
 218      08CD8C67 
 218      85ABF4A0 
 218      3F03
 219 0392 FF02D5B3 		.ascii	"\377\002\325\263\273\322\333\247\346\331!\363lg<+\017"
 219      BBD2DBA7 
 219      E6D921F3 
 219      6C673C2B 
 219      0F
 220 03a3 7CFDB19A 		.ascii	"|\375\261\232\346MD\337\240\350NJ\263C\246\331S\332"
 220      E64D44DF 
 220      A0E84E4A 
 220      B343A6D9 
 220      53DA
 221 03b5 55A4133A 		.ascii	"U\244\023:\230\333\314\201\241-\323\246\364\323%\373"
 221      98DBCC81 
 221      A12DD3A6 
 221      F4D325FB 
 222 03c5 3150370F 		.ascii	"1P7\017\212\313\314\314\015b%7\036\360-\352\246Kv\263"
 222      8ACBCCCC 
 222      0D622537 
ARM GAS  /tmp/ccnzYz6D.s 			page 17


 222      1EF02DEA 
 222      A64B76B3 
 223 03d9 ADA93C92 		.ascii	"\255\251<\222\030v\275R\327$a=Z\321\357\2434\337\375"
 223      1876BD52 
 223      D724613D 
 223      5AD1EFA3 
 223      34DFFD
 224 03ec 32F3E3B9 		.ascii	"2\363\343\271\003;\374\204n\266\213\206\273G\313y\241"
 224      033BFC84 
 224      6EB68B86 
 224      BB47CB79 
 224      A1
 225 03fd 9F29476F 		.ascii	"\237)Go_\252\222\323\003P\357hi.\367\023\206\331\344"
 225      5FAA92D3 
 225      0350EF68 
 225      692EF713 
 225      86D9E4
 226 0410 6707BAD2 		.ascii	"g\007\272\322\275\204\247L\371\246\355NZ\200\220\254"
 226      BD84A74C 
 226      F9A6ED4E 
 226      5A8090AC 
 227 0420 61455AB5 		.ascii	"aEZ\265\366#!\235=\217\226\017\216h\231\211\002\222"
 227      F623219D 
 227      3D8F960F 
 227      8E689989 
 227      0292
 228 0432 9FC71F9E 		.ascii	"\237\307\037\2360I\011\026\201\352\306\353\231o\013"
 228      30490916 
 228      81EAC6EB 
 228      996F0B
 229 0441 190C3A92 		.ascii	"\031\014:\222\266\356\221\364\013Eb\332]=t(`\312\363"
 229      B6EE91F4 
 229      0B4562DA 
 229      5D3D7428 
 229      60CAF3
 230 0454 1C94CF73 		.ascii	"\034\224\317s\200m9\257ox<@\035\270&\2047R\370\020\335"
 230      806D39AF 
 230      6F783C40 
 230      1DB82684 
 230      3752F810 
 231 0469 F2A0BCE5 		.ascii	"\362\240\274\345+\247\306\032\246+\321\335/A\373u_\275"
 231      2BA7C61A 
 231      A62BD1DD 
 231      2F41FB75 
 231      5FBD
 232 047b 53120041 		.ascii	"S\022\000A\322538(\250PLI\026\335\035iB\305\336\264"
 232      D2353338 
 232      28A8504C 
 232      4916DD1D 
 232      6942C5DE 
 233 0490 0D62C159 		.ascii	"\015b\301Y\200\036\320\303=\254\326\2470\323\023\036"
 233      801ED0C3 
 233      3DACD6A7 
 233      30D3131E 
 234 04a0 0331168E 		.ascii	"\0031\026\216_\\!\375)\033{\027W\245\010$\215\340\266"
 234      5F5C21FD 
 234      291B7B17 
ARM GAS  /tmp/ccnzYz6D.s 			page 18


 234      57A50824 
 234      8DE0B6
 235 04b3 0496934B 		.ascii	"\004\226\223K*\204\023\340\201\367)\340w\325\360\336"
 235      2A8413E0 
 235      81F729E0 
 235      77D5F0DE 
 236 04c3 497042A7 		.ascii	"IpB\247\353\335\034\012'T\372\324T\030\\\301\245\372"
 236      EBDD1C0A 
 236      2754FAD4 
 236      54185CC1 
 236      A5FA
 237 04d5 CF1EE36D 		.ascii	"\317\036\343mj\343\255\337\343\322\252\340\362\255\032"
 237      6AE3ADDF 
 237      E3D2AAE0 
 237      F2AD1A
 238 04e4 6E50A39B 		.ascii	"nP\243\233$\343X\326pMB\313\305\016W\224T\010\361V\011"
 238      24E358D6 
 238      704D42CB 
 238      C50E5794 
 238      5408F156 
 239 04f9 3D8CE8EF 		.ascii	"=\214\350\357$\264\034\014\270\354AgJ\361\022\261\231"
 239      24B41C0C 
 239      B8EC4167 
 239      4AF112B1 
 239      99
 240 050a 433F02EE 		.ascii	"C?\002\356\3239\002\307\012\200gX\014#\020\004\243("
 240      D33902C7 
 240      0A806758 
 240      0C231004 
 240      A328
 241 051c 8F501EA2 		.ascii	"\217P\036\242\214\243<@y\216\362\030e\014\345\011\004"
 241      8CA33C40 
 241      798EF218 
 241      650CE509 
 241      04
 242 052d D1DF4EF6 		.ascii	"\321\337N\366zQU\243OF\213\304\012'\365Zn\202YU\255"
 242      7A5155A3 
 242      4F468BC4 
 242      0A27F55A 
 242      6E825955 
 243 0542 BED0255E 		.ascii	"\276\320%^\014\243g\372\215\372L[\325\033\031RD\340"
 243      0CA367FA 
 243      8DFA4C5B 
 243      D51B1952 
 243      44E0
 244 0554 8E1A7DD5 		.ascii	"\216\032}\325\203\306\014|~\255\343\034\010\2254\363"
 244      83C60C7C 
 244      7EADE31C 
 244      089534F3 
 245 0564 F9BAB1FC 		.ascii	"\371\272\261\374C^\020<\2231\272]\253\30579X\313\317"
 245      435E103C 
 245      9331BA5D 
 245      ABC53739 
 245      58CBCF
 246 0577 C4A63CD1 		.ascii	"\304\246<\321\377\011\277)\216\000\222\371\340\037}"
 246      FF09BF29 
 246      8E0092F9 
ARM GAS  /tmp/ccnzYz6D.s 			page 19


 246      E01F7D
 247 0586 0AC86577 		.ascii	"\012\310ew\343\341\014o\277\264\211\3272\352\332Sj."
 247      E3E10C6F 
 247      BFB489D7 
 247      32EADA53 
 247      6A2E
 248 0598 DE8FBE6A 		.ascii	"\336\217\276j\340\035\301\375)=\235\276\254Jg\241\232"
 248      E01DC1FD 
 248      293D9DBE 
 248      AC4A67A1 
 248      9A
 249 05a9 7372A4DA 		.ascii	"sr\244\332\213\251Z\322\230\373K\217\371\263\372v\323"
 249      8BA95AD2 
 249      98FB4B8F 
 249      F9B3FA76 
 249      D3
 250 05ba 4EF47063 		.ascii	"N\364pc\266\257pA\363\012\0352\225\227*:\214\026\364"
 250      B6AF7041 
 250      F30A1D32 
 250      95972A3A 
 250      8C16F4
 251 05cd B12345DF 		.ascii	"\261#E\337i\325\005\275\236\017\204u<A\177\306\353\345"
 251      69D505BD 
 251      9E0F8475 
 251      3C417FC6 
 251      EBE5
 252 05df 35047DEE 		.ascii	"5\004}\356\\\3453P\027\364\224\350/\353F\313\002\204"
 252      5CE53350 
 252      17F494E8 
 252      2FEB46CB 
 252      0284
 253 05f1 1AC64A7E 		.ascii	"\032\306J~\265\321\263W\233\312\246\233\013\204f6\365"
 253      B5D1B357 
 253      9BCAA69B 
 253      0B846636 
 253      F5
 254 0602 A0FE2606 		.ascii	"\240\376&\006\275\205))5\227J\274\2056\246t\337\036"
 254      BD852929 
 254      35974ABC 
 254      8536A674 
 254      DF1E
 255 0614 3B2E08B7 		.ascii	";.\010\267\230\262\373^\341\006\037\241\227)-[\323\356"
 255      98B2FB5E 
 255      E1061FA1 
 255      97292D5B 
 255      D3EE
 256 0626 79C9DD3A 		.ascii	"y\311\335:\365U\272u\356p\333]\351\307-\030\325M\227"
 256      F555BA75 
 256      EE70DB5D 
 256      E9C72D18 
 256      D54D97
 257 0639 F36F68A5 		.ascii	"\363oh\245#$\277\311Y\365YE\276B?\265\356\233\263\353"
 257      2324BFC9 
 257      59F55945 
 257      BE423FB5 
 257      EE9BB3EB 
 258 064d DE468099 		.ascii	"\336F\200\231\254\023a#\012\232\224\020Y\270\341-t\303"
ARM GAS  /tmp/ccnzYz6D.s 			page 20


 258      AC136123 
 258      0A9A9410 
 258      59B8E12D 
 258      74C3
 259 065f 5B79960D 		.ascii	"[y\226\015;03\362\371 \330\216\222\215R\200\222\203"
 259      3B3033F2 
 259      F920D88E 
 259      928D5280 
 259      9283
 260 0671 928BB20D 		.ascii	"\222\213\262\015%\017\345?|\220\224\362\230\000\356"
 260      250FE53F 
 260      7C9094F2 
 260      9800EE
 261 0680 FE7A29E5 		.ascii	"\376z)\345\311y\223J\337\252H\006\3518\3456\202\360"
 261      C979934A 
 261      DFAA4806 
 261      E938E536 
 261      82F0
 262 0692 EAA52CE5 		.ascii	"\352\245,\345\011:\235W\241S\224\350\024\027\266\250"
 262      093A9D57 
 262      A15394E8 
 262      1417B6A8 
 263 06a2 250C4DA2 		.ascii	"%\014M\242\223\241FO\352\"\004=\246@oT\243\377\255\266"
 263      93A1464F 
 263      EA22043D 
 263      A6406F54 
 263      A3FFADB6 
 264 06b6 7D76A907 		.ascii	"}v\251\007\275\341\305he\267lZ\312\232N\032\257\207"
 264      BDE1C568 
 264      65B76C5A 
 264      CA9A4E1A 
 264      AF87
 265 06c8 4F25B89C 		.ascii	"O%\270\2340\022q\006gEY_\317\332\004\302Tm\002]\267"
 265      30127106 
 265      6745595F 
 265      CFDA04C2 
 265      546D025D 
 266 06dd 37486746 		.ascii	"7HgF|\177\256\366\3358\251\231f!\276U\332\330f^\007"
 266      7C7FAEF6 
 266      DD38A999 
 266      6621BE55 
 266      DAD8665E 
 267 06f2 992F3C06 		.ascii	"\231/<\006\305\276\206\024\247\260I\015^\247 \212\271"
 267      C5BE8614 
 267      A7B0490D 
 267      5EA7208A 
 267      B9
 268 0703 52DFF179 		.ascii	"R\337\361y\275F\030a]ep\363\345\022\360t\225\206i\244"
 268      BD461861 
 268      5D6570F3 
 268      E512F074 
 268      958669A4 
 269 0717 AB14E1EA 		.ascii	"\253\024\341\352\235\236\256B\266\243\352*r\022A!\346"
 269      9D9EAE42 
 269      B6A3EA2A 
 269      72124121 
 269      E6
ARM GAS  /tmp/ccnzYz6D.s 			page 21


 270 0728 CE8FC923 		.ascii	"\316\217\311#\344\321\227\274q\300O\331Q\212&u\224b"
 270      E4D197BC 
 270      71C04FD9 
 270      518A2675 
 270      9462
 271 073a A9A314D3 		.ascii	"\251\243\024\323\216\262?e\370y\200\360\214\225Oao\335"
 271      8EB23F65 
 271      F87980F0 
 271      8C954F61 
 271      6FDD
 272 074c 25A99FFC 		.ascii	"%\251\237\374\234\274\374o\301|g\305\320K\336@v\326"
 272      9CBCFC6F 
 272      C17C67C5 
 272      D04BDE40 
 272      76D6
 273 075e 0D6FD509 		.ascii	"\015o\325\011\351^\024{\274\362~\004\203\006\222\277"
 273      E95E147B 
 273      BCF27E04 
 273      830692BF 
 274 076e CDE9376F 		.ascii	"\315\3517o\300\224\335e\237\334]\366\362\264\350\232"
 274      C094DD65 
 274      9FDC5DF6 
 274      F2B4E89A 
 275 077e 1F578EF9 		.ascii	"\037W\216\371\011Y\324\220\246\314\265o@\003\301\201"
 275      0959D490 
 275      A6CCB56F 
 275      4003C181 
 276 078e 8070D0ED 		.ascii	"\200p\320\355\226\377Lsp\000\003T\312\013\362\237\363"
 276      96FF4C73 
 276      70000354 
 276      CA0BF29F 
 276      F3
 277 079f 1C11CD0F 		.ascii	"\034\021\315\017\374\213\014\343\263\226\336\351\277"
 277      FC8B0CE3 
 277      B396DEE9 
 277      BF
 278 07ac 59B14814 		.ascii	"Y\261H\024fq0\2176/(\303\303:@\375\355\307\263\374/"
 278      6671308F 
 278      362F28C3 
 278      C33A40FD 
 278      EDC7B3FC 
 279 07c1 73989F7F 		.ascii	"s\230\237\177\352\232\242C\001\265]\202\363\273i"
 279      EA9AA243 
 279      01B55D82 
 279      F3BB69
 280 07d0 080FD20E 		.ascii	"\010\017\322\016\265O\356P\345y\027G}t\222\355\324\037"
 280      B54FEE50 
 280      E5791747 
 280      7D7492ED 
 280      D41F
 281 07e2 B25D3A54 		.ascii	"\262]:T\374\324Wi\273\374e\266\357\3274\272\247\277"
 281      FCD45769 
 281      BBFC65B6 
 281      EFD734BA 
 281      A7BF
 282 07f4 51245E76 		.ascii	"Q$^v\213\356'7~\233\263\326-\272\026\300!\254\203=\230"
 282      8BEE2737 
ARM GAS  /tmp/ccnzYz6D.s 			page 22


 282      7E9BB3D6 
 282      2DBA16C0 
 282      21AC833D 
 283 0809 18F8FF44 		.ascii	"\030\370\377D\261t\027\216\374\215\347\340\013\376\015"
 283      B174178E 
 283      FC8DE7E0 
 283      0BFE0D
 284 0818 EED7A1A1 		.ascii	"\356\327\241\241\006\366q&\030VYc\015\253\235\361\211"
 284      06F67126 
 284      18565963 
 284      0DAB9DF1 
 284      89
 285 0829 09069B33 		.ascii	"\011\006\2333.\316\3510\274cZl\\\374\211\301\361\217"
 285      2ECEE930 
 285      BC635A6C 
 285      5CFC89C1 
 285      F18F
 286 083b 185BA84D 		.ascii	"\030[\250M\373\247%\357\3156\206\207s:\213%)\306\221"
 286      FBA725EF 
 286      CD368687 
 286      733A8B25 
 286      29C691
 287 084e 382FC292 		.ascii	"8/\302\222\270\036\014\253\234qv\203\325\226`\017\211"
 287      B81E0CAB 
 287      9C717683 
 287      D596600F 
 287      89
 288 085f B5AE302C 		.ascii	"\265\2560,t\332\222\342\354\0164\261\314n\215{\327\020"
 288      74DA92E2 
 288      EC0E34B1 
 288      CC6E8D7B 
 288      D710
 289 0871 698B8D59 		.ascii	"i\213\215Y\235`\267\330CV'\331>\2160,s:c\023\014\037"
 289      9D60B7D8 
 289      435627D9 
 289      3E8E302C 
 289      733A6313 
 290 0887 DA6C21D6 		.ascii	"\332l!\326\370\270\020\207\323a\017\261[W\304\204\314"
 290      F8B81087 
 290      D3610FB1 
 290      5B57C484 
 290      CC
 291 0898 0F89080B 		.ascii	"\017\211\010\013\237\037\362\3677C\342\254\0379\343"
 291      9F1FF2F7 
 291      3743E2AC 
 291      1F39E3
 292 08a7 0D93660D 		.ascii	"\015\223f\0151\016[l\322J\273!\316j[\025\343\260\033"
 292      310E5B6C 
 292      D24ABB21 
 292      CE6A5B15 
 292      E3B01B
 293 08ba 2C2BED1F 		.ascii	",+\355\037X\223b\023-\211kV\333\023BWqZ\231\320?\377"
 293      58936213 
 293      2D896B56 
 293      DB134257 
 293      715A99D0 
 294 08d0 AF7C12D6 		.ascii	"\257|\022\326$\030,\011\211+\3219\222\230A\316)\322"
ARM GAS  /tmp/ccnzYz6D.s 			page 23


 294      24182C09 
 294      892BD139 
 294      929841CE 
 294      29D2
 295 08e2 615D116B 		.ascii	"a]\021k_n\267%:\343\177\363\352\207\313\375\204\334"
 295      5F6EB725 
 295      3AE37FF3 
 295      EA87CBFD 
 295      84DC
 296 08f4 17C62478 		.ascii	"\027\306$xV\007\222\021\263=\321\274&!\321\036\267\310"
 296      56079211 
 296      B33DD1BC 
 296      2621D11E 
 296      B7C8
 297 0906 EA58196B 		.ascii	"\352X\031k\217\217\216\217q\306\307$\256\241\276\214"
 297      8F8F8E8F 
 297      71C6C724 
 297      AEA1BE8C 
 298 0916 B1766B7C 		.ascii	"\261vk|\264\335\201\376?\3641E\232#M\313#\027\2769\361"
 298      B4DD81FE 
 298      3FF43145 
 298      9A234DCB 
 298      2317BE39 
 299 092b 344F1365 		.ascii	"4O\023e\2146M\250\021\232(s\264IkbZ8NFz&\303p2\322\304"
 299      8C364DA8 
 299      119A2873 
 299      B4496B62 
 299      5A384E46 
 300 0946 4745FF4A 		.ascii	"GE\377J\311\331\376I\242\301\270\330\034e\236\330\261"
 300      C9D9FE49 
 300      A2C1B8D8 
 300      1C659ED8 
 300      B1
 301 0957 CD196FB7 		.ascii	"\315\031o\267\330\342\302p\273>K\226G\031-\3130\002"
 301      D8E2C270 
 301      BB3E4B96 
 301      47192DCB 
 301      3002
 302 0969 827951F4 		.ascii	"\202yQ\364\204\245p\301h4\011f\243\311\353\235(\223"
 302      84A570C1 
 302      68340966 
 302      A3C9EB9D 
 302      2893
 303 097b D1846ECC 		.ascii	"\321\204n\314&/c\364{Q\013\275\314\213\360Yk6\376\201"
 303      262F63F4 
 303      7B510BBD 
 303      CC8BF059 
 303      6B36FE81 
 304 098f AEF2B758 		.ascii	"\256\362\267X>Hr\330,\226\320\267\302\346\377N+k\032"
 304      3E4872D8 
 304      2C96D0B7 
 304      C2E6FF4E 
 304      2B6B1A
 305 09a2 DB2A6BFC 		.ascii	"\333*k\374\377\000\224\324\207\027"
 305      FF0094D4 
 305      8717
 306              		.text
ARM GAS  /tmp/ccnzYz6D.s 			page 24


 307              		.section	.gnu.lto_.symtab.c042d2cdb2ea8bb7,"",%progbits
 308 0000 6E766963 		.ascii	"nvicEnableVector\000"
 308      456E6162 
 308      6C655665 
 308      63746F72 
 308      00
 309 0011 00       		.ascii	"\000"
 310 0012 00       		.ascii	"\000"
 311 0013 00       		.ascii	"\000"
 312 0014 00000000 		.ascii	"\000\000\000\000\000\000\000\000"
 312      00000000 
 313 001c C7000000 		.ascii	"\307\000\000\000"
 314 0020 6E766963 		.ascii	"nvicDisableVector\000"
 314      44697361 
 314      626C6556 
 314      6563746F 
 314      7200
 315 0032 00       		.ascii	"\000"
 316 0033 00       		.ascii	"\000"
 317 0034 00       		.ascii	"\000"
 318 0035 00000000 		.ascii	"\000\000\000\000\000\000\000\000"
 318      00000000 
 319 003d CB000000 		.ascii	"\313\000\000\000"
 320 0041 6E766963 		.ascii	"nvicSetSystemHandlerPriority\000"
 320      53657453 
 320      79737465 
 320      6D48616E 
 320      646C6572 
 321 005e 00       		.ascii	"\000"
 322 005f 00       		.ascii	"\000"
 323 0060 00       		.ascii	"\000"
 324 0061 00000000 		.ascii	"\000\000\000\000\000\000\000\000"
 324      00000000 
 325 0069 CD000000 		.ascii	"\315\000\000\000"
 326 006d 6E766963 		.ascii	"nvicClearPending\000"
 326      436C6561 
 326      7250656E 
 326      64696E67 
 326      00
 327 007e 00       		.ascii	"\000"
 328 007f 00       		.ascii	"\000"
 329 0080 00       		.ascii	"\000"
 330 0081 00000000 		.ascii	"\000\000\000\000\000\000\000\000"
 330      00000000 
 331 0089 CF000000 		.ascii	"\317\000\000\000"
 332              		.text
 333              		.section	.gnu.lto_.opts,"",%progbits
 334 0000 272D666D 		.ascii	"'-fmath-errno' '-fsigned-zeros' '-ftrapping-math' '"
 334      6174682D 
 334      6572726E 
 334      6F272027 
 334      2D667369 
 335 0033 2D666E6F 		.ascii	"-fno-trapv' '-fno-openmp' '-fno-openacc' '-mcpu=cor"
 335      2D747261 
 335      70762720 
 335      272D666E 
 335      6F2D6F70 
ARM GAS  /tmp/ccnzYz6D.s 			page 25


 336 0066 7465782D 		.ascii	"tex-m0' '-mno-thumb-interwork' '-mthumb' '-O2' '-fo"
 336      6D302720 
 336      272D6D6E 
 336      6F2D7468 
 336      756D622D 
 337 0099 6D69742D 		.ascii	"mit-frame-pointer' '-falign-functions=16' '-ffuncti"
 337      6672616D 
 337      652D706F 
 337      696E7465 
 337      72272027 
 338 00cc 6F6E2D73 		.ascii	"on-sections' '-fdata-sections' '-fno-common' '-flto"
 338      65637469 
 338      6F6E7327 
 338      20272D66 
 338      64617461 
 339 00ff 2700     		.ascii	"'\000"
 340              		.text
 341              		.comm	__gnu_lto_v1,1,1
 342              		.comm	__gnu_lto_slim,1,1
 343              		.ident	"GCC: (GNU Tools for Arm Embedded Processors 7-2017-q4-major) 7.2.1 20170904 (release) [ARM
ARM GAS  /tmp/ccnzYz6D.s 			page 26


DEFINED SYMBOLS
                            *ABS*:0000000000000000 nvic.c
                            *COM*:0000000000000001 __gnu_lto_v1
                            *COM*:0000000000000001 __gnu_lto_slim

NO UNDEFINED SYMBOLS
