ARM GAS  /tmp/ccWWrBD5.s 			page 1


   1              		.cpu cortex-m4
   2              		.eabi_attribute 20, 1
   3              		.eabi_attribute 21, 1
   4              		.eabi_attribute 23, 3
   5              		.eabi_attribute 24, 1
   6              		.eabi_attribute 25, 1
   7              		.eabi_attribute 26, 1
   8              		.eabi_attribute 30, 2
   9              		.eabi_attribute 34, 1
  10              		.eabi_attribute 18, 4
  11              		.file	"chvt.c"
  12              		.section	.gnu.lto_.profile.c45ca7a30e731de9,"",%progbits
  13 0000 789C6363 		.ascii	"x\234cc```\001bF\006u\025\000\000\352\000W"
  13      60606001 
  13      62460675 
  13      150000EA 
  13      0057
  14              		.text
  15              		.section	.gnu.lto_.icf.c45ca7a30e731de9,"",%progbits
  16 0000 789C6363 		.ascii	"x\234cc``\020a@\000f\2067\277\026~\341e:\374\261\343"
  16      60601061 
  16      40006686 
  16      37BF167E 
  16      E1653AFC 
  17 0016 0C1FF39A 		.ascii	"\014\037\363\232\253\253\377r2\000\000l|\011\363"
  17      ABABFF72 
  17      3200006C 
  17      7C09F3
  18              		.text
  19              		.section	.gnu.lto_.jmpfuncs.c45ca7a30e731de9,"",%progbits
  20 0000 789C6363 		.ascii	"x\234cc``Pa@\000f fba\004\002\376\3729\314\014@\314"
  20      60605061 
  20      40006620 
  20      66626104 
  20      02FEFA39 
  21 0018 08C44C40 		.ascii	"\010\304L@\314\314\014\024\004\2111\000\000c\034\005"
  21      CCCC0C14 
  21      04893100 
  21      00631C05 
  22 0028 E9       		.ascii	"\351"
  23              		.text
  24              		.section	.gnu.lto_.inline.c45ca7a30e731de9,"",%progbits
  25 0000 789C6363 		.ascii	"x\234cc``\310g@\000f\006\006v6F\006&\216\003v\014l\013"
  25      6060C867 
  25      40006606 
  25      06763646 
  25      06268E03 
  26 0018 E4994062 		.ascii	"\344\231@bL\014\242z@!\3713\275\254\014\334+\334\230"
  26      4C0CA27A 
  26      4021F933 
  26      BDAC0CDC 
  26      2BDC98
  27 002b 20EAF878 		.ascii	" \352\370x\031\231\031\024\030A:@\244\003\230T\340\340"
  27      19991914 
  27      18413A40 
  27      A4039854 
  27      E0E0
ARM GAS  /tmp/ccWWrBD5.s 			page 2


  28 003d DB90CBC0 		.ascii	"\333\220\313\300\361A\217\211\201\361\005;\013\204\004"
  28      F1418F89 
  28      81F1053B 
  28      0B8404
  29 004c 111C6026 		.ascii	"\021\034`&\007\210\020\0003\005\300\326\001\000\356"
  29      07881000 
  29      3305C0D6 
  29      0100EE
  30 005b 960E3D   		.ascii	"\226\016="
  31              		.text
  32              		.section	.gnu.lto_.pureconst.c45ca7a30e731de9,"",%progbits
  33 0000 789C6363 		.ascii	"x\234cc```\007bf\006)&)f)\000\001\303\000d"
  33      60606007 
  33      62660629 
  33      26296629 
  33      0001C300 
  34              		.text
  35              		.section	.gnu.lto__vt_init.c45ca7a30e731de9,"",%progbits
  36 0000 789C8D93 		.ascii	"x\234\215\223\315K\033A\030\306\337g&n\226J\322[\301"
  36      CD4B1B41 
  36      18C6DF67 
  36      266E964A 
  36      D25BC1
  37 0013 8F7FC04B 		.ascii	"\217\177\300K\366\277\350?\222Ko\205Dz\315\306\030\022"
  37      F6BFE83F 
  37      924B6F85 
  37      447ACDC6 
  37      1812
  38 0025 894211A3 		.ascii	"\211B\021\243 A\227^TJ\0116Q\273\365#kl\233\364+\001"
  38      2041975E 
  38      544A0936 
  38      51BBF523 
  38      6B6C9BF4 
  39 003b 2F1EDA5E 		.ascii	"/\036\332^z(!\204\202 \202)\211}g\326\203\227n3\354"
  39      7A282184 
  39      82208229 
  39      897D67D6 
  39      83976E33 
  40 0050 B0C33C33 		.ascii	"\260\303<3\357\363\374\230\031\203\210\222\222h\232"
  40      EFF3FC98 
  40      19838892 
  40      92689A
  41 005f FF53DC21 		.ascii	"\377S\334!\011\342y\213(m\012@\015l\023\224\022HaQ\256"
  41      09E2798B 
  41      286D0A40 
  41      0D6C1394 
  41      12486151 
  42 0074 48D473BF 		.ascii	"H\324s\277\\1\263es\363\326\372\023\366\266\207\022"
  42      5C31B365 
  42      73F3D6FA 
  42      13F6B687 
  42      12
  43 0085 6F5FE5AE 		.ascii	"o_\345\256\032*\230!^\366swX\214\030!\177\036U\030\004"
  43      1A2A9821 
  43      5EF67377 
  43      588C1821 
  43      7F1E5518 
ARM GAS  /tmp/ccWWrBD5.s 			page 3


  44 009a 1E94CFC7 		.ascii	"\036\224\317\307<{x\233\263\275\336\013l>6\210\362\254"
  44      3C7B789B 
  44      B3BDDE0B 
  44      6C3E3688 
  44      F2AC
  45 00ac B389EDD1 		.ascii	"\263\211\355\321\202\024j\224\361\250\213\271~nP\036"
  45      82146A94 
  45      F1A88BB9 
  45      7E6E501E 
  46 00bc 57DBB8D4 		.ascii	"W\333\270\324j\266\336\016\027dI\002\252\262\353\366"
  46      6AB6DE0E 
  46      17644902 
  46      AAB2EBF6 
  47 00cc BE855303 		.ascii	"\276\205S\003\333\344\011GU\347\271j\346r9\352`\203"
  47      DBE40947 
  47      55E7B96A 
  47      E67239EA 
  47      6083
  48 00de A308EC73 		.ascii	"\243\010\354s\324=Lka\277\361\375\217i\275Ri\235G%)"
  48      D43D4C6B 
  48      61BFF1FD 
  48      8F69BD52 
  48      699D4725 
  49 00f3 71000745 		.ascii	"q\000\007E\235\225\325\376E&+\356\324DI\206\360\006"
  49      9D95D5FE 
  49      45262BEE 
  49      D4444986 
  49      F006
  50 0105 5651AAA0 		.ascii	"VQ\252\240pa\215\342\365\366\037^\327B\231\035\3367"
  50      70618DE2 
  50      F5F61F5E 
  50      D742991D 
  50      DE37
  51 0117 DB6E2E55 		.ascii	"\333n.U\242\\+\317r\227\3451\034\301b\247c\244|\342"
  51      A25C2BCF 
  51      7297E531 
  51      1CC162A7 
  51      63A47CE2 
  52 012b A5DD2AEE 		.ascii	"\245\335*\356\220\377\353{\022\304X\013d\364\024\243"
  52      90FFEB7B 
  52      12C4580B 
  52      64F414A3 
  53 013b 508CA7A3 		.ascii	"P\214\247\2431\326\003\031\317\202\031\337i\306\367"
  53      31D60319 
  53      CF8219DF 
  53      69C6F7
  54 014a 3EE35567 		.ascii	">\343Ug\341l|T\304\017A\210\215\000D\003M\205\250/\336"
  54      E16C7C54 
  54      C40F4188 
  54      8D004403 
  54      4D85A82F 
  55 015f 478DF8A3 		.ascii	"G\215\370\243\271\363R\252\033\024\306-\267\207\370"
  55      B9F352AA 
  55      1B14C62D 
  55      B787F8
  56 016e C475BBA8 		.ascii	"\304u\273\250_u\012\231\350\250y>\007\345\371r?\217"
  56      5F750A99 
ARM GAS  /tmp/ccWWrBD5.s 			page 4


  56      E8A8793E 
  56      07E5F972 
  56      3F8F
  57 0180 77F37AFD 		.ascii	"w\363z\375\001\253\363i\235\307\304W\225'\244\362\264"
  57      01ABF369 
  57      9DC7C457 
  57      9527A4F2 
  57      B4
  58 0191 749E72CF 		.ascii	"t\236r\317\275\211\370y\010m\256\371\033sNmQ\237\276"
  58      BD89F879 
  58      086DAEF9 
  58      1B734E6D 
  58      519FBE
  59 01a4 7E4579BE 		.ascii	"~Ey\276\204\374\026\370\224&c1\313\377\236&\255\304"
  59      84FC16F8 
  59      94266331 
  59      CBFF9E26 
  59      ADC4
  60 01b6 AC954CC4 		.ascii	"\254\225L\304\255\370\223g\263\2618\375\005w\3745F"
  60      ADF89367 
  60      B3B138FD 
  60      0577FC35 
  60      46
  61              		.text
  62              		.section	.gnu.lto_chVTDoSetI.c45ca7a30e731de9,"",%progbits
  63 0000 789C9D55 		.ascii	"x\234\235U\377O[U\024\277\347\235\367\245\266\203\222"
  63      FF4F5B55 
  63      14BFE79D 
  63      F7A5B683 
  63      92
  64 0011 C52C85A0 		.ascii	"\305,\205\240\301DB\370A\232\370\223\373\017\366o\020"
  64      C14442F8 
  64      419AF893 
  64      FB0FF66F 
  64      10
  65 0022 74316651 		.ascii	"t1fQ\302*\211\277\310\033\035C\246K\214\261\235\251"
  65      C22A89BF 
  65      C81B1D43 
  65      A64B8CB1 
  65      9DA9
  66 0034 CFA56E54 		.ascii	"\317\245nT\342p\340\027\234\026\031\224n0\230P\346\254"
  66      E270E017 
  66      9C161994 
  66      6E309850 
  66      E6AC
  67 0046 E3CBCA54 		.ascii	"\343\313\312TXq\230E3%\230\270\214y\316\275oT\233\226"
  67      58719845 
  67      332598B8 
  67      8C79CEBD 
  67      6F549B96 
  68 005a 196EDABE 		.ascii	"\031n\332\276\373\356=\237\317\371\234s\317=5\205\020"
  68      FBEE3D9F 
  68      CFF99C73 
  68      CF3D3585 
  68      10
  69 006b 751E21F6 		.ascii	"u\036!\366\323\363\000}\301\024\240\275\235\021\342"
  69      D3F3007D 
ARM GAS  /tmp/ccWWrBD5.s 			page 5


  69      C114A0BD 
  69      9D11E2
  70 007a 8847035D 		.ascii	"\210G\003]MPM\306=\272\206Ci!l\257\221\363\011{\217"
  70      4D504DC6 
  70      3DBA8643 
  70      69216CAF 
  70      91F3097B 
  71 008f 01C0EBB6 		.ascii	"\001\300\353\266\007D\207\206\272\001\035\232.\334\361"
  71      07448786 
  71      BA011D9A 
  71      2EDCF1
  72 009e 16BE8B90 		.ascii	"\026\276\213\220\356^Kj\215}6\215\324\311-\363\230\335"
  72      EE5E4B6A 
  72      8D7D368D 
  72      D4C92DF3 
  72      98DD
  73 00b0 15705088 		.ascii	"\025pP\210(*\033\370\002\032\311\352\273\243\237:\370"
  73      282A1BF8 
  73      021AC9EA 
  73      BBA39F3A 
  73      F8
  74 00c1 263A08A0 		.ascii	"&:\010\240\323\353\335\331\330j%\277jPG\257}\267\326"
  74      D3EBDDD9 
  74      D86A25BF 
  74      6A5047AF 
  74      7DB7D6
  75 00d4 E62D7C02 		.ascii	"\346-|\002\004\315\377\032\370=\2477$l\273\323Ne{\321"
  75      04CDFF1A 
  75      F83DA737 
  75      246CBBD3 
  75      4E657BD1 
  76 00e8 7EDA4184 		.ascii	"~\332A\204\363\200D\010_B-\014A\255\240%\001_A\003\231"
  76      F3804408 
  76      5F422D0C 
  76      41ADA025 
  76      015F4103 
  77 00fd 873FBF33 		.ascii	"\207?\2773\342\305\247$t\345\312\306\370\036\027:\363"
  77      E2C5A724 
  77      74E5CAC6 
  77      F81E173A 
  77      F3
  78 010e 9184EAF0 		.ascii	"\221\204\352\360u1T\027\220\224\320\367\377\350]\362"
  78      75315417 
  78      9094D0F7 
  78      FFE85DF2 
  79 011e 6383840E 		.ascii	"c\203\204\016\335\277\032\321\\\350\244\363\370\231"
  79      DDBF1AD1 
  79      5CE8A4F3 
  79      F899
  80 012c B07DC041 		.ascii	"\260}\300A\003\206\213\301\206\200o$\370\\\374\317\017"
  80      03868BC1 
  80      86806F24 
  80      F85CFCCF 
  80      0F
  81 013d 109B2478 		.ascii	"\020\233$x1\325{\252\302\005_JH\277&\214\024C)\351\027"
  81      31D57BAA 
  81      C2055F4A 
ARM GAS  /tmp/ccWWrBD5.s 			page 6


  81      48BF268C 
  81      144329E9 
  82 0152 A081ED6F 		.ascii	"\240\201\355oOm\346=\370\254\304:'\316~RQ\177Fb\257"
  82      4F6DE63D 
  82      F8ACC43A 
  82      27CE7E52 
  82      517F4662 
  83 0167 3B351F86 		.ascii	";5\037\206\355)[g\335\243\377\305\363 \363\231T\317"
  83      ED295B67 
  83      DDA3FFC5 
  83      F320F399 
  83      54CF
  84 0179 A0179F93 		.ascii	"\240\027\237\223\320{'\223y\335\205f\234\300i\027\212"
  84      D07B2793 
  84      79DD8566 
  84      9CC06917 
  84      8A
  85 018a 902A095D 		.ascii	"\220*\011]\371l+Ra\3520\016\3650\006\365\361\207\207"
  85      F96C2B52 
  85      61EA300E 
  85      F53006F5 
  85      F18787
  86 019d 0469AE07 		.ascii	"\004i\256\007!\264\207;\203\327\214\224\275\365\240"
  86      21B4873B 
  86      83D78C94 
  86      BDF5A0
  87 01ac 9B3251BB 		.ascii	"\2332Q\273\274\361\313\336\032 \365\226&x\0379\367\224"
  87      BCF1CBDE 
  87      1A20F596 
  87      26781F39 
  87      F794
  88 01be 41323378 		.ascii	"A23x\325\344\037Kny\344\252\027\370`|\300\261V\000'"
  88      D5E41F4B 
  88      6E79E4AA 
  88      17F8607C 
  88      C0B15600 
  89 01d3 CB0F9CEF 		.ascii	"\313\017\234\357*i\023\2206\325r.\304\033\344>\347\263"
  89      2A691390 
  89      36D5722E 
  89      C41BE43E 
  89      E7B3
  90 01e5 53A20735 		.ascii	"S\242\0075\232\204S\342W\350\214\255\317\255Z\254\211"
  90      9A8453E2 
  90      57E88CAD 
  90      CFAD5AAC 
  90      89
  91 01f6 2447BBD2 		.ascii	"$G\273\322s\026\227\011\312\200G\322\263\223f\034N\035"
  91      73169709 
  91      CA8047D2 
  91      B393661C 
  91      4E1D
  92 0208 A15A8BD7 		.ascii	"\241Z\213\3278\350\211\241\027.r\204\264\331?\272\261"
  92      38E889A1 
  92      172E7284 
  92      B4D93FBA 
  92      B1
  93 0219 6904CF71 		.ascii	"i\004\317q\035\326q\376/A\034\"\262\010a\002\2021\364"
ARM GAS  /tmp/ccWWrBD5.s 			page 7


  93      1DD671FE 
  93      2F411C22 
  93      B2086102 
  93      8231F4
  94 022c 29F285B0 		.ascii	")\362\205\260\327%\337\221-\333\275p\323\267\315f\300"
  94      D725DF91 
  94      2DDBBD70 
  94      D3B7CD66 
  94      C0
  95 023d A4640366 		.ascii	"\244d\003f\273\314l\025b\015:\343}\221j&\343\230b\350"
  95      BBCC6C15 
  95      620D3AE3 
  95      7D916A26 
  95      E39862E8 
  96 0251 6707C3EB 		.ascii	"g\007\303\353\003\011\340\265\030V\375;\200\307d\000"
  96      0309E0B5 
  96      1856FD3B 
  96      80C76400 
  97 0261 C9E49D1B 		.ascii	"\311\344\235\033V\307}\333C\013qf\343\312\013\337}\247"
  97      56C77DDB 
  97      430B7166 
  97      E3CA0BDF 
  97      7DA7
  98 0273 92648043 		.ascii	"\222d\200C\356\247\241\003\246\\\011\347/\347\356y\224"
  98      EEA7A103 
  98      A65C09E7 
  98      2FE7EE79 
  98      94
  99 0284 84F84107 		.ascii	"\204\370A\007}pEj\320\324i\376=\037\356\322\334\335"
  99      7D70456A 
  99      D0D469FE 
  99      3D1FEED2 
  99      DCDD
 100 0296 D3C019FA 		.ascii	"\323\300\031\372\026\202\021\224\007:\003A)o\237\024"
 100      16821194 
 100      073A0341 
 100      296F9F14 
 101 02a6 37CEE2AA 		.ascii	"7\316\342\252h\275\207v\351j\3134\207\337;vb\376\220"
 101      68BD8776 
 101      E96ACB34 
 101      87DF3B76 
 101      62FE90
 102 02b9 121A8871 		.ascii	"\022\032\210q\354\300\220\272B8\001\025N2\357\206S]"
 102      ECC090BA 
 102      42380115 
 102      4E32EF86 
 102      535D
 103 02cb 9CB29784 		.ascii	"\234\262\227\204\314\231U&g\010\263R/w\013\310\270\212"
 103      CC995526 
 103      6708B352 
 103      2F770BC8 
 103      B88A
 104 02dd 9E2C28AA 		.ascii	"\236,(\252\226\212tA\335\205\024\255\201&\224_\217\232"
 104      968A7441 
 104      DD8514AD 
 104      8126945F 
 104      8F9A
ARM GAS  /tmp/ccWWrBD5.s 			page 8


 105 02ef 4B1B4B69 		.ascii	"K\033Ki\030\314\233J\003\024i\250\333Q\201\016sR\201"
 105      18CC9B4A 
 105      031469A8 
 105      DB51810E 
 105      735281
 106 0302 C10AAE92 		.ascii	"\301\012\256\222\202<\034\315\\\234q\343\001vEc\023"
 106      823C1CCD 
 106      5C9C71E3 
 106      01764563 
 106      13
 107 0313 2C4A8FB6 		.ascii	",J\217\266\324\337H\232px`\377&\020\247_\033>;M&\001"
 107      D4DF489A 
 107      707860FF 
 107      2610A75F 
 107      1B3E3B4D 
 108 0329 8C0D2C02 		.ascii	"\214\015,\002\0115\266\0134\272~\241k\0275D=\260\220"
 108      0935B60B 
 108      34BA7EA1 
 108      6B173544 
 108      3DB090
 109 033c 8F6B5C43 		.ascii	"\217k\\C\232\212nt\302\257\024a\311\350\264\262|\337"
 109      9A8A6E74 
 109      C2AF1461 
 109      C9E8B4B2 
 109      7CDF
 110 034e 4B3E93F9 		.ascii	"K>\223\371\262\024\035\221e\217\367\030\273Q\366C\201"
 110      B2141D91 
 110      658FF718 
 110      BB51F643 
 110      81
 111 035f E93A2B43 		.ascii	"\351:+CuW\306\022\225\245\330^W\007\217e\351\346\013"
 111      7557C612 
 111      95A5D85E 
 111      57078F65 
 111      E9E60B
 112 0372 812E309D 		.ascii	"\201.0\235W\321MMX\245\350\366>\"\314\305\202\270\245"
 112      57D14D4D 
 112      58A5E8F6 
 112      3E22CCC5 
 112      82B8A5
 113 0385 6DB6E8FA 		.ascii	"m\266\350\372tb\027\207\240\303\215BI\344\230MW\207"
 113      74621787 
 113      A0C38D42 
 113      49E4984D 
 113      5787
 114 0397 309BB7D4 		.ascii	"0\233\267\324!\030\377\353\020\236a\252\345\002\325"
 114      2118FFEB 
 114      109E61AA 
 114      E502D5
 115 03a6 4D997FBA 		.ascii	"M\231\177\272Tnq1\221\313\235=\016%t\356@\373c\201\366"
 115      546E7131 
 115      91CB9D3D 
 115      0E2574EE 
 115      40FB6381 
 116 03bb 27566832 		.ascii	"'Vh2\313\306\355\314\204\317\345yd\027\371\271L\027"
 116      CBC6EDCC 
 116      84CFE579 
ARM GAS  /tmp/ccWWrBD5.s 			page 9


 116      6417F9B9 
 116      4C17
 117 03cd D9C75D64 		.ascii	"\331\307]d\245\\\027ic\347\253\334D,\366}\013\202d\260"
 117      A55C1769 
 117      63E7ABDC 
 117      442CF67D 
 117      0B8264B0 
 118 03e1 3CF571BF 		.ascii	"<\365q\277\374\337\266\340\001\015?\344\211\3677\272"
 118      FCDFB6E0 
 118      010D3FE4 
 118      89F737BA 
 119 03f1 C9635119 		.ascii	"\311cQ\031\226\272A\032]B\235\236:\335)\235\373:\320"
 119      96BA411A 
 119      5D429D9E 
 119      3ADD299D 
 119      FB3AD0
 120 0404 6D211735 		.ascii	"m!\0275MMA\365y\345p\260-\024<\334\326\022ly\261=\324"
 120      4D4D41F5 
 120      79E570B0 
 120      2D143CDC 
 120      D6126C79 
 121 041b D422B03D 		.ascii	"\324\"\260=\324j<\377\302\241\346\327\314\366\320\301"
 121      D46A3CFF 
 121      C2A1E6D7 
 121      CCF6D0C1 
 122 042b 575F6EC1 		.ascii	"W_n\301\326\3466^\0105C\353?W\214\254\030"
 122      D6E6365E 
 122      083543EB 
 122      3F578CAC 
 122      18
 123              		.text
 124              		.section	.gnu.lto_chVTDoResetI.c45ca7a30e731de9,"",%progbits
 125 0000 789C9594 		.ascii	"x\234\225\224\317k\023A\024\307\347;\263\331]\033\214"
 125      CF6B1341 
 125      14C7E73B 
 125      B3D95D1B 
 125      8C
 126 0011 37915A21 		.ascii	"7\221Z!\007\241\364`\366\356_\340\315?\"\027oJ\032z"
 126      07A1F460 
 126      F6EE5FE0 
 126      CD3F2217 
 126      6F4A1A7A 
 127 0025 12B34D4C 		.ascii	"\022\263MLS[\017\"&bXt\017\226R\304_X\253\251U\327h"
 127      535B0F22 
 127      26625874 
 127      0F9652C4 
 127      5F58ABA9 
 128 003c 9B569BD6 		.ascii	"\233V\233\326\206@\005\253\007-EE\224\202 T\232\370"
 128      864005AB 
 128      072D4545 
 128      94822054 
 128      9AF8
 129 004e 66363122 		.ascii	"f61\"\211\264\303\356\354\314\274\235\317\373\2767?"
 129      89B4C3EE 
 129      ECCCBC9D 
 129      CFFBBE37 
 129      3F
ARM GAS  /tmp/ccWWrBD5.s 			page 10


 130 005f 74C6D869 		.ascii	"t\306\330i\215\2610}\017\322\013\301\300/,16hr@6l\023"
 130      8DB1307D 
 130      0FD20BC1 
 130      C02F2C31 
 130      36687240 
 131 0076 2CC191C0 		.ascii	",\301\221\300yqI\240\230\331(\360\276q\233\212w\271"
 131      797149A0 
 131      98D928F0 
 131      BE719B8A 
 131      77B9
 132 0088 121CB2D3 		.ascii	"\022\034\262\323\007\034\301X\216^Yp\017}\364\327\312"
 132      071CC158 
 132      8E5E5970 
 132      0F7DF4D7 
 132      CA
 133 0099 D93B8E18 		.ascii	"\331;\216\030\025\216\0004\352n\226\363\037C\262\313"
 133      158E0034 
 133      EA6E96F3 
 133      1F43B2CB 
 134 00a9 11A6EEF8 		.ascii	"\021\246\356\370\372\306\252!\016\201Q\373\347\255\357"
 134      FAC6AA21 
 134      0E8151FB 
 134      E7ADEF
 135 00b8 6B5AEF98 		.ascii	"kZ\357\230m'mo\375\272\260\017;B`\012\202\200\270\217"
 135      6D276D6F 
 135      FDBAB00F 
 135      3B42600A 
 135      8280B88F 
 136 00cc 1E4CA287 		.ascii	"\036L\242\207\321\020\303\003\364\312\377?\334\255e"
 136      D110C303 
 136      F4CAFF3F 
 136      DCAD65
 137 00db F7EA9ADB 		.ascii	"\367\352\232\333\364\211\207\320\031\250q\273\022\360"
 137      F48987D0 
 137      19A871BB 
 137      12F0
 138 00e9 EC5A3D63 		.ascii	"\354Z=c{\213c\250\037\017q9MP\245i\262\012\310J\227"
 138      7B8B63A8 
 138      1F0F7139 
 138      4D50A569 
 138      B20AC84A 
 139 00fe 6386AC4C 		.ascii	"c\206\254L( \033&\006\005i{\354\234\340\262\225\362"
 139      28201B26 
 139      0605697B 
 139      EC9CE0B2 
 139      95F2
 140 0110 D81724A7 		.ascii	"\330\027$\247?o\315B\242\363\202\223\323\\\272\270l"
 140      3F6FCD42 
 140      A2F38293 
 140      D35CBAB8 
 140      6C
 141 0121 48FD4269 		.ascii	"H\375Bi\236)\226\347t\027W\007)\011aG\004\362\204+\220"
 141      9E2996E7 
 141      74175707 
 141      29096147 
 141      04F2842B 
 142 0136 4E69AB66 		.ascii	"Ni\253f\336\274\017Z7m\337$0\015\027Y\225\034<\202\245"
ARM GAS  /tmp/ccWWrBD5.s 			page 11


 142      DEBC0F5A 
 142      376DDF24 
 142      300D1759 
 142      951C3C82 
 143 014b D80B477D 		.ascii	"\330\013G}\262h\213\342\377\240\2168B\307\214\242\310"
 143      B2688BE2 
 143      FFA08E38 
 143      42C78CA2 
 143      C8
 144 015c 30F1B849 		.ascii	"0\361\270I9\346S\264]\011\322\361\244\205z\252P\251"
 144      39E653B4 
 144      5D09D2F1 
 144      A4857AAA 
 144      50A9
 145 016e DCD084E1 		.ascii	"\334\320\204\341\263h\242 \242\344WGT\374;\227\350\265"
 145      B368A220 
 145      A2E45747 
 145      54FC3B97 
 145      E8B5
 146 0180 B8CF6011 		.ascii	"\270\317`\021\313\317\343v3\217\355Q\235\023WT<.y\317"
 146      CBCFE376 
 146      338FED51 
 146      9D135754 
 146      3C2E79CF 
 147 0194 FD90AB23 		.ascii	"\375\220\253#W\2146\232\3343L\241\364\216\250\027\255"
 147      578C369A 
 147      DC334CA1 
 147      F48EA817 
 147      AD
 148 01a5 359895D2 		.ascii	"5\230\225\322\270/\255\326\224f\354R\332\\\213W\332"
 148      B82FADD6 
 148      9466EC52 
 148      DA5C8B57 
 148      DA
 149 01b6 9134A323 		.ascii	"\2214\243#j\276\025\345\202\224\246K\332\217O\365tW"
 149      6ABE15E5 
 149      8294A64B 
 149      DA8F4FF5 
 149      7457
 150 01c8 3B5CF77F 		.ascii	";\\\367\177\205\031x\251h\352X\274\202\365\367\3065"
 150      851978A9 
 150      68EA58BC 
 150      82F5F7C6 
 150      35
 151 01d9 C0B048B3 		.ascii	"\300\260H\263\024}\264\024l\320\377\330M\265\261\013"
 151      147DB414 
 151      6CD0FFD8 
 151      4DB5B10B 
 152 01e9 85AF6F8D 		.ascii	"\205\257o\215\304\266m\322\200+\327\222\306&S\233\027"
 152      C4B66DD2 
 152      802BD792 
 152      C626539B 
 152      17
 153 01fa 4324008E 		.ascii	"C$\000\216\330\203%\272\006\312\015\347S\245\265_\246"
 153      D88325BA 
 153      06CA0DE7 
 153      53A5B55F 
ARM GAS  /tmp/ccWWrBD5.s 			page 12


 153      A6
 154 020b EFDCDDEF 		.ascii	"\357\334\335\357\210.,+\357t\227H\353\326j*\315\033"
 154      882E2C2B 
 154      EF749748 
 154      EBD66A2A 
 154      CD1B
 155 021d D698DC1F 		.ascii	"\326\230\334\037\257aeiS\220\264\025%\355\335\374\304"
 155      AF616569 
 155      5390B415 
 155      25EDDDFC 
 155      C4
 156 022e 0D754568 		.ascii	"\015uEh\250S\331\207\012q\277!\351\326\257\251eQ\327"
 156      A853D987 
 156      0A71BF21 
 156      E9D6AFA9 
 156      6551D7
 157 0241 C93089A0 		.ascii	"\3110\211\240CI\371\351\216D,\3779\331o\305\342V\177"
 157      4349F9E9 
 157      8E442CFF 
 157      39D96FC5 
 157      E2567F
 158 0254 2C6A454F 		.ascii	",jEO\014\304#Q&\006\342\247~\003\014@{("
 158      0CC42351 
 158      2606E2A7 
 158      7E030C40 
 158      7B28
 159              		.text
 160              		.section	.gnu.lto_.symbol_nodes.c45ca7a30e731de9,"",%progbits
 161 0000 789C6363 		.ascii	"x\234cc``p\000b\006\246[\214\365\014\014\023\31610\000"
 161      60607000 
 161      6206A65B 
 161      8CF50C0C 
 161      13CE3130 
 162 0015 A95D0D8E 		.ascii	"\251]\015\216\014\014\254w\031\031\024@2\267\031\353"
 162      0C0CAC77 
 162      19191440 
 162      32B719EB 
 163 0025 19516498 		.ascii	"\031Qd\230\3560\3263\241\2100\000\000\001\273\017l"
 163      EE30D633 
 163      A1883000 
 163      0001BB0F 
 163      6C
 164              		.text
 165              		.section	.gnu.lto_.refs.c45ca7a30e731de9,"",%progbits
 166 0000 789C1587 		.ascii	"x\234\025\207\261\021\000 \014\204\340\315\245q\004"
 166      B1110020 
 166      0C84E0CD 
 166      A57104
 167 000f 3BF71F52 		.ascii	";\367\037RS\000G\003\367\323\250q\224\351\322J\260\364"
 167      53004703 
 167      F7D3A871 
 167      94E9D24A 
 167      B0F4
 168 0021 CC6C1E0A 		.ascii	"\314l\036\012\300\000\201"
 168      C00081
 169              		.text
 170              		.section	.gnu.lto_.decls.c45ca7a30e731de9,"",%progbits
ARM GAS  /tmp/ccWWrBD5.s 			page 13


 171 0000 789CBD5A 		.ascii	"x\234\275Z{P\224Yv\357\373\335~\3214`\220\235r&T\355"
 171      7B509459 
 171      76EFFBDD 
 171      7ED13460 
 171      909D7226 
 172 0016 D484D9E9 		.ascii	"\324\204\331\351dKQ\307\231q7\233TR\263\251\235\315"
 172      644B51C7 
 172      9971379B 
 172      5452B3A9 
 172      9DCD
 173 0028 6636559B 		.ascii	"f6U\233I*\251\255\244\227i{\224\031^\3334\352T\376\330"
 173      492AA9AD 
 173      A497697B 
 173      94195EDB 
 173      34EA54FE 
 174 003d 8F872082 		.ascii	"\217\207 \202\002\212O@@\360\201/PQDA\300\007OA\021"
 174      028A4F40 
 174      40F0812F 
 174      50514441 
 174      C0074F41 
 175 0052 454079AA 		.ascii	"E@y\252\210( \370@@%\347>\272\277\257\233\257\035\377"
 175      882820F8 
 175      404025E7 
 175      3EBABFAF 
 175      9BAF1DFF 
 176 0066 D9B41EBE 		.ascii	"\331\264\036\276>\367;\367\374\3169\367\334s\357\375"
 176      3EF73BF7 
 176      FCCE39F7 
 176      DC73EFFD 
 177 0076 BED6AA54 		.ascii	"\276\326\252T\252\027?U\251\226hU\252t\244R\315\302"
 177      AA173F55 
 177      A9966855 
 177      AA74A452 
 177      CDC2
 178 0088 470D6D35 		.ascii	"G\015m5@\344\332\005t\231\363f\025\373`\240;@\303@\243"
 178      40E4DA05 
 178      7499F366 
 178      15FB60A0 
 178      3B40C340 
 179 009d 4088340A 		.ascii	"@\2104\012*\227O\0354z\301\365\017\344>\334\233\005"
 179      2A974F1D 
 179      347AC1F5 
 179      0FE43EDC 
 179      9B05
 180 00af FE0A62FA 		.ascii	"\376\012b\372\004\201\351\374\210\313i\340\372\034\256"
 180      0481E9FC 
 180      88CB69E0 
 180      FA1CAE
 181 00be CD408D40 		.ascii	"\315@\215@\227\201\352\021\323{\307\203\376\033\320"
 181      9781EA11 
 181      D37BC783 
 181      FE1BD0
 182 00cd 68E4FAFD 		.ascii	"h\344\372\375\201\002\024l%\372o\270\341\353\201\357"
 182      8102146C 
 182      25FA6FB8 
 182      E1EB81EF 
 183 00dd 006A9761 		.ascii	"\000j\227a\336\202\357=@\235*\206\215\270o\004\322["
ARM GAS  /tmp/ccWWrBD5.s 			page 14


 183      DE82EF3D 
 183      409D2A86 
 183      8DB86F04 
 183      D25B
 184 00ef 988BDD0D 		.ascii	"\230\213\335\015\002\336\012\330\016<\207\015r\\\010"
 184      02DE0AD8 
 184      0E3C870D 
 184      725C08
 185 00fe AF0B8E03 		.ascii	"\257\013\216\003\337\2017\312a\374\025\36021jM(\311"
 185      DF8137CA 
 185      61FC15F0 
 185      32316A4D 
 185      28C9
 186 0110 C62918F9 		.ascii	"\306)\030\371\033\220\032\330\361\346]w|\201\0150\240"
 186      1B901AD8 
 186      F1E65D77 
 186      7C810D30 
 186      A0
 187 0121 F781BDF6 		.ascii	"\367\201\275\366\370r\2167\273;\017\330]g\2376j\030"
 187      F8728E37 
 187      BB3B0FD8 
 187      5D679F36 
 187      6A18
 188 0133 AB0736BD 		.ascii	"\253\0076\275*\257R\207\005D\364\274\232\311\021\325"
 188      2AAF5287 
 188      0544F4BC 
 188      9AC911D5 
 189 0143 D840BF4F 		.ascii	"\330@\277OU\034\210\363]tXd\037\375\277\250\320i\204"
 189      551C88F3 
 189      5D745864 
 189      1FFDBFA8 
 189      D06984
 190 0156 1D80470F 		.ascii	"\035\200G\017\317\224\030\324`\0102\033Q\204\2324]\232"
 190      CF9418D4 
 190      6008321B 
 190      51849A34 
 190      5D9A
 191 0168 9DACF663 		.ascii	"\235\254\366cj\005\031h\000\003\315\333\225R\342\263"
 191      6A051968 
 191      0003CDDB 
 191      9552E2B3 
 192 0178 601B5195 		.ascii	"`\033Q\225\036/\316\023\320\037\336A\025(\020\235E\201"
 192      1E2FCE13 
 192      D01FDE41 
 192      1528109D 
 192      4581
 193 018a A0A4122D 		.ascii	"\240\244\022-\200\277g\220\232i\317\213Mi\323\0307\210"
 193      80BF6790 
 193      9A69CF8B 
 193      4D69D318 
 193      3788
 194 019c 629C9817 		.ascii	"b\234\230\027/z}A\356\243R\220>A\245\317!#*G\213\230"
 194      2F7A7D41 
 194      EEA35290 
 194      3E41A5CF 
 194      21232A47 
 195 01b2 EC81B2CC 		.ascii	"\354\201\262\314C\336x!1Y(\235J\350\021\220\311\270"
ARM GAS  /tmp/ccWWrBD5.s 			page 15


 195      43DE7821 
 195      3159289D 
 195      4AE81190 
 195      C9B8
 196 01c4 8FC0544F 		.ascii	"\217\300TO&\006\307\256\023E\001\325\200|\025\302\274"
 196      2606C7AE 
 196      134501D5 
 196      807C15C2 
 196      BC
 197 01d5 0FE90E17 		.ascii	"\017\351\016\027\017\332Q52\271\002$u\325\324\372\340"
 197      0FDA5135 
 197      32B90224 
 197      75D5D4FA 
 197      E0
 198 01e6 DFD39874 		.ascii	"\337\323\230t\327\027\035\"q\376\310\200\310L\360\203"
 198      D7171D22 
 198      71FEC880 
 198      C84CF083 
 199 01f6 A6E247E5 		.ascii	"\246\342G\345S>\254\211H\\K\233(\324\341\025\324\234"
 199      533EAC89 
 199      485C4B9B 
 199      28D4E115 
 199      D49C
 200 0208 DECE99DB 		.ascii	"\336\316\231\333\276\310`Z\357\204RI8u\200\003}\010"
 200      BEC8605A 
 200      EF845249 
 200      38758003 
 200      7D08
 201 021a 0CBA088D 		.ascii	"\014\272\010\215\027\240\221\331=\233\363\367;'D\361"
 201      17A091D9 
 201      3D9BF3F7 
 201      3B2744F1 
 202 022a 7D548B0C 		.ascii	"}T\213\014\350\222d\367G\006fPQa\306\036-\236D\024\343"
 202      E89264F7 
 202      47066650 
 202      5161C61E 
 202      2D9E4414 
 203 023f 6CD6BD4B 		.ascii	"l\326\275K\202'\214F\217\030u\365\037\324\322\3304\000"
 203      82278C46 
 203      8F1875F5 
 203      1FD4D2D8 
 203      3400
 204 0251 46BD8401 		.ascii	"F\275\204\001\220\014$\355\344\255\227~\370%M\013a\335"
 204      900C24ED 
 204      E4AD977E 
 204      F8254D0B 
 204      61DD
 205 0263 95530F3C 		.ascii	"\225S\017<\2024{\004\231\034|\357\240(\316C\227\001"
 205      82347B04 
 205      991C7CEF 
 205      A028CE43 
 205      9701
 206 0275 A349C268 		.ascii	"\243I\302hp`\364\247\0164\"\234\210i\340\306\237o\351"
 206      7060F4A7 
 206      0E34229C 
 206      8869E0C6 
 206      9F6FE9
ARM GAS  /tmp/ccWWrBD5.s 			page 16


 207 0288 F3C39B18 		.ascii	"\363\303\233\030S]z\346\204\021o\343w^\346\224y\261"
 207      535D7AE6 
 207      84116FE3 
 207      775EE694 
 207      79B1
 208 029a C40A2039 		.ascii	"\304\012 9\332\233\236\256c\211\225\207\200\177\322"
 208      DA9B9EAE 
 208      63899587 
 208      807FD2
 209 02a9 D09BEC8D 		.ascii	"\320\233\354\215\367\363\2163\247o\031\361Q\312\030"
 209      F7F38E33 
 209      A76F19F1 
 209      51CA18
 210 02b8 BABA7727 		.ascii	"\272\272w'\032\320\374 SP\2201\3104?(\203f\037\020\344"
 210      1AD0FC20 
 210      53509031 
 210      C8343F28 
 210      83661F10 
 211 02cd 19BA06A6 		.ascii	"\031\272\006\246\266\022\373o\202\375\335h>\261\016"
 211      B612FB6F 
 211      82FDDD68 
 211      3EB10E
 212 02dc DD86EFB7 		.ascii	"\335\206\357\267P\020\352\004\352\001j\007\352@A4\353"
 212      5010EA04 
 212      EA016A07 
 212      EA404134 
 212      EB
 213 02ed F710E7AB 		.ascii	"\367\020\347\253'\307~\321=1$\212\233\2154\255\312\300"
 213      27C77ED1 
 213      3D31248A 
 213      9B8D34AD 
 213      CAC0
 214 02ff 2DD2D919 		.ascii	"-\322\331\031\215S4CK\311_G\024\366-\315H&\241\276\001"
 214      8D533443 
 214      4BC95F47 
 214      14F62DCD 
 214      4826A1BE 
 215 0314 72D7A530 		.ascii	"r\327\2450@7\231\326\240\236\247L+\314\2476w\245'\251"
 215      403799D6 
 215      A09EA74C 
 215      2BCCA736 
 215      77A527A9 
 216 0328 D225814E 		.ascii	"\322%\201N\371\341\377\336%V'`\324\005&\264\270K\007"
 216      F9E1FFDE 
 216      25562760 
 216      D40526B4 
 216      B84B07
 217 033b 4B16C892 		.ascii	"K\026\310\222\374\206LDE:J>\015\310\264]Q\324\266Dr"
 217      FC864C44 
 217      453A4A3E 
 217      0DC8B45D 
 217      51D4B644 
 218 0350 A7A77B5E 		.ascii	"\247\247{^,D\220\232\317]!\037\345\330^\345\332\336"
 218      2C44909A 
 218      CF5D211F 
 218      E5D85EE5 
 218      DADE
ARM GAS  /tmp/ccWWrBD5.s 			page 17


 219 0362 2EB6CFBB 		.ascii	".\266\317\273\375\013\342\305\372\3054a\316+G\226ZB"
 219      FD0BE2C5 
 219      FAC53461 
 219      CE2B4796 
 219      5A42
 220 0374 2C85C13E 		.ascii	",\205\301>SSY\345\335\013R\244\016\315\243\212\020b"
 220      535359E5 
 220      DD0B52A4 
 220      0ECDA38A 
 220      1062
 221 0386 7FE14A88 		.ascii	"\177\341J\210\362\263\216\017b\355\244\362\262\013\027"
 221      F2B38E0F 
 221      62EDA4F2 
 221      B20B17
 222 0395 258CA30B 		.ascii	"%\214\243\013r\266\010\\\207\340\320K\377s\005H\256"
 222      72B6085C 
 222      87E0D04B 
 222      FF730548 
 222      AE
 223 03a6 95DD6770 		.ascii	"\225\335gp\216\017[\227\330\027Y?\326$H`\262.slU9o;"
 223      8E0F5B97 
 223      D817593F 
 223      D6244860 
 223      B22E736C 
 224 03be 8D929C44 		.ascii	"\215\222\234D\274\022\337x\224z\324\330\007\021U\241"
 224      BC12DF78 
 224      947AD4D8 
 224      071155A1 
 225 03ce FF82355A 		.ascii	"\377\2025Z\037N\347Ab\301\300\264/\356e\223\342p\352"
 225      1F4EE741 
 225      62C1C0B4 
 225      2FEE6593 
 225      E270EA
 226 03e1 6CA6C663 		.ascii	"l\246\306c\355\035\240\2657\202\227\336\346+\251q\350"
 226      ED1DA0B5 
 226      378297DE 
 226      E62BA971 
 226      E8
 227 03f2 833C31AF 		.ascii	"\203<1\257\017\212\304\253e\367KE\021\352\204\250&b"
 227      0F8AC4AB 
 227      65F74B45 
 227      11EA84A8 
 227      2662
 228 0404 A85FCADE 		.ascii	"\250_\312\336~\262\026\240>\370\207z\341\237\012\335"
 228      7EB216A0 
 228      3EF8877A 
 228      E19F0ADD 
 229 0414 411F40F7 		.ascii	"A\037@\367\222\312\204+:\034\257F\036\026\211\303Y%"
 229      92CA842B 
 229      3A1CAF46 
 229      1E1689C3 
 229      5925
 230 0426 0F7C6913 		.ascii	"\017|i\023\231=\367\020m|8y\354\237i\033\031\367A\326"
 230      993DF710 
 230      6D7C3879 
 230      EC9F691B 
 230      19F741D6 
ARM GAS  /tmp/ccWWrBD5.s 			page 18


 231 043a 362E4EDC 		.ascii	"6.N\334e\202$+\357\263\306\314\247\207w\250=:\362\200"
 231      6582242B 
 231      EFB3C6CC 
 231      A78777A8 
 231      3D3AF280 
 232 044e 3A32E458 		.ascii	":2\344XDnT\015\265\352\301\223>\360d\372/!\303\343D"
 232      446E540D 
 232      B5EAC193 
 232      3EF064FA 
 232      2F21C3E3 
 233 0463 320B410A 		.ascii	"2\013A\012\335\225\374\270\353\356\3070\365c`\250rX"
 233      DD95FCB8 
 233      EBEEC730 
 233      F56360A8 
 233      7258
 234 0475 8F37313F 		.ascii	"\21771?.\247\245\337\224la\216\324M^\275\252\367h\312"
 234      2EA7A5DF 
 234      946C618E 
 234      D44D5EBD 
 234      AAF768CA 
 235 0489 0835E591 		.ascii	"\0105\345\221\303\224\324\203\231\243~\334\224\306E"
 235      C394D483 
 235      99A37EDC 
 235      94C645
 236 0498 4E53400A 		.ascii	"NS@\012=\224Ly\350n\312(5\345\346\323\311\363\006\234"
 236      3D944C79 
 236      E86ECA28 
 236      35E5E6D3 
 236      C9F3069C 
 237 04ac C54C3997 		.ascii	"\305L9\227Y\274\303\207\325\302\253d\225m\234\314\250"
 237      59BCC387 
 237      D5C2AB64 
 237      956D9CCC 
 237      A8
 238 04bd F461C550 		.ascii	"\364a\305P\374\021\360\353\373\223\332\014\354\376\013"
 238      FC11F0EB 
 238      FB93DA0C 
 238      ECFE0B
 239 04cc 225F9A98 		.ascii	"\"_\232\230\333\314\227\376\016R,\317\276\312+S3\371"
 239      DBCC97FE 
 239      0E522CCF 
 239      BECA2B53 
 239      33F9
 240 04de 6A1FC297 		.ascii	"j\037\302\227U\324\362\275\300b`\263{\317\367\360R{"
 240      55D4F2BD 
 240      C06260B3 
 240      7BCFF7F0 
 240      527B
 241 04f0 91743FD5 		.ascii	"\221t?\325\233\231l\344\265\226l,\266\0156Ox\341\335"
 241      9B996CE4 
 241      B5966C2C 
 241      B60D364F 
 241      78E1DD
 242 0503 CC96B2D1 		.ascii	"\314\226\262\321Ce\334\226j\272\022\017fo22~9Y7\343"
 242      4365DC96 
 242      6ABA120F 
 242      666F3232 
ARM GAS  /tmp/ccWWrBD5.s 			page 19


 242      7E395937 
 243 0518 A76FAA71 		.ascii	"\247o\252q\021\223\0253gr}p)e\204\261\370\254\275\036"
 243      11931533 
 243      67727D70 
 243      296584B1 
 243      F8ACBD1E 
 244 052c D7C5D71E 		.ascii	"\327\305\327\036\227\223\373i8\273 \215\344\342+\310"
 244      9793FB69 
 244      38BB208D 
 244      E4E22BC8 
 245 053c 93970A0B 		.ascii	"\223\227\012\013\312\355\261m\211Z<\316 \247N?\314\326"
 245      CAEDB16D 
 245      895A3CCE 
 245      20A74E3F 
 245      CCD6
 246 054e E219C634 		.ascii	"\342\031\3064\016dv\0138N\343bx\0007<g\246\364\2227"
 246      0E64760B 
 246      384EE362 
 246      7800373C 
 246      67A6F492 
 247 0563 DEC06E1E 		.ascii	"\336\300n\036\177\232\362.\336\314\276_\274\323V\257"
 247      7F9AF22E 
 247      DECCBE5F 
 247      BCD356AF 
 248 0573 C13B1993 		.ascii	"\301;\031\223r\"!_\215\0172\346\314\326\212\021=>\306"
 248      7222215F 
 248      8D0F32E6 
 248      CCD68A11 
 248      3D3EC6
 249 0586 989A579D 		.ascii	"\230\232W\235\331\006\\\303\230S\203\015\265\006>\""
 249      D9065CC3 
 249      9853830D 
 249      B5063E22 
 250 0596 24E22FF7 		.ascii	"$\342/\367^\351\320\343\006v35]\254\363\306\327\030"
 250      5EE9D0E3 
 250      06763335 
 250      5DACF3C6 
 250      D718
 251 05a8 539B9690 		.ascii	"S\233\226\220j\300\335\224\021\236\265>\332\251\365"
 251      6AC0DD94 
 251      119EB53E 
 251      DAA9F5
 252 05b7 14934D82 		.ascii	"\024\223M\202\247\230L\277\013[3\264Q0\240Tan<j\373"
 252      A7984CBF 
 252      0B5B33B4 
 252      5130A054 
 252      616E3C6A 
 253 05cc 5E4DF8E1 		.ascii	"^M\370\341\007\014n\335\306#\333\211aZ\266w\321A\323"
 253      070C6EDD 
 253      C623DB89 
 253      615AB677 
 253      D141D3
 254 05df DDC7D3A7 		.ascii	"\335\307\323\247\324\254\211h[Kb\261\363\3661_<\306"
 254      D4AC8968 
 254      5B4B62B1 
 254      F3F6315F 
 254      3CC6
ARM GAS  /tmp/ccWWrBD5.s 			page 20


 255 05f1 8C3AD776 		.ascii	"\214:\327v:\301\007\231\014\216}\311\247;\037\223}I"
 255      3AC10799 
 255      0C8E7DC9 
 255      A73B1F93 
 255      7D49
 256 0603 26C06D96 		.ascii	"&\300m\226\340\264\004m=\021q\267{\013\330\255\345v"
 256      E0B4046D 
 256      3D1171B7 
 256      7B0BD8AD 
 256      E576
 257 0615 67088128 		.ascii	"g\010\201(]\010$\226LL=.U\343)\206qb\313\313\035\276"
 257      5D082496 
 257      4C4C3D2E 
 257      55E32986 
 257      7162CBCB 
 258 062b 4E8CBAFA 		.ascii	"N\214\272\372\245'\351\276d;`l\2250\000\322\023\310"
 258      A527E9BE 
 258      643B606C 
 258      953000D2 
 258      13C8
 259 063d 3665909B 		.ascii	"6e\220\233\251m\267\2648VKA\312\232n\317`'\010$R\016"
 259      A96DB7B4 
 259      38564B41 
 259      CA9A6ECF 
 259      60270824 
 260 0653 4BA45D80 		.ascii	"K\244]\200\262CB\331\356\031e\2472J\326\223\356\007"
 260      B24342D9 
 260      EE1965A7 
 260      324AD693 
 260      EE07
 261 0665 7CC298C8 		.ascii	"|\302\230\310\256\351I\306M\015N\322\262}\013\337\205"
 261      AEE949C6 
 261      4D0D4ED2 
 261      B27D0BDF 
 261      85
 262 0676 FBB35D78 		.ascii	"\373\263]xN\332\215S\030of\367\222\017'\327\372\342"
 262      4EDA8D53 
 262      186F66F7 
 262      920F27D7 
 262      FAE2
 263 0688 6CC6ECA9 		.ascii	"l\306\354\251:\373H\207\017\363^\355qw\014\370,c\372"
 263      3AFB4887 
 263      0FF35EED 
 263      71770CF8 
 263      2C63FA
 264 069b 6FD795F8 		.ascii	"o\327\225\370\342*\306\234\235\314:\353\207k\031\323"
 264      E22AC69C 
 264      9DCC3AEB 
 264      876B19D3 
 265 06ab 7C6776C2 		.ascii	"|gv\302\200\233\031\323\032\233\017\331x\235\367\021"
 265      809B19D3 
 265      1A9B0FD9 
 265      789DF711 
 266 06bb 67761A71 		.ascii	"gv\032q\027s<\353\374\236\023\202\323\361\306\367H\266"
 266      17733CEB 
 266      FC9E1382 
 266      D3F1C6F7 
ARM GAS  /tmp/ccWWrBD5.s 			page 21


 266      48B6
 267 06cd 1C00A7F7 		.ascii	"\034\000\247\367\275\225\323\373\225\235n\031\337\000"
 267      BD95D3FB 
 267      959D6E19 
 267      DF00
 268 06db 7BC33E06 		.ascii	"{\303>\006\227\262ud\237/\036b\314\314Pf'b.\223\005"
 268      97B27564 
 268      9F2F1E62 
 268      CCCC5066 
 268      27622E93 
 269 06f0 3AEE6C67 		.ascii	":\356lg\206\037\233\013}4\037\257\344=\321\343gL\266"
 269      861F9B0B 
 269      7D341FAF 
 269      E43DD1E3 
 269      674CB6
 270 0703 3C633318 		.ascii	"<c3\030=\303\230\236\035)g\275\361&\035+ri\023\247\275"
 270      3DC3989E 
 270      1D2967BD 
 270      F1261D2B 
 270      726913A7 
 271 0718 F056C624 		.ascii	"\360V\306$\275\030(\361\303\273\031\343(1\001\254\304"
 271      BD1828F1 
 271      C3BB19E3 
 271      283101AC 
 271      C4
 272 0729 8C26DCEB 		.ascii	"\214&\334\353\343\325m\001\260G\366\225\307y\343\275"
 272      E3D56D01 
 272      B047F695 
 272      C779E3BD 
 273 0739 4CB478DD 		.ascii	"L\264x\335\335\"=\334\013\204tG\262}z \333\247\227V"
 273      DD223DDC 
 273      0B847447 
 273      B27D7A20 
 273      DBA79756 
 274 074d 3F39A2C6 		.ascii	"?9\242\306\305TV8v\344\356\267\2624_\264.\211\244`9"
 274      C5545638 
 274      76E4EEB7 
 274      B2345FB4 
 274      2E89A460 
 275 0762 C4A94C8A 		.ascii	"\304\251L\212S \017\023\324\356\002\021/P\241\217\003"
 275      53200F13 
 275      D4EE0211 
 275      2F50A18F 
 275      03
 276 0773 D16208D2 		.ascii	"\321b\010\322i\010R \017\322)\010\322I\026\244\242\334"
 276      69085220 
 276      0FD22908 
 276      D24916A4 
 276      A2DC
 277 0785 03177D70 		.ascii	"\003\027}p9\003\35092\326\202eI\376\301\011\232\344"
 277      3903E839 
 277      32D68265 
 277      49FEC109 
 277      9AE4
 278 0797 15807046 		.ascii	"\025\200pFB(\027<@\234U\206X\177\352U\213/\256a\020"
 278      4228173C 
 278      409C5586 
ARM GAS  /tmp/ccWWrBD5.s 			page 22


 278      587FEA55 
 278      8B2FAE61 
 279 07ac EB6F1E6F 		.ascii	"\353o\036o\3229\012\210k\367*\205\356\316\231\220\305"
 279      D2390A88 
 279      6BF72A85 
 279      EECE9990 
 279      C5
 280 07bd 66C23930 		.ascii	"f\30290\245R2\245B\340%\304\261@\004\260\005\242\340"
 280      A55232A5 
 280      42E025C4 
 280      B14004B0 
 280      05A2E0
 281 07d0 FA85090D 		.ascii	"\372\205\011\015nb!\216\333\322v\330\013_c\370q\227"
 281      6E62218E 
 281      DBD276D8 
 281      0B5F63F8 
 281      7197
 282 07e2 D25B3DE0 		.ascii	"\322[=\340_\364\210\177\215\226\257\013\200}^\001\333"
 282      5FF4887F 
 282      8D96AF0B 
 282      807D5E01 
 282      DB
 283 07f3 31B902D8 		.ascii	"1\271\002\330\344\272x\240\274\307\007w1\354\224\324"
 283      E4BA78A0 
 283      BCC70777 
 283      31EC94D4 
 284 0803 D7C5180F 		.ascii	"\327\305\030\0170\354\221M\007\312\264\312\330\015\036"
 284      30EC914D 
 284      07CAB4CA 
 284      D80D1E
 285 0812 B1CF53EC 		.ascii	"\261\317S\354z\300\256S\300\256L\234\210\302\303\014"
 285      7AC0AE53 
 285      C0AE4C9C 
 285      88C2C30C 
 286 0822 ABF04271 		.ascii	"\253\360Bq\253\016O0\254\316gM[d3\212*i\006%M\356J\024"
 286      AB0E4F30 
 286      ACCE674D 
 286      5B64338A 
 286      2A690625 
 287 083a 8CB9AC3C 		.ascii	"\214\271\254<\216\271\225\255Ej<\303\300n\274\250\234"
 287      8EB995AD 
 287      456A3CC3 
 287      C06EBCA8 
 287      9C
 288 084b 36E2383D 		.ascii	"6\3428=a\324\207\343\017>V#S \202\031\211\030$9\213"
 288      61D487E3 
 288      0F3E5623 
 288      53208219 
 288      89182439 
 289 0860 AB501B20 		.ascii	"\253P\033 ^\021\260\343\021\300.\021\320\036\377\211"
 289      5E11B0E3 
 289      11C02E11 
 289      D01EFF89 
 290 0870 34C3773D 		.ascii	"4\303w=\275*\340_\005|r\013v\350\200\336\312\320\217"
 290      BD2AE05F 
 290      057C720B 
 290      76E880DE 
ARM GAS  /tmp/ccWWrBD5.s 			page 23


 290      CAD08F
 291 0883 65D74F79 		.ascii	"e\327Oy\031\270\364\372\037\222\356\1771{\321(?\232"
 291      19B8F4FA 
 291      1F92EE7F 
 291      317BD128 
 291      3F9A
 292 0895 5F074BA4 		.ascii	"_\007K\244s\305\015\301\310\367\245\271\035\345=j\234"
 292      73C50DC1 
 292      C8F7A5B9 
 292      1DE53D6A 
 292      9C
 293 08a6 44FD4077 		.ascii	"D\375@w\304\013m\002Nc\314\221\202\236\275^x;c*\273"
 293      C40B6D02 
 293      4E63CC91 
 293      829EBD5E 
 293      783B632A 
 294 08bb 360FF9E0 		.ascii	"6\017\371\340\034\306\364\034}]\241\305\371\214\311"
 294      1CC6F41C 
 294      7D5DA1C5 
 294      F98CC9
 295 08ca BD3D7E44 		.ascii	"\275=~D\207\013)#\264\317\016\015AM1\311\200a\303\345"
 295      870B2923 
 295      B4CF0E0D 
 295      414D31C9 
 295      8061C3E5 
 296 08de 2C54DD60 		.ascii	",T\335`\252\331qfg#3\266Q\323|'\211\244\366m\301\210"
 296      AAD97166 
 296      672333B6 
 296      51D37C27 
 296      89A4F66D 
 297 08f4 6E49A363 		.ascii	"nI\243c62\003\373\342j\333\364\270\215\201\215\217^"
 297      363203FB 
 297      E26ADBF4 
 297      B88D818D 
 297      8F5E
 298 0906 7FE9836F 		.ascii	"\177\351\203o2F\234:\327\245\305\267\030sk\353\213>"
 298      32469C3A 
 298      D7A5C5B7 
 298      18736BEB 
 298      8B3E
 299 0918 2FDCC398 		.ascii	"/\334\303\230\372\033)Uj\334\317\230\375M}\242\006\337"
 299      FA1B2955 
 299      6ADCCF98 
 299      FD4D7DA2 
 299      06DF
 300 092a 654CC586 		.ascii	"eL\305\206\246\227z|\2371\273\316$\305\031\3600c\016"
 300      A6977A7C 
 300      9F31BBCE 
 300      24C519F0 
 300      30630E
 301 093d CD3E4933 		.ascii	"\315>I3\342\021\306\274\250h\335#\260\212\025\004\354"
 301      E211C6BC 
 301      A868DD23 
 301      B08A1504 
 301      EC
 302 094e C1EA947A 		.ascii	"\301\352\224z\314\367W\260\235\363\276\274\3562D,\210"
 302      CCF757B0 
ARM GAS  /tmp/ccWWrBD5.s 			page 24


 302      9DF3BEBC 
 302      EE32442C 
 302      88
 303 095f 7DE6C3B9 		.ascii	"}\346\303\271\225\035\214\256\344jv\027m\330(\346\235"
 303      951D8CAE 
 303      E46A7617 
 303      6DD828E6 
 303      9D
 304 0970 47D49B1E 		.ascii	"G\324\233\036\360\346\261 ;\033\235\020\2443\037\353"
 304      F0E6B120 
 304      3B1B9D10 
 304      A4331FEB 
 305 0980 32FD053B 		.ascii	"2\375\005;\323\021\361{\356\342\301n\307\311\363\277"
 305      D311F17B 
 305      EEE2C16E 
 305      C7C9F3BF 
 306 0990 9684EF2A 		.ascii	"\226\204\357*\012\313U_\223I\017\270K\313\317\277\374"
 306      0ACB555F 
 306      93490FB8 
 306      4BCBCFBF 
 306      FC
 307 09a1 742913EF 		.ascii	"t)\023\357s\027?9G|Z&\336\345.\236#\270\037\204e\322"
 307      73173F39 
 307      477C5A26 
 307      DEE52E9E 
 307      23B81F84 
 308 09b7 BDCA51A1 		.ascii	"\275\312Q\241\322.\307\323!H\347\373p\017\015\362\036"
 308      D22EC7D3 
 308      2148E7FB 
 308      700F0DF2 
 308      1E
 309 09c8 E4783A0E 		.ascii	"\344x:\016)4,\004\241\207@O\200\036\001M\000\215\000"
 309      29342C04 
 309      A187404F 
 309      801E014D 
 309      008D00
 310 09db 8D013D00 		.ascii	"\215\001=\000\032\025\330q\225e\330\3409v\022\006\015"
 310      1A15D871 
 310      9565D8E0 
 310      39761206 
 310      0D
 311 09ec F2933033 		.ascii	"\362\22303\254\247\301\177\017=\313\022\313\372\225"
 311      ACA7C17F 
 311      0F3DCB12 
 311      CBFA95
 312 09fb DD96F9D1 		.ascii	"\335\226\371\321(\363\343\216rL\2514\331G\014\214\214"
 312      28F3E38E 
 312      724CA934 
 312      D9470C8C 
 312      8C
 313 0a0c BA3C1C93 		.ascii	"\272<\034\223\313\252\320S\347\014,\233\035~\254\301"
 313      CBAAD053 
 313      E70C2C9B 
 313      1D7EACC1 
 314 0a1c 055E24F1 		.ascii	"\005^$\361\360\261\207'\017\370\221g!\031|\241\247\221"
 314      F0B18727 
 314      0FF89167 
ARM GAS  /tmp/ccWWrBD5.s 			page 25


 314      21197CA1 
 314      A791
 315 0a2e 70423C03 		.ascii	"pB<\003\314\347<\022/ \022\223\202\374`\016si\327\275"
 315      CCE73C12 
 315      2F201293 
 315      82FC600E 
 315      7369D7BD 
 316 0a42 14967FA0 		.ascii	"\024\226\177\240\037uri\217\017\011Z\212Xh\236\273\206"
 316      1F757269 
 316      8F0F095A 
 316      8A58689E 
 316      BB86
 317 0a54 86EC906E 		.ascii	"\206\354\220n\327\014\013\370\0205\012=\034<\324.\340"
 317      D70C0BF8 
 317      10350A3D 
 317      1C3CD42E 
 317      E0
 318 0a65 E38CA96D 		.ascii	"\343\214\251m\235=\347\205+\030sb\266(\021\343\213\224"
 318      9D3DE785 
 318      2B187362 
 318      B62811E3 
 318      8B94
 319 0a77 F9BBCAC6 		.ascii	"\371\273\312\306\221\016b\273q~\320\374 \362\027\376"
 319      910E62BB 
 319      717ED0FC 
 319      20F217FE 
 320 0a87 0791EF26 		.ascii	"\007\221\357&\370\260\231b\012\012\010\242\267\202L"
 320      F8B09962 
 320      0A0A08A2 
 320      B7824C
 321 0a96 41462369 		.ascii	"AF#i4\005I\037\223\007\257s\301\217W\334\353\235\330"
 321      3405491F 
 321      9307AF73 
 321      C18F57DC 
 321      EB9DD8
 322 0aa9 845E0BAE 		.ascii	"\204^\013\256\217z\202\216\362\2072\263\340t\002\027"
 322      8F7A828E 
 322      F28732B3 
 322      E0740217 
 323 0ab9 56705A36 		.ascii	"VpZ6\030\"\226\017\006\351\307\334wI\300I\020xNT\224"
 323      1822960F 
 323      06E9C7DC 
 323      7749C049 
 323      10784E54 
 324 0ace 03681C66 		.ascii	"\003h\034f\006\234\206\357e8\010\235\002:\011T\012t"
 324      069C86EF 
 324      6538089D 
 324      023A0954 
 324      0A74
 325 0ae0 02E838D0 		.ascii	"\002\3508\3201\240\022\240b\240\243@G\200\262\200\266"
 325      31A012A0 
 325      62A0A340 
 325      4780B280 
 325      B6
 326 0af1 036D03DA 		.ascii	"\003m\003\332\012\224\011\224\000\024\017\024\213\345"
 326      0A940994 
 326      00140F14 
ARM GAS  /tmp/ccWWrBD5.s 			page 26


 326      8BE5
 327 0aff 8E9CFF3D 		.ascii	"\216\234\377=K.\250\2203\340D\234\314D4\205\224\347"
 327      4B2EA890 
 327      33E0449C 
 327      CC443485 
 327      94E7
 328 0b11 88D3C469 		.ascii	"\210\323\304i\336\343\317kbK\027\177\364C\216v3\310"
 328      DEE3CF6B 
 328      624B177F 
 328      F4438E76 
 328      33C8
 329 0b23 CDC8E939 		.ascii	"\315\310\3519Ub\2643\200\311\257\3030:\312\362\356C"
 329      5562B433 
 329      80C9AFC3 
 329      303ACAF2 
 329      EE43
 330 0b35 93E83234 		.ascii	"\223\35024\320q\316s\253d\262&\023\005\033\300\351D"
 330      D071CE73 
 330      AB64B226 
 330      13051BC0 
 330      E944
 331 0b47 EEF46670 		.ascii	"\356\364fp:\005\014\336\000\224\344b\364\303r\315\353"
 331      3A050CDE 
 331      0094E462 
 331      F4C372CD 
 331      EB
 332 0b58 52514CD6 		.ascii	"RQL\326\242\365`\205\310\373(\226B\231\031\311.f\254"
 332      A2F56085 
 332      C8FB2896 
 332      429919C9 
 332      2E66AC
 333 0b6b 7F93195B 		.ascii	"\177\223\031[\000\372\207\315\030\330\217\305\302\005"
 333      00FA87CD 
 333      18D88FC5 
 333      C205
 334 0b79 34D76295 		.ascii	"4\327b\225mp\024\032\230\231\355\333u\2614\031RA,\236"
 334      6D70141A 
 334      9899EDDB 
 334      75B13419 
 334      52412C9E 
 335 0b8d 8BC701E0 		.ascii	"\213\307\001\340)\327\224v1\310y?\003\214\330\304\015"
 335      29D79476 
 335      31C8793F 
 335      038CD8C4 
 335      0D
 336 0b9e 4A87EF69 		.ascii	"J\207\357i`\314F\3546i\212e\223&\021\0206a\345\325D"
 336      60CC46EC 
 336      36698A65 
 336      93261110 
 336      3661E5D5 
 337 0bb3 19621DEF 		.ascii	"\031b\035\357\341\031\342|0Kg\307\244\234\253_V\211"
 337      E119E27C 
 337      304B67C7 
 337      A49CAB5F 
 337      5689
 338 0bc5 5E1F6595 		.ascii	"^\037e\225\010\204\344\225\310\361\206\340o\330\243"
 338      0884E495 
ARM GAS  /tmp/ccWWrBD5.s 			page 27


 338      C8F186E0 
 338      6FD8A3
 339 0bd4 59128C24 		.ascii	"Y\022\214$i\213@\204\235\373\210r\315T\0119\365&*i\030"
 339      698B4084 
 339      9DFB8872 
 339      CD540939 
 339      F5262A69 
 340 0be9 DCA6231B 		.ascii	"\334\246#\033@2\246\353\245\376\211Xz\264\373dly\007"
 340      4032A6EB 
 340      A5FE8958 
 340      7AB4FB64 
 340      6C7907
 341 0bfc 4B12724A 		.ascii	"K\022rJOq\237\177\317\\S\233\354K\377\223\271G\316\246"
 341      4F719F7F 
 341      CF5C539B 
 341      EC4BFF93 
 341      B947CEA6 
 342 0c10 69CAE2B2 		.ascii	"i\312\342\262\361\034\370Wi8\263\271\2643\226Y\202\233"
 342      F11CF857 
 342      6938B3B9 
 342      B4339659 
 342      829B
 343 0c22 F4C46F99 		.ascii	"\364\304o\231\356\035 \265\333]w\216\34066s\352\345"
 343      EE1D20B5 
 343      DB5D778E 
 343      E0363673 
 343      EAE5
 344 0c34 2E180FA5 		.ascii	".\030\017\245z\311bQ\313C\375JP\012\365\276\237\304"
 344      7AC96251 
 344      CB43FD4A 
 344      500AF5BE 
 344      9FC4
 345 0c46 D25013E8 		.ascii	"\322P\023\350<)TD\330a\035\344N\013\177\266\236\215"
 345      3C295444 
 345      D8611DE4 
 345      4E0B7FB6 
 345      9E8D
 346 0c58 0350BEB2 		.ascii	"\003P\276\262\201\324\235\315J\366\251h7b\334a0\356"
 346      81D49DCD 
 346      4AF6A968 
 346      3762DC61 
 346      30EE
 347 0c6a 1024CE41 		.ascii	"\020$\316A\240\"\240\275@\271@\273\201r\\\222i\372K"
 347      A022A0BD 
 347      40B940BB 
 347      81725C92 
 347      69FA4B
 348 0c7d 16113238 		.ascii	"\026\02128{\000\220h\360\270Oz}YVu\012~Hz\3427Lu\036"
 348      7B009068 
 348      F0B84F7A 
 348      7D595675 
 348      0A7E487A 
 349 0c96 08177A16 		.ascii	"\010\027z\026\226\225\206|\227\322\220\247P\032\016"
 349      9695867C 
 349      97D290A7 
 349      501A0E
 350 0ca5 C3D01E22 		.ascii	"\303\320\036\"[\227\203\2400\237O\223B\360\266\000<"
ARM GAS  /tmp/ccWWrBD5.s 			page 28


 350      5B9783A0 
 350      309F4F93 
 350      42F0B600 
 350      3C
 351 0cb6 DB237946 		.ascii	"\333#yF\022\267R3\306\243IN\374{y\007\317\245a\370\035"
 351      12B75233 
 351      C6A3494E 
 351      FC7B7907 
 351      CFA561F8 
 352 0ccb 52464822 		.ascii	"RFH\"\025qY\205\272\300\323>QC\322>\037+\354|&\307\226"
 352      15715985 
 352      BAC0D33E 
 352      5143D23E 
 352      1F2BEC7C 
 353 0ce2 37F20AB0 		.ascii	"7\362\012\260\017<?\362V\236\357\007I\311\363}\314s"
 353      0F3C3FF2 
 353      569EEF07 
 353      49C9F37D 
 353      CC73
 354 0cf4 0FCB2A3A 		.ascii	"\017\313*:\000\376J+\253c*\377U\015=S\023MG\245\374"
 354      00FE4A2B 
 354      AB632AFF 
 354      550D3D53 
 354      134D47A5 
 355 0d09 9AA5DB21 		.ascii	"\232\245\333!\347\273\233\006\351-K\361\033\307\217"
 355      E7BB9B06 
 355      E92D4BF1 
 355      1BC78F
 356 0d18 E473035F 		.ascii	"\344s\003_\223\310L,\371!\351\306/\244i{\314\2630\263"
 356      93C84C2C 
 356      F921E9C6 
 356      2FA4697B 
 356      CCB330B3 
 357 0d2c B6BD4A4B 		.ascii	"\266\275JK\342\0072s\3437X\351\037\037/\356XL\217\344"
 357      E2073273 
 357      E33758E9 
 357      1F1F2FEE 
 357      584C8FE4 
 358 0d40 A57C0EF0 		.ascii	"\245|\016\360#\031\333\321\036\027dI\366\213\035bu,"
 358      2319DBD1 
 358      1E176449 
 358      F68B1D62 
 358      752C
 359 0d52 A667E81A 		.ascii	"\246g\350\032%\341j\231p#\027&\207\336Z%\341K2\341\341"
 359      25E16A99 
 359      70231726 
 359      87DE5A25 
 359      E14B32E1 
 360 0d67 BF65C2E4 		.ascii	"\277e\302\344p\333\250$,_\217\333\317\360\231\001\007"
 360      70DBA824 
 360      2C5F8FDB 
 360      CFF09901 
 360      07
 361 0d78 40D4E23E 		.ascii	"@\324\342>qO\270o\333\273~&\225\360vw\351\271g\202k"
 361      714FB86F 
 361      DBBB7E26 
 361      95F07677 
ARM GAS  /tmp/ccWWrBD5.s 			page 29


 361      E9B96782 
 362 0d8d 32F19BCA 		.ascii	"2\361\233\312\342\362q+\347\343F\266\250\035\356\342"
 362      E2F2712B 
 362      E7E346B6 
 362      A81DEEE2 
 363 0d9d 730F28D3 		.ascii	"s\017(\323\313\231v\262\365\230R\026\227\231>z\232{"
 363      CB9976B2 
 363      F5985216 
 363      97993E7A 
 363      9A7B
 364 0daf EA58DEE2 		.ascii	"\352X\336\342<,o\334\323\345\256\213\325\\iyZ\234f\025"
 364      3C2C6FDC 
 364      D3E5AE8B 
 364      D55C6979 
 364      5A9C6615 
 365 0dc3 344E71B1 		.ascii	"4Nq\261\032\374\361\031\3626\225L\205\227R\202\307\321"
 365      1AFCF119 
 365      F236954C 
 365      85975282 
 365      C7D1
 366 0dd5 B506B6CC 		.ascii	"\265\006\266\314c\375\361\205~x#{\274\225\327\264\276"
 366      63FDF185 
 366      7E78237B 
 366      BC95D7B4 
 366      BE
 367 0de6 C50B6730 		.ascii	"\305\013g0\246$=6\026\343|\306\304\307\025\302\030\301"
 367      A6243D36 
 367      16E37CC6 
 367      C4C715C2 
 367      18C1
 368 0df8 D48A7FF3 		.ascii	"\324\212\177\363\001\036w\034+-\364E\260\267\336#&\304"
 368      011E771C 
 368      2B2DF445 
 368      B0B7DE23 
 368      26C4
 369 0e0a 93C9631A 		.ascii	"\223\311c\032\331\361\200N\236J\230b\025\030\243*e_"
 369      D9F1804E 
 369      9E4A9862 
 369      1518A32A 
 369      655F
 370 0e1c 94D78EB3 		.ascii	"\224\327\216\263\274\003)X\3250\201\317a\371\332\321"
 370      BC032958 
 370      D53081CF 
 370      61F9DAD1 
 371 0e2c FE88795E 		.ascii	"\376\210y^\205\335\017\014\375\311\317\212\325\370\020"
 371      85DD0F0C 
 371      FDC9CF8A 
 371      D5F810
 372 0e3b 355EA8A8 		.ascii	"5^\250\250\335t\335\033\231\346;\"\362)[S.\200\336\032"
 372      DD74DD1B 
 372      99E63B22 
 372      F2295B53 
 372      2E80DE1A 
 373 0e4f EC0C4915 		.ascii	"\354\014I\025\015\211\262\031\347\001Z\311\014\362\302"
 373      0D89B219 
 373      E7015AC9 
 373      0CF2C2
ARM GAS  /tmp/ccWWrBD5.s 			page 30


 374 0e5e 60C78364 		.ascii	"`\307\203d\037|\206\205io\315\363j\003\256aLm\313\325"
 374      1F7C8685 
 374      696FCDF3 
 374      6A03AE61 
 374      4C6DCBD5 
 375 0e72 5C0DEE60 		.ascii	"\\\015\356`\314\311\306\375\315Z\362\274$\376\255^\205"
 375      CCC9C6FD 
 375      CD5AF2BC 
 375      24FEAD5E 
 375      85
 376 0e83 6762EDC9 		.ascii	"gb\355\311\212\370\032\204\202\350\213hg0\207xm\256"
 376      8AF81A84 
 376      82E88B68 
 376      67308778 
 376      6DAE
 377 0e95 C33017C1 		.ascii	"\3030\027\301\366\006OI\252\2745\274\304\273\020?\232"
 377      F6064F49 
 377      AABC35BC 
 377      C4BB103F 
 377      9A
 378 0ea6 C08F66A8 		.ascii	"\300\217f\250\377\215@\227\201\352]V\270\347\275<a\035"
 378      FF8D4097 
 378      81EA5D56 
 378      B8E7BD3C 
 378      611D
 379 0eb8 2F8B1B3C 		.ascii	"/\213\033<$,\177\277\333\313F\242A\251\266\327\016\271"
 379      242C7FBF 
 379      DBCB46A2 
 379      41A9B6D7 
 379      0EB9
 380 0eca BDA155B0 		.ascii	"\275\241U\260Z6W\006\345\320W\024\241\035\247\332-\215"
 380      5A365706 
 380      E5D05714 
 380      A11DA7DA 
 380      2D8D
 381 0edc C78775F8 		.ascii	"\307\207u\370\016\033\346\235\303\243;\324h\276I\331"
 381      0E1BE69D 
 381      C3A33BD4 
 381      68BE49D9 
 382 0eec F5ABE0EE 		.ascii	"\365\253\340\356\017\271\316\023\244\366\343\330\024"
 382      0FB9CE13 
 382      A4F6E3D8 
 382      14
 383 0ef9 92205740 		.ascii	"\222 W@\274EJ\220\006\307\2349]9\262\224=\215\011$/"
 383      BC454A90 
 383      06C79C39 
 383      5D39B294 
 383      3D8D0924 
 384 0f0e 75BAC7AB 		.ascii	"u\272\307\253\371OV\372\310#\343\222\226M\331>x\212"
 384      F94F56FA 
 384      C823E392 
 384      964DD93E 
 384      788A
 385 0f20 0DFB96D7 		.ascii	"\015\373\226\327u\027tx\2261\225\325O\316\251q\2227"
 385      75177478 
 385      963195D5 
 385      4FCEA971 
ARM GAS  /tmp/ccWWrBD5.s 			page 31


 385      9237
 386 0f32 65765695 		.ascii	"evV\225\324a\234\306\230\261=\205C\002\336\312\230\214"
 386      D4619CC6 
 386      98B13D85 
 386      4302DECA 
 386      988C
 387 0f44 84BCFB7E 		.ascii	"\204\274\373~8\2331G2b\267\010\270\2201G\343\006.\351"
 387      389B3147 
 387      3262B708 
 387      B8903147 
 387      E3062EE9 
 388 0f58 F071CAE8 		.ascii	"\360q\312\350\2136\034\032U\323\247>\246\371\364\221"
 388      8B361C1A 
 388      55D3A73E 
 388      A6F9F491 
 389 0f68 0FDB0B0D 		.ascii	"\017\333\013\015O$\320\014!+r\007\030\337\247\274\""
 389      4F24D00C 
 389      212B7207 
 389      18DFA7BC 
 389      22
 390 0f79 F3917928 		.ascii	"\363\221y(+K\327\271\364\033Jj\327wR]\352r\027\237S"
 390      2B4BD7B9 
 390      F41B4A6A 
 390      D777525D 
 390      EA72179F 
 391 0f8e AFA7BF95 		.ascii	"\257\247\277\225\244o(+\227\225\261\332a\226B}\370\015"
 391      A46F282B 
 391      9795B1DA 
 391      6196427D 
 391      F80D
 392 0fa0 3F11C081 		.ascii	"?\021\300\201\250\025C\357N\256\216\214f/\214\346-\030"
 392      A81543EF 
 392      4EAE8E8C 
 392      662F8CE6 
 392      2D18
 393 0fb2 C57EA001 		.ascii	"\305~\240\001\240\036\240\333@\335.\011\335>,;+\336"
 393      A01EA0DB 
 393      40DD2E09 
 393      DD3E2C3B 
 393      2BDE
 394 0fc4 74B766CE 		.ascii	"t\267f\316\266f\200\333NV\203vei\026\030\362Bll\333"
 394      B66680DB 
 394      4E568376 
 394      65691618 
 394      F2426C6C 
 395 0fd9 0335AEA0 		.ascii	"\0035\256\240\303\"L\366\214\215\313\213\315O\373\351"
 395      C3224CF6 
 395      8C8DCB8B 
 395      CD4FFBE9 
 396 0fe9 6B817BD0 		.ascii	"k\201{\320\377\216\224K}R\261\231\343\333]\360\347m"
 396      FF8E944B 
 396      7D52B199 
 396      E3DB5DF0 
 396      E76D
 397 0ffb 7D03F4AB 		.ascii	"}\003\364\253O"
 397      4F
 398 1000 0B92B5B8 		.ascii	"\013\222\265\270\201eH\302\325\330\237\3436\366\375"
ARM GAS  /tmp/ccWWrBD5.s 			page 32


 398      816548C2 
 398      D5D89FE3 
 398      36F6FD
 399 100f FEFDFC4C 		.ascii	"\376\375\374L\376f\365=`\333+\267\225\013\006\351\215"
 399      FE66F53D 
 399      60DB2BB7 
 399      950B06E9 
 399      8D
 400 1020 0D69972A 		.ascii	"\015i\227*\370\003L\036\331\006\007\242!L\237\330\216"
 400      F8034C1E 
 400      D90607A2 
 400      214C9FD8 
 400      8E
 401 1031 EC6D394E 		.ascii	"\354m9N\236\242\233\014\350O\262\367 &\226\311\331\031"
 401      9EA29B0C 
 401      E84FB2F7 
 401      202696C9 
 401      D919
 402 1043 03DBBDF0 		.ascii	"\003\333\275\360\000\363x\347\263\322\031\347\213\331"
 402      00F378E7 
 402      B3D219E7 
 402      8BD9
 403 1051 9278F12F 		.ascii	"\222x\361/b\227\310Nf\243\340\201\211W\267\207\340\342"
 403      6297C84E 
 403      66A3E081 
 403      8957B787 
 403      E0E2
 404 1063 30967EB1 		.ascii	"0\226~\261\364\223\034\372\213\245\021(f\217\244\330"
 404      F4931CFA 
 404      8BA51128 
 404      668FA4D8 
 405 1073 98F8C3F4 		.ascii	"\230\370\303\364\244\204\003i\336x\204\201d\246\015"
 405      A4840369 
 405      DE788481 
 405      64A60D
 406 1082 DCD2C95F 		.ascii	"\334\322\311_\370\325\321}\3338t\035\223\272\216`\347"
 406      F8D5D17D 
 406      DB38741D 
 406      93BA8E60 
 406      E7
 407 1093 33F43986 		.ascii	"3\3649\206<V0\204<=.\276uQ\215\2373\224g\311#y\236]"
 407      3C563084 
 407      3C3D2EBE 
 407      75518D9F 
 407      339467C9 
 408 10ab 79EAD195 		.ascii	"y\352\321\225\261\215\232\356\013\033\310c\343'`\320"
 408      B18D9AEE 
 408      0B1BC863 
 408      E32760D0 
 409 10bb 8464D038 		.ascii	"\204d\3208\346\316<\034L~\244\363O\347\003\376\017\013"
 409      E6CE3C1C 
 409      4C7EA4F3 
 409      4FE703FE 
 409      0F0B
 410 10cd A8E05308 		.ascii	"\250\340S\010\377\023\032\376g\330\3371\010 \255\213"
 410      FF131AFE 
 410      67D8DF31 
ARM GAS  /tmp/ccWWrBD5.s 			page 33


 410      0820AD8B 
 411 10dd DB50D18A 		.ascii	"\333P\321\212\021\177\234\353\230\332\246)>\265I]\272"
 411      117F9CEB 
 411      98DAA629 
 411      3EB5495D 
 411      BA
 412 10ee 0818D370 		.ascii	"\010\030\323pu\3267\267\335\025\251\311/\265p\312\203"
 412      75D637B7 
 412      DD15A9C9 
 412      2FB570CA 
 412      83
 413 10ff 2D212847 		.ascii	"-!(G\367\271\274\003\022M\270g\374\363)>A\310\272x\206"
 413      F7B9BC03 
 413      124DB867 
 413      FCF3293E 
 413      41C8BA78 
 414 1114 8B3B533E 		.ascii	"\213;S>k\216\372\211\265\354\014I2\273\215\213;sX\351"
 414      6B8EFA89 
 414      B5EC0C49 
 414      32BB8D8B 
 414      3B7358E9 
 415 1128 91C00208 		.ascii	"\221\300\002\010\007\250{L\324\015\362\016$\307g \254"
 415      07A87B4C 
 415      D40DF20E 
 415      24C76720 
 415      AC
 416 1139 5390D3CF 		.ascii	"S\220\323\317\201^\000\275\004\232t]\347_\260\3220="
 416      815E00BD 
 416      049A745D 
 416      E75FB0D2 
 416      303D
 417 114b 67752137 		.ascii	"gu!7\247\375\267\210\304n\262\305y\201\230^\347\203"
 417      A7FDB788 
 417      C46EB2C5 
 417      7981985E 
 417      E783
 418 115d 28D9D197 		.ascii	"(\331\321\227T\340u\011\317}p\254\221\016v\363\350\243"
 418      54E07509 
 418      CF7D70AC 
 418      910E76F3 
 418      E8A3
 419 116f 0069A226 		.ascii	"\000i\242&\376<\237N\324Y\350\375J\032\300i\267\211"
 419      FE3C9F4E 
 419      D459E8FD 
 419      4A1AC069 
 419      B789
 420 1181 2A77E235 		.ascii	"*w\3425\030\3766N\000\360\345g\235\365\232\017\013\304"
 420      18FE364E 
 420      00F0E567 
 420      9DF59A0F 
 420      0BC4
 421 1193 3E56A493 		.ascii	">V\244\223\343\233D1\337H\301\306\330O\022\234jU\244"
 421      E39B4431 
 421      DF48C1C6 
 421      D84F129C 
 421      6A55A4
 422 11a6 05FE8AEA 		.ascii	"\005\376\212\352\017\351\313\366\254\335H\376\334v\326"
ARM GAS  /tmp/ccWWrBD5.s 			page 34


 422      0FE9CBF6 
 422      ACDD48FE 
 422      DC76D6
 423 11b5 E5B417AB 		.ascii	"\345\264\027\253\246\033/r%\277\"\310k\252\362\222\013"
 423      A61B2F72 
 423      25BF22C8 
 423      6BAAF292 
 423      0B
 424 11c6 5F71118E 		.ascii	"_q\021\216\343\302qTxs\361\251\024\003\336Hc\201nv&"
 424      E3C27154 
 424      7873F1A9 
 424      1403DE48 
 424      63816E76 
 425 11db 94F357B0 		.ascii	"\224\363W\260\336\344!p\377\326*\376\016\255\203\334"
 425      DEE42170 
 425      FFD62AFE 
 425      0EAD83DC 
 426 11eb CE6F7EB2 		.ascii	"\316o~\262\315\200\263\230\354\253\307W_\361\272b o"
 426      CD80B398 
 426      ECABC757 
 426      5FF1BA62 
 426      206F
 427 11fd 6FEB1373 		.ascii	"o\353\023s\221\307\272\262^\315\353J\222\232N\267sM"
 427      91C7BAB2 
 427      5ECDEB4A 
 427      929A4EB7 
 427      734D
 428 120f D73A7DA5 		.ascii	"\327:}\245y\200\350;\251u\352@\224\240&\342\311j\177"
 428      7980E83B 
 428      A975EA40 
 428      94A026E2 
 428      C96A7F
 429 1222 4727227D 		.ascii	"G'\"}\275'\365s\271\360\3657\011\367O\227\367\033!\306"
 429      BD27F573 
 429      B9F0F537 
 429      09F74F97 
 429      F71B21C6 
 430 1236 57ABE98F 		.ascii	"W\253\351\217\220\262\367\211\353K\340\270\264A\355"
 430      90B2F789 
 430      EB4BE0B8 
 430      B441ED
 431 1245 8F12D598 		.ascii	"\217\022\325\230\374DG\3267\036Z\376GP\241\024\032\345"
 431      FC4447D6 
 431      371E5AFE 
 431      4750A114 
 431      1AE5
 432 1257 DC6DAD29 		.ascii	"\334m\255)^\270\220\371W0\\~\201\377\272\205\374\330"
 432      5EB890F9 
 432      57305C7E 
 432      81FFBA85 
 432      FCD8
 433 1269 E5F69ECC 		.ascii	"\345\366\236\314\275\374\307/C\344\366\340\231\314\213"
 433      BDFCC72F 
 433      43E4F6E0 
 433      99CC8B
 434 1278 068FFEA6 		.ascii	"\006\217\376\2469\374=\304\336|\211\342\3251\215\273"
 434      39FC3DC4 
ARM GAS  /tmp/ccWWrBD5.s 			page 35


 434      DE7C89E2 
 434      D5318DBB 
 435 1288 BF9BC08C 		.ascii	"\277\233\300\214\215\324\214t\352B\232\303\205\331\355"
 435      8DD48C74 
 435      EA429AC3 
 435      85D9ED
 436 1297 D9E33A77 		.ascii	"\331\343:w\207=Jo\256\233\230\026\270\303\003\213b\363"
 436      873D4A6F 
 436      AE9B9816 
 436      B8C3038B 
 436      62F3
 437 12a9 AA63DF47 		.ascii	"\252c\337G\031\334\333Q\360V\352\230\312\275\335\254"
 437      19DCDB51 
 437      F056EA98 
 437      CABDDDAC 
 438 12b9 FE50A55B 		.ascii	"\376P\245[m7\177\023\023ayw\321\242`\366?2:\330f\017"
 438      6D377F13 
 438      13617977 
 438      D1A260F6 
 438      3F323AD8 
 439 12cf 8EB65982 		.ascii	"\216\266Y\202-\253V\333\027Y\364\277\372\355\277\277"
 439      2DAB56DB 
 439      1759F4BF 
 439      FAEDBFBF 
 440 12df FFF99225 		.ascii	"\377\371\222%*\375j;\2214\333\203\334dC#,a1+\254 \037"
 440      2AFD6A3B 
 440      9134DB83 
 440      DC644323 
 440      2C61312B 
 441 12f6 FD7DB4FD 		.ascii	"\375}\264\375\373(k\364\242UD\332\274\302\032f\0171"
 441      FB286BF4 
 441      A25544DA 
 441      BCC21A66 
 441      0F31
 442 1308 98CD31A1 		.ascii	"\230\3151\241\021\366\217\227\232\355\211(xUd\27058"
 442      11F68F97 
 442      9AED8928 
 442      785564B8 
 442      3538
 443 131a C4126D5D 		.ascii	"\304\022m]\030\026\362u\360/#-1\341\326\010{t\360W\326"
 443      1816F275 
 443      F02F232D 
 443      31E1D608 
 443      7B74F057 
 444 132f 90F0DF04 		.ascii	"\220\360\337\004\377\223%,4*\332j\266.\214\212\261|"
 444      FF93252C 
 444      342ADA6A 
 444      B62E8C8A 
 444      B17C
 445 1341 B734F8AB 		.ascii	"\2674\370\253\310\310\260\350\340\225\026\313\302\020"
 445      C8C8B0E8 
 445      E09516CB 
 445      C210
 446 134f 5BF8C288 		.ascii	"[\370\302\210\310\010\353Bk\310\327\241\013?[\270t\361"
 446      C808EB42 
 446      6BC8D7A1 
 446      0B3F5BB8 
ARM GAS  /tmp/ccWWrBD5.s 			page 36


 446      74F1
 447 1361 92CF16FE 		.ascii	"\222\317\026\376q\331\302\360\220o#m\301.w\235\366\204"
 447      71D9C2F0 
 447      906F236D 
 447      C12E779D 
 447      F684
 448 1373 87585685 		.ascii	"\207XV\205FX\203\301\216oBb\302\354f\247m\016\203\376"
 448      465883C1 
 448      8E6F4262 
 448      C2EC66A7 
 448      6D0E83FE 
 449 1387 F7FFD51E 		.ascii	"\367\377\325\036\210N\2609\332\276\002\300\301\010/"
 449      884EB039 
 449      DABE02C0 
 449      C1082F
 450 1396 12ACD070 		.ascii	"\022\254\320p\253\331N\306 \312f]M\256\021\326\265\366"
 450      ABD94EC6 
 450      20CA665D 
 450      4DAE11D6 
 450      B5F6
 451 13a8 799655E6 		.ascii	"y\226U\346\325\2416{LH\230\231H\330\264D \304\346\347"
 451      D5A1367B 
 451      4C489899 
 451      48D8B444 
 451      20C4E6E7 
 452 13bc D268B6BF 		.ascii	"\322h\266\277\357y\034,\253V\020?\315\32014\"\324\376"
 452      EF791C2C 
 452      AB56103F 
 452      CDD03134 
 452      22D4FE
 453 13cf 9EC7D155 		.ascii	"\236\307\321U\031,\253\376\343\253_F\376\233\325\376"
 453      192CABFE 
 453      E3AB5F46 
 453      FE9BD5FE 
 454 13df 6B23FBFA 		.ascii	"k#\373\372;k40\202e\225!<\004L]e\263\206\2540D\231\341"
 454      3B6B3430 
 454      82659521 
 454      3C044C5D 
 454      65B386AC 
 455 13f7 1216650B 		.ascii	"\022\026e\013\215\324\331\311_\263}\231\233\316\250"
 455      8DD4D9C9 
 455      5FB37D99 
 455      9BCEA8
 456 1406 481BC4ED 		.ascii	"H\033\304\355\037\177\367\345\347_\256\015\266D\206"
 456      1F7FF7E5 
 456      E75FAE0D 
 456      B64486
 457 1415 47858659 		.ascii	"G\205\206Ym\321\301\277\372\374s\200rD\336+\312\034"
 457      6DD1C1BF 
 457      FAFC7380 
 457      7244DE2B 
 457      CA1C
 458 1427 6E5F1B16 		.ascii	"n_\033\026\032m\327\206S_u\341\346\3105\021V\033\\\377"
 458      1A6DD786 
 458      535F75E1 
 458      E6C83511 
 458      561B5CFF 
ARM GAS  /tmp/ccWWrBD5.s 			page 37


 459 143b 18638DB1 		.ascii	"\030c\215\261j\243\234!`\310\321\316v\022\"?\227F\010"
 459      6AA39C21 
 459      60C8D1CE 
 459      7612223F 
 459      974608
 460 144e 5D788CDD 		.ascii	"]x\214\335\272\326l\327\203<\375\012\206Z\243\254\021"
 460      BAD66CD7 
 460      833CFD0A 
 460      865AA3AC 
 460      11
 461 145f 10E395DE 		.ascii	"\020\343\225\336\326\3250\224\341!\321\337\231\355\032"
 461      D6D53094 
 461      E121D1DF 
 461      99ED1A
 462 146e C08D5EE9 		.ascii	"\300\215^\351e6\363\201\327\361\253\006Z\315v\003\275"
 462      6536F381 
 462      D7F1AB06 
 462      5ACD7603 
 462      BD
 463 147f 4B558281 		.ascii	"KU\202\201kBB\355\320\335Of\0021\330W\316\230\3558\312"
 463      6B4242ED 
 463      D0DD4F66 
 463      0231D857 
 463      CE98ED38 
 464 1494 1CA3B5AE 		.ascii	"\034\243\265\256!\352\265k\354\340T\024\\\242\255\341"
 464      21EAB56B 
 464      ECE05414 
 464      5CA2ADE1 
 465 14a4 519A68B3 		.ascii	"Q\232h\263%\302\256\001\002\030n(D\326\014\367B\242"
 465      25C2AE01 
 465      02186E28 
 465      44D60CF7 
 465      42A2
 466 14b6 5645DAAC 		.ascii	"VE\332\254\2325v\273-\312\237\251\203\260~c\265Y#,\340"
 466      9A3576BB 
 466      2DCA9FA9 
 466      83B07E63 
 466      B559232C 
 467 14cb 0C2888FC 		.ascii	"\014(\210\374\372\333(\275um\250\335\022\271\302\252"
 467      FADB28BD 
 467      756DA8DD 
 467      12B9C2AA 
 468 14db B5ADF89E 		.ascii	"\265\255\370\236XM]\007\315v/6\225\226\203b~\365\262"
 468      584D5D07 
 468      CD762F36 
 468      95968362 
 468      7EF5B2
 469 14ee 4787855A 		.ascii	"G\207\205Z\254\321\320\231\214\3207\321:;\371\013\002"
 469      ACD1D099 
 469      8CD037D1 
 469      3A3BF90B 
 469      02
 470 14ff 51E66FC2 		.ascii	"Q\346o\302BV\002\037\016\232(\037m\017\261[\365vz\241"
 470      4256021F 
 470      0E9A281F 
 470      6D0FB15B 
 470      F5767AA1 
ARM GAS  /tmp/ccWWrBD5.s 			page 38


 471 1513 F21121E1 		.ascii	"\362\021!\341V\265eU\210\015nF\206\255\260\222k\204"
 471      56B56555 
 471      880D6E46 
 471      86ADB092 
 471      6B84
 472 1525 758DD506 		.ascii	"u\215\325\006\321\262\330\327b\333\222\217\2050\233"
 472      D1B2D8D7 
 472      62DB928F 
 472      85309B
 473 1534 DE665D09 		.ascii	"\336f]\011\371l\266\177\370\306\001_e\001\327`\204\241"
 473      F96CB67F 
 473      F8C6015F 
 473      6501D760 
 473      84A1
 474 1546 D712A0C5 		.ascii	"\327\022\240\305\202\355g\202m\271`\373L\260}*\330>"
 474      82ED6782 
 474      6DB960FB 
 474      4CB07D2A 
 474      D83E
 475 1558 116CCBBC 		.ascii	"\021l\313\274I\0072\000\240\373\257\177X\227y\365g\341"
 475      49073200 
 475      A0FBAF7F 
 475      589779F5 
 475      67E1
 476 156a A04F6789 		.ascii	"\240Og\211\214\200q\265\323\004\010\215\364r\216\012"
 476      8C8071B5 
 476      D304088D 
 476      F4728E0A 
 477 157a 181B1E05 		.ascii	"\030\033\036\005\363Q\317\003i\377\261\307\351\000\243"
 477      F351CF03 
 477      69FFB1C7 
 477      E900A3
 478 1589 039A3CDF 		.ascii	"\003\232<\337\207\241!\226\257\370\232\016:\231\227"
 478      87A12196 
 478      AFF89A0E 
 478      3A9997
 479 1598 D670281A 		.ascii	"\326p(\032_\307@\354C\"B-$;|\345\315\020\276\325v\222"
 479      5FC740EC 
 479      4322422D 
 479      243B7CE5 
 479      CD10BED5 
 480 15ae 07EFB84F 		.ascii	"\007\357\270OU\226\036\006\230w|z\377H\3416\344\235"
 480      55961E06 
 480      98777C7A 
 480      FF48E136 
 480      E49D
 481 15c0 8D5C7536 		.ascii	"\215\\u6\036w\033\217\273\215\304]k\243\236B#\315\035"
 481      1E771B8F 
 481      BB8DC45D 
 481      6BA39E42 
 481      23CD1D
 482 15d3 1F80200E 		.ascii	"\037\200 \016~O\273z\201H\214\015\022\306n\224\032!"
 482      7E4FBB7A 
 482      81488C0D 
 482      12C66E94 
 482      1A21
 483 15e5 0F9C76FB 		.ascii	"\017\234v\373\206\256\010\263\362\020A*\363\352\373"
ARM GAS  /tmp/ccWWrBD5.s 			page 39


 483      86AE08B3 
 483      F210412A 
 483      F3EAFB
 484 15f4 E9329823 		.ascii	"\3512\230#\216/\206h\373w!a\241+#\314vo\311_\273\217"
 484      8E2F8668 
 484      FB772161 
 484      A12B23CC 
 484      766FC95F 
 485 160a 99AE0466 		.ascii	"\231\256\004f\363\242O\227.\373D\357\340\344\315\237"
 485      F3A24F97 
 485      2EFB44EF 
 485      E0E4CD9F 
 486 161a 2CFD3FA7 		.ascii	",\375?\247\365\221\352"
 486      F591EA
 487              		.text
 488              		.section	.gnu.lto_.symtab.c45ca7a30e731de9,"",%progbits
 489 0000 5F76745F 		.ascii	"_vt_init\000"
 489      696E6974 
 489      00
 490 0009 00       		.ascii	"\000"
 491 000a 00       		.ascii	"\000"
 492 000b 00       		.ascii	"\000"
 493 000c 00000000 		.ascii	"\000\000\000\000\000\000\000\000"
 493      00000000 
 494 0014 E3000000 		.ascii	"\343\000\000\000"
 495 0018 63685654 		.ascii	"chVTDoSetI\000"
 495      446F5365 
 495      744900
 496 0023 00       		.ascii	"\000"
 497 0024 00       		.ascii	"\000"
 498 0025 00       		.ascii	"\000"
 499 0026 00000000 		.ascii	"\000\000\000\000\000\000\000\000"
 499      00000000 
 500 002e EA000000 		.ascii	"\352\000\000\000"
 501 0032 63685654 		.ascii	"chVTDoResetI\000"
 501      446F5265 
 501      73657449 
 501      00
 502 003f 00       		.ascii	"\000"
 503 0040 00       		.ascii	"\000"
 504 0041 00       		.ascii	"\000"
 505 0042 00000000 		.ascii	"\000\000\000\000\000\000\000\000"
 505      00000000 
 506 004a EE000000 		.ascii	"\356\000\000\000"
 507 004e 636800   		.ascii	"ch\000"
 508 0051 00       		.ascii	"\000"
 509 0052 02       		.ascii	"\002"
 510 0053 00       		.ascii	"\000"
 511 0054 00000000 		.ascii	"\000\000\000\000\000\000\000\000"
 511      00000000 
 512 005c 00020000 		.ascii	"\000\002\000\000"
 513              		.text
 514              		.section	.gnu.lto_.opts,"",%progbits
 515 0000 272D666D 		.ascii	"'-fmath-errno' '-fsigned-zeros' '-ftrapping-math' '"
 515      6174682D 
 515      6572726E 
 515      6F272027 
ARM GAS  /tmp/ccWWrBD5.s 			page 40


 515      2D667369 
 516 0033 2D666E6F 		.ascii	"-fno-trapv' '-fno-openmp' '-fno-openacc' '-mcpu=cor"
 516      2D747261 
 516      70762720 
 516      272D666E 
 516      6F2D6F70 
 517 0066 7465782D 		.ascii	"tex-m4' '-mno-thumb-interwork' '-mthumb' '-O2' '-fo"
 517      6D342720 
 517      272D6D6E 
 517      6F2D7468 
 517      756D622D 
 518 0099 6D69742D 		.ascii	"mit-frame-pointer' '-falign-functions=16' '-ffuncti"
 518      6672616D 
 518      652D706F 
 518      696E7465 
 518      72272027 
 519 00cc 6F6E2D73 		.ascii	"on-sections' '-fdata-sections' '-fno-common' '-flto"
 519      65637469 
 519      6F6E7327 
 519      20272D66 
 519      64617461 
 520 00ff 2700     		.ascii	"'\000"
 521              		.text
 522              		.comm	__gnu_lto_v1,1,1
 523              		.comm	__gnu_lto_slim,1,1
 524              		.ident	"GCC: (GNU Tools for Arm Embedded Processors 7-2017-q4-major) 7.2.1 20170904 (release) [ARM
ARM GAS  /tmp/ccWWrBD5.s 			page 41


DEFINED SYMBOLS
                            *ABS*:0000000000000000 chvt.c
                            *COM*:0000000000000001 __gnu_lto_v1
                            *COM*:0000000000000001 __gnu_lto_slim

NO UNDEFINED SYMBOLS
