ARM GAS  /tmp/ccdOpGRB.s 			page 1


   1              		.cpu cortex-m4
   2              		.eabi_attribute 20, 1
   3              		.eabi_attribute 21, 1
   4              		.eabi_attribute 23, 3
   5              		.eabi_attribute 24, 1
   6              		.eabi_attribute 25, 1
   7              		.eabi_attribute 26, 1
   8              		.eabi_attribute 30, 2
   9              		.eabi_attribute 34, 1
  10              		.eabi_attribute 18, 4
  11              		.file	"hal.c"
  12              		.section	.gnu.lto_.profile.aa72f6dedc5b4a4d,"",%progbits
  13 0000 789C6363 		.ascii	"x\234cc```\001bF\006Sv\000\000\351\000H"
  13      60606001 
  13      62460653 
  13      760000E9 
  13      0048
  14              		.text
  15              		.section	.gnu.lto_.icf.aa72f6dedc5b4a4d,"",%progbits
  16 0000 789C6363 		.ascii	"x\234cc``\340`@\000F\206\316\263\377\233\370\031\000"
  16      6060E060 
  16      40004686 
  16      CEB3FF9B 
  16      F81900
  17 0013 0E2702F6 		.ascii	"\016'\002\366"
  18              		.text
  19              		.section	.gnu.lto_.jmpfuncs.aa72f6dedc5b4a4d,"",%progbits
  20 0000 789C6363 		.ascii	"x\234cc``\360b@\000F\010\305\3048\205\231\261\371\327"
  20      6060F062 
  20      40004608 
  20      C5C43885 
  20      99B1F9D7 
  21 0014 FECF7CF5 		.ascii	"\376\317|\365\177\033$\34603,`\006Inf\254g`<\300\302"
  21      7F1B24E6 
  21      30332C60 
  21      06496E66 
  21      AC67603C 
  22 002a C800C47F 		.ascii	"\310\000\304\177\376\377\377\317\317\310\004T7\255\365"
  22      FEFFFFCF 
  22      CFC80454 
  22      37ADF5
  23 0039 D079F66E 		.ascii	"\320y\366nf\240*F\006\306-\2142 \314\300\000\000\006"
  23      66A02A46 
  23      06C62D8C 
  23      3220CCC0 
  23      000006
  24 004c D81467   		.ascii	"\330\024g"
  25              		.text
  26              		.section	.gnu.lto_.inline.aa72f6dedc5b4a4d,"",%progbits
  27 0000 789C6363 		.ascii	"x\234cc``\320c@\000F\006\006NSF\006& \223m\201<\023"
  27      6060D063 
  27      40004606 
  27      064E5346 
  27      06262093 
  28 0018 58880B85 		.ascii	"X\210\013\205`\342\006\251\0023\031\0004\322\001x"
  28      60E206A9 
  28      02331900 
ARM GAS  /tmp/ccdOpGRB.s 			page 2


  28      34D20178 
  29              		.text
  30              		.section	.gnu.lto_.pureconst.aa72f6dedc5b4a4d,"",%progbits
  31 0000 789C6363 		.ascii	"x\234cc```\006bF\006\011\000\000}\000#"
  31      60606006 
  31      62460609 
  31      00007D00 
  31      23
  32              		.text
  33              		.section	.gnu.lto_halInit.aa72f6dedc5b4a4d,"",%progbits
  34 0000 789C7590 		.ascii	"x\234u\220;K\003A\020\307\347\177\233\273\004|`a\241"
  34      3B4B0341 
  34      10C7E77F 
  34      9BBB047C 
  34      6061A1
  35 0013 26856D9A 		.ascii	"&\205m\232\313\367\360[H\032\013A0\037\3406\236!\021"
  35      CBF7F05B 
  35      481A0B41 
  35      301FE036 
  35      9E2111
  36 0026 2D2CE269 		.ascii	"-,\342iq\310\">+\221D\343\371\300#\037@\321\326N\324"
  36      71C8223E 
  36      2B9144E3 
  36      F9C0231F 
  36      40D1D64E 
  37 003b 2A3E402C 		.ascii	"*>@,T\214\316\336\211X\234\303\016\273;\363\333\231"
  37      548CCEDE 
  37      89589CC3 
  37      0EBB3BF3 
  37      DB99
  38 004d FFAC4544 		.ascii	"\377\254ED\233 \312\361\236e\207 \030\213\347D\345\214"
  38      9B20CAF1 
  38      9E658720 
  38      188BE744 
  38      E58C
  39 005f 01E883CC 		.ascii	"\001\350\203\314\200\034\003\016\026D]\240]\275\017"
  39      801C030E 
  39      16445DA0 
  39      5DBD0F
  40 006e 8CFC9664 		.ascii	"\214\374\226d\013\227\237\207\345v\010_\020y\354\332"
  40      0B979F87 
  40      E576085F 
  40      1079ECDA 
  41 007e D0409E18 		.ascii	"\320@\236\030\273\331\353.\365Y\2518\216&,\342\036\264"
  41      BBD9EB2E 
  41      F559A938 
  41      8E262CE2 
  41      1EB4
  42 0090 7B6586B2 		.ascii	"{e\206\262\373U\225\341\355\032Zci\242\032\347\271\211"
  42      FB5595E1 
  42      ED1A5A63 
  42      69A21AE7 
  42      B989
  43 00a2 0C694E18 		.ascii	"\014iN\030\372\344\206\324\201\253>\262\321#\256\024"
  43      FAE486D4 
  43      81AB3EB2 
  43      D123AE14 
ARM GAS  /tmp/ccdOpGRB.s 			page 3


  44 00b2 049DEBB4 		.ascii	"\004\235\353\264\363)3\276\200'\270\012\366\341\220"
  44      F32933BE 
  44      8027B80A 
  44      F6E190
  45 00c1 CF7407B3 		.ascii	"\317t\007\263j\2437\201\023\036g\011\007\314q\302\253"
  45      6AA33781 
  45      131E6709 
  45      07CC71C2 
  45      AB
  46 00d2 B42FD2F3 		.ascii	"\264/\322\363\302\027)\350\253\373~\366\322\317\334"
  46      C21729E8 
  46      ABFB7EF6 
  46      D2CFDC
  47 00e1 10079456 		.ascii	"\020\007\224V\307\261\267\313\207Z\217\302jy\300\027"
  47      C7B1B7CB 
  47      875A8FC2 
  47      6A79C017 
  48 00f1 260E79D6 		.ascii	"&\016y\326\026rQ\306]oT\300\364\212\224\243\272B\000"
  48      167251C6 
  48      5D6F54C0 
  48      F48A94A3 
  48      BA4200
  49 0104 85789C23 		.ascii	"\205x\234#8\276\260\"\261\257I\"X,W\307\361\257XW\355"
  49      38BEB022 
  49      B1AF4922 
  49      582C57C7 
  49      F1AF5857 
  50 0119 0C267329 		.ascii	"\014&s)\346N\376pw\377p&s\247?\334#f\324S=\326\242\255"
  50      E64EFE70 
  50      77FF7026 
  50      73A73FDC 
  50      2366D453 
  51 0131 C65FC3DF 		.ascii	"\306_\303\337\307s\217\330v!^S\245\302\304\370d\241"
  51      C7738FD8 
  51      76215E53 
  51      A5C2C4F8 
  51      64A1
  52 0143 345DD4BB 		.ascii	"4]\324\273]\244o\263|\223:"
  52      5DA46FB3 
  52      7C933A
  53              		.text
  54              		.section	.gnu.lto_.symbol_nodes.aa72f6dedc5b4a4d,"",%progbits
  55 0000 789C55C9 		.ascii	"x\234U\311\273\021\2030\024D\321\253\025\242\016\227"
  55      BB118330 
  55      1444D1AB 
  55      15A20E97 
  56 0010 02953D99 		.ascii	"\002\225=\231O\356\224\234*\210\035\273\006{\206:0\017"
  56      4FEE949C 
  56      2A881DBB 
  56      067B863A 
  56      300F
  57 0022 4528D839 		.ascii	"E(\33093w[`\361\241\1770x}\300\331r\017i\020\017\177"
  57      33775B60 
  57      F1A17F30 
  57      787DC0D9 
  57      720F6910 
  58 0038 C22C0BE5 		.ascii	"\302,\013\345\201\234;\017\223LU\030e\261\012OYS\205"
ARM GAS  /tmp/ccdOpGRB.s 			page 4


  58      819C3B0F 
  58      934C5518 
  58      65B10A4F 
  58      595385
  59 004b 2C4BF710 		.ascii	",K\367\020iY\277G\210$\336\305\206\275\030\231~\227"
  59      6959BF47 
  59      8824DEC5 
  59      86BD1899 
  59      7E97
  60 005d 62753901 		.ascii	"bu9\001\201\021%R"
  60      81112552 
  61              		.text
  62              		.section	.gnu.lto_.refs.aa72f6dedc5b4a4d,"",%progbits
  63 0000 789C6363 		.ascii	"x\234cc```\003bF\006&F&\006\000\000\263\000\023"
  63      60606003 
  63      62460626 
  63      46260600 
  63      00B30013 
  64              		.text
  65              		.section	.gnu.lto_.decls.aa72f6dedc5b4a4d,"",%progbits
  66 0000 789CBD56 		.ascii	"x\234\275VmL[\327\031\276\357=6\030\203\343\010\242"
  66      6D4C5BD7 
  66      19BEEF3D 
  66      361883E3 
  66      08A2
  67 0012 298BBA0D 		.ascii	")\213\272\015E\211\3024\231KX\243n\3224\255\002\326"
  67      4589C234 
  67      994B58A3 
  67      6ED234AD 
  67      02D6
  68 0024 A1340D4A 		.ascii	"\2414\015J\330\217\356\217\353\030\247x5\230a#\265\352"
  68      D88FEE8F 
  68      EB18A778 
  68      35986123 
  68      B5EA
  69 0036 8F5DB043 		.ascii	"\217]\260Ci\002!M\243\014\010\333\250\203:\221P\232"
  69      6902214D 
  69      A30C08DB 
  69      A8833A91 
  69      509A
  70 0048 2D341092 		.ascii	"-4\020\222,P>B\022\240-M\313\240$\320|@>\034\306G\007"
  70      2C503E42 
  70      12A02D4D 
  70      CBA024D0 
  70      7C403E1C 
  71 005f CD07F1DE 		.ascii	"\315\007\361\336s\316\265\257\241x\312\257]\371\334"
  71      73CEB5AF 
  71      A178CAAF 
  71      5DF9DC
  72 006e 73CFB9CF 		.ascii	"s\317\271\317\373\274\317\373\236\367\034\337(A\020"
  72      FBBCCFFB 
  72      9EF71CDF 
  72      284110
  73 007d 1C7182A0 		.ascii	"\034q\202\240%\202P\213\317\001\274D\354;\260\001\266"
  73      2582508B 
  73      CF01BC44 
  73      EC3BB001 
ARM GAS  /tmp/ccdOpGRB.s 			page 5


  73      B6
  74 008e 6F057E45 		.ascii	"o\005~E\321wt\016'\0116-\266\030l\261\300q\006\020\226"
  74      D177740E 
  74      2709362D 
  74      B6186CB1 
  74      C0710610 
  75 00a3 5C011C47 		.ascii	"\\\001\034Gc\377\012\266U\370\374\004{#p\276\005l:X"
  75      63FF0AB6 
  75      55F8FC04 
  75      7B2370BE 
  75      056C3A58 
  76 00b7 CA1BABF0 		.ascii	"\312\033\253\360i\025~\210\300{\210\300g\336\023\265"
  76      69157E88 
  76      C07B88C0 
  76      67DE13B5 
  77 00c7 641F8178 		.ascii	"d\037\201x=hp8\323_sc\025\016\327\350!\021\207w\253"
  77      3D687038 
  77      D35F7363 
  77      150ED7E8 
  77      21118777 
  78 00dc 275B94B7 		.ascii	"'[\224\267\207\2648~\257\376NU\034\177]\367c\034_\231"
  78      87B4387E 
  78      AFFE4E55 
  78      1C7F5DF7 
  78      631C5F99 
  79 00f0 AFF4E988 		.ascii	"\257\364\351\210\010\224\351\350\210\357ptr\243\314"
  79      0894E9E8 
  79      88EF7074 
  79      72A3CC
  80 00ff 2FDD2F04 		.ascii	"/\335/\004h\001\022tS\326?9\027E62\240\277j\237\307"
  80      68011274 
  80      53D63F39 
  80      17453632 
  80      A0BF6A9F 
  81 0114 A82FA3A8 		.ascii	"\250/\243\250:\217\034\363\033\312\336\014\317\300I"
  81      3A8F1CF3 
  81      1BCADE0C 
  81      CFC049
  82 0123 780665B6 		.ascii	"x\006e\266\201\036\357\022\037\"\372\324\304\305\036"
  82      811EEF12 
  82      1F22FAD4 
  82      C4C51E
  83 0132 3D972003 		.ascii	"=\227 \003\216\027\277\274\327\005\\\202\254\303q\347"
  83      8E17BFBC 
  83      D7055C82 
  83      ACC371E7 
  84 0142 40A0554F 		.ascii	"@\240UO~\302\230\007\247\373\376\034\313\261\253q\330"
  84      7EC29807 
  84      A7FBFE1C 
  84      CBB1AB71 
  84      D8
  85 0153 33747956 		.ascii	"3tyVCR\330\253\253\275\015\307i$\233\364@W\305\210S"
  85      4352D8AB 
  85      ABBD0DC7 
  85      69249BF4 
  85      4057C588 
  86 0168 1FFA4F3F 		.ascii	"\037\372O?0\360)f\\9[\037M\266\320gql\370\321\350*\320"
ARM GAS  /tmp/ccdOpGRB.s 			page 6


  86      30F02966 
  86      5C395B1F 
  86      4DB6D067 
  86      716CF8D1 
  87 017f 27A1C812 		.ascii	"'\241\310\022.R\010I\204.H\2426\255\220,@\007N\266\343"
  87      2E520849 
  87      842E48A2 
  87      36AD902C 
  87      40074EB6 
  88 0194 E4FB349A 		.ascii	"\344\3734\232\366\013U\277\254\236\225\345D\350\004"
  88      F60B55BF 
  88      AC9E95E5 
  88      44E804
  89 01a3 3D7C0C84 		.ascii	"=|\014\204a0\232Mz\236\205\206\372w|Q\244\027\230\217"
  89      61309A4D 
  89      7A9E8586 
  89      FA777C51 
  89      A417988F 
  90 01b7 33476E75 		.ascii	"3Gnu\213\221|\\\210\350\343\223\266\365={dY\204\036"
  90      8B917C5C 
  90      88E8E393 
  90      B6F53D7B 
  90      6459841E 
  91 01cb F4D1ADFA 		.ascii	"\364\321\255\372\350\004\305I\325\340\3373hv=OE\212"
  91      E804C549 
  91      D5E0DF33 
  91      68763D4F 
  91      458A
  92 01dd 063567BE 		.ascii	"\0065g\276\271\244\345Y\243\011\235\033\357:g$\375|"
  92      B9A4E559 
  92      A3099D1B 
  92      EF3A6724 
  92      FD7C
  93 01ef 51C7FEE6 		.ascii	"Q\307\376\346-\321\222A>\350\333\337\324\027M\206\370"
  93      2DD19241 
  93      3EE8DBDF 
  93      D4174D86 
  93      F8
  94 0200 A0E4D29F 		.ascii	"\240\344\322\237\0021d\224\017\246\274\267\306\225\304"
  94      02316494 
  94      0FA6BCB7 
  94      C695C4
  95 020f AFC5E189 		.ascii	"\257\305\341\211\263\336\373J\025\265\3235\363\364\024"
  95      B3DEFB4A 
  95      15B5D335 
  95      F3F414
  96 021e CF19C8D7 		.ascii	"\317\031\310\327\014\253\363\325=Y4\302\006\274\022"
  96      0CABF3D5 
  96      3D5934C2 
  96      06BC12
  97 022d 36246DF0 		.ascii	"6$m\360\311^\217\334\2760\372\354\310\340mY>\030\007"
  97      C95E8FDC 
  97      BE30FAEC 
  97      C8E06D59 
  97      3E1807
  98 0240 BD18D679 		.ascii	"\275\030\326y\014\353\013HP\225\377\223\225\306f\274"
  98      0CEB0B48 
ARM GAS  /tmp/ccdOpGRB.s 			page 7


  98      5095FF93 
  98      95C666BC 
  99 0250 09DCE0FA 		.ascii	"\011\334\340\372\357j\344v/a\350K\313\321\027\031\272"
  99      EF6AE476 
  99      2F61E84B 
  99      CBD11719 
  99      BA
 100 0261 1954F848 		.ascii	"\031T\370H\030\374\362\312\3600\362\3010t\337r\264\244"
 100      18FCF2CA 
 100      F030F2C1 
 100      3074DF72 
 100      B4A4
 101 0273 72BF4317 		.ascii	"r\277C\027\344\0006\320\010\360\011\002\006\030\023"
 101      E40036D0 
 101      08F00902 
 101      061813
 102 0282 85638E61 		.ascii	"\205c\216a\010\323\375/\330\000W\260}\216m\020\333g"
 102      08D3FD2F 
 102      D80057B0 
 102      7D8E6D10 
 102      DB67
 103 0294 D8BE840D 		.ascii	"\330\276\204\015l[pg\263a\316>]9n\356\215/\377\223\341"
 103      6C5B7067 
 103      B361CE3E 
 103      5D396EEE 
 103      8D2FFF93 
 104 02a9 F8627448 		.ascii	"\370btHa\202\262\364*\327\300H\274\317#\367\2460\262"
 104      6182B2F4 
 104      2AD7C048 
 104      BCCF23F7 
 104      A630B2
 105 02bc FE1595B3 		.ascii	"\376\025\225\2630qIn,L\266\030\311~\302J\361\335\211"
 105      3071496E 
 105      2C4CB618 
 105      C97EC24A 
 105      F1DD89
 106 02cf B2812848 		.ascii	"\262\201(HJP\\\214D\341\376\205\257\320vX\255/\3520"
 106      4A505C8C 
 106      44E1FE85 
 106      AFD07658 
 106      AD2FEA30 
 107 02e3 42C83082 		.ascii	"B\3100\202\221>m\324\350;0\320\360)\211\333\033\252"
 107      913E6DD4 
 107      E83B30D0 
 107      F02989DB 
 107      1BAA
 108 02f5 7BE64A3D 		.ascii	"{\346J=\001F!Nq\212\330\226\267\253&\015\344\010\327"
 108      0146214E 
 108      718AD896 
 108      B7AB260D 
 108      E408D7
 109 0308 79F7E37B 		.ascii	"y\367\343{c:H\212\343:\027\374?\253\276Fw\333\030\032"
 109      633A488A 
 109      E33A17FC 
 109      3FABBE46 
 109      77DB181A 
 110 031c 5C5595A2 		.ascii	"\\U\225\242=v\021\350\341\032\352[\342\241\242\376d"
ARM GAS  /tmp/ccdOpGRB.s 			page 8


 110      3D7611E8 
 110      E11AEA5B 
 110      E2A1A2FE 
 110      64
 111 032d A552FE5E 		.ascii	"\245R\376^Z\254\303\243\335Mz\345\214\243\373ah\332"
 111      5AACC3A3 
 111      DD4D7AE5 
 111      8CA3FB61 
 111      68DA
 112 033f 37A52757 		.ascii	"7\245'W\230\002x\267\276\351\264\201\203\177\204\303"
 112      980278B7 
 112      BEE9B481 
 112      837F84C3 
 113 034f FECF9BF6 		.ascii	"\376\317\233\366\351\"\036e7\203G\331\015\276\321\216"
 113      E9221E65 
 113      378347D9 
 113      0DBED18E 
 114 035f F5373CD6 		.ascii	"\3657<\326\220a\036\313|\327\344Q]\244\355?\031q\373"
 114      90611ECB 
 114      7CD7E451 
 114      5DA4ED3F 
 114      1971FB
 115 0372 CF57AD29 		.ascii	"\317W\255)\241\353?\201+|K\215\271'\270\373O\371>8\026"
 115      A1EB3F81 
 115      2B7C4B8D 
 115      B927B8FB 
 115      4FF93E38 
 116 0387 1D7F4059 		.ascii	"\035\177@Y\246_i\030\360,R\234a\222nC|P\030\2425\345"
 116      A65F6918 
 116      F02C529C 
 116      61926E43 
 116      7C5018A2 
 117 039d C3171E6B 		.ascii	"\303\027\036kq/&%\370\250\214\366\371\232u\274\200h"
 117      712F2625 
 117      F8A88CF6 
 117      F99A75BC 
 117      8068
 118 03af 4ACF21BD 		.ascii	"J\317!\275\177\345\002\3621-\017\327\025\263\322ER\270"
 118      7FE502F2 
 118      312D0FD7 
 118      15B3D245 
 118      52B8
 119 03c1 AE8083AE 		.ascii	"\256\200\203\256\302\367\011W>U\303+\327\277\264r\227"
 119      C2F70957 
 119      3E55C32B 
 119      D7BFB472 
 119      97
 120 03d2 54D4D768 		.ascii	"T\324\327h=\316\204\372\225r\272\207\231\270\203\345"
 120      3DCE84FA 
 120      9572BA87 
 120      99B883E5 
 121 03e2 73572D9F 		.ascii	"sW-\237\251\216\207\177$\327y\026;';\375$T\271=GX\345"
 121      A98E877F 
 121      24D77916 
 121      3B273BFD 
 121      2454B93D 
 122 03f9 FE1B6DEF 		.ascii	"\376\033m\357\253\271\361\177\267r\203~`\012\351\377"
ARM GAS  /tmp/ccdOpGRB.s 			page 9


 122      ABB9F17F 
 122      B772837E 
 122      600AE9FF 
 123 0409 87ABC59B 		.ascii	"\207\253\305\233\255m\206\360lR\352Sh\374\021\0239\315"
 123      AD6D86F0 
 123      6C52EA53 
 123      68FC1113 
 123      39CD
 124 041b B2D9A664 		.ascii	"\262\331\246d\223t\225\2254\032\001O\265%\276T\370\214"
 124      93749595 
 124      341A014F 
 124      B525BE54 
 124      F88C
 125 042d E2680E1D 		.ascii	"\342h\016\035\315\206\016\001*|\242v\335A\231\346\035"
 125      CD860E01 
 125      2A7CA276 
 125      DD4199E6 
 125      1D
 126 043e 19E1344A 		.ascii	"\031\3414J\237\011\363\023\226w\036\346\265Z\236\311"
 126      9F09F313 
 126      96771EE6 
 126      B55A9EC9 
 127 044e 99A59944 		.ascii	"\231\245\231D\275\035\017\374{\214\344>\317\315\373"
 127      BD1D0FFC 
 127      7B8CE43E 
 127      CFCDFB
 128 045d 9D552D06 		.ascii	"\235U-\006HXY\015\314\243\210\225\004)\213U\3132\371"
 128      4858590D 
 128      CCA38895 
 128      04298B55 
 128      CB32F9
 129 0470 1F047CA3 		.ascii	"\037\004|\243fr\206e\222\326\375\331\376\306\350\004"
 129      66728665 
 129      92D6FDD9 
 129      FEC6E804 
 130 0480 85B82C22 		.ascii	"\205\270,\"\261\020bE\233\311\222\305\032C\370\256_"
 130      B1106245 
 130      9BC992C5 
 130      1A43F8AE 
 130      5F
 131 0491 58B2EBBF 		.ascii	"X\262\353\277e\273\226\365\010n\3538w>v\014w5~>\301"
 131      65BB96F5 
 131      086EEB38 
 131      773E760C 
 131      77357E3E 
 132 04a6 6A4601C0 		.ascii	"jF\001\300\357\330\003(\0375\201\340\005|\036gE\336"
 132      EFD80328 
 132      1F3581E0 
 132      057C1E67 
 132      45DE
 133 04b8 29503A08 		.ascii	")P:\010\232@hFT8\304 /\373)\004\020\316\312\337sw\301"
 133      9A406846 
 133      5438C420 
 133      2FFB2904 
 133      10CECADF 
 134 04cf 8B7FCCF1 		.ascii	"\213\177\314\361\2070;>%\252\316\302L\276\243U\010\275"
 134      87303B3E 
ARM GAS  /tmp/ccdOpGRB.s 			page 10


 134      25AACEC2 
 134      4CBEA355 
 134      08BD
 135 04e1 0E895283 		.ascii	"\016\211R\203\004%c_\370\313\233\342\306\361\304\022"
 135      0425635F 
 135      F8CB9BE2 
 135      C6F1C412 
 136 04f1 E0654138 		.ascii	"\340eA8\240\313cG\320\364I\371\272\236,\360\363\250"
 136      A0CB6347 
 136      D0F449F9 
 136      BA9E2CF0 
 136      F3A8
 137 0503 3BB0D06E 		.ascii	";\260\320n\344\347\221\030\366\001\264\206\177\0005"
 137      E4E79118 
 137      F601B486 
 137      7F0035
 138 0512 96070E69 		.ascii	"\226\007\016i\327\036f\313\344\221W\213\360\312\367"
 138      D71E66CB 
 138      E491578B 
 138      F0CAF7
 139 0521 601133FE 		.ascii	"`\0213\376\230e\374\011\254\305{\276F\371C\350\232Z"
 139      9865FC09 
 139      ACC57BBE 
 139      46F943E8 
 139      9A5A
 140 0533 14D7D7C9 		.ascii	"\024\327\327\311u\343r{ \2208\331,\313\370\231!k(\014"
 140      75E3727B 
 140      209038D9 
 140      2CCBF899 
 140      216B280C 
 141 0547 1EA935F0 		.ascii	"\036\2515\360\210~\324\301C\334>\360\000\217\011\001"
 141      887ED4C1 
 141      43DC3EF0 
 141      008F0901 
 142 0557 02B01ECD 		.ascii	"\002\260\036\315\337\372\307\324\230\226\324h\230\252"
 142      DFFAC7D4 
 142      9896D468 
 142      98AA
 143 0565 F29B673E 		.ascii	"\362\233g>2\"\3278\375^)'M\236\322\012\371=`\036A\026"
 143      3222D738 
 143      FD5E2927 
 143      4D9ED20A 
 143      F93D601E 
 144 057b 4354F8C8 		.ascii	"CT\370\310\203.\026)E\337\304\3257\311y\316p\274{o\261"
 144      832E1629 
 144      45DFC4D5 
 144      37C979CE 
 144      70BC7B6F 
 145 0590 4661B85C 		.ascii	"Fa\270\\M.5\313^-3/Q\315K\202\346\036f~\364\366\241"
 145      4D2E35CB 
 145      5E2D332F 
 145      51CD4B82 
 145      E61E667E 
 146 05a7 599178B4 		.ascii	"Y\221x\264\314\276\364\370\301\376\240\375W\015\244"
 146      CCBEF4F8 
 146      C1FEA0FD 
 146      570DA4
ARM GAS  /tmp/ccdOpGRB.s 			page 11


 147 05b6 A2BBB43D 		.ascii	"\242\273\264=\213\373\367\252\004\336 \301\036Fp\254"
 147      8BFBF7AA 
 147      04DE20C1 
 147      1E4670AC 
 148 05c6 B1FA560C 		.ascii	"\261\372V\0149\306\011\306\307\032\353\014\032\221\027"
 148      39C609C6 
 148      C71AEB0C 
 148      1A9117
 149 05d5 244D12CE 		.ascii	"$M\022\316\315\357\031\2563DLg\231H\323\371\226\250"
 149      CDEF19AE 
 149      33444C67 
 149      9948D3F9 
 149      96A8
 150 05e7 E4B3B9F4 		.ascii	"\344\263\271\364\203\313A\005s\376\304\253,\002\304"
 150      83CB4105 
 150      73FEC4AB 
 150      2C02C4
 151 05f6 40A92AA0 		.ascii	"@\251*\2404(\340m&\240\372/\225'\010i\345\002\246\316"
 151      3428E06D 
 151      26A0FA2F 
 151      95270869 
 151      E502A6CE 
 152 060a CFDD09DA 		.ascii	"\317\335\011\332\337k%\025\027C\021\354U\011\366\006"
 152      DF6B2515 
 152      174311EC 
 152      5509F606 
 153 061a 09F63182 		.ascii	"\011\3661\202\336\316\246\371X2\307\011N\373n\214Eo"
 153      DECEA6F9 
 153      5832C709 
 153      4EFB6E8C 
 153      456F
 154 062c 3C2A4FB3 		.ascii	"<*O\263\277\312\244\321i\257\\\026\3176]9'\010;\231"
 154      BFCAA4D1 
 154      69AF5C16 
 154      CF365D39 
 154      27083B99 
 155 0640 CA290F54 		.ascii	"\312)\017T\210\033\321\356\257\217\037U\257\012\337"
 155      881BD1EE 
 155      AF8F1F55 
 155      AF0ADF
 156 064f A7D4A7BA 		.ascii	"\247\324\247\272O\367\213|\237b\217\340\221\303C\203"
 156      4FF78B7C 
 156      9F628FE0 
 156      91C34383 
 157 065f 9A70308D 		.ascii	"\232p0\215P\005W*`\332\177?9Y\342?\247K\312\2658$W\241"
 157      5005572A 
 157      60DA7F3F 
 157      3959E23F 
 157      A74BCAB5 
 158 0677 95F6C956 		.ascii	"\225\366\311V\335\013/\37561m\363fA[\340,t\2734\364"
 158      DD0B2FFD 
 158      36316DF3 
 158      66415BE0 
 158      2C74BB34 
 159 068c AEC94ACF 		.ascii	"\256\311J\317\334\2417\233\213\354\371\356\237\246\232"
 159      DCA1379B 
 159      8BECF9EE 
ARM GAS  /tmp/ccdOpGRB.s 			page 12


 159      9FA69A
 160 069b DDA520E5 		.ascii	"\335\245 \345:\363l\222\305\352\262\231\034\226]R\272"
 160      3AF36C92 
 160      C5EAB299 
 160      1C965D52 
 160      BA
 161 06ac D35A9467 		.ascii	"\323Z\224g\313w\273\244l\233%o\253\224au\330\013\\6"
 161      CB77BBA4 
 161      6C9B256F 
 161      AB946175 
 161      D80B5C36 
 162 06c0 B3CD5450 		.ascii	"\263\315TPd}-U\312v:\035.\351U\253\325d)\3143\345;\363"
 162      647D2D55 
 162      CA763A1D 
 162      2EE955AB 
 162      D56429CC 
 163 06d8 6D269B65 		.ascii	"m&\233e\227\335\364\234)5e\363s\246?<k\312\263\374\336"
 163      97DDF49C 
 163      293565F3 
 163      73A63F3C 
 163      6BCAB3FC 
 164 06ed 59282D79 		.ascii	"Y(-y+\331\363\255\216\242\034\233\224g\261\346\332\363"
 164      2BD9F3AD 
 164      8EA21C9B 
 164      9467B1E6 
 164      DAF3
 165 06ff 6D9239C7 		.ascii	"m\2229\307\266\333R\344p\233\335o\024\330\\\311\271"
 165      B6DB52E4 
 165      709BDD6F 
 165      14D85CC9 
 165      B9
 166 0710 822E28E8 		.ascii	"\202.(\350\315\377\253\036\327\033.\311\354r\347\240"
 166      CDFFAB1E 
 166      D71B2EC9 
 166      EC72E7A0 
 167 0720 7314A1C9 		.ascii	"s\024\241\311\312\336\276C\223\225Fo;\351-\235\335\322"
 167      CADEBE43 
 167      9395466F 
 167      3BE92D9D 
 167      DDD2
 168 0732 776C0ACF 		.ascii	"wl\012\317\261\355u\267\224\266mg\346Nik\346K\031\331"
 168      B1ED75B7 
 168      94B66D67 
 168      E64E696B 
 168      E64B19D9 
 169 0746 D8E7BD96 		.ascii	"\330\347\275\226\232\222\263\005\011\342^\310\312\334"
 169      9A92B305 
 169      09E25EC8 
 169      CADC
 170 0754 6ECEC698 		.ascii	"n\316\306\230\322m\273\365v'\315\270=\307\3546-_#\266"
 170      D26DBBF5 
 170      7627CDB8 
 170      3DC7EC36 
 170      2D5F23B6 
 171 0768 2021FBAD 		.ascii	" !\373\255\251)\257K\005\026\207\331\341\310\2412\012"
 171      A929AF4B 
 171      051687D9 
ARM GAS  /tmp/ccdOpGRB.s 			page 13


 171      E1C8A132 
 171      0A
 172 0779 2C392E9D 		.ascii	",9.\235\335\231\347\314\261\231\335\372,\304\2469\363"
 172      DD99E7CC 
 172      B199DDFA 
 172      2CC4A639 
 172      F3
 173 078a 77DB5F8D 		.ascii	"w\333_\215\311z\376E\376\024\215$\231\371v\367\272\210"
 173      C97AFE45 
 173      FE148D24 
 173      99F976F7 
 173      BA88
 174 079c 8B2F44B9 		.ascii	"\213/D\271\334\024\361\203\345\210P\3504\342\230]NK"
 174      DC14F183 
 174      E58850E8 
 174      34E2985D 
 174      4E4B
 175 07ae 610EC5FD 		.ascii	"a\016\305\375|9\216\275qI\277\336\221\221\2613\355\371"
 175      7C398EBD 
 175      7149BFDE 
 175      9191B133 
 175      EDF9
 176 07c0 1733CCF4 		.ascii	"\0273\314\364)}\37363\252M\337\222\262\215\003"
 176      297DFB36 
 176      33AA4DDF 
 176      92B28D03 
 177 07d0 90231A13 		.ascii	"\220#\032\023B\031~\030\311\023\276G\230\301\254Dh\266"
 177      42197E18 
 177      C913BE47 
 177      98C1AC44 
 177      68B6
 178 07e2 23382E37 		.ascii	"#8.7l\3604\351\311\015\245'\236\362\004\353\307\312"
 178      6CF034E9 
 178      C90DA527 
 178      9EF204EB 
 178      C7CA
 179 07f4 D2F15F0D 		.ascii	"\322\361_\015\335xp"
 179      DD7870
 180              		.text
 181              		.section	.gnu.lto_.symtab.aa72f6dedc5b4a4d,"",%progbits
 182 0000 68616C49 		.ascii	"halInit\000"
 182      6E697400 
 183 0008 00       		.ascii	"\000"
 184 0009 00       		.ascii	"\000"
 185 000a 00       		.ascii	"\000"
 186 000b 00000000 		.ascii	"\000\000\000\000\000\000\000\000"
 186      00000000 
 187 0013 FF000000 		.ascii	"\377\000\000\000"
 188 0017 70616C5F 		.ascii	"pal_default_config\000"
 188      64656661 
 188      756C745F 
 188      636F6E66 
 188      696700
 189 002a 00       		.ascii	"\000"
 190 002b 02       		.ascii	"\002"
 191 002c 00       		.ascii	"\000"
 192 002d 00000000 		.ascii	"\000\000\000\000\000\000\000\000"
ARM GAS  /tmp/ccdOpGRB.s 			page 14


 192      00000000 
 193 0035 0D010000 		.ascii	"\015\001\000\000"
 194 0039 7374496E 		.ascii	"stInit\000"
 194      697400
 195 0040 00       		.ascii	"\000"
 196 0041 02       		.ascii	"\002"
 197 0042 00       		.ascii	"\000"
 198 0043 00000000 		.ascii	"\000\000\000\000\000\000\000\000"
 198      00000000 
 199 004b 01010000 		.ascii	"\001\001\000\000"
 200 004f 626F6172 		.ascii	"boardInit\000"
 200      64496E69 
 200      7400
 201 0059 00       		.ascii	"\000"
 202 005a 02       		.ascii	"\002"
 203 005b 00       		.ascii	"\000"
 204 005c 00000000 		.ascii	"\000\000\000\000\000\000\000\000"
 204      00000000 
 205 0064 03010000 		.ascii	"\003\001\000\000"
 206 0068 65787449 		.ascii	"extInit\000"
 206      6E697400 
 207 0070 00       		.ascii	"\000"
 208 0071 02       		.ascii	"\002"
 209 0072 00       		.ascii	"\000"
 210 0073 00000000 		.ascii	"\000\000\000\000\000\000\000\000"
 210      00000000 
 211 007b 05010000 		.ascii	"\005\001\000\000"
 212 007f 5F70616C 		.ascii	"_pal_lld_init\000"
 212      5F6C6C64 
 212      5F696E69 
 212      7400
 213 008d 00       		.ascii	"\000"
 214 008e 02       		.ascii	"\002"
 215 008f 00       		.ascii	"\000"
 216 0090 00000000 		.ascii	"\000\000\000\000\000\000\000\000"
 216      00000000 
 217 0098 09010000 		.ascii	"\011\001\000\000"
 218 009c 68616C5F 		.ascii	"hal_lld_init\000"
 218      6C6C645F 
 218      696E6974 
 218      00
 219 00a9 00       		.ascii	"\000"
 220 00aa 02       		.ascii	"\002"
 221 00ab 00       		.ascii	"\000"
 222 00ac 00000000 		.ascii	"\000\000\000\000\000\000\000\000"
 222      00000000 
 223 00b4 0B010000 		.ascii	"\013\001\000\000"
 224              		.text
 225              		.section	.gnu.lto_.opts,"",%progbits
 226 0000 272D666D 		.ascii	"'-fmath-errno' '-fsigned-zeros' '-ftrapping-math' '"
 226      6174682D 
 226      6572726E 
 226      6F272027 
 226      2D667369 
 227 0033 2D666E6F 		.ascii	"-fno-trapv' '-fno-openmp' '-fno-openacc' '-mcpu=cor"
 227      2D747261 
 227      70762720 
ARM GAS  /tmp/ccdOpGRB.s 			page 15


 227      272D666E 
 227      6F2D6F70 
 228 0066 7465782D 		.ascii	"tex-m4' '-mno-thumb-interwork' '-mthumb' '-O2' '-fo"
 228      6D342720 
 228      272D6D6E 
 228      6F2D7468 
 228      756D622D 
 229 0099 6D69742D 		.ascii	"mit-frame-pointer' '-falign-functions=16' '-ffuncti"
 229      6672616D 
 229      652D706F 
 229      696E7465 
 229      72272027 
 230 00cc 6F6E2D73 		.ascii	"on-sections' '-fdata-sections' '-fno-common' '-flto"
 230      65637469 
 230      6F6E7327 
 230      20272D66 
 230      64617461 
 231 00ff 2700     		.ascii	"'\000"
 232              		.text
 233              		.comm	__gnu_lto_v1,1,1
 234              		.comm	__gnu_lto_slim,1,1
 235              		.ident	"GCC: (GNU Tools for Arm Embedded Processors 7-2017-q4-major) 7.2.1 20170904 (release) [ARM
ARM GAS  /tmp/ccdOpGRB.s 			page 16


DEFINED SYMBOLS
                            *ABS*:0000000000000000 hal.c
                            *COM*:0000000000000001 __gnu_lto_v1
                            *COM*:0000000000000001 __gnu_lto_slim

NO UNDEFINED SYMBOLS
