ARM GAS  /tmp/ccNYVpr8.s 			page 1


   1              		.cpu cortex-m4
   2              		.eabi_attribute 20, 1
   3              		.eabi_attribute 21, 1
   4              		.eabi_attribute 23, 3
   5              		.eabi_attribute 24, 1
   6              		.eabi_attribute 25, 1
   7              		.eabi_attribute 26, 1
   8              		.eabi_attribute 30, 2
   9              		.eabi_attribute 34, 1
  10              		.eabi_attribute 18, 4
  11              		.file	"hal_lld.c"
  12              		.section	.gnu.lto_.profile.c72fc722e2e70f4d,"",%progbits
  13 0000 789C6363 		.ascii	"x\234cc```\001bF\006\007;\000\0016\000\212"
  13      60606001 
  13      62460607 
  13      3B000136 
  13      008A
  14              		.text
  15              		.section	.gnu.lto_.icf.c72fc722e2e70f4d,"",%progbits
  16 0000 789C6363 		.ascii	"x\234cc``\220b@\000\026\206\246\206\326M|\214\017\327"
  16      60609062 
  16      40001686 
  16      A686D64D 
  16      7C8C0FD7 
  17 0014 B49D6365 		.ascii	"\264\235cez\271\341\312>\026\346\315\215\017[\230\030"
  17      7AB9E1CA 
  17      3E16E6CD 
  17      8D0F5B98 
  17      18
  18 0025 0095CF0B 		.ascii	"\000\225\317\013\""
  18      22
  19              		.text
  20              		.section	.gnu.lto_.jmpfuncs.c72fc722e2e70f4d,"",%progbits
  21 0000 789C6363 		.ascii	"x\234cc``\340`@\000& f\004b\000\001\\\000\022"
  21      6060E060 
  21      40002620 
  21      66046200 
  21      015C0012 
  22              		.text
  23              		.section	.gnu.lto_.inline.c72fc722e2e70f4d,"",%progbits
  24 0000 789C6363 		.ascii	"x\234cc``\320d@\000&\006\006f&F\020\305\300\266@\036"
  24      6060D064 
  24      40002606 
  24      06662646 
  24      10C5C0B6 
  25 0016 4431302A 		.ascii	"D10*\330\337g\004\012U|\373%\005\027d\000\000`_\005"
  25      D8DF6704 
  25      0A557CFB 
  25      25051764 
  25      0000605F 
  26 002b 8D       		.ascii	"\215"
  27              		.text
  28              		.section	.gnu.lto_.pureconst.c72fc722e2e70f4d,"",%progbits
  29 0000 789C6363 		.ascii	"x\234cc```\005b&\006\006F)\000\000\256\000)"
  29      60606005 
  29      62260606 
  29      46290000 
ARM GAS  /tmp/ccNYVpr8.s 			page 2


  29      AE0029
  30              		.text
  31              		.section	.gnu.lto_hal_lld_init.c72fc722e2e70f4d,"",%progbits
  32 0000 789C6363 		.ascii	"x\234cc``\250\003b} \226\006bFf\006F\246\011\347\030"
  32      6060A803 
  32      627D2096 
  32      06624666 
  32      0646A609 
  33 0016 181A3998 		.ascii	"\030\0329\230\030\031A\214\006\016F\206z&\306z\306\036"
  33      1819418C 
  33      060E4686 
  33      7A26C67A 
  33      C61E
  34 0028 E629CC8C 		.ascii	"\346)\314\214\207\332\237\355d\322\\\336\000\004\007"
  34      87DA9FED 
  34      64D25CDE 
  34      000407
  35 0037 A6EF616B 		.ascii	"\246\357akkh\225\230\303\314\3000\015\210A\200q3\243"
  35      6B689598 
  35      C3CCC030 
  35      0D884180 
  35      7133A3
  36 004a 260350D9 		.ascii	"&\003P\331\243\215\377\246\362\262\261@\304\031\267"
  36      A38DFFA6 
  36      F2B2B140 
  36      C419B7
  37 0059 30B23130 		.ascii	"0\26210\002\031\353/\261\036h\370\367\277\275\341\300"
  37      0219EB2F 
  37      B11E68F8 
  37      F7BFBDE1 
  37      C0
  38 006a 99C58C17 		.ascii	"\231\305\214\027\335\230\030\030:\200\362@K\032\016"
  38      DD981818 
  38      3A80F240 
  38      4B1A0E
  39 0079 30743233 		.ascii	"0t23\201X\315\007\030\33616)\200\265\200@\0073#H\030"
  39      8158CD07 
  39      18DE3136 
  39      2980B580 
  39      40073323 
  40 008f A854574F 		.ascii	"\250TWOO\037\202\362\213\3653\022s\364\013\362\213J"
  40      4F1F82F2 
  40      8BF53312 
  40      73F40BF2 
  40      8B4A
  41 00a1 8AF5BD3D 		.ascii	"\212\365\275=\375\\C<\203\365\275\215\014*@\302\361"
  41      FD5C433C 
  41      83F5BD8D 
  41      0C2A40C2 
  41      F1
  42 00b2 3939297A 		.ascii	"99)z\311\014\000E\3018\321"
  42      C90C0045 
  42      C138D1
  43              		.text
  44              		.section	.gnu.lto_mk20d50_clock_init.c72fc722e2e70f4d,"",%progbits
  45 0000 789C9D57 		.ascii	"x\234\235WmPT\327\031>\357={\357~\337\005\226\217\005"
  45      6D5054D7 
ARM GAS  /tmp/ccNYVpr8.s 			page 3


  45      193EEF3D 
  45      7BEF7EDF 
  45      05968F05 
  46 0014 89E18F3F 		.ascii	"\211\341\217?\260\255\033\363\243\223\351?~t\246\231"
  46      B0AD1BF3 
  46      A393E93F 
  46      7E74A699 
  47 0024 CCE44F3A 		.ascii	"\314\344O:\323\237\031\333L\247\3168\265U\232i\177q"
  47      D39F19DB 
  47      4CA7CE38 
  47      B5559A69 
  47      7F71
  48 0036 65F9F62B 		.ascii	"e\371\366+\032\300d\273m\210\306\321\212\206\030\255"
  48      1AC064BB 
  48      6D88C6D1 
  48      8A8618AD 
  49 0046 140CEC0A 		.ascii	"\024\014\354\012j\304\240(\021Q@j\214P1\306\017$\200"
  49      6AC4A028 
  49      1151406A 
  49      8C5031C6 
  49      0F2480
  50 0059 8AD8F79C 		.ascii	"\212\330\367\234\367\336\335;\0332\316f\007\316\236"
  50      F7DEDD3B 
  50      1B32CE66 
  50      07CE9E
  51 0068 8FF77D9E 		.ascii	"\217\367}\236\347=\347}\317\275\2531\306\276\0120\366"
  51      E73DE77D 
  51      CFBDAB31 
  51      C6BE0A30 
  51      F6
  52 0079 067EAF07 		.ascii	"\006~\257\007\306\240\210\201\362\316y\3066\271\024"
  52      C6A08881 
  52      F2CE79C6 
  52      36B914
  53 0088 D0A8C315 		.ascii	"\320\250\303\025\307]\225\031\036u\367\031\306\014\237"
  53      C75D9519 
  53      1E75F719 
  53      C60C9F
  54 0097 039C34AF 		.ascii	"\003\2344\257\222\301\011\227\246\360\216S\270\344q"
  54      92C10997 
  54      A6F08E53 
  54      B8E471
  55 00a6 0EBBD0C0 		.ascii	"\016\273\320\300\011.2p)\205G{\304|p\314\213\363\205"
  55      092E3270 
  55      2985477B 
  55      C47C70CC 
  55      8BF385
  56 00b9 345F1604 		.ascii	"4_\026\004\267\370\006\267\022\242\345\034\271\034\242"
  56      B7F806B7 
  56      12A2E51C 
  56      B91CA2
  57 00c8 E9B21CF0 		.ascii	"\351\262\034\360\310e\217R@\313^\271\\@\323e^\360\021"
  57      C8658F52 
  57      40CB5EB9 
  57      5C40D365 
  57      5EF011
  58 00db BA4FC9A7 		.ascii	"\272O\311\247\365l\271\236O\363e\331\340\227\356~%\217"
ARM GAS  /tmp/ccNYVpr8.s 			page 4


  58      F56CB99E 
  58      4FF365D9 
  58      E097EE7E 
  58      258F
  59 00ed 9675B99C 		.ascii	"\226u\271\234G\323e:\004\310=\240\344\322z\226\\\317"
  59      47D3653A 
  59      04C83DA0 
  59      E4D27A96 
  59      5CCF
  60 00ff A5F9B22C 		.ascii	"\245\371\262,\000\361m\270\200U(\334\241jNWa\320\035"
  60      00F16DB8 
  60      805528DC 
  60      A16A4E57 
  60      61D01D
  61 0112 CAF11478 		.ascii	"\312\361\024x}\371\331\376<=\220\233\005\025.\215A\302"
  61      7DF9D9FE 
  61      3C3D909B 
  61      05152E8D 
  61      41C2
  62 0124 012ED930 		.ascii	"\001.\3310\361\241\026?n\253\343\261:>\253\343\267:"
  62      F1A1163F 
  62      6EABE3B1 
  62      3A3EABE3 
  62      B73A
  63 0136 01ABB385 		.ascii	"\001\253\263\2057r\350\251\235\354PJ\367\031\370I\354"
  63      3772E8A9 
  63      9DEC504A 
  63      F719F849 
  63      EC
  64 0147 9AD76A8C 		.ascii	"\232\327j\214\352P\2143\326\314\311\006\216@)C\263\213"
  64      EA508C33 
  64      D6CCC906 
  64      8E402943 
  64      B38B
  65 0159 559FC4F8 		.ascii	"U\237\304\370f\036\343\000\016\034>8\027\375Z\027C\005"
  65      661EE300 
  65      0E1C3E38 
  65      17FD5A17 
  65      4305
  66 016b 4A70B8F7 		.ascii	"Jp\270\367\213\336n\235\277\004\302\262~l[\227\276b"
  66      8BDE6E9D 
  66      BF04C2B2 
  66      7E6C5B97 
  66      BE62
  67 017d 8F041C8F 		.ascii	"\217\004\034\217\351Q#QU\022\343\034\216\001GP\3707"
  67      E9512351 
  67      5512E31C 
  67      8E014750 
  67      F837
  68 018f 14C35128 		.ascii	"\024\303Q(\226\340h\335\177{\344\212\316_\226\236\207"
  68      96E068DD 
  68      7F7BE48A 
  68      CE5F969E 
  68      87
  69 01a0 FB772C72 		.ascii	"\373w,r\323s\2608\351\370\237%\035\223\012@*\370\370"
  69      D373B038 
  69      E9F89F25 
ARM GAS  /tmp/ccNYVpr8.s 			page 5


  69      1D930A40 
  69      2AF8F8
  70 01b3 563CE621 		.ascii	"V<\346!A\206\202\343\266\346\275_\272y\231\304\375\346"
  70      418682E3 
  70      B6E6BD5F 
  70      BA7999C4 
  70      FDE6
  71 01c5 E2A3DF98 		.ascii	"\342\243\337\230\260\347c\241\035\206q\306p\304\270"
  71      B0E763A1 
  71      1D8671C6 
  71      70C4B8
  72 01d4 033E23E0 		.ascii	"\003>#\340\343\010\334\231\002\2569\031\033u\361_I\317"
  72      E308DC99 
  72      02AE3919 
  72      1B75F15F 
  72      49CF
  73 01e6 8FAEB536 		.ascii	"\217\256\2656\312X*\215\304\351X\376\356\010\271\252"
  73      CA582A8D 
  73      C4E958FE 
  73      EE08B9AA 
  74 01f6 D0BDA4A6 		.ascii	"\320\275\244\246\252\305K\303\032\177]\272V\016\317"
  74      AAC54BC3 
  74      1A7F5DBA 
  74      560ECF
  75 0205 F5FA4CD7 		.ascii	"\365\372L\327\233\037r\343#C\021\216\211%\035o\034^"
  75      9B1F72E3 
  75      2343118E 
  75      89251D6F 
  75      1C5E
  76 0217 6CF26B0E 		.ascii	"l\362k\0168\001+ \216\377]\370\337\201\377\355\260\202"
  76      38012B20 
  76      8EFF5DF8 
  76      DF81FFED 
  76      B082
  77 0229 4E027A00 		.ascii	"N\002z\000\017\2351\236\\\306\245\266A5a,>\2535\022"
  77      0F9D319E 
  77      5CC6A5B6 
  77      4135612C 
  77      3EAB3512 
  78 023d 93CBE247 		.ascii	"\223\313\342G?\017\342\376\343~)\242\341\330h\016l\234"
  78      3F0FE2FE 
  78      E37E29A2 
  78      E1D8680E 
  78      6C9C
  79 024f AAE869A2 		.ascii	"\252\350i\242\347\024=\0276.\267\350yD\317+z>\321\370"
  79      E7143D17 
  79      362EB7E8 
  79      7944CF2B 
  79      7A3ED1F8 
  80 0263 9980D499 		.ascii	"\231\200\324\231 \010\310~\216\230\016\212&W\230\346"
  80      2008C87E 
  80      8E980E8A 
  80      265798E6 
  81 0273 09DC7C6C 		.ascii	"\011\334|l\334\005\242\011\211\246P\254\026\211f\231"
  81      DC05A209 
  81      89A650AC 
  81      16896699 
ARM GAS  /tmp/ccNYVpr8.s 			page 6


  82 0283 688A45F3 		.ascii	"h\212E\363\202h\226\213\346E\321\224J\254\225\022\227"
  82      8268968B 
  82      E645D194 
  82      4AAC9512 
  82      97
  83 0294 B13A0C66 		.ascii	"\261:\014f\314k$X=\352\034\363F\022\3546T6O\365E\234"
  83      CC6B2458 
  83      3DEA1CF3 
  83      4612EC36 
  83      54364FF5 
  84 02aa 22421118 		.ascii	"\"B\021\030\356Fsu\317\200S\234\245G\356d\344q\374\241"
  84      EE467375 
  84      CF80539C 
  84      A547EE64 
  84      E471FCA1 
  85 02be 5EF1D4C0 		.ascii	"^\361\324\300\274\364\264p\332\260G\027\277\255\363"
  85      BCF4B470 
  85      DAB04717 
  85      BFADF3
  86 02cd B6C03F37 		.ascii	"\266\300?7e\211\203<\011\025\320+v\023NA\013\260I\250"
  86      6589833C 
  86      0915D02B 
  86      76134E41 
  86      0BB049A8 
  87 02e1 6C69DD46 		.ascii	"li\335F\210\035\0221z|\346\254*\0209V\315i\264\274\015"
  87      881D1231 
  87      7A7CE6AC 
  87      2A103956 
  87      CD69B4BC 
  88 02f6 3D33B706 		.ascii	"=3\267\006\"\036acg\364J\306#\335\037<Tih$\032\015\221"
  88      221E6163 
  88      67F44AC6 
  88      23DD1F3C 
  88      54696824 
  89 030d F0BDF343 		.ascii	"\360\275\363C\333uA\210Y\324\262<\306}p\006\217\360"
  89      DB754188 
  89      59D4B23C 
  89      C67D7006 
  89      8FF0
  90 031f 73418AAB 		.ascii	"sA\212\253\361\367Z\207\374\341CF\325&\003S\326\017"
  90      F1F75A87 
  90      FCE14346 
  90      D5260353 
  90      D60F
  91 0331 7D28A349 		.ascii	"}(\243IV\020\234\205\260\250\262\276\206{^\201\350\207"
  91      56109C85 
  91      B0A8B2BE 
  91      867B5E81 
  91      E887
  92 0343 96060E5F 		.ascii	"\226\006\016_X\022\256$%dF\320\237\"8'\011N\237<\027"
  92      5812AE24 
  92      256446D0 
  92      9F223827 
  92      094E9F3C 
  93 0358 3109F67F 		.ascii	"1\011\366\177\312\341<\021tN]\335#\011\242<=\210\222"
  93      CAE13C11 
  93      744E5DDD 
ARM GAS  /tmp/ccNYVpr8.s 			page 7


  93      2309A23C 
  93      3D8892
  94 036b 1FA40001 		.ascii	"\037\244\000\0012 \011@\020\\\2000bE\026j\200\220L\260"
  94      32200940 
  94      105C8030 
  94      6245166A 
  94      80904CB0 
  95 037f A681861E 		.ascii	"\246\201\206\036\215\030\027\237\341\005A\214\227\032"
  95      8D18179F 
  95      E105418C 
  95      971A
  96 038d 6089809E 		.ascii	"`\211\200\236C6\230\"\373\022\302\310@\332G{\235\304"
  96      43369822 
  96      FB12C2C8 
  96      40DA477B 
  96      9DC4
  97 039f E8B21F91 		.ascii	"\350\262\037\221.\217\250\353\335m\343\012\015\215\353"
  97      2E8FA8EB 
  97      DD6DE30A 
  97      0D8DEB
  98 03ae 3BE4118D 		.ascii	";\344\021\215\364\037\370\330\225\"\014\300\020\022"
  98      F41FF8D8 
  98      95220CC0 
  98      1012
  99 03bc 5E320967 		.ascii	"^2\011g\367]\370\216\233\204YpY\022*\202p\230\242\233"
  99      F75DF88E 
  99      9B845970 
  99      59122A82 
  99      7098A29B 
 100 03d0 B7A2F310 		.ascii	"\267\242\363\020\335\323\221\363Cn\201\357\002c\201"
 100      DDD391F3 
 100      436E81EF 
 100      026381
 101 03df C195F4E8 		.ascii	"\301\225\364\3502 \273\232\"\033\021\321y\350\350\027"
 101      3220BB9A 
 101      221B11D1 
 101      79E8E817 
 102 03ef 7AADA33F 		.ascii	"z\255\243?|}\3413\007eg\216=\322l\031\351\375'\261Q"
 102      7C7DE133 
 102      0765678E 
 102      3DD26C19 
 102      E9FD27B1 
 103 0404 858646CB 		.ascii	"\205\206F\313N\031i\355\310\370.\247\225+\277\305*\313"
 103      4E1969ED 
 103      C8F82EA7 
 103      952BBFC5 
 103      2ACB
 104 0416 816B483F 		.ascii	"\201kH?f\322\367\2777S\222\314\225 \214K~\263p\266W"
 104      66D2F7BF 
 104      375392CC 
 104      95208C4B 
 104      7EB370B6 
 105 042b 6F6E77AF 		.ascii	"onw\257n\023\213-o\013u\377\2050\214\322M\004\327a\265"
 105      6E138B2D 
 105      6F0B75FF 
 105      85308CD2 
 105      4D04D761 
ARM GAS  /tmp/ccNYVpr8.s 			page 8


 106 0440 9D3F0B18 		.ascii	"\235?\013\030|ee\352\323\244\334\231\216\232\307:\311"
 106      7C6565EA 
 106      D3A4DC99 
 106      8E9AC73A 
 106      C9
 107 0451 0D662CE6 		.ascii	"\015f,\346k\273\230x\337\376\006\277]\314M\024s\303"
 107      6BBB9878 
 107      DFFE06BF 
 107      5DCC4D14 
 107      73C3
 108 0463 143301AB 		.ascii	"\0243\001\253S\354[&\264\364R\315\225\273\023?\322y"
 108      53EC5B26 
 108      B4F452CD 
 108      95BB133F 
 108      D279
 109 0475 D04F43A3 		.ascii	"\320OC\243\345}\271;\035\265;\2534KPQ\214\347\301\377"
 109      E57DB93B 
 109      1DB53BAB 
 109      344B5051 
 109      8CE7C1FF 
 110 0489 50CFA4A9 		.ascii	"P\317\244\251\347\323\313\3237\264\244\240|\270%\005"
 110      E7D3CBD3 
 110      37B4A4A0 
 110      7CB82505 
 111 0499 3904E394 		.ascii	"9\004\343\224\254\244$A>\206\177\333\022\360\367\357"
 111      ACA42441 
 111      3E867FDB 
 111      12F0F7EF 
 112 04a9 0B289002 		.ascii	"\013(\220\002\216\355\237\030r\320\3200H\300\241\261"
 112      8EED9F18 
 112      72D0D030 
 112      48C0A1B1 
 113 04b9 B9019F4D 		.ascii	"\271\001\237M@\010\356\240\200oL\001\327zo\356\361\332"
 113      4008EEA0 
 113      806F4C01 
 113      D77A6FEE 
 113      F1DA
 114 04cb 047C2B05 		.ascii	"\004|+\005\250B\300])\340\303\205C\235~\022P\005p\317"
 114      A842C05D 
 114      29E0C385 
 114      439D7E12 
 114      500570CF 
 115 04df AAE40FF6 		.ascii	"\252\344\017\366\232\325\220\223FQ\362\203\014 0\356"
 115      9AD59093 
 115      4651F283 
 115      0C2030EE 
 116 04ef A7F01FA4 		.ascii	"\247\360\037\244\345z\220\300\006\357\367\377C\336\035"
 116      E57A90C0 
 116      06EFF7FF 
 116      43DE1D
 117 04fe 1A64C174 		.ascii	"\032d\301tz\246g@\3650E5#2=(\257\342}M\205\362*\216"
 117      7AA66740 
 117      F5304535 
 117      23323D28 
 117      AFE27D4D 
 118 0516 CBABB8EF 		.ascii	"\313\253\270\357\354\256\375>A\246\202\023\276C\030"
 118      ECAEFD3E 
ARM GAS  /tmp/ccNYVpr8.s 			page 9


 118      41A68213 
 118      BE4318
 119 0525 61F2AF3C 		.ascii	"a\362\257<iqBZ$\037\345Xz\012\314\232&mME\322\006\037"
 119      6971425A 
 119      241FE558 
 119      7A0ACC9A 
 119      266D4D45 
 120 053c 26B05264 		.ascii	"&\260RdH=f\321\271_\320\023\244{\352`\265N1\345\"B\303"
 120      483D66D1 
 120      B95FD013 
 120      A47BEA60 
 120      B54E31E5 
 121 0553 85F97B3A 		.ascii	"\205\371{:\346\025)V\305c%\312\345k\017\314\301j6\001"
 121      E6152956 
 121      C56325CA 
 121      E56B0FCC 
 121      C16A3601 
 122 0567 5523BD27 		.ascii	"U#\275'\315=\310\225\014L\002:\330\021\007\001N\327"
 122      CD3DC895 
 122      0C4C023A 
 122      D8110701 
 122      4ED7
 123 0579 5E1B2A27 		.ascii	"^\033*'\203\225Q\356\027\012J\254 p\212\261Y\360#$\027"
 123      839551EE 
 123      170A4AAC 
 123      20708AB1 
 123      59F02324 
 124 058e 5E2A8BFE 		.ascii	"^*\213\376\\zE\232k\272\206\016*\344V\212\313\360\223"
 124      5C7A459A 
 124      6BBA860E 
 124      2AE4568A 
 124      CBF093
 125 05a1 E29467BB 		.ascii	"\342\224g\273\360,\225<\032\233=\301\320e\022\024F\363"
 125      F02C953C 
 125      1A9B3DC1 
 125      D0651214 
 125      46F3
 126 05b3 01216AA0 		.ascii	"\001!j\240\267\230|\003\242\312\032\252\3478U\231\023"
 126      B7987C03 
 126      A2CA1AAA 
 126      E7385599 
 126      13
 127 05c4 E649E22C 		.ascii	"\346I\342,\0040veP\300\253\3239\210\344\244\207\250"
 127      04307665 
 127      50C0ABD3 
 127      3988E4A4 
 127      87A8
 128 05d6 0492D274 		.ascii	"\004\222\322t\251\336\311\242\370\320\223\203\310}\015"
 128      A9DEC9A2 
 128      F8D09383 
 128      C87D0D
 129 05e5 070A8EE1 		.ascii	"\007\012\216\341\247\305t\217w\015\317\233\301\347\341"
 129      A7C5748F 
 129      770DCF9B 
 129      C1E7E1
 130 05f4 8A28E1AD 		.ascii	"\212(\341\255}\007\314\013h>\000\217d\006\340\026\230"
 130      7D07CC0B 
ARM GAS  /tmp/ccNYVpr8.s 			page 10


 130      683E008F 
 130      6406E016 
 130      98
 131 0605 46F96827 		.ascii	"F\371h'&\314\224\210\362\002\234\243<\3523S2\204\223"
 131      26CC9488 
 131      F2029CA3 
 131      3CEA3353 
 131      328493
 132 0618 887339DE 		.ascii	"\210s9\3361-O\316\015F\005<N\303)D;J\255\016\276Dn="
 132      312D4FCE 
 132      0D46053C 
 132      4EC32944 
 132      3B4AAD0E 
 133 0630 BF529EC8 		.ascii	"\277R\236\310\364\322\3041.\210\364*\024;\242\343q8"
 133      F4D2C431 
 133      2E88F42A 
 133      143BA2E3 
 133      7138
 134 0642 3A5BA740 		.ascii	":[\247@$\223\326y\240\017p[\\\014_\243\345\231`\341"
 134      2493D679 
 134      A00F705B 
 134      5C0C5FA3 
 134      E59960E1 
 135 0656 744F982A 		.ascii	"tO\230*\213\236\227\315\017\356E\027\003H\330(\011\013"
 135      8B9E97CD 
 135      0FEE4517 
 135      0348D828 
 135      090B
 136 0668 E1A92474 		.ascii	"\341\251$t\012\302E\363!(6\223\023\324\251gs\211\000"
 136      0AC245F3 
 136      21283693 
 136      13D4A967 
 136      738900
 137 067b 958D02CF 		.ascii	"\225\215\002\317\020B\346U\277\031\255x\267n\273\323"
 137      1042E655 
 137      BF19AD78 
 137      B76EBBD3 
 138 068b F1C84F16 		.ascii	"\361\310O\026\014s\231\322\254\016u\343\273?\324ay\214"
 138      0C7399D2 
 138      AC0E75E3 
 138      BB3FD461 
 138      798C
 139 069d 79A19EBB 		.ascii	"y\241\236\273\355b\373\254*_\226\251\330MJRl\245\222"
 139      ED62FBAC 
 139      2A5F96A9 
 139      D84D4A52 
 139      6CA592
 140 06b0 12AB2294 		.ascii	"\022\253\"\224,jT7\232T\247\332\344\204L99$\307c\227"
 140      2C6A5437 
 140      9A54A7DA 
 140      E4844C39 
 140      3924C763 
 141 06c5 D37FCA94 		.ascii	"\323\177\312\224S\234\251\234HJN\225M\216\223\240\236"
 141      539CA99C 
 141      484A4E95 
 141      4D8E93A0 
 141      9E
ARM GAS  /tmp/ccNYVpr8.s 			page 11


 142 06d6 DC6ABC0A 		.ascii	"\334j\274\012\2643>\250V\322\3249\355\257l\032\276\262"
 142      B4333EA8 
 142      56D2D439 
 142      EDAF6C1A 
 142      BEB2
 143 06e8 D524C516 		.ascii	"\325$\305\026H\261\365\334k\275=\342\335<\232\274\233"
 143      48B1F5DC 
 143      6BBD3DE2 
 143      DD3C9ABC 
 143      9B
 144 06f9 33CBA75A 		.ascii	"3\313\247Z)Q\374v\202:E\276\245M\177\262\317G\234\370"
 144      2951FC76 
 144      823A45BE 
 144      A54D7FB2 
 144      CF479CF8 
 145 070d 3B4631AF 		.ascii	";F1\257\376\361\037\011\337 \341\305/2\330,\341w\317"
 145      FEF11F09 
 145      DF20E1C5 
 145      2F32D82C 
 145      E177CF
 146 0720 46B67AE9 		.ascii	"F\266z\351bO0\330\242\320-\346\263\357\367\224\225\253"
 146      624F30D8 
 146      A2D02DE6 
 146      B3EFF794 
 146      95AB
 147 0732 2F64BADF 		.ascii	"/d\272\337[S\373\275\315\266\337n\202J\376Z\322\240"
 147      5B53FBBD 
 147      CDB6DF6E 
 147      824AFE5A 
 147      D2A0
 148 0744 04B62B69 		.ascii	"\004\266+i\271\352\266eC\276\231\015\331\224\015~\273"
 148      B9EAB665 
 148      43BE990D 
 148      D9940D7E 
 148      BB
 149 0755 BA3B96BA 		.ascii	"\272;\226\272\345\231\252{'\245n\207M\235\227\240\332"
 149      E599AA7B 
 149      27A56E87 
 149      4D9D97A0 
 149      DA
 150 0766 EFB6B69B 		.ascii	"\357\266\266\233u\202\033\2633]\236\327&/\317<\177\335"
 150      75821BB3 
 150      335D9ED7 
 150      262FCF3C 
 150      7FDD
 151 0778 76FE4F7E 		.ascii	"v\376O~\344\001\275\253$\357\223F%l\222\324\343]l\013"
 151      E401BDAB 
 151      24EF9346 
 151      256C92D4 
 151      E35D6C0B 
 152 078c 79D12A80 		.ascii	"y\321*\200\0273\015\271)\025r\263-d\037B}?\343\251\010"
 152      17330DB9 
 152      291572B3 
 152      2D641F42 
 152      7D3FE3A9 
 153 07a1 28C45C33 		.ascii	"(\304\\3\304\254d\210c`\373u\364\376\365\304N\365\225"
 153      C4AC6488 
ARM GAS  /tmp/ccNYVpr8.s 			page 12


 153      6360FB75 
 153      F4FEF5C4 
 153      4EF595
 154 07b4 63461D3E 		.ascii	"cF\035>r\035\014v)\257\260\273\370|<\036\223F&\006\240"
 154      721D0C76 
 154      29AFB0BB 
 154      F87C3C1E 
 154      93462606 
 155 07c9 2FBE71FE 		.ascii	"/\276q\376l\325\252"
 155      6CD5AA
 156 07d0 30FDADDF 		.ascii	"0\375\255\337\030\376\303\232u\341?\255\337P\2761\374"
 156      18FEC39A 
 156      75E13FAD 
 156      DF50BE31 
 156      FC
 157 07e1 DAABAFFF 		.ascii	"\332\253\257\377\362\327\257\276\021~\355\345\227\376"
 157      F2D7AFBE 
 157      117EEDE5 
 157      97FE
 158 07ef 2AA6DF5C 		.ascii	"*\246\337\\\267\356\255U\277c\260V\337\260\246|\355"
 158      B7EEAD55 
 158      BF63B056 
 158      DFB0A67C 
 158      ED
 159 0800 FA37FFFC 		.ascii	"\3727\377\374\2275\177,_[\3767M\0167\252\277\337\360"
 159      97357F2C 
 159      5F5BFE37 
 159      4D0E37AA 
 159      BFDFF0
 160 0813 D6DAB755 		.ascii	"\326\332\267U9\370?\237o_\315"
 160      39F83F9F 
 160      6F5FCD
 161              		.text
 162              		.section	.gnu.lto__cfm.c72fc722e2e70f4d,"",%progbits
 163 0000 789C2DCC 		.ascii	"x\234-\314\313j\302@\024\200\3419\031\223z\367\005|"
 163      CB6AC240 
 163      1480E139 
 163      19937AF7 
 163      057C
 164 0012 09EBC647 		.ascii	"\011\353\306Gs\231\202B\251[\241\013\263\020\252H)j"
 164      73998242 
 164      A95BA10B 
 164      B310AA48 
 164      296A
 165 0024 408D4DD4 		.ascii	"@\215M\324\326\013.\272\323U\011u\031D\352F$\340\302"
 165      D60B2EBA 
 165      D3550975 
 165      1944EA46 
 165      24E0C2
 166 0037 EB89E70C 		.ascii	"\353\211\347\0143\374|\234\231\321\204\020y\020\002"
 166      33FC7C9C 
 166      99D18410 
 166      791002
 167 0046 F77D9525 		.ascii	"\367}\225%\264\213\336{\270$\015)\340\012\350\326\336"
 167      B48BDE7B 
 167      B8240D29 
 167      E00AE8D6 
ARM GAS  /tmp/ccNYVpr8.s 			page 13


 167      DE
 168 0057 6F698101 		.ascii	"oi\201\001R\310\363\352\351\242\020\223\310\267\177"
 168      52C8F3EA 
 168      E9A21093 
 168      C8B77F
 169 0066 7BA61213 		.ascii	"{\246\022\023\310\325\366\257\302\217/\301g\307M\331"
 169      C8D5F6AF 
 169      C28F2FC1 
 169      67C74DD9 
 170 0076 051AC791 		.ascii	"\005\032\307\221\277n\301f\306\202\277v\213s\234\030"
 170      BF6EC166 
 170      C682BF76 
 170      8B739C18 
 171 0086 457E5875 		.ascii	"E~Xu\207\247\021\244\377R<H\342\003\322;6\235$QC\376"
 171      87A711A4 
 171      FF523C48 
 171      E203D23B 
 171      369D2451 
 172 009c D49C13BF 		.ascii	"\324\234\023\277U\221\313\202i\360\345\020r\2727\033"
 172      5591CB82 
 172      69F0E510 
 172      72BA371B 
 173 00ac 3C95C8F9 		.ascii	"<\225\310\371\3650N\021\025\244\351\276\256\0239K\177"
 173      F5304E11 
 173      15A4E9BE 
 173      AE13394B 
 173      7F
 174 00bd AEEABA6A 		.ascii	"\256\352\272jH\0052i\350@\032\036)\023\240\216\271\337"
 174      48053269 
 174      E8401A1E 
 174      2913A08E 
 174      B9DF
 175 00cf DC2FEE88 		.ascii	"\334/\356\210;\344f)\003\246\303\265\271\237x\372x,"
 175      3BE46629 
 175      03A6C3B5 
 175      B99F78FA 
 175      782C
 176 00e1 768FDBA5 		.ascii	"v\217\333\245\012\230BN\334\000{0n\304"
 176      0A98424E 
 176      DC007B30 
 176      6EC4
 177              		.text
 178              		.section	.gnu.lto_.symbol_nodes.c72fc722e2e70f4d,"",%progbits
 179 0000 789C6363 		.ascii	"x\234cc``p\002b\006\246\006\246z\006\206\011\347\030"
 179      60607002 
 179      6206A606 
 179      A67A0686 
 179      09E718
 180 0013 1880D4AE 		.ascii	"\030\200\324\256\006G\240H#S=#\212\010k\023\023C\203"
 180      0647A048 
 180      23533D23 
 180      8A086B13 
 180      134383
 181 0026 12030333 		.ascii	"\022\003\0033\353\177F\306F%\006\275\344\264\334\344"
 181      EB7F46C6 
 181      462506BD 
 181      E4B4DCE4 
ARM GAS  /tmp/ccNYVpr8.s 			page 14


 182 0036 FCBCB4CC 		.ascii	"\374\274\264\314t\240\001\000\017\365\017\262"
 182      74A00100 
 182      0FF50FB2 
 183              		.text
 184              		.section	.gnu.lto_.refs.c72fc722e2e70f4d,"",%progbits
 185 0000 789C6363 		.ascii	"x\234cc```\003bFF\006&F\006\000\000\261\000\022"
 185      60606003 
 185      62464606 
 185      26460600 
 185      00B10012 
 186              		.text
 187              		.section	.gnu.lto_.decls.c72fc722e2e70f4d,"",%progbits
 188 0000 789CBD59 		.ascii	"x\234\275YiPTY\226\316\373nf\202\011\242\201\306\204"
 188      69505459 
 188      96CEFB6E 
 188      668209A2 
 188      81C684
 189 0013 51C3B476 		.ascii	"Q\303\264v\215m\321S\015\011XU\372k\272:RK\014q\011"
 189      8D6DD153 
 189      0D095855 
 189      FA6BBA3A 
 189      524B0C71 
 190 0028 A0AA63E6 		.ascii	"\240\252c\346\307\3204R\255]\0125\005\306TEO\314<V\021"
 190      C7D03452 
 190      AD5D0A35 
 190      05C65445 
 190      4FCC3C56 
 191 003d 10770544 		.ascii	"\020w\005D\240\004\025euc\025YDVA\304\025\224\002)@"
 191      A0041565 
 191      75631559 
 191      445641C4 
 191      15940229 
 192 0052 C18D5565 		.ascii	"\301\215Ue\021\346\334\345\2217\223d\252:f\242_\360"
 192      11E6DCE5 
 192      91379364 
 192      AA3A66A2 
 192      5FF0
 193 0064 BD97E7DD 		.ascii	"\275\227\347\335s\317=\367\234s\317=\357\242U\251T\205"
 193      73CF3DF7 
 193      9C73CF3D 
 193      EFA255A9 
 193      5485
 194 0076 EFAB54D1 		.ascii	"\357\253T\321X\245\372\024\251T\323p\251\341]\205\312"
 194      58A5FA14 
 194      A954D370 
 194      A9E15D85 
 194      CA
 195 0087 78498012 		.ascii	"xI\200\022@)\377\335\016\230T\231^\377\001}\341O\365"
 195      4029FFDD 
 195      0E985499 
 195      5EFF017D 
 195      E14FF5
 196 009a 074E23DE 		.ascii	"\007N#\336\307\374\372\0134\274\307\371\354\001\213"
 196      C7FCFA0B 
 196      34BCC7F9 
 196      EC018B
 197 00a9 01FF0A68 		.ascii	"\001\377\012h\003<\0008\000V\000>\000LqA\037\002~\015"
ARM GAS  /tmp/ccNYVpr8.s 			page 15


 197      033C0038 
 197      0056003E 
 197      004C7141 
 197      1F027E0D 
 198 00bd B001C880 		.ascii	"\260\001\310\200\377\002\254\002$\001\022\001q\200S"
 198      FF02AC02 
 198      24011201 
 198      718053
 199 00cc 80344032 		.ascii	"\2004@2\340\006\240\001\220\013\320\201\210\177\204"
 199      E006A001 
 199      900BD081 
 199      887F84
 200 00db E70AC077 		.ascii	"\347\012\300w\200#\200\024\300\025@\031\240\004p\025"
 200      80238014 
 200      C0154019 
 200      A0047015 
 201 00eb 50C4F52F 		.ascii	"P\304\365/\345\272\267\233\351=\006/1\327\217\350<a"
 201      E5BAB79B 
 201      E93D062F 
 201      31D78FE8 
 201      3C61
 202 00fd 616ECA75 		.ascii	"an\312u\030\243\342\212\3222\233\016\324\216\300^h!"
 202      18A3E28A 
 202      D2329B0E 
 202      D48EC05E 
 202      6821
 203 010f B3086277 		.ascii	"\263\010bwx\022PzZ\271\020{\017o%\366\340\254\204P\272"
 203      7812507A 
 203      5AB9107B 
 203      0F6F25F6 
 203      E0AC8450 
 204 0124 A0993712 		.ascii	"\240\2317\022\227!)r\351\037\027\200D\251\254\235\015"
 204      97212972 
 204      E91F1780 
 204      44A9AC9D 
 204      0D
 205 0135 A75C6C86 		.ascii	"\247\\l\206\354\207\320\217\275\222\214\203\011]f\351"
 205      EC87D08F 
 205      BD928C83 
 205      095D66E9 
 206 0145 AA9A699E 		.ascii	"\252\232i\236Q\3128I\304\215p\367yl\216m'\372\001Z\377"
 206      51CA3849 
 206      C48D70F7 
 206      796C8E6D 
 206      27FA015A 
 207 015a 45A5DA6F 		.ascii	"E\245\332o\275\023\221\267\011\311\373\3620\226\350"
 207      BD1391B7 
 207      09C9FBF2 
 207      3096E8
 208 0169 EFBDE9B5 		.ascii	"\357\275\351\265\267\325x\001\375\035\033v4\0179g\311"
 208      B7D57801 
 208      FD1D1B76 
 208      340F3967 
 208      C9
 209 017a ECB2FE4F 		.ascii	"\354\262\376O\025\312GX\261\347\365\3517\345\013b0\262"
 209      15CA4758 
 209      B1E7F5E9 
ARM GAS  /tmp/ccNYVpr8.s 			page 16


 209      37E50B62 
 209      30B2
 210 018c D72109C8 		.ascii	"\327!\011\310\226\201\033'l\200\\\254C\013\201\314\212"
 210      96811B27 
 210      6C805CAC 
 210      430B81CC 
 210      8A
 211 019d 9D3EAC59 		.ascii	"\235>\254Yr\224\364\333\037&/\224\320\037\376\016\025"
 211      7294F4DB 
 211      1F262F94 
 211      D01FFE0E 
 211      15
 212 01ae 21075488 		.ascii	"!\007T\210\300]\250\030-\201{\200\232I\352;\332\327"
 212      C05DA818 
 212      2D817B80 
 212      9A49EA3B 
 212      DAD7
 213 01c0 6DF77EAA 		.ascii	"m\367~\252\234\327)\227\277\212_\235p#Rn\206~\237R>"
 213      9CD72997 
 213      BF8A5F9D 
 213      7023526E 
 213      867E9F52 
 214 01d5 74196154 		.ascii	"t\031aT\200\234\311$.\223\321\321%\324\211\320E\324"
 214      809CC924 
 214      2E93D1D1 
 214      25D489D0 
 214      45D4
 215 01e7 01732841 		.ascii	"\001s(A\357C\377\261\232\244\3258\210j\374\250\241+"
 215      EF43FFB1 
 215      9AA4D538 
 215      886AFCA8 
 215      A12B
 216 01f9 DA0644A5 		.ascii	"\332\006D\245\202\250\256\277O\224\313CA\220D\345\\"
 216      82A8AEBF 
 216      4F94CB43 
 216      419044E5 
 216      5C
 217 020a 31CAB962 		.ascii	"1\312\271b.\247\224\312\251y~\257\316\012\246\360\201"
 217      2EA794CA 
 217      A9797EAF 
 217      CE0AA6F0 
 217      81
 218 021b 0EC9B640 		.ascii	"\016\311\266@\217DG\274\301lJV@N\226\365\035\264\345"
 218      8F4447BC 
 218      C16C4A56 
 218      404E96F5 
 218      1DB4E5
 219 022e CD3AA0BB 		.ascii	"\315:\240\273'\262\213\355X\263\026\310w\367\236U!\336"
 219      27B28BED 
 219      58B316C8 
 219      77F79E55 
 219      21DE
 220 0240 6C0D745D 		.ascii	"l\015t]z\361\244-k\326\000y\354\305\330{\274U\015\344"
 220      7AF1A42D 
 220      6BD60079 
 220      ECC5D87B 
 220      BC550DE4 
ARM GAS  /tmp/ccNYVpr8.s 			page 17


 221 0254 ADF0BC24 		.ascii	"\255\360\274$.\233\2209O\313\222t\274\231X\263r(\357"
 221      2E9B9039 
 221      4FCB9274 
 221      BC9958B3 
 221      7228EF
 222 0267 0CEF8C81 		.ascii	"\014\357\214\201\314\357\255\253V\232\221`\373\305\314"
 222      CCEFADAB 
 222      569A9160 
 222      FBC5CC
 223 0276 F6052F33 		.ascii	"\366\005/3\013\346\263\346rb\205\301\306\304\037\355"
 223      0BE6B3E6 
 223      726285C1 
 223      C6C41FED 
 224 0286 18BD4C98 		.ascii	"\030\275L\230\207=\233\2072\264=\033Za^\314\230\273"
 224      873D9B87 
 224      32B43D1B 
 224      5A615ECC 
 224      98BB
 225 0298 EB872ED8 		.ascii	"\353\207.\330\351\242\210\343R\303\344y\356\204\255"
 225      E9A288E3 
 225      52C3E479 
 225      EE84AD
 226 02a7 091CD748 		.ascii	"\011\034\327H\035w\023\301\352Ez\007t\003H\241\263="
 226      1D7713C1 
 226      EA457A07 
 226      740348A1 
 226      B33D
 227 02b9 EBAC4C63 		.ascii	"\353\254Lc1\237F{\355\331L\314\024!a\272\000^\345>/"
 227      319F467B 
 227      EDD94CCC 
 227      142161BA 
 227      005EE53E 
 228 02ce 1AE3BA12 		.ascii	"\032\343\272\022\001-\373\206\322\255p$\"\204\324\321"
 228      012DFB86 
 228      D2AD7024 
 228      2284D4D1 
 229 02de 3AF1C80E 		.ascii	":\361\310\016\351\034a\364P6\272jflt\0179\222N\304\205"
 229      E91C61F4 
 229      5036BA6A 
 229      666C740F 
 229      39924EC4 
 230 02f3 E836BC6C 		.ascii	"\3506\274l\201\227\247\211\232\3457\317\375s\302\220"
 230      8197A789 
 230      9AE537CF 
 230      FD73C290 
 231 0303 2C2F4377 		.ascii	",/Cw\221\016\3351\272\371\003\035\213\257\263\351\007"
 231      910EDD31 
 231      BAF9031D 
 231      8BAFB3E9 
 231      07
 232 0314 4E6A7102 		.ascii	"Njq\002\215o\251\344x\317ui\2561Z\347\034\343\376\215"
 232      8D6FA9E4 
 232      78CF7569 
 232      AE315AE7 
 232      1CE3FE8D 
 233 0328 F7AB2348 		.ascii	"\367\253#H(=\2001\356\033\307\270\213\370 I\375\303"
 233      283D8031 
ARM GAS  /tmp/ccNYVpr8.s 			page 18


 233      EE1BC7B8 
 233      8BF82049 
 233      FDC3
 234 033a D376F6FB 		.ascii	"\323v\366\373i\300C\354\252)\343-\220\321L\015\327\206"
 234      69C043EC 
 234      AA29E32D 
 234      90D14C0D 
 234      D786
 235 034c EC15F311 		.ascii	"\354\025\363\021\356\233\257\273\233\254V\347\313Q\251"
 235      EE9BAFBB 
 235      9BAC56E7 
 235      CB51A9
 236 035b B28C4923 		.ascii	"\262\214I#ru@\015\300\355\346\200\352\341Q\007\250\005"
 236      7275400D 
 236      C0EDE680 
 236      EAE15107 
 236      A805
 237 036d D400AA01 		.ascii	"\324\000\252\001\327\001U\200k\200J@\005\240\034P\006"
 237      D7015580 
 237      6B804A40 
 237      05A01C50 
 237      06
 238 037e B8CA5CB1 		.ascii	"\270\312\\\261\267\367\330\335\0058\031S\263\016v\207"
 238      B7F7D8DD 
 238      05381953 
 238      B30E7687 
 239 038e EE99FFAB 		.ascii	"\356\231\377\2534\271\271\\\226C2>\015\227\027\322A"
 239      34B9B95C 
 239      9643323E 
 239      0D9717D2 
 239      41
 240 039f 1E41E00B 		.ascii	"\036A\340\013J\001\211\036\242\325*H\212\277\202Ng."
 240      4A01891E 
 240      A2D52A48 
 240      8ABF824E 
 240      672E
 241 03b1 3E3DA2C5 		.ascii	">=\242\305\351L\302\273\201\346w\266\314\263$\330'j"
 241      E94CC2BB 
 241      81E677B6 
 241      CCB324D8 
 241      276A
 242 03c3 2353D09C 		.ascii	"#S\320\234a\321\251\204E\007\323\345~kx\021b\235mH|"
 242      61D1A984 
 242      4507D3E5 
 242      7E6B7811 
 242      629D6D48 
 243 03d8 3E3E5236 		.ascii	">>R6\217\205\305\003\232\205\336\226\216\333\342\263"
 243      8F85C503 
 243      9A85DE96 
 243      8EDBE2B3 
 244 03e8 74207556 		.ascii	"t uV\330\271\0015rt@ \015\351N+\311F\205\236\200\001"
 244      D8B90135 
 244      72744020 
 244      0DE94E2B 
 244      C946859E 
 245 03fe 7FE4F906 		.ascii	"\177\344\371\006\256D\031F\037\370o\362\032~[\323'u"
 245      AE441946 
ARM GAS  /tmp/ccNYVpr8.s 			page 19


 245      1FF86FF2 
 245      1A7E5BD3 
 245      2775
 246 0410 A29C26E3 		.ascii	"\242\234&\343%*\264\322\001\271\200\013\273\301\205"
 246      252AB4D2 
 246      01B9800B 
 246      BBC185
 247 041f 4FA83ABD 		.ascii	"O\250:\275 \260\207\351s\265\241\245Up\016\242\262\273"
 247      20B087E9 
 247      73B5A1A5 
 247      55700EA2 
 247      B2BB
 248 0431 A0FD3155 		.ascii	"\240\3751U\377)uN\247\342\234\356\211\246:\353_\346"
 248      FF29754E 
 248      A7E29CEE 
 248      89A63AEB 
 248      5FE6
 249 0443 E014397E 		.ascii	"\340\0249~\031m#\356\235\016yb\245&[G\037\372%\345\352"
 249      196D23EE 
 249      9D0E7962 
 249      A5265B47 
 249      1FFA25E5 
 250 0458 09A93E36 		.ascii	"\011\251>6\037\027sk\305t/\207V\364\014,\332\217\324"
 250      1F17736B 
 250      C5742F87 
 250      56F40C2C 
 250      DA8FD4
 251 046b 9441C988 		.ascii	"\224A\311\210\366,#*kx1_\3039C#9Z\326L\326\305\201\366"
 251      F62C232A 
 251      6B78315F 
 251      C3394323 
 251      395AD64C 
 252 0483 8AF1F973 		.ascii	"\212\361\371s\032x@1\360+6\241\334\210\356\263\326\320"
 252      1A784031 
 252      F02B36A1 
 252      DC88EEB3 
 252      D6D0
 253 0495 D9011616 		.ascii	"\331\001\026\026\022V\225\003[U\227\312\207\263\325"
 253      12569503 
 253      5B5597CA 
 253      87B3D5
 254 04a4 B892EA26 		.ascii	"\270\222\352&\235\317\356\3763r\324)k\3059b7\211\343"
 254      9DCFEEFE 
 254      3372D429 
 254      6BC53962 
 254      3789E3
 255 04b7 51B0C0B0 		.ascii	"Q\260\300\2601\216\035\310\334-\230s\004\314\351\300"
 255      318E1DC8 
 255      DC2D9873 
 255      04CCE9C0 
 256 04c7 57C410A8 		.ascii	"W\304\020\2503\310\306?\233\222Q5\037\337`\003\374\220"
 256      33C8C63F 
 256      9B925135 
 256      1FDF6003 
 256      FC90
 257 04d9 FDAA09CF 		.ascii	"\375\252\011\317\214\000+\345\"])oa\204\327\306\021"
 257      8C002BE5 
ARM GAS  /tmp/ccNYVpr8.s 			page 20


 257      225D296F 
 257      6184D7C6 
 257      11
 258 04ea 46D11C43 		.ascii	"F\321\034C\274\261<Dr\344\304ck\321gD\336Kh\177A-2F"
 258      BCB13C44 
 258      72E4C463 
 258      6BD16744 
 258      DE4B687F 
 259 0502 7D36A0F8 		.ascii	"}6\240\370l\354I\245\254\326q\351Q?-=\272h\244W-J\037"
 259      6CEC49A5 
 259      ACD671E9 
 259      513F2D3D 
 259      BA68A457 
 260 0519 FFDFA437 		.ascii	"\377\337\2447dE\307\330\300r\312+';\324\262\3214\350"
 260      6445C7D8 
 260      C072CA2B 
 260      273BD4B2 
 260      D134E8
 261 052c 85D004AC 		.ascii	"\205\320\004\254\250\037\330\004\225\256\35098\237\276"
 261      A81FD804 
 261      95AEE839 
 261      389FBE
 262 053b FC378886 		.ascii	"\3747\210\206I\262\254\360\311\227\035\361\013hp\003"
 262      49B2ACF0 
 262      C9971DF1 
 262      0B687003 
 263 054b 6814CBB7 		.ascii	"h\024\313\267\020\232b\341\013W\230`\014\025}\257B\357"
 263      109A62E1 
 263      0B579860 
 263      0C157DAF 
 263      42EF
 264 055d 807F1A34 		.ascii	"\200\177\0324aA\377[\372\226\334H\240LfU\314\267\215"
 264      6141FF5B 
 264      FA96DC48 
 264      A04C6655 
 264      CCB78D
 265 0570 9E495F74 		.ascii	"\236I_ta\033#E\226l\351\256\017O`.)\270R\255aA\347B"
 265      611B2345 
 265      966CE9AE 
 265      0F4F602E 
 265      29B852AD 
 266 0588 C22434FC 		.ascii	"\302$4\374\210\006\337a1{j|b\200$\347\025$9c!\210V\260"
 266      8806DF61 
 266      317B6A7C 
 266      628024E7 
 266      15243963 
 267 05a0 202A6BA8 		.ascii	" *k\250;m\213\0372\037\347$NN.P\322&\354\350\032G\325"
 267      3B6D8B1F 
 267      321FE724 
 267      4E4E2E50 
 267      D226ECE8 
 268 05b7 CC7E8E76 		.ascii	"\314~\216vK\216\244\023\265q\270\344\200\302$cj^q\214"
 268      4B8EA413 
 268      B571B8E4 
 268      80C22463 
 268      6A5E718C 
 269 05cb 865BA4A4 		.ascii	"\206[\244\244C\021\322L0\254\340\206\275z\340a\257\016"
ARM GAS  /tmp/ccNYVpr8.s 			page 21


 269      4311D24C 
 269      30ACE086 
 269      BD7AE061 
 269      AF0E
 270 05dd F7B23142 		.ascii	"\367\2621B\233\217\014\3179F\364\234c\334\277\341VE"
 270      9B8F0CCF 
 270      3946F49C 
 270      63DCBFE1 
 270      5645
 271 05ef 036E0F8C 		.ascii	"\003n\017\214\021e\034\003\206d\203\364\0176f\316#\261"
 271      11651C03 
 271      866483F4 
 271      0F3666CE 
 271      23B1
 272 0601 11F6B3A4 		.ascii	"\021\366\263\244B\217\274\252=\245\030\277bv\212\331"
 272      428FBCAA 
 272      3DA518BF 
 272      62768AD9 
 273 0611 33D883F1 		.ascii	"3\330\203\361\033F$\226\214\324k\330\252%\233|\363\201"
 273      1B462496 
 273      8CD46BD8 
 273      AA259B7C 
 273      F381
 274 0623 3B436A3C 		.ascii	";Cj<\315\332\256\274\032>;\037G\252)\321p,\255_\213"
 274      CDDAAEBC 
 274      1A3E3B1F 
 274      47AA29D1 
 274      702CAD5F 
 275 0638 E318D154 		.ascii	"\343\030\321TW\231\253\303\207\030\221\235{\277\326"
 275      5799ABC3 
 275      8718919D 
 275      7BBFD6
 276 0647 06C733A2 		.ascii	"\006\3073\242\253\262\346\020\302)\214\330W>\374\022"
 276      ABB2E610 
 276      C2298CD8 
 276      573EFC12 
 277 0657 E3D38C68 		.ascii	"\343\323\214h\211=\177I\203s\030\3612\274\247\223\347"
 277      893D7F49 
 277      837318F1 
 277      32BCA793 
 277      E7
 278 0668 922544BF 		.ascii	"\222%D\277+\341/\370\236]N\226\177x\331\023Y\203\363"
 278      2BE12FF8 
 278      9E5D4E96 
 278      7F78D913 
 278      5983F3
 279 067b 29AFDDA9 		.ascii	")\257\335\251\276\310$\035ZN\256E\344\346\0108)\207"
 279      BEC8241D 
 279      5A4EAE45 
 279      E4E60838 
 279      2987
 280 068d 87C9E54F 		.ascii	"\207\311\345O\366\341\275\271\365\261rj\005B1`\254\203"
 280      F6E1BDB9 
 280      F5B1726A 
 280      05423160 
 280      AC83
 281 069f 60AC1469 		.ascii	"`\254\024i\221\321\034q\022\011!WRQ\263\036\343\337"
ARM GAS  /tmp/ccNYVpr8.s 			page 22


 281      91D11C71 
 281      12092157 
 281      5251B31E 
 281      E3DF
 282 06b1 26400D85 		.ascii	"&@\015\205)\367~\313\334M\310\310^\377\235\221}\257"
 282      29F77ECB 
 282      DC4DC8C8 
 282      5EFF9D91 
 282      7DAF
 283 06c3 393B5B59 		.ascii	"9;[Y\202\360\026\201;\3262w\221 \274K\320\345\2209\273"
 283      82F01681 
 283      3BD63277 
 283      9120BC4B 
 283      D0E59039 
 284 06d8 9E708710 		.ascii	"\236p\207\020\205T\007\370\242\226\241\322G\361\340"
 284      855407F8 
 284      A296A1D2 
 284      47F1E0
 285 06e7 D463544F 		.ascii	"\324cTO\302NVj:\270\374\264\264\034}\0178\011H\006$"
 285      C24E566A 
 285      3AB8FCB4 
 285      B41C7D0F 
 285      38094806 
 286 06fc 02CE008E 		.ascii	"\002\316\000\216\003\322\000I\200\023\200T\300)i9\335"
 286      03D20049 
 286      80138054 
 286      C0296939 
 286      DD
 287 070d 7F98126D 		.ascii	"\177\230\022m\202\316\241\226u\026\015\322\"\350|\304"
 287      82CEA196 
 287      75160DD2 
 287      22E87CC4 
 288 071d A2CEE20C 		.ascii	"\242\316\342\014\333\004\356\303\026\271E\331\225\202"
 288      DB04EEC3 
 288      16B945D9 
 288      9582
 289 072b 2AFB2CFB 		.ascii	"*\373,\373\206\031\204-\223\251W\366!`\023\302\246\342"
 289      8619842D 
 289      93A957F6 
 289      216013C2 
 289      A6E2
 290 073d 4BC438AD 		.ascii	"K\3048\255\3361\373\203ar\206\013\025\226`y^L\030w\264"
 290      DE31FB83 
 290      6172860B 
 290      15966079 
 290      5E4C1877 
 291 0752 A0E9518B 		.ascii	"\240\351Q\213\232\012~\036\022\230\017XV\224Y\201T1"
 291      9A0A7E1E 
 291      12980F58 
 291      56945981 
 291      5431
 292 0764 BB9BDFDA 		.ascii	"\273\233\337\332\341n\032\311Rrzt\243-Z\344h\321\243"
 292      E16E1AC9 
 292      52727A74 
 292      A32D5AE4 
 292      68D1A3
 293 0777 E81C38F2 		.ascii	"\350\0348\362\377\352Tf\232\227cZ\2508\320Y\020\226"
ARM GAS  /tmp/ccNYVpr8.s 			page 23


 293      FFEA5466 
 293      9A97635A 
 293      A838D059 
 293      1096
 294 0789 61CC1FC4 		.ascii	"a\314\037\304PT\247\247\231\317G\255\305\214K\030\215"
 294      5054A7A7 
 294      99CF47AD 
 294      C58C4B18 
 294      8D
 295 079a 19379367 		.ascii	"\0317\223g\334L\232q\023\336\214\364\363\352\272\223"
 295      DC4C9A71 
 295      13DE8CF4 
 295      F3EABA93 
 296 07aa 94C4C70B 		.ascii	"\224\304\307\013\023c\3463\372\001\241\363j.\036\324"
 296      1363E633 
 296      FA01A1F3 
 296      6A2E1ED4 
 297 07ba E041B6AC 		.ascii	"\340A\266\254[\217F?\327\260\314\224\032\026\365\223"
 297      5B8F463F 
 297      D7B0CC94 
 297      1A16F593 
 298 07ca A52829DE 		.ascii	"\245()\336\253S"
 298      AB53
 299 07d0 8AADF01B 		.ascii	"\212\255\360\033\326\375\332\365\266\010^B4\023\331"
 299      D6FDDAF5 
 299      B6085E42 
 299      3413D9
 300 07df 899D1545 		.ascii	"\211\235\025Ev\370\035k\314k\215\355\225p\250\206\025"
 300      76F81D6B 
 300      CC6B8DED 
 300      9570A886 
 300      15
 301 07f0 047D656D 		.ascii	"\004}em\274 \253%\234oC\367\365b\034\305\032\373\023"
 301      BC20AB25 
 301      9C6F43F7 
 301      F5621CC5 
 301      1AFB13
 302 0803 D3EAE7E1 		.ascii	"\323\352\347\3418F\304\267\234_\253h\364\323\3051\251"
 302      3846C4B7 
 302      9C5FAB68 
 302      F4D3C531 
 302      A9
 303 0814 0CF36EB6 		.ascii	"\014\363n\266[1\321\345DtX\330\235\007Z|\224I{\024\373"
 303      5B31D1E5 
 303      447458D8 
 303      9D075A7C 
 303      94497B14 
 304 0829 36528D93 		.ascii	"6R\215\223\031Q_W0\314MSH8\353\342F\377\001\247\263"
 304      19515F57 
 304      30CC4D53 
 304      4838EBE2 
 304      46FF01A7 
 305 083e B6CAA719 		.ascii	"\266\312\247\031!V\370\034#r\036>\270\246f\214y\204"
 305      2156F81C 
 305      23721E3E 
 305      B8A6668C 
 305      7984
ARM GAS  /tmp/ccNYVpr8.s 			page 24


 306 0850 F158566B 		.ascii	"\361XVk\264\026\347\261\306\204\333\367\233xa\232A\032"
 306      B416E7B1 
 306      C684DBF7 
 306      9B78619A 
 306      411A
 307 0862 279E1E6E 		.ascii	"'\236\036n\345S#\366\017-i=\300?\215:\251\215\206\223"
 307      E55323F6 
 307      0F2D693D 
 307      C03F8D3A 
 307      A98D8693 
 308 0876 066D713E 		.ascii	"\006mq>\237\\\344\243\013\3529\213\254*\211\027Y\205"
 308      9F5CE4A3 
 308      0BEA398B 
 308      AC2A8917 
 308      5985
 309 0888 6C66E523 		.ascii	"lf\345#\371\271\326\346%}%\204_\005\215\331\353\222"
 309      F9B9D6E6 
 309      257D2584 
 309      5F058DD9 
 309      EB92
 310 089a BDD28970 		.ascii	"\275\322\211p\237\317j\352\3221=R\251\035\006Bv\353"
 310      9FCF6AEA 
 310      D2313D52 
 310      A91D0642 
 310      76EB
 311 08ac 70391BB8 		.ascii	"p9\033\270\253\377y3\367T\3742\341\213m1\377b\013y\232"
 311      ABFF7933 
 311      F754FC32 
 311      E18B6D31 
 311      FF620B79 
 312 08c1 B71BE3EB 		.ascii	"\267\033\343\353\214\371\300\300\320!\355\234Z6(Z\272"
 312      8CF9C0C0 
 312      D021ED9C 
 312      5A36285A 
 312      BA
 313 08d2 50250B2E 		.ascii	"P%\013.\247\275\232\245d\035(\311\026\326\015\252d\203"
 313      A7BD9AA5 
 313      641D28C9 
 313      16D60DAA 
 313      6483
 314 08e4 A26456DD 		.ascii	"\242dV\335\245\375\266\370&\033\347MUv\002\017\315\375"
 314      A5FDB6F8 
 314      261BE74D 
 314      5576020F 
 314      CDFD
 315 08f6 44A9E9E3 		.ascii	"D\251\351\343\003'l\361\335\237\243D\263\242\204\236"
 315      03276CF1 
 315      DD9FA344 
 315      B3A2849E 
 316 0906 2A319A9E 		.ascii	"*1\232\236\345\305t\000^\256\203\221\371\026\325\241"
 316      E5C57400 
 316      5EAE8391 
 316      F916D5A1 
 317 0916 59D1E15E 		.ascii	"Y\321\341^\307\221s\266\270\203\015\023\372\252\245"
 317      C79173B6 
 317      B8830D13 
 317      FAAAA5
ARM GAS  /tmp/ccNYVpr8.s 			page 25


 318 0925 4B623A44 		.ascii	"Kb:D\021\035\022\262\216\036\326\340\036\326x\245q,"
 318      111D12B2 
 318      8E1ED6E0 
 318      1ED678A5 
 318      712C
 319 0937 CB0E3F63 		.ascii	"\313\016?cDU\325\364M\356g\231p\036\211\212\237\262"
 319      4455D5F4 
 319      4DEE6799 
 319      701E898A 
 319      9FB2
 320 0949 C1A3ACB1 		.ascii	"\301\243\254\261\346\335`7\017\302\311\245$\215\\=\035"
 320      E6DD6037 
 320      0FC2C9A5 
 320      248D5C3D 
 320      1D
 321 095a C88380D6 		.ascii	"\310\203\200\326\307\217\333\237D\333\341\011\306\374"
 321      C78FDB9F 
 321      44DBE109 
 321      C6FC
 322 0968 3831BC6B 		.ascii	"81\274k\036c\236\"\037\304\2031\271\335sG\305#e\252"
 322      1E639E22 
 322      1FC48331 
 322      B9DD7347 
 322      C52365AA 
 323 097c 0F596D70 		.ascii	"\017Ymp\377\304\323%\346\366n\005{?\240\366n\247s}\244"
 323      FFC4D325 
 323      E6F66E05 
 323      7B3FA0F6 
 323      6EA7737D 
 324 0991 CCB5BD20 		.ascii	"\314\265\275 \347\276\006Gh\351\270\247\303\317\327"
 324      E7BE0647 
 324      68E9B8A7 
 324      C3CFD7
 325 09a0 DBE23846 		.ascii	"\333\3428F\264_\237,\344;z7]\014\267d\345\213?5\222"
 325      B45F9F2C 
 325      E43B7A37 
 325      5D0CB764 
 325      E58B3F35 
 326 09b5 7C3B47BE 		.ascii	"|;G\276\014\273)\341\303\224\373\275\336\327\347[\265"
 326      0CBB29E1 
 326      C394FBBD 
 326      DED7E75B 
 326      B5
 327 09c6 6C4F37B9 		.ascii	"lO7\271\026\261\355\235\357\357S\311\366'\303\344Z\027"
 327      16B1ED9D 
 327      EFEF53C9 
 327      F627C3E4 
 327      5A17
 328 09d8 540099B6 		.ascii	"T\000\231\266\0052\331\250\220\250P\223\270\271\223"
 328      0532D9A8 
 328      90A85093 
 328      B8B993
 329 09e7 B4D7B534 		.ascii	"\264\327\2654D.\017\307$\220\3215\316\255\2047*\027"
 329      442E0FC7 
 329      2490D135 
 329      CEAD8437 
 329      2A17
ARM GAS  /tmp/ccNYVpr8.s 			page 26


 330 09f9 B90F93CD 		.ascii	"\271\017\223\315\3111\221r\347\202\354\313\346\262/"
 330      C9319172 
 330      E782ECCB 
 330      E6B22F
 331 0a08 CD2A055A 		.ascii	"\315*\005Z8;Q%\3372\273\260E\324\013\334E\346\334\205"
 331      383B5125 
 331      DF32BBB0 
 331      45D40BDC 
 331      45E6DC85 
 332 0a1c 26C2892E 		.ascii	"&\302\211.]\202.\027\315\331\317\233k>.p\347\230sg\317"
 332      5D822E17 
 332      CDD9CF9B 
 332      6B3E2E70 
 332      E7987367 
 333 0a31 125EF96B 		.ascii	"\022^\371k#{\2279{\326,\315\177a\324\274\303\234{\326"
 333      237B9739 
 333      7BD62CCD 
 333      7F61D4BC 
 333      C39C7BD6 
 334 0a45 4E2830DF 		.ascii	"N(0\3371g\276=K\223!A\361<\313\212\213\016Zj\344\256"
 334      3167BE3D 
 334      4B932141 
 334      F13CCB8A 
 334      8B0E5A6A 
 335 0a5b 31E7AE9E 		.ascii	"1\347\256\236\345\240\361\245F]\256\230\263\227\230"
 335      E5A0F1A5 
 335      465DAE98 
 335      B39798
 336 0a6a B0936069 		.ascii	"\260\223`i\341\301\002\011\005\325sv%\315\240\332Y\322"
 336      E1C10209 
 336      05D57376 
 336      25CDA0DA 
 336      59D2
 337 0a7c BB8499DE 		.ascii	"\273\204\231\3367\227~ov\341((\323h\316^k\036\270\375"
 337      37977E6F 
 337      76E12828 
 337      D368CE5E 
 337      6B1EB8FD 
 338 0a90 5C382416 		.ascii	"\\8$\026t\327\262\031\005\243W\012\261Ul9\266\\M\353"
 338      74D7B219 
 338      05A3570A 
 338      B1556C39 
 338      B65C4DEB 
 339 0aa4 46F8847B 		.ascii	"F\370\204{\014S\353\244m\243\274\304x\013%\3063(\035"
 339      0C53EBA4 
 339      6DA3BCC4 
 339      780B25C6 
 339      33281D
 340 0ab7 DE00C601 		.ascii	"\336\000\306\001\203\200a\300s\300\217\200\011\300\020"
 340      838061C0 
 340      73C08F80 
 340      09C010
 341 0ac6 6000F012 		.ascii	"`\000\360\022\320\015\230\004\214\001^\001F\000O\000"
 341      D00D9804 
 341      8C015E01 
 341      46004F00 
 342 0ad6 BD801EC0 		.ascii	"\275\200\036\300S\300k\300\013@\037\240\177\246\316"
ARM GAS  /tmp/ccNYVpr8.s 			page 27


 342      53C06BC0 
 342      0B401FA0 
 342      7FA6CE
 343 0ae5 24CEEC17 		.ascii	"$\316\354\027\\\177\301r\204\233\2546\301\334?X\214"
 343      5C7FC172 
 343      849BAC36 
 343      C1DC3F58 
 343      8C
 344 0af6 42C6CD4B 		.ascii	"B\306\315K\301\023\254\024\034\265T\012\276N\021\222"
 344      C113AC14 
 344      1CB5540A 
 344      BE4E1192 
 345 0b06 48A9E5C0 		.ascii	"H\251\345\300\020|\321\366\013\026\027\220\370P\033"
 345      107CD1F6 
 345      0B161790 
 345      F8501B
 346 0b15 E756D2A1 		.ascii	"\347V\322\241\351\367\004\341\256\\j\364\334M\313\011"
 346      E9F704E1 
 346      AE5C6AF4 
 346      DC4DCB09 
 347 0b25 4A9C56BF 		.ascii	"J\234V\277\020\026e\346\354W\005v\310\227\021}]=68A"
 347      101665E6 
 347      EC570576 
 347      C897117D 
 347      5D3D3638 
 348 0b3a CB3E5743 		.ascii	"\313>WC\344n\033\223\312Q\360)\232\006W\376\255\335"
 348      E46E1B93 
 348      CA51F029 
 348      9A0657FE 
 348      ADDD
 349 0b4c CA2CDF74 		.ascii	"\312,\337t\226V\232S0\370;c\2459\252T\232a\343\011)"
 349      96569A53 
 349      30F83B63 
 349      A539AA54 
 349      9A61E309 
 350 0b61 9258694E 		.ascii	"\222XiN\231T\2322\346\337\366\230T:\357:\366\357\347"
 350      99549A32 
 350      E6DFF698 
 350      543AEF3A 
 350      F6EFE7
 351 0b74 7B5E2AD9 		.ascii	"{^*\331\343\262\032k\036\361\362*\212\320\312\001\264"
 351      E3B21A6B 
 351      1EF1F22A 
 351      8AD0CA01 
 351      B4
 352 0b85 3D3B803E 		.ascii	"=;\200>xn2l\356\023\274p\314w\2710Lw\271\222\341\204"
 352      786E326C 
 352      EE13BC70 
 352      CC77B930 
 352      4C77B992 
 353 0b9b 46B5F936 		.ascii	"F\265\3716g\374\230\212\300\366J'\225p\266e\317\317"
 353      67FC988A 
 353      C0F64A27 
 353      9570B665 
 353      CFCF
 354 0bad B6F22E3F 		.ascii	"\266\362.?\014C\370\024\333\351\336F\214\024iq&#\224"
 354      0C43F814 
ARM GAS  /tmp/ccNYVpr8.s 			page 28


 354      DBE9DE46 
 354      8C146971 
 354      262394
 355 0bc0 53F2C5FC 		.ascii	"S\362\305\374\224\374V\317t\213\025>\317\032\017\245"
 355      94FC56CF 
 355      748B153E 
 355      CF1A0FA5 
 356 0bd0 E714F182 		.ascii	"\347\024\361\202\204l\342\215\267sb\254\347\3248V\321"
 356      846CE28D 
 356      B77362AC 
 356      E7D43856 
 356      D1
 357 0be1 3886699C 		.ascii	"8\206i\234\335\323:ie\256\361\036\354\200\"1a\337K5"
 357      DDD33A69 
 357      65AEF11E 
 357      EC802231 
 357      61DF4B35 
 358 0bf5 8E5534CE 		.ascii	"\216U4\316J\316>\263@\344&!6'w\314\205\341S\374\253"
 358      4ACE3EB3 
 358      40E42621 
 358      362777CC 
 358      85E153FC 
 359 0c0a 3F9DCC6F 		.ascii	"?\235\314o\340\305x\251\3047kr&s4&*\004\343\313t\026"
 359      E0C578A9 
 359      C4376B72 
 359      26733426 
 359      2A04E3CB 
 360 0c20 5611171F 		.ascii	"V\021\027\037\364\333\320\275z\221\343r\026\366\257"
 360      F4DBD0BD 
 360      7A91E372 
 360      16F6AF
 361 0c2f 33ED0FCA 		.ascii	"3\355\017\312dM\201\335\350*9\212\027\031?dB\261\371"
 361      644D81DD 
 361      E82A398A 
 361      17193F64 
 361      42B1F9
 362 0c42 57F787C6 		.ascii	"W\367\207\306\260?\200\031\367L\330\207\230s\367\013"
 362      B03F8019 
 362      F74CD887 
 362      9873F70B 
 363 0c52 DCBBCDB9 		.ascii	"\334\273\315\271\331tf\326\024\254\325\266\017\331\202"
 363      D97466D6 
 363      14ACD5B6 
 363      0FD982
 364 0c61 8D0355A2 		.ascii	"\215\003U\2429\2732qa\3032Y9\373\241}\037\225D\270\311"
 364      39BB3271 
 364      61C33259 
 364      39FBA17D 
 364      1F9544B8 
 365 0c76 B239861D 		.ascii	"\2629\206\035\321\021\274\034\305\003\016\003\016\002"
 365      D111BC1C 
 365      C5030E03 
 365      0E02
 366 0c84 0E619350 		.ascii	"\016a\223P\317dI\006zX\370\336\314\024\222L\224e\245"
 366      CF644906 
 366      7A58F8DE 
 366      CC14924C 
ARM GAS  /tmp/ccNYVpr8.s 			page 29


 366      9465A5
 367 0c97 5DF9C2EE 		.ascii	"]\371\302\356\332\335v\011\341b\266\260\263\217\225"
 367      DADD7609 
 367      E162B6B0 
 367      B38F95
 368 0ca6 4E58992F 		.ascii	"NX\231/lE=t\034\264\372\371\032Vg\321\305\230\010\035"
 368      6C453D74 
 368      1CB4FAF9 
 368      1A5667D1 
 368      C598081D 
 369 0cba 12F0CC62 		.ascii	"\022\360\314b$\372\262c\340\210\303g\026\210\2131\021"
 369      24FAB263 
 369      E088C367 
 369      16888B31 
 369      11
 370 0ccb 8B8B3189 		.ascii	"\213\2131\211/\306$\272\030\233\213;{\354p\015\213\343"
 370      2FC624BA 
 370      189B8B3B 
 370      7BEC700D 
 370      8BE3
 371 0cdd D0AA3DCF 		.ascii	"\320\252=\317\020\373\210\3729G\235\370|a\306\311y\010"
 371      10FB88FA 
 371      39479DF8 
 371      7C61C6C9 
 371      7908
 372 0cef C28567E0 		.ascii	"\302\205g\340\034\373\32009\336\005%c\035:\001\232\245"
 372      1CFBD030 
 372      39DE0525 
 372      631D3A01 
 372      9AA5
 373 0d01 C2C05C82 		.ascii	"\302\300\\\202\231\203\310\010\344_}\312\351a*\237\374"
 373      9983C808 
 373      E45F7DCA 
 373      E9612A9F 
 373      FC
 374 0d12 F730F914 		.ascii	"\3670\371\024\223\311\366\3460w\244\232\272\003\264"
 374      93C9F6E6 
 374      3077A49A 
 374      BA03B4
 375 0d21 DD9D3E58 		.ascii	"\335\235>Xo\207\353\231}\007\016e\277@\212}M\245\243"
 375      6F87EB99 
 375      7D070E65 
 375      BF408A7D 
 375      4DA5A3
 376 0d34 74103AF7 		.ascii	"t\020:\367\000S9\324\232i\300p\322h\315T\305\232?\306"
 376      005339D4 
 376      9A69C070 
 376      D268CD54 
 376      C59A3FC6 
 377 0d48 353762D1 		.ascii	"57b\321\232i&\326<\305\255y\212Z\363\370p{\037\377\207"
 377      9A6926D6 
 377      3CC5AD79 
 377      8A5AF3F8 
 377      707B1FFF 
 378 0d5d 812390DF 		.ascii	"\201#\220\337\237\270t\306\032\337\323\232\034\205-"
 378      9FB874C6 
 378      1ADFD39A 
ARM GAS  /tmp/ccNYVpr8.s 			page 30


 378      1C852D
 379 0d6c 66476171 		.ascii	"fGaq\215E\371\326\270\225\265\205M\015Cm\322\301\210"
 379      8D45F9D6 
 379      B895B585 
 379      4D0D436D 
 379      D2C188
 380 0d7f AE87A9BF 		.ascii	"\256\207\251\277e+\034\346\301\317\217\025;eb\223O\222"
 380      652B1CE6 
 380      C1CF8F15 
 380      3B656293 
 380      4F92
 381 0d91 AB9549C1 		.ascii	"\253\225I\301\270\207u\313\350M\212\343\205\370jr\360"
 381      B88775CB 
 381      E84D8AE3 
 381      85F86A72 
 381      F0
 382 0da2 9F7D2DD5 		.ascii	"\237}-\325\012?em#o\223\013\347+\216\375\031\247\314"
 382      0A3F656D 
 382      236F930B 
 382      E72B8EFD 
 382      19A7CC
 383 0db5 F95DFD27 		.ascii	"\371]\375'\264\270\237u\216\314\216{b\207_0\242/\255"
 383      B4B89F75 
 383      8ECC8E7B 
 383      62875F30 
 383      A22FAD
 384 0dc8 A1448307 		.ascii	"\241D\203\007\030Q]p*\003\343aF<.\310\031\320\342\327"
 384      18515D70 
 384      2A03E361 
 384      463C2EC8 
 384      19D0E2D7 
 385 0ddc 9C088DBC 		.ascii	"\234\010\215\274\200\360\030\317\235\217B\246\370\267"
 385      80F018CF 
 385      9D8F42A6 
 385      F8B7
 386 0dea 921DF95C 		.ascii	"\222\035\371\\\353kM\343F\032\240\207\214c\317Fl\360"
 386      EB6B4DE3 
 386      461AA087 
 386      8C63CF46 
 386      6CF0
 387 0dfc 24E55D58 		.ascii	"$\345]X\361@nY\200f\316\000\227\263\203@\026_M\331B"
 387      F1406E59 
 387      8066CE00 
 387      97B38340 
 387      165F4DD9 
 388 0e11 7CE581AF 		.ascii	"|\345\201\257J\315\342\3534\026\0129\247x\271<\004S"
 388      4ACDE2EB 
 388      34160A39 
 388      A778B93C 
 388      0453
 389 0e23 DE2C53DE 		.ascii	"\336,S\3368\363\012\264\205\363\346\002o\216\005\271"
 389      38F30AB4 
 389      85F3E602 
 389      6F8E05B9 
 390 0e33 E20952FF 		.ascii	"\342\011R\377o\214r/Y\340]i\232\204 \012\013`\225\347"
 390      6F8C722F 
 390      59E05D69 
ARM GAS  /tmp/ccNYVpr8.s 			page 31


 390      9A84200A 
 390      0B6095E7 
 391 0e47 D3CC50CA 		.ascii	"\323\314P\312\203\260\006\202\260\014\226\365\025@5"
 391      83B00682 
 391      B00C96F5 
 391      154035
 392 0e56 E03AE02A 		.ascii	"\340:\340*\240\010P\002(\007\024\003*\001U\200\012@"
 392      A0085002 
 392      28071403 
 392      2A015580 
 392      0A40
 393 0e68 2DE01A16 		.ascii	"-\340\032\026\217\364*\205\031\236\267\240\211IY+h}"
 393      8FF42A85 
 393      199EB7A0 
 393      8949592B 
 393      687D
 394 0e7a D902AF58 		.ascii	"\331\002\257X\030q\261\231<\345\233\263f\013F\036\027"
 394      1871B199 
 394      3CE59BB3 
 394      660B461E 
 394      17
 395 0e8b 54386BC9 		.ascii	"T8k\311\310\031X\250~\005\301w%\013\314+\205\272\332"
 395      C81958A8 
 395      7E05C177 
 395      250BCC2B 
 395      85BADA
 396 0e9e D928B8D0 		.ascii	"\331(\270\320\222`\321\325C\202\026\347,1\213g\225\343"
 396      9260D1D5 
 396      438216E7 
 396      2C318B67 
 396      95E3
 397 0eb0 82252E58 		.ascii	"\202%.X\260D\206(X\340\275h\201\267H\250M\357e\261<"
 397      B0448628 
 397      58E0BD68 
 397      81B748A8 
 397      4DEF65B1 
 398 0ec5 556A69DB 		.ascii	"Uji\333\250\0263\343\031K*\316\224\203\245\027_EX\343"
 398      A81633E3 
 398      194B2ACE 
 398      9483A517 
 398      5F4558E3 
 399 0ed9 6996D532 		.ascii	"i\226\3252:o_\264B\216\213\370\020,S5@\337:c\246*\245"
 399      3A6F5FB4 
 399      428E8BF8 
 399      102C5335 
 399      40DF3A63 
 400 0ef0 99CA62C4 		.ascii	"\231\312b\304\241z\010\264\377\257\240#\007\001\217"
 400      A17A08B4 
 400      FFAFA023 
 400      07018F
 401 0eff 2B2E6AC5 		.ascii	"+.j\305\\\330`\222\013o\360\\H\236\266\333|w\370\354"
 401      5CD86092 
 401      0B6FF05C 
 401      489EB6DB 
 401      7C77F8EC 
 402 0f13 D8B1D567 		.ascii	"\330\261\325g{\300\366\340\3378;\353\331_`\220\036\032"
 402      7BC0F6E0 
ARM GAS  /tmp/ccNYVpr8.s 			page 32


 402      DF383BEB 
 402      D95F6090 
 402      1E1A
 403 0f25 F45F077E 		.ascii	"\364_\007~\023\034\244\337\260~\323Z\357\365^\372\015"
 403      131CA4DF 
 403      B07ED35A 
 403      EFF55EFA 
 403      0D
 404 0f36 6E2EDFEA 		.ascii	"n.\337\3529\277\263\237\365\272M\237/3\270\272\252\234"
 404      39BFB39F 
 404      F5BA4D9F 
 404      2F33B8BA 
 404      AA9C
 405 0f48 FE9A5E2A 		.ascii	"\376\232^*\373\235_\271\271l\375\330\305\307oG\240\337"
 405      FB9D5FB9 
 405      B96CFDD8 
 405      C5C76F47 
 405      A0DF
 406 0f5a 5774589D 		.ascii	"WtX\235\217\317\256\355\001\301+\335|\202#\221~[\340"
 406      8FCFAEED 
 406      01C12BDD 
 406      7C822391 
 406      7E5BE0
 407 0f6d 4E7FBDAF 		.ascii	"N\177\275\257_\220\277\323\016\337?\352\327\004\372"
 407      5F90BFD3 
 407      0EDF3FEA 
 407      D704FA
 408 0f7c EDDAE91F 		.ascii	"\355\332\351\037\000\362\274\375}wn\320\257\365\333"
 408      00F2BCFD 
 408      7D776ED0 
 408      AFF5DB
 409 0f8b B1FDEB20 		.ascii	"\261\375\353 \177\037\177\247\257w\371}\345\246\367"
 409      7F1F7FA7 
 409      AF77F97D 
 409      E5A6F7
 410 0f9a 0E0CDC11 		.ascii	"\016\014\334\021\244\377"
 410      A4FF
 411 0fa0 939F9F93 		.ascii	"\223\237\237\223\3577;\235\002\002\003\374\235\374}"
 411      EF373B9D 
 411      020203FC 
 411      9DFC7D
 412 0faf FFB8DD69 		.ascii	"\377\270\335i\225\223\233\213\353*\247\177\377\310i"
 412      95939B8B 
 412      EB2AA77F 
 412      FFC869
 413 0fbe A7EF9F03 		.ascii	"\247\357\237\003\277\321\233\264\352\267\007\370\355"
 413      BFD19BB4 
 413      EAB707F8 
 413      ED
 414 0fcb D8B5D55F 		.ascii	"\330\265\325_\277\323\327o\333\366\000\177\275\317V"
 414      BFD3D76F 
 414      DBF6007F 
 414      BDCF56
 415 0fda FF2F7D77 		.ascii	"\377/}w\355\010\366\011\376\356k\377 \347m*kE\241\277"
 415      ED08F609 
 415      FEEE6BFF 
 415      20E76D2A 
ARM GAS  /tmp/ccNYVpr8.s 			page 33


 415      6B45A1BF 
 416 0fee FC4DF509 		.ascii	"\374M\365\011\372.H\357\023\024\274\025\006\007%4\377"
 416      FA2E48EF 
 416      1314BC15 
 416      06072534 
 416      FF
 417 0fff E4       		.ascii	"\344"
 418 1000 EC617051 		.ascii	"\354apQ\373\370}\271S\355\267\315\367\033\033g\370\345"
 418      FBF87DB9 
 418      53EDB7CD 
 418      F71B1B67 
 418      F8E5
 419 1012 1718F0E5 		.ascii	"\027\030\360\345\366?\251\254\202\374\375\202\267\007"
 419      F63FA9AC 
 419      82FCFD82 
 419      B707
 420 1020 06CC63B6 		.ascii	"\006\314c\266[\355\023l\305\237ZO/o\303&onT\327O|\202"
 420      5BED136C 
 420      C59F5A4F 
 420      2F6FC326 
 420      6F6E54D7 
 421 1037 AD951F56 		.ascii	"\255\225\037V\336\033=7\177\356\355\301\237\356\332"
 421      DE1B3D37 
 421      7FEEEDC1 
 421      9FEEDA
 422 1046 CF37796C 		.ascii	"\3177yl6l\260\362\\\373\231\347Z/w\365\357\327o\362"
 422      366CB0F2 
 422      5CFB99E7 
 422      5A2F77F5 
 422      EFD76FF2 
 423 105a 203777AD 		.ascii	" 7w\255\367\346/~\347\341\301\036\356V \320\333\323"
 423      F7E62F7E 
 423      E7E1C11E 
 423      EE5620D0 
 423      DBD3
 424 106c C3833FDD 		.ascii	"\303\203?\3355[\200\333\360\201\350v\377o\203\365\206"
 424      355B80DB 
 424      F081E876 
 424      FF6F83F5 
 424      86
 425 107d 8D5EC4DD 		.ascii	"\215^\304\335\334\355\314\3150\013\333\337\257\331\274"
 425      DCEDCCCD 
 425      300BDBDF 
 425      AFD9BC
 426 108c CEC71B0C 		.ascii	"\316\307\033\014\273\306\377K\315\347\353\327l\364\240"
 426      BBC6FF4B 
 426      CDE7EBD7 
 426      6CF4A0
 427 109b 777735DC 		.ascii	"ww5\334\3355\237\031>[\347F\357\256V\006\217\015k\326"
 427      DD359F19 
 427      3E5BE746 
 427      EFAE5606 
 427      8F0D6BD6 
 428 10af 7FE1C69F 		.ascii	"\177\341\306\237\256\032/\303:\303*z\377\204\336?\246"
 428      AE1A2FC3 
 428      3AC32A7A 
 428      FF84DE3F 
ARM GAS  /tmp/ccNYVpr8.s 			page 34


 428      A6
 429 10c0 F78FE6C1 		.ascii	"\367\217\346\301\360k=\277X\273\346#\265\327\232\365"
 429      F06B3DBF 
 429      58BBE623 
 429      B5D79AF5 
 430 10d0 6B66C895 		.ascii	"kf\310\225\032\257\315[\274W\315\320n\224\376\230\336"
 430      1AAFCD5B 
 430      BC57CDD0 
 430      6E94FE98 
 430      DE
 431 10e1 8D9D5C29 		.ascii	"\215\235\\)\3556C\273X\023\332\025\024\240\015\256D"
 431      ED3643BB 
 431      5813DA15 
 431      14A00DAE 
 431      44
 432 10f2 2D0F1BAF 		.ascii	"-\017\033\257\365\033gt^\267\305\340\356I\356\036\236"
 432      F51B6774 
 432      5EB7C5E0 
 432      EE49EE1E 
 432      9E
 433 1103 788BC153 		.ascii	"x\213\301S\275\336\3533O\333-\233=\275\025\016\311\340"
 433      BDDEEB33 
 433      4FDB2D9B 
 433      3DBD150E 
 433      C9E0
 434 1115 69B3D9CB 		.ascii	"i\263\331\313`$Wi~\347m\370\302\203\336\335%/\003\362"
 434      60245769 
 434      7EE76DF8 
 434      C283DEDD 
 434      252F03F2 
 435 1129 920C9F48 		.ascii	"\222\014\237H\206\217%\303G\222a\245dp\223\014\256\222"
 435      868F25C3 
 435      479261A5 
 435      6470930C 
 435      AE92
 436 113b 61B5CD46 		.ascii	"a\265\315F\303\214e\376\0079\275\266M"
 436      C38C65FE 
 436      0739BDB6 
 436      4D
 437              		.text
 438              		.section	.gnu.lto_.symtab.c72fc722e2e70f4d,"",%progbits
 439 0000 68616C5F 		.ascii	"hal_lld_init\000"
 439      6C6C645F 
 439      696E6974 
 439      00
 440 000d 00       		.ascii	"\000"
 441 000e 00       		.ascii	"\000"
 442 000f 00       		.ascii	"\000"
 443 0010 00000000 		.ascii	"\000\000\000\000\000\000\000\000"
 443      00000000 
 444 0018 BB000000 		.ascii	"\273\000\000\000"
 445 001c 6D6B3230 		.ascii	"mk20d50_clock_init\000"
 445      6435305F 
 445      636C6F63 
 445      6B5F696E 
 445      697400
 446 002f 00       		.ascii	"\000"
ARM GAS  /tmp/ccNYVpr8.s 			page 35


 447 0030 00       		.ascii	"\000"
 448 0031 00       		.ascii	"\000"
 449 0032 00000000 		.ascii	"\000\000\000\000\000\000\000\000"
 449      00000000 
 450 003a BD000000 		.ascii	"\275\000\000\000"
 451 003e 5F63666D 		.ascii	"_cfm\000"
 451      00
 452 0043 00       		.ascii	"\000"
 453 0044 00       		.ascii	"\000"
 454 0045 00       		.ascii	"\000"
 455 0046 00000000 		.ascii	"\000\000\000\000\000\000\000\000"
 455      00000000 
 456 004e FC000000 		.ascii	"\374\000\000\000"
 457              		.text
 458              		.section	.gnu.lto_.opts,"",%progbits
 459 0000 272D666D 		.ascii	"'-fmath-errno' '-fsigned-zeros' '-ftrapping-math' '"
 459      6174682D 
 459      6572726E 
 459      6F272027 
 459      2D667369 
 460 0033 2D666E6F 		.ascii	"-fno-trapv' '-fno-openmp' '-fno-openacc' '-mcpu=cor"
 460      2D747261 
 460      70762720 
 460      272D666E 
 460      6F2D6F70 
 461 0066 7465782D 		.ascii	"tex-m4' '-mno-thumb-interwork' '-mthumb' '-O2' '-fo"
 461      6D342720 
 461      272D6D6E 
 461      6F2D7468 
 461      756D622D 
 462 0099 6D69742D 		.ascii	"mit-frame-pointer' '-falign-functions=16' '-ffuncti"
 462      6672616D 
 462      652D706F 
 462      696E7465 
 462      72272027 
 463 00cc 6F6E2D73 		.ascii	"on-sections' '-fdata-sections' '-fno-common' '-flto"
 463      65637469 
 463      6F6E7327 
 463      20272D66 
 463      64617461 
 464 00ff 2700     		.ascii	"'\000"
 465              		.text
 466              		.comm	__gnu_lto_v1,1,1
 467              		.comm	__gnu_lto_slim,1,1
 468              		.ident	"GCC: (GNU Tools for Arm Embedded Processors 7-2017-q4-major) 7.2.1 20170904 (release) [ARM
ARM GAS  /tmp/ccNYVpr8.s 			page 36


DEFINED SYMBOLS
                            *ABS*:0000000000000000 hal_lld.c
                            *COM*:0000000000000001 __gnu_lto_v1
                            *COM*:0000000000000001 __gnu_lto_slim

NO UNDEFINED SYMBOLS
