ARM GAS  /tmp/ccMeaXYw.s 			page 1


   1              		.cpu cortex-m4
   2              		.eabi_attribute 20, 1
   3              		.eabi_attribute 21, 1
   4              		.eabi_attribute 23, 3
   5              		.eabi_attribute 24, 1
   6              		.eabi_attribute 25, 1
   7              		.eabi_attribute 26, 1
   8              		.eabi_attribute 30, 2
   9              		.eabi_attribute 34, 1
  10              		.eabi_attribute 18, 4
  11              		.file	"hal.c"
  12              		.section	.gnu.lto_.profile.114d12f6eae60682,"",%progbits
  13 0000 789C6363 		.ascii	"x\234cc```\001bF\206Xn\000\001=\000t"
  13      60606001 
  13      62468658 
  13      6E00013D 
  13      0074
  14              		.text
  15              		.section	.gnu.lto_.icf.114d12f6eae60682,"",%progbits
  16 0000 789C6363 		.ascii	"x\234cc``\340`@\000F\206\277\263\356\256\345b\000\000"
  16      6060E060 
  16      40004686 
  16      BFB3EEAE 
  16      E5620000 
  17 0014 0FCF033B 		.ascii	"\017\317\003;"
  18              		.text
  19              		.section	.gnu.lto_.jmpfuncs.114d12f6eae60682,"",%progbits
  20 0000 789C6363 		.ascii	"x\234cc``\360c@\000F\004\223\211q\0123c\363\257\375"
  20      6060F063 
  20      40004604 
  20      9389710A 
  20      3363F3AF 
  21 0015 9FF9EAFF 		.ascii	"\237\371\352\3776H\314afX\300\014R\260\231\261\236\201"
  21      3648CC61 
  21      6658C00C 
  21      52B099B1 
  21      9E81
  22 0027 F1000B23 		.ascii	"\361\000\013#\003\020\377\371\377\377??#\023P\335\264"
  22      0310FFF9 
  22      FFFF3F3F 
  22      231350DD 
  22      B4
  23 0038 D643E7D9 		.ascii	"\326C\347\331\273\231\201\252\030\031\030\2670\312\200"
  23      BB9981AA 
  23      181918B7 
  23      30CA80
  24 0047 30030300 		.ascii	"0\003\003\000\011\210\024k"
  24      0988146B 
  25              		.text
  26              		.section	.gnu.lto_.inline.114d12f6eae60682,"",%progbits
  27 0000 789C6363 		.ascii	"x\234cc``pf@\000F\006\006\336\273@\222\011\310f[ \317"
  27      60607066 
  27      40004606 
  27      06DEBB40 
  27      9209C866 
  28 0017 0416E322 		.ascii	"\004\026\343\"H0q\203\264\202\231\014\000\205\223\002"
  28      48307183 
ARM GAS  /tmp/ccMeaXYw.s 			page 2


  28      B482990C 
  28      00859302 
  29 0027 65       		.ascii	"e"
  30              		.text
  31              		.section	.gnu.lto_.pureconst.114d12f6eae60682,"",%progbits
  32 0000 789C6363 		.ascii	"x\234cc```\006bF\006\011\000\000}\000#"
  32      60606006 
  32      62460609 
  32      00007D00 
  32      23
  33              		.text
  34              		.section	.gnu.lto_halInit.114d12f6eae60682,"",%progbits
  35 0000 789C75D1 		.ascii	"x\234u\321\277O\302@\024\007\360\367\355A\251A\320\301"
  35      BF4FC240 
  35      1407F0F7 
  35      ED41A941 
  35      D0C1
  36 0012 4185C195 		.ascii	"A\205\301\225\005\376\013\007\377\013\303\342`b\"\177"
  36      05FE0B07 
  36      FF0BC3E2 
  36      6062227F 
  37 0022 400F2B01 		.ascii	"@\017+\001\243\203\003\242Cc\032\243Q'CP\261\376\242"
  37      A38303A2 
  37      43631AA3 
  37      51274350 
  37      B1FEA2
  38 0035 F2076874 		.ascii	"\362\007htu\322\250\023\376H\234\320\200\276Rc:\224"
  38      75D2A813 
  38      FE489CD0 
  38      80BE5263 
  38      3A94
  39 0047 4B2F77BD 		.ascii	"K/w\275\367\271\327w=\225\210&\025\242$\217\011\356"
  39      F7B9D777 
  39      3D958826 
  39      15A2248F 
  39      09EE
  40 0059 100465F5 		.ascii	"\020\004e\365\232(\257)\200;\221\032HW\240cE\224\005"
  40      9A28AF29 
  40      803B911A 
  40      4857A063 
  40      459405
  41 006c 9AC5175B 		.ascii	"\232\305\027[I\355Jn\316\372\307\230\334s`\012\242\012"
  41      49ED4A6E 
  41      CEFAC798 
  41      DC73600A 
  41      A20A
  42 007e 77B7A186 		.ascii	"w\267\241\206\0241{\254v\327bj\310[\307!T\002O\016\356"
  42      14317BAC 
  42      76D7626A 
  42      C85BC721 
  42      54024F0E 
  43 0093 C28EECFE 		.ascii	"\302\216\354\376\024\245\363\264\205\372T\224\250\304"
  43      14A5F3B4 
  43      85FA5494 
  43      A8C4
  44 00a1 71FE8874 		.ascii	"q\376\210thI(\356\314p\250\005\303\372N\3646q&\333n"
  44      684928EE 
ARM GAS  /tmp/ccMeaXYw.s 			page 3


  44      CC70A805 
  44      C3FA4EF4 
  44      367126DB 
  45 00b6 DD47F48E 		.ascii	"\335G\364\216\324L\201\212\340,8\202N&\353\026\026\255"
  45      D44C818A 
  45      E02C3882 
  45      4E26EB16 
  45      16AD
  46 00c8 9DC10027 		.ascii	"\235\301\000'*\034%\034\263\343@\245\320\274\211,\013"
  46      2A1C251C 
  46      B3E340A5 
  46      D0BC892C 
  46      0B
  47 00d9 5384E0BE 		.ascii	"S\204\340\276\032_\215\3178\273Q^\260\334\352x\255}"
  47      1A5F8DCF 
  47      38BB515E 
  47      B0DCEA78 
  47      AD7D
  48 00eb FB5A8A5A 		.ascii	"\373Z\212Z\330\314\017\233\"\214\023>k\035\311^\304"
  48      D8CC0F9B 
  48      228C133E 
  48      6B1DC95E 
  48      C4
  49 00fc D8AE15C0 		.ascii	"\330\256\025\300zC\312\0117\203\015\013\336qN\241\233"
  49      7A43CA09 
  49      37830D0B 
  49      DE714EA1 
  49      9B
  50 010d 42ED15DB 		.ascii	"B\355\025\333\211\005\027\313\331q\366_\254a\355\307"
  50      890517CB 
  50      D971F65F 
  50      AC61EDC7 
  51 011d 835D88DD 		.ascii	"\203]\210\335\271\317=\364qav\027>\327\356\343Tv\227"
  51      B9CF3DF4 
  51      71617617 
  51      3ED7EEE3 
  51      547697
  52 0130 3E571D0A 		.ascii	">W\035\012v\021v\015\177}#\301Nc\347\370\334s\0377\300"
  52      7611760D 
  52      7F7D23C1 
  52      4E63E7F8 
  52      DC731F37 
  53 0145 EEEACFBD 		.ascii	"\356\352\317\275a\301z/{\377\312m%\276:\276^\276\227"
  53      61C17A2F 
  53      7BFFCA6D 
  53      25BE3ABE 
  53      5EBE97
  54 0158 F1743AE3 		.ascii	"\361t:\343=s\271\314\314\364l&7\237u\307t\226~\001]"
  54      3D73B9CC 
  54      CCF46C26 
  54      379F75C7 
  54      74967E01 
  55 016d CEC57D   		.ascii	"\316\305}"
  56              		.text
  57              		.section	.gnu.lto_.symbol_nodes.114d12f6eae60682,"",%progbits
  58 0000 789C55C9 		.ascii	"x\234U\311\273\015\302@\024D\321\353Y\177i\002J\201"
  58      BB0DC240 
ARM GAS  /tmp/ccMeaXYw.s 			page 4


  58      1444D1EB 
  58      597F6902 
  58      4A81
  59 0012 CA9E0363 		.ascii	"\312\236\003c\376\210\"\\\005\261c\327\000\222CZ\000"
  59      FE88225C 
  59      05B163D7 
  59      0092435A 
  59      00
  60 0023 B16CC40B 		.ascii	"\261l\304\013FW:S\002\3578\324\311\3406A\314\275\335"
  60      46573A53 
  60      02EF38D4 
  60      C9E03641 
  60      CCBDDD
  61 0036 40B113AB 		.ascii	"@\261\023\253\370dWY\226\036h\333u\204\213L\016\316"
  61      F8645759 
  61      961E68DB 
  61      75848B4C 
  61      0ECE
  62 0048 B2E0E024 		.ascii	"\262\340\340$\313\035\034e\205\203\203\254t\260\227"
  62      CB1D1C65 
  62      858383AC 
  62      74B097
  63 0057 550E7A59 		.ascii	"U\016zY\355`+k\376!\260`x|\262@\303\230Z3\247Vt\317"
  63      ED602B6B 
  63      FE21B060 
  63      787CB240 
  63      C3985A33 
  64 006f 5F4B86D4 		.ascii	"_K\206\324\20215gN\015t\375k\031\020C,_\231\372>\012"
  64      82313567 
  64      4E0D74FD 
  64      6B191043 
  64      2C5F99FA 
  65              		.text
  66              		.section	.gnu.lto_.refs.114d12f6eae60682,"",%progbits
  67 0000 789C6363 		.ascii	"x\234cc```\003bF\006&F&\006\000\000\263\000\023"
  67      60606003 
  67      62460626 
  67      46260600 
  67      00B30013 
  68              		.text
  69              		.section	.gnu.lto_.decls.114d12f6eae60682,"",%progbits
  70 0000 789CBD57 		.ascii	"x\234\275WoPT\327\025\177\367]v\227]\026\260`R\333\261"
  70      6F5054D7 
  70      157FF75D 
  70      76975D16 
  70      B06052DB 
  71 0015 1DEBE0C8 		.ascii	"\035\353\340\310\027xB\234I:c\333I\305\030\247\266\241"
  71      1778429C 
  71      493A63DB 
  71      49C518A7 
  71      B6A1
  72 0027 8DC9349F 		.ascii	"\215\3114\2376\353\356*\333\356\262\333\335\245M&_\036"
  72      36EBEE2A 
  72      DBEEB2DB 
  72      DDA54D26 
  72      5F1E
  73 0039 B0FC1110 		.ascii	"\260\374\021\020P\250\211`\214J\232\210a\214\021I\370"
ARM GAS  /tmp/ccMeaXYw.s 			page 5


  73      50A88960 
  73      8C4A9A88 
  73      618C1149 
  73      F8
  74 004a 67411141 		.ascii	"gA\021A\"\006%X\321E\011FTP\376\032\026\002J\317\275"
  74      22062558 
  74      D1450946 
  74      5450FE1A 
  74      16024ACF 
  75 005f F72D6F59 		.ascii	"\367-oY\300\231\364C\337p\336}\347\236\337\375\235s"
  75      C099F443 
  75      DF70DE7D 
  75      E79EDFFD 
  75      9D73
  76 0071 CFB9F7EE 		.ascii	"\317\271\367\356E\311q\3343\241\034\367/\314q\365\360"
  76      45C971DC 
  76      33A11CF7 
  76      2FCC71F5 
  76      F0
  77 0082 3D0B0F0F 		.ascii	"=\013\017\017\355\031\020\0042\311\261GCl\244\017:1"
  77      ED191004 
  77      32C9B147 
  77      436CA40F 
  77      3A31
  78 0094 88024405 		.ascii	"\210\002D\005\242\006\011\001\011\005\371\021H$b\343"
  78      A2060901 
  78      0905F911 
  78      482462E3 
  79 00a4 9E41DCBC 		.ascii	"\236A\334\274g\226\340\241}\023\344Y\370~\002\355\217"
  79      6796E0A1 
  79      7D13E459 
  79      F87E02ED 
  79      8F
  80 00b5 11E3F782 		.ascii	"\021\343\367\202,C\363\375DJ|\241\022\277Z\362\247\220"
  80      2C43F3FD 
  80      444A7CA1 
  80      12BF5AF2 
  80      A790
  81 00c7 FCA325FC 		.ascii	"\374\243%\374\024ct\331}\342\000\316\305(B\203\202@"
  81      146374D9 
  81      7DE200CE 
  81      C5284283 
  81      8240
  82 00d9 1D6D2FB9 		.ascii	"\035m/\271\035\006\352r\015Z\005jm\317hc\010\263\366"
  82      1D06EA72 
  82      0D5A056A 
  82      6DCF6863 
  82      08B3F6
  83 00ec 22D0AB4F 		.ascii	"\"\320\253O?\214g\352J?\353r\311z\242\336\3750\214\231"
  83      3F8C67EA 
  83      4A3FEB72 
  83      C97AA2DE 
  83      FD308C99 
  84 0100 1B899E9B 		.ascii	"\033\211\236\233Q\260K\205yD\374\014\271\357\364JL+"
  84      51B04B85 
  84      7944FC0C 
  84      B9EFF44A 
ARM GAS  /tmp/ccMeaXYw.s 			page 6


  84      4C2B
  85 0112 40BD3272 		.ascii	"@\2752r\361}I]\006\252gW\346A%VSdOk\371'$\242\265\032"
  85      F17D495D 
  85      06AA6757 
  85      E6412556 
  85      53644F6B 
  86 012c 44F21B0E 		.ascii	"D\362\033\016]\237>\250\231\012e]\004\361\365D\301\221"
  86      5D9F3EA8 
  86      990A655D 
  86      04F1F544 
  86      C191
  87 013e 601C46BF 		.ascii	"`\034F\277\313\256\037\331\247\212\255\020\331\023\374"
  87      CBAE1FD9 
  87      A78AAD10 
  87      D913FC
  88 014d 670E3520 		.ascii	"g\0165 \354\233\334\225\202\261\017U8\216\000\371[\335"
  88      EC9BDC95 
  88      82B10F55 
  88      388E00F9 
  88      5BDD
  89 015f D39E30A4 		.ascii	"\323\2360\244\211\316\026\3054\361P\272\250~\231C\247"
  89      89CE16C5 
  89      34F150BA 
  89      A87E9943 
  89      A7
  90 0170 D04A5489 		.ascii	"\320JT\211Vr\250\011E\023\362F\024\313\241\177C\347"
  90      5672A809 
  90      4513F246 
  90      14CBA17F 
  90      43E7
  91 0182 69E8FC88 		.ascii	"i\350\374\210\0206\336\365\256\335\223%\212<:\2134\350"
  91      1036DEF5 
  91      AEDD9325 
  91      8A3C3A8B 
  91      34E8
  92 0194 0CC21403 		.ascii	"\014\302\024\003\331\\\253a.\312?\334sD\211\317!\352"
  92      D95CAB61 
  92      2ECA3FDC 
  92      734489CF 
  92      21EA
  93 01a6 A3AEF44E 		.ascii	"\243\256\364N3\277\224\217\363K\372\030\256Y}>\203\370"
  93      33BF948F 
  93      F34BFA18 
  93      AE597D3E 
  93      83F8
  94 01b8 68061FE7 		.ascii	"h\006\037\347d\037\340\2229\351\253\365\244\362\370"
  94      641FE092 
  94      39E9ABF5 
  94      A4F2F8
  95 01c7 02CB6449 		.ascii	"\002\313dI\335\2436\005K]0\250\303E\315\355<ng\266\376"
  95      DDA33605 
  95      4B5D30A8 
  95      C345CDED 
  95      3C6E67B6 
  96 01dc 6BE9FB95 		.ascii	"k\351\373\225\270\223)\205\217\273E%\276\301\224\335"
  96      B8932985 
  96      8FBB4525 
ARM GAS  /tmp/ccMeaXYw.s 			page 7


  96      BEC194DD 
  97 01ec C3938783 		.ascii	"\303\223\207\203p\037S\272\323\275WC\361=\252\250\323"
  97      701F53BA 
  97      D3BD5743 
  97      F13DAAA8 
  97      D3
  98 01fd AE4D3429 		.ascii	"\256M4)PTTdTTTtT\324\021\022{\343p\317\206\232\261{"
  98      50545464 
  98      54545474 
  98      54D41112 
  98      7BE370CF 
  99 0215 A2B8574B 		.ascii	"\242\270WK\203j\207\240:P\244<\231Zxq(\016^\034\033"
  99      836A87A0 
  99      3A50A43C 
  99      995A7871 
  99      280E5E1C 
 100 022a 70FD9725 		.ascii	"p\375\227%b\243\033StK \272NF\357!3.\004AA\034\372\002"
 100      62A31B53 
 100      744B20BA 
 100      4E46EF21 
 100      332E0441 
 101 0242 009F531B 		.ascii	"\000\237S\033\201\303\254\321\327\220\244+(\012]\005"
 101      81C3ACD1 
 101      D790A42B 
 101      280A5D05 
 102 0252 B90CD209 		.ascii	"\271\014\322\011\362\025H\027\310%\024E\013\313\034"
 102      F2154817 
 102      C8251445 
 102      0BCB1C
 103 0261 7EFF82EC 		.ascii	"~\377\202\354\260-\320a\353\202\360\374\320\027\003"
 103      B02DD061 
 103      EB82F0FC 
 103      D01703
 104 0270 D14200B8 		.ascii	"\321B\000\270\315o.\027\026\247>E\336R\371.UG\244\302"
 104      CD6F2E17 
 104      16A73E45 
 104      DE52F92E 
 104      5547A4C2 
 105 0284 7C088C93 		.ascii	"|\010\214\223J'\2079T\023Q\226.\266\256\243d\365\213"
 105      4A278739 
 105      54135196 
 105      2EB6AEA3 
 105      64F58B
 106 0297 27869131 		.ascii	"'\206\2211\374\200_\240_.\032(CC\025\033\236\270;\224"
 106      FC805FA0 
 106      5F2E1A28 
 106      4343151B 
 106      9EB83B94 
 107 02ab F8034C97 		.ascii	"\370\003L\227\336\261z\317\240\002EF/\232_\324\015i"
 107      DEB17ACF 
 107      A0024546 
 107      2F9A5FD4 
 107      0D69
 108 02bd FD212966 		.ascii	"\375!)f\023;_\253\204-\205\256\301\300\377\310\253\222"
 108      133B5FAB 
 108      842D85AE 
 108      C1C0FFC8 
ARM GAS  /tmp/ccMeaXYw.s 			page 8


 108      AB92
 109 02cf 4C93FA1F 		.ascii	"L\223\372\037?z\362`0[\210G\311v\277\377\370\374\240"
 109      3F7AF260 
 109      305B8847 
 109      C976BFFF 
 109      F8FCA0
 110 02e2 029FA4F1 		.ascii	"\002\237\244\361\240\212\366\026\217t\256d\023c\247"
 110      A08AF616 
 110      8F74AE64 
 110      1363A7
 111 02f1 B7234B83 		.ascii	"\267#K\203k\230q\366~w\231\232\031G\210\236SUT\026\216"
 111      6B9871F6 
 111      7E77999A 
 111      1947889E 
 111      53555416 
 112 0306 1B99B1B3 		.ascii	"\033\231\261\263\377\260[\313\214\035D\317/\250\374"
 112      FFB05BCB 
 112      8C1D44CF 
 112      2FA8FC
 113 0315 4C835B98 		.ascii	"L\203[\230\361h\377\201|\311\370\002\250U\355\3257\025"
 113      F168FF81 
 113      7CC9F802 
 113      A855EDD5 
 113      3715
 114 0327 F812B379 		.ascii	"\370\022\263y\306\256f\205\340.\246|:S\374\261\022{"
 114      C6AE6685 
 114      E02EA67C 
 114      3A53FCB1 
 114      127B
 115 0339 98D2E699 		.ascii	"\230\322\346\231\374F\305F\315\220`\006v\317z\264\322"
 115      FC46C546 
 115      CD906006 
 115      76CF7AB4 
 115      D2
 116 034a C145CE97 		.ascii	"\301E\316\227\254\366\357>\346\361m\012\016\311+I\373"
 116      ACF6EF3E 
 116      E6F16D0A 
 116      0EC92B49 
 116      FB
 117 035b A3B41D7C 		.ascii	"\243\264\035|\033\202\344\242>\242H$u$\331\370\026\262"
 117      1B82E4A2 
 117      3EA24824 
 117      7524D9F8 
 117      16B2
 118 036d 3108ED5C 		.ascii	"1\010\355\\~k\347\327\021\360g\177\235J\353H\340=\201"
 118      7E6BE7D7 
 118      11F0677F 
 118      9D4AEB48 
 118      E03D81
 119 0380 708F1F7C 		.ascii	"p\217\037|^\301\356\002\242\237\032\007\245j\215B\265"
 119      5EC1EE02 
 119      A29F1A07 
 119      A56A8D42 
 119      B5
 120 0391 C6A032F7 		.ascii	"\306\2402\367A\306A\036\200\014\203\014\200\014\201"
 120      41C6411E 
 120      800C830C 
ARM GAS  /tmp/ccMeaXYw.s 			page 9


 120      800C81
 121 03a0 8C803C94 		.ascii	"\214\200<\2247\006\361\374+\331\3637\201\236{\027\004"
 121      3706F1FC 
 121      2BD9F337 
 121      819E7B17 
 121      04
 122 03b1 DAF71B19 		.ascii	"\332\367\033\031~/\020^5o\037\021\264\337\264n\004\242"
 122      7E2F105E 
 122      356F1F11 
 122      B4DFB46E 
 122      04A2
 123 03c3 AF2F40FB 		.ascii	"\257/@\373\205r+\020}3\020}\326/\222\232@t\365\302m"
 123      85722B10 
 123      7D33107D 
 123      D62F929A 
 123      4074F5C2 
 124 03d8 57C7B6DD 		.ascii	"W\307\266\335\340\202m\007\306\376:\277r\335\011$\023"
 124      E0826D07 
 124      C6FE3ABF 
 124      72DD0924 
 124      13
 125 03e9 02E3DC20 		.ascii	"\002\343\334 {\276\035\010\356\223\343\204\245rf\352"
 125      7BBE1D08 
 125      EE93E384 
 125      A57266EA 
 126 03f9 4146381E 		.ascii	"AF8\036`\233\256\270n|L\205\242#Y@\023\015t\273L\300"
 126      609BAEB8 
 126      6E7C4C85 
 126      A2235940 
 126      130D74BB 
 127 040f E047F276 		.ascii	"\340G\362v\031\244\333e\321*\243\357\240\270\377K\241"
 127      19A4DB65 
 127      D12AA3EF 
 127      A0B8FF4B 
 127      A1
 128 0420 218ED315 		.ascii	"!\216\323\025\243\036m\244D\233\275$-\367C8\233FZ\253"
 128      A31E6DA4 
 128      449BBD24 
 128      2DF74338 
 128      9B465AAB 
 129 0434 83B53973 		.ascii	"\203\2659s?^\310\353w\370ph\022i\011\220\264\344\307"
 129      3F5EC8EB 
 129      77F87068 
 129      12690990 
 129      B4E4C7
 130 0447 FFCCE986 		.ascii	"\377\314\351\206\220[\260\266\341\002\204\226Q\012\204"
 130      905BB0B6 
 130      E1028496 
 130      510A84
 131 0456 D81B5A84 		.ascii	"\330\033Z\204\244k\307\254\357A\254\037zy\326HP\242"
 131      A46BC7AC 
 131      EF41AC1F 
 131      7A79D648 
 131      50A2
 132 0468 F886A0B9 		.ascii	"\370\206\240\271\036^\342\340}\274\364O\"@\376\254\314"
 132      1E5EE2E0 
 132      7DBCF44F 
ARM GAS  /tmp/ccMeaXYw.s 			page 10


 132      2240FEAC 
 132      CC
 133 0479 CEDCF91E 		.ascii	"\316\334\371\036v\035c\037~\343X\027/;\363\033\262 "
 133      761D631F 
 133      7EE35817 
 133      2F3BF31B 
 133      B220
 134 048b 566ECE3C 		.ascii	"Vn\316<\027\224<I$e\254\353A\336qm/,e\016\275\301q\205"
 134      17943C49 
 134      2465ACEB 
 134      41DE716D 
 134      2F2C650E 
 135 04a3 C1567ADC 		.ascii	"\301Vz\334\214T\212}\032\374\210\235=\315\263\336\306"
 135      8C548A7D 
 135      1AFC889D 
 135      3DCDB3DE 
 135      C6
 136 04b4 7076F6F0 		.ascii	"pv\366\360~\027\237\345\354\342S\2217[\254X\261\217"
 136      7E179FE5 
 136      ECE25391 
 136      375BAC58 
 136      B18F
 137 04c6 96315D5C 		.ascii	"\2261]\\\306\2437\237E\217!\34334\343O\320\012x'\007"
 137      C6A3379F 
 137      458F21E3 
 137      3334E34F 
 137      D00A7827 
 138 04db 3167B7CF 		.ascii	"1g\267\317\015=\346W\037\022\017\365\302\265dv\325\335"
 138      0D3DE657 
 138      1F120FF5 
 138      C2B56476 
 138      D5DD
 139 04ed 53A208B7 		.ascii	"S\242\010\267\0061\210\300\320\264\274\342\246\311\005"
 139      063188C0 
 139      D0B4BCE2 
 139      A6C905
 140 04fc 087D0F7B 		.ascii	"\010}\017{\035M\301\266\343\320,ZM\016\271\223C\267"
 140      1D4DC1B6 
 140      E3D02C5A 
 140      4D0EB993 
 140      43B7
 141 050e 14F8DD20 		.ascii	"\024\370\335 \032U\336\267uU\341\300\325\013\353\326"
 141      1A55DEB7 
 141      7555E1C0 
 141      D50BEBD6 
 142 051e 9B8B8FA7 		.ascii	"\233\213\217\247g\356\026\017#\352\021\211\374\034\025"
 142      67EE160F 
 142      23EA1189 
 142      FC1C15
 143 052d 7CB249A7 		.ascii	"|\262I\247\362\204\342b\177\317;\270\2361|\322\234\223"
 143      F284E262 
 143      7FCF3BB8 
 143      9E317CD2 
 143      9C93
 144 053f 1A24318C 		.ascii	"\032$1\214\277\207K\272\357\211\331\032F\220&\023\244"
 144      BF874BBA 
 144      EF89D91A 
ARM GAS  /tmp/ccMeaXYw.s 			page 11


 144      46902613 
 144      A4
 145 0550 F908D229 		.ascii	"\371\010\322)\301\001oi\025\217\247\031\303G\271\336"
 145      C1016F69 
 145      158FA719 
 145      C347B9DE 
 146 0560 522C31DC 		.ascii	"R,1\3348\212\207Z2\033\023\031\201[&p\373\0102(A\345"
 146      388A875A 
 146      321B1319 
 146      815B2670 
 146      FB083228 
 147 0576 547629C2 		.ascii	"Tv)\302\345\012JPw\363\213A\225D\360\345q\374\36039"
 147      E50A4A50 
 147      77F38B41 
 147      9544F0E5 
 147      71FCF033 
 148 058b 844C9921 		.ascii	"\204L\231!\323\307\220E\031\316u\015d+p\007c\250\035"
 148      D3C79045 
 148      19CE750D 
 148      642B7007 
 148      63A81D
 149 059e DFE79408 		.ascii	"\337\347\224\010\232\352p\376\205\271\010\262\345\361"
 149      9AEA70FE 
 149      85B908B2 
 149      E5F1
 150 05ac D9BEF1BB 		.ascii	"\331\276\361\273\350\370\257\332\312fB\261\227\215\357"
 150      E8F8AFDA 
 150      CA6642B1 
 150      978DEF
 151 05bb 2C2E9F0A 		.ascii	",.\237\012\365%\241\001_\222\011rd\202\034\037A.%\230"
 151      F525A101 
 151      5F920972 
 151      64821C1F 
 151      412E2598 
 152 05cf AC296ED1 		.ascii	"\254)n\321\340CJJ\360yya\006\357\213\240\0357\310\004"
 152      E0434A4A 
 152      F0797961 
 152      06EF8BA0 
 152      1D37C804 
 153 05e3 7932419E 		.ascii	"y2A\236\217`7%8V\261\377\216\032\2670\202\312\274\356"
 153      8F603725 
 153      3856B1FF 
 153      8E1AB730 
 153      82CABCEE 
 154 05f7 4C4510CF 		.ascii	"LE\020\317\266%Y*\344\214*\036)U/\271\250\012y\262\250"
 154      B625592A 
 154      E48C2A1E 
 154      29552FB9 
 154      A80A79B2 
 155 060c 0A786955 		.ascii	"\012xiU\275W9xY+E0\330\263a\372\224\350V\020\014\312"
 155      BD573978 
 155      592B4530 
 155      D8B361FA 
 155      94E85610 
 156 0622 9703C8F7 		.ascii	"\227\003\310\367\005\260\207\006\260\377`\301\011\214"
 156      05B08706 
 156      B0FF60C1 
ARM GAS  /tmp/ccMeaXYw.s 			page 12


 156      098C
 157 0630 BB580043 		.ascii	"\273X\000C\015\343\367}\353\240\323\203\217\215\312"
 157      0DE3F77D 
 157      EBA0D383 
 157      8F8DCA
 158 063f 45D82B33 		.ascii	"E\330+3\354\3651\024Q\206\326\246\343\023!\270HE\031"
 158      ECF53114 
 158      5186D6A6 
 158      E31321B8 
 158      484519
 159 0652 1EBD9FD7 		.ascii	"\036\275\237\327\200\327\224\211#\344*\334\023==\342"
 159      80D79489 
 159      23E42ADC 
 159      133D3DE2 
 160 0662 16B323E8 		.ascii	"\026\263#\350\331S\314\010\374~\026\213\011\017\372"
 160      D953CC08 
 160      FC7E168B 
 160      090FFA
 161 0671 27BF06C6 		.ascii	"'\277\006\306}03\275?\314\377\270\">\345\343j\037\317"
 161      7D3033BD 
 161      3FCCFFB8 
 161      223EE5E3 
 161      6A1FCF
 162 0684 8E2B68C9 		.ascii	"\216+h\311\177.\223y\2275\376`2E\031\374\256\004&\255"
 162      7F2E9379 
 162      9735FE60 
 162      324519FC 
 162      AE0426AD 
 163 0698 32F1E504 		.ascii	"2\361\345\004\275K\037\244\337\341\260\374$6V`\1776"
 163      BD4B1FA4 
 163      DFE1B0FC 
 163      24365660 
 163      7F36
 164 06aa A790A4B7 		.ascii	"\247\220\244\267\010N\207\201\264\261\206\340\315\177"
 164      084E8781 
 164      B4B186E0 
 164      CD7F
 165 06b8 786DD5C6 		.ascii	"xm\325\306\2708N\243\323\245\230\223]\317\305\353\\"
 165      B8384EA3 
 165      D3A59893 
 165      5DCFC5EB 
 165      5C
 166 06c9 994848B2 		.ascii	"\231HH\262YM\202\336\3404\305X\364\333\205\004\233!"
 166      594D82DE 
 166      E034C558 
 166      F4DB8504 
 166      9B21
 167 06db C56A4A76 		.ascii	"\305jJv9\205m&\275\365w\302&\203\305lw\232t\246\030"
 167      39856D26 
 167      BDF577C2 
 167      2683C56C 
 167      779A74A6 
 168 06f0 7B8AE1AF 		.ascii	"{\212\341\257\361\3026\233\315\342\024v\032\0141z\207"
 168      F1C2369B 
 168      CDE21476 
 168      1A0C317A 
 168      87
ARM GAS  /tmp/ccMeaXYw.s 			page 13


 169 0701 3526D996 		.ascii	"5&\331\226l\2121\351\267\233c\236\217\211_\027\367|"
 169      6C8A31E9 
 169      B79B639E 
 169      8F895F17 
 169      F77C
 170 0713 CCDFD6C7 		.ascii	"\314\337\326\307X\365\177\2619\204yV\301\234l\260\244"
 170      58F57FB1 
 170      39847956 
 170      C19C6CB0 
 170      A4
 171 0724 184D8255 		.ascii	"\030M\202UoH2'\233\004\235\321\264C\237bq\351\\o\333"
 171      6F483227 
 171      9B049DD1 
 171      B4439F62 
 171      71E95C6F 
 172 0739 4DCED824 		.ascii	"M\316\330$.\330\027\320;\377\327x\234o;\005\235\323"
 172      2ED817D0 
 172      3BFFD778 
 172      9C6F3B05 
 172      9DD3
 173 074b 6504E710 		.ascii	"e\004\347\020\004\266\031\035\012{\212\335\350P\331"
 173      04B6191D 
 173      0A7B8ADD 
 173      E850D9
 174 075a 9C7693C9 		.ascii	"\234v\223\311\350P\332H\200\016\205\325f49Hz\223\342"
 174      E850DA48 
 174      800E85D5 
 174      66343948 
 174      7A93E2
 175 076d 02D36BB7 		.ascii	"\002\323k\2679 \270W\267\375\376\271xa\353\326\004a"
 175      3920B857 
 175      B7FDFEB9 
 175      7861EBD6 
 175      0461
 176 077f 73E29657 		.ascii	"s\342\226W\376\036/\330\365\026\235\305b\004\326\010"
 176      FE1E2FD8 
 176      F5169DC5 
 176      6204D608 
 177 078f A7CB0A33 		.ascii	"\247\313\0123\333i7\333tN\223+\305\256s)\0237\223z)"
 177      DB6937DB 
 177      744E932B 
 177      C5AE7329 
 177      1337937A 
 178 07a4 135F62CD 		.ascii	"\023_b\315&\326$\260f#k~\313\232\027Y\263\2054\352\304"
 178      26D624B0 
 178      66236B7E 
 178      CB9A1759 
 178      B38534EA 
 179 07b9 17B76EB4 		.ascii	"\027\267n\264%\3570\357T\201\353-\311f\327O\227\254"
 179      25EF30EF 
 179      5481EB2D 
 179      C966D74F 
 179      97AC
 180 07cb 36A774BA 		.ascii	"6\247t\272\010"
 180      08
 181 07d0 E2678188 		.ascii	"\342g\201\210\271\271\223)\253\267\333\364\016#\301"
 181      B9B99329 
ARM GAS  /tmp/ccMeaXYw.s 			page 14


 181      ABB7DBF4 
 181      0E23C1
 182 07df AD0FC451 		.ascii	"\255\017\304Q\013\231\231\216N\356\245\365\272\204-"
 182      0B99998E 
 182      4EEEA5F5 
 182      BA842D
 183 07ee AF6E7CE5 		.ascii	"\257n|\345\365M\177z\203\331`\270\312iL!\203\327,\351"
 183      F54D7F7A 
 183      83D960B8 
 183      CA694C21 
 183      83D72CE9 
 184 0802 C4E43043 		.ascii	"\304\3440C&R\234\333\011\032\032\202\376\371Rh\011\346"
 184      26529CDB 
 184      091A1A82 
 184      FEF95268 
 184      09E6
 185 0814 B49B9F0A 		.ascii	"\264\233\237\012\003;\300\224N\032\367/\236\356\232"
 185      033BC094 
 185      4E1AF72F 
 185      9EEE9A
 186 0823 F0D9FF61 		.ascii	"\360\331\377a}*\037\330\001\026\252\223j\2463\003X\233"
 186      7D2A1FD8 
 186      0116AA93 
 186      6AA63303 
 186      589B
 187 0835 E4A7AC7B 		.ascii	"\344\247\254{Z\321\245\354\274\365\226\220$\327\234"
 187      5AD1A5EC 
 187      BCF59690 
 187      24D79C
 188 0844 50F9D6B8 		.ascii	"P\371\326\270\201V\354\277\215\261\353\374"
 188      8156ECBF 
 188      8DB1EBFC 
 189              		.text
 190              		.section	.gnu.lto_.symtab.114d12f6eae60682,"",%progbits
 191 0000 68616C49 		.ascii	"halInit\000"
 191      6E697400 
 192 0008 00       		.ascii	"\000"
 193 0009 00       		.ascii	"\000"
 194 000a 00       		.ascii	"\000"
 195 000b 00000000 		.ascii	"\000\000\000\000\000\000\000\000"
 195      00000000 
 196 0013 FF000000 		.ascii	"\377\000\000\000"
 197 0017 70616C5F 		.ascii	"pal_default_config\000"
 197      64656661 
 197      756C745F 
 197      636F6E66 
 197      696700
 198 002a 00       		.ascii	"\000"
 199 002b 02       		.ascii	"\002"
 200 002c 00       		.ascii	"\000"
 201 002d 00000000 		.ascii	"\000\000\000\000\000\000\000\000"
 201      00000000 
 202 0035 15010000 		.ascii	"\025\001\000\000"
 203 0039 7374496E 		.ascii	"stInit\000"
 203      697400
 204 0040 00       		.ascii	"\000"
 205 0041 02       		.ascii	"\002"
ARM GAS  /tmp/ccMeaXYw.s 			page 15


 206 0042 00       		.ascii	"\000"
 207 0043 00000000 		.ascii	"\000\000\000\000\000\000\000\000"
 207      00000000 
 208 004b 01010000 		.ascii	"\001\001\000\000"
 209 004f 626F6172 		.ascii	"boardInit\000"
 209      64496E69 
 209      7400
 210 0059 00       		.ascii	"\000"
 211 005a 02       		.ascii	"\002"
 212 005b 00       		.ascii	"\000"
 213 005c 00000000 		.ascii	"\000\000\000\000\000\000\000\000"
 213      00000000 
 214 0064 03010000 		.ascii	"\003\001\000\000"
 215 0068 73647549 		.ascii	"sduInit\000"
 215      6E697400 
 216 0070 00       		.ascii	"\000"
 217 0071 02       		.ascii	"\002"
 218 0072 00       		.ascii	"\000"
 219 0073 00000000 		.ascii	"\000\000\000\000\000\000\000\000"
 219      00000000 
 220 007b 05010000 		.ascii	"\005\001\000\000"
 221 007f 75736249 		.ascii	"usbInit\000"
 221      6E697400 
 222 0087 00       		.ascii	"\000"
 223 0088 02       		.ascii	"\002"
 224 0089 00       		.ascii	"\000"
 225 008a 00000000 		.ascii	"\000\000\000\000\000\000\000\000"
 225      00000000 
 226 0092 07010000 		.ascii	"\007\001\000\000"
 227 0096 73706949 		.ascii	"spiInit\000"
 227      6E697400 
 228 009e 00       		.ascii	"\000"
 229 009f 02       		.ascii	"\002"
 230 00a0 00       		.ascii	"\000"
 231 00a1 00000000 		.ascii	"\000\000\000\000\000\000\000\000"
 231      00000000 
 232 00a9 09010000 		.ascii	"\011\001\000\000"
 233 00ad 7364496E 		.ascii	"sdInit\000"
 233      697400
 234 00b4 00       		.ascii	"\000"
 235 00b5 02       		.ascii	"\002"
 236 00b6 00       		.ascii	"\000"
 237 00b7 00000000 		.ascii	"\000\000\000\000\000\000\000\000"
 237      00000000 
 238 00bf 0B010000 		.ascii	"\013\001\000\000"
 239 00c3 70776D49 		.ascii	"pwmInit\000"
 239      6E697400 
 240 00cb 00       		.ascii	"\000"
 241 00cc 02       		.ascii	"\002"
 242 00cd 00       		.ascii	"\000"
 243 00ce 00000000 		.ascii	"\000\000\000\000\000\000\000\000"
 243      00000000 
 244 00d6 0D010000 		.ascii	"\015\001\000\000"
 245 00da 5F70616C 		.ascii	"_pal_lld_init\000"
 245      5F6C6C64 
 245      5F696E69 
 245      7400
ARM GAS  /tmp/ccMeaXYw.s 			page 16


 246 00e8 00       		.ascii	"\000"
 247 00e9 02       		.ascii	"\002"
 248 00ea 00       		.ascii	"\000"
 249 00eb 00000000 		.ascii	"\000\000\000\000\000\000\000\000"
 249      00000000 
 250 00f3 11010000 		.ascii	"\021\001\000\000"
 251 00f7 68616C5F 		.ascii	"hal_lld_init\000"
 251      6C6C645F 
 251      696E6974 
 251      00
 252 0104 00       		.ascii	"\000"
 253 0105 02       		.ascii	"\002"
 254 0106 00       		.ascii	"\000"
 255 0107 00000000 		.ascii	"\000\000\000\000\000\000\000\000"
 255      00000000 
 256 010f 13010000 		.ascii	"\023\001\000\000"
 257              		.text
 258              		.section	.gnu.lto_.opts,"",%progbits
 259 0000 272D666D 		.ascii	"'-fmath-errno' '-fsigned-zeros' '-ftrapping-math' '"
 259      6174682D 
 259      6572726E 
 259      6F272027 
 259      2D667369 
 260 0033 2D666E6F 		.ascii	"-fno-trapv' '-fno-openmp' '-fno-openacc' '-mcpu=cor"
 260      2D747261 
 260      70762720 
 260      272D666E 
 260      6F2D6F70 
 261 0066 7465782D 		.ascii	"tex-m4' '-mno-thumb-interwork' '-mthumb' '-O2' '-fo"
 261      6D342720 
 261      272D6D6E 
 261      6F2D7468 
 261      756D622D 
 262 0099 6D69742D 		.ascii	"mit-frame-pointer' '-falign-functions=16' '-ffuncti"
 262      6672616D 
 262      652D706F 
 262      696E7465 
 262      72272027 
 263 00cc 6F6E2D73 		.ascii	"on-sections' '-fdata-sections' '-fno-common' '-flto"
 263      65637469 
 263      6F6E7327 
 263      20272D66 
 263      64617461 
 264 00ff 2700     		.ascii	"'\000"
 265              		.text
 266              		.comm	__gnu_lto_v1,1,1
 267              		.comm	__gnu_lto_slim,1,1
 268              		.ident	"GCC: (GNU Tools for Arm Embedded Processors 7-2017-q4-major) 7.2.1 20170904 (release) [ARM
ARM GAS  /tmp/ccMeaXYw.s 			page 17


DEFINED SYMBOLS
                            *ABS*:0000000000000000 hal.c
                            *COM*:0000000000000001 __gnu_lto_v1
                            *COM*:0000000000000001 __gnu_lto_slim

NO UNDEFINED SYMBOLS
