ARM GAS  /tmp/ccF3GXw8.s 			page 1


   1              		.cpu cortex-m4
   2              		.eabi_attribute 20, 1
   3              		.eabi_attribute 21, 1
   4              		.eabi_attribute 23, 3
   5              		.eabi_attribute 24, 1
   6              		.eabi_attribute 25, 1
   7              		.eabi_attribute 26, 1
   8              		.eabi_attribute 30, 2
   9              		.eabi_attribute 34, 1
  10              		.eabi_attribute 18, 4
  11              		.file	"st.c"
  12              		.section	.gnu.lto_.profile.7be241355afa88d6,"",%progbits
  13 0000 789C6363 		.ascii	"x\234cc```\001bF\006)\036\000\000\270\0002"
  13      60606001 
  13      62460629 
  13      1E0000B8 
  13      0032
  14              		.text
  15              		.section	.gnu.lto_.icf.7be241355afa88d6,"",%progbits
  16 0000 789C6363 		.ascii	"x\234cc``\220c@\000V\206\325\253\276\376db\274\373\353"
  16      60609063 
  16      40005686 
  16      D5ABBEFE 
  16      6462BCFB 
  17 0015 CD5C46A6 		.ascii	"\315\\F\246\236iw\374\230\247\266\256Z\311\305r\347"
  17      9E6977FC 
  17      98A7B6AE 
  17      5AC9C572 
  17      E7
  18 0026 D54C4706 		.ascii	"\325LG\006\000\345\321\016="
  18      00E5D10E 
  18      3D
  19              		.text
  20              		.section	.gnu.lto_.jmpfuncs.7be241355afa88d6,"",%progbits
  21 0000 789C6363 		.ascii	"x\234cc``\220a@\000V\020\301\010\004\365s\230\031\230"
  21      60609061 
  21      40005610 
  21      C10804F5 
  21      73981998 
  22 0014 181898A1 		.ascii	"\030\030\230\241L\026\2400\000#\314\002t"
  22      4C16A030 
  22      0023CC02 
  22      74
  23              		.text
  24              		.section	.gnu.lto_.inline.7be241355afa88d6,"",%progbits
  25 0000 789C6363 		.ascii	"x\234cc``He@\000V\006\006\026\036F\006& \223m\201<\210"
  25      60604865 
  25      40005606 
  25      06161E46 
  25      06262093 
  26 0018 6260E402 		.ascii	"b`\344\002\021\014l\254@a\266\017zpq&\006\026f\240\020"
  26      110C6CAC 
  26      4061B60F 
  26      7A707126 
  26      061666A0 
  27 002d D3057EB8 		.ascii	"\323\005~\270\0203\246\020\013\246\020\003\000\234z"
  27      1033A610 
ARM GAS  /tmp/ccF3GXw8.s 			page 2


  27      0BA61003 
  27      009C7A
  28 003c 086F     		.ascii	"\010o"
  29              		.text
  30              		.section	.gnu.lto_.pureconst.7be241355afa88d6,"",%progbits
  31 0000 789C6363 		.ascii	"x\234cc``\340\006bV\006\011F)&)f)\026)\000\004\001\000"
  31      6060E006 
  31      62560609 
  31      46292629 
  31      66291629 
  32 0018 A1       		.ascii	"\241"
  33              		.text
  34              		.section	.gnu.lto_stInit.7be241355afa88d6,"",%progbits
  35 0000 789C6363 		.ascii	"x\234cc``X\001\304\322P\314\310\314\300\3104\341\034"
  35      60605801 
  35      C4D250CC 
  35      C8CCC0C8 
  35      34E11C
  36 0013 03432307 		.ascii	"\003C#\007\023##\210\321\300\301\310P\317\304X\317\330"
  36      13232388 
  36      D1C0C1C8 
  36      50CFC458 
  36      CFD8
  37 0025 C33C8599 		.ascii	"\303<\205\231\361P\373\263\235L\232\313\033\200\340"
  37      F150FBB3 
  37      9D4C9ACB 
  37      1B80E0
  38 0034 C0F41F92 		.ascii	"\300\364\037\222\015+\0160\316af`\230\006\304 \300\270"
  38      0D2B0E30 
  38      CE616660 
  38      9806C420 
  38      C0B8
  39 0046 99519301 		.ascii	"\231Q\223\001\250\354\321\306\177Sy\331X \342\214[\030"
  39      A8ECD1C6 
  39      7F5379D9 
  39      5820E28C 
  39      5B18
  40 0058 D9181881 		.ascii	"\331\030\030\201\214\365\227X\0174\374\373\337\336p"
  40      8CF59758 
  40      0F34FCFB 
  40      DFDE70
  41 0067 E0CE22C6 		.ascii	"\340\316\"\306\377\254@\271\016 \006Z\322p\200\241\223"
  41      FFAC40B9 
  41      0E20065A 
  41      D27080A1 
  41      93
  42 0078 9909C46A 		.ascii	"\231\011\304j>\300\360\206\261y\301oi\260&\240I;w\276"
  42      3EC0F086 
  42      B179C16F 
  42      69B026A0 
  42      493B77BE 
  43 008c B9CD5EFF 		.ascii	"\271\315^\377\267\201c\0163\3434f\240)\214[\031\353"
  43      B781630E 
  43      33E33466 
  43      A0298C5B 
  43      19EB
  44 009e 19E60055 		.ascii	"\031\346\000U\277clZ\360\237\033\254\016\004:\200\222"
ARM GAS  /tmp/ccF3GXw8.s 			page 3


  44      BF636C5A 
  44      F09F1BAC 
  44      0E043A80 
  44      92
  45 00af 40039818 		.ascii	"@\003\230\030\030$\365\364\364!(\277X?#1G\277\270(Y"
  45      1824F5F4 
  45      F42128BF 
  45      583F2331 
  45      47BFB828 
  46 00c4 BFB8442F 		.ascii	"\277\270D/\231\001\000\371^AK"
  46      990100F9 
  46      5E414B
  47              		.text
  48              		.section	.gnu.lto_stStartAlarm.7be241355afa88d6,"",%progbits
  49 0000 789C9552 		.ascii	"x\234\225R\317kSA\020\236\357m\372^\015\032\017^\024"
  49      CF6B5341 
  49      109EEF6D 
  49      FA5E0D1A 
  49      0F5E14
  50 0013 73E8A1A5 		.ascii	"s\350\241\245\324C\226\350\305?@\004\241=\331\2037\251"
  50      D44396E8 
  50      C53F4004 
  50      A13DD983 
  50      37A9
  51 0025 51A810A9 		.ascii	"Q\250\020\2514\301\243\335\306\304\264&\242\2076b\210"
  51      34C1A3DD 
  51      C6C4B426 
  51      A2873662 
  51      88
  52 0036 FAB0168D 		.ascii	"\372\260\026\215\022Z\177\333Z\3533V=\210U\013\"\202"
  52      125A7FDB 
  52      5AEB3356 
  52      3D88550B 
  52      2282
  53 0048 87A29016 		.ascii	"\207\242\220\026\221\242\245 \242Tg7Q\252']\336\356"
  53      91A2A520 
  53      A2546737 
  53      51AA275D 
  53      DEEE
  54 005a 9B19BEF9 		.ascii	"\233\031\276\371\346\233\331\265\211h\322\"\332\305"
  54      E69BD9B5 
  54      8968D222 
  54      DAC5
  55 0068 FF8DBC21 		.ascii	"\377\215\274!\010\326\311i\242\336z\013\320\206\252"
  55      08D6C969 
  55      A2DE7A0B 
  55      D086AA
  56 0077 07F558E8 		.ascii	"\007\365X\350AV\014\010\224\323\2251\253\345\242\342"
  56      41560C08 
  56      94D39531 
  56      ABE5A2E2 
  57 0087 E59D1AB7 		.ascii	"\345\235\032\267\217\252\324\372\202 \312\361\326\013"
  57      8FAAD4FA 
  57      8220CAF1 
  57      D60B
  58 0095 D7D1C2A8 		.ascii	"\327\321\302\250\227\311\321\202\310\210\202\000|\354"
  58      97C9D182 
ARM GAS  /tmp/ccF3GXw8.s 			page 4


  58      C8888200 
  58      7CEC
  59 00a3 7E7E967F 		.ascii	"~~\226\177\037\320\256\205\006v\277]\036}\273V\004A"
  59      1FD0AE85 
  59      0676BF5D 
  59      1E7DBB56 
  59      0441
  60 00b5 6C9F2F9D 		.ascii	"l\237/\235\030\266\233\207\225J(\357\343\220P\215\005"
  60      18B69B87 
  60      954A28EF 
  60      E390508D 
  60      05
  61 00c6 21700B82 		.ascii	"!p\013\202\011q\023A\334@\2208D\270\215f\215\177wuy"
  61      09711341 
  61      DC409038 
  61      44B88D66 
  61      8D7F7775 
  62 00db 708DED73 		.ascii	"p\215\355s\177\325\304\035\330\0046Ff\352<\265\374#"
  62      7FD5C41D 
  62      D8043646 
  62      66EA3CB5 
  62      FC23
  63 00ed ADBCA50B 		.ascii	"\255\274\245\013x\265\335f\365:\205\372\030\305m(\217"
  63      78B5DD66 
  63      F53A85FA 
  63      18C56D28 
  63      8F
  64 00fe FA85A5AD 		.ascii	"\372\205\245\255#\036U`i\256~\357\330\224_4\032\035"
  64      231E5560 
  64      69AE7EEF 
  64      D8945F34 
  64      1A1D
  65 0110 AF33C979 		.ascii	"\2573\311y\247i\310\350X8\275:\257\274d\203\2262\366"
  65      A769C8E8 
  65      5838BD3A 
  65      AFBC6483 
  65      9632F6
  66 0123 A714D3E3 		.ascii	"\247\024\323\3438\232\362\314\365\001\345\374\3277\337"
  66      389AF2CC 
  66      F501E5FC 
  66      D737DF
  67 0132 07B6FE96 		.ascii	"\007\266\376\226\225\254\216e\306\026\032c\264\345\004"
  67      95AC8E65 
  67      C6161A63 
  67      B4E504
  68 0141 56C826DC 		.ascii	"V\310&\334\205\215\011-\231\017\216\347R\345\347\216"
  68      858D092D 
  68      990F8EE7 
  68      52E5E78E 
  69 0151 9E8CCFC0 		.ascii	"\236\214\317\300\246K_>\371\253\256\246\322\263s\317"
  69      A64B5F3E 
  69      F9ABAEA6 
  69      D2B373CF 
  70 0161 CCAD7271 		.ascii	"\314\255rq\026\005Q\207IVqO\253\340x\272\362\364E@\226"
  70      16055187 
  70      4956714F 
  70      ABE078BA 
ARM GAS  /tmp/ccF3GXw8.s 			page 5


  70      F2F44540 
  71 0176 54B257CD 		.ascii	"T\262W\315\316-\256[\344$\033\367\341b\220\033\326e"
  71      CE2DAE5B 
  71      E4241BF7 
  71      E162901B 
  71      D665
  72 0188 34C8CB26 		.ascii	"4\310\313&\212NxD\203\334kL\341\300\203\304\246`\015"
  72      8A4E7844 
  72      83DC6B4C 
  72      E1C083C4 
  72      A6600D
  73 019b 810708D7 		.ascii	"\201\007\010\327:Y\232\277\224\012\324D\375CI\367\260"
  73      3A599ABF 
  73      940AD444 
  73      FD4349F7 
  73      B0
  74 01ac 262B9B72 		.ascii	"&+\233r\250\221=\204\\\331\221\303\361)\3164\344\305"
  74      A8913D84 
  74      5CD991C3 
  74      F129CE34 
  74      E4C5
  75 01be FF277F64 		.ascii	"\377'\177d\310\255\032\371cC>q.[\364W\311-<\341\314"
  75      C8AD1AF9 
  75      63433E71 
  75      2E5BF457 
  75      C92D3CE1 
  76 01d3 0A12B399 		.ascii	"\012\022\263\231bDO\332\214\234\026\220p\257\034\207"
  76      62444FDA 
  76      8C9C1690 
  76      70AF1C87 
  77 01e3 79167AF5 		.ascii	"y\026z\365\261<\276t~\341\033B!Y\375\272b\262\263#*"
  77      B13CBE74 
  77      7EE11B42 
  77      2159FDBA 
  77      62B2B323 
  78 01f8 63DD1119 		.ascii	"c\335\021\031\213\207\"\344t\354\211\305\367\037\330"
  78      8B8722E4 
  78      74EC89C5 
  78      F71FD8
  79 0207 E7D387FC 		.ascii	"\347\323\207\374\033v\260\253;\036\223;\333\333\266"
  79      1B76B0AB 
  79      3B1E933B 
  79      DBDBB6
  80 0216 6C96ADAD 		.ascii	"l\226\255\255\333d\373\216\266CaN\334\035\215\356\015"
  80      DB64FB8E 
  80      B643614E 
  80      DC1D8DEE 
  80      0D
  81 0227 75D24FFE 		.ascii	"u\322O\376v\373\022"
  81      76FB12
  82              		.text
  83              		.section	.gnu.lto_stStopAlarm.7be241355afa88d6,"",%progbits
  84 0000 789C5D4F 		.ascii	"x\234]O\317KBA\020\236\357\255\275,\250kE\336:yyKE\377"
  84      CF4B4241 
  84      109EEFAD 
  84      BD2CA86B 
  84      45DE3A79 
ARM GAS  /tmp/ccF3GXw8.s 			page 6


  85 0018 4104519E 		.ascii	"A\004Q\236\362\036a\007\017\202\241\322\325\2654\015"
  85      F21E6107 
  85      0F82A1D2 
  85      D5B5340D 
  86 0028 3B7448BB 		.ascii	";tH\273X\010\035:IH?\255\210\207t\013,\372\013\244\203"
  86      58081D3A 
  86      49483FAD 
  86      8887740B 
  86      2CFA0BA4 
  87 003d 41444445 		.ascii	"ADDEE\2205\353\203\220\206\235\335\331o\276\231o\306"
  87      459035EB 
  87      8390869D 
  87      DDD96FBE 
  87      996FC6
  88 0050 24A23110 		.ascii	"$\2421\020M\361;\310\016A0\326kD\011\267\001\350@\271"
  88      4DF13BC8 
  88      0E4130D6 
  88      6B4409B7 
  88      01E840B9 
  89 0064 41710371 		.ascii	"Aq\003q\254\211\015\201j\272Q1\274\273\212\315\336|"
  89      AC890D81 
  89      6ABA5131 
  89      BCBB8ACD 
  89      DE7C
  90 0076 375754AA 		.ascii	"7WT\252\277 \210\362\354\332\260\017/1\355\256\334\314"
  90      BF2088F2 
  90      ECDAB00F 
  90      2F31EDAE 
  90      DCCC
  91 0088 F5982E07 		.ascii	"\365\230.\007\307\001Lb\015\332\273\355\260U\363'\255"
  91      C7014C62 
  91      0DDABBED 
  91      B055F327 
  91      AD
  92 0099 ECCB1D7C 		.ascii	"\354\313\035|Op.\303\316\"\312\246Ua\350h\331\246\007"
  92      4F702EC3 
  92      CE22CAA6 
  92      5561E868 
  92      D9A607
  93 00ac 54DF3ECF 		.ascii	"T\337>\317\037s\326_\237\244#\367e\212V\257\274@\273"
  93      1F73D65F 
  93      9FA423F7 
  93      658A56AF 
  93      BC40BB
  94 00bf 060E61E2 		.ascii	"\006\016a\342HK\360\305x>U\275\356\314\212\202@\213"
  94      484BF0C5 
  94      783E55BD 
  94      EECC8A82 
  94      408B
  95 00d1 562B7D3C 		.ascii	"V+}<w;_\335\306\305Pq\353\276\253\210m\024\204\201\023"
  95      773B5FDD 
  95      C6C55071 
  95      EBBEAB88 
  95      6D148481 
  96 00e6 78700C0F 		.ascii	"xp\014\017ij\272qu\323+K*\231P\365\327r\337\013\027"
  96      696ABA71 
  96      75D32B4B 
ARM GAS  /tmp/ccF3GXw8.s 			page 7


  96      2A9950F5 
  96      D772DF0B 
  97 00fb 09545044 		.ascii	"\011TPD\216\307\3242\204S\310v\011\236\004g\\\375\204"
  97      8EC7D432 
  97      8453C876 
  97      099E0467 
  97      5CFD84
  98 010e A57AF662 		.ascii	"\245z\366b\250\265\251\266\014'x\033\203h\300\262\244"
  98      A8B5A9B6 
  98      0C27781B 
  98      8368C0B2 
  98      A4
  99 011f 73C25119 		.ascii	"s\302Q\031\234\013\311h$ \2431+@\362\177f!\034\211E"
  99      9C0BC968 
  99      2420A331 
  99      2B40F27F 
  99      66211C89 
 100 0134 E58CDF37 		.ascii	"\345\214\3377:\"\247\247\307\245\177\322\2678\314\334"
 100      3A22A7A7 
 100      C7A57FD2 
 100      B738CCDC 
 101 0144 D95068DE 		.ascii	"\331Ph\336\012\322/\002\215~\213"
 101      0AD22F02 
 101      8D7E8B
 102              		.text
 103              		.section	.gnu.lto_stSetAlarm.7be241355afa88d6,"",%progbits
 104 0000 789C5D92 		.ascii	"x\234]\222\317KTQ\024\307\317\367\335\347{&e\333\244"
 104      CF4B5451 
 104      14C7CFF7 
 104      DDE77B26 
 104      65DBA4
 105 0013 59B850C4 		.ascii	"Y\270P\304\026s\231\332\364\007\004\021\350*\027\355"
 105      167399DA 
 105      F4070411 
 105      E82A17ED 
 106 0023 C2A6C060 		.ascii	"\302\246\300`\302\360\015m\275Nc\243\215T\213\234`x"
 106      C2F00D6D 
 106      BD4E63A3 
 106      8D548B9C 
 106      6078
 107 0035 C6239328 		.ascii	"\306#\223(\0304\373\251i\335\206v\321\364c\023\201\201"
 107      1834FBA9 
 107      69DD8676 
 107      D1F46313 
 107      8181
 108 0047 548CD122 		.ascii	"T\214\321\"\312M\204`\235\363\246\242\272\274{\3379"
 108      CA4D8460 
 108      9DF3A6A2 
 108      BABC7BDF 
 108      39
 109 0058 87EF39F7 		.ascii	"\207\3579\367s\016\327#\"\327!:\304\377\235\274\241"
 109      730ED723 
 109      22D7213A 
 109      C4FF9DBC 
 109      A1
 110 0069 08CE851A 		.ascii	"\010\316\205\032\321H\263\003\210a\232A\303\016\206"
 110      D148B303 
ARM GAS  /tmp/ccF3GXw8.s 			page 8


 110      88619A41 
 110      C30E86
 111 0078 31A12E2A 		.ascii	"1\241.*T\013\365\005\247\373\232\341e/\315\373g\314"
 111      540BF505 
 111      A7FB9AE1 
 111      652FCDFB 
 111      67CC
 112 008a E88E5011 		.ascii	"\350\216P\021\225x\313\302-t\263\352e~.TE\025*\300e"
 112      9578CBC2 
 112      2D74B3EA 
 112      657E2E54 
 112      45152AC0 
 113 009f F7EBB3F2 		.ascii	"\367\353\263\362\373Vq\035\264\263\273qcne\273J\200"
 113      FB56711D 
 113      B4B3BB71 
 113      636E65BB 
 113      4A80
 114 00b1 D8BE5239 		.ascii	"\330\276R9?\343u\315\030\2233veZ\231\216P)\334\205\342"
 114      3FE375CD 
 114      18933376 
 114      655A998E 
 114      5029DC85 
 115 00c6 82B88304 		.ascii	"\202\270\203\004n#A\034\"\334C\227\350\337\335\334\234"
 115      6E23411C 
 115      22DC4397 
 115      E8DFDDDC 
 115      9C
 116 00d7 DCE6B9D1 		.ascii	"\334\346\271\321\357;q\037\036\201\215\331WM\326l\376"
 116      EF3B711F 
 116      1E818DD9 
 116      574DD66C 
 116      FE
 117 00e8 2818FBE1 		.ascii	"(\030\373\341*\226\367\273L/)4\306*n\303X\032W\216X"
 117      2A96F7BB 
 117      4C2F2934 
 117      C62A6EC3 
 117      581A578E 
 118 00fd A72DD5E1 		.ascii	"\247-\325\341H\255q{\366I\213\352\2109^\027\363\037"
 118      48AD717B 
 118      F6498BEA 
 118      88395E17 
 118      F31F
 119 010f FDCEE998 		.ascii	"\375\316\351\230\2436\265\265ll\276]P\026\376E\211{"
 119      A336B5B5 
 119      6C6CBE5D 
 119      5016FE45 
 119      897B
 120 0121 5C446799 		.ascii	"\\Dg\231k}B\265\374\375\315Ri\357\037\254|c,\213\276"
 120      6B7D42B5 
 120      FCFDCD52 
 120      69EF1FAC 
 120      7C632C8B 
 121 0136 124DCC56 		.ascii	"\022M\314VR\370\013\233\360\000\036\226\004\231\017"
 121      52F80B9B 
 121      F0001E96 
 121      04990F
 122 0145 8E9746AB 		.ascii	"\216\227F\253\317}\231\214\033\313j\225o_Z\032\256\224"
ARM GAS  /tmp/ccF3GXw8.s 			page 9


 122      CF7D998C 
 122      1BCB6A95 
 122      6F5F5A1A 
 122      AE94
 123 0157 92D94553 		.ascii	"\222\331ESk[\"\\F\250\232\360\220)\226\205\202\343\205"
 123      6B5B225C 
 123      46A89AF0 
 123      90299685 
 123      82E385
 124 016a FAD317AD 		.ascii	"\372\323\027\255\272b\362#fum\275m\235\223<<B\204In"
 124      BA62F223 
 124      66756DBD 
 124      6D9D933C 
 124      3C428449 
 125 017f 58AE1191 		.ascii	"X\256\021\221\235\310]\367S\263\"\212\346\271\204\017"
 125      9DC85DF7 
 125      53B3228A 
 125      E6B9840F 
 126 018f 0B8D5D89 		.ascii	"\013\215]\211_\012<FJ:\251#\267Z|\233\026\336\030\234"
 126      5F0A3C46 
 126      4A3AA923 
 126      B75A7C9B 
 126      16DE189C 
 127 01a3 3E23176D 		.ascii	">#\027m\234C<\\Yc\334\005\217\216\337I[2\251\033\337"
 127      9C433C5C 
 127      5963DC05 
 127      8F8EDF49 
 127      5B32A91B 
 128 01b8 60A007FA 		.ascii	"`\240\007\3723:\030J\353 \233L\223\337\177$\310\036"
 128      333A184A 
 128      EB209B4C 
 128      93DF7F24 
 128      C81E
 129 01ca 3F71CC95 		.ascii	"?q\314\225C\377/;98\224\015\364\301\276\336=\273uO\317"
 129      43FF2F3B 
 129      3938940D 
 129      F4C1BEDE 
 129      3DBB754F 
 130 01df 3EDD77A0 		.ascii	">\335w\240\367T\212\023\017g2G\223\003\364\023,\030"
 130      F7548A13 
 130      0F673247 
 130      9303F413 
 130      2C18
 131 01f1 BF9A     		.ascii	"\277\232"
 132              		.text
 133              		.section	.gnu.lto_stGetAlarm.7be241355afa88d6,"",%progbits
 134 0000 789C5D90 		.ascii	"x\234]\220\333+DQ\024\306\327w\366\3149Fx\307(\257<"
 134      DB2B4451 
 134      14C6D777 
 134      F6CC3946 
 134      78C728AF 
 135 0015 CC6EF817 		.ascii	"\314n\370\027\224\204'\336%\036\346ajd4\257\2661B<\310"
 135      948427DE 
 135      251EE661 
 135      6A6434AF 
 135      B631423C 
 136 002a 6514874E 		.ascii	"e\024\207Ny\220\"&\343~\3514\312\213\\\377\002!J\222"
ARM GAS  /tmp/ccF3GXw8.s 			page 10


 136      79902226 
 136      E37EE934 
 136      CA8B5CFF 
 136      02214A92 
 137 003e CB83A8C1 		.ascii	"\313\203\250\301\332Hr\332\227\265\326\376\265\326\367"
 137      DA4872DA 
 137      97B5D6FE 
 137      B5D6F7
 138 004d 1D938862 		.ascii	"\035\223\210b \252\345\273\2307\004\301\030:\"\352\312"
 138      20AAE5BB 
 138      983704C1 
 138      183A22EA 
 138      CA
 139 005e 31001DA8 		.ascii	"1\000\035\250\034P\247\201N\014\212Q\201\323\304\222"
 139      1C50A781 
 139      4E0C8A51 
 139      81D3C492 
 140 006e 2D0684CD 		.ascii	"-\006\204\315\230\207\323\307\303\211\313\002\235\002"
 140      9887D3C7 
 140      C389CB02 
 140      9D02
 141 007c A59CDEDD 		.ascii	"\245\234\336\335\357\247\363\312f\225\212+w\374\311"
 141      EFA7F3CA 
 141      66958A2B 
 141      77FCC9
 142 008b 9A4C9F28 		.ascii	"\232L\237(\237-\014J2\236\206\037\313\360\353\031+("
 142      9F2D0C4A 
 142      329E861F 
 142      CBF0EB19 
 142      2B28
 143 009d 23A62F52 		.ascii	"#\246/R\357c\371\246\307\021\244\001\256\257\302$\326"
 143      EF63F9A6 
 143      C711A401 
 143      AEAFC224 
 143      D6
 144 00ae 428B675E 		.ascii	"B\213g^W\275\177\364*\367j\006\331jn`\013\006\372x\263"
 144      57BD7FF4 
 144      2AF76A06 
 144      D96A6E60 
 144      0B06FA78 
 145 00c3 22E5523F 		.ascii	"\"\345R?\2278\352v\351\026\231\335\327\355\371\361\242"
 145      9738EA76 
 145      E91699DD 
 145      D7EDF9F1 
 145      A2
 146 00d4 DF7E09C5 		.ascii	"\337~\011\305\237;\362f}\365K\012\374\031EX\203\211"
 146      9F3BF266 
 146      7DF54B0A 
 146      FC194558 
 146      8389
 147 00e6 753D868F 		.ascii	"u=\206\217\011a\360S\262'sli\013\236/\362h\341\345!"
 147      0961F053 
 147      B227736C 
 147      690B9E2F 
 147      F268E1E5 
 148 00fb F73BD58D 		.ascii	"\367;\325\215\264Ig\352\306\347`\032\266\360b\223]l"
 148      B44967EA 
ARM GAS  /tmp/ccF3GXw8.s 			page 11


 148      C6E7601A 
 148      B6F06293 
 148      5D6C
 149 010d 68175CEF 		.ascii	"h\027\\\357\275>8)\220\013*\321\245\316\237S%\303l\325"
 149      BD3E3829 
 149      900B2AD1 
 149      A5CE9F53 
 149      25C36CD5 
 150 0121 C4161C8C 		.ascii	"\304\026\034\214\261P=IC\356`|\316\012.j\310\3314la"
 150      B1503D49 
 150      43EE607C 
 150      CE0A2E6A 
 150      C8D9346C 
 151 0136 611B12E5 		.ascii	"a\033\022\345\376\037\002;\010\322=\342\347\003\331"
 151      FE1F023B 
 151      08D23DE2 
 151      E703D9
 152 0145 3D530B66 		.ascii	"=S\013fQ\374\007\330+\264C\216\013\003\001\371\275\""
 152      51FC07D8 
 152      2BB4438E 
 152      0B0301F9 
 152      BD22
 153 0157 51196A0E 		.ascii	"Q\031j\016\313h{\213\214v\004ZH\376\177i\213\264wDe"
 153      CB687B8B 
 153      8C76045A 
 153      48FE7F69 
 153      8BB47744 
 154 016c 43637D65 		.ascii	"Cc}e\205\254\253\253\222\2155\365\261 \263M\341pk D"
 154      85ACABAB 
 154      928D35F5 
 154      B120B34D 
 154      E1706B20 
 155 0181 9FAAA192 		.ascii	"\237\252\241\222\365"
 155      F5
 156              		.text
 157              		.section	.gnu.lto_.symbol_nodes.7be241355afa88d6,"",%progbits
 158 0000 789C55C8 		.ascii	"x\234U\310\261\015\2000\014\005\321\313\017a.\030\212"
 158      B10D8030 
 158      0C05D1CB 
 158      0F612E18 
 158      8A
 159 0011 DA2E8040 		.ascii	"\332.\200@\307\020L\301\020\314\300$\210\210\316\305"
 159      C7104CC1 
 159      10CCC024 
 159      8888CEC5 
 160 0021 E9A4D703 		.ascii	"\351\244\327\003S\013\31528nh\273|l\262\310R\224U\246"
 160      530BCD32 
 160      386E68BB 
 160      7C6CB2C8 
 160      529455A6 
 161 0035 285596A3 		.ascii	"(U\226\243l\262.H\332e\345\027p\037 S8\2377\361\001"
 161      6CB22E48 
 161      DA65E517 
 161      701F2053 
 161      389F37F1 
 162 004a AD6C1CA4 		.ascii	"\255l\034\244"
 163              		.text
ARM GAS  /tmp/ccF3GXw8.s 			page 12


 164              		.section	.gnu.lto_.refs.7be241355afa88d6,"",%progbits
 165 0000 789C6363 		.ascii	"x\234cc```\004b\006\000\000D\000\010"
 165      60606004 
 165      62060000 
 165      440008
 166              		.text
 167              		.section	.gnu.lto_.decls.7be241355afa88d6,"",%progbits
 168 0000 789CBD57 		.ascii	"x\234\275WkP\024\331\025\356\333w\300ax\271\243eib\252"
 168      6B5014D9 
 168      15EEDB77 
 168      C06178B9 
 168      A3656962 
 169 0015 2C0B0BAA 		.ascii	",\013\013\252\"\214\340n\254\255\335J\255;\032ce\335"
 169      228CE06E 
 169      ACADDD4A 
 169      AD3B1A63 
 169      65DD
 170 0027 A4465295 		.ascii	"\244FR\225\374\311,;\316.dy\030fL\325V~\244\021T\026"
 170      FCC92C3B 
 170      CE2E6479 
 170      18664CD5 
 170      567EA411 
 171 003d 51015117 		.ascii	"Q\001Q\027\224\345\375pE\004\025\020\020\031E\021\025"
 171      94E5FD70 
 171      45041510 
 171      10194511 
 171      15
 172 004e 14111094 		.ascii	"\024\021\020\224\227oD\203\200\017TTr\356\275\335t\323"
 172      976F4483 
 172      800F5454 
 172      72EEBDDD 
 172      74D3
 173 0060 32BBFE49 		.ascii	"2\273\376I\272\346\364\364\271\367\273\3379\367\234"
 173      BAE6F4F4 
 173      B9F7BBDF 
 173      39F79C
 174 006f 73FBDE76 		.ascii	"s\373\336v\3458\256\353=\216\363\302\034W\2048n\002"
 174      E538AEEB 
 174      3D8EF3C2 
 174      1C578438 
 174      6E02
 175 0081 2E57683B 		.ascii	".Wh;\011\002*\347\340\330E\332\032A\232@.\202\264\200"
 175      09022AE7 
 175      E0D845DA 
 175      1A419A40 
 175      2E82B480 
 176 0095 5C0169E7 		.ascii	"\\\001i\347\336\276\222a \320q_\200t\200\234\025\333"
 176      DEBE9261 
 176      20D0715F 
 176      8074809C 
 176      15DB
 177 00a7 799163BA 		.ascii	"y\221c\2721i0F+\216\321\203\314\026m\377\002\332\347"
 177      31693046 
 177      2B8ED183 
 177      CC166DFF 
 177      02DAE7
 178 00ba 810CC273 		.ascii	"\201\014\302s7\307x5\240\273\202\270 \306I|\232\217"
ARM GAS  /tmp/ccF3GXw8.s 			page 13


 178      37C77835 
 178      A0BB82B8 
 178      20C6497C 
 178      9A8F
 179 00cc 98BFBF46 		.ascii	"\230\277\277FSy3@\327\210\274\022W\26787i<\231\217\277"
 179      53793340 
 179      D788BC12 
 179      57B73837 
 179      693C998F 
 180 00e1 6A1CB9B2 		.ascii	"j\034\271\262\337\321'$\372\304\213q1\210\276,Sq\026"
 180      DFD12724 
 180      FAC48B71 
 180      3188BE2C 
 180      537116
 181 00f4 8A7C4A2E 		.ascii	"\212|J.\337\237\341#1\376P\344\373H\305\227\212QO\343"
 181      DF9FE123 
 181      31FE50E4 
 181      FB48C597 
 181      8A514FE3 
 182 0108 FE03782B 		.ascii	"\376\003x+F\276:D2\347\015M\207\036V\275\360dM\004q"
 182      46BE3A44 
 182      32E70D4D 
 182      871E56BD 
 182      F0644D04 
 183 011d 3C26E3DC 		.ascii	"<&\343\334\014\314\323\347\216\224\352C\036\001\305"
 183      0CCCD3E7 
 183      8E94EA43 
 183      1E01C5
 184 012c 02BBB41F 		.ascii	"\002\273\264\037q\250\034a\211\252u\307h\336\014\354"
 184      71A81C61 
 184      89AA75C7 
 184      68DE0CEC 
 185 013c 438197E3 		.ascii	"C\201\227\343J\367\021Z\275\016i@\035iN\277\345\005"
 185      4AF7115A 
 185      BD0E6940 
 185      1D694EBF 
 185      E505
 186 014e EA6C1D5A 		.ascii	"\352l\035Z\220\212\371\276\256\361n/\244\363\213\027"
 186      908AF9BE 
 186      AEF16E2F 
 186      A4F38B17 
 187 015e 848D4256 		.ascii	"\204\215BV\254\340\366{\016U\241\371\350\030\232\317"
 187      ACE0F67B 
 187      0E55A1F9 
 187      E8189ACF 
 188 016e A11AE447 		.ascii	"\241\032\344GLW\240\000\016\035\205\306#\320X@\3149"
 188      4C57A000 
 188      0E1D85C6 
 188      23D05840 
 188      CC39
 189 0180 269EFA26 		.ascii	"&\236\372&o\021\004\036U#\035\252D\230b`f\276:\346\300"
 189      6F11041E 
 189      55231DAA 
 189      44986260 
 189      66BE3AE6 
 190 0195 FEBCE41C 		.ascii	"\376\274\344\034W\\\211\210\007|\315\336;gxg6N8\265"
 190      575C8988 
ARM GAS  /tmp/ccF3GXw8.s 			page 14


 190      077CCDDE 
 190      3B677867 
 190      364E38B5 
 191 01a9 71F6D8C2 		.ascii	"q\366\330\302\206M\304F-\3308.\333\000\223\314\310\216"
 191      864DC446 
 191      2DD8382E 
 191      DB0093CC 
 191      C88E
 192 01bb F2EBAFBC 		.ascii	"\362\353\257\274\361q\032\017~\323\245\212\373N\215"
 192      F1711A0F 
 192      7ED3A58A 
 192      FB4E8D
 193 01ca 9C746A64 		.ascii	"\234tjd\254sq\0015\342\000#u\262\221Zj\204\264\202\241"
 193      AC737101 
 193      35E20023 
 193      75B2915A 
 193      6A84B482 
 194 01df EA93B575 		.ascii	"\352\223\265u\356}\250\007A\026\321L\032d\204\330\035"
 194      EE7DA807 
 194      4116D14C 
 194      1A6484D8 
 194      1D
 195 01f0 FE89507D 		.ascii	"\376\211P}B\272\020k\207V\236\375\211P\242HC\320d\013"
 195      42BA106B 
 195      87569EFD 
 195      8950A248 
 195      43D0640B 
 196 0204 2F72F012 		.ascii	"/r\360\022/\375\211\004H\311\312\372\2319\351b5\306"
 196      2FFD8904 
 196      48C9CAFA 
 196      9939E962 
 196      35C6
 197 0216 1E14E358 		.ascii	"\036\024\343X\023/\033S\014y\313Wn\262{\322)y\222H\254"
 197      132F1B53 
 197      0C79CB57 
 197      6EB27BD2 
 197      29799248 
 198 022b A9F68789 		.ascii	"\251\366\207\211%\036\375\250\027z\377\312qI\332\010"
 198      251EFDA8 
 198      177AFFCA 
 198      7149DA08 
 199 023b 5A5D5B0E 		.ascii	"Z][\016\017\365\271\340\007\254&\317L\2149\274Y\251"
 199      0FF5B9E0 
 199      07AC26CF 
 199      4C8C39BC 
 199      59A9
 200 024d F1A40A87 		.ascii	"\361\244\012\207\2332\334Y\251\315\004\2658q\"\325e"
 200      9B32DC59 
 200      A9CD04B5 
 200      387122D5 
 200      65
 201 025e EE6E12F6 		.ascii	"\356n\022\366\244Xa&\217\276\230\203\032 \031g \031"
 201      A4586126 
 201      8FBE9883 
 201      1A201967 
 201      2019
 202 0270 1C3A8BE6 		.ascii	"\034:\213\346\302=R\303\214\325\276i\033\361Z\230%d"
ARM GAS  /tmp/ccF3GXw8.s 			page 15


 202      C23D52C3 
 202      8CD5BE69 
 202      1BF15A98 
 202      2564
 203 0282 F50B8EAB 		.ascii	"\365\013\216\253\275K\356\035\025\004\310\222\240!0"
 203      BD4BEE1D 
 203      1504C892 
 203      A02130
 204 0291 745A4ED3 		.ascii	"tZN\323iR\363\250\036\365#t\012\365\201k\215h!\014\217"
 204      6952F3A8 
 204      1EF52374 
 204      0AF5816B 
 204      8D68210C 
 205 02a6 2DBE96E0 		.ascii	"-\276\226\340\202\0231\365\252\264\370`\217V\303\263"
 205      821331F5 
 205      AAB4F860 
 205      8F56C3B3 
 206 02b6 6C120BD0 		.ascii	"l\022\013\320&lmK\361v\352\313\005\352\313y$:\223\267"
 206      266C6D4B 
 206      F176EACB 
 206      05EACB79 
 206      243A93B7 
 207 02ca 65DB1D0F 		.ascii	"e\333\035\017p\246\037\234\031\234\227.86\012\244b\000"
 207      70A61F9C 
 207      199C972E 
 207      38360AA4 
 207      6200
 208 02dc 85CEC9AE 		.ascii	"\205\316\311\256\234S\273\322D]97~\330\013\2471O\316"
 208      9C53BBD2 
 208      445D3937 
 208      7ED80BA7 
 208      314FCE
 209 02ef 752594E8 		.ascii	"u%\224\350D\242k\277\234$\"sj\226\211\232\325D\027)"
 209      44A26BBF 
 209      9C242273 
 209      6A96899A 
 209      D5441729 
 210 0303 51CA91B1 		.ascii	"Q\312\221\261L\027\234\317\230\272*\273\033g\210L\347"
 210      4C179CCF 
 210      98BA2ABB 
 210      1B67884C 
 210      E7
 211 0314 7F35C5A5 		.ascii	"\1775\305\245K2\323%5S\013e*~\322r\330\023\2272\246"
 211      4B32D325 
 211      35530B65 
 211      2A7ED272 
 211      D8139732 
 212 0329 573B368F 		.ascii	"W;6\217\360\312H\220 \311\241h\235\222\226\274\372\242"
 212      F0CA4890 
 212      20C9A168 
 212      9D9296BC 
 212      FAA2
 213 033b 765E347B 		.ascii	"v^4{1sNv\254P\004\343\026\020\024\272,\333\275\254\266"
 213      31734E76 
 213      AC5004E3 
 213      161014BA 
 213      2CDBBDAC 
ARM GAS  /tmp/ccF3GXw8.s 			page 16


 214 0350 7B85DA1D 		.ascii	"{\205\332\035I|\224\345\215k\230\335\211\221\222\016"
 214      497C94E5 
 214      8D6B98DD 
 214      8991920E 
 215 0360 174245DE 		.ascii	"\027BE\336&\317?\316(\035\020\342u\264\014P\233\314"
 215      26CF3FCE 
 215      281D10E2 
 215      75B40C50 
 215      9BCC
 216 0372 D426BED3 		.ascii	"\324&\276\323P;e\310|5\236\346\345\2210\271\304)\\Z"
 216      503B65C8 
 216      7C359EE6 
 216      E59130B9 
 216      C4295C5A 
 217 0386 E51CEA40 		.ascii	"\345\034\352@\036\024\014\377\000\256\274\261\253\316"
 217      1E140CFF 
 217      00AEBCB1 
 217      ABCE
 218 0394 8D556327 		.ascii	"\215Uc'\261\230^\363\344\274\013\323\265\244{\350@\245"
 218      B1985EF3 
 218      E4BC0BD3 
 218      B5A47BE8 
 218      40A5
 219 03a6 27AB4E07 		.ascii	"'\253N\007\351\276r7;\316\203u\267\020\275\276\343\354"
 219      E9BE7237 
 219      3BCE8375 
 219      B710BDBE 
 219      E3EC
 220 03b8 B0068F31 		.ascii	"\260\006\2171o\277o-[\251\203WK\354;\275\277`@S\323"
 220      6FBF6F2D 
 220      5BA98357 
 220      4BEC3BBD 
 220      BF604053 
 221 03cd 78B30B7E 		.ascii	"x\263\013~\315Fo=S\336 \276\202\033\211\236Z]_\343\216"
 221      CD466F3D 
 221      53DE20BE 
 221      821B899E 
 221      5A5D5FE3 
 222 03e2 A19A8972 		.ascii	"\241\232\211r+\341f\275+\336\304\024\311)\275\350T\346"
 222      2BE166BD 
 222      2BDEC414 
 222      C929BDE8 
 222      54E6
 223 03f4 F5A7E711 		.ascii	"\365\247\347\021\376\216u\326T\036o\020'\260D\261\274"
 223      FE8E75D6 
 223      541E6F10 
 223      27B044B1 
 223      BC
 224 0405 F46C7955 		.ascii	"\364lyU\334=\327\240c\363\021\020YB\255\335\237\340"
 224      DC3DD7A0 
 224      63F31110 
 224      5942ADDD 
 224      9FE0
 225 0417 ED6CE4A9 		.ascii	"\355l\344\251\321\322Bqn\030\324\376\244\372\011o2\035"
 225      D1D24271 
 225      6E18D4FE 
 225      A4FA096F 
ARM GAS  /tmp/ccF3GXw8.s 			page 17


 225      321D
 226 0429 410C23B4 		.ascii	"A\014#\264\313Q\034 \257>d\230\217\356\261\251<M*\375"
 226      CB511C20 
 226      AF3E6498 
 226      8FEEB1A9 
 226      3C4D2AFD 
 227 043d 9D3E8916 		.ascii	"\235>\211\026\210 |\242\241\257\343;\200\276M\321\367"
 227      88207CA2 
 227      A1AFE33B 
 227      80BE4DD1 
 227      F7
 228 044e 915E1A43 		.ascii	"\221^\032C\30017\362{\275\224\350\356\237B\227\344\346"
 228      C03137F2 
 228      7BBD94E8 
 228      EE9F4297 
 228      E4E6
 229 0460 EFD1E114 		.ascii	"\357\321\341\024\346\344\336\307=\367\305|\371\201Z"
 229      E6E4DEC7 
 229      3DF7C57C 
 229      F9815A
 230 046f F0AC2656 		.ascii	"\360\254&V\213w\263\276\235'2\232g\340t\246H[\230\236"
 230      8B77B3BE 
 230      9D27329A 
 230      67E074A6 
 230      485B989E 
 231 0483 6E6168E3 		.ascii	"nah\343\325O\361\017\254\247.9\245\007\341\034\246\014"
 231      D54FF10F 
 231      ACA72E39 
 231      A507E11C 
 231      A60C
 232 0495 C5DDE917 		.ascii	"\305\335\351\027\3433\027\324]\027\036\370\342B\326"
 232      E33317D4 
 232      5D171EF8 
 232      E242D6
 233 04a4 F5A6B1DE 		.ascii	"\365\246\261\336\027\037d\317\015\025E\205\010\037a"
 233      171F64CF 
 233      0D154585 
 233      081F61
 234 04b3 CA687AC3 		.ascii	"\312hz\303\003\035\256dJV\353\276cZ\\\315\224\202\347"
 234      031DAE64 
 234      4A56EBBE 
 234      635A5CCD 
 234      9482E7
 235 04c6 BB0B3C70 		.ascii	"\273\013<p\035S\332\252\332\343\335\361i\246\304\227"
 235      1D53DAAA 
 235      DAE3DDF1 
 235      69A6C497 
 236 04d6 957DEF8E 		.ascii	"\225}\357\216\033\231\262\261\246+Y|\005\366\023\375"
 236      1B99B2B1 
 236      A62B597C 
 236      05F613FD 
 237 04e6 76FEED2C 		.ascii	"v\376\355,71+\256\240'\2646\215!\334\304\300\311\303"
 237      37312BAE 
 237      A027B436 
 237      8D21DCC4 
 237      C0C9C3
 238 04f9 A33B5D9D 		.ascii	"\243;]\235\346\341\215\224\207%4\015\225\345\271\217"
ARM GAS  /tmp/ccF3GXw8.s 			page 18


 238      E6E18D94 
 238      8725340D 
 238      95E5B98F 
 239 0509 B4EA3C74 		.ascii	"\264\352<t\001\272\223\242'hd\337H\221=}\272\3665R\347"
 239      01BA93A2 
 239      276864DF 
 239      48913D7D 
 239      BAF63552 
 240 051e C1197A8E 		.ascii	"\301\031z\216cK\326&w\344\303\256Y>\322\345Gn9B\\\254"
 240      634BD626 
 240      77E4C3AE 
 240      593ED2E5 
 240      476E3942 
 241 0534 E0B8948E 		.ascii	"\340\270\224\216\257\035\334\276M\310:\205(\325\177"
 241      AF1DDCBE 
 241      4DC83A85 
 241      28D57F
 242 0543 608DC6F3 		.ascii	"`\215\306\363\263\344u\360\220\362V\221;\307\206\014"
 242      B3E475F0 
 242      90F25691 
 242      3BC7860C 
 243 0553 86C37B29 		.ascii	"\206\303{)\016S\370\0235|\224\302\003e\364y\005\372"
 243      0E53F813 
 243      357C94C2 
 243      0365F479 
 243      05FA
 244 0565 B91ADD39 		.ascii	"\271\032\3359\005\035#8nF\304P\364 \322\243\273\"Z\252"
 244      051D2338 
 244      6E46C450 
 244      F420D2A3 
 244      BB225AAA 
 245 0579 3274EB2D 		.ascii	"2t\353-WZ\025\344c\323\223+\341\327\024\360gj\370m\265"
 245      575A15E4 
 245      63D3932B 
 245      E1D714F0 
 245      676AF86D 
 246 058e E72F2364 		.ascii	"\347/#dt\237\032\335\253 O\026\263!\300\306\202^\001"
 246      749F1ADD 
 246      AB204F16 
 246      B321C0C6 
 246      825E01
 247 05a1 629C7612 		.ascii	"b\234v\022<\274>P\012\357\207\022y\037\364\035H,\310"
 247      3CBC3E50 
 247      0AEF8712 
 247      791FF41D 
 247      482CC8
 248 05b4 2690CD20 		.ascii	"&\220\315 \251 \033A\022@\266\203l\003\331\015\022\003"
 248      A9201B41 
 248      1240B683 
 248      6C03D90D 
 248      1203
 249 05c6 B20B240E 		.ascii	"\262\013$\016$\011d+\310\026\220\235 ;@\222y\037\372"
 249      2409642B 
 249      C816909D 
 249      203B4092 
 249      791FFA
 250 05d9 EE645E9E 		.ascii	"\356d^\236R\314\351\205\332K\203:\002\243\012\364\343"
ARM GAS  /tmp/ccF3GXw8.s 			page 19


 250      52CCE985 
 250      DA4B833A 
 250      02A30AF4 
 250      E3
 251 05ea E9733705 		.ascii	"\351s7\005\256\010A\377\364!P\006\354\033\031\375rZ"
 251      AE0841FF 
 251      F4215006 
 251      EC1B19FD 
 251      725A
 252 05fc 5714E053 		.ascii	"W\024\340S\012\352a5\370\321[\236\274T8>2=\\Yt\2212"
 252      0AEA6135 
 252      F8D15B9E 
 252      BC54383E 
 252      323D5C59 
 253 0613 FABA1A7D 		.ascii	"\372\272\032}\355\355\212V\370rS\015\2771\025\016\365"
 253      EDED8A56 
 253      F872530D 
 253      BF31150E 
 253      F5
 254 0624 D91AC98A 		.ascii	"\331\032\311\212T\340\365\350\265\010\227\226 \272*"
 254      54E0F5E8 
 254      B5089796 
 254      20BA2A
 255 0633 FBC24EA2 		.ascii	"\373\302N\242\317\036\350c\2404\010\212\023\267?9{\015"
 255      CF1EE863 
 255      A034088A 
 255      13B73F39 
 255      7B0D
 256 0645 43FADC58 		.ascii	"C\372\334X\241q\0115\3353\275\247\212y\335TD\341\351"
 256      A1710935 
 256      DD33BDA7 
 256      8A79DD54 
 256      44E1E9
 257 0658 F4053CA5 		.ascii	"\364\005<\245\336\025\363z\240\206\337z+h\012\364\320"
 257      DE15F37A 
 257      A086DF7A 
 257      2B680AF4 
 257      D0
 258 0669 F4AF018A 		.ascii	"\364\257\001\212&\2374M\035E^8\316\205\236\320\313\343"
 258      269F344D 
 258      1D455E38 
 258      CE859ED0 
 258      CBE3
 259 067b BB8ABD91 		.ascii	"\273\212\275\221\337,6\335\336!W\370lAi0x\017?\271\337"
 259      DF2C36DD 
 259      DE2157F8 
 259      6C416930 
 259      780F3FB9 
 260 0690 93C93B59 		.ascii	"\223\311;Y(\350{X\037\377\353\265B\016\373u\331\225"
 260      28E87B58 
 260      1FFFEBB5 
 260      420EFB75 
 260      D995
 261 06a2 1AE51923 		.ascii	"\032\345\031#M1?\016\245\363\354\214\001\377\000\316"
 261      4D313F0E 
 261      A5F3EC8C 
 261      01FF00CE 
ARM GAS  /tmp/ccF3GXw8.s 			page 20


 262 06b2 3EF224DD 		.ascii	">\362$\335\023'\271\260M\252\274\275\316\025\2164\216"
 262      1327B9B0 
 262      4DAABCBD 
 262      CE158E34 
 262      8E
 263 06c3 7E72A479 		.ascii	"~r\244y\177\177\347\200 \000O\034\322\320\203\331^y"
 263      7F7FE780 
 263      20004F1C 
 263      D2D083D9 
 263      5E79
 264 06d5 9AF038F5 		.ascii	"\232\3608\365\200\264\217'\307\233\275\227+.c\234\313"
 264      80B48F27 
 264      C79BBD97 
 264      2B2E639C 
 264      CB
 265 06e6 D87207AB 		.ascii	"\330r\007\253\352\305\335\336\023\324\356\234\324|\015"
 265      EAC5DDDE 
 265      13D4EE9C 
 265      D47C0D
 266 06f5 DB480648 		.ascii	"\333H\006Hwv\363\343\335:\\\306\260\343\003\251]\210"
 266      7776F3E3 
 266      DD3A5CC6 
 266      B0E303A9 
 266      5D88
 267 0707 61895777 		.ascii	"a\211Ww\253SO\353\234\356+9\274\270\257d\363tci\177"
 267      AB534FEB 
 267      9CEE2B39 
 267      BCB8AF64 
 267      F3746369 
 268 071c 5EFBD203 		.ascii	"^\373\322\003WS&Mq\354\217\303\032\3447\037\001\034"
 268      5753264D 
 268      71EC8FC3 
 268      1AE4371F 
 268      011C
 269 072e E90AA4CF 		.ascii	"\351\012\244\317K\016\025\362:\224\313c\351{5]\000\372"
 269      4B0E15F2 
 269      3A94CB63 
 269      E97B355D 
 269      00FA
 270 0740 E17F9366 		.ascii	"\341\177\223fx\326\322\177\372\351%\344\012x.\207\226"
 270      78D6D27F 
 270      FAE925E4 
 270      0A782E87 
 270      96
 271 0751 D26D0BE5 		.ascii	"\322m\013\345A\236\012\251\275\002~>\312g\006\005\241"
 271      419E0AA9 
 271      BD027E3E 
 271      CA670605 
 271      A1
 272 0762 E5918BBC 		.ascii	"\345\221\213\2747!\312\235\011\375?\360\304\277\"^/"
 272      3721CA9D 
 272      09FD3FF0 
 272      C4BF225E 
 272      2F
 273 0773 7949D065 		.ascii	"yI\320e\373\032_\270\351D\356\370\237\343\236\330\263"
 273      FB1A5FB8 
 273      E944EEF8 
ARM GAS  /tmp/ccF3GXw8.s 			page 21


 273      9FE39ED8 
 273      B3
 274 0784 6F648692 		.ascii	"od\206\222{\377Oq\247\012m\273\370E\271B\213\203|f|"
 274      7BFF4F71 
 274      A70A6DBB 
 274      F845B942 
 274      8B837C66 
 275 0799 9C5620C4 		.ascii	"\234V \304\227\302d~\204\005\233\005\331\202\023\274"
 275      97C2647E 
 275      84059B05 
 275      D98213BC 
 276 07a9 626C06B4 		.ascii	"bl\006\264\374\215\347\320\001~\021\014\275>Q\225\345"
 276      FC8DE7D0 
 276      017E110C 
 276      BD3E5195 
 276      E5
 277 07ba 89EB58FC 		.ascii	"\211\353X\374\363\3576\307\272Mf\336\347\200\"\363\344"
 277      F3EF36C7 
 277      BA4D66DE 
 277      E78022F3 
 277      E4
 278 07cb 845A2C67 		.ascii	"\204Z,g\276"
 278      BE
 279 07d0 589DF983 		.ascii	"X\235\371\2034\363u\367\363\3225\3702c\273w\251(T$\033"
 279      34F375F7 
 279      F3D235F8 
 279      3263BB77 
 279      A9285424 
 280 07e5 5CCCCEF6 		.ascii	"\\\314\316\366\331\354l_\"\023\225\250\211\016Q\242"
 280      D9EC6C5F 
 280      221395A8 
 280      890E51A2 
 281 07f5 1CA1FF21 		.ascii	"\034\241\377!\3027\031\321\325\256\270*\261,\334\025"
 281      C23719D1 
 281      D5AEB82A 
 281      B12CDC15 
 282 0805 07E2D9E2 		.ascii	"\007\342\331\342\201\370\365p\313k\361TH\276r\307\033"
 282      81F8F570 
 282      CB6BF154 
 282      48BE72C7 
 282      1B
 283 0816 376722A7 		.ascii	"7g\"\247UsT\252\232#,\320'.\264vy\251\223x\030\202U"
 283      557354AA 
 283      9A232CD0 
 283      272EB476 
 283      79A99378 
 284 082d 4683554E 		.ascii	"F\203UN\003}T\012t[o\242Q\235\025\247\340\201\276\316"
 284      037D540A 
 284      745B6FA2 
 284      519D15A7 
 284      E081BECE 
 285 0841 4CB7C9AC 		.ascii	"L\267\311\254,\316\020\263R!f\005>b\024cK\305\254T\322"
 285      2CCE10B3 
 285      52216605 
 285      3E621463 
 285      4BC5AC54 
 286 0856 AC54ECD9 		.ascii	"\254T\354\331\365[<\314f\177\375d\3465^NJ\311\250\234"
ARM GAS  /tmp/ccF3GXw8.s 			page 22


 286      F55B3CCC 
 286      667FFD64 
 286      E6355E4E 
 286      4AC9A89C 
 287 086a 14F2BD72 		.ascii	"\024\362\275rL\216\3451u,\253h,k\343\006Nx\343\030W"
 287      4C8EE531 
 287      752CAB68 
 287      2C6BE306 
 287      4E78E318 
 288 087f CAB6FDCE 		.ascii	"\312\266\375\316\316CZ\331\251L\225SW\2468U-:U\303/"
 288      CE435AD9 
 288      A94C9553 
 288      57A63855 
 288      2D3A55C3 
 289 0894 E2E60604 		.ascii	"\342\346\006\004\030\330/\312f\010\015\0117\330\242"
 289      18D82FCA 
 289      66080D09 
 289      37D8A2
 290 08a3 2D069B3D 		.ascii	"-\006\233=\300\242]\365\371\237\027\030\003\0039\235"
 290      C0A25DF5 
 290      F99F1718 
 290      0303399D 
 291 08b3 D9BC212C 		.ascii	"\331\274!,\322\2764\310l\337\214\014\241Q\021VC\210"
 291      D2BE34C8 
 291      6CDF8C0C 
 291      A1511156 
 291      4388
 292 08c5 C566F50F 		.ascii	"\305f\365\017\017\371\322\260\"\312\262!\302\032i\267"
 292      0FF9D2B0 
 292      22CAB221 
 292      C21A69B7 
 293 08d5 1982AD21 		.ascii	"\031\202\255!\021\1770\254\264\204\207\255\267Y\315"
 293      117F30AC 
 293      B48487AD 
 293      B759CD
 294 08e4 56FFF51B 		.ascii	"V\377\365\033,\337\004\031\202\243\242\302m\206\257"
 294      2CDF0419 
 294      82A3A2C2 
 294      6D86AF
 295 08f3 2D16FF90 		.ascii	"-\026\377\220\350\010\377\310\250H\253\2775\344\313"
 295      E808FFC8 
 295      A848ABBF 
 295      35E4CB
 296 0902 30FF65FE 		.ascii	"0\377e\376AK\002\227\371\377\343}\377\210\220\277GE"
 296      414B0297 
 296      F9FFE37D 
 296      FF8890BF 
 296      4745
 297 0914 1BA6F41A 		.ascii	"\033\246\364\032\302\"-\341\033\326Y\015\021!\226\320"
 297      C2222DE1 
 297      1BD6590D 
 297      112196D0 
 298 0924 B048ABC1 		.ascii	"\260H\253\301\274\316\372U\310\206p\273\331\376\355"
 298      BCCEFA55 
 298      C88670BB 
 298      D9FEED
 299 0933 7AAB2D20 		.ascii	"z\253- \224\323J\016\375\353\377\352\217\355[\233\301"
ARM GAS  /tmp/ccF3GXw8.s 			page 23


 299      94D34A0E 
 299      FDEBFFEA 
 299      8FED5B9B 
 299      C1
 300 0944 6CB3AF03 		.ascii	"l\263\257\003\343\340\204\033\250\366\260\010\253\331"
 300      E3E0841B 
 300      A8F6B008 
 300      ABD9
 301 0952 EEA38C61 		.ascii	"\356\243\214a\264}\022o\011%\020\321gW\233}ud\230}\236"
 301      B47D126F 
 301      092510D1 
 301      67579B7D 
 301      7564987D 
 302 0967 B378731E 		.ascii	"\263xs\0366\373Z{H\264}y8Xw'J\324z\372\254\203g\253"
 302      36FB5A7B 
 302      48B47D79 
 302      38587727 
 302      4AD47AFA 
 303 097f 5D7A5C65 		.ascii	"]z\\e\235D\230\303\303\327\231\303\200\324\240&]\037"
 303      9D4498C3 
 303      C3D799C3 
 303      80D4A026 
 303      5D1F
 304 0991 150D3158 		.ascii	"\025\0151X\033\274fi\220\341\263\317V\030\202W\257\371"
 304      1BBC6669 
 304      90E1B3CF 
 304      56188257 
 304      AFF9
 305 09a3 67A0818D 		.ascii	"g\240\201\215\000_\\\214\3065\246\245\374\037M\232\025"
 305      005F5C8C 
 305      C635A6A5 
 305      FC1F4D9A 
 305      15
 306 09b4 6B969BF0 		.ascii	"k\226\233\360\012\243I\363\351\212`\0236\032M\330\004"
 306      0AA349F3 
 306      E98A6013 
 306      361A4DD8 
 306      04
 307 09c5 B2DC64C2 		.ascii	"\262\334d\302\177Zk\304\306\317\2035F\343J\023\305\007"
 307      7F5A6BC4 
 307      C6CF8335 
 307      46E34A13 
 307      C507
 308 09d7 D17B205E 		.ascii	"\321{ ^\271\312\304\257\205\221\253W\2324k\327\000\332"
 308      B9CAC4AF 
 308      8591AB57 
 308      9A346BD7 
 308      00DA
 309 09e9 680A0209 		.ascii	"h\012\002\011\004\344_LA\357\352I\004I_X\0048\343>\251"
 309      04E45F4C 
 309      41EFEA49 
 309      04495F58 
 309      0438E33E 
 310 09fe 98ED7A71 		.ascii	"\230\355zqR6\022\010s\010\231\247\247\331\374\325\206"
 310      52361208 
 310      730899A7 
 310      A7D9FCD5 
ARM GAS  /tmp/ccF3GXw8.s 			page 24


 310      86
 311 0a0f 488BD91C 		.ascii	"H\213\331\034\260\354\203\017\202\264\222\246\261\204"
 311      B0EC830F 
 311      82B492A6 
 311      B184
 312 0a1d 8644BF37 		.ascii	"\206D\2777\011\217Z\317\3203\245\026\353t\303?\224\272"
 312      098F5ACF 
 312      D033A516 
 312      EB74C33F 
 312      94BA
 313 0a2f BF9EAEFB 		.ascii	"\277\236\256\3737K\377\013\322\031\034\022"
 313      374BFF0B 
 313      D2191C12 
 314              		.text
 315              		.section	.gnu.lto_.symtab.7be241355afa88d6,"",%progbits
 316 0000 7374496E 		.ascii	"stInit\000"
 316      697400
 317 0007 00       		.ascii	"\000"
 318 0008 00       		.ascii	"\000"
 319 0009 00       		.ascii	"\000"
 320 000a 00000000 		.ascii	"\000\000\000\000\000\000\000\000"
 320      00000000 
 321 0012 C8000000 		.ascii	"\310\000\000\000"
 322 0016 73745374 		.ascii	"stStartAlarm\000"
 322      61727441 
 322      6C61726D 
 322      00
 323 0023 00       		.ascii	"\000"
 324 0024 00       		.ascii	"\000"
 325 0025 00       		.ascii	"\000"
 326 0026 00000000 		.ascii	"\000\000\000\000\000\000\000\000"
 326      00000000 
 327 002e CC000000 		.ascii	"\314\000\000\000"
 328 0032 73745374 		.ascii	"stStopAlarm\000"
 328      6F70416C 
 328      61726D00 
 329 003e 00       		.ascii	"\000"
 330 003f 00       		.ascii	"\000"
 331 0040 00       		.ascii	"\000"
 332 0041 00000000 		.ascii	"\000\000\000\000\000\000\000\000"
 332      00000000 
 333 0049 CE000000 		.ascii	"\316\000\000\000"
 334 004d 73745365 		.ascii	"stSetAlarm\000"
 334      74416C61 
 334      726D00
 335 0058 00       		.ascii	"\000"
 336 0059 00       		.ascii	"\000"
 337 005a 00       		.ascii	"\000"
 338 005b 00000000 		.ascii	"\000\000\000\000\000\000\000\000"
 338      00000000 
 339 0063 D0000000 		.ascii	"\320\000\000\000"
 340 0067 73744765 		.ascii	"stGetAlarm\000"
 340      74416C61 
 340      726D00
 341 0072 00       		.ascii	"\000"
 342 0073 00       		.ascii	"\000"
 343 0074 00       		.ascii	"\000"
ARM GAS  /tmp/ccF3GXw8.s 			page 25


 344 0075 00000000 		.ascii	"\000\000\000\000\000\000\000\000"
 344      00000000 
 345 007d D3000000 		.ascii	"\323\000\000\000"
 346 0081 73745F6C 		.ascii	"st_lld_init\000"
 346      6C645F69 
 346      6E697400 
 347 008d 00       		.ascii	"\000"
 348 008e 02       		.ascii	"\002"
 349 008f 00       		.ascii	"\000"
 350 0090 00000000 		.ascii	"\000\000\000\000\000\000\000\000"
 350      00000000 
 351 0098 D5000000 		.ascii	"\325\000\000\000"
 352              		.text
 353              		.section	.gnu.lto_.opts,"",%progbits
 354 0000 272D666D 		.ascii	"'-fmath-errno' '-fsigned-zeros' '-ftrapping-math' '"
 354      6174682D 
 354      6572726E 
 354      6F272027 
 354      2D667369 
 355 0033 2D666E6F 		.ascii	"-fno-trapv' '-fno-openmp' '-fno-openacc' '-mcpu=cor"
 355      2D747261 
 355      70762720 
 355      272D666E 
 355      6F2D6F70 
 356 0066 7465782D 		.ascii	"tex-m4' '-mno-thumb-interwork' '-mthumb' '-O2' '-fo"
 356      6D342720 
 356      272D6D6E 
 356      6F2D7468 
 356      756D622D 
 357 0099 6D69742D 		.ascii	"mit-frame-pointer' '-falign-functions=16' '-ffuncti"
 357      6672616D 
 357      652D706F 
 357      696E7465 
 357      72272027 
 358 00cc 6F6E2D73 		.ascii	"on-sections' '-fdata-sections' '-fno-common' '-flto"
 358      65637469 
 358      6F6E7327 
 358      20272D66 
 358      64617461 
 359 00ff 2700     		.ascii	"'\000"
 360              		.text
 361              		.comm	__gnu_lto_v1,1,1
 362              		.comm	__gnu_lto_slim,1,1
 363              		.ident	"GCC: (GNU Tools for Arm Embedded Processors 7-2017-q4-major) 7.2.1 20170904 (release) [ARM
ARM GAS  /tmp/ccF3GXw8.s 			page 26


DEFINED SYMBOLS
                            *ABS*:0000000000000000 st.c
                            *COM*:0000000000000001 __gnu_lto_v1
                            *COM*:0000000000000001 __gnu_lto_slim

NO UNDEFINED SYMBOLS
