ARM GAS  /tmp/ccLA0DsP.s 			page 1


   1              		.cpu cortex-m0
   2              		.eabi_attribute 20, 1
   3              		.eabi_attribute 21, 1
   4              		.eabi_attribute 23, 3
   5              		.eabi_attribute 24, 1
   6              		.eabi_attribute 25, 1
   7              		.eabi_attribute 26, 1
   8              		.eabi_attribute 30, 2
   9              		.eabi_attribute 34, 0
  10              		.eabi_attribute 18, 4
  11              		.file	"board.c"
  12              		.section	.gnu.lto_.profile.2de673e8acd82ccc,"",%progbits
  13 0000 789C6363 		.ascii	"x\234cc```\001bF\006>f\000\000\227\000\035"
  13      60606001 
  13      6246063E 
  13      66000097 
  13      001D
  14              		.text
  15              		.section	.gnu.lto_.icf.2de673e8acd82ccc,"",%progbits
  16 0000 789C6363 		.ascii	"x\234cc``\020a@\000f\206\203\253v\265\3633\3368\327"
  16      60601061 
  16      40006686 
  16      83AB76B5 
  16      F333DE38 
  17 0015 D1CAC274 		.ascii	"\321\312\302t\363\346\267\003\254\014\000]\226\011\000"
  17      F3E6B703 
  17      AC0C005D 
  17      960900
  18              		.text
  19              		.section	.gnu.lto_.jmpfuncs.2de673e8acd82ccc,"",%progbits
  20 0000 789C6363 		.ascii	"x\234cc``\340d@\000&\020\301\010\304\000\001\202\000"
  20      6060E064 
  20      40002610 
  20      C108C400 
  20      018200
  21 0013 13       		.ascii	"\023"
  22              		.text
  23              		.section	.gnu.lto_.inline.2de673e8acd82ccc,"",%progbits
  24 0000 789C6363 		.ascii	"x\234cc``\320f@\000&\006\006\026\036F\020\305\300\266"
  24      6060D066 
  24      40002606 
  24      06161E46 
  24      10C5C0B6 
  25 0014 401E4431 		.ascii	"@\036D10r\201\010\006f&Ta\006\000-\266\001\351"
  25      30728108 
  25      06662654 
  25      6106002D 
  25      B601E9
  26              		.text
  27              		.section	.gnu.lto_.pureconst.2de673e8acd82ccc,"",%progbits
  28 0000 789C6363 		.ascii	"x\234cc```\005b&\006\011F\006\000\000\334\000'"
  28      60606005 
  28      62260609 
  28      46060000 
  28      DC0027
  29              		.text
  30              		.section	.gnu.lto___early_init.2de673e8acd82ccc,"",%progbits
ARM GAS  /tmp/ccLA0DsP.s 			page 2


  31 0000 789C6363 		.ascii	"x\234cc``X\005\304\226@,\015\304\214\314\014\214L\023"
  31      60605805 
  31      C496402C 
  31      0DC48CCC 
  31      0C8C4C13 
  32 0014 CE313034 		.ascii	"\316104r012\202\030\015\034\214\014\365L\214\365\214"
  32      72303132 
  32      82180D1C 
  32      8C0CF54C 
  32      8CF58C
  33 0027 3DCC5398 		.ascii	"=\314S\230\031\017\265?\333\311\244\271\274\001\010"
  33      190FB53F 
  33      DBC9A4B9 
  33      BC0108
  34 0036 0E4CBFC5 		.ascii	"\016L\277\305\336\326\320*1\207\231\201a\032\020\203"
  34      DED6D02A 
  34      31879981 
  34      611A1083 
  35 0046 00E36646 		.ascii	"\000\343fFM\006\240\262G\033\377M\345ec\201\2103nad"
  35      4D06A0B2 
  35      471BFF4D 
  35      E5656381 
  35      88336E61 
  36 005b 63600432 		.ascii	"c`\0042\326_b=\320\360\357\177{\303\2013\213\031?\272"
  36      D65F623D 
  36      D0F0EF7F 
  36      7BC38133 
  36      8B193FBA 
  37 006f 03E53A80 		.ascii	"\003\345:\200\030hI\303\001\206Nf&\020\253\371\000\303"
  37      186849C3 
  37      01864E66 
  37      2610ABF9 
  37      00C3
  38 0081 1BC6E605 		.ascii	"\033\306\346\005\373\373\231\301\272\200F\355\334\371"
  38      FBFB99C1 
  38      BA8046ED 
  38      DCF9
  39 008f E6367BFD 		.ascii	"\3466{\375\337\006\2169\314\214\323\230\201\3060ne\254"
  39      DF068E39 
  39      CC8CD398 
  39      81C6306E 
  39      65AC
  40 00a1 67980354 		.ascii	"g\230\003T\376\216\261i\301\343~F\260B\020\350\000\312"
  40      FE8EB169 
  40      C1E37E46 
  40      B04210E8 
  40      00CA
  41 00b3 028D6062 		.ascii	"\002\215`b`0\327\323\323\207\240\374b\375\214\304\034"
  41      6030D7D3 
  41      D387A0FC 
  41      62FD8CC4 
  41      1C
  42 00c4 FDA4FCC4 		.ascii	"\375\244\374\304\242\224b}\267 W\327`gG\037\327x\020"
  42      A294627D 
  42      B72057D7 
  42      6067471F 
  42      D77810
ARM GAS  /tmp/ccLA0DsP.s 			page 3


  43 00d7 CBC5DF37 		.ascii	"\313\305\3377\336\333\307\3104\012\"\255\227\314\000"
  43      DEDBC7C8 
  43      340A22AD 
  43      97CC00
  44 00e6 00AC9B4B 		.ascii	"\000\254\233K\001"
  44      01
  45              		.text
  46              		.section	.gnu.lto_boardInit.2de673e8acd82ccc,"",%progbits
  47 0000 789C6363 		.ascii	"x\234cc``\250\003bK \226\006bFf\006F\246\011\347\030"
  47      6060A803 
  47      624B2096 
  47      06624666 
  47      0646A609 
  48 0016 181A3998 		.ascii	"\030\0329\230\030\031A\214\006\016F\206z&\306z\306\036"
  48      1819418C 
  48      060E4686 
  48      7A26C67A 
  48      C61E
  49 0028 E629CC8C 		.ascii	"\346)\314\214\207\332\237\355d\322\\\336\000\004\007"
  49      87DA9FED 
  49      64D25CDE 
  49      000407
  50 0037 A6FF616F 		.ascii	"\246\377aokh\225\230\303\314\3000\015\210A\200q3\243"
  50      6B689598 
  50      C3CCC030 
  50      0D884180 
  50      7133A3
  51 004a 260350D9 		.ascii	"&\003P\331\243\215\377\246\362\262\261@\304\031\267"
  51      A38DFFA6 
  51      F2B2B140 
  51      C419B7
  52 0059 30B23130 		.ascii	"0\26210\002\031\353/\261\036h\370\367\277\275\341\300"
  52      0219EB2F 
  52      B11E68F8 
  52      F7BFBDE1 
  52      C0
  53 006a 97458CFF 		.ascii	"\227E\214\377\335\231\030\030:\200\362@K\032\0160t2"
  53      DD991818 
  53      3A80F240 
  53      4B1A0E30 
  53      7432
  54 007c 338158CD 		.ascii	"3\201X\315\007\030\33616)\200\265\200@\0073#H\030\250"
  54      0718DE31 
  54      362980B5 
  54      80400733 
  54      234818A8 
  55 0090 D45C4F4F 		.ascii	"\324\\OO\037\202\362\213\3653\022s\364\223\362\023\213"
  55      1F82F28B 
  55      F5331273 
  55      F493F213 
  55      8B
  56 00a1 528AF5DD 		.ascii	"R\212\365\335\202\\]\203\235\035}\\\343A,\027\177\337"
  56      825C5D83 
  56      9D1D7D5C 
  56      E3412C17 
  56      7FDF
  57 00b3 786F1F23 		.ascii	"xo\037#\323(\210\264^2\003\000\340<<."
ARM GAS  /tmp/ccLA0DsP.s 			page 4


  57      D32888B4 
  57      5E320300 
  57      E03C3C2E 
  58              		.text
  59              		.section	.gnu.lto_pal_default_config.2de673e8acd82ccc,"",%progbits
  60 0000 789CC595 		.ascii	"x\234\305\225\373N\023A\024\207w\330R\250\224\202\367"
  60      FB4E1341 
  60      148777D8 
  60      52A89482 
  60      F7
  61 0011 5BBDBC82 		.ascii	"[\275\274\202\370\017\217\341\023\370\022\276@\325\202"
  61      F80F8FE1 
  61      13F812BE 
  61      40D582
  62 0020 08899A08 		.ascii	"\010\211\232\010\301hI\250\242h\210\0043\320\241\345"
  62      C16849A8 
  62      A2688804 
  62      33D0A1E5 
  63 0030 560BC845 		.ascii	"V\013\310E\300\202P\254\002\026(B\014\022D\024-\005"
  63      C08250AC 
  63      02162842 
  63      0C124414 
  63      2D05
  64 0042 3CDBF30B 		.ascii	"<\333\363\013\241\204\006\211A\233L\177\371rvfw\277"
  64      A1840689 
  64      419B4C7F 
  64      F9727666 
  64      77BF
  65 0054 39ED9835 		.ascii	"9\355\2305M\363ej\232\320\370S\252\213\236*_\334Z\242"
  65      4DF3656A 
  65      9AD0F853 
  65      AA8B9E2A 
  65      5FDC5AA2 
  66 0068 BB744DA4 		.ascii	"\273tM\244\023\336\255\252\365f\033(\3049B\337\365\232"
  66      13DEADAA 
  66      F5661B28 
  66      C43942DF 
  66      F59A
  67 007a 3AE059C2 		.ascii	":\340Y\302\207s\375=\351\214g\010\353;\272\0123y\256"
  67      8773FD3D 
  67      E98C6708 
  67      EB3BBA0A 
  67      3379AE
  68 008d 206C6CF9 		.ascii	" ll\371\222\307E;\321\323\316\200\022\214\247\011gg"
  68      92C7453B 
  68      D1D3CE80 
  68      128CA709 
  68      6767
  69 009f DDA556C6 		.ascii	"\335\245V\306S\204_\343\025\312\302S\217\020.\227\367"
  69      53845FE3 
  69      15CAC253 
  69      8F102E97 
  69      F7
  70 00b0 8573B87A 		.ascii	"\205s\270z\222p\3019\023\311b<A\370\255\274\340f&\343"
  70      9270C139 
  70      13C9623C 
  70      41F8ADBC 
ARM GAS  /tmp/ccLA0DsP.s 			page 5


  70      E06626E3 
  71 00c4 71C2EFBF 		.ascii	"q\302\357\277\212\027,\214\307\010\247\253\327\313\315"
  71      8A172C8C 
  71      C708A7AB 
  71      D7CBCD
  72 00d3 8C47B7AE 		.ascii	"\214G\267\256,xeoa\314\306x\230\360E$\336lb<DX\3245"
  72      2C78656F 
  72      61CCC678 
  72      98F04524 
  72      DE6C623C 
  73 00eb 3182873C 		.ascii	"1\202\207<H8\264\330W\201\373\346\022\326.-\327b\345"
  73      4838B4D8 
  73      5781FBE6 
  73      12D62E2D 
  73      D762E5
  74 00fe 1CC2B5B1 		.ascii	"\034\302\265\261\253\353i\2146\302G\237\275\355\220"
  74      ABEB698C 
  74      36C2479F 
  74      BDED90
  75 010d 914DB83A 		.ascii	"\221M\270:W\032\306RV\302\321\260\323\013\3142\346."
  75      571AC652 
  75      56C2D1B0 
  75      D30BCC32 
  75      E62E
  76 011f 06D7F0FA 		.ascii	"\006\327\360\372\007\010k<\217}\250Z\214\207,.X\321"
  76      07086B3C 
  76      8F7DA85A 
  76      8C872C2E 
  76      58D1
  77 0131 193308A3 		.ascii	"\0313\010\243\253\317}xf\363\326-\022\211-\032t\326"
  77      ABCF7D78 
  77      66F3D62D 
  77      12892D1A 
  77      74D6
  78 0143 B970B189 		.ascii	"\271p\261\2110\260TW\215\252N\330\271\261\342\207\311"
  78      30B05457 
  78      8DAA4ED8 
  78      B9B1E287 
  78      C9
  79 0154 34E37DC7 		.ascii	"4\343}\307}nS\276\307QT\351pX\\z\232\270`\027R\330E"
  79      7D6E53BE 
  79      C75154E9 
  79      70585C7A 
  79      9AB86017 
  80 016b 1EC790E0 		.ascii	"\036\307\220\340\034D\006\221o\220\0034\024\215~\344"
  80      1C440691 
  80      6F900334 
  80      148D7EE4 
  81 017b 458E3EE0 		.ascii	"E\216>\340kd/\262\007\331\215\354B\276Bv\";\220\355"
  81      6B642FB2 
  81      07D98DEC 
  81      42BE4276 
  81      223B90ED 
  82 018f C800F225 		.ascii	"\310\000\362%n\353G\266![\221-4\232h4#}\230\347E6\""
  82      6EEB47B6 
  82      215B912D 
  82      349A6834 
ARM GAS  /tmp/ccLA0DsP.s 			page 6


  82      237D98E7 
  83 01a6 3DB8BE01 		.ascii	"=\270\276\001Y\317i\364\373\206\327\177-\321\000\272"
  83      59CF69F4 
  83      FB86D77F 
  83      2DD100BA 
  84 01b6 704CB539 		.ascii	"pL\2659\014\203%\367\375*\207\035\235w\351\2462\352"
  84      0C8325F7 
  84      FD2A871D 
  84      9D77E9A6 
  84      32EA
  85 01c8 C961612F 		.ascii	"\311aa/#\203oE\276\266u?\264\304~\334x\034\233\262\355"
  85      23836F45 
  85      BEB6753F 
  85      B4C47EDC 
  85      781C9BB2 
  86 01dd EC34F487 		.ascii	"\3544\364\207N%\234Jv*\367\331\251\202S\005\247\012"
  86      4E259C4A 
  86      762AF7D9 
  86      A9825305 
  86      A70A
  87 01ef 4E159C2A 		.ascii	"N\025\234*8U\2738Up\252\340T\261\323;\367\236UX\331"
  87      3855BB38 
  87      5570AAE0 
  87      54B1D33B 
  87      F79E5558 
  88 0204 A97F929D 		.ascii	"\251\177\222\235\006\"?/'+}\307JGY\251gN\266\232\377"
  88      06223F2F 
  88      272B7DC7 
  88      4A4759A9 
  88      674EB69A 
  89 0219 AE2F5338 		.ascii	"\256/S8\224p(\341P\302\241\204C\011\207\022\016%\034"
  89      947028E1 
  89      50C2A184 
  89      43098712 
  89      0E251C
  90 022c 4A3894FF 		.ascii	"J8\224\377\307ae\367\217Y\033\372\022\016'\036\304o"
  90      C76165F7 
  90      8F591BFA 
  90      120E271E 
  90      C46F
  91 023e 67274BFC 		.ascii	"g'K\374\300\022\337\263\304XK\360I\212FL%QA\242\022"
  91      C012DFB3 
  91      C4584BF0 
  91      498A464C 
  91      255141A2 
  92 0253 3BFEB877 		.ascii	";\376\270w\223\270[#n\227\030\202\304\320\277\221\350"
  92      93B85B23 
  92      6E971882 
  92      C4D0BF91 
  92      E8
  93 0264 EE0D0E08 		.ascii	"\356\015\016\0104b\204%\3168\335\365\326d\211\023,q"
  93      34628425 
  93      CE38DDF5 
  93      D6648913 
  93      2C71
  94 0276 9C256E9E 		.ascii	"\234%n\236&Z\3424\331<\021\264\304\2110\276x+\272\275"
  94      265AE234 
ARM GAS  /tmp/ccLA0DsP.s 			page 7


  94      D93C11B4 
  94      C48930BE 
  94      782BBABD 
  95 028a 4F23AC78 		.ascii	"O#\254x\022\212'\2418\222\242O\367\370\377\271\327>"
  95      128A27A1 
  95      3892A24F 
  95      F7F8FFB9 
  95      D73E
  96 029c 95502CA1 		.ascii	"\225P,\2418\262\277\212\033dw\310\214>\205\342\250s"
  96      38B2BF8A 
  96      1B6477C8 
  96      8C3E85E2 
  96      A873
  97 02ae 3D9C91AC 		.ascii	"=\234\221\254x\232\025O\261\342\321\325\371+\\\277\344"
  97      789A154F 
  97      B1E2D1D5 
  97      F92B5CBF 
  97      E4
  98 02bf D2D30D85 		.ascii	"\322\323\015\205Q\221o(\374Ha(\034\2434\024\206)\015"
  98      51916F28 
  98      FC486128 
  98      1CA33414 
  98      86290D
  99 02d2 85233C6F 		.ascii	"\205#<o>\3264\214\303+\327\245\233\313H\377\014U\304"
  99      3ED6348C 
  99      C32BD7A5 
  99      9BCB48FF 
  99      0C55C4
 100 02e5 27FAFA0D 		.ascii	"'\372\372\015\342\331V\014"
 100      E2D9560C 
 101              		.text
 102              		.section	.gnu.lto_.symbol_nodes.2de673e8acd82ccc,"",%progbits
 103 0000 789C6363 		.ascii	"x\234cc``\360\000b\006\246\365\214\365\014\014\023\316"
 103      6060F000 
 103      6206A6F5 
 103      8CF50C0C 
 103      13CE
 104 0012 313000A9 		.ascii	"10\000\251]\015\216@\221\015\214\365\214(\"\254\353"
 104      5D0D8E40 
 104      910D8CF5 
 104      8C2822AC 
 104      EB
 105 0023 18191A95 		.ascii	"\030\031\032\225\200\212\03172\3263\201\245\030\030"
 105      808A1937 
 105      32D63381 
 105      A51818
 106 0032 1A1A1C18 		.ascii	"\032\032\034\030\030\230\201p\311\203\177\214\014\000"
 106      18988170 
 106      C9837F8C 
 106      0C00
 107 0040 7F221115 		.ascii	"\177\"\021\025"
 108              		.text
 109              		.section	.gnu.lto_.refs.2de673e8acd82ccc,"",%progbits
 110 0000 789C6363 		.ascii	"x\234cc```\004b\006\000\000D\000\010"
 110      60606004 
 110      62060000 
 110      440008
ARM GAS  /tmp/ccLA0DsP.s 			page 8


 111              		.text
 112              		.section	.gnu.lto_.decls.2de673e8acd82ccc,"",%progbits
 113 0000 789CBD56 		.ascii	"x\234\275VmPSW\032\276\357=\027\010\001\214\003\235"
 113      6D505357 
 113      1ABEEF3D 
 113      1708018C 
 113      039D
 114 0012 1D768699 		.ascii	"\035v\206\231:N\272\315\237p\225\266k\177m\333\001\332"
 114      3A4EBACD 
 114      9F7095B6 
 114      6B7F6DDB 
 114      01DA
 115 0024 32DACA28 		.ascii	"2\332\312(\373g\177l\214!jj ,\011S\255?\366J@Q\254\037"
 115      FB677F6C 
 115      8C216A6A 
 115      202C0953 
 115      AD3FF64A 
 116 003c D55AA056 		.ascii	"\325Z\240VY\352n\213UJ\247\266~\240MD\245T\276\224n"
 116      59EA6E8B 
 116      554AA7B6 
 116      7EA04D44 
 116      A554BE94 
 117 0051 8B6E15D8 		.ascii	"\213n\025\330\212B+\242\015V\374\000\263\3579\347&7"
 117      8A422BA2 
 117      0D56FC00 
 117      B3EF39E7 
 117      2637
 118 0063 61C98CB3 		.ascii	"a\311\214\263?\366L\316\275\367=\367}\237\347\3758\347"
 118      3FF64CCE 
 118      BDF73DF7 
 118      7D9FE7FD 
 118      38E7
 119 0075 CD8D1704 		.ascii	"\315\215\027\004!\230$\010gDA\270H\237qHx?%h\203\340"
 119      21982408 
 119      674441B8 
 119      489F7148 
 119      783F2568 
 120 008b 6CC17912 		.ascii	"l\301y\022\247\017'\340L\006!j\274\011\\o\031\316\024"
 120      A70F27E0 
 120      4C06216A 
 120      BC095C6F 
 120      19CE14
 121 009e 7C3EAEAE 		.ascii	"|>\256\256\213\252\255O\370\357\261\0168\3262U\006\225"
 121      8BAAAD4F 
 121      F8EFB10E 
 121      38D63255 
 121      0695
 122 00b0 63FAF82D 		.ascii	"c\372\370-\202$\340=\003\347\0238'q\216Pl4\220p&\251"
 122      8224E03D 
 122      03E71338 
 122      27718E50 
 122      6C349070 
 123 00c6 DC419C8F 		.ascii	"\334A\234\217p&\300\014 8v\0218\326\272\341B\312\000"
 123      7026C00C 
 123      20387611 
 123      38D6BAE1 
 123      42CA00
ARM GAS  /tmp/ccLA0DsP.s 			page 9


 124 00d9 5C018484 		.ascii	"\\\001\204\204\331\234\025\370\025\357t29\030\032\300"
 124      D99C15F8 
 124      15EF7432 
 124      39181AC0 
 125 00e9 D77155E4 		.ascii	"\327qU\3447U\225\012!\023\365\031\257\242\212!\206p"
 125      3755950A 
 125      2113F519 
 125      AFA28A21 
 125      8670
 126 00fb D94F0580 		.ascii	"\331O\005\200HT\376\236\323\205\206\020\202W\223\001"
 126      4854FE9E 
 126      D3858610 
 126      82579301 
 127 010b 21460619 		.ascii	"!F\006\031M\026a\024\345\253\020~\035vS\013\022\324"
 127      4D166114 
 127      E5AB107E 
 127      1D76530B 
 127      12D4
 128 011d 241CFF5B 		.ascii	"$\034\377[\323\2604\010\375(\277,\010\333uEl\365\227"
 128      D3B03408 
 128      FD28BF2C 
 128      08DB7545 
 128      6CF597
 129 0130 9BDBBA0D 		.ascii	"\233\333\272\015\004\303\304g\177\307\310\373\204\030"
 129      04C3C467 
 129      7FC7C8FB 
 129      8418
 130 013e D8F3BE91 		.ascii	"\330\363\276\221\236wH\346A\205\017\335V\"\300\227@"
 130      9E7748E6 
 130      41850FDD 
 130      5622C097 
 130      40
 131 014f 42093D1B 		.ascii	"B\011=\033\234\360\033\252\011\244\352AD\261\367v\347"
 131      9CF01BAA 
 131      09A4EA41 
 131      44B1F776 
 131      E7
 132 0160 0749283E 		.ascii	"\007I(>\241\207\331(\036\334\022\334\025\227\276\233"
 132      A187D928 
 132      1EDC12DC 
 132      1597BE9B 
 133 0170 1A6EF72A 		.ascii	"\032n\367*\263EX\366\0338\006\031p\024\260\226p\034"
 133      B34558F6 
 133      1B380619 
 133      7014B096 
 133      701C
 134 0182 D2F15A2C 		.ascii	"\322\361Z,q\244\236\211[\007\022\346\326+\365\203\212"
 134      71A49E89 
 134      5B0712E6 
 134      D62BF583 
 134      8A
 135 0193 3F58FBEC 		.ascii	"?X\373\354\336\316\015\312y\264{\221\351\301\027@\340"
 135      DECE0DCA 
 135      79B47B91 
 135      E9C11740 
 135      E0
 136 01a4 0864D228 		.ascii	"\010d\322(\276\240\354p\030\006\001>\207\001\014\261"
ARM GAS  /tmp/ccLA0DsP.s 			page 10


 136      BEA0EC70 
 136      1806013E 
 136      87010CB1 
 137 01b4 05E6A27D 		.ascii	"\005\346\242}\347\365+\353\310F`>\277\267\376\203\241"
 137      E7F52BEB 
 137      C846603E 
 137      BFB7FE83 
 137      A1
 138 01c5 64C46A46 		.ascii	"d\304jF\254\300\223u\212\277\034\221D\006tB\003:1\035"
 138      ACC09375 
 138      8ABF1C91 
 138      44067442 
 138      033A311D 
 139 01d9 E82403AA 		.ascii	"\350$\003\252\333x\273.\201\354\340H?\370\366\3341 "
 139      DB78BB2E 
 139      81ECE048 
 139      3FF8F6DC 
 139      3120
 140 01eb D2A0A2F8 		.ascii	"\322\240\242\370{\016>\337\336<\242T\351\271K_iH_\251"
 140      7B0E3EDF 
 140      DE3CA254 
 140      E9B94B5F 
 140      69485FA9 
 141 01ff 09011F43 		.ascii	"\011\001\037Ch?\335t7\211\364p\204\251\311/\367\252"
 141      683FDD74 
 141      3789F470 
 141      84A9C92F 
 141      F7AA
 142 0211 193A0C28 		.ascii	"\031:\014(\217L]\013\244\360\024\325'\241\\\3255<\036"
 142      8F4C5D0B 
 142      A4F014D5 
 142      27A15CD5 
 142      353C1E
 143 0224 4F7EE4CA 		.ascii	"O~\344\312\027*\232\367\020\256,\321\232t\325]\235\305"
 143      172A9AF7 
 143      10AE2CD1 
 143      9A74D55D 
 143      9DC5
 144 0236 75E7A038 		.ascii	"u\347\2408ZS\3555\350\253h:\353\275J\342\253T\355,\246"
 144      5A53ED35 
 144      E8AB683A 
 144      EBBD4AE2 
 144      AB54ED2C 
 145 024b F30C4B67 		.ascii	"\363\014Kg\033\350\361*s1\3028\225\0337\215\370\366"
 145      1BE8F12A 
 145      7331C238 
 145      951B378D 
 145      F8F6
 146 025d E8399642 		.ascii	"\3509\226BKu\272;xTOF8o\250n\251\274nm}\035\001\211"
 146      4B75BA3B 
 146      78544F46 
 146      386FA86E 
 146      A9BC6E6D 
 147 0275 DCE4EFAE 		.ascii	"\334\344\357\256\2647~B}zZ\017t\233\031p\351\323\321"
 147      B4377E42 
 147      7D7A5A0F 
 147      749B1970 
ARM GAS  /tmp/ccLA0DsP.s 			page 11


 147      E9D3D1
 148 0288 63F753F8 		.ascii	"c\367S\370\022\263\336\026\330\237@\002L]\034\270\364"
 148      12B3DE16 
 148      D89F4002 
 148      4C5D1CB8 
 148      F4
 149 0299 F0F22CD0 		.ascii	"\360\362,\320\233\320\315r\356\246\020v\022\316\203"
 149      9BD0CD72 
 149      EEA61076 
 149      12CE83
 150 02a8 891AD1B4 		.ascii	"\211\032\321\264A\027.v\342\342?h<\376[\276?\324\006"
 150      41172E76 
 150      E2E23F68 
 150      3CFE5BBE 
 150      3FD406
 151 02bb 14650EF4 		.ascii	"\024e\016\364\200\036\272\265\324>\255\347\333\243q"
 151      801EBAB5 
 151      D43EADE7 
 151      DBA371
 152 02ca FF8E8678 		.ascii	"\377\216\206xRI\030G\313\373\327\316\212\2618\276\215"
 152      52491847 
 152      CBFBD7CE 
 152      8AB138BE 
 152      8D
 153 02db C931F1D3 		.ascii	"\3111\361\323\334\266J\272\021z\221\343\202\306\321"
 153      DCB64ABA 
 153      117A91E3 
 153      82C6D1
 154 02ea 032A494D 		.ascii	"\003*IM\357g\2714\277\336\307\002\245{\245\345\316\271"
 154      EF67B934 
 154      BFDEC702 
 154      A57BA5E5 
 154      CEB9
 155 02fc 389E371D 		.ascii	"8\2367\035\212\343\203gN\032\310f\211ee\340\243\212"
 155      8AE38367 
 155      4E1AC866 
 155      896565E0 
 155      A38A
 156 030e F238B28D 		.ascii	"\3628\262\215\013\235[\233:\023\310..\224\237{/\230"
 156      0B9D5B9B 
 156      3A13C82E 
 156      2E949F7B 
 156      2F98
 157 0320 486AB930 		.ascii	"Hj\2710VqmPM}:\212\315'*n\252%\367\323\355\342m[?\236"
 157      56716D50 
 157      4D7D3A8A 
 157      CD272A6E 
 157      AA25F7D3 
 158 033a 42F6325D 		.ascii	"B\3662]]C\375\243)\003\030q\244\031M\306\006\245\302"
 158      5D43FDA3 
 158      29031871 
 158      A4194DC6 
 158      06A5C2
 159 034d ABF807B6 		.ascii	"\253\370\007\266\220M\215\233\337V\352[\001\376\211"
 159      904D8D9B 
 159      DF56EA5B 
 159      01FE89
ARM GAS  /tmp/ccLA0DsP.s 			page 12


 160 035c 7175605C 		.ascii	"qu`\\\377\2064\315\365slw\314\247\335\223[\264\276\212"
 160      FF8634CD 
 160      F5736C77 
 160      CCA7DD93 
 160      5BB4BE8A 
 161 0370 27A28230 		.ascii	"'\242\2020\355\357\247k\177\307\264\317\202\246\376"
 161      EDEFA76B 
 161      7FC7B4CF 
 161      82A6FE
 162 037f E0054DBD 		.ascii	"\340\005M\275of\365\010\360@\204\366\305\351\332\262"
 162      6F66F508 
 162      F04084F6 
 162      C5E9DAB2 
 163 038f 86BD8335 		.ascii	"\206\275\2035\005\234 \011\360\003*\374\213!QuL2\\\305"
 163      059C2009 
 163      F0032AFC 
 163      8B215175 
 163      4C325CC5 
 164 03a3 7C0F8111 		.ascii	"|\017\201\021\317\246\021\217\246\021\233\225\021\273"
 164      CFA6118F 
 164      A6119B95 
 164      11BB
 165 03b1 B6117E04 		.ascii	"\266\021~\004#;i\234\2547\"\222\3133\307\315\331x\375"
 165      233B699C 
 165      AC372292 
 165      CB33C7CD 
 165      D978FD
 166 03c4 FB7DA9EB 		.ascii	"\373}\251\353\221\220\252\011j\3555\2541_j\203Wi\237"
 166      9190AA09 
 166      6AED35AC 
 166      315F6A83 
 166      57699F
 167 03d7 C7C02ECD 		.ascii	"\307\300.\315\3509\013\023krub\370\210\201\234c5\021"
 167      E8390B13 
 167      6B727562 
 167      F888819C 
 167      633511
 168 03ea 775EAFEA 		.ascii	"w^\257\352\216\007S\232J\321\036\217M\022\206\321\366"
 168      8E07539A 
 168      4AD11E8F 
 168      4D1286D1 
 168      F6
 169 03fb 9AB6C128 		.ascii	"\232\266\301(a\214\220\341:F\372\270Q#w\260\273\361"
 169      618C90E1 
 169      3A46FAB8 
 169      512377B0 
 169      BBF1
 170 040d 3C49DE1C 		.ascii	"<I\336\034\336\370\214Jk\002#\220\254\222\242\356\221"
 170      DEF88C4A 
 170      6B022390 
 170      AC92A2EE 
 170      91
 171 041e 4D35C329 		.ascii	"M5\303)\244\217\373\371s\353\215\001\035\230\222\271"
 171      A48FFBF9 
 171      73EB8D01 
 171      1D9892B9 
 172 042e 9F7DD866 		.ascii	"\237}\330f\274[\025E\202\033h\361\223\346*\002\340-"
ARM GAS  /tmp/ccLA0DsP.s 			page 13


 172      BC5B1545 
 172      821B68F1 
 172      93E62A02 
 172      E02D
 173 0440 063EFC8C 		.ascii	"\006>\374\214\016FQ\334;q\241A\344\273\327\210\342\001"
 173      0E4651DC 
 173      3B71A141 
 173      E4BBD788 
 173      E201
 174 0452 7F753B51 		.ascii	"\177u;Q\233\033m2}\267\033\306\364d{\034\333\351;\367"
 174      9B1B6D32 
 174      7DB71BC6 
 174      F4647B1C 
 174      DBE93BF7 
 175 0466 371D4BE1 		.ascii	"7\035K\341\272O\242\330\365mS\265.f7\273\035\352f\267"
 175      BA4FA2D8 
 175      F56D53B5 
 175      2E6637BB 
 175      1DEA66B7 
 176 047a F849FBB4 		.ascii	"\370I\373\264r\250Q\207\306\031\330\205 \242\005e\360"
 176      72A85187 
 176      C619D885 
 176      20A20565 
 176      F0
 177 048b 1674D83F 		.ascii	"\026t\330?~H\"\3572\"\361\263CCo\200I\317#\275\341\313"
 177      7E4822EF 
 177      3222F1B3 
 177      43436F80 
 177      49CF23BD 
 178 04a1 ACA445FF 		.ascii	"\254\244E\377\025\313:\256\305\231A\217<\353\037\312"
 178      15CB3AAE 
 178      C599418F 
 178      3CEB1FCA 
 179 04b1 870A4917 		.ascii	"\207\012I\027\340\231\014\230\207\021\336\301\0103\324"
 179      E0990C98 
 179      8711DEC1 
 179      0833D4
 180 04c0 831E406F 		.ascii	"\203\036@o~\341\364\215\373>>\223B\366q\374\376C\267"
 180      7EE1F48D 
 180      FB3E3E93 
 180      42F671FC 
 180      FE43B7
 181 04d3 BA499800 		.ascii	"\272I\230\000\273\312\347\254\253\334C\206\273\032\303"
 181      BBCAE7AC 
 181      ABDC4386 
 181      BB1AC3
 182 04e2 AF108362 		.ascii	"\257\020\203bbf\212\003]\215\223\022\371\210S\\\016"
 182      62668A03 
 182      5D8D9312 
 182      F988535C 
 182      0E
 183 04f3 EE1E8F0F 		.ascii	"\356\036\217\017S`\265\036\366\322\346\370\020)\356"
 183      5360B51E 
 183      F6D2E6F8 
 183      1029EE
 184 0502 6B14F762 		.ascii	"k\024\367bQ<\230\231\342\320\345\215\337%\245nW\367"
 184      513C9899 
ARM GAS  /tmp/ccLA0DsP.s 			page 14


 184      E2D0E58D 
 184      DF25A56E 
 184      57F7
 185 0514 E18BC0F0 		.ascii	"\341\213\300\360\332\361\375\327,\347\223\220\032\312"
 185      DAF1FDD7 
 185      2CE79390 
 185      1ACA
 186 0522 3C6A4B0F 		.ascii	"<jK\017\206\366\275+A\232\321h\212\332\2717Q\177\224"
 186      86F6BD2B 
 186      419AD168 
 186      8ADAB937 
 186      517F94
 187 0535 E94FA9DB 		.ascii	"\351O\251\333V\021MX\024#<\012\037N\352\364\243\232"
 187      56114D58 
 187      14233C0A 
 187      1F4EEAF4 
 187      A39A
 188 0547 D9EF284A 		.ascii	"\331\357(J\315<\012\013c\3504U\017\221E\266\202\006"
 188      CD3C0A0B 
 188      63E83455 
 188      0F9145B6 
 188      8206
 189 0559 EABF3F90 		.ascii	"\352\277?\220\316\3172\335\217\337\250\3323\034?\236"
 189      CECF32DD 
 189      8FDFA8DA 
 189      331C3F9E 
 190 0569 90B11A7E 		.ascii	"\220\261\032~\222\247\242O2m\247\247\036\374\2254\363"
 190      92A7A24F 
 190      326DA7A7 
 190      1EFC9534 
 190      F3
 191 057a 24761CDD 		.ascii	"$v\034\335zI\204\264\231\335\007/z\035+\002\316\322"
 191      7A4984B4 
 191      99DD072F 
 191      7A1D2B02 
 191      CED2
 192 058c 56CB0E73 		.ascii	"V\313\016s\271\230\006\353\305p\322\247\330a\246_,'"
 192      B99806EB 
 192      C570D2A7 
 192      D861A65F 
 192      2C27
 193 059e DB566AC9 		.ascii	"\333Vj\311\224\230^+\242\237b\311\251\020SC\177\312"
 193      94985E2B 
 193      A29F62C9 
 193      A9105343 
 193      7FCA
 194 05b0 A84CBE6E 		.ascii	"\250L\276n\275r\021\223i2F9\243\251W\212\334\223\015"
 194      BD721193 
 194      69324639 
 194      A3A9578A 
 194      DC930D
 195 05c3 E8C94631 		.ascii	"\350\311F1\322\213\376:\036+jDw-\226\210:\232d\354Z"
 195      D28BFE3A 
 195      1E2B6A44 
 195      772D9688 
 195      3A9A64EC 
 196 05d8 4807A731 		.ascii	"H\007\2471m\225\021NDw\255S\367G+\015\244\205\247\246"
ARM GAS  /tmp/ccLA0DsP.s 			page 15


 196      6D95114E 
 196      4477AD53 
 196      F7472B0D 
 196      A485A7A6 
 197 05ec DDDBB13B 		.ascii	"\335\333\261;)\334\265\356\326\261@7\243m\225\026(%"
 197      29DCB5EE 
 197      D6B14037 
 197      A36D9516 
 197      2825
 198 05fe 9CD6B5C2 		.ascii	"\234\326\265\302\310\233\320\315\231\\\246\377{\276"
 198      C89BD0CD 
 198      995CA6FF 
 198      7BBE
 199 060c FEDDC969 		.ascii	"\376\335\311i\252YUL3!\322\346h\371\307\243\344\251"
 199      AA59554C 
 199      3321D2E6 
 199      68F9C7A3 
 199      E4A9
 200 061e 0F95663F 		.ascii	"\017\225f?\375\3703\356\374;\332\002T\243\246\237\357"
 200      FDF833EE 
 200      FC3BDA02 
 200      54A3A69F 
 200      EF
 201 062f F6884CD1 		.ascii	"\366\210L\321\225?\213\002l\021\237\242\237\247\223"
 201      953F8B02 
 201      6C119FA2 
 201      9FA793
 202 063e 0F6B6745 		.ascii	"\017kgE\366C\372i\246\265\221\267\305d\366aF\357\311"
 202      F643FA69 
 202      A6B591B7 
 202      C564F661 
 202      46EFC9
 203 0651 168BDD5A 		.ascii	"\026\213\335Z\352\\kq\024;<\277\317\314\224\371\317"
 203      EA5C6B71 
 203      143B3CBF 
 203      CFCC94F9 
 203      CF
 204 0662 E5965759 		.ascii	"\345\226WY\235\362r\227\265\264\320-\277\274$7wi\366"
 204      9DF27297 
 204      B5B4D02D 
 204      BFBC2437 
 204      7769F6
 205 0675 4B8B722D 		.ascii	"K\213r-\364)g\361k\226\205\213\262\236\373\023\177\235"
 205      F42967F1 
 205      6B96858B 
 205      B29EFB13 
 205      7F9D
 206 0687 69D3BDF2 		.ascii	"i\323\275\362\372\037\347d\317\237/,\370\337\354\205"
 206      FA1FE764 
 206      CF9F2F2C 
 206      F8DFEC85 
 207 0697 44F69087 		.ascii	"D\366\220\207\036\030V;\263\326XlN\227m5\363\310<\035"
 207      1E18563B 
 207      B3D6586C 
 207      4E976D35 
 207      F3C83C1D 
 208 06ab B1C455EA 		.ascii	"\261\304U\352q\313\013\363^\317-\310[*#\314\032\272"
ARM GAS  /tmp/ccLA0DsP.s 			page 16


 208      71CB0BF3 
 208      5ECF2DC8 
 208      5B2A23CC 
 208      1ABA
 209 06bd 6C713A0B 		.ascii	"lq:\0133W\011\251%\370Xh_a-sz,6W\361\012\307\3128f "
 209      335709A9 
 209      25F85868 
 209      5F612D73 
 209      7A2C3657 
 210 06d8 D1AB949F 		.ascii	"\321\253\224\237\223\267Do\261\2249\212=\317dY<\033"
 210      93B7446F 
 210      B194398A 
 210      3DCF6459 
 210      3C1B
 211 06ea 405EE52A 		.ascii	"@^\345*\262\313V\233\333nvZ\227\3139.[Y\221\275\030"
 211      B2CB569B 
 211      DB6E765A 
 211      97CB392E 
 211      5B5991BD 
 212 06ff F10BECD6 		.ascii	"\361\013\354\326\242\205r\256\315\351(q\333-vsI\231"
 212      A28572AE 
 212      CDE92871 
 212      DB2D7673 
 212      4999
 213 0711 6D75965C 		.ascii	"mu\226\\\340r9\335\362J\233\315l--2\027\273\212\355"
 213      E07239DD 
 213      F24A9BCD 
 213      6C2D2D32 
 213      17BB8AED 
 214 0725 66BB75B9 		.ascii	"f\273u\271\303\274\300\2345o\376\002\363_\2365\027Y"
 214      C3BCC09C 
 214      356FFE02 
 214      F35F9E35 
 214      1759
 215 0737 DF7095CA 		.ascii	"\337p\225\312QoeG\261\315YVh\227\213\254\266U\216b\273"
 215      516F6547 
 215      B1CD5956 
 215      68978BAC 
 215      B6558E62 
 216 074c 1C76D0B3 		.ascii	"\034v\320\263\266\304\356F\257u!\207\326\375_\375q\257"
 216      B6C4EE46 
 216      AF752187 
 216      D6FD5FFD 
 216      71AF
 217 075e 75CB16B7 		.ascii	"u\313\026\267\247\020\311\321\011)\277`\361\022)?\233"
 217      A710C9D1 
 217      0929BF60 
 217      F112293F 
 217      9B
 218 076f 5E96D24B 		.ascii	"^\226\322K\016\273\344,\371]d\005\354k<r\366kKi\346"
 218      0EBBE42C 
 218      F95D6405 
 218      EC6B3C72 
 218      F66B4B69 
 219 0784 D50A60BD 		.ascii	"\325\012`\275\236{\013\355\223_\311\317[l)\300\220r"
 219      9E7B0BED 
 219      935FC9CF 
ARM GAS  /tmp/ccLA0DsP.s 			page 17


 219      5B6C29C0 
 219      9072
 220 0796 EC2BF40E 		.ascii	"\354+\364\016\027M\270\243\320\362X\005,\011\027P*\261"
 220      174DB8A3 
 220      D0F25805 
 220      2C091750 
 220      2AB1
 221 07a8 16BA1379 		.ascii	"\026\272\023y\211\236\267x\022\324\273\316\341*r\025"
 221      899EB778 
 221      12D4BBCE 
 221      E12A7215 
 222 07b8 DA2D1E7D 		.ascii	"\332-\036}>Zg\263\302&\346\277\264\210?\375\007\305"
 222      3E5A67B3 
 222      C226E6BF 
 222      B4883FFD 
 222      07C5
 223 07ca E14817   		.ascii	"\341H\027"
 224              		.text
 225              		.section	.gnu.lto_.symtab.2de673e8acd82ccc,"",%progbits
 226 0000 5F5F6561 		.ascii	"__early_init\000"
 226      726C795F 
 226      696E6974 
 226      00
 227 000d 00       		.ascii	"\000"
 228 000e 00       		.ascii	"\000"
 229 000f 00       		.ascii	"\000"
 230 0010 00000000 		.ascii	"\000\000\000\000\000\000\000\000"
 230      00000000 
 231 0018 BB000000 		.ascii	"\273\000\000\000"
 232 001c 626F6172 		.ascii	"boardInit\000"
 232      64496E69 
 232      7400
 233 0026 00       		.ascii	"\000"
 234 0027 00       		.ascii	"\000"
 235 0028 00       		.ascii	"\000"
 236 0029 00000000 		.ascii	"\000\000\000\000\000\000\000\000"
 236      00000000 
 237 0031 BD000000 		.ascii	"\275\000\000\000"
 238 0035 70616C5F 		.ascii	"pal_default_config\000"
 238      64656661 
 238      756C745F 
 238      636F6E66 
 238      696700
 239 0048 00       		.ascii	"\000"
 240 0049 00       		.ascii	"\000"
 241 004a 00       		.ascii	"\000"
 242 004b 00000000 		.ascii	"\000\000\000\000\000\000\000\000"
 242      00000000 
 243 0053 0C010000 		.ascii	"\014\001\000\000"
 244 0057 6B6C3278 		.ascii	"kl2x_clock_init\000"
 244      5F636C6F 
 244      636B5F69 
 244      6E697400 
 245 0067 00       		.ascii	"\000"
 246 0068 02       		.ascii	"\002"
 247 0069 00       		.ascii	"\000"
 248 006a 00000000 		.ascii	"\000\000\000\000\000\000\000\000"
ARM GAS  /tmp/ccLA0DsP.s 			page 18


 248      00000000 
 249 0072 BF000000 		.ascii	"\277\000\000\000"
 250              		.text
 251              		.section	.gnu.lto_.opts,"",%progbits
 252 0000 272D666D 		.ascii	"'-fmath-errno' '-fsigned-zeros' '-ftrapping-math' '"
 252      6174682D 
 252      6572726E 
 252      6F272027 
 252      2D667369 
 253 0033 2D666E6F 		.ascii	"-fno-trapv' '-fno-openmp' '-fno-openacc' '-mcpu=cor"
 253      2D747261 
 253      70762720 
 253      272D666E 
 253      6F2D6F70 
 254 0066 7465782D 		.ascii	"tex-m0' '-mno-thumb-interwork' '-mthumb' '-O2' '-fo"
 254      6D302720 
 254      272D6D6E 
 254      6F2D7468 
 254      756D622D 
 255 0099 6D69742D 		.ascii	"mit-frame-pointer' '-falign-functions=16' '-ffuncti"
 255      6672616D 
 255      652D706F 
 255      696E7465 
 255      72272027 
 256 00cc 6F6E2D73 		.ascii	"on-sections' '-fdata-sections' '-fno-common' '-flto"
 256      65637469 
 256      6F6E7327 
 256      20272D66 
 256      64617461 
 257 00ff 2700     		.ascii	"'\000"
 258              		.text
 259              		.comm	__gnu_lto_v1,1,1
 260              		.comm	__gnu_lto_slim,1,1
 261              		.ident	"GCC: (GNU Tools for Arm Embedded Processors 7-2017-q4-major) 7.2.1 20170904 (release) [ARM
ARM GAS  /tmp/ccLA0DsP.s 			page 19


DEFINED SYMBOLS
                            *ABS*:0000000000000000 board.c
                            *COM*:0000000000000001 __gnu_lto_v1
                            *COM*:0000000000000001 __gnu_lto_slim

NO UNDEFINED SYMBOLS
