ARM GAS  /tmp/ccvd7i7a.s 			page 1


   1              		.cpu cortex-m0
   2              		.eabi_attribute 20, 1
   3              		.eabi_attribute 21, 1
   4              		.eabi_attribute 23, 3
   5              		.eabi_attribute 24, 1
   6              		.eabi_attribute 25, 1
   7              		.eabi_attribute 26, 1
   8              		.eabi_attribute 30, 2
   9              		.eabi_attribute 34, 0
  10              		.eabi_attribute 18, 4
  11              		.file	"chregistry.c"
  12              		.section	.gnu.lto_.profile.aedea34417db7834,"",%progbits
  13 0000 789C6363 		.ascii	"x\234cc```\001bF\006Y!\000\000\304\000;"
  13      60606001 
  13      62460659 
  13      210000C4 
  13      003B
  14              		.text
  15              		.section	.gnu.lto_.icf.aedea34417db7834,"",%progbits
  16 0000 789C6363 		.ascii	"x\234cc``\020a@\000f\206\267\373~\337dc\372\321u\364"
  16      60601061 
  16      40006686 
  16      B7FB7EDF 
  16      6463FAD1 
  17 0016 0423F3FF 		.ascii	"\004#\363\377\276\275\3679\031\000l\235\011\352"
  17      BEBDF739 
  17      19006C9D 
  17      09EA
  18              		.text
  19              		.section	.gnu.lto_.jmpfuncs.aedea34417db7834,"",%progbits
  20 0000 789C6363 		.ascii	"x\234cc``Pd@\000&\020fdd\254\237\303\314\300\304T\011"
  20      60605064 
  20      40002610 
  20      666464AC 
  20      9FC3CCC0 
  21 0017 E4311E60 		.ascii	"\3441\036`ad\000\342\377@\300\317\300\000\000U\034\007"
  21      616400E2 
  21      FF40C0CF 
  21      C0000055 
  21      1C07
  22 0029 60       		.ascii	"`"
  23              		.text
  24              		.section	.gnu.lto_.inline.aedea34417db7834,"",%progbits
  25 0000 789C6363 		.ascii	"x\234cc``\320g@\000&\006\006N\016F\006&\236\007\261"
  25      6060D067 
  25      40002606 
  25      064E0E46 
  25      06269E07 
  26 0015 0C6C0BE4 		.ascii	"\014l\013\344\231 b\274\242@!\376E\305\014\354\035\352"
  26      992062BC 
  26      A24021FE 
  26      45C50CEC 
  26      1DEA
  27 0027 10216E06 		.ascii	"\020!n\006\006\306\011~\014\000\201m\005K"
  27      06C6097E 
  27      0C00816D 
  27      054B
ARM GAS  /tmp/ccvd7i7a.s 			page 2


  28              		.text
  29              		.section	.gnu.lto_.pureconst.aedea34417db7834,"",%progbits
  30 0000 789C6363 		.ascii	"x\234cc```\007b&\206]\214L\273\030\001\005\345\001\210"
  30      60606007 
  30      6226865D 
  30      8C4CBB18 
  30      0105E501 
  31              		.text
  32              		.section	.gnu.lto_chRegFirstThread.aedea34417db7834,"",%progbits
  33 0000 789C8552 		.ascii	"x\234\205RKL\023Q\024\275w^;\035>\272d\201$\226\030"
  33      4B4C1351 
  33      14BD775E 
  33      3B1D3EBA 
  33      64812496 
  34 0015 1624A6A3 		.ascii	"\026$\246\243\211q\341\316\220\230\270`#+\335\270\030"
  34      8971E1CE 
  34      9098B860 
  34      232BDDB8 
  34      18
  35 0026 1AA9B194 		.ascii	"\032\251\261\224L\213\201\025C\013\202b\242Q\250\210"
  35      4C8B8115 
  35      430B8262 
  35      A251A888 
  36 0036 03568982 		.ascii	"\003V\211\202\013Q\264TA\304\312\267*?\011\242FB\014"
  36      0B51B454 
  36      41C4CAB7 
  36      2A3F09A2 
  36      46420C
  37 0049 0A099F90 		.ascii	"\012\011\237\220\240+\177\350}3\215@Y\320\264\257\357"
  37      A02B7FE8 
  37      7D338D40 
  37      59D0B4AF 
  37      EF
  38 005a BD73EEB9 		.ascii	"\275s\356\271\347\335{E\000\2101\200\010\375\357\242"
  38      E7DD7B45 
  38      00883180 
  38      08FDEFA2 
  39 006a 1F3240E1 		.ascii	"\0372@\341\362(@\271$ \362\215&!\224\011X\206\027Y-"
  39      F22840B9 
  39      2420F28D 
  39      26219409 
  39      58861759 
  40 007f C3B7150F 		.ascii	"\303\267\025\017uV\303t\242Y\350\270:\322\360e'?\"\332"
  40      7556C374 
  40      A259E8B8 
  40      3AD2F065 
  40      273F22DA 
  41 0093 E9B8BC32 		.ascii	"\351\270\2742\030N\315n\3214\277\026\275\026L\276\021"
  41      184ECD6E 
  41      D134BF16 
  41      BD164CBE 
  41      11
  42 00a4 1ED79274 		.ascii	"\036\327\222t&@\220\350a\314\300\307\230\301st`6\020"
  42      264090E8 
  42      61CCC0C7 
  42      98C17374 
  42      603610
ARM GAS  /tmp/ccvd7i7a.s 			page 3


  43 00b7 BB7FEEF7 		.ascii	"\273\177\356\367D\012\333\203|\277T\035k\221\262\232"
  43      440ADB83 
  43      7CBF541D 
  43      6B91B29A 
  44 00c7 8DC8F9D6 		.ascii	"\215\310\371\326\364[\001-\246Y(\024#\3106G\003\247"
  44      F45B012D 
  44      A6592814 
  44      23C83647 
  44      03A7
  45 00d9 CFB6AFD5 		.ascii	"\317\266\257\325\355\020-\370\004\263\2708i>E\021\377"
  45      ED102DF8 
  45      04B3B838 
  45      693E4511 
  45      FF
  46 00ea 03151A7D 		.ascii	"\003\025\032}\2423\367D\343>\310pC\014`'Q\273P\204\004"
  46      A233F744 
  46      E33EC870 
  46      430C6027 
  46      51BB5084 
  47 00ff FAF7AF87 		.ascii	"\372\367\257\207\254\300\201 9N\304\352\017\234\000"
  47      ACC08120 
  47      394EC4EA 
  47      0F9C00
  48 010e 7CC631B6 		.ascii	"|\3061\266I\253\233\264\236\223\026_\220lpG\017&\254"
  48      49AB9BB4 
  48      9E93165F 
  48      906C7047 
  48      0F26AC
  49 0121 516DED6F 		.ascii	"Qm\355o\025\325 \255\265v\241)\213*\2503\022\245\205"
  49      15D520AD 
  49      B576A129 
  49      8B2AA833 
  49      12A585
  50 0134 42B867A8 		.ascii	"B\270g\250&\323T]-\012\347\011\240] \012KX>\333|iz*"
  50      26D3545D 
  50      2D0AE709 
  50      A05D200A 
  50      4B583EDB 
  51 014c F11D57F5 		.ascii	"\361\035W\365\344\370;,[|U\310\344\271\207c\326\255"
  51      E4F83B2C 
  51      5B7C55C8 
  51      E4B98763 
  51      D6AD
  52 015e 9EF71D07 		.ascii	"\236\367\035\007|\3011q\223\347(Y}\311=\363\005\020"
  52      7CC13171 
  52      93E72859 
  52      7DC93DF3 
  52      0510
  53 0170 1A79C2D6 		.ascii	"\032y\302\326\236\276\271\324\314\273xS\253\267\353"
  53      9EBEB9D4 
  53      CCBB7853 
  53      ABB7EB
  54 017f 66A26F6D 		.ascii	"f\242om\217\336\245X\004\242\364b&\255}h\201E\364w\375"
  54      8FDEA558 
  54      04A2F462 
  54      26AD7D68 
  54      8145F477 
ARM GAS  /tmp/ccvd7i7a.s 			page 4


  55 0194 986DDECF 		.ascii	"\230m\336\317\37540>\002\301\312\3361\033\037\001\253"
  55      FD34303E 
  55      02C1CADE 
  55      311B1F01 
  55      AB
  56 01a5 51E5CECE 		.ascii	"Q\345\316\316\345O\266\262?\232D\027!fv+\034X\275\262"
  56      E54FB6B2 
  56      3F9A4417 
  56      2166762B 
  56      1C58BDB2 
  57 01b9 33844DA8 		.ascii	"3\204M\2503\021\007h\224\372y'\011\210\014M\377\222"
  57      33110768 
  57      94FA7927 
  57      09880C4D 
  57      FF92
  58 01cb E4FBDC6E 		.ascii	"\344\373\334n\350\264\316l8\210!\254c\361&\377|\037"
  58      E8B4CE6C 
  58      388821AC 
  58      63F126FF 
  58      7C1F
  59 01dd A814E2E8 		.ascii	"\250\024\342\350m\344\3030\204r\0355\223\274\304P\206"
  59      6DE4C330 
  59      84721D35 
  59      93BCC450 
  59      86
  60 01ee 79F487D2 		.ascii	"y\364\207\322\215\306SI\311\214an\341\372\0354\315\341"
  60      8DC65349 
  60      C98C616E 
  60      E1FA1D34 
  60      CDE1
  61 0200 46738261 		.ascii	"Fs\202a\256\273wdP$#\345$I\257\224(\010_\305\275LV}"
  61      AEBB7764 
  61      502423E5 
  61      2449AF94 
  61      28085FC5 
  62 0218 984931B3 		.ascii	"\230I1\263\021\224\204\257\015+\002O\366\206\222-b "
  62      119484AF 
  62      0D2B024F 
  62      F686922D 
  62      6220
  63 022a 78EE2333 		.ascii	"x\356#3\245\005S\275\243j\270=\231\253'!\3420\351\220"
  63      A50553BD 
  63      A36AB83D 
  63      99AB2721 
  63      E230E990 
  64 023e 81C90B46 		.ascii	"\201\311\013F\372\204d\241\264m\262\215\254g\033E\231"
  64      FA8464A1 
  64      B46DB28D 
  64      AC671B45 
  64      99
  65 024f 32C4A721 		.ascii	"2\304\247!2\205\306|Q\233\332\266m\323\230\321\246q"
  65      3285C67C 
  65      519BDAB6 
  65      6DD398D1 
  65      A671
  66 0261 6AD30AFA 		.ascii	"j\323\012\372?\3274\016\210\3616\361\202VS\341h\316"
  66      3FD7340E 
ARM GAS  /tmp/ccvd7i7a.s 			page 5


  66      88F136F1 
  66      825653E1 
  66      68CE
  67 0273 88677738 		.ascii	"\210gw8d\363\353\361\312\252O\366\252\212\254\024\250"
  67      64F3EBF1 
  67      CAAA4FF6 
  67      AA8AAC14 
  67      A8
  68 0284 CE532EAF 		.ascii	"\316S.\257O-u( \370\212v'p\\\205\312\231\342|'\361\274"
  68      4F2D7528 
  68      20F88A76 
  68      27705C85 
  68      CA99E27C 
  69 029b A55E4701 		.ascii	"\245^G\001d'\340E\036\325\347\225\017\037\313\315\311"
  69      6427E045 
  69      1ED5E795 
  69      0F1FCBCD 
  69      C9
  70 02ac 2D2192E2 		.ascii	"-!\222\342Q\235'\317\036t\023s\357F\246\263\304'\347"
  70      519D27CF 
  70      1E741373 
  70      EF46A6B3 
  70      C427E7
  71 02bf E4E61DCD 		.ascii	"\344\346\035\315[\027\344L\305}\244\270P!\262\244\024"
  71      5B17E44C 
  71      C57DA4B8 
  71      5021B2A4 
  71      14
  72 02d0 795DF976 		.ascii	"y]\371v\027\330\334N\267G-5/\234t\361\017\253Gt\232"
  72      17D8DC4E 
  72      B7472D35 
  72      2F9C74F1 
  72      0FAB4774 
  73              		.text
  74              		.section	.gnu.lto_chRegNextThread.aedea34417db7834,"",%progbits
  75 0000 789C8553 		.ascii	"x\234\205S]L\024g\024\275g\276\331\331uw\345\321\007"
  75      5D4C1467 
  75      14BD67BE 
  75      D9D97577 
  75      E5D107
  76 0013 63EA1A4B 		.ascii	"c\352\032K\015I\303\364AM\354[c\322\304\007^\352\223"
  76      0D49C3F4 
  76      414DEC5B 
  76      63D2C407 
  76      5EEA93
  77 0026 BE9874DD 		.ascii	"\276\230t\335T\222\362\223\335\265\221'\006X\304\355"
  77      5492F293 
  77      DDB59127 
  77      0658C4ED 
  78 0036 4FDAB475 		.ascii	"O\332\264u\261\270\261k\254\361\257J\005\244\005\251"
  78      B1B8B16B 
  78      ACF1AF4A 
  78      05A405A9 
  79 0046 DD024514 		.ascii	"\335\002E\024AE4\304Z\323\320@\002\245$\366\201Dk\255"
  79      414534C4 
  79      5AD3D040 
  79      02A524F6 
ARM GAS  /tmp/ccvd7i7a.s 			page 6


  79      81446BAD 
  80 005a E79B2115 		.ascii	"\347\233!\025\026\215\223\335of\356=\367\236s\177\306"
  80      168D93DD 
  80      6F66EE3D 
  80      F79E737F 
  80      C6
  81 006b 12913E53 		.ascii	"\022\221>S\244\233\367M\374\303'0>\033\021\251\013\030"
  81      A49BF74D 
  81      FCC32730 
  81      3E1B11A9 
  81      0B18
  82 007d 86D9ACC4 		.ascii	"\206\331\254\304\011\252\207WE\234\260\202\351\331M"
  82      09AA8757 
  82      459CB082 
  82      E9D94D
  83 008c 403F3801 		.ascii	"@?8\001H\255\241L\324\342c\365\245\302\315\324wY\365"
  83      48ADA14C 
  83      D4E263F5 
  83      A5C2CDD4 
  83      7759F5
  84 009f 91CA2A81 		.ascii	"\221\312*\201\311\327\007\303-\177\024\351W \302\327"
  84      C9D707C3 
  84      2D7F14E9 
  84      5720C2D7 
  85 00af D9B9818E 		.ascii	"\331\271\201\216p\311\011\307\251w\362\315\363\301\303"
  85      70C909C7 
  85      A977F2CD 
  85      F3C1C3
  86 00be 1D379C15 		.ascii	"\0357\234\025YeH\206\360\016\254A;\326h\366\013(!\270"
  86      59654886 
  86      F00EAC41 
  86      3BD668F6 
  86      0B2821B8 
  87 00d2 7FF2F168 		.ascii	"\177\362\361hH\255\207\360y(54nm8\356\006\316~\243\234"
  87      48AD87F0 
  87      79283534 
  87      6E6D38EE 
  87      06CE7EA3 
  88 00e7 5719854E 		.ascii	"W\031\205N\250\305\201:\021\276\307\006\215\037\037"
  88      A8C5813A 
  88      11BEC706 
  88      8D1F1F
  89 00f6 3B772AA4 		.ascii	";w*\244^sc\323s\243\177\025\025\037sc\247\316\254>\332"
  89      5E7363D3 
  89      73A37F15 
  89      151F7363 
  89      A7CEAC3E 
  90 010b E00C3AA6 		.ascii	"\340\014:\246\216\377ai\274\276\010\2378\377\344\340"
  90      8EFF6169 
  90      BCBE089F 
  90      38FFE4E0 
  91 011b 4ACB4417 		.ascii	"J\313D\027\212sJ\2644*\352\206\205\377})\207W\376\376"
  91      8A734AB4 
  91      342AEA86 
  91      85FF7D29 
  91      8757FEFE 
  92 012f 59CBB567 		.ascii	"Y\313\265g\024\026\205\011.\022\332\003K\012\340\267"
ARM GAS  /tmp/ccvd7i7a.s 			page 7


  92      14168509 
  92      2E12DA03 
  92      4B0AE0B7 
  93 013f 26DF6453 		.ascii	"&\337dS{4\336X\346\373j\343N\301\217\332\247\226\344"
  93      7B34DE58 
  93      E6FB6AE3 
  93      4EC18FDA 
  93      A796E4
  94 0152 BAC45C3F 		.ascii	"\272\304\\?1\227>@\031ZT\353\250/\357<\371\257\211\035"
  94      31973E40 
  94      195A54EB 
  94      A82FEF3C 
  94      F9AF891D 
  95 0166 5C75A66D 		.ascii	"\\u\246mz\2728\014\321v\203\015`8\017\013\272\015~\327"
  95      7ABA380C 
  95      D176830D 
  95      60380F0B 
  95      BA0D7ED7 
  96 017a 2A728005 		.ascii	"*r\200\005pRN^\322d\346SC^\376D\335D\373\247\367\356"
  96      70524E5E 
  96      D264E653 
  96      435EFE44 
  96      DD44FBA7 
  97 0190 14D6F4C5 		.ascii	"\024\326\364\305\343\340BM\3462\215\2156\365\347\265"
  97      E3E0424D 
  97      E6328D8D 
  97      36F5E7B5 
  98 01a0 CFB75CFF 		.ascii	"\317\267\\\377\033;\004?k\237\265D\177/e\367i\375\372"
  98      1B3B043F 
  98      6B9FB544 
  98      7F2F65F7 
  98      69FDFA
  99 01b3 10C8514D 		.ascii	"\020\310QMx\362R\337dx\335i|\355\034\212d=\242\277\317"
  99      78F252DF 
  99      6478DD69 
  99      7CED1C8A 
  99      643DA2BF 
 100 01c8 B5DD0E99 		.ascii	"\265\335\016\231\006!\375X\307\363\027\2302\203\372"
 100      0621FD58 
 100      C7F31798 
 100      3283FA
 101 01d7 EE8713AD 		.ascii	"\356\207\023\255[\264\236\026\345'*\323\330{\335\257"
 101      5BB49E16 
 101      E5272AD3 
 101      D87BDDAF 
 102 01e7 97C9703B 		.ascii	"\227\311p;\336\323;<`\345p\244\216\022r\225,\334\327"
 102      DED33B3C 
 102      60E570A4 
 102      8E127295 
 102      2CDCD7
 103 01fa C2D207F4 		.ascii	"\302\322\007\364$\351\035k\032\277\037\262\317j}\021"
 103      24E91D6B 
 103      1ABF1FB2 
 103      CF6A7D11 
 104 020a 1D711939 		.ascii	"\035q\0319\034\324\263\024\014\302\226)\324\347^q\307"
 104      1CD4B314 
 104      0CC29629 
ARM GAS  /tmp/ccvd7i7a.s 			page 8


 104      D4E75E71 
 104      C7
 105 021b CA2631BD 		.ascii	"\312&1\275L\"u\267o\344\333\360s\350,\227\256\253k\366"
 105      4C2275B7 
 105      6FE4DBF0 
 105      73E82C97 
 105      AEAB6BF6 
 106 022f 577FEDBF 		.ascii	"W\177\355\277N\200\206\034g\256m\035\015\017>/\242\004"
 106      4E80861C 
 106      67AE6D1D 
 106      0D0F3E2F 
 106      A204
 107 0241 64951F57 		.ascii	"d\225\037W\371\015\\Y`\357\274|\357\237\200\307\236"
 107      F90D5C59 
 107      60EFBC7C 
 107      EF9F80C7 
 107      9E
 108 0252 9BA73780 		.ascii	"\233\2477\200!\227\037\336\216\235\034\374\244\275\210"
 108      21971FDE 
 108      8E9D1CFC 
 108      A4BD88
 109 0261 B90ED03D 		.ascii	"\271\016\320=C\367\012\\\243&\3010j\3355Ls\220\374\336"
 109      43F70A5C 
 109      A326C130 
 109      6ADD354C 
 109      7390FCDE 
 110 0275 3829DD85 		.ascii	"8)\335\205\351\361F\313\223e\024\224\035q\213\366\277"
 110      E9F146CB 
 110      93651494 
 110      1D718BF6 
 110      BF
 111 0286 A0E82046 		.ascii	"\240\350 F\\RC\027}\235\0043h\310\354O\373\274\\\312"
 111      5C524317 
 111      7D9D0433 
 111      68C8EC4F 
 111      FBBC5CCA 
 112 029a 4B77A1E9 		.ascii	"Kw\241\351\332\371\240\2562\010\340\006\363\220q\354"
 112      DAF9A0AE 
 112      3208E006 
 112      F39071EC 
 113 02aa 43684C61 		.ascii	"ChLa\217\337\225\227\320\335|F7\012\233\024n)\346\302"
 113      8FDF9597 
 113      D0DD7C46 
 113      370A9B14 
 113      6E29E6C2 
 114 02be D24DC110 		.ascii	"\322M\301\020\257\333XX\300\316;p\327\233\233\321\366"
 114      AFDB5858 
 114      C0CE3B70 
 114      D79B9BD1 
 114      F6
 115 02cf D2CDB8E5 		.ascii	"\322\315\270\345n\306\0307c\026\251\337\323\277\271"
 115      6EC61837 
 115      6316A9DF 
 115      D3BFB9
 116 02de 65140C26 		.ascii	"e\024\014&\224\341$\005\267\331F\356BV\205e\216s>\326"
 116      94E12405 
 116      B7D946EE 
ARM GAS  /tmp/ccvd7i7a.s 			page 9


 116      42568565 
 116      8E733ED6 
 117 02f2 BCDA2B59 		.ascii	"\274\332+Yw\177\236eR\277\361\250\355\012X\213z\324"
 117      777F9E65 
 117      52BFF1A8 
 117      ED0A588B 
 117      7AD4
 118 0304 BA859F08 		.ascii	"\272\205\237\010\264F\262DJKm\357W\225\260\343I;\021"
 118      B446B244 
 118      4A4B6DEF 
 118      5795B0E3 
 118      493B11
 119 0317 8FDAD13D 		.ascii	"\217\332\321=\361\330{\345\211d\274\2464*F\262ZU&\253"
 119      F1D87BE5 
 119      8964BCA6 
 119      342A46B2 
 119      5A5526AB 
 120 032b D716E0CA 		.ascii	"\327\026\340\312+\243\357\357\335\035#6Q\223(\335#%"
 120      2BA3EFEF 
 120      DD1D2336 
 120      519328DD 
 120      2325
 121 033d 05FEEAAA 		.ascii	"\005\376\352\252x2a\277\365N\331\326\262}\004E\253\342"
 121      783261BF 
 121      F54ED9D6 
 121      B27D0445 
 121      ABE2
 122 034f B15D1F6C 		.ascii	"\261]\037l\256 \362\365\305\310\330\276\244\275\265"
 122      AE20F2F5 
 122      C5C8D8BE 
 122      A4BDB5
 123 035e 6CFBB6ED 		.ascii	"l\373\266\355\317\022jd\264\342\355\275\225Q\202\003"
 123      CF126A64 
 123      B4E2EDBD 
 123      95518203 
 124 036e D1EA44F9 		.ascii	"\321\352D\371\356H\271\370+b\025U\361\032\317\020\243"
 124      EE48B9F8 
 124      2B621555 
 124      F11ACF10 
 124      A3
 125 037f E129E7A1 		.ascii	"\341)\347\241\313\037"
 125      CB1F
 126              		.text
 127              		.section	.gnu.lto_ch_debug.aedea34417db7834,"",%progbits
 128 0000 789C2DCE 		.ascii	"x\234-\316[K\002A\030\306\361}\034\2674\3274\210\350"
 128      5B4B0241 
 128      18C6F17D 
 128      1CB734D7 
 128      3488E8
 129 0013 62ABAF50 		.ascii	"b\253\257P^y\331G\350#\031YDA\020\351M\254 \025T\004"
 129      5E79D947 
 129      E8231959 
 129      444110E9 
 129      4DAC2015 
 130 0029 251D3C66 		.ascii	"%\035<f\231i'\362\2420(\210\262\3020P\263(D\012\352"
 130      996927F2 
 130      A2302888 
ARM GAS  /tmp/ccvd7i7a.s 			page 10


 130      B2C23050 
 130      B328440A 
 131 003e 7D9D951D 		.ascii	"}\235\225\035\376\374|g\206\351P\024\245\011E\241\257"
 131      FEFC7C67 
 131      86E95014 
 131      A50945A1 
 131      AF
 132 004f FD0B086C 		.ascii	"\375\013\010lU\023-\347\2540\004\375I\\X\331L\230\034"
 132      55132DE7 
 132      AC3004FD 
 132      495C58D9 
 132      4C981C
 133 0062 22262736 		.ascii	"\"&'6\"&\007\211K\225\302\271*9@\214\247k\036)\235T"
 133      22260789 
 133      4B95C2B9 
 133      2A39408C 
 133      A76B1E29 
 134 0078 F7974B0E 		.ascii	"\367\227K\016\311~\342\307o(f\227\354%^7.C\346\324M"
 134      C97EE2C7 
 134      6F286697 
 134      EC255E37 
 134      2E43E6D4 
 135 008d FCA904EE 		.ascii	"\374\251\004\356 \251\021\027S_\027\346\3056\242\361"
 135      20A91117 
 135      535F17E6 
 135      C536A2F1 
 136 009d 987D30CF 		.ascii	"\230}0\317\346\370UW\376\210!\244\255\304B\340}\214"
 136      E6F85557 
 136      FE8821A4 
 136      ADC442E0 
 136      7D8C
 137 00af 058C0F13 		.ascii	"\005\214\017\023\277[3usw\037\261\030\253\256\2657["
 137      BF5B3375 
 137      73771FB1 
 137      18ABAEB5 
 137      375B
 138 00c1 50E7C3D9 		.ascii	"P\347\303\331\317\310\252\306\026\020\304\306\362\313"
 138      CFC8AAC6 
 138      1610C4C6 
 138      F2CB
 139 00cf 9426C76F 		.ascii	"\224&\307o<\316\37753.9\266\020o_\313i\207\034?\361"
 139      3CCEFF35 
 139      332E39B6 
 139      106F5FCB 
 139      69871C3F 
 140 00e4 B8386794 		.ascii	"\2708g\224l\3225\366\374\344\372\215\305\033\365M\207"
 140      6CD235F6 
 140      FCE4FA8D 
 140      C51BF54D 
 140      87
 141 00f5 7DA386B0 		.ascii	"}\243\206\260bD\307\011txt\344)9Z\307\264\262\264\216"
 141      6244C709 
 141      747874E4 
 141      29395AC7 
 141      B4B2B48E 
 142 0109 A0F3816D 		.ascii	"\240\363\201m\343\376\031\362@X5\204\032\244g\236\302"
 142      E3FE19F2 
ARM GAS  /tmp/ccvd7i7a.s 			page 11


 142      40583584 
 142      1AA4679E 
 142      C2
 143 011a 1BA4D7EF 		.ascii	"\033\244\327\357@\017\322\275\031\216\300!\307\212\003"
 143      400FD2BD 
 143      198EC021 
 143      C78A03
 144 0129 8E2AD381 		.ascii	"\216*\323\2014\247\023\373\034\033R\034;\222\234.$8"
 144      34A713FB 
 144      1C1B521C 
 144      3B929C2E 
 144      2438
 145 013b 0EC4399A 		.ascii	"\016\3049\232\274\314\211\030\247\033Q\216\013{\034"
 145      BCCC8918 
 145      A71B518E 
 145      0B7B1C
 146 014a 3776393D 		.ascii	"7v9=\274E\301\031\274\312?9\032\230\253"
 146      BC45C119 
 146      BCCA3F39 
 146      1A98AB
 147              		.text
 148              		.section	.gnu.lto_.symbol_nodes.aedea34417db7834,"",%progbits
 149 0000 789C6363 		.ascii	"x\234cc``\010\000b\006\246n\306z\006\206\011\347\030"
 149      60600800 
 149      6206A66E 
 149      C67A0686 
 149      09E718
 150 0013 1880D4AE 		.ascii	"\030\200\324\256\006G\006\006\326^F\006\005\220L\017"
 150      06470606 
 150      D65E4606 
 150      05904C0F 
 151 0023 633D23AA 		.ascii	"c=#\252L\027#c\243\022P\212\261\237\261\236\011,\305"
 151      4C172363 
 151      A312508A 
 151      B19FB19E 
 151      092CC5
 152 0036 C0D0D0E0 		.ascii	"\300\320\320\340\300\300\300\314\304\302\360\244\355"
 152      C0C0C0CC 
 152      C4C2F0A4 
 152      ED
 153 0043 8D3C0300 		.ascii	"\215<\003\000\267\315\0218"
 153      B7CD1138 
 154              		.text
 155              		.section	.gnu.lto_.refs.aedea34417db7834,"",%progbits
 156 0000 789C6363 		.ascii	"x\234cc``\340\006bF bbdbbda\000\000\001n\000 "
 156      6060E006 
 156      62462062 
 156      62646262 
 156      64610000 
 157              		.text
 158              		.section	.gnu.lto_.decls.aedea34417db7834,"",%progbits
 159 0000 789CBD3B 		.ascii	"x\234\275;iTT\351\225\365\275\257\250\202\242\000GM"
 159      695454E9 
 159      95F5BDAF 
 159      A882A200 
 159      474D
 160 0012 8FC9714E 		.ascii	"\217\311qNz\014\335!I+\332\213\335\231\314\222\234\236"
ARM GAS  /tmp/ccvd7i7a.s 			page 12


 160      7A0CDD21 
 160      492BDA8B 
 160      DD99CC92 
 160      9C9E
 161 0024 249DA57B 		.ascii	"$\235\245{\316I:\347\3149sf*tYju\263\245\252\264\333"
 161      CE493AE7 
 161      CC397366 
 161      2A74596A 
 161      75B3A5AA 
 162 003a CC399362 		.ascii	"\3149\223b\025\004\005\004\027\024\025\024\025\004\004"
 162      15040504 
 162      17141514 
 162      150404
 163 0049 57541611 		.ascii	"WT\026\021\020Y\004\301\005\004d\021\025\021\025\024"
 163      105904C1 
 163      05046411 
 163      15111514 
 164 0059 505665EE 		.ascii	"PVe\356\267\274z\257\212Wv\377\230L\035/\357\335\357"
 164      B7BC7AAF 
 164      8A5776FF 
 164      984C1D2F 
 164      EFDDEF
 165 006c DDEF6EDF 		.ascii	"\335\357n\337\275\367[\336S\243R\251\336\177O\245\372"
 165      BDF75BDE 
 165      53A352A9 
 165      DE7F4FA5 
 165      FA
 166 007d A1A74A75 		.ascii	"\241\247Ju\006\251T\263\360SC\333\005\000@U\277&\177"
 166      06A954B3 
 166      F05343DB 
 166      05004055 
 166      BF267F
 167 0090 E0870112 		.ascii	"\340\207\001\022\340>\011 \025@\000\374\005\\\337\027"
 167      E03E0920 
 167      154000FC 
 167      055CDF17 
 168 00a0 544EBFBF 		.ascii	"TN\277\277\005B\035\\\347\003,\344\375\027\303\365'"
 168      05421D5C 
 168      E7032CE4 
 168      FD17C3F5 
 168      27
 169 00b1 40F78F00 		.ascii	"@\367\217\000\323\200\367\001\374\006@\217\030\337I"
 169      D380F701 
 169      FC06408F 
 169      18DF49
 170 00c0 B876016C 		.ascii	"\270v\001l\000\320r9\377\002\264?\003\3709\300/\001"
 170      00D07239 
 170      FF02B43F 
 170      03F839C0 
 170      2F01
 171 00d2 7E05F05B 		.ascii	"~\005\360[\201\351\364\0029\313\374.0\361q#\223\310"
 171      81E9F402 
 171      39CBFC2E 
 171      30F17123 
 171      93C8
 172 00e4 91CBFD58 		.ascii	"\221\313\375X`r?\201\353V.\377\177\020\323\201\310\007"
 172      60723F81 
ARM GAS  /tmp/ccvd7i7a.s 			page 13


 172      EB562EFF 
 172      7F10D381 
 172      C807
 173 00f6 37501BDD 		.ascii	"7P\033\335\311\027m\377\2030W\2170p\234F\305d\277I\256"
 173      C9176DFF 
 173      8330578F 
 173      30709C46 
 173      C564BF49 
 174 010b 88E9F377 		.ascii	"\210\351\363w@\273R`\372\275\005\327\357\003\374=\300"
 174      40BB5260 
 174      FABD05D7 
 174      EF03FC3D 
 174      C0
 175 011c F7007E00 		.ascii	"\367\000~\000\020\010\360]\200\345\000?\002X\002\260"
 175      1008F05D 
 175      80E5003F 
 175      025802B0 
 176 012c 02E04D80 		.ascii	"\002\340M\200\327\001\336\000X\012\340\017\360C\200"
 176      D701DE00 
 176      580AE00F 
 176      F04380
 177 013b 00179F8B 		.ascii	"\000\027\237\213\2774\214\036\357\261\327\372b\001\221"
 177      BF348C1E 
 177      EFB1D7FA 
 177      620191
 178 014a FB5B150F 		.ascii	"\373[\025\017+<\227\345\333\331\317\363\327*t\002a\221"
 178      2B3C97E5 
 178      DBD9CFF3 
 178      D72A7402 
 178      6191
 179 015c B025BA28 		.ascii	"\260%\272(\003'`4_\207\324\200>m\334u\307\027\320\205"
 179      03276034 
 179      5F87D480 
 179      3E6DDC75 
 179      C717D085 
 180 0170 3AF43AA0 		.ascii	":\364:\240\305Cy\305>\354i\005\241\316\351\317\330\242"
 180      C54379C5 
 180      3EEC6905 
 180      A1CEE9CF 
 180      D8A2
 181 0182 67F80780 		.ascii	"g\370\007\200n\214\232jS\343\037Q)]\265\271y\204\321"
 181      6E8C9A6A 
 181      53E31F51 
 181      295DB5B9 
 181      7984D1
 182 0195 F77588C4 		.ascii	"\367u\210\304\216\0374\025>:;\351\303\232\010\305\325"
 182      8E1F3415 
 182      3E3A3BE9 
 182      C39A08C5 
 182      D5
 183 01a6 A4916C2D 		.ascii	"\244\221l-^I\356\205\236\366\351[\276H\027\020g\267"
 183      5E49EE85 
 183      9EF6E95B 
 183      BE481710 
 183      67B7
 184 01b8 47DA33A3 		.ascii	"G\3323\243\354^\037\251\320i\264\030\235B\213U\250\034"
 184      EC5E1FA9 
ARM GAS  /tmp/ccvd7i7a.s 			page 14


 184      D069B418 
 184      9D428B55 
 184      A81C
 185 01ca 05903E27 		.ascii	"\005\220>'\3212\025*\201\306s\320x\210\350^qe\347?\247"
 185      D132152A 
 185      81C673D0 
 185      7888E85E 
 185      7165E73F 
 186 01df 8FD8EDAF 		.ascii	"\217\330\355\257\2432\244C\245\010S\032\010\206\357"
 186      A332A443 
 186      A508531A 
 186      0886EF
 187 01ee EB9835B9 		.ascii	"\353\2305\271\331)\3735\270\016Q\031%\273\357]\024\334"
 187      D929FB35 
 187      B80E5119 
 187      25BBEF5D 
 187      14DC
 188 0200 C9B8E056 		.ascii	"\311\270\340VF\333\271%51v\273\200*@\306yI\006\210d"
 188      46DBB925 
 188      353176BB 
 188      802A40C6 
 188      79490688 
 189 0215 42EC69D3 		.ascii	"B\354i\323\373|p\023u\2560\034\265\373\240[C\252\335"
 189      FB7C7013 
 189      75AE301C 
 189      B5FBA05B 
 189      43AADD
 190 0228 0A19EF58 		.ascii	"\012\031\357X\236>E\014\251\002!\225\222\220\012Q\310"
 190      9E3E450C 
 190      A9022195 
 190      92900A51 
 190      C8
 191 0239 ADE1EDB1 		.ascii	"\255\341\355\261\032\342O\202\354*\031\253\367`n\367"
 191      1AE24F82 
 191      EC2A19AB 
 191      F7606EF7 
 192 0249 0474F2CC 		.ascii	"\004t\362\314\303\014\015\336\306\236\325\367\245u\011"
 192      C30C0DDE 
 192      C69ED5F7 
 192      A57509
 193 0258 388321E2 		.ascii	"8\203!\342x-\344\343\265g\372\344Eo\234\315\036\036"
 193      782DE4E3 
 193      B567FAE4 
 193      456F9CCD 
 193      1E1E
 194 026a 1F4BF836 		.ascii	"\037K\3706\316g\367\325w\256\325z\340\023\014I8\021"
 194      CE67F7D5 
 194      77AED57A 
 194      E0130C49 
 194      3811
 195 027c 9DA5C6D5 		.ascii	"\235\245\306\325\0149\267\255\364\261'n`\310\205\027"
 195      0C39B7AD 
 195      F4B1276E 
 195      60C88517 
 196 028c ED193ADC 		.ascii	"\355\031:\334\311\220\253O.\357\361fZ\314\003\364t\177"
 196      C990AB4F 
 196      2EEFF166 
ARM GAS  /tmp/ccvd7i7a.s 			page 15


 196      5ACC03F4 
 196      747F
 197 029e 5D8D8EC9 		.ascii	"]\215\216\311\262#\300g\016^\271\351\211\3570\332\222"
 197      B223C067 
 197      0E5EB9E9 
 197      89EF30DA 
 197      92
 198 02af E2D21AAE 		.ascii	"\342\322\032\256\361r@\023\223\355\227\274\361#\366"
 198      F1724013 
 198      93ED97BC 
 198      F123F6
 199 02be AC26293A 		.ascii	"\254&):Q\207\307)\"<ky\224\256q\347\2776\267\376\233"
 199      5187C729 
 199      223C6B79 
 199      94AE71E7 
 199      BF36B7FE 
 200 02d3 FA364432 		.ascii	"\3726D2j\005\347\335Pp^M\357\213\021?\034\245\246\342"
 200      6A05E7DD 
 200      50705E4D 
 200      EF8B113F 
 200      1CA5A6E2 
 201 02e7 623617EC 		.ascii	"b6\027\354 zjX`j\241\351\356\223\251\323j\326D\270}"
 201      207A6A58 
 201      606AA1E9 
 201      EE93A9D3 
 201      6AD644B8 
 202 02fc 453C957E 		.ascii	"E<\225~\353\230/\216\247]\204\362kg\242}P\200N\014\272"
 202      EB982F8E 
 202      A75D84F2 
 202      6B67A27D 
 202      50804E0C 
 203 0311 95E94FC8 		.ascii	"\225\351O\310Xu\201\270NI\234\206H\213#$\256z\337\002"
 203      587581B8 
 203      4E499C86 
 203      488B2324 
 203      AE7ADF02 
 204 0325 BD355CEF 		.ascii	"\2755\\\357\016hl\207F\22012\371\344\244\032\2472\031"
 204      0E686C87 
 204      46903132 
 204      F9E4A41A 
 204      A73219
 205 0338 27526776 		.ascii	"'Rgv\372:d\264\235{\373\024\015\272^\220\321-\311\350"
 205      FA3A64B4 
 205      9D7BFB14 
 205      0DBA5E90 
 205      D12DC9E8 
 206 034c 426E85F4 		.ascii	"Bn\205\364(\013iK\274\326\251\301\273\231\220\342\206"
 206      280B694B 
 206      BCD6A9C1 
 206      BB9990E2 
 206      86
 207 035d 5BD3D821 		.ascii	"[\323\330!d\274\343]\026tw@\310mIH\257{!}\312Bv\217"
 207      64BCE35D 
 207      16747740 
 207      C86D4948 
 207      AF7B217D 
 208 0375 763DF062 		.ascii	"v=\360b\303\033\000h\322hJ\233\007\316b\376\026K\310"
ARM GAS  /tmp/ccvd7i7a.s 			page 16


 208      C31B0068 
 208      D2684A9B 
 208      07CE62FE 
 208      164BC8
 209 0388 7C5642F6 		.ascii	"|VB\366$\3358\215q>{\026\237\037_\343\213O3d\377\371"
 209      24DD388D 
 209      713E7B16 
 209      9F1F5FE3 
 209      8B4F3364 
 210 039e 92475A5C 		.ascii	"\222GZ\\\303{\265F\336\321\341\033\014\271}\353R\221"
 210      C37BB546 
 210      DED1E11B 
 210      0CB97DEB 
 210      5291
 211 03b0 2F6E6748 		.ascii	"/ngH\311\370\356\022?\334\313\220\306;\263#:|\237!-"
 211      C9F8EE12 
 211      3FDCCB90 
 211      C63BB323 
 211      3A7C9F21 
 212 03c5 115910AA 		.ascii	"\021Y\020\252C\274\217}:]\217\307\230\335\273+\367\237"
 212      43BC8F7D 
 212      3A5D8FC7 
 212      98DDBB2B 
 212      F79F
 213 03d7 101C76D7 		.ascii	"\020\034v\327\177\207\004\313S0z\370\033\031\375D\331"
 213      7F8704CB 
 213      53307AF8 
 213      1B19FD44 
 213      D9
 214 03e8 E8A6A79B 		.ascii	"\350\246\247\233f\374\360\024\023\227\260\355\361!_"
 214      66FCF014 
 214      1397B0ED 
 214      F1215F
 215 03f7 1CE94191 		.ascii	"\034\351A\221\351\201\264v\304L\326\003\032Y\322\236"
 215      E981B476 
 215      C44CD603 
 215      1A59D29E 
 216 0407 E2C732A3 		.ascii	"\342\3072\243\227\206\343\225\314QO\234\304h\317\246"
 216      9786E395 
 216      CC514F9C 
 216      C468CFA6 
 217 0417 6C05A5B7 		.ascii	"l\005\245\2671\244{gB\2117\316aHy\322\310\031/\\\310"
 217      31A47B67 
 217      428937CE 
 217      614879D2 
 217      C8192F5C 
 218 042c 908D137D 		.ascii	"\220\215\023}E~\370\014C\304\262\273\220\225\335\241"
 218      457EF80C 
 218      43C4B2BB 
 218      9095DDA1 
 219 043c E87BBD3C 		.ascii	"\350{\275<\021\027\001Zp\350l\2447>\317H\013c\356\346"
 219      1117015A 
 219      70E86CA4 
 219      373ECF48 
 219      0B63EEE6 
 220 0450 7AC2B3C5 		.ascii	"z\302\263\305\020\355HV\203\027\263\032|\262b\264@\215"
 220      10ED4856 
ARM GAS  /tmp/ccvd7i7a.s 			page 17


 220      8317B31A 
 220      7CB262B4 
 220      408D
 221 0462 EB28AD70 		.ascii	"\353(\255p\254\340\356\347\262(_\026\263\221D`\244\000"
 221      ACE0EEE7 
 221      B2285F16 
 221      B3914460 
 221      A400
 222 0474 592138FC 		.ascii	"Y!8\374\264\230\273)\322n?`\307\213T\350\235\305h98"
 222      B498BB29 
 222      D26E3F60 
 222      C78B54E8 
 222      9DC56839 
 223 0489 29420820 		.ascii	")B\010 L\251\223f\301I/\231\223r\367\345T\373\340kL"
 223      4CA99366 
 223      C1492F99 
 223      9372F7E5 
 223      54FBE06B 
 224 049e 4077C170 		.ascii	"@w\301p\023\226\305\370\222\0234\306c@B\224$\001\004"
 224      1396C5F8 
 224      921334C6 
 224      63404294 
 224      240104
 225 04b1 2A8B8856 		.ascii	"*\213\210V\026\021w\372E\223/\356d\"\342\332\2167h\305"
 225      161177FA 
 225      45932FEE 
 225      6422E2DA 
 225      8E3768C5 
 226 04c5 FAE1DC3D 		.ascii	"\372\341\334=N\241\273\230\010o\261D\330\010\232\304"
 226      4EA1BB98 
 226      086FB144 
 226      D8089AC4 
 227 04d5 4A9AC408 		.ascii	"J\232\304\010\274\200\210\345k!+_\007\256W\215x\340"
 227      BC8088E5 
 227      6B212B5F 
 227      07AE578D 
 227      78E0
 228 04e7 7BCCC391 		.ascii	"{\314\303\221\251\327\362\275\360#&>\362br\213\033\361"
 228      A9D7F2BD 
 228      F023263E 
 228      F262728B 
 228      1BF1
 229 04f9 9BDD8ABF 		.ascii	"\233\335\212\277J\213W\"\310NP\220-\346\326B\226[\325"
 229      4A8B5722 
 229      C84E5090 
 229      2DE6D642 
 229      965BD5
 230 050c 3967BB7D 		.ascii	"9g\273}\360\030\223\235\220\370\262\020\343\031&\373"
 230      F018939D 
 230      90F8B210 
 230      E31926FB 
 231 051c F1969C62 		.ascii	"\361\226\234b\215\262\354\255neWR\331) ;YAvY\354H8\216"
 231      8DB2ECAD 
 231      6E655752 
 231      D929203B 
 231      59417659 
 232 0534 D65059D9 		.ascii	"\326PY\331U\205-Z\234H\021\241\375YC\252,\241(\223\355"
ARM GAS  /tmp/ccvd7i7a.s 			page 18


 232      55852D5A 
 232      9C4811A1 
 232      FD5943AA 
 232      2CA12893 
 233 0549 C024CD95 		.ascii	"\300$\315\225\211\2022\333\224\207q_YK\256\032oc\302"
 233      898232DB 
 233      9487715F 
 233      594BAE1A 
 233      6F63C2
 234 055c 6E4C944D 		.ascii	"nL\224M\351q\006E\324\371QG\236\250Q\300b\004\304\210"
 234      E9710645 
 234      D4F95147 
 234      9EA851C0 
 234      6204C488 
 235 0570 89240B17 		.ascii	"\211$\013\027\025\312\000\211;\005,\256sv\331A\332\223"
 235      15CA0089 
 235      3B052CAE 
 235      7376D941 
 235      DA93
 236 0582 BF9066B8 		.ascii	"\277\220f\270\367\244W\005\371\351 \237<R\241\335\302"
 236      F7A45705 
 236      F9E9209F 
 236      3C52A1DD 
 236      C2
 237 0593 62B44BA0 		.ascii	"b\264K\240\322\217e\324Nz\3518u\334\327Q\337\236\230"
 237      D28F65D4 
 237      4E7AE938 
 237      75DCD751 
 237      DF9E98
 238 05a6 ADD6EB37 		.ascii	"\255\326\35379\346(\264\0074\021\353\205\012\355\025"
 238      39E628B4 
 238      073411EB 
 238      850AED15 
 239 05b6 F47C39B5 		.ascii	"\364|9\265\357\346\331n5\316bF\335\261W]\023p.C\012"
 239      EFE6D96E 
 239      35CE6246 
 239      DDB1575D 
 239      13702E43 
 240 05cb 0E741FF4 		.ascii	"\016t\037\364\302\307\030R\326\261u\300\007\0273\244"
 240      C2C71852 
 240      D6B175C0 
 240      071733A4 
 241 05db FBE8CB52 		.ascii	"\373\350\313R\015.a\310\276[O\013\264\270\234y\275u"
 241      0D2E61C8 
 241      BE5B4F0B 
 241      B4B89C79 
 241      BD75
 242 05ed 7660004A 		.ascii	"v`\000JJ\200L\360\037_\223\352\324!P\325\240\347\376"
 242      4A804CF0 
 242      1F5F93EA 
 242      D42150D5 
 242      A0E7FE
 243 0600 6723337B 		.ascii	"g#3{\0237\336\2014V\243\203\202\036eK\243c\3203\005"
 243      1337DE81 
 243      3456A383 
 243      821E654B 
 243      A363D033 
ARM GAS  /tmp/ccvd7i7a.s 			page 19


 244 0615 6B6F249C 		.ascii	"ko$\234W\343\307L\330\341\206^\273\007~\302\220\322"
 244      57E3C74C 
 244      D8E1865E 
 244      BB077EC2 
 244      90D2
 245 0627 4D0D339E 		.ascii	"M\0153\236x\224!\273\316m\214\324\341\347\014\351\215"
 245      789421BB 
 245      CE6D8CD4 
 245      E1E70CE9 
 245      8D
 246 0638 ACB9E689 		.ascii	"\254\271\346\211'\031\362t\350\372\214\017~\301\020"
 246      2719F274 
 246      E8FA8C0F 
 246      7EC110
 247 0647 FB647987 		.ascii	"\373dy\207\006Gh)\322\271m\242\327\013G3$ov4I\21772"
 247      06476829 
 247      D2B96DA2 
 247      D70B4733 
 247      246F7634 
 248 065f 64A2B465 		.ascii	"d\242\264e\277\300\012\226?\240G*\022j1\213\360L!\015"
 248      BFC00A96 
 248      3FA0472A 
 248      126A318B 
 248      F04C210D 
 249 0673 7BB7E74D 		.ascii	"{\267\347M\037\362E\376\354\267 \300\337\177?\261\267"
 249      1FF245FE 
 249      ECB720C0 
 249      DF7F3FB1 
 249      B7
 250 0684 A2671077 		.ascii	"\242g\020w\036\334\264\331\236Y\211\25059`\315Ya\201"
 250      1EDCB4D9 
 250      9E5989A8 
 250      353960CD 
 250      596181
 251 0697 64FF0C75 		.ascii	"d\377\014u\376\012\262\314f=\372\226\356\262WDcJ}X\231"
 251      FE0AB2CC 
 251      663DFA96 
 251      EEB25744 
 251      634A7D58 
 252 06ac FA3492C8 		.ascii	"\3724\222\310\007e\344\007\\\311\373]\231\017\276%Q"
 252      0765E407 
 252      5CC9FB5D 
 252      990FBE25 
 252      51
 253 06bd 1F75A50E 		.ascii	"\037u\245\016t!\276*c\235\353J\334<G\223z\031\371\021"
 253      7421BE2A 
 253      639DEB4A 
 253      DC3C4793 
 253      7A19F911 
 254 06d1 657219F3 		.ascii	"er\031\363\021\231&\005\212\2320\336)$$\222\001\220"
 254      11992605 
 254      8A9A30DE 
 254      29242492 
 254      0190
 255 06e3 5A858E41 		.ascii	"Z\205\216A4\027A4\243B\336\003\002\003\235\203\010:"
 255      34174134 
 255      A342DE03 
ARM GAS  /tmp/ccvd7i7a.s 			page 20


 255      02039D83 
 255      083A
 256 06f5 25F8A333 		.ascii	"%\370\2433\000%\000\245\000\305\000\247\001\216\003"
 256      002500A5 
 256      00C500A7 
 256      018E03
 257 0704 9C003829 		.ascii	"\234\0008)\370\323lc\001\326\237?/\002\030\022\016*"
 257      F8D36C63 
 257      01D69F3F 
 257      2F021812 
 257      0E2A
 258 0716 1E5B2A87 		.ascii	"\036[*\207b/\363\347\357\217\262\327.\247\232\345\273"
 258      622FF3E7 
 258      EF8FB2D7 
 258      2EA79AE5 
 258      BB
 259 0727 6A56E36A 		.ascii	"jV\343jG\245\314\352<ejf\010I\237\375y\371X\236\201"
 259      47A5CCEA 
 259      3C656A66 
 259      08499FFD 
 259      79F9589E 
 260 073c 7262589C 		.ascii	"rbX\234;2\260xv\360\211\007.\243\201\207\367F\334\337"
 260      3B32B078 
 260      76F08907 
 260      2EA38187 
 260      F746DCDF 
 261 0750 A9470BFC 		.ascii	"\251G\013\374\003R\370<O]!m4@\350y\356\212\013\340\212"
 261      0352F83C 
 261      4F5D216D 
 261      3440E879 
 261      EE8A0BE0 
 262 0765 0A6E2A53 		.ascii	"\012n*S\017ri\327\275\004\026\177\300\037\355\347\324"
 262      0F7269D7 
 262      BD04167F 
 262      C01FEDE7 
 262      D4
 263 0776 0A83CE7C 		.ascii	"\012\203\316|\323\224\313|s\336\3317d\201t\353\302\240"
 263      D394CB7C 
 263      73DED937 
 263      648174EB 
 263      C2A0
 264 0788 802FB26C 		.ascii	"\200/\262lx\330\237\327*\340\313\014\311\350\251\354"
 264      78D89FD7 
 264      2AE0CB0C 
 264      C9E8A9EC 
 265 0798 E62BA96A 		.ascii	"\346+\251j\202\237\356I\213\347S}&\331\220\325\264\314"
 265      829FEE49 
 265      8BE7537D 
 265      26D990D5 
 265      B4CC
 266 07aa 967BE156 		.ascii	"\226{\341VF|b67\026\343n\212\374\323\305\216\202\012"
 266      467C6236 
 266      3716E36E 
 266      8AFCD3C5 
 266      8E820A
 267 07bd 5FB04DBF 		.ascii	"_\260M\277\300\177\201?\371\013\377\374\311}\000\374"
 267      C07F813F 
ARM GAS  /tmp/ccvd7i7a.s 			page 21


 267      F90BFFFC 
 267      C97D00FC 
 268 07cd 582605   		.ascii	"X&\005"
 269 07d0 F82FF4A7 		.ascii	"\370/\364\247\217\374\003\374\365z\322\030\340/\375"
 269      8FFC03FC 
 269      F57AD218 
 269      E02FFD
 270 07df 02DC7865 		.ascii	"\002\334xe\000\026I\265\334+w\301+u\316^\231\301\017"
 270      001649B5 
 270      DC2B77C1 
 270      2B75CE5E 
 270      99C10F
 271 07f2 2E6E615E 		.ascii	".na^\251\007\2574pj\005\257\310F\253\301i\264H?\346"
 271      A907AF34 
 271      706A05AF 
 271      C846ABC1 
 271      69B4483F 
 272 0807 1FA710BD 		.ascii	"\037\247\020\275\010!ZMB4\032\007\240F\256A\024\334"
 272      08215A4D 
 272      42341A07 
 272      A046AE41 
 272      14DC
 273 0819 47627F14 		.ascii	"Gb\177\024\001`\007\230\205\220|\011\360\002`\006`\032"
 273      01600798 
 273      85907C09 
 273      F0026006 
 273      601A
 274 082b 600A6012 		.ascii	"`\012`\022`\002\240\037\240\017\3406@/@\017\300\025"
 274      6002A01F 
 274      A00FE036 
 274      402F400F 
 274      C015
 275 083d 802680CB 		.ascii	"\200&\200\313N\226T\376\007\013?(\24150\264\215r#\212"
 275      4E9654FE 
 275      070B3F28 
 275      A13530B4 
 275      8D72238A 
 276 0851 A5585556 		.ascii	"\245XUV\261\212\367\370\353\252\330\3241\377\000M(\262"
 276      B18AF7F8 
 276      EBAAD8D4 
 276      31FF004D 
 276      28B2
 277 0863 4D3C8B5C 		.ascii	"M<\213\\\224<3\247\216\014\265/d\364\315\340\341\213"
 277      943C33A7 
 277      8E0CB52F 
 277      64F4CDE0 
 277      E18B
 278 0875 CAF4AE43 		.ascii	"\312\364\256C\323\34244\315,\221\234\214n\201\247\244"
 278      D3E23434 
 278      CD2C919C 
 278      8C6E81A7 
 278      A4
 279 0886 08A1ABC0 		.ascii	"\010\241\253\300\261\205\033\335\005\221\321\012\012"
 279      B1851BDD 
 279      0591D10A 
 279      0A
 280 0893 DF00B8EA 		.ascii	"\337\000\270\352\244tU\274\307\313\223v{\274\006]\003"
ARM GAS  /tmp/ccvd7i7a.s 			page 22


 280      A47455BC 
 280      C7CB9376 
 280      7BBC065D 
 280      03
 281 08a4 2D2EF13E 		.ascii	"-.\361>\212\211-S\343\272\223\032\327^\245F7\210\376"
 281      8A892D53 
 281      E3BA931A 
 281      D75EA546 
 281      3788FE
 282 08b7 7A35FA0E 		.ascii	"z5\372\016c{\366\"\032k\265\312:\210\245\010R\267u\207"
 282      637BF622 
 282      1A6BB5CA 
 282      3A88A508 
 282      52B77587 
 283 08cb 36820643 		.ascii	"6\202\006C\033\220\325s\362: \257q\016i'\205\034\317"
 283      1B90D573 
 283      F23A20AF 
 283      710E6927 
 283      851CCF
 284 08de 6F8112ED 		.ascii	"o\201\022\355\\\241N\270\357\000en\272f\315\244<k\032"
 284      5CA14EB8 
 284      EF00656E 
 284      BA66CDA4 
 284      3C6B1A
 285 08f1 4144FB37 		.ascii	"AD\3737)\333\016\031\227y\017\3672*\003Y<\213Y9\227"
 285      29DB0E19 
 285      97790FF7 
 285      322A0359 
 285      3C8B5939 
 286 0906 BFAC56BD 		.ascii	"\277\254V\275<\312jU\273s\255b\017/m\366\3109\260\225"
 286      3CCA6A55 
 286      BB73AD62 
 286      0F2F6DF6 
 286      C839B095 
 287 091a AC22883B 		.ascii	"\254\"\210;\232\244M\023\241v\020\305{L\026\221Et\213"
 287      9AA44D13 
 287      A17610C5 
 287      7B4C1691 
 287      45748B
 288 092d 128BFEED 		.ascii	"\022\213\376\355Z\262F$\243zE\352\337B\3733u\247g\360"
 288      5AB24624 
 288      A37A45EA 
 288      DF42FB33 
 288      75A767F0 
 289 0941 9686587B 		.ascii	"\226\206X{r\020\335\306_w\015\326k\316\301M\226\256"
 289      7210DDC6 
 289      5F770DD6 
 289      6BCEC14D 
 289      96AE
 290 0953 FFCEEC23 		.ascii	"\377\316\354#\273\327\233\312\344\262\021\355\3737i"
 290      BBD79BCA 
 290      E4B211ED 
 290      FB3769
 291 0962 40EF716A 		.ascii	"@\357qj\2073\357\272R\217|\302y\003\325}W\336\375\310"
 291      8733EFBA 
 291      528F7CC2 
 291      7903D57D 
ARM GAS  /tmp/ccvd7i7a.s 			page 23


 291      57DEFDC8 
 292 0976 6570E694 		.ascii	"ep\346\224\314{0 J%\223\371\242\206\373\272\326\215"
 292      CC7B3020 
 292      4A2593F9 
 292      A286FBBA 
 292      D68D
 293 0988 AFD3A3A8 		.ascii	"\257\323\243\250\257\211\354\007\222\257jE_\331Y\321"
 293      AF89EC07 
 293      92AF6A45 
 293      5FD959D1 
 294 0998 CDE5E173 		.ascii	"\315\345\341s_X\210\006\225U\244\006mU\322PE\273\021"
 294      5F588806 
 294      9555A406 
 294      6D55D250 
 294      45BB11
 295 09ab F5C641BD 		.ascii	"\365\306A\275\347\020;\317\000\306\000\236\000\014\002"
 295      E7103BCF 
 295      00C6009E 
 295      000C02
 296 09ba 3C001870 		.ascii	"<\000\030p\212\247\251\217\231O\310\360<\004\201\204"
 296      8AA7A98F 
 296      994FC8F0 
 296      3C048184 
 297 09ca 83DB05CF 		.ascii	"\203\333\005\317\313\313\262\312\363\350\353\250G~\303"
 297      CBCBB2CA 
 297      F3E8EBA8 
 297      477EC3
 298 09d9 583F04E2 		.ascii	"X?\004\342\307\356\211e\345\341\221Syx\250P\036\236"
 298      C7EE8965 
 298      E5E19153 
 298      7978A850 
 298      1E9E
 299 09eb C1D331D2 		.ascii	"\301\3231\322\177\024\030>\342\2031\014\326\016\201"
 299      7F14183E 
 299      E283310C 
 299      D60E81
 300 09fa 658F25CB 		.ascii	"e\217%\313\300\235\303\351\036\303#\003v\373V==\025"
 300      C09DC3E9 
 300      1EC32303 
 300      76FB563D 
 300      3D15
 301 0a0c 18E21DDC 		.ascii	"\030\342\035\334\227\207\301\327H)!\2414\302i\025j\003"
 301      9787C1D7 
 301      482921A1 
 301      34C26915 
 301      6A03
 302 0a1e 0FFC580F 		.ascii	"\017\374X\017\022\370\217\224\326G0\214G\353\3700>\005"
 302      12F88F94 
 302      D647308C 
 302      47EBF830 
 302      3E05
 303 0a30 D39F7F23 		.ascii	"\323\237\177#\323G\200R2\375)3\335\315\334\212F\301"
 303      D3478052 
 303      32FD2933 
 303      DDCDDC8A 
 303      46C1
 304 0a42 60697A75 		.ascii	"`izu\204XbT\002\0111\302j\\\012\261z\312\313\241\333"
ARM GAS  /tmp/ccvd7i7a.s 			page 24


 304      84586254 
 304      020931C2 
 304      6A5C0AB1 
 304      7ACACBA1 
 305 0a57 3E513798 		.ascii	">Q7\230\021'^9\204$\250\353\370\324D\322q\362\353\250"
 305      11275E39 
 305      8424A8EB 
 305      F8D444D2 
 305      71F2EBA8 
 306 0a6b EB3F9272 		.ascii	"\353?\222rw\312=1\323\267\365\274\206\270\020h\346\272"
 306      77CA3D31 
 306      D3B7F5BC 
 306      86B81068 
 306      E6BA
 307 0a7d B0BF6C7E 		.ascii	"\260\277l~T\224}\347r\272u\177\301\323\200o\335\330"
 307      54947DE7 
 307      72BA757F 
 307      C1D3806F 
 307      DDD8
 308 0a8f 0A7F5A36 		.ascii	"\012\177Z6\037\216\374\343N{E\004\246{\355M\202\002"
 308      1F8EFCE3 
 308      4E7B4504 
 308      A67BED4D 
 308      8202
 309 0aa1 71BC205B 		.ascii	"q\274 [\204sb\2629NR\"\336\"#\036\374\011#&\233\340"
 309      847362B2 
 309      394E5222 
 309      DE22231E 
 309      FC092326 
 310 0ab7 542562F9 		.ascii	"T%b\371\264\334z\216'\007l\024\321\016\327\265\306\234"
 310      B4DC7A8E 
 310      27076C14 
 310      D10ED7B5 
 310      C69C
 311 0ac9 6D4CC78F 		.ascii	"mL\307\217\245B\276\317\225z\356\346\341\252\214<S\231"
 311      A542BECF 
 311      957AEEE6 
 311      E1AA8C3C 
 311      5399
 312 0adb 5C3E6E67 		.ascii	"\\>ng\371\270\221\245l\226+y\315\034\356S\0370\356\364"
 312      F9B891A5 
 312      6C962B79 
 312      CD1CEE53 
 312      1F30EEF4 
 313 0aef A05A995C 		.ascii	"\240Z\231\\\246\372\320\031n\2518\3115\272\231\344\270"
 313      A6FAD019 
 313      6EA938C9 
 313      35BA99E4 
 313      B8
 314 0b00 A51F384F 		.ascii	"\245\0378OYs\251\345aq\206\225\321F7etv\214\314F$\033"
 314      5973A9E5 
 314      61718695 
 314      D1463765 
 314      74768CCC 
 315 0b17 2E49FBDE 		.ascii	".I\373\336FZE\211\000r\366V\031\333\342\323\203\272"
 315      465A4589 
 315      0072F656 
ARM GAS  /tmp/ccvd7i7a.s 			page 25


 315      19DBE2D3 
 315      83BA
 316 0b29 10798134 		.ascii	"\020y\2014\217\366F\210\375\205+\001\212\317\212?\304"
 316      8FF64688 
 316      FD852B01 
 316      8ACF8A3F 
 316      C4
 317 0b3a DAA15560 		.ascii	"\332\241U`\027NJ\020\261\013\277\207\277\002\347!\210"
 317      174E4A10 
 317      B10BBF87 
 317      BF02E721 
 317      88
 318 0b4b 7CE93FCE 		.ascii	"|\351?\316\000\311\271\262\347L\234\370S\211\354\231"
 318      00C9B9B2 
 318      E74C9CF8 
 318      5389EC99 
 319 0b5b 5A623F15 		.ascii	"Zb?\025c\351,L\326\311IW\225\343\261CM\311HzO\016\370"
 319      63E92C4C 
 319      D6C94957 
 319      95E3B143 
 319      4DC9487A 
 320 0b72 B38EDE57 		.ascii	"\263\216\336W\367\242n\300\177\241R%{\206\320\326g\247"
 320      F7A26EC0 
 320      7FA15225 
 320      7B86D0D6 
 320      67A7
 321 0b84 2E1CD3E0 		.ascii	".\034\323\340\307\236t\237qqv\274\302\217mJ\004\331"
 321      C79E749F 
 321      717176BC 
 321      C28F6D4A 
 321      04D9
 322 0b96 C1FF4276 		.ascii	"\301\377Bv\360_R\034\327\245Y\264\235\326\336(\373<"
 322      F05F521C 
 322      D7A559B4 
 322      9DD6DE28 
 322      FB3C
 323 0ba8 818E5E3C 		.ascii	"\201\216^<^\214\3420\031\261Mx\021\374\015U3i[\263r"
 323      5E8CE230 
 323      19B14D78 
 323      11FC0D55 
 323      33695BB3 
 324 0bbd 4EA89764 		.ascii	"N\250\227d\3323{\355\025\343\373<\022\356\305B\211A"
 324      DA337BED 
 324      15E3FB3C 
 324      12EEC542 
 324      8941
 325 0bcf 3F255468 		.ascii	"?%Th#v\014\023\334\302\337X\334\213P\014\356\001\305"
 325      23760C13 
 325      DCC2DF58 
 325      DC8B500C 
 325      EE01C5
 326 0be2 13F012E8 		.ascii	"\023\360\022\350\2757\2637\332\013\357\363b/#nV\327"
 326      BD37B337 
 326      DA0BEFF3 
 326      622F236E 
 326      56D7
 327 0bf4 62B5C0F7 		.ascii	"b\265\300\367\017 \200\264\265\016\274\346^\225-T\225"
ARM GAS  /tmp/ccvd7i7a.s 			page 26


 327      0F2080B4 
 327      B50EBCE6 
 327      5E952D54 
 327      95
 328 0c05 CD98EB72 		.ascii	"\315\230\353r3v\343]\314u\351\370\021D^\244\235\034"
 328      3376E35D 
 328      CC75E9F8 
 328      11445EA4 
 328      9D1C
 329 0c17 4702154A 		.ascii	"G\002\025J\224TItU%\211\2522\035\177{R\217\013\335\253"
 329      94544974 
 329      552589AA 
 329      321D7F7B 
 329      528F0BDD 
 330 0c2c 3231D97A 		.ascii	"21\331zQ\220\353\362\307\327d\252l\245\252\244\210\252"
 330      5190EBF2 
 330      C7D764AA 
 330      6CA5AAA4 
 330      88AA
 331 0c3e 4C676F3A 		.ascii	"Lgo:\250\003Uz!t\357\027z\354\216\002\267d!J\206\222"
 331      A803557A 
 331      2174EF17 
 331      7AEC8E02 
 331      B764214A 
 332 0c54 255D9231 		.ascii	"%]\2221;\354B\251T\207\266\261\361J\035\356e:\224\247"
 332      3BEC42A9 
 332      5487B6B1 
 332      F14A1DEE 
 332      653A94A7 
 333 0c68 15EEE4EF 		.ascii	"\025\356\344\357\346\232\311(\325\217\247\224\361w?"
 333      E69AC928 
 333      D58FA794 
 333      F1773F
 334 0c77 F66F9163 		.ascii	"\366o\221c\322\333\033\257\351\330\363\011z\364\033"
 334      D2DB1BAF 
 334      E9D8F309 
 334      7AF41B
 335 0c86 BBAF919F 		.ascii	"\273\257\221\237\032\337$'\303%/2\213\325\374]\221\017"
 335      1ADF2427 
 335      C3252F32 
 335      8BD5FC5D 
 335      910F
 336 0c98 E0DBFB1B 		.ascii	"\340\333\373\033G\274\360\035\306|\370vT\266\037\036"
 336      47BCF01D 
 336      C67CF876 
 336      54B61F1E 
 337 0ca8 62486643 		.ascii	"bHfC\\\223\027\036aHQrD\004\306\221\35489*2\373\206"
 337      5C93171E 
 337      61485172 
 337      4404C691 
 337      EC38392A 
 338 0cbf 4076E551 		.ascii	"@v\345Q\257>\027\3037\217\235\314\366E\260%\335o\217"
 338      AF3E17C3 
 338      378F9DCC 
 338      F645B025 
 338      DD6F8F
 339 0cd2 8EA2934D 		.ascii	"\216\242\223M\307\346T6\331\354\305z\264\007L\316\304"
ARM GAS  /tmp/ccvd7i7a.s 			page 27


 339      C7E65436 
 339      D9ECC57A 
 339      B4074CCE 
 339      C4
 340 0ce3 8AB9AFBC 		.ascii	"\212\271\257\274\340\312\340\035\310\034\237\005\333"
 340      E0CAE01D 
 340      C81C9F05 
 340      DB
 341 0cf0 AF7D58BE 		.ascii	"\257}X\276\340j}\304*\005P\270l\304o\307?+T\343D\252"
 341      E06A7DC4 
 341      2A0550B8 
 341      6CC46FC7 
 341      3F2B54E3 
 342 0d06 BD505AB3 		.ascii	"\275PZ\263\345\2727\012X\340\250 \235l!\226\015\214"
 342      E5BA370A 
 342      58E0A820 
 342      9D6C2196 
 342      0D8C
 343 0d18 F74B8340 		.ascii	"\367K\203@\270\270\323\343\000\310V\322\203\274\245"
 343      B8B8D3E3 
 343      00C856D2 
 343      83BCA5
 344 0d27 DBF920DE 		.ascii	"\333\371 \336\007\357f\216\332\330q\241\306\007\357"
 344      07EF668E 
 344      DAD871A1 
 344      C607EF
 345 0d36 6748D2A9 		.ascii	"gH\322\251\316\031?\234\307\224\210\271r\372\201\333"
 345      CE193F9C 
 345      C79488B9 
 345      72FA81DB 
 346 0d46 B794B9D8 		.ascii	"\267\224\271\330\335\013\260\356Ct\231\221\203u\350"
 346      DD0BB0EE 
 346      43749991 
 346      8375E8
 347 0d55 309EFB06 		.ascii	"0\236\373\006\354vb\037\354bN1y\311\3473\313\264\270"
 347      EC76621F 
 347      EC624E31 
 347      79C9E733 
 347      CBB4B8
 348 0d68 8C2147F3 		.ascii	"\214!G\363\247\213t4t\015b\344f\356J(\362q\033\271\005"
 348      A78B7434 
 348      740D62E4 
 348      66EE4A28 
 348      F2711BB9 
 349 0d7d 3472F3C5 		.ascii	"4r\363\305\310\315\214H\270\346!?\210\201\347\262!?"
 349      C8CD8C48 
 349      B8E6213F 
 349      8881E7B2 
 349      213F
 350 0d8f 8AC5B507 		.ascii	"\212\305\265\007yoQ\234\226\347\215/2CONFw\013(@\317"
 350      796F519C 
 350      96E78D2F 
 350      32434F4E 
 350      46770B28 
 351 0da5 9749BBE7 		.ascii	"\227I\273\347E\222!:\006\364\205\222\001\320\335yq#"
 351      4592213A 
 351      06F48592 
ARM GAS  /tmp/ccvd7i7a.s 			page 28


 351      01D0DD79 
 351      7123
 352 0db7 E78E8AC0 		.ascii	"\347\216\212\300\035N\002\236>O\355\365\303M\314\262"
 352      1D4E029E 
 352      3E4FEDF5 
 352      C34DCCB2 
 353 0dc7 8A93E74E 		.ascii	"\212\223\347N\350q+C\236\316\354)\346\347*\013\001}"
 353      E8712B43 
 353      9ECEEC29 
 353      E6E72A0B 
 353      017D
 354 0dd9 D1939CAC 		.ascii	"\321\223\234\254\345\307*$\370G\353z\342\275\361}\336"
 354      E5C72A24 
 354      F847EB7A 
 354      E2BDF17D 
 354      DE
 355 0dea 71FA4CA7 		.ascii	"q\372L\247\036\017QD\327\321\2657VG\216\214\374\375"
 355      1E0F5144 
 355      D7D1B537 
 355      56478E8C 
 355      FCFD
 356 0dfc F5FE010B 		.ascii	"\365\376\001\013\374\235\326\230\247\300+'\301+\350"
 356      FC9DD698 
 356      A7C02B27 
 356      C12BE8
 357 0e0b 1C6852C1 		.ascii	"\034hR\301\307\375<\334\227\303\266\277\024\340\002"
 357      C7FD3CDC 
 357      97C3B6BF 
 357      14E002
 358 0e1a C0598012 		.ascii	"\300Y\200\022\354\262\373\353\311\343k+bp\036\030\\"
 358      ECB2FBEB 
 358      C9E36B2B 
 358      62701E18 
 358      5C
 359 0e2b 81DD4CBB 		.ascii	"\201\335L\273\216h\254c[\2603@X,\033b\274@\316\367A"
 359      8E68AC63 
 359      5BB03340 
 359      582C1B62 
 359      BC40CEF7 
 360 0e40 83B4663B 		.ascii	"\203\264f;\355\312v\316\311\341\340\177\262\371\266"
 360      EDCA76CE 
 360      C9E1E07F 
 360      B2F9B6
 361 0e4f 0C9438E2 		.ascii	"\014\2248\342J-\233\235e\003p\006;\235\263\321\361\021"
 361      4A2D9B9D 
 361      65037006 
 361      3B9DB3D1 
 361      F111
 362 0e61 77D8326E 		.ascii	"w\3302n\307\025\271\311f\357\356.\226\223\025\3169\251"
 362      C715B9C9 
 362      66EFEE2E 
 362      969315CE 
 362      39A9
 363 0e73 ECDE139C 		.ascii	"\354\336\023\234\3337s\357\363.\276\244!\331pH\331\267"
 363      DB3773EF 
 363      F32EBEA4 
 363      21D97048 
ARM GAS  /tmp/ccvd7i7a.s 			page 29


 363      D9B7
 364 0e85 2BF839E2 		.ascii	"+\3709\342\301\013\317+t\370%\033\370\232\246\346}\036"
 364      C10BCF2B 
 364      74F8251B 
 364      F89AA6E6 
 364      7D1E
 365 0e97 789B3745 		.ascii	"x\2337EN\325\037n\324\2207\002Q\337(\015\323\260\346"
 365      4ED51F6E 
 365      D4903702 
 365      51DF280D 
 365      D3B0E6
 366 0eaa 5469D405 		.ascii	"Ti\324\005\204\374i\254\260\272vu-\363H5(R\005\212\324"
 366      84FC69AC 
 366      B0BA7675 
 366      2DF34835 
 366      2852058A 
 367 0ebf B81B64E5 		.ascii	"\270\033d\345\203\215J\336\205\230]\0132\353\301\324"
 367      838D4ADE 
 367      85985D0B 
 367      32EBC1D4 
 368 0ecf 4B007500 		.ascii	"K\000u\000\027\235M\356\341\353,q$k\334\214$w~\017s"
 368      179D4DEE 
 368      E1EB2C71 
 368      246BDC8C 
 368      24777E0F 
 369 0ee4 7E0D56D8 		.ascii	"~\015V\330\225\324\014\270\270OAkY\014\365\313E\037"
 369      95D40CB8 
 369      B84F416B 
 369      590CF5CB 
 369      451F
 370 0ef6 57142D3A 		.ascii	"W\024-:;\265\376\370\240\026gR\377\012\351\203C;\325"
 370      3BB5FEF8 
 370      A0166752 
 370      FF0AE983 
 370      433BD5
 371 0f09 684180B2 		.ascii	"hA\200\262\351\215`\356\327\231\356\310\214\246\250"
 371      E98D60EE 
 371      D799EEC8 
 371      8CA6A8
 372 0f18 ED24332E 		.ascii	"\355$3.\003}\203\224\031543@\354\231\262\307o\263\324"
 372      037D8394 
 372      19353433 
 372      40EC99B2 
 372      C76FB3D4 
 373 0f2c 5F4CD63B 		.ascii	"_L\326;]O+\370\352\245\227\244~Q\323\226\014\037|\232"
 373      5D4F2BF8 
 373      EAA597A4 
 373      7E51D396 
 373      0C1F7C9A 
 374 0f40 0D7AEACB 		.ascii	"\015z\352\313KUZ\\\312\220\262\212\321r5\256fH\372\371"
 374      4B555A5C 
 374      CA90B28A 
 374      D17235AE 
 374      6648FAF9 
 375 0f54 A24B185F 		.ascii	"\242K\030_f\310\360\376\354\001\001_eHJt\346}?\334\316"
 375      66C8F0FE 
 375      EC01015F 
ARM GAS  /tmp/ccvd7i7a.s 			page 30


 375      65484A74 
 375      E67D3FDC 
 376 0f69 90829408 		.ascii	"\220\202\224\010X\376\337f\310\321\310\276\213Z<L\021"
 376      58FEDF66 
 376      C8D1C8BE 
 376      8B5A3C4C 
 376      11
 377 0f7a CF5D4925 		.ascii	"\317]I%'\365\364\255F\000\204\210c\037\237[\320d\247"
 377      27F5F4AD 
 377      46008488 
 377      631F9F5B 
 377      D064A7
 378 0f8d 094B7693 		.ascii	"\011Kv\2237@\373n\254\270\233\344\247\030\237\263\200"
 378      3740FB6E 
 378      ACB89BE4 
 378      A7189FB3 
 378      80
 379 0f9e 228B     		.ascii	"\"\213"
 380 0fa0 F56B9CF8 		.ascii	"\365k\234\370\025\213\365\356\207\262\345w\233+\375"
 380      158BF5EE 
 380      87B2E577 
 380      9B2BFD
 381 0faf 9C8D46E5 		.ascii	"\234\215F\345\027\322\362\273\305\225\272yNM\252\031"
 381      17D2F2BB 
 381      C595BA79 
 381      4E4DAA19 
 382 0fbf 6451D4AD 		.ascii	"dQ\324\255\024E/\007e\242\257*3\233{\204v\0052\276\211"
 382      14452F07 
 382      65A2AF2A 
 382      339B7B84 
 382      760532BE 
 383 0fd4 647C2BEF 		.ascii	"d|+\357A\306\377\026\214\377M\030\367\036\200v\200."
 383      41C6FF16 
 383      8CFF4D18 
 383      F71E8076 
 383      802E
 384 0fe6 804E800E 		.ascii	"\200N\200\016\247\024h\035\224\235\215^W\366\215\030"
 384      A714681D 
 384      949D8D5E 
 384      57F68D18 
 385 0ff6 887787B7 		.ascii	"\210w\207\267?P\343I\026\210"
 385      3F50E349 
 385      1688
 386 1000 F5590D39 		.ascii	"\365Y\0159:\371\264_X\225D\302\251\017\372\367J\341"
 386      3AF9B45F 
 386      589544C2 
 386      A90FFAF7 
 386      4AE1
 387 1012 D42D4DFB 		.ascii	"\324-M\373s\264\275\015\032~SmA|\363\330\201x\015\216"
 387      73B4BD0D 
 387      1A7E536D 
 387      417CF3D8 
 387      81780D8E 
 388 1026 D5D32089 		.ascii	"\325\323 \211n\216\370\007\234\314\356\357\337\317J"
 388      6E8EF807 
 388      9CCCEEEF 
 388      DFCF4A
ARM GAS  /tmp/ccvd7i7a.s 			page 31


 389 1035 E3DF537D 		.ascii	"\343\337S}\007\320\326\262\355g\005\235\364M\002i\227"
 389      07D0D6B2 
 389      ED67059D 
 389      F44D0269 
 389      97
 390 1046 6A6F3F26 		.ascii	"jo?&o%\003\027\243{\230\276\224||\260\3518\231\342\002"
 390      6F250317 
 390      A37B98BE 
 390      947C7CB0 
 390      E93899E2 
 391 105b 74E82FB2 		.ascii	"t\350/\2627\375\001\254\266e\244\364\355\200\245\263"
 391      37FD01AC 
 391      B665A4F4 
 391      ED80A5B3 
 392 106b 9EE5DEB3 		.ascii	"\236\345\336\263\223\323\216\257\224\212\242\354\177"
 392      93D38EAF 
 392      948AA2EC 
 392      7F
 393 1078 13B14276 		.ascii	"\023\261Bv\264\370\020,\010\340\345m\000L\274\217\245"
 393      B4F8102C 
 393      08E0E56D 
 393      004CBC8F 
 393      A5
 394 1089 EFADDEDC 		.ascii	"\357\255\336\334C\277\267\032\204\322\360@\362M\000"
 394      43BFB71A 
 394      84D2F040 
 394      F24D00
 395 1098 5F666C8C 		.ascii	"_fl\214\316I\362\306G\230\220\264\244\276N\255\374\213"
 395      CE49F2C6 
 395      479890B4 
 395      A4BE4EAD 
 395      FC8B
 396 10aa 964BF46D 		.ascii	"\226K\364m\377\020t}$u\035\304\216\327\304s\024y\254"
 396      FF10747D 
 396      24751DC4 
 396      8ED7C473 
 396      1479AC
 397 10bd A0087941 		.ascii	"\240\010yAZ\330Y\255\306'\230\224g\361\2173\335\233"
 397      5AD859AD 
 397      C6279894 
 397      67F18F33 
 397      DD9B
 398 10cf F2D4AD29 		.ascii	"\362\324\255)\2637qW\325&2\316O@\241aI\241!\314\215"
 398      B3377157 
 398      D52632CE 
 398      4F40A161 
 398      49A121CC 
 399 10e4 79D81FFF 		.ascii	"y\330\037\377H;?\231\017\370O\027Q\302t`\262\223\256"
 399      483B3F99 
 399      0FF84F17 
 399      51C27460 
 399      B293AE
 400 10f7 8346F07C 		.ascii	"\203F\360|q\020\200Z{*\372\305Y\035\342o,\035\331\275"
 400      7110805A 
 400      7B2AFAC5 
 400      591DE26F 
 400      2C1DD9BD 
ARM GAS  /tmp/ccvd7i7a.s 			page 32


 401 110b AB906737 		.ascii	"\253\220g7\251M\007A\3108\\\035E\316\345d\200|\012\360"
 401      A94D0741 
 401      C8385C1D 
 401      45CEE564 
 401      807C0AF0 
 402 111f 67764A49 		.ascii	"gvJIv\255\2738\271\343\035\303\2343\315\356\031\015"
 402      76ADBB38 
 402      B9E31DC3 
 402      9C33CDEE 
 402      190D
 403 1131 90EF5C4E 		.ascii	"\220\357\\NtAw9\271\250!\332\201]\310\237O\362\014!"
 403      74417739 
 403      B9A821DA 
 403      815DC89F 
 403      4FF20C21 
 404 1145 0BDADD9C 		.ascii	"\013\332\335\234\334\221!w\025\247\243E*\264\035\030"
 404      DC912177 
 404      15A7A345 
 404      2AB41D18 
 405 1155 6E230CEF 		.ascii	"n#\014\357\360.$\312'\300\261\223\020\325\243\000\317"
 405      F02E24CA 
 405      27C0B193 
 405      10D5A300 
 405      CF
 406 1166 01C6009E 		.ascii	"\001\306\000\2369/\272'Xu\030\237S\035\210*\023\363"
 406      392FBA27 
 406      5875189F 
 406      531D882A 
 406      13F3
 407 1178 53ED4415 		.ascii	"S\355D\025\222d\315\234\257#\235\234&\215\262\230\350"
 407      9264CD9C 
 407      AF239D9C 
 407      268DB298 
 407      E8
 408 1189 E73EB89C 		.ascii	"\347>\270\234\215vr\335\366\273\330i\322\220+8\003J"
 408      8D7672DD 
 408      F6BBD869 
 408      D2902B38 
 408      034A
 409 119b 7D730521 		.ascii	"}s\005!\323\007\252\266\220\010\230\206>SR\004\214\213"
 409      D307AAB6 
 409      90089886 
 409      3E535204 
 409      8C8B
 410 11ad 13C7DDAA 		.ascii	"\023\307\335\252\270\347~o\034\240\2732\030\314\364"
 410      B8E77E6F 
 410      1CA0BB32 
 410      18CCF4
 411 11bc 6345F1F6 		.ascii	"cE\361\366\344j\330\226\221\016i\254\203C\272\212\264"
 411      E46AD896 
 411      910E69AC 
 411      8343BA8A 
 411      B4
 412 11cd C0DF17F8 		.ascii	"\300\337\027\370\015\362\231\306\303\272h\015\256gi"
 412      0DF299C6 
 412      C3BA680D 
 412      AE6769
ARM GAS  /tmp/ccvd7i7a.s 			page 33


 413 11dc FD6C72D3 		.ascii	"\375lr\323\020_|\276\006\350\365\254\035\275|\006*\""
 413      105F7CBE 
 413      06E8F5AC 
 413      1DBD7C06 
 413      2A22
 414 11ee 3350735A 		.ascii	"3PsZe\233'\276\306h\305\217y\026\262\217yb\357\237\253"
 414      659B27BE 
 414      C668C58F 
 414      7916B28F 
 414      7962EF9F 
 415 1203 46B88F3D 		.ascii	"F\270\217=;[\331V\215\361\020Cj\333\343\032\374\360"
 415      3B5BD956 
 415      8DF11043 
 415      6ADBE31A 
 415      FCF0
 416 1215 3443B6CE 		.ascii	"4C\266\316$\246\250q\234\017\373\220\352\351\356*\015"
 416      24A6A871 
 416      9C0FFB90 
 416      EAE9EE2A 
 416      0D
 417 1226 DEC9908E 		.ascii	"\336\311\220\216\203\3317\020\316fHb[\316e\035>\306"
 417      83D93710 
 417      CE664862 
 417      5BCE651D 
 417      3EC6
 418 1238 9073E51B 		.ascii	"\220s\345\033\007\275q9C\312\007+\2431\256cH\355\325"
 418      07BD7139 
 418      43CA072B 
 418      A331AE63 
 418      48EDD5
 419 124b BCFB6A7C 		.ascii	"\274\373j|\203!7N\027\247i\361\035\206<\271q}\273\027"
 419      8321374E 
 419      17A769F1 
 419      1D863CB9 
 419      717DBB17 
 420 125f 1E6648DD 		.ascii	"\036fH\335\311\243v\017<\305\220\203S\323O\310K\374"
 420      C9A3760F 
 420      3CC59083 
 420      53D34FC8 
 420      4BFC
 421 1271 37C96775 		.ascii	"7\311guXV\177\336d\365\347|C\335!=\216\361\245\303x"
 421      58567FDE 
 421      64F5E77C 
 421      43DD213D 
 421      8EF1A5C3 
 422 1286 74D7CC8C 		.ascii	"t\327\314\214\237\230\264\260\307\360\010P9v\030(M\035"
 422      9F98B4B0 
 422      C7F00850 
 422      39761828 
 422      4D1D
 423 1298 403AD19C 		.ascii	"@:\321\234MQ/F\311jY\371\331A\277IJU\353\320V\265c\300"
 423      4D512F46 
 423      C96A59F9 
 423      D941BF49 
 423      4A55EBD0 
 424 12b0 DEE4195B 		.ascii	"\336\344\031[\236\322\331\257\303\311LFd\363\266Q\267"
 424      9ED2D9AF 
ARM GAS  /tmp/ccvd7i7a.s 			page 34


 424      C3C94C46 
 424      64F3B651 
 424      B7
 425 12c1 3276B895 		.ascii	"2v\270\225\001u\252\232\326\251\355 c\233$\003D\362"
 425      0175AA9A 
 425      D6A9ED20 
 425      639B2403 
 425      44F2
 426 12d3 4DCCA1A8 		.ascii	"M\314\241\250\0125N\247BPU\177\346vo\234\305\220\201"
 426      0A354EA7 
 426      4250557F 
 426      E6766F9C 
 426      C59081
 427 12e6 D9B11101 		.ascii	"\331\261\021\001\3472\244r\244\3500/\345\304\033\275"
 427      E732A472 
 427      A4E8302F 
 427      E5C41BBD 
 428 12f6 C955B37E 		.ascii	"\311U\263~nKy\206\232\227\362\335jZ\341\"/d\244yJ\245"
 428      6E4B7986 
 428      9A97F2DD 
 428      6A5AE122 
 428      2F64A479 
 429 130c 07D12F5D 		.ascii	"\007\321/]$\362=\352\371b'\272\223\357\251)\364\302"
 429      24F23DEA 
 429      F96227BA 
 429      93EFA929 
 429      F4C2
 430 131e C554EEC2 		.ascii	"\305T\356\302\347m#\007\275\220\277\363\217\274\346"
 430      E76D2307 
 430      BD90BFF3 
 430      8FBCE6
 431 132d 5DC0BFA2 		.ascii	"]\300\277\242\270\251\235>\007\001\015\263\017\371\356"
 431      B8A99D3E 
 431      07010DB3 
 431      0FF9EE
 432 133c 2A112C3C 		.ascii	"*\021,<\256v\234U\262i2\036\313NA\027\261\203MB\034"
 432      AE769C55 
 432      B269321E 
 432      CB4E4117 
 432      B1834D42 
 433 1351 EB4C3C67 		.ascii	"\353L<g;1\025\213\355\211\213(\351Ng\322@\327\363\322"
 433      3B31158B 
 433      ED898B28 
 433      E94E67D2 
 433      40D7F3D2 
 434 1365 918D0ED2 		.ascii	"\221\215\016\322x%\025\344\264\225;\260=m\021\035\220"
 434      782515E4 
 434      B4953BB0 
 434      3D6D111D 
 434      90
 435 1376 244EEB18 		.ascii	"$N\353\030\310@\327S\333A\231\276QJ\372F\252e\347\215"
 435      C840D753 
 435      DB4199BE 
 435      514AFA46 
 435      AA65E78D 
 436 138a 32E21825 		.ascii	"2\342\030%\342wdZ\310h7*\251\354t\320,y\"]\301\023\362"
 436      E277645A 
ARM GAS  /tmp/ccvd7i7a.s 			page 35


 436      C868372A 
 436      A9EC74D0 
 436      2C79225D 
 437 13a1 355AE5B7 		.ascii	"5Z\345\267%\276{\225t\220\273\242^r\333\026%\035\344"
 437      25BE7B95 
 437      7490BBA2 
 437      5E72DB16 
 437      251DE4
 438 13b4 EF5464FA 		.ascii	"\357Td\372F(\361u\372\364E\342\273I\211\257|\216\032"
 438      4628F175 
 438      FAF445E2 
 438      BB4989AF 
 438      7C8E1A
 439 13c7 7C8D9042 		.ascii	"|\215\220B\014\242]\234\324\355{\235>\231\016\321J:"
 439      0CA25D9C 
 439      D4ED7B9D 
 439      3E990ED1 
 439      4A3A
 440 13d9 B048135F 		.ascii	"\260H\023_\021br\204\0014sW\223\255mX\342\264YIC\331"
 440      11627284 
 440      01347357 
 440      93AD6D58 
 440      E2B45949 
 441 13ef 48F549C6 		.ascii	"H\365I\306$(\221\312#`J\242\215SL\005\301y>\024T\310"
 441      242891CA 
 441      23604AA2 
 441      8D534C05 
 441      C1793E14 
 442 1405 0EF56296 		.ascii	"\016\365b\226\026|BM\246\200\243PM\362\325\376\3500"
 442      167C424D 
 442      A680A350 
 442      4DF2D5FE 
 442      E830
 443 1417 4016C001 		.ascii	"@\026\300\001\200\\\200B\200}\000E\000y\000\373\001"
 443      805C8042 
 443      807D0045 
 443      007900FB 
 443      01
 444 1428 8E011C02 		.ascii	"\216\001\034\002\310\0048\010P\000\220\015p\004 G\355"
 444      C8043808 
 444      5000900D 
 444      70042047 
 444      ED
 445 1439 5822B68E 		.ascii	"X\"\266\2164\027j\360\000+e\317JK&\220\323\254'S\003"
 445      34176AF0 
 445      002B65CF 
 445      4A4B2690 
 445      D3AC2753 
 446 144e 9D02E97F 		.ascii	"\235\002\351\177-M\370\207,\351\364\005\314I\020rB\252"
 446      2D4DF887 
 446      2CE9F405 
 446      CC491072 
 446      42AA
 447 1460 8864A0D8 		.ascii	"\210d\240\330\267\351\203ee\036\013\270rqn\225S\375"
 447      B7E98365 
 447      651E0BB8 
 447      72716E95 
ARM GAS  /tmp/ccvd7i7a.s 			page 36


 447      53FD
 448 1472 5FFB6860 		.ascii	"_\373h`G\317\264\007L\317E\025\364,9'\252\001\212\253"
 448      47CFB407 
 448      4CCF4515 
 448      F42C3927 
 448      AA018AAB 
 449 1486 804E83B8 		.ascii	"\200N\203\270\227|r\226\306\212\264\374\027hV\254&\323"
 449      977C7296 
 449      C68AB4FC 
 449      176856AC 
 449      26D3
 450 1498 F3DDE982 		.ascii	"\363\335\351\202s\374\243d\015\231\234.G\227z\273\255"
 450      73FCA364 
 450      0D999C2E 
 450      47977ABB 
 450      AD
 451 14a9 CE67C5EA 		.ascii	"\316g\305\352|\206U\347\261M1\343\374\377H\220\257\307"
 451      7C8655E7 
 451      B14D31E3 
 451      FCFF4890 
 451      AFC7
 452 14bb F3FAD21A 		.ascii	"\363\372\322\032\220k\261\236&\307\002$\316P\011-\326"
 452      906BB19E 
 452      26C70224 
 452      CE50092D 
 452      D6
 453 14cc 940745A0 		.ascii	"\224\007E\240GL\361\345+\202\374\314l\332\351P\245T"
 453      474CF1E5 
 453      2B82FCCC 
 453      6CDAE950 
 453      A554
 454 14de 4D0F55C8 		.ascii	"M\017U\310\225\254\016\206J\022\275\361\010\233U\362"
 454      95AC0E86 
 454      4A12BDF1 
 454      089B55F2 
 455 14ee 1367D33C 		.ascii	"\023g\323<\334\036\315\225\253\345G\355\267\313\237"
 455      DC1ECD95 
 455      ABE547ED 
 455      B7CB9F
 456 14fd 3ED62EC9 		.ascii	">\326.\311\264W\364\332+F{\264M\015\261\366f\260\357"
 456      B457F4DA 
 456      2B467BB4 
 456      4D0DB1F6 
 456      66B0EF
 457 1510 234A87CA 		.ascii	"#J\207\312\244\201\204[\347\023\356\363jr\272\334\273"
 457      A481845B 
 457      E713EEF3 
 457      6A72BADC 
 457      BB
 458 1521 EF7EAA0F 		.ascii	"\357~\252\017\336\353G\005\217\245=\037\364\342\314"
 458      DEEB4705 
 458      8FA53D1F 
 458      F4E2CC
 459 1530 3A07719E 		.ascii	":\007q\2363\263\012\211Y\205+\263\013\224\331\341\333"
 459      33B30A89 
 459      59852BB3 
 459      0B94D9E1 
ARM GAS  /tmp/ccvd7i7a.s 			page 37


 459      DB
 460 1541 5BB2B5F8 		.ascii	"[\262\265\370\010cv\244`o\221/.fHBeU\206F\015#SEz\222"
 460      086376A4 
 460      606F912F 
 460      2E664842 
 460      65558646 
 461 155b 96B8CCDD 		.ascii	"\226\270\314\335\027<\271\254\341\011mz\336\336\315"
 461      173CB9AC 
 461      E1096D7A 
 461      DEDECD
 462 156a F6CC08FB 		.ascii	"\366\314\010\373Ok\005*\254R\024\206\252\325j\2029\313"
 462      4F6B052A 
 462      AC521486 
 462      AAD56A82 
 462      39CB
 463 157c BB48E525 		.ascii	"\273H\345%\306\034\211\320\342\021&\2424\241\340\221"
 463      C61C89D0 
 463      E21126A2 
 463      34A1E091 
 464 158c 376738DE 		.ascii	"7g8\336\243=\227\220\300\030~D\371\325H\312\327\270"
 464      A33D9790 
 464      C0187E44 
 464      F9D548CA 
 464      D7B8
 465 159e 32BB4499 		.ascii	"2\273D\231\035\032\237H\360\3053\214\331\243\326\234"
 465      1D1A9F48 
 465      F0C5338C 
 465      D9A3D69C 
 466 15ae 66BDE489 		.ascii	"f\275\344\211]\316\236\250\225\230\325\2722\253\243"
 466      5DCE9EA8 
 466      9598D5BA 
 466      32ABA3
 467 15bd CCC62252 		.ascii	"\314\306\"R\013=q\354<7\306O^M\276\256\227\214\317w"
 467      0B3D71EC 
 467      3C37C64F 
 467      5E4DBEAE 
 467      978CCF77 
 468 15d1 31BEDE61 		.ascii	"1\276\336a|\003\030_\357*\3422\0251T\370dP#\217\257"
 468      7C03185F 
 468      EF2AE232 
 468      153154F8 
 468      6450238F 
 469 15e6 3EA7F86A 		.ascii	">\247\370j\344\361\325H\343+3;\376\226\323\001\356V"
 469      E4F1D548 
 469      E32B333B 
 469      FE96D301 
 469      EE56
 470 15f8 A703DC26 		.ascii	"\247\003\334&N\334D\211;\266\344\016{\3424\246|V\343"
 470      4EDC4489 
 470      3BB6E40E 
 470      7BE234A6 
 470      7C56E3
 471 160b E8761DDE 		.ascii	"\350v\035\336\317\220\243#cG5,)\310\377\365I\351\272"
 471      CF90A323 
 471      6347352C 
 471      29C8FFF5 
 471      49E9BA
ARM GAS  /tmp/ccvd7i7a.s 			page 38


 472 161e 30E5E336 		.ascii	"0\345\3436\243\256\212\031\325\302\327;Q-\307}]SH\334"
 472      A3AE8A19 
 472      D5C2D73B 
 472      512DC77D 
 472      5D5348DC 
 473 1632 26C1C687 		.ascii	"&\301\306\207\246\320Uq\275slbv\324CN\275\347U\324\351"
 473      A6D05571 
 473      BD736C62 
 473      76D4434E 
 473      BDE755D4 
 474 1647 E369557A 		.ascii	"\343iUz\250\022\315\254J\\9\030c\217\210\205}\311u\230"
 474      A812CDAC 
 474      4A5C3918 
 474      638F8885 
 474      7DC97598 
 475 165b C09AC19B 		.ascii	"\300\232\301\233Ix\211\254\363\0255+\0237\324o\250\276"
 475      497889AC 
 475      F315352B 
 475      1337D46F 
 475      A8BE
 476 166d BB6C5920 		.ascii	"\273lY \373\027f\015\264\330\002\255\026c\240q\255\305"
 476      FB17660D 
 476      B4D802AD 
 476      1663A071 
 476      ADC5
 477 167f B4C66CB5 		.ascii	"\264\306l\265Y6,3z\376\362\223?\274\376\341\212\025"
 477      59362C33 
 477      7AFEF293 
 477      3FBCFEE1 
 477      8A15
 478 1691 2A5DB8C1 		.ascii	"*]\270\301b\012\012\016\267\230\303t\006\303:s\250\355"
 478      620A0A0E 
 478      B798C374 
 478      06C33A73 
 478      A8ED
 479 16a3 9DB70DB6 		.ascii	"\235\267\015\266X\024\2706,\304\024\030d\264\232\226"
 479      5814B836 
 479      2CC41418 
 479      64B49A96 
 480 16b3 06077D16 		.ascii	"\006\007}\026\370\257a\306u!\246P\2335\360SSP\310o\002"
 480      F8AF61C6 
 480      7521A650 
 480      9B35F053 
 480      5350C86F 
 481 16c8 7F6E0C36 		.ascii	"\177n\0146\207[M\006\323\322\360u\306/\336\016\3744"
 481      875B4D06 
 481      D3D2F075 
 481      C62FDE0E 
 481      FC34
 482 16da 2C2CD81A 		.ascii	",,\330\032\270\306h\\\032d\011Y\032\032\026jZj\012\372"
 482      B8C6685C 
 482      1A640959 
 482      1A1A166A 
 482      5A6A0AFA 
 483 16ee CCBCF4FD 		.ascii	"\314\274\364\375\245o/_\361\376\322?\275\2734$\350\363"
 483      A56F2F5F 
 483      F1FED23F 
ARM GAS  /tmp/ccvd7i7a.s 			page 39


 483      BDBB3424 
 483      E8F3
 484 1700 304BA0D3 		.ascii	"0K\240\323\323@s\2501x\335*S`H\220q\2559\324\024hXe"
 484      D34073A8 
 484      3178DD2A 
 484      53604890 
 484      71AD39D4 
 485 1718 5A1DB42E 		.ascii	"Z\035\264.\330f\260m\0107Y\227\255Uy\212\012\375\367"
 485      D866B06D 
 485      08375997 
 485      AD55798A 
 485      0AFDF7
 486 172b FFAB3ED6 		.ascii	"\377\253>\326\015\326@\203\325\266\012\204\203\022Z"
 486      0DD64083 
 486      D5B60A84 
 486      83125A
 487 173a 1BF18EC1 		.ascii	"\033\361\216\301\366\256\213O\303\303, \377g\277\373"
 487      F6AE8B4F 
 487      C3C32C20 
 487      FF67BFFB 
 488 174a F8C38FBF 		.ascii	"\370\303\217\277\0124\206\205\204\233\203M\026k\340"
 488      0A348685 
 488      849B834D 
 488      166BE0
 489 1759 2F3FFC10 		.ascii	"/?\374\020\\-Z\340\025n\010\261}\025\014n\327\204\030"
 489      5C2D5AE0 
 489      156E08B1 
 489      7D150C6E 
 489      D78418
 490 176c 424D5FD9 		.ascii	"BM_\331\264!\206\260/CM\026\270\376i\235i\235I\023N"
 490      B42186B0 
 490      2F434D16 
 490      B8FE699D 
 490      699D4913 
 491 1781 9BE719D7 		.ascii	"\233\347\031\327\032l0@A\253\254\216\366p\213i\275\237"
 491      1A6C3040 
 491      41ABAC8E 
 491      F6708B69 
 491      BD9F
 492 1793 53A301BA 		.ascii	"S\243\001\272\257\263\231\2762\330<\201\236\336\302"
 492      AFB399BE 
 492      32D83C81 
 492      9EDEC2
 493 17a2 009AC24D 		.ascii	"\000\232\302M\241\240\353\032o\323zpIH\220\365\013\203"
 493      A1A0EB1A 
 493      6FD37A70 
 493      494890F5 
 493      0B83
 494 17b4 CD03E45A 		.ascii	"\315\003\344Z\327x\031\014\334\201Z~\365\200V\203MG"
 494      D778190C 
 494      DC815A7E 
 494      F5805683 
 494      4D47
 495 17c6 9F5296A0 		.ascii	"\237R\226\240\340\227Af\033t"
 495      E0974166 
 495      1B74
 496 17d0 F793A940 		.ascii	"\367\223\251@\024\366\225#\006\033\0167\254\323\230"
ARM GAS  /tmp/ccvd7i7a.s 			page 40


 496      14F69523 
 496      061B0E37 
 496      ACD398
 497 17df BE24EC35 		.ascii	"\276$\3545_\332\300\250p\270XM!\341\036V\2031\324\346"
 497      5FDAC0A8 
 497      70B8584D 
 497      21E11E56 
 497      8331D4E6 
 498 17f3 010062B8 		.ascii	"\001\000b\270\242z\340\005\317\202\302\327\206YL\036"
 498      A27AE005 
 498      CF82C2D7 
 498      86594C1E 
 499 1803 5FDA6C96 		.ascii	"_\332l\226\360\371\214\035\204\333j\223\305\024j\004"
 499      F0F98C1D 
 499      84DB6A93 
 499      C5146A04 
 500 1813 638041D8 		.ascii	"c\200A\330g\237\207{\232\2762\333\214a\253L\032\313"
 500      679F877B 
 500      9ABE32DB 
 500      8C61AB4C 
 500      1ACB
 501 1825 AA0D446B 		.ascii	"\252\015Dkj:p\266y\261\220\374\000\030\363\253\227\315"
 501      6A3A70B6 
 501      79B190FC 
 501      0018F3AB 
 501      97CD
 502 1837 1A6C369A 		.ascii	"\032l6\232\254\320\231D\356j\253\326F\376\002A\270a"
 502      ACD09944 
 502      EE6AABD6 
 502      46FE0241 
 502      B861
 503 1849 7570D01A 		.ascii	"up\320\032\300C\200\023\305\255\266 \233\311\323F/\224"
 503      C0438013 
 503      C5ADB620 
 503      9BC9D346 
 503      2F94
 504 185b 3E3428C4 		.ascii	">4(\304\2446\256\015\262\300\303\260\340U&r\0155}i\262"
 504      A436AE0D 
 504      B2C0C3B0 
 504      E0552672 
 504      0D357D69 
 505 1870 80B78CB6 		.ascii	"\200\267\214\266\257\260e\305;B\260\305\023\322\004"
 505      AFB065C5 
 505      3B42B0C5 
 505      13D204
 506 187f E2C2607B 		.ascii	"\342\302`{\343\225\003\276\326\010\246\301\010\013\226"
 506      E39503BE 
 506      D608A6C1 
 506      080B96
 507 188e F705CB4A 		.ascii	"\367\005\313J\301\362\236`y\0278\254\000X.X~,X>\360"
 507      C1F29E60 
 507      791738AC 
 507      00582E58 
 507      7E2C583E 
 508 18a3 261DC800 		.ascii	"&\035\310\000\000\357\037|=/\303\372\225!$\334\214a"
 508      00EF1F7C 
 508      3D2FC3FA 
ARM GAS  /tmp/ccvd7i7a.s 			page 41


 508      952124DC 
 508      8C61
 509 18b5 A130AE36 		.ascii	"\2410\2566\032\000\3460/\307\250\200\262!\341\020\327"
 509      1A00E630 
 509      2FC7A880 
 509      B221E110 
 509      D7
 510 18c6 9EDC91B6 		.ascii	"\236\334\221\266\327]x\212\341k\\k5\256]\005\254\\\253"
 510      D75D788A 
 510      E16B5C6B 
 510      35AE5D05 
 510      AC5CAB
 511 18d9 804400C3 		.ascii	"\200D\000\303\007\317\375\3353\330`\025#\330=\023\030"
 511      07CFFDDD 
 511      33D86015 
 511      23D83D13 
 511      18
 512 18ea 60780E91 		.ascii	"`x\016\221\373;\323\232_\230-V\333\247T1W\265\\k\217"
 512      FB3BD39A 
 512      5F982D56 
 512      DBA75431 
 512      57B55C6B 
 513 18ff CA8FF6F8 		.ascii	"\312\217\366\370\004ld\035 X>]\273\352w\246`S\220\325"
 513      046C641D 
 513      20583E5D 
 513      BBEA77A6 
 513      605390D5 
 514 1913 F43DB7E2 		.ascii	"\364=\267\342Vm\200\3613\033\211\313\215ku!A\340X\332"
 514      566D80F1 
 514      331B89CB 
 514      8D6B7521 
 514      41E058DA 
 515 1927 1DAFFA8C 		.ascii	"\035\257\372\214\306.\321\331\024\0025\344\263u\020"
 515      C62ED1D9 
 515      140235E4 
 515      B37510
 516 1936 4241A166 		.ascii	"BA\241f#\011r_y3D\301z\033\011g\317\3656h\011\266\005"
 516      2309725F 
 516      793344C1 
 516      7A1B0967 
 516      CFF53668 
 517 194d 7991C7E6 		.ascii	"y\221\307\346\020\0220\320D2\216\\W\257\0135\002\011"
 517      101230D0 
 517      44328E5C 
 517      57AF0B35 
 517      0209
 518 195f B9B00762 		.ascii	"\271\260\007b\212\2567[l\353\202\202\015\244\213ECz"
 518      8AAE375B 
 518      6CEB8282 
 518      0DA48B45 
 518      437A
 519 1971 0459FC9C 		.ascii	"\004Y\374\234\032\015\266\327\\\351X\006\351\200\232"
 519      1A0DB6D7 
 519      5CE95806 
 519      E9809A
 520 1980 0BFB96C2 		.ascii	"\013\373\226\302cHM\013\271j-<4-<4-$45\026\032\014\320"
 520      63484D0B 
ARM GAS  /tmp/ccvd7i7a.s 			page 42


 520      B96A2D3C 
 520      342D3C34 
 520      2D243435 
 521 1998 48D3CB07 		.ascii	"H\323\313\007D\020\3237\320\256^@\262\316\0029e\323"
 521      4410D337 
 521      D0AE5E40 
 521      B2CE0239 
 521      65D3
 522 19aa 4B8D902A 		.ascii	"K\215\220*\016\237\370\232W\005\233x\024A\266\363B\277"
 522      0E9FF89A 
 522      57059B78 
 522      1441B6F3 
 522      42BF
 523 19bc F25D2823 		.ascii	"\362](#\342\215\316j\373\"(\330\274&\324`\363\226|I"
 523      E28DCE6A 
 523      FB2228D8 
 523      BC26D460 
 523      F3967C49 
 524 19d0 CB0CF59C 		.ascii	"\313\014\365\234\257q\265!l\365j11\2759JrO\317\357i"
 524      AF71B521 
 524      6CF56A31 
 524      31BD394A 
 524      724FCFEF 
 525 19e5 FA89084D 		.ascii	"\372\211\010M:?\007\362E\2609\304\354\350E\362P$\244"
 525      3A3F07F2 
 525      45B039C4 
 525      ECE845F2 
 525      5024A4
 526 19f8 C68A08B5 		.ascii	"\306\212\010\265X\307\0210\333\333!\325\034\346#\225"
 526      58C71130 
 526      DBDB21D5 
 526      1CE62395 
 527 1a08 27F39F4D 		.ascii	"'\363\237MDI\342=r\257\203\373p\233E\274]\017.5\207"
 527      4449E23D 
 527      72AF83FB 
 527      709B45BC 
 527      5D0F2E35 
 528 1a1d 85722B57 		.ascii	"\205r+W\254\344V\222\033-1\015\310\310\365\317&\013"
 528      ACE45692 
 528      1B2D310D 
 528      C8C8F5CF 
 528      260B
 529 1a2f E5695E05 		.ascii	"\345i^\005\2163\2576\233,\2424\302\327}j8\002\031\212"
 529      8E33AF36 
 529      9B2CA234 
 529      C2D77D6A 
 529      3802198A 
 530 1a43 3B04250B 		.ascii	";\004%\013+P\347\367\033\254\177\010\015\0163~\361\212"
 530      2B50E7F7 
 530      1BAC7F08 
 530      0D0E337E 
 530      F18A
 531 1a55 84D94012 		.ascii	"\204\331@\022\212\225\205u\224Vo0\230B\203>\203\321"
 531      8A958575 
 531      94566F30 
 531      9842833E 
 531      83D1
ARM GAS  /tmp/ccvd7i7a.s 			page 43


 532 1a67 315BFEE4 		.ascii	"1[\376\344\023\024\374e\320\006+T\214`\230\015\337\222"
 532      1314FC65 
 532      D0062B54 
 532      8C60980D 
 532      DF92
 533 1a79 B381F00B 		.ascii	"\263\201\360\013\374\360\343\337\377\352\367\0227R1"
 533      FCF0E3DF 
 533      FFEAF712 
 533      375231
 534 1a88 8C21BF80 		.ascii	"\214!\277\200\020e\232\200\374\337\002G/\312\235\360"
 534      10659A80 
 534      FCDF0247 
 534      2FCA9DF0 
 535 1a98 F6311856 		.ascii	"\3661\030V\231\255\016\346\006\032\325\006\303\262\367"
 535      99AD0EE6 
 535      061AD506 
 535      C3B2F7
 536 1aa7 DE7BF71D 		.ascii	"\336{\367\035O\021\373_\201\223\321\347"
 536      4F11FB5F 
 536      8193D1E7 
 537              		.text
 538              		.section	.gnu.lto_.symtab.aedea34417db7834,"",%progbits
 539 0000 63685265 		.ascii	"chRegFirstThread\000"
 539      67466972 
 539      73745468 
 539      72656164 
 539      00
 540 0011 00       		.ascii	"\000"
 541 0012 00       		.ascii	"\000"
 542 0013 00       		.ascii	"\000"
 543 0014 00000000 		.ascii	"\000\000\000\000\000\000\000\000"
 543      00000000 
 544 001c 8B010000 		.ascii	"\213\001\000\000"
 545 0020 63685265 		.ascii	"chRegNextThread\000"
 545      674E6578 
 545      74546872 
 545      65616400 
 546 0030 00       		.ascii	"\000"
 547 0031 00       		.ascii	"\000"
 548 0032 00       		.ascii	"\000"
 549 0033 00000000 		.ascii	"\000\000\000\000\000\000\000\000"
 549      00000000 
 550 003b 8F010000 		.ascii	"\217\001\000\000"
 551 003f 63685F64 		.ascii	"ch_debug\000"
 551      65627567 
 551      00
 552 0048 00       		.ascii	"\000"
 553 0049 00       		.ascii	"\000"
 554 004a 00       		.ascii	"\000"
 555 004b 00000000 		.ascii	"\000\000\000\000\000\000\000\000"
 555      00000000 
 556 0053 37020000 		.ascii	"7\002\000\000"
 557 0057 636800   		.ascii	"ch\000"
 558 005a 00       		.ascii	"\000"
 559 005b 02       		.ascii	"\002"
 560 005c 00       		.ascii	"\000"
 561 005d 00000000 		.ascii	"\000\000\000\000\000\000\000\000"
ARM GAS  /tmp/ccvd7i7a.s 			page 44


 561      00000000 
 562 0065 FD010000 		.ascii	"\375\001\000\000"
 563 0069 63685468 		.ascii	"chThdRelease\000"
 563      6452656C 
 563      65617365 
 563      00
 564 0076 00       		.ascii	"\000"
 565 0077 02       		.ascii	"\002"
 566 0078 00       		.ascii	"\000"
 567 0079 00000000 		.ascii	"\000\000\000\000\000\000\000\000"
 567      00000000 
 568 0081 93010000 		.ascii	"\223\001\000\000"
 569              		.text
 570              		.section	.gnu.lto_.opts,"",%progbits
 571 0000 272D666D 		.ascii	"'-fmath-errno' '-fsigned-zeros' '-ftrapping-math' '"
 571      6174682D 
 571      6572726E 
 571      6F272027 
 571      2D667369 
 572 0033 2D666E6F 		.ascii	"-fno-trapv' '-fno-openmp' '-fno-openacc' '-mcpu=cor"
 572      2D747261 
 572      70762720 
 572      272D666E 
 572      6F2D6F70 
 573 0066 7465782D 		.ascii	"tex-m0' '-mno-thumb-interwork' '-mthumb' '-O2' '-fo"
 573      6D302720 
 573      272D6D6E 
 573      6F2D7468 
 573      756D622D 
 574 0099 6D69742D 		.ascii	"mit-frame-pointer' '-falign-functions=16' '-ffuncti"
 574      6672616D 
 574      652D706F 
 574      696E7465 
 574      72272027 
 575 00cc 6F6E2D73 		.ascii	"on-sections' '-fdata-sections' '-fno-common' '-flto"
 575      65637469 
 575      6F6E7327 
 575      20272D66 
 575      64617461 
 576 00ff 2700     		.ascii	"'\000"
 577              		.text
 578              		.comm	__gnu_lto_v1,1,1
 579              		.comm	__gnu_lto_slim,1,1
 580              		.ident	"GCC: (GNU Tools for Arm Embedded Processors 7-2017-q4-major) 7.2.1 20170904 (release) [ARM
ARM GAS  /tmp/ccvd7i7a.s 			page 45


DEFINED SYMBOLS
                            *ABS*:0000000000000000 chregistry.c
                            *COM*:0000000000000001 __gnu_lto_v1
                            *COM*:0000000000000001 __gnu_lto_slim

NO UNDEFINED SYMBOLS
