ARM GAS  /tmp/ccBuqG4f.s 			page 1


   1              		.cpu arm7tdmi
   2              		.eabi_attribute 20, 1
   3              		.eabi_attribute 21, 1
   4              		.eabi_attribute 23, 3
   5              		.eabi_attribute 24, 1
   6              		.eabi_attribute 25, 1
   7              		.eabi_attribute 26, 1
   8              		.eabi_attribute 30, 2
   9              		.eabi_attribute 34, 0
  10              		.eabi_attribute 18, 4
  11              		.file	"chregistry.c"
  12              		.section	.gnu.lto_.profile.83c852b8b8d09417,"",%progbits
  13 0000 789C6363 		.ascii	"x\234cc```\001bF\006Y!\000\000\304\000;"
  13      60606001 
  13      62460659 
  13      210000C4 
  13      003B
  14              		.text
  15              		.section	.gnu.lto_.icf.83c852b8b8d09417,"",%progbits
  16 0000 789C6363 		.ascii	"x\234cc``\020f@\000f\206\331\033V\\\340ez\262\2709\214"
  16      60601066 
  16      40006686 
  16      D91B565C 
  16      E0657AB2 
  17 0017 79E7E4C5 		.ascii	"y\347\344\305\017\230\030\000R\256\010#"
  17      0F981800 
  17      52AE0823 
  18              		.text
  19              		.section	.gnu.lto_.jmpfuncs.83c852b8b8d09417,"",%progbits
  20 0000 789C6363 		.ascii	"x\234cc``Pd@\000&\020fdd\254\237\303\314\300\304T\011"
  20      60605064 
  20      40002610 
  20      666464AC 
  20      9FC3CCC0 
  21 0017 E4311E60 		.ascii	"\3441\036`ad\000\342\377@\300\317\300\000\000U\034\007"
  21      616400E2 
  21      FF40C0CF 
  21      C0000055 
  21      1C07
  22 0029 60       		.ascii	"`"
  23              		.text
  24              		.section	.gnu.lto_.inline.83c852b8b8d09417,"",%progbits
  25 0000 789C6363 		.ascii	"x\234cc``\320g@\000&\006\006N\016F\006&\236\007\261"
  25      6060D067 
  25      40002606 
  25      064E0E46 
  25      06269E07 
  26 0015 0C6C0BE4 		.ascii	"\014l\013\344\231 b\274\242@!\376E\305\014\354\035\352"
  26      992062BC 
  26      A24021FE 
  26      45C50CEC 
  26      1DEA
  27 0027 10216E06 		.ascii	"\020!n\006\006\306\011~\014\000\201m\005K"
  27      06C6097E 
  27      0C00816D 
  27      054B
  28              		.text
ARM GAS  /tmp/ccBuqG4f.s 			page 2


  29              		.section	.gnu.lto_.pureconst.83c852b8b8d09417,"",%progbits
  30 0000 789C6363 		.ascii	"x\234cc```\007b&\206]\214L\273\030\001\005\345\001\210"
  30      60606007 
  30      6226865D 
  30      8C4CBB18 
  30      0105E501 
  31              		.text
  32              		.section	.gnu.lto_chRegFirstThread.83c852b8b8d09417,"",%progbits
  33 0000 789C8552 		.ascii	"x\234\205R\333K\024Q\034>\2779\353\354z\311G\037LhM"
  33      DB4B1451 
  33      1C3EBF39 
  33      EBEC7AC9 
  33      471F4C68 
  34 0015 7C106227 		.ascii	"|\020b'\037\353-\002\337\202\260?\240\207mI#[\231\331"
  34      1FEB2D02 
  34      DF82B03F 
  34      A0876D49 
  34      235B99D9 
  35 0029 209F1C77 		.ascii	" \237\034w5\267\024\212r\267\262\311\266$\334\227.\326"
  35      35B7148A 
  35      72B7B2C9 
  35      B624DC97 
  35      2ED6
  36 003b 6A79C936 		.ascii	"jy\3116\357\231\227\022\243B\221\330R\360\202`A\320"
  36      EF999712 
  36      A34291D8 
  36      52F08260 
  36      41D0
  37 004d CDFACECC 		.ascii	"\315\372\316\314R\272\004\0163g\3169\277\357\367\375"
  37      52BA040E 
  37      3367CE39 
  37      BFEFF7FD 
  38 005d BEF33B9F 		.ascii	"\276\363;\237\314\030\273\300\031k\301\177'>\342\214"
  38      CC18BBC0 
  38      196BC17F 
  38      273EE28C 
  39 006d A48B938C 		.ascii	"\244\213\223\214\3258$\"1\321\035\304\252%\252\246F"
  39      D5382422 
  39      31D11DC4 
  39      AA25AAA6 
  39      46
  40 007e DEC4E975 		.ascii	"\336\304\351u\355\003\2037p\0030\033\226\353\023\315"
  40      ED038337 
  40      7003301B 
  40      96EB13CD 
  41 008e 1FB3C592 		.ascii	"\037\263\305\222\310\211\345\352\332p,\253\250M\327"
  41      C889E5EA 
  41      DA702CAB 
  41      A84DD7
  42 009d FD7AFC4A 		.ascii	"\375z\374J8\343z\354\225\236np\211\205\001\217Q\036"
  42      38E37AEC 
  42      959E6E70 
  42      8985018F 
  42      511E
  43 00af 3DA23C51 		.ascii	"=\242<Q\243\203\212\030\320\203\013?\2473y\001\211\371"
  43      A3838A18 
  43      D0830B3F 
ARM GAS  /tmp/ccBuqG4f.s 			page 3


  43      A7337901 
  43      89F9
  44 00c1 4A70B4CD 		.ascii	"Jp\264\315Q\330jf.Fso\005\364Q\335\206T\352$\2765\233"
  44      51D86A66 
  44      2E46736F 
  44      05F451DD 
  44      8654EA24 
  45 00d8 0978A27D 		.ascii	"\011x\242}#\264C\266\321c*\024\344\340|B2\375\015\324"
  45      23B443B6 
  45      D1632A14 
  45      E4E07C42 
  45      32FD0DD4 
  46 00ec EA78E25F 		.ascii	"\352x\342_\243\262\271\037\346\304RB_j\2254F]\"&m\342"
  46      A3B2B91F 
  46      E6C45242 
  46      5F6A9534 
  46      465D2226 
  47 0102 63D40D9A 		.ascii	"c\324\015\232\036B\036\006\002\255\250p\177:-\256o\374"
  47      1E421E06 
  47      02ADA870 
  47      7F3A2DAE 
  47      6FFC
  48 0114 AEC79972 		.ascii	"\256\307\231r\242MK-\205\350\210\301\221\210\001)B\003"
  48      A24D4B2D 
  48      85E888C1 
  48      91880129 
  48      4203
  49 0126 0B4204BA 		.ascii	"\013B\004\272\245\307\3319\0040\013\304\331\012\325"
  49      A5C7D939 
  49      04300BC4 
  49      D90AD5
  50 0135 247A1AE7 		.ascii	"$z\032\347f\311dd\304\312Q)\3327\260\220\225\257\323"
  50      66C96464 
  50      C4CA5129 
  50      DA37B090 
  50      95AFD3
  51 0148 4DFDAAD3 		.ascii	"M\375\252\323@:\266>\337{\370&\323&\001\321K\371\030"
  51      403AB63E 
  51      DF7BF826 
  51      D32601D1 
  51      4BF918
  52 015b 9F928D2D 		.ascii	"\237\222\215-\223\277\373[\242\265X\350o\346\242\325"
  52      93BFFB5B 
  52      A2B558E8 
  52      6FE6A2D5 
  53 016b E1BAFE29 		.ascii	"\341\272\376)\273hu\232y\232\256\256\325Y{\365/\335"
  53      BB68759A 
  53      799AAEAE 
  53      D5597BF5 
  53      2FDD
  54 017d 818D08B7 		.ascii	"\201\215\010\267\272\022\013\254_\312\216P\013\031\\"
  54      BA120BAC 
  54      5FCA8E50 
  54      0B195C
  55 018c A667B8B2 		.ascii	"\246g\270\262>\3211\004:G\346~8\224\273\342\350\221"
  55      3ED13104 
  55      3A47E67E 
ARM GAS  /tmp/ccBuqG4f.s 			page 4


  55      3894BBE2 
  55      E891
  56 019e 1306B753 		.ascii	"\023\006\267S\234\"\024\342\311f~\177\033\250\223\222"
  56      9C2214E2 
  56      C9667E7F 
  56      1BA89392 
  57 01ae D1DB249A 		.ascii	"\321\333$\232\376\234\224\020\232\006-\375\244\260E"
  57      FE9C9410 
  57      9A062DFD 
  57      A4B045
  58 01bd F24772CD 		.ascii	"\362Gr\315\006\343\250\020c\212[\272v\207,q\264Y\234"
  58      06E3A810 
  58      638A5BBA 
  58      76872C71 
  58      B4599C
  59 01d0 648AEBED 		.ascii	"d\212\353\355\237\030\226!\244\006\2248\245\003I4\220"
  59      9F189621 
  59      A4069438 
  59      A5034934 
  59      90
  60 01e1 D43253FF 		.ascii	"\3242S\377n>\323\252\206P:\015\232R$Ql\010\305\226)"
  60      6E3ED3AA 
  60      86503A0D 
  60      9A522451 
  60      6C08C596 
  61 01f6 103EFB9E 		.ascii	"\020>\373\236[\324\222\305\336Q?\336\236!\330\323\211"
  61      5BD492C5 
  61      DE513FDE 
  61      9E21D8D3 
  61      89
  62 0207 68183C10 		.ascii	"h\030<\0200s\336,\237R,\222\263M\265\221\177\325FIA"
  62      3073DE2C 
  62      9F522C92 
  62      B34DB591 
  62      7FD54649 
  63 021c 85E42D85 		.ascii	"\205\344-\205\347S\335s\2713#\351\036\276\305!/\320"
  63      E753DD73 
  63      B93323E9 
  63      1EBEC521 
  63      2FD0
  64 022e 8731DC67 		.ascii	"\2071\334g\252\243>\355\207\243\306\004\336\266\005"
  64      AAA33EED 
  64      87A3C604 
  64      DEB605
  65 023d FF12F871 		.ascii	"\377\022\370q\341\250q\313\004A\332\316\005\023\246"
  65      E1A871CB 
  65      0441DACE 
  65      0513A6
  66 024c 0B26E182 		.ascii	"\013&\341\2025\362\177h\2701$'] \356+\210{\201\275\200"
  66      35F27F68 
  66      B8312427 
  66      5D20EE2B 
  66      887B81BD 
  67 0261 73BA5C8A 		.ascii	"s\272\\\212\365z5E\365)\232\352V\334e\252\347x\271\346"
  67      F57A3545 
  67      F5299AEA 
  67      56DC65AA 
ARM GAS  /tmp/ccBuqG4f.s 			page 5


  67      E778B9E6 
  68 0275 53AB5C6E 		.ascii	"S\253\\n&\371*w\245`\312O\271O\236>\346\001N\253\322"
  68      26F92A77 
  68      A560CA4F 
  68      B94F9E3E 
  68      E6014EAB 
  69 028a 5C656C77 		.ascii	"\\elwJ\274\322\253\3724\345@\351! \334^\325\003HN\205"
  69      4ABCD2AB 
  69      FA34E540 
  69      E92120DC 
  69      5ED50348 
  70 02a0 A63AC573 		.ascii	"\246:\305s\360\360\221\322\243\356=\316\202\275g\366"
  70      F0F091D2 
  70      A3EE3DCE 
  70      82BD67F6 
  71 02b0 95307B85 		.ascii	"\2250{\205\247\302\253V\3757\\\\\302\376\000\210\214"
  71      A7C2AB56 
  71      FD375C5C 
  71      C2FE0088 
  71      8C
  72 02c1 53F7     		.ascii	"S\367"
  73              		.text
  74              		.section	.gnu.lto_chRegNextThread.83c852b8b8d09417,"",%progbits
  75 0000 789C8553 		.ascii	"x\234\205S\335O\024w\024\275g~\263\263\353\356\312\243"
  75      DD4F1477 
  75      14BD677E 
  75      B3B3EBEE 
  75      CAA3
  76 0012 0FC6D8B5 		.ascii	"\017\306\330\265\226\032\022\303\330\207>\340\2331\361"
  76      961A12C3 
  76      D8873EE0 
  76      9B31F1
  77 0021 AD4963FF 		.ascii	"\255Ic\377\200&]\211\232\310Gv\327D\236\030`)\254\305"
  77      80265D89 
  77      9AC84776 
  77      D7449E18 
  77      6029ACC5 
  78 0035 A4F16369 		.ascii	"\244\361ci\350\306n\253F\015*\312W\013E]A\021E\020\221"
  78      E8C66EAB 
  78      460D2ACA 
  78      570B455D 
  78      41114510 
  79 004a 26C40F62 		.ascii	"&\304\017bh \001)\211>\220h[\333\363\233!\255l0Nvgg"
  79      68200129 
  79      893E9068 
  79      5BDBF39B 
  79      21AD6C30 
  80 0062 7EF7DC7B 		.ascii	"~\367\334{\356=\367\254%\"\207M\221\237\370\373)\277"
  80      EE3DF7AC 
  80      2522874D 
  80      919FF8FB 
  80      29BF
  81 0074 F0098C6F 		.ascii	"\360\011\214oGEj\002\206a6+q\202\352\325]\021'\254`"
  81      47456A02 
  81      8661362B 
  81      7182EAD5 
  81      5D1127AC 
ARM GAS  /tmp/ccBuqG4f.s 			page 6


  82 0089 7AE726A0 		.ascii	"z\347&\240\037\234\000\244\332P&\252\321\244\216+<H"
  82      1F9C00A4 
  82      DA5026AA 
  82      D1A48E2B 
  82      3C48
  83 009b 5ECEA86F 		.ascii	"^\316\250oTF\011L\276\276\030i\371\275@\277\002\021"
  83      5446094C 
  83      BEBE1869 
  83      F9BD40BF 
  83      0211
  84 00ad BE2E2C0E 		.ascii	"\276.,\016v\206\213\316:N\255\223k^\012~\3379\346\254"
  84      76868BCE 
  84      3A4EAD93 
  84      6B5E0A7E 
  84      DF39E6AC 
  85 00c1 C92843D2 		.ascii	"\311(C\322\204wb\003:\260A\263w\241\210\340\2333\177"
  85      84776203 
  85      3AB041B3 
  85      77A188E0 
  85      9B337F
  86 00d4 8D87D466 		.ascii	"\215\207\324f\010\237\207\223\303\223\326\2263n\342"
  86      089F8793 
  86      C393D696 
  86      336EE2
  87 00e3 C269E57C 		.ascii	"\302i\345|\304,tC\275\235\250\013\341gl\321\370\311"
  87      C42C7443 
  87      BD9DA80B 
  87      E1676CD1 
  87      F8C9
  88 00f5 894BE743 		.ascii	"\211K\347C\352c77\2658\376GA\341)7w\266u\375\217u\316"
  88      EA633737 
  88      B538FE47 
  88      41E12937 
  88      77B675FD 
  89 010c 9063EAFC 		.ascii	"\220c\352\374_V\346\353\213\360\351+oN\254\265L\364"
  89      5F56E6EB 
  89      8BF0E92B 
  89      6F4EACB5 
  89      4CF4
  90 011e A030AB44 		.ascii	"\2400\253D\267\306\216za\341\277X\322\341\225[j\265"
  90      B7C68E7A 
  90      61E1BF58 
  90      D2E1955B 
  90      6AB5
  91 0130 DCF3B482 		.ascii	"\334\363\264\202\344\205\036\326\333\024\360W\0353\336"
  91      E4851ED6 
  91      DB14F057 
  91      1D33DE
  92 013f 2A29E863 		.ascii	"*)\350c\231\253`\036o`YM\3226\356\3139o\376i\240\"\353"
  92      99AB601E 
  92      6F60594D 
  92      D236EECB 
  92      396FFE69 
  93 0156 5ADBE7E6 		.ascii	"Z\333\347\346\012\303\020}np \245\364\315\202\036\313"
  93      0AC3107D 
  93      6E7020A5 
  93      F4CD821E 
ARM GAS  /tmp/ccBuqG4f.s 			page 7


  93      CB
  94 0167 EF9E8A34 		.ascii	"\357\236\2124\262!*\357\344$\305\352|\252\313\311s\324"
  94      B2212AEF 
  94      E424C5EA 
  94      7CAACBC9 
  94      73D4
  95 0179 4C3F6F7A 		.ascii	"L?oz\362\030nu\201\224\221\365\334\265\201\231\360\246"
  95      F2186E75 
  95      819491F5 
  95      DCB58199 
  95      F0A6
  96 018b 247E70BE 		.ascii	"$~p\276\213d\224\251\033yy\251\375\267\220i\020q\015"
  96      8B6494A9 
  96      1B7979A9 
  96      FDB79069 
  96      10710D
  97 019e 9B78BF0E 		.ascii	"\233x\277\016S\346Q\333\373j\272\255D\317\322\242\374"
  97      53E651DB 
  97      FB6ABAAD 
  97      44CFD2A2 
  97      FC
  98 01af 44A5EBFB 		.ascii	"D\245\353\373\357\373\365\322\014w\262\276\376\221A"
  98      EFFBF5D2 
  98      0C77B2BE 
  98      FE9141
  99 01be 2B8B9335 		.ascii	"+\213\2235\034-[\316\206|-l)\247\025ct\242ar*d_\324"
  99      1C2D5BCE 
  99      867C2D6C 
  99      29A71563 
  99      74A26172 
 100 01d6 734774C6 		.ascii	"sGt\306\015dqBk&\350\207-\263\250\315nt\345c\363,/3"
 100      0D647142 
 100      6B26E887 
 100      2DB3A8CD 
 100      6E74E563 
 101 01ee 483E1A18 		.ascii	"H>\032\030\275\020^\205\316r\351zz\026\036\373\253\377"
 101      BD105E85 
 101      CE72E97A 
 101      7A161EFB 
 101      ABFF
 102 0200 76023CC8 		.ascii	"v\002<\310R[}\326Y\367\342h\001[@F\371q\223^\033Xf\357"
 102      525B7DD6 
 102      59F7E268 
 102      015B4046 
 102      F971935E 
 103 0218 BEFDE4CF 		.ascii	"\276\375\344\317\200\307\236]b4\200[.?\274]\236\033"
 103      80C79E5D 
 103      6234805B 
 103      2E3FBC5D 
 103      9E1B
 104 022a 3AD251C0 		.ascii	":\322Q\300Z\215\014\3173\274\006\203\354Ip\033\325\356"
 104      5A8D0CCF 
 104      33BC0683 
 104      EC49701B 
 104      D5EE
 105 023c BA531498 		.ascii	"\272S\024\230\276\246\202Z\205\271\311z\313k\313\310"
 105      BEA6825A 
ARM GAS  /tmp/ccBuqG4f.s 			page 8


 105      85B9C97A 
 105      CB6BCBC8 
 106 024c 1B3BE20E 		.ascii	"\033;\342\016\355\177\307\320A\014\271\244\206\036\372"
 106      ED7FC7D0 
 106      410CB9A4 
 106      861EFA
 107 025b 0E09E651 		.ascii	"\016\011\346Q\227\376:\345\363j)\257\\W\303\275+A=e"
 107      97FE3AE5 
 107      F36A29AF 
 107      5C57C3BD 
 107      2B413D65 
 108 026f 10C05DD6 		.ascii	"\020\300]\326!\343\304ahL\276\306_\311{\350\206\377"
 108      21E3C461 
 108      684CBEC6 
 108      5FC97BE8 
 108      86FF
 109 0281 A7BB079B 		.ascii	"\247\273\007\233\024\356(\346\262\031fa\210\2476\226"
 109      14EE28E6 
 109      B2196661 
 109      88A73696 
 110 0291 8D919ECA 		.ascii	"\215\221\236\3127\357\261\356\320\262y\325\012\203\216"
 110      37EFB1EE 
 110      D0B279D5 
 110      0A838E
 111 02a0 7051A3B4 		.ascii	"pQ\243\264P\276\241g\266\323\320\243\032o\256\300\337"
 111      50BEA167 
 111      B6D3D0A3 
 111      1A6FAEC0 
 111      DF
 112 02b1 277E4C1B 		.ascii	"'~L\033z\314\363]\023\336g\274\007\256\361\306i\274"
 112      7ACCF35D 
 112      13DE67BC 
 112      07AEF1C6 
 112      69BC
 113 02c3 05249FA5 		.ascii	"\005$\237\245\236\272*\345\355=\224V>\202\036rK\264"
 113      9EBA2AE5 
 113      ED3D9456 
 113      3E821E72 
 113      4BB4
 114 02d5 5A468565 		.ascii	"ZF\205e\2216:\325\274\336ST/w\211*R\036\343u\373\035"
 114      91363AD5 
 114      BCDE5354 
 114      2F77892A 
 114      521EE375 
 115 02eb 502AF5BA 		.ascii	"P*\365\272\255\204\377\014h\011\310\022).\266\275OE"
 115      AD84FF0C 
 115      6809C812 
 115      292EB6BD 
 115      4F45
 116 02fd DC8E25EC 		.ascii	"\334\216%\354x,jG\367\305J\367\356\217'bU\305Q1\022"
 116      782C6A47 
 116      F7C54AF7 
 116      EE8F2762 
 116      55C55131 
 117 0312 95AA3C51 		.ascii	"\225\252<Q\371A\036n\177y\364\300\301=\245\304\306\253"
 117      F9411E6E 
 117      7F79F4C0 
ARM GAS  /tmp/ccBuqG4f.s 			page 9


 117      C13DA5C4 
 117      C6AB
 118 0324 E2C5FBE4 		.ascii	"\342\305\373\344\303\274xeE,\021\267w\354\376\214\210"
 118      C3BC7865 
 118      452C11B7 
 118      77ECFE8C 
 118      88
 119 0335 6845AC94 		.ascii	"hE\254\224\220ue\361XD_;?\377b\367\227\321\255\221\315"
 119      907565F1 
 119      58445F3B 
 119      3FFF62F7 
 119      97D1AD91 
 120 034a DB0E95EC 		.ascii	"\333\016\225\354\022\177YiYE\254j\325\360'\273\344_"
 120      127F5969 
 120      5945AC6A 
 120      D5F027BB 
 120      E45F
 121 035c B87EAA86 		.ascii	"\270~\252\206"
 122              		.text
 123              		.section	.gnu.lto_ch_debug.83c852b8b8d09417,"",%progbits
 124 0000 789C2D8E 		.ascii	"x\234-\216MKBQ\020\206\317\353\361\226\3465\015\"Z\334"
 124      4D4B4251 
 124      1086CFEB 
 124      F196E635 
 124      0D225ADC 
 125 0014 DAB52F57 		.ascii	"\332\265/W.\373\011\375$#\213(\010\002\335\304\025\244"
 125      2EFB09FD 
 125      24238B28 
 125      0802DDC4 
 125      15A4
 126 0026 16152D12 		.ascii	"\026\025-\022*?\263\314\264HrQ\030\324\246\014\261\014"
 126      2A3FB3CC 
 126      B4487251 
 126      18D4A60C 
 126      B10C
 127 0038 D42CFA40 		.ascii	"\324,\372@\012j\306s/gxx\356;3L\237\020\342\031B\320"
 127      0A6AC673 
 127      2F677878 
 127      EE3B334C 
 127      9F10E219 
 128 004e EB7D2189 		.ascii	"\353}!\211\335f\252\353^\226\246\244\237\244\351\271"
 128      DD66AAEB 
 128      5E96A6A4 
 128      9FA4E9B9 
 129 005e 9D98A5E3 		.ascii	"\235\230\245\343\244\353\215\362\205\246t\2144\231m"
 129      A4EB8DF2 
 129      85A6748C 
 129      34996D
 130 006d F9941964 		.ascii	"\371\224\031d\355`\275\352R:J\372\366\033I8\225\016"
 130      ED60BDEA 
 130      523A4AFA 
 130      F61B4938 
 130      950E
 131 007f 935E772E 		.ascii	"\223^w.#V\352%\375i\204\356\240T']\313|\224\254\305"
 131      2356EA25 
 131      FD6984EE 
 131      A054275D 
ARM GAS  /tmp/ccBuqG4f.s 			page 10


 131      CB7C94AC 
 132 0094 0E52F321 		.ascii	"\016R\363!\177o\315\026\370\214\253`\314\224\312\355"
 132      7F6FCD16 
 132      F88CAB60 
 132      CC94CAED 
 133 00a4 A4E5D0EB 		.ascii	"\244\345\320\353\014\0330;I\372\331]j[\335#\244\225"
 133      0C1B303B 
 133      49FAD95D 
 133      6A5BDD23 
 133      A495
 134 00b6 4473ABD7 		.ascii	"Ds\253\327lC\233\207\363\357\261M\235]B\222v6j\013\272"
 134      6C439B87 
 134      F3EFB14D 
 134      9D5D4292 
 134      76366A0B 
 135 00cb 8A5F382E 		.ascii	"\212_8.\376}\347<*\266\221\336>\325\263.\025?r\\Y1\253"
 135      FE7DE73C 
 135      2AB691DE 
 135      3ED5B32E 
 135      153F725C 
 136 00e2 0EE52DF6 		.ascii	"\016\345-\366\325\371\355\033\233?\036X\214\006\246"
 136      D5F9ED1B 
 136      9B3F1E58 
 136      8C06A6
 137 00f1 4D69C794 		.ascii	"Mi\307\224\201\"\014\370\014\024\010\247Ty\252\023\252"
 137      81220CF8 
 137      0C1408A7 
 137      5479AA13 
 137      AA
 138 0102 1C0C1EF8 		.ascii	"\034\014\036\370\252\225&T\177T3\245\026\246+\317\340"
 138      AA952654 
 138      7F5433A5 
 138      16A62BCF 
 138      E0
 139 0113 0FD3F17B 		.ascii	"\017\323\361{0\302\264\366\230!q\304\260#\313\320\024"
 139      30C2B4F6 
 139      982171C4 
 139      B023CBD0 
 139      14
 140 0124 FA70C8E8 		.ascii	"\372p\310\350G\206\341@\232\341D\2121\200$\303\205\004"
 140      4786E140 
 140      9AE1448A 
 140      318024C3 
 140      8504
 141 0136 4357CBDC 		.ascii	"CW\313\334\2103\006q\300\360`\237\341U\331\020C\340"
 141      88330671 
 141      C0F0609F 
 141      E155D910 
 141      43E0
 142 0148 1C7EF10F 		.ascii	"\034~\361\017}r\223\260"
 142      7D7293B0 
 143              		.text
 144              		.section	.gnu.lto_.symbol_nodes.83c852b8b8d09417,"",%progbits
 145 0000 789C6363 		.ascii	"x\234cc``\010\000b\006\246W\014\365\014\014\023\316"
 145      60600800 
 145      6206A657 
 145      0CF50C0C 
ARM GAS  /tmp/ccBuqG4f.s 			page 11


 145      13CE
 146 0012 3180A85D 		.ascii	"1\200\250]\015\216\014\014\254o\030\030\024@2\257\031"
 146      0D8E0C0C 
 146      AC6F1818 
 146      144032AF 
 146      19
 147 0023 EA195165 		.ascii	"\352\031Qe^206*\001\245\030\3371\3243\201\245\030\030"
 147      5E323036 
 147      2A01A518 
 147      DF31D433 
 147      81A51818 
 148 0037 1A1A1C18 		.ascii	"\032\032\034\030\030\230\231X\030\236\264\275\221g\000"
 148      18989958 
 148      189EB4BD 
 148      916700
 149 0046 00134F13 		.ascii	"\000\023O\023\016"
 149      0E
 150              		.text
 151              		.section	.gnu.lto_.refs.83c852b8b8d09417,"",%progbits
 152 0000 789C6363 		.ascii	"x\234cc``\340\006bF bbdbbda\000\000\001n\000 "
 152      6060E006 
 152      62462062 
 152      62646262 
 152      64610000 
 153              		.text
 154              		.section	.gnu.lto_.decls.83c852b8b8d09417,"",%progbits
 155 0000 789CBD3B 		.ascii	"x\234\275;iTTW\232u\337\255\005\212\0022\352\244M\017"
 155      69545457 
 155      9A75DFAD 
 155      058A0232 
 155      EAA44D0F 
 156 0014 339DB149 		.ascii	"3\235\261I\232\231>\212&\351t2\3353\223>=\335\2353="
 156      9A993E8A 
 156      26E97432 
 156      DD33933E 
 156      3DDD9D33 
 157 0029 DD734E4F 		.ascii	"\335sNO\372\2349g\316L\015)K%a\353\252\"\321\314\217"
 157      FA9C3967 
 157      CE4C0D29 
 157      4B2561EB 
 157      AA22D1CC 
 158 003e 2EF635B2 		.ascii	".\3665\262\252\240\030PQ\301\005QQ\220\265XD\024DD\001"
 158      AAA01850 
 158      51C10551 
 158      5190B558 
 158      44144444 
 159 0053 05594445 		.ascii	"\005YDE\004QYT\266\310|w\251z\257\212W&?\246\247\216"
 159      04515954 
 159      B6C87C77 
 159      A97AAF8A 
 159      57263FA6 
 160 0069 1FEF7DEF 		.ascii	"\037\357}\357~\367~\373w\227\367T+\024\212\302\267\025"
 160      7EF77EFB 
 160      7797F754 
 160      2B148AC2 
 160      B715
 161 007b 8A748D42 		.ascii	"\212t\215BQ\204\024\212%\370)\341Y=\000\240\212_\220"
ARM GAS  /tmp/ccBuqG4f.s 			page 12


 161      5184148A 
 161      25F829E1 
 161      593D00A0 
 161      8A5F90
 162 008e 3FF0C300 		.ascii	"?\360\303\0001p\237\000\220\002 \000>\003\327\015\202"
 162      31709F00 
 162      90022000 
 162      3E03D70D 
 162      82
 163 009f C2E9A701 		.ascii	"\302\351\247\001B-\\W\000\254\342\375\375\340\372#\240"
 163      422D5C57 
 163      00ACE2FD 
 163      FDE0FA23 
 163      A0
 164 00b0 7B17600A 		.ascii	"{\027`\012\360\233\000\277\004\320 6\3568\\;\000\314"
 164      F09B00BF 
 164      04D02036 
 164      EE385C3B 
 164      00CC
 165 00c2 002ACEE7 		.ascii	"\000*\316\347}\240\375\011\300\337\003\374\243\300d"
 165      7DA0FD09 
 165      C0DF03FC 
 165      A3C064
 166 00d1 9941CEBC 		.ascii	"\231A\316\274|\241\263\267\033^d|)\277\017\004\306\357"
 166      7CA1B3B7 
 166      1B5E647C 
 166      29BF0F04 
 166      C6EF
 167 00e3 67704DE6 		.ascii	"gpM\346|\267\"\306\233\360U+\230n\256|\355\272~(,\347"
 167      7CB722C6 
 167      9BF0552B 
 167      986EAE7C 
 167      EDBA7E28 
 168 00f9 6F50B27E 		.ascii	"oP\262~\204\347\233\000\337AL\216\357\000\355z\201\311"
 168      84E79B00 
 168      DF414C8E 
 168      EF00ED7A 
 168      81C9
 169 010b F5265CFF 		.ascii	"\365&\\\377\032\340/\000\376\022\340\373\000\177\003"
 169      1AE02F00 
 169      FE12E0FB 
 169      007F03
 170 011a F01AC0DF 		.ascii	"\360\032\300\337\002\274\001\340\007\360C\200\327\001"
 170      02BC01E0 
 170      07F04380 
 170      D701
 171 0128 BE0BF03D 		.ascii	"\276\013\360=\200\037\000\374\025\200?\300\032\027\033"
 171      801F00FC 
 171      15803FC0 
 171      1A171B
 172 0137 DB7FD918 		.ascii	"\333\177\331\030M\354\265\266\370`\001\221\373[\266"
 172      4DECB5B6 
 172      F8600191 
 172      FB5BB6
 173 0146 719BC7BA 		.ascii	"q\233\307\272cV\366\363\370g\005:\215\260\235\360jl"
 173      6356F6F3 
 173      F867053A 
ARM GAS  /tmp/ccBuqG4f.s 			page 13


 173      8DB09DF0 
 173      6A6C
 174 0158 691E4EC1 		.ascii	"i\036N\301h\205\026)\001\235\274\274\373\216\017\240"
 174      68851629 
 174      019DBCBC 
 174      FB8E0FA0 
 175 0168 ABB4E875 		.ascii	"\253\264\350u@\313\037\035-\367f\2556B]4\222\267]\307"
 175      40CB1F1D 
 175      2DF766AD 
 175      36425D34 
 175      92B75DC7 
 176 017c F0F7004D 		.ascii	"\360\367\000M\210\231\357Q\342\037R.\375-\305G\311@"
 176      8899EF51 
 176      E21F522E 
 176      FD2DC547 
 176      C940
 177 018e 3FD02212 		.ascii	"?\320\"\022+\276\360\350\304\303ss\336\354\021\241\350"
 177      2BBEF0E8 
 177      C4C37373 
 177      DEEC11A1 
 177      E8
 178 019f 4C9B2AD4 		.ascii	"L\233*\324\340w\311\2750xs\341\226\017\322\006$Z\255"
 178      E077C9BD 
 178      307873E1 
 178      960FD206 
 178      245AAD
 179 01b2 D1D68218 		.ascii	"\321\326\202\030\253\347\207\012t\026\371\2413\310O"
 179      ABE7870A 
 179      7416F9A1 
 179      33C84F
 180 01c1 816A5100 		.ascii	"\201jQ\000\351S\206\326)P\025<\254\204\207\207\210\354"
 180      E95386D6 
 180      2950153C 
 180      AC848787 
 180      88EC
 181 01d3 B62B39FF 		.ascii	"\266+9\377\220;e\265\276\216j\220\026U#Li \010~\240"
 181      903B65B5 
 181      BE8E6A90 
 181      1655234C 
 181      6920087E 
 182 01e8 65DA1417 		.ascii	"e\332\024\027f\354W\343\213\210\362\250\332s\357\274"
 182      66EC57E3 
 182      8B88F2A8 
 182      DA73EFBC 
 183 01f8 E08E47BD 		.ascii	"\340\216G\275[\036=\225k\232\343\254V\001\331\200G\235"
 183      5B1E3D95 
 183      6B9AE3AC 
 183      5601D980 
 183      479D
 184 020a C8035832 		.ascii	"\310\003X2&\326\354\205|o\334N\215+<\216\331s\320\255"
 184      26D6EC85 
 184      7C6FDC4E 
 184      8D2B3C8E 
 184      D973D0AD 
 185 021e 224D6E99 		.ascii	"\"Mn\231<\357]\237;O\024i\004&\015\"\023\233\235\311"
 185      3CEF5D9F 
 185      3B4F1469 
ARM GAS  /tmp/ccBuqG4f.s 			page 14


 185      04260D22 
 185      139B9DC9 
 186 0232 ADC73BE3 		.ascii	"\255\307;\343\3258\021S\313\355\256\232\271\244bf\367"
 186      D5381153 
 186      CBEDAE9A 
 186      B9A46266 
 186      F7
 187 0243 0074AE62 		.ascii	"\000t\256b<O\2153Y\333\245\341\354~\001\3472\304\356"
 187      3C4F8D33 
 187      59DBA5E1 
 187      EC7E01E7 
 187      32C4EE
 188 0256 AF55DC5F 		.ascii	"\257U\334_{\027\312\316{\341}\254\361\324L\312k\270"
 188      7B17CACE 
 188      7BE17DAC 
 188      F1D44CCA 
 188      6BB8
 189 0268 98DD37DD 		.ascii	"\230\3357\335\271\326\242\302\245\014I9\035\273O\211"
 189      B9D6A2C2 
 189      A50C4939 
 189      1DBB4F89 
 190 0278 EB1952B9 		.ascii	"\353\031R\271\243z\302\003\2670\244\376\353\233yZ|\203"
 190      A37AC203 
 190      B730A4FE 
 190      EB9B795A 
 190      7C83
 191 028a 219D4FDA 		.ascii	"!\235O\332\366z1)^\001\364\354\310\305f-\343eE\200/"
 191      F67A3129 
 191      5E01F4EC 
 191      C8C5662D 
 191      E3654580 
 192 029f 1EBC72C3 		.ascii	"\036\274r\303\003\0171\332\252\362\352f.\361z@S\323"
 192      030F31DA 
 192      AAF2EA66 
 192      2EF17A40 
 192      53D3
 193 02b1 AD17BCF0 		.ascii	"\255\027\274\360\003\326\326\234\026\233\252\3053\024"
 193      03D6D69C 
 193      169BAAC5 
 193      3314
 194 02bf 119E5E7D 		.ascii	"\021\236^}\230\253vg\277\036\267\366\233\177\015\"\031"
 194      98AB7667 
 194      BF1EB7F6 
 194      9B7F0D22 
 194      19
 195 02d0 7583F1BA 		.ascii	"u\203\361\272d\214\327<\364\365\224/\266*)\273\270/"
 195      648CD73C 
 195      F4F5942F 
 195      B62A29BB 
 195      B82F
 196 02e2 8FEF2272 		.ascii	"\217\357\"r\252Y`j\340\321\335'\363g\225\354\021\031"
 196      AA59606A 
 196      E0D1DD27 
 196      F36795EC 
 196      1119
 197 02f4 6D2BB154 		.ascii	"m+\261T\356\255\223>8\236v\021j\257U\304z\243\000\255"
 197      EEAD933E 
ARM GAS  /tmp/ccBuqG4f.s 			page 15


 197      389E7611 
 197      6AAF55C4 
 197      7AA300AD 
 198 0308 3DE8DECD 		.ascii	"=\350\336\315}B|\325\017\354\372Dvj\302-\221\220\270"
 198      7D427CD5 
 198      0FECFA44 
 198      766AC22D 
 198      9190B8
 199 031b CA7D0BE4 		.ascii	"\312}\013\344Vs\271{\341\341Mx\010<\246\346\236\224"
 199      5673B97B 
 199      E1E14D78 
 199      083CA6E6 
 199      9E94
 200 032d 29713AE3 		.ascii	")q:\343q:k1\307\307\301\243\247\362\25534\350\206\200"
 200      713A6B31 
 200      C7C7C1A3 
 200      A7F2AD33 
 200      34E88680 
 201 0341 C780C8A3 		.ascii	"\307\200\310\243\037\271e2(\317\244'\365Z\237\032\347"
 201      1FB96532 
 201      28CFA427 
 201      F55A9F1A 
 201      E7
 202 0352 3026E5AD 		.ascii	"0&\345\255\267\026\260\203\311\363\336wX\320\335\001"
 202      B716B083 
 202      C9F3DE77 
 202      58D0DD01 
 203 0362 26B74526 		.ascii	"&\267E&C\356\231\014\3133\3313\335\377\300\223\2717"
 203      43EE990C 
 203      CB33D933 
 203      DDFFC093 
 203      B937
 204 0374 00D0B4E9 		.ascii	"\000\320\264\351\214\036\025\376\212\331\333^BV\260"
 204      8C1E15FE 
 204      8AD9DB5E 
 204      4256B0
 205 0383 12B237AD 		.ascii	"\022\2627\255\353,\306\305\254-\351XR\263\017>\315\220"
 205      EB2CC6C5 
 205      AC2DE958 
 205      52B30F3E 
 205      CD90
 206 0395 FD75550F 		.ascii	"\375uU\0175\270\221\367\352\216\276\243\305\235\014"
 206      35B891F7 
 206      EA8EBEA3 
 206      C59D0C
 207 03a4 B97DEB42 		.ascii	"\271}\353B\251\017\356fH\325\363=U\276\270\237!\227"
 207      A90FEE66 
 207      48D5F33D 
 207      55BEB89F 
 207      2197
 208 03b6 EF2C4D69 		.ascii	"\357,Mi\361]\206\\\215\332\007\241:\316\373X\027rux"
 208      F15D865C 
 208      8DDA07A1 
 208      3ACEFB58 
 208      17727578 
 209 03ca 92E9BDA7 		.ascii	"\222\351\275\247a\377i\301\241\367\245\357\222`\231"
 209      61FF69C1 
ARM GAS  /tmp/ccBuqG4f.s 			page 16


 209      A1F7A5EF 
 209      926099
 210 03d9 04A51F7F 		.ascii	"\004\245\037\177+\245\237\310+\335>\231\274\350\213"
 210      2BA59FC8 
 210      2BDD3E99 
 210      BCE88B
 211 03e8 9F337629 		.ascii	"\2373v);&\016\371\340%\206,\214f\337DLe\035\240\321"
 211      3B260EF9 
 211      E025862C 
 211      8C66DF44 
 211      4C651DA0 
 212 03fd 5537337C 		.ascii	"U73|Yf\014\321p\274R0\355\201SU\224\366\\F&\010\235"
 212      59660CD1 
 212      70BC5230 
 212      ED815355 
 212      94F65C46 
 213 0414 C990819C 		.ascii	"\311\220\201\234\224*/|\220!\265iS\025\236\370\030C"
 213      942A2F7C 
 213      9021B569 
 213      53159EF8 
 213      1843
 214 0426 1266874B 		.ascii	"\022f\207K}\361\031\225S6\255b\331\364(\366\336\020"
 214      7DF11995 
 214      5336AD62 
 214      D9F428F6 
 214      DE10
 215 0438 4FC4D580 		.ascii	"O\304\325\200\036\270\3368\245\302\325\214\364D\334"
 215      1EB8DE38 
 215      A5C2D58C 
 215      F444DC
 216 0447 DD620F68 		.ascii	"\335b\017h\363\203hG\222\032\354\307jp\231m\372\270"
 216      F3836847 
 216      921AECC7 
 216      6A70996D 
 216      FAB8
 217 0459 1237525A 		.ascii	"\0227RZ\341\344\361\273\237H\242|]\\\002\211\300h\001"
 217      E1E4F1BB 
 217      9F48A27C 
 217      5D5C0289 
 217      C06801
 218 046c B24270D8 		.ascii	"\262Bp\330\311\217\233)\332j=`\305\253\025\350m?\264"
 218      C98F9B29 
 218      DA6A3D60 
 218      C5AB15E8 
 218      6D3FB4
 219 047f 1E8C1425 		.ascii	"\036\214\024%\004\220A\251\221\226\300H/\230\221\212"
 219      049041A9 
 219      9196C048 
 219      2F98918A 
 220 048f F38B9ABC 		.ascii	"\363\213\232\274\361e\306`\340\370\343v,\211\3615\247"
 220      F165C660 
 220      E0F8E376 
 220      2C89F135 
 220      A7
 221 04a0 698CC701 		.ascii	"i\214\307\001\207\030\221\0030\224g\021+\317\":\353"
 221      87189103 
 221      30946711 
ARM GAS  /tmp/ccBuqG4f.s 			page 17


 221      2BCF223A 
 221      EB
 222 04b1 DA314FDC 		.ascii	"\3321O\334\305XD\237O\277\252\261\327\017\347\356\211"
 222      C558449F 
 222      4FBFAAB1 
 222      D70FE7EE 
 222      89
 223 04c2 32DDED89 		.ascii	"2\335\355\211\020\300\022!\001$\211\027%\211\023x\001"
 223      10C01221 
 223      01248917 
 223      25891378 
 223      01
 224 04d3 B1C7F72A 		.ascii	"\261\307\367*\026\337ME\347\006\274q?\263pJ\352\213"
 224      16DF4D45 
 224      E706BC71 
 224      3FB3704A 
 224      EA8B
 225 04e5 1318DF63 		.ascii	"\023\030\337c\354'\266\027\225\253\345\331\177\351\226"
 225      EC27B617 
 225      95ABE5D9 
 225      7FE996
 226 04f4 7D032D5E 		.ascii	"}\003-^\251\300;E\206wM\374T\004\236`\274\012\033O\\"
 226      A9C03B45 
 226      86774DFC 
 226      54049E60 
 226      BC0A1B4F 
 227 0509 D5E0A78C 		.ascii	"\325\340\247\214\327\315\247\255Y\222\240\246\203d\300"
 227      D7CDA7AD 
 227      5992A0A6 
 227      8364C0
 228 0518 2069AE83 		.ascii	" i\256\203\310\010\223.o\312\374\232\253\305J\374\202"
 228      C808932E 
 228      6FCAFC9A 
 228      ABC54AFC 
 228      82
 229 0529 31EB9AAD 		.ascii	"1\353\232\255\231\327\34185A\224\307b\216<Q\242\000"
 229      99D7E138 
 229      354194C7 
 229      628E3C51 
 229      A200
 230 053b 3F04C488 		.ascii	"?\004\304\210\261$\213\007\005\332\005\034\263\004l"
 230      B1248B07 
 230      05DA051C 
 230      B3046C
 231 054a 5F6BECB6 		.ascii	"_k\354\266\002\267'\177$\217\341\336\203^e\370g\003"
 231      02B7277F 
 231      248FE1DE 
 231      835E65F8 
 231      6703
 232 055c 7FD2A440 		.ascii	"\177\322\244@;\005?\264C\240\334O\346\265\314yj9u\342"
 232      3B053FB4 
 232      43A0DC4F 
 232      E6B5CC79 
 232      6A3975E2 
 233 0570 3751DF9E 		.ascii	"7Q\337\236]j\322\351\222\035\363\004\312\001I\3549\253"
 233      5D6AD2E9 
 233      921DF304 
ARM GAS  /tmp/ccBuqG4f.s 			page 18


 233      CA0149EC 
 233      39AB
 234 0582 40B9828E 		.ascii	"@\271\202\216/i\362o\234\033P\342d\252\007\272cm\274"
 234      2F69F26F 
 234      9C1B50E2 
 234      64AA07BA 
 234      636DBC
 235 0595 26E04C86 		.ascii	"&\340L\206\034?0p\320\023\357fHMo\346\2507.`\310@\311"
 235      1C3F3070 
 235      D013EF66 
 235      484D6FE6 
 235      A8372E60 
 236 05ac 8B6A352E 		.ascii	"\213j5.dH\376\255\311\343\032|\230\"B\367\322\350(\244"
 236      6448FEAD 
 236      C9E31A7C 
 236      982242F7 
 236      D2E828A4 
 237 05c0 758084F1 		.ascii	"u\200\204\361\177\277*\326\212} \252^\307\355\317<s"
 237      7FBF2AD6 
 237      8A7D20AA 
 237      5EC7EDCF 
 237      3C73
 238 05d2 A11DA7DD 		.ascii	"\241\035\247\335\207TR\242\002A\207\362E\357\350uL\300"
 238      875452A2 
 238      024187F2 
 238      45EFE875 
 238      4CC0
 239 05e4 A1E8E66B 		.ascii	"\241\350\346k\036\370\032c6\371\350\372\2427\356a\210"
 239      1EF81A63 
 239      36F9E8FA 
 239      A237EE61 
 239      88
 240 05f5 75AEB657 		.ascii	"u\256\266W\215\373\030\322\267cv\310\023\0170\244\245"
 240      8DFB18D2 
 240      B76376C8 
 240      130F30A4 
 240      A5
 241 0606 2BA54E89 		.ascii	"+\245N\211o3\344p\353\220U\205\3572\244:\271u\321\003"
 241      6F33E470 
 241      EB905585 
 241      EF32A43A 
 241      B975D103 
 242 061a DF67C8EE 		.ascii	"\337g\310\356\312\204h-\036c\310\321\245\3514\035\236"
 242      CA84682D 
 242      1E63C8D1 
 242      A5E9341D 
 242      9E
 243 062b 60C86CF5 		.ascii	"`\310l\365\325\375\002+\032\376\200\036\261\245\264"
 243      D5FD022B 
 243      1AFE801E 
 243      B1A5B4
 244 063a 6016E105 		.ascii	"`\026\341\005B6\366j\213kK\360@\376\354\2672\300\337"
 244      4236F66A 
 244      8B6B4BF0 
 244      40FEECB7 
 244      32C0DF
 245 064d 7F3FD1D7 		.ascii	"\177?\321\327\366\254z\305\201\030k\313z\252\312~\242"
ARM GAS  /tmp/ccBuqG4f.s 			page 19


 245      F6AC7AC5 
 245      81186BCB 
 245      7AAACA7E 
 245      A2
 246 065e 8AB05254 		.ascii	"\212\260RT~\221Z\376,\371\253`\364\363?\331m\265\305"
 246      7E915AFE 
 246      2CF9AB60 
 246      F4F33FD9 
 246      6DB5C5
 247 0671 624A5EEC 		.ascii	"bJ^\354J\036H\2507\210\304\015?\025\211\213d\211\245"
 247      4A1E48A8 
 247      3788C40D 
 247      3F15898B 
 247      6489A5
 248 0684 43774AA8 		.ascii	"CwJ\250\017\271R7/\223dXB^\350J\336\261\\p\011\371W"
 248      0FB95237 
 248      2F936458 
 248      425EE84A 
 248      DEB15C70 
 249 069b AEE423C8 		.ascii	"\256\344#\310E\3621\011\365\001y\253P\352\014\022\020"
 249      45F23109 
 249      F50179AB 
 249      50EA0C12 
 249      10
 250 06ac E90048A9 		.ascii	"\351\000H\251@\307 \226\217B,\243#\274\007\204\005:"
 250      40C72096 
 250      8F422CA3 
 250      23BC0784 
 250      053A
 251 06be 03F15322 		.ascii	"\003\361S\"\370\243\023\000\345\000\245\000g\001N\002"
 251      F8A31300 
 251      E500A500 
 251      67014E02 
 252 06ce 9C06380E 		.ascii	"\234\0068\016pJ\360\247\271\306\302\353Y\325+Q0 \031"
 252      704AF0A7 
 252      B9C6C2EB 
 252      59D52B51 
 252      302019
 253 06e1 41C1234B 		.ascii	"A\301#K\341\020l@\352\257\203\362jK\364\270$\321\343"
 253      E1106C40 
 253      EAAF83F2 
 253      6A4BF4B8 
 253      24D1E3
 254 06f4 B0BC4D29 		.ascii	"\260\274M)5\231\307\207'\036\251\244\351'\245U\240\012"
 254      3599C787 
 254      271EA9A4 
 254      E927A555 
 254      A00A
 255 0706 47FA952F 		.ascii	"G\372\225/\215=Q\3419\032u\370\344\370\231\"_\264\322"
 255      8D3D51E1 
 255      391A75F8 
 255      E4F89922 
 255      5FB4D2
 256 0719 3F20834F 		.ascii	"? \203O\264\324\022\016\026\347\200g%\267D5X\242\212"
 256      B4D4120E 
 256      16E78067 
 256      25B74435 
ARM GAS  /tmp/ccBuqG4f.s 			page 20


 256      58A28A
 257 072c 6BCAA46B 		.ascii	"k\312\244k\257]\305\224\201\301\321^N*\023M\314.\315"
 257      AF5DC594 
 257      81C1D15E 
 257      4E2A134D 
 257      CC2ECD
 258 073f B5CC2E95 		.ascii	"\265\314.\225\316v!\313\223[\365c\002\216\322\320<\030"
 258      CE7621CB 
 258      935BF563 
 258      028ED2D0 
 258      3C18
 259 0751 1F39DA2D 		.ascii	"\0379\332-\340D\206\344\0156\014\360uL\023\301\317\016"
 259      E04486E4 
 259      0D360CF0 
 259      754C13C1 
 259      CF0E
 260 0763 6627E978 		.ascii	"f'\351xV\220\355P\363\325\245ZO\234\311\210O/\025\307"
 260      5690ED50 
 260      F3D5A55A 
 260      4F9CC988 
 260      4F2F15C7 
 261 0777 63BC9B22 		.ascii	"c\274\233\"?=|\355\326\270'(\246[\351\277\322\237\374"
 261      3F3D7CED 
 261      D6B82728 
 261      A65BE9BF 
 261      D29FFC
 262 078a 857FFEE4 		.ascii	"\205\177\376\344>\000~,\207\002\374W\371\323&\377\000"
 262      3E007E2C 
 262      8702FC57 
 262      F9D326FF 
 262      00
 263 079b 7F9D8E3C 		.ascii	"\177\235\216<\014\360w\374\002\334Xd\024V(\215\334\""
 263      0CF077FC 
 263      02DC5864 
 263      1456288D 
 263      DC22
 264 07ad 83609126 		.ascii	"\203`\221&'\213\014>\304\017\316o\377\322Z\320\200\320"
 264      278B0C3E 
 264      C40FCE6F 
 264      FFD25AD0 
 264      80D0
 265 07bf 79304A2B 		.ascii	"y0J+\247\2261\212\304S\315N\236\"\375\230y"
 265      A796318A 
 265      C453CD4E 
 265      9E22FD98 
 265      79
 266 07d0 9CA2D306 		.ascii	"\234\242\323\006\321YG\242\363\005pm\341\022|\015\367"
 266      D15947A2 
 266      F305706D 
 266      E1127C0D 
 266      F7
 267 07e1 8B10810B 		.ascii	"\213\020\201\013\000\363\000s\000\263\000\317\001\236"
 267      00F30073 
 267      00B300CF 
 267      019E
 268 07ef 013C0598 		.ascii	"\001<\005\230\001\230\006\270\015\320\017p\013\240\017"
 268      019806B8 
ARM GAS  /tmp/ccBuqG4f.s 			page 21


 268      0DD00F70 
 268      0BA00F
 269 07fe A017E012 		.ascii	"\240\027\340\022\300E\200\013NZ4\374\007\213:\250\233"
 269      C045800B 
 269      4E5A34FC 
 269      078B3AA8 
 269      9B
 270 080f F5E0D516 		.ascii	"\365\340\325\026\251\002\345n\222\307!^-\357\361\247"
 270      A902E56E 
 270      92C7215E 
 270      2DEFF1A7 
 271 081f 13AFBD97 		.ascii	"\023\257\275\227\347\020\331\233\235C.\002V,+\035\217"
 271      E710D99B 
 271      9D432E02 
 271      562C2B1D 
 271      8F
 272 0830 6EF2306D 		.ascii	"n\3620m\005\313\236\227\247wuI\233\223KZY\3628)|\025"
 272      05CB9E97 
 272      A7777549 
 272      9B934B5A 
 272      59F23829 
 273 0846 5A49BEA2 		.ascii	"ZI\276\242N\030\261\215+|\003\024\276\012\002w\000\\"
 273      4E18B18D 
 273      2B7C0314 
 273      BE0A0277 
 273      005C
 274 0858 7612FACE 		.ascii	"v\022\372\316,~Qf\265&\251Q;Hq\201\367\221\255\217\022"
 274      2C7E5166 
 274      B526A951 
 274      3B487181 
 274      F791AD8F 
 275 086d 31AE3889 		.ascii	"1\2568\211\321\37621n\002\353o\026c\3700\266\026\256"
 275      D1FE3231 
 275      6E02EB6F 
 275      1663F830 
 275      B616AE
 276 0880 A631D622 		.ascii	"\2461\326\"/\203\275\372@\306v\357\322D\321@\350\004"
 276      2F83BDFA 
 276      40C676EF 
 276      D244D140 
 276      E804
 277 0892 B24B9CFC 		.ascii	"\262K\234\374\"\2207;\207\262\223@\216\366\036\020\342"
 277      2290373B 
 277      87B29340 
 277      8EF61E10 
 277      E2
 278 08a3 3A17A81B 		.ascii	":\027\250\033\356\273@\230k\256\3312'\315\226\313\300"
 278      EEBB4098 
 278      6BAED932 
 278      27CD96CB 
 278      C0
 279 08b4 E2BA9B39 		.ascii	"\342\272\2339F\236G\033\357\341\236GC \213e{6.\037_"
 279      469E471B 
 279      EFE19E47 
 279      43208B65 
 279      7B362E1F 
 280 08c9 52A25E94 		.ascii	"R\242^\224\260\022u\335\271D\261\306\373\213\270\350"
ARM GAS  /tmp/ccBuqG4f.s 			page 22


 280      B01275DD 
 280      B944B1C6 
 280      FB8BB8E8 
 281 08d9 40265936 		.ascii	"@&Y6\020s\264\213;\025B\355 \232\305s\245d\345\332&"
 281      1073B48B 
 281      3B1542ED 
 281      209AC573 
 281      A564E5DA 
 282 08ee 37C4C84E 		.ascii	"7\304\310N\015Y\024\022\257^\021\373\267\321\376L\334"
 282      0D591412 
 282      AF5E11FB 
 282      B7D1FE4C 
 282      DC
 283 08ff BE87787B 		.ascii	"\276\207x{k\2745=\210\356\235\257\273\006\3535\347\340"
 283      6BBC353D 
 283      88EE9DAF 
 283      BB06EB35 
 283      E7E0
 284 0911 266BD57F 		.ascii	"&k\325\177g\372\221-\343\015yr\211G\207\377Ut\350=N"
 284      67FA912D 
 284      E30D7972 
 284      894787FF 
 284      5574E83D 
 285 0926 ED30E65D 		.ascii	"\3550\346]W\352\251\337\262\261\007\200\352\276\353"
 285      57EAA9DF 
 285      B2B10780 
 285      EABEEB
 286 0935 D823C8C5 		.ascii	"\330#\310\3059\313J\345\0208D\256T\362\351\200\333\272"
 286      39CB4AE5 
 286      103844AE 
 286      54F2E980 
 286      DBBA
 287 0947 D18DAD73 		.ascii	"\321\215\255sc\250\255\011\357\007\242\255\032\355\266"
 287      63A8AD09 
 287      EF07A2AD 
 287      1AEDB6
 288 0956 B2B2625B 		.ascii	"\262\262b[\314\303gXX\205\306\344E\244\012e\312I\250"
 288      CCC36758 
 288      5885C6E4 
 288      45A40A65 
 288      CA49A8
 289 0969 A0DD8878 		.ascii	"\240\335\210xS \336$\304\316\023\200\307\000\343\000"
 289      5320DE24 
 289      C4CE1380 
 289      C700E300 
 290 0979 F700EE02 		.ascii	"\367\000\356\002\334q\212\247\371\3370\233\020\367\214"
 290      DC718AA7 
 290      F9DF309B 
 290      10F78C
 291 0988 03433282 		.ascii	"\003C2\202\333\005\324\2136I\345y\370M\324S\277fC\217"
 291      DB05D48B 
 291      3649E579 
 291      F84DD453 
 291      BF66438F 
 292 099c 00F1847B 		.ascii	"\000\361\204{bIy\270\357T\036Fd\312\303Sh\235!\375\247"
 292      624979B8 
 292      EF541E46 
ARM GAS  /tmp/ccBuqG4f.s 			page 23


 292      64CAC353 
 292      689D21FD 
 293 09b1 61C0FBDC 		.ascii	"a\300\373\334\031c\240\355\003\320lT\324\214l0\223T"
 293      1963A0ED 
 293      03D06C54 
 293      D48C6C30 
 293      9354
 294 09c3 8FA746AD 		.ascii	"\217\247F\255\326L\035\335\212?\342\035\334\227\207"
 294      D64C1DDD 
 294      8A3FE21D 
 294      DC9787
 295 09d2 B1574929 		.ascii	"\261WI)!\2414\305iej\003\017\374x\025\011\374\373rK"
 295      21A134C5 
 295      69656A03 
 295      0FFC7815 
 295      09FCFB72 
 296 09e7 227063C9 		.ascii	"\"pc\311E\356\306\207\240\372\263o\245\372\004P\212"
 296      45EEC687 
 296      A0FAB36F 
 296      A5FA0450 
 296      8A
 297 09f8 AA3F64AA 		.ascii	"\252?d\252\273\231S\321#PX\234V\035!\226\032\223BB\214"
 297      BB9953D1 
 297      2350589C 
 297      561D2196 
 297      1A934242 
 298 0a0d 0CF55C0C 		.ascii	"\014\365\\\014\261\363t,\207l\371v\331`6\234}\251\013"
 298      B1F3742C 
 298      876CF976 
 298      D960369C 
 298      7DA90B
 299 0a20 49505FE4 		.ascii	"IP_\344S\023I\307\271o\242\276\364\241\230\273\363\356"
 299      531349C7 
 299      B96FA2BE 
 299      F4A198BB 
 299      F3EE
 300 0a32 8999BCDD 		.ascii	"\211\231\274\335ujbB\240YnB\330\005\304\304Xs\326\323"
 300      756A6242 
 300      A0596E42 
 300      D805C4C4 
 300      5873D6D3 
 301 0a46 FDF2D73C 		.ascii	"\375\362\327<\015\370^\215\255v\027$\363\341\245\237"
 301      0DF85E8D 
 301      AD761724 
 301      F3E1A59F 
 302 0a56 E6586D51 		.ascii	"\346XmQ\230np\223\005\031\342$A\262\222\376\011#&\033"
 302      986E7093 
 302      0519E224 
 302      41B292FE 
 302      0923261B 
 303 0a6a D9ED72C4 		.ascii	"\331\355r\304\322\231\266\273\222\307;l\366P\246\353"
 303      D299B6BB 
 303      92C73B6C 
 303      F650A6EB 
 304 0a7a D26111B9 		.ascii	"\322a\021\271\004|\357\373bm\336\355J\275|\013\320)"
 304      047CEFFB 
 304      626DDEED 
ARM GAS  /tmp/ccBuqG4f.s 			page 24


 304      4ABD7C0B 
 304      D029
 305 0a8c 21DF234F 		.ascii	"!\337#O.u\3059\356\012\262(\315s%_\276\037\231\177\217"
 305      2E75C539 
 305      EE0AB228 
 305      CD73255F 
 305      BE1F997F 
 306 0aa1 8D4E1615 		.ascii	"\215N\026\0255\362\344\022\321\037UpM\355\363V\213\233"
 306      35F2E412 
 306      D11F5570 
 306      4DEDF356 
 306      8B9B
 307 0ab3 798B6BFA 		.ascii	"y\213k\372\236\363,\264\234Z\352\351\012V\031[\334T"
 307      9EF32CB4 
 307      9C5AEAE9 
 307      0A56195B 
 307      DC54
 308 0ac5 C6A51932 		.ascii	"\306\245\0312\301\220\000o\020\367\256-\2640\022\006"
 308      C190006F 
 308      10F7AE2D 
 308      B4301206 
 309 0ad5 E48CB8BE 		.ascii	"\344\214\270\276\246\316k\020\365#\362\002\346\025\332"
 309      A6CE6B10 
 309      F523F202 
 309      E615DA
 310 0ae4 1B21F617 		.ascii	"\033!\366\027\256\004(\276d\377!\366\034\236\012\354"
 310      AE0428BE 
 310      64FF21F6 
 310      1C9E0AEC 
 311 0af4 C2490962 		.ascii	"\302I\011b\357\202\034O\004>\206`\037\227\376\343\003"
 311      EF821C4F 
 311      043E8660 
 311      1F97FEE3 
 311      03
 312 0b05 20E9A8AC 		.ascii	" \351\250\254\235\261\263\377\024\214\236\311#\366c"
 312      9DB1B3FF 
 312      148C9EC9 
 312      23F663
 313 0b14 8F049199 		.ascii	"\217\004\221\231\244\3132Y\025\216f\207P\242\222\364"
 313      A4CB3259 
 313      158E6687 
 313      50A292F4 
 314 0b24 9EECAE77 		.ascii	"\236\354\256wU\354\361\032B\003\200\177O\241\260z\204"
 314      55ECF11A 
 314      4203807F 
 314      4FA1B07A 
 314      84
 315 0b35 D2A74FCF 		.ascii	"\322\247O\317\324\237T\343b\017\366N\344\330\311b\345"
 315      D49F54E3 
 315      620FF64E 
 315      E4D8C962 
 315      E5
 316 0b46 EA9D7C6E 		.ascii	"\352\235|nxEI\375#V\225h\274\032\376\206)\331x\031\247"
 316      784549FD 
 316      23569568 
 316      BC1AFE86 
 316      29D97819 
ARM GAS  /tmp/ccBuqG4f.s 			page 25


 317 0b5b 4A1B356B 		.ascii	"J\0335k\012\254\005CV[O\232*\345^<\324\005\341\003B"
 317      0AAC0543 
 317      565B4F9A 
 317      2AE55E3C 
 317      D405E103 
 318 0b70 85A2B0C3 		.ascii	"\205\242\260\303\021p\013\177\255x\010\241%a\020D\213"
 318      11700B7F 
 318      AD7808A1 
 318      25611044 
 318      8B
 319 0b81 C16BA0F7 		.ascii	"\301k\240\367W\005C\261\236\270\217\361\275\261PrM\247"
 319      570543B1 
 319      9EB88FF1 
 319      BDB15072 
 319      4DA7
 320 0b93 14F8621F 		.ascii	"\024\370b\037\030\220C\207\370\322\015\356E\211\247"
 320      18904387 
 320      F8D20DEE 
 320      4589A7
 321 0ba2 A2C4612E 		.ascii	"\242\304a.K\337\311\334\002\017.K\357\017IlY\311\301"
 321      4BDFC9DC 
 321      020F2E4B 
 321      EF0F496C 
 321      59C9C1
 322 0bb5 1D50A158 		.ascii	"\035P\241XQ\224XWQ\022\250(\013I\267\347tx\334\275("
 322      51945857 
 322      5112A828 
 322      0B49B7E7 
 322      7478DCBD 
 323 0bca 1DE58762 		.ascii	"\035\345\207buRY$\007*\012\224LEI\262\213R\335\331\025"
 323      75525924 
 323      072A0A94 
 323      4C4549B2 
 323      8B52DDD9 
 324 0bdf AD055186 		.ascii	"\255\005Q\206\310\311J\276jO\014\230e\237@\311P\242"
 324      C8C94ABE 
 324      6A4F0C98 
 324      659F40C9 
 324      50A2
 325 0bf1 284B2266 		.ascii	"(K\"fGR(\205\312\3203\363\274A\213\363<\251\014i\035"
 325      47522885 
 325      CAD033F3 
 325      BC418BF3 
 325      3CA90C69 
 326 0c06 F97D1EFC 		.ascii	"\371}\036\374-\226\000\370\216\206\250\"~>k]\005x\342"
 326      2D9600F8 
 326      8E86A822 
 326      7E3E6B5D 
 326      0578E2
 327 0c19 ED846B5A 		.ascii	"\355\204kZ\326>K\350sb;G\370QI\0139Cm\352X\370\202\277"
 327      D63E4BE8 
 327      73623B47 
 327      F851490B 
 327      39436DEA 
 328 0c31 5421D1BF 		.ascii	"T!\321\277s\344\362\224'\316gc?\276\035S\350\213\217"
 328      73E4F294 
 328      27CE6763 
ARM GAS  /tmp/ccBuqG4f.s 			page 26


 328      3FBE1D53 
 328      E88B8F
 329 0c44 30A4A035 		.ascii	"0\244\2405\261\335\023\2270\2444=\012|U\313\220\230"
 329      B1DD1397 
 329      30A4343D 
 329      0A7C55CB 
 329      9098
 330 0c56 E8C22E81 		.ascii	"\350\302.\201\354\236c^~x\205o\234,+\364A\260{\334o"
 330      EC9E635E 
 330      7E78856F 
 330      9C2C2BF4 
 330      41B07BDC 
 331 0c6b 8D8DA113 		.ascii	"\215\215\241\023D\357\227Yl\202\330\211uh\007h\234\203"
 331      44EF9759 
 331      6C82D889 
 331      75680768 
 331      9C83
 332 0c7d 65935B7E 		.ascii	"e\223[~\221\224\315;\220y9\027\007\240]X\272H\352~\310"
 332      9194CD3B 
 332      90793917 
 332      07A05D58 
 332      BA48EA7E 
 333 0c92 4A0150B8 		.ascii	"J\001P\270\354\231o'==\241\304-Tz\241\272y\373u/\024"
 333      EC996F27 
 333      3D3DA1C4 
 333      2D547AA1 
 333      BA79FB75 
 334 0ca8 B0D25122 		.ascii	"\260\322Q\"\372\330\342)\017\006\336-\372\200\214\342"
 334      FAD8E229 
 334      0F06DE2D 
 334      FA808CE2 
 335 0cb8 4E8E3DC0 		.ascii	"N\216=\300[N\016\362:+\347A\2227\356a\206J\350\255o"
 335      5B4E0EF2 
 335      3A2BE741 
 335      9237EE61 
 335      864AE8AD 
 336 0ccd F6C603DC 		.ascii	"\366\306\003\334qg\372\026}\361}&D\334\225\263\017\334"
 336      7167FA16 
 336      7DF17D26 
 336      44DC95B3 
 336      0FDC
 337 0cdf BECEDB87 		.ascii	"\276\316\333\207\335\275)\0328D\227\006\005X\213\362"
 337      DDBD291A 
 337      38449706 
 337      05588BF2 
 338 0cef F1F25745 		.ascii	"\361\362WE\267S\207a\3471\311\370\245\327\025\324h\360"
 338      B7538761 
 338      E731C9F8 
 338      A5D715D4 
 338      68F0
 339 0d01 1C434A8E 		.ascii	"\034CJ\216-\224ji\344\352\355\201\233\237\323\030\355"
 339      2D946A69 
 339      E4EAED81 
 339      9B9FD318 
 339      ED
 340 0d12 EB36700F 		.ascii	"\3536p\017\322\300-\264\007\356RG\347C\247\363Jh\227"
 340      D2C02DB4 
ARM GAS  /tmp/ccBuqG4f.s 			page 27


 340      07EE5247 
 340      E743A7F3 
 340      4A6897
 341 0d25 501FC2F6 		.ascii	"P\037\302\366\365\002y\257Z\236}\324\013G\3213zal\262"
 341      F50279AF 
 341      5A9E7DD4 
 341      0B47D133 
 341      7A616CB2 
 342 0d39 E4B10F0A 		.ascii	"\344\261\017\012\320\361\245\315\236W\242\211\213\212"
 342      D0F1A5CD 
 342      9E57A289 
 342      8B8A
 343 0d47 81FEB0A8 		.ascii	"\201\376\260\250\000tw^\220HGGE`\016'\006\223\317\262"
 343      0074775E 
 343      90484747 
 343      45600E27 
 343      0693CFB2 
 344 0d5b 867C7132 		.ascii	"\206|q2{\011`+\253<\255\303\231\014\231\\\334[\316\217"
 344      7B09602B 
 344      AB3CADC3 
 344      990C995C 
 344      DC5BCE8F 
 345 0d6f 40482E7C 		.ascii	"@H.|=\230\236\256\341' $\366\247/\016&y\341\003\274"
 345      3D989EAE 
 345      E1272024 
 345      F6A72F0E 
 345      2679E103 
 346 0d84 E342459F 		.ascii	"\343BE\237\016\037\241\210\266\272\353\310\021\015\""
 346      0E1FA188 
 346      B6BAEBC8 
 346      110D22
 347 0d93 4785FE3A 		.ascii	"G\205\376:\377\200\225\376N\353\302\343\330\017\035"
 347      FF8095FE 
 347      4EEBC2E3 
 347      D80F1D
 348 0da2 C320C949 		.ascii	"\303 \311I\220\244\202\373\275\034\356\317b\177t\032"
 348      90A482FB 
 348      BD1CEECF 
 348      627F741A 
 349 0db2 E01C4019 		.ascii	"\340\034@\031\300)\247xl\317[\021K\224-\205\036'De+"
 349      C029A778 
 349      6CCF5B11 
 349      4B942D85 
 349      1E274465 
 350 0dc7 B0B88321 		.ascii	"\260\270\203!\253\362Vq\311T\002T\025\370eg\\c\377\311"
 350      ABF25671 
 350      C9540254 
 350      15F86567 
 350      5C63FFC9 
 351 0ddb E6C63360 		.ascii	"\346\3063`\217\375\256\324\313f\322\027\375|Z'\366>"
 351      8FFDAED4 
 351      CB66D217 
 351      FD7C5A27 
 351      F63E
 352 0ded E04AEE66 		.ascii	"\340J\356f\033]\212\245\353\3443\3245|\274\221~>\221"
 352      1B5D8AA5 
 352      EBE433D4 
ARM GAS  /tmp/ccBuqG4f.s 			page 28


 352      357CBC91 
 352      7E3E91
 353 0e00 13F64764 		.ascii	"\023\366Gd\331K\246\346\201~\226\217\025\316\371(o\332"
 353      D94BA6E6 
 353      817E968F 
 353      15CEF928 
 353      6FDA
 354 0e12 A37CB46F 		.ascii	"\243|\264o2-_\303\331\025#\231\360\225\274b\366\263"
 354      322D5FC3 
 354      D9152399 
 354      F095BC62 
 354      F6B3
 355 0e24 BE83F5CF 		.ascii	"\276\203\365\317lZ\\\311\234\336\334\336\221\257\302"
 355      6C5A5CC9 
 355      9CDEDCDE 
 355      91AFC2
 356 0e33 571972E6 		.ascii	"W\031r\346\322\341\313jrd\037\363\255R0\033\253\307"
 356      D2E1CB6A 
 356      72641FF3 
 356      AD52301B 
 356      ABC7
 357 0e45 DB4B27BD 		.ascii	"\333K'\275\0219\033\013\360g5\255s\013sH5\010R\005\202"
 357      11391B0B 
 357      F06735AD 
 357      730B7348 
 357      35085205 
 358 0e5a D4B9B330 		.ascii	"\324\271\2630\267\340\240\213\005\353^R\377\226\035"
 358      B7E0A08B 
 358      05EB5E52 
 358      FF961D
 359 0e69 5B54F20E 		.ascii	"[T\362\016\304H\365 a-\030\306\006\320\000P\343d\240"
 359      C448F520 
 359      612D18C6 
 359      06D00050 
 359      E364A0
 360 0e7c 29BD739C 		.ascii	")\275s\234,g\303\244\342\236\032d\236\252\3032[\216"
 360      2C67C3A4 
 360      E29E1A64 
 360      9EAAC332 
 360      5B8E
 361 0e8e E651175B 		.ascii	"\346Q\027[\313\250h\267u\326\245Sc\032|\213\245\376"
 361      CBA868B7 
 361      75D6A553 
 361      631A7C8B 
 361      A5FE
 362 0ea0 B9C4BA71 		.ascii	"\271\304\272q\245\264\320\266\307\354$\205\366<\364"
 362      A5B4D0B6 
 362      C7EC2485 
 362      F63CF4
 363 0eaf 6F14F3A1 		.ascii	"o\024\363\241N,\264\313\024n\002%\277Ia`[Q3\361\026"
 363      4E2CB4CB 
 363      146E0225 
 363      BF496160 
 363      5B5133F1 
 364 0ec4 CB7A3FB2 		.ascii	"\313z?\262\240\353\237\264y\3617\226$\353K\333\267\347"
 364      A0EB9FB4 
 364      79F13796 
ARM GAS  /tmp/ccBuqG4f.s 			page 29


 364      24EB4BDB 
 364      B7E7
 365 0ed6 79E329E6 		.ascii	"y\343)\346\363\254\027\027\0325x\226!5\266\351Z%\266"
 365      F3AC1717 
 365      1A357896 
 365      2135B6E9 
 365      5A25B6
 366 0ee9 7A5124B7 		.ascii	"zQ$\267\256\364\002\306\211\014y\274\277pT\300\333\031"
 366      AEF402C6 
 366      890C79BC 
 366      BF7054C0 
 366      DB19
 367 0efb 92115B70 		.ascii	"\222\021[p\337\027\357`\310\361\214\250,\001\357eHI"
 367      DF17EF60 
 367      C8F18CA8 
 367      2C01EF65 
 367      4849
 368 0f0d F4F0790D 		.ascii	"\364\360y\015>J\021\217\322\312\261\0125}\353\000\005"
 368      3E4A118F 
 368      D2CAB10A 
 368      357DEB00 
 368      05
 369 0f1e C4DF91E0 		.ascii	"\304\337\221\340'.KNm.\201\336]/\315\360\206O\305\325"
 369      272E4B4E 
 369      6D2E81DE 
 369      5D2FCDF0 
 369      864FC5D5 
 370 0f32 EF45796A 		.ascii	"\357Eyj\247\305\262\204\374\212+\271\363&\202\224\244"
 370      A7C5B284 
 370      FC8A2BB9 
 370      F3268294 
 370      A4
 371 0f43 B1155956 		.ascii	"\261\025YV\342K\262\021\275\314\311\335nD\233\307XX"
 371      E24BB211 
 371      BDCCC9DD 
 371      6E449BC7 
 371      5858
 372 0f55 74BD2481 		.ascii	"t\275$\201/@\0027\223\004n\347\243\021W]\007W]\003\027"
 372      2F400237 
 372      93046EE7 
 372      A311575D 
 372      07575D03 
 373 0f6a 7503F400 		.ascii	"u\003\364\000t\000\\\005\350t\212\321\3561\311\321d"
 373      74005C05 
 373      E8748AD1 
 373      EE31C9D1 
 373      64
 374 0f7b 9BABECCB 		.ascii	"\233\253\354\313v\320\303\2370M\311\026\245U\236\232"
 374      76D0C39F 
 374      304DC916 
 374      A5559E9A 
 375 0f8b 19867C13 		.ascii	"\031\206|\023\361x\347\003%>\343\305^\334\236\037\332"
 375      F178E703 
 375      253EE3C5 
 375      5EDC9E1F 
 375      DA
 376 0f9c 27406D97 		.ascii	"'@m\227"
ARM GAS  /tmp/ccBuqG4f.s 			page 30


 377 0fa0 97BB1764 		.ascii	"\227\273\027d\375\266r;\"\371Dc\032\211\344\233\320"
 377      FDB6723B 
 377      22F94463 
 377      1A89E49B 
 377      D0
 378 0fb1 EF8618C9 		.ascii	"\357\206\030\311]4\222\311\232p\346@\222\0327\260\030"
 378      5D3492C9 
 378      9A70E640 
 378      921A37B0 
 378      18
 379 0fc2 89ED88FA 		.ascii	"\211\355\210\372;\334\306\356\023\362\317D\251\264\342"
 379      3BDCC6EE 
 379      13F2CF44 
 379      A9B4E2
 380 0fd1 7B7A12B2 		.ascii	"{z\022\262b\255\355\307\344-a\240\037\365\033PO\034"
 380      62ADEDC7 
 380      E42D61A0 
 380      1FF51B50 
 380      4F1C
 381 0fe3 6C3F4566 		.ascii	"l?Ef\263\000-\372\243\344\355w\000\013\336\274\214\341"
 381      B3002DFA 
 381      A3E4ED77 
 381      000BDEBC 
 381      8CE1
 382 0ff5 5DB04866 		.ascii	"]\260Hf:\346>-[p|"
 382      3AE63E2D 
 382      5B707C
 383 1000 B9531A63 		.ascii	"\271S\032c\375\263\250\015\222\223\277a\320+\200W\263"
 383      FDB3A80D 
 383      9293BF61 
 383      D02B8057 
 383      B3
 384 1011 41507C00 		.ascii	"AP|\000\213\337 \275\271\227~\203t\033\222{HT%\200\257"
 384      8BDF20BD 
 384      B9977E83 
 384      741B927B 
 384      48542580 
 385 1026 2812628B 		.ascii	"(\022b\213\322\274\360\010c\222\2356\334\247\221~\345"
 385      D2BCF008 
 385      63929D36 
 385      DCA7917E 
 385      E5
 386 1037 7181BE01 		.ascii	"q\201\276\001\277\007]\357\210]oc\307k\333e\202\334"
 386      BF075DEF 
 386      885D6F63 
 386      C76BDB65 
 386      82DC
 387 1049 951184BC 		.ascii	"\225\021\204\274\260<\321\327\244\304\217\031\227\247"
 387      B03CD1D7 
 387      A4C48F19 
 387      97A7
 388 1057 491305EE 		.ascii	"I\023\005\356U\031u\253\312\205v\234|!\231\270\345>"
 388      551975AB 
 388      CA85769C 
 388      7C2199B8 
 388      E53E
 389 1069 0834220A 		.ascii	"\0104\"\012t\017se\352\212._\327\256H\347a\360\301j"
ARM GAS  /tmp/ccBuqG4f.s 			page 31


 389      740F7365 
 389      EA8A2E5F 
 389      D7AE48E7 
 389      61F0C16A 
 390 107d 4A980183 		.ascii	"J\230\001\203\244cb\376\007x\205\335\011@\2559\272/"
 390      A46362FE 
 390      077885DD 
 390      0940AD39 
 390      BA2F
 391 108f 6ED097D6 		.ascii	"n\320\227\326zZ\354\371!Z\353c\230\323\207m\210P\243"
 391      7A5AECF9 
 391      215AEB63 
 391      98D3876D 
 391      8850A3
 392 10a2 5BC0E421 		.ascii	"[\300\344!\304\200}\014\224\206]\202\366\331,O8\022"
 392      C4807D0C 
 392      94865D82 
 392      F6D92C4F 
 392      3812
 393 10b4 2A2D9CDC 		.ascii	"*-\234\334\021{r\365~\265\002m\207\366/I{\037\357@b"
 393      117B72F5 
 393      7EB5026D 
 393      87F62F49 
 393      7B1FEF40 
 394 10c9 F331283E 		.ascii	"\3631(>\016\261\370\004`\002\340\021\300\030\226\236"
 394      0EB1F804 
 394      6002E011 
 394      C018969E 
 395 10d9 494D6D63 		.ascii	"IMmc\011B\026\262Y\274\247#A\356.;\014\355\374\202\035"
 395      094216B2 
 395      59BCA723 
 395      41EE2E3B 
 395      0CEDFC82 
 396 10ee 6F92BD71 		.ascii	"o\222\275q&'w\274\230\220\034\206\362\305\365,\253\005"
 396      262777BC 
 396      98901C86 
 396      F2C5F52C 
 396      AB05
 397 1100 0F974D11 		.ascii	"\017\227M\021\244q\216kIJ\373^>\226\243\210/:\347fM"
 397      A4718E6B 
 397      494AFB5E 
 397      3E96A388 
 397      2F3AE766 
 398 1115 5CEC336F 		.ascii	"\\\3543o<\317\234\235\223\2764\252v\312M\251\376\323"
 398      3CCF9C9D 
 398      93BE34AA 
 398      76CA4DA9 
 398      FED3
 399 1127 A0F3B7D1 		.ascii	"\240\363\267\321\337\221\227\243\215\333I\000LA\237"
 399      DF9197A3 
 399      8DDB4900 
 399      4C419F
 400 1136 4931001E 		.ascii	"I1\000\036\332\363\362\300\341\231F\3377\016\320\355"
 400      DAF3F2C0 
 400      E19946DF 
 400      370ED0ED 
 401 1146 17F832F7 		.ascii	"\027\3702\367di\2225\275\011\366z\244C*\353\340\340"
ARM GAS  /tmp/ccBuqG4f.s 			page 32


 401      64699235 
 401      BD09F67A 
 401      A4432AEB 
 401      E0E0
 402 1158 AE204FE0 		.ascii	"\256 O\340\357\014~\203l\233\306/\306\252q\274\216\246"
 402      EF0C7E83 
 402      6C9BC62F 
 402      C6AA71BC 
 402      8EA6
 403 116a DED3B9E4 		.ascii	"\336\323\271\344G|\231\371*\240\327\367\355\032\342"
 403      477C99F9 
 403      2AA0D7F7 
 403      ED1AE2
 404 1179 134E2999 		.ascii	"\023N)\231p:\262\033z<p\032\243\265\177\337\262\212"
 404      703AB21B 
 404      7A3C701A 
 404      A3B57FDF 
 404      B28A
 405 118b 7DDF127F 		.ascii	"}\337\022\177\277\262\011\341\257tN\037\241\255b\037"
 405      BFB209E1 
 405      AF744E1F 
 405      A1AD621F 
 406 119b A19D6BE8 		.ascii	"\241\235k\350i\302\370\010kk\271\231\330\352\213\313"
 406      69C2F808 
 406      6B6BB999 
 406      D8EA8BCB 
 407 11ab 1992B998 		.ascii	"\031\222\271\230\232\241\304M\014\261\177\267\270\212"
 407      9AA1C44D 
 407      0CB17FB7 
 407      B88A
 408 11b9 7DB7B87F 		.ascii	"}\267\270\177rO\243\032_gm\275\007\013\273\020\036b"
 408      724FA31A 
 408      5F676DBD 
 408      070BBB10 
 408      1E62
 409 11cb 486A4F51 		.ascii	"HjOQ\233\026O0\244\2626a\314\013\3173\244v\254\001\366"
 409      9B164F30 
 409      A4B23661 
 409      CC0BCF33 
 409      A476AC01 
 410 11e0 BB71DE8C 		.ascii	"\273q\336\214S\347\321\373J\234\301\220\256\263\345"
 410      53E7D1FB 
 410      4A9CC190 
 410      AEB3E5
 411 11ef D91A9CCF 		.ascii	"\331\032\234\317\220']\327wz\342\243\0149\277\364\334"
 411      90275DD7 
 411      777AE2A3 
 411      0C39BFF4 
 411      DC
 412 1200 E6CB9426 		.ascii	"\346\313\224&\373\316\213e%V\025>\313\332\016\316/<"
 412      FBCE8B65 
 412      2556153E 
 412      CBDA0ECE 
 412      2F3C
 413 1212 212FE0DF 		.ascii	"!/\340\337$\237\245aI\255z\223\325\252\272\326\213\207"
 413      249FA561 
 413      49AD7A93 
ARM GAS  /tmp/ccBuqG4f.s 			page 33


 413      D5AABAD6 
 413      8B87
 414 1224 74B89E12 		.ascii	"t\270\236\022\013%\273\027\027}\355\011\236\036cU\005"
 414      0B25BB17 
 414      177DED09 
 414      9E1E6355 
 414      05
 415 1235 28D00218 		.ascii	"(\320\002\030=Q\011.\337\256\014 \235h~\247(\375P\262"
 415      3D51092E 
 415      DFAE0C20 
 415      9D687EA7 
 415      28FD50B2 
 416 1249 5252AA76 		.ascii	"RR\252v\321oz\276TjQ\252\322\341\3357yv\327f\364\215"
 416      D16F7ABE 
 416      546A51AA 
 416      D2E1DD37 
 416      7976D766 
 417 125f 68711BE3 		.ascii	"hq\033\343\021\335\261c\332-\217\014\267<\240\2465\321"
 417      11DDB163 
 417      DA2D8F0C 
 417      B73CA0A6 
 417      35D1
 418 1271 9A960E3C 		.ascii	"\232\226\016<\322D\036\300\222\357m\016\305\330\224"
 418      D2441EC0 
 418      92EF6D0E 
 418      C5D894
 419 1280 B88B69DD 		.ascii	"\270\213i\3358R\260\323\013\3673dtifJ\300\367\030\322"
 419      3852B0D3 
 419      0BF73364 
 419      7469664A 
 419      C0F718D2 
 420 1294 30557A98 		.ascii	"0Uz\230\177ZJ\2541\224\336\270\344\353\266\354\357T"
 420      7F5A4AAC 
 420      3194DEB8 
 420      E4EBB6EC 
 420      EF54
 421 12a6 F2B2BF43 		.ascii	"\362\262\277C\311>\011\252\317\313\366\020\313\024\242"
 421      C93E09AA 
 421      CFCBF610 
 421      CB14A2
 422 12b5 5FA988E4 		.ascii	"_\251\210\344\273\224+\354\235\010u\331`\363\011O<M"
 422      BB942BEC 
 422      9D0875D9 
 422      60F3094F 
 422      3C4D
 423 12c7 F9AE7AD6 		.ascii	"\371\256z\3263u\320\023\371;\377\310\246f%\233r\227"
 423      3375D013 
 423      F93BFFC8 
 423      A666259B 
 423      7297
 424 12d9 EA340B95 		.ascii	"\3524\013\225\020\375\020\307\344\273\2458\320\360\230"
 424      10FD10C7 
 424      E4BBA538 
 424      D0F098
 425 12e8 D27146C9 		.ascii	"\322qF\311&\321\005,9\375\\\315\0164\011\361\013\354"
 425      26D1052C 
 425      39FD5CCD 
ARM GAS  /tmp/ccBuqG4f.s 			page 34


 425      0E3409F1 
 425      0BEC
 426 12fa 44BC6CE1 		.ascii	"D\274l\3412\037\217\255\251\253)i\246\363\270\201\256"
 426      321F8FAD 
 426      A9AB2969 
 426      A6F3B881 
 426      AE
 427 130b E7A45309 		.ascii	"\347\244S\011\016\322h9\021\244\264\015\273\2605{5u"
 427      0ED26839 
 427      11A4B40D 
 427      BBB0357B 
 427      3575
 428 131d 4812A775 		.ascii	"H\022\247u82\320\365\264vL\"\357\274\234\274s\022\345"
 428      3832D0F5 
 428      B4764C22 
 428      EFBC9CBC 
 428      7312E5
 429 1330 7A25C45F 		.ascii	"z%\304_\313\021\277-\221BBk\225\023yI2\360\224h\211"
 429      CB11BF2D 
 429      9142426B 
 429      95137949 
 429      32F09468 
 430 1345 2C194B48 		.ascii	",\031KH\227o\015\257\211\343\346(ed\220\232\342\222"
 430      976F0DAF 
 430      89E3E628 
 430      6564909A 
 430      E292
 431 1357 68B60439 		.ascii	"h\266\0049\031\244\257G$\362\316\312\351&\025bL\034"
 431      19A4AF47 
 431      24F2CECA 
 431      E9261562 
 431      4C1C
 432 1369 37466E5C 		.ascii	"7Fn\\\351\2541\366*!\205\030D\331\234\324\355+\232a"
 432      E9AC31F6 
 432      2A218518 
 432      44D99CD4 
 432      ED2B9A61 
 433 137d 890C8B72 		.ascii	"\211\014\213r2\260H\263\277\355\303\344d\003h\226\357"
 433      32B048B3 
 433      BFEDC3E4 
 433      64036896 
 433      EF
 434 138e 40BA7BB0 		.ascii	"@\272{\2608R\274\234\204\022O\015\213\312\304\312\221"
 434      3852BC9C 
 434      84124F0D 
 434      8BCAC4CA 
 434      91
 435 139f 4A23605E 		.ascii	"J#`^\244\215\222M\005\361\205\035\235\233\004\005z\016"
 435      A48D924D 
 435      05F1851D 
 435      9D9B0405 
 435      7A0E
 436 13b1 B1F78CCE 		.ascii	"\261\367\214\316\016\204\232\314\027EPM\016)\375\321"
 436      0E849ACC 
 436      1745504D 
 436      0E29FDD1 
 437 13c1 3E803D00 		.ascii	">\200=\000{\001\016\000\024\003\344\002\034\0018\010"
ARM GAS  /tmp/ccBuqG4f.s 			page 35


 437      7B010E00 
 437      1403E402 
 437      1C013808 
 438 13d1 90077014 		.ascii	"\220\007p\024\240\000`7@>\300a\200\257\000\012\001\366"
 438      A0006037 
 438      403EC061 
 438      80AF000A 
 438      01F6
 439 13e3 2B1DFB99 		.ascii	"+\035\373\231\356\251\216\023j\\\350\303\326C\325U\263"
 439      EEA98E13 
 439      6A5CE8C3 
 439      D643D555 
 439      B3
 440 13f4 C8698A94 		.ascii	"\310i\212\224\210\201N\000\367?\225$\374\030#\227\276"
 440      88814E00 
 440      F73F9524 
 440      FC182397 
 440      BE
 441 1405 4B290126 		.ascii	"K)\001&\307\305\212H\034\305\276\355\036\253\251Q\255"
 441      C7C58A48 
 441      1CC5BEED 
 441      1EABA951 
 441      AD
 442 1416 E4C225BA 		.ascii	"\344\302%\272\025N\361\177m\243\321]\203\013*\230\313"
 442      154EF17F 
 442      6DA3D15D 
 442      830B2A98 
 442      CB
 443 1427 4B6DF484 		.ascii	"Km\364\204\271(\246\025\212\253\200J\201\335S>\223\213"
 443      B928A615 
 443      8AAB804A 
 443      81DD533E 
 443      938B
 444 1439 BE224FFE 		.ascii	"\276\"O\376\013$;\251$s\371\335\205\343\225\374\243"
 444      0B243BA9 
 444      2473F9DD 
 444      85E395FC 
 444      A3
 445 144a 5E35999C 		.ascii	"^5\231\234\332b\253\275\334V\347\323\366\352|\212U\347"
 445      DA62ABBD 
 445      DC56E7D3 
 445      F6EA7C8A 
 445      55E7
 446 145c 99E4B8E7 		.ascii	"\231\344\270\347\374\377\030\220\257\257\217\016g\267"
 446      FCFF1890 
 446      AFAF8F0E 
 446      67B7
 447 146a 22D7620D 		.ascii	"\"\327b\015\305\000\225)\351\361\011-\326t\014\212@"
 447      C5009529 
 447      E9F1092D 
 447      D6740C8A 
 447      40
 448 147b 8F4349D3 		.ascii	"\217CI\323\011>\322\243\264)\247\003\227\263Jz\340B"
 448      093ED2A3 
 448      B429A703 
 448      97B34A7A 
 448      E042
ARM GAS  /tmp/ccBuqG4f.s 			page 36


 449 148d AE640A8F 		.ascii	"\256d\012\217;\022\245\301%>l\267\331z\256\033\271="
 449      3B12A5C1 
 449      253E6CB7 
 449      D97AAE1B 
 449      B93D
 450 149f B1AB504A 		.ascii	"\261\253PJ\017\340\237]/+T\255)\260\332\206\254\266"
 450      0FE09F5D 
 450      2F2B54AD 
 450      29B0DA86 
 450      ACB6
 451 14b1 C62B9A4A 		.ascii	"\306+\232J\362\236<\312Z\360!\245C\345\242#\341\326"
 451      F29E3CCA 
 451      5AF021A5 
 451      43E5A223 
 451      E1D6
 452 14c3 F9DCFB9C 		.ascii	"\371\334\373\234\222\2349\037z>\233\342\203o0\306gm"
 452      929C391F 
 452      7A3E9BE2 
 452      836F30C6 
 452      676D
 453 14d5 FDE95AFB 		.ascii	"\375\351Z\373`\355\370\301e\247\301*\305\301*]\007\253"
 453      60EDF8C1 
 453      65A7C12A 
 453      C5C12A5D 
 453      07AB
 454 14e7 A283753C 		.ascii	"\242\203u<\252J\365\302\303l\260'\031\0255:Q\262vg\311"
 454      AA4AF5C2 
 454      C36CB027 
 454      1915353A 
 454      51B27667 
 455 14fc AAC5C1AA 		.ascii	"\252\305\301\252]\007\253\241\203\015\345\337\317\362"
 455      5D07ABA1 
 455      830DE5DF 
 455      CFF2
 456 150a C68FD860 		.ascii	"\306\217\330`\315\335Y\263>\242d/\234%\253\025\007\253"
 456      CDDD59B3 
 456      3EA2642F 
 456      9C25AB15 
 456      07AB
 457 151c 751DAC8E 		.ascii	"u\035\254\216\251\331\227[\341+u\306M'g\330\2703l\324"
 457      A9D9975B 
 457      E12B75C6 
 457      4D2767D8 
 457      B8336CD4 
 458 1530 19759935 		.ascii	"\031u\2315\317\221\2248\331\351\020\264\236\023\327"
 458      CF919438 
 458      D9E910B4 
 458      9E13D7
 459 153f 53E29D97 		.ascii	"S\342\235\227/\315\250\361<\023s\337\345\351\235Z\234"
 459      2FCDA8F1 
 459      3C1373DF 
 459      E5E99D5A 
 459      9C
 460 1550 E8CBDC38 		.ascii	"\350\313\33485S\242f\021D\376cIF\177\375\274\267\333"
 460      3553A266 
 460      1144FE63 
 460      49467FFD 
ARM GAS  /tmp/ccBuqG4f.s 			page 37


 460      BCB7DB
 461 1563 F03B6F0F 		.ascii	"\360;o\017\277&\2768\210\271z\312\3075\336\354Km\250"
 461      BF26BE38 
 461      88B97ACA 
 461      C735DEEC 
 461      4B6DA8
 462 1576 5B34DECE 		.ascii	"[4\336\316\333\027\007'g\227\246UR\352\234\227Q\227"
 462      DB170727 
 462      6797A655 
 462      52EA9C97 
 462      5197
 463 1588 1D58E840 		.ascii	"\035X\350@\220R\035,\245\256\034\214\263F\305\303\232"
 463      90521D2C 
 463      A5AE1C8C 
 463      B346C5C3 
 463      9A
 464 1599 FF0254FB 		.ascii	"\377\002T\373F0e\002^#\351\334\240d9\325\242|C\361\275"
 464      46306502 
 464      5E23E9DC 
 464      A06439D5 
 464      A27C43F1 
 465 15ae 75EB02D9 		.ascii	"u\353\002\331\277ps\240\311\022h6\031\002\015[L\306"
 465      BF7073A0 
 465      C9126836 
 465      19020D5B 
 465      4CC6
 466 15c0 CDC1668B 		.ascii	"\315\301f\213i\333:\203\307\257~\373\373\327\177\276"
 466      69DB3A83 
 466      C7AF7EFB 
 466      FBD77FBE 
 467 15d0 6183421B 		.ascii	"a\203B\033\2417\031\203B\"L\301\341Z\275>28\314\362"
 467      A1371983 
 467      42224CC1 
 467      E15ABD3E 
 467      3238CCF2 
 468 15e4 F65B7A4B 		.ascii	"\366[zK<\012\334\022\036j\014\0142\230\215kC\202>\016"
 468      3C0ADC12 
 468      1E6A0C0C 
 468      32988D6B 
 468      43823E0E 
 469 15f8 FCA77043 		.ascii	"\374\247pCd\2501\314b\016\374\310\030\024\372\353\300"
 469      64A831CC 
 469      620EFCC8 
 469      1814FAEB 
 469      C0
 470 1609 5F184282 		.ascii	"_\030B\202#\314F\275qmD\244\341\323\267\002?\012\017"
 470      23CC46BD 
 470      716D44A4 
 470      E1D3B702 
 470      3F0A0F
 471 161c 0F31076E 		.ascii	"\0171\007n6\030\326\006\231B\327\206\205\207\031\327"
 471      3618D606 
 471      9942D786 
 471      858719D7 
 472 162c 1A833E0E 		.ascii	"\032\203>\016^\373\343\265o\255\337\360\343\265\177"
 472      5EFBE3B5 
 472      6FADDFF0 
ARM GAS  /tmp/ccBuqG4f.s 			page 38


 472      E3B57F
 473 163b 78676D68 		.ascii	"xgmh\320'\341\246@\247\326\300\3400CH\344Fc`h\220aK"
 473      D027E1A6 
 473      40A7D6C0 
 473      E0304348 
 473      E4466360 
 474 1653 70983150 		.ascii	"p\2301P\277\321\270)(2\304\242\267l\2130\232\327mQx"
 474      BFD1B829 
 474      2832C4A2 
 474      B76C8B30 
 474      9AD76D51 
 475 1668 D805FA9F 		.ascii	"\330\005\372\237\377Wy\314\333\314\201z\263e#0\007!"
 475      FF5779CC 
 475      DBCC817A 
 475      B3652330 
 475      0721
 476 167a 3416621D 		.ascii	"4\026b\035\275e\203\213M#\302M\300\377g\277\373M\240"
 476      BD65838B 
 476      4D23C24D 
 476      C0FF67BF 
 476      FB4DA0
 477 168d 213C3422 		.ascii	"!<4\"8\304h2\007\376\352\347?\007;\333\305\367\214\320"
 477      38C46832 
 477      07FEEAE7 
 477      3F073BDB 
 477      C5F78CD0 
 478 16a1 875AB686 		.ascii	"\207Z\266\206\200\315\325\241\3720\343V\213&T\037\376"
 478      80CDD5A1 
 478      FA30E356 
 478      8B26541F 
 478      FE
 479 16b2 7998D104 		.ascii	"y\230\321\004\327?D\032#\215\352\010\372\370\025\303"
 479      D73F441A 
 479      238DEA08 
 479      FAF815C3 
 480 16c2 16BD05BC 		.ascii	"\026\275\005\274\023\264\321\354x\036a2~\346\353\364"
 480      13B4D1EC 
 480      781E6132 
 480      7EE6EBF4 
 481 16d2 500FDD23 		.ascii	"P\017\335#-\306\255z\213\007\320\323[\360\2361\302\030"
 481      2DC6AD7A 
 481      8B07D0D3 
 481      5BF09E31 
 481      C218
 482 16e4 06826EF6 		.ascii	"\006\202n\3662~\006\366\010\0152\177\252\267\250\200"
 482      327E06F6 
 482      080D327F 
 482      AAB7A880 
 483 16f4 AF79B3A7 		.ascii	"\257y\263\247^\317\255\247\341W\025<\325[\264\264\225"
 483      5ECFADA7 
 483      E157153C 
 483      D55BB4B4 
 483      95
 484 1705 0E09027E 		.ascii	"\016\011\002~\036\024l\201\356\276\022\021\210\300>"
 484      1E146C81 
 484      EEBE1211 
 484      88C03E
ARM GAS  /tmp/ccBuqG4f.s 			page 39


 485 1714 52446FC1 		.ascii	"RDo\301\021\372H\265\361s2\274\372s\013(\025\001\027"
 485      11FA48B5 
 485      F17332BC 
 485      FA730B28 
 485      150117
 486 1727 B3313442 		.ascii	"\26314Be\326\033\302,*\000`\303\005\325\301X\320\026"
 486      65D61BC2 
 486      2C2A0060 
 486      C305D5C1 
 486      58D016
 487 173a 14B125DC 		.ascii	"\024\261%\334dT}n\261\230\"V\260\341 \3266\031M\306"
 487      64547D6E 
 487      B1982256 
 487      B0E120D6 
 487      36194DC6 
 488 174e 30032803 		.ascii	"0\003(\003\003\204\177\374I\204\207qk\260\305\020\276"
 488      03847FFC 
 488      49848771 
 488      6BB0C510 
 488      BE
 489 175f D1A8366D 		.ascii	"\321\2506m\334\006r\251I@n2{\262`|\017F\265_-\3449\\"
 489      DC0672A9 
 489      49406E32 
 489      7BB2607C 
 489      0F46B55F 
 490 1777 23F49B42 		.ascii	"#\364\233B\2026\2335\226P\350Eq\263%\310b\364\260\320"
 490      82369B35 
 490      9650E845 
 490      71B325C8 
 490      62F4B0D0 
 491 178b 0B0C0C46 		.ascii	"\013\014\014F\015\0125*\015[\202L\320\030\036\262\321"
 491      0D0A352A 
 491      0D5B824C 
 491      D0181EB2 
 491      D1
 492 179c 48AE61C6 		.ascii	"H\256a\306\317\215&\260\214\301\262\025\2336\274-\204"
 492      CF8D26B0 
 492      8CC1B215 
 492      9B36BC2D 
 492      84
 493 17ad 983C201F 		.ascii	"\230< \037 \000\364\2265\356=\273\305\000:\200+\241"
 493      2000F496 
 493      35EE3DBB 
 493      C5003A80 
 493      2BA1
 494 17bf CB0680F5 		.ascii	"\313\006\200\365\202\351}\301\364\236`\372\261`zW0"
 494      82E97DC1 
 494      F49E60FA 
 494      B1607A57 
 494      30
 495 17d0 FD4830BD 		.ascii	"\375H0\275\343E\250\211\245a`\215!<\014\334b\241\376"
 495      E345A889 
 495      A561608D 
 495      213C0CDC 
 495      62A1FE
 496 17e3 0B0EF774 		.ascii	"\013\016\367t\030\025\370\207F@Lzp;X^wai\017=\303\026"
 496      1815F887 
ARM GAS  /tmp/ccBuqG4f.s 			page 40


 496      46404C7A 
 496      703B585E 
 496      7761690F 
 497 17fa B361CB46 		.ascii	"\263a\313F`\350\232\301\"\001X\037\332\375\335\017\260"
 497      60E89AC1 
 497      2201581F 
 497      DAFDDD0F 
 497      B0
 498 180b CD6C0F40 		.ascii	"\315l\017@\367\203\200\177\240\035\002\357w\306\315"
 498      F783807F 
 498      A01D02EF 
 498      77C6CD
 499 181a BF0C3699 		.ascii	"\277\0146\231-\037Q\301\\\305r\255\033\012_\332\343"
 499      2D1F51C1 
 499      5CC572AD 
 499      1B0A5FDA 
 499      E3
 500 182b B7A023EB 		.ascii	"\267\240#\353\000\276\376h\313\306\337\031C\214Af\343"
 500      00BEFE68 
 500      CBC6DF19 
 500      438C4166 
 500      E3
 501 183c F7DDB2DB 		.ascii	"\367\335\262\333\270\015\\\022l\000\226\202a\21364\010"
 501      B80D5C12 
 501      6C009682 
 501      618B3634 
 501      08
 502 184d CC45BBE3 		.ascii	"\314E\273\343\215\037\323\320#2\033C!\377?\216\334\354"
 502      8D1FD3D0 
 502      23321B43 
 502      21FF3F8E 
 502      DCEC
 503 185f 19111416 		.ascii	"\031\021\024\026l 1\352#}\014\216\375\314B\242\321\343"
 503      6C2031EA 
 503      237D0C8E 
 503      FDCC42A2 
 503      D1E3
 504 1871 330B3C09 		.ascii	"3\013<\011\261\004y\222\346\340P\022\003\360\210$\014"
 504      B1047992 
 504      E6E05012 
 504      03F08824 
 504      0C
 505 1882 B96E8A0C 		.ascii	"\271n\212\0143\000\011\271\260\006{\206}\026l\262D\006"
 505      330009B9 
 505      B0067B86 
 505      7D166CB2 
 505      4406
 506 1894 85E84917 		.ascii	"\205\350I\027\223\232\364\0102\371:=\324[^u\245c\011"
 506      939AF408 
 506      32F93A3D 
 506      D45B5E75 
 506      A56309
 507 18a7 A0056ACE 		.ascii	"\240\005j\316\354\317e\232!\263L\344\2521\361h3\361"
 507      ECCF659A 
 507      21B34CE4 
 507      AA31F168 
 507      33F1
ARM GAS  /tmp/ccBuqG4f.s 			page 41


 508 18b9 68339168 		.ascii	"h3\221hS\233h0\300C\232\035\336\300\202\250\276\215"
 508      539B6830 
 508      C0439A1D 
 508      DEC082A8 
 508      BE8D
 509 18cb 76F50492 		.ascii	"v\365\004\222H\023\244\204E'>\324[<\0356\361\011\336"
 509      4813A484 
 509      45273ED4 
 509      5B3C1D36 
 509      F109DE
 510 18de 1862E451 		.ascii	"\030b\344Q\004\311\312\213\364\273\357@\025\260\337"
 510      04C9CA8B 
 510      F4BBEF40 
 510      15B0DF
 511 18ed 68CD964F 		.ascii	"h\315\226O\203B\2027\207\351-^\242-i\225\240\226\363"
 511      83428237 
 511      87E92D5E 
 511      A22D6995 
 511      A096F3
 512 1900 316CD287 		.ascii	"1l\322\207o\332D,\004\031\0134\014%\351\244\343\367"
 512      6FDA442C 
 512      04190B34 
 512      0C25E9A4 
 512      E3F7
 513 1912 34A3EC08 		.ascii	"4\243\354\010\315#_\007\362iHph\260\243\027I-;!U\326"
 513      CD235F07 
 513      F2694870 
 513      68B0A317 
 513      492D3B21 
 514 1928 8E508DB5 		.ascii	"\216P\215\265\034\001\265\275\034\\\203\303\275\305"
 514      1C01B5BD 
 514      1C5C83C3 
 514      BDC5
 515 1936 EA12FC85 		.ascii	"\352\022\374\205\221\010I\254G\356\265p\037a1\331o?"
 515      910849AC 
 515      47EEB570 
 515      1F6131D9 
 515      6F3F
 516 1948 03930687 		.ascii	"\003\223\006\207\207q-7\274\313\265$7\032\242\032\220"
 516      87712D37 
 516      BCCBB524 
 516      371AA21A 
 516      90
 517 1959 91EB1746 		.ascii	"\221\353\027F\023\0353x#\030.xS\260\321d\347F\306u\237"
 517      131D3378 
 517      23182E78 
 517      53B0D164 
 517      E746C675 
 518 196e 1A8E4086 		.ascii	"\032\216@\206\332\014A\311\302\012\356\376m\233\371"
 518      DA0C41C9 
 518      C20AEEFE 
 518      6D9BF9
 519 197d 5FC20D9F 		.ascii	"_\302\015\237\276$]\266\261zNR=\004(\275h\237\337\207"
 519      BE245DB6 
 519      B17A4E52 
 519      3D0428BD 
 519      689FDF87 
ARM GAS  /tmp/ccBuqG4f.s 			page 42


 520 1991 D17BFA34 		.ascii	"\321{\3724\222\336{\353i\374\351\365\353~\264a\303\373"
 520      92DE7BEB 
 520      69FCE9F5 
 520      EB7EB461 
 520      C3FB
 521 19a3 1E76EC7F 		.ascii	"\036v\354\177\001\013]!\375"
 521      010B5D21 
 521      FD
 522              		.text
 523              		.section	.gnu.lto_.symtab.83c852b8b8d09417,"",%progbits
 524 0000 63685265 		.ascii	"chRegFirstThread\000"
 524      67466972 
 524      73745468 
 524      72656164 
 524      00
 525 0011 00       		.ascii	"\000"
 526 0012 00       		.ascii	"\000"
 527 0013 00       		.ascii	"\000"
 528 0014 00000000 		.ascii	"\000\000\000\000\000\000\000\000"
 528      00000000 
 529 001c 83010000 		.ascii	"\203\001\000\000"
 530 0020 63685265 		.ascii	"chRegNextThread\000"
 530      674E6578 
 530      74546872 
 530      65616400 
 531 0030 00       		.ascii	"\000"
 532 0031 00       		.ascii	"\000"
 533 0032 00       		.ascii	"\000"
 534 0033 00000000 		.ascii	"\000\000\000\000\000\000\000\000"
 534      00000000 
 535 003b 87010000 		.ascii	"\207\001\000\000"
 536 003f 63685F64 		.ascii	"ch_debug\000"
 536      65627567 
 536      00
 537 0048 00       		.ascii	"\000"
 538 0049 00       		.ascii	"\000"
 539 004a 00       		.ascii	"\000"
 540 004b 00000000 		.ascii	"\000\000\000\000\000\000\000\000"
 540      00000000 
 541 0053 31020000 		.ascii	"1\002\000\000"
 542 0057 636800   		.ascii	"ch\000"
 543 005a 00       		.ascii	"\000"
 544 005b 02       		.ascii	"\002"
 545 005c 00       		.ascii	"\000"
 546 005d 00000000 		.ascii	"\000\000\000\000\000\000\000\000"
 546      00000000 
 547 0065 F4010000 		.ascii	"\364\001\000\000"
 548 0069 63685468 		.ascii	"chThdRelease\000"
 548      6452656C 
 548      65617365 
 548      00
 549 0076 00       		.ascii	"\000"
 550 0077 02       		.ascii	"\002"
 551 0078 00       		.ascii	"\000"
 552 0079 00000000 		.ascii	"\000\000\000\000\000\000\000\000"
 552      00000000 
 553 0081 8B010000 		.ascii	"\213\001\000\000"
ARM GAS  /tmp/ccBuqG4f.s 			page 43


 554              		.text
 555              		.section	.gnu.lto_.opts,"",%progbits
 556 0000 272D666D 		.ascii	"'-fmath-errno' '-fsigned-zeros' '-ftrapping-math' '"
 556      6174682D 
 556      6572726E 
 556      6F272027 
 556      2D667369 
 557 0033 2D666E6F 		.ascii	"-fno-trapv' '-fno-openmp' '-fno-openacc' '-mcpu=arm"
 557      2D747261 
 557      70762720 
 557      272D666E 
 557      6F2D6F70 
 558 0066 3774646D 		.ascii	"7tdmi' '-mno-thumb-interwork' '-O2' '-fomit-frame-p"
 558      69272027 
 558      2D6D6E6F 
 558      2D746875 
 558      6D622D69 
 559 0099 6F696E74 		.ascii	"ointer' '-falign-functions=16' '-ffunction-sections"
 559      65722720 
 559      272D6661 
 559      6C69676E 
 559      2D66756E 
 560 00cc 2720272D 		.ascii	"' '-fdata-sections' '-fno-common' '-flto'\000"
 560      66646174 
 560      612D7365 
 560      6374696F 
 560      6E732720 
 561              		.text
 562              		.comm	__gnu_lto_v1,1,1
 563              		.comm	__gnu_lto_slim,1,1
 564              		.ident	"GCC: (GNU Tools for Arm Embedded Processors 7-2017-q4-major) 7.2.1 20170904 (release) [ARM
ARM GAS  /tmp/ccBuqG4f.s 			page 44


DEFINED SYMBOLS
                            *ABS*:0000000000000000 chregistry.c
                            *COM*:0000000000000001 __gnu_lto_v1
                            *COM*:0000000000000001 __gnu_lto_slim

NO UNDEFINED SYMBOLS
