ARM GAS  /tmp/cc9A5qrh.s 			page 1


   1              		.cpu arm7tdmi
   2              		.eabi_attribute 20, 1
   3              		.eabi_attribute 21, 1
   4              		.eabi_attribute 23, 3
   5              		.eabi_attribute 24, 1
   6              		.eabi_attribute 25, 1
   7              		.eabi_attribute 26, 1
   8              		.eabi_attribute 30, 2
   9              		.eabi_attribute 34, 0
  10              		.eabi_attribute 18, 4
  11              		.file	"chvt.c"
  12              		.section	.gnu.lto_.profile.f1b25b115d099975,"",%progbits
  13 0000 789C6363 		.ascii	"x\234cc```\001bF\006u\025\000\000\352\000W"
  13      60606001 
  13      62460675 
  13      150000EA 
  13      0057
  14              		.text
  15              		.section	.gnu.lto_.icf.f1b25b115d099975,"",%progbits
  16 0000 789C6363 		.ascii	"x\234cc``\020a@\000f\206\357\337\336\264p35\357\274"
  16      60601061 
  16      40006686 
  16      EFDFDEB4 
  16      703335EF 
  17 0015 B5849579 		.ascii	"\265\204\225y\301\301\355\013\331\031\000e\212\011\012"
  17      C1C1ED0B 
  17      D9190065 
  17      8A090A
  18              		.text
  19              		.section	.gnu.lto_.jmpfuncs.f1b25b115d099975,"",%progbits
  20 0000 789C6363 		.ascii	"x\234cc``Pa@\000f fba\004\002\376\3729\314\014@\314"
  20      60605061 
  20      40006620 
  20      66626104 
  20      02FEFA39 
  21 0018 08C44C40 		.ascii	"\010\304L@\314\314\014\024\004\2111\000\000c\034\005"
  21      CCCC0C14 
  21      04893100 
  21      00631C05 
  22 0028 E9       		.ascii	"\351"
  23              		.text
  24              		.section	.gnu.lto_.inline.f1b25b115d099975,"",%progbits
  25 0000 789C6363 		.ascii	"x\234cc``\310g@\000f\006\006v6F\006&\216\003v\014l\013"
  25      6060C867 
  25      40006606 
  25      06763646 
  25      06268E03 
  26 0018 E4994062 		.ascii	"\344\231@bL\014\242z@!\3713\275\254\014\334+\334\230"
  26      4C0CA27A 
  26      4021F933 
  26      BDAC0CDC 
  26      2BDC98
  27 002b 20EAF878 		.ascii	" \352\370x\031\231\031\024\030A:@\244\003\230T\340\340"
  27      19991914 
  27      18413A40 
  27      A4039854 
  27      E0E0
ARM GAS  /tmp/cc9A5qrh.s 			page 2


  28 003d DB90CBC0 		.ascii	"\333\220\313\300\361A\217\211\201\361\005;\013\204\004"
  28      F1418F89 
  28      81F1053B 
  28      0B8404
  29 004c 111C6026 		.ascii	"\021\034`&\007\210\020\0003\005\300\326\001\000\356"
  29      07881000 
  29      3305C0D6 
  29      0100EE
  30 005b 960E3D   		.ascii	"\226\016="
  31              		.text
  32              		.section	.gnu.lto_.pureconst.f1b25b115d099975,"",%progbits
  33 0000 789C6363 		.ascii	"x\234cc```\007bf\006)&)f)\000\001\303\000d"
  33      60606007 
  33      62660629 
  33      26296629 
  33      0001C300 
  34              		.text
  35              		.section	.gnu.lto__vt_init.f1b25b115d099975,"",%progbits
  36 0000 789C8D93 		.ascii	"x\234\215\223\315K\033A\030\306\337g&n\226J\322[\301"
  36      CD4B1B41 
  36      18C6DF67 
  36      266E964A 
  36      D25BC1
  37 0013 8F7FC04B 		.ascii	"\217\177\300K\366\277\350?\222Ko\205Dz\315\306\030\022"
  37      F6BFE83F 
  37      924B6F85 
  37      447ACDC6 
  37      1812
  38 0025 894211A3 		.ascii	"\211B\021\243 A\227^TJ\0116Q\273\365#kl\233\364+\001"
  38      2041975E 
  38      544A0936 
  38      51BBF523 
  38      6B6C9BF4 
  39 003b 2F1EDA5E 		.ascii	"/\036\332^z(!\204\202 \202)\211}g\326\203\227n3\354"
  39      7A282184 
  39      82208229 
  39      897D67D6 
  39      83976E33 
  40 0050 B0C33C33 		.ascii	"\260\303<3\357\363\374\230\031\203\210\222\222h\232"
  40      EFF3FC98 
  40      19838892 
  40      92689A
  41 005f FF53DC21 		.ascii	"\377S\334!\011\342y\213(m\012@\015l\023\224\022HaQ\256"
  41      09E2798B 
  41      286D0A40 
  41      0D6C1394 
  41      12486151 
  42 0074 48D473BF 		.ascii	"H\324s\277\\1\263es\363\326\372\023\366\266\207\022"
  42      5C31B365 
  42      73F3D6FA 
  42      13F6B687 
  42      12
  43 0085 6F5FE5AE 		.ascii	"o_\345\256\032*\230!^\366swX\214\030!\177\036U\030\004"
  43      1A2A9821 
  43      5EF67377 
  43      588C1821 
  43      7F1E5518 
ARM GAS  /tmp/cc9A5qrh.s 			page 3


  44 009a 1E94CFC7 		.ascii	"\036\224\317\307<{x\233\263\275\336\013l>6\210\362\254"
  44      3C7B789B 
  44      B3BDDE0B 
  44      6C3E3688 
  44      F2AC
  45 00ac B389EDD1 		.ascii	"\263\211\355\321\202\024j\224\361\250\213\271~nP\036"
  45      82146A94 
  45      F1A88BB9 
  45      7E6E501E 
  46 00bc 57DBB8D4 		.ascii	"W\333\270\324j\266\336\016\027dI\002\252\262\353\366"
  46      6AB6DE0E 
  46      17644902 
  46      AAB2EBF6 
  47 00cc BE855303 		.ascii	"\276\205S\003\333\344\011GU\347\271j\346r9\352`\203"
  47      DBE40947 
  47      55E7B96A 
  47      E67239EA 
  47      6083
  48 00de A308EC73 		.ascii	"\243\010\354s\324=Lka\277\361\375\217i\275Ri\235G%)"
  48      D43D4C6B 
  48      61BFF1FD 
  48      8F69BD52 
  48      699D4725 
  49 00f3 71000745 		.ascii	"q\000\007E\235\225\325\376E&+\356\324DI\206\360\006"
  49      9D95D5FE 
  49      45262BEE 
  49      D4444986 
  49      F006
  50 0105 5651AAA0 		.ascii	"VQ\252\240pa\215\342\365\366\037^\327B\231\035\3367"
  50      70618DE2 
  50      F5F61F5E 
  50      D742991D 
  50      DE37
  51 0117 DB6E2E55 		.ascii	"\333n.U\242\\+\317r\227\3451\034\301b\247c\244|\342"
  51      A25C2BCF 
  51      7297E531 
  51      1CC162A7 
  51      63A47CE2 
  52 012b A5DD2AEE 		.ascii	"\245\335*\356\220\377\353{\022\304X\013d\364\024\243"
  52      90FFEB7B 
  52      12C4580B 
  52      64F414A3 
  53 013b 508CA7A3 		.ascii	"P\214\247\2431\326\003\031\317\202\031\337i\306\367"
  53      31D60319 
  53      CF8219DF 
  53      69C6F7
  54 014a 3EE35567 		.ascii	">\343Ug\341l|T\304\017A\210\215\000D\003M\205\250/\336"
  54      E16C7C54 
  54      C40F4188 
  54      8D004403 
  54      4D85A82F 
  55 015f 478DF8A3 		.ascii	"G\215\370\243\271\363R\252\033\024\306-\267\207\370"
  55      B9F352AA 
  55      1B14C62D 
  55      B787F8
  56 016e C475BBA8 		.ascii	"\304u\273\250_u\012\231\350\250y>\007\345\371r?\217"
  56      5F750A99 
ARM GAS  /tmp/cc9A5qrh.s 			page 4


  56      E8A8793E 
  56      07E5F972 
  56      3F8F
  57 0180 77F37AFD 		.ascii	"w\363z\375\001\253\363i\235\307\304W\225'\244\362\264"
  57      01ABF369 
  57      9DC7C457 
  57      9527A4F2 
  57      B4
  58 0191 749E72CF 		.ascii	"t\236r\317\275\211\370y\010m\256\371\033sNmQ\237\276"
  58      BD89F879 
  58      086DAEF9 
  58      1B734E6D 
  58      519FBE
  59 01a4 7E4579BE 		.ascii	"~Ey\276\204\374\026\370\224&c1\313\377\236&\255\304"
  59      84FC16F8 
  59      94266331 
  59      CBFF9E26 
  59      ADC4
  60 01b6 AC954CC4 		.ascii	"\254\225L\304\255\370\223g\263\2618\375\005w\3745F"
  60      ADF89367 
  60      B3B138FD 
  60      0577FC35 
  60      46
  61              		.text
  62              		.section	.gnu.lto_chVTDoSetI.f1b25b115d099975,"",%progbits
  63 0000 789C9D55 		.ascii	"x\234\235U\355O[U\030?\317=\367\215v\245dY\226B\320"
  63      ED4F5B55 
  63      183FCF3D 
  63      F78D76A5 
  63      64599642 
  64 0015 D44442F8 		.ascii	"\324DB\370 M\374\344\376\203\375\033\004]\214Y\224\260"
  64      204DFCE4 
  64      FE83FD1B 
  64      045D8C59 
  64      94B0
  65 0027 4AE217B9 		.ascii	"J\342\027\271\243c\210\333\022cl\267\\\257K\335\250"
  65      A36388DB 
  65      12636CB7 
  65      5CAF4BDD 
  65      A8
  66 0038 C4E1C017 		.ascii	"\304\341\300\027\234\026\031\224n\2602y\231\023\307"
  66      9C161994 
  66      6EB03279 
  66      9913C7
  67 0047 CBCA5458 		.ascii	"\313\312TX\331X\026\315\224`\3422\346\363\234s\307\325"
  67      D95816CD 
  67      9460E232 
  67      E6F39C73 
  67      C7D5
  68 0059 8632C349 		.ascii	"\2062\303I\333{\356s\316\357w~\317\333\251\316\030\013"
  68      DB7BEE73 
  68      CEEF777E 
  68      CFDBA9CE 
  68      180B
  69 006b 9B8CEDC3 		.ascii	"\233\214\355\303\347~\374\202\316@yo\212\261\303\246"
  69      E77EFC82 
  69      CE40796F 
ARM GAS  /tmp/cc9A5qrh.s 			page 5


  69      8AB1C3A6 
  70 007b 02AA9C70 		.ascii	"\002\252\234p9\0311U\205\367g\031\263|Z\336\317\254"
  70      39193155 
  70      85F76719 
  70      B37C5ADE 
  70      CFAC
  71 008d 5D1A00D9 		.ascii	"]\032\000\331-\023X\253\302U\015Z\025\225\271\3438\377"
  71      2D1358AB 
  71      C2550D5A 
  71      1595B9E3 
  71      38FF
  72 009f 8043B663 		.ascii	"\200C\266c%\255\324u[82'7\364\243V{\310\341\214%\270"
  72      25ADD475 
  72      5B383227 
  72      37F4A356 
  72      7BC8E18C 
  73 00b5 DC035F41 		.ascii	"\334\003_A\035\356\372\341\310\347\016?\306\035\016"
  73      1DEEFAE1 
  73      C8E70E3F 
  73      C61D0E
  74 00c4 A0E2EB83 		.ascii	"\240\342\353\203I{\271\234^\025\010\343k\367\355\225"
  74      497BB99C 
  74      5E1508E3 
  74      6BF7ED95 
  75 00d4 59833F03 		.ascii	"Y\203?\003\014\347\177\365\376\236WkS\226\325fef\272"
  75      0CE77FF5 
  75      FE9E576B 
  75      5396D566 
  75      6566BA
  76 00e7 B8F5BCC3 		.ascii	"\270\365\274\3039\\\000\216\204\3605TC?T341\370\006"
  76      395C008E 
  76      84F03554 
  76      433F5433 
  76      3431F806 
  77 00fb 6A717BEC 		.ascii	"jq{\354\313\373\203>\376\234\200.]]\033\331\345B'>\021"
  77      CBFB833E 
  77      FE9C802E 
  77      5D5D1BD9 
  77      E542273E 
  78 0110 5015BE2D 		.ascii	"P\025\276-\206\252\014\322\002\372\341\037]\013A^+\240"
  78      86AA0CD2 
  78      02FAE11F 
  78      5D0B415E 
  78      2BA0
  79 0122 FD8FAEC5 		.ascii	"\375\217\256\305\025\027:\346\3549\033\263\366;\\\203"
  79      15173AE6 
  79      EC391BB3 
  79      F63B5C83 
  80 0132 8162B0C6 		.ascii	"\201b\260\306\340;\001>\237\374\363#\316\353\005x>\323"
  80      E03B013E 
  80      9FFCF323 
  80      CEEB0578 
  80      3ED3
  81 0144 753AE082 		.ascii	"u:\340\202/\247\304\271:\014\026C1\350\027\241\226\366"
  81      2FA7C4B9 
  81      3A0C1643 
  81      31E817A1 
ARM GAS  /tmp/cc9A5qrh.s 			page 6


  81      96F6
  82 0156 DFCDAD17 		.ascii	"\337\315\255\027L\376\242\300:'\316}\026\2509+\2607"
  82      4CFEA2C0 
  82      3A27CE7D 
  82      16A8392B 
  82      B037
  83 0168 9CAA8F63 		.ascii	"\234\252\217cV\316RI\367\320\177\3614p\373D\246\263"
  83      56CE5249 
  83      F7D07FF1 
  83      3470FB44 
  83      A6B3
  84 017a CFC75F12 		.ascii	"\317\307_\022\320\207'\323\005\325\205N9\2413.\224C"
  84      D08727D3 
  84      05D5854E 
  84      39A1332E 
  84      9443
  85 018c 664BE8D2 		.ascii	"fK\350\322\027\033\361\200\256\302\010\324\3000\324"
  85      171BF180 
  85      AEC208D4 
  85      C030D4
  86 019b 249F2409 		.ascii	"$\237$\011\262T\017\214)OV\372\256k\031k\343q\007F\242"
  86      B2540F8C 
  86      294F56FA 
  86      AE6B196B 
  86      E3710746 
  87 01b0 7A71EDCE 		.ascii	"zq\355\316\356*`\264\2440ZT\321\023C\023\006\235\362"
  87      EE2A60B4 
  87      A4305A54 
  87      D1134313 
  87      069DF2
  88 01c3 6008AB49 		.ascii	"`\010\253I\3262\372\361\001%\306\017\344k\000(XA\240"
  88      D632FAF1 
  88      0125C60F 
  88      E46B0028 
  88      5841A0
  89 01d6 78570848 		.ascii	"xW\010HH\354\256\024s\306\336\301\343\363~+\303:\271"
  89      48ECAE14 
  89      73C6DEC1 
  89      E3F37E2B 
  89      C33AB9
  90 01e9 82935886 		.ascii	"\202\223X\206\335\2036{uz\331 M(9\321\236\2356\250L"
  90      DD83367B 
  90      757AD920 
  90      4D2839D1 
  90      9E9D36A8 
  91 01fe B8707830 		.ascii	"\270px0;9\246'\341\364a\254\265d\225\303M\233\373\340"
  91      3B39A627 
  91      E1F461AC 
  91      B56495C3 
  91      4D9BFBE0 
  92 0212 1279888B 		.ascii	"\022y\210\213=Ck\353Z\344<\325a\230\342\177\031\222"
  92      3D436BEB 
  92      5AE43CD5 
  92      6198E27F 
  92      1992
  93 0224 10174508 		.ascii	"\020\027E\010\243\020\261\271_\222\317\305|.\371\266"
  93      A310B1B9 
ARM GAS  /tmp/cc9A5qrh.s 			page 7


  93      5F92CFC5 
  93      7C2EF9B6 
  94 0234 6C331D73 		.ascii	"l3\035s\267\374\233l\032\214\0116 \266+\304\026`+\320"
  94      B7FC9B6C 
  94      1A8C0936 
  94      20B62BC4 
  94      16602BD0 
  95 0248 96EC8E57 		.ascii	"\226\354\216W\022\031\371d\363 \0350\260\332\233\002"
  95      1219F964 
  95      F3201D30 
  95      B0DA9B02 
  96 0258 B2D9BCE2 		.ascii	"\262\331\274\342\337\016\224\011\007\322\351\3737\215"
  96      DF0E9409 
  96      07D2E9FB 
  96      378D
  97 0266 D6479689 		.ascii	"\326G\226\211\206$\261Q\345\305\036\274_\2162\300\301"
  97      8624B151 
  97      E5C51EBC 
  97      5F8E32C0 
  97      C1
  98 0277 E3C7A115 		.ascii	"\343\307\241\025r\256\204\013W\362\017M)!y\300\341~"
  98      72AE840B 
  98      57F20F4D 
  98      292179C0 
  98      E17E
  99 0289 B82A3428 		.ascii	"\270*4(2\233\177\317\306\332\025w\365\014P\204\276\207"
  99      329B7FCF 
  99      C6DA1577 
  99      F50C5084 
  99      BE87
 100 029b 489C8B84 		.ascii	"H\234\213\204N@D\310\333+\304\215\220\270\012\264w\342"
 100      4E4044C8 
 100      DB2BC48D 
 100      90B80AB4 
 100      77E2
 101 02ad 2AB6B608 		.ascii	"*\266\266\010s\354\324\321\023\263\007\245\320\220\315"
 101      73ECD4D1 
 101      13B307A5 
 101      D090CD
 102 02bc 151BDB02 		.ascii	"\025\033\333\002!a\317\235\220t']p\335\251,\016\331"
 102      2161CF9D 
 102      9074275D 
 102      70DDA92C 
 102      0ED9
 103 02ce 6B4CC40C 		.ascii	"kL\304\014J\304\214\303\244\320K\267\005L\271\212\236"
 103      4AC48CC3 
 103      A4D04BB7 
 103      054CB98A 
 103      9E
 104 02df F514550A 		.ascii	"\365\024U\012E*\303\333\005\025\255\200,/\224\"\347"
 104      452AC3DB 
 104      0515AD80 
 104      2C2F9422 
 104      E7
 105 02f0 620F480D 		.ascii	"b\017H\015}\005]jP\2134\204\267U\240\302\264P\240\221"
 105      7D055D6A 
 105      508B3484 
ARM GAS  /tmp/cc9A5qrh.s 			page 8


 105      B755A0C2 
 105      B450A091 
 106 0304 826BA8A0 		.ascii	"\202k\250\240\000G\346.M\270\376\010\227q\254\003`x"
 106      0047E62E 
 106      4DB8FE08 
 106      9771AC03 
 106      6078
 107 0316 94859E3A 		.ascii	"\224\205\236:\324\304\007z\367\255\003.\005\225\201"
 107      D4C4077A 
 107      F7AD032E 
 107      059581
 108 0325 73E3B810 		.ascii	"s\343\270\020\342v\357<\240Pm\263@\023\253\027\333w"
 108      E276EF3C 
 108      A0506DB3 
 108      4013AB17 
 108      DB77
 109 0337 50437807 		.ascii	"PCx\007z\361\270N5\244I\357\206F\203RQ1\241\364N+\311"
 109      7AF1B84E 
 109      35A449EF 
 109      86468352 
 109      5131A1F4 
 110 034e F7A3E0D3 		.ascii	"\367\243\340\323\211o\006\275C\262\231w;\265\235(\373"
 110      896F06BD 
 110      43B29977 
 110      3BB59D28 
 110      FB
 111 035f C963BA41 		.ascii	"\311c\272A\312t\331+\303\251\362\255\330\336\226\211"
 111      CA74D92B 
 111      C3A9F2AD 
 111      D8DE9689 
 112 036f D74BD2CD 		.ascii	"\327K\322\315z\216\316\021\235O\322\345F\215\255\350"
 112      7A8ECE11 
 112      9D4FD2E5 
 112      468DADE8 
 113 037f 763FC5CD 		.ascii	"v?\305\315yO\334\302&[bu<\265\203$\250p\323+\211<\261"
 113      794FDCC2 
 113      265B6275 
 113      3CB58324 
 113      A870D32B 
 114 0396 19320993 		.ascii	"\0312\011\223\005C&\301\374_Ix\201\250\026=\252[\"\376"
 114      054326C1 
 114      FC5F4978 
 114      81A8163D 
 114      AA5B22FE 
 115 03aa D8546E71 		.ascii	"\330Tnq\225\331\2042dN`\013\235\333\320\376\354\321"
 115      95D98432 
 115      644E600B 
 115      9DDBD0FE 
 115      ECD1
 116 03bc FE420ACB 		.ascii	"\376B\012\313\210e\355\356\324\250\337\345y\352-\362"
 116      8865EDEE 
 116      D4A8DFE5 
 116      79EA2DF2 
 117 03cc 6B895B64 		.ascii	"k\211[d/\335\"K\245n\221f:|\231.\021\203\316\276\015"
 117      2FDD224B 
 117      A56E9166 
 117      3A7C992E 
ARM GAS  /tmp/cc9A5qrh.s 			page 9


 117      1183CEBE 
 118 03e1 11DCB098 		.ascii	"\021\334\260\230\373\264G\374o\033\360\030G\020\012"
 118      FBB447FC 
 118      6F1BF018 
 118      47100A
 119 03f0 C8FB1B76 		.ascii	"\310\373\033v\362pB\270%;H\303&T\361i`[\251t\257\003"
 119      F27042B8 
 119      253B48C3 
 119      2654F169 
 119      605BA974 
 120 0406 760B1E51 		.ascii	"v\013\036QU_\037\221\2377\016E\232\243\221C\315\215"
 120      555F1F91 
 120      9F370E45 
 120      9AA39143 
 120      CD8D
 121 0418 91C6575B 		.ascii	"\221\306W[\242\365\215\214\267D\233\264\227_9\330\360"
 121      A2F58D8C 
 121      B7449BB4 
 121      975F39D8 
 121      F0
 122 0429 96DE123D 		.ascii	"\226\336\022=\360\346\353\215\274\251\241\231\014\321"
 122      F0E6EB8D 
 122      BCA9A199 
 122      0CD1
 123 0437 0668FA07 		.ascii	"\006h\372\007\\C\254%"
 123      5C43AC25 
 124              		.text
 125              		.section	.gnu.lto_chVTDoResetI.f1b25b115d099975,"",%progbits
 126 0000 789C9594 		.ascii	"x\234\225\224\317k\023A\024\307\347;\263\331]\033\214"
 126      CF6B1341 
 126      14C7E73B 
 126      B3D95D1B 
 126      8C
 127 0011 37915A21 		.ascii	"7\221Z!\007\241\364`\366\356_\340\315?\"\027oJ\032z"
 127      07A1F460 
 127      F6EE5FE0 
 127      CD3F2217 
 127      6F4A1A7A 
 128 0025 12B34D4C 		.ascii	"\022\263MLS[\017\"&bXt\017\226R\304_X\253\251U\327h"
 128      535B0F22 
 128      26625874 
 128      0F9652C4 
 128      5F58ABA9 
 129 003c 9B569BD6 		.ascii	"\233V\233\326\206@\005\253\007-EE\224\202 T\232\370"
 129      864005AB 
 129      072D4545 
 129      94822054 
 129      9AF8
 130 004e 66363122 		.ascii	"f61\"\211\264\303\356\354\314\274\235\317\373\2767?"
 130      89B4C3EE 
 130      ECCCBC9D 
 130      CFFBBE37 
 130      3F
 131 005f 74C6D869 		.ascii	"t\306\330i\215\2610}\017\322\013\301\300/,16hr@6l\023"
 131      8DB1307D 
 131      0FD20BC1 
 131      C02F2C31 
ARM GAS  /tmp/cc9A5qrh.s 			page 10


 131      36687240 
 132 0076 2CC191C0 		.ascii	",\301\221\300yqI\240\230\331(\360\276q\233\212w\271"
 132      797149A0 
 132      98D928F0 
 132      BE719B8A 
 132      77B9
 133 0088 121CB2D3 		.ascii	"\022\034\262\323\007\034\301X\216^Yp\017}\364\327\312"
 133      071CC158 
 133      8E5E5970 
 133      0F7DF4D7 
 133      CA
 134 0099 D93B8E18 		.ascii	"\331;\216\030\025\216\0004\352n\226\363\037C\262\313"
 134      158E0034 
 134      EA6E96F3 
 134      1F43B2CB 
 135 00a9 11A6EEF8 		.ascii	"\021\246\356\370\372\306\252!\016\201Q\373\347\255\357"
 135      FAC6AA21 
 135      0E8151FB 
 135      E7ADEF
 136 00b8 6B5AEF98 		.ascii	"kZ\357\230m'mo\375\272\260\017;B`\012\202\200\270\217"
 136      6D276D6F 
 136      FDBAB00F 
 136      3B42600A 
 136      8280B88F 
 137 00cc 1E4CA287 		.ascii	"\036L\242\207\321\020\303\003\364\312\377?\334\255e"
 137      D110C303 
 137      F4CAFF3F 
 137      DCAD65
 138 00db F7EA9ADB 		.ascii	"\367\352\232\333\364\211\207\320\031\250q\273\022\360"
 138      F48987D0 
 138      19A871BB 
 138      12F0
 139 00e9 EC5A3D63 		.ascii	"\354Z=c{\213c\250\037\017q9MP\245i\262\012\310J\227"
 139      7B8B63A8 
 139      1F0F7139 
 139      4D50A569 
 139      B20AC84A 
 140 00fe 6386AC4C 		.ascii	"c\206\254L( \033&\006\005i{\354\234\340\262\225\362"
 140      28201B26 
 140      0605697B 
 140      EC9CE0B2 
 140      95F2
 141 0110 D81724A7 		.ascii	"\330\027$\247?o\315B\242\363\202\223\323\\\272\270l"
 141      3F6FCD42 
 141      A2F38293 
 141      D35CBAB8 
 141      6C
 142 0121 48FD4269 		.ascii	"H\375Bi\236)\226\347t\027W\007)\011aG\004\362\204+\220"
 142      9E2996E7 
 142      74175707 
 142      29096147 
 142      04F2842B 
 143 0136 4E69AB66 		.ascii	"Ni\253f\336\274\017Z7m\337$0\015\027Y\225\034<\202\245"
 143      DEBC0F5A 
 143      376DDF24 
 143      300D1759 
 143      951C3C82 
ARM GAS  /tmp/cc9A5qrh.s 			page 11


 144 014b D80B477D 		.ascii	"\330\013G}\262h\213\342\377\240\2168B\307\214\242\310"
 144      B2688BE2 
 144      FFA08E38 
 144      42C78CA2 
 144      C8
 145 015c 30F1B849 		.ascii	"0\361\270I9\346S\264]\011\322\361\244\205z\252P\251"
 145      39E653B4 
 145      5D09D2F1 
 145      A4857AAA 
 145      50A9
 146 016e DCD084E1 		.ascii	"\334\320\204\341\263h\242 \242\344WGT\374;\227\350\265"
 146      B368A220 
 146      A2E45747 
 146      54FC3B97 
 146      E8B5
 147 0180 B8CF6011 		.ascii	"\270\317`\021\313\317\343v3\217\355Q\235\023WT<.y\317"
 147      CBCFE376 
 147      338FED51 
 147      9D135754 
 147      3C2E79CF 
 148 0194 FD90AB23 		.ascii	"\375\220\253#W\2146\232\3343L\241\364\216\250\027\255"
 148      578C369A 
 148      DC334CA1 
 148      F48EA817 
 148      AD
 149 01a5 359895D2 		.ascii	"5\230\225\322\270/\255\326\224f\354R\332\\\213W\332"
 149      B82FADD6 
 149      9466EC52 
 149      DA5C8B57 
 149      DA
 150 01b6 9134A323 		.ascii	"\2214\243#j\276\025\345\202\224\246K\332\217O\365tW"
 150      6ABE15E5 
 150      8294A64B 
 150      DA8F4FF5 
 150      7457
 151 01c8 3B5CF77F 		.ascii	";\\\367\177\205\031x\251h\352X\274\202\365\367\3065"
 151      851978A9 
 151      68EA58BC 
 151      82F5F7C6 
 151      35
 152 01d9 C0B048B3 		.ascii	"\300\260H\263\024}\264\024l\320\377\330M\265\261\013"
 152      147DB414 
 152      6CD0FFD8 
 152      4DB5B10B 
 153 01e9 85AF6F8D 		.ascii	"\205\257o\215\304\266m\322\200+\327\222\306&S\233\027"
 153      C4B66DD2 
 153      802BD792 
 153      C626539B 
 153      17
 154 01fa 4324008E 		.ascii	"C$\000\216\330\203%\272\006\312\015\347S\245\265_\246"
 154      D88325BA 
 154      06CA0DE7 
 154      53A5B55F 
 154      A6
 155 020b EFDCDDEF 		.ascii	"\357\334\335\357\210.,+\357t\227H\353\326j*\315\033"
 155      882E2C2B 
 155      EF749748 
ARM GAS  /tmp/cc9A5qrh.s 			page 12


 155      EBD66A2A 
 155      CD1B
 156 021d D698DC1F 		.ascii	"\326\230\334\037\257aeiS\220\264\025%\355\335\374\304"
 156      AF616569 
 156      5390B415 
 156      25EDDDFC 
 156      C4
 157 022e 0D754568 		.ascii	"\015uEh\250S\331\207\012q\277!\351\326\257\251eQ\327"
 157      A853D987 
 157      0A71BF21 
 157      E9D6AFA9 
 157      6551D7
 158 0241 C93089A0 		.ascii	"\3110\211\240CI\371\351\216D,\3779\331o\305\342V\177"
 158      4349F9E9 
 158      8E442CFF 
 158      39D96FC5 
 158      E2567F
 159 0254 2C6A454F 		.ascii	",jEO\014\304#Q&\006\342\247~\003\014@{("
 159      0CC42351 
 159      2606E2A7 
 159      7E030C40 
 159      7B28
 160              		.text
 161              		.section	.gnu.lto_.symbol_nodes.f1b25b115d099975,"",%progbits
 162 0000 789C6363 		.ascii	"x\234cc``p\000b\006\246\227\014\365\014\014\023\316"
 162      60607000 
 162      6206A697 
 162      0CF50C0C 
 162      13CE
 163 0012 3180A85D 		.ascii	"1\200\250]\015\216\014\014\254o\030\030\024@2\257\030"
 163      0D8E0C0C 
 163      AC6F1818 
 163      144032AF 
 163      18
 164 0023 EA195164 		.ascii	"\352\031Qd\230^3\3243\241\2100\000\000\012\177\017\244"
 164      985E33D4 
 164      33A18830 
 164      00000A7F 
 164      0FA4
 165              		.text
 166              		.section	.gnu.lto_.refs.f1b25b115d099975,"",%progbits
 167 0000 789C1587 		.ascii	"x\234\025\207\261\021\000 \014\204\340\315\245q\004"
 167      B1110020 
 167      0C84E0CD 
 167      A57104
 168 000f 3BF71F52 		.ascii	";\367\037RS\000G\003\367\323\250q\224\351\322J\260\364"
 168      53004703 
 168      F7D3A871 
 168      94E9D24A 
 168      B0F4
 169 0021 CC6C1E0A 		.ascii	"\314l\036\012\300\000\201"
 169      C00081
 170              		.text
 171              		.section	.gnu.lto_.decls.f1b25b115d099975,"",%progbits
 172 0000 789CBD5A 		.ascii	"x\234\275ZyPTI\232\257|Y\007\024\005\270\352v\330\275"
 172      79505449 
 172      9AAF7C59 
ARM GAS  /tmp/cc9A5qrh.s 			page 13


 172      071405B8 
 172      EA76D8BD 
 173 0014 4474874B 		.ascii	"Dt\207KOW\354\254\242vO\2673\323\261\261\033=\0333\033"
 173      4F57ECAC 
 173      A2764FB7 
 173      33D3B1B1 
 173      1B3D1B33 
 174 0029 B3331B31 		.ascii	"\2633\0331\333\273\261\021\023\2735tY-tsMQ\250=\373"
 174      DBBBB111 
 174      13BB3574 
 174      592D7473 
 174      4D51A83D 
 175 003e C73C6E11 		.ascii	"\307<n\021[@\361@\260A\301\003O<\271o\004\004A\020\345"
 175      5B40F140 
 175      B041C103 
 175      4F3CB96F 
 175      04044110 
 176 0053 901B1591 		.ascii	"\220\033\025\221\373PN\205\375\362eV\275W\305\253\266"
 176      FB504E85 
 176      FDF26556 
 176      BD57C5AB 
 176      B6
 177 0064 FF99ADF0 		.ascii	"\377\231\255\360\363\275/\337\227\371\373\256\3742\363"
 177      F3BD2FDF 
 177      97F9FBAE 
 177      FC32F3
 178 0073 3DD40A85 		.ascii	"=\324\012\205b\315\217\025\2121\225B\221\210\024\212"
 178      62CD8F15 
 178      8A319542 
 178      9188148A 
 179 0083 15F829A1 		.ascii	"\025\370)\241\255\034\210\\\333\201\352\200J\201\014"
 179      AD1C885C 
 179      DB81EA80 
 179      4A810C
 180 0092 0AFAC340 		.ascii	"\012\372\303@\375@C@\243@\320M1\207\024v\277J\340]\341"
 180      FD404340 
 180      A340D04D 
 180      31871476 
 180      BF4AE05D 
 181 00a7 FA07A079 		.ascii	"\372\007\240y\270\177\011T\213\350x\013\210\216\371"
 181      B87F0954 
 181      8BE8780B 
 181      888EF9
 182 00b6 011917EE 		.ascii	"\001\031\027\356\001Z1\003\327rD\373\335\006*Ct\334"
 182      015A3103 
 182      D77244FB 
 182      DD062A43 
 182      74DC
 183 00c8 7E27E337 		.ascii	"~'\3437\003\257c\343\257\005Z/\243+\031\277\305\001"
 183      03AF63E3 
 183      AF055A2F 
 183      A32B19BF 
 183      C501
 184 00da DF05F887 		.ascii	"\337\005\370\207@m\022\314\016\270\357\002jUPl\304l"
 184      406D12CC 
 184      0EB8EF02 
 184      6A55506C 
ARM GAS  /tmp/cc9A5qrh.s 			page 14


 184      C46C
 185 00ec E30871AB 		.ascii	"\343\010q\253\261;\200w\223\301\266\342Yu\220\342\252"
 185      B13B8077 
 185      93C1B6E2 
 185      597590E2 
 185      AA
 186 00fd 15F63856 		.ascii	"\025\3668V|+\336(\303s\225\301K\306\2509*'\015\307c"
 186      7C2BDE28 
 186      C37395C1 
 186      4BC6A839 
 186      2A270DC7 
 187 0112 B4568B94 		.ascii	"\264V\213\224\300N5\034\177\354\001\354z-z\017\330\373"
 187      C04E351C 
 187      7FEC01EC 
 187      7A2D7A0F 
 187      D8FB
 188 0124 93774FB8 		.ascii	"\223wO\270\321\247k\200=^\370\242NEY\027`\023K3\212"
 188      D1A76B80 
 188      3D5EF8A2 
 188      4E455917 
 188      60134B33 
 189 0139 35984364 		.ascii	"5\230Cd\234\327K'x%\326\012\367\013E\347\"<6_\344\351"
 189      9CD74B27 
 189      7825D60A 
 189      F70B45E7 
 189      223C365F 
 190 014f CFE55F15 		.ascii	"\317\345_\025(\017a+\340\345\213K9Z%(\203\014:\024\244"
 190      280F612B 
 190      E0E58B4B 
 190      395A2528 
 190      830C3A14 
 191 0164 244DE9C7 		.ascii	"$M\351\307*#<7\034!\302\031\221\374\032%\372\303[\350"
 191      2A233C37 
 191      1C21C219 
 191      91FC1A25 
 191      FAC35BE8 
 192 0178 06F242D7 		.ascii	"\006\362B\327\221\027\210\025\242\015\360\177\001R\322"
 192      91178815 
 192      A20DF07F 
 192      0152D2
 193 0187 FE2B4DF7 		.ascii	"\376+M\367Gu\272}<\037A\204]\177E\236K\244\213\220\016"
 193      4775BA7D 
 193      3C1F4184 
 193      5D7F459E 
 193      4BA48B90 
 194 019c E5A3CD54 		.ascii	"\345\243\315T\366\\n\362\0057\274\211(\305\015O]\236"
 194      F65C6EF2 
 194      0537BC89 
 194      28C50D4F 
 194      5D9E
 195 01ae F0407ADD 		.ascii	"\360@z\335\031\002S6\027\343\023\036\315\363\034*\005"
 195      19025336 
 195      17E3131E 
 195      CDF31C2A 
 195      05
 196 01bf F9628459 		.ascii	"\371b\204Y\037\322\035.NFG%Ho\017\020\373\250\274\332"
 196      1FD21D2E 
ARM GAS  /tmp/cc9A5qrh.s 			page 15


 196      4E464725 
 196      486F0F10 
 196      FBA8BCDA 
 197 01d3 1DFF5EB0 		.ascii	"\035\377^\260\272\2736\373\002\361\344\007ZDr\335\023"
 197      BABB36FB 
 197      02F1E407 
 197      5A4472DD 
 197      13
 198 01e4 9AAE8CE6 		.ascii	"\232\256\214\346/\270\323&\"q?a:K\203w\010\352\364v"
 198      2FB8D326 
 198      22713F61 
 198      3A4B8377 
 198      08EAF476 
 199 01f8 2C757920 		.ascii	",uy \255~\257\015J!\342\334\006\034\350C`P\0054\226"
 199      AD7EAF0D 
 199      4A21E2DC 
 199      061CE843 
 199      60500534 
 200 020d 4323D57B 		.ascii	"C#\325{\345\304?\244L\363\374{\250\012iQ\245\250\367"
 200      E5C43FA4 
 200      4CF3FC7B 
 200      A80A6951 
 200      A5A8F7
 201 0220 075AAA50 		.ascii	"\007Z\252PvV\322)5\236C\002Fa\352\323\333\2343\214Z"
 201      7656D229 
 201      359E4302 
 201      4661EAD3 
 201      DB9C338C 
 202 0235 A71835B5 		.ascii	"\247\0305\265\033\253\005\337\324\000F\265\210\001\220"
 202      1BAB05DF 
 202      D40046B5 
 202      880190
 203 0244 1424E166 		.ascii	"\024$\341f\347+O\374J\010<\027}\357\326s\247 \365NA"
 203      E72B4FFC 
 203      4A083C17 
 203      7DEFD673 
 203      A720F54E 
 204 0259 E606DF39 		.ascii	"\346\006\3379\317\363kP\035`\334\0211j\254\030\375\373"
 204      CFF36B50 
 204      1D60DC11 
 204      316AAC18 
 204      FDFB
 205 026b 07EA108E 		.ascii	"\007\352\020\216\301\202\343\246f\017\365y\342\003\224"
 205      C182E3A6 
 205      660FF579 
 205      E20394
 206 027a 29BB5170 		.ascii	")\273Qp]\207\217\260'\257N\344\272\322\214\\O\262\260"
 206      5D878FB0 
 206      27AF4EE4 
 206      BAD28C5C 
 206      4FB2B0
 207 028d 37315143 		.ascii	"71QC\3237\003\001?s\2477\316\015\237e\035\227\362:u"
 207      D3370301 
 207      3F73A737 
 207      CE0D9F65 
 207      1D97F23A 
 208 02a2 F8B2C068 		.ascii	"\370\262\300h\213\036\236?\257A\353\364\336\336\336"
ARM GAS  /tmp/cc9A5qrh.s 			page 16


 208      8B1E9E3F 
 208      AF41EBF4 
 208      DEDEDE
 209 02b1 3A6FFD3A 		.ascii	":o\375:\357$\242U\"\020\344\031j\002U\357\021\375\037"
 209      EF24A255 
 209      2210E419 
 209      6A0255EF 
 209      11FD1F
 210 02c4 80FE9D68 		.ascii	"\200\376\235h\035\321\016=\202\373\016\344\215Z\201"
 210      1DD10E3D 
 210      82FB0EE4 
 210      8D5A81
 211 02d3 BA80DA80 		.ascii	"\272\200\332\200\036\"o!\257\251M\215ik\243`\000\324"
 211      1E226F21 
 211      AFA94D8D 
 211      696BA360 
 211      00D4
 212 02e5 023DEE8B 		.ascii	"\002=\356\2136\301\000p9E\374S67\341\335\363b\210\347"
 212      36C10070 
 212      3945FC53 
 212      3637E1DD 
 212      F36288E7 
 213 02f9 0FEA48FA 		.ascii	"\017\352H\3727\203\020\031\336\346\257\233B\016o\365"
 213      37831019 
 213      DEE6AF9B 
 213      420E6FF5 
 214 0309 B2C90FFF 		.ascii	"\262\311\017\377\367q\276,\012\243v\310\272\273\216"
 214      F771BE2C 
 214      0AA376C8 
 214      BABB8E
 215 0318 D23E44F8 		.ascii	"\322>D\370\006\022\245\227\273\327fF\362\265[\204\254"
 215      0612A597 
 215      BBD76646 
 215      F2B55B84 
 215      AC
 216 0329 CE7514BF 		.ascii	"\316u\024\277\205DyI\206\267Hd\024\004Ha\033o\260{="
 216      85447949 
 216      86B74864 
 216      14044861 
 216      1B6FB07B 
 217 033e 1D8FC037 		.ascii	"\035\217\3007\310\302\013\272R\363{\272\327\204\023"
 217      C8C20BBA 
 217      52F37BBA 
 217      D78413
 218 034d F389BDCC 		.ascii	"\363\211\275\314v\362\223\367l#\033\355M\236\245\212"
 218      76F293F7 
 218      6C231BED 
 218      4D9EA58A 
 219 035d CC5A0D23 		.ascii	"\314Z\015#\351R&o\230\240\011\321\024B]P^\\\352\326"
 219      E952266F 
 219      98A009D1 
 219      14425D50 
 219      5E5CEAD6 
 220 0371 8BBA11A9 		.ascii	"\213\272\021\2513k\204\201\020\242\377\303\225\220\300"
 220      336B8481 
 220      10A2FFC3 
 220      9590C0
ARM GAS  /tmp/cc9A5qrh.s 			page 17


 221 0380 AF587F88 		.ascii	"\257X\177\210\266C+G/L\2240\326.\310\326\302\26118\353"
 221      B6432B47 
 221      2F4C9430 
 221      D62EC8D6 
 221      C2B13138 
 222 0395 B8C23F36 		.ascii	"\270\302?6\000\222\216J\237S8\353\217\256;\364F\322"
 222      00928E4A 
 222      9F5338EB 
 222      8FAE3BF4 
 222      46D2
 223 03a7 8F367122 		.ascii	"\2176q\"\230\244\313*]\025\266\3076\245D#\021\253\264"
 223      98A4CB2A 
 223      5D15B6C7 
 223      36A54423 
 223      11ABB4
 224 03ba 178EE6A5 		.ascii	"\027\216\346\245\272\365\241\036\340\337U(x\227@\241"
 224      BAF5A11E 
 224      E0DF5528 
 224      789740A1 
 225 03ca 35267360 		.ascii	"5&s`\321\003\367\322)q\271>\277\0259\255\274}B\345\015"
 225      D103F7D2 
 225      2971B93E 
 225      BF1539AD 
 225      BC7D42E5 
 226 03df 6285B72C 		.ascii	"b\205\267,\262h\321}c\006\237\321\007%\342\365G\317"
 226      B268D17D 
 226      63069FD1 
 226      0725E2F5 
 226      47CF
 227 03f1 6EF07C1C 		.ascii	"n\360|\034\364S\0221\324+\246{/\251\365\200\332\207"
 227      F4531231 
 227      D42BA67B 
 227      2FA9F580 
 227      DA87
 228 0403 C0FFBDA0 		.ascii	"\300\377\275\240Z?\332\010\335s\212\243\356ip\244\022"
 228      5A3FDA08 
 228      DD738AA3 
 228      EE6970A4 
 228      12
 229 0414 39590472 		.ascii	"9Y\004rS\343K\335\205&\222\274\217\221\320\030>r\273"
 229      53E34BDD 
 229      852692BC 
 229      8F91D018 
 229      3E72BB
 230 0427 85CA91C0 		.ascii	"\205\312\221\300?\241\215\031I\3451Hh$i\371\2246fM\325"
 230      3FA18D19 
 230      49E53148 
 230      682469F9 
 230      9436664D 
 231 043c 0F39B7E4 		.ascii	"\0179\267\344\231`\311\240u\015y\2353\220\245\002S\372"
 231      9960C9A0 
 231      750D799D 
 231      3390A502 
 231      53FA
 232 044e C094C5BF 		.ascii	"\300\224\305\277!3\214'\365\016\244\320\200h\310\200"
 232      21338C27 
 232      F50EA4D0 
ARM GAS  /tmp/cc9A5qrh.s 			page 18


 232      8068C880 
 233 045e A3214382 		.ascii	"\243!C\202!\003C\305\303.\370\0005$\274\242c\304\303"
 233      210343C5 
 233      C32EF800 
 233      3524BCA2 
 233      63C4C3
 234 0471 A60BB5A4 		.ascii	"\246\013\265\244\265\343`'v\252\312\210\240\312\260"
 234      B5E36027 
 234      76AACA88 
 234      A0CAB0
 235 0480 5595CEAE 		.ascii	"U\225\316\256W\213J\246J\335f\233* \205\236\213\252"
 235      578B4AA6 
 235      4ADD669B 
 235      2A20859E 
 235      8BAA
 236 0492 3C775465 		.ascii	"<wTeTP\245\355\305\\\205\026\247RU\022\232\322;]h),"
 236      5450A5ED 
 236      C55C8516 
 236      A7525512 
 236      9AD23B5D 
 237 04a9 E3803F5C 		.ascii	"\343\200?\\\021~\316\223\326B\236\324\306\275\375\261"
 237      117ECE93 
 237      D6429ED4 
 237      C6BDFDB1 
 238 04b9 2D5AFA7C 		.ascii	"-Z\372|\236\310\037\213\272?\310Q\276\226\324\312\252"
 238      9EC81F8B 
 238      BA3FC851 
 238      BE96D4CA 
 238      AA
 239 04ca A6A53F51 		.ascii	"\246\245?Q\36122\205\012s\213\252\331Z\277\005\330\264"
 239      F1323285 
 239      0A738BAA 
 239      D95ABF05 
 239      D8B4
 240 04dc DE8A1E56 		.ascii	"\336\212\036Vh\253H\357[\275\311q:Vi\311\306\341\310"
 240      68AB48EF 
 240      5BBDC971 
 240      3A5669C9 
 240      C6E1C8
 241 04ef 60C3B42B 		.ascii	"`\303\264+\376\216\252\222;~!\327\235\251\"\254\303"
 241      FE8EAA92 
 241      3B7E21D7 
 241      9DA922AC 
 241      C3
 242 0500 83690774 		.ascii	"\203i\007t\224\337NV\315\310\3056%\316\246\262|\362"
 242      94DF4E56 
 242      CDC8C536 
 242      25CEA6B2 
 242      7CF2
 243 0512 52BA3BBE 		.ascii	"R\272;\276!0\334Dd\352i\247\253\342+\247\213\311\263"
 243      2130DC44 
 243      64EA69A7 
 243      ABE22BA7 
 243      8BC9B3
 244 0525 049C9699 		.ascii	"\004\234\226\231@rq\011\322dQf9\351\2328\022\243\306"
 244      40727109 
 244      D2645166 
ARM GAS  /tmp/cc9A5qrh.s 			page 19


 244      39E99A38 
 244      12A3C6
 245 0538 E3147221 		.ascii	"\343\024r!o$M\215\347)S7\220\334\315\341\025{\305\327"
 245      6F244D8D 
 245      E7295337 
 245      90DCCDE1 
 245      157BC5D7 
 246 054c 33C54F2C 		.ascii	"3\305O,\335\270\355\206cU\302\303k/\342\337\306\011"
 246      DDB8ED86 
 246      6355C2C3 
 246      6B2FE2DF 
 246      C609
 247 055e F4BEEA71 		.ascii	"\364\276\352qK\255\012\037\241L\374\365\250\223J|\226"
 247      4BAD0A1F 
 247      A14CFCF5 
 247      A8934A7C 
 247      96
 248 056f 3205878B 		.ascii	"2\005\207\213\306\\\360e\312\224\277\356H\323\342\022"
 248      C65CF065 
 248      CA94BFEE 
 248      48D3E212 
 249 057f CADC1ABC 		.ascii	"\312\334\032\274S\255e\001!\016\177u\372^\273\013\256"
 249      53AD6501 
 249      210E7F75 
 249      FA5EBB0B 
 249      AE
 250 0590 A60FF727 		.ascii	"\246\017\367'\3625n\370\036e\252\023\242\366k\361#\201"
 250      F2356EF8 
 250      1E65AA13 
 250      A2F66BF1 
 250      2381
 251 05a2 E15E368F 		.ascii	"\341^6\217\246\250\235\371d?\347\314'\213o\303\326\013"
 251      A6A89DF9 
 251      643FE7CC 
 251      278B6FC3 
 251      D60B
 252 05b4 C5735AB4 		.ascii	"\305sZ\264\217[\355\217\352\276\327\323\236x\220\302"
 252      8F5BED8F 
 252      EABED7D3 
 252      9E7890C2 
 253 05c4 457F7BE9 		.ascii	"E\177{\351(QLMw.\032hz2\271xKI\233\310h{\210/R\272\256"
 253      28514C4D 
 253      772E1A68 
 253      7A32B978 
 253      4B499BC8 
 254 05df 7AE051AA 		.ascii	"z\340Q\252TIK^\224;\322k\255\273\222\217S&\311\256\344"
 254      54494B5E 
 254      943BD26B 
 254      ADBB928F 
 254      5326C9AE 
 255 05f4 20C0258A 		.ascii	" \300%\212pj\202\266\227M\004;\275\223@o5\323;\201\363"
 255      706A82B6 
 255      974D043B 
 255      BD93406F 
 255      35D33B81 
 256 0609 4207382F 		.ascii	"B\0078/\242\311\364\302\344\015%\236\245\030\327\017"
 256      A2C9F4C2 
ARM GAS  /tmp/cc9A5qrh.s 			page 20


 256      E40D259E 
 256      A518D70F 
 257 0619 BD3AE661 		.ascii	"\275:\346a\303\250\251\335vS\330\225\034\006\214C\""
 257      C3A8A9DD 
 257      7653D895 
 257      1C068C43 
 257      22
 258 062a 06403A03 		.ascii	"\006@:\003I\226\007i\333\337\322\251\306\313\024$\267"
 258      49960769 
 258      DBDFD2A9 
 258      C6CB1424 
 258      B7
 259 063b BE6B09DB 		.ascii	"\276k\011\333@ \221N\320D:\006(GD\224\303\316Q\216\312"
 259      4020914E 
 259      D0443A06 
 259      28474494 
 259      C3CE518E 
 260 0650 A3A4CE74 		.ascii	"\243\244\316t?g\023FOf\347LR\233\012G\251\351\256\205"
 260      3F671346 
 260      4F66E74C 
 260      529B0A47 
 260      A9E9AE85 
 261 0664 EDB2D7D2 		.ascii	"\355\262\327\322]\366\211\204\207\2670N\240\317\342"
 261      5DF68984 
 261      87B7304E 
 261      A0CFE2
 262 0673 2EC6557B 		.ascii	".\306U{\340\024\312\234*-\034\325\340l\326\2535\342"
 262      E014CA9C 
 262      2A2D1CD5 
 262      E06CD6AB 
 262      35E2
 263 0685 B116E751 		.ascii	"\261\026\347Q\246\277\253&\307\003\027Q\246p.\265\320"
 263      A6BFAB26 
 263      C7031751 
 263      A6702EB5 
 263      D0
 264 0696 135752A6 		.ascii	"\023WR\246\341\361\312\264\026\327Q\2469\374$dc3\353"
 264      E1F1CAB4 
 264      16D751A6 
 264      39FC2464 
 264      6333EB
 265 06a9 C32FA5E8 		.ascii	"\303/\245\350p\233\300p\251\025\247\256s6\303\353\336"
 265      709BC070 
 265      A915A7AE 
 265      7336C3EB 
 265      DE
 266 06ba 21D97206 		.ascii	"!\331r\006\214\316\372AF\237\2267\272qj\037\354\014"
 266      8CCEFA41 
 266      469F9637 
 266      BA716A1F 
 266      EC0C
 267 06cc BB295CFC 		.ascii	"\273)\\\374\341\2613\036\370)e\226\206\222;\0205\231"
 267      E1B1331E 
 267      F8296596 
 267      86923B10 
 267      3599
 268 06de 549788C2 		.ascii	"T\227\210\302\216$V\234\372\204|\274\2271\343\202\247"
ARM GAS  /tmp/cc9A5qrh.s 			page 21


 268      8E24569C 
 268      FA847CBC 
 268      9731E382 
 268      A7
 269 06ef A96C7ED2 		.ascii	"\251l~\322APz\2362=\307\342\013\335p\274F`J\022\246"
 269      41507A9E 
 269      323DC7E2 
 269      0BDD70BC 
 269      46604A12 
 270 0704 F35CF141 		.ascii	"\363\\\361A\312\304\316\017\344x\342T\312X\313\325z"
 270      CAC4CE0F 
 270      E478E254 
 270      CA58CBD5 
 270      7A
 271 0715 5AAEC6A3 		.ascii	"Z\256\306\243\236\366\261\203\313\006`3\037TN\253\360"
 271      9EF6B183 
 271      CB066033 
 271      1F544EAB 
 271      F0
 272 0726 292A7A25 		.ascii	")*z%\372I6)\224^\220\356H\262K\367\242\273\364\033e"
 272      FA493629 
 272      945E90EE 
 272      48B24BF7 
 272      A2BBF41B 
 273 073b 3397A03A 		.ascii	"3\227\240:\011\262\334\325KO\276\222\244\371\346\350"
 273      09B2DCD5 
 273      4B4FBE92 
 273      A4F9E6E8 
 274 074b 589282B9 		.ascii	"X\222\202\271\340\247\233\242\237\274\230\233\"x>\223"
 274      E0A79BA2 
 274      9FBC989B 
 274      22783E93 
 275 075b C71B14E8 		.ascii	"\307\033\024\350C/\264\205\354K\300I^\314I7\300I\327"
 275      432FB485 
 275      EC4BC049 
 275      5ECC4937 
 275      C049D7
 276 076e A993B2D3 		.ascii	"\251\223\262\323\317U\271\343\353\024\240\347\322D#"
 276      CF55B9E3 
 276      EB14A0E7 
 276      D24423
 277 077d 9624F9C6 		.ascii	"\226$\371\306\353B\222\027\000B\236\210\220\3139\201"
 277      EB429217 
 277      00429E88 
 277      90CB3981 
 278 078d C8978788 		.ascii	"\310\227\207\2108\324r\321\025\027R\210\210\333\211"
 278      38D472D1 
 278      15175288 
 278      88DB89
 279 079c CD1A6B01 		.ascii	"\315\032k\001\261\357^,\323\3356\023\216\323\231P\004"
 279      B1EF5E2C 
 279      D3DD3613 
 279      8ED39950 
 279      04
 280 07ad AA148AAA 		.ascii	"\252\024\212\252\024p\254\204X\023|=M\360\252s\371="
 280      1470AC84 
 280      58137C3D 
ARM GAS  /tmp/cc9A5qrh.s 			page 22


 280      4DF0AA73 
 280      F93D
 281 07bf EEB892BA 		.ascii	"\356\270\222\2728~\377\362\025\214\353)\376\330\201"
 281      387EFFF2 
 281      158CEB29 
 281      FED881
 282 07ce 73B9     		.ascii	"s\271"
 283 07d0 6A79FC0A 		.ascii	"jy\374\012\247\370\025B\371*\347\310b\266\032\2738f"
 283      A7F81542 
 283      F92AE7C8 
 283      62B61ABB 
 283      3866
 284 07e2 3A04B750 		.ascii	":\004\267P\254\254\312+\315\032\334I\261:^\326\037\222"
 284      ACACCA2B 
 284      CD1ADC49 
 284      B13A5ED6 
 284      1F92
 285 07f4 64B53048 		.ascii	"d\2650H5\014R\3458\210\2142\267\345}\231^\334\234\255"
 285      350C52E5 
 285      38888C32 
 285      B7E57D99 
 285      5EDC9CAD 
 286 0808 C44F28D8 		.ascii	"\304O(\330\303\371\342E\035\036\021\030\345\305\310"
 286      C3F9E245 
 286      1D1E1118 
 286      E5C5C8
 287 0817 F3934AA4 		.ascii	"\363\223J\244\367B0+\020\205$\347]\005\272\013\210\265"
 287      F742302B 
 287      108524E7 
 287      5D05BA0B 
 287      88B5
 288 0829 1CB61EB3 		.ascii	"\034\266\036\263\217\363\2006\371g\322\014\367.\302"
 288      8FF38036 
 288      F967D20C 
 288      F72EC2
 289 0838 5506FF0E 		.ascii	"U\006\377\016\340\223Gpl\002\364:\212~5\255v\301U\313"
 289      E0934770 
 289      6C02F43A 
 289      8A7E35AD 
 289      76C155CB 
 290 084c A4F7BE49 		.ascii	"\244\367\276I\272\177~\245\312\356p\334\000\232\210"
 290      BA7F7EA5 
 290      CAEE70DC 
 290      009A88
 291 085b 7B8F464E 		.ascii	"{\217FN\307\366\206\351\355\371=J<I\215z\314W\266px"
 291      C7F686E9 
 291      EDF93D4A 
 291      3C498D7A 
 291      CC57B670 
 292 0870 9E329732 		.ascii	"\2362\2272{N\273b\320R\360\363\243\203C\3568\2062=\227"
 292      7B4EBB62 
 292      D052F0F3 
 292      A38343EE 
 292      3886323D 
 293 0885 978BD478 		.ascii	"\227\213\324x\037e\322\273\246.i\360\267\002\303\265"
 293      1F65D2BB 
 293      A62E69F0 
ARM GAS  /tmp/cc9A5qrh.s 			page 23


 293      B702C3B5 
 294 0895 AE0C0DC1 		.ascii	"\256\014\015\301\274\326K\200%{\036\324\012\252\032"
 294      BCD64B80 
 294      257B1ED4 
 294      0AAA1A
 295 08a4 ACA76676 		.ascii	"\254\247fv\374\333\247Jx\026K\322\353!\247C\017\304"
 295      FCDBA74A 
 295      78164BD2 
 295      EB21A743 
 295      0FC4
 296 08b6 E8187454 		.ascii	"\350\030tT\301\276\210\352\026\027\234O\301\246\306"
 296      C1BE88EA 
 296      16179C4F 
 296      C1A6C6
 297 08c5 1FBC72C7 		.ascii	"\037\274r\307\305\224\341\027J\036\251q9e:\017\317\367"
 297      C594E117 
 297      4A1EA971 
 297      39653A0F 
 297      CFF7
 298 08d7 B9E22ACA 		.ascii	"\271\342*\312\324>\214/U\342\032\312\234\255\357\343"
 298      D43E8C2F 
 298      55E21ACA 
 298      9CADEFE3 
 299 08e7 55B88E32 		.ascii	"U\270\2162E\373\352_\271\340\006\312\034/\210\215\320"
 299      45FBEA5F 
 299      B9E006CA 
 299      1C2F888D 
 299      D0
 300 08f8 E226CA5C 		.ascii	"\342&\312\\X\231I\320\341\026\312\314\0275\237b[\"o"
 300      589949D0 
 300      E116CACC 
 300      17359F62 
 300      5B226F
 301 090b 60CF97C5 		.ascii	"`\317\227\305\327b\266\307\201\035\225\333\335\350\273"
 301      D762B6C7 
 301      811D95DB 
 301      DDE8BB
 302 091a B12EC89B 		.ascii	"\261.\310\233\376\310\321\221\035N\212\330\341\204\230"
 302      FEC8D191 
 302      1D4E8AD8 
 302      E18498
 303 0929 D206A63C 		.ascii	"\322\006\246<\347$\207\223\253\234\343)m\361\347\364"
 303      E7248793 
 303      AB9CE329 
 303      6DF1E7F4 
 304 0939 4C47C47B 		.ascii	"LG\304{\034\305}\034\016\200\025\237\212\302\335\262"
 304      1CC57D1C 
 304      0E80159F 
 304      8AC2DDB2 
 305 0949 C2D2A1EF 		.ascii	"\302\322\241\357K\244;\035\245\245\347?*> \021\357p"
 305      4BA43B1D 
 305      A5A5E73F 
 305      2A3E2011 
 305      EF70
 306 095b 14BFB94A 		.ascii	"\024\277\271J|Q\"\336\342(\236\3129\036]%\322\355\362"
 306      7C5122DE 
 306      E2289ECA 
ARM GAS  /tmp/cc9A5qrh.s 			page 24


 306      391E5D25 
 306      D2EDF2
 307 096e 5E11A4ED 		.ascii	"^\021\244\355\316\207\375\220\313}\360\014\365\262\036"
 307      CE87FD90 
 307      CB7DF00C 
 307      F5B21E
 308 097d E47C380C 		.ascii	"\344|8\014\371\363\230\363FO\200F\201\236\002\215\000"
 308      F9F398F3 
 308      464F8046 
 308      819E028D 
 308      00
 309 098e 0D020D01 		.ascii	"\015\002\015\001\015\000=\343\244'\361\331Bz\024\205"
 309      0D003DE3 
 309      A427F1D9 
 309      427A1485 
 310 099e 11A44751 		.ascii	"\021\244GQ\252X\2174^\217\344\315\226\330Q'\261\243"
 310      AA588F34 
 310      5E8FE4CD 
 310      96D85127 
 310      B1A3
 311 09b0 4BDEA782 		.ascii	"K\336\247\2024Y\310\007\306\306U\322\351'\225U\2401"
 311      3459C807 
 311      C6C655D2 
 311      E9279555 
 311      A031
 312 09c2 DBF4CB5D 		.ascii	"\333\364\313]\031\236T\341^!\353\360\325\221\233\347"
 312      199E54E1 
 312      5E21EBF0 
 312      D5919BE7 
 313 09d2 3CD13A6F 		.ascii	"<\321:o}\022[i\005O\330 \306\001s\202yb\012<1\311IO"
 313      7D125B69 
 313      054FD820 
 313      C6017382 
 313      79620A3C 
 314 09ea C68D25EC 		.ascii	"\306\215%\354\210\016\203\243\373L\324\351\021\275\272"
 314      880E83A3 
 314      FB4CD4E9 
 314      11BDBA
 315 09f9 84FA65C2 		.ascii	"\204\372e\302\336/d\177\322U>\314\341gt\036\214\014"
 315      DE2F647F 
 315      D2553ECC 
 315      E167741E 
 315      8C0C
 316 0a0b 5E68E5F0 		.ascii	"^h\345\3608e\252\233WJ\\\361<e\256\257d\307`\314\273"
 316      3865AA9B 
 316      574A5CF1 
 316      3C65AEAF 
 316      64C760CC 
 317 0a20 12E6D3B3 		.ascii	"\022\346\323\263-]#\256\240\270n\235\367:o\362?\374"
 317      2D5D23AE 
 317      A0B86E9D 
 317      F73A6FF2 
 317      3FFC
 318 0a32 F326F77A 		.ascii	"\363&\367z\370\3219\242\367^\357-<\362\326{\353t\244"
 318      F8D139A2 
 318      F75EEF2D 
 318      3CF2D67B 
ARM GAS  /tmp/cc9A5qrh.s 			page 25


 318      EB74A4
 319 0a45 51EF6DFB 		.ascii	"Q\357m\373\351\235X|\002\314\230e\026\037\304z4gg\361"
 319      E99D587C 
 319      02CC9865 
 319      161FC47A 
 319      346767F1 
 320 0a59 DC84F765 		.ascii	"\334\204\367e\366\012e\036l\216`\30226K\002\261`\027"
 320      F60A651E 
 320      6C8E60C2 
 320      32364B02 
 320      B16017
 321 0a6c 08D28F5A 		.ascii	"\010\322\217Zo\227|/A\340\205\220\235\000\272\304\024"
 321      6F977C2F 
 321      41E08590 
 321      9D00BAC4 
 321      14
 322 0a7d C881FB2B 		.ascii	"\310\201\373+\330\033]\006\272\004t\021\350\002\320"
 322      D81B5D06 
 322      BA047411 
 322      E802D0
 323 0a8c 79A06CA0 		.ascii	"y\240l\240s@g\201\316\000%\003%\002%\000\035\000\372"
 323      73406781 
 323      CE002503 
 323      25022500 
 323      1D00FA
 324 0a9f 16E83524 		.ascii	"\026\3505$\347+\240E;#*~O\223\012\312\342\0130`Ij\300"
 324      E72BA045 
 324      3B232A7E 
 324      4F930ACA 
 324      E20B3060 
 325 0ab6 1C929F1B 		.ascii	"\034\222\237\0336\365fX\217\277\234z\215\217\330\024"
 325      36F56658 
 325      8FBF9C7A 
 325      8D8FD814 
 326 0ac6 21E7A905 		.ascii	"!\347\251\005\344\240\340\374\252\3120\336\301\262p"
 326      E4A0E0FC 
 326      AACA30DE 
 326      C1B270
 327 0ad5 193CFB5A 		.ascii	"\031<\373Z^\3361$+v!Y\246s\303\316\340X(\006d:\242\275"
 327      5EDE3124 
 327      2B762159 
 327      A673C3CE 
 327      E0582806 
 328 0aed 60F00A33 		.ascii	"`\360\01238\036\014\216\002\305#\201x,U\272>[\265L^"
 328      381E0C8E 
 328      02C52381 
 328      782C55BA 
 328      3E5BB54C 
 329 0b02 4AA85138 		.ascii	"J\250Q8\326\241e\204\355 \234\275\376\212\300R5\240"
 329      D6A16584 
 329      ED209CBD 
 329      FE8AC052 
 329      35A0
 330 0b14 A77335F6 		.ascii	"\247s5\366\003\364\233\325\0308\213\371\254\015B\216"
 330      03F49BD5 
 330      18388BF9 
 330      AC0D428E 
ARM GAS  /tmp/cc9A5qrh.s 			page 26


 331 0b24 ADC8EB60 		.ascii	"\255\310\353`-.0![\217j\302\205D\210\0065\302\231\231"
 331      2D2E3021 
 331      5B8F6AC2 
 331      85448806 
 331      35C29999 
 332 0b38 3C00DEB2 		.ascii	"<\000\336\262Oe;\205l\317\367\201\022\261\230*\024\007"
 332      4F653B85 
 332      6CCFF781 
 332      12B1982A 
 332      1407
 333 0b4a F77B4199 		.ascii	"\367{A\231\030\3540Y\256H&K\024 \304b\371\025D\036\""
 333      18EC3059 
 333      AE48264B 
 333      1420C462 
 333      F915441E 
 334 0b5f 92F5700E 		.ascii	"\222\365p\016Q\341CS\331:\031W\217/)@\313\227i\001\002"
 334      51E14353 
 334      D93A1957 
 334      8F2F2940 
 334      CB976901 
 335 0b74 216901B2 		.ascii	"!i\001\262\276\224\377\273\2448\262\373%\316\210\026"
 335      BE94FFBB 
 335      A438B2FB 
 335      25CE8816 
 336 0b84 F70444D8 		.ascii	"\367\004D\330*s/[\265\220C\216\232+\234\314\010\203"
 336      2A732F5B 
 336      B590438E 
 336      9A2B9CCC 
 336      0883
 337 0b96 473464C7 		.ascii	"G4d\307Gb\032#\366'\242Vmg&\266\267\323$!G\3438\307"
 337      47621A23 
 337      F627A256 
 337      6D6726B6 
 337      B7D32421 
 338 0bae B937639F 		.ascii	"\2717c\237\332d#\372_\324<r \374V^\\\022\317\201\177"
 338      DA6423FA 
 338      5FD43C72 
 338      20FC565E 
 338      5C12CF81 
 339 0bc3 13C3799C 		.ascii	"\023\303y\234I\333|\231\3029HO\377\226\216\235\004\322"
 339      49DB7C99 
 339      C239484F 
 339      FF968E9D 
 339      04D2
 340 0bd5 698E63A7 		.ascii	"i\216c\247r\016\261YU'\017A<\344\352$\253\365\314\325"
 340      720EB159 
 340      55270F41 
 340      3CE4EA24 
 340      ABF5CCD5 
 341 0be9 B3728E9A 		.ascii	"\263r\216\232;\363\243p\301\325\004\372;\321U\263VW"
 341      3BF3A370 
 341      C1D504FA 
 341      3BD155B3 
 341      5657
 342 0bfb F142EE34 		.ascii	"\361B\3564N\323\3349\214\327\243ty\005\005s\016\312"
 342      4ED3DC39 
 342      8CD7A374 
ARM GAS  /tmp/cc9A5qrh.s 			page 27


 342      79050573 
 342      0ECA
 343 0c0d E9A710BA 		.ascii	"\351\247\020\272\021\345N\203rY\2208\231@\247\200\276"
 343      11E54E83 
 343      72599038 
 343      9940A780 
 343      BE
 344 0c1e 033A0674 		.ascii	"\003:\006t\024\350\210]2-\376\206z\204\004'\003\000"
 344      14E8885D 
 344      322DFE86 
 344      7A840427 
 344      0300
 345 0c30 C9084EF7 		.ascii	"\311\010N\367F\313w%U\347\344\233\244\247\177M\207N"
 345      46CB7725 
 345      55E7E49B 
 345      A4A77F4D 
 345      874E
 346 0c42 81E270CA 		.ascii	"\201\342p\312\271\260\2444\034\267+\015)2\245\341<\204"
 346      B9B0A434 
 346      1CB72B0D 
 346      2932A5E1 
 346      3C84
 347 0c54 369B6C57 		.ascii	"6\233lW\316\301\200\307\33149\001\326\246\201e\251\242"
 347      CEC180C7 
 347      D9343901 
 347      D6A68165 
 347      A9A2
 348 0c66 6524712F 		.ascii	"e$q/\251&\2307\3111;\223up^\032\206\337\"e\204$\322"
 348      A9269837 
 348      C9313B93 
 348      75705E1A 
 348      86DF2265 
 349 0c7d 59262B53 		.ascii	"Y&+S\027X\332\307\250H\332\037\3072\273\235\271\211"
 349      1758DAC7 
 349      A848DA1F 
 349      C732BB9D 
 349      B989
 350 0c8f ED75AC02 		.ascii	"\355u\254\002\244\203\345\027~\220\345\031 )Z\236N-"
 350      A483E517 
 350      7E90E519 
 350      20295A9E 
 350      4E2D
 351 0ca1 77B29CA2 		.ascii	"w\262\234\242\223`\257\270\242Z\247\362\337\226\013"
 351      9360AFB8 
 351      A25AA7F2 
 351      DF960B
 352 0cb0 075932D2 		.ascii	"\007Y2\322E1\277\346\2052o\325\354\323;\342\267\220"
 352      4531BFE6 
 352      85326FD5 
 352      ECD33BE2 
 352      B790
 353 0cc2 4BDF1B3F 		.ascii	"K\337\033?\222\317w\330\232Df\342\3457I\327\375J\234"
 353      92CF77D8 
 353      9A4466E2 
 353      E53749D7 
 353      FD4A9C
 354 0cd5 B6579C0B 		.ascii	"\266W\234\013Sm[K\325\304\177 \263\332\177\260\273\217"
ARM GAS  /tmp/cc9A5qrh.s 			page 28


 354      536D5B4B 
 354      D5C47F20 
 354      B3DA7FB0 
 354      BB8F
 355 0ce7 8CE48F6D 		.ascii	"\214\344\217m\021\316\301\327\330\034`g0\272\213\315"
 355      11CEC1D7 
 355      D81C6067 
 355      30BA8BCD 
 356 0cf7 E1A49BC5 		.ascii	"\341\244\233\305c|Y8\026\016\256\245r\302%\022\341\341"
 356      637C5938 
 356      160EAEA5 
 356      72C22512 
 356      E1E1
 357 0d09 9F536172 		.ascii	"\237Sar@\255\224\023\226.\261\255\005,\331\341\020\207"
 357      40AD9413 
 357      962EB1AD 
 357      052CD9E1 
 357      1087
 358 0d1b 6A1CE7E2 		.ascii	"j\034\347\342U\307\335\367\243\237\212U\371\236\243"
 358      55C7DDF7 
 358      A39F8A55 
 358      F99EA3
 359 0d2a F4EAADFD 		.ascii	"\364\352\255\375}\211x\223\274\2704\024\371,\024d\263"
 359      7D897893 
 359      BCB83414 
 359      F92C1464 
 359      B3
 360 0d3b D9EC28BE 		.ascii	"\331\354(\276\372\234\261\270\235\216Nv\023\323\362"
 360      FA9CB1B8 
 360      9D8E4E76 
 360      13D3F2
 361 0d4a E212D5C7 		.ascii	"\342\022\325\307\363\230\245\326\025ki\325\366N:\370"
 361      F398A5D6 
 361      156B69D5 
 361      F64E3AF8 
 362 0d5a A3EDF6EB 		.ascii	"\243\355\366\353\317jii\244\363hQ\\\222-\212\203\357"
 362      CF6A6969 
 362      A4F36851 
 362      5C922D8A 
 362      83EF
 363 0d6c 16906F92 		.ascii	"\026\220o\222$\273_\2129\273$\324D\330\374N\364Gfy\342"
 363      24BB5F8A 
 363      39BB24D4 
 363      44D8FC4E 
 363      F4476679 
 364 0d81 3BC2E617 		.ascii	";\302\346\027e\324\357mt\305\015\224\311I\014\017\307"
 364      65D4EF6D 
 364      74C50D94 
 364      C9490C0F 
 364      C7
 365 0d92 B89B3291 		.ascii	"\270\2332\221\021YpV\200\331\022\371\375\207p\334~\365"
 365      11597056 
 365      80D912F9 
 365      FD8770DC 
 365      7EF5
 366 0da4 46960782 		.ascii	"F\226\007\202]\362)>*\222\314\007\375\330\261\347\302"
 366      5DF2293E 
ARM GAS  /tmp/cc9A5qrh.s 			page 29


 366      2A92CC07 
 366      FDD8B1E7 
 366      C2
 367 0db5 7CB849E6 		.ascii	"|\270I\346\037\206s\202\374Z*\277\034\\g\035H\015\312"
 367      1F867382 
 367      FC5A2ABF 
 367      1C5C671D 
 367      480DCA
 368 0dc8 8339790B 		.ascii	"\2039y\013K\227\203\326Qjy.v\334\372\367\307\275\274"
 368      4B9783D6 
 368      516A792E 
 368      76DCFAF7 
 368      C7BDBC
 369 0ddb A2C4CF04 		.ascii	"\242\304\317\004\345\271\242\352\003\017\334\220~\235"
 369      E5B9A2EA 
 369      030FDC90 
 369      7E9D
 370 0de9 D5231FD3 		.ascii	"\325#\037\323e\242\220\214\213\305\367Q\302\212,\257"
 370      65A2908C 
 370      8BC5F751 
 370      C28A2CAF 
 371 0df9 460140CB 		.ascii	"F\001@\313\251A^\274\037{\036\347\216g\251\233N\227"
 371      A9415EBC 
 371      1F7B1EE7 
 371      8E67A99B 
 371      4E97
 372 0e0b CF9669F1 		.ascii	"\317\226i\361k\312T76\245\253p2}\003w\263\356l\203\232"
 372      6BCA5437 
 372      36A5AB70 
 372      327D0377 
 372      B3EE6C83 
 373 0e20 BCF388FC 		.ascii	"\274\363\210\374A\037\224\223\261z\2441g\312\035\221"
 373      411F9493 
 373      B17AA431 
 373      67CA1D91 
 374 0e30 C387DEDB 		.ascii	"\303\207\336\333\346\314!VnK\261\026\225\200\356\025"
 374      E6CC2156 
 374      6E4BB116 
 374      9580EE15 
 375 0e40 ABCBAD34 		.ascii	"\253\313\2554\217\006{\035>vV|\217\363W\355\015\213"
 375      8F067B1D 
 375      3E76567C 
 375      8FF357ED 
 375      0D8B
 376 0e52 1900B1BA 		.ascii	"\031\000\261\272\012\254.\207\005\240\022\3506P\231"
 376      0AAC2E87 
 376      05A012E8 
 376      365099
 377 0e61 DD12376D 		.ascii	"\335\0227m\260\377\244\273\032\206j\305>\252\366\322"
 377      B0FFA4BB 
 377      1A866AC5 
 377      3EAAF6D2 
 378 0e71 B055C8D5 		.ascii	"\260U\310\325\366\352!\207\317\2422&Z\317\246\207\352"
 378      F6EA2187 
 378      CFA23226 
 378      5ACFA687 
 378      EA
ARM GAS  /tmp/cc9A5qrh.s 			page 30


 379 0e82 AE0D6B70 		.ascii	"\256\015kp\272\340a.\177o\351\210R\214r\365\207\341"
 379      BAE0612E 
 379      7F6FE988 
 379      528C72F5 
 379      87E1
 380 0e94 F124CAB5 		.ascii	"\361$\312\265\320\275Z\214r\205\030\345U\366\326\200"
 380      D0BD5A8C 
 380      728518E5 
 380      55F6D680 
 381 0ea4 8D6FB217 		.ascii	"\215o\262\027P\363\212\307\266\321\027*^\344\333H\367"
 381      50F38AC7 
 381      B6D1172A 
 381      5EE4DB48 
 381      F7
 382 0eb5 54991B7B 		.ascii	"T\231\033{\353K\336\274\3464\036Hs\3077i\324\017-\327"
 382      EB4BDEBC 
 382      E6341E48 
 382      73C73769 
 382      D40F2DD7 
 383 0ec9 546A7021 		.ascii	"Tjp!e\212\313fJ\224\270\2222)\24595\030\327Sf\342T\326"
 383      658ACB66 
 383      4A94B892 
 383      3229A539 
 383      3518D753 
 384 0ee1 10879B29 		.ascii	"\020\207\233)\223\024\225\361\314\023\267S\346RR\370"
 384      931495F1 
 384      CC13B753 
 384      E65252F8 
 385 0ef1 210EF751 		.ascii	"!\016\367Q\346r\304\300m\015\036\027\030\227\234\202"
 385      E672C4C0 
 385      6D0D1E17 
 385      18979C82 
 386 0f01 E13CB5F0 		.ascii	"\341<\265\360\342F\277\316\372\326\006V\237a\311\316"
 386      E246BFCE 
 386      FAD60656 
 386      9F61C9CE 
 387 0f11 B801CC6E 		.ascii	"\270\001\314n\307N\213\036\331\347~-\326\231\273\362"
 387      C74E8B1E 
 387      D9E77E2D 
 387      D699BBF2 
 388 0f21 D2766549 		.ascii	"\322veI\"~\337Q\374\252\343N\260qx\355!\236D\222\254"
 388      227EDF51 
 388      FCAAE34E 
 388      B07178ED 
 388      219E4492 
 389 0f36 F74D4CDC 		.ascii	"\367ML\334\351z_=L\223\242\035;\377\322^\207\275\320"
 389      E97A5F3D 
 389      4C93A21D 
 389      3BFFD25E 
 389      87BDD0
 390 0f49 1D0C9D9B 		.ascii	"\035\014\235\233\331h$Rm\020\251V\210P\007\320#\240"
 390      D9682452 
 390      6D10A956 
 390      885007D0 
 390      23A0
 391 0f5b 16A00740 		.ascii	"\026\240\007@\017\3552\264uXr\372\273\347\250\373\252"
 391      0FED32B4 
ARM GAS  /tmp/cc9A5qrh.s 			page 31


 391      755872FA 
 391      BBE7A8FB 
 391      AA
 392 0f6c 8DCAC057 		.ascii	"\215\312\300W\324R\262\0304\312KS\307\220\357J\023G"
 392      D452B218 
 392      34CA4B53 
 392      C790EF4A 
 392      1347
 393 0f7e 9E2BF13C 		.ascii	"\236+\361<\315\302\236\333}'9\264N/\257w7\350\372C\365"
 393      CDC29EDB 
 393      7D2739B4 
 393      4E2FAF77 
 393      37E8FA43 
 394 0f93 B656AB1F 		.ascii	"\266V\253\037\367\013\357\347\273\240[\247\230"
 394      F70BEFE7 
 394      BBA05BA7 
 394      98
 395 0fa0 C7ED9815 		.ascii	"\307\355\230\025\360\246\027\231qj\034\355&dHTS\370"
 395      F0A61799 
 395      716A1CED 
 395      26644854 
 395      53F8
 396 0fb2 CF7002BD 		.ascii	"\317p\002\275\217M\277\031\256\322\212_:H\302J\276\203"
 396      8F4DBF19 
 396      AED28A5F 
 396      3A48C24A 
 396      BE83
 397 0fc4 63F29AD5 		.ascii	"c\362\232\325\307K\010\033H\217\235n\274F\336|\353\265"
 397      C74B081B 
 397      488F9D6E 
 397      BC46DE7C 
 397      EBB5
 398 0fd6 E8CF92EF 		.ascii	"\350\317\222\357\007z\232yiI\003G]\361w\302\300\\\312"
 398      077A9A79 
 398      69490347 
 398      5DF177C2 
 398      C05CCA
 399 0fe9 CB1B4BB6 		.ascii	"\313\033K\266\017\2329\221\374_\205o\225\034\256\236"
 399      0F9A3991 
 399      FC5F856F 
 399      951CAE9E 
 400 0ff9 82597A56 		.ascii	"\202YzV\315\006\300"
 400      CD06C0
 401 1000 EE7E2CFE 		.ascii	"\356~,\376\235\317\217N\010\177\347\363\004\212\327"
 401      9DCF8F4E 
 401      087FE7F3 
 401      048AD7
 402 100f 63D1143D 		.ascii	"c\321\024={\001\036\033u.\301\015gS\220\344\204\201"
 402      7B011E1B 
 402      752EC10D 
 402      675390E4 
 402      8481
 403 1021 4E8DF443 		.ascii	"N\215\364CY\215\260\365\032\202\256\203b\327'\330\366"
 403      598DB0F5 
 403      1A82AE83 
 403      62D727D8 
 403      F6
ARM GAS  /tmp/cc9A5qrh.s 			page 32


 404 1032 DE7B9522 		.ascii	"\336{\225\"\317d\024!o|\257tV)\3615\212\3622n,\303\271"
 404      CF641421 
 404      6F7CAF74 
 404      5629F135 
 404      8AF2326E 
 405 1049 29234E4D 		.ascii	")#NM\231\333\247\332W\263\217\274\352\035\006\205\236"
 405      99DBA7DA 
 405      57B38FBC 
 405      EA1D0685 
 405      9E
 406 105a 8B0A0D61 		.ascii	"\213\012\015afL\351\271\206\007\332\265\211,\013\376"
 406      664CE9B9 
 406      8607DAB5 
 406      892C0BFE 
 407 106a 71832038 		.ascii	"q\203 8\015\356\237\022\334?\212\327Z\203\000\322\232"
 407      0DEE9F12 
 407      DC3F8AD7 
 407      5A8300D2 
 407      9A
 408 107b 0B27A37B 		.ascii	"\013'\243{=\205Z/\024{zR\371\373W\000\226\030\243#\302"
 408      3D855A2F 
 408      147B7A52 
 408      F9FB5700 
 408      9618A323 
 409 1090 A8173026 		.ascii	"\250\0270& \005\254C\240I\307\224\235\235g\323\215d"
 409      2005AC43 
 409      A049C794 
 409      9D9D67D3 
 409      8D64
 410 10a2 4A3D13B7 		.ascii	"J=\023\267e\236\\\255\337\240@\0230\3348\031\256\207"
 410      659E5CAD 
 410      DFA04013 
 410      30DC3819 
 410      AE87
 411 10b4 75209939 		.ascii	"u \2319\015v\217C&\316\000M\002M\001\215\331m\374\247"
 411      0D768F43 
 411      26CE004D 
 411      024D018D 
 411      D96DFCA7 
 412 10c8 BFA1D383 		.ascii	"\277\241\323\203,\241\327XO\333\364H\261\337\347\201"
 412      2CA1D758 
 412      4FDBF448 
 412      B1DFE781 
 413 10d8 F8FD3FD1 		.ascii	"\370\375?\321\023$\331\204\314\"*.\276\371A\016\225"
 413      1324D984 
 413      CC222A2E 
 413      BEF9410E 
 413      95
 414 10e9 A0759EBD 		.ascii	"\240u\236\275\320[\265<\220\207\013\314JR\327\213\030"
 414      D05BB53C 
 414      90870BCC 
 414      4A52D78B 
 414      18
 415 10fa B4AD824B 		.ascii	"\264\255\202K\267\230\244\342FG\315\272\343b\032\353"
 415      B798A4E2 
 415      4647CDBA 
 415      E3621AEB 
ARM GAS  /tmp/cc9A5qrh.s 			page 33


 416 110a 63892B43 		.ascii	"c\211+Cj\273\231)\265\177\026l\376!\366[\217\002?;)"
 416      6ABB9929 
 416      B57F166C 
 416      FE21F65B 
 416      8F023F3B 
 417 111f CCCA97D0 		.ascii	"\314\312\227\320\345\205\030\376\011\353\254\314<\373"
 417      E58518FE 
 417      09EBACCC 
 417      3CFB
 418 112d A2D2F3FD 		.ascii	"\242\322\363\375L\276\217\2369\343\"\353y\376\244N\020"
 418      4CBE8F9E 
 418      39E322EB 
 418      79FEA44E 
 418      10
 419 113e 1FA39FF2 		.ascii	"\037\243\237\362m\320\012\322\002\377\317\341\367\241"
 419      6DD00AD2 
 419      02FFCFE1 
 419      F7A1
 420 114c E399B899 		.ascii	"\343\231\270\231X\017\351\353\326\227v\007\266yzl!W"
 420      580FE9EB 
 420      D6977607 
 420      B6797A6C 
 420      2157
 421 115e 105EAC1A 		.ascii	"\020^\254\032J\263{7[k'\274\300\204\027\004\341\271"
 421      4AB37B37 
 421      5B6B27BC 
 421      C0841704 
 421      E1B9
 422 1170 2B773BDC 		.ascii	"+w;\334\360\035Z\034\332:\242\362\331\247K7\362\356"
 422      F01D5A1C 
 422      DA3AA2F2 
 422      D9A74B37 
 422      F2EE
 423 1182 B6FF7029 		.ascii	"\266\377p)\373\356\325N\036\237l\2309\242\305mT\366"
 423      FBEED54E 
 423      1E9F6C98 
 423      39A2C56D 
 423      54F6
 424 1194 F564D36B 		.ascii	"\365d\323k\366\227\016Z\362\325\2636&\0359\255++\326"
 424      F6970E5A 
 424      F2D5B336 
 424      261D39AD 
 424      2B2BD6
 425 11a7 BAB24CA7 		.ascii	"\272\262L\247[I\375\375\016\017q\036 \341;\322+\310"
 425      5B49FDFD 
 425      0E0F711E 
 425      20E13BD2 
 425      2BC8
 426 11b9 CA254CC4 		.ascii	"\312%L\304y\345Zk'\"\375\240g\377gR\341\206\357\023"
 426      79E55A6B 
 426      2722FDA0 
 426      67FF6752 
 426      E186EF13 
 427 11cd BE78F14A 		.ascii	"\276x\361J\012\006\0377\225\011\177\274\223v\206\337"
 427      0A061F37 
 427      95097FBC 
 427      937686DF 
ARM GAS  /tmp/cc9A5qrh.s 			page 34


 428 11dd 9B03279E 		.ascii	"\233\003'\236p\345Z\364\032B2\2046J\372.B\313\377p\012"
 428      70E55AF4 
 428      1A423284 
 428      364AFA2E 
 428      42CBFF70 
 429 11f2 14A1245E 		.ascii	"\024\241$^\316\276\320V\210q\037\265/s8\277\222\375"
 429      CEBED056 
 429      88711FB5 
 429      2F7338BF 
 429      92FD
 430 1204 55883BF9 		.ascii	"U\210;\371\263\212S\311\247\225\324\027C\344\361`Ar"
 430      B38A53C9 
 430      A795D417 
 430      43E4F160 
 430      4172
 431 1216 95D6A9BD 		.ascii	"\225\326\251\2751Jfo6\255\243<\3374\241r\2647Z\351\205"
 431      314A666F 
 431      36ADA33C 
 431      DF34A172 
 431      B4375AE9 
 432 122b A294443C 		.ascii	"\242\224D<V0A\350D\244W\216\246Mi\034\015v*\275|\253"
 432      563041E8 
 432      44A4578E 
 432      A64D691C 
 432      0D762ABD 
 433 1241 F8B48A19 		.ascii	"\370\264\212\031<\2609<\243,\374=\264\227Y;\012\326"
 433      3CB0393C 
 433      A32CFC3D 
 433      B497593B 
 433      0AD6
 434 1253 8A1D2395 		.ascii	"\212\035#\225\324\3328\345\373\012\315.\213\341\313"
 434      D4DA38E5 
 434      FB0ACD2E 
 434      8BE1CB
 435 1262 B020E3DB 		.ascii	"\260 \343\333\2337\373\320\177\301\241>f\213O\250\331"
 435      9B37FBD0 
 435      7FC1A13E 
 435      668B4FA8 
 435      D9
 436 1273 E863F4DB 		.ascii	"\350c\364\333e\331lt\371\345o\377\343\275\317\266nU"
 436      65D96C74 
 436      F9E56FFF 
 436      E3BDCFB6 
 436      6E55
 437 1285 B8ECB210 		.ascii	"\270\354\262\020I\203\305\333A\326?\310\030\020\266"
 437      4983C5DB 
 437      41D63FC8 
 437      1810B6
 438 1294 C304F2A1 		.ascii	"\303\004\362\241\337\204Z\276\0111\205n\366#\322\206"
 438      DF845ABE 
 438      0931856E 
 438      F623D286 
 439 12a4 1DA6008B 		.ascii	"\035\246\000\213\257\326`\010\363\017\262|\270\315`"
 439      AFD66008 
 439      F30FB27C 
 439      B8CD60
 440 12b3 89413E7E 		.ascii	"\211A>~\301\201&\037_c\250iS\200\357\027>\277\0106\206"
ARM GAS  /tmp/cc9A5qrh.s 			page 35


 440      C181261F 
 440      5F63A869 
 440      5380EF17 
 440      3EBF0836 
 441 12c8 059A822C 		.ascii	"\005\232\202,\241>\237\233|\003\177\355\363\317\306"
 441      A13E9F9B 
 441      7C037FED 
 441      F3CFC6
 442 12d7 00FF9050 		.ascii	"\000\377\220P\223\301\264)$\314\370\3656\237\317\203"
 442      93C1B429 
 442      24CCF8F5 
 442      369FCF83 
 443 12e7 8303427D 		.ascii	"\203\003B}v\032\215\233|\315\201\233\202\202\203L\233"
 443      761A8D9B 
 443      7CCD819B 
 443      8282834C 
 443      9B
 444 12f8 4CBE5FF8 		.ascii	"L\276_\370o\372d\323\266-[?\331\364\307\2176\005\372"
 444      6FFA64D3 
 444      B62D5B3F 
 444      D9F4C78F 
 444      3605FA
 445 130b 7E156CF6 		.ascii	"~\025l\366\261{j\323'\320\327\350\347\037d\362\001="
 445      B17B6AD3 
 445      27D0D7E8 
 445      E71F64F2 
 445      013D
 446 131d BEF40D0B 		.ascii	"\276\364\015\013\260\030l\272Y\025\372\337\377W}\300"
 446      B0186CBA 
 446      5915FADF 
 446      FF577DC0 
 447 132d 3B3E8650 		.ascii	";>\206P\313\016\000\007%\\\211\263\374\003M\006\013"
 447      CB0E0007 
 447      255C89B3 
 447      FC034D06 
 447      0B
 448 133e 894188D9 		.ascii	"\211A\210\331\264\213\\\203L{,k\214~\206]\376fK\230"
 448      B48B5C83 
 448      4C7B2C6B 
 448      8C7E865D 
 448      FE664B98 
 449 1352 6F808148 		.ascii	"o\200\201H\230\325D\300\327\354i\327h\260\274\347<\016"
 449      98D544C0 
 449      D7EC69D7 
 449      68B0BCE7 
 449      3C0E
 450 1364 46BF1DC4 		.ascii	"F\277\035\304N\003t\364\017\362\267\274\3434\272\012"
 450      4E0374F4 
 450      0FF2B7BC 
 450      E334BA0A 
 451 1374 ADD1EF3F 		.ascii	"\255\321\357??\377E\360\277\233,\377\242\243\267\277"
 451      3FFF45F0 
 451      BF9B2CFF 
 451      A2A3B7BF 
 452 1384 338502C3 		.ascii	"3\205\002\303\031\375\264\201\276\240\252\237\331\344"
 452      19FDB481 
 452      BEA0AA9F 
ARM GAS  /tmp/cc9A5qrh.s 			page 36


 452      D9E4
 453 1392 BB431B62 		.ascii	"\273C\033b\200K@\210\331?Xc!\377\033,[\035\306\014\011"
 453      804B4088 
 453      D93F5863 
 453      21FF1B2C 
 453      5B1DC60C 
 454 13a7 3683DFFE 		.ascii	"6\203\337\376\351w\277\3611\006\007\206\370\007\230"
 454      E977BFF1 
 454      31060786 
 454      F80798
 455 13b6 CCA13EBF 		.ascii	"\314\241>\277\374\3543\300\261\272\3355\304\020h\331"
 455      FCEC33C0 
 455      B1BADD35 
 455      C41068D9 
 456 13c6 13E01F6A 		.ascii	"\023\340\037jQ\007\012\206j\002\015\301\273\203Lf\270"
 456      51070A86 
 456      6A020DC1 
 456      BB834C66 
 456      B8
 457 13d7 FE31CC14 		.ascii	"\3761\314\024fR\207\330\354\247\260\241\266v\342\037"
 457      665287D8 
 457      ECA7B0A1 
 457      B676E21F 
 458 13e7 4FBB46F0 		.ascii	"O\273F\360[`\230\305\264\307`q\001y\341\026\2644\205"
 458      5B6098C5 
 458      B4C76071 
 458      0179E116 
 458      B43485
 459 13fa 9882C0C1 		.ascii	"\230\202\300\301;\335L\273 \216\201\276\241_\033,*\300"
 459      3BDD4CBB 
 459      208E81BE 
 459      A15F1B2C 
 459      2AC0
 460 140c 0DDDE96A 		.ascii	"\015\335\351j0\260\250k\330U\005\255\006\213Vx*\014"
 460      30B0A86B 
 460      D85505AD 
 460      068B5678 
 460      2A0C
 461 141e 090AEEF6 		.ascii	"\011\012\356\366\365\267@wO\211\012Da\017)c\260\340"
 461      F5B74077 
 461      4F890A44 
 461      610F2963 
 461      B0E0
 462 1430 104398DA 		.ascii	"\020C\230\332\264\233\014\257\336m\001\243B\340\022"
 462      B49B0CAF 
 462      DE6D01A3 
 462      42E012
 463 143f 6A0A0C51 		.ascii	"j\012\014Q\205\032\214A\026\025\020\3000E\301\255\006"
 463      851A8C41 
 463      161510C0 
 463      3045C1AD 
 463      06
 464 1450 78E61BE2 		.ascii	"x\346\033\342\027l6\251v[,\346\220\265t8\360\351\227"
 464      176C36A9 
 464      765B2CE6 
 464      90B57438 
 464      F0E997
ARM GAS  /tmp/cc9A5qrh.s 			page 37


 465 1463 26B329C8 		.ascii	"&\263)\310\010\306\300\000\301_|\025\342b\332\343o1"
 465      08C6C000 
 465      C15F7C15 
 465      E262DAE3 
 465      6F31
 466 1475 06EF30A9 		.ascii	"\006\3570\251\315;\276\001\275\324\304\361_\206\272"
 466      CD3BBE01 
 466      BDD4C4F1 
 466      5F86BA
 467 1484 D249B41D 		.ascii	"\322I\264\035F\265^-\244\035\256!\206/\003|w\206j,\201"
 467      46B55E2D 
 467      A41DAE21 
 467      862F037C 
 467      77866A2C 
 468 1499 D04BE043 		.ascii	"\320K\340C-\276\026\223\213E\270\300\300\340T\337@\223"
 468      2DBE1693 
 468      8B45B8C0 
 468      C0E054DF 
 468      4093
 469 14ab D2E8E76B 		.ascii	"\322\350\347k\206\207\301\001;L\344\032d\332m2\203g"
 469      8687C101 
 469      3B4CE41A 
 469      64DA6D32 
 469      8367
 470 14bd 8C963DD8 		.ascii	"\214\226=\330\274\365C.\300\354b6\355\204\3045X6:\217"
 470      BCF5432E 
 470      C0EC6236 
 470      ED84C435 
 470      58363A8F 
 471 14d1 AC9F116C 		.ascii	"\254\237\021l\200PB\227\255@[8\363O9\363v\316\374\011"
 471      80504297 
 471      AD405B38 
 471      F34F39F3 
 471      76CEFC09 
 472 14e5 67FE9833 		.ascii	"g\376\2303\377\2043\177\344F\244\211\247a`\21518\010"
 472      FF84337F 
 472      E446A489 
 472      A761608D 
 472      313808
 473 14f8 C26211E2 		.ascii	"\302b\021\342\347\037\354js*\340\007\206\300\\ra~\260"
 473      E71FEC6A 
 473      732AE007 
 473      86C05C72 
 473      617EB0
 474 150b BCEB3495 		.ascii	"\274\3534\225\301\271\200\347\3749x\226\350\263\343"
 474      C1B980E7 
 474      FC397896 
 474      E8B3E3
 475 151a 0B216664 		.ascii	"\013!fdN\231\002a\302\177\021\266\3235\3047\310\337"
 475      4E990261 
 475      C27F11B6 
 475      D335C437 
 475      C8DF
 476 152c 4882EB21 		.ascii	"H\202\353!m\006\217\354\262\2200\276\3458\315ht\265"
 476      6D068FEC 
 476      B29030BE 
 476      E538CD68 
ARM GAS  /tmp/cc9A5qrh.s 			page 38


 476      74B5
 477 153e 3067D8D4 		.ascii	"0g\330\324\374k\231\307\2206fr\325\230\231+\315\314"
 477      FC6B99C7 
 477      90366672 
 477      D598992B 
 477      CDCC
 478 1550 9566E24A 		.ascii	"\225f\342J\265Y\260\024\032\205\320\273\003\0041\360"
 478      B559B014 
 478      1A85D0BB 
 478      030431F0 
 479 1560 1BA1AB2B 		.ascii	"\033\241\253+\210\204\231!\336\026\235\330h\260\270"
 479      88849921 
 479      DE169DD8 
 479      68B0B8
 480 156f DAF4F6F0 		.ascii	"\332\364\366\360\337\021`b.\202Ld\225\363\343\217 \305"
 480      DF116062 
 480      2E824C64 
 480      95F3E38F 
 480      20C5
 481 1581 AD37DA50 		.ascii	"\2557\332P\313\327\276\001\376;\203\014\0267\321^\213"
 481      CBD7BE01 
 481      FE3B830C 
 481      1637D15E 
 481      8B
 482 1592 BB41A8E2 		.ascii	"\273A\250\342\006\303\346\237l\335\266\325\305\312\331"
 482      06C3E69F 
 482      6CDDB6D5 
 482      C5CAD9
 483 15a1 356FFF3F 		.ascii	"5o\377?\310?Pr"
 483      C83F5072 
 484              		.text
 485              		.section	.gnu.lto_.symtab.f1b25b115d099975,"",%progbits
 486 0000 5F76745F 		.ascii	"_vt_init\000"
 486      696E6974 
 486      00
 487 0009 00       		.ascii	"\000"
 488 000a 00       		.ascii	"\000"
 489 000b 00       		.ascii	"\000"
 490 000c 00000000 		.ascii	"\000\000\000\000\000\000\000\000"
 490      00000000 
 491 0014 E1000000 		.ascii	"\341\000\000\000"
 492 0018 63685654 		.ascii	"chVTDoSetI\000"
 492      446F5365 
 492      744900
 493 0023 00       		.ascii	"\000"
 494 0024 00       		.ascii	"\000"
 495 0025 00       		.ascii	"\000"
 496 0026 00000000 		.ascii	"\000\000\000\000\000\000\000\000"
 496      00000000 
 497 002e E8000000 		.ascii	"\350\000\000\000"
 498 0032 63685654 		.ascii	"chVTDoResetI\000"
 498      446F5265 
 498      73657449 
 498      00
 499 003f 00       		.ascii	"\000"
 500 0040 00       		.ascii	"\000"
 501 0041 00       		.ascii	"\000"
ARM GAS  /tmp/cc9A5qrh.s 			page 39


 502 0042 00000000 		.ascii	"\000\000\000\000\000\000\000\000"
 502      00000000 
 503 004a EC000000 		.ascii	"\354\000\000\000"
 504 004e 636800   		.ascii	"ch\000"
 505 0051 00       		.ascii	"\000"
 506 0052 02       		.ascii	"\002"
 507 0053 00       		.ascii	"\000"
 508 0054 00000000 		.ascii	"\000\000\000\000\000\000\000\000"
 508      00000000 
 509 005c F7010000 		.ascii	"\367\001\000\000"
 510              		.text
 511              		.section	.gnu.lto_.opts,"",%progbits
 512 0000 272D666D 		.ascii	"'-fmath-errno' '-fsigned-zeros' '-ftrapping-math' '"
 512      6174682D 
 512      6572726E 
 512      6F272027 
 512      2D667369 
 513 0033 2D666E6F 		.ascii	"-fno-trapv' '-fno-openmp' '-fno-openacc' '-mcpu=arm"
 513      2D747261 
 513      70762720 
 513      272D666E 
 513      6F2D6F70 
 514 0066 3774646D 		.ascii	"7tdmi' '-mno-thumb-interwork' '-O2' '-fomit-frame-p"
 514      69272027 
 514      2D6D6E6F 
 514      2D746875 
 514      6D622D69 
 515 0099 6F696E74 		.ascii	"ointer' '-falign-functions=16' '-ffunction-sections"
 515      65722720 
 515      272D6661 
 515      6C69676E 
 515      2D66756E 
 516 00cc 2720272D 		.ascii	"' '-fdata-sections' '-fno-common' '-flto'\000"
 516      66646174 
 516      612D7365 
 516      6374696F 
 516      6E732720 
 517              		.text
 518              		.comm	__gnu_lto_v1,1,1
 519              		.comm	__gnu_lto_slim,1,1
 520              		.ident	"GCC: (GNU Tools for Arm Embedded Processors 7-2017-q4-major) 7.2.1 20170904 (release) [ARM
ARM GAS  /tmp/cc9A5qrh.s 			page 40


DEFINED SYMBOLS
                            *ABS*:0000000000000000 chvt.c
                            *COM*:0000000000000001 __gnu_lto_v1
                            *COM*:0000000000000001 __gnu_lto_slim

NO UNDEFINED SYMBOLS
