ARM GAS  /tmp/ccwpR6zv.s 			page 1


   1              		.cpu arm7tdmi
   2              		.eabi_attribute 20, 1
   3              		.eabi_attribute 21, 1
   4              		.eabi_attribute 23, 3
   5              		.eabi_attribute 24, 1
   6              		.eabi_attribute 25, 1
   7              		.eabi_attribute 26, 1
   8              		.eabi_attribute 30, 2
   9              		.eabi_attribute 34, 0
  10              		.eabi_attribute 18, 4
  11              		.file	"main.c"
  12              		.section	.gnu.lto_.profile.3788fb4ddde0d4f2,"",%progbits
  13 0000 789C6363 		.ascii	"x\234cc```\001bF\006C^\000\000\347\000J"
  13      60606001 
  13      62460643 
  13      5E0000E7 
  13      004A
  14              		.text
  15              		.section	.gnu.lto_.icf.3788fb4ddde0d4f2,"",%progbits
  16 0000 789C6363 		.ascii	"x\234cc``\020a@\000f\206y\315\267\247\2630\315_\334"
  16      60601061 
  16      40006686 
  16      79CDB7A7 
  16      B330CD5F 
  17 0015 758097F9 		.ascii	"u\200\227\371\352\266\276_\254\014\000W4\010k"
  17      EAB6BE5F 
  17      AC0C0057 
  17      34086B
  18              		.text
  19              		.section	.gnu.lto_.jmpfuncs.3788fb4ddde0d4f2,"",%progbits
  20 0000 789C658E 		.ascii	"x\234e\216\261\012\302@\020Dwv\243QAl-\362\015\376b"
  20      B10AC240 
  20      10447776 
  20      A351416C 
  20      2DF20DFE 
  21 0015 04B1B212 		.ascii	"\004\261\262\022$XD\260\014X\032\215\001\213`egg\343"
  21      245844B0 
  21      0C581A8D 
  21      018B6065 
  21      6767E3
  22 0028 0F5888B5 		.ascii	"\017X\210\265M8\367\316\020\242\036\314\2617\367vw\332"
  22      4D38F7CE 
  22      10A21ECC 
  22      B137F776 
  22      77DA
  23 003a 443404D5 		.ascii	"D4\004\325\207\011\372\212\205\030\013\301j9/\2733\211"
  23      8709FA8A 
  23      85180BC1 
  23      6A392FBB 
  23      3389
  24 004c 05B8FBD8 		.ascii	"\005\270\373\330\" \024\236\226zYT\241_\263g\333\362"
  24      2220149E 
  24      967A5954 
  24      A15FB367 
  24      DBF2
  25 005e FC71F3C3 		.ascii	"\374q\363\303r\334\211\205\327\242S\221\"t\024\251^"
  25      72DC8985 
ARM GAS  /tmp/ccwpR6zv.s 			page 2


  25      D7A25391 
  25      227414A9 
  25      5E
  26 006f C6980158 		.ascii	"\306\230\001X\271hz\272\370v<\203\260C\340\244\376q"
  26      B9687ABA 
  26      F8763C83 
  26      B043E0A4 
  26      FE71
  27 0081 723DB7AC 		.ascii	"r=\267\254/H\030\373jC\302n\203\005\262\347&\353\177"
  27      2F4818FB 
  27      6A43C26E 
  27      8305B2E7 
  27      26EB7F
  28 0094 721584AC 		.ascii	"r\025\204\254\002\012\252\201F\002/r\011\016\215\004"
  28      020AAA81 
  28      46022F72 
  28      090E8D04 
  29 00a4 E63F817E 		.ascii	"\346?\201~ \327\355V\030\005\337a\265\377\015\332\311"
  29      20D7ED56 
  29      1805DF61 
  29      B5FF0DDA 
  29      C9
  30 00b5 4C02     		.ascii	"L\002"
  31              		.text
  32              		.section	.gnu.lto_.inline.3788fb4ddde0d4f2,"",%progbits
  33 0000 789C6363 		.ascii	"x\234cc``pb@\000&\006\006\266s\034\214\014L,\013\344"
  33      60607062 
  33      40002606 
  33      06B6731C 
  33      8C0C4C2C 
  34 0016 1958405C 		.ascii	"\031X@\\\240\0307#\003P\204\201\373)H\002(\200\"\316"
  34      A0183723 
  34      03508481 
  34      FB294802 
  34      288022CE 
  35 002a C6CFC0C0 		.ascii	"\306\317\300\300\012\326\313\310\005\"\001\243d\003"
  35      0AD6CBC8 
  35      052201A3 
  35      6403
  36 0038 39       		.ascii	"9"
  37              		.text
  38              		.section	.gnu.lto_.pureconst.3788fb4ddde0d4f2,"",%progbits
  39 0000 789C6363 		.ascii	"x\234cc```\005b&\006S&\023\000\001i\000y"
  39      60606005 
  39      62260653 
  39      26130001 
  39      690079
  40              		.text
  41              		.section	.gnu.lto_Thread1.3788fb4ddde0d4f2,"",%progbits
  42 0000 789C5552 		.ascii	"x\234UR\337K\024Q\030\375\316|\263?\374\265\021\275"
  42      DF4B1451 
  42      18FDCE7C 
  42      B33FFCB5 
  42      11BD
  43 0012 04ED8342 		.ascii	"\004\355\203B\"\276\354<\366\026\365\326s\377\201\330"
  43      22BEEC3C 
  43      F616F5D6 
ARM GAS  /tmp/ccwpR6zv.s 			page 3


  43      73FF81D8 
  44 0022 A2826EB1 		.ascii	"\242\202n\261\332CO{]W4\224\310\320M\226\251\026Rz)"
  44      DA434F7B 
  44      5D573494 
  44      C8D04D96 
  44      A916527A 
  45 0037 4AB2ADD5 		.ascii	"J\262\255\325\265\246-5\037,\223\250@\0211\220(!\226"
  45      B5A62D35 
  45      1F2C93A8 
  45      40113190 
  45      282196
  46 004a A05FA2F5 		.ascii	"\240_\242\365\335\231%\334a\346\316\275\337w8\347\334"
  46      DD9925DC 
  46      61E6CEBD 
  46      DF7738E7 
  46      DC
  47 005b 73AF9F88 		.ascii	"s\257\237\210V\015\242S\362?!\037|\004\343\352k\242"
  47      560DA253 
  47      F23F211F 
  47      7C04E3EA 
  47      6BA2
  48 006d DEA001F6 		.ascii	"\336\240\001\366&\014\323\233\230^\3454(a\260\011\031"
  48      260CD39B 
  48      985EE534 
  48      2861B009 
  48      19
  49 007e A8FC0CF3 		.ascii	"\250\374\014\363(\2438\260\2357\232\357(y\234\353\033"
  49      28A338B0 
  49      9D379AEF 
  49      28799CEB 
  49      1B
  50 008f F5BDAAFF 		.ascii	"\365\275\252\377\250-\210t\031\205\207h\026\324\333"
  50      A82D8874 
  50      19858768 
  50      16D4DB
  51 009e D4039B87 		.ascii	"\324\003\233\207\330f\300\224ei9\363)\244\227\006\352"
  51      D866C094 
  51      656939F3 
  51      29A49706 
  51      EA
  52 00af 65F9550D 		.ascii	"e\371U\015\315\201\253A2\237\274\362k\312h\232T*\251"
  52      CD81AB41 
  52      329FBCF2 
  52      6BCA689A 
  52      542AA9
  53 00c2 9C159CB1 		.ascii	"\234\025\234\261\231\221\003\013\035\036!\214i\204I"
  53      9991030B 
  53      1D1E218C 
  53      698449
  54 00d1 4A84C768 		.ascii	"J\204\307h\322\350\255\251\375\261:\277\351\311\341"
  54      D2E8ADA9 
  54      FDB13ABF 
  54      E9C9E1
  55 00e0 09FC0499 		.ascii	"\011\374\004\231\334_\3659j\377\357\200r\326'0\342\223"
  55      DC5FF539 
  55      6AFFEF80 
  55      72D62730 
ARM GAS  /tmp/ccwpR6zv.s 			page 4


  55      E293
  56 00f2 BECD26D1 		.ascii	"\276\315&\321\240\200\240\034\272\314\006\241\317\241"
  56      A080A01C 
  56      BACC06A1 
  56      CFA1
  57 0100 6D189A23 		.ascii	"m\030\232#\271\225{\017\016\271\352\275\363+\245\252"
  57      B9957B0F 
  57      0EB9EABD 
  57      F32BA5AA 
  58 0110 C6DBAEFA 		.ascii	"\306\333\256\372~\2223\312I\325\333\354C\276\322\202"
  58      7E9233CA 
  58      49D5DBEC 
  58      43BED282 
  59 0120 BBB31934 		.ascii	"\273\263\0314j\277w\235C\015Gn\251q\301\3715\305\304"
  59      6ABF779D 
  59      430D476E 
  59      A971C1F9 
  59      35C5C4
  60 0133 EACFB5EA 		.ascii	"\352\317\265\352\304\236\032W*\373\255d\330\034\300"
  60      C49E1A57 
  60      2AFBAD64 
  60      D81CC0
  61 0142 2C1A3C6F 		.ascii	",\032<o\005$\350\013\2223\277\013\205\321c\377\355\247"
  61      0524E80B 
  61      9233BF0B 
  61      85D163FF 
  61      EDA7
  62 0154 BCF07ED4 		.ascii	"\274\360~\324jJw\027i\306\301\335a\016~<\325\0042dX"
  62      6A4A7717 
  62      69C6C1DD 
  62      610E7E3C 
  62      D5043264 
  63 0169 2798EE2F 		.ascii	"'\230\356/\276\011\350\004\203.2\237\337Y\013\210hP"
  63      BE09E804 
  63      832E329F 
  63      DF590B88 
  63      6850
  64 017b 0A599D85 		.ascii	"\012Y\235\205\324\246\373J\327BY\334\204\315Up\220\300"
  64      D4A6FB4A 
  64      D74259DC 
  64      84CD5570 
  64      90C0
  65 018d 33ED5C1A 		.ascii	"3\355\\\032\271\305\365\335\240uO\253n~/\035>kK\364"
  65      B9C5F5DD 
  65      A0754FAB 
  65      6E7E2F1D 
  65      3E6B4BF4 
  66 01a1 CF91C598 		.ascii	"\317\221\305\230\316G\2444\346\317\207\276~\303\303"
  66      CE47A434 
  66      E6CF87BE 
  66      7EC3C3
  67 01b0 6463921E 		.ascii	"dc\222\036\212\260\306\304\225\333\307\013Xz\037\231"
  67      8AB0C6C4 
  67      95DBC70B 
  67      587A1F99 
  68 01c0 A593DAD1 		.ascii	"\245\223\332\321A;\246k\247P\\^\360{\3225\342\027/\313"
  68      413BA66B 
ARM GAS  /tmp/ccwpR6zv.s 			page 5


  68      A7505C5E 
  68      F07BD235 
  68      E2172FCB 
  69 01d4 CAEF063E 		.ascii	"\312\357\006>n\324\224Ys\320\301\316\273\272F\231w\001"
  69      6ED49459 
  69      73D0C1CE 
  69      BBBA4699 
  69      7701
  70 01e6 5665829B 		.ascii	"Ve\202\233C\263\341\312\010\027%B\222#d\222[)\207\270"
  70      43B3E1CA 
  70      08172542 
  70      92236492 
  70      5B2987B8 
  71 01fa 835476B7 		.ascii	"\203Tv\267\331\355U\346P\233\026Z\302+\301K\343\306"
  71      D9ED55E6 
  71      509B165A 
  71      C22BC14B 
  71      E3C6
  72 020c F8C85E95 		.ascii	"\370\310^\2256X\207\317\001,!ls\210\364\22505\017\006"
  72      365887CF 
  72      012C216C 
  72      7388F495 
  72      30350F06 
  73 0220 19EEA106 		.ascii	"\031\356\241\006\272Z:b\221V\342\226x\233\031k\351\212"
  73      BA5A3A62 
  73      9156E296 
  73      789B196B 
  73      E98A
  74 0232 06BB3BA3 		.ascii	"\006\273;\243\321\013\3218\035\217D,\357=\337m\305{"
  74      D10BD138 
  74      1D8F442C 
  74      EF3DDF6D 
  74      C57B
  75 0244 AC8E586B 		.ascii	"\254\216Xk\347\305sQ\253\265=\036m\353\350\356\211_"
  75      E7C57351 
  75      ABB53D1E 
  75      6DEBE8EE 
  75      895F
  76 0256 8AB4D33F 		.ascii	"\212\264\323?J\322\003\005"
  76      4AD20305 
  77              		.text
  78              		.section	.gnu.lto_main.3788fb4ddde0d4f2,"",%progbits
  79 0000 789C6D51 		.ascii	"x\234mQ\317/\003a\020\235\267\263?Z\2647\027\351\301"
  79      CF2F0361 
  79      109DB7B3 
  79      3F5AB437 
  79      17E9C1
  80 0013 B591F442 		.ascii	"\265\221\364B\342\354O\021'\022\376\205]iE\033\016\010"
  80      E2EC4F11 
  80      2712FE85 
  80      5D69451B 
  80      0E08
  81 0025 4B6AC9C6 		.ascii	"Kj\311\306E\023\007D\251R\355\022\007\221 \025\021\211"
  81      45130744 
  81      A952ED12 
  81      07912015 
  81      1189
ARM GAS  /tmp/ccwpR6zv.s 			page 6


  82 0037 9B5E1C1A 		.ascii	"\233^\034\032I9\3731_\227\213t\222\335\375\346\315\333"
  82      4939FB31 
  82      5F978B74 
  82      92DDFDE6 
  82      CDDB
  83 0049 37F3E633 		.ascii	"7\363\3463\211\350\011DQ\371\016\313\003\203\240-\334"
  83      89E80944 
  83      51F90ECB 
  83      0383A02D 
  83      DC
  84 005a 124D4734 		.ascii	"\022MG4px`\350\341A\017\221\021\220\255\261\016y\321"
  84      707860E8 
  84      E1410F91 
  84      1190ADB1 
  84      0E79D1
  85 006d 6FCCF332 		.ascii	"o\314\3632\243\236\331\363x\216=&\350\222\266n\362\215"
  85      A39ED9F3 
  85      788E3D26 
  85      E892B66E 
  85      F28D
  86 007f B84A817E 		.ascii	"\270J\201~IK\353\365\301\344\266#\021\254\346{\363\205"
  86      494BEBF5 
  86      C1E4B623 
  86      11ACE67B 
  86      F385
  87 0091 40F75823 		.ascii	"@\367X#W\310E$p\200\204\352~\210$\011\367e\377k%f\352"
  87      57C84524 
  87      708084EA 
  87      7E882409 
  87      F765FF6B 
  88 00a8 AA2AE011 		.ascii	"\252*\340\021L\222\021i\367\336\010\234\257\357Y'\270"
  88      4C921169 
  88      F7DE089C 
  88      AFEF5927 
  88      B8
  89 00b9 DCC28761 		.ascii	"\334\302\207a\022e\245\016'\240\234(!\035P\023i\377"
  89      1265A50E 
  89      27A09C28 
  89      211D5013 
  89      69FF
  90 00cb A3AFFD83 		.ascii	"\243\257\375\203\250\224\313\315g\313\376t\"\036\263"
  90      A894CBCD 
  90      67CBFE74 
  90      221EB3
  91 00da CBA28012 		.ascii	"\313\242\200\022l\362X\027\336\232\3630\324\201g\270"
  91      6CF25817 
  91      DE9AF330 
  91      D48167B8 
  92 00ea A2443816 		.ascii	"\242D8\026\236\024\334\231\213;K90\361\217g\372j2\301"
  92      9E14DC99 
  92      8B3B4B39 
  92      30F18F67 
  92      FA6A32C1 
  93 00fe 8AE9D652 		.ascii	"\212\351\326R\334\307&<\266p\002\033eeD\012\325\326"
  93      DCC7263C 
  93      B670021B 
  93      6565440A 
ARM GAS  /tmp/ccwpR6zv.s 			page 7


  93      D5D6
  94 0110 75232EE4 		.ascii	"u#.\344\254\343\370\357P\022\247\360\021z\251\300\026"
  94      ACE3F8EF 
  94      5012A7F0 
  94      117AA9C0 
  94      16
  95 0121 4625FD78 		.ascii	"F%\375xe(\365\010\012\032\316\220PKz\333)\305\024\026"
  95      6528F508 
  95      0A1ACE90 
  95      504B7ADB 
  95      29C51416 
  96 0135 4540A8B6 		.ascii	"E@\250\266\261\277\266Ji\302\343.\2279\224\251I\273"
  96      B1BFB64A 
  96      69C2E32E 
  96      973994A9 
  96      49BB
  97 0147 54C2E36E 		.ascii	"T\302\343n\031%\307Lr7\355\035d\374\332@\007o=\2568"
  97      1925C74C 
  97      7237ED1D 
  97      64FCDA40 
  97      076F3DAE 
  98 015c 2704A1B7 		.ascii	"'\004\241\267\215\265\305\317h\330\351\325\3029D'Fj"
  98      8DB5C5CF 
  98      68D8E9D5 
  98      C2394427 
  98      466A
  99 016e A3BAD241 		.ascii	"\243\272\322AV\355K\302\232\034\035\237J\215\321\017"
  99      56ED4BC2 
  99      9A1C1D9F 
  99      4A8DD10F 
 100 017e 1F9EA07A 		.ascii	"\037\236\240z"
 101              		.text
 102              		.section	.gnu.lto_.symbol_nodes.3788fb4ddde0d4f2,"",%progbits
 103 0000 789C55C9 		.ascii	"x\234U\3111\016\202@\024E\321\373\347\017\3036\010+"
 103      310E8240 
 103      1445D1FB 
 103      E70FC336 
 103      082B
 104 0012 71677F0A 		.ascii	"qg\177\012;\013]\002\223\260\010cmmimA\203 \356\300"
 104      3B0B5D02 
 104      93B00863 
 104      6D6D696D 
 104      418320EE 
 105 0027 30909060 		.ascii	"0\220\220`\361\362\222{\002p\316\303\2751\270<X\356"
 105      F1F2927B 
 105      0270CEC3 
 105      BD31B83C 
 105      58EE
 106 0039 DAA418A0 		.ascii	"\332\244\030\240\370\"\325b\003&\233\335b\222L=\304"
 106      F822D562 
 106      03269BDD 
 106      62924C3D 
 106      C4
 107 004a 1A5426CC 		.ascii	"\032T&\314\255\226C<\200|0\375\013#\346\367A\361\034"
 107      AD96433C 
 107      807C30FD 
 107      0B23E6F7 
ARM GAS  /tmp/ccwpR6zv.s 			page 8


 107      41F11C
 108 005d D3F354AA 		.ascii	"\323\363T\252\013\264\257\237\250+\270\257\357\351\232"
 108      0BB4AF9F 
 108      A82BB8AF 
 108      EFE99A
 109 006c 0CCC32C8 		.ascii	"\014\3142\310%\031"
 109      2519
 110              		.text
 111              		.section	.gnu.lto_.refs.3788fb4ddde0d4f2,"",%progbits
 112 0000 789C6363 		.ascii	"x\234cc``\340\003bF b\002\002f&&\006&\006\000\002\033"
 112      6060E003 
 112      62462062 
 112      02026626 
 112      26062606 
 113 0017 0028     		.ascii	"\000("
 114              		.text
 115              		.section	.gnu.lto_.decls.3788fb4ddde0d4f2,"",%progbits
 116 0000 789CBD5A 		.ascii	"x\234\275ZkPTW\236\357sO\323\3354\0158\350f\235-\253"
 116      6B505457 
 116      9EEF734F 
 116      D3DD340D 
 116      38E8669D 
 117 0016 2695614A 		.ascii	"&\225aJ>\254\242Iv\342\354\344\303ne\267f\246\246&["
 117      3EACA249 
 117      76E2ECE4 
 117      C36E65B7 
 117      66A6A626 
 118 002b 35C9566D 		.ascii	"5\311Vmfk\253\207\264\035!\3415M\023\343\354\207\271"
 118      666BAB87 
 118      B41D21E1 
 118      354D13E3 
 118      EC87B9
 119 003e 3C055101 		.ascii	"<\005Q\001A\005\305\001\005\025\225\227\202\362~\310"
 119      4105C501 
 119      05159597 
 119      82F27EC8 
 120 004e 4B144510 		.ascii	"K\024E\020\301\007oL\020\021E\036\012\210\302\376\317"
 120      C1076F4C 
 120      1011451E 
 120      0A88C2FE 
 120      CF
 121 005f A3FBDE6E 		.ascii	"\243\373\336nn\233|\231\355\342p\373\177\356\377\234"
 121      6E9B7C99 
 121      EDE270FB 
 121      7FEEFF9C 
 122 006f DFFF7DCF 		.ascii	"\337\377}\3179\2675*\225\352\027\233T\252N\215J\365"
 122      39B7352A 
 122      95EA179B 
 122      54AA4E8D 
 122      4AF5
 123 0081 2152A956 		.ascii	"!R\251V\340\203\241\357247hFh\033\241]\205\366\031\264"
 123      E083A1EF 
 123      32343768 
 123      46681BA1 
 123      5D85F619 
 124 0096 EB2AF621 		.ascii	"\353*\366!\367:\241uC\033\205V\014c/@\023\340{\031\\"
 124      F73AA175 
ARM GAS  /tmp/ccwpR6zv.s 			page 9


 124      431B8556 
 124      0C632F40 
 124      13E07B19 
 125 00ab 0D82CAE1 		.ascii	"\015\202\312\341s\034\372\274\341\372Gh>\320\326\361"
 125      731CFABC 
 125      E1FA4768 
 125      3ED0D6F1 
 126 00bb B9ADD0FF 		.ascii	"\271\255\320\377\033r\017\370\327@\373\0214=\264W\320"
 126      1B720FF8 
 126      D740FB11 
 126      343DB457 
 126      D0
 127 00cc 1709CD47 		.ascii	"\027\011\315G`\370#\320\210\\\030\350\347\320\177\022"
 127      60F823D0 
 127      885C18E8 
 127      E7D07F12 
 128 00dc 319AC8F0 		.ascii	"1\232\310\360\226\300d\200\256U\270\247\241\323K\206"
 128      96C06480 
 128      AE55B8A7 
 128      A1D34B86 
 129 00ec F907687F 		.ascii	"\371\007h\177\017<\347\241\177\275\300\364j\343\272"
 129      0F3CE7A1 
 129      7FBDC0F4 
 129      6AE3BA
 130 00fb 6DE4FA15 		.ascii	"m\344\372\025q\334\021\231\256DO\242\037\321\263S%\341"
 130      71DC1199 
 130      AE444FA2 
 130      1FD1B353 
 130      25E1
 131 010d 115DE59F 		.ascii	"\021]\345\237t\214\272bK\262p\022F>z\244\006r\372\306"
 131      748CBA62 
 131      4BB27012 
 131      463E7AA4 
 131      0672FAC6 
 132 0121 91075E40 		.ascii	"\221\007^@\256\323\243\267\201\\\250\351:!\260\273\276"
 132      AED3A3B7 
 132      815CA8E9 
 132      3A21B0BB 
 132      BE
 133 0132 40D68F34 		.ascii	"@\326\2174\236\305\372\004\021>91\242\373\257I\177\031"
 133      9EC5FA04 
 133      113E3931 
 133      A2FBAF49 
 133      7F19
 134 0144 DA804AD1 		.ascii	"\332\200J\321\006\000\270\204\364\360\337\177\003\272"
 134      0600B884 
 134      F4F0DF7F 
 134      03BA
 135 0152 082470D7 		.ascii	"\010$p\327\304\364\266\271\261\301\371\002\320\027\263"
 135      C4F4B6B9 
 135      B1C1F902 
 135      D017B3
 136 0161 AF547BB3 		.ascii	"\257T{\263\271\033|\200~r\262\343\202;\320~z\364\027"
 136      B91B7C80 
 136      7E72B2E3 
 136      823BD07E 
 136      7AF417
ARM GAS  /tmp/ccwpR6zv.s 			page 10


 137 0174 208B272B 		.ascii	" \213'+\027=\031IF\227\317\217>\322`\201~\177\221\220"
 137      173D1949 
 137      4697CF8F 
 137      3ED26081 
 137      7E7F9190 
 138 0188 5DE5BDB9 		.ascii	"]\345\275\271@d\037\335\217U\250\032a\233\006Y\251\243"
 138      40641FDD 
 138      8F55A81A 
 138      619B0659 
 138      A9A3
 139 019a 87DDB10F 		.ascii	"\207\335\261\017e<R=w\215C\352\310\034O\317\225{rD\270"
 139      653C523D 
 139      778D43EA 
 139      C81C4FCF 
 139      957B7244 
 140 01af 2D643E2F 		.ascii	"-d>/[\362Bz?\320 Z,\211\021\177\024\265U\205\352A\201"
 140      5BF2427A 
 140      3FD0205A 
 140      2C89117F 
 140      14B55585 
 141 01c6 3A90185D 		.ascii	":\220\030]F~\004\274\006mV\241*\350\254\204\316S\004"
 141      467E04BC 
 141      066D56A1 
 141      2AE8AC84 
 141      CE5304
 142 01d9 B061AAF4 		.ascii	"\260a\252\364\347\251\273EQ@\015H\217j\021\246<\240"
 142      E7A9BB45 
 142      51400D48 
 142      8F6A11A6 
 142      3CA0
 143 01eb AB9F9E89 		.ascii	"\253\237\236\211\260;6?\331\003\237DD\006!=y\264O\013"
 143      B03B363F 
 143      D9039F44 
 143      4406213D 
 143      79B44F0B 
 144 01ff B7D8D0F9 		.ascii	"\267\330\320\371\302w\257\304\221\241\3150\264Q\032"
 144      C277AFC4 
 144      91A1CD30 
 144      B4511A
 145 020e DA408CA5 		.ascii	"\332@\214\245R\026\244IA\020@\031,\356kV\343\263\324"
 145      5216A449 
 145      41104019 
 145      2CEE6B56 
 145      E3B3D4
 146 0221 24C2F3C4 		.ascii	"$\302\363\304'9\256U\271\342Z\225\016\277\212\333\242"
 146      2739AE55 
 146      B9E25A95 
 146      0EBF8ADB 
 146      A2
 147 0232 F8366A05 		.ascii	"\3706j\005yZ$y\232\021\327%c\177B\234\332'\2050\303"
 147      795A2479 
 147      9A11D725 
 147      637F429C 
 147      DA278530 
 148 0247 BF7F594F 		.ascii	"\277\177YO\031+`\216r\352\3446\344cs5\341\356\273\236"
 148      192B608E 
 148      72EAE436 
ARM GAS  /tmp/ccwpR6zv.s 			page 11


 148      E4637335 
 148      E1EEBB9E 
 149 025b F1DACBB0 		.ascii	"\361\332\313\260\207\010\301\"\002\356\313B\342*2\020"
 149      8708C122 
 149      02EECB42 
 149      E22A3210 
 150 026b 2F912B30 		.ascii	"/\221+0\027\025,\225\350\325\020\253\310h@\241j2>;\243"
 150      17152C95 
 150      E8D510AB 
 150      C86840A1 
 150      6A323E3B 
 151 0280 29DA7BFD 		.ascii	")\332{\375!\036Qk\324\350\217o\311\206\267\243\365\360"
 151      211E516B 
 151      D4E88F6F 
 151      C986B7A3 
 151      F5F0
 152 0292 FF1A5233 		.ascii	"\377\032R3\260\225\316[\223\0069\030\334\227q_G\006"
 152      B095CE5B 
 152      93063918 
 152      DC97715F 
 152      4706
 153 02a4 9B36D729 		.ascii	"\2336\327)^\325\345\332z\217!4\200\010\344\032\032/"
 153      5ED5E5DA 
 153      7A8F2134 
 153      8008E41A 
 153      1A2F
 154 02b6 08B1FF70 		.ascii	"\010\261\377p%\215\322+\266\017b\375\320+\260\013g%"
 154      258DD22B 
 154      B60F62FD 
 154      D02BB00B 
 154      6725
 155 02c8 846D08B2 		.ascii	"\204m\010\262\367\010|\016\3016/\375\343\023 \371\254"
 155      F7087C0E 
 155      C1362FFD 
 155      E31320F9 
 155      AC
 156 02d9 EC3E83B3 		.ascii	"\354>\203\263}XF\262/\262q\254K\220\300dCV\311\252\262"
 156      7D5846B2 
 156      2FB271AC 
 156      4B90C064 
 156      4356C9AA 
 157 02ee DFB60B25 		.ascii	"\337\266\013%)\211xz\234;\\q\324c\030\015\002\375\023"
 157      2989787A 
 157      9C3B5C71 
 157      D463180D 
 157      02FD13
 158 0301 954AD485 		.ascii	"\225J\324\205\320\336\307\247*W<\361]\226^-\303\031"
 158      D0DEC7A7 
 158      2A573CF1 
 158      5D965E2D 
 158      C319
 159 0313 5D9A7772 		.ascii	"]\232wr\304\206\021\261\341J\377\207\321M\361bJ\024"
 159      C48611B1 
 159      E14AFF87 
 159      D14DF162 
 159      4A14
 160 0325 F89E3A00 		.ascii	"\370\236:\000\335\224\202\344&\311:\324\201\206\021"
ARM GAS  /tmp/ccwpR6zv.s 			page 12


 160      DD9482E4 
 160      26C93AD4 
 160      818611
 161 0334 BA818600 		.ascii	"\272\201\206\000\257\023\275\003\3433\257\267\247a<"
 161      AF13BD03 
 161      E333AFB7 
 161      A7613C
 162 0343 CE262B6A 		.ascii	"\316&+j\257\354Er\217\376A^#nQ\217\206r\207\336;\332"
 162      AFEC4572 
 162      8FFE415E 
 162      236E518F 
 162      867287DE 
 163 0359 B8067073 		.ascii	"\270\006ps\000\367\351\247G\304\206X\221d\012\360\240"
 163      00F7E9A7 
 163      47C48658 
 163      91640AF0 
 163      A0
 164 036a 2E09B4CB 		.ascii	".\011\264\313\031\264\233\202\036IIl\363\302O\030\350"
 164      19B49B82 
 164      1E49496C 
 164      F3C24F18 
 164      E8
 165 037b 40DB9973 		.ascii	"@\333\231s\244\212m\324#b\034oY9\331\310\312\311\255"
 165      A48A6DD4 
 165      23621C6F 
 165      5939D9C8 
 165      CAC9AD
 166 038e E4993C2D 		.ascii	"\344\231<-^`\3113to\251\337\236<4\224Tv\031\321=\310"
 166      5E60C933 
 166      746FA9DF 
 166      9E3C3494 
 166      547619D1 
 167 03a4 9D8D3C77 		.ascii	"\235\215<wz\241\263G\312\235\331\215\254\014\334\205"
 167      7AA1B347 
 167      CA9DD98D 
 167      AC0CDC85 
 168 03b4 94B82349 		.ascii	"\224\270#I\270\221'\303\231\274\324\023\032\034\203"
 168      B89127C3 
 168      99BCD413 
 168      1A1C83
 169 03c3 2946F5D1 		.ascii	")F\365\321\357Z\004W\030\375.1\346\013\337i\245\365"
 169      EF5A0457 
 169      18FD2E31 
 169      E60BDF69 
 169      A5F5
 170 03d5 A20F30EE 		.ascii	"\242\0170\356K\030wm\031\227|\261\357\2257\336\313@"
 170      4B18776D 
 170      19977CB1 
 170      EF9537DE 
 170      CB40
 171 03e7 E26E5E7A 		.ascii	"\342n^z\344\022d\3105\310\304?\236\242 \203\0002 \201"
 171      E41264C8 
 171      35C8C43F 
 171      9EA22083 
 171      00322081 
 172 03fb F4D9404A 		.ascii	"\364\331@J\012\012\007t4S\011\007K\325\261\252K\311"
 172      0A0A0774 
ARM GAS  /tmp/ccwpR6zv.s 			page 13


 172      34530907 
 172      4BD5B1AA 
 172      4BC9
 173 040d 82CB541D 		.ascii	"\202\313T\035\241\216\035\266\245j\375\261\242X5\270"
 173      A18E1DB6 
 173      A56AFDB1 
 173      A25835B8 
 174 041d 7618D086 		.ascii	"v\030\320\206\246\266\235-\031\027\023|(\027\272-\341"
 174      A6B69D2D 
 174      1917137C 
 174      2817BA2D 
 174      E1
 175 042e DDE6551C 		.ascii	"\335\346U\034\215R\227\366\234\351\255\320\342!\314"
 175      8D5297F6 
 175      9CE9ADD0 
 175      E221CC
 176 043d E26875B1 		.ascii	"\342hu\261(n\314\233\324\341i\246\372\201\231\252\307"
 176      286ECC9B 
 176      D4E169A6 
 176      FA8199AA 
 176      C7
 177 044e 1AE46760 		.ascii	"\032\344g`\032\215\305\273\301\203\001=\204\022\360"
 177      1A8DC5BB 
 177      C183013D 
 177      8412F0
 178 045d 9D34FF75 		.ascii	"\2354\377uZ~\\\024\0144\006\366\221j\006\314\277\270"
 178      5A7E5C14 
 178      0C3406F6 
 178      916A06CC 
 178      BFB8
 179 046f EF593CD3 		.ascii	"\357Y<\323\232\314\363-\242\240b\372R\266'^d\240S1G"
 179      9ACCF32D 
 179      A2A062FA 
 179      52B6275E 
 179      64A05331 
 180 0484 4FBA0C9C 		.ascii	"O\272\014\234\307.\355}3\001g\345&\213\242\032M\200"
 180      C72EED7D 
 180      330167E5 
 180      268BA21A 
 180      4D80
 181 0496 391F2918 		.ascii	"9\037)\030<e\260\273\011Sh\3021\316\240mQ\375\331\352"
 181      3C65B0BB 
 181      095368C2 
 181      31CEA06D 
 181      51FDD9EA 
 182 04aa A8FE8C45 		.ascii	"\250\376\214Eu\336\342T\271\001\227\252\251p7:\347\253"
 182      75DEE254 
 182      B90197AA 
 182      A970373A 
 182      E7AB
 183 04bc 74AE849B 		.ascii	"t\256\204\233\006\341>\343\302=\205\316'v\341\356$\377"
 183      06E13EE3 
 183      C23D85CE 
 183      2776E1EE 
 183      24FF
 184 04ce B4E26112 		.ascii	"\264\342a\022\021\356\031@OI\302}\306e;\233{i\314\233"
 184      11EE1940 
ARM GAS  /tmp/ccwpR6zv.s 			page 14


 184      4F49C27D 
 184      C6653B9B 
 184      7B69CC9B 
 185 04e2 CA461826 		.ascii	"\312F\030&\231l\027\007[\366a\233{fX\237\355q\353\303"
 185      996C1707 
 185      5BF6619B 
 185      7B66589F 
 185      ED71EBC3 
 186 04f6 1EB7287F 		.ascii	"\036\267(\177,k\277\201\321\333\310S2\346\345\0355n"
 186      2C6BBF81 
 186      D1DBC853 
 186      32E6E51D 
 186      356E
 187 0508 70A392F7 		.ascii	"p\243\222\367O\035\212\327\340vF,V<\316\322\340\036"
 187      4F1D8AD7 
 187      E076462C 
 187      563CCED2 
 187      E01E
 188 051a 465C1B4D 		.ascii	"F\\\033M\037\020p?#\216-\225\265x\340o\031qa.\351\307"
 188      1F10703F 
 188      238E2D95 
 188      B578E06F 
 188      1971612E 
 189 0530 78927D6F 		.ascii	"x\222}o~\320\335\346\206g\031\221T\032{\\\215c5\224"
 189      7ED0DDE6 
 189      86671991 
 189      541A7B5C 
 189      8D633594 
 190 0544 A83A58F3 		.ascii	"\250:X\363D\207\223\030q\371\365\275,=>\312\210[\317"
 190      44879318 
 190      71F9F5BD 
 190      2C3D3ECA 
 190      885BCF
 191 0557 AE1FF360 		.ascii	"\256\037\363`\362\254\001\362\322\330\325V=[\035\210"
 191      F2AC01F2 
 191      D2D8D556 
 191      3D5B1D88 
 192 0567 08E85727 		.ascii	"\010\350W'o\336\325\341\\\306[]^\323\312W\022[\200\334"
 192      6FDED5E1 
 192      5CC65B5D 
 192      5ED3CA57 
 192      125B80DC 
 193 057b 9B225EF1 		.ascii	"\233\"^\361\300\005\354^kr\354^=.\327\260\007q\327d"
 193      C005EC5E 
 193      6B72EC5E 
 193      3D2ED7B0 
 193      0771D764 
 194 058f A6C695D5 		.ascii	"\246\306\225\325w\013o\010\211l\026\022\361\202\036"
 194      770B6F08 
 194      896C1612 
 194      F1821E
 195 059e C509AB43 		.ascii	"\305\011\253C\242u\370\365\2147nb\220q\373\012\017\023"
 195      A275F8F5 
 195      8C376E62 
 195      9071FB0A 
 195      0F13
 196 05b0 59352C14 		.ascii	"Y5,\024\264\320\365\355\263\227\227\324\254\213\314"
ARM GAS  /tmp/ccwpR6zv.s 			page 15


 196      B4D0F5ED 
 196      B39797D4 
 196      AC8BCC
 197 05bf F80DB156 		.ascii	"\370\015\261Vf\377y/|\225\011V\327]\021\353i_\207L\225"
 197      66FF792F 
 197      7C950956 
 197      D75D11EB 
 197      695F874C 
 198 05d4 6E8CA2B5 		.ascii	"n\214\242\265k\037\300%Ip\032\276\014\021W\311\276\027"
 198      6B1FC025 
 198      49701ABE 
 198      0C1157C9 
 198      BE17
 199 05e6 64D770D9 		.ascii	"d\327p\331\367\010\033P\242@W!3\213\317\312\324\270"
 199      F7081B50 
 199      A2405721 
 199      338BCFCA 
 199      D4B8
 200 05f8 9B6194A6 		.ascii	"\233a\224\246\275\312\360\222\257u.\322\262\222\002"
 200      BDCAF092 
 200      AF752ED2 
 200      B29202
 201 0607 18FB250C 		.ascii	"\030\373%\014\200t\005\222\254\014rgow\237\006\3671"
 201      80740592 
 201      AC0C7267 
 201      6F779F06 
 201      F731
 202 0619 90F2F6FE 		.ascii	"\220\362\366\376%l\007\001\303\035c\206K\003\224T\011"
 202      256C0701 
 202      C31D6386 
 202      4B039454 
 202      09
 203 062a 25C535CA 		.ascii	"%\3055\312\001e\224\243\263\003\217\334\231\217\375"
 203      016594A3 
 203      B3038FDC 
 203      998FFD
 204 0639 48659D4D 		.ascii	"He\235M\275\343\206G\230\301m\013a\037\266\020>\226"
 204      BDE38647 
 204      98C16D0B 
 204      611FB610 
 204      3E96
 205 064b DC7309E3 		.ascii	"\334s\011\343Iv/\261 \261\325\013\277`\304\211\372\352"
 205      49762FB1 
 205      20B1D50B 
 205      BF60C489 
 205      FAEA
 206 065d 492D8ED7 		.ascii	"I-\216\327\262Q\275\321\017\364\370 #F\372\257\224x"
 206      B251BDD1 
 206      0FF4F820 
 206      2346FAAF 
 206      9478
 207 066f E14C4654 		.ascii	"\341LFT\317\037\255\366\3069\214\270\361`eF\217O3\242"
 207      CF1FADF6 
 207      C6398CB8 
 207      F1606546 
 207      8F4F33A2 
 208 0683 2BEA38C4 		.ascii	"+\3528\304k\021\037#.e\032p\031%\204\243\215'J\005\273"
ARM GAS  /tmp/ccwpR6zv.s 			page 16


 208      6B111F23 
 208      2E651A70 
 208      192584A3 
 208      8D274A05 
 209 0698 E2D7FE81 		.ascii	"\342\327\376\201T\270\343\240t\366\017R:GY\351\216\351"
 209      54B8E3A0 
 209      74F60F52 
 209      3A4759E9 
 209      8EE9
 210 06aa 3DF0FCA8 		.ascii	"=\360\374\250bpI\007\237\234\362\302\215\214X\032O\277"
 210      62704907 
 210      9F9CF2C2 
 210      8D8C581A 
 210      4FBF
 211 06bc 8798CA64 		.ascii	"\207\230\312d\365\024]}/\225/\327\207i<\336\314\231"
 211      F5145D7D 
 211      2F952FD7 
 211      87693CDE 
 211      CC99
 212 06ce D5E19B8C 		.ascii	"\325\341\233\214\2672\365\000\010\335\303\210\301\214"
 212      B732F500 
 212      08DDC388 
 212      C18C
 213 06dc A46A0F3C 		.ascii	"\244j\017<\316\210\272\344\231\012w<\305\210\335\013"
 213      CE88BAE4 
 213      990A773C 
 213      C588DD0B 
 214 06ec A325DE78 		.ascii	"\243%\336xA\353\220R\353XJ=\215\375n\230g\343z so7\315"
 214      41EB9052 
 214      EB584A3D 
 214      8DFD6E98 
 214      67E37A20 
 215 0704 B8E115C6 		.ascii	"\270\341\025\306Z\034\367\355\031\035\334\333\000\341"
 215      5A1CF7ED 
 215      191DDCDB 
 215      00E1
 216 0712 8E64656F 		.ascii	"\216deo\003+{e\015\263\205j\034\257\243V:_\370\355\227"
 216      032B7B65 
 216      0DB3856A 
 216      1CAFA356 
 216      3A5FF8ED 
 217 0727 5298CFBE 		.ascii	"R\230\317\276U!\212k\320\0050S\211d\246\015\366\305"
 217      55218A6B 
 217      D0053053 
 217      8964A60D 
 217      F6C5
 218 0739 B6982BE2 		.ascii	"\266\230+\342\365*\364\336\006\264\005lt\036l\264\201"
 218      F52AF4DE 
 218      06B4056C 
 218      741E6CB4 
 218      81
 219 074a DBA8186C 		.ascii	"\333\250\030lT\304lt&;\277\331\023\247\260\371\007\013"
 219      54C46C74 
 219      263BBFD9 
 219      13A7B0F9 
 219      070B
 220 075c A73AB02C 		.ascii	"\247:\260,\306\337)\2451~\021\020J%\204\013\202\013"
ARM GAS  /tmp/ccwpR6zv.s 			page 17


 220      C6DF29A5 
 220      317E1110 
 220      4A25840B 
 220      820B
 221 076e 88326588 		.ascii	"\2102e\210\350\264\356\002w\234\301 \242[R\272\264\266"
 221      E8B4EE02 
 221      779CC120 
 221      A25B52BA 
 221      B4B6
 222 0780 1AE238BC 		.ascii	"\032\3428\274Ba\270=\021\216\260D(\007Q.I\242\\\024"
 222      4261B83D 
 222      118EB044 
 222      2807512E 
 222      49A25C14 
 223 0794 7805B1C5 		.ascii	"x\005\261\305\367:\026\337\315\371\225\203\2368G\307"
 223      F73A16DF 
 223      CDF99583 
 223      9E3847C7 
 224 07a4 3CBF77B9 		.ascii	"<\277w\271\030\343|\206\377d\177~\271F\031\277\326%"
 224      18E37C86 
 224      FF647F7E 
 224      B94619BF 
 224      D625
 225 07b6 7EE38F49 		.ascii	"~\343\217I<\326\000v\265\002vm\374L8.aXyM\305]Z\\\301"
 225      3CD60076 
 225      B502766D 
 225      FC4C382E 
 225      6158794D 
 226 07cf B0       		.ascii	"\260"
 227 07d0 EE3D6F4F 		.ascii	"\356=oO\223\0055\235\3442LR\357<\211\2020\015\312\266"
 227      9305359D 
 227      E4324C52 
 227      EF3C8982 
 227      300DCAB6 
 228 07e4 CCAEED3A 		.ascii	"\314\256\355:\243\306\227\031X\317B\355K\003n\243\204"
 228      A3C69719 
 228      58CF42ED 
 228      4B036EA3 
 228      84
 229 07f5 BA20E6EC 		.ascii	"\272 \346\35435\362\333\200 )\020\203$\033H\330 \001"
 229      3335F2DB 
 229      80202910 
 229      83241B48 
 229      D82001
 230 0808 6293806D 		.ascii	"b\223\200m\033\341#\"\240=\373\013\351\206\357:zU\300"
 230      1BE12322 
 230      A03DFB0B 
 230      E986EF3A 
 230      7A55C0
 231 081b 6F067C72 		.ascii	"o\006|rK\205Z\001\275\205\241\237\317j[t\327s\356\204"
 231      4B855A01 
 231      BD85A19F 
 231      CF6A5B74 
 231      D773EE84 
 232 082f EFE31E59 		.ascii	"\357\343\036YXiv\330\303\264\011\362\365\361U\301\300"
 232      586976D8 
 232      C3B409F2 
ARM GAS  /tmp/ccwpR6zv.s 			page 18


 232      F5F155C1 
 232      C0
 233 0840 D7EDD977 		.ascii	"\327\355\331w+\007\325\370\006S\352\201\330\324-\340"
 233      2B07D5F8 
 233      0653EA81 
 233      D8D42DE0 
 234 0850 1E4614E6 		.ascii	"\036F\024\346\016\236t\307\003\214\250\275\177`\334"
 234      0E9E74C7 
 234      038CA8BD 
 234      7F60DC
 235 085f 133F60C4 		.ascii	"\023?`\304`\321r\215\006?dDv\377t\241\026O0\253\367"
 235      60D1728D 
 235      063F6444 
 235      76FF74A1 
 235      164F30AB 
 236 0874 AE8C8F43 		.ascii	"\256\214\217CZ\373\311\200e\3137\324\005\242\032m+!"
 236      5AFBC980 
 236      65CB37D4 
 236      05A21A6D 
 236      2B21
 237 0886 DB46F1C3 		.ascii	"\333F\361\303\212:\262Q\354\024\014\350\246\344\034"
 237      8A3AB251 
 237      EC140CE8 
 237      A6E41C
 238 0895 A381C937 		.ascii	"\243\201\3117\034\335\332\255\303\263\014k\372\351\355"
 238      1CDDDAAD 
 238      C3B30C6B 
 238      FAE9ED
 239 08a4 579E789E 		.ascii	"W\236x\236\021\342b\335}\015^bD\337\301\205aw\274\314"
 239      11E262DD 
 239      7D0D5E62 
 239      44DFC185 
 239      6177BCCC 
 240 08b8 88B69EA4 		.ascii	"\210\266\236\244z5\216r\247\304\351\366a\321\015\307"
 240      7A358E72 
 240      A7C4E9F6 
 240      61D10DC7 
 241 08c8 32A2664F 		.ascii	"2\242fO\373+\035\336\315\210#U\273\243\365x\017#\316"
 241      FB2B1DDE 
 241      CD882355 
 241      BBA3F578 
 241      0F23CE
 242 08db ADCC261B 		.ascii	"\255\314&\033\360>F\234mHj\303,\242s\204t\354q=\356"
 242      F03E469C 
 242      6D486AC3 
 242      2CA27384 
 242      74EC713D 
 243 08f0 FA6E1DF2 		.ascii	"\372n\035\362e\237\265~\276\276'\210~\015/j|rc\304\266"
 243      659FB57E 
 243      BEBE2788 
 243      7E0D2F6A 
 243      7C7263C4 
 244 0905 2D54F65B 		.ascii	"-T\366[ \373\003a\255\244l\201@,]F\354\255b\374/\177"
 244      20FB0361 
 244      ADA46C81 
 244      402C5D46 
 244      ECAD62FC 
ARM GAS  /tmp/ccwpR6zv.s 			page 19


 245 091b 49361F98 		.ascii	"I6\037\230\262\337sf\367'\334[%\346\306\017%\346\273"
 245      B2DF7366 
 245      F727DC5B 
 245      25E6C60F 
 245      25E6BB
 246 092e 8ACCF2A9 		.ascii	"\212\314\362\251o\311\270{\235\271\353\2203\373\250"
 246      6FC9B87B 
 246      9DB9EB90 
 246      33FBA8
 247 093d 8CFDB633 		.ascii	"\214\375\2663\273\270Zp\031{\2073\373!\301I\362\011"
 247      BBB85A70 
 247      197B8733 
 247      FB21C149 
 247      F209
 248 094f 1977B7B2 		.ascii	"\031w\267\262U(w*\337\374\213\260\254C}\002;\320A\367"
 248      5528772A 
 248      DFFC8BB0 
 248      AC437D02 
 248      3BD041F7 
 249 0963 F9088803 		.ascii	"\371\010\210\003\364-\304\313\200\340\213\006\241\215"
 249      F42DC4CB 
 249      80E08B06 
 249      A18D
 250 0971 411B82F6 		.ascii	"A\033\202\366\035\264ah\243\320\372\241\215\010\276"
 250      1DB46168 
 250      A3D0FAA1 
 250      8D08BE
 251 0980 34B75838 		.ascii	"4\267X8\275\250^\003[JDfP\361PR\331\005\033\224\373"
 251      BDA85E03 
 251      5B4A4466 
 251      50F15052 
 251      D9051B94 
 252 0995 AB47596D 		.ascii	"\253GYm\231\036\327dz\334Q\266)\345&\317\355\321'O\335"
 252      991ED764 
 252      7ADC51B6 
 252      29E526CF 
 252      EDD1274F 
 253 09aa E4E926E7 		.ascii	"\344\351&\347\205u\276=\335\312W&\236\271\341L\032f"
 253      8575BE3D 
 253      DDCA5726 
 253      9EB9E14C 
 253      1A66
 254 09bc F8FCE38B 		.ascii	"\370\374\343\213\371\336h\255\257_*\177\260RK\330!\306"
 254      F9DE68AD 
 254      AF5F2A7F 
 254      B0524BD8 
 254      21C6
 255 09ce 01F311B7 		.ascii	"\001\363\021\267\304c\260\304\004\327\224I\327Q\267"
 255      C463B0C4 
 255      04D79449 
 255      D751B7
 256 09dd 8E290393 		.ascii	"\216)\003\223\243\033\234U!\232\230]Z\353\230]\0369"
 256      A31B9C55 
 256      219A985D 
 256      5AEB985D 
 256      1E39
 257 09ef DA852C47 		.ascii	"\332\205,G\372/O\010\3708\013\374\307c\347 z\362\031"
ARM GAS  /tmp/ccwpR6zv.s 			page 20


 257      FA2F4F08 
 257      F8380BFC 
 257      C763E720 
 257      7AF219
 258 0a02 9135D438 		.ascii	"\2215\3248\310\327-\315\204\2764\224\236h\340YA\016"
 258      C8D72DCD 
 258      84BE3494 
 258      9E68E059 
 258      410E
 259 0a14 F15ABB56 		.ascii	"\361Z\273V\352\334\361\005\306\\\272r&\036\343*J|x\272"
 259      EADCF105 
 259      C65CBA72 
 259      261EE32A 
 259      4A7C78BA 
 260 0a28 BBFFB13B 		.ascii	"\273\377\261;(fX\353\273\326\227\374\207?_\362\335\017"
 260      286658EB 
 260      BBD697FC 
 260      873F5FF2 
 260      DD0F
 261 0a3a 3E2C87FC 		.ascii	">,\207\374|\327\371\322[\276~\276\006\003\351\364\363"
 261      7CD7F9D2 
 261      5BBE7EBE 
 261      0603E9F4 
 261      F3
 262 0a4b B57FFC5C 		.ascii	"\265\177\374\\X$\003\324\234\341\026\331\217\375\320"
 262      582403D4 
 262      9CE116D9 
 262      8FFDD0
 263 0a5a AC834586 		.ascii	"\254\203E\206*\334\036\265\354\337'\3464\"4\007FYB\214"
 263      2ADC1EB5 
 263      ECDF27E6 
 263      34223407 
 263      4659428C 
 264 0a6e 5BC12832 		.ascii	"[\301(2O=w\360\024\031\307\314\343\020\235S\020\235"
 264      4F3D77F0 
 264      1419C7CC 
 264      E3109D53 
 264      109D
 265 0a80 4F213E50 		.ascii	"O!>P!\240\316s\011\012\340\3739\354\213\316B;\003-\037"
 265      21A0CE73 
 265      090AE0FB 
 265      39EC8BCE 
 265      423B032D 
 266 0a95 DA6968A7 		.ascii	"\332ih\247\240\235\204\226\007-\027\332\011h)\320\366"
 266      A09D8496 
 266      072D17DA 
 266      096829D0 
 266      F6
 267 0aa6 424B82B6 		.ascii	"BK\202\266\007Z\"\264E\210\336\005h/\034\264h\374o\026"
 267      075A22B4 
 267      4588DE05 
 267      682F1CB4 
 267      68FC6F16 
 268 0aba 7550279F 		.ascii	"uP'\237\201\272\363r\005\346\220r\362\330\305{\302G"
 268      81BAF372 
 268      05E69072 
 268      F2D8C57B 
ARM GAS  /tmp/ccwpR6zv.s 			page 21


 268      C247
 269 0acc FCEDC4EB 		.ascii	"\374\355\304\353\270\317s\210l _ '\001\237\257\2524"
 269      B8CF7388 
 269      6C205F20 
 269      27019FAF 
 269      AA34
 270 0ade 4FEFF130 		.ascii	"O\357\3610}\011\226\235W\346wv\311\222\203K^\262\344"
 270      7D09969D 
 270      57E67776 
 270      C992834B 
 270      5EB2E4
 271 0af1 7150380A 		.ascii	"qP8\012\024&\371\212\242A\341%\256\360nPX\004\301W@"
 271      1426F98A 
 271      A241E125 
 271      AEF06E50 
 271      5804C157 
 272 0b06 E8570E42 		.ascii	"\350W\016B?\250q[.\023\305D\015z\015R, \354\000\341"
 272      3FA8715B 
 272      2E13C544 
 272      0D7A0D52 
 272      2C20EC00 
 273 0b1b 501F6562 		.ascii	"P\037eb,;\210\361\372Mb$\000\364\367\2131z\032\213y"
 273      2C3B88F1 
 273      FA4D6224 
 273      00F4F78B 
 273      317A1A8B 
 274 0b30 EB698C2D 		.ascii	"\353i\214-*\313`\253>\220\261\275\207\265Q4\020\242"
 274      2ACB60AB 
 274      3E90B1BD 
 274      87B55134 
 274      10A2
 275 0b42 F05AF492 		.ascii	"\360Z\364\222\263\333O^\375\225\003\301~?\036\204\210"
 275      B3DB4F5E 
 275      FD9503C1 
 275      7E3F1E84 
 275      88
 276 0b53 C14CA038 		.ascii	"\301L\2408\370\036\013\002Ec\247lY\224g\313k\200 #\224"
 276      F81E0B02 
 276      4563A76C 
 276      599467CB 
 276      6B802023 
 277 0b68 9E31CA18 		.ascii	"\2361\312\030\257\370\010\327\030\215\376,\226m\331"
 277      AFF808D7 
 277      188DFE2C 
 277      966DD9
 278 0b77 B87A7E59 		.ascii	"\270z~Y\211Z.b%\012\230\344%\312v\224\364\366\221\003"
 278      895A2E62 
 278      250A98E4 
 278      25CA7694 
 278      F4F69103 
 279 0b8b 51B04C20 		.ascii	"Q\260L \326X\226\016\017\010\263\215\347a\215\333b\011"
 279      D658960E 
 279      0F08B38D 
 279      E7618DDB 
 279      6209
 280 0b9d 594A2C09 		.ascii	"YJ,\011\0123\214\035\322\2225 q\352\2124\236\260\332"
 280      0A338C1D 
ARM GAS  /tmp/ccwpR6zv.s 			page 22


 280      D2923520 
 280      71EA8A34 
 280      9EB0DA
 281 0bb0 A4EDAB70 		.ascii	"\244\355\253p\333\337\036/\246\004\320\275r\254s\362"
 281      DBDF1E2F 
 281      A604D0BD 
 281      72AC73F2 
 282 0bc0 C5383E16 		.ascii	"\3058>\026\311\322\364\277\230zd\207\230\240\314.s\350"
 282      C9D2F4BF 
 282      987A6487 
 282      98A0CC2E 
 282      73E8
 283 0bd2 E87F48FE 		.ascii	"\350\177H\376<\310\271\355\266Lw\346\236\371\230\315"
 283      3CC8B9ED 
 283      B64C77E6 
 283      9EF998CD 
 284 0be2 BD0FB80F 		.ascii	"\275\017\270\017;\317}Hp\362\315\252J\231\014\376P\252"
 284      3BCF7D48 
 284      70F2CDAA 
 284      4A990CFE 
 284      50AA
 285 0bf4 94FC69C0 		.ascii	"\224\374i\300M=\243d\250\371\011\337\314\024bj\002\235"
 285      4D3DA364 
 285      A8F909DF 
 285      CC14626A 
 285      029D
 286 0c06 29ADC866 		.ascii	")\255\310fl\246\022Y\251=\303\203'\025\257CG\224%\244"
 286      6CA61259 
 286      A93DC383 
 286      2715AF43 
 286      479425A4 
 287 0c1a FA1C5012 		.ascii	"\372\034P\022PE\207\021\351\216\203t9\0209\331\320\376"
 287      50458711 
 287      E98E8374 
 287      391039D9 
 287      D0FE
 288 0c2c 0AED08B4 		.ascii	"\012\355\010\264thi\320\0168D\323\313\3371\223\020\357"
 288      746869D0 
 288      0E3844D3 
 288      CBDF3193 
 288      10EF
 289 0c3e 1C054032 		.ascii	"\034\005@2\203\313\345\323\362uY\335\311\372>\356\231"
 289      83CBE5D3 
 289      F27559DD 
 289      C9FA3EEE 
 289      99
 290 0c4f DFB2A90F 		.ascii	"\337\262\251\017b\003:\346\232YV\034\016ayq\200q\253"
 290      62033AE6 
 290      9A59561C 
 290      0E617971 
 290      8071AB
 291 0c62 8AC34928 		.ascii	"\212\303I(\016y\2448\344\302\204\207x\236d\202\266\031"
 291      0E79A438 
 291      E4C28487 
 291      789E6482 
 291      B619
 292 0c74 A0D96149 		.ascii	"\240\331aI3\022\271mnS3\343\242x\300@7\336\177\345\003"
ARM GAS  /tmp/ccwpR6zv.s 			page 23


 292      3312B96D 
 292      6E5333E3 
 292      A278C040 
 292      37DE7FE5 
 293 0c89 5C178789 		.ascii	"\\\027\207\211\267H!!\221t\202\363*T\006\207#\313CX"
 293      B7482121 
 293      917482F3 
 293      2A540687 
 293      23CB4358 
 294 0c9d 6141046E 		.ascii	"aA\004n,\272\312\335x\024T?\365\203T\317\002NI\365\243"
 294      2CBACADD 
 294      7814543F 
 294      F58354CF 
 294      024E49F5 
 295 0cb2 4C75174F 		.ascii	"Lu\027OTt\014\024\226\036\252\266\010\333\222q\227$"
 295      54740C14 
 295      961EAAB6 
 295      08DB9271 
 295      9724
 296 0cc4 2A99E9B4 		.ascii	"*\231\351\264\024as\264\304\332E\313\266\211\006\217"
 296      146173B4 
 296      C4DA45CB 
 296      B689068F 
 297 0cd4 C2FC377A 		.ascii	"\302\3747z\220\204\364U\376\\\"\311x\346\373\270\257"
 297      9084F455 
 297      FE5C22C9 
 297      78E6FBB8 
 297      AF
 298 0ce5 FD5ACADC 		.ascii	"\375Z\312\334\263\256\231\231\270\275\365\032bA\340"
 298      B3AE9999 
 298      B8BDF51A 
 298      6241E0
 299 0cf4 596D41D8 		.ascii	"YmA\330\002\304\304\210\031[\350\346\270\220g\001\337"
 299      02C4C488 
 299      195BE8E6 
 299      B8906701 
 299      DF
 300 0d05 98B1A5EE 		.ascii	"\230\261\245\3569A\276\242\314\020\033\2420\335\315"
 300      3941BEA2 
 300      CC101BA2 
 300      30DDCD
 301 0d14 56293157 		.ascii	"V)1W\312\230'~\311\230\311\256\265N\211Y\376\230\355"
 301      CA98277E 
 301      C998C9AE 
 301      B54E8959 
 301      FE98ED
 302 0d27 ADE2E10E 		.ascii	"\255\342\341\016;;\324\350\234\215\005\316K\333\373"
 302      3B3BD4E8 
 302      9C8D05CE 
 302      4BDBFB
 303 0d36 BF900AF3 		.ascii	"\277\220\012\3635g\356\325\353\377[2\366vev\271+*\271"
 303      3567EED5 
 303      EBFF5B32 
 303      F6766576 
 303      B92B2AB9 
 304 0d4a 2BC88AF4 		.ascii	"+\310\212\364\2723\373\352\315\310\313mlv\262\242\230"
 304      BA33FBEA 
ARM GAS  /tmp/ccwpR6zv.s 			page 24


 304      CDC8CB6D 
 304      6C76B2A2 
 304      98
 305 0d5b 54669789 		.ascii	"Tf\227\211\376\264\202kj{h\315\257Z\342\311'\277\277"
 305      FEB4826B 
 305      6A7B68CD 
 305      AF5AE2C9 
 305      27BFBF
 306 0d6e CDF111B4 		.ascii	"\315\361\021\264\232[\356\351\012V\027\347\225\353\342"
 306      9A5BEEE9 
 306      0A5617E7 
 306      95EBE2
 307 0d7d 87A7E9D1 		.ascii	"\207\247\351\321&\211\357i)j\347i]${\344\230+W\334\344"
 307      2689EF69 
 307      296AE769 
 307      5D247BE4 
 307      982B57DC 
 308 0d92 6F2E08A6 		.ascii	"o.\010\246\224(E\230\274\272\230\265\275\272hKY:\341"
 308      94284598 
 308      BCBA98B5 
 308      BDBA684B 
 308      593AE1
 309 0da5 617F75E1 		.ascii	"a\177u\341{\246\212\275\272\000.\364@z>=\260\275\272"
 309      7BA68ABD 
 309      BA002EF4 
 309      407A3E3D 
 309      B0BDBA
 310 0db8 28C6E4D5 		.ascii	"(\306\344\325E\355\\K\213\001\347\351\225_\2019\274"
 310      45ED5C4B 
 310      8B01E7E9 
 310      955F8139 
 310      BC
 311 0dc9 29398FE5 		.ascii	")9\217\345\257\300\012V\236\317{s\264\371\033n\205\211"
 311      AFC00A56 
 311      9ECF7B73 
 311      B4F91B6E 
 311      8589
 312 0ddb F1FBC4E3 		.ascii	"\361\373\304\343\002\345B%\330\016\007_\031\334\005"
 312      02E54225 
 312      D80E075F 
 312      19DC05
 313 0dea 0AF7B4E8 		.ascii	"\012\367\264\350y\262'\356`p\257\306\316\345\353\177"
 313      79B227EE 
 313      6070AFC6 
 313      CEE5EB7F 
 314 0dfa 962B3634 		.ascii	"\226+64\210\015M\375\333\240\254'`\372\036\266\224\215"
 314      880D4DFD 
 314      DBA0AC27 
 314      60FA1EB6 
 314      948D
 315 0e0c 97BDBD2D 		.ascii	"\227\275\275-%\323\2402\3743r\306:7\337\250\307w\331"
 315      25D3A032 
 315      FC3372C6 
 315      3A37DFA8 
 315      C777D9
 316 0e1f 1CC99DD9 		.ascii	"\034\311\235\331}:~tO\336\325\037l\214\312\347\207\177"
 316      7D3A7E74 
ARM GAS  /tmp/ccwpR6zv.s 			page 25


 316      4FDED51F 
 316      6C8CCAE7 
 316      877F
 317 0e31 E23AA013 		.ascii	"\342:\240\023Fvw\353\331\375\005\372\2268\366\326\030"
 317      467677EB 
 317      D9FD05FA 
 317      9638F6D6 
 317      18
 318 0e42 FF61401B 		.ascii	"\377a@\0339\240k\356\\\3723\177\321N\316\016\017\215"
 318      39A06BEE 
 318      5CFA337F 
 318      D14ECE0E 
 318      0F8D
 319 0e54 DD9871C7 		.ascii	"\335\230q\307}l\356\251\221\230<o<\306\210\234\366\204"
 319      7D6CEEA9 
 319      91983C6F 
 319      3CC6889C 
 319      F684
 320 0e66 0E773CC1 		.ascii	"\016w<\301\210\222\224\250(\214_2\"&:\257G [\265\230"
 320      889294A8 
 320      288C5F32 
 320      22263AAF 
 320      47205BB5 
 321 0e7b 379F8CE0 		.ascii	"7\237\214\340\273\347\313\362\274\020lUN\210\2611\264"
 321      BBE7CBF2 
 321      BC106C55 
 321      4E88B131 
 321      B4
 322 0e8c 20DDDF97 		.ascii	" \335\337\227\306\012R=\324\255:\320\372\262\362zF\371"
 322      C60A523D 
 322      D4AD3AD0 
 322      FAB2F27A 
 322      46F9
 323 0e9e 915CCB07 		.ascii	"\221\\\313\007\020S5BUl\300\362Gr\357$\013\275\313\330"
 323      10533542 
 323      556CC0F2 
 323      4772EF24 
 323      0BBDCBD8 
 324 0eb2 79833692 		.ascii	"y\2036\222\370\274X\215c=\350\001KM\353\376\333\036"
 324      F8BC588D 
 324      633DE801 
 324      4B4DEBFE 
 324      DB1E
 325 0ec4 C86FADFD 		.ascii	"\310o\255\375\005\3331\372\250n\201y\233$7^\246\253"
 325      05DB31FA 
 325      A86E8179 
 325      9B24375E 
 325      A6AB
 326 0ed6 2265319A 		.ascii	"\"e1\232\001ZI\014\362~$\343Q\242'N\363`g\252\367/\267"
 326      015A490C 
 326      F27E24E3 
 326      51A2274E 
 326      F36067AA 
 327 0eed 7AE2238C 		.ascii	"z\342#\214\030\331;z\015\341\\F\244\324\347\324j\361"
 327      18D93B7A 
 327      0DE15C46 
 327      A4D4E7D4 
ARM GAS  /tmp/ccwpR6zv.s 			page 26


 327      6AF1
 328 0eff 3946E497 		.ascii	"9F\344\227\247\237\363\300\245L\272\211\351\242)/\351"
 328      A79FF3C0 
 328      A54CBA89 
 328      E9A2292F 
 328      E9
 329 0f10 65D9D135 		.ascii	"e\331\3215\321D\245\353`\255k\370\007\276-k\307No\313"
 329      D144A5EB 
 329      60AD6BF8 
 329      07BE2D6B 
 329      C74E6FCB 
 330 0f24 A65FA40D 		.ascii	"\246_\244\015{\343\032\206\326PVUj\300\315\214\230~"
 330      7BE31A86 
 330      D6505655 
 330      6AC0CD8C 
 330      987E
 331 0f36 75AC9CEF 		.ascii	"u\254\234\357OI\354\274\036JI\321\362\355)\211\225\331"
 331      4F49ECBC 
 331      1E4A49D1 
 331      F2ED2989 
 331      95D9
 332 0f48 AB43891E 		.ascii	"\253C\211\036\270\207\017\\\252\3503\340~J\350kz\316"
 332      B8870F5C 
 332      AAE833E0 
 332      7E4AE86B 
 332      7ACE
 333 0f5a 9ED52272 		.ascii	"\236\325\"r\216\343k\360\365[\353\353\360\330\356\304"
 333      8EE36BF0 
 333      F55BEBEB 
 333      F0D8EEC4 
 334 0f6a 1BD04D0C 		.ascii	"\033\320M\014\222\334\006I\372\270\241\356\303\367{"
 334      92DC0649 
 334      FAB8A1EE 
 334      C3F77B
 335 0f79 F0D8EE85 		.ascii	"\360\330\356\205\326\017\355\016\264\036\007\377ud\371"
 335      D60FED0E 
 335      B41E07FF 
 335      7564F9
 336 0f88 C41265BB 		.ascii	"\304\022e\273a\304-I\331>,\255/\311\242\251]z\244u\001"
 336      61C42D49 
 336      D93E2CAD 
 336      2FC9A2A9 
 336      5D7AA475 
 337 0f9d 571F7E   		.ascii	"W\037~"
 338 0fa0 D301C4C4 		.ascii	"\323\001\304\304\377\260\332u\027\014\330\346\314\275"
 338      FFB0DA75 
 338      170CD8E6 
 338      CCBD
 339 0fae AAD22D0F 		.ascii	"\252\322-\017\360\262K\354}\325\231\335\305\036\247"
 339      F0B24BEC 
 339      7DD599DD 
 339      C51EA7
 340 0fbd DB611973 		.ascii	"\333a\031s\227=\313\331|c\003\274\320\022\370\033\212"
 340      973DCBD9 
 340      7C6303BC 
 340      D012F81B 
 340      8A
ARM GAS  /tmp/ccwpR6zv.s 			page 27


 341 0fce F0B2D239 		.ascii	"\360\262\32298\300\342\267\3171~\225M\333\301g\373>"
 341      38C0E2B7 
 341      CF317E95 
 341      4DDBC167 
 341      FB3E
 342 0fe0 D3F267AC 		.ascii	"\323\362g\254M1\362\222\370\212\262b\266\203\230\223"
 342      4D31F292 
 342      F88AB262 
 342      B6839893 
 343 0ff0 975F34E8 		.ascii	"\227_4\350\361$szkGg\266\033\2161P"
 343      F124737A 
 343      6B4767B6 
 343      1B8E3150 
 344 1000 E2E2B5D3 		.ascii	"\342\342\265\32374\344\3744\346\007\275\301N\307\232"
 344      3734E4FC 
 344      34E607BD 
 344      C14EC79A 
 345 1010 C71D25D3 		.ascii	"\307\035%\323\236\210\034\\\370\371\262\032p+\2209d"
 345      9E881C5C 
 345      F8F9B21A 
 345      702B9039 
 345      64
 346 1021 08EBD120 		.ascii	"\010\353\321 \0102\352\312\302\334\202CN\026\034}C\275"
 346      0832EACA 
 346      C2DC8243 
 346      4E161C7D 
 346      43BD
 347 1033 58B5A71C 		.ascii	"X\265\247\034\340\003\350A\030\030i\004\014\363\000"
 347      E003E841 
 347      18186904 
 347      0CF300
 348 1042 DA77D086 		.ascii	"\332w\320\206\035\0144ct\214\223\3250L*\356\251!\346"
 348      1D0C3463 
 348      748C93D5 
 348      304C2AEE 
 348      A921E6
 349 1055 A951A515 		.ascii	"\251Q\245\025a\353\270\223\255\025T\264\331:\355\332"
 349      61EBB893 
 349      AD1554B4 
 349      D93AEDDA 
 350 1065 85092DDE 		.ascii	"\205\011-\336O\315+T&\324?V\313\012\323\266\254\022"
 350      4FCD2B54 
 350      26D43F56 
 350      CB0AD3B6 
 350      AC12
 351 1077 5298C661 		.ascii	"R\230\306a\370\230\224\016\243RaZ\245\357C\320\361\373"
 351      F898940E 
 351      A352615A 
 351      A5EF43D0 
 351      F1FB
 352 1089 F405D48A 		.ascii	"\364\005\324\212\332'\357\262\244\337@\336\302\016L"
 352      DA27EFB2 
 352      A4DF40DE 
 352      C20E4C
 353 1098 3778F0B7 		.ascii	"7x\360\267G$\351K:\366gy\342<\346\362\264\345+MZ|\226"
 353      4724E94B 
 353      3AF66779 
ARM GAS  /tmp/ccwpR6zv.s 			page 28


 353      E23CE6F2 
 353      B4E52B4D 
 354 10af 11B50DB3 		.ascii	"\021\265\015\263uj|\201\021\231\365%\240\\\025#\246"
 354      756A7C81 
 354      1199F525 
 354      A05C1523 
 354      A6
 355 10c0 4EE48D0B 		.ascii	"N\344\215\013\270\201\021\251\2619\017\275\361\025F"
 355      B88111A9 
 355      B1390FBD 
 355      F11546
 356 10cf 14A646A5 		.ascii	"\024\246F\245\011\370&#\212\242G[\264x\200\022\272\222"
 356      09F82623 
 356      8AA2475B 
 356      B4788012 
 356      BA92
 357 10e1 AA890A0D 		.ascii	"\252\211\012\015=\021\206\372\341k\317\357\342\033\262"
 357      3D1186FA 
 357      E16BCFEF 
 357      E21BB2
 358 10f0 1DF513D0 		.ascii	"\035\365\023\320{\341\215\011\336\370\225\2648\231T"
 358      7BE18D09 
 358      DEF895B4 
 358      389954
 359 10ff E67658CB 		.ascii	"\346vX\313\310\330g\234\331\013\234\227a\035\023>i\""
 359      C8D8679C 
 359      D90B9C97 
 359      611D133E 
 359      6922
 360 1111 7125D926 		.ascii	"q%\331&<\343\354.\267\011\255\023,*\026\336\220\277"
 360      3CE3EC2E 
 360      B709AD13 
 360      2C2A16DE 
 360      90BF
 361 1123 1390BF8F 		.ascii	"\023\220\277\217H\376N\363\331\210\253\346\301U/\310"
 361      48FE4EF3 
 361      D988ABE6 
 361      C1552FC8 
 362 1133 7111B497 		.ascii	"q\021\264\227\320f\241\315A{\356\020\242\275\023\262"
 362      D066A1CD 
 362      417BEE10 
 362      A2BD13B2 
 363 1143 63A32967 		.ascii	"c\243)g\331W\355oF\277d\232\222\025\344Senf\030\362"
 363      D957ED6F 
 363      46BF649A 
 363      9215E453 
 363      656E6618 
 364 1158 827AEAD0 		.ascii	"\202z\352\320#5~\310\302p\260e\370\270\000\245]Y\356"
 364      23357EC8 
 364      C270B065 
 364      F8B800A5 
 364      5D59EE
 365 116b D720EB0F 		.ascii	"\327 \353\017\225\333\276\350;\362\212lU^\301\260%)"
 365      95DBBEE8 
 365      3BF28A6C 
 365      555EC1B0 
 365      2529
ARM GAS  /tmp/ccwpR6zv.s 			page 29


 366 117d 9017305F 		.ascii	"\220\0270_\364u\316\345&j\360\034\013\221\330\316\250"
 366      F475CEE5 
 366      266AF01C 
 366      0B91D8CE 
 366      A8
 367 118e 7FC6CBEC 		.ascii	"\177\306\313\354\373\356\354\213Qn.\177\304(\252\371"
 367      FBEEEC8B 
 367      516E2E7F 
 367      C428AAF9 
 368 119e 8F180BD8 		.ascii	"\217\030\013\330\373\232\372\374\033\267\365\316?\207"
 368      FB9AFAFC 
 368      1BB7F5CE 
 368      3F87
 369 11ac AB02B92B 		.ascii	"\253\002\271+1a\217R\373\330\006\001\267\366\334\361"
 369      31618F52 
 369      FBD80601 
 369      B7F6DCF1 
 370 11bc B8216F5A 		.ascii	"\270!oZ\231hi\342;\362\366)x\002\2156 \302\215V@\326"
 370      996869E2 
 370      3BF2F629 
 370      78028D36 
 370      20C28D56 
 371 11d2 58F55AFB 		.ascii	"X\365Z\373\034\250\002;\331\370\305\002\217\017\242"
 371      1CA8023B 
 371      D9F8C502 
 371      8F0FA2
 372 11e1 DA63CE6E 		.ascii	"\332c\316n7\225RuZ\257B\345p\377\022\271\277\314\007"
 372      37955275 
 372      5AAF42E5 
 372      70FF12B9 
 372      BFCC07
 373 11f4 D0132FB5 		.ascii	"\320\023/\265\037\212Q\373\242\004hq\320\342\241E\253"
 373      1F8A51FB 
 373      A2046871 
 373      D0E2A145 
 373      AB
 374 1205 E51BDC99 		.ascii	"\345\033\334\231]\314\237d\235R\303G\332\375\231\276"
 374      5DCC9F64 
 374      9D52C347 
 374      DAFD99BE 
 375 1215 EA60E5D6 		.ascii	"\352`\345\326\237\331Q\011YiWsv\373\031\247\354`\205"
 375      9FD95109 
 375      59695773 
 375      76FB19A7 
 375      EC6085
 376 1228 2F9D1658 		.ascii	"/\235\026X\350\002\227SA#7\027\271\226\244\022\265\362"
 376      E8029753 
 376      41233717 
 376      B996A412 
 376      B5F2
 377 123a B9EC3547 		.ascii	"\271\3545G\276\221\"5\".\366\205'\336\347IC)#ee\\\343"
 377      BE912235 
 377      222EF685 
 377      27DEE749 
 377      43292365 
 378 1251 104A72FD 		.ascii	"\020Jr\375\223@\347\037\242\277\375\370\352\257s$\214"
 378      9340E71F 
ARM GAS  /tmp/ccwpR6zv.s 			page 30


 378      A2BFFDF8 
 378      EAAF7324 
 378      8C
 379 1262 F6C09044 		.ascii	"\366\300\220D\265=\214\210\310\0249\367\364\\\2237,"
 379      B53D8C88 
 379      C81439F7 
 379      F45C9337 
 379      2C
 380 1273 AE87992B 		.ascii	"\256\207\231+3\317\227$\212)\315HE\007\\\344\013l\033"
 380      33CF9724 
 380      8A29CD48 
 380      45075CE4 
 380      0B6C1B
 381 1286 B88AF4C0 		.ascii	"\270\212\364\300\377\275j\262\300\236\333\0237\317\177"
 381      FFBD6AB2 
 381      C09EDB13 
 381      37CF7F
 382 1295 5A4B7FAF 		.ascii	"ZK\177\257qm\346\202\227\313\270\333o\213\273}j\032"
 382      716DE682 
 382      97CBB8DB 
 382      6F8BBB7D 
 382      6A1A
 383 12a7 77B5CB49 		.ascii	"w\265\313I\305\336R\334!\372\306\322V$T(\231\306\035"
 383      C5DE52DC 
 383      21FAC6D2 
 383      56245428 
 383      99C61D
 384 12ba 1D440918 		.ascii	"\035D\011\0301\020\227\266\017\311_u@\267\014 E\315"
 384      311097B6 
 384      0FC95F75 
 384      40B70C20 
 384      45CD
 385 12cc 7E8A0957 		.ascii	"~\212\011W`>\2258\273\333\341w\233{\324\362\365F*gN"
 385      603E9538 
 385      BBDBE177 
 385      9B7BD4F2 
 385      F5462A67 
 386 12e1 65CC6D37 		.ascii	"e\314m7\213\035f\036q\370\335\345\001\316|\2002\217"
 386      8B1D661E 
 386      71F8DDE5 
 386      01CE7C80 
 386      328F
 387 12f3 F44CCCEB 		.ascii	"\364L\314\353p&u\025\272\331~\360\020\373\351\020\331"
 387      70267515 
 387      BAD97EF0 
 387      10FBE910 
 387      D9
 388 1304 FEB25F71 		.ascii	"\376\262_q\335\237\254\0335\270\334\035\035T\223\335"
 388      DD9FAC1B 
 388      35B8DC1D 
 388      1D5493DD 
 389 1314 51BA9A6F 		.ascii	"Q\272\232o\217*kK*\311\357\310\032\206\305\206\007\205"
 389      8F2A6B4B 
 389      2AC9EFC8 
 389      1A86C586 
 389      0785
 390 1326 DABD2DF4 		.ascii	"\332\275-\364\247\2119\277\246\214(Mr\030|U9\374J\360"
ARM GAS  /tmp/ccwpR6zv.s 			page 31


 390      A78939BF 
 390      A68C284D 
 390      72187C55 
 390      39FC4AF0 
 391 133a 909A6C94 		.ascii	"\220\232l\224\372\236\355=-\310E'\373*\011\3550\027"
 391      FA9EED3D 
 391      2DC84527 
 391      FB2A09ED 
 391      3017
 392 134c FD30157D 		.ascii	"\3750\025}\356\304\324\244^\316\\\344\300\234\301\231"
 392      EEC4D4A4 
 392      5ECE5CE4 
 392      C09CC199 
 393 135c C9551312 		.ascii	"\311U\023\022\020\024\272\331\244\373\325\307\377\371"
 393      1014BAD9 
 393      A4FBD5C7 
 393      FFF9
 394 136a F6475BB7 		.ascii	"\366G[\267\252\364FcdP\250\365\347\357\033\255\361\310"
 394      AAF44663 
 394      6450A8F5 
 394      E7EF1BAD 
 394      F1C8
 395 137c 3F302CC4 		.ascii	"?0,\304\354\037`\2120o\012\016\370\334\377\337\302L"
 395      EC1F608A 
 395      306F0A0E 
 395      F8DCFFDF 
 395      C24C
 396 138e 9121E650 		.ascii	"\221!\346Pk\204\377\247\346\200\220\337\372\377\273"
 396      6B84FFA7 
 396      E68090DF 
 396      FAFFBB
 397 139d 2938283C 		.ascii	")8(<\302l4o\012\2174}\365\256\377\247aa\301\021\376"
 397      C26C346F 
 397      0A8F347D 
 397      F5AEFFA7 
 397      6161C111 
 398 13b2 3B4CA64D 		.ascii	";L\246M\001\226\220M\241a\241\346M\346\200\317\2036"
 398      0196904D 
 398      A161A1E6 
 398      4DE680CF 
 398      8336
 399 13c4 7DB0E9DD 		.ascii	"}\260\351\335-[?\330\364\247\3677\205\004|\031f\361"
 399      2D5B3FD8 
 399      F4A7F737 
 399      85047C19 
 399      66F1
 400 13d6 77B8EB1F 		.ascii	"w\270\353\037\024j\012\216\334n\366\017\0110\005\006"
 400      146A0A8E 
 400      DC6EF60F 
 400      09300506 
 401 13e6 859AFD8D 		.ascii	"\205\232\375\215\333\315_\004D\006[\215\326]\341\346"
 401      DBCD5F04 
 401      44065B8D 
 401      D65DE1E6 
 402 13f6 88CD812A 		.ascii	"\210\315\201*\235M\240\377\375\177\225'bW\204\2771\302"
 402      9D4DA0FF 
 402      FD7F9527 
ARM GAS  /tmp/ccwpR6zv.s 			page 32


 402      625784BF 
 402      31C2
 403 1408 BA1DC041 		.ascii	"\272\035\300A\010}\204\365\253\200\340\240\035\241F"
 403      087D84F5 
 403      AB80E0A0 
 403      1DA146
 404 1417 EB3B9B37 		.ascii	"\353;\2337\373\263\277\260\010\177\213\325?<\314\002"
 404      FBB3BFB0 
 404      087F8BD5 
 404      3F3CCC02 
 405 1427 22FCEBEF 		.ascii	"\"\374\353\357\177\347o\0124\205Y\314\300\255\3754\320"
 405      7FE76F0A 
 405      348559CC 
 405      C0ADFD34 
 405      D0
 406 1438 620ED8BE 		.ascii	"b\016\330\276U\313\254\253R\223\253\336\024\370i\340"
 406      55CBACAB 
 406      5293ABDE 
 406      14F869E0 
 407 1448 F64F82CD 		.ascii	"\366O\202\315\346pn\345\367\3365Zu\266/\356\000h\015"
 407      E6706EE5 
 407      F7DE355A 
 407      75B62FEE 
 407      00680D
 408 145b 0A311BAD 		.ascii	"\0121\033\255\276N\0006\211L\201\204\205[\345\247.\231"
 408      BE4E0036 
 408      894C8184 
 408      855BE5A7 
 408      2E99
 409 146d AC149BF0 		.ascii	"\254\024\233\360\374\210\"~\004\244\325\374\2115\300"
 409      FC88227E 
 409      04A4D5FC 
 409      8935C0
 410 147c 1A64D25A 		.ascii	"\032d\322Z\277\210\0145\031\255Zk\270%(\314h\335\352"
 410      BF880C35 
 410      19AD5A6B 
 410      B82528CC 
 410      68DDEA
 411 148f 5A97B090 		.ascii	"Z\227\260\220\360\240`\263%\302\377W\037}Df\345\270"
 411      F0A060B3 
 411      25C2FF57 
 411      1F7D4466 
 411      E5B8
 412 14a1 9A88A03F 		.ascii	"\232\210\240?\203\214\261\177\253\340\010\016\372\234"
 412      838CB17F 
 412      ABE0080E 
 412      FA9C
 413 14af 703939E5 		.ascii	"p99\345\203\315\357n\336*\271\306\272\035\202\204x%"
 413      83CDEF6E 
 413      DE2AB9C6 
 413      BA1D8284 
 413      7825
 414 14c1 DC08CA05 		.ascii	"\334\010\312\005\023]\334\303\215!\326o\202\203\"\254"
 414      135DDCC3 
 414      8D21D66F 
 414      828322AC 
 415 14d1 9A1063A8 		.ascii	"\232\020c\250\371\033\2536\304\030\2663\324l\201\353"
ARM GAS  /tmp/ccwpR6zv.s 			page 33


 415      F91BAB36 
 415      C418B633 
 415      D46C81EB 
 416 14e1 9F22CD91 		.ascii	"\237\"\315\221fM8\355^c\0124r\013\331\373\303-\346\257"
 416      664D38ED 
 416      5E630A34 
 416      720BD9FB 
 416      C32DE6AF 
 417 14f5 BD1D3AC1 		.ascii	"\275\035:\301B!\221V\3637\340\037\340\247_\001\313\034"
 417      42219156 
 417      F337E01F 
 417      E0A75F01 
 417      CB1C
 418 1507 6E0E8578 		.ascii	"n\016\205x\330\341a\376\0324\015\011\210\370\312hu\003"
 418      D8E161FE 
 418      1A340D09 
 418      88F8CA68 
 418      7503
 419 1519 DC881DEE 		.ascii	"\334\210\035\356F#w\243\226_\335\240\327h\325\323\273"
 419      462377A3 
 419      965FDDA0 
 419      D768D5D3 
 419      BB
 420 152a 744A1070 		.ascii	"tJ\020pg@\220\025\206{\313D \002{\311\011\243\025\207"
 420      67409015 
 420      867BCB44 
 420      20027BC9 
 420      09A31587 
 421 153e 1B2335E6 		.ascii	"\033#5\346\235dz\315N+(\025\016\227\010sH\270[\204\321"
 421      9D647ACD 
 421      4E2B2815 
 421      0E970873 
 421      48B85B84 
 422 1553 146A7583 		.ascii	"\024ju\203\0060\\P\003\314\005\367\002\302\003!\362"
 422      06305C50 
 422      03CC05F7 
 422      02C20321 
 422      F2
 423 1564 DC765AAD 		.ascii	"\334vZ\255\226p\0376\035X\346\013\263\305\034j\002e"
 423      96701F36 
 423      1D58E60B 
 423      B3C51C6A 
 423      0265
 424 1576 6082B0CF 		.ascii	"`\202\260\317\277\014\327\231\277\011\262\232\302\266"
 424      BF0CD799 
 424      BF09B29A 
 424      C2B6
 425 1584 9B3596ED 		.ascii	"\2335\226\355\273@.\0151\337\027\021\356,\032\267\301"
 425      BB402E0D 
 425      31DF1711 
 425      EE2C1AB7 
 425      C1
 426 1595 ACB6AB95 		.ascii	"\254\266\253\225\364\3035\334\370Ep\300\216\010\255"
 426      F4C335DC 
 426      F84570C0 
 426      8E08AD
 427 15a4 35044651 		.ascii	"5\004FQ:\002\342\310\254\263\322\013L\014F\015\0101"
ARM GAS  /tmp/ccwpR6zv.s 			page 34


 427      3A02E2C8 
 427      ACB3D20B 
 427      4C0C460D 
 427      0831
 428 15b6 AB4D8101 		.ascii	"\253M\201\001\026\270\031\026\274\335L\256\241\346\235"
 428      16B81916 
 428      BCDD4CAE 
 428      A1E69D
 429 15c5 660B58C6 		.ascii	"f\013X\306d\375\006[\266\276'\004[t\026\363\016p)hg"
 429      64FD065B 
 429      B6BE2704 
 429      5B7416F3 
 429      0E702968 
 430 15da D9BA15DA 		.ascii	"\331\272\025\332\026\301\362\013\301\262M\260| X~.X"
 430      16C1F20B 
 430      C1B24DB0 
 430      7C20587E 
 430      2E58
 431 15ec FE49B0BC 		.ascii	"\376I\260\274\357A\202\217\230\021FiMa\241`s+u\0168"
 431      EF41828F 
 431      98114669 
 431      4D61A160 
 431      732B750E 
 432 1601 D76E3198 		.ascii	"\327n1\230<$\034BI\307\225\264\276\355:YL\201\333!F"
 432      3C241C42 
 432      49C795B4 
 432      BEED3A59 
 432      4C81DB21 
 433 1616 7EE29201 		.ascii	"~\342\222\001L\373\306\373`W\270\017\330\237\354\212"
 433      4CFBC6FB 
 433      6057B80F 
 433      D89FEC8A 
 434 1626 F84D6890 		.ascii	"\370Mh\220\365\015\234\273Hj\270\357\014\340y/\230\002"
 434      F50D9CBB 
 434      486AB8EF 
 434      0CE0792F 
 434      9802
 435 1638 F524E599 		.ascii	"\365$\345\231\220x\373\347\324\347${\315!P\337>\217"
 435      9078FBE7 
 435      D4E7247B 
 435      CD2150DF 
 435      3E8F
 436 164a DCE11E1E 		.ascii	"\334\341\036\036\020\032d\"\301\341%\357\006\213~m%"
 436      101A6422 
 436      C1E125EF 
 436      068B7E6D 
 436      25
 437 165b 61A0FBDA 		.ascii	"a\240\373\332\012=\301\326\000-|!\361I\256$w\341\006"
 437      0A3DC1D6 
 437      002D7C21 
 437      F149AE24 
 437      77E106
 438 166e 4F61E8B0 		.ascii	"Oa\350\260\005\364\327A\026kd@\260\221\324\017\213\206"
 438      05F4D741 
 438      166B6440 
 438      B091D40F 
 438      8B86
ARM GAS  /tmp/ccwpR6zv.s 			page 35


 439 1680 8C08B078 		.ascii	"\214\010\260x;t\032\255o9\363\261x\323\0037\257<\177"
 439      3B741AAD 
 439      6F39F3B1 
 439      78D30337 
 439      AF3C7F
 440 1693 A7701B02 		.ascii	"\247p\033\002\331B\256Z\013w\256\205;\327B\234\253\261"
 440      D942AE5A 
 440      0B77AE85 
 440      3BD7429C 
 440      ABB1
 441 16a5 50F74027 		.ascii	"P\367@'\015FO\200 \012\357\242C\335\201%\322\002\021"
 441      0D464F80 
 441      200AEFA2 
 441      43DD8125 
 441      D20211
 442 16b8 6835489D 		.ascii	"h5H\235P\347\354\226\360\012\332\036l\346~\205\334\360"
 442      50E7EC96 
 442      F00ADA1E 
 442      6CE67E85 
 442      DCF0
 443 16ca 904C64F5 		.ascii	"\220Ld\3651\005\376\336\274\343\023\263\225\031\364"
 443      3105FEDE 
 443      BCE313B3 
 443      9519F4
 444 16d9 638831D7 		.ascii	"c\2101\327U\021B\013f\266\354\002\027\374\037F\205\037"
 444      5511420B 
 444      66B6EC02 
 444      17FC1F46 
 444      851F
 445 16eb 16       		.ascii	"\026"
 446              		.text
 447              		.section	.gnu.lto_.symtab.3788fb4ddde0d4f2,"",%progbits
 448 0000 6D61696E 		.ascii	"main\000"
 448      00
 449 0005 00       		.ascii	"\000"
 450 0006 00       		.ascii	"\000"
 451 0007 00       		.ascii	"\000"
 452 0008 00000000 		.ascii	"\000\000\000\000\000\000\000\000"
 452      00000000 
 453 0010 D3000000 		.ascii	"\323\000\000\000"
 454 0014 636800   		.ascii	"ch\000"
 455 0017 00       		.ascii	"\000"
 456 0018 02       		.ascii	"\002"
 457 0019 00       		.ascii	"\000"
 458 001a 00000000 		.ascii	"\000\000\000\000\000\000\000\000"
 458      00000000 
 459 0022 0C020000 		.ascii	"\014\002\000\000"
 460 0026 63685468 		.ascii	"chThdSleep\000"
 460      64536C65 
 460      657000
 461 0031 00       		.ascii	"\000"
 462 0032 02       		.ascii	"\002"
 463 0033 00       		.ascii	"\000"
 464 0034 00000000 		.ascii	"\000\000\000\000\000\000\000\000"
 464      00000000 
 465 003c E2000000 		.ascii	"\342\000\000\000"
 466 0040 63685468 		.ascii	"chThdCreateStatic\000"
ARM GAS  /tmp/ccwpR6zv.s 			page 36


 466      64437265 
 466      61746553 
 466      74617469 
 466      6300
 467 0052 00       		.ascii	"\000"
 468 0053 02       		.ascii	"\002"
 469 0054 00       		.ascii	"\000"
 470 0055 00000000 		.ascii	"\000\000\000\000\000\000\000\000"
 470      00000000 
 471 005d AF010000 		.ascii	"\257\001\000\000"
 472 0061 63685379 		.ascii	"chSysInit\000"
 472      73496E69 
 472      7400
 473 006b 00       		.ascii	"\000"
 474 006c 02       		.ascii	"\002"
 475 006d 00       		.ascii	"\000"
 476 006e 00000000 		.ascii	"\000\000\000\000\000\000\000\000"
 476      00000000 
 477 0076 B2010000 		.ascii	"\262\001\000\000"
 478              		.text
 479              		.section	.gnu.lto_.opts,"",%progbits
 480 0000 272D666D 		.ascii	"'-fmath-errno' '-fsigned-zeros' '-ftrapping-math' '"
 480      6174682D 
 480      6572726E 
 480      6F272027 
 480      2D667369 
 481 0033 2D666E6F 		.ascii	"-fno-trapv' '-fno-openmp' '-fno-openacc' '-mcpu=arm"
 481      2D747261 
 481      70762720 
 481      272D666E 
 481      6F2D6F70 
 482 0066 3774646D 		.ascii	"7tdmi' '-mno-thumb-interwork' '-O2' '-fomit-frame-p"
 482      69272027 
 482      2D6D6E6F 
 482      2D746875 
 482      6D622D69 
 483 0099 6F696E74 		.ascii	"ointer' '-falign-functions=16' '-ffunction-sections"
 483      65722720 
 483      272D6661 
 483      6C69676E 
 483      2D66756E 
 484 00cc 2720272D 		.ascii	"' '-fdata-sections' '-fno-common' '-flto'\000"
 484      66646174 
 484      612D7365 
 484      6374696F 
 484      6E732720 
 485              		.text
 486              		.comm	__gnu_lto_v1,1,1
 487              		.comm	__gnu_lto_slim,1,1
 488              		.ident	"GCC: (GNU Tools for Arm Embedded Processors 7-2017-q4-major) 7.2.1 20170904 (release) [ARM
ARM GAS  /tmp/ccwpR6zv.s 			page 37


DEFINED SYMBOLS
                            *ABS*:0000000000000000 main.c
                            *COM*:0000000000000001 __gnu_lto_v1
                            *COM*:0000000000000001 __gnu_lto_slim

NO UNDEFINED SYMBOLS
