ARM GAS  /tmp/ccS1QQiQ.s 			page 1


   1              		.cpu cortex-m4
   2              		.eabi_attribute 20, 1
   3              		.eabi_attribute 21, 1
   4              		.eabi_attribute 23, 3
   5              		.eabi_attribute 24, 1
   6              		.eabi_attribute 25, 1
   7              		.eabi_attribute 26, 1
   8              		.eabi_attribute 30, 2
   9              		.eabi_attribute 34, 1
  10              		.eabi_attribute 18, 4
  11              		.file	"hal.c"
  12              		.section	.gnu.lto_.profile.baa81adef3a5f509,"",%progbits
  13 0000 789C6363 		.ascii	"x\234cc```\001bF\006{\016\000\000\376\000S"
  13      60606001 
  13      6246067B 
  13      0E0000FE 
  13      0053
  14              		.text
  15              		.section	.gnu.lto_.icf.baa81adef3a5f509,"",%progbits
  16 0000 789C6363 		.ascii	"x\234cc``\340`@\000F\206M\315w\24703\000\000\015A\002"
  16      6060E060 
  16      40004686 
  16      4DCD77A7 
  16      30330000 
  17 0017 B9       		.ascii	"\271"
  18              		.text
  19              		.section	.gnu.lto_.jmpfuncs.baa81adef3a5f509,"",%progbits
  20 0000 789C6363 		.ascii	"x\234cc``\360f@\000F\010\305\3048\205\231\261\371\327"
  20      6060F066 
  20      40004608 
  20      C5C43885 
  20      99B1F9D7 
  21 0014 FECF7CF5 		.ascii	"\376\317|\365\177\033$\34603,`\006Inf\254g`<\300\302"
  21      7F1B24E6 
  21      30332C60 
  21      06496E66 
  21      AC67603C 
  22 002a C800C47F 		.ascii	"\310\000\304\177\376\377\377\317\317\310\004T7\255\365"
  22      FEFFFFCF 
  22      CFC80454 
  22      37ADF5
  23 0039 D079F66E 		.ascii	"\320y\366nf\240*F\006\306-\2142 \014T\015\000\033\226"
  23      66A02A46 
  23      06C62D8C 
  23      32200C54 
  23      0D001B96 
  24 004d 1468     		.ascii	"\024h"
  25              		.text
  26              		.section	.gnu.lto_.inline.baa81adef3a5f509,"",%progbits
  27 0000 789C6363 		.ascii	"x\234cc``0f@\000F\006\006.{F\006& \223m\201<\023X\210"
  27      60603066 
  27      40004606 
  27      062E7B46 
  27      06262093 
  28 001a 0B8560E2 		.ascii	"\013\205`\342\006\251B\360\031\000?\243\001\223"
  28      06A942F0 
  28      19003FA3 
ARM GAS  /tmp/ccS1QQiQ.s 			page 2


  28      0193
  29              		.text
  30              		.section	.gnu.lto_.pureconst.baa81adef3a5f509,"",%progbits
  31 0000 789C6363 		.ascii	"x\234cc```\006bF\006\011\000\000}\000#"
  31      60606006 
  31      62460609 
  31      00007D00 
  31      23
  32              		.text
  33              		.section	.gnu.lto_halInit.baa81adef3a5f509,"",%progbits
  34 0000 789C7590 		.ascii	"x\234u\220\275J\003A\020\307\347\177\223\\\016\324`"
  34      BD4A0341 
  34      10C7E77F 
  34      935C0ED4 
  34      60
  35 0011 61A12685 		.ascii	"a\241&\205m\232\344=|\013Ic!\010\346\001n\343\031\022"
  35      6D9AE43D 
  35      7C0B4963 
  35      2108E601 
  35      6EE31912 
  36 0025 D1C2229E 		.ascii	"\321\302\"\236\026\207\034\242h*\021?\342\371y\344\001"
  36      16871CA2 
  36      682A113F 
  36      E2F979E4 
  36      01
  37 0036 22DADA89 		.ascii	"\"\332\332\211ZE#XE0:\233\023I\021\207]fv\346\267\363"
  37      5A452358 
  37      45303A9B 
  37      13491187 
  37      5D6676E6 
  38 004c 65125113 		.ascii	"e\022Q\023Di\321)\271`\202\261\326$*Z\006\240\015e\201"
  38      4469D129 
  38      B96082B1 
  38      D6242A5A 
  38      06A00D65 
  39 0061 6C033656 		.ascii	"l\0036V\271\312h\224_\002#\263\247D\302\215\367\011"
  39      B9CA6894 
  39      5F0223B3 
  39      A744C28D 
  39      F709
  40 0073 B51FC263 		.ascii	"\265\037\302c\"W\256\026\034!C\202=\036v\327G\314X\344"
  40      2257AE16 
  40      1C214382 
  40      3D1E76D7 
  40      47CC58E4 
  41 0087 C7314C92 		.ascii	"\3071L\222\032tp\037\017U\367\273\254\302\247m\324\247"
  41      1A74701F 
  41      0F55F7BB 
  41      ACC2A76D 
  41      D4A7
  42 0099 2DA28AC4 		.ascii	"-\242\212\304\245\210\012i\231\015m9!\265\340\370\355"
  42      A5880A69 
  42      990D6D39 
  42      21B5E0F8 
  42      ED
  43 00aa 54EF9364 		.ascii	"T\357\223d\012\202\326C\302\376R\226\307pY\262\340\004"
  43      0A82D643 
ARM GAS  /tmp/ccS1QQiQ.s 			page 3


  43      C2FE5296 
  43      C77059B2 
  43      E004
  44 00bc 3679426B 		.ascii	"6yBk\256\303\2039C\270\323?n\311\337\035\036\300\261"
  44      AEC38339 
  44      43B8D33F 
  44      6EC9DF1D 
  44      1EC0B1
  45 00cf CB521E75 		.ascii	"\313R\036u\341$\340\226\032\267\211\025\3668\006\375"
  45      E124E096 
  45      1AB78915 
  45      F63806FD 
  46 00df 743E6F3E 		.ascii	"t>o>\222\302\215\213\303\327S\210\257s\367Z\031\362"
  46      92C28D8B 
  46      C3D75388 
  46      AF73F75A 
  46      19F2
  47 00f1 B1551CF5 		.ascii	"\261U\034\3658\216@vr\206t/\342\354\034\225 \364\246"
  47      388E4076 
  47      7286742F 
  47      E2EC1C95 
  47      20F4A6
  48 0104 52533AC3 		.ascii	"RS:\3039|Dc_\300\366\330\3545[K\016n6&M\\\366\015U\033"
  48      397C4463 
  48      5FC0F6D8 
  48      EC355B4B 
  48      0E6E3626 
  49 011e 1BCCC585 		.ascii	"\033\314\305\205\273\352\343\236\377\341L\341\256\177"
  49      BBEAE39E 
  49      FFE14CE1 
  49      AE7F
  50 012c B9372CFA 		.ascii	"\2717,\372\355j\324\213\226\212\254P\326,\373\231\314"
  50      ED6AD48B 
  50      968AAC50 
  50      D62CFB99 
  50      CC
  51 013d 6673D199 		.ascii	"fs\321\231/\344fg\346r\205\205\274\326\331<\375\000"
  51      2FE46667 
  51      E6728585 
  51      BCD6D93C 
  51      FD00
  52 014f 63C99FD0 		.ascii	"c\311\237\320"
  53              		.text
  54              		.section	.gnu.lto_.symbol_nodes.baa81adef3a5f509,"",%progbits
  55 0000 789C55C9 		.ascii	"x\234U\311\261\015\3020\024E\321\373\354\330\254\221"
  55      B10DC230 
  55      1445D1FB 
  55      ECD8AC91 
  56 0010 5192C9BE 		.ascii	"Q\222\311\276\005\201@\227!2AJ\352\324\314\000\022s"
  56      05814097 
  56      2132414A 
  56      EAD4CC00 
  56      1273
  57 0022 203EAE70 		.ascii	" >\256p\361t\244\3732\260\371\010G\031,\017p\356e\204"
  57      F174A4FB 
  57      32B0F908 
  57      47192C0F 
ARM GAS  /tmp/ccS1QQiQ.s 			page 4


  57      70EE6584 
  58 0036 7411BD3F 		.ascii	"t\021\275?\272\311T\037(e\360p\225\205&\314\262\330"
  58      BAC9541F 
  58      2865F070 
  58      958526CC 
  58      B2D8
  59 0048 84B3AC6B 		.ascii	"\204\263\254k\302$KM8\311\362\177\210\034X\237\037E"
  59      C2244B4D 
  59      38C9F27F 
  59      881C589F 
  59      1F45
  60 005a 327B35F1 		.ascii	"2{5\361\256vL\257\237\221\265\032\330]\276\357\332+"
  60      AE764CAF 
  60      9F91B51A 
  60      D85DBEEF 
  60      DA2B
  61 006c 56       		.ascii	"V"
  62              		.text
  63              		.section	.gnu.lto_.refs.baa81adef3a5f509,"",%progbits
  64 0000 789C6363 		.ascii	"x\234cc```\003bF\006&Ff\006\000\000\265\000\024"
  64      60606003 
  64      62460626 
  64      46660600 
  64      00B50014 
  65              		.text
  66              		.section	.gnu.lto_.decls.baa81adef3a5f509,"",%progbits
  67 0000 789CBD56 		.ascii	"x\234\275V}PT\327\025\177\367]v\331]\0260\340tl\307"
  67      7D5054D7 
  67      157FF75D 
  67      76D95D16 
  67      30E0746C 
  68 0015 CE586733 		.ascii	"\316Xg32\323Y\236\020gLgl;\026\214q\252\0151\266\323"
  68      32D3599E 
  68      10674C67 
  68      6C3B168C 
  68      71AA0D31 
  69 002b FCB55977 		.ascii	"\374\265YwW\331va\267\373\226\216\231\374\363\200\025"
  69      57D97661 
  69      B7FB968E 
  69      99FCF380 
  69      15
  70 003c 105791CA 		.ascii	"\020W\221\312\244J\022\243b\0335\214\032\320\226/\013"
  70      A44A12A3 
  70      621B358C 
  70      1AD0962F 
  70      0B
  71 004d 7EA048C4 		.ascii	"~\240H\304/\242\025\263D\202\021\025\024\0260\200\001"
  71      2FA215B3 
  71      44821115 
  71      14163080 
  71      01
  72 005e DD9E7BEF 		.ascii	"\335\236{\357\333}\313\002\235I\377\350\233=\357\276"
  72      DB7DCB02 
  72      9D49FFE8 
  72      9B3DEFBE 
  73 006e 73CFEFFE 		.ascii	"s\317\357\376\316\271\347\334\363\366\2519\216[\257"
  73      CEB9E7DC 
ARM GAS  /tmp/ccS1QQiQ.s 			page 5


  73      F3F6A939 
  73      8E5BAF
  74 007d E7B8E598 		.ascii	"\347\270\345\230\343\016\301s\020.\036\3063 \010d\202"
  74      E30EC173 
  74      102E1EC6 
  74      33200864 
  74      82
  75 008e 63572CB1 		.ascii	"cW,\261\2219\230\304 *\020-H\034H<b\330D\304M\273\202"
  75      913998C4 
  75      202A102D 
  75      481C483C 
  75      62D844C4 
  76 00a5 88AD7B07 		.ascii	"\210\255{\007d\036<\277\200\361%\3048\307A4h:w\274\314"
  76      641E3CBF 
  76      80F125C4 
  76      38C74134 
  76      683A77BC 
  77 00ba A795F989 		.ascii	"\247\225\371\211\0374\007w\005F\327\275'>\304\3331J"
  77      1F340777 
  77      0546D7BD 
  77      273EC4DB 
  77      314A
  78 00cc D2A11850 		.ascii	"\322\241\030P\207;*\357%\200:_\207\026\201\332\320="
  78      873B2AEF 
  78      25803A5F 
  78      871681DA 
  78      D03D
  79 00de DC12C7AC 		.ascii	"\334\022\307\254=\010\364\272\323O\322\231\2720\302"
  79      3D08F4BA 
  79      D34FD299 
  79      BA30C2
  80 00ed 3A5FB69E 		.ascii	":_\266\236h\362>I`\346\026\242o\337Z\266-\026\363\210"
  80      68F23E49 
  80      60E616A2 
  80      6FDF5AB6 
  80      2D16F388 
  81 0101 F819F4DE 		.ascii	"\370\031\364\336\357\221\231\026\200z#p\371#Y\235\007"
  81      EF919916 
  81      807A2370 
  81      F923599D 
  81      07
  82 0112 AA7F5BD1 		.ascii	"\252\177[\321>5\326Rdw\333\221OIDKt\210\3441\021\246"
  82      3E35D652 
  82      6477DB91 
  82      4F49444B 
  82      7488E431 
  83 0128 8E3FAE7F 		.ascii	"\216?\256\177\026\317\246\010\342\213\261\262\203\032"
  83      16CFA608 
  83      E28BB1B2 
  83      831A
  84 0136 9C409FAB 		.ascii	"\234@\237\253\356\034|?6\265Zb\227\346\367\034jF8\264"
  84      EE1C7C3F 
  84      36B55A62 
  84      97E6F71C 
  84      6A4638B4 
  85 014a B91B6523 		.ascii	"\271\033e#\207bq\032\001\362w\273&\375\011H\227R\"I"
  85      8762711A 
ARM GAS  /tmp/ccS1QQiQ.s 			page 6


  85      01F277BB 
  85      26FD0948 
  85      97522249 
  86 015e 05D2FE42 		.ascii	"\005\322\376BI\373:\207N\242\205\250\026-\344\3209\224"
  86      49FB3A87 
  86      4EA285A8 
  86      162DE4D0 
  86      3994
  87 0170 42C85B50 		.ascii	"B\310[P*\207\376\005\223\247a\362\357\204\260\345\301"
  87      2A87FE05 
  87      93A761F2 
  87      EF84B0E5 
  87      C1
  88 0181 F892F262 		.ascii	"\370\222\362bI\342\321Y\244Cg\020\246\030\310\346\022"
  88      49E2D159 
  88      A4436710 
  88      A618C8E6 
  88      12
  89 0192 1D7371E4 		.ascii	"\035sq\344P\371A5>\217\250\217\306\017\356\267\362s"
  89      50F94135 
  89      3E8FA88F 
  89      C60FEEB7 
  89      F273
  90 01a4 F9B830A7 		.ascii	"\371\2700\247\217\241\372\305\027\266\022\037\255\340"
  90      8FA1FAC5 
  90      17B6121F 
  90      ADE0
  91 01b2 E3BCE203 		.ascii	"\343\274\342\003\\2'\275\015\376|\036_b\231\254l|\332"
  91      5C3227BD 
  91      0DFE7C1E 
  91      5F6299AC 
  91      6C7CDA
  92 01c5 AE62A9D3 		.ascii	"\256b\251\323\200:\264\273\265\203\307\035\314\326w"
  92      803AB4BB 
  92      B583C71D 
  92      CCD677
  93 01d4 BB70AF1A 		.ascii	"\273p\257\032w2e\327\363.I\215\277d\312\216\241\211"
  93      773265D7 
  93      F32E498D 
  93      BF64CA8E 
  93      A189
  94 01e6 0331B897 		.ascii	"\0031\270\227)]\205\343\267\342\361C\252h\013n\217\235"
  94      295D85E3 
  94      B7E2F143 
  94      AA680B6E 
  94      8F9D
  95 01f8 53218321 		.ascii	"S!\203!\331`0\244\030\014\007I\354-C\335+\352G\036J"
  95      D96030A4 
  95      180C0749 
  95      EC2D43DD 
  95      2BEA471E 
  96 020d D25FF434 		.ascii	"\322_\3644\250\016\010\352\032JV6\323\0007\016\245\301"
  96      A80E08EA 
  96      1A4A5636 
  96      D300370E 
  96      A5C1
  97 021f 8D630BEE 		.ascii	"\215c\013\356\374\254Rj\361b\212\276\030\215nT\320\345"
ARM GAS  /tmp/ccS1QQiQ.s 			page 7


  97      FCAC526A 
  97      F1628ABE 
  97      188D6E54 
  97      D0E5
  98 0231 64C7BB40 		.ascii	"d\307\273@P\014\207\376\011\200\177P\033\201\303\256"
  98      500C87FE 
  98      09807F50 
  98      1B81C3AE 
  99 0241 D11790A4 		.ascii	"\321\027\220\244\033\310\200n\201\\\007\351\004\271"
  99      1BC8806E 
  99      815C07E9 
  99      04B9
 100 024f 0A7213E4 		.ascii	"\012r\023\344\0122\320\3022\207\337\275\2528l\217v\330"
 100      0A32D0C2 
 100      3287DFBD 
 100      AA386C8F 
 100      76D8
 101 0261 3623BC08 		.ascii	"6#\274\010\364\345h\264\020\005n\217\330\313\245\331"
 101      F4E568B4 
 101      10056E8F 
 101      D8CBA5D9 
 102 0271 A94F92BB 		.ascii	"\251O\222\273\\\276+uI\371\260\037\002\343\344\322)"
 102      5CBE2B75 
 102      49F9B01F 
 102      02E3E4D2 
 102      29
 103 0282 610ED627 		.ascii	"a\016\326'U\025JmK)Y\323\354\211ad\014\337\037\021\350"
 103      55154A6D 
 103      4B2959D3 
 103      EC896164 
 103      0CDF1F11 
 104 0297 E7B306CA 		.ascii	"\347\263\006\312\320P\305\346\027\336kj\3741\246G\357"
 104      D050C5E6 
 104      17DE6B6A 
 104      FC31A647 
 104      EF
 105 02a8 68937F40 		.ascii	"h\223\177@\205\222Sf\315/\352\202\264~\237\024\263\215"
 105      85925366 
 105      CD2FEA82 
 105      B47E9F14 
 105      B38D
 106 02ba 5D685043 		.ascii	"]hPCK\241\333\260\360\337\312\251$\333\244\376G\017"
 106      4BA1DBB0 
 106      F0DFCAA9 
 106      24DBA4FE 
 106      470F
 107 02cc D7ECD3B0 		.ascii	"\327\354\323\260\203x\230\264\373\243\347\027\006T\270"
 107      837898B4 
 107      FBA3E717 
 107      0654B8
 108 02db 86C683AA 		.ascii	"\206\306\203\252;.\372\345\367J\0111v\216_+\326\341"
 108      3B2EFAE5 
 108      F74A0931 
 108      768E5F2B 
 108      D6E1
 109 02ed 7A660C3E 		.ascii	"zf\014>\352\252\3222c\200\350\245\247vW%\342\026f\354"
 109      EAAAD232 
ARM GAS  /tmp/ccS1QQiQ.s 			page 8


 109      6380E8A5 
 109      A7765725 
 109      E21666EC 
 110 0301 EC3BE0D5 		.ascii	"\354;\340\3253\3435\242\357,\253\375L\207/2\343\341"
 110      33E335A2 
 110      EF2CABFD 
 110      4C872F32 
 110      E3E1
 111 0313 BE0F77CA 		.ascii	"\276\017w\312\306WA=\325Q\367\225\012_a6\377\310\255"
 111      C657413D 
 111      D551F795 
 111      0A5F6136 
 111      FFC8AD
 112 0326 E2387C93 		.ascii	"\3428|\223)\307\247*>Qc?S\332\375\023_\307\262US$\230"
 112      29C7A72A 
 112      3E51633F 
 112      53DAFD13 
 112      5FC7B255 
 113 033d FE1D41BF 		.ascii	"\376\035A\277^~q\221\367Kq\307\267\237\360\370\036\005"
 113      5E7E7191 
 113      F74B71C7 
 113      B79FF0F8 
 113      1E05
 114 034f C7F92A0B 		.ascii	"\307\371*\013\336\224\333!\324\020$\027MI\273%RG\222"
 114      DE94DB21 
 114      D4102417 
 114      4D49BB25 
 114      524792
 115 0362 8D6F201B 		.ascii	"\215o \033\0030\206\363\3330\275\216\200?\373\213|Z"
 115      033086F3 
 115      DB30BD8E 
 115      803FFB8B 
 115      7C5A
 116 0374 4702EF8E 		.ascii	"G\002\357\216\206\373#\340\323\012\366\000\020}\324"
 116      86FB23E0 
 116      D30AF600 
 116      107DD4
 117 0383 3820576B 		.ascii	"8 Wk\030\2525\002\225y\0042\012\362\030d\010\244\037"
 117      18AA3502 
 117      95790432 
 117      0AF21864 
 117      08A41F
 118 0396 64102400 		.ascii	"d\020$\000\362Di\014\342\371\347\212\347\257\243=\367"
 118      F244690C 
 118      E2F9E78A 
 118      E7AFA33D 
 118      F7
 119 03a7 CC08B4F7 		.ascii	"\314\010\264\367\227\012\374a4\374\324\264>\"\350\210"
 119      970AFC61 
 119      34FCD4B4 
 119      3E22E888 
 120 03b7 6D7D198D 		.ascii	"m}\031\215\2763\003\035\021\312\335h\364W\321\350\263"
 120      BE33031D 
 120      11CADD68 
 120      F457D1E8 
 120      B3
 121 03c8 1191D447 		.ascii	"\021\221\324G\243\353f\266]#k\273\201\031m\007\306\276"
ARM GAS  /tmp/ccS1QQiQ.s 			page 9


 121      A3EB66B6 
 121      5D236BBB 
 121      81196D07 
 121      C6BE
 122 03da C68872DD 		.ascii	"\306\210r\335\217&\023\242\343\\\241x\276\027\015\356"
 122      8F2613A2 
 122      E35CA178 
 122      BE170DEE 
 123 03ea 55E284A3 		.ascii	"U\342\204\243r\346\331\343\255\211\270\2375]E\343\350"
 123      72E6D9E3 
 123      AD89B89F 
 123      355D45E3 
 123      E8
 124 03fb 482C4A49 		.ascii	"H,JIf\001\2155\323v\031\203\305O\225v\031\240\3552k"
 124      66018D35 
 124      D3761983 
 124      C54F9576 
 124      19A0ED32 
 125 0410 95D1B750 		.ascii	"\225\321\267P\334\377\245\320\020\307\351\352a\277>"
 125      DCFFA5D0 
 125      10C7E9EA 
 125      61BF3E
 126 041f 59A62D99 		.ascii	"Y\246-\231\223\226\373>\234\347\002mu\032}i\370\317"
 126      9396FB3E 
 126      9CE7026D 
 126      751A7D69 
 126      F8CF
 127 0431 0B8D47BC 		.ascii	"\013\215G\274|84\201\364\004HF\362\347\177\346ts\334"
 127      7C383481 
 127      F4044846 
 127      F2E77FE6 
 127      7473DC
 128 0444 5D38DBF0 		.ascii	"]8\333\360\241\203\346Q\012\204\330\035F\204\344\317"
 128      A183E651 
 128      0A84D81D 
 128      4684E4CF 
 129 0454 8E60E842 		.ascii	"\216`\350Bl\036fy6\310P\242\204\226\240\360\014/s\360"
 129      6C1E6679 
 129      36C850A2 
 129      8496A0F0 
 129      0C2F73F0 
 130 0468 215EFA93 		.ascii	"!^\372\223\011P$+\2633w\241\213}v\261\207\210ul\212"
 130      0950242B 
 130      B33377A1 
 130      8B7D76B1 
 130      8788756C 
 131 047d 579C452C 		.ascii	"W\234E,\231\021+\0276\207\203R6\211\344\214\335|\354"
 131      99112B17 
 131      36878352 
 131      3689E48C 
 131      DD7CEC
 132 0490 3BA6EF81 		.ascii	";\246\357\201\243\314\241\2679n\227&\207\276n\002\265"
 132      A3CCA1B7 
 132      396E9726 
 132      87BE6E02 
 132      B5
 133 04a1 52AF0E3F 		.ascii	"R\257\016?e\357\236\326\340xK\"{\367\360\021\037>\363"
ARM GAS  /tmp/ccS1QQiQ.s 			page 10


 133      65EF9ED6 
 133      E0784B22 
 133      7BF7F011 
 133      1F3EF3
 134 04b4 D9874FB5 		.ascii	"\331\207O\265/X\241Z\360>-c\2414\217G\357\374\000=\207"
 134      2F58A15A 
 134      F03E2D63 
 134      A1348F47 
 134      EFFC003D 
 135 04c9 8C4FD18C 		.ascii	"\214O\321\214\277@\013\340\236\033\303\234\335;?\370"
 135      BF400BE0 
 135      9E1BC39C 
 135      DD3B3FF8 
 136 04d9 9C5FBC5F 		.ascii	"\234_\274_\332\337\003\237%\301E\017NJ\022|5H1\004\206"
 136      DADF039F 
 136      25C1450F 
 136      4E4A127C 
 136      35483104 
 137 04ee 26951337 		.ascii	"&\225\0237I>\200\320w\320\353\350\031\264\035\207\202"
 137      493E80D0 
 137      77D0EBE8 
 137      19B41D87 
 137      82
 138 04ff 683179C9 		.ascii	"h1y\311\325\014\336U\341\277\306\320\250|\3374\236J"
 138      D50CDE55 
 138      E1BFC6D0 
 138      A87CDF34 
 138      9E4A
 139 0511 04AE1E38 		.ascii	"\004\256\0368\267\343\333\361\261\302\242\035\322\001"
 139      B7E3DBF1 
 139      B1C2A21D 
 139      D201
 140 051f 443D2289 		.ascii	"D=\"\211\017S\301#\333t>O(.\367u\277\207\233\030\303"
 140      0F53C123 
 140      DB743E4F 
 140      282EF775 
 140      BF879B18 
 141 0534 A7ADA5F9 		.ascii	"\247\255\245\37112\303\350\036\\\331\365P*\3211\202"
 141      3132C3E8 
 141      1E5CD9F5 
 141      502AD131 
 141      82
 142 0545 0285A020 		.ascii	"\002\205\240 DPH\011\256\266WM\305\343I\306\320Yq\344"
 142      44504809 
 142      AEB6574D 
 142      C5E349C6 
 142      D05971E4 
 143 0559 59BCCCD0 		.ascii	"Y\274\314\320y\030_\271T\324\222\305\010\274\012\201"
 143      79185FB9 
 143      54D492C5 
 143      08BC0A81 
 144 0569 3744B095 		.ascii	"7D\260\225\022\034\255\336{_\213\017\251(A\255\257\253"
 144      121CADDE 
 144      7B5F8B0F 
 144      A92841AD 
 144      AFAB
 145 057b 4815C3B3 		.ascii	"H\025\303\263#I\322D\372\263\"\360\201v\316\204\226"
ARM GAS  /tmp/ccS1QQiQ.s 			page 11


 145      2349D244 
 145      FAB322F0 
 145      8176CE84 
 145      96
 146 058c F024A1C5 		.ascii	"\360$\241\305\274\234\321=\265\003\327\365r\004\003"
 146      BC9CD13D 
 146      B503D7F5 
 146      720403
 147 059b DD2B264F 		.ascii	"\335+&OJ^\025\301\240\"%\200\242P\000\333h\000{\367"
 147      4A5E15C1 
 147      A0222580 
 147      A25000DB 
 147      68007BF7 
 148 05af 959DC0B8 		.ascii	"\225\235\300\270\206\0050\330<\372(\224\203\311\343"
 148      860530D8 
 148      3CFA2894 
 148      83C9E3
 149 05be F8E8B092 		.ascii	"\370\350\260\222\203R\205\2414\304\260\2352\3549Z\276"
 149      835285A1 
 149      34C4B09D 
 149      32EC395A 
 149      BE
 150 05cf 3F0E0718 		.ascii	"?\016\007\030C\301\201\232f\255\314\360y3\356\277\032"
 150      43C1819A 
 150      66ADCCF0 
 150      7933EEBF 
 150      1A
 151 05e0 CE814F21 		.ascii	"\316\201O!\360\205\010vP\202\266s\307\306\342\360\337"
 151      F0850876 
 151      5082B673 
 151      C7C6E2F0 
 151      DF
 152 05f1 D494E0E9 		.ascii	"\324\224\340\351G\276f\374r\225\024 \337\221\335)\223"
 152      47BE66FC 
 152      72951420 
 152      DF91DD29 
 152      93
 153 0602 01AF5492 		.ascii	"\001\257T\222D\033w'#\210\370O\331IxP\031\3772\254\373"
 153      441B7727 
 153      2388F84F 
 153      D9497850 
 153      19FF32AC 
 154 0617 786A726F 		.ascii	"xjroBd\257\023\237J\257\357\342Y\257\303H>\373'|\327"
 154      4264AF13 
 154      9F4AAFEF 
 154      E259AFC3 
 154      483EFB27 
 155 062d 75916092 		.ascii	"u\221`\222#\005\\.\203\311\250\316z=\323\3541\307\230"
 155      23055C2E 
 155      83C9A8CE 
 155      7A3DD3EC 
 155      31C798
 156 0640 37B91D3F 		.ascii	"7\271\035?LM\025\330\317)\012\331f\207 \272-dL\265h"
 156      4C4D15D8 
 156      CF290AD9 
 156      668720BA 
 156      2D644CB5 
ARM GAS  /tmp/ccS1QQiQ.s 			page 12


 157 0655 56FFE6B7 		.ascii	"V\377\346\267\2132\322\3228\235\311\224g\317\365\274"
 157      8B32D2D2 
 157      389DC994 
 157      67CFF5BC 
 158 0665 926EF214 		.ascii	"\222n\362\024!!\333\231c\023\314\026\321ft\2307\012"
 158      2121DB99 
 158      6313CC16 
 158      D1667498 
 158      370A
 159 0677 994E4B5E 		.ascii	"\231NK^\216-\327#\012\033l\346\234_\013\253,\016\273"
 159      8E2DD723 
 159      0A1B6CE6 
 159      9C5F0BAB 
 159      2C0EBB
 160 068a 4BB4996C 		.ascii	"K\264\231lFW\236\345\217\351\302\006\247\323!\012\233"
 160      46579EE5 
 160      8FE9C206 
 160      A7D3210A 
 160      9B
 161 069b 2D16A3D9 		.ascii	"-\026\243\331\235c\314u\346\332\2146\363F\273q\2711"
 161      9D63CC75 
 161      E6DA8C36 
 161      F346BB71 
 161      B931
 162 06ad 7D69DA72 		.ascii	"}i\332r\343\237\226\031s\314\177p\272\205iV\301\236"
 162      E39F9619 
 162      73CC7F70 
 162      BA856956 
 162      C19E
 163 06bf 6B71E459 		.ascii	"kq\344YmB\216\331\222m\317\265\011&\253m\2239\317\341"
 163      6D428ED9 
 163      926DCFB5 
 163      0926AB6D 
 163      9339CFE1 
 164 06d3 3179DE75 		.ascii	"1y\336u\331\304\324lN\023\012\350\275\377k<\342\273"
 164      D9C4D46C 
 164      4E130AE8 
 164      BDFF6B3C 
 164      E2BB
 165 06e5 A260123D 		.ascii	"\242`\022=Vp\016A`\247\325\255r\345\271\254\356X\247"
 165      56700E41 
 165      60A7D5AD 
 165      72E5B9AC 
 165      EE58A7
 166 06f8 E8B2D9AC 		.ascii	"\350\262\331\254n\265\223\004\350V\3458\25567IovZtz"
 166      6EB59304 
 166      E856E538 
 166      AD363749 
 166      6F765A74 
 167 070d 5D4E3704 		.ascii	"]N7\004\367\326\206u\257\244\013k\327f\012\253\263\326"
 167      F7D68675 
 167      AFA40B6B 
 167      D7660AAB 
 167      B3D6
 168 071f BCF1E774 		.ascii	"\274\361\347t\301ev\230\034\016+\260&\211\236\034\330"
 168      C1657698 
 168      1C0E2BB0 
ARM GAS  /tmp/ccS1QQiQ.s 			page 13


 168      26899E1C 
 168      D8
 169 0730 D96697DD 		.ascii	"\331f\227\335i\022m\236<\227\311\243\316ZM\352\245\316"
 169      69126D9E 
 169      3C97C9A3 
 169      CE5A4DEA 
 169      A5CE
 170 0742 7A8D0DAB 		.ascii	"z\215\015\253\330\220\311\206\0146\374\212\015+\331"
 170      D890C986 
 170      0C36FC8A 
 170      0D2BD9
 171 0751 B0860CDA 		.ascii	"\260\206\014\332\254\225k3\234\271\233\354\233c\301"
 171      AC956B33 
 171      9CB99BEC 
 171      9B63C1
 172 0760 F59A5CBB 		.ascii	"\365\232\\\273\347GsV\233S\213\036\202\370q4\"\274w"
 172      E7477356 
 172      9B538B1E 
 172      82F87134 
 172      22BC77
 173 0773 B265ED46 		.ascii	"\262e\355F\247\331m%\270e\3218j!;3\321\315\275\266\314"
 173      A7D96D25 
 173      B865D138 
 173      6A213B33 
 173      D1CDBDB6 
 174 0788 94B9E6AD 		.ascii	"\224\271\346\255\2147~\267j\375\333\314\006\313\325"
 174      8C377EB7 
 174      6AFDDBCC 
 174      06CBD5
 175 0797 225DFB93 		.ascii	"\"]\373\2239}\330\334v\010&\233\2137\311\0111\331\001"
 175      397DD8DC 
 175      7608269B 
 175      8B37C909 
 175      31D901
 176 07aa AFCF8E50 		.ascii	"\257\317\216P\226\376\267\214\312\256\267l\021\262\303"
 176      96FEB78C 
 176      CAAEB76C 
 176      11B2C3
 177 07b9 09D53845 		.ascii	"\011\3258E\266\371\237F\257$\006\270\031\0356Q\024V"
 177      B6F99F46 
 177      AF2406B8 
 177      191D3651 
 177      1456
 178 07cb AE5F97B1 		.ascii	"\256_\227\261n"
 178      6E
 179 07d0 0B9D2355 		.ascii	"\013\235#U \376C\247\316Bs\370\037\177\374\212\312"
 179      20FE43A7 
 179      CE4273F8 
 179      1F7FFC8A 
 179      CA
 180              		.text
 181              		.section	.gnu.lto_.symtab.baa81adef3a5f509,"",%progbits
 182 0000 68616C49 		.ascii	"halInit\000"
 182      6E697400 
 183 0008 00       		.ascii	"\000"
 184 0009 00       		.ascii	"\000"
 185 000a 00       		.ascii	"\000"
ARM GAS  /tmp/ccS1QQiQ.s 			page 14


 186 000b 00000000 		.ascii	"\000\000\000\000\000\000\000\000"
 186      00000000 
 187 0013 FF000000 		.ascii	"\377\000\000\000"
 188 0017 70616C5F 		.ascii	"pal_default_config\000"
 188      64656661 
 188      756C745F 
 188      636F6E66 
 188      696700
 189 002a 00       		.ascii	"\000"
 190 002b 02       		.ascii	"\002"
 191 002c 00       		.ascii	"\000"
 192 002d 00000000 		.ascii	"\000\000\000\000\000\000\000\000"
 192      00000000 
 193 0035 0F010000 		.ascii	"\017\001\000\000"
 194 0039 7374496E 		.ascii	"stInit\000"
 194      697400
 195 0040 00       		.ascii	"\000"
 196 0041 02       		.ascii	"\002"
 197 0042 00       		.ascii	"\000"
 198 0043 00000000 		.ascii	"\000\000\000\000\000\000\000\000"
 198      00000000 
 199 004b 01010000 		.ascii	"\001\001\000\000"
 200 004f 626F6172 		.ascii	"boardInit\000"
 200      64496E69 
 200      7400
 201 0059 00       		.ascii	"\000"
 202 005a 02       		.ascii	"\002"
 203 005b 00       		.ascii	"\000"
 204 005c 00000000 		.ascii	"\000\000\000\000\000\000\000\000"
 204      00000000 
 205 0064 03010000 		.ascii	"\003\001\000\000"
 206 0068 7364496E 		.ascii	"sdInit\000"
 206      697400
 207 006f 00       		.ascii	"\000"
 208 0070 02       		.ascii	"\002"
 209 0071 00       		.ascii	"\000"
 210 0072 00000000 		.ascii	"\000\000\000\000\000\000\000\000"
 210      00000000 
 211 007a 05010000 		.ascii	"\005\001\000\000"
 212 007e 5F70616C 		.ascii	"_pal_lld_init\000"
 212      5F6C6C64 
 212      5F696E69 
 212      7400
 213 008c 00       		.ascii	"\000"
 214 008d 02       		.ascii	"\002"
 215 008e 00       		.ascii	"\000"
 216 008f 00000000 		.ascii	"\000\000\000\000\000\000\000\000"
 216      00000000 
 217 0097 09010000 		.ascii	"\011\001\000\000"
 218 009b 68616C5F 		.ascii	"hal_lld_init\000"
 218      6C6C645F 
 218      696E6974 
 218      00
 219 00a8 00       		.ascii	"\000"
 220 00a9 02       		.ascii	"\002"
 221 00aa 00       		.ascii	"\000"
 222 00ab 00000000 		.ascii	"\000\000\000\000\000\000\000\000"
ARM GAS  /tmp/ccS1QQiQ.s 			page 15


 222      00000000 
 223 00b3 0B010000 		.ascii	"\013\001\000\000"
 224 00b7 6F73616C 		.ascii	"osalInit\000"
 224      496E6974 
 224      00
 225 00c0 00       		.ascii	"\000"
 226 00c1 02       		.ascii	"\002"
 227 00c2 00       		.ascii	"\000"
 228 00c3 00000000 		.ascii	"\000\000\000\000\000\000\000\000"
 228      00000000 
 229 00cb 0D010000 		.ascii	"\015\001\000\000"
 230              		.text
 231              		.section	.gnu.lto_.opts,"",%progbits
 232 0000 272D666D 		.ascii	"'-fmath-errno' '-fsigned-zeros' '-ftrapping-math' '"
 232      6174682D 
 232      6572726E 
 232      6F272027 
 232      2D667369 
 233 0033 2D666E6F 		.ascii	"-fno-trapv' '-fno-openmp' '-fno-openacc' '-mcpu=cor"
 233      2D747261 
 233      70762720 
 233      272D666E 
 233      6F2D6F70 
 234 0066 7465782D 		.ascii	"tex-m4' '-mno-thumb-interwork' '-mthumb' '-O2' '-fo"
 234      6D342720 
 234      272D6D6E 
 234      6F2D7468 
 234      756D622D 
 235 0099 6D69742D 		.ascii	"mit-frame-pointer' '-falign-functions=16' '-ffuncti"
 235      6672616D 
 235      652D706F 
 235      696E7465 
 235      72272027 
 236 00cc 6F6E2D73 		.ascii	"on-sections' '-fdata-sections' '-fno-common' '-flto"
 236      65637469 
 236      6F6E7327 
 236      20272D66 
 236      64617461 
 237 00ff 2700     		.ascii	"'\000"
 238              		.text
 239              		.comm	__gnu_lto_v1,1,1
 240              		.comm	__gnu_lto_slim,1,1
 241              		.ident	"GCC: (GNU Tools for Arm Embedded Processors 7-2017-q4-major) 7.2.1 20170904 (release) [ARM
ARM GAS  /tmp/ccS1QQiQ.s 			page 16


DEFINED SYMBOLS
                            *ABS*:0000000000000000 hal.c
                            *COM*:0000000000000001 __gnu_lto_v1
                            *COM*:0000000000000001 __gnu_lto_slim

NO UNDEFINED SYMBOLS
