ARM GAS  /tmp/cc1i60g1.s 			page 1


   1              		.cpu cortex-m4
   2              		.eabi_attribute 20, 1
   3              		.eabi_attribute 21, 1
   4              		.eabi_attribute 23, 3
   5              		.eabi_attribute 24, 1
   6              		.eabi_attribute 25, 1
   7              		.eabi_attribute 26, 1
   8              		.eabi_attribute 30, 2
   9              		.eabi_attribute 34, 1
  10              		.eabi_attribute 18, 4
  11              		.file	"st.c"
  12              		.section	.gnu.lto_.profile.b27e038e0a13d08c,"",%progbits
  13 0000 789C6363 		.ascii	"x\234cc```\001bF\006)\036\000\000\270\0002"
  13      60606001 
  13      62460629 
  13      1E0000B8 
  13      0032
  14              		.text
  15              		.section	.gnu.lto_.icf.b27e038e0a13d08c,"",%progbits
  16 0000 789C6363 		.ascii	"x\234cc``\220c@\000V\206\325\253\276\376db\274\373\353"
  16      60609063 
  16      40005686 
  16      D5ABBEFE 
  16      6462BCFB 
  17 0015 CD5C46A6 		.ascii	"\315\\F\246\236iw\374\230\247\266\256Z\311\305r\347"
  17      9E6977FC 
  17      98A7B6AE 
  17      5AC9C572 
  17      E7
  18 0026 D54C4706 		.ascii	"\325LG\006\000\345\321\016="
  18      00E5D10E 
  18      3D
  19              		.text
  20              		.section	.gnu.lto_.jmpfuncs.b27e038e0a13d08c,"",%progbits
  21 0000 789C6363 		.ascii	"x\234cc``\220a@\000V\020\301\010\004\365s\230\031\230"
  21      60609061 
  21      40005610 
  21      C10804F5 
  21      73981998 
  22 0014 181898A1 		.ascii	"\030\030\230\241L\026\2400\000#\314\002t"
  22      4C16A030 
  22      0023CC02 
  22      74
  23              		.text
  24              		.section	.gnu.lto_.inline.b27e038e0a13d08c,"",%progbits
  25 0000 789C6363 		.ascii	"x\234cc``He@\000V\006\006\026\036F\006& \223m\201<\210"
  25      60604865 
  25      40005606 
  25      06161E46 
  25      06262093 
  26 0018 6260E402 		.ascii	"b`\344\002\021\014l\254@a\266\017zpq&\006\026f\240\020"
  26      110C6CAC 
  26      4061B60F 
  26      7A707126 
  26      061666A0 
  27 002d D3057EB8 		.ascii	"\323\005~\270\0203\246\020\013\246\020\003\000\234z"
  27      1033A610 
ARM GAS  /tmp/cc1i60g1.s 			page 2


  27      0BA61003 
  27      009C7A
  28 003c 086F     		.ascii	"\010o"
  29              		.text
  30              		.section	.gnu.lto_.pureconst.b27e038e0a13d08c,"",%progbits
  31 0000 789C6363 		.ascii	"x\234cc``\340\006bV\006\011F)&)f)\026)\000\004\001\000"
  31      6060E006 
  31      62560609 
  31      46292629 
  31      66291629 
  32 0018 A1       		.ascii	"\241"
  33              		.text
  34              		.section	.gnu.lto_stInit.b27e038e0a13d08c,"",%progbits
  35 0000 789C6363 		.ascii	"x\234cc``X\001\304\322P\314\310\314\300\3104\341\034"
  35      60605801 
  35      C4D250CC 
  35      C8CCC0C8 
  35      34E11C
  36 0013 03432307 		.ascii	"\003C#\007\023##\210\321\300\301\310P\317\304X\317\330"
  36      13232388 
  36      D1C0C1C8 
  36      50CFC458 
  36      CFD8
  37 0025 C33C8599 		.ascii	"\303<\205\231\361P\373\263\235L\232\313\033\200\340"
  37      F150FBB3 
  37      9D4C9ACB 
  37      1B80E0
  38 0034 C0F41F92 		.ascii	"\300\364\037\222\015+\0160\316af`\230\006\304 \300\270"
  38      0D2B0E30 
  38      CE616660 
  38      9806C420 
  38      C0B8
  39 0046 99519301 		.ascii	"\231Q\223\001\250\354\321\306\177Sy\331X \342\214[\030"
  39      A8ECD1C6 
  39      7F5379D9 
  39      5820E28C 
  39      5B18
  40 0058 D9181881 		.ascii	"\331\030\030\201\214\365\227X\0174\374\373\337\336p"
  40      8CF59758 
  40      0F34FCFB 
  40      DFDE70
  41 0067 E0CE22C6 		.ascii	"\340\316\"\306\377\254@\271\016 \006Z\322p\200\241\223"
  41      FFAC40B9 
  41      0E20065A 
  41      D27080A1 
  41      93
  42 0078 9909C46A 		.ascii	"\231\011\304j>\300\360\206\261y\301oi\260&\240I;w\276"
  42      3EC0F086 
  42      B179C16F 
  42      69B026A0 
  42      493B77BE 
  43 008c B9CD5EFF 		.ascii	"\271\315^\377\267\201c\0163\3434f\240)\214[\031\353"
  43      B781630E 
  43      33E33466 
  43      A0298C5B 
  43      19EB
  44 009e 19E60055 		.ascii	"\031\346\000U\277clZ\360\237\033\254\016\004:\200\222"
ARM GAS  /tmp/cc1i60g1.s 			page 3


  44      BF636C5A 
  44      F09F1BAC 
  44      0E043A80 
  44      92
  45 00af 40039818 		.ascii	"@\003\230\030\030$\365\364\364!(\277X?#1G\277\270(Y"
  45      1824F5F4 
  45      F42128BF 
  45      583F2331 
  45      47BFB828 
  46 00c4 BFB8442F 		.ascii	"\277\270D/\231\001\000\371^AK"
  46      990100F9 
  46      5E414B
  47              		.text
  48              		.section	.gnu.lto_stStartAlarm.b27e038e0a13d08c,"",%progbits
  49 0000 789C9552 		.ascii	"x\234\225R\317kSA\020\236\357m\372^\015\032\017^\024"
  49      CF6B5341 
  49      109EEF6D 
  49      FA5E0D1A 
  49      0F5E14
  50 0013 73E8A1A5 		.ascii	"s\350\241\245\324C\226\350\305?@\004\241=\331\2037\251"
  50      D44396E8 
  50      C53F4004 
  50      A13DD983 
  50      37A9
  51 0025 51A810A9 		.ascii	"Q\250\020\2514\301\243\335\306\304\264&\242\2076b\210"
  51      34C1A3DD 
  51      C6C4B426 
  51      A2873662 
  51      88
  52 0036 FAB0168D 		.ascii	"\372\260\026\215\022Z\177\333Z\3533V=\210U\013\"\202"
  52      125A7FDB 
  52      5AEB3356 
  52      3D88550B 
  52      2282
  53 0048 87A29016 		.ascii	"\207\242\220\026\221\242\245 \242Tg7Q\252']\336\356"
  53      91A2A520 
  53      A2546737 
  53      51AA275D 
  53      DEEE
  54 005a 9B19BEF9 		.ascii	"\233\031\276\371\346\233\331\265\211h\322\"\332\305"
  54      E69BD9B5 
  54      8968D222 
  54      DAC5
  55 0068 FF8DBC21 		.ascii	"\377\215\274!\010\326\311i\242\336z\013\320\206\252"
  55      08D6C969 
  55      A2DE7A0B 
  55      D086AA
  56 0077 07F558E8 		.ascii	"\007\365X\350AV\014\010\224\323\2251\253\345\242\342"
  56      41560C08 
  56      94D39531 
  56      ABE5A2E2 
  57 0087 E59D1AB7 		.ascii	"\345\235\032\267\217\252\324\372\202 \312\361\326\013"
  57      8FAAD4FA 
  57      8220CAF1 
  57      D60B
  58 0095 D7D1C2A8 		.ascii	"\327\321\302\250\227\311\321\202\310\210\202\000|\354"
  58      97C9D182 
ARM GAS  /tmp/cc1i60g1.s 			page 4


  58      C8888200 
  58      7CEC
  59 00a3 7E7E967F 		.ascii	"~~\226\177\037\320\256\205\006v\277]\036}\273V\004A"
  59      1FD0AE85 
  59      0676BF5D 
  59      1E7DBB56 
  59      0441
  60 00b5 6C9F2F9D 		.ascii	"l\237/\235\030\266\233\207\225J(\357\343\220P\215\005"
  60      18B69B87 
  60      954A28EF 
  60      E390508D 
  60      05
  61 00c6 21700B82 		.ascii	"!p\013\202\011q\023A\334@\2208D\270\215f\215\177wuy"
  61      09711341 
  61      DC409038 
  61      44B88D66 
  61      8D7F7775 
  62 00db 708DED73 		.ascii	"p\215\355s\177\325\304\035\330\0046Ff\352<\265\374#"
  62      7FD5C41D 
  62      D8043646 
  62      66EA3CB5 
  62      FC23
  63 00ed ADBCA50B 		.ascii	"\255\274\245\013x\265\335f\365:\205\372\030\305m(\217"
  63      78B5DD66 
  63      F53A85FA 
  63      18C56D28 
  63      8F
  64 00fe FA85A5AD 		.ascii	"\372\205\245\255#\036U`i\256~\357\330\224_4\032\035"
  64      231E5560 
  64      69AE7EEF 
  64      D8945F34 
  64      1A1D
  65 0110 AF33C979 		.ascii	"\2573\311y\247i\310\350X8\275:\257\274d\203\2262\366"
  65      A769C8E8 
  65      5838BD3A 
  65      AFBC6483 
  65      9632F6
  66 0123 A714D3E3 		.ascii	"\247\024\323\3438\232\362\314\365\001\345\374\3277\337"
  66      389AF2CC 
  66      F501E5FC 
  66      D737DF
  67 0132 07B6FE96 		.ascii	"\007\266\376\226\225\254\216e\306\026\032c\264\345\004"
  67      95AC8E65 
  67      C6161A63 
  67      B4E504
  68 0141 56C826DC 		.ascii	"V\310&\334\205\215\011-\231\017\216\347R\345\347\216"
  68      858D092D 
  68      990F8EE7 
  68      52E5E78E 
  69 0151 9E8CCFC0 		.ascii	"\236\214\317\300\246K_>\371\253\256\246\322\263s\317"
  69      A64B5F3E 
  69      F9ABAEA6 
  69      D2B373CF 
  70 0161 CCAD7271 		.ascii	"\314\255rq\026\005Q\207IVqO\253\340x\272\362\364E@\226"
  70      16055187 
  70      4956714F 
  70      ABE078BA 
ARM GAS  /tmp/cc1i60g1.s 			page 5


  70      F2F44540 
  71 0176 54B257CD 		.ascii	"T\262W\315\316-\256[\344$\033\367\341b\220\033\326e"
  71      CE2DAE5B 
  71      E4241BF7 
  71      E162901B 
  71      D665
  72 0188 34C8CB26 		.ascii	"4\310\313&\212NxD\203\334kL\341\300\203\304\246`\015"
  72      8A4E7844 
  72      83DC6B4C 
  72      E1C083C4 
  72      A6600D
  73 019b 810708D7 		.ascii	"\201\007\010\327:Y\232\277\224\012\324D\375CI\367\260"
  73      3A599ABF 
  73      940AD444 
  73      FD4349F7 
  73      B0
  74 01ac 262B9B72 		.ascii	"&+\233r\250\221=\204\\\331\221\303\361)\3164\344\305"
  74      A8913D84 
  74      5CD991C3 
  74      F129CE34 
  74      E4C5
  75 01be FF277F64 		.ascii	"\377'\177d\310\255\032\371cC>q.[\364W\311-<\341\314"
  75      C8AD1AF9 
  75      63433E71 
  75      2E5BF457 
  75      C92D3CE1 
  76 01d3 0A12B399 		.ascii	"\012\022\263\231bDO\332\214\234\026\220p\257\034\207"
  76      62444FDA 
  76      8C9C1690 
  76      70AF1C87 
  77 01e3 79167AF5 		.ascii	"y\026z\365\261<\276t~\341\033B!Y\375\272b\262\263#*"
  77      B13CBE74 
  77      7EE11B42 
  77      2159FDBA 
  77      62B2B323 
  78 01f8 63DD1119 		.ascii	"c\335\021\031\213\207\"\344t\354\211\305\367\037\330"
  78      8B8722E4 
  78      74EC89C5 
  78      F71FD8
  79 0207 E7D387FC 		.ascii	"\347\323\207\374\033v\260\253;\036\223;\333\333\266"
  79      1B76B0AB 
  79      3B1E933B 
  79      DBDBB6
  80 0216 6C96ADAD 		.ascii	"l\226\255\255\333d\373\216\266CaN\334\035\215\356\015"
  80      DB64FB8E 
  80      B643614E 
  80      DC1D8DEE 
  80      0D
  81 0227 75D24FFE 		.ascii	"u\322O\376v\373\022"
  81      76FB12
  82              		.text
  83              		.section	.gnu.lto_stStopAlarm.b27e038e0a13d08c,"",%progbits
  84 0000 789C5D4F 		.ascii	"x\234]O\317KBA\020\236\357\255\275,\250kE\336:yyKE\377"
  84      CF4B4241 
  84      109EEFAD 
  84      BD2CA86B 
  84      45DE3A79 
ARM GAS  /tmp/cc1i60g1.s 			page 6


  85 0018 4104519E 		.ascii	"A\004Q\236\362\036a\007\017\202\241\322\325\2654\015"
  85      F21E6107 
  85      0F82A1D2 
  85      D5B5340D 
  86 0028 3B7448BB 		.ascii	";tH\273X\010\035:IH?\255\210\207t\013,\372\013\244\203"
  86      58081D3A 
  86      49483FAD 
  86      8887740B 
  86      2CFA0BA4 
  87 003d 41444445 		.ascii	"ADDEE\2205\353\203\220\206\235\335\331o\276\231o\306"
  87      459035EB 
  87      8390869D 
  87      DDD96FBE 
  87      996FC6
  88 0050 24A23110 		.ascii	"$\2421\020M\361;\310\016A0\326kD\011\267\001\350@\271"
  88      4DF13BC8 
  88      0E4130D6 
  88      6B4409B7 
  88      01E840B9 
  89 0064 41710371 		.ascii	"Aq\003q\254\211\015\201j\272Q1\274\273\212\315\336|"
  89      AC890D81 
  89      6ABA5131 
  89      BCBB8ACD 
  89      DE7C
  90 0076 375754AA 		.ascii	"7WT\252\277 \210\362\354\332\260\017/1\355\256\334\314"
  90      BF2088F2 
  90      ECDAB00F 
  90      2F31EDAE 
  90      DCCC
  91 0088 F5982E07 		.ascii	"\365\230.\007\307\001Lb\015\332\273\355\260U\363'\255"
  91      C7014C62 
  91      0DDABBED 
  91      B055F327 
  91      AD
  92 0099 ECCB1D7C 		.ascii	"\354\313\035|Op.\303\316\"\312\246Ua\350h\331\246\007"
  92      4F702EC3 
  92      CE22CAA6 
  92      5561E868 
  92      D9A607
  93 00ac 54DF3ECF 		.ascii	"T\337>\317\037s\326_\237\244#\367e\212V\257\274@\273"
  93      1F73D65F 
  93      9FA423F7 
  93      658A56AF 
  93      BC40BB
  94 00bf 060E61E2 		.ascii	"\006\016a\342HK\360\305x>U\275\356\314\212\202@\213"
  94      484BF0C5 
  94      783E55BD 
  94      EECC8A82 
  94      408B
  95 00d1 562B7D3C 		.ascii	"V+}<w;_\335\306\305Pq\353\276\253\210m\024\204\201\023"
  95      773B5FDD 
  95      C6C55071 
  95      EBBEAB88 
  95      6D148481 
  96 00e6 78700C0F 		.ascii	"xp\014\017ij\272qu\323+K*\231P\365\327r\337\013\027"
  96      696ABA71 
  96      75D32B4B 
ARM GAS  /tmp/cc1i60g1.s 			page 7


  96      2A9950F5 
  96      D772DF0B 
  97 00fb 09545044 		.ascii	"\011TPD\216\307\3242\204S\310v\011\236\004g\\\375\204"
  97      8EC7D432 
  97      8453C876 
  97      099E0467 
  97      5CFD84
  98 010e A57AF662 		.ascii	"\245z\366b\250\265\251\266\014'x\033\203h\300\262\244"
  98      A8B5A9B6 
  98      0C27781B 
  98      8368C0B2 
  98      A4
  99 011f 73C25119 		.ascii	"s\302Q\031\234\013\311h$ \2431+@\362\177f!\034\211E"
  99      9C0BC968 
  99      2420A331 
  99      2B40F27F 
  99      66211C89 
 100 0134 E58CDF37 		.ascii	"\345\214\3377:\"\247\247\307\245\177\322\2678\314\334"
 100      3A22A7A7 
 100      C7A57FD2 
 100      B738CCDC 
 101 0144 D95068DE 		.ascii	"\331Ph\336\012\322/\002\215~\213"
 101      0AD22F02 
 101      8D7E8B
 102              		.text
 103              		.section	.gnu.lto_stSetAlarm.b27e038e0a13d08c,"",%progbits
 104 0000 789C5D92 		.ascii	"x\234]\222\317KTQ\024\307\317\367\335\347{&e\333\244"
 104      CF4B5451 
 104      14C7CFF7 
 104      DDE77B26 
 104      65DBA4
 105 0013 59B850C4 		.ascii	"Y\270P\304\026s\231\332\364\007\004\021\350*\027\355"
 105      167399DA 
 105      F4070411 
 105      E82A17ED 
 106 0023 C2A6C060 		.ascii	"\302\246\300`\302\360\015m\275Nc\243\215T\213\234`x"
 106      C2F00D6D 
 106      BD4E63A3 
 106      8D548B9C 
 106      6078
 107 0035 C6239328 		.ascii	"\306#\223(\0304\373\251i\335\206v\321\364c\023\201\201"
 107      1834FBA9 
 107      69DD8676 
 107      D1F46313 
 107      8181
 108 0047 548CD122 		.ascii	"T\214\321\"\312M\204`\235\363\246\242\272\274{\3379"
 108      CA4D8460 
 108      9DF3A6A2 
 108      BABC7BDF 
 108      39
 109 0058 87EF39F7 		.ascii	"\207\3579\367s\016\327#\"\327!:\304\377\235\274\241"
 109      730ED723 
 109      22D7213A 
 109      C4FF9DBC 
 109      A1
 110 0069 08CE851A 		.ascii	"\010\316\205\032\321H\263\003\210a\232A\303\016\206"
 110      D148B303 
ARM GAS  /tmp/cc1i60g1.s 			page 8


 110      88619A41 
 110      C30E86
 111 0078 31A12E2A 		.ascii	"1\241.*T\013\365\005\247\373\232\341e/\315\373g\314"
 111      540BF505 
 111      A7FB9AE1 
 111      652FCDFB 
 111      67CC
 112 008a E88E5011 		.ascii	"\350\216P\021\225x\313\302-t\263\352e~.TE\025*\300e"
 112      9578CBC2 
 112      2D74B3EA 
 112      657E2E54 
 112      45152AC0 
 113 009f F7EBB3F2 		.ascii	"\367\353\263\362\373Vq\035\264\263\273qcne\273J\200"
 113      FB56711D 
 113      B4B3BB71 
 113      636E65BB 
 113      4A80
 114 00b1 D8BE5239 		.ascii	"\330\276R9?\343u\315\030\2233veZ\231\216P)\334\205\342"
 114      3FE375CD 
 114      18933376 
 114      655A998E 
 114      5029DC85 
 115 00c6 82B88304 		.ascii	"\202\270\203\004n#A\034\"\334C\227\350\337\335\334\234"
 115      6E23411C 
 115      22DC4397 
 115      E8DFDDDC 
 115      9C
 116 00d7 DCE6B9D1 		.ascii	"\334\346\271\321\357;q\037\036\201\215\331WM\326l\376"
 116      EF3B711F 
 116      1E818DD9 
 116      574DD66C 
 116      FE
 117 00e8 2818FBE1 		.ascii	"(\030\373\341*\226\367\273L/)4\306*n\303X\032W\216X"
 117      2A96F7BB 
 117      4C2F2934 
 117      C62A6EC3 
 117      581A578E 
 118 00fd A72DD5E1 		.ascii	"\247-\325\341H\255q{\366I\213\352\2109^\027\363\037"
 118      48AD717B 
 118      F6498BEA 
 118      88395E17 
 118      F31F
 119 010f FDCEE998 		.ascii	"\375\316\351\230\2436\265\265ll\276]P\026\376E\211{"
 119      A336B5B5 
 119      6C6CBE5D 
 119      5016FE45 
 119      897B
 120 0121 5C446799 		.ascii	"\\Dg\231k}B\265\374\375\315Ri\357\037\254|c,\213\276"
 120      6B7D42B5 
 120      FCFDCD52 
 120      69EF1FAC 
 120      7C632C8B 
 121 0136 124DCC56 		.ascii	"\022M\314VR\370\013\233\360\000\036\226\004\231\017"
 121      52F80B9B 
 121      F0001E96 
 121      04990F
 122 0145 8E9746AB 		.ascii	"\216\227F\253\317}\231\214\033\313j\225o_Z\032\256\224"
ARM GAS  /tmp/cc1i60g1.s 			page 9


 122      CF7D998C 
 122      1BCB6A95 
 122      6F5F5A1A 
 122      AE94
 123 0157 92D94553 		.ascii	"\222\331ESk[\"\\F\250\232\360\220)\226\205\202\343\205"
 123      6B5B225C 
 123      46A89AF0 
 123      90299685 
 123      82E385
 124 016a FAD317AD 		.ascii	"\372\323\027\255\272b\362#fum\275m\235\223<<B\204In"
 124      BA62F223 
 124      66756DBD 
 124      6D9D933C 
 124      3C428449 
 125 017f 58AE1191 		.ascii	"X\256\021\221\235\310]\367S\263\"\212\346\271\204\017"
 125      9DC85DF7 
 125      53B3228A 
 125      E6B9840F 
 126 018f 0B8D5D89 		.ascii	"\013\215]\211_\012<FJ:\251#\267Z|\233\026\336\030\234"
 126      5F0A3C46 
 126      4A3AA923 
 126      B75A7C9B 
 126      16DE189C 
 127 01a3 3E23176D 		.ascii	">#\027m\234C<\\Yc\334\005\217\216\337I[2\251\033\337"
 127      9C433C5C 
 127      5963DC05 
 127      8F8EDF49 
 127      5B32A91B 
 128 01b8 60A007FA 		.ascii	"`\240\007\3723:\030J\353 \233L\223\337\177$\310\036"
 128      333A184A 
 128      EB209B4C 
 128      93DF7F24 
 128      C81E
 129 01ca 3F71CC95 		.ascii	"?q\314\225C\377/;98\224\015\364\301\276\336=\273uO\317"
 129      43FF2F3B 
 129      3938940D 
 129      F4C1BEDE 
 129      3DBB754F 
 130 01df 3EDD77A0 		.ascii	">\335w\240\367T\212\023\017g2G\223\003\364\023,\030"
 130      F7548A13 
 130      0F673247 
 130      9303F413 
 130      2C18
 131 01f1 BF9A     		.ascii	"\277\232"
 132              		.text
 133              		.section	.gnu.lto_stGetAlarm.b27e038e0a13d08c,"",%progbits
 134 0000 789C5D90 		.ascii	"x\234]\220\333+DQ\024\306\327w\366\3149Fx\307(\257<"
 134      DB2B4451 
 134      14C6D777 
 134      F6CC3946 
 134      78C728AF 
 135 0015 CC6EF817 		.ascii	"\314n\370\027\224\204'\336%\036\346ajd4\257\2661B<\310"
 135      948427DE 
 135      251EE661 
 135      6A6434AF 
 135      B631423C 
 136 002a 6514874E 		.ascii	"e\024\207Ny\220\"&\343~\3514\312\213\\\377\002!J\222"
ARM GAS  /tmp/cc1i60g1.s 			page 10


 136      79902226 
 136      E37EE934 
 136      CA8B5CFF 
 136      02214A92 
 137 003e CB83A8C1 		.ascii	"\313\203\250\301\332Hr\332\227\265\326\376\265\326\367"
 137      DA4872DA 
 137      97B5D6FE 
 137      B5D6F7
 138 004d 1D938862 		.ascii	"\035\223\210b \252\345\273\2307\004\301\030:\"\352\312"
 138      20AAE5BB 
 138      983704C1 
 138      183A22EA 
 138      CA
 139 005e 31001DA8 		.ascii	"1\000\035\250\034P\247\201N\014\212Q\201\323\304\222"
 139      1C50A781 
 139      4E0C8A51 
 139      81D3C492 
 140 006e 2D0684CD 		.ascii	"-\006\204\315\230\207\323\307\303\211\313\002\235\002"
 140      9887D3C7 
 140      C389CB02 
 140      9D02
 141 007c A59CDEDD 		.ascii	"\245\234\336\335\357\247\363\312f\225\212+w\374\311"
 141      EFA7F3CA 
 141      66958A2B 
 141      77FCC9
 142 008b 9A4C9F28 		.ascii	"\232L\237(\237-\014J2\236\206\037\313\360\353\031+("
 142      9F2D0C4A 
 142      329E861F 
 142      CBF0EB19 
 142      2B28
 143 009d 23A62F52 		.ascii	"#\246/R\357c\371\246\307\021\244\001\256\257\302$\326"
 143      EF63F9A6 
 143      C711A401 
 143      AEAFC224 
 143      D6
 144 00ae 428B675E 		.ascii	"B\213g^W\275\177\364*\367j\006\331jn`\013\006\372x\263"
 144      57BD7FF4 
 144      2AF76A06 
 144      D96A6E60 
 144      0B06FA78 
 145 00c3 22E5523F 		.ascii	"\"\345R?\2278\352v\351\026\231\335\327\355\371\361\242"
 145      9738EA76 
 145      E91699DD 
 145      D7EDF9F1 
 145      A2
 146 00d4 DF7E09C5 		.ascii	"\337~\011\305\237;\362f}\365K\012\374\031EX\203\211"
 146      9F3BF266 
 146      7DF54B0A 
 146      FC194558 
 146      8389
 147 00e6 753D868F 		.ascii	"u=\206\217\011a\360S\262'sli\013\236/\362h\341\345!"
 147      0961F053 
 147      B227736C 
 147      690B9E2F 
 147      F268E1E5 
 148 00fb F73BD58D 		.ascii	"\367;\325\215\264Ig\352\306\347`\032\266\360b\223]l"
 148      B44967EA 
ARM GAS  /tmp/cc1i60g1.s 			page 11


 148      C6E7601A 
 148      B6F06293 
 148      5D6C
 149 010d 68175CEF 		.ascii	"h\027\\\357\275>8)\220\013*\321\245\316\237S%\303l\325"
 149      BD3E3829 
 149      900B2AD1 
 149      A5CE9F53 
 149      25C36CD5 
 150 0121 C4161C8C 		.ascii	"\304\026\034\214\261P=IC\356`|\316\012.j\310\3314la"
 150      B1503D49 
 150      43EE607C 
 150      CE0A2E6A 
 150      C8D9346C 
 151 0136 611B12E5 		.ascii	"a\033\022\345\376\037\002;\010\322=\342\347\003\331"
 151      FE1F023B 
 151      08D23DE2 
 151      E703D9
 152 0145 3D530B66 		.ascii	"=S\013fQ\374\007\330+\264C\216\013\003\001\371\275\""
 152      51FC07D8 
 152      2BB4438E 
 152      0B0301F9 
 152      BD22
 153 0157 51196A0E 		.ascii	"Q\031j\016\313h{\213\214v\004ZH\376\177i\213\264wDe"
 153      CB687B8B 
 153      8C76045A 
 153      48FE7F69 
 153      8BB47744 
 154 016c 43637D65 		.ascii	"Cc}e\205\254\253\253\222\2155\365\261 \263M\341pk D"
 154      85ACABAB 
 154      928D35F5 
 154      B120B34D 
 154      E1706B20 
 155 0181 9FAAA192 		.ascii	"\237\252\241\222\365"
 155      F5
 156              		.text
 157              		.section	.gnu.lto_.symbol_nodes.b27e038e0a13d08c,"",%progbits
 158 0000 789C55C8 		.ascii	"x\234U\310\301\015@@\020F\341\367\357ZuQ\224\363L\260"
 158      C10D4040 
 158      1046E1F7 
 158      EF5A7551 
 158      94F34CB0 
 159 0014 5C15A10A 		.ascii	"\\\025\241\012E\250A%b\3436\207\227\227|=0\265H\263"
 159      45A84125 
 159      62E33687 
 159      97977C3D 
 159      30B548B3 
 160 0028 0C8E1BDA 		.ascii	"\014\216\033\332.\037\233,2EYe)J\225\345(\233\254\013"
 160      2E1F9B2C 
 160      32455965 
 160      294A95E5 
 160      289BAC0B 
 161 003c A25D567E 		.ascii	"\242]V~\001\367\0012\205\363y\305\007\250\206\034\222"
 161      01F70132 
 161      85F379C5 
 161      07A8861C 
 161      92
 162              		.text
ARM GAS  /tmp/cc1i60g1.s 			page 12


 163              		.section	.gnu.lto_.refs.b27e038e0a13d08c,"",%progbits
 164 0000 789C6363 		.ascii	"x\234cc```\004b\006\000\000D\000\010"
 164      60606004 
 164      62060000 
 164      440008
 165              		.text
 166              		.section	.gnu.lto_.decls.b27e038e0a13d08c,"",%progbits
 167 0000 789CBD57 		.ascii	"x\234\275WkP\024\331\025\356\333w\006qx\271\243\261"
 167      6B5014D9 
 167      15EEDB77 
 167      067178B9 
 167      A3B1
 168 0012 34215596 		.ascii	"4!U\226\245\005U\2730\200f\255\255\335J\255;\032ce\331"
 168      A50555BB 
 168      308066AD 
 168      ADDD4AAD 
 168      3B1A6365 
 169 0027 A4465295 		.ascii	"\244FR\225\374\311,\213\263\013Y\006\0103\244\262\225"
 169      FCC92C8B 
 169      B30B5906 
 169      0833A4B2 
 169      95
 170 0038 1F690495 		.ascii	"\037i\004\225\365\011\210/\224\005D\020\025\021\037"
 170      F509882F 
 170      94054410 
 170      15111F
 171 0047 C84BDE8A 		.ascii	"\310K\336\212\250 \210\200\200\362\360\255\350\"\340"
 171      A8208880 
 171      80F2F0AD 
 171      E822E0
 172 0056 0305859C 		.ascii	"\003\005\205\234{o7\3354\260\353\237\244kNO\237{\277"
 172      7B6F37DD 
 172      34B0EB9F 
 172      A46B4E4F 
 172      9F7BBF
 173 0069 FB9D73CF 		.ascii	"\373\235s\3179\267\357m\007\216\343\332\337\343\270"
 173      39B7EF6D 
 173      078EE3DA 
 173      DFE3B8
 174 0078 5F608ECB 		.ascii	"_`\216\313F\0347\006\227\003\264U\202\200\312Up\354"
 174      461C3706 
 174      9703B455 
 174      8280CA55 
 174      70EC
 175 008a 226DB520 		.ascii	"\"m\265 u W@\032A\256\201\264p\223\257\004\030\010t"
 175      75205740 
 175      1A41AE81 
 175      B47093AF 
 175      04180874 
 176 009e DC9720AD 		.ascii	"\334\227 \255 \027\304v^\344\230j\314^\030\343(\216"
 176      2017C476 
 176      5EE4986A 
 176      CC5E18E3 
 176      288E
 177 00b0 D183CC11 		.ascii	"\321\203\314\021m\377\022\332\347\203\364\302\363M\216"
 177      6DFF12DA 
 177      E783F4C2 
ARM GAS  /tmp/cc1i60g1.s 			page 13


 177      F34D8E
 178 00bf F16A4077 		.ascii	"\361j@w\000\321\"\306I|rG\314\337\367\321D\336\024\320"
 178      00D122C6 
 178      497C7247 
 178      CCDFF7D1 
 178      44DE14D0 
 179 00d3 3522AFC4 		.ascii	"5\"\257\304uS\234\2334\236\314\307K5\216\\\351\357\350"
 179      75539C9B 
 179      349ECCC7 
 179      4B358E5C 
 179      E9EFE8
 180 00e6 13127DE2 		.ascii	"\023\022}\342\305\270\030D_\226\2518\017\211|J.\217"
 180      C5B81844 
 180      5F96A938 
 180      0F897C4A 
 180      2E8F
 181 00f8 9FE12331 		.ascii	"\237\341#1\376H\344\373X\305\227\204Qg\355\341\243x"
 181      FE48E4FB 
 181      58C59784 
 181      5167EDE1 
 181      A378
 182 010a 33461E3A 		.ascii	"3F\036:D2\347\006M\307\237\024\275vaM\004q6:\345\342"
 182      4432E706 
 182      4DC79F14 
 182      BD76614D 
 182      0471363A 
 183 0120 0CCCD3E7 		.ascii	"\014\314\323\347\326\304\342\343\316\3369\002\273\034"
 183      D6C4E2E3 
 183      CEDE3902 
 183      BB1C
 184 012e 3FE6503E 		.ascii	"?\346P>\302\022U\323\366\301\2033\360\"\012\274\032"
 184      C21255D3 
 184      F6C18333 
 184      F0220ABC 
 184      1A
 185 013f 9BB79FD0 		.ascii	"\233\267\237\320\352uH\003\352@}\362\035WP\347\350\320"
 185      EA754803 
 185      EA407DF2 
 185      1D5750E7 
 185      E8D0
 186 0151 8224CC77 		.ascii	"\202$\314w\267\217\334tE:\3178AX'\244\305\0103\177\317"
 186      B78FDC74 
 186      453ACF38 
 186      415827A4 
 186      C508337F 
 187 0166 A122E48E 		.ascii	"\241\"\344\216\012\221;\207J\220'1}\006ys\35044\236"
 187      0A913B87 
 187      4A902731 
 187      7D067973 
 187      E834349E 
 188 017a 82C62C62 		.ascii	"\202\306,b\256b\354\205G\302FA\340Q1\322\241\002\204"
 188      AE62EC85 
 188      47C24641 
 188      E05131D2 
 188      A10284
 189 018d 290666E6 		.ascii	")\006f\346\241c\016\034>\230p\300\001\027 \342\001_"
 189      A1630E1C 
ARM GAS  /tmp/cc1i60g1.s 			page 14


 189      3E9870C0 
 189      011720E2 
 189      015F
 190 019f B2EFDE79 		.ascii	"\262\357\336y~:\033e\323\332\270P\270\260f=\261Q\012"
 190      7E3A1B65 
 190      D3DAB850 
 190      B8B0663D 
 190      B1510A
 191 01b2 36CECA36 		.ascii	"6\316\3126\300$3\262=\377\306\0337|\226\306\203_\337"
 191      C02433B2 
 191      3DFFC61B 
 191      377C96C6 
 191      835FDF
 192 01c5 70E6D1B4 		.ascii	"p\346\321\264F*\24752\324\346\231\333,\010\013P\005"
 192      462AA735 
 192      32D4E699 
 192      DB2C080B 
 192      5005
 193 01d7 1829978D 		.ascii	"\030)\227\215\224R#\244\025\014\025W\226\226;u\243N"
 193      945223A4 
 193      150C1557 
 193      96963B75 
 193      A34E
 194 01e9 045944B3 		.ascii	"\004YD\263h\220\021bw\370'B\3651\351B\254\035Zy\366"
 194      68901162 
 194      77F82742 
 194      F531E942 
 194      AC1D5A79 
 195 01fe 27428922 		.ascii	"'B\211\"\015A\343-\274\310\301K\274\364'\022 %+\353"
 195      0D41E32D 
 195      BCC8C14B 
 195      BCF42712 
 195      20252BEB 
 196 0212 67E6A48B 		.ascii	"g\346\244\213\325\030{P\214cM\274lL1d\222\257\334x\367"
 196      D5187B50 
 196      8C634DBC 
 196      6C4C3164 
 196      92AFDC78 
 197 0227 B853F224 		.ascii	"\270S\362$\221XS-O\266\344:\367\240.\350\375+\307\305"
 197      9158532D 
 197      4FB6E43A 
 197      F7A02EE8 
 197      FD2BC7C5 
 198 023b 3B5A6975 		.ascii	";Zium<\331\327\255\305\203\254&\317\217\015U\270\261"
 198      6D3CD9D7 
 198      ADC583AC 
 198      26CF8F0D 
 198      55B8B1
 199 024e 52E34915 		.ascii	"R\343I\025\366\327\2458\261R\233\005j\316\226\261$\355"
 199      F6D7A538 
 199      B1529B05 
 199      6ACE96B1 
 199      24ED
 200 0260 BC5D24EC 		.ascii	"\274]$\354\3611\302,\036}9\027\325@2\316C28t\001\315"
 200      F131C22C 
 200      1E7D3917 
 200      D54032CE 
ARM GAS  /tmp/cc1i60g1.s 			page 15


 200      43323874 
 201 0276 837B9886 		.ascii	"\203{\230\206\031+\035m\036p]\230&\244\365\010\025\015"
 201      192B1D6D 
 201      1E705D98 
 201      26A4F508 
 201      150D
 202 0288 DD3E0F4E 		.ascii	"\335>\017N\013\002\224\202\240!0tNN\3239R\363\250\032"
 202      0B029482 
 202      A0213074 
 202      4E4ED339 
 202      52F3A81A 
 203 029c F5205485 		.ascii	"\365 T\205\272\301\265Z\264\020\206\307\344tl\322\342"
 203      BAC1B55A 
 203      B41086C7 
 203      E4746CD2 
 203      E2
 204 02ad 1D987A95 		.ascii	"\035\230z\225\227s\254\323Q\303\263l\022\013\320&ln"
 204      9773ACD3 
 204      51C3B36C 
 204      120BD026 
 204      6C6E
 205 02bf 4E749BD6 		.ascii	"Nt\233\326\227\313\324\227KHtf\353\266\2016\215\350"
 205      97CBD497 
 205      4B487466 
 205      EBB68136 
 205      8DE8
 206 02d1 4CEFFC64 		.ascii	"L\357\374d\241b\235@\312\022P\350\242\354\312E\265+"
 206      A1629D40 
 206      CA1250E8 
 206      A2ECCA45 
 206      B52B
 207 02e3 75D4958B 		.ascii	"u\324\225\213#']q\032\363\344X\327\321\355H$\352\370"
 207      23275D71 
 207      1AF3E458 
 207      D7D1ED48 
 207      24EAF8
 208 02f6 D5381199 		.ascii	"\3258\021\231S\275LT\257&\272B\211\022O\015\245jq\016"
 208      53BD4C54 
 208      AF26BA42 
 208      89124F0D 
 208      A56A710E 
 209 030a 631A4D1F 		.ascii	"c\032M\037\032v\023\231.\375z\202K\0152S\203\232\251"
 209      1A761399 
 209      2EFD7A82 
 209      4B0D3253 
 209      839AA9
 210 031d 9132E53C 		.ascii	"\2212\345<o<\351\202\013\030\323\233\355\033\006xe$"
 210      6F3CE982 
 210      0B18D39B 
 210      ED1B0678 
 210      6524
 211 032f 4890E450 		.ascii	"H\220\344P4MH\313\203\206\362\0273D\263WR\347\246\307"
 211      344D48CB 
 211      8386F217 
 211      3344B357 
 211      52E7A6C7 
 212 0343 08D90259 		.ascii	"\010\331\002Y<\200BWe\273W\325v\257Q\273\003[\236\246"
ARM GAS  /tmp/cc1i60g1.s 			page 16


 212      3C804257 
 212      65BB57D5 
 212      76AF51BB 
 212      035B9EA6 
 213 0357 B9E12A66 		.ascii	"\271\341*fwl \267U\013T=d\021\276\376$%\357\241\020"
 213      776C20B7 
 213      550B543D 
 213      6411BEFE 
 213      2425EFA1 
 214 036c A7A36580 		.ascii	"\247\243e\200\232e\246f\361\235\206Z(C\352\233\221\275"
 214      9A65A666 
 214      F19D865A 
 214      2843EA9B 
 214      91BD
 215 037e AECE9BC6 		.ascii	"\256\316\233\306\2278\205K\253\234C\255\310\231\202"
 215      9738854B 
 215      AB9C43AD 
 215      C89982
 216 038d E11FC005 		.ascii	"\341\037\300\005\267v\226\317d\325\330F,&\227<\277\244"
 216      B77696CF 
 216      64D5D846 
 216      2C26973C 
 216      BFA4
 217 039f 65BA23E9 		.ascii	"e\272#\351\356;Z\340\302\252\263\202t_\273\237\036\353"
 217      EE3B5AE0 
 217      C2AAB382 
 217      745FBB9F 
 217      1EEB
 218 03b1 CCBA1B89 		.ascii	"\314\272\033\211^\335z\241_\203G\231\267{\232N\254\324"
 218      5EDD7AA1 
 218      5F834799 
 218      B77B9A4E 
 218      ACD4
 219 03c3 C1AB25E6 		.ascii	"\301\253%\346\235\336_0\240\256n\244^\213c5t\364\346"
 219      9DDE5F30 
 219      A0AE6EA4 
 219      5E8B6335 
 219      74F4E6
 220 03d6 F3F935E2 		.ascii	"\363\3715\342+\270\226\350I\305\325%Nx#\353\274\263"
 220      2BB896E8 
 220      49C5D525 
 220      4E7823EB 
 220      BCB3
 221 03e8 E976B503 		.ascii	"\351v\265\003\336\302\024\311)\275\350T\352\215\027"
 221      DEC214C9 
 221      29BDE854 
 221      EA8D17
 222 03f7 97108E67 		.ascii	"\227\020\216g\235%\005gk\304\011\370(\226\227\236-\257"
 222      9D250567 
 222      6BC409F8 
 222      2896979E 
 222      2DAF
 223 0409 33F72FD6 		.ascii	"3\367/\326\350\330|\004D\226P\323\315O\361N6\262j0\357"
 223      E8D87C04 
 223      449650D3 
 223      CD4FF14E 
 223      36B26A30 
ARM GAS  /tmp/cc1i60g1.s 			page 17


 224 041e 9038370C 		.ascii	"\22087\014jO|\365\230\033\231\216 \206\021\332\345("
 224      6A4F7CF5 
 224      981B998E 
 224      208611DA 
 224      E528
 225 0430 3E24AF3E 		.ascii	">$\257>dpG\017\330T^\304\347\375N\037O\013D\020>\325"
 225      6470470F 
 225      D8545EC4 
 225      E7FD4E1F 
 225      4F0B4410 
 226 0446 D0D7F13D 		.ascii	"\320\327\361=@\337\245\350GH/\215!\340\350[\231]\256"
 226      40DFA5E8 
 226      47482F8D 
 226      21E0E85B 
 226      995DAE
 227 0459 4AF4CD9F 		.ascii	"J\364\315\237B\347fd\356\326\341\275\314\311}\317:\037"
 227      42E76664 
 227      EED6E1BD 
 227      CCC97DCF 
 227      3A1F
 228 046b 89F9F204 		.ascii	"\211\371\362\0045\353eI\214#Na};\312R\352g\340t\246"
 228      35EB6549 
 228      8C234E61 
 228      7D3BCA52 
 228      EA67E074 
 229 0480 485B989E 		.ascii	"H[\230\236nah\335\365\317p&\353)OH\354D\3700S\372b\357"
 229      6E6168DD 
 229      F5CF7026 
 229      EB294F48 
 229      EC44F830 
 230 0498 F588F199 		.ascii	"\365\210\361\231\007\352\316\313\217=p.\353\032\255"
 230      07EACECB 
 230      8F3D702E 
 230      EB1AAD
 231 04a7 ADF6C0A7 		.ascii	"\255\366\300\247\331s\315\231\354C\010\0273e0\271\346"
 231      D973CD99 
 231      EC430817 
 231      336530B9 
 231      E6
 232 04b8 B10E9731 		.ascii	"\261\016\2271%\255i\177\241#\256dJ\326\253]Y\316\270"
 232      25AD697F 
 232      A123AE64 
 232      4AD6AB5D 
 232      59CEB8
 233 04cb 8629CD45 		.ascii	"\206)\315E-qN\3702S\342N\234\330\343\204\033\230\262"
 233      2D714EF8 
 233      3253E24E 
 233      9CD8E384 
 233      1B98B2
 234 04de AEA43D41 		.ascii	"\256\244=A|\005\366\020\375n\346\335\264\231bV\034@"
 234      7C05F610 
 234      FD6EE6DD 
 234      B4996256 
 234      1C40
 235 04f0 DFD45437 		.ascii	"\337\324T7\204\3605\006N\350\037\334\3410m\036F\245"
 235      84F03506 
 235      4EE81FDC 
ARM GAS  /tmp/cc1i60g1.s 			page 18


 235      E1306D1E 
 235      46A5
 236 0502 3CF8D034 		.ascii	"<\370\3204\024\344g<uT\347\241\035\320m\024=F#;*E\366"
 236      14E4673C 
 236      7554E7A1 
 236      1DD06D14 
 236      3D46233B 
 237 0519 DCB9D2B7 		.ascii	"\334\271\322\267H\235\207\351\320s+6\246\255wB\213\330"
 237      489D87E9 
 237      D0732B36 
 237      A6AD7742 
 237      8BD8
 238 052b 357B9174 		.ascii	"5{\221ty\222\333\001!6\0066\343}\270\343\330\266\255"
 238      7992DB01 
 238      21360636 
 238      E37DB8E3 
 238      D8B6AD
 239 053e 425A15A2 		.ascii	"BZ\025\242T?\302\032\215\343g\313\353\340\011\345-\""
 239      543FC21A 
 239      8DE367CB 
 239      EBE009E5 
 239      2D22
 240 0550 778E0DE9 		.ascii	"w\216\015\351\015\205\367R,\246\360\347j\370 \205\373"
 240      0D85F752 
 240      2CA6F0E7 
 240      6AF82085 
 240      FB
 241 0561 CAE84B0A 		.ascii	"\312\350K\012\364+5\272m\002:Z\250\270m\215\246\350"
 241      F42B35BA 
 241      6D023A5A 
 241      A8B86D8D 
 241      A6E8
 242 0573 5EA447F7 		.ascii	"^\244G\367E\264Te\350\316$W\232\024\344CS\223+\341\035"
 242      45B45465 
 242      E8CE2457 
 242      9A14E443 
 242      53932BE1 
 243 0588 0AF84B35 		.ascii	"\012\370K5\374\256\332\363a\253\214\356V\243\273\024"
 243      FCAEDAF3 
 243      61AB8CEE 
 243      56A3BB14 
 244 0598 E4096236 		.ascii	"\344\011b6\004\330X\320\033@\214\320N\202\207\327\007"
 244      04D858D0 
 244      1B408CD0 
 244      4E8287D7 
 244      07
 245 05a9 4AE43DD1 		.ascii	"J\344=\321\026~\021\372\036$\006d=\310\006\220$\220"
 245      167E11FA 
 245      1E240664 
 245      3DC80690 
 245      2490
 246 05bb 75209B40 		.ascii	"u \233@\266\201l\005\331\005\022\015\262\023$\026$\036"
 246      B6816C05 
 246      D905120D 
 246      B2132416 
 246      241E
 247 05cd 6433C846 		.ascii	"d3\310F\220\035 \333A\022\370E\364\335\311\274\254R"
ARM GAS  /tmp/cc1i60g1.s 			page 19


 247      901D20DB 
 247      4112F845 
 247      F4DDC9BC 
 247      AC52
 248 05df CCE9B5DA 		.ascii	"\314\351\265\332K\203:\002\203\012\364\263\251s7\001"
 248      4B833A02 
 248      830AF4B3 
 248      A9733701 
 249 05ef AE0841CF 		.ascii	"\256\010A\317\324!P\006\354[\031=<\245+\012p\225\202"
 249      D4215006 
 249      EC5B193D 
 249      3CA52B0A 
 249      709582
 250 0602 BA5F0D7E 		.ascii	"\272_\015~:\311\223a\205\343\003S\303\225E\027&\243"
 250      3AC99361 
 250      85E30353 
 250      C3954517 
 250      26A3
 251 0614 6FA8D11D 		.ascii	"o\250\321\035\223+Z\341\313m5\374\326D8\324gS\030+R"
 251      932B5AE1 
 251      CB6D35FC 
 251      D64438D4 
 251      6753182B 
 252 0629 81D7A3B7 		.ascii	"\201\327\243\267\"\\Z\202\350\272\354\013;\211\276|"
 252      225C5A82 
 252      E8BAEC0B 
 252      3B89BE7C 
 253 0639 AC8F86D2 		.ascii	"\254\217\206\322 (N\334\376\344\354\325\364\3513b\204"
 253      20284EDC 
 253      FEE4ECD5 
 253      F4E93362 
 253      84
 254 064a 5A1F6ABA 		.ascii	"Z\037j\272sjO\025\363\272\255\210\302\213\251\013xB"
 254      736A4F15 
 254      F3BAAD88 
 254      C28BA90B 
 254      7842
 255 065c BD2BE6F5 		.ascii	"\275+\346\365X\015\2773)h\012t\337\324\257\001\212&"
 255      580DBF33 
 255      29680A74 
 255      DFD4AF01 
 255      8A26
 256 066e 9F3475AD 		.ascii	"\2374u\255\331\256x\263\226\236\320\363\343\332s\334"
 256      D9AE78B3 
 256      969ED0F3 
 256      E3DA73DC 
 257 067e 90E76C36 		.ascii	"\220\347l6\335\256>\007\370lA{a\360n~|\277'\223\237"
 257      DDAE3E07 
 257      F86C417B 
 257      61F06E7E 
 257      7CBF2793 
 258 0693 66A1A03D 		.ascii	"f\241\240=\260>\376\327k\205\034\366\313\323\0134\312"
 258      B03EFED7 
 258      6B851CF6 
 258      CBD30B34 
 258      CA
 259 06a4 33C65EC5 		.ascii	"3\306^\305\3748\224\314\2633\006\374\0038\375\324\363"
ARM GAS  /tmp/cc1i60g1.s 			page 20


 259      FC3894CC 
 259      B33306FC 
 259      0338FDD4 
 259      F3
 260 06b5 6417BC5B 		.ascii	"d\027\274[\3136\251\374\226r\0078\322T\364\220#\315"
 260      CB36A9FC 
 260      96720738 
 260      D254F490 
 260      23CD
 261 06c7 D2C36D0F 		.ascii	"\322\303m\017\005\001xb\221\206\036\314\366\311\323"
 261      05017862 
 261      91861ECC 
 261      F6C9D3
 262 06d6 84C78907 		.ascii	"\204\307\211\007\244\375<9\336\214\036{\232\350\206"
 262      A4FD3C39 
 262      DE8C1E7B 
 262      9AE886
 263 06e5 8F30B68C 		.ascii	"\2170\266\214\336\242jq\267w\001\365\346\201\244L\015"
 263      DEA26A71 
 263      B77701F5 
 263      E681A44C 
 263      0D
 264 06f6 DB481E92 		.ascii	"\333H\036\222\356\364\372g\273t\270\220aG\036&\265#"
 264      EEF4FA67 
 264      BB74B890 
 264      61471E26 
 264      B523
 265 0708 86255EDD 		.ascii	"\206%^\335/N:\247\233v_9\300\213\373J:O7\226\226W\245"
 265      2F4E3AA7 
 265      9B765F39 
 265      C08BFB4A 
 265      3A4F3796 
 266 071f C3CEB892 		.ascii	"\303\316\270\2222irb\216\364k\220\247;\0028\322eI\237"
 266      32697262 
 266      8EF46B90 
 266      A73B0238 
 266      D265499F 
 267 0733 971C3AC4 		.ascii	"\227\034:\304\353P\006\217\245\357\325d\001\350\373"
 267      EB50068F 
 267      A5EFD564 
 267      01E8FB
 268 0742 FF439AE1 		.ascii	"\377C\232\341\331\221\376\323O/!C\300\3638\264\204n"
 268      D991FED3 
 268      4F2F2143 
 268      C0F338B4 
 268      846E
 269 0754 5BE820E4 		.ascii	"[\350 \344\351\020\265\227\305\273\243LfP\020\032\237"
 269      E910B597 
 269      C5BBA34C 
 269      6650101A 
 269      9F
 270 0765 6AE5BD09 		.ascii	"j\345\275\011Q\356T\350\377\201'\376e\363z\311K\202"
 270      51EE54E8 
 270      FF8127FE 
 270      65F37AC9 
 270      4B82
 271 0777 3EB1BFF6 		.ascii	">\261\277\366\365L\235\310\035\367s\334c\273\367\017"
ARM GAS  /tmp/cc1i60g1.s 			page 21


 271      F54C9DC8 
 271      1DF773DC 
 271      63BBF70F 
 272 0787 CC50721F 		.ascii	"\314Pr\037\376)\356\343?\366\226i\026g\010\215\025\344"
 272      FE29EEE3 
 272      3FF69669 
 272      1667088D 
 272      15E4
 273 0799 33E393BD 		.ascii	"3\343\223\275YB\\\036L\346\010,\3304\310\026\234\340"
 273      59425C1E 
 273      4CE6082C 
 273      D834C816 
 273      9CE0
 274 07ab 156353A0 		.ascii	"\025cS\240\345o<\207\216\362\213a\350\215\261\2424\027"
 274      E56F3C87 
 274      8EF28B61 
 274      E88DB1A2 
 274      3417
 275 07bd 5CC3E29F 		.ascii	"\\\303\342\237y\277>f\346x\346\027\035Ud\236\234Ps"
 275      79BF3E66 
 275      E678E617 
 275      1D55649E 
 275      9C5073
 276 07d0 E4CCE7A8 		.ascii	"\344\314\347\2503\177\214f\276\374\321\301d\015ncl\017"
 276      337F8C66 
 276      BEFCD1C1 
 276      640D6E63 
 276      6C0F
 277 07e2 1AB28345 		.ascii	"\032\262\203E\262\336\017\330\331>\235\235\355se\242"
 277      B2DE0FD8 
 277      D93E9D9D 
 277      ED7365A2 
 278 07f2 5C35D171 		.ascii	"\\5\321qJ\364\375\271\3417\316\370\021#\272\336\036"
 278      4AF4FDB9 
 278      E137CEF8 
 278      1123BADE 
 278      1E
 279 0803 5B249685 		.ascii	"[$\226\205\223\342@<G<\020\277\355o|+\236\012\311W\356"
 279      93E2403C 
 279      473C10BF 
 279      ED6F7C2B 
 279      9E0AC957 
 280 0818 48ED8654 		.ascii	"H\355\206T4m\325\234\226\252\346\024\013t\331\345\246"
 280      346DD59C 
 280      96AAE614 
 280      0B74D9E5 
 280      A6
 281 0829 76577512 		.ascii	"vWu\022OB\260N\320`\345\323@\237\226\002\335\334\265"
 281      4F42B04E 
 281      D060E5D3 
 281      409F9602 
 281      DDDCB5
 282 083c C5A8CECA 		.ascii	"\305\250\316\312\264\340\262\335\231\353\345\254|\220"
 282      B4E0B2DD 
 282      99EBE5AC 
 282      7C90
 283 084a 2266E58C 		.ascii	"\"f\345\214\230\025\370\210Q\214\315\023\263R@\263r"
ARM GAS  /tmp/cc1i60g1.s 			page 22


 283      9815F888 
 283      518CCD13 
 283      B35240B3 
 283      72
 284 085b 66F7CEDF 		.ascii	"f\367\316\337\342!6\373\033\225\251\035\274\234\224"
 284      E22136FB 
 284      1B95A91D 
 284      BC9C94
 285 086a DC413929 		.ascii	"\334A9)\344{\245P\216e\241:\226E4\226]\033Z\262t8\316"
 285      E47BA550 
 285      8E65A13A 
 285      96453496 
 285      5D1B5AB2 
 286 0881 819DE163 		.ascii	"\201\235\341ck_9\311N\245\252\234\2726\301\251b\321"
 286      6B5F39C9 
 286      4EA5AA9C 
 286      BA36C1A9 
 286      62D1
 287 0893 A9127E31 		.ascii	"\251\022~17\317\333\333\300~\3416Cp`\250\301\026\031"
 287      37CFDBDB 
 287      C07EE136 
 287      437060A8 
 287      C11619
 288 08a6 64B0D9BD 		.ascii	"d\260\331\275\203\034W}\361\347\005F__Ng6G\205\204\331"
 288      831C577D 
 288      F1E70546 
 288      5F5F4E67 
 288      36478584 
 289 08bb 97F899ED 		.ascii	"\227\370\231\355\033\220!8\334j1\004\006\331,^\241\201"
 289      1B902138 
 289      DC6A3104 
 289      06D92C5E 
 289      A181
 290 08cd 5F195684 		.ascii	"_\031V\204\007EY-av\233!\300\022h\375\203aePhH\204\315"
 290      0745592D 
 290      61769B21 
 290      C01268FD 
 290      83616550 
 291 08e5 62B67845 		.ascii	"b\266xED\005}\353g\010\010\017\017\265\031\276\011\012"
 291      44057DEB 
 291      6708080F 
 291      0FB519BE 
 291      090A
 292 08f7 F20A8CB4 		.ascii	"\362\012\214\264z\205\205\207Y\274,\201_\205x-\363\362"
 292      7A858587 
 292      59BC2C81 
 292      5F85782D 
 292      F3F2
 293 0909 F3F15DE6 		.ascii	"\363\361]\346\365\217\245^\326\300\277\207G\032&\364"
 293      F58FA55E 
 293      D6C0BF87 
 293      471A26F4 
 294 0919 1A42C282 		.ascii	"\032B\302\202B\243\326Z\014\326\300\240\340\2200\213"
 294      42A3D65A 
 294      0CD6C0A0 
 294      E090308B 
 295 0929 C1BCD6F2 		.ascii	"\301\274\326\362u`T\250\335l\377.\302b\363\016\346\034"
ARM GAS  /tmp/cc1i60g1.s 			page 23


 295      756054A8 
 295      DD6CFF2E 
 295      C262F30E 
 295      E61C
 296 093b 2587FEFD 		.ascii	"%\207\376\375\177\365\307\366\235\315`\266\331\327\202"
 296      7FF5C7F6 
 296      9DCD60B6 
 296      D9D782
 297 094a 71706226 		.ascii	"qpb&\250\366\020\253\305l\177_\035\303p\033\275y\205"
 297      A8F610AB 
 297      C56C7F5F 
 297      1DC3701B 
 297      BD7985
 298 095d 5A6C36C3 		.ascii	"Zl6\303r\223\277\321\377_\264\015F9\330\354\253\303"
 298      7293BFD1 
 298      FF5FB40D 
 298      4639D8EC 
 298      ABC3
 299 096f 42ECF3A7 		.ascii	"B\354\363\247\013;\347l\263\257\261\007F\332\227\207"
 299      0B3BE76C 
 299      B3AFB107 
 299      46DA9787 
 300 097f 82134E44 		.ascii	"\202\023ND\011\217\240\317:x\266\330\245\307U\226q\204"
 300      098FA0CF 
 300      3A78B6D8 
 300      A5C75596 
 300      7184
 301 0991 393474AD 		.ascii	"94t\2559\004H\015j\322\210\360H\010\305\232\000\377"
 301      3904480D 
 301      6AD288F0 
 301      4808C59A 
 301      00FF
 302 09a3 257E86CF 		.ascii	"%~\206\317?_a\010X\355\377O_\003\033\001\276h\215F\177"
 302      3F5F6108 
 302      58EDFF4F 
 302      5F031B01 
 302      BE688D46 
 303 09b8 D312FE8F 		.ascii	"\323\022\376\217&\315\012\377\345&\274\302h\322|\266"
 303      26CD0AFF 
 303      E526BCC2 
 303      68D27CB6 
 304 09c8 22C0848D 		.ascii	"\"\300\204\215F\0236\201,7\231\360\237\326\030\261\361"
 304      46133681 
 304      2C3799F0 
 304      9FD618B1 
 304      F1
 305 09d9 8B008DD1 		.ascii	"\213\000\215\321\270\322D\361~\364\356\213W\2562\361"
 305      B8D244F1 
 305      7EF4EE8B 
 305      57AE32F1 
 306 09e9 6B60E4EA 		.ascii	"k`\344\352\225&\315\032\177@\033M~ \276\200\374\213"
 306      9526CD1A 
 306      7F401B4D 
 306      7E20BE80 
 306      FC8B
 307 09fb C9EF5D3D 		.ascii	"\311\357]=\261\222,\206X\301\031\247q\305l\327\213\223"
 307      B1922C86 
ARM GAS  /tmp/cc1i60g1.s 			page 24


 307      58C119A7 
 307      71C56CD7 
 307      8B93
 308 0a0d B2914098 		.ascii	"\262\221@\230\003\311<]\314\346\257\243\302\202\314"
 308      03C93C5D 
 308      CCE6AFA3 
 308      C282CC
 309 0a1c 66EF0F7D 		.ascii	"f\357\017}\226|\344(i\232\240\340\300\310\367\306\341"
 309      967CE428 
 309      699AA0E0 
 309      C0C8F7C6 
 309      E1
 310 0a2d E1110C3D 		.ascii	"\341\021\014=Kj\261L1|\351\207R\3677Su\377\306\347\277"
 310      4B6AB14C 
 310      317CE987 
 310      52F73753 
 310      75FFC6E7 
 311 0a42 08FC1EFA 		.ascii	"\010\374\036\372"
 312              		.text
 313              		.section	.gnu.lto_.symtab.b27e038e0a13d08c,"",%progbits
 314 0000 7374496E 		.ascii	"stInit\000"
 314      697400
 315 0007 00       		.ascii	"\000"
 316 0008 00       		.ascii	"\000"
 317 0009 00       		.ascii	"\000"
 318 000a 00000000 		.ascii	"\000\000\000\000\000\000\000\000"
 318      00000000 
 319 0012 C8000000 		.ascii	"\310\000\000\000"
 320 0016 73745374 		.ascii	"stStartAlarm\000"
 320      61727441 
 320      6C61726D 
 320      00
 321 0023 00       		.ascii	"\000"
 322 0024 00       		.ascii	"\000"
 323 0025 00       		.ascii	"\000"
 324 0026 00000000 		.ascii	"\000\000\000\000\000\000\000\000"
 324      00000000 
 325 002e CC000000 		.ascii	"\314\000\000\000"
 326 0032 73745374 		.ascii	"stStopAlarm\000"
 326      6F70416C 
 326      61726D00 
 327 003e 00       		.ascii	"\000"
 328 003f 00       		.ascii	"\000"
 329 0040 00       		.ascii	"\000"
 330 0041 00000000 		.ascii	"\000\000\000\000\000\000\000\000"
 330      00000000 
 331 0049 CE000000 		.ascii	"\316\000\000\000"
 332 004d 73745365 		.ascii	"stSetAlarm\000"
 332      74416C61 
 332      726D00
 333 0058 00       		.ascii	"\000"
 334 0059 00       		.ascii	"\000"
 335 005a 00       		.ascii	"\000"
 336 005b 00000000 		.ascii	"\000\000\000\000\000\000\000\000"
 336      00000000 
 337 0063 D0000000 		.ascii	"\320\000\000\000"
 338 0067 73744765 		.ascii	"stGetAlarm\000"
ARM GAS  /tmp/cc1i60g1.s 			page 25


 338      74416C61 
 338      726D00
 339 0072 00       		.ascii	"\000"
 340 0073 00       		.ascii	"\000"
 341 0074 00       		.ascii	"\000"
 342 0075 00000000 		.ascii	"\000\000\000\000\000\000\000\000"
 342      00000000 
 343 007d D3000000 		.ascii	"\323\000\000\000"
 344 0081 73745F6C 		.ascii	"st_lld_init\000"
 344      6C645F69 
 344      6E697400 
 345 008d 00       		.ascii	"\000"
 346 008e 02       		.ascii	"\002"
 347 008f 00       		.ascii	"\000"
 348 0090 00000000 		.ascii	"\000\000\000\000\000\000\000\000"
 348      00000000 
 349 0098 D5000000 		.ascii	"\325\000\000\000"
 350              		.text
 351              		.section	.gnu.lto_.opts,"",%progbits
 352 0000 272D666D 		.ascii	"'-fmath-errno' '-fsigned-zeros' '-ftrapping-math' '"
 352      6174682D 
 352      6572726E 
 352      6F272027 
 352      2D667369 
 353 0033 2D666E6F 		.ascii	"-fno-trapv' '-fno-openmp' '-fno-openacc' '-mcpu=cor"
 353      2D747261 
 353      70762720 
 353      272D666E 
 353      6F2D6F70 
 354 0066 7465782D 		.ascii	"tex-m4' '-mno-thumb-interwork' '-mthumb' '-O2' '-fo"
 354      6D342720 
 354      272D6D6E 
 354      6F2D7468 
 354      756D622D 
 355 0099 6D69742D 		.ascii	"mit-frame-pointer' '-falign-functions=16' '-ffuncti"
 355      6672616D 
 355      652D706F 
 355      696E7465 
 355      72272027 
 356 00cc 6F6E2D73 		.ascii	"on-sections' '-fdata-sections' '-fno-common' '-flto"
 356      65637469 
 356      6F6E7327 
 356      20272D66 
 356      64617461 
 357 00ff 2700     		.ascii	"'\000"
 358              		.text
 359              		.comm	__gnu_lto_v1,1,1
 360              		.comm	__gnu_lto_slim,1,1
 361              		.ident	"GCC: (GNU Tools for Arm Embedded Processors 7-2017-q4-major) 7.2.1 20170904 (release) [ARM
ARM GAS  /tmp/cc1i60g1.s 			page 26


DEFINED SYMBOLS
                            *ABS*:0000000000000000 st.c
                            *COM*:0000000000000001 __gnu_lto_v1
                            *COM*:0000000000000001 __gnu_lto_slim

NO UNDEFINED SYMBOLS
