ARM GAS  /tmp/ccr2Laoo.s 			page 1


   1              		.cpu cortex-m4
   2              		.eabi_attribute 20, 1
   3              		.eabi_attribute 21, 1
   4              		.eabi_attribute 23, 3
   5              		.eabi_attribute 24, 1
   6              		.eabi_attribute 25, 1
   7              		.eabi_attribute 26, 1
   8              		.eabi_attribute 30, 2
   9              		.eabi_attribute 34, 1
  10              		.eabi_attribute 18, 4
  11              		.file	"hal.c"
  12              		.section	.gnu.lto_.profile.4e271cdf60a59273,"",%progbits
  13 0000 789C6363 		.ascii	"x\234cc```\001bF\006Sv\000\000\351\000H"
  13      60606001 
  13      62460653 
  13      760000E9 
  13      0048
  14              		.text
  15              		.section	.gnu.lto_.icf.4e271cdf60a59273,"",%progbits
  16 0000 789C6363 		.ascii	"x\234cc``\340`@\000F\206_O\372_\3611\000\000\020\266"
  16      6060E060 
  16      40004686 
  16      5F4FFA5F 
  16      F1310000 
  17 0016 0375     		.ascii	"\003u"
  18              		.text
  19              		.section	.gnu.lto_.jmpfuncs.4e271cdf60a59273,"",%progbits
  20 0000 789C6363 		.ascii	"x\234cc``\360b@\000F\010\305\3048\205\231\261\371\327"
  20      6060F062 
  20      40004608 
  20      C5C43885 
  20      99B1F9D7 
  21 0014 FECF7CF5 		.ascii	"\376\317|\365\177\033$\34603,`\006Inf\254g`<\300\302"
  21      7F1B24E6 
  21      30332C60 
  21      06496E66 
  21      AC67603C 
  22 002a C800C47F 		.ascii	"\310\000\304\177\376\377\377\317\317\310\004T7\255\365"
  22      FEFFFFCF 
  22      CFC80454 
  22      37ADF5
  23 0039 D079F66E 		.ascii	"\320y\366nf\240*F\006\306-\2142 \314\300\000\000\006"
  23      66A02A46 
  23      06C62D8C 
  23      3220CCC0 
  23      000006
  24 004c D81467   		.ascii	"\330\024g"
  25              		.text
  26              		.section	.gnu.lto_.inline.4e271cdf60a59273,"",%progbits
  27 0000 789C6363 		.ascii	"x\234cc``\320c@\000F\006\006NSF\006& \223m\201<\023"
  27      6060D063 
  27      40004606 
  27      064E5346 
  27      06262093 
  28 0018 58880B85 		.ascii	"X\210\013\205`\342\006\251\0023\031\0004\322\001x"
  28      60E206A9 
  28      02331900 
ARM GAS  /tmp/ccr2Laoo.s 			page 2


  28      34D20178 
  29              		.text
  30              		.section	.gnu.lto_.pureconst.4e271cdf60a59273,"",%progbits
  31 0000 789C6363 		.ascii	"x\234cc```\006bF\006\011\000\000}\000#"
  31      60606006 
  31      62460609 
  31      00007D00 
  31      23
  32              		.text
  33              		.section	.gnu.lto_halInit.4e271cdf60a59273,"",%progbits
  34 0000 789C7590 		.ascii	"x\234u\220\273J\003A\024\206\317\277\223\033\250\301"
  34      BB4A0341 
  34      1486CFBF 
  34      931BA8C1 
  35 0010 C2424D0A 		.ascii	"\302BM\012\3334\311{\370\026\222\306B\020\314\003\354"
  35      DB34C97B 
  35      F81692C6 
  35      4210CC03 
  35      EC
  36 0021 C43524A2 		.ascii	"\3045$\242\205E\\-\026Y\304k%\342%\256\027\\\362\000"
  36      85455C2D 
  36      1659C46B 
  36      25E225AE 
  36      175CF200 
  37 0035 8AB676A2 		.ascii	"\212\266v\242V\361\002V*F\377\311\212X\304\303\034f"
  37      56F10256 
  37      2A46FFC9 
  37      8A58C4C3 
  37      1C66
  38 0047 E69C6FCE 		.ascii	"\346\234o\316\371\317$Dd\003\"Y\356\031:\224\300Z\270"
  38      F9CF2444 
  38      64032259 
  38      EE193A94 
  38      C05AB8
  39 005a 1029A72C 		.ascii	"\020)\247,\300\034t\012b[\2601\257\352\012\315\352C"
  39      C01C740A 
  39      625BB031 
  39      AFEA0ACD 
  39      EA43
  40 006c 60E53635 		.ascii	"`\34565-\\z\031\322[!<%\342\322\215a\0179!v\273\333"
  40      2D5C7A19 
  40      D25B213C 
  40      25E2D28D 
  40      610F3921 
  41 0083 5EEC4BC4 		.ascii	"^\354K\304\2428\366\221\020\366\220\235\353x\250\333"
  41      A238F691 
  41      10F6909D 
  41      EB78A8DB 
  42 0093 5F551DDE 		.ascii	"_U\035\336\255\2421\232\024\2511\317&:\224Ye\231\223"
  42      ADA2319A 
  42      14A931CF 
  42      263A9459 
  42      659993
  43 00a6 134A0B8E 		.ascii	"\023J\013\216\377\221\351<b\245 h\335$\355O\235\362"
  43      FF91E93C 
  43      62A52068 
  43      DD24ED4F 
ARM GAS  /tmp/ccr2Laoo.s 			page 3


  43      9DF2
  44 00b8 145CC52A 		.ascii	"\024\\\305*8\200-\036\351\026f\374\365\336.\234r\231"
  44      38802D1E 
  44      E91666FC 
  44      F5DE2E9C 
  44      7299
  45 00ca 151C9263 		.ascii	"\025\034\222c\302\2554/\223s\312S1\230\253\363~\376"
  45      C2AD342F 
  45      9373CA53 
  45      3198ABF3 
  45      7EFE
  46 00dc 9A2637C8 		.ascii	"\232&7\310\200o\3241\366v\365X\353\361\261R\356\367"
  46      806FD431 
  46      F676F558 
  46      EBF1B152 
  46      EEF7
  47 00ee 541C479C 		.ascii	"T\034G\234\265\201l'\343\254\355U@zY\353\021S!\200\217"
  47      B5816C27 
  47      E3ACED55 
  47      407A59EB 
  47      11532180 
  48 0103 689C63D8 		.ascii	"h\234c\330\236Jt\304n\247\273\213eu\234\374\212%7\320"
  48      9E4A74C4 
  48      6EA7BB8B 
  48      65759CFC 
  48      8A2537D0 
  49 0117 9D8B913B 		.ascii	"\235\213\221;\375\303\335\377\303\305\311\235\375pO"
  49      FDC3DDFF 
  49      C3C5C99D 
  49      FD704F
  50 0126 98F69FEB 		.ascii	"\230\366\237\353\221\026c5~\015\277\217s\017\347\363"
  50      91166335 
  50      7E0DBF8F 
  50      730FE7F3 
  51 0136 85684D96 		.ascii	"\205hM\226\012\343c\023\205\322T\321\354\371\242|\003"
  51      0AE36313 
  51      85D254D1 
  51      ECF9A27C 
  51      03
  52 0147 82A092F0 		.ascii	"\202\240\222\360"
  53              		.text
  54              		.section	.gnu.lto_.symbol_nodes.4e271cdf60a59273,"",%progbits
  55 0000 789C55C9 		.ascii	"x\234U\311\253\015\2000\030E\341\323\027s0\012L\366"
  55      AB0D8030 
  55      1845E1D3 
  55      1773300A 
  55      4CF6
  56 0012 57300016 		.ascii	"W0\000\026\337)\320hf\200\004\313\333\023J\025\0257"
  56      DF29D068 
  56      668004CB 
  56      DB134A15 
  56      1537
  57 0024 5F726E01 		.ascii	"_rn\001tq\350\025\201v\344\243\3675\270\003\312\370"
  57      7471E815 
  57      8176E4A3 
  57      F735B803 
  57      CAF8
ARM GAS  /tmp/ccr2Laoo.s 			page 4


  58 0036 A81B51E9 		.ascii	"\250\033Q\351\001\357\253\030.Dg\341DL\026v\304faC\334"
  58      01EFAB18 
  58      2E4467E1 
  58      444C1676 
  58      C4666143 
  59 004b 3F180AC2 		.ascii	"?\030\012\302\364(\203cHZ\226\244\241\231?5!\312\013"
  59      F4288363 
  59      485A96A4 
  59      A1993F35 
  59      21CA0B
  60 005e 6E0827C7 		.ascii	"n\010'\307"
  61              		.text
  62              		.section	.gnu.lto_.refs.4e271cdf60a59273,"",%progbits
  63 0000 789C6363 		.ascii	"x\234cc```\003bF\006&F&\006\000\000\263\000\023"
  63      60606003 
  63      62460626 
  63      46260600 
  63      00B30013 
  64              		.text
  65              		.section	.gnu.lto_.decls.4e271cdf60a59273,"",%progbits
  66 0000 789CBD56 		.ascii	"x\234\275VmPSW\032\276\357=I\010\001\304\301N\307\356"
  66      6D505357 
  66      1ABEEF3D 
  66      490801C4 
  66      C14EC7EE 
  67 0014 B833D649 		.ascii	"\2703\326IG\376\204+\2703mg\334\331i\305i\235\272-\323"
  67      47FE842B 
  67      B8336D67 
  67      DCD969C5 
  67      699DBA2D 
  68 0029 BA3BEBAF 		.ascii	"\272;\353\257\030\223\253\244\315\327&a\247\235\376"
  68      1893ABA4 
  68      CDD72661 
  68      A79DFE
  69 0038 B9928868 		.ascii	"\271\222\210h\025\264:\335j\321\252t\266\332Rm\025["
  69      15B43ADD 
  69      6AD1AA74 
  69      B6DA526D 
  69      155B
  70 004a 3EB4C40A 		.ascii	">\264\304\012~\243V\252\025\204\302B\211_\010\210-\210"
  70      7EA356AA 
  70      1584C242 
  70      895F0888 
  70      2D88
  71 005c 60E97BCE 		.ascii	"`\351{\316\271\341\206\010\235\335?\275\223\367\236"
  71      B9E18608 
  71      9DDD3FBD 
  71      93F79E
  72 006b F39EF39C 		.ascii	"\363\236\363\234\347\3758\357\271'\006A\020\214)\202"
  72      E7FD38EF 
  72      B9270641 
  72      108C2982 
  73 007b D0230A42 		.ascii	"\320#\012B\031\366\307\360\301\256p\014\005P\372\004"
  73      19F6C7F0 
  73      C1AE700C 
  73      0550FA04 
  74 008b FE185006 		.ascii	"\376\030P\006Q\356\243<@\031\0258@\004\216\323\2010"
ARM GAS  /tmp/ccr2Laoo.s 			page 5


  74      51EEA33C 
  74      40191538 
  74      40048ED3 
  74      8130
  75 009d E1B9837A 		.ascii	"\341\271\203z\022\266\313Q\364\330\377\231r\000\347"
  75      12B6CB51 
  75      F4D8FF99 
  75      7200E7
  76 00ac EBA57612 		.ascii	"\353\245v\022x)\017%\032U\371\357\013\223\363n%\360"
  76      78290F25 
  76      1A55F9EF 
  76      0B93F36E 
  76      25F0
  77 00be 6DF8F332 		.ascii	"m\370\3632\362\016\201\014\023\350P\275\333\270\275"
  77      F20E810C 
  77      13E850BD 
  77      DBB8BD
  78 00cd 6B1AAA8F 		.ascii	"k\032\252\217\231`6\252\025\215'[\325\331b@\275\352"
  78      996036AA 
  78      158D275B 
  78      D5D96240 
  78      BDEA
  79 00df E89D1CAE 		.ascii	"\350\235\034\256\316B\255\246\355n$\205\203;\350\354"
  79      CE42ADA6 
  79      ED6E2485 
  79      833BE8EC 
  80 00ef D8CDE6F2 		.ascii	"\330\315\346\362d>\335O\271\327\037\336R\236N\320\031"
  80      643EDD4F 
  80      B9D71FDE 
  80      529E4ED0 
  80      19
  81 0100 ECF786BB 		.ascii	"\354\367\206\273;R\370\334LT/\365\237\333\241\252\323"
  81      3B52F8DC 
  81      4C542FF5 
  81      9FDBA1AA 
  81      D3
  82 0111 516D5D57 		.ascii	"Qm]W\264\323@\222\031\262\355\324\276O\251\315\271&"
  82      B4D34092 
  82      19B2EDD4 
  82      BE4FA9CD 
  82      B926
  83 0123 A0F94BC7 		.ascii	"\240\371K\307\241\003=\325\303i|\210\"\276\033,\335"
  83      A1033DD5 
  83      C3697C88 
  83      22BE1B2C 
  83      DD
  84 0134 6324D358 		.ascii	"c$\323X\277\274e\317{IY\025\012\177\214\377\020\240"
  84      BFBC65CF 
  84      7B495915 
  84      0A7F8CFF 
  84      10A0
  85 0146 0E482CB8 		.ascii	"\016H,\270K\245\003\037%\221l\012\024\333\233GZ\247"
  85      4BA5031F 
  85      25916C0A 
  85      14DB9B47 
  85      5AA7
  86 0158 8129B358 		.ascii	"\201)\263XQ\012\225]!%\371E\001*a\026\034\202Y\002\034"
ARM GAS  /tmp/ccr2Laoo.s 			page 6


  86      510A955D 
  86      2125F945 
  86      012A6116 
  86      1C825902 
  87 016d 874C4A1E 		.ascii	"\207LJ\036\201,\001\276\306\301\2438\370\037J\030\271"
  87      812C01BE 
  87      C6C1A338 
  87      F81F4A18 
  87      B9
  88 017e 3E3477F3 		.ascii	">4w\363ZE\021\341\0330\3011 \014\203\331\234k\342&\366"
  88      5A4511E1 
  88      1B30C131 
  88      200C83D9 
  88      9C6BE226 
  89 0193 7DB4798F 		.ascii	"}\264y\217\201\324\003\263Q\373Aw\2038\225\215\023S"
  89      81D403B3 
  89      51FB4177 
  89      8338958D 
  89      1353
  90 01a5 DAE8AB9E 		.ascii	"\332\350\253\236sb\015\265\321\2006\3525\033h\222\033"
  90      73620DB5 
  90      D18036EA 
  90      351B6892 
  90      1B
  91 01b6 E9AC695D 		.ascii	"\351\254i]-\222\323<\223\333k\177:\243\347\2513\242"
  91      2D92D33C 
  91      93DB6B7F 
  91      3AA3E7A9 
  91      33A2
  92 01c8 DAB7A5A1 		.ascii	"\332\267\245\241Q$\215|.z5\264\315@\232\270\262\351"
  92      51248D7C 
  92      2E7A35B4 
  92      CD409AB8 
  92      B2E9
  93 01da 61B36220 		.ascii	"a\263b \327\270\262\261\357\376n\035\351\344Jsh\350"
  93      D7B8B2B1 
  93      EFFE6E1D 
  93      E9E44A73 
  93      68E8
  94 01ec 4A1AB9C1 		.ascii	"J\032\271\301\224\344\302\253\203\307\365`6\3170\233"
  94      94E4C2AB 
  94      83C7F560 
  94      36CF309B 
  95 01fc CD9966F3 		.ascii	"\315\231f\363\036\352{\244\257mA\365\300\015Ey7\225"
  95      1EEA7BA4 
  95      AF6D41F5 
  95      C00D4579 
  95      3795
  96 020e 39D5884E 		.ascii	"9\325\210N]\204\031Z05\370\022 \033_\002_\320\362\354"
  96      5D84195A 
  96      3035F812 
  96      201B5F02 
  96      5FD0F2EC 
  97 0222 76251226 		.ascii	"v%\022&\014}2\021]\253\2417\323\2107\241\200N\200\257"
  97      0C7D3211 
  97      5DABA137 
  97      D38837A1 
ARM GAS  /tmp/ccr2Laoo.s 			page 7


  97      804E80AF 
  98 0236 10F0259B 		.ascii	"\020\360%\233\243p\214\032\276\303$]\0023\\A\371\026"
  98      A3708C1A 
  98      BEC3245D 
  98      02335C41 
  98      F916
  99 0248 A509E502 		.ascii	"\245\011\345\002\312e\224\363`f\033\313\015>xF3x&\321"
  99      CA6594F3 
  99      60661BCB 
  99      0D3E7846 
  99      337826D1 
 100 025c E0A947DC 		.ascii	"\340\251G\334\213C\237KDK\011\3403q\261\234\236\234"
 100      8B439F4B 
 100      444B09E0 
 100      3371B19C 
 100      9E9C
 101 026e BA92BED5 		.ascii	"\272\222\276\325\355;_\225\261\032\343\2410A\335:\315"
 101      ED3B5F95 
 101      B11AE3A1 
 101      3041DD3A 
 101      CD
 102 027f CDDEEA8C 		.ascii	"\315\336\352\214\362\220rj\036#;2yb8\031\307\337\212"
 102      F290726A 
 102      1E233B32 
 102      79623819 
 102      C7DF8A
 103 0292 73F4ECA4 		.ascii	"s\364\354\244\216r4\356b\335/\341\213\006\362!a\245"
 103      8E7234EE 
 103      62DD2FE1 
 103      8B06F221 
 103      61A5
 104 02a4 F7C991D6 		.ascii	"\367\311\221\326\333z\230\2219i~\241\031\323\372\377"
 104      DB7A9891 
 104      39697EA1 
 104      19D3FAFF 
 105 02b4 A4980776 		.ascii	"\244\230\007v\242\306\200G\012\256\342\302\357\265\252"
 105      A2C68047 
 105      0AAEE2C2 
 105      EFB5AA
 106 02c3 A46132FB 		.ascii	"\244a2\373M\321\335\341T^\210\027\251^Rz\350\013\023"
 106      4DD1DDE1 
 106      545E8817 
 106      A95E527A 
 106      E80B13
 107 02d6 39C8FC81 		.ascii	"9\310\374\201\275\321\262\022u\362\031T\0177V\375\240"
 107      BDD1B212 
 107      75F21954 
 107      0F3756FD 
 107      A0
 108 02e7 27D57CAE 		.ascii	"'\325|\256u\340\312\332\024\022\341\312\201\321\255"
 108      75E0CADA 
 108      1412E1CA 
 108      81D1AD
 109 02f6 1F1BC849 		.ascii	"\037\033\310I\256\334\333{p\247\221\257\332K\277(;\326"
 109      AEDCDB7B 
 109      70A791AF 
 109      DA4BBF28 
ARM GAS  /tmp/ccr2Laoo.s 			page 8


 109      3BD6
 110 0308 462AD52F 		.ascii	"F*\325/L\304\204\372;kJ\327%\221\363\014l<\360}\270"
 110      4CC484FA 
 110      3B6B4AD7 
 110      2591F30C 
 110      6C3CF07D 
 111 031d DE88858B 		.ascii	"\336\210\205\213\225\313\353\226\272|$c\213B\323M\235"
 111      95CBEB96 
 111      BA7C2463 
 111      8B42D34D 
 111      9D
 112 032e FE019D8E 		.ascii	"\376\001\235\216b;\236\206\232\211\351F\3747\177Y\315"
 112      623B9E86 
 112      9A89E946 
 112      FC377F59 
 112      CD
 113 033f D24DE19D 		.ascii	"\322M\341\235\211\360\303\217\302\377\254\301\257%\302"
 113      89F0C38F 
 113      C2FFACC1 
 113      AF25C2
 114 034e 5BE2E013 		.ascii	"[\342\340\023\266\341\277\210\350`\223Qu\017n\340\036"
 114      B6E1BF88 
 114      E8609351 
 114      750F6EE0 
 114      1E
 115 035f DCC47C77 		.ascii	"\334\304|w\241\334B\351F\271\216\362\243V\342h\2553"
 115      A1DC42E9 
 115      46B98EF2 
 115      A356E268 
 115      AD33
 116 0371 CE5A75A2 		.ascii	"\316Zu\242\265*\255\304\3252\254\345e\030}\244\014q"
 116      B52AADC4 
 116      D532ACE5 
 116      65187DA4 
 116      0C71
 117 0383 325A1B97 		.ascii	"2Z\033\227\227\366D\256\011\007\200\032^\240\031nK\004"
 117      97F644AE 
 117      0907801A 
 117      5EA0196E 
 117      4B04
 118 0395 B76A8671 		.ascii	"\267j\206qG\216\015\367\254I'\227y\021^;[\337\220\222"
 118      478E0DF7 
 118      AC492797 
 118      79115E3B 
 118      5BDF9092 
 119 03a9 5884B1E8 		.ascii	"X\204\261\350\341\016\006\375\277&\200\2074X\307\012"
 119      E10E06FD 
 119      BF268087 
 119      3458C70A 
 120 03b9 B00717DD 		.ascii	"\260\007\027\335\326\0120\032+\300\017B=-i3Tc\305S\032"
 120      D60A301A 
 120      2BC00F42 
 120      3D2D6933 
 120      5463C553 
 121 03ce 137ED312 		.ascii	"\023~\323\022\345\331\376\357\331\251\353\307\277\331"
 121      E5D9FEEF 
 121      D9A9EBC7 
ARM GAS  /tmp/ccr2Laoo.s 			page 9


 121      BFD9
 122 03dc D01B77E6 		.ascii	"\320\033w\346\004\350\203Tv=cK\357\274cG\353R\3321+"
 122      04E88354 
 122      763D634B 
 122      EFBC6347 
 122      EB52DA31 
 123 03f1 78AFC374 		.ascii	"x\257\303t\306\000\300\337\330Ra\372X\354\001>\216\243"
 123      C600C0DF 
 123      D85261FA 
 123      58EC013E 
 123      8EA3
 124 0403 226F5428 		.ascii	"\"oT(UbK`|DT9\304\030/\373\251\004\020\317\312\347\271"
 124      55624B60 
 124      7C445439 
 124      C4182FFB 
 124      A90410CF 
 125 041a B9D8C36F 		.ascii	"\271\330\303oy\336\211[\307\207D\315X\334\222G|\025"
 125      79DE895B 
 125      C78744CD 
 125      58DC9247 
 125      7C15
 126 042c C6A7C79D 		.ascii	"\306\247\307\235\322\202\0045a\227{6\354O\355\300\363"
 126      D2820435 
 126      61977B36 
 126      EC4FEDC0 
 126      F3
 127 043d 25C03241 		.ascii	"%\3002A\330dt\263\303\333\177H\3514\221v~\222\033\306"
 127      D86474B3 
 127      C3DB7F48 
 127      E9349176 
 127      7E921BC6 
 128 0451 8622E9FC 		.ascii	"\206\"\351\374$\213q\367\375c\374\276\257\3300\266U"
 128      248B71F7 
 128      FD63FCBE 
 128      AFD830B6 
 128      55
 129 0462 3FF33DB6 		.ascii	"?\363=\266s!e\272\010\313\037\207\2370\343\367X\306"
 129      732165BA 
 129      08CB1F87 
 129      9F30E3F7 
 129      58C6
 130 0474 7F8699F8 		.ascii	"\177\206\231\370\366\350\270\261\256\372\336\207\342"
 130      F6E8B8B1 
 130      AEFADE87 
 130      E2
 131 0481 9C5DCAAE 		.ascii	"\234]\312\256\016%26:\373z\245\242\340e\251\350(\014"
 131      0E253236 
 131      3AFB7AA5 
 131      A2E065A9 
 131      E8280C
 132 0494 06B4B218 		.ascii	"\006\264\262\030\240\367>\334\305\355\207~,q\001\006"
 132      A0F73EDC 
 132      C5ED877E 
 132      2C710106 
 133 04a4 610E2E5F 		.ascii	"a\016._{\260\267]O\012u\314\253\015?\326\036NG\256\016"
 133      7BB0B75D 
 133      4F0A75CC 
ARM GAS  /tmp/ccr2Laoo.s 			page 10


 133      AB0D3FD6 
 133      1E4E47AE 
 134 04b9 2CAE0BEB 		.ascii	",\256\013\353\310\376P\321Fe70\2130\244Q\015\251\177"
 134      C8FE50D1 
 134      46653730 
 134      8B30A451 
 134      0DA97F
 135 04cc 21E03EA3 		.ascii	"!\340>\2438\027m{\233|\314\031>mX\277Z\2472\234-!=\265"
 135      38176D7B 
 135      9B7CCC19 
 135      3E6D58BF 
 135      5AA7329C 
 136 04e4 37946213 		.ascii	"7\224b\023'\030\326\010\206c\004\017\030\301\2053\345"
 136      2718D608 
 136      8663040F 
 136      18C18533 
 136      E5
 137 04f5 A369A49B 		.ascii	"\243i\244\23334m\3357\234\2462t\355 \347O\027E\3628"
 137      33346DDD 
 137      379CA632 
 137      74ED20E7 
 137      4F1745F2 
 138 050a C1884630 		.ascii	"\301\210F0\022#\030e\004\237Tl\353N&%zFP}\340\326\373"
 138      12231865 
 138      049F546C 
 138      EB4E2625 
 138      7A46507D 
 139 0521 E93A9197 		.ascii	"\351:\221\227$M\023\216\225\265l\374\232L\231\3201\226"
 139      244D138E 
 139      95B56CFC 
 139      9A4C99D0 
 139      3196
 140 0533 D05F40CD 		.ascii	"\320_@\315hUm\323\226$\325\203\333m\013F*\225\260\236"
 140      68556DD3 
 140      9624D583 
 140      DB6D0B46 
 140      2A95B09E 
 141 0547 62E0A1E6 		.ascii	"b\340\241\346\300\303\230\003\212H\035\330\266\263\364"
 141      C0C39803 
 141      8A481DD8 
 141      B6B3F4
 142 0556 7342CAB8 		.ascii	"sB\312\270\003\275u\367n\216\347\3403R\032\227\003\374"
 142      03BD75F7 
 142      6E8EE7E0 
 142      33521A97 
 142      03FC
 143 0568 9B1263C0 		.ascii	"\233\022c\300.g(d\014\247\216\357\037L!-\234\241\344"
 143      2E672864 
 143      0CA78EEF 
 143      1F4C212D 
 143      9CA1E4
 144 057b 4A6145EA 		.ascii	"JaE\352S\345J?\375\367\323\2269\322\037V\2123\330\271"
 144      53E54A3F 
 144      FDF7D396 
 144      39D21F56 
 144      8A33D8B9 
 145 058f 0B7182B8 		.ascii	"\013q\202\270of\210\362@X|\012\327}8:\262mZ\374Q\245"
ARM GAS  /tmp/ccr2Laoo.s 			page 11


 145      6F6688F2 
 145      40587C0A 
 145      D77D383A 
 145      B26D5AFC 
 146 05a5 36B5A3BA 		.ascii	"6\265\243\272F\344G\025[\004\017\237\353\272h\210\007"
 146      46E44715 
 146      5B040F9F 
 146      EBBA6888 
 146      07
 147 05b6 8F4D0017 		.ascii	"\217M\000\027\251`\332\032\362\026\345\332\2026\235"
 147      A960DA1A 
 147      F216E5DA 
 147      82369D
 148 05c5 6DA5DFF5 		.ascii	"m\245\337\365DV\226\304\177\336\200\224osI\001\277\235"
 148      445696C4 
 148      7FDE8094 
 148      6F734901 
 148      BF9D
 149 05d7 B65976E3 		.ascii	"\266Yv\343\013/\377m\366\302\354l\301d\265\0268=\301"
 149      0B2FFF6D 
 149      F6C2EC6C 
 149      C164B516 
 149      383DC1
 150 05ea F939D660 		.ascii	"\3719\326`\021H\371^\267,\331\354\001\331\342\262\255"
 150      1148F95E 
 150      B72CD9EC 
 150      01D9E2B2 
 150      AD
 151 05fb 9072BDF6 		.ascii	"\220r\275\366\002\267\354\011\006\244\245\262\315\375"
 151      02B7EC09 
 151      06A4A5B2 
 151      CDFD
 152 0609 92B4C8EE 		.ascii	"\222\264\310\356r\372\002\262U\266\370\012\354o\344"
 152      72FA02B2 
 152      55B6F80A 
 152      EC6FE4
 153 0618 484BBD5E 		.ascii	"HK\275^W@Ze\267[l~\267\305\343\365\310\026\331\266\302"
 153      57405A65 
 153      B75B6C7E 
 153      B7C5E3F5 
 153      C816D9B6 
 154 062d 6979DA92 		.ascii	"iy\332\2223/\373i\313?\377dq\333^\367\372\245\011\263"
 154      332FFB69 
 154      CB3FFF64 
 154      71DB5EF7 
 154      FAA509B3 
 155 0641 92D36377 		.ascii	"\222\323cw\0258d\311m\263\347;=\262du\310+m\005\256"
 155      153864C9 
 155      6DB3E73B 
 155      3DB26475 
 155      C82B6D05 
 156 0656 A035F896 		.ascii	"\2405\370\226O\016d\345\013\306\230Co\377\256\376\004"
 156      4F0E64E5 
 156      0BC69843 
 156      6FFFAEFE 
 156      04
 157 0667 DE0A48D6 		.ascii	"\336\012H\326@\320\201\306\321\011\342u\370\365\276"
ARM GAS  /tmp/ccr2Laoo.s 			page 12


 157      40D081C6 
 157      D109E275 
 157      F8F5BE
 158 0676 029FC39F 		.ascii	"\002\237\303\237\344\015\370d\331\3417x\251\203~\275"
 158      E40DF864 
 158      D9E13778 
 158      A9837EBD 
 159 0686 DBEB90FD 		.ascii	"\333\353\220\3754\275\371\331\211\351\365y\375\350\334"
 159      34BDF9D9 
 159      89E9F579 
 159      FDE8DC
 160 0695 6B4BFF3A 		.ascii	"kK\377:?GZ\262$Wz!o\361+\377\312\221|6\227\325\345r"
 160      3F475AB2 
 160      24577A21 
 160      6FF12BFF 
 160      CA917C36 
 161 06ad 206B4620 		.ascii	" kF \350\306\310V\371\234^k@\016\026\370\254AC^.\335"
 161      E8C6C856 
 161      F99C5E6B 
 161      400E16F8 
 161      AC41435E 
 162 06c3 2F43DE42 		.ascii	"/C\336B\336<\317\233\347x\363\"m\222\363\236[\262\320"
 162      DE3CCF9B 
 162      E778F322 
 162      6D92F39E 
 162      5BB2D0
 163 06d6 EB59E95C 		.ascii	"\353Y\351\\\225\204V\026{\234\301?L\271\261\202!\020"
 163      95845616 
 163      7B9CC13F 
 163      4CB9B182 
 163      2110
 164 06e8 A4883F26 		.ascii	"\244\210?&\"\306\303\244\321%\257\360\332\374\016\212"
 164      22C6C3A4 
 164      D125AFF0 
 164      DAFC0E8A 
 165 06f8 9B9F8863 		.ascii	"\233\237\210c34\010+\213c\2115w\361k\013_\371\373\242"
 165      3334082B 
 165      8B638935 
 165      77F16B0B 
 165      5FF9FBA2 
 166 070c 5797F129 		.ascii	"W\227\361)\\m\010\260\245ONiB\366;\321\227|!\315\252"
 166      5C6D08B0 
 166      A54F4E69 
 166      42F63BD1 
 166      977C21CD 
 167 0721 866E7522 		.ascii	"\206nu\">5?N\231\367[\271\343\226\263\337|S\312\327"
 167      3E353F4E 
 167      99F75BB9 
 167      E396B3DF 
 167      7C53CAD7 
 168 0735 5247A962 		.ascii	"RG\251b\245bg\331\370\025\030k\031\234"
 168      A56267D9 
 168      F815186B 
 168      199C
 169              		.text
 170              		.section	.gnu.lto_.symtab.4e271cdf60a59273,"",%progbits
 171 0000 68616C49 		.ascii	"halInit\000"
ARM GAS  /tmp/ccr2Laoo.s 			page 13


 171      6E697400 
 172 0008 00       		.ascii	"\000"
 173 0009 00       		.ascii	"\000"
 174 000a 00       		.ascii	"\000"
 175 000b 00000000 		.ascii	"\000\000\000\000\000\000\000\000"
 175      00000000 
 176 0013 F6000000 		.ascii	"\366\000\000\000"
 177 0017 70616C5F 		.ascii	"pal_default_config\000"
 177      64656661 
 177      756C745F 
 177      636F6E66 
 177      696700
 178 002a 00       		.ascii	"\000"
 179 002b 02       		.ascii	"\002"
 180 002c 00       		.ascii	"\000"
 181 002d 00000000 		.ascii	"\000\000\000\000\000\000\000\000"
 181      00000000 
 182 0035 04010000 		.ascii	"\004\001\000\000"
 183 0039 7374496E 		.ascii	"stInit\000"
 183      697400
 184 0040 00       		.ascii	"\000"
 185 0041 02       		.ascii	"\002"
 186 0042 00       		.ascii	"\000"
 187 0043 00000000 		.ascii	"\000\000\000\000\000\000\000\000"
 187      00000000 
 188 004b F8000000 		.ascii	"\370\000\000\000"
 189 004f 626F6172 		.ascii	"boardInit\000"
 189      64496E69 
 189      7400
 190 0059 00       		.ascii	"\000"
 191 005a 02       		.ascii	"\002"
 192 005b 00       		.ascii	"\000"
 193 005c 00000000 		.ascii	"\000\000\000\000\000\000\000\000"
 193      00000000 
 194 0064 FA000000 		.ascii	"\372\000\000\000"
 195 0068 7364496E 		.ascii	"sdInit\000"
 195      697400
 196 006f 00       		.ascii	"\000"
 197 0070 02       		.ascii	"\002"
 198 0071 00       		.ascii	"\000"
 199 0072 00000000 		.ascii	"\000\000\000\000\000\000\000\000"
 199      00000000 
 200 007a FC000000 		.ascii	"\374\000\000\000"
 201 007e 5F70616C 		.ascii	"_pal_lld_init\000"
 201      5F6C6C64 
 201      5F696E69 
 201      7400
 202 008c 00       		.ascii	"\000"
 203 008d 02       		.ascii	"\002"
 204 008e 00       		.ascii	"\000"
 205 008f 00000000 		.ascii	"\000\000\000\000\000\000\000\000"
 205      00000000 
 206 0097 00010000 		.ascii	"\000\001\000\000"
 207 009b 68616C5F 		.ascii	"hal_lld_init\000"
 207      6C6C645F 
 207      696E6974 
 207      00
ARM GAS  /tmp/ccr2Laoo.s 			page 14


 208 00a8 00       		.ascii	"\000"
 209 00a9 02       		.ascii	"\002"
 210 00aa 00       		.ascii	"\000"
 211 00ab 00000000 		.ascii	"\000\000\000\000\000\000\000\000"
 211      00000000 
 212 00b3 02010000 		.ascii	"\002\001\000\000"
 213              		.text
 214              		.section	.gnu.lto_.opts,"",%progbits
 215 0000 272D666D 		.ascii	"'-fmath-errno' '-fsigned-zeros' '-ftrapping-math' '"
 215      6174682D 
 215      6572726E 
 215      6F272027 
 215      2D667369 
 216 0033 2D666E6F 		.ascii	"-fno-trapv' '-fno-openmp' '-fno-openacc' '-mcpu=cor"
 216      2D747261 
 216      70762720 
 216      272D666E 
 216      6F2D6F70 
 217 0066 7465782D 		.ascii	"tex-m4' '-mno-thumb-interwork' '-mthumb' '-O2' '-fo"
 217      6D342720 
 217      272D6D6E 
 217      6F2D7468 
 217      756D622D 
 218 0099 6D69742D 		.ascii	"mit-frame-pointer' '-falign-functions=16' '-ffuncti"
 218      6672616D 
 218      652D706F 
 218      696E7465 
 218      72272027 
 219 00cc 6F6E2D73 		.ascii	"on-sections' '-fdata-sections' '-fno-common' '-flto"
 219      65637469 
 219      6F6E7327 
 219      20272D66 
 219      64617461 
 220 00ff 2700     		.ascii	"'\000"
 221              		.text
 222              		.comm	__gnu_lto_v1,1,1
 223              		.comm	__gnu_lto_slim,1,1
 224              		.ident	"GCC: (GNU Tools for Arm Embedded Processors 7-2017-q4-major) 7.2.1 20170904 (release) [ARM
ARM GAS  /tmp/ccr2Laoo.s 			page 15


DEFINED SYMBOLS
                            *ABS*:0000000000000000 hal.c
                            *COM*:0000000000000001 __gnu_lto_v1
                            *COM*:0000000000000001 __gnu_lto_slim

NO UNDEFINED SYMBOLS
