ARM GAS  /tmp/ccLxNSsZ.s 			page 1


   1              		.cpu cortex-m4
   2              		.eabi_attribute 20, 1
   3              		.eabi_attribute 21, 1
   4              		.eabi_attribute 23, 3
   5              		.eabi_attribute 24, 1
   6              		.eabi_attribute 25, 1
   7              		.eabi_attribute 26, 1
   8              		.eabi_attribute 30, 2
   9              		.eabi_attribute 34, 1
  10              		.eabi_attribute 18, 4
  11              		.file	"nvic.c"
  12              		.section	.gnu.lto_.profile.6719140295f0a10,"",%progbits
  13 0000 789C6363 		.ascii	"x\234cc```\001bF\006)1\000\000\302\000<"
  13      60606001 
  13      62460629 
  13      310000C2 
  13      003C
  14              		.text
  15              		.section	.gnu.lto_.icf.6719140295f0a10,"",%progbits
  16 0000 789C6363 		.ascii	"x\234cc``\220b@\000\026\206\333\333\226\254be\354\\"
  16      60609062 
  16      40001686 
  16      DBDB96AC 
  16      6265EC5C 
  17 0014 F7E12E13 		.ascii	"\367\341.\023\323\243\203\263\367\3603/z\275\367\005"
  17      D3A383B3 
  17      F7F0332F 
  17      7ABDF705 
  18 0024 330300A6 		.ascii	"3\003\000\246U\014S"
  18      550C53
  19              		.text
  20              		.section	.gnu.lto_.jmpfuncs.6719140295f0a10,"",%progbits
  21 0000 789C6363 		.ascii	"x\234cc``\320a@\000\026\006&FF\346\3729\314\014 \314"
  21      6060D061 
  21      40001606 
  21      264646E6 
  21      FA39CC0C 
  22 0016 0804209A 		.ascii	"\010\004 \232\011Y\220\031*\310\000\000\237-\007\005"
  22      09599019 
  22      2AC80000 
  22      9F2D0705 
  23              		.text
  24              		.section	.gnu.lto_.inline.6719140295f0a10,"",%progbits
  25 0000 789C4D8C 		.ascii	"x\234M\214\321\021\2000\014B!\215i\364\307\021\352\004"
  25      D1118030 
  25      0C42218D 
  25      69F4C711 
  25      EA04
  26 0012 2ED9453A 		.ascii	".\331E:\222\2438\202\261\236U>\270\343\036`\000*>)\260"
  26      92A33882 
  26      B19E553E 
  26      B8E31E60 
  26      002A3E29 
  27 0027 CC146E8C 		.ascii	"\314\024n\214p\233\332\271\303Z\021\310\261*\"y\020"
  27      709BDAB9 
  27      C35A11C8 
  27      B12A2279 
ARM GAS  /tmp/ccLxNSsZ.s 			page 2


  27      10
  28 0038 07E199EC 		.ascii	"\007\341\231\354\225\244\255<\225\240\332O\004\223\222"
  28      95A4AD3C 
  28      95A0DA4F 
  28      049392
  29 0047 FD25C5EE 		.ascii	"\375%\305\356w\020J\310\366N\007\034S\\\2260\015\244"
  29      77104AC8 
  29      F64E071C 
  29      535C9630 
  29      0DA4
  30              		.text
  31              		.section	.gnu.lto_.pureconst.6719140295f0a10,"",%progbits
  32 0000 789C6363 		.ascii	"x\234cc``\340\004b\026\006)F)&)f)\000\002\304\000\202"
  32      6060E004 
  32      62160629 
  32      46292629 
  32      66290002 
  33              		.text
  34              		.section	.gnu.lto_nvicEnableVector.6719140295f0a10,"",%progbits
  35 0000 789C9D53 		.ascii	"x\234\235S\317KTQ\024\276\337;\357\207\243\316,\332"
  35      CF4B5451 
  35      14BEDF3B 
  35      EF87A3CE 
  35      2CDA
  36 0012 45522E82 		.ascii	"ER.\202A\204y\011\375\003\321\332\026\375\007\341&!"
  36      41847909 
  36      FD03D1DA 
  36      16FD07E1 
  36      2621
  37 0024 674443DA 		.ascii	"gDC\332yg\306f\264\004\005G\203\341\021#\215\375 \312"
  37      7967C666 
  37      B4040547 
  37      83E11123 
  37      8DFD20CA 
  38 0038 42ADC6B2 		.ascii	"B\255\306\262^\223\226\021&\211\264kQJ\241\221\324\254"
  38      5E939611 
  38      2689B46B 
  38      514AA191 
  38      D4AC
  39 004a 82D43AF7 		.ascii	"\202\324:\367>\243\350\307\242.\357\236w\3569\347\273"
  39      3EA3E8C7 
  39      A22EEF9E 
  39      77EE39E7 
  39      BB
  40 005b E7FBEE7D 		.ascii	"\347\373\356}\317\026B\034!!\016\362{\017O\220\2001"
  40      CF16421C 
  40      21210EF2 
  40      7B0F4F90 
  40      8031
  41 006d F85C8864 		.ascii	"\370\\\210d\225\001(GVAt\033\350F?\345\010\345\354\333"
  41      95012847 
  41      5641741B 
  41      E8463FE5 
  41      08E5ECDB 
  42 0081 92D17049 		.ascii	"\222\321pI\362\360\317Uv\313\313><\206\217\360T\003"
  42      F2F0CF55 
  42      76CBCB3E 
ARM GAS  /tmp/ccLxNSsZ.s 			page 3


  42      3C868FF0 
  42      5403
  43 0093 1368E0AA 		.ascii	"\023h\340\252\027=7<:K\036\001&/?-\344W\"ji\240\236"
  43      173D373C 
  43      3A4B1E01 
  43      262F3F2D 
  43      E457226A 
  44 00aa 975B3237 		.ascii	"\227[27\022\241\030\004\373\253\317.\014:\3211)S\322"
  44      12A11804 
  44      FBABCF2E 
  44      0C3AD131 
  44      2953D2
  45 00bd 9F2D92DC 		.ascii	"\237-\222\334\357\021\341\026\2107\304\024\3520\211"
  45      EF11E116 
  45      8837C414 
  45      EA3089
  46 00cc 3AC12181 		.ascii	":\301!\201\333\210r\371\325\324\273\017D\0074\364\315"
  46      DB8872F9 
  46      D5D4BB0F 
  46      440734F4 
  46      CD
  47 00dd FCEB9CB5 		.ascii	"\374\353\234\265\003]\035\333\201\336\371\003\264\204"
  47      035D1DDB 
  47      81DEF903 
  47      B484
  48 00eb A8AEBFB9 		.ascii	"\250\256\277\271=\034\266\315\200+\246a\013\2603\276"
  48      3D1CB6CD 
  48      802BA661 
  48      0BB033BE 
  49 00fb 64F972FB 		.ascii	"d\371r\373kV\372\313\027\261e\205\301\030\323P\206\330"
  49      6B56FACB 
  49      17B16585 
  49      C118D350 
  49      86D8
  50 010d 58261BDB 		.ascii	"X&\033\333R\236\255\214\003\265[\010\212\216\020\275"
  50      529EAD8C 
  50      03B55B08 
  50      8A8E10BD 
  51 011d BC131F91 		.ascii	"\274\023\037\221\364E\037\031\312K\373b\035\251Jvf "
  51      F4451F19 
  51      CA4BFB62 
  51      1DA94A76 
  51      6620
  52 012f A21AE409 		.ascii	"\242\032\344\011yr8\224\376\230A\02008\366\363\0019"
  52      79723894 
  52      FE984110 
  52      3038F6F3 
  52      0139
  53 0141 30719789 		.ascii	"0q\227\211\256\243\274|f\315RE\234\0369]^tT\272J+\235"
  53      AEA3BC7C 
  53      66CD5245 
  53      9C1E395D 
  53      5E7454BA 
  54 0158 1CDDF85C 		.ascii	"\034\335\370\\\033,e9-#\034\232x?\264\342\024p>\311"
  54      1B2C6539 
  54      2D231C9A 
  54      783FB4E2 
ARM GAS  /tmp/ccLxNSsZ.s 			page 4


  54      14703EC9 
  55 016c 1751D8EB 		.ascii	"\027Q\330\353Q\0103,\371\036\357\244\000s\375\311\321"
  55      5108332C 
  55      F91EEFA4 
  55      0073FDC9 
  55      D1
  56 017d 6AF79AEC 		.ascii	"j\367\232\354I\312z\217\252q\037\005\014\353+\342\344"
  56      49CA7A8F 
  56      AA711F05 
  56      0CEB2BE2 
  56      E4
  57 018e CBA5A989 		.ascii	"\313\245\251\211H\323\270J\026\342\036\325\340\001\334"
  57      48D3B84A 
  57      16E21ED5 
  57      E001DC
  58 019d 3C85F4F5 		.ascii	"<\205\364\365\371hb\216\212\361ffa`W\300\2318\313\270"
  58      F968628E 
  58      8AF16666 
  58      616057C0 
  58      9938CBB8 
  59 01b1 A1E2F552 		.ascii	"\241\342\365RX\261\260\260\017\0175g\326u\305\011\212"
  59      58B1B0B0 
  59      0F0F3567 
  59      D675C509 
  59      8A
  60 01c2 4C34D671 		.ascii	"L4\326q\251\012V2}V\020\264\002\344\323\342\364\246"
  60      A90A5632 
  60      7D5610B4 
  60      02E4D3E2 
  60      F4A6
  61 01d4 E66FC342 		.ascii	"\346o\303BY#\371\220\276#\025\370\027\375\377\242\256"
  61      5923F990 
  61      BE2315F8 
  61      17FDFFA2 
  61      AE
  62 01e5 168FB43A 		.ascii	"\026\217\264:\374\256\256\313\2430f\225:K\253\233S\352"
  62      FCAEAECB 
  62      A3306695 
  62      3A4BAB9B 
  62      53EA
  63 01f7 ECA0D7AB 		.ascii	"\354\240\327\253\305\232\377j\366X73\376\322\354\311"
  63      C59AFF6A 
  63      F6583733 
  63      FED2ECC9 
  64 0207 8F66F341 		.ascii	"\217f\363A\263\015\244\012_t+\375\203\3642O\376P\030"
  64      B30DA40A 
  64      5F742BFD 
  64      83F4324F 
  64      FE5018
  65 021a DF188BB9 		.ascii	"\337\030\213\271\301\223\350t\217\037;\341\266':Nv\272"
  65      C193E874 
  65      8F1F3BE1 
  65      B6273A4E 
  65      76BA
  66 022c 2D89B6B6 		.ascii	"-\211\266\266D\334=t\264\371p\363)7\336\325\332\022"
  66      44DC3D74 
  66      B4F970F3 
ARM GAS  /tmp/ccLxNSsZ.s 			page 5


  66      2937DED5 
  66      DA12
  67 023e 6B11889B 		.ascii	"k\021\210\233\355\035\255\211o\247\372\031\260"
  67      ED1DAD89 
  67      6FA7FA19 
  67      B0
  68              		.text
  69              		.section	.gnu.lto_nvicDisableVector.6719140295f0a10,"",%progbits
  70 0000 789C9552 		.ascii	"x\234\225RKkSQ\020\236\357\314}\244M\233\265`\320.\204"
  70      4B6B5351 
  70      109EEFCC 
  70      7DA44D9B 
  70      B560D02E 
  71 0015 520AB9E4 		.ascii	"R\012\271\344'\210\340\256\033\377\201d\243`\023i\245"
  71      2788E0AE 
  71      1BFF8164 
  71      A3601369 
  71      A5
  72 0026 B8EB49D2 		.ascii	"\270\353I\322&\255fQh\033%\\\344\026#\342BkI\253\246"
  72      26AD6651 
  72      681B255C 
  72      E41623E2 
  72      426B49AB 
  73 003b BEAE292E 		.ascii	"\276\256).\304\027\026\361\007\330\342\023\212\026\027"
  73      C41716F1 
  73      07D8E213 
  73      8A1617
  74 004a 2EFA70CE 		.ascii	".\372p\316\275\012\202+\207{\316\235\2313\337|sf\216"
  74      BD0A822B 
  74      877BCE9D 
  74      9933DF7C 
  74      73668E
  75 005d 4344238A 		.ascii	"CD#\212\310\223\377AY`\202\232yETL(\300(:\001\032W\030"
  75      C893FF41 
  75      5960829A 
  75      7945544C 
  75      28C0283A 
  76 0075 478DE718 		.ascii	"G\215\347\030\235\352\207\266\032\270\256E\302K\015"
  76      9DEA87B6 
  76      1AB8AE45 
  76      C24B0D
  77 0084 A7A2270F 		.ascii	"\247\242'\017\370LT\227e\004-\014H\324\233\211\333>"
  77      F84C5497 
  77      65042D0C 
  77      48D49B89 
  77      DB3E
  78 0096 5F649F01 		.ascii	"_d\237\001K\314\357/\033\033)c*\364\211\271\253\347"
  78      4BCCEF2F 
  78      1B1B2963 
  78      2AF489B9 
  78      ABE7
  79 00a8 EA29CE80 		.ascii	"\352)\316\200D\337|~u\306\355\277\246uI\207/\232\254"
  79      44DF7C7E 
  79      75C6EDBF 
  79      A6754987 
  79      2F9AAC
  80 00bb 8FF8CCB8 		.ascii	"\217\370\314\270\003\226\204XA\032\313H\223\270\010"
ARM GAS  /tmp/ccLxNSsZ.s 			page 6


  80      03968458 
  80      411ACB48 
  80      93B808
  81 00ca 77D16FE2 		.ascii	"w\321o\342\337/\355\315\367:VL\210{p\010\242,\256\333"
  81      DF2FEDCD 
  81      F73A564C 
  81      887B7008 
  81      A22CAEDB 
  82 00de A1DEDBAF 		.ascii	"\241\336\333\257\352p\263\211\326\361.\010\306R\262"
  82      EA70B389 
  82      D6F12E08 
  82      C652B2
  83 00ed D96C34CB 		.ascii	"\331l4\313l6\242\0344%H\271\227\016i\232\225\321\312"
  83      6C36A21C 
  83      342548B9 
  83      970E699A 
  83      95D1CA
  84 0100 217D4179 		.ascii	"!}Ay\247\262\273\024(\223\261\301h\260-\\\263\315[\355"
  84      A7B2BB14 
  84      2893B1C1 
  84      68B02D5C 
  84      B3CD5BED 
  85 0114 5E53B685 		.ascii	"^S\266\205\303hK!\022\366\255r\303\215\203\024\006\323"
  85      C3684B21 
  85      12F6AD72 
  85      C38D8314 
  85      06D3
  86 0126 126A9CDB 		.ascii	"\022j\234\333\225i;vr\214|\326\\\335\3511H\0336V#di"
  86      95693B76 
  86      728C7CD6 
  86      5CDDE931 
  86      481B3656 
  87 013d BBFA0769 		.ascii	"\273\372\007i\011X<\235\267\027>G0\001\324';\257]\003"
  87      09583C9D 
  87      B7173E47 
  87      3001D427 
  87      3BAF5D03 
  88 0151 70A2AE2C 		.ascii	"p\242\256,/l\375\354\211M\335)\353\224\270Z_g7\334\000"
  88      2F6CFDEC 
  88      894DDD29 
  88      EB94B85A 
  88      5F6737DC 
  89 0166 578AD2F9 		.ascii	"W\212\322\371\340\220\317.\036H{\356Kn\003xZ+.t{7\365"
  89      E090CF2E 
  89      1E487BEE 
  89      4B6E0378 
  89      5A2B2E74 
  90 017d 4451F7F9 		.ascii	"DQ\367\371\234\300C\004\230\217f\"\207\357\326WZ\251"
  90      9CC04304 
  90      988F6622 
  90      87EFD657 
  90      5AA9
  91 018f ECA2390C 		.ascii	"\354\2429\014\306|\356\302#xRj4\257\307\310JA\246\232"
  91      C67CEEC2 
  91      2378526A 
  91      34AFC7C8 
  91      4A41A69A 
ARM GAS  /tmp/ccLxNSsZ.s 			page 7


  92 01a3 1F9F2EAF 		.ascii	"\037\237.\257%\177\227\363?d\335\010#2\374K\226\367"
  92      257F97F3 
  92      3F64DD08 
  92      2332FC4B 
  92      96F7
  93 01b5 39892786 		.ascii	"9\211'\206\314\216\310:\310\376}\327$\010k\222s\013"
  93      CC8EC83A 
  93      C8FE7DD7 
  93      24086B92 
  93      730B
  94 01c7 A5E0630D 		.ascii	"\245\340c\015\3214\215LI.\231\213\274\312\301L\306\213"
  94      D1348D4C 
  94      492E998B 
  94      BCCAC14C 
  94      C68B
  95 01d9 BFC2A877 		.ascii	"\277\302\250w\352\344\031\357la\344\334\250\227+\014"
  95      EAE419EF 
  95      6C61E4DC 
  95      A8972B0C 
  96 01e9 0F17F2DE 		.ascii	"\017\027\362\336\321\023C\307\206\316{\371\261\323\271"
  96      D11343C7 
  96      86CE7BF9 
  96      B1D3B9
  97 01f8 4C8E90FF 		.ascii	"L\216\220\377\005D\312\324\370"
  97      0544CAD4 
  97      F8
  98              		.text
  99              		.section	.gnu.lto_nvicSetSystemHandlerPriority.6719140295f0a10,"",%progbits
 100 0000 789C6D51 		.ascii	"x\234mQ\315KTQ\024?\277{\336{\363\012\262\255\224\013"
 100      CD4B5451 
 100      143FBF7B 
 100      DE7BF30A 
 100      B2AD940B 
 101 0014 17C120C1 		.ascii	"\027\301 \301<\334\264h\027m\332\270\361?\220IP\320"
 101      3CDCB468 
 101      176DDAB8 
 101      F13F9049 
 101      50D0
 102 0026 79328AB4 		.ascii	"y2\212\264\363\316\214:f\005\242\243\306\360\210\267"
 102      F3CE8C3A 
 102      6605A2A3 
 102      C6F088B7 
 103 0036 1195080B 		.ascii	"\021\225\010\013\263\032\035\3551\2536}8D\220\320\242"
 103      B31A1DED 
 103      31AB367D 
 103      384490D0 
 103      A2
 104 0047 0F14268A 		.ascii	"\017\024&\212>\\\264\262\316}N\320\242\313\3758_\277"
 104      3E5CB4B2 
 104      CE7D4ED0 
 104      A2CBFD38 
 104      5FBF
 105 0059 737FE71C 		.ascii	"s\177\347\034\207\210~\202\350\242\274g\345\200\011"
 105      87887E82 
 105      E8A2BC67 
 105      E58009
 106 0068 6AE60551 		.ascii	"j\346\005Q\316U\200\021\264\013\032S\030\303M.1j\305"
ARM GAS  /tmp/ccLxNSsZ.s 			page 8


 106      CE558011 
 106      B40B1A53 
 106      18C34D2E 
 106      316AC5
 107 007b FD8AEA58 		.ascii	"\375\212\352X\326\262\242\305\2723\251'Z\003&Z\220c"
 107      D6B2A2C5 
 107      BA33A927 
 107      5A03265A 
 107      9063
 108 008d 16D6D121 		.ascii	"\026\326\321!Q\273\343\367\003\276\301\001\003\226\250"
 108      51BBE3F7 
 108      03BEC101 
 108      0396A8
 109 009c DF9F973F 		.ascii	"\337\237\227?\266\030U\241]\324\302\334N\325\345\024"
 109      B61855A1 
 109      5DD4C2DC 
 109      4ED5E514 
 110 00ac 48E4FAFA 		.ascii	"H\344\372\372\355+\311%\255\363:\372\264\304\372\\\300"
 110      ED2BC925 
 110      ADF33AFA 
 110      B4C4FA5C 
 110      C0
 111 00bd 8C4760C9 		.ascii	"\214G`\311\207\015\264\341!\332HL\204\307HJ\364\335"
 111      870DB4E1 
 111      21DA484C 
 111      84C7484A 
 111      F4DD
 112 00cf FCC117E6 		.ascii	"\374\301\027\346\0131\362\303\263\367%\273\011=\\nB"
 112      0B31F2C3 
 112      B3F725BB 
 112      093D5C6E 
 112      42
 113 00e0 9FFC075A 		.ascii	"\237\374\007ZA2\216\177p4\177\312\261\302\277l\261\011"
 113      41328E7F 
 113      70347FCA 
 113      B1C2BF6C 
 113      B109
 114 00f2 87A4725A 		.ascii	"\207\244rZ\253\333\221>\372]\024\006\255{\237\335\004"
 114      ABDB913E 
 114      FA5D1406 
 114      AD7B9FDD 
 114      04
 115 0103 04662973 		.ascii	"\004f)s\011}\001\3330\277\023M\011J\032\242#\272\316"
 115      097D01DB 
 115      30BF134D 
 115      094A1AA2 
 115      23BACE
 116 0116 CA488588 		.ascii	"\312H\205\210\032\310\377(\276\333\250\302d+3\312\362"
 116      1AC8FF28 
 116      BEDBA8C2 
 116      642B33CA 
 116      F2
 117 0127 6103856F 		.ascii	"a\003\205o\223M\203\022\333\277\375\260aaK\2105P{=\375"
 117      934D8312 
 117      DBBFFDB0 
 117      61614B88 
 117      35507B3D 
ARM GAS  /tmp/ccLxNSsZ.s 			page 9


 118 013c D63641E2 		.ascii	"\3266A\342^\230\250\275L\030\267\023W\226\253TK\366"
 118      5E98A8BD 
 118      4C18B713 
 118      5796AB54 
 118      4BF6
 119 014e B1AAF70A 		.ascii	"\261\252\367\012\272EL\215\335\303Wv\210;9\351{x&\340"
 119      BA454C8D 
 119      DDC35776 
 119      883B39E9 
 119      7B7826E0 
 120 0162 04B6A5C4 		.ascii	"\004\266\245\304\252d2\200\331\351\325\325\223\336="
 120      AA643280 
 120      D9E9D5D5 
 120      93DE3D
 121 0171 3D9ED3ED 		.ascii	"=\236\323\355\001\273\330A\210\371x\"\342|\263\362k"
 121      01BBD841 
 121      88F97822 
 121      E27CB3F2 
 121      6B
 122 0182 F174E79A 		.ascii	"\361t\347\232q\206\231\200O\340)\2742\333\361\264\""
 122      71869980 
 122      4FE029BC 
 122      32DBF1B4 
 122      22
 123 0193 740A47FA 		.ascii	"t\012G\372\212|\270u+\246\034Oq\212a\352SD\347S)\357"
 123      8A7CB875 
 123      2BA61C4F 
 123      718A61EA 
 123      5344E753 
 124 01a9 78FBC35E 		.ascii	"x\373\303^_\317\2007\344gG\206\275\264?8\350g\274K\335"
 124      5FCF8037 
 124      E4674786 
 124      BDB43F38 
 124      E867BC4B 
 125 01be 5D97BBAE 		.ascii	"]\227\273\256y\231\321\376t*M\211\276\236\314\325\201"
 125      7999D1FE 
 125      742A4D89 
 125      BE9ECCD5 
 125      81
 126 01cf DEAC3594 		.ascii	"\336\2545\224\355\367\377\000%\355\2619"
 126      EDF7FF00 
 126      25EDB139 
 127              		.text
 128              		.section	.gnu.lto_nvicClearPending.6719140295f0a10,"",%progbits
 129 0000 789C3551 		.ascii	"x\2345Q\317KTQ\024>\337=\357\307\024:\353\240\241\\"
 129      CF4B5451 
 129      143EDF3D 
 129      EFC7143A 
 129      EBA0A15C 
 130 0014 0422C25C 		.ascii	"\004\"\302\\\374\023\302E+7\375\0071\033\203\234\211"
 130      FC13C245 
 130      2B37FD07 
 130      311B839C 
 130      89
 131 0025 0C69E79D 		.ascii	"\014i\347\235\031\235\321\2240\324\011\206\207<q\"Z"
 131      199DD194 
 131      30D40986 
ARM GAS  /tmp/ccLxNSsZ.s 			page 10


 131      873C7122 
 131      5A
 132 0036 94C56836 		.ascii	"\224\305h6\366\3531\344B\242\"\211V\2552\004\013$\005"
 132      F6EB31E4 
 132      42A22289 
 132      56AD3204 
 132      0B2405
 133 0049 2142AD73 		.ascii	"!B\255s\337\243\303\375q\316\271\347;\367\273\337\365"
 133      DFA3C3FD 
 133      71CEB9E7 
 133      3BF7BBDF 
 133      F5
 134 005a 88E81044 		.ascii	"\210\350\020DZ\366\2632\301\0045\363\201\250\230R\200"
 134      5AF6B332 
 134      C10435F3 
 134      81A89852 
 134      80
 135 006b 754C0A34 		.ascii	"uL\0124\2520\212i\236c\264\253;-\325\363\300\210E\367"
 135      AA308A69 
 135      9E63B4AB 
 135      3B2DD5F3 
 135      C08845F7 
 136 007f FE781533 		.ascii	"\376x\0253~&`\242\232Lkh\242G\252>\215=\011x\212\003"
 136      7E2660A2 
 136      9A4C6B68 
 136      A247AA3E 
 136      8D3D0978 
 137 0095 061C09F7 		.ascii	"\006\034\011\367\337\327\267\3236T\350\222\360\330\314"
 137      DFD7B7D3 
 137      3654E892 
 137      F0D8CC
 138 00a4 D5D29C05 		.ascii	"\325\322\234\005\211\377\375\335\322\214\337}\337\230"
 138      89FFFDDD 
 138      D28CDF7D 
 138      DF98
 139 00b2 9289DE36 		.ascii	"\222\211\3366\330\\\010\230\361\014,\015\261\212\014"
 139      D85C0898 
 139      F10C2C0D 
 139      B18A0C
 140 00c1 56902149 		.ascii	"V\220!I\021\326\320m\353\277==\231\357\364\234\344B"
 140      11D6D06D 
 140      EBBF3D3D 
 140      99EFF49C 
 140      E442
 141 00d3 3C874742 		.ascii	"<\207GB\236\226\267\334\310\234\374\255\232\350k\003"
 141      9E96B7DC 
 141      C89CFCAD 
 141      9AE86B03 
 142 00e3 772F09E3 		.ascii	"w/\011\343\200\035%\213\313\326s\354\342\"\356A\023"
 142      801D258B 
 142      CBD673EC 
 142      E222EE41 
 142      13
 143 00f4 82947799 		.ascii	"\202\224w\231\210&YY\257\034\321\017\224\217*\307k\241"
 143      88265959 
 143      AF1CD10F 
 143      948F2AC7 
ARM GAS  /tmp/ccLxNSsZ.s 			page 11


 143      6BA1
 144 0106 B21DEB8C 		.ascii	"\262\035\353\214:\273r\327l\343q\253\323\322vp\036-"
 144      3ABB72D7 
 144      6CE371AB 
 144      D3D27670 
 144      1E2D
 145 0118 212265BF 		.ascii	"!\"e\277*\017\375\244H\2417#\2456yP\231t\223$'\310\315"
 145      2A0FFDA4 
 145      48A13723 
 145      A5367950 
 145      99749324 
 146 012f C6FA5187 		.ascii	"\306\372Q\207E\272p\261\036#K\007\325\377HG\300\222"
 146      45BA70B1 
 146      1E234B07 
 146      D5FF4847 
 146      C092
 147 0141 697FBEBD 		.ascii	"i\177\276\275\033\303\004P\033o\177\364-\300\213UYY"
 147      1BC30450 
 147      1B6F7FF4 
 147      2DC08B55 
 147      5959
 148 0153 DCFBDD91 		.ascii	"\334\373\335\221\204\246]6iI5\177\316n\373!\026\212"
 148      84A65D36 
 148      6949357F 
 148      CE6EFB21 
 148      168A
 149 0165 A27C782E 		.ascii	"\242|x.`\037/E\236\027\322\333\0026\246\213\213\247"
 149      601F2F45 
 149      9E17D2DB 
 149      0236A68B 
 149      8BA7
 150 0177 F5233356 		.ascii	"\365#3V4]\001\247\360\012!\346\343?\221\303/[\253\315"
 150      345D01A7 
 150      F00A21E6 
 150      E33F91C3 
 150      2F5BABCD 
 151 018b 74DFB23D 		.ascii	"t\337\262=\014G\002>\205\327\320B5\376\2577\350\023"
 151      0C47023E 
 151      85D7D042 
 151      35FEAF37 
 151      E813
 152 019d 42B48752 		.ascii	"B\264\207R\270t\007\261\240\326&\344a\"\215\"\352\315"
 152      B87407B1 
 152      A0D626E4 
 152      61228D22 
 152      EACD
 153 01af 6675320A 		.ascii	"fu2\012\303z\360\3125}\275p\343\346\260\316\025\206"
 153      C37AF0CA 
 153      357DBD70 
 153      E3E6B0CE 
 153      1586
 154 01c1 860A797D 		.ascii	"\206\012y}\361\362@\377\300-\235\037\271\232\313\346"
 154      F1F240FF 
 154      C02D9D1F 
 154      B99ACBE6 
 155 01d1 08F97F0B 		.ascii	"\010\371\177\013\343\254\267"
 155      E3ACB7
ARM GAS  /tmp/ccLxNSsZ.s 			page 12


 156              		.text
 157              		.section	.gnu.lto_.symbol_nodes.6719140295f0a10,"",%progbits
 158 0000 789C6363 		.ascii	"x\234cc``\360\002b\006\246\267\014\365\014\014\023\316"
 158      6060F002 
 158      6206A6B7 
 158      0CF50C0C 
 158      13CE
 159 0012 3180A85D 		.ascii	"1\200\250]\015\216@\221w\014\365\214\250\"\357\031\352"
 159      0D8E4091 
 159      770CF58C 
 159      A822EF19 
 159      EA
 160 0023 9950453E 		.ascii	"\231PE>0\3243\243\2100\000\000\366\002\023u"
 160      30D433A3 
 160      88300000 
 160      F6021375 
 161              		.text
 162              		.section	.gnu.lto_.refs.6719140295f0a10,"",%progbits
 163 0000 789C6363 		.ascii	"x\234cc```\004b\006\000\000D\000\010"
 163      60606004 
 163      62060000 
 163      440008
 164              		.text
 165              		.section	.gnu.lto_.decls.6719140295f0a10,"",%progbits
 166 0000 789CBD59 		.ascii	"x\234\275Y{P\224\327\025\337\373\335\005\226\267E\246"
 166      7B5094D7 
 166      15DFFBDD 
 166      0596B745 
 166      A6
 167 0011 B1299DA6 		.ascii	"\261)\235\246\216\231\3206\260>\222\230\277\332\020"
 167      8E99D036 
 167      B03E9298 
 167      BFDA10
 168 0020 C4CA74B4 		.ascii	"\304\312t\264\314b\234\232LK\310\272\211\244<,`'N\377"
 168      CC629C9A 
 168      4C4BC8BA 
 168      89A43C2C 
 168      60274EFF 
 169 0034 E8878B11 		.ascii	"\350\207\213\021\305\007\010\001E\010\010\0305\240B"
 169      C5070801 
 169      45080818 
 169      35A042
 170 0043 44501005 		.ascii	"DP\020\005TD\236\006\005E@\020\001\021\021y\250\310"
 170      54449E06 
 170      05454010 
 170      01111179 
 170      A8C8
 171 0055 43E9B98F 		.ascii	"C\351\271\217o\367\343\223\265\376\321\3117\236\375"
 171      6FF7E393 
 171      B5FED1C9 
 171      379EFD
 172 0064 F6DEFBBB 		.ascii	"\366\336\373\273\347\374\3569\367\236{\026\255U*U\340"
 172      E7FCEE39 
 172      F79E7B16 
 172      AD552A55 
 172      E0
 173 0075 2F54AA47 		.ascii	"/T\252G\202J\225\201T\252ix\254\240\257\034\004\232"
ARM GAS  /tmp/ccLxNSsZ.s 			page 13


 173      824A9581 
 173      54AA6978 
 173      ACA0AF1C 
 173      049A
 174 0087 AA52157B 		.ascii	"\252R\025{\324 \227@j@\352@\032T/>\273a\202\023\274"
 174      D4209740 
 174      6A40EA40 
 174      1A542F3E 
 174      BB618213 
 175 009c 3F057101 		.ascii	"?\005q\001q\345\363\335@\336\002\371\030d-\310o\000"
 175      71E5F3DD 
 175      40DE02F9 
 175      18642DC8 
 175      6F00
 176 00ae F76B903E 		.ascii	"\367k\220>\370~\027\344)\310\030\010\006\231\003\375"
 176      F87E17E4 
 176      29C81808 
 176      069903FD 
 177 00be 6E20CE88 		.ascii	"n \316\210\331\2774\213\235d\030p\230\305\216dC\322"
 177      D9BF348B 
 177      9D641870 
 177      98C58E64 
 177      43D2
 178 00d0 2FE995EC 		.ascii	"/\351\225\354\300\022Us\021\263\201\370Z\224\317~\030"
 178      C0125573 
 178      11B381F8 
 178      5A94CF7E 
 178      18
 179 00e1 B0B3B006 		.ascii	"\260\263\260\006\302=\034\3067\200\254BL'\321\263\226"
 179      C23D1CC6 
 179      3780AC42 
 179      4C27D1B3 
 179      96
 180 00f2 EBABE3ED 		.ascii	"\353\253\343\355(4Sg\272\005\235\226\370\222\351n\\"
 180      28345367 
 180      BA059D96 
 180      F892E96E 
 180      5C
 181 0103 E76C7E4E 		.ascii	"\347l~N\304\250\275\352H\016\216\305\350-;D\"\346\014"
 181      C4A8BDEA 
 181      480E8EC5 
 181      E82D3B44 
 181      22E60C
 182 0116 5DC7074E 		.ascii	"]\307\007N\217;\262.\202h,Ot\304\002\375\332\231\033"
 182      8F3BB22E 
 182      82682C4F 
 182      74C402FD 
 182      DA991B
 183 0129 DD63EB99 		.ascii	"\335c\353\231+\262G\3637\025:\211\260\244\251q\367H"
 183      2BB247F3 
 183      37153A89 
 183      B0A4A971 
 183      F748
 184 013b B60D7E8F 		.ascii	"\266\015~\217\002\177\214\316K%Z]\354\220\032\232\303"
 184      027F8CCE 
 184      4B255A5D 
 184      EC901A9A 
ARM GAS  /tmp/ccLxNSsZ.s 			page 14


 184      C3
 185 014c 7529779C 		.ascii	"u)w\234\240\351j\207\336H\304BG\313d\233\023\262s\217"
 185      A0E96A87 
 185      DE48C442 
 185      47CB649B 
 185      13B2738F 
 186 0160 11C5CD62 		.ascii	"\021\305\315b\206Q\264]\241B\247\221\033:\205\334T\250"
 186      8651B45D 
 186      A142A791 
 186      1B3A85DC 
 186      54A8
 187 0172 04B913CB 		.ascii	"\004\271\023\313\205\310S\205\012\240\363\004t~G\314"
 187      85C85385 
 187      0AA0F304 
 187      747E47CC 
 188 0182 9535ECFD 		.ascii	"\2255\354\375\303\276\021Q|\003\025#;T\2040\305\300"
 188      C3BE1151 
 188      7C031523 
 188      3B548430 
 188      C5C0
 189 0194 E2DEB263 		.ascii	"\342\336\262c\004\216d\307gZ\343\313\2100\020J\366\367"
 189      048E64C7 
 189      675AE3CB 
 189      8830104A 
 189      F6F7
 190 01a6 5C142CD9 		.ascii	"\\\024,\3318k\321\306\365\342\371\225[DQ@\245`\343\214"
 190      386BD1C6 
 190      F5E2F995 
 190      5B445140 
 190      A560E38C 
 191 01ba D9069824 		.ascii	"\331\006\230$/\350\005C\305\345\245\347\354;P;\202}"
 191      2FE80543 
 191      C5E5A5E7 
 191      EC3B503B 
 191      827D
 192 01cc 80E6D0F5 		.ascii	"\200\346\320\365#\304>\341M\204\266\247\245\007\261"
 192      23C43EE1 
 192      4D84B6A7 
 192      A507B1
 193 01db 7EE815D8 		.ascii	"~\350\025\330\213CIC\232\202L=\002\327!Hz\351?\256\000"
 193      8B434943 
 193      9A824C3D 
 193      02D72148 
 193      7AE93FAE 
 194 01f0 C9B5B271 		.ascii	"\311\265\262qfNzX\324\331\027\331<\326%\230\215\311"
 194      664E7A58 
 194      D4D917D9 
 194      3CD62598 
 194      8DC9
 195 0202 A6BCC055 		.ascii	"\246\274\300Ue\0326\2212/\022\361p7\015\3548\346\320"
 195      651A3691 
 195      322F12F1 
 195      70370DEC 
 195      38E6D0
 196 0215 896EC128 		.ascii	"\211n\301(l\3478M\010\015\374\376k]Y\002\256g\333\345"
 196      6CE7384D 
 196      080DFCFE 
ARM GAS  /tmp/ccLxNSsZ.s 			page 15


 196      6B5D5902 
 196      AE67DBE5 
 197 0229 D2E193E5 		.ascii	"\322\341\223\345H-0\277\241P5\351\253\031;tNm\352\253"
 197      482D30BF 
 197      A15035E9 
 197      AB193B74 
 197      4E6DEAAB 
 198 023d 40B4F3E2 		.ascii	"@\264\363\342\364X\2313\333.\002\331IC\265i\366l\273"
 198      F4589933 
 198      DB2E02D9 
 198      4943B569 
 198      F66CBB
 199 0250 CC21BBE7 		.ascii	"\314!\273\347\354\255$a^\022\211O\234Q\234#\240O\177"
 199      ECAD2461 
 199      5E12894F 
 199      9C519C23 
 199      A04F7F
 200 0263 8E2E42D4 		.ascii	"\216.B\324.@\324T\250\022\315\203\317\363H\315h\345"
 200      2E40D454 
 200      A812CD83 
 200      CFF348CD 
 200      68E5
 201 0275 C73EDBAA 		.ascii	"\307>\333\252\231\237!ft\212e\323\255\013\356\026\210"
 201      999F2166 
 201      748A65D3 
 201      AD0BEE16 
 201      88
 202 0286 22C45354 		.ascii	"\"\304ST\023\034*7\007\264\234l\\T\206:\021:\207:`\021"
 202      131C2A37 
 202      07B49C6C 
 202      5C54863A 
 202      113A873A 
 203 029c 97D07CB2 		.ascii	"\227\320|\262\252[\245C\230\354\\K\374\223\257f\026"
 203      AA5BA543 
 203      98EC5C4B 
 203      FC93AF66 
 203      16
 204 02ad 3B5A2453 		.ascii	";Z$SM\311\\\226\310L\267\224\3679q2\375\363R\304\262"
 204      4DC95C96 
 204      C84CB794 
 204      F7397132 
 204      FDF352C4 
 205 02c2 CD22D95B 		.ascii	"\315\"\331[\200BUf*UJ*5\224J\376\323\373F\214\323\030"
 205      80425566 
 205      2A554A2A 
 205      35944AFE 
 205      D3FB468C 
 206 02d8 9584E8F8 		.ascii	"\225\204\350\370D[\256\251\372u\223&\262\250Z\263\246"
 206      445BAEA9 
 206      FA759326 
 206      B2A85AB3 
 206      A6
 207 02e9 5AA5A63A 		.ascii	"Z\245\246:\252\251\364P\262/.f\212\206\317D\375Ub\364"
 207      AAA9F450 
 207      B22F2E66 
 207      8A86CF44 
 207      FD5562F4 
ARM GAS  /tmp/ccLxNSsZ.s 			page 16


 208 02fd CB198CEA 		.ascii	"\313\031\214\352\315z\352\225z\032\250\236\334\246\364"
 208      CD7AEA95 
 208      7A1AA89E 
 208      DCA6F4
 209 030c 12071626 		.ascii	"\022\007\026&\321\215\350*\337Z\300\333C6\320N<z\247"
 209      D18DE82A 
 209      DF5AC0DB 
 209      4336D04E 
 209      3C7AA7
 210 031f 08B1769C 		.ascii	"\010\261v\234+\264\373\232\016\2458\2628\212\007\020"
 210      2BB4FB9A 
 210      0EA538B2 
 210      388A0710 
 211 032f 74A44D4D 		.ascii	"t\244MME\253q\015cr\273\371y\015\317\021F+\2623z\332"
 211      45AB710D 
 211      6372BBF9 
 211      790DCF11 
 211      462BB233 
 212 0345 BE71B48B 		.ascii	"\276q\264\213!\236\245\347\225\014H'V\205\232\311\001"
 212      219EA5E7 
 212      950C4827 
 212      56859AC9 
 212      01
 213 0356 445A37D4 		.ascii	"DZ7\324\004M@\347$e\236\304.q4\016\242\370\201\232\206"
 213      044D40E7 
 213      24659EC4 
 213      2E71340E 
 213      A2F8819A 
 214 036b E82AC01B 		.ascii	"\350*\300\033)\374:r\221&\021t\367\301\356\014[\316"
 214      29FC3A72 
 214      91261174 
 214      F7C1EE0C 
 214      5BCE
 215 037d DC1ADA5F 		.ascii	"\334\032\332_\307we9q\346\204\330\225\370\035\011j\316"
 215      C7776539 
 215      71E684D8 
 215      95F81D09 
 215      6ACE
 216 038f 94A4C05D 		.ascii	"\224\244\300]\327\343\377\210\233\030\317\033\371\011"
 216      D7E3FF88 
 216      9B18CF1B 
 216      F909
 217 039d 79560CFB 		.ascii	"yV\014\373\220`\213S\232S\354-\362l\227x\2661\236\307"
 217      90608B53 
 217      9A53EC2D 
 217      F26C9778 
 217      B6319EC7 
 218 03b1 B7741FD1 		.ascii	"\267t\037\321\300l7\310\257H\226\\\335Xr-(\033=\252"
 218      C06C37C8 
 218      AF48965C 
 218      DD58722D 
 218      281B3DAA 
 219 03c5 C637A825 		.ascii	"\3067\250%!\377h\367\227\310\335N\312v\236[\266\222"
 219      21FF68F7 
 219      97C8DD4E 
 219      CA769E5B 
 219      B692
ARM GAS  /tmp/ccLxNSsZ.s 			page 17


 220 03d7 D874C1C2 		.ascii	"\330t\301\302:\315\261q#K\242YM\314\022\361<\025Z\342"
 220      3ACDB171 
 220      234BA259 
 220      4DCC12F1 
 220      3C155AE2 
 221 03eb 8616424E 		.ascii	"\206\026BN\273\0159\315\215\347\264\016\240s\213\331"
 221      BB0D39CD 
 221      8DE7B40E 
 221      A0738BD9 
 222 03fb 3F927EF8 		.ascii	"?\222~\370\202#\356b\006n\035}X\217M\026 \327\235\240"
 222      8223EE62 
 222      066E1D7D 
 222      588F4D16 
 222      20D79DA0 
 223 040f B9AE072C 		.ascii	"\271\256\007,\3341[\350B\026Lt\317n\242\251#\251\325"
 223      DC315BE8 
 223      42164C74 
 223      CF6EA2A9 
 223      23A9D5
 224 0422 DE1C0A44 		.ascii	"\336\034\012D\365\335\204\361\026\352\221^\032\212v"
 224      F5DD84F1 
 224      16EA915E 
 224      1A8A76
 225 0431 29149B2F 		.ascii	")\024\233/l\273\217\210\373\214\257\246}\357\305\361"
 225      6CBB8F88 
 225      FB8CAFA6 
 225      7DEFC5F1 
 226 0441 876AB9F6 		.ascii	"\207j\271\366\273/\323^\330\221\270\215o\311\014r\363"
 226      BB2FD35E 
 226      D891B88D 
 226      6FC90C72 
 226      F3
 227 0452 14B70F97 		.ascii	"\024\267\017\227\331\263v'q\377\370\300\336&\015\017"
 227      D9B37627 
 227      71FFF8C0 
 227      DE260D0F 
 228 0462 B413B4CF 		.ascii	"\264\023\264\317\217\246\016;\340~\026\351\212\326\322"
 228      8FA60E3B 
 228      E07E16E9 
 228      8AD6D2
 229 0471 181EE9A5 		.ascii	"\030\036\351\245\320\254\335u\272\307\362\206\034\224"
 229      D0ACDD75 
 229      BAC7F286 
 229      1C94
 230 047f 02FD80F1 		.ascii	"\002\375\200\361|\236\221\332,(7\344}\200\367S\370C"
 230      7C9E91DA 
 230      2C2837E4 
 230      7D80F753 
 230      F843
 231 0491 CA7350E2 		.ascii	"\312sP\342\231\374`\374u\276\037\345\027\244\013\275"
 231      99FC60FC 
 231      75BE1FE5 
 231      17A40BBD 
 232 04a1 20D1B1BE 		.ascii	" \321\261\276s\251v\234%I\210\347\257\356\317\261\301"
 232      73A9769C 
 232      254988E7 
 232      AFEECFB1 
ARM GAS  /tmp/ccLxNSsZ.s 			page 18


 232      C1
 233 04b2 8F18CB47 		.ascii	"\217\030\313G\333\267\214\361sC\016]w\365\310\017N\026"
 233      DBB78CF1 
 233      73430E5D 
 233      77F5C80F 
 233      4E16
 234 04c4 593E9658 		.ascii	"Y>\226X>b,S\373G\247\235\224,G\000>L\341O(\313\307\022"
 234      3E622C53 
 234      FB47A79D 
 234      942C4700 
 234      3E4CE14F 
 235 04dc CBBD8DF9 		.ascii	"\313\275\215\371>,T\257r\203\302\204\253g'\032\234\345"
 235      3E2C54AF 
 235      7283C284 
 235      AB67271A 
 235      9CE5
 236 04ee EAC75EA6 		.ascii	"\352\307^\246~\254p\262\225\257:\003\223\255Q\322\022"
 236      7EAC70B2 
 236      95AF3A03 
 236      93AD51D2 
 236      12
 237 04ff CFAF814E 		.ascii	"\317\257\201N\371\251u\345\2476\252/o+\306\343\314\015"
 237      F9A975E5 
 237      A736AA2F 
 237      6F2BC6E3 
 237      CC0D
 238 0511 A3C95BB6 		.ascii	"\243\311[\266i\030\3705h\0368>8\240\261\350\206\347"
 238      6918F835 
 238      681E383E 
 238      38A0B1E8 
 238      86E7
 239 0523 921B9E31 		.ascii	"\222\033\2361\236\317*:2\235\225n\230\004\370\004\205"
 239      9ECF2A3A 
 239      329D956E 
 239      9804F804 
 239      85
 240 0534 4F539ECF 		.ascii	"OS\236\317%\236\005\245\303\007\245\354Ax\366\344te"
 240      259E05A5 
 240      C307A5EC 
 240      4178F6E4 
 240      7465
 241 0546 D961A39A 		.ascii	"\331a\243\232\362\370\276,\266\212\207#\203\304jz\377"
 241      F2F8BE2C 
 241      B68A8723 
 241      83C46A7A 
 241      FF
 242 0557 509A038E 		.ascii	"P\232\003\216a\203R ]x \033\356\025\346\013x\017\033"
 242      61835220 
 242      5D78201B 
 242      EE15E60B 
 242      780F1B
 243 056a 7CD61117 		.ascii	"|\326\021\027g\303g\222\275\331\321\322\224\357\200"
 243      67C36792 
 243      BDD9D1D2 
 243      94EF80
 244 0579 93D96061 		.ascii	"\223\331`a\357\345Ji&\031\334v\274+\326\012g\260\301"
 244      EFE54A69 
ARM GAS  /tmp/ccLxNSsZ.s 			page 19


 244      2619DC76 
 244      BC2BD60A 
 244      67B0C1
 245 058c DBED77B7 		.ascii	"\333\355w\267;\341\203\254q\251r\363\227\3708\373^s"
 245      3BE183AC 
 245      71A972F3 
 245      97F838FB 
 245      5E73
 246 059e 27FA6D36 		.ascii	"'\372m6)\232$\350\213\331\371\351\23090\203n\377\023"
 246      299A24E8 
 246      8BD9F9E9 
 246      98393083 
 246      6EFF13
 247 05b1 E5DB8DCE 		.ascii	"\345\333\215\316\270\200\202\235;&\214\035\016h\001"
 247      B880829D 
 247      3B268C1D 
 247      0E6801
 248 05c0 7BE62E70 		.ascii	"{\346.p\247\357L1:\012\222\317n|\363H5\270\262\002\241"
 248      A7EF4C31 
 248      3A0A92CF 
 248      6E7CF348 
 248      35B8B202 
 249 05d5 A7C805C5 		.ascii	"\247\310\005\305\012\030%\011sM\241\004W\202\203\026"
 249      0A182509 
 249      734DA104 
 249      57828316 
 250 05e5 915A964D 		.ascii	"\221Z\226M\350Z\005\037Q\220\362\001\334\212\030X:\244"
 250      E85A051F 
 250      5190F201 
 250      DC8A1858 
 250      3AA4
 251 05f7 E80692A1 		.ascii	"\350\006\222\241I\346\251&\350hL\374\214\2468Z\362>"
 251      49E6A926 
 251      E8684CFC 
 251      8CA6385A 
 251      F23E
 252 0609 1A470ADD 		.ascii	"\032G\012\335\215\034M\210\214\"\005\221!%\272k\245"
 252      8D1C4D88 
 252      8C220591 
 252      2125BA6B 
 252      A5
 253 061a 19BD4D49 		.ascii	"\031\275MI;FP0\231Xifb\024\024L6\313\321\321F\261ld"
 253      3B465030 
 253      99586966 
 253      6214144C 
 253      36CBD1D1 
 254 0632 550A4593 		.ascii	"U\012E\223]\275\213\243MG\342\212\231I<\337X\"\024\002"
 254      5DBD8BA3 
 254      4D47E28A 
 254      99493CDF 
 254      58221402 
 255 0646 68A7E086 		.ascii	"h\247\340\206vPM\004\016'\006\355\025\334\321na\001"
 255      76504D04 
 255      0E2706ED 
 255      15DCD16E 
 255      6101
 256 0658 4A014900 		.ascii	"J\001I\000I\006I\003I\004I\005\211\007\331\003\262\037"
ARM GAS  /tmp/ccLxNSsZ.s 			page 20


 256      49064903 
 256      49044905 
 256      8907D903 
 256      B21F
 257 066a 240E641F 		.ascii	"$\016d\037\3107\302\002Z\2031\332\3752\332[\225\264"
 257      C837C202 
 257      5A8331DA 
 257      FD32DA5B 
 257      95B4
 258 067c BF36D366 		.ascii	"\2776\323f\211\276\262\316%\012\270\020\224\212'y\263"
 258      89BEB2CE 
 258      250AB810 
 258      948A2779 
 258      B3
 259 068d AAC17A97 		.ascii	"\252\301z\227=\242X\265\220\\\231\350\032w\257t\221"
 259      3DA258B5 
 259      905C99E8 
 259      1A77AF74 
 259      91
 260 069e A21F95A1 		.ascii	"\242\037\225\241\273)\263\274]iy\370\0054\017\035d?"
 260      BB29B3BC 
 260      5D6979F8 
 260      05340F1D 
 260      643F
 261 06b0 34C0754B 		.ascii	"4\300uK9\021\335S\206\256B\026\350(e\350DA\201\036\221"
 261      3911DD53 
 261      86AE4216 
 261      E82865E8 
 261      4441811E 
 262 06c5 057A8B12 		.ascii	"\005z\213\022\035mF\223\334\334\334q\001\341;t\333\013"
 262      1D6D4693 
 262      DCDCDC71 
 262      01E13B74 
 262      DB0B
 263 06d7 9B27F20B 		.ascii	"\233'\362\013\255\320\\\367Y\203\004g\330\375\377\022"
 263      ADD05CF7 
 263      59830467 
 263      D8FDFF12 
 264 06e7 27E6F9E7 		.ascii	"'\346\371\347\365\032\370\235\204\322A\341\267\202\351"
 264      F51AF89D 
 264      84D241E1 
 264      B782E9
 265 06f6 822571A0 		.ascii	"\202%q\240\274\266\335\235\250\301\016\333M?Q(\320\234"
 265      BCB6DD9D 
 265      A8C10EDB 
 265      4D3F5128 
 265      D09C
 266 0708 B50E080E 		.ascii	"\265\016\010\016\264\354\2067\251\276\352.\265\361D"
 266      B4EC8637 
 266      A9BEEA2E 
 266      B5F144
 267 0717 1343CEF2 		.ascii	"\023C\316\362\364\275\226,\236\225\206he7\225V\304\333"
 267      F4BD962C 
 267      9E958668 
 267      65379556 
 267      C4DB
 268 0729 AEB2ECE2 		.ascii	"\256\262\354\342\312\263\313\300\336X\243\263\305\004"
ARM GAS  /tmp/ccLxNSsZ.s 			page 21


 268      CAB3CBC0 
 268      DE58A3B3 
 268      C504
 269 0737 F99DC013 		.ascii	"\371\235\300\023\344)\226 \257\265\367$9(\023\344Ap"
 269      E4299620 
 269      AFB5F724 
 269      392813E4 
 269      4170
 270 0749 523675EC 		.ascii	"R6u\354!\301E\232D\320'\033\257?\261\305\017X\016jI"
 270      21C1459A 
 270      44D0271B 
 270      AF3FB1C5 
 270      0F580E6A 
 271 075e DA3E6025 		.ascii	"\332>`%\335\0321\257rkd\367\346?\264\225\033;\"\274"
 271      DD1A31AF 
 271      726B64F7 
 271      E63FB495 
 271      1B3B22BC 
 272 0772 C4D8D5DE 		.ascii	"\304\330\325\336\003\321\374\212\277\242\222\375Zpa"
 272      03D1FC8A 
 272      BFA292FD 
 272      5A7061
 273 0781 BF16A4C4 		.ascii	"\277\026\244\304\351\312\023gIe\343e\204G\030\267\212"
 273      E9CA1367 
 273      4965E365 
 273      844718B7 
 273      8A
 274 0792 91BC437C 		.ascii	"\221\274C|.I\344\235q\347\247-\373$O\362\311q\201\322"
 274      2E49E49D 
 274      71E7A72D 
 274      FB244FF2 
 274      C97181D2 
 275 07a6 7C1C97B7 		.ascii	"|\034\227\267\\\351\222\243\3002\227\262\314\247,\363"
 275      5CE992A3 
 275      C03297B2 
 275      CCA72CF3 
 276 07b6 2496FBD2 		.ascii	"$\226\373\322\372\217\011\3125YD\307^<Y\311c[E\332\275"
 276      FA8F09CA 
 276      355944C7 
 276      5E3C59C9 
 276      635B45DA 
 277 07cb CF4F54DB 		.ascii	"\317OT\333\340"
 277      E0
 278 07d0 31463A61 		.ascii	"1F:a\317\323j\015\236d\215\242\301\234\"G\206,#\355"
 278      CFD36A0D 
 278      9E648DA2 
 278      C19C2247 
 278      862C23ED 
 279 07e4 949247D5 		.ascii	"\224\222G\325\274f\321\310\206]\371\360h\316\320Ak<"
 279      BC66D1C8 
 279      865DF9F0 
 279      68CED041 
 279      6B3C
 280 07f6 CDE6C60F 		.ascii	"\315\346\306\017\215$X[\\n\261\264\334\205t\265E'\263"
 280      8D24585B 
 280      5C6EB1B4 
 280      DC8574B5 
ARM GAS  /tmp/ccLxNSsZ.s 			page 22


 280      4527B3
 281 0809 1E6A94CB 		.ascii	"\036j\224\313=\005\013(\242\013(\241\013(\226\026P\022"
 281      3D050B28 
 281      A20B28A1 
 281      0B289616 
 281      5012
 282 081b 95DD8495 		.ascii	"\225\335\204\225\313\265\210>\334\233\272\213\207\341"
 282      CBB5883E 
 282      DC9BBA8B 
 282      87E1
 283 0829 7D52668C 		.ascii	"}Rf\214\037\350w\304F+J\362\301\340\324q'\034\303\032"
 283      1FE877C4 
 283      462B4AF2 
 283      C1E0D471 
 283      271CC31A 
 284 083d 2545672A 		.ascii	"%Eg*\371\352\026\222\242?\267\274\336\036\357dcSq\351"
 284      F9EA1692 
 284      A23FB7BC 
 284      DE1EEF64 
 284      635371E9 
 285 0851 276C7102 		.ascii	"'lq\002k\354\037m\277\3077\277;\211s\326\267{l\361^"
 285      6BEC1F6D 
 285      BFC737BF 
 285      3B8973D6 
 285      B77B6CF1 
 286 0866 36361D17 		.ascii	"66\035\027\263\317\006\247\261Fb}b\226=\316d\215\301"
 286      B3CF06A7 
 286      B146627D 
 286      62963DCE 
 286      648DC1
 287 0879 E89E4EBE 		.ascii	"\350\236N\276u\346As\262/\261\205\377~q\220\225#\256"
 287      75E64173 
 287      B22FB185 
 287      FF7E7190 
 287      9523AE
 288 088c BC1C39F6 		.ascii	"\274\0349\366dW\262=>\314\246^o\211>\315\261\366\320"
 288      6457B23D 
 288      3ECCA65E 
 288      6F893ECD 
 288      B1F6D0
 289 089f 34E69E2D 		.ascii	"4\346\236-\264\262\350\332Z\311\2655l'\355<\226}\316"
 289      B4B2E8DA 
 289      5AC9B535 
 289      6C27ED3C 
 289      967DCE
 290 08b2 5A59315F 		.ascii	"ZY1_\006oUQo\325Qo\325J\336\252\357\215m\260WV\300\026"
 290      066F5551 
 290      6FD5516F 
 290      D54ADEAA 
 290      EF8D6DB0 
 291 08ca D1A58D6D 		.ascii	"\321\245\215m\037\340\\F\362q}\333m\204\363X#\272\346"
 291      1FE05C46 
 291      F2717DDB 
 291      6D84F358 
 291      23BAE6
 292 08dd F2211B5C 		.ascii	"\362!\033\\\300\032\003G\352\252\254q1kt\367N\234\302"
 292      C01A0347 
ARM GAS  /tmp/ccLxNSsZ.s 			page 23


 292      EAAAAC71 
 292      316B74F7 
 292      4E9CC2
 293 08f0 F81C6B7C 		.ascii	"\370\034k|7\220\271\323\026_\340s\272\007\353\271\203"
 293      3790B9D3 
 293      165FE073 
 293      BA07EBB9 
 293      83
 294 0901 7690C334 		.ascii	"v\220\30349TxMr\011\331n\375\217{\2465\270\232\202_"
 294      3954784D 
 294      7209D96E 
 294      FD8F7BA6 
 294      35B89A82 
 295 0916 CB6FACCD 		.ascii	"\313o\254\315\260E\264\2260?\356\374\235)&B\272\276"
 295      B045B496 
 295      303FEEFC 
 295      9D292642 
 295      BABE
 296 0928 D5CA2F9B 		.ascii	"\325\312/\233\037\004\027t\0142b+$<\351T\240\034e\212"
 296      1F041774 
 296      0C32622B 
 296      243CE954 
 296      A01C658A 
 297 093c AFF89855 		.ascii	"\257\370\230U\025\365\200\256\346hi\341\350\222\034"
 297      15F580AE 
 297      E66869E1 
 297      E8921C
 298 094b 9D08B773 		.ascii	"\235\010\267s\343'\354v&[\257\200\243M\251\347\004E"
 298      E327EC76 
 298      265BAF80 
 298      A34DA9E7 
 298      0445
 299 095d 9F462F5C 		.ascii	"\237F/\\\317\315\240\257\211\016\266\362\264\177\027"
 299      CFCDA0AF 
 299      890EB6F2 
 299      B47F17
 300 096c D27E3FA4 		.ascii	"\322~?\244\362[ } \017@:An\203\264\200\334\003\271\017"
 300      F25B207D 
 300      200F403A 
 300      416E83B4 
 300      80DC03B9 
 301 0981 D20DD20B 		.ascii	"\322\015\322\013\322\003\322\0062\0002\010\322\001r"
 301      D203D206 
 301      32003208 
 301      D20172
 302 0990 13E40648 		.ascii	"\023\344\006H;\310\035\220.\323\365M\353\210\217\315"
 302      3BC81D90 
 302      2ED3F54D 
 302      EB888FCD 
 303 09a0 75C43925 		.ascii	"u\3049%\323\322\031\353\"\025\315'\354\242\373\036\274"
 303      D3D219EB 
 303      2215CD27 
 303      ECA2FB1E 
 303      BC
 304 09b1 7098A3A5 		.ascii	"p\230\243\245\354\310\013VY\215rs\255Y\367U\245n\255"
 304      ECC80B56 
 304      598D7273 
ARM GAS  /tmp/ccLxNSsZ.s 			page 24


 304      AD59F755 
 304      A56EAD
 305 09c4 D909CC67 		.ascii	"\331\011\314g\3252\237\235\234\335g\362\372G\246\373"
 305      D5329F9D 
 305      9CDD67F2 
 305      FA47A6FB 
 306 09d4 8A129DAB 		.ascii	"\212\022\235\253DO\310\320\015\263\243%*T\371'f\370"
 306      444FC8D0 
 306      0DB3A325 
 306      2A54F927 
 306      66F8
 307 09e6 75253C53 		.ascii	"u%<SY\270\365s\247\300\345@\353\220\031N\311zA\371M"
 307      59B8F573 
 307      A7C0E540 
 307      EB90194E 
 307      C97A41F9 
 308 09fb 99C72F28 		.ascii	"\231\307/(\225\237\177\001\336/\203\227+\341e/\300\273"
 308      959F7F01 
 308      DE2F8397 
 308      2BE1652F 
 308      C0BB
 309 0a0d 64F08AD9 		.ascii	"d\360\212\331\341\362r\254\205\225c\255\312r\214\250"
 309      E1F272AC 
 309      859563AD 
 309      CA728CA8 
 310 0a1d EA6D71C9 		.ascii	"\352mq\3114\222\023Bt5*u\025)}\\-\263\\\251D\263rL\036"
 310      34921342 
 310      74352A75 
 310      15297D5C 
 310      2DB35CA9 
 311 0a36 EEC6B5E6 		.ascii	"\356\306\265\346p_\233us\310t7\312t_\234\335g\362h\313"
 311      705F9B75 
 311      73C87437 
 311      CA745F9C 
 311      DD67F268 
 312 0a4b D06767DF 		.ascii	"\320gg\337\3233<,\333\034?\316\276L\023q\222\011x\270"
 312      D3333C2C 
 312      DB1C3FCE 
 312      BE4C1371 
 312      920978B8 
 313 0a5f CF40B84F 		.ascii	"\317@\270Os\270t\275\240\302\031\305^}\3077\365j|\205"
 313      73B874BD 
 313      A0C219C5 
 313      5E7DC737 
 313      F56A7C85 
 314 0a73 E624A1FD 		.ascii	"\346$\241\375^A\254\275\262\330\223\216<\032\206\223"
 314      5E41ACBD 
 314      B2D8938E 
 314      3C1A8693 
 315 0a83 FE539C7A 		.ascii	"\376S\234z^\014\266Z\223bp\010\014>4\027\203\255R1\230"
 315      5E0CB65A 
 315      93627008 
 315      0C3E3417 
 315      83AD5231 
 316 0a98 D5DB755E 		.ascii	"\325\333u^-/\006\207f\024\203#\274\030\034\241\305\340"
 316      2D2F0687 
 316      66148323 
ARM GAS  /tmp/ccLxNSsZ.s 			page 25


 316      BC181CA1 
 316      C5E0
 317 0aaa D981D3CD 		.ascii	"\331\201\323\3156\270\205e\351\314\276\272\313\374\226"
 317      36B88565 
 317      E9CCBEBA 
 317      CBFC96
 318 0ab9 FC15F97B 		.ascii	"\374\025\371{L\302\300.\304\222t\037I\332\007\352F\223"
 318      4CC2C02E 
 318      C492741F 
 318      49DA07EA 
 318      4693
 319 0acb ECF05D86 		.ascii	"\354\360]\206=U\372`1\203\222\037\210\355\261m\255\310"
 319      3D55FA60 
 319      3183921F 
 319      88EDB16D 
 319      ADC8
 320 0add E2B5F554 		.ascii	"\342\265\365T\272\266\306\330\265\325\364\264t\302\001"
 320      BAB6C6D8 
 320      B5D5F4B4 
 320      74C201
 321 0aec 0F5145EA 		.ascii	"\017QE\352\\\343\367Cj\344\356\206\000\216\330_\224"
 321      5CE3F743 
 321      6AE4EE86 
 321      008ED85F 
 321      94
 322 0afd C8FF09A8 		.ascii	"\310\377\011\250\3203\330[\343\002\226\376\217!E\004"
 322      D033D85B 
 322      E30296FE 
 322      8F214504 
 323 0b0d F543FF21 		.ascii	"\365C\377!\335\360]C\337\263\374mi\002\334\377\214\332"
 323      DDF05D43 
 323      DFB3FC6D 
 323      6902DCFF 
 323      8CDA
 324 0b1f 9B82E84C 		.ascii	"\233\202\350L2\203\351\351g\233\221\374\346#\272\037"
 324      3283E9E9 
 324      679B91FC 
 324      E623BA1F 
 325 0b2f C3F8231A 		.ascii	"\303\370#\032\361\347\364\346{*\335|\371\251U\343\266"
 325      F1E7F4E6 
 325      7B2ADD7C 
 325      F9A955E3 
 325      B6
 326 0b40 765C77CC 		.ascii	"v\\w\314\377\322\2353\222=5\343V\235~\231\356\206\202"
 326      FFD29D33 
 326      923D35E3 
 326      569D7E99 
 326      EE8682
 327 0b53 DA1BB66F 		.ascii	"\332\033\266of\211W\312\304\262\311\326\267S6\227\211"
 327      668957CA 
 327      C4B2C9D6 
 327      B7533697 
 327      89
 328 0b64 C60F9088 		.ascii	"\306\017\220\210]\320\023\010e\035\232/\233:\012=\177"
 328      5DD01308 
 328      651D9A2F 
 328      9B3A0A3D 
ARM GAS  /tmp/ccLxNSsZ.s 			page 26


 328      7F
 329 0b75 1754280A 		.ascii	"\027T(\012\277\251\372\235\247\247\226\375\013\213\320"
 329      BFA9FA9D 
 329      A7A796FD 
 329      0B8BD0
 330 0b84 AE0F0CD6 		.ascii	"\256\017\014\326n\010\013\217\214\320\352\303BB\302"
 330      6E080B8F 
 330      8CD0EAC3 
 330      4242C2
 331 0b93 42B55EBA 		.ascii	"B\265^\272\225\336+\277\322\206\376+H\357\251\327\374"
 331      95DE2BBF 
 331      D286FE2B 
 331      48EFA9D7 
 331      FC
 332 0ba4 69D5476F 		.ascii	"i\325Gox/Z\244\262\013\010\330\030\024\032\271dq@\344"
 332      782F5AA4 
 332      B20B08D8 
 332      18141AB9 
 332      647140E4 
 333 0bb8 D748BB3E 		.ascii	"\327H\273>,\304\240\015\324G\030<\202\003?\323.\013"
 333      2CC4A00D 
 333      D447183C 
 333      82033FD3 
 333      2E0B
 334 0bca D36F0C31 		.ascii	"\323o\0141\204\202\212\325\206\300\220?k}\364\301A\033"
 334      84828AD5 
 334      86C0903F 
 334      6B7DF4C1 
 334      411B
 335 0bdc 220C0106 		.ascii	"\"\014\001\006\217\015\033\365\377X\254]\035\026\026"
 335      8F0D1BF5 
 335      FF58AC5D 
 335      1D1616
 336 0beb 1CA1FD42 		.ascii	"\034\241\375B\257\367\010\014\017\361\010\015\0135x"
 336      AFF7080C 
 336      0FF1080D 
 336      0B3578
 337 0bfa 18023F0B 		.ascii	"\030\002?\013\362X\352\261x\341\242\245\036\377|\307"
 337      F258EAB1 
 337      78E1A2A5 
 337      1EFF7CC7 
 338 0c0a 2324F0CB 		.ascii	"#$\360\313\260p\355\214QmP\250>x\343:\2036$P\277>(\324"
 338      B070ED8C 
 338      516D50A8 
 338      3E78E33A 
 338      83362450 
 339 0c22 A00D5867 		.ascii	"\240\015Xg\370<pcpd@\344\246\015\206\010\317\365*\215"
 339      F83C7063 
 339      706440E4 
 339      A60D8608 
 339      CFF52A8D 
 340 0c36 44E8DF3F 		.ascii	"D\350\337?)\237\210M\021\332\200\210\310u`\034H\314"
 340      299F884D 
 340      11DA8088 
 340      C875601C 
 340      48CC
 341 0c48 217EF209 		.ascii	"!~\362\011\015\374,\330\260\306\240\217\014\013\377"
ARM GAS  /tmp/ccLxNSsZ.s 			page 27


 341      0DFC2CD8 
 341      B0C6A08F 
 341      0C0BFF
 342 0c57 FDAB3B57 		.ascii	"\375\253;W\3653\362^\026\024a\236\355Fz\374\015\221"
 342      F533F25E 
 342      1614619E 
 342      ED467AFC 
 342      0D91
 343 0c69 FE9B2222 		.ascii	"\376\233\"\"\015!+\002C\327\005\033\302\375\302\203"
 343      0D212B02 
 343      43D7051B 
 343      C2FDC283 
 344 0c79 C2C28322 		.ascii	"\302\302\203\"7Q[\336\301\206\300p?C(\330\377\302V\347"
 344      37515BDE 
 344      C186C070 
 344      3F4328D8 
 344      FFC256E7 
 345 0c8d E3EFA35B 		.ascii	"\343\357\243[\343\263\354]\301\327\317\226E\350\375"
 345      E3B3EC5D 
 345      C1D7CF96 
 345      45E8FD
 346 0c9c 80481BFE 		.ascii	"\200H\033\3766\015\277\243\366\365\372Pgj.Q\373z\373"
 346      360DBFA3 
 346      F6F5FA50 
 346      676A2E51 
 346      FB7AFB
 347 0caf 999B8BD5 		.ascii	"\231\233\213\325\276\376~:\215\216\265\026\301\240\217"
 347      BEFE7E3A 
 347      8D8EB516 
 347      C1A08F
 348 0cbe 7970210C 		.ascii	"yp!\014\372\350\324\376\253}u\277\225\257\314\360U\244"
 348      FAE8D4FE 
 348      AB7D75BF 
 348      95AFCCF0 
 348      55A4
 349 0cd0 D67BA5BF 		.ascii	"\326{\245\277\257\277\311/\372\260pC\200>d\0118\305"
 349      AFBFC92F 
 349      FAB07043 
 349      803E6409 
 349      38C5
 350 0ce2 76D51A5F 		.ascii	"v\325\032_\357\200\325\020'\230\355\245S\257\\\271\\"
 350      EF80D510 
 350      2798EDA5 
 350      53AF5CB9 
 350      5C
 351 0cf3 87BD96E9 		.ascii	"\207\275\226\351\3602x\373-\327\251\275\226\373\353"
 351      F03278FB 
 351      2DD7A9BD 
 351      96FBEB
 352 0d02 D41F2EF7 		.ascii	"\324\037.\367\322Y\301\020\000\226\221\366\012\362\341"
 352      D259C110 
 352      009691F6 
 352      0AF2E1
 353 0d11 0D1F56FE 		.ascii	"\015\037V\376+\274\375u\330\177\205\037\366\366\206"
 353      2BBCFD75 
 353      D87F851F 
 353      F6F686
ARM GAS  /tmp/ccLxNSsZ.s 			page 28


 354 0d20 B7B7CECA 		.ascii	"\267\267\316\312\313W\347\255S\257Y\375\027\035\320"
 354      CB57E7AD 
 354      53AF59FD 
 354      171DD0
 355 0d2f 0384B7DF 		.ascii	"\003\204\267\337G\276\313\340\323\313[\247\361\367\376"
 355      47BECBE0 
 355      D3CB5BA7 
 355      F1F7FE
 356 0d3e 90DA720C 		.ascii	"\220\332r\014\010\370|c\250> \300\363\335\245\357\276"
 356      08F87C63 
 356      A83E20C0 
 356      F3DDA5EF 
 356      BE
 357 0d4f A7915A6A 		.ascii	"\247\221Zj\375\372\300\360\377\002\232\373#\353"
 357      FDFAC0F0 
 357      FF029AFB 
 357      23EB
 358              		.text
 359              		.section	.gnu.lto_.symtab.6719140295f0a10,"",%progbits
 360 0000 6E766963 		.ascii	"nvicEnableVector\000"
 360      456E6162 
 360      6C655665 
 360      63746F72 
 360      00
 361 0011 00       		.ascii	"\000"
 362 0012 00       		.ascii	"\000"
 363 0013 00       		.ascii	"\000"
 364 0014 00000000 		.ascii	"\000\000\000\000\000\000\000\000"
 364      00000000 
 365 001c C7000000 		.ascii	"\307\000\000\000"
 366 0020 6E766963 		.ascii	"nvicDisableVector\000"
 366      44697361 
 366      626C6556 
 366      6563746F 
 366      7200
 367 0032 00       		.ascii	"\000"
 368 0033 00       		.ascii	"\000"
 369 0034 00       		.ascii	"\000"
 370 0035 00000000 		.ascii	"\000\000\000\000\000\000\000\000"
 370      00000000 
 371 003d CB000000 		.ascii	"\313\000\000\000"
 372 0041 6E766963 		.ascii	"nvicSetSystemHandlerPriority\000"
 372      53657453 
 372      79737465 
 372      6D48616E 
 372      646C6572 
 373 005e 00       		.ascii	"\000"
 374 005f 00       		.ascii	"\000"
 375 0060 00       		.ascii	"\000"
 376 0061 00000000 		.ascii	"\000\000\000\000\000\000\000\000"
 376      00000000 
 377 0069 CD000000 		.ascii	"\315\000\000\000"
 378 006d 6E766963 		.ascii	"nvicClearPending\000"
 378      436C6561 
 378      7250656E 
 378      64696E67 
 378      00
ARM GAS  /tmp/ccLxNSsZ.s 			page 29


 379 007e 00       		.ascii	"\000"
 380 007f 00       		.ascii	"\000"
 381 0080 00       		.ascii	"\000"
 382 0081 00000000 		.ascii	"\000\000\000\000\000\000\000\000"
 382      00000000 
 383 0089 CF000000 		.ascii	"\317\000\000\000"
 384              		.text
 385              		.section	.gnu.lto_.opts,"",%progbits
 386 0000 272D666D 		.ascii	"'-fmath-errno' '-fsigned-zeros' '-ftrapping-math' '"
 386      6174682D 
 386      6572726E 
 386      6F272027 
 386      2D667369 
 387 0033 2D666E6F 		.ascii	"-fno-trapv' '-fno-openmp' '-fno-openacc' '-mcpu=cor"
 387      2D747261 
 387      70762720 
 387      272D666E 
 387      6F2D6F70 
 388 0066 7465782D 		.ascii	"tex-m4' '-mno-thumb-interwork' '-mthumb' '-O2' '-fo"
 388      6D342720 
 388      272D6D6E 
 388      6F2D7468 
 388      756D622D 
 389 0099 6D69742D 		.ascii	"mit-frame-pointer' '-falign-functions=16' '-ffuncti"
 389      6672616D 
 389      652D706F 
 389      696E7465 
 389      72272027 
 390 00cc 6F6E2D73 		.ascii	"on-sections' '-fdata-sections' '-fno-common' '-flto"
 390      65637469 
 390      6F6E7327 
 390      20272D66 
 390      64617461 
 391 00ff 2700     		.ascii	"'\000"
 392              		.text
 393              		.comm	__gnu_lto_v1,1,1
 394              		.comm	__gnu_lto_slim,1,1
 395              		.ident	"GCC: (GNU Tools for Arm Embedded Processors 7-2017-q4-major) 7.2.1 20170904 (release) [ARM
ARM GAS  /tmp/ccLxNSsZ.s 			page 30


DEFINED SYMBOLS
                            *ABS*:0000000000000000 nvic.c
                            *COM*:0000000000000001 __gnu_lto_v1
                            *COM*:0000000000000001 __gnu_lto_slim

NO UNDEFINED SYMBOLS
