ARM GAS  /tmp/ccpIOSFm.s 			page 1


   1              		.cpu cortex-m4
   2              		.eabi_attribute 20, 1
   3              		.eabi_attribute 21, 1
   4              		.eabi_attribute 23, 3
   5              		.eabi_attribute 24, 1
   6              		.eabi_attribute 25, 1
   7              		.eabi_attribute 26, 1
   8              		.eabi_attribute 30, 2
   9              		.eabi_attribute 34, 1
  10              		.eabi_attribute 18, 4
  11              		.file	"pal.c"
  12              		.section	.gnu.lto_.profile.f5e2bb9997f105bd,"",%progbits
  13 0000 789C6363 		.ascii	"x\234cc```\001bF\006\015\031\000\000\344\000P"
  13      60606001 
  13      6246060D 
  13      190000E4 
  13      0050
  14              		.text
  15              		.section	.gnu.lto_.icf.f5e2bb9997f105bd,"",%progbits
  16 0000 789C6363 		.ascii	"x\234cc``\020a@\000f\206y\373\236\335gb\3345\373u\013"
  16      60601061 
  16      40006686 
  16      79FB9EDD 
  16      6762DC35 
  17 0017 07D3EB57 		.ascii	"\007\323\353W[\257\3612\000\000d\021\011}"
  17      5BAFF132 
  17      00006411 
  17      097D
  18              		.text
  19              		.section	.gnu.lto_.jmpfuncs.f5e2bb9997f105bd,"",%progbits
  20 0000 789C6363 		.ascii	"x\234cc``hf@\000f\006FF\306\3729@\212\211\221\221\031"
  20      60606866 
  20      40006606 
  20      4646C6FA 
  20      39408A89 
  21 0017 C4006246 		.ascii	"\304\000bF&\030\207q\0163\023\033\003\003\343\001\026"
  21      26188771 
  21      0E33131B 
  21      0303E301 
  21      16
  22 0028 460620FE 		.ascii	"F\006 \376\017\004\374\014h|F\306)\314\214\323Z\017"
  22      0F04FC0C 
  22      687C46C6 
  22      29CC8CD3 
  22      5A0F
  23 003a 9D67EF66 		.ascii	"\235g\357f\006\352ed`\334\314(\003\024z\275g\303\015"
  23      06EA6564 
  23      60DCCC28 
  23      03147ABD 
  23      67C30D
  24 004d 56881044 		.ascii	"V\210\020D\335\026F\031\246JF\014\323\000\214y&%"
  24      DD164619 
  24      A64A460C 
  24      D3008C79 
  24      2625
  25              		.text
  26              		.section	.gnu.lto_.inline.f5e2bb9997f105bd,"",%progbits
ARM GAS  /tmp/ccpIOSFm.s 			page 2


  27 0000 789C6363 		.ascii	"x\234cc``\370\316\200\000\314\014\014\234\034\214\314"
  27      6060F8CE 
  27      8000CC0C 
  27      0C9C1C8C 
  27      CC
  28 0011 0C0A8C20 		.ascii	"\014\012\214 &\210t\000\223\012\034l\037\364\030\330"
  28      26887400 
  28      930A1C6C 
  28      1FF418D8 
  29 0021 16C83331 		.ascii	"\026\310310\276`g\201\220 \202\003\314\344\000\021\002"
  29      30BE6067 
  29      81902082 
  29      03CCE400 
  29      1102
  30 0033 60A600C8 		.ascii	"`\246\000\310\030F\006>^F\026F\240N\210!\012HF1p3]\340"
  30      1846063E 
  30      5E461646 
  30      A04E8821 
  30      0A484631 
  31 004b 87180564 		.ascii	"\207\030\005d\240\030\302\262@\236\007j\022\363\016"
  31      A018C2B2 
  31      409E076A 
  31      12F30E
  32 005a 710106A0 		.ascii	"q\001\006\240\2352 \276\002X^\001d2\023\003\2670\212"
  32      9D3220BE 
  32      02585E01 
  32      64321303 
  32      B7308A
  33 006d FBA04673 		.ascii	"\373\240Fs\002\345\210s\036\320R\011\220I,\274@\357"
  33      02E58873 
  33      1ED05209 
  33      90492CBC 
  33      40EF
  34 007f 4EF00341 		.ascii	"N\360\003A\006\000\373F \246"
  34      0600FB46 
  34      20A6
  35              		.text
  36              		.section	.gnu.lto_.pureconst.f5e2bb9997f105bd,"",%progbits
  37 0000 789C6363 		.ascii	"x\234cc```\007bf\006)F)&I\000\001\274\000a"
  37      60606007 
  37      62660629 
  37      46292649 
  37      0001BC00 
  38              		.text
  39              		.section	.gnu.lto_palReadBus.f5e2bb9997f105bd,"",%progbits
  40 0000 789C9591 		.ascii	"x\234\225\221\337KTQ\020\307\347{\346\356\331\273\231"
  40      DF4B5451 
  40      10C7E77B 
  40      E6EED9BB 
  40      99
  41 0011 FE0169B0 		.ascii	"\376\001i\260\017\202\370\262\367\277\350\3770_z\020"
  41      0F82F8B2 
  41      F7BFE8FF 
  41      305F7A10 
  42 0021 8A16C137 		.ascii	"\212\026\3017\317\256?\243\002\011\177\300r\223}0\202"
  42      CFAE3FA3 
  42      02097FC0 
ARM GAS  /tmp/ccpIOSFm.s 			page 3


  42      72937D30 
  42      82
  43 0032 204A5C5D 		.ascii	" J\\]]\255\256\253\370\246fD\024D\017\365\224\210\250"
  43      5DADAEAB 
  43      F8A66644 
  43      14440FF5 
  43      9488A8
  44 0045 CFA1CE9C 		.ascii	"\317\241\316\234\253\260\017\275\010\367\316\23593\363"
  44      ABB00FBD 
  44      08F7CE9D 
  44      3933F3
  45 0054 99EFDC63 		.ascii	"\231\357\334c\211h\310\020\345\345\333)/\230`\246\366"
  45      8968C810 
  45      E5E5DB29 
  45      2F9860A6 
  45      F6
  46 0065 884AA101 		.ascii	"\210J\241\001\324q!h\330`\030\317x\232q0\372>\346\247"
  46      D4712168 
  46      D86018CF 
  46      789A7130 
  46      FA3EE6A7 
  47 0079 1C4B5920 		.ascii	"\034KY \341\351n\345O\207\206@^\302\243\343\235\332"
  47      E1E96EE5 
  47      4F878640 
  47      5EC2A3E3 
  47      9DDA
  48 008b EDDED7CE 		.ascii	"\355\336\327\316\225]2\367\302\316\327>\273\\\314\206"
  48      955D32F7 
  48      C2CED73E 
  48      BB5CCC86 
  49 009b 66A5BC86 		.ascii	"f\245\274\206.,\241Kg,\243W\212\307\016\346\306\231"
  49      2E2CA14B 
  49      672CA357 
  49      8AC70EE6 
  49      C699
  50 00ad EF82C4FF 		.ascii	"\357\202\304\377q\362\346gG\317+\337\270\275\300\256"
  50      71F2E667 
  50      47CF2BDF 
  50      B8BDC0AE 
  51 00bd 3B66C60A 		.ascii	";f\306\012\270\265Q\216\010u\364h\375\357\305\363\231"
  51      B8B5518E 
  51      0875F468 
  51      FDEFC5F3 
  51      99
  52 00ce 761B5499 		.ascii	"v\033T\231\224-\310UX\2028\357\276d\022w~1\341\222\243"
  52      942DC855 
  52      588238EF 
  52      BE641277 
  52      7E31E192 
  53 00e3 05BCBC97 		.ascii	"\005\274\274\2273\322\026\260\230L \306f\324\263j\262"
  53      33D216B0 
  53      984C20C6 
  53      66D4B36A 
  53      B2
  54 00f4 5056482A 		.ascii	"PVH*\217&\205!\273\272\204\236H(\336HB\207(7\376>\337"
  54      8F268521 
  54      BBBA849E 
ARM GAS  /tmp/ccpIOSFm.s 			page 4


  54      4828DE48 
  54      42872837 
  55 010b B28AAEB0 		.ascii	"\262\212\256\260\221\241\263c\315\375\254.\313^\363"
  55      91A1B363 
  55      CDFDAC2E 
  55      CB5EF3
  56 011a 467377C7 		.ascii	"Fsw\307V1_r\316\345c\316V8\2135]Pr_'\276\377j\213\336"
  56      56315F72 
  56      CEE563CE 
  56      56388B35 
  56      5D50725F 
  57 0134 BA3415A2 		.ascii	"\2724\025\242\201*fT(a\035\221\260\233\215\\\012\346"
  57      812A6654 
  57      28611D91 
  57      B09B8D5C 
  57      0AE6
  58 0146 5670F83F 		.ascii	"Vp\370?pN\246c\343\012\374\255\336\250\267\013x\264"
  58      704EA663 
  58      E30AFCAD 
  58      DEA8B70B 
  58      78B4
  59 0158 A4A95BF8 		.ascii	"\244\251[\370\340\301\2729>zp\371\032\034\334Hb\033"
  59      E0C1BA39 
  59      3E7A70F9 
  59      1A1CDC48 
  59      621B
  60 016a 3E799251 		.ascii	">y\222QR\342I#g\343HQ\031\221)\300V\272\275\021\335"
  60      52E24923 
  60      67E34851 
  60      199129C0 
  60      56BABD11 
  61 017f 60D3D3FD 		.ascii	"`\323\323\375U5S\372\277kz\350\007X:F9\177u\242?jR\266"
  61      553553FA 
  61      BF6B7AE8 
  61      07583A46 
  61      397F75A2 
  62 0197 929B1041 		.ascii	"\222\233\020Aw\012\205(}\036\026\243\007}\003Q\361q"
  62      770A8528 
  62      7D1E16A3 
  62      077D0351 
  62      F171
  63 01a9 7FF4A86F 		.ascii	"\177\364\250o\240\320O|\177\260x\011F\231\313\001"
  63      A0D04F7C 
  63      7FB07809 
  63      4699CB01 
  64              		.text
  65              		.section	.gnu.lto_palWriteBus.f5e2bb9997f105bd,"",%progbits
  66 0000 789C9553 		.ascii	"x\234\225SKk\023a\024\375\316\334\231\311c:\325\245"
  66      4B6B1361 
  66      14FDCEDC 
  66      99C9633A 
  66      D5A5
  67 0012 68850A4A 		.ascii	"h\205\012J\350&\363/\374\003\375\005m6\012\005\305\350"
  67      E826F32F 
  67      FC03FD05 
  67      6D360A05 
  67      C5E8
ARM GAS  /tmp/ccpIOSFm.s 			page 5


  68 0024 BA93B449 		.ascii	"\272\223\264I\352\013\\\230\024\302\264\204J\253\010"
  68      EA0B5C98 
  68      14C2B484 
  68      4AAB08
  69 0033 A2E22336 		.ascii	"\242\342#6\255u\214Z7\255\322RD\241\270Pp!(\021\\\270"
  69      AD758C5A 
  69      37ADD252 
  69      44A1B850 
  69      70212811 
  70 0049 90C47BBF 		.ascii	"\220\304{\277I4\212\233\0163w\356\363\3343gfl\245\324"
  70      49348A9B 
  70      0E3377EE 
  70      F3DC3367 
  70      666CA5D4 
  71 005d 2829758C 		.ascii	"()u\214\357\207\370\002)\030W^)\225\213\033\2008~\034"
  71      EF87F802 
  71      2918575E 
  71      29958B1B 
  71      80387E1C 
  72 0071 6AD2C024 		.ascii	"j\322\300$.\321UB\263\364i\331\030\271\356\363\021\316"
  72      2ED15542 
  72      B3F469D9 
  72      18B9EEF3 
  72      11CE
  73 0083 7EB78B7E 		.ascii	"~\267\213~\341@\300\343\025\276\344\300=\214p\327\326"
  73      E140C0E3 
  73      15BEE4C0 
  73      3D8C70D7 
  73      D6
  74 0094 F49D802E 		.ascii	"\364\235\200.R@\200\311\341\267\315\352\307A\011\015"
  74      524080C9 
  74      E1B7CDEA 
  74      C741090D 
  75 00a4 0C7358D8 		.ascii	"\014sX\330\232-\022\035\206b\377]\353\346\356`j\321"
  75      9A2D121D 
  75      8662FF5D 
  75      EBE6EE60 
  75      6AD1
  76 00b6 F7F37EB8 		.ascii	"\367\363~\270q\215\374\243\001\021\036\202\030\020\017"
  76      718DFCA3 
  76      01111E82 
  76      18100F
  77 00c5 3084FB18 		.ascii	"0\204\373\030R\234R\250#\305\355s\355\205\227\016\035"
  77      529C52A8 
  77      23C5ED73 
  77      ED85970E 
  77      1D
  78 00d6 D1A34B6B 		.ascii	"\321\243KkA\246;\271\273\250'M<\372w\322TXFJ\332?\334"
  78      41A63BB9 
  78      BBA8274D 
  78      3CFA77D2 
  78      5458464A 
  79 00ed 6D975DDB 		.ascii	"m\227]\333\254\365\330\242\001[\201\235\333\333V\350"
  79      ACF5D8A2 
  79      015B819D 
  79      DBDB56E8 
  80 00fd B73B2526 		.ascii	"\267;%&\260\204\316\361}\200\214\030<l\221\030S\214"
ARM GAS  /tmp/ccpIOSFm.s 			page 6


  80      B084CEF1 
  80      7D808C18 
  80      3C6C9118 
  80      538C
  81 010f C5C6B6C5 		.ascii	"\305\306\266\305\304$\214\213I\210I\262\2119\342\271"
  81      C4248C8B 
  81      498849B2 
  81      8939E2B9 
  82 011f 10924ACD 		.ascii	"\020\222J\3150:\013\347\207\352<\031\342M\205\3523\362"
  82      303A0BE7 
  82      87EA3C19 
  82      E24D85EA 
  82      33F2
  83 0131 EDE297FA 		.ascii	"\355\342\227\372\200,\255\222Q%H\252\221\210b\021\266"
  83      802CAD92 
  83      512548AA 
  83      91886211 
  83      B6
  84 0142 5268BE8E 		.ascii	"Rh\276\216\211F\244\037n\265\271\271n\3270\237c\241"
  84      8946A41F 
  84      6EB5B9B9 
  84      6ED7309F 
  84      63A1
  85 0154 87038A57 		.ascii	"\207\003\212W\311\305\012?\221\324vJo\337;\336-?*\231"
  85      C9C50A3F 
  85      91D4764A 
  85      6FDF3BDE 
  85      2D3F2A99 
  86 0168 58450D65 		.ascii	"XE\015e\375\002\360\030\036\003O\375,\"B6\3652\352_"
  86      FD02F018 
  86      1E034FFD 
  86      2C224236 
  86      F532EA5F 
  87 017c 66ED093D 		.ascii	"f\355\011=\2015\215.B\341I\204^\351\241w\321\266[\033"
  87      81358D2E 
  87      42E14984 
  87      5EE9A177 
  87      D1B65B1B 
  88 0190 738E50B7 		.ascii	"s\216P\267\261\037!\303pO\253\327\023\323$\354\277X"
  88      B11F21C3 
  88      704FABD7 
  88      13D324EC 
  88      BF58
  89 01a2 F13E44AC 		.ascii	"\361>D\254\376\364%t\332\352g\232\334\023\323$\236j"
  89      FEF42574 
  89      DAEA679A 
  89      DC13D324 
  89      9E6A
  90 01b4 A686306D 		.ascii	"\246\2060mFL\177\364\320\035M$\301\271\346\316\005\235"
  90      464C7FF4 
  90      D01D4D24 
  90      C1B9E6CE 
  90      059D
  91 01c6 EB973CF9 		.ascii	"\353\227<\371?\311y$\211g\335Uo\352\215\272\313\253"
  91      3FC97924 
  91      8967DD55 
  91      6FEA8DBA 
ARM GAS  /tmp/ccpIOSFm.s 			page 7


  91      CBAB
  92 01d8 A673521A 		.ascii	"\246sR\032\300s\275J4\347\342\312\374\302\015\374.\272"
  92      C073BD4A 
  92      34E7E2CA 
  92      FCC20DFC 
  92      2EBA
  93 01ea 7801AFCC 		.ascii	"x\001\257\314\037\036\323X\207\307\273\325W\344k\235"
  93      1F1ED358 
  93      87C7BBD5 
  93      57E46B9D 
  94 01fa CB7AADFE 		.ascii	"\313z\255\376KfXN\376.\230\351\301t\332\213\316SY\357"
  94      4B66584E 
  94      FE2E98E9 
  94      C174DA8B 
  94      CE5359EF 
  95 020e C4D88497 		.ascii	"\304\330\204\227=\223\361N\217M\2443\212\306\317e\315"
  95      3D93F14E 
  95      8F4DA433 
  95      8AC6CF65 
  95      CD
  96 021f F19367B3 		.ascii	"\361\223g\263\277\000\266\337\012\015"
  96      BF00B6DF 
  96      0A0D
  97              		.text
  98              		.section	.gnu.lto_palSetBusMode.f5e2bb9997f105bd,"",%progbits
  99 0000 789C9592 		.ascii	"x\234\225\222\317K\033A\024\307\337w\336f7?\252gi\025"
  99      CF4B1B41 
  99      14C7DF77 
  99      DE66373F 
  99      AA676915 
 100 0014 22548297 		.ascii	"\"T\202\227\354\237\321\277\303FA\304\222b\360\2341"
 100      EC9FD1BF 
 100      C34641C4 
 100      9262F09C 
 100      31
 101 0025 69124B85 		.ascii	"i\022K\205\026Z#\304E\002\022\204\202\264\305\364G\374"
 101      165A23C4 
 101      45021284 
 101      82B4C5F4 
 101      47FC
 102 0037 B9E6D053 		.ascii	"\271\346\320SmQ<\264\324zh\241\320\242b\351Um\337L\332"
 102      6D513CB4 
 102      D47A68A1 
 102      D0A262E9 
 102      556DDF4C 
 103 004c 437B73D8 		.ascii	"C{s\330\231}o\347}?\363\235\307\272D4\246\210\006\344"
 103      997D6FE7 
 103      7D3FF39D 
 103      C7BA4434 
 103      A68806E4 
 104 0060 7D4D2698 		.ascii	"}M&\230\240\036\274%\232\212*\300\004:\012\312+\344"
 104      A01EBC25 
 104      9A8A2AC0 
 104      043A0ACA 
 104      2BE4
 105 0072 31C38F18 		.ascii	"1\303\217\030\355\312\327\226\032\\\3222\302\271=\257"
 105      EDCAD796 
ARM GAS  /tmp/ccpIOSFm.s 			page 8


 105      1A5CD232 
 105      C2B93DAF 
 106 0082 AC4B3D01 		.ascii	"\254K=\001\023Ue\232\201\025\014J\325\356\235\247\001"
 106      1355659A 
 106      81150C4A 
 106      D5EE9DA7 
 106      01
 107 0093 DFE38001 		.ascii	"\337\343\200\001G\322\037;\265/\335&UHJZ\332\235+3\367"
 107      47D21F3B 
 107      B52FDD26 
 107      55484A5A 
 107      DA9D2B33 
 108 00a8 8124FE70 		.ascii	"\201$\376p\372\370\240;\325\320\272\240\303\203E\326"
 108      FAF8A03B 
 108      D5D0BAA0 
 108      C38345D6 
 109 00b8 D70366BC 		.ascii	"\327\003f\274\000\013\020\317\321\213&zI>\021^\"%\345"
 109      000B10CF 
 109      D18B267A 
 109      493E115E 
 109      2225E5
 110 00cb 3F571A0F 		.ascii	"?W\032\017\023\334o\245\207'\315\371\370\037\351\233"
 110      13DC6FA5 
 110      8727CDF9 
 110      F81FE99B 
 111 00db 86953A78 		.ascii	"\206\225:x\365\277\324!\264\2202\365\237\237]\314v\271"
 111      F5BFD421 
 111      B49032F5 
 111      9F9F5DCC 
 111      76B9
 112 00ed 4EFDAF5D 		.ascii	"N\375\257]\254\302%H\360d/\022\352\213_\025\035\236"
 112      ACC22548 
 112      F0642F12 
 112      EA8B5F15 
 112      1D9E
 113 00ff 35F0E946 		.ascii	"5\360\351FL\211,\302\262\270\216,^\304D.\214\003\017"
 113      4C892CC2 
 113      B2B88E2C 
 113      5EC4442E 
 113      8C030F
 114 0112 1646D3A2 		.ascii	"\026F\323\242\227\336\350\220\356\2622Q1\244\357(\254"
 114      97DEE890 
 114      EEB23251 
 114      31A4EF28 
 114      AC
 115 0123 7E3BCE18 		.ascii	"~;\316\030j\215\225\234W-\265\337y\346\326l\355\256"
 115      6A8D959C 
 115      572DB5DF 
 115      79E6D66C 
 115      EDAE
 116 0135 B7775EBB 		.ascii	"\267w^\273u,LI\353\222\001Gk\354bM,\232\275\375\312"
 116      752C4C49 
 116      EB920147 
 116      6BEC624D 
 116      2C9ABDFD 
 117 014a FBC384BF 		.ascii	"\373\303\204\277\254;[1\254\243\216Y\333Rl\300\267\350"
 117      AC3B5B31 
ARM GAS  /tmp/ccpIOSFm.s 			page 9


 117      ACA38E59 
 117      DB526CC0 
 117      B7E8
 118 015c 5807CC97 		.ascii	"X\007\314\227\"\305\261iI\346\226\330\372\227\344\\"
 118      22C5B169 
 118      49E696D8 
 118      FA97E45C 
 119 016c 8A944068 		.ascii	"\212\224@hI\312\220\266-\251xZF\007\025\021_\002\244"
 119      49CA90B6 
 119      2DA9785A 
 119      46071511 
 119      5F02A4
 120 017f 239493B6 		.ascii	"#\224\223\266\253\"o\265\216>z\371s\035\015\370J\325"
 120      AB226FB5 
 120      8E3E7AF9 
 120      731D0DF8 
 120      4AD5
 121 0191 18401B79 		.ascii	"\030@\033y\222\316\330r/\340.:A\241\276v\3372\354\317"
 121      92CED872 
 121      2FE02E3A 
 121      41A1BE76 
 121      DF32ECCF 
 122 01a5 332D65D2 		.ascii	"3-e\322K9\342j:\355w\236l\316\037\035\032\367s\023\031"
 122      4B39E26A 
 122      3AED779E 
 122      6CCE1F1D 
 122      1AF77313 
 123 01ba FFF6D078 		.ascii	"\377\366\320x:C|s2\347\334\312\016\217\374\006J\366"
 123      3A437C73 
 123      32E7DCCA 
 123      0E8FFC06 
 123      4AF6
 124 01cc C91B     		.ascii	"\311\033"
 125              		.text
 126              		.section	.gnu.lto_.symbol_nodes.f5e2bb9997f105bd,"",%progbits
 127 0000 789C6363 		.ascii	"x\234cc``\010\004b\006\246\267\014\365\014\014\023\316"
 127      60600804 
 127      6206A6B7 
 127      0CF50C0C 
 127      13CE
 128 0012 3180A85D 		.ascii	"1\200\250]\015\216@\221w\014\365\214\250\"\357\031\352"
 128      0D8E4091 
 128      770CF58C 
 128      A822EF19 
 128      EA
 129 0023 99504418 		.ascii	"\231PD\030?1\3243\203E\030\030\032\032\034\030\030\230"
 129      3F31D433 
 129      83451818 
 129      1A1A1C18 
 129      1898
 130 0035 99981996 		.ascii	"\231\230\031\226<\374\307\310\000\000\200\366\025O"
 130      3CFCC7C8 
 130      000080F6 
 130      154F
 131              		.text
 132              		.section	.gnu.lto_.refs.f5e2bb9997f105bd,"",%progbits
 133 0000 789C6363 		.ascii	"x\234cc```\004b\006\000\000D\000\010"
ARM GAS  /tmp/ccpIOSFm.s 			page 10


 133      60606004 
 133      62060000 
 133      440008
 134              		.text
 135              		.section	.gnu.lto_.decls.f5e2bb9997f105bd,"",%progbits
 136 0000 789CBD58 		.ascii	"x\234\275XmP\024G\032\236\236\336\305eY\300C\357\312"
 136      6D501447 
 136      1A9E9EDE 
 136      C56559C0 
 136      43EFCA
 137 0013 BB5816E5 		.ascii	"\273X\026\345\241R\271\300\212&\247u?\356\214\342EK"
 137      A152B9C0 
 137      8A26A775 
 137      3FEE8CE2 
 137      454B
 138 0025 3DADD554 		.ascii	"=\255\325T\312?\267\331,\253r\001\226c\227T\245\356"
 138      CA3FB7D9 
 138      2CAB7201 
 138      96639754 
 138      A5EE
 139 0037 C70DEC46 		.ascii	"\307\015\354F\3613\200\006\025\214AQ\024A\304\210(\362"
 139      F1338006 
 139      158C4151 
 139      1441C488 
 139      28F2
 140 0049 E98A8022 		.ascii	"\351\212\200\"~\240\230`P0\"\032\203\212h\370P>\356"
 140      7EA09860 
 140      5030221A 
 140      838A68F8 
 140      503EEE
 141 005c EDEE999D 		.ascii	"\355\356\231\235aesWuU\231\242\267\247{\336~\237\347"
 141      61657357 
 141      755599A2 
 141      B7A77BDE 
 141      7E9FE7
 142 006f 7DFAEDEE 		.ascii	"}\372\355\356\031|8\216\213\230\300q\0130\307mA\034"
 142      197C388E 
 142      8B98C071 
 142      0B30C76D 
 142      411C
 143 0081 3702970A 		.ascii	"7\002\227\012\372\316B\201..\010\372\\PO\204\232\\\344"
 143      FACE4281 
 143      2E2E08FA 
 143      5C504F84 
 143      9A5CE4
 144 0094 D91B701F 		.ascii	"\331\033p\037\014e\032\224?\210\375\312k\016\317q:2"
 144      0C651A94 
 144      3F88FDCA 
 144      6B0ECF71 
 144      3A32
 145 00a6 968CE3D8 		.ascii	"\226\214\343\330x\342g\030\352\031PVC\371\025\264\021"
 145      78E26718 
 145      EA195056 
 145      43F915B4 
 145      11
 146 00b7 9421B8AF 		.ascii	"\224!\270\257\207\242A\314\267\037\324=P\373C\035@l"
 146      87A241CC 
ARM GAS  /tmp/ccpIOSFm.s 			page 11


 146      B71FD43D 
 146      50FB431D 
 146      406C
 147 00c9 443C52FF 		.ascii	"D<R\377\311\003\353]\300\011\200\372C\005\226\304W\302"
 147      C903EB5D 
 147      C00980FA 
 147      430596C4 
 147      57C2
 148 00db 1916B134 		.ascii	"\031\026\2614\012\274{\"\246\232c\030\004\213\340\276"
 148      0ABC7B22 
 148      A69A6318 
 148      048BE0BE 
 149 00eb 84761BC7 		.ascii	"\204v\033\307\260\202E\314\277x`.\361\2029\321K|.1\266"
 149      B08245CC 
 149      BF78602E 
 149      F18239D1 
 149      4B7C2E31 
 150 0100 7950DE44 		.ascii	"yP\336DLS?$\343\202;\267\216\004j\221\007\336\016\214"
 150      4C533F24 
 150      E3823BB7 
 150      8E046A91 
 150      07DE0E8C 
 151 0114 AE398BF6 		.ascii	"\2569\213\366\340\315\030\005i\221\012\232\317\0323"
 151      E0CD1805 
 151      69910A9A 
 151      CF1A33
 152 0123 EF054073 		.ascii	"\357\005@s\242\026\005C3\263\354\305E5{\252\201\346"
 152      A2160543 
 152      33B3ECC5 
 152      45357BAA 
 152      81E6
 153 0135 486ED146 		.ascii	"Hn\321F\015\346\021\031x\273>/\237\014\234\241EdZ\003"
 153      0DE61119 
 153      78BB3E2F 
 153      9F0C9CA1 
 153      45645A03 
 154 0149 A1EB5857 		.ascii	"\241\353XW\351\200?\353\"\026IM5\003j<\216\336?;\220"
 154      E9803FEB 
 154      2216494D 
 154      35036A3C 
 154      8EDE3F3B 
 155 015e 3E84C20B 		.ascii	">\204\302\013\004vi\026s\250\024a\211C\323\347=\007"
 155      04766916 
 155      73A81461 
 155      8943D3E7 
 155      3D07
 156 0170 C6E13789 		.ascii	"\306\3417\211!\337\326\362\2525\000iCS\004!Y\310v\010"
 156      21DFD6F2 
 156      AA350069 
 156      43530421 
 156      59C87608 
 157 0184 BE8B3854 		.ascii	"\276\2138T\214&\243\023h2\207*P(q~\006\205s\3504t\236"
 157      8C26A313 
 157      6832872A 
 157      5028717E 
 157      068573E8 
 158 019b 82CE5CE2 		.ascii	"\202\316\\\342\260\372i\357\214\264\015\202\300\243"
ARM GAS  /tmp/ccpIOSFm.s 			page 12


 158      B0FA69EF 
 158      8CB40D82 
 158      C0A3
 159 01a9 72A44565 		.ascii	"r\244Ee\010S\033\010z\206\226A\344\035H\333\357\203"
 159      08531B08 
 159      7A869641 
 159      E41D48DB 
 159      EF83
 160 01bb 2B10C528 		.ascii	"+\020\305(\313\272\177\236\367\206Q\355\025\243\357"
 160      CBBA7F9E 
 160      F78651ED 
 160      15A3EF
 161 01ca F4D4DACF 		.ascii	"\364\324\332\317\010F\025`T\312\030\000\311@\2345\275"
 161      08461560 
 161      54CA1800 
 161      C9409C35 
 161      BD
 162 01db 69FED845 		.ascii	"i\376\330E\365\341;\007\234\305~\336@\316y\005\031i"
 162      F5E13B07 
 162      9CC57EDE 
 162      40CE7905 
 162      1969
 163 01ed 997BE186 		.ascii	"\231{\341\206 \004#\027\200\234\225A\252$\220\346g="
 163      20042317 
 163      809C9541 
 163      AA2490E6 
 163      673D
 164 01ff 19013809 		.ascii	"\031\0018\011SY\263\236\337\376\301\227\315O\250b\366"
 164      5359B39E 
 164      DFFEC197 
 164      CD4FA862 
 164      F6
 165 0210 82D8ECF5 		.ascii	"\202\330\354\365\357\353H\347q\0123\335\325t|\241\026"
 165      EFEB48E7 
 165      710A33DD 
 165      D5747CA1 
 165      16
 166 0221 C838FEA7 		.ascii	"\3108\376\247\210a@\321\310\216v\177\274\225\215~\342"
 166      886140D1 
 166      C88E767F 
 166      BC958D7E 
 166      E2
 167 0232 BCDFEEC7 		.ascii	"\274\337\356\307<O\202\346\321\376\266\0225Ng\317\266"
 167      3C4F82E6 
 167      D1FEB612 
 167      354E67CF 
 167      B6
 168 0243 EE70B954 		.ascii	"\356p\271Tx'k\344\354N\333\240\306{X#/=\265H\213\367"
 168      78276BE4 
 168      EC4EDBA0 
 168      C67B5823 
 168      2F3DB548 
 169 0259 B24653F7 		.ascii	"\262FS\367\245/\375Xj\215\207\346\371\221\276\352@\346"
 169      A52FFD58 
 169      6A8D87E6 
 169      F991BEEA 
 169      40E6
ARM GAS  /tmp/ccpIOSFm.s 			page 13


 170 026b 9127F48E 		.ascii	"\221'\364\216|\363\322\027g3\323\203/_u\223\334\232"
 170      7CF3D217 
 170      6733D383 
 170      2F5F7593 
 170      DC9A
 171 027d 4E720B2B 		.ascii	"Nr\013+2k:\313\254\252\206\013\271:\234K\215\371\302"
 171      326B3ACB 
 171      ACAA860B 
 171      B93A9C4B 
 171      8DF9C2
 172 0290 CCC1C140 		.ascii	"\314\301\301@I\350T\207\240\016\345\320\025\010\343"
 172      49E85487 
 172      A00EE5D0 
 172      1508E3
 173 029f 2A89ED26 		.ascii	"*\211\355&\3046]\214\355:t6\311\031S2\245T\020\306\243"
 173      C4365D8C 
 173      ED3A7436 
 173      C9195332 
 173      A55410C6 
 174 02b4 66D0F986 		.ascii	"f\320\371\206\254\363tQ\346\312\264\357:\265\3708\203"
 174      ACF37451 
 174      E6CAB4EF 
 174      3AB5F838 
 174      83
 175 02c5 48BEFAC5 		.ascii	"H\276\372\305s\257\020-^!\372N\317\252\241\011\363-"
 175      73AF102D 
 175      5E21FA4E 
 175      CFAAA109 
 175      F32D
 176 02d7 607C2363 		.ascii	"`|#c4Ks\231\334\277\277\\\203\317P\020U\357\341\223"
 176      344B7399 
 176      DCBFBF5C 
 176      83CF5010 
 176      55EFE193 
 177 02eb 3703D084 		.ascii	"7\003\320\204\220\220\32042:\025\012\342\345i\342\320"
 177      9090D034 
 177      323A150A 
 177      E2E569E2 
 177      D0
 178 02fc 776802F1 		.ascii	"wh\002\361\200\356\000`+\012A\267Q\010]A\373\011+H\234"
 178      80EE0060 
 178      2B0A41B7 
 178      51085D41 
 178      FB092B48 
 179 0311 99853D1D 		.ascii	"\231\205=\035\202\260IG\341n\001\034\031\340\246\251"
 179      82B04947 
 179      E16E011C 
 179      19E0A6A9 
 180 0321 272E2226 		.ascii	"'.\"&\273\355\037\205\357\026\252\22315\2766\246\361"
 180      BBED1F85 
 180      EF16AA93 
 180      3135BE36 
 180      A6F1
 181 0333 15822A86 		.ascii	"\025\202*\206r\247P\013\313\226\030qb\024l\355\252\352"
 181      72A7500B 
 181      CB961871 
 181      62146CED 
ARM GAS  /tmp/ccpIOSFm.s 			page 14


 181      AAEA
 182 0345 5C3F166B 		.ascii	"\\?\026kQH\310\304P\346\366faP\216C\250\237I\027I#\370"
 182      5148C8C4 
 182      50E6F666 
 182      61508E43 
 182      A89F4917 
 183 035c BD8B26CA 		.ascii	"\275\213&\312\2516\212\004\270\355-\014H\242,\010\372"
 183      A9368A04 
 183      B8ED2D0C 
 183      48A22C08 
 183      FA
 184 036d 65EFD6E9 		.ascii	"e\357\326\351\304\032\362V@*\245\"\304\232(\362=(\322"
 184      C41AF256 
 184      402AA522 
 184      C49A28F2 
 184      3D28D2
 185 0380 068AB48B 		.ascii	"\006\212\264\213\2120\316\227\013'%\301\010b5\2324j"
 185      8A30CE97 
 185      0B2725C1 
 185      0862359A 
 185      346A
 186 0392 3C935EEC 		.ascii	"<\223^\354;\021\234&yw\312\215\362\250\310\337 \226"
 186      3B119C26 
 186      7977CA8D 
 186      F2A8C8DF 
 186      2096
 187 03a4 BFCE73CD 		.ascii	"\277\316s\315'u\270\222%\354\375\206c\311\032\354b\215"
 187      2775B892 
 187      25ECFD86 
 187      63C91AEC 
 187      628D
 188 03b6 BD8D850D 		.ascii	"\275\215\205\015j\\\313\032e\371\205M<\276\304\032\005"
 188      6A5CCB1A 
 188      65F9854D 
 188      3CBEC41A 
 188      05
 189 03c7 A5DD9B11 		.ascii	"\245\335\233\021\276\301\032\3176\034\263\343\357\330"
 189      BEC11ACF 
 189      361CB3E3 
 189      EFD8
 190 03d5 BDF3CBD4 		.ascii	"\275\363\313\324+<\363\375\026436\356iW\261\245\322"
 190      2B3CF3FD 
 190      16343336 
 190      EE6957B1 
 190      A5D2
 191 03e7 4E16C7D7 		.ascii	"N\026\307\3277\017\227i\360]j\353?\320\330\361c (\016"
 191      370F9769 
 191      F05D6AEB 
 191      3FD0D8F1 
 191      6320280E 
 192 03fb 99025728 		.ascii	"\231\002W(\371\331/8\035Bu\347QQ\372z\220\376\007\020"
 192      F9D92F38 
 192      1D4275E7 
 192      5151FA7A 
 192      90FE0710 
 193 040f B31B441D 		.ascii	"\263\033D\035-f1b\332\023sWx\246P\355\304\324\372\276"
 193      2D663162 
ARM GAS  /tmp/ccpIOSFm.s 			page 15


 193      DA137357 
 193      78A650ED 
 193      C4D4FABE 
 194 0423 A7750792 		.ascii	"\247u\007\222\315\345t\004\235\272\300\342G\372\260"
 194      CDE57404 
 194      9DBAC0E2 
 194      47FAB0
 195 0432 5B4CC75E 		.ascii	"[L\307^\020\277\017\244z\002e\000\312\013(=P\236By\011"
 195      10BF0FA4 
 195      7A026500 
 195      CA0B283D 
 195      509E4279 
 196 0447 E539949F 		.ascii	"\3459\224\237\240\364Cy\346NY\302\340\226^f\360\330"
 196      A0F44379 
 196      E64E59C2 
 196      E0965E66 
 196      F0D8
 197 0459 93C179A4 		.ascii	"\223\301y\244\310\025b\3752L\266\356\034\233\257\302"
 197      C81562FD 
 197      324CB6EE 
 197      1C9BAFC2 
 198 0469 DAA5F0DD 		.ascii	"\332\245\360\335\340i}\021y\212\321\243p\376\300\323"
 198      E0697D11 
 198      798AD1A3 
 198      70FEC0D3 
 199 0479 FCE46BE6 		.ascii	"\374\344k\346\027\025\336/x\232\327\312\\\304D<\032"
 199      1715DE2F 
 199      789AD7CA 
 199      5CC4443C 
 199      1A
 200 048a 4413B17B 		.ascii	"D\023\261{\364\352a\256\356(g\355\321\230\263\246\010"
 200      F4EA61AE 
 200      EE2867ED 
 200      D198B3A6 
 200      08
 201 049b AB49015C 		.ascii	"\253I\001\\76\260\222\347#EX\017\307\016Kr\016\353p"
 201      3736B092 
 201      E7234558 
 201      0FC70E4B 
 201      720EEB70 
 202 04af B850CBCC 		.ascii	"\270P\313\314\357\301\022\2704\266h\324\034R\262\272"
 202      EFC112B8 
 202      34B668D4 
 202      1C52B2BA 
 203 04bf B1BF588D 		.ascii	"\261\277X\215\357\263\375\261\242\334\3616\012\235\300"
 203      EFB3FDB1 
 203      A2DCF136 
 203      0A9DC0
 204 04ce A2ED3CE6 		.ascii	"\242\355<\346C\266\212!\030\373J\336\363H\354^R\011"
 204      43B68A21 
 204      18FB4ADE 
 204      F348EC5E 
 204      5209
 205 04e0 0D4206FD 		.ascii	"\015B\006\375?\331\004t\016]z\325\241\325mr\237\265"
 205      3FD90474 
 205      0E5D7AD5 
 205      A1D56D72 
ARM GAS  /tmp/ccpIOSFm.s 			page 16


 205      9FB5
 206 04f2 145E5ED3 		.ascii	"\024^^\323\303H'\022\001\333S\033w=\360\307=\214zf\335"
 206      C3482712 
 206      01DB531B 
 206      773DF0C7 
 206      3D8C7A66 
 207 0507 DE6C5F14 		.ascii	"\336l_\024\252\023\267\271\206\361d?@I\274\016\215\310"
 207      AA13B7B9 
 207      86F1643F 
 207      4049BC0E 
 207      8DC8
 208 0519 E4613854 		.ascii	"\344a8T^\274#\201\017\035\015\360\352\341\216\026\304"
 208      5EBC2381 
 208      0F1D0DF0 
 208      EAE18E16 
 208      C4
 209 052a 56B38EEC 		.ascii	"V\263\216\354\362e-i\201\342j&\217_l\277\325\026\200"
 209      F2652D69 
 209      81E26A26 
 209      8F5F6CBF 
 209      D51680
 210 053d 87F0A8D7 		.ascii	"\207\360\250\327\250\325\257\277F\255f\207]\327\325"
 210      A8D5AFBF 
 210      46AD6687 
 210      5DD7D5
 211 054c 2BD71176 		.ascii	"+\327\021v\252(\335[=\327\260\267\227\212\215\300c\265"
 211      AA28DD5B 
 211      3DD7B0B7 
 211      978A8DC0 
 211      63B5
 212 055e 7810ADE7 		.ascii	"x\020\255\347'\243\317x\351 \272\262\351\367]\303\344"
 212      27A3CF78 
 212      E920BAB2 
 212      E9F75DC3 
 212      E4
 213 056f A52285D7 		.ascii	"\245\"\205\327\242\015\274;\256\325\354\034R\347\027"
 213      A20DBC3B 
 213      AED5EC1C 
 213      52E717
 214 057e 6D7306C2 		.ascii	"ms\006\302\321\003\233\311\250\031r\200\227d\236\010"
 214      D1039BC9 
 214      A8197280 
 214      97649E08 
 215 058e B88967D3 		.ascii	"\270\211g\323\263\00506\363!h\033\224\255\274\362\374"
 215      B3053036 
 215      F321681B 
 215      94ADBCF2 
 215      FC
 216 059f A9CBC3C3 		.ascii	"\251\313\303\3039\333\266\012\331.&_\015\310GF\215\221"
 216      39DBB60A 
 216      D92E265F 
 216      0DC84746 
 216      8D91
 217 05b1 CA8CD4CD 		.ascii	"\312\214\324\315\257\330\252\000\243\321\253\202x\253"
 217      AFD8AA00 
 217      A3D1AB82 
 217      78AB
ARM GAS  /tmp/ccpIOSFm.s 			page 17


 218 05bf CD135705 		.ascii	"\315\023W\005a\354\344=\\\215\312\\b\376}(K\\\362\322"
 218      61ECE43D 
 218      5C8DCA5C 
 218      62FE7D28 
 218      4B5CF2D2 
 219 05d3 54322630 		.ascii	"T2&0[\025 \347@\336\363\027\030\037RS97T\366\025cw\346"
 219      5B1520E7 
 219      40DEF317 
 219      181F5253 
 219      393754F6 
 220 05eb 5ECEA399 		.ascii	"^\316\243\231\233\006\203?\227E\"\374<2W\322\005\245"
 220      9B06833F 
 220      974522FC 
 220      3C3257D2 
 220      05A5
 221 05fd 821C3F27 		.ascii	"\202\034?'\015\340=\252u\324\361\312\314L\343\225\231"
 221      0DE03DAA 
 221      75D4F1CA 
 221      CC4CE395 
 221      99
 222 060e 99CE93D4 		.ascii	"\231\316\223\324\2425\030\037i\314\033T\341\243\214"
 222      A235181F 
 222      69CC1B54 
 222      E1A38C
 223 061d 5C6FCD83 		.ascii	"\\o\315\203\034\215\267\311\376\202\367\376\006\371"
 223      1C8DB7C9 
 223      FE82F7FE 
 223      06F9
 224 062b D645FA06 		.ascii	"\326E\372\006\271\003\244\333\316{\274A\222^\000:s\266"
 224      B903A4DB 
 224      CE7BBC41 
 224      925E003A 
 224      73B6
 225 063d A2CAAF0D 		.ascii	"\242\312\257\015^!\340\023\001\215\247\\\021b\277P\223"
 225      5E21E013 
 225      018DA75C 
 225      1162BF50 
 225      93
 226 064e 42DB23D2 		.ascii	"B\333#\322\205X?\364\362\254\022MIC\032\202\334=\274"
 226      85583FF4 
 226      F2AC124D 
 226      49431A82 
 226      DC3DBC
 227 0661 E88397FC 		.ascii	"\350\203\227\374\322?\321\001Rze\317\031\234tq\314\236"
 227      D23FD101 
 227      527A65CF 
 227      199C7471 
 227      CC9E
 228 0673 F191C7B1 		.ascii	"\361\221\307\261.^\006S\014y\215+\347~\354&%\007\211"
 228      2E5E0653 
 228      0C798D2B 
 228      E77EEC26 
 228      250789
 229 0686 C4A969EE 		.ascii	"\304\251i\356\332R\250k\207\367)X\011\034\227\252\211"
 229      DA52A86B 
 229      87F72958 
 229      091C97AA 
ARM GAS  /tmp/ccpIOSFm.s 			page 18


 229      89
 230 0697 A5EBED6E 		.ascii	"\245\353\355nS\371\220\006\227\3209@\017\372z\317\372"
 230      53F99006 
 230      97D03940 
 230      0FFA7ACF 
 230      FA
 231 06a8 AA783641 		.ascii	"\252x6A(NE\372R\035G\312\325\2232hB8\204\361<\315:\351"
 231      284E45FA 
 231      521D47CA 
 231      D5933268 
 231      423884F1 
 232 06c0 D5894399 		.ascii	"\325\211C\231\374$\370\335\315\253\030H\353\211\356"
 232      FC24F8DD 
 232      CDAB1848 
 232      EB89EE
 233 06cf 4134355B 		.ascii	"A45[\310n\207ux\032o<\267\001\326\010\232G\314\320."
 233      C86E8775 
 233      781A6F3C 
 233      B701D608 
 233      9A47CCD0 
 234 06e4 7976E016 		.ascii	"yv\340\026~w\362\355\010e\360m\300(\213\237J\366\265"
 234      7E77F2ED 
 234      0865F06D 
 234      C0288B9F 
 234      4AF6B5
 235 06f7 5D8E063F 		.ascii	"]\216\006?\334\312\310\254\257\273\356\032G\311\020"
 235      DCCAC8AC 
 235      AFBBEE1A 
 235      47C910
 236 0706 4446A637 		.ascii	"DF\2467\245\365\261\217\233\340\227<\355<\371\264\355"
 236      A5F5B18F 
 236      9BE0973C 
 236      ED3CF9B4 
 236      ED
 237 0717 468092E1 		.ascii	"F\200\222\341\207\277Q\020\374\212\022\334+\021,k\330"
 237      87BF5110 
 237      FC8A12DC 
 237      2B112C6B 
 237      D8
 238 0728 DFEA2312 		.ascii	"\337\352#\022\274\231\245\203\205\224,\220\227V0C{d"
 238      BC99A583 
 238      85942C90 
 238      97563043 
 238      7B64
 239 073a 827B3C09 		.ascii	"\202{<\011fS\202Cw\356\365\360\370!#x\252\276*EK\311"
 239      66538243 
 239      77EEF5F0 
 239      F8212378 
 239      AABE2A45 
 240 0750 90DC6304 		.ascii	"\220\334c\004s\007\263n\253\334\004\3673\202\302\365"
 240      7307B36E 
 240      ABDC04F7 
 240      3382C2F5 
 241 0760 82DB815E 		.ascii	"\202\333\201^\011\036\240\004s$\202\033\257g\265kD\202"
 241      091EA004 
 241      7324821B 
 241      AF67B56B 
ARM GAS  /tmp/ccpIOSFm.s 			page 19


 241      4482
 242 0772 17A7B8F9 		.ascii	"\027\247\270\371\201\025\332'\363\333\347\311\357 \345"
 242      8115DA27 
 242      F3DBE7C9 
 242      EF20E5
 243 0781 F7F8A063 		.ascii	"\367\370\240c{ \356\365\316od\367\266\034\037\267\250"
 243      7B20EEF5 
 243      CE6F64F7 
 243      B61C1FB7 
 243      A8
 244 0792 8718BF86 		.ascii	"\207\030\277\206\373\265\015l\332\311Vv\230u\3368\362"
 244      FBB50D6C 
 244      DAC95676 
 244      9875DE38 
 244      F2
 245 07a3 E2CF5E39 		.ascii	"\342\317^9\037\241\234\363$\316;N\325T\370\002\347v"
 245      1FA19CF3 
 245      24CE3B4E 
 245      D554F802 
 245      E776
 246 07b5 BA208307 		.ascii	"\272 \203\007\213\036\012)Zj\205re\316\271<\373\006"
 246      8B1E0A29 
 246      5A6A8572 
 246      65CEB93C 
 246      FB06
 247 07c7 46F994EB 		.ascii	"F\371\224\353\325\347\035\260y"
 247      D5E71DB0 
 247      79
 248 07d0 6DF1A15C 		.ascii	"m\361\241\\\277iq\226\212\207\210\037\241~\367\213*"
 248      BF697196 
 248      8A87881F 
 248      A17EF78B 
 248      2A
 249 07e1 5F76887C 		.ascii	"_v\210|K\036\357k|\236\241\305\231\314v\250\373\352"
 249      4B1EEF6B 
 249      7C9EA1C5 
 249      99CC76A8 
 249      FBEA
 250 07f3 908ED992 		.ascii	"\220\216\331\222\305\375\252~\375W\210|\353\011\342"
 250      C5FDAA7E 
 250      FD57887C 
 250      EB09E2
 251 0802 9603FDF2 		.ascii	"\226\003\375\362\216s\234\207}\0006ET\304\323\357\274"
 251      8E739C87 
 251      7D003645 
 251      54C4D3EF 
 251      BC
 252 0813 E6FE8A97 		.ascii	"\346\376\212\227:\234C=\251\012\034G\272U(t2\002s\244"
 252      3A9C433D 
 252      A90A1C47 
 252      BA552874 
 252      320273A4 
 253 0827 CD95BED7 		.ascii	"\315\225\276\3279T\002\202}-\322\205+S\000\367\335\377"
 253      39540282 
 253      7D2DD285 
 253      2B5300F7 
 253      DDFF
ARM GAS  /tmp/ccpIOSFm.s 			page 20


 254 0839 26DD70AF 		.ascii	"&\335p\257\2415\335\247\204\034\001O\342\320\354\311"
 254      A135DDA7 
 254      841C014F 
 254      E2D0ECC9 
 255 0849 6826EC52 		.ascii	"h&\354R'`\227*\241x'a\313,f\200\225\015M-\001A\251\342"
 255      2760972A 
 255      A1782761 
 255      CB2C6680 
 255      950D4D2D 
 256 0861 863A0F51 		.ascii	"\206:\017Q\337\205\360\374(=jN\361A\022Kb}|O\375\200"
 256      DF85F0FC 
 256      283D6A4E 
 256      F141124B 
 256      627D7C4F 
 257 0877 AF56F49D 		.ascii	"\257V\364\235\362\337|\337\270\263e\201\322\365\351"
 257      F2DF7CDF 
 257      B8B36581 
 257      D2F5E9
 258 0886 9F73DD9F 		.ascii	"\237s\335\237\3215\3547-G\270ZM\227\346\346{N!i=\234"
 258      D135EC37 
 258      2D47B85A 
 258      4D97E6E6 
 258      7B4E2169 
 259 089c 48A57C10 		.ascii	"H\245|\020:\006\263\004KP1\270\000z\376\016\037dg\370"
 259      3A06B304 
 259      4B5031B8 
 259      007AFE0E 
 259      1F6467F8 
 260 08b0 6930B6B3 		.ascii	"i0\266\263\343I\235\026\037f\372;\012*K\324^\005/\227"
 260      E3499D16 
 260      1F66FA3B 
 260      0A2A4BD4 
 260      5E052F97 
 261 08c4 043FCA38 		.ascii	"\004?\3128>\351\312\315W{\306/\037\265\025\224d\271"
 261      3EE9CACD 
 261      577BC62F 
 261      1FB51594 
 261      64B9
 262 08d6 44B2A476 		.ascii	"D\262\244v\367OZ\317\220\274Z7\244\225\272TbH\337\277"
 262      F74F5ACF 
 262      90BC5A37 
 262      A495BA54 
 262      6248DFBF 
 263 08ea 91945D9D 		.ascii	"\221\224]\235\024\214*\305p`\301*\006\226\211\341T\321"
 263      148C2AC5 
 263      7060C12A 
 263      069689E1 
 263      54D1
 264 08fc 702AF2FB 		.ascii	"p*\362\373\237\352\224\247\024\311T9\204j\361\224\252"
 264      9FEA94A7 
 264      14C95439 
 264      846AF194 
 264      AA
 265 090d A6A754E9 		.ascii	"\246\247T\351\316\346\013>\270D\314\275\326\244a\361"
 265      CEE60B3E 
 265      B844CCBD 
 265      D6A461F1 
ARM GAS  /tmp/ccpIOSFm.s 			page 21


 266 091d D325802C 		.ascii	"\323%\200,\247\037Zr\304<\355\246\377\017xTzN\374\017"
 266      A71F5A72 
 266      C43CEDA6 
 266      FF0F7854 
 266      7A4EFC0F 
 267 0931 923FF992 		.ascii	"\222?\371\222q\035x\342\353U\251\363\222R5L)\301\321"
 267      711D78E2 
 267      EB55A9F3 
 267      9252354C 
 267      29C1D1
 268 0944 D7A9F354 		.ascii	"\327\251\363T\352\034\204\340\242!\324\322\330\317K"
 268      EA1C84E0 
 268      A221D4D2 
 268      D8CF4B
 269 0953 B11F7239 		.ascii	"\261\037r9\313^S\312\253\365\303\306\214\307\276\242"
 269      CB5E53CA 
 269      ABF5C3C6 
 269      8CC7BEA2 
 270 0963 52B7A630 		.ascii	"R\267\2460\245\352D\245`\353P\014<+*U\317O\343T\261"
 270      A5EA44A5 
 270      60EB500C 
 270      3C2B2A55 
 270      CF4FE354 
 271 0978 26DBC7BF 		.ascii	"&\333\307\277\015\017\327\263?\253M\277\316\024\243"
 271      0D0FD7B3 
 271      3FAB4DBF 
 271      CE14A3
 272 0987 B72598F5 		.ascii	"\267%\230\365\361\246\230p\263\346\275\277\275\037\274"
 272      F1A69870 
 272      B3E6BDBF 
 272      BD1FBC
 273 0996 202282D3 		.ascii	" \"\202\323\032\215\211\321q\366\331\263\214\366\365"
 273      1A8D89D1 
 273      71F6D9B3 
 273      8CF6F5
 274 09a5 48BFCE1A 		.ascii	"H\277\316\032k\321\233\3146KX\214\351#}\244\325\234"
 274      6BD19BCC 
 274      364B588C 
 274      E9237DA4 
 274      D59C
 275 09b7 186B89B3 		.ascii	"\030k\211\263\333\364\253,\246\330%\372\205\346\230"
 275      DBF4AB2C 
 275      A6D825FA 
 275      85E698
 276 09c6 E8789BC5 		.ascii	"\350x\233\305h\011\213O4\177<K\277\312j\215\261\351"
 276      68098B4F 
 276      347F3C4B 
 276      BFCA6A8D 
 276      B1E9
 277 09d8 D79ACD61 		.ascii	"\327\232\315a\246\204\330\2608k\234%\314b\372(:lN\330"
 277      A684D8B0 
 277      386B9C25 
 277      CC62FA28 
 277      3A6C4ED8 
 278 09ec AC991173 		.ascii	"\254\231\021s\302\376\371vX\254\351\037\326\004\375"
 278      C2FEF976 
 278      58ACE91F 
ARM GAS  /tmp/ccpIOSFm.s 			page 22


 278      D604FD
 279 09fb A8A7FAE8 		.ascii	"\250\247\372\3508sLb\224E\037k2\257\213\216\263\350"
 279      38734C62 
 279      94451F6B 
 279      32AF8B8E 
 279      B3E8
 280 0a0d 8D519635 		.ascii	"\215Q\2265\246\304\030\273\321\376i\274\305\026\276"
 280      A6C418BB 
 280      D1FE69BC 
 280      C516BE
 281 0a1c 8ED34884 		.ascii	"\216\323H\204\376\365\213\362\261}j\323\033m\366(\000"
 281      FEF58BF2 
 281      B17D6AD3 
 281      1B6DF628 
 281      00
 282 0a2d 0712BA68 		.ascii	"\007\022\272hk\2745\301NT4\332#<u$\217l\372\225\253"
 282      6BBC35C1 
 282      4E5434DA 
 282      233C7524 
 282      8F6CFA95 
 283 0a42 96CD9EA5 		.ascii	"\226\315\236\245_\2724R\377\336\212\305\313?\231E\244"
 283      5FBA3452 
 283      FFDE8AC5 
 283      CB3F9945 
 283      A4
 284 0a53 35C6C444 		.ascii	"5\306\304D\301p\037b\021\035\245z\367\257\206E\344g"
 284      C1701F62 
 284      111DA57A 
 284      F7AF8645 
 284      E467
 285 0a65 A96AE982 		.ascii	"\251j\351\202%\006\325\374\225\006\003\372\000-R\233"
 285      2506D5FC 
 285      950603FA 
 285      002D529B 
 286 0a75 632CA604 		.ascii	"c,\246\004Q\373\210?\032\355\032\351\006\333,v\274<"
 286      51FB883F 
 286      1AED1AE9 
 286      06DB2C76 
 286      BC3C
 287 0a87 D2801747 		.ascii	"\322\200\027G\032\324+\336_\021i\030\267|\345\212\205"
 287      1AD42BDE 
 287      5F116918 
 287      B77CE58A 
 287      85
 288 0a98 0B230D3E 		.ascii	"\013#\015>\313W\255^\261\320\240^\266<r\241\001\317"
 288      CB57AD5E 
 288      B1D0A05E 
 288      B63C72A1 
 288      01CF
 289 0aaa 37187436 		.ascii	"7\030t6{,\310\2646>\332j\264k\031\337\350(\243\335\307"
 289      7B2CC8B4 
 289      363EDA6A 
 289      B46B19DF 
 289      E828A3DD 
 290 0abf BA660D78 		.ascii	"\272f\015x\321\021\227\3065&\233}\256\321\376\311/+"
 290      D11197C6 
 290      35269B7D 
ARM GAS  /tmp/ccpIOSFm.s 			page 23


 290      AED1FEC9 
 290      2F2B
 291 0ad1 A5A4E214 		.ascii	"\245\244\342\024O\341$\013\222\204\3538\365\342\345"
 291      4FE1240B 
 291      9284EB38 
 291      F5E2E5
 292 0ae0 F3136D9A 		.ascii	"\363\023m\232hk\2545\312\0021@\257\301b\212\202\276"
 292      686BAC35 
 292      CA023140 
 292      AFC1628A 
 292      82BE
 293 0af2 DF79CD5C 		.ascii	"\337y\315\\\316\017\252\017\022\242\355\0260\363\207"
 293      CE0FAA0F 
 293      12A2ED16 
 293      30F387
 294 0b01 FB95163B 		.ascii	"\373\225\026;\334-\003\017\2776\212\023`\204\360\327"
 294      DC2D030F 
 294      BF368A13 
 294      6084F0D7 
 295 0b11 265813E3 		.ascii	"&X\023\343\211_\177\243qMb\234\331h\014\177g\316\333"
 295      895F7FA3 
 295      714D629C 
 295      D9680C7F 
 295      67CEDB
 296 0b24 7335524B 		.ascii	"s5RKe^gJP>{g\366\250\326\334\377\000\223;v\025"
 296      655E674A 
 296      503E7B67 
 296      F6A8D6DC 
 296      FF00933B 
 297              		.text
 298              		.section	.gnu.lto_.symtab.f5e2bb9997f105bd,"",%progbits
 299 0000 70616C52 		.ascii	"palReadBus\000"
 299      65616442 
 299      757300
 300 000b 00       		.ascii	"\000"
 301 000c 00       		.ascii	"\000"
 302 000d 00       		.ascii	"\000"
 303 000e 00000000 		.ascii	"\000\000\000\000\000\000\000\000"
 303      00000000 
 304 0016 1B010000 		.ascii	"\033\001\000\000"
 305 001a 70616C57 		.ascii	"palWriteBus\000"
 305      72697465 
 305      42757300 
 306 0026 00       		.ascii	"\000"
 307 0027 00       		.ascii	"\000"
 308 0028 00       		.ascii	"\000"
 309 0029 00000000 		.ascii	"\000\000\000\000\000\000\000\000"
 309      00000000 
 310 0031 20010000 		.ascii	" \001\000\000"
 311 0035 70616C53 		.ascii	"palSetBusMode\000"
 311      65744275 
 311      734D6F64 
 311      6500
 312 0043 00       		.ascii	"\000"
 313 0044 00       		.ascii	"\000"
 314 0045 00       		.ascii	"\000"
 315 0046 00000000 		.ascii	"\000\000\000\000\000\000\000\000"
ARM GAS  /tmp/ccpIOSFm.s 			page 24


 315      00000000 
 316 004e 25010000 		.ascii	"%\001\000\000"
 317 0052 5F70616C 		.ascii	"_pal_lld_setgroupmode\000"
 317      5F6C6C64 
 317      5F736574 
 317      67726F75 
 317      706D6F64 
 318 0068 00       		.ascii	"\000"
 319 0069 02       		.ascii	"\002"
 320 006a 00       		.ascii	"\000"
 321 006b 00000000 		.ascii	"\000\000\000\000\000\000\000\000"
 321      00000000 
 322 0073 2B010000 		.ascii	"+\001\000\000"
 323              		.text
 324              		.section	.gnu.lto_.opts,"",%progbits
 325 0000 272D666D 		.ascii	"'-fmath-errno' '-fsigned-zeros' '-ftrapping-math' '"
 325      6174682D 
 325      6572726E 
 325      6F272027 
 325      2D667369 
 326 0033 2D666E6F 		.ascii	"-fno-trapv' '-fno-openmp' '-fno-openacc' '-mcpu=cor"
 326      2D747261 
 326      70762720 
 326      272D666E 
 326      6F2D6F70 
 327 0066 7465782D 		.ascii	"tex-m4' '-mno-thumb-interwork' '-mthumb' '-O2' '-fo"
 327      6D342720 
 327      272D6D6E 
 327      6F2D7468 
 327      756D622D 
 328 0099 6D69742D 		.ascii	"mit-frame-pointer' '-falign-functions=16' '-ffuncti"
 328      6672616D 
 328      652D706F 
 328      696E7465 
 328      72272027 
 329 00cc 6F6E2D73 		.ascii	"on-sections' '-fdata-sections' '-fno-common' '-flto"
 329      65637469 
 329      6F6E7327 
 329      20272D66 
 329      64617461 
 330 00ff 2700     		.ascii	"'\000"
 331              		.text
 332              		.comm	__gnu_lto_v1,1,1
 333              		.comm	__gnu_lto_slim,1,1
 334              		.ident	"GCC: (GNU Tools for Arm Embedded Processors 7-2017-q4-major) 7.2.1 20170904 (release) [ARM
ARM GAS  /tmp/ccpIOSFm.s 			page 25


DEFINED SYMBOLS
                            *ABS*:0000000000000000 pal.c
                            *COM*:0000000000000001 __gnu_lto_v1
                            *COM*:0000000000000001 __gnu_lto_slim

NO UNDEFINED SYMBOLS
