ARM GAS  /tmp/ccciMJ2M.s 			page 1


   1              		.cpu cortex-m4
   2              		.eabi_attribute 20, 1
   3              		.eabi_attribute 21, 1
   4              		.eabi_attribute 23, 3
   5              		.eabi_attribute 24, 1
   6              		.eabi_attribute 25, 1
   7              		.eabi_attribute 26, 1
   8              		.eabi_attribute 30, 2
   9              		.eabi_attribute 34, 1
  10              		.eabi_attribute 18, 4
  11              		.file	"st_lld.c"
  12              		.section	.gnu.lto_.profile.5e4c4eae83e2e3a8,"",%progbits
  13 0000 789C6363 		.ascii	"x\234cc```\001bF\006K\031\000\001\006\000a"
  13      60606001 
  13      6246064B 
  13      19000106 
  13      0061
  14              		.text
  15              		.section	.gnu.lto_.icf.5e4c4eae83e2e3a8,"",%progbits
  16 0000 789C6363 		.ascii	"x\234cc``\340c@\000&\206\2757\226o\341d\274\274\367"
  16      6060E063 
  16      40002686 
  16      BD37966F 
  16      E164BCBC 
  17 0015 4F2F3703 		.ascii	"O/7\003\000/\367\0065"
  17      002FF706 
  17      35
  18              		.text
  19              		.section	.gnu.lto_.jmpfuncs.5e4c4eae83e2e3a8,"",%progbits
  20 0000 789C6363 		.ascii	"x\234cc``\360d@\000&0\311\310\300\300\3028\205\231\361"
  20      6060F064 
  20      40002630 
  20      C9C8C0C0 
  20      C2388599 
  21 0015 E9C9C96D 		.ascii	"\351\311\311m<\335\314s\230\031\030e\03073\31200\036"
  21      3CDDCC73 
  21      98191865 
  21      183733CA 
  21      30301E
  22 0028 60619401 		.ascii	"`a\224\001b\240\022\240t\327\257\353}\034\020i\016\306"
  22      62A012A0 
  22      74D7AFEB 
  22      7D1C1069 
  22      0EC6
  23 003a 2D50690E 		.ascii	"-Pi\016\2604\003\000!Q\016\252"
  23      B0340300 
  23      21510EAA 
  24              		.text
  25              		.section	.gnu.lto_.inline.5e4c4eae83e2e3a8,"",%progbits
  26 0000 789C6363 		.ascii	"x\234cc``\260b@\000&\006\006\036QF\006&\276+\376\014"
  26      6060B062 
  26      40002606 
  26      061E5146 
  26      0626BE2B 
  27 0016 6C0BE499 		.ascii	"l\013\344\231@b\214\\p\202AD\006()\363\340\026#\\\226"
  27      40628C5C 
  27      70824144 
ARM GAS  /tmp/ccciMJ2M.s 			page 2


  27      062829F3 
  27      E016235C 
  28 002b 9907AC8B 		.ascii	"\231\007\254\213\001\000\257\032\005X"
  28      0100AF1A 
  28      0558
  29              		.text
  30              		.section	.gnu.lto_.pureconst.5e4c4eae83e2e3a8,"",%progbits
  31 0000 789C6363 		.ascii	"x\234cc```\003b&\206]\214\214R\000\003\261\000\345"
  31      60606003 
  31      6226865D 
  31      8C8C5200 
  31      03B100E5 
  32              		.text
  33              		.section	.gnu.lto_VectorB0.5e4c4eae83e2e3a8,"",%progbits
  34 0000 789C9553 		.ascii	"x\234\225SmlSe\024>\317}oo\273\026\320\237\213.\246"
  34      6D6C5365 
  34      143ECF7D 
  34      6F6FBB16 
  34      D09F8B2E 
  35 0015 FBB14422 		.ascii	"\373\261D\"\331\025]\344\267\301\230\220\320?\214\377"
  35      D9155DE4 
  35      B7C19890 
  35      D03F8CFF 
  36 0025 6496262C 		.ascii	"d\226&,\351V\322n\013F\223\336}\271-j\342\217\261\311"
  36      E956D26E 
  36      0B4693DE 
  36      7DB92D6A 
  36      E28FB1C9 
  37 0039 525D8309 		.ascii	"R]\203\011\352\217\202\316\017\350\200yY\335Dqc\340"
  37      EA8F82CE 
  37      0FE88079 
  37      59DD4471 
  37      63E0
  38 004b 00CD1283 		.ascii	"\000\315\022\203,\024\320*s1\316%cx\316\275uvmb\342"
  38      2C14D02A 
  38      7331CE25 
  38      6378CEBD 
  38      75766D62 
  39 0060 4DFBF6BE 		.ascii	"M\373\366\276\3479\347}\236\347\274\247\006\021-\353"
  39      E739E77D 
  39      9EE7BCA7 
  39      06112DEB 
  40 0070 4433FCDB 		.ascii	"D3\374\333\300_x\010\332[\263D\235>MSs5d\371u{'Y[\024"
  40      C05F7808 
  40      DA5BB344 
  40      9D3E4D53 
  40      733564F9 
  41 008a 7437AC03 		.ascii	"t7\254\003\362b\371@IM\351H\342\0155\2500\331\227\317"
  41      F262F940 
  41      494DE948 
  41      E20D35A8 
  41      30D997CF 
  42 009e 6ADBDFB7 		.ascii	"j\333\337\267\370\261\207\307\003\235VouJ\021\015\361"
  42      F8B187C7 
  42      039D566F 
  42      754A110D 
  42      F1
ARM GAS  /tmp/ccciMJ2M.s 			page 3


  43 00af 571E7C82 		.ascii	"W\036|\202\355\304i\267>^?\272\325\320\3358>\205\241"
  43      EDC469B7 
  43      3E5E3FBA 
  43      D5D0DD38 
  43      3E85A1
  44 00c2 6D047B9C 		.ascii	"m\004{\234\332\365\223~'>\244@e\320\215is\027\3413\301"
  44      DAF5937E 
  44      273EA440 
  44      65D08D69 
  44      7317E133 
  45 00d7 B4726C61 		.ascii	"\264rla\344\311W\010\237\013\246\004\273\322\363QJ\275"
  45      E4C95708 
  45      9F0BA604 
  45      BBD2F351 
  45      4ABD
  46 00e9 AE520AD0 		.ascii	"\256R\012\320y\373\373\314\310\3426\331j\010\362\366"
  46      79FBFBCC 
  46      C8E236D9 
  46      6A08F2F6 
  47 00f9 CEB9BE79 		.ascii	"\316\271\276y\250\244\303P\310\367\333z\335{\226\325"
  47      A8A4C350 
  47      C8F7DB7A 
  47      DD7B96D5 
  48 0109 65D93FDE 		.ascii	"e\331?\336\257>\336m]\264\364\224R\030\207b\225\310"
  48      AF3EDE6D 
  48      5DB4F494 
  48      52188762 
  48      95C8
  49 011b A2066750 		.ascii	"\242\006gP\343\270(#\375\363\276\201\263\250#\234\026"
  49      E3B82823 
  49      FDF3BE81 
  49      B3A8239C 
  49      16
  50 012c 5EBDD41F 		.ascii	"^\275\324\037\316\301\300y\030$KY\331\360r\300S\364"
  50      CEC1C079 
  50      18244B59 
  50      D9F072C0 
  50      53F4
  51 013e E8A9F078 		.ascii	"\350\251\360x\3429\3668!\230Q\351\261\341U\302\027\202"
  51      E239F638 
  51      219851E9 
  51      B1E155C2 
  51      1782
  52 0150 79CB95CF 		.ascii	"y\313\225\317\256\376/\345\371U\003\027D\271]\251|\222"
  52      AEFE2FE5 
  52      F9550317 
  52      44B95DA9 
  52      7C92
  53 0162 95E74439 		.ascii	"\225\347D9/\340\322SW=\266\265\376\260\217\205?\226"
  53      2FE0D253 
  53      573DB6B5 
  53      FEB08F85 
  53      3F96
  54 0174 59BBFBA0 		.ascii	"Y\273\373\240\316\017J)]\223\205\250\237/\222\347\301"
  54      CE0F4A29 
  54      5D9385A8 
  54      9F2F92E7 
ARM GAS  /tmp/ccciMJ2M.s 			page 4


  54      C1
  55 0185 B269806F 		.ascii	"\262i\200o\205\337\272m\372\031\223\343\367\012\275"
  55      85DFBA6D 
  55      FA1993E3 
  55      F70ABD
  56 0194 01F138A2 		.ascii	"\001\3618\242\300\207\017\365N^\366J\377=N\317g3+K~"
  56      C0870FF5 
  56      4E5EF64A 
  56      FF3D4ECF 
  56      67332B4B 
  57 01a9 772B72E4 		.ascii	"w+r\344\206\322\357\334\251J\343\335N\336\006S\312\300"
  57      86D2EFDC 
  57      A94AE3DD 
  57      4EDE0653 
  57      CAC0
  58 01bb 148BFF52 		.ascii	"\024\213\377R\3043\326\227\2774\267\315\314X=\235\202"
  58      C433D697 
  58      BF34B7CD 
  58      CC583D9D 
  58      82
  59 01cc 79318D34 		.ascii	"y1\2154\216:\203\205\257`2]\367\332k\307\274.\233\346"
  59      8E3A8385 
  59      AF60325D 
  59      F7DA6BC7 
  59      BC2E9BE6 
  60 01e0 124E3D5C 		.ascii	"\022N=\\\261\037\021\006\035\032.\3629\267\321\263\220"
  60      B11F1106 
  60      1D1A2EF2 
  60      39B7D1B3 
  60      90
  61 01f1 6B28E670 		.ascii	"k(\346p\302\251Bvu\253\233@\370\272\330\245\001\036"
  61      C2A94276 
  61      75AB9B40 
  61      F8BAD8A5 
  61      011E
  62 0203 9EB91AD7 		.ascii	"\236\271\032\327\301\037w\177\235r\034l\026\227>!\356"
  62      C11F777F 
  62      9D721C6C 
  62      16973E21 
  62      EE
  63 0214 FF5BDF37 		.ascii	"\377[\3377\377\352\273\004\263\324\276\227\311\276\345"
  63      FFEABB04 
  63      B3D4BE97 
  63      C9BEE5
  64 0223 AA3C3492 		.ascii	"\252<4\222\321\221\342{\326y]0\205 f\030\373\005]\267"
  64      D191E27B 
  64      D6795D30 
  64      85206618 
  64      FB055DB7 
  65 0237 4E0F0E2E 		.ascii	"N\017\016.V\313\350p>\215\211\241\343\243c\177\371k"
  65      56CBE870 
  65      3E8D89A1 
  65      E3A3637F 
  65      F96B
  66 0249 7318B5DE 		.ascii	"s\030\265\336f\016\237\320f\026\317Z>\276\007\302,j"
  66      660E9FD0 
  66      6616CF5A 
ARM GAS  /tmp/ccciMJ2M.s 			page 5


  66      3EBE07C2 
  66      2C6A
  67 025b 1D214B85 		.ascii	"\035!K\205\371\005\215#\270\014\3359\2130\347\314\377"
  67      F9058D23 
  67      B80CDD39 
  67      8B30E7CC 
  67      FF
  68 026c 0713B9DB 		.ascii	"\007\023\271\333[j\247\213\325U\222\273|r\354Z\300\251"
  68      5B6AA78B 
  68      D55592BB 
  68      7C72EC5A 
  68      C0A9
  69 027e BE22D5B8 		.ascii	"\276\"\325\270\012\235eu\335\314\274\271\366\270\243"
  69      0A9D6575 
  69      DDCCBCB9 
  69      F6B8A3
  70 028d 8DA880EE 		.ascii	"\215\250\200\356\233\037\346\216U\314\357\322\306\374"
  70      9B1FE68E 
  70      55CCEFD2 
  70      C6FC
  71 029b FA364DCE 		.ascii	"\3726M\316w\254w^&G\026\006\262\331\302\2027\371\300"
  71      77AC775E 
  71      26471606 
  71      B2D9C282 
  71      37F9C0
  72 02ae F2A5947F 		.ascii	"\362\245\224\177HU\011N\270\206$70\340\266\340\202\323"
  72      4855094E 
  72      B8862437 
  72      30E0B6E0 
  72      82D3
  73 02c0 828DF6F0 		.ascii	"\202\215\366\360\177\036\3277\265 W\322\202\365\321"
  73      7F1ED737 
  73      B52057D2 
  73      82F5D1
  74 02cf 9F2602FF 		.ascii	"\237&\002\377\270\273\356\270\273\341\270+\267\362\375"
  74      B8BBEEB8 
  74      BBE1B82B 
  74      B7F2FD
  75 02de 8695334F 		.ascii	"\206\2253O8\034\356\335\352\305\361\024[\003k\036qP"
  75      381CEEDD 
  75      EAC5F114 
  75      5B036B1E 
  75      7150
  76 02f0 A9D2CFF5 		.ascii	"\251\322\317\365?\024%\376\206\256\364\3120\234Dy\372"
  76      3F1425FE 
  76      86AEF4CA 
  76      309C4479 
  76      FA
  77 0301 591F1FC1 		.ascii	"Y\037\037\301Df}}\361\023K\230\207\232\242\346\341X"
  77      44667D7D 
  77      F1134B98 
  77      879AA2E6 
  77      E158
  78 0313 BC2D6136 		.ascii	"\274-a6\356\017=\373\214\271w\357\013\346\376=\241\216"
  78      EE0F3DFB 
  78      8CB977EF 
  78      0BE6FE3D 
ARM GAS  /tmp/ccciMJ2M.s 			page 6


  78      A18E
  79 0325 9D66A2ED 		.ascii	"\235f\242\355@4z\260>L\301\362\374X\202\227\326f\367"
  79      40347AB0 
  79      3E4CC1F2 
  79      FC588297 
  79      D666F7
  80 0338 A5FE103D 		.ascii	"\245\376\020=U\232 q\367\300\347\367\205v\207\216H "
  80      559A2071 
  80      F7C0E7F7 
  80      8576878E 
  80      4820
  81 034a 1C8B470E 		.ascii	"\034\213G\016t\354j\341\\OGS\264=\262\243\264\"r\244"
  81      74EC6AE1 
  81      5C4F4753 
  81      B43DB2A3 
  81      B42272A4 
  82 035e CDDC1D6A 		.ascii	"\315\334\035j\334\323h6\267\206\243\355\007#\246\223"
  82      DCD36836 
  82      B786A3ED 
  82      0723A693 
  83 036e 1F6E79B1 		.ascii	"\037ny\261\2755\314%\217\206\032\367\005_jJD\016\307"
  83      BD35CC25 
  83      8F861AF7 
  83      055F6A4A 
  83      440EC7
  84 0381 9B7704EB 		.ascii	"\233w\004\353\236&-N\336\226HK,\3762\375\015\2674\341"
  84      9E262D4E 
  84      DE96484B 
  84      2CFE32FD 
  84      0DB734E1 
  85 0395 17       		.ascii	"\027"
  86              		.text
  87              		.section	.gnu.lto_st_lld_init.5e4c4eae83e2e3a8,"",%progbits
  88 0000 789C9D94 		.ascii	"x\234\235\224\315O\023A\030\207\347\267S\272[\300&\336"
  88      CD4F1341 
  88      1887E7B7 
  88      53BA5BC0 
  88      26DE
  89 0012 4CECC12B 		.ascii	"L\354\301+\036\330T\017\376\003^L \036\344n\214&z \301"
  89      1ED8540F 
  89      FE035E4C 
  89      201EE46E 
  89      8C267A20 
  90 0027 08F16897 		.ascii	"\010\361h\227\257\026\201\030\022\005\023\263`\023\017"
  90      AF168118 
  90      120513B3 
  90      60130F
  91 0036 06132420 		.ascii	"\006\023$ \010-T\227\012\"\202\200\010\002b<\020ET4"
  91      082D5497 
  91      0A228280 
  91      0802623C 
  91      10455434 
  92 004a 1C48FC8A 		.ascii	"\034H\374\212\324\367\235--\321\023\235t\247\363\265"
  92      D4F79D2D 
  92      2DD1139D 
  92      74A7F3B5 
  93 005a CF33EFCC 		.ascii	"\3173\357\314\316x\205\020MyB\004\351\377 =\220\002"
ARM GAS  /tmp/ccciMJ2M.s 			page 7


  93      CE788510 
  93      4D794204 
  93      E9FF203D 
  93      9002
  94 006c 5ACBB410 		.ascii	"Z\313\264\020\325\206\006p\3012 B\032Bh\2267$\222\221"
  94      D5860670 
  94      C1322042 
  94      1A426896 
  94      37249291 
  95 0080 B5985674 		.ascii	"\265\230Vt\327\242\344\334\354\365\207\255\372\003\266"
  95      D7A2E4DC 
  95      ECF587AD 
  95      FA03B6
  96 008f 14A28D1E 		.ascii	"\024\242\215\036Nx\200\"A\303V{\266[\367y=n;\372\340"
  96      4E788022 
  96      41C3567B 
  96      B65BF779 
  96      3D6E3BFA 
  97 00a4 15A042F7 		.ascii	"\025\240B\367\\\236cm\247\"\2263z\007\211\223\373!l"
  97      5C9E636D 
  97      A7229633 
  97      7A078993 
  97      FB216C
  98 00b7 098D339D 		.ascii	"\011\2153\2353\2033!\032\350\035\022[\216\270*5.\325"
  98      33833321 
  98      1AE81D12 
  98      5B8EB82A 
  98      352ED5
  99 00ca 3AE23392 		.ascii	":\3423\222\361O\267\3173\351\226\004\011\332\352\223"
  99      F14FB7CF 
  99      33E99604 
  99      09DAEA93 
 100 00da 337A93B4 		.ascii	"3z\223\264\245\006\366\325\265\217\255\371\334\252\265"
 100      A506F6D5 
 100      B58FADF9 
 100      DCAAB5
 101 00e9 D96079A8 		.ascii	"\331`y\250ieh\365\2357\212\216j\232\352![J<D\000\375"
 101      696568F5 
 101      9D378A8E 
 101      6A9AEA21 
 101      5B4A3C44 
 102 00ff 08081EFF 		.ascii	"\010\010\036\377\345\375D\302ovYu\260\245\007\003\210"
 102      E5FD44C2 
 102      6F765975 
 102      B0A50703 
 102      88
 103 0110 A2554580 		.ascii	"\242UE\200A\230$\253\375\021\206\353\322\\]\337\350"
 103      419824AB 
 103      FD1186EB 
 103      D25C5DDF 
 103      E8
 104 0121 78D8603E 		.ascii	"x\330`>(\305\010B\023\232oTc\366\246\212gUC0\211\257"
 104      28C50842 
 104      139A6F54 
 104      63F6A68A 
 104      67554330 
 105 0137 42EBBCA7 		.ascii	"B\353\274\247\273:}why*\264\306\332\221^\303\255ZN\213"
ARM GAS  /tmp/ccciMJ2M.s 			page 8


 105      BB3A7D77 
 105      68792AB4 
 105      C6DA915E 
 105      C3AD5A4E 
 106 014c E5A7A6E5 		.ascii	"\345\247\246\345\257u=\005Y\237\027\011\362\015\247"
 106      AF753D05 
 106      599F1709 
 106      F20DA7
 107 015b 7DF18DCE 		.ascii	"}\361\215\316\001o\306\367H\371x\361\361\370\237\320"
 107      016FC6F7 
 107      48F978F1 
 107      F1F89FD0 
 108 016b 0CD2FD1F 		.ascii	"\014\322\375\037\313\036\330N\226=\302\261\030L\332"
 108      CB1ED84E 
 108      963DC2B1 
 108      184CDA
 109 017a 5AEF8AF8 		.ascii	"Z\357\212\370\323\254L$\272\212d\272\353\373f\276[\345"
 109      D3AC4C24 
 109      BA8A64BA 
 109      EBFB66BE 
 109      5BE5
 110 018c EF873729 		.ascii	"\357\2077)\332\376\321\227\226E\257\320\366\033xB\272"
 110      DAFED197 
 110      9645AFD0 
 110      F61B7842 
 110      BA
 111 019d 645A1759 		.ascii	"dZ\027Y\233\234UKW\315S\361`T\0115\026\216\301\244\001"
 111      9B9C554B 
 111      57CD53F1 
 111      60540935 
 111      168EC1A4 
 112 01b2 899AD5B7 		.ascii	"\211\232\325\267\222\211\036\244~\002O\335`\266\326"
 112      92891EA4 
 112      7E024FDD 
 112      60B6D6
 113 01c1 EF67A6B0 		.ascii	"\357g\246\2607\301\270\022\250o\366\231\022\304\227"
 113      37C1B812 
 113      A86FF699 
 113      12C497
 114 01d0 168EA5F9 		.ascii	"\026\216\245\371)\211\211\035~w\216\374\347\212\357"
 114      2989891D 
 114      7E778EFC 
 114      E78AEF
 115 01df 61FEA4E2 		.ascii	"a\376\244\342gV\310\003\201\251\035\374`Nx\037^(<\235"
 115      6756C803 
 115      81A91DFC 
 115      604E781F 
 115      5E283C9D 
 116 01f3 66EE749A 		.ascii	"f\356t\232k:\365`7wF{\325~M\303\304\341\200\372\366"
 116      6B3AF560 
 116      3777467B 
 116      D57E4DC3 
 116      C4E180FA 
 117 0208 6610CCEA 		.ascii	"f\020\314\352b9F3\253t^\346\275$t\206\027\317\2217\247"
 117      62394633 
 117      AB745EE6 
 117      BD247486 
ARM GAS  /tmp/ccciMJ2M.s 			page 9


 117      17CF9137 
 118 021d 783AF35E 		.ascii	"x:\363^\355\346\015\345\310\233W<\203y\013j\265\373"
 118      EDE60DE5 
 118      C89B573C 
 118      83790B6A 
 118      B5FB
 119 022f 23533DF9 		.ascii	"#S=\371\356j\003\257w\360\3039\342\027\025\336\307\370"
 119      EE6A03AF 
 119      77F0C339 
 119      E21715DE 
 119      C7F8
 120 0241 259A2EF3 		.ascii	"%\232.\3636P\037M\265Ku\341\321\033\261\330\306\212"
 120      36501F4D 
 120      B54B75E1 
 120      D11BB1D8 
 120      C68A
 121 0253 1EFA6319 		.ascii	"\036\372c\031\266\314o\343\203\202e\204\270\343\303"
 121      B6CC6FE3 
 121      83826584 
 121      B8E3C3
 122 0262 C4F57021 		.ascii	"\304\365p!O\244\200\370o\020\340c\376k\361\232\3416"
 122      4FA480F8 
 122      6F10E063 
 122      FE6BF19A 
 122      E136
 123 0274 195841C0 		.ascii	"\031XA\300\226\205\342\033j\242\277;\324\311T\267k\003"
 123      9685E21B 
 123      6AA2BF3B 
 123      D4C954B7 
 123      6B03
 124 0286 31E83EA4 		.ascii	"1\350>\244\003`\026\027\247\177\025\225\346\2053\345"
 124      03601617 
 124      A77F1595 
 124      E68533E5 
 125 0296 E6C58A4B 		.ascii	"\346\305\212KU\225\346\251\262\322\243G\314\222\222"
 125      5595E6A9 
 125      B2D2A347 
 125      CC9292
 126 02a5 E366D989 		.ascii	"\343f\331\211\322\313A\263\262\352ty\371\271\342\263"
 126      D2CB41B3 
 126      B2EA7479 
 126      F9B9E2B3 
 127 02b5 E22FECCE 		.ascii	"\342/\354\316\332\306"
 127      DAC6
 128              		.text
 129              		.section	.gnu.lto_.symbol_nodes.5e4c4eae83e2e3a8,"",%progbits
 130 0000 789C55C8 		.ascii	"x\234U\310\301\021@0\024E\321\233\374\320\206V(I\005"
 130      C1114030 
 130      1445D19B 
 130      FCD08656 
 130      284905
 131 0013 3F8B8C6C 		.ascii	"?\213\214l\325\243\010UX\"t\340\263\222y\363\346\316"
 131      D5A30855 
 131      582274E0 
 131      B39279F3 
 131      E6CE
 132 0025 9C1618ED 		.ascii	"\234\026\030\355\370\003\205y\345\315\022\007\223\023"
ARM GAS  /tmp/ccciMJ2M.s 			page 10


 132      F8038579 
 132      E5CD1207 
 132      9313
 133 0033 7595B882 		.ascii	"u\225\270\202\372O \306\336\340B\245\202\033\015\177"
 133      FA4F20C6 
 133      DEE042A5 
 133      821B0D7F 
 134 0043 105B9A4A 		.ascii	"\020[\232J#xR\336;q\201\315\312\003\215\226\034\326"
 134      237852DE 
 134      3B7181CD 
 134      CA038D96 
 134      1CD6
 135              		.text
 136              		.section	.gnu.lto_.refs.5e4c4eae83e2e3a8,"",%progbits
 137 0000 789C6363 		.ascii	"x\234cc```\004b\006\000\000D\000\010"
 137      60606004 
 137      62060000 
 137      440008
 138              		.text
 139              		.section	.gnu.lto_.decls.5e4c4eae83e2e3a8,"",%progbits
 140 0000 789CBD58 		.ascii	"x\234\275XkPT\311\025\236\276=\0140<\264Fkc\245\254"
 140      6B5054C9 
 140      159EBE3D 
 140      0C303CB4 
 140      466B63A5 
 141 0015 C4B24C24 		.ascii	"\304\262L$\265\013#h\325\246R\251\224:\240RYv\255\201"
 141      B50B2368 
 141      D5A652A9 
 141      943AA052 
 141      5976AD81 
 142 0029 DDDAEC9F 		.ascii	"\335\332\354\237Yv\034W\262\363p\031\330h\345G.\002"
 142      59761C57 
 142      B2F37019 
 142      D868E547 
 142      2E02
 143 003b 2E8AEFB7 		.ascii	".\212\357\267\370BAQ\021\005\025Y\036\312K\001y\370"
 143      F8424151 
 143      11051559 
 143      1ECA4B01 
 143      79F8
 144 004d 181445E5 		.ascii	"\030\024E\345\015\352\256\012\210\017PTr\272\373\016"
 144      0DEAAE0A 
 144      880F5054 
 144      72BAFB0E 
 145 005d F7CE65D8 		.ascii	"\367\316e\330$UInq\346\336\323\375\365\327\247\3179"
 145      2455496E 
 145      71E6DED3 
 145      FDF5D7A7 
 145      CF39
 146 006f B7FB5C54 		.ascii	"\267\373\\T\012\205\"\373\027\012\005\257T(\346\"\205"
 146      0A8522FB 
 146      170A05AF 
 146      5428E622 
 146      85
 147 0080 62042E0C 		.ascii	"b\004.\014m\345 \240*\316+\330\345\001r\011\244\032"
 147      6DE520A0 
 147      2ACE2BD8 
ARM GAS  /tmp/ccciMJ2M.s 			page 11


 147      E5017209 
 147      A41A
 148 0092 E432481D 		.ascii	"\3442H\035\3105\305\330+\025\006\371\302\375K\020\015"
 148      C835C5D8 
 148      2B1506F9 
 148      C2FD4B10 
 148      0D
 149 00a3 C8648163 		.ascii	"\310d\201c&y\206\276I M\360\374K\270\377\032d\032\310"
 149      267986BE 
 149      49204DF0 
 149      FC4BB8FF 
 149      1A641AC8 
 150 00b7 45612EF2 		.ascii	"Ea.\362\343#\3143\035\236g\200\374\026\344\003\220 "
 150      E323CC33 
 150      1D9E6780 
 150      FC16E403 
 150      9020
 151 00c9 90592021 		.ascii	"\220Y ! s\020\233\377\262\233\3717B\237\2370?\231\363"
 151      2073109B 
 151      FFB29BF9 
 151      37429F9F 
 151      303F99F3 
 152 00dd 73D03F13 		.ascii	"s\320?\023\3464\301\335\210D;\272\241m)b\366]\005Q\203"
 152      E634C1DD 
 152      88443BBA 
 152      A16D2962 
 152      F65D0551 
 153 00f2 2C02DD00 		.ascii	",\002\335\0002\021d\030\3647 \357@F@0\264\371\203\250"
 153      32116418 
 153      F43720EF 
 153      40464030 
 153      B4F983A8 
 154 0106 4038C117 		.ascii	"@8\301\027\356|\260\015\243\226\232c\3318\025\243\231"
 154      EE7CB00D 
 154      A3969A63 
 154      D93815A3 
 154      99
 155 0117 6A443C3A 		.ascii	"jD<:\001\232N=.|\345\307\232\010\242\254\241\345\235"
 155      019A4E3D 
 155      2E7CE5C7 
 155      9A08A2AC 
 155      A1E59D
 156 012a 0A73F439 		.ascii	"\012s\3649\347NO\026\012:\301\263\313+F\201\362\021"
 156      E74E4F16 
 156      0A3AC1B3 
 156      CB2B4681 
 156      F211
 157 013c 76523936 		.ascii	"vR96\016dz\342?P\340\365\244\334\275\204V\243FJP\237"
 157      0E647AE2 
 157      3F50E0F5 
 157      A4DCBD84 
 157      56A3464A 
 158 0152 36A475F9 		.ascii	"6\244u\371\203:Y\215\246m\303\\[\363\360=\177\244\016"
 158      833A598D 
 158      A66DC35C 
 158      5BF3F03D 
 158      7FA40E
ARM GAS  /tmp/ccciMJ2M.s 			page 12


 159 0165 48E1F955 		.ascii	"H\341\371U|z\"\357\275H\201\012\321T\364\003\232\252"
 159      7C7A22EF 
 159      BD48810A 
 159      D154F403 
 159      9AAA
 160 0177 40C52880 		.ascii	"@\305(\200L}\016\005)\320Yh<\003\215G\310te}\273\376"
 160      4C7D0E05 
 160      29D05968 
 160      3C038D47 
 160      C874657D 
 161 018d B47B80E7 		.ascii	"\264{\200\347\247\241\"\244F\005\010S\014\004c\246\232"
 161      A7A122A4 
 161      46050853 
 161      0C0463A6 
 161      9A
 162 019e 19702C73 		.ascii	"\031p,s\363!\025n@\304\002\256xO\317%n\2749.\214;\307"
 162      F321156E 
 162      40C402AE 
 162      784FCF25 
 162      6EBC392E 
 163 01b5 60D1F4AA 		.ascii	"`\321\364\252d\236\347\320y\230\243D\234\003\246$7h"
 163      649EE7D0 
 163      7998A344 
 163      9C03A624 
 163      3768
 164 01c7 85898ACA 		.ascii	"\205\211\212\312\317\227\372\264\241\026\004\316E\023"
 164      CF97FAB4 
 164      A11604CE 
 164      4513
 165 01d5 E9FA11CB 		.ascii	"\351\372\021\313\013\270\310\017\323G\234\027b\355\320"
 165      0BB8C80F 
 165      D3479C17 
 165      62EDD0
 166 01e4 CAB19B00 		.ascii	"\312\261\233\000%\212s\010\032m\341\004\016\316\311"
 166      258A7308 
 166      1A6DE104 
 166      0ECEC9
 167 01f3 4BFF0402 		.ascii	"K\377\004\002$ee\375l:\347\305\262\223=H\306\261&N\234"
 167      246565FD 
 167      6C3AE7C5 
 167      B2933D48 
 167      C6B1264E 
 168 0208 4C32648C 		.ascii	"L2d\214\255\212\321\356Q\243\304E\"!\3347\037\257;\351"
 168      AD8AD1EE 
 168      51A3C445 
 168      2221DC37 
 168      1FAF3BE9 
 169 021c DB8E5AA1 		.ascii	"\333\216Z\241\367/\012\305&/\013\015\374\223\276\307"
 169      F72F0AC5 
 169      262F0B0D 
 169      FC93BEC7 
 170 022c 59FED8C1 		.ascii	"Y\376\330\301\322\345\322\310`\331\004\226\005\034I"
 170      D2E5D2C8 
 170      60D90496 
 170      051C49
 171 023b 90FEFA7D 		.ascii	"\220\376\372}>,\013&\202zb\335\3106\217);\210\3337%"
 171      3E2C0B26 
ARM GAS  /tmp/ccciMJ2M.s 			page 13


 171      827A62DD 
 171      C8368F29 
 171      3B88DB37 
 172 0250 F21339F4 		.ascii	"\362\0239\364\345{\250\022\202Q\001\301P\240\213h\012"
 172      E57BA812 
 172      825101C1 
 172      50A08B68 
 172      0A
 173 0261 FC5A956C 		.ascii	"\374Z\225l\262\357\373^mVMO\347\323\333\371\262\266"
 173      B2EFFB5E 
 173      6D564D4F 
 173      E7D3DBF9 
 173      B2B6
 174 0273 BB73722A 		.ascii	"\273sr*V\363\327`\334\\\212C\345b\234\312I>\2422\324"
 174      56F3D760 
 174      DC5C8A43 
 174      E5629CCA 
 174      493EA232 
 175 0288 8E50296A 		.ascii	"\216P)j\003\333.\241\351$\001\327\365\245O \011I\310"
 175      03DB2EA1 
 175      E92401D7 
 175      F5A54F20 
 175      0949C8
 176 029b 1A6B6F0E 		.ascii	"\032ko\016y\010dW\012}\323\370\262U<\0119\241\252\022"
 176      79086457 
 176      0A7DD3F8 
 176      B2553C09 
 176      39A1AA12 
 177 02af A9AAE454 		.ascii	"\251\252\344T\325\224\252\255\377Y\265\017\336\311\250"
 177      D594AAAD 
 177      FF59B50F 
 177      DEC9A8
 178 02be 1C25155D 		.ascii	"\034%\025]~@\325\016\251s\353\311\234{\271\017\371\024"
 178      7E40D50E 
 178      A973EBC9 
 178      9C7BB90F 
 178      F914
 179 02d0 3533AA46 		.ascii	"53\252Fd\252\021^\022t\2312\254)\250\\\217q\023c\250"
 179      64AA115E 
 179      12749932 
 179      AC29A85C 
 179      8F711363 
 180 02e5 CD7F568F 		.ascii	"\315\177V\217\004\206\272\267\177\374\261ru\331bFP+"
 180      0486BAB7 
 180      7FFCB172 
 180      75D96246 
 180      502B
 181 02f7 12D43A09 		.ascii	"\022\324:\011\352(\301\236\033\235\031\034NQR\202\352"
 181      EA28C19E 
 181      1B9D191C 
 181      4E515282 
 181      EA
 182 0308 A3F9E548 		.ascii	"\243\371\345H\311\261\344$\016\203\266\272\301\254R"
 182      C9B1E424 
 182      0E83B6BA 
 182      C1AC52
 183 0317 E5685B03 		.ascii	"\345h[\003\242\215O/\264\356\340\306\365\367U\352\357"
ARM GAS  /tmp/ccciMJ2M.s 			page 14


 183      A28D4F2F 
 183      B4EEE0C6 
 183      F5F755EA 
 183      EF
 184 0328 2B487078 		.ascii	"+Hpx\346\351\275\331\276N\263R\361~f\026\200P\275hV"
 184      E6E9BDD9 
 184      BE4EB352 
 184      F17E6616 
 184      8050BD68 
 185 033d BDD3AC6B 		.ascii	"\275\323\254k\324\254\202\216\355\245\336,\334\267\011"
 185      D4AC828E 
 185      EDA5DE2C 
 185      DCB709
 186 034c 475AF1F3 		.ascii	"GZ\361\363Z\017\246{\221\356\336\354\002?\026\3762\032"
 186      5A0FA67B 
 186      91EEDEEC 
 186      023F16FE 
 186      321A
 187 035e 86FB0793 		.ascii	"\206\373\007\223|Y\3675\242W6U\367+\361%\266\252]\216"
 187      7C59F735 
 187      A2573655 
 187      F72BF125 
 187      B6AA5D8E 
 188 0372 BC3035BC 		.ascii	"\27405\274\273\211\377\326\273\013\003\352\353\207\033"
 188      BB89FFD6 
 188      BB0B03EA 
 188      EB871B
 189 0381 3C701D1B 		.ascii	"<p\035\033\235z)\277J\330~j\210\276\255\250\262\330"
 189      9D7A29BF 
 189      4AD87E6A 
 189      88BEADA8 
 189      B2D8
 190 0393 075F619D 		.ascii	"\007_a\235]k;+U\270\221)N\2434\202Q\007\356\276\000"
 190      5D6B3B2B 
 190      55B89129 
 190      4EA33482 
 190      5107EEBE 
 191 03a8 67DF629D 		.ascii	"g\337b\235\305\005%U\302\002fI\362W\303\362\367\334"
 191      C5052555 
 191      C2026649 
 191      F257C3F2 
 191      F7DC
 192 03ba FDCB556A 		.ascii	"\375\313Uj\266\036\036\201~\336qo.\276\307FV\014\344"
 192      B61E1E81 
 192      7EDE716F 
 192      2EBEC746 
 192      560CE4
 193 03cd 66096BC3 		.ascii	"f\011k\303\240\266o\252\034\231@\226\303\263\345\220"
 193      A0B66FAA 
 193      1C994096 
 193      C3B3E590 
 194 03dd 76E78214 		.ascii	"v\347\202\024\250\223\354-H;\025u\260\245\274\330\224"
 194      A893EC2D 
 194      483B1575 
 194      B0A5BCD8 
 194      94
 195 03ee BB40B389 		.ascii	"\273@\263\211\306\011R\\Ic\330\006\350V\212\356B\032"
ARM GAS  /tmp/ccciMJ2M.s 			page 15


 195      C609525C 
 195      4963D806 
 195      E8568AEE 
 195      421A
 196 0400 E718024E 		.ascii	"\347\030\002N\3508\334\352/E7\375\034\372d\306\341\235"
 196      E838DCEA 
 196      2F4537FD 
 196      1CFA64C6 
 196      E19D
 197 0412 6ADCCE8C 		.ascii	"j\334\316\214\334\363\254\345G!^\001\240\036yY\234\350"
 197      DCF3ACE5 
 197      47215E01 
 197      A01E7959 
 197      9CE8
 198 0424 85BB59DF 		.ascii	"\205\273Y\337\326\013\373\032<\361C\2468\267o\015\335"
 198      D60BFB1A 
 198      3CF143A6 
 198      38B76F0D 
 198      DD
 199 0435 BED1AA5B 		.ascii	"\276\321\252[\363\361c\326S\272yK\013\302\375L\351M"
 199      F3F163D6 
 199      53BA794B 
 199      0BC2FD4C 
 199      E94D
 200 0447 EA6917FC 		.ascii	"\352i\027\3743\005\324\355u\217f\342\027\254\353]M\345"
 200      3305D4ED 
 200      758F66E2 
 200      17ACEB5D 
 200      4DE5
 201 0459 4C3CCC9E 		.ascii	"L<\314\236\253\316\035\315B8\301\203*\003iU\217\324"
 201      ABCE1DCD 
 201      4238C183 
 201      2A036955 
 201      8FD4
 202 046b 389929E9 		.ascii	"8\231)\351\216\275?x\341\024\246\034\031\332q\304\027"
 202      8EBD3F78 
 202      E114A61C 
 202      19DA71C4 
 202      17
 203 047c AF67CA8D 		.ascii	"\257g\312\215\302\233)>x\013SR\362\362v\371\340\035"
 203      C29B293E 
 203      780B5352 
 203      F2F276F9 
 203      E01D
 204 048e 4C5955DC 		.ascii	"LYU\334\274Y\330c\332\211\336}\270;\335[\210\212\012"
 204      BC59D863 
 204      DA89DE7D 
 204      B83BDD5B 
 204      888A0A
 205 04a1 F4B58EFA 		.ascii	"\364\265\216\372A\204\323\030xs\377\300V\325\270q\030"
 205      4184D318 
 205      7873FFC0 
 205      56D5B871 
 205      18
 206 04b2 72C66116 		.ascii	"r\306a\026\015CA~F\237\227<\016\215\200vP\364+\352\331"
 206      0D43417E 
 206      469F973C 
ARM GAS  /tmp/ccciMJ2M.s 			page 16


 206      0E8D8076 
 206      50F42BEA 
 207 04c7 21A7672F 		.ascii	"!\247g/^<\377\026\311\3430\036\372\275\262\357\323\223"
 207      5E3CFF16 
 207      C9E3301E 
 207      FABDB2EF 
 207      D393
 208 04d9 7DD00C76 		.ascii	"}\320\014vM\232\341\274\002\310\317!>)\221/\033\311"
 208      4D9AE1BC 
 208      02C8CF21 
 208      3E29912F 
 208      1BC9
 209 04eb C6777236 		.ascii	"\306wr6\254\347\323+\020\245z\000\257\335*n\222\370"
 209      ACE7D32B 
 209      10A57A00 
 209      AFDD2A6E 
 209      92F8
 210 04fd 1EDCA7BC 		.ascii	"\036\334\247\274\205\344W\301\206\374d\206\255,\011"
 210      85E457C1 
 210      86FC6486 
 210      AD2C09
 211 050c 5378AF1C 		.ascii	"Sx\257\034\376\230\302\203Et\255\004= G;\\\320\011|"
 211      FE98C283 
 211      4574AD04 
 211      3D20473B 
 211      5CD0097C 
 212 0520 59A72581 		.ascii	"Y\247%\201\242\273\221\0066D\206vf\031\034\204rS\034"
 212      A2BB9106 
 212      36448676 
 212      66191C84 
 212      72531C
 213 0533 12F2A7EE 		.ascii	"\022\362\247\356\311\245\360;\022x\277\034\336*\267"
 213      C9A5F03B 
 213      1278BF1C 
 213      DE2AB7
 214 0542 FCB54544 		.ascii	"\374\265ED7\313\321\267%\344\233\205h\360\260\253\241"
 214      37CBD1B7 
 214      25E49B85 
 214      68F0B0AB 
 214      A1
 215 0553 97807841 		.ascii	"\227\200xA;\011\036\266\017\264\216\013@\253\271\031"
 215      3B091EB6 
 215      0FB48E0B 
 215      40ABB919 
 216 0563 2811E42D 		.ascii	"(\021\344-\232\201F@xx\336\000\362\006\236\223\340\236"
 216      9A814640 
 216      7878DE00 
 216      F2069E93 
 216      E09E
 217 0575 02F23DC8 		.ascii	"\002\362=\310&\220ah\333\010\367wp_\013\367d\220\004"
 217      26906168 
 217      DB08F777 
 217      705F0BF7 
 217      649004
 218 0588 90F5206B 		.ascii	"\220\365 k@R\271\031t;dVVH\326\364Ln\245V\356\201\001"
 218      4052B919 
 218      743B6456 
ARM GAS  /tmp/ccciMJ2M.s 			page 17


 218      5648D6F4 
 218      4C6EA556 
 219 059f 09FA89FB 		.ascii	"\011\372\211\373\330\271\300%.\270\343\336\005R\207"
 219      D8B9C025 
 219      2EB8E3DE 
 219      055287
 220 05ae 7D23A29F 		.ascii	"}#\242\237\2735E\002\256\220P\377$\007\3778\306\222"
 220      BB354502 
 220      AE9050FF 
 220      2407FF38 
 220      C692
 221 05c0 D712C31F 		.ascii	"\327\022\303\037\271\207K\223\316*\242o\312\3217\306"
 221      B9874B93 
 221      CE2AA26F 
 221      CAD137C6 
 222 05d0 66B4C496 		.ascii	"f\264\304\226{r\370]W8\344\247\303\312\222\3645$\351"
 222      7B72F85D 
 222      5738E4A7 
 222      C3CA92F4 
 222      3524E9
 223 05e3 A00077BE 		.ascii	"\240\000w\276\202\350\272h\013+\365^>\322$@j\020\224"
 223      82E8BA68 
 223      0B2BF55E 
 223      3ED22440 
 223      6A1094
 224 05f6 4238D1C4 		.ascii	"B8\321\304\350U\365j2\022\371\232Yt\352[\356-\225\254"
 224      E855F56A 
 224      3212F99A 
 224      5974EA5B 
 224      EE2D95AC 
 225 060a AB53E285 		.ascii	"\253S\342\205>\367\011\354\222\357\222u\365\310\341"
 225      3EF709EC 
 225      92EF9275 
 225      F5C8E1
 226 0619 2D639C26 		.ascii	"-c\234&A?t\277\015P4)\347\353\233\216B\371Ew;.?\245"
 226      413F74BF 
 226      0D503429 
 226      E7EB9B8E 
 226      42F94577 
 227 0631 F9C40414 		.ascii	"\371\304\004\0240\211-\267\265W\005%;\332\012\2037s"
 227      30892DB7 
 227      B5570525 
 227      3BDA0A83 
 227      3773
 228 0643 A3473859 		.ascii	"\243G8Y\3748/\012\332\002\357\307\377\372]!\325t\351"
 228      FC382F0A 
 228      DA02EFC7 
 228      FFFA5D21 
 228      D574E9
 229 0656 C102A5EF 		.ascii	"\301\002\245\357\332\321:\235\232(\356\312\3338_Zc\300"
 229      DAD13A9D 
 229      9A28EECA 
 229      DB385F5A 
 229      63C0
 230 0668 9D549D43 		.ascii	"\235T\235C\347_\373\342V\272@\345\211\304\343p\364\004"
 230      E75FFBE2 
 230      56BA40E5 
ARM GAS  /tmp/ccciMJ2M.s 			page 18


 230      89C4E370 
 230      F404
 231 067a 4C450046 		.ascii	"LE\000F\352#\316\317\022\005\332\315\251\321v\016;\277"
 231      EA23CECF 
 231      1205DACD 
 231      A9D1760E 
 231      3BBF
 232 068c 73D278D8 		.ascii	"s\322x\330\362\373\377A\232\341\331\213\336\351w\001"
 232      F2FBFF41 
 232      9AE1D98B 
 232      DEE97701 
 233 069c 9FC1E329 		.ascii	"\237\301\343)\0124\233n\371h\007\254\221t)\320.n*\332"
 233      0A349B6E 
 233      F96807AC 
 233      917429D0 
 233      2E6E2ADA 
 234 06b0 C94D65E7 		.ascii	"\311Me\347K\357\260R\334\327\021\345\026\313\2464N\334"
 234      4BEFB052 
 234      DCD711E5 
 234      16CBA634 
 234      4EDC
 235 06c2 D789424E 		.ascii	"\327\211BN\240\341\234\"\341\264$\007Pi}R\211\317\270"
 235      A0E19C22 
 235      E1B42407 
 235      50697D52 
 235      89CFB8
 236 06d5 67CE5E4E 		.ascii	"g\316^N8s\366\260\351\236\257M\036\024*\027OP\217\336"
 236      3873F6B0 
 236      E99EAF4D 
 236      1E142A17 
 236      4F508FDE 
 237 06e9 DFBBC197 		.ascii	"\337\273\301\227\235f\277\0075\273s[\035\222\033\263"
 237      9D66BF07 
 237      35BB735B 
 237      1D921BB3 
 238 06f9 1F8CDDC7 		.ascii	"\037\214\335\307\021\262\003\324\030JI\025R\317\274"
 238      11B203D4 
 238      184A4915 
 238      52CFBC
 239 0708 19DEED2F 		.ascii	"\031\336\355/u.\251,\305\351\323\005\347\246S\347>\310"
 239      752EA92C 
 239      C5E9D305 
 239      E7A653E7 
 239      3EC8
 240 071a E207FD71 		.ascii	"\342\007\375q\027;+O\015\265'\252\241\002,\203*y\360"
 240      173B2B4F 
 240      0DB527AA 
 240      A1022C83 
 240      2A79F0
 241 072d 022ED998 		.ascii	"\002.\331\230\012\207Q\002?\227Q\034\024S\350 '\253"
 241      0A875102 
 241      3F97511C 
 241      1453E820 
 241      27AB
 242 073f 930F71A4 		.ascii	"\223\017q\244\032\254|\331\224\343\211w\252(YsC\261"
 242      1AAC7CD9 
 242      94E38977 
ARM GAS  /tmp/ccciMJ2M.s 			page 19


 242      AA285973 
 242      43B1
 243 0751 87C0D5F8 		.ascii	"\207\300\325\370d\332\360Y\236\207\217\254\012%\245"
 243      64DAF059 
 243      9E878FAC 
 243      0A25A5
 244 0760 CA10A932 		.ascii	"\312\020\2512\344T\231\224\352\310\340P\252?>\316\250"
 244      E4549994 
 244      EAC8E050 
 244      AA3F3ECE 
 244      A8
 245 0771 9E0E9EF6 		.ascii	"\236\016\236\366\026\250\356\330X\355~\220\325\356\207"
 245      16A8EED8 
 245      58ED7E90 
 245      D5EE87
 246 0780 45A2C372 		.ascii	"E\242\303r\242#\224\350\326\375\212%\370,\3439\236\263"
 246      A22394E8 
 246      D6FD8A25 
 246      F82CE339 
 246      9EB3
 247 0792 3FD71F57 		.ascii	"?\327\037W0%\265\242r\257\012\012ft\224f\3158e\365\316"
 247      3025B5A2 
 247      72AF0A0A 
 247      66749466 
 247      CD3865F5 
 248 07a7 C643457E 		.ascii	"\306CE~\343V\320\331\034\251\240\217sB\005\275\347i"
 248      E356D0D9 
 248      1CA9A08F 
 248      734205BD 
 248      E769
 249 07b9 E96EA7A1 		.ascii	"\351n\247\241\325wpM^wc\002?9\351w\004\207\262\234\246"
 249      D577704D 
 249      5E776302 
 249      3F39E977 
 249      0487B29C 
 250 07ce A263     		.ascii	"\242c"
 251 07d0 9C9268AE 		.ascii	"\234\222h\256\326\236\240\326\036\272\335|Z\205\337"
 251      D69EA0D6 
 251      1EBADD7C 
 251      5A85DF
 252 07df 320BFB0F 		.ascii	"2\013\373\017>\352\363\026\303q\3255\0349\342\322s\344"
 252      3EEAF316 
 252      C371D535 
 252      1C39E2D2 
 252      73E4
 253 07f1 642729D9 		.ascii	"d')\331\345\356\234\012\177\274\305\223\222\235\354"
 253      E5EE9C0A 
 253      7FBCC593 
 253      929DEC
 254 0800 DC3E20C6 		.ascii	"\334> \306\343\2037.\3618%r\235\222s\345R\256\366\003"
 254      E383372E 
 254      F1382572 
 254      9D9273E5 
 254      52AEF603 
 255 0814 0FB6FAE1 		.ascii	"\017\266\372\341,\306\265\373\362Oy\316<\251]\351\022"
 255      2CC6B5FB 
 255      F24F79CE 
ARM GAS  /tmp/ccciMJ2M.s 			page 20


 255      3CA95DE9 
 255      12
 256 0825 903C9129 		.ascii	"\220<\221)O\316t\2322\015\275(/\367\302g\030SI\376\355"
 256      4FCE749A 
 256      320DBD28 
 256      2FF7C267 
 256      185349FE 
 257 083a 8DCE253E 		.ascii	"\215\316%>\273\200k\363\036\362<dn\022bv\235\021\331"
 257      BB806BF3 
 257      1EF23C64 
 257      6E126276 
 257      9D11D9
 258 084d CEC8D9CE 		.ascii	"\316\310\331\316R\266\341\336\254~\025\256fl\216U[3"
 258      52B6E1DE 
 258      AC7E15AE 
 258      666C8E55 
 258      5B33
 259 085f 55F83A53 		.ascii	"U\370:S\266>\177\321\241\302w\231\322\260f\013l\016"
 259      B63E7FD1 
 259      A1C27799 
 259      D2B0660B 
 259      6C0E
 260 0871 DD4C797A 		.ascii	"\335Lyz\255r\2557~\314\224\265\345\315\253\275\361s"
 260      AD72AD37 
 260      7ECC94B5 
 260      E5CDABBD 
 260      F173
 261 0883 A61C7C58 		.ascii	"\246\034|X\270u\002\036\026l\273\233\257\305I^l\374"
 261      B875021E 
 261      166CBB9B 
 261      AFC5495E 
 261      6CFC
 262 0895 833C8727 		.ascii	"\203<\207'^\317\224c\205\353;<\360v\246t\025$\275T\342"
 262      5ECF9463 
 262      85EB3B3C 
 262      F076A674 
 262      1524BD54 
 263 08aa DD4CB978 		.ascii	"\335L\271xn\377t\274\237=_+j\357\361\307\231Lq\276\324"
 263      6EFF74BC 
 263      9F3D5F2B 
 263      6AEFF1C7 
 263      994C71BE 
 264 08bf 1AF6520F 		.ascii	"\032\366R\017d\234:\200\204\357\"\362\261\260\263\260"
 264      649C3A80 
 264      84EF22F2 
 264      B1B0B3B0 
 265 08cf B3DF1F67 		.ascii	"\263\337\037gQ\354\304\306\235\335\247\020\222\326\210"
 265      51ECC4C6 
 265      9DDDA710 
 265      92D688
 266 08de A44864E7 		.ascii	"\244Hd\347B\333z\217\354\374\314\353\011|\346\024z6"
 266      42DB7A8F 
 266      ECFCCCEB 
 266      097CE614 
 266      7A36
 267 08f0 E48383AA 		.ascii	"\344\203\203\252\177\366$y}\014\213GI\241\034.9\255"
 267      7FF62479 
ARM GAS  /tmp/ccciMJ2M.s 			page 21


 267      7D0C8B47 
 267      49A11C2E 
 267      39AD
 268 0902 5D0E844A 		.ascii	"]\016\204J\330`*\350\006S-\234\006\016\330)ka\027o\004"
 268      D8602AE8 
 268      06532D9C 
 268      060ED829 
 268      6B61176F 
 269 0917 B90E7215 		.ascii	"\271\016r\025\344\006H=\310e\220\006\220*\220\032\220"
 269      E406483D 
 269      C8659006 
 269      902A901A 
 269      90
 270 0928 3A906B20 		.ascii	":\220k \227@\256\270VH\307%\326\374\340\336\032\227"
 270      9740AEB8 
 270      5648C725 
 270      D6FCE0DE 
 270      1A97
 271 093a 6A406A7D 		.ascii	"j@j}\261\034?\246\300}}T\002/\227\303\345eO\255\324"
 271      B11C3FA6 
 271      C07D7D54 
 271      022F97C3 
 271      E5654FAD 
 272 094f 980239FA 		.ascii	"\230\0029\372\376\230\003_jK\211\034>\366\304\037\220"
 272      FE98035F 
 272      6A4B891C 
 272      3EF6C41F 
 272      90
 273 0960 E28BDCDB 		.ascii	"\342\213\334\333.\305wJ\315\271\350>\260.\005\267\224"
 273      2EC5774A 
 273      CDB9E83E 
 273      B02E05B7 
 273      94
 274 0971 FF821C3F 		.ascii	"\377\202\034?\266\342vH\371\317\271_\256\024_+\345/"
 274      B6E27648 
 274      F9CFB95F 
 274      AE145F2B 
 274      E52F
 275 0983 75CF2FA9 		.ascii	"u\317/\251\255z\217\342\335<?\221\240\334\324V\307\360"
 275      AD7A8FE2 
 275      DD3C3F91 
 275      A0DCD456 
 275      C7F0
 276 0995 31D871D6 		.ascii	"1\330q\326\250(Y\231\333\310\270TK\322\271\317\273\367"
 276      A8285999 
 276      DBC8B854 
 276      4BD2B9CF 
 276      BBF7
 277 09a7 B5B3007A 		.ascii	"\265\263\000zq\342D\213\017\276N_\036\256)\263\247\327"
 277      71E2448B 
 277      0FBE4E5F 
 277      1EAE29B3 
 277      A7D7
 278 09b9 1B4D0A70 		.ascii	"\033M\012p\233\315\350\026$\361\177+\241\205U\037\307"
 278      9BCDE816 
 278      24F17F2B 
 278      A185551F 
ARM GAS  /tmp/ccciMJ2M.s 			page 22


 278      C7
 279 09ca 89A4A26C 		.ascii	"\211\244\242l\002\326\233\342nUMk,0.\231\277\325\255"
 279      02D69BE2 
 279      6E554D6B 
 279      2C302E99 
 279      BFD5AD
 280 09dd 921EC64D 		.ascii	"\222\036\306M.\225\316m\3410\276M\017\343W\216\015\311"
 280      2E95CE6D 
 280      E130BE4D 
 280      0FE3578E 
 280      0DC9
 281 09ef 1EB8856D 		.ascii	"\036\270\205m\031\225-\271\271\360m\316\224\267\335"
 281      19952DB9 
 281      B9F06DCE 
 281      94B7DD
 282 09fe A5EDDEF8 		.ascii	"\245\355\336\370\021UTI\003[\022=\351\227d\300$\346"
 282      11555449 
 282      035B123D 
 282      E99764C0 
 282      24E6
 283 0a10 AE2B7D9A 		.ascii	"\256+}\232C\243\245\353\0350\243\343\347\362\276\323"
 283      43A3A5EB 
 283      1D30A3E3 
 283      E7F2BED3 
 284 0a20 26FAF6AE 		.ascii	"&\372\366\256\034\354&ol\256\357\324Xn\227\310I\320"
 284      1CEC266F 
 284      6CAEEFD4 
 284      586E97C8 
 284      49D0
 285 0a32 CDEEC925 		.ascii	"\315\356\311%I\363\256\227\025\344\035\256I\343\022"
 285      49F3AE97 
 285      15E41DAE 
 285      49E312
 286 0a41 3DF13F1B 		.ascii	"=\361?\033\035B\350\332!t\367 \024\255 m -be\271\253"
 286      1D42E8DA 
 286      2174F720 
 286      14AD206D 
 286      202D6265 
 287 0a57 FB2D7CAB 		.ascii	"\373-|\253\016\260d8\271\253\346\270\217<\031F?a\273"
 287      0EB06438 
 287      B9ABE6B8 
 287      8F3C1946 
 287      3F61BB
 288 0a6a 81E55F31 		.ascii	"\201\345_1\012A\356S\222:\272\013\300\235b\214;\234"
 288      0A41EE53 
 288      923ABA0B 
 288      C09D628C 
 288      3B9C
 289 0a7c 312ED937 		.ascii	"1.\3317\222\354-\215q\227K\214{\204\030\367\320\030"
 289      92EC2D8D 
 289      71974B8C 
 289      7B8418F7 
 289      D018
 290 0a8e A7ADCAED 		.ascii	"\247\255\312\355tI\210\253.\325\331}\001L\356AAAZ\366"
 290      744988AB 
 290      2ED5D97D 
 290      014CEE41 
ARM GAS  /tmp/ccciMJ2M.s 			page 23


 290      41415AF6 
 291 0aa2 67B36B97 		.ascii	"g\263k\227E\233\265\313m\261qvmdT\304\354\020\355G\037"
 291      459BB5CB 
 291      6DB17176 
 291      6D6454C4 
 291      EC10ED47 
 292 0ab7 856AA3C2 		.ascii	"\205j\243\302#\276\013\326\332\343\014f\363\222 \243"
 292      23BE0BD6 
 292      DAE30C66 
 292      F39220A3 
 293 0ac7 D7C28F3F 		.ascii	"\327\302\217?\235\246\013\016V\250\015\206\370\030k"
 293      9DA60B0E 
 293      56A80D86 
 293      F8186B
 294 0ad6 DCEC1043 		.ascii	"\334\354\020C\334j\244]f\263\230\264\321F\273)\320\034"
 294      DC6AA45D 
 294      66B398B4 
 294      D146BB29 
 294      D01C
 295 0ae8 FD9536D4 		.ascii	"\375\2256\324f\214\267\230\254@\023e\212\266\374Y\033"
 295      668CB798 
 295      AC401365 
 295      8AB6FC59 
 295      1B
 296 0af9 6634C72C 		.ascii	"f4\307,\267\233\014\246\300\345\361\306oB\264Q6\233"
 296      B79B0CA6 
 296      C0E5F1C6 
 296      6F42B451 
 296      369B
 297 0b0b D9AEFDDA 		.ascii	"\331\256\375\332h\014\214\216\265\004ZmVS\240)\372\253"
 297      680C8C8E 
 297      B5045A6D 
 297      5653A029 
 297      FAAB
 298 0b1d 98C00F03 		.ascii	"\230\300\017\003Cf\005\177\030\370\355\234@K\364_m\261"
 298      4366057F 
 298      18F8ED9C 
 298      404BF45F 
 298      6DB1
 299 0b2f 5A975E6D 		.ascii	"Z\227^m\214\325h\216_b\322Z\242\215\313b\254&\255a\211"
 299      8CD5688E 
 299      5F62D25A 
 299      A28DCB62 
 299      AC26AD61 
 300 0b44 696974BC 		.ascii	"iit\2749\316\020\267r\271\311\036\264L\341\3454\350"
 300      39CE10B7 
 300      72B9C91E 
 300      B44CE1E5 
 300      34E8
 301 0b56 EFFF577B 		.ascii	"\357\377W{\354+\355Z\203=n\011LN\214\370\314d\214\263"
 301      EC2BED5A 
 301      833D6E09 
 301      4C4E8CF8 
 301      CC648CB3 
 302 0b6a C5CE9FA5 		.ascii	"\305\316\237\245\375\317\034\253\360aO\206\030kL\234"
 302      FDCF1CAB 
 302      F0614F86 
ARM GAS  /tmp/ccciMJ2M.s 			page 24


 302      186B4C9C 
 303 0b7a C640C086 		.ascii	"\306@\300\206\230\330o\015\246\3451f\333\327\361\246"
 303      98D86F0D 
 303      A6E53166 
 303      DBD7F1A6 
 304 0b8a F7A574D6 		.ascii	"\367\245t\326\030'\335<}\204.b\005i0\332bM\206\357>"
 304      1827DD3C 
 304      7D842E62 
 304      056930DA 
 304      624D86EF 
 305 0b9f B4800D1A 		.ascii	"\264\200\015\032\343\262\310\225\366\250\030\213)vQ"
 305      E3B2C895 
 305      F6A8188B 
 305      297651
 306 0bae B47589D9 		.ascii	"\264u\211\331\024\033\376+\371p\247\365\360\014#&Z\277"
 306      141BFE2B 
 306      F970A7F5 
 306      F00C2326 
 306      5ABF
 307 0bc0 8B318659 		.ascii	"\2131\206Y\243\2772\233\230\375\357\273\267\336h\263"
 307      A3BF329B 
 307      98FDEFBB 
 307      B7DE68B3 
 308 0bd0 586CD6D1 		.ascii	"Xl\326\321Ya\020\014\366\320\351\"\364\263\271O\364"
 308      5961100C 
 308      F6D0E922 
 308      F4B3B94F 
 308      F4
 309 0be1 CAD08879 		.ascii	"\312\320\210yz\034\252\323+\347\207F\351\261N\247\307"
 309      7A1CAAD3 
 309      2BE78746 
 309      E9B14EA7 
 309      C7
 310 0bf2 7A90797A 		.ascii	"z\220yz=^\034\251\303\272\217\243\224:]\230\236\342"
 310      3D5E1CA9 
 310      C3BA8FA3 
 310      943A5D98 
 310      9EE2
 311 0c04 43E86F30 		.ascii	"C\350o0\016[\250\347\"adx\230^\031\031\001h\235>\004"
 311      0E5BA8E7 
 311      22616478 
 311      985E1919 
 311      01689D3E 
 312 0c19 2418909F 		.ascii	"$\030\220\237\353C\376]\037ZH\330c\310\332}F\025C\234"
 312      EB43FE5D 
 312      1F5A48D8 
 312      63C8DA7D 
 312      4615439C 
 313 0c2d D2B82C3A 		.ascii	"\322\270,:Vc\263G\233\301\035\037\331\214\337,\210\265"
 313      5663B347 
 313      9BC11D1F 
 313      D98CDF2C 
 313      88B5
 314 0c3f 59C223F5 		.ascii	"Y\302#\365\323\344\264\004B\275B\036\210\003\251\373"
 314      D3E4B404 
 314      42BD421E 
 314      8803A9FB 
ARM GAS  /tmp/ccciMJ2M.s 			page 25


 315 0c4f CD30C2B0 		.ascii	"\3150\302\260\024\206\030b\354\261\336\243M~\006\203"
 315      14861862 
 315      ECB1DEA3 
 315      4D7E0683 
 316 0c5f DD146798 		.ascii	"\335\024g\230?/2l\261>\334/\332\374\267\350\225v\010"
 316      3F2F326C 
 316      B13EDC2F 
 316      DAFCB7E8 
 316      957608
 317 0c72 9B1992F2 		.ascii	"\233\031\222\362\003)\263iE\234V\027\021\031\0369\352"
 317      0329B369 
 317      459C5617 
 317      11191E39 
 317      EA
 318 0c83 6C1A23A3 		.ascii	"l\032#\243eA\274\225\370m\262`\331\247V\263h\333d:O"
 318      6541BC95 
 318      F86DB260 
 318      D9A756B3 
 318      68DB643A 
 319 0c98 BCD56572 		.ascii	"\274\325er\037I\343$2\352\023\327\350z\317[<?\370\243"
 319      1F49E324 
 319      32EA13D7 
 319      E87ACF5B 
 319      3C3FF8A3 
 320 0cac C5611FEB 		.ascii	"\305a\037\353\311S\010}\362\232\267h>}\360$\235\302"
 320      C953087D 
 320      F29AB768 
 320      3E7DF024 
 320      9DC2
 321 0cbe 3D04EE2A 		.ascii	"=\004\356*\350\240\375\320\254\217\214\242\017!\344"
 321      E8A0FDD0 
 321      AC8F8CA2 
 321      0F21E4
 322 0ccd C1133AC8 		.ascii	"\301\023:\310\035\353\302\365J\335\202\205z\217p]\244"
 322      1DEBC2F5 
 322      4ADD8285 
 322      7A8F705D 
 322      A4
 323 0cde 4ECF91A0 		.ascii	"N\317\221\240D\352\177\343~i\221Q\314\375\346\340\025"
 323      44EA7FE3 
 323      7E699151 
 323      CCFDE6E0 
 323      15
 324 0cef 2B88FBF5 		.ascii	"+\210\373\365:\235!\012^\310P\323R\025\231a\301\027"
 324      3A9D210A 
 324      5EC850D3 
 324      52159961 
 324      C117
 325 0d01 AAF050DD 		.ascii	"\252\360P\335'\241aD\013Y\360\205\177\350\374\205\021"
 325      27A16144 
 325      0B59F085 
 325      7FE8FC85 
 325      11
 326 0d12 BA4F9D98 		.ascii	"\272O\235\230\177\002\362\0073\322"
 326      7F02F207 
 326      33D2
 327              		.text
ARM GAS  /tmp/ccciMJ2M.s 			page 26


 328              		.section	.gnu.lto_.symtab.5e4c4eae83e2e3a8,"",%progbits
 329 0000 56656374 		.ascii	"VectorB0\000"
 329      6F724230 
 329      00
 330 0009 00       		.ascii	"\000"
 331 000a 00       		.ascii	"\000"
 332 000b 00       		.ascii	"\000"
 333 000c 00000000 		.ascii	"\000\000\000\000\000\000\000\000"
 333      00000000 
 334 0014 C5000000 		.ascii	"\305\000\000\000"
 335 0018 73745F6C 		.ascii	"st_lld_init\000"
 335      6C645F69 
 335      6E697400 
 336 0024 00       		.ascii	"\000"
 337 0025 00       		.ascii	"\000"
 338 0026 00       		.ascii	"\000"
 339 0027 00000000 		.ascii	"\000\000\000\000\000\000\000\000"
 339      00000000 
 340 002f C7000000 		.ascii	"\307\000\000\000"
 341 0033 5F706F72 		.ascii	"_port_irq_epilogue\000"
 341      745F6972 
 341      715F6570 
 341      696C6F67 
 341      756500
 342 0046 00       		.ascii	"\000"
 343 0047 02       		.ascii	"\002"
 344 0048 00       		.ascii	"\000"
 345 0049 00000000 		.ascii	"\000\000\000\000\000\000\000\000"
 345      00000000 
 346 0051 C9000000 		.ascii	"\311\000\000\000"
 347 0055 63685379 		.ascii	"chSysTimerHandlerI\000"
 347      7354696D 
 347      65724861 
 347      6E646C65 
 347      724900
 348 0068 00       		.ascii	"\000"
 349 0069 02       		.ascii	"\002"
 350 006a 00       		.ascii	"\000"
 351 006b 00000000 		.ascii	"\000\000\000\000\000\000\000\000"
 351      00000000 
 352 0073 CB000000 		.ascii	"\313\000\000\000"
 353 0077 6E766963 		.ascii	"nvicEnableVector\000"
 353      456E6162 
 353      6C655665 
 353      63746F72 
 353      00
 354 0088 00       		.ascii	"\000"
 355 0089 02       		.ascii	"\002"
 356 008a 00       		.ascii	"\000"
 357 008b 00000000 		.ascii	"\000\000\000\000\000\000\000\000"
 357      00000000 
 358 0093 D0000000 		.ascii	"\320\000\000\000"
 359              		.text
 360              		.section	.gnu.lto_.opts,"",%progbits
 361 0000 272D666D 		.ascii	"'-fmath-errno' '-fsigned-zeros' '-ftrapping-math' '"
 361      6174682D 
 361      6572726E 
ARM GAS  /tmp/ccciMJ2M.s 			page 27


 361      6F272027 
 361      2D667369 
 362 0033 2D666E6F 		.ascii	"-fno-trapv' '-fno-openmp' '-fno-openacc' '-mcpu=cor"
 362      2D747261 
 362      70762720 
 362      272D666E 
 362      6F2D6F70 
 363 0066 7465782D 		.ascii	"tex-m4' '-mno-thumb-interwork' '-mthumb' '-O2' '-fo"
 363      6D342720 
 363      272D6D6E 
 363      6F2D7468 
 363      756D622D 
 364 0099 6D69742D 		.ascii	"mit-frame-pointer' '-falign-functions=16' '-ffuncti"
 364      6672616D 
 364      652D706F 
 364      696E7465 
 364      72272027 
 365 00cc 6F6E2D73 		.ascii	"on-sections' '-fdata-sections' '-fno-common' '-flto"
 365      65637469 
 365      6F6E7327 
 365      20272D66 
 365      64617461 
 366 00ff 2700     		.ascii	"'\000"
 367              		.text
 368              		.comm	__gnu_lto_v1,1,1
 369              		.comm	__gnu_lto_slim,1,1
 370              		.ident	"GCC: (GNU Tools for Arm Embedded Processors 7-2017-q4-major) 7.2.1 20170904 (release) [ARM
ARM GAS  /tmp/ccciMJ2M.s 			page 28


DEFINED SYMBOLS
                            *ABS*:0000000000000000 st_lld.c
                            *COM*:0000000000000001 __gnu_lto_v1
                            *COM*:0000000000000001 __gnu_lto_slim

NO UNDEFINED SYMBOLS
