ARM GAS  /tmp/ccr0iH9e.s 			page 1


   1              		.cpu cortex-m4
   2              		.eabi_attribute 20, 1
   3              		.eabi_attribute 21, 1
   4              		.eabi_attribute 23, 3
   5              		.eabi_attribute 24, 1
   6              		.eabi_attribute 25, 1
   7              		.eabi_attribute 26, 1
   8              		.eabi_attribute 30, 2
   9              		.eabi_attribute 34, 1
  10              		.eabi_attribute 18, 4
  11              		.file	"chregistry.c"
  12              		.section	.gnu.lto_.profile.38351f4ca55ad0d9,"",%progbits
  13 0000 789C6363 		.ascii	"x\234cc```\001bF\006Y!\000\000\304\000;"
  13      60606001 
  13      62460659 
  13      210000C4 
  13      003B
  14              		.text
  15              		.section	.gnu.lto_.icf.38351f4ca55ad0d9,"",%progbits
  16 0000 789C6363 		.ascii	"x\234cc``\020a@\000f\206\277\307\256oaczxk\325*.\346"
  16      60601061 
  16      40006686 
  16      BFC7AE6F 
  16      61637A78 
  17 0019 9D93173F 		.ascii	"\235\223\027?`b\000\000hd\011a"
  17      60620000 
  17      68640961 
  18              		.text
  19              		.section	.gnu.lto_.jmpfuncs.38351f4ca55ad0d9,"",%progbits
  20 0000 789C6363 		.ascii	"x\234cc``Pd@\000&\020fdd\254\237\303\314\300\304T\011"
  20      60605064 
  20      40002610 
  20      666464AC 
  20      9FC3CCC0 
  21 0017 E4311E60 		.ascii	"\3441\036`ad\000\342\377@\300\317\300\000\000U\034\007"
  21      616400E2 
  21      FF40C0CF 
  21      C0000055 
  21      1C07
  22 0029 60       		.ascii	"`"
  23              		.text
  24              		.section	.gnu.lto_.inline.38351f4ca55ad0d9,"",%progbits
  25 0000 789C6363 		.ascii	"x\234cc``\320g@\000&\006\006N\016F\006&\236\007\261"
  25      6060D067 
  25      40002606 
  25      064E0E46 
  25      06269E07 
  26 0015 0C6C0BE4 		.ascii	"\014l\013\344\231 b\274\242@!\376E\305\014\354\035\352"
  26      992062BC 
  26      A24021FE 
  26      45C50CEC 
  26      1DEA
  27 0027 10216E06 		.ascii	"\020!n\006\006\306\011~\014\000\201m\005K"
  27      06C6097E 
  27      0C00816D 
  27      054B
  28              		.text
ARM GAS  /tmp/ccr0iH9e.s 			page 2


  29              		.section	.gnu.lto_.pureconst.38351f4ca55ad0d9,"",%progbits
  30 0000 789C6363 		.ascii	"x\234cc```\007b&\206]\214L\273\030\001\005\345\001\210"
  30      60606007 
  30      6226865D 
  30      8C4CBB18 
  30      0105E501 
  31              		.text
  32              		.section	.gnu.lto_chRegFirstThread.38351f4ca55ad0d9,"",%progbits
  33 0000 789C8553 		.ascii	"x\234\205S[oLQ\024\336\337\331\247\3231\203x\022A\230"
  33      5B6F4C51 
  33      14DEDFD9 
  33      A7D33183 
  33      78124198 
  34 0014 4626D144 		.ascii	"F&\321Dzx\222\210\027\2214\361\320\027\375\001\302\230"
  34      7A789288 
  34      179134F1 
  34      D017FD01 
  34      C298
  35 0026 5051D39C 		.ascii	"PQ\323\234\231\212>u\353\264\246.\011\241\035\312\320"
  35      998A3E75 
  35      EBB4A62E 
  35      09A11DCA 
  35      D0
  36 0037 A111F5E0 		.ascii	"\241\021\365\340>.\275\250QZu\251K\015*\025\241\245"
  36      3E2EBDA8 
  36      515A75A9 
  36      4B0D2A15 
  36      A1A5
  37 0049 B49A525E 		.ascii	"\264\232R^\324\245\254\275\317`L\023&3g\3169\353[k}"
  37      D4A5ACBD 
  37      CF604C13 
  37      263367CE 
  37      39EB5B6B 
  38 005e EBFBD6B6 		.ascii	"\353\373\326\2661\306\036\352\214\265\320\377\014\372"
  38      31C61EEA 
  38      8CB5D0FF 
  38      0CFA
  39 006c 813368BB 		.ascii	"\2013h\273\3562\266\331\256\001\362F\330\301J5\224b"
  39      EE32B6D9 
  39      AE01F246 
  39      D8C14A35 
  39      9462
  40 007e 07AFE278 		.ascii	"\007\257\342xP~:\302\267\363\010\301tz\034\351\334\337"
  40      507E3AC2 
  40      B7F308C1 
  40      747A1CE9 
  40      DCDF
  41 0090 37593E02 		.ascii	"7Y>\002.z\034\032n\217M\314>&D\231\210\357\015;\016"
  41      2E7A1C1A 
  41      6E8F4DCC 
  41      3E264499 
  41      88EF0D3B 
  42 00a5 C4EE8B09 		.ascii	"\304\356\213\011\021\256\2610\301c\230\211s\230){\234"
  42      11AEB130 
  42      C1639889 
  42      7398297B 
  42      9C
ARM GAS  /tmp/ccr0iH9e.s 			page 3


  43 00b6 473623F4 		.ascii	"G6#\364\365\327\337\272\234|\016\344\375\273\312\216"
  43      F5D7DFBA 
  43      9C7C0EE4 
  43      FDBBCA8E 
  44 00c6 6376779D 		.ascii	"cvw\235\312\354\257\237~8(:\204N\251\270\000\376w6\223"
  44      CAECAF9F 
  44      7E38283A 
  44      844EA9B8 
  44      00FE7736 
  45 00db F0DE3363 		.ascii	"\360\3363c\325\223l:.\302-\213S\315K\260\341w\240\\"
  45      D5936C3A 
  45      2EC22D8B 
  45      53CD4BB0 
  45      E177A05C 
  46 00ef D027FEFC 		.ascii	"\320'\376\374\270M\275\017s\244\34404\020\264\0216\226"
  46      B84DBD0F 
  46      73A4E430 
  46      3410B411 
  46      3696
  47 0101 06FFF46A 		.ascii	"\006\377\364jQ\006\223\20101\246\330\233\346P\002<W"
  47      51069381 
  47      3031A6D8 
  47      9BE65002 
  47      3C57
  48 0113 E50EF557 		.ascii	"\345\016\365W\306\365$\27575sG\273\337\012\261[ \302"
  48      C6F524BD 
  48      37357347 
  48      BBDF0AB1 
  48      5B20C2
  49 0126 399AFF41 		.ascii	"9\232\377A\320*<<j\303e\"\212&Y\233\377\305\245\205"
  49      D02A3C3C 
  49      6AC36522 
  49      8A26599B 
  49      FFC5A585 
  50 013a B85C212E 		.ascii	"\270\\!.\362\002\032CNt\252+#.\306~\204H\303\251\365"
  50      F2021A43 
  50      4E74AA2B 
  50      232EC67E 
  50      8448C3A9 
  51 014f 550387DC 		.ascii	"U\003\207\334\344@\204\353\232\274P\212\234\231U\322"
  51      E44084EB 
  51      9ABC508A 
  51      9C9955D2 
  52 015f D0E48E88 		.ascii	"\320\344\216\210\263\255\304\226\356\202q\326\017m<"
  52      B3ADC496 
  52      EE8271D6 
  52      0F6D3C
  53 016e D7F9EFFF 		.ascii	"\327\371\357\377\315\025q\270))4 .\353\322H\016\027"
  53      CD1571B8 
  53      29293420 
  53      2EEBD248 
  53      0E17
  54 0180 AE52EC1D 		.ascii	"\256R\354\035\312z\233vV\365MK\033fO\304\221\024U\037"
  54      CA7A9B76 
  54      56F54D4B 
  54      1B664FC4 
  54      9114551F 
ARM GAS  /tmp/ccr0iH9e.s 			page 4


  55 0194 2760B941 		.ascii	"'`\271A\002\266\312XFz\254\257f\261O\266b\2706^\204"
  55      02B6CA58 
  55      467AACAF 
  55      66B14FB6 
  55      62B8365E 
  56 01a9 EB347B9B 		.ascii	"\3534{\233\024\241M\212\000V'\235<R{\366\263#+\206Z"
  56      14A14D8A 
  56      0056279D 
  56      3C527BF6 
  56      B3232B86 
  57 01be B1CF15B1 		.ascii	"\261\317\025\261\012\236\350k\022v\322\201\241\035Y"
  57      0A9EE86B 
  57      1276D281 
  57      A11D59
  58 01cd 4AE60F43 		.ascii	"J\346\017C\211\036\215\336\340\006tE\233\241C-f}\313"
  58      891E8DDE 
  58      E0067445 
  58      9BA1432D 
  58      667DCB
  59 01e0 B5D713B3 		.ascii	"\265\327\023\263.&\263\225\327\037O\236}\344T\3317e"
  59      2E26B395 
  59      D71F4F9E 
  59      7DE454D9 
  59      3765
  60 01f2 366E4127 		.ascii	"6nA'\311\312\\J\002\306\006Q\3268\332[\267@\016\267"
  60      C9CA5C4A 
  60      02C60651 
  60      D638DA5B 
  60      B7400EB7 
  61 0206 9FCB1AE1 		.ascii	"\237\313\032\341\212\326{\231R\223L\265\003\015\015"
  61      8AD67B99 
  61      52934CB5 
  61      030D0D
  62 0215 433D99A5 		.ascii	"C=\231\245\337\205\235^D\271es,8\262{r\024\207H];\356"
  62      DF859D5E 
  62      44B96573 
  62      2C38B27B 
  62      72148748 
  63 022c D021B92D 		.ascii	"\320!\271-9P\340\302\215g_\355\306\0119{t]\204O@'\242"
  63      3950E0C2 
  63      8D675FED 
  63      C609397B 
  63      745D844F 
  64 0243 A8E6C9ED 		.ascii	"\250\346\311\355\370\362$X\241%\243G \327\374.\214j"
  64      F8F22458 
  64      A125A347 
  64      20D7FC2E 
  64      8C6A
  65 0255 5A53A275 		.ascii	"ZS\242u\017\206\244\025\235\256V\232\314&2\212\334@"
  65      0F86A415 
  65      9DAE569A 
  65      CC26328A 
  65      DC40
  66 0267 CD5158E4 		.ascii	"\315QX\344\220JNS\344\232[;\333mDd3\225\244\201\035"
  66      904A4E53 
  66      E49A5B3B 
  66      DB6D4464 
ARM GAS  /tmp/ccr0iH9e.s 			page 5


  66      3395A481 
  67 027c 9484FB49 		.ascii	"\224\204\373I.\211P\367s\247\325\215BN<PT4\331\254\213"
  67      2E8950F7 
  67      73A7D58D 
  67      424E3C50 
  67      5434D9AC 
  68 0291 9A0D2218 		.ascii	"\232\015\"\030\336\362\224[\2455\253\372\371\320\235"
  68      DEF2945B 
  68      A535ABFA 
  68      F9D09D
  69 02a0 330E59DD 		.ascii	"3\016Y\335\011\340!\325!\002\211m\252}Z\263\350\324"
  69      09E021D5 
  69      2102896D 
  69      AA7D5AB3 
  69      E8D4
  70 02b2 FF744BFC 		.ascii	"\377tK\374\351\366\010\006uP{*\017D\352\0244;\036\247"
  70      E9F60806 
  70      75507B2A 
  70      0F44EA14 
  70      343B1EA7 
  71 02c6 AE9D7520 		.ascii	"\256\235u \222\2730V\373\262\305\371\313\346\307\312"
  71      92BB3056 
  71      FBB2C5F9 
  71      CBE6C7CA 
  72 02d6 E627CAE6 		.ascii	"\346'\312\346tO\273-O_\214\354h\234\245z06L\217\333"
  72      744FBB2D 
  72      4F5F8CEC 
  72      689CA57A 
  72      30364C8F 
  73 02eb 0FB6D992 		.ascii	"\017\266\331\222\276J\007*\251\033\035\031Js\345\344"
  73      BE4A072A 
  73      A91B1D19 
  73      4A73E5E4 
  74 02fb 18D6D7E7 		.ascii	"\030\326\327\3477\314\200\3417=\206g\255\351]S\340\017"
  74      37CC80E1 
  74      373D8667 
  74      ADE95D53 
  74      E00F
  75 030d 9825391E 		.ascii	"\230%9\036\246\005\212f\247a\0126x\326\027\257\366\022"
  75      A6058A66 
  75      A7610A36 
  75      78D617AF 
  75      F612
  76 031f CE5FE2CF 		.ascii	"\316_\342\317Y\31326\256\\_\354\315NC\025\371\314\200"
  76      59CB3236 
  76      AE5C5FEC 
  76      CD4E4315 
  76      F9CC80
  77 0332 DF58B23C 		.ascii	"\337X\262<oi\336&\202z|\246w\305\306\205\205\204\237"
  77      6F69DE26 
  77      827A7CA6 
  77      77C5C685 
  77      85849F
  78 0345 978AF46E 		.ascii	"\227\212\364n\012\030K\363\362\227\345\377)+\221\236"
  78      0A184BF3 
  78      F297E5FF 
  78      292B919E 
ARM GAS  /tmp/ccr0iH9e.s 			page 6


  79 0355 C2DCE20D 		.ascii	"\302\334\342\015\036\002O\311\313_\356Z\265\322\357"
  79      1E024FC9 
  79      CB5FEE5A 
  79      B5D2EF
  80 0364 2D320BE6 		.ascii	"-2\013\346\271\334\363\231f\262\314Bo\241\317,a?\001"
  80      B9DCF399 
  80      66B2CC42 
  80      6FA1CF2C 
  80      613F01
  81 0377 3F7AC771 		.ascii	"?z\307q"
  82              		.text
  83              		.section	.gnu.lto_chRegNextThread.38351f4ca55ad0d9,"",%progbits
  84 0000 789C8554 		.ascii	"x\234\205T\335oSe\030\177~\347==-mi\2742\206\020\354"
  84      DD6F5365 
  84      187F7EE7 
  84      3D3D2D6D 
  84      69BC3286 
  85 0016 A2159790 		.ascii	"\242\025\227\220\225\033C0\336\030\022\023Mv\303\376"
  85      951B4330 
  85      DE181213 
  85      4D76C3FE 
  86 0026 0003B591 		.ascii	"\000\003\265\221%\354#mG\330\325\016\373\260\233J4\010"
  86      25EC236D 
  86      47D8D50E 
  86      FBB09B4A 
  86      3408
  87 0038 9DA98D2B 		.ascii	"\235\251\215+\242\001\203c2\006\262\017F\331p\033\214"
  87      A2018363 
  87      3206B20F 
  87      46D9701B 
  87      8C
  88 0049 0D1805EB 		.ascii	"\015\030\005\353\006\004\267l\272Q\247x\2618\304\351"
  88      0604B76C 
  88      BA51A778 
  88      B138C4E9 
  89 0059 F3BE6742 		.ascii	"\363\276gB\351\024O\332\323s\236\257\337\363\374\236"
  89      E9144FDA 
  89      D3739EAF 
  89      DFF3FC9E 
  90 0069 DF5B8388 		.ascii	"\337[\203\210FmD}\374\373\022\177a#h\037\216\022\355"
  90      466D447D 
  90      FCFB127F 
  90      6123681F 
  90      8E12ED
  91 007c 71689ADE 		.ascii	"qh\232\336,\310t\212\305\213D\246[@\267\354: \037L\007"
  91      2CC8748A 
  91      C58B44A6 
  91      5B40B7EC 
  91      3A201F4C 
  92 0091 A846133A 		.ascii	"\250F\023:j\360\276\330/p\265\376\353\204xO$\004A\347"
  92      6AF0BED8 
  92      2F70B5FE 
  92      EB84784F 
  92      240441E7 
  93 00a5 D77B23F1 		.ascii	"\327{#\361)\217|\005\274\374\232\235\037\350p\027\036"
  93      298F7C05 
  93      BCFC9A9D 
ARM GAS  /tmp/ccr0iH9e.s 			page 7


  93      1FE87017 
  93      1E
  94 00b6 36CD5A33 		.ascii	"6\315Z3\325\274\340\374\244\343\212\271*!4\212qx\007"
  94      D5BCE0FC 
  94      A4E38AB9 
  94      2A21348A 
  94      717807
  95 00c9 D6E204D6 		.ascii	"\326\342\004\326J\364\223(\344\340\363\323\017\306\\"
  95      4AF49328 
  95      E4E0F3D3 
  95      0FC65C
  96 00d8 E239103F 		.ascii	"\3429\020?\017\327\017g\214\365_\250\304\354\347\302"
  96      0FD70F67 
  96      8CF55FA8 
  96      C4ECE7C2 
  97 00e8 7C9EB370 		.ascii	"|\236\263p\012\"7Q\026\3027X/\3433\351c_\272\304\013"
  97      0A223751 
  97      16C23758 
  97      2FE333E9 
  97      635FBAC4 
  98 00fd 2AB7697E 		.ascii	"*\267i~\354g\217\357\220\312\2359\272\346`\2359d\352"
  98      EC678FEF 
  98      90CA9D39 
  98      BAE6609D 
  98      3964EA
  99 0110 32FFF4E3 		.ascii	"2\377\364\343\371\362\342\360\311\343K\007V\033::\341"
  99      F9F2E2F0 
  99      C9E34B07 
  99      561B3A3A 
  99      E1
 100 0121 4B0A92AD 		.ascii	"K\012\222\255qG]0\360\320Wo\362\225\272\335j({L '\215"
 100      71475D30 
 100      F0D0576F 
 100      F295BADD 
 100      6A287B4C 
 101 0138 D0CDA13D 		.ascii	"\320\315\241=0(/\374\332\364\313Lj\217\214\327\244\357"
 101      30282FFC 
 101      DAF4CB4C 
 101      6A8F8CD7 
 101      A4EF
 102 014a C79E681A 		.ascii	"\307\236h\032\342\015\225\233\235iL\351\313\035\016"
 102      E20D959B 
 102      9D694CE9 
 102      CB1D0E
 103 0159 C65F5CCC 		.ascii	"\306_\\\314\374d\232\373L$\204@\357\023z\264\012\317"
 103      FC649AFB 
 103      4C248440 
 103      EF137AB4 
 103      0ACF
 104 016b 2F1A380B 		.ascii	"/\0328\013\037\341\214\254-\036\353%\305\275\234\343"
 104      1FE18CAC 
 104      2D1EEB25 
 104      C5BD9CE3 
 105 017b 5EE40D3C 		.ascii	"^\344\015<\206\034\252m\314\2262\227\376\212\362\006"
 105      861CAA6D 
 105      CC963297 
 105      FE8AF206 
ARM GAS  /tmp/ccr0iH9e.s 			page 8


 106 018b 9E3EDA3E 		.ascii	"\236>\332>;\353s\203\244]c\002u!o\006$\215ve%jd\002"
 106      3BEB7383 
 106      A45D6302 
 106      75216F06 
 106      248D7665 
 107 01a3 78D3668A 		.ascii	"x\323f\212\232\270s~\252K\321\014\264\225}o\374\345"
 107      9AB8737E 
 107      AA4BD10C 
 107      B4957D6F 
 107      FCE5
 108 01b5 C97DA30F 		.ascii	"\311}\243\017>N\212\316\232gt)\011\001/\372\331w\027"
 108      3E4E8ACE 
 108      9A677429 
 108      09012FFA 
 108      D97717
 109 01c8 B593773F 		.ascii	"\265\223w?\330?\365L\336`\037=p.\023\254\257 \263\301"
 109      D83FF54C 
 109      DE601F3D 
 109      702E13AC 
 109      AF20B3C1 
 110 01dc CF649E97 		.ascii	"\317d\236\227>[\276\257?\376J\205\204\"|\273\222\220"
 110      3E5BBEAF 
 110      3FFE4A85 
 110      84227CBB 
 110      9290
 111 01ee 01E66150 		.ascii	"\001\346aP\0222(\011\001\035\226[\375\254\245\375wg"
 111      12322809 
 111      011D965B 
 111      FDACA5FD 
 111      7767
 112 0200 C169B498 		.ascii	"\301i\264\230\037{\023V\301\326\251n\323\241k\334\364"
 112      1F7B1356 
 112      C1D6A96E 
 112      D3A16BDC 
 112      F4
 113 0211 100A14E5 		.ascii	"\020\012\024\345\277f\323\023\032[p\001\272j\233pQI"
 113      BF66D313 
 113      1A5B7001 
 113      BA6A9B70 
 113      5149
 114 0223 FC486FFF 		.ascii	"\374Ho\377\264\273\240{9[\355\375\267c\355\327]*{Xf"
 114      B4BBA07B 
 114      395BEDFD 
 114      B763EDD7 
 114      5D2A7B58 
 115 0238 E31274A6 		.ascii	"\343\022t\246\254\326\253( \232Cm\327\342d\333f9\\\\"
 115      ACD6AB28 
 115      209A436D 
 115      D7E264DB 
 115      66395C5C 
 116 024c D83921D6 		.ascii	"\3309!\326\320w\331.9\321\224\036z\372F\006\214$>\335"
 116      D077D92E 
 116      39D1941E 
 116      7AFA4606 
 116      8C243EDD 
 117 0260 C3F324CB 		.ascii	"\303\363$\313y%\366\27000\"A\331\233\216fn\273\374\255"
 117      7925F6B8 
ARM GAS  /tmp/ccr0iH9e.s 			page 9


 117      30302241 
 117      D99B8E66 
 117      6EBBFCAD 
 118 0274 7258AFCC 		.ascii	"rX\257\314\030E\022\007\204b\3702\374\022(\271N\011"
 118      18451207 
 118      8462F832 
 118      FC1228B9 
 118      4E09
 119 0286 96D7C7E5 		.ascii	"\226\327\307\345i\032\365\343\375\243_\271\377\005\316"
 119      691AF5E3 
 119      FDA35FB9 
 119      FF05CE
 120 0295 A1E03A3B 		.ascii	"\241\340:;\263\023\366\232?M\007\033\222\254fi\353\250"
 120      B313F69A 
 120      3F4D071B 
 120      92AC6669 
 120      EBA8
 121 02a7 BBB7CFC3 		.ascii	"\273\267\317\303-\3602W\341*\237\356+\313\350\247\006"
 121      2DF03257 
 121      E12A9FEE 
 121      2BCBE8A7 
 121      06
 122 02b8 6FFEE1B0 		.ascii	"o\376\341\260\320\223\013\354ubL\341\303R\346\221\241"
 122      D0930BEC 
 122      75624CE1 
 122      C352E691 
 122      A1
 123 02c9 BD273C5C 		.ascii	"\275'<\\\253\221\335s\354v\341\032\367DH\243F\211\240"
 123      AB91DD73 
 123      EC76E11A 
 123      F74448A3 
 123      4689A0
 124 02dc 8917C2FF 		.ascii	"\211\027\302\377$\254!\311\302l\246\301\260\332\322"
 124      24AC21C9 
 124      C26CA6C1 
 124      B0DAD2
 125 02eb F2C6F6AA 		.ascii	"\362\306\366\252\241\355\3771\264\033\327\025\250&\207"
 125      A1EDFF31 
 125      B41BD715 
 125      A82687
 126 02fa BEC10073 		.ascii	"\276\301\000s\250\213\275\323d\263j\011\253\334\311"
 126      A88BBDD3 
 126      64B36A09 
 126      ABDCC9
 127 0309 E8A5E34E 		.ascii	"\350\245\343N9\245\033\300w\\\207\021\323\357B\306\344"
 127      39A51BC0 
 127      775C8711 
 127      D3EF42C6 
 127      E4
 128 031a 73BC9DFE 		.ascii	"s\274\235\376\007.\363\010\356{\370\031B\215\242\347"
 128      072EF308 
 128      EE7BF819 
 128      428DA2E7 
 129 032a 1C078B6D 		.ascii	"\034\007\213mX\317g\225\322\037\322\314f\214\347*\335"
 129      58CF6795 
 129      D21FD2CC 
 129      668CE72A 
ARM GAS  /tmp/ccr0iH9e.s 			page 10


 129      DD
 130 033b 3A8FCBF2 		.ascii	":\217\313\362[j\371\241\327\365\217\262\306\225\262"
 130      5B6AF9A1 
 130      D7F58FB2 
 130      C695B2
 131 034a 2694B2F2 		.ascii	"&\224\262\362et\323\222\321\235\203{\273\326)\014\242"
 131      6574D392 
 131      D19D837B 
 131      BBD6290C 
 131      A2
 132 035b 2CEAEF34 		.ascii	",\352\3574\335Rs\347mru\214\265H\270\305\274\263x\022"
 132      DD5273E7 
 132      6D72758C 
 132      B548B8C5 
 132      BCB37812 
 133 036f C243F32C 		.ascii	"\302C\363,\214C\315k,\216\344\272\026\230\027\036X\273"
 133      8C43CD6B 
 133      2C8EE4BA 
 133      1698171E 
 133      58BB
 134 0381 DF7E013C 		.ascii	"\337~\001<\274\270\337\266\231O;\344P\014\352-*\362"
 134      BCB8DFB6 
 134      994F3BE4 
 134      500CEA2D 
 134      2AF2
 135 0393 5B9F8AB0 		.ascii	"[\237\212\260?\024\361\207C\001\177`G(\370vi8\022\252"
 135      3F14F187 
 135      43017F60 
 135      4728F876 
 135      693812AA 
 136 03a7 2E0A9016 		.ascii	".\012\220\026\251\024\345\221\312g\363\342J\313\003"
 136      A914E591 
 136      CA67F3E2 
 136      4ACB03
 137 03b6 3BABDE0A 		.ascii	";\253\336\012rl\270:\\\264\203l\273\266\355\254\012"
 137      726CB83A 
 137      5CB4836C 
 137      BBB6EDAC 
 137      0A
 138 03c7 16E64555 		.ascii	"\026\346EUV\204\"a\377\253[\213\267\024\357\346\320"
 138      56842261 
 138      FFAB5B8B 
 138      B714EFE6 
 138      D0
 139 03d8 404528F8 		.ascii	"@E(\370\346\256Me\034\277!72\270;\342\337R\\\362z\311"
 139      E6AE4D65 
 139      1CBF2137 
 139      32B83BE2 
 139      DF525CF2 
 140 03ee A3B23232 		.ascii	"\243\26222P\366ZUy\200\203\237*.\331\352\335\276-\034"
 140      50F65A55 
 140      7980839F 
 140      2A2ED9EA 
 140      DDBE2D1C 
 141 0402 AC0C956E 		.ascii	"\254\014\225n\360\3726\222\026\"{Y\260\254\"TM\177\003"
 141      F0FA3692 
 141      16227B59 
ARM GAS  /tmp/ccr0iH9e.s 			page 11


 141      B0AC2254 
 141      4D7F03
 142 0415 A3A61E2C 		.ascii	"\243\246\036,"
 143              		.text
 144              		.section	.gnu.lto_ch_debug.38351f4ca55ad0d9,"",%progbits
 145 0000 789C2D8E 		.ascii	"x\234-\216MKBQ\020\206\317\353\361\226\3465\015\"Z\334"
 145      4D4B4251 
 145      1086CFEB 
 145      F196E635 
 145      0D225ADC 
 146 0014 DAB52F57 		.ascii	"\332\265/W.\373\011\375$#\213(\010\002\335\304\025\244"
 146      2EFB09FD 
 146      24238B28 
 146      0802DDC4 
 146      15A4
 147 0026 16152D12 		.ascii	"\026\025-\022*?\263\314\264HrQ\030\324\246\014\261\014"
 147      2A3FB3CC 
 147      B4487251 
 147      18D4A60C 
 147      B10C
 148 0038 D42CFA40 		.ascii	"\324,\372@\012j\306s/gxx\356;3L\237\020\342\031B\320"
 148      0A6AC673 
 148      2F677878 
 148      EE3B334C 
 148      9F10E219 
 149 004e EB7D2189 		.ascii	"\353}!\211\335f\252\353^\226\246\244\237\244\351\271"
 149      DD66AAEB 
 149      5E96A6A4 
 149      9FA4E9B9 
 150 005e 9D98A5E3 		.ascii	"\235\230\245\343\244\353\215\362\205\246t\2144\231m"
 150      A4EB8DF2 
 150      85A6748C 
 150      34996D
 151 006d F9941964 		.ascii	"\371\224\031d\355`\275\352R:J\372\366\033I8\225\016"
 151      ED60BDEA 
 151      523A4AFA 
 151      F61B4938 
 151      950E
 152 007f 935E772E 		.ascii	"\223^w.#V\352%\375i\204\356\240T']\313|\224\254\305"
 152      2356EA25 
 152      FD6984EE 
 152      A054275D 
 152      CB7C94AC 
 153 0094 0E52F321 		.ascii	"\016R\363!\177o\315\026\370\214\253`\314\224\312\355"
 153      7F6FCD16 
 153      F88CAB60 
 153      CC94CAED 
 154 00a4 A4E5D0EB 		.ascii	"\244\345\320\353\014\0330;I\372\331]j[\335#\244\225"
 154      0C1B303B 
 154      49FAD95D 
 154      6A5BDD23 
 154      A495
 155 00b6 4473ABD7 		.ascii	"Ds\253\327lC\233\207\363\357\261M\235]B\222v6j\013\272"
 155      6C439B87 
 155      F3EFB14D 
 155      9D5D4292 
 155      76366A0B 
ARM GAS  /tmp/ccr0iH9e.s 			page 12


 156 00cb 8A5F382E 		.ascii	"\212_8.\376}\347<*\266\221\336>\325\263.\025?r\\Y1\253"
 156      FE7DE73C 
 156      2AB691DE 
 156      3ED5B32E 
 156      153F725C 
 157 00e2 0EE52DF6 		.ascii	"\016\345-\366\325\371\355\033\233?\036X\214\006\246"
 157      D5F9ED1B 
 157      9B3F1E58 
 157      8C06A6
 158 00f1 4D69C794 		.ascii	"Mi\307\224\201\"\014\370\014\024\010\247Ty\252\023\252"
 158      81220CF8 
 158      0C1408A7 
 158      5479AA13 
 158      AA
 159 0102 1C0C1EF8 		.ascii	"\034\014\036\370\252\225&T\177T3\245\026\246+\317\340"
 159      AA952654 
 159      7F5433A5 
 159      16A62BCF 
 159      E0
 160 0113 0FD3F17B 		.ascii	"\017\323\361{0\302\264\366\230!q\304\260#\313\320\024"
 160      30C2B4F6 
 160      982171C4 
 160      B023CBD0 
 160      14
 161 0124 FA70C8E8 		.ascii	"\372p\310\350G\206\341@\232\341D\2121\200$\303\205\004"
 161      4786E140 
 161      9AE1448A 
 161      318024C3 
 161      8504
 162 0136 4357CBDC 		.ascii	"CW\313\334\2103\006q\300\360`\237\341U\331\020C\340"
 162      88330671 
 162      C0F0609F 
 162      E155D910 
 162      43E0
 163 0148 1C7EF10F 		.ascii	"\034~\361\017}r\223\260"
 163      7D7293B0 
 164              		.text
 165              		.section	.gnu.lto_.symbol_nodes.38351f4ca55ad0d9,"",%progbits
 166 0000 789C6363 		.ascii	"x\234cc``\010\000b\006\246g\214\365\014\014\023\316"
 166      60600800 
 166      6206A667 
 166      8CF50C0C 
 166      13CE
 167 0012 313000A9 		.ascii	"10\000\251]\015\216\014\014\254/\030\031\024@2\317\031"
 167      5D0D8E0C 
 167      0CAC2F18 
 167      19144032 
 167      CF19
 168 0024 EB195165 		.ascii	"\353\031Qe\236226*\001\245\030_1\3263\201\245\030\030"
 168      9E323236 
 168      2A01A518 
 168      5F31D633 
 168      81A51818 
 169 0038 1A1A1C18 		.ascii	"\032\032\034\030\030\230\231X\030\236\264\277\221g\000"
 169      18989958 
 169      189EB4BF 
 169      916700
ARM GAS  /tmp/ccr0iH9e.s 			page 13


 170 0047 00106313 		.ascii	"\000\020c\023\000"
 170      00
 171              		.text
 172              		.section	.gnu.lto_.refs.38351f4ca55ad0d9,"",%progbits
 173 0000 789C6363 		.ascii	"x\234cc``\340\006bF badbbdc\000\000\001\200\000$"
 173      6060E006 
 173      62462062 
 173      61646262 
 173      64630000 
 174              		.text
 175              		.section	.gnu.lto_.decls.38351f4ca55ad0d9,"",%progbits
 176 0000 789CBD5B 		.ascii	"x\234\275[yTTg\226\257\357}E\025U\024\220Q;c\367qfr"
 176      79545467 
 176      96AFEF7D 
 176      45155514 
 176      90513B63 
 177 0018 32244D4F 		.ascii	"2$MO\267\242I\332\244gz\372d&\235\356\364\222\236>I"
 177      B7A249DA 
 177      A4677AFA 
 177      64269DEE 
 177      F4929E3E 
 178 002d 7A4ECF99 		.ascii	"zN\317\231\323SM\312RI\330\272\252L4s\346t\261*\202"
 178      D3534DCA 
 178      5249D8BA 
 178      AA4C3473 
 178      E674B12A 
 179 0042 02820B8A 		.ascii	"\002\202\013\212\212\270\341\202\340\006\310\276\211"
 179      8AB8E182 
 179      E006C8BE 
 179      89
 180 004f 6C228882 		.ascii	"l\"\210\202\200,\242\002\242(\202\013\2332\367[^\275"
 180      802CA202 
 180      A228820B 
 180      9B32F75B 
 180      5EBD
 181 0061 57C52B93 		.ascii	"W\305+\223?\246\247\216\227\367\356{\367\273\367w\357"
 181      3FA6A78E 
 181      97F7EE7B 
 181      F7BBF777 
 181      EF
 182 0072 77BFFBBE 		.ascii	"w\277\373\276\357{O\215J\245\372`\271J\365kO\225\252"
 182      EF7B4F8D 
 182      4AA5FA60 
 182      B94AF56B 
 182      4F95AA
 183 0085 1CA954B3 		.ascii	"\034\251T\263\360S\303\265\012 `U\357\223?\360\303@"
 183      F053C3B5 
 183      0A206055 
 183      EF933FF0 
 183      C340
 184 0097 31701E07 		.ascii	"1p\036\007\264\011H \327\340\317O\004\225\323\317\013"
 184      B4094820 
 184      D7E0CF4F 
 184      0495D3CF 
 184      0B
 185 00a8 040D709C 		.ascii	"\004\015p\234\007\264\200\267/\207\343\"\240wA\366\247"
 185      07B480B7 
ARM GAS  /tmp/ccr0iH9e.s 			page 14


 185      2F87E322 
 185      A07741F6 
 185      A7
 186 00b9 40EF0309 		.ascii	"@\357\003\011@\003p\357g@Z\304\364O\302\261\033\310"
 186      400370EF 
 186      67405AC4 
 186      F44FC2B1 
 186      1BC8
 187 00cb 0AA4E1F6 		.ascii	"\012\244\341\366>\000\271_\002\375\026\350#\240O\004"
 187      3E00B95F 
 187      02FD16E8 
 187      23A04F04 
 188 00db 860BBBD8 		.ascii	"\206\013\273\330\235\017\012|\277\306.\261%\267\375"
 188      9D0F0A7C 
 188      BFC62EB1 
 188      25B7FD
 189 00ea 3B81D9FE 		.ascii	";\201\331\376w8&p\014k\021\303A0hU\314_%\014b\014\376"
 189      77382670 
 189      0C6B11C3 
 189      41306855 
 189      CC5F250C 
 190 0101 20CCC5F2 		.ascii	" \314\305\362?j\206\237\330~\035\350\257\021\303\344"
 190      3F6A869F 
 190      D87E1DE8 
 190      AF11C3E4 
 191 0111 0772FF2C 		.ascii	"\007r\377,0\214o\302q\011\220?\320?\000-\005Z\016\364"
 191      308C6FC2 
 191      7109903F 
 191      D03F002D 
 191      055A0EF4 
 192 0125 3AD0DB40 		.ascii	":\320\333@o\000}\017\350\035\240\305@\337\005\372\001"
 192      6F007D0F 
 192      E81DA0C5 
 192      40DF05FA 
 192      01
 193 0136 D05B40DF 		.ascii	"\320[@\337\007Z\006\024\340bW\374\245b4\262\333^\353"
 193      075A0614 
 193      E06257FC 
 193      A56234B2 
 193      DB5EEB
 194 0149 830544CE 		.ascii	"\203\005D\316\257\227\337-\367\\r\334\316~\236\277T"
 194      AF97DF2D 
 194      F75C72DC 
 194      CE7E9EBF 
 194      54
 195 015a A1D3088B 		.ascii	"\241\323\010\213\202-\321\271\3518\036\243yz\244\006"
 195      822DD1B9 
 195      E9381EA3 
 195      797AA406 
 196 016a F6E1C59D 		.ascii	"\366\341\305\2357}\200]\240G\257\000\233\177\377X\276"
 196      377D805D 
 196      A047AF00 
 196      9B7FFF58 
 196      BE
 197 017b 37BB5B4E 		.ascii	"7\273[N\244\263\006\3227\033\030\377\016\260\353\243"
 197      A4B306D2 
 197      371B18FF 
ARM GAS  /tmp/ccr0iH9e.s 			page 15


 197      0EB0EBA3 
 198 018b A6DAD5F8 		.ascii	"\246\332\325\370\373\324Jw\355\221cD\321w\365\210\344"
 198      FBD44A77 
 198      ED916344 
 198      D177F588 
 198      E4
 199 019c 902F5CCA 		.ascii	"\220/\\\312\271wn\322\233]\"\022\227\023\307\016h\361"
 199      B9776ED2 
 199      9B5D2212 
 199      9713C70E 
 199      68F1
 200 01ae 72722EF4 		.ascii	"rr.\364vL_\367Az\377\015v{\244=#\312\256\373@\205\362"
 200      764C5FF7 
 200      417AFF0D 
 200      767BA43D 
 200      23CAAEFB 
 201 01c5 D0227416 		.ascii	"\320\"t\026-R\241R\344O\332\234AKT\250\010.\026\302"
 201      2D52A152 
 201      E44FDA9C 
 201      414B54A8 
 201      082E16C2 
 202 01d9 C543047B 		.ascii	"\305C\004{\371\245\035?I\033\263\333_A%H\217\212\021"
 202      F9A51D3F 
 202      491BB3DB 
 202      5F412548 
 202      8F8A11
 203 01ec A6329010 		.ascii	"\2462\220\020\337\3253o\216\034H\316\324\340:Dm\024"
 203      DFD5336F 
 203      8E1C48CE 
 203      D4E03A44 
 203      6D14
 204 01fe EDBA7D5E 		.ascii	"\355\272}^pg\243\302\255\215\366\302Wkb\354v\001\225"
 204      7067A3C2 
 204      AD8DF6C2 
 204      576B62EC 
 204      760195
 205 0211 838D32C9 		.ascii	"\203\2152\311\006\230dF\354\251\323{\275q\023\015\256"
 205      06986446 
 205      ECA9D37B 
 205      BD71130D 
 205      AE
 206 0222 F0206AD7 		.ascii	"\360 j\327A\267\216T\2735\362\264si\332\024q\244\012"
 206      41B78E54 
 206      BB35F2B4 
 206      7369DA14 
 206      71A40A
 207 0235 8C544A46 		.ascii	"\214TJF\312E#\327\037l\213\325\220x\022fg\321\243z\017"
 207      CA4523D7 
 207      1F6C8BD5 
 207      90781266 
 207      67D1A37A 
 208 024a 16764F60 		.ascii	"\026vO`'\013\356\246k\360Vv\257\276?\265[\300\351\214"
 208      270BEEA6 
 208      6BF05676 
 208      AFBE3FB5 
 208      5BC0E98C 
 209 025e 11FB6B01 		.ascii	"\021\373k\001\357\257\335\323g\316{\341\003\354\346"
ARM GAS  /tmp/ccr0iH9e.s 			page 16


 209      EFAFDDD3 
 209      67CE7BE1 
 209      03ECE6
 210 026d A947F1DF 		.ascii	"\251G\361\337\306\307\331y\365\315\326Z\017|\2321\361"
 210      C6C7D979 
 210      F5CDD65A 
 210      0F7C9A31 
 210      F1
 211 027e A7A3F7A9 		.ascii	"\247\243\367\251q5c\012\267\026\217x\342\006\306T<\353"
 211      7135630A 
 211      B7168F78 
 211      E206C654 
 211      3CEB
 212 0290 48D7E32E 		.ascii	"H\327\343.\306\\\036m\334\355\305P\274\004l\336@]\215"
 212      C65C1E6D 
 212      DCEDC550 
 212      BC046CDE 
 212      405D8D
 213 02a3 9ED9B223 		.ascii	"\236\331\262#\340g\016^\272\346\211o2\331\242\374\342"
 213      E0670E5E 
 213      BAE6896F 
 213      32D9A2FC 
 213      E2
 214 02b4 1A8E7829 		.ascii	"\032\216x)\260\011I\366\013^\370\036\273W\223\030\235"
 214      B00949F6 
 214      0B5EF81E 
 214      BB579318 
 214      9D
 215 02c5 A0C74F29 		.ascii	"\240\307O)#<n\271\227\246q\027\277v\267\361\233\372"
 215      233C6EB9 
 215      97A67117 
 215      BF76B7F1 
 215      9BFA
 216 02d7 3664326A 		.ascii	"6d2j\203\340]U\010^M\337\2631_\034\245\246\346b6eo'"
 216      83E05D55 
 216      085E4DDF 
 216      B3315F1C 
 216      A5A6E662 
 217 02ef 38352C31 		.ascii	"85,1\265p\351\326\350T\236\232]\"\332\326\222H\245]"
 217      B570E9D6 
 217      E8549E9A 
 217      5D22DAD6 
 217      9248A55D 
 218 0303 3FE983E3 		.ascii	"?\351\203\343h\023\241\264\265 \332\033\371\353\305"
 218      6813A1B4 
 218      B520DA1B 
 218      F9EBC5
 219 0312 A45B9E36 		.ascii	"\244[\2366J\372\252\033\314uI\3464\304\332\006\"\342"
 219      4AFAAA1B 
 219      CC7549E6 
 219      34C4DA06 
 219      22E2
 220 0324 8AFB3AE0 		.ascii	"\212\373:\340\326p\334\235p\261\003.\202\215\261\311"
 220      D670DC9D 
 220      70B1032E 
 220      828DB1C9 
 221 0334 D1336A9C 		.ascii	"\3213j\234\302l\234N\231\331\341\343\260\321^\370\306"
ARM GAS  /tmp/ccr0iH9e.s 			page 17


 221      C26C9C4E 
 221      99D9E1E3 
 221      B0D15EF8 
 221      C6
 222 0345 599A747D 		.ascii	"Y\232t}`\243G\262\321\215\334\032\351U6\322\236\320"
 222      60A347B2 
 222      D18DDC1A 
 222      E95536D2 
 222      9ED0
 223 0357 DAA5C1BB 		.ascii	"\332\245\301\273\230\221\374\206\353\323\330a\344i\347"
 223      9891FC86 
 223      EBD3D861 
 223      E469E7
 224 0366 5B2CE96E 		.ascii	"[,\351n\202\221\033\222\221>\367F\372\225\215\354\032"
 224      82911B92 
 224      913EF746 
 224      FA958DEC 
 224      1A
 225 0377 EFBEA363 		.ascii	"\357\276\243c\335\353\017l\342xr\273\007\336\307\342"
 225      DDEB0F6C 
 225      E27872BB 
 225      07DEC7E2 
 226 0387 2D969079 		.ascii	"-\226\220y\254\204\354N\274\232\207\361qv/\356x\\\215"
 226      AC84EC4E 
 226      BC9A87F1 
 226      71762FEE 
 226      785C8D
 227 039a 0FCE634C 		.ascii	"\017\316cLfY\321=-\256\341\255\332\"o\352\361U\306\334"
 227      6659D13D 
 227      2DAEE1AD 
 227      DA226FEA 
 227      F155C6DC 
 228 03ae B87E21D7 		.ascii	"\270~!\327\007w0\246\350\351\256\"_\334\307\230\213"
 228      077730A6 
 228      E8E9AE22 
 228      5FDCC798 
 228      8B
 229 03bf 3767C7F4 		.ascii	"7g\307\364x\2201-\021\373 U\357\3636\366\3514\003~\304"
 229      7890312D 
 229      11FB2055 
 229      EFF336F6 
 229      E934037E 
 230 03d4 FCDE5599 		.ascii	"\374\336U\231yZp\370]\377\035\222,\017\301\351\007\337"
 230      795A70F8 
 230      5DFF1D92 
 230      2C0FC1E9 
 230      07DF
 231 03e6 C8E95165 		.ascii	"\310\351Qe\247\233\036n\234\361\305S\314\\\374\326\221"
 231      A79B1E6E 
 231      9CF1C553 
 231      CC5CFCD6 
 231      91
 232 03f7 433E38D2 		.ascii	"C>8\322\2032\323C\251\035\210\271l\0006\262\250#\331"
 232      8332D343 
 232      A91D88B9 
 232      6C0036B2 
 232      A823D9
ARM GAS  /tmp/ccr0iH9e.s 			page 18


 233 040a 978D8C3E 		.ascii	"\227\215\214>\232\216\2272\306=q\"\223=\227\274\005"
 233      9A8E9732 
 233      C63D7122 
 233      933D97BC 
 233      05
 234 041b 406F654C 		.ascii	"@oeL\317\216\370\"/\234\305\230\322\304\261\002\035"
 234      CF8EF822 
 234      2F9CC598 
 234      D2C4B102 
 234      1D
 235 042c CE61CCFA 		.ascii	"\316a\314\372\211\376\\_\\\340\3414\232\026\260\321"
 235      89FE5C5F 
 235      5CE0E134 
 235      9A16B0D1 
 236 043c 743FFA76 		.ascii	"t?\372v\037\037\210\013\201\335\177\245j\314\003\227"
 236      1F1F880B 
 236      81DD7FA5 
 236      6ACC0397 
 237 044c 31D19C98 		.ascii	"1\321\234\230[G<\341\336\"\310v$\253\301\213X\015>S"
 237      5B473CE1 
 237      DE22C876 
 237      24ABC18B 
 237      580D3E53 
 238 0460 3E9EADC6 		.ascii	">\236\255\3065TV8\231}\3533Y\226/\211YO20R\200Q!8\342"
 238      35545638 
 238      997DEB33 
 238      59962F89 
 238      594F3230 
 239 047a B4888729 		.ascii	"\264\210\207)\322n\337o\307\013U\350\315Eh)\004)B\360"
 239      D26EDF6F 
 239      C70B55E8 
 239      CD456829 
 239      042942F0 
 240 048e 274A6990 		.ascii	"'Ji\220f!H\317Y\220\216\354\315\252\366\306\315\314"
 240      662148CF 
 240      59908EEC 
 240      CDAAF6C6 
 240      CDCC
 241 04a0 404FF683 		.ascii	"@O\366\203&,\313\361WO\323\034\217\001\013Q\222\005"
 241      262CCBF1 
 241      574FD31C 
 241      8F010B51 
 241      9205
 242 04b2 30A86C22 		.ascii	"0\250l\"Z\331DdJ\353q\035\276\306LD\236Oj\321\212\365"
 242      5AD94464 
 242      4AEB711D 
 242      BEC64C44 
 242      9E4F6AD1 
 243 04c8 C3B9F906 		.ascii	"\303\271\371\006\205\346\342@\360g\003a= \211\225\220"
 243      85E6E240 
 243      F0670361 
 243      3D208995 
 243      90
 244 04d9 C408BC80 		.ascii	"\304\010\274\200\210\371\275\200\345wu\326\271\036o"
 244      88F9BD80 
 244      E57775D6 
 244      B91E6F
ARM GAS  /tmp/ccr0iH9e.s 			page 19


 245 04e8 DCC7221C 		.ascii	"\334\307\"\034\237\360<\007\343!f~dsV\276F\331\374&"
 245      9FF03C07 
 245      E321667E 
 245      647356BE 
 245      46D9FC26 
 246 04fc B7E62B69 		.ascii	"\267\346+i\361J\000\333\361\012\266Kb\307\302\361(\263"
 246      F14A00DB 
 246      F10AB64B 
 246      62C7C2F1 
 246      28B3
 247 050e 75A02AA7 		.ascii	"u\240*\247E\213'\230\255\216\307\015)\262\244\246J\222"
 247      458B2798 
 247      AD8EC70D 
 247      29B2A4A6 
 247      4A92
 248 0520 4149A2AB 		.ascii	"AI\242\253\022\0050I\312\241\334[\322rD\215#4\324\330"
 248      12053049 
 248      CAA1DC5B 
 248      D272448D 
 248      2334D4D8 
 249 0534 D5899229 		.ascii	"\325\211\222)\003\336@\031\365\361\250\243\243j\344"
 249      03DE4019 
 249      F5F1A8A3 
 249      A36AE4
 250 0543 BF088130 		.ascii	"\277\010\2010b&\311\344A\205\266\203\305\024\001\213"
 250      6226C9E4 
 250      4185B683 
 250      C514018B 
 251 0553 738D9D76 		.ascii	"s\215\235v\2606\372gr\031\316=\351Q\301~*\330'\267T"
 251      B036FA67 
 251      7219CE3D 
 251      E951C17E 
 251      2AD827B7 
 252 0568 689BB008 		.ascii	"h\233\260\010m\025\250\365\223\351\265\223:=\227\336"
 252      6D15A8F5 
 252      93E9B593 
 252      3A3D97DE 
 253 0578 F075D237 		.ascii	"\360u\3227&f\253\015\206\215\216\347\004\332\001H\304"
 253      2666AB0D 
 253      868D8EE7 
 253      04DA0148 
 253      C4
 254 0589 31AB4269 		.ascii	"1\253Bi\202\201Oi\366^;\327\243\306\233\230S7\355U\255"
 254      82814F69 
 254      F65E3BD7 
 254      A3C69B98 
 254      5337ED55 
 255 059e 02DECA98 		.ascii	"\002\336\312\230\354\375=\007ux7cJ:\267\014y\343\375"
 255      ECFD3D07 
 255      75783763 
 255      4A3AB70C 
 255      79E3FD
 256 05b1 8CE939F1 		.ascii	"\214\3519\361\274X\203\0173f\357\365\207\331Z|\2242"
 256      BC58830F 
 256      3366EFF5 
 256      87D95A7C 
 256      9432
ARM GAS  /tmp/ccr0iH9e.s 			page 20


 257 05c3 42DBECD0 		.ascii	"B\333\354\320\020\014k\177\231\341?\276,\325\212}\000"
 257      100C6B7F 
 257      99E13FBE 
 257      2CD58A7D 
 257      00
 258 05d4 D568E0F1 		.ascii	"\325h\340\361g=\323\333\204/\336\204\241\244F\031\202"
 258      673DD3DB 
 258      842FDE84 
 258      A1A44619 
 258      82
 259 05e5 01ED957A 		.ascii	"\001\355\225z\307h`\000\373\"kZ=q\0073\366\360\376\225"
 259      C7686000 
 259      FB226B5A 
 259      3D710733 
 259      F6F0FE95 
 260 05f9 196FDCCD 		.ascii	"\031o\334\315\030\373di\247\006\337`L\327\326\211>\035"
 260      18FB6469 
 260      A706DF60 
 260      4CD7D689 
 260      3E1D
 261 060b BEC598DA 		.ascii	"\276\305\230\332\253\361ej<\310\230\303\015}v\017<\314"
 261      ABF1656A 
 261      3CC898C3 
 261      0D7D760F 
 261      3CCC
 262 061d 98E28D0D 		.ascii	"\230\342\215\0153\236x\2041;\013\327G\352\361(c\216"
 262      339E7884 
 262      313B0BD7 
 262      47EAF128 
 262      638E
 263 062f CD8E271A 		.ascii	"\315\216'\032\3608c&\212[2\005V4\374\200=Z\036_\213"
 263      F0386326 
 263      8A5B3205 
 263      5634FC80 
 263      3D5A1E5F 
 264 0644 59866708 		.ascii	"Y\206g\010\251\330\2531\246q\275'\362c\277\371\376~"
 264      A9D8AB31 
 264      A671BD27 
 264      F263BFF9 
 264      FE7E
 265 0656 7E99C4DF 		.ascii	"~\231\304\337\362\331^\274\347\310\306M\366\214JD\275"
 265      F2D95EBC 
 265      E7C8C64D 
 265      F68C4A44 
 265      BD
 266 0667 C924DE08 		.ascii	"\311$\336\010\363%\377gh\360\363\310_\025k2\365\301"
 266      F325FF67 
 266      68F0F3C8 
 266      5F156B32 
 266      F5C1
 267 0679 4E7B7934 		.ascii	"N{y4\246\342G\\\305\003\210\3642I\270\362\027\222p\226"
 267      A6E2475C 
 267      C50388F4 
 267      3249B8F2 
 267      17927096 
 268 068d A2B05CF5 		.ascii	"\242\260\\\365e\231\364!W\351\2329H\372e\342\007\\\305"
 268      6599F421 
ARM GAS  /tmp/ccr0iH9e.s 			page 21


 268      57E99A39 
 268      48FA65E2 
 268      075CC5
 269 06a0 9BE70297 		.ascii	"\233\347\002\227\211\357q\025\037@.\310\207e\322\373"
 269      89EF7115 
 269      1F402EC8 
 269      8765D2FB 
 270 06b0 95A342A5 		.ascii	"\225\243B\245\223IN$\001!\265\012\035\207t>\006\351"
 270      93494E24 
 270      0121B50A 
 270      1D87743E 
 270      06E9
 271 06c2 8C8EF216 		.ascii	"\214\216\362\026\220\031\350,\244\320\011\301\017\345"
 271      9019E82C 
 271      A4D009C1 
 271      0FE5
 272 06d0 00E503E5 		.ascii	"\000\345\003\345\002\345\001\235\004:\015\224\015tJ"
 272      02E5019D 
 272      043A0D94 
 272      0D744A
 273 06df F0A3C38D 		.ascii	"\360\243\303\215e\330@\351K\021\240\220hP\361\344R9"
 273      65D840E9 
 273      4B11A090 
 273      6850F1E4 
 273      5239
 274 06f1 80F5D4CD 		.ascii	"\200\365\324\315\313\214\262\327.\245\310\016*\273-"
 274      CB8CB2D7 
 274      2EA5C80E 
 274      2ABB2D
 275 0700 F3A35EE6 		.ascii	"\363\243^\346\307a\345\230Ri\362(\357\037\271\357!\037"
 275      C761E598 
 275      5269F228 
 275      EF1FB9EF 
 275      211F
 276 0712 81725915 		.ascii	"\201rY\025*p\214\300\374\331\341Q\017|DK\022\017\237"
 276      2A708CC0 
 276      FCD9E151 
 276      0F7C444B 
 276      120F9F
 277 0725 BC7B36CB 		.ascii	"\274{6\313\027\315\367\363O\346\317Z\032\011\207\211"
 277      17CDF7F3 
 277      4FE6CF5A 
 277      1A098789 
 278 0735 7360B390 		.ascii	"s`\263\220G\242\030\"Q\304=e\350`,\355\274\035\317\362"
 278      47A21822 
 278      51C43D65 
 278      E8602CED 
 278      BC1DCFF2 
 279 0749 0FF4A3DD 		.ascii	"\017\364\243\335\\Z!\241Xh\232\216\260\320\024:\207"
 279      5C5A21A1 
 279      58689A8E 
 279      B0D0143A 
 279      87
 280 075a 864C52AE 		.ascii	"\206LR\256W\014\013\370$\005\205\356\016\034k\023p\001"
 280      570C0BF8 
 280      240585EE 
 280      0E1C6B13 
ARM GAS  /tmp/ccr0iH9e.s 			page 22


 280      7001
 281 076c 63D27B2B 		.ascii	"c\322{+{\370l\246\232\360y\275\251q\006>6\310\242\250"
 281      7BF86CA6 
 281      9AF079BD 
 281      A971063E 
 281      36C8A2A8 
 282 0780 A665B654 		.ascii	"\246e\266T\207+\231\360\351\331#\261\030\327S\346\307"
 282      872B99F0 
 282      E9D923B1 
 282      18D753E6 
 282      C7
 283 0791 875BAFDF 		.ascii	"\207[\257\337\325\201o\206\371~\363\375\310_\370\347"
 283      D5816F86 
 283      F97EF3FD 
 283      C85FF8E7 
 284 07a1 47CEFDE1 		.ascii	"G\316\375\341\307F\222\277\337\002?z\313\317\337\317"
 284      C74692BF 
 284      DF023F7A 
 284      CBCFDFCF 
 285 07b1 602017FD 		.ascii	"` \027\375\375\034?\1777A\031\202yJ\025\017J/\004\245"
 285      FD1C3F7F 
 285      37411982 
 285      794A150F 
 285      4A2F04A5 
 286 07c5 DA392853 		.ascii	"\3329(S\370\316\371\315,(\347"
 286      F8CEF9CD 
 286      2C28E7
 287 07d0 21280D5C 		.ascii	"!(\015\\Z!(\262\316\252q\352,\322\216\205\307)A\313"
 287      5A2128B2 
 287      CEAA71EA 
 287      2CD28E85 
 287      C72941CB 
 288 07e4 2141CB48 		.ascii	"!A\313H\202>\007\253\265\034\30138\237\201$\234\006"
 288      823E07AB 
 288      B51CC133 
 288      389F8124 
 288      9C06
 289 07f6 9A029A04 		.ascii	"\232\002\232\004\232\000z\012\364\004\3501\320#\240"
 289      9A007A0A 
 289      F404E831 
 289      D023A0
 290 0805 71A01B40 		.ascii	"q\240\033@\335@\327\201\272\200:\201\352\201\352\200"
 290      DD40D781 
 290      BA803A81 
 290      EA81EA80 
 291 0815 2E387951 		.ascii	".8yQ\371\237,\361\240zV@\257\326\312\035\310w3~\034"
 291      F99F2CF1 
 291      A07A5640 
 291      AFD6CA1D 
 291      C877337E 
 292 082a F04A798B 		.ascii	"\360Jy\213\277\034\274\246\316y\373\3510\"+\264s\310"
 292      BF1CBCA6 
 292      CE79FBE9 
 292      30222BB4 
 292      73C8
 293 083c 0560C19C 		.ascii	"\005`\301\234\352q\277c\001\223o\200\310\236W\226w\355"
 293      EA71BF63 
ARM GAS  /tmp/ccr0iH9e.s 			page 23


 293      01936F80 
 293      C89E5796 
 293      77ED
 294 084e 9246A72E 		.ascii	"\222F\247.i`\343\307\311\341\026\270K\206,\272\014\032"
 294      6960E3C7 
 294      C9E116B8 
 294      4B862CBA 
 294      0C1A
 295 0860 1BB9C3D7 		.ascii	"\033\271\303\327\300\341\026\000\334\014t\321\011\364"
 295      C0E11600 
 295      DC0C74D1 
 295      09F4
 296 086e CDE7F8F9 		.ascii	"\315\347\370\371\031\273=N\203\232\000\305\005\336F"
 296      19BB3D4E 
 296      839A00C5 
 296      05DE46
 297 087d B144CA60 		.ascii	"\261D\312`\\r\202\321\364\"\030\035`\372\353a\364\037"
 297      5C7282D1 
 297      F422181D 
 297      60FAEB61 
 297      F41F
 298 088f C6F6030B 		.ascii	"\306\366\003\013i\216\325*c\020\013\020\214\330\266"
 298      698ED52A 
 298      63100B10 
 298      8CD8B6
 299 089e EDDA089A 		.ascii	"\355\332\010\232\010\227A\254\236\213\327\201x\215s"
 299      089741AC 
 299      9E8BD781 
 299      788D73
 300 08ad 2A3B0172 		.ascii	"*;\001r\334o\007\020W8\24068\277\012`Z]G\313\244|\264"
 300      DC6F0710 
 300      5738A036 
 300      38BF0A60 
 300      5A5D47CB 
 301 08c4 5C041357 		.ascii	"\\\004\023W\334<f\224m4\362\026\356mT\006\260\\\026"
 301      DC3C6694 
 301      6D34F216 
 301      EE6D5406 
 301      B05C16
 302 08d7 47E35CFD 		.ascii	"G\343\\\375\262\022\365\374\004+QW\234K\024\2739\270"
 302      B212F5FC 
 302      042B5157 
 302      9C4B14BB 
 302      39B8
 303 08e9 D1236BFF 		.ascii	"\321#k\377\0262y \341h\222\326+D\332!\364\034O\346\222"
 303      16327920 
 303      E16892D6 
 303      2B44DA21 
 303      F41C4FE6 
 304 08fe F96BA392 		.ascii	"\371k\243\222\212\201mZ25$\275zIj\337H\3333\270]Sxs"
 304      8A816D5A 
 304      323524BD 
 304      7A496ADF 
 304      48DB33B8 
 305 0916 43AC3D29 		.ascii	"C\254=)\220\256\240\257\270&k\253sr\223\031\353\357"
 305      90AEA0AF 
 305      B8266BAB 
ARM GAS  /tmp/ccr0iH9e.s 			page 24


 305      73729319 
 305      EBEF
 306 0928 997F64E1 		.ascii	"\231\177d\341xMY\\\326\243\375\377&u\350m.\355\010\346"
 306      784D595C 
 306      D6A3FDFF 
 306      2675E86D 
 306      2EED08E6 
 307 093c 2D57E9B1 		.ascii	"-W\351\261\3370\335= 5\350\252{\000\271t\316\234R\331"
 307      DF30DD3D 
 307      2035E8AA 
 307      7B00B974 
 307      CE9C52D9 
 308 0950 071DA254 		.ascii	"\007\035\242T*Y,jx\254\253\334\304:-\212\306\232\330"
 308      2A592C6A 
 308      78ACABDC 
 308      C43A2D8A 
 308      C69AD8
 309 0963 BE23C5AA 		.ascii	"\276#\305\252J\214\225\235\025\333#<}\372\205\005hX"
 309      4A8C959D 
 309      15DB233C 
 309      7DFA8505 
 309      6858
 310 0975 19227568 		.ascii	"\031\"uh\213\022B\025mF\340\215\001\274\207\220;\243"
 310      8B124215 
 310      6D46E08D 
 310      01BC8790 
 310      3BA3
 311 0987 400F80EE 		.ascii	"@\017\200\356\002\335\006\272\005t\323)\237\246>d1!"
 311      02DD06BA 
 311      0574D329 
 311      9FA63E64 
 311      3121
 312 0999 DD73170C 		.ascii	"\335s\027\014\022\015n\347P\317\033e\225\347\336\327"
 312      120D6EE7 
 312      50CF1B65 
 312      95E7DED7 
 313 09a9 498FFD8A 		.ascii	"I\217\375\212\251\036\000\341\021\367\302\262\3620\350"
 313      A91E00E1 
 313      11F7C2B2 
 313      F230E8
 314 09b8 541E0614 		.ascii	"T\036\006\024\312\303c\270\373\210\264\037\007\205\203"
 314      CAC363B8 
 314      FB88B41F 
 314      078583
 315 09c7 BC3386C1 		.ascii	"\2743\206\301\333;\340\331\220\344\031Yf&z<\030\033"
 315      DB3BE0D9 
 315      90E41959 
 315      66267A3C 
 315      181B
 316 09d9 B2DBB718 		.ascii	"\262\333\267\030\350\202\374>o\340\276<\014\277LJ\011"
 316      E882FC3E 
 316      6FE0BE3C 
 316      0CBF4C4A 
 316      09
 317 09ea 49A5312E 		.ascii	"I\2451.\253P\033x\342\307z\220\304\037T\232\025A7\236"
 317      AB501B78 
 317      E2C77A90 
ARM GAS  /tmp/ccr0iH9e.s 			page 25


 317      C41F549A 
 317      1541379E 
 318 09fe A8E3DD78 		.ascii	"\250\343\335x\017\\\177\362\215\\\037\001I\311\365{"
 318      0F5C7FF2 
 318      8D5C1F01 
 318      49C9F57B 
 319 0a0e CC7537CF 		.ascii	"\314u7\317Tt\037\034\226\036\253\216\024K\210\212')"
 319      54741F1C 
 319      961EAB8E 
 319      144B888A 
 319      2729
 320 0a20 46543D95 		.ascii	"FT=\225R\354<\325\345\300\266W\304\006O\303\211\027"
 320      52EC3CD5 
 320      E5C0B657 
 320      C4064FC3 
 320      8917
 321 0a32 762149EA 		.ascii	"v!I\352:\376h\"\303q\362\353\244\353?\220\306\356\224"
 321      3AFE6822 
 321      C371F2EB 
 321      A4EB3F90 
 321      C6EE94
 322 0a45 7B6186B7 		.ascii	"{a\206\267\255LCB\0102sC\370\244x^T\224}\307R\272j~"
 322      AD4C4342 
 322      08327343 
 322      F8A4785E 
 322      54947DC7 
 323 0a5d C687015F 		.ascii	"\306\207\001_\261\261\011\357\264\354yX\377\343\035"
 323      B1B109EF 
 323      B4EC7958 
 323      FFE31D
 324 0a6c F6F2084C 		.ascii	"\366\362\010L\227\271\033\005\005\3418A6\231\376'&L"
 324      97B91B05 
 324      05E13841 
 324      3699FE27 
 324      264C
 325 0a7e 96B39B95 		.ascii	"\226\263\233\225\204\345O\332\266B\236\357\260\344C"
 325      84E54FDA 
 325      B6429EEF 
 325      B0E443
 326 0a8d 5B5CA70E 		.ascii	"[\\\247\0163\310%\341;\177$\325\346\235\256\322sW\001"
 326      33C825E1 
 326      3B7F24D5 
 326      E69DAED2 
 326      735701
 327 0aa0 9765E2BB 		.ascii	"\227e\342\273\224\305\345]q\216w\005\231\224\246\273"
 327      94C5E55D 
 327      718E7705 
 327      9994A6BB 
 328 0ab0 8ACF5D92 		.ascii	"\212\317]\222L\275\303\264\223IE\211\262\270\014\372"
 328      4CBDC3B4 
 328      93494589 
 328      B2B80CFA 
 329 0ac0 FD02EEA9 		.ascii	"\375\002\356\251\370\334\252u\363\334\342\236\276\343"
 329      F8DCAA75 
 329      F3DCE29E 
 329      BEE3
 330 0ace FC149A2B 		.ascii	"\374\024\232+-\357\351\002V\031k\335T\306\331G\344\001"
ARM GAS  /tmp/ccr0iH9e.s 			page 26


 330      2DEFE902 
 330      56196BDD 
 330      54C6D947 
 330      E401
 331 0ae0 4312BC52 		.ascii	"C\022\274RZ\301\326\322\302H\014\220\235\342\212\222"
 331      5AC1D6D2 
 331      C2480C90 
 331      9DE28A92 
 332 0af0 32AF5ED4 		.ascii	"2\257^\324\215\310+\231\227hk\204\330_8\022\242\374"
 332      8DC82B99 
 332      97686B84 
 332      D85F3812 
 332      A2FC
 333 0b02 ACF843EC 		.ascii	"\254\370C\354:\\\025\330\201\213\022Fl\202\034W\004"
 333      3A5C15D8 
 333      818B1246 
 333      6C821C57 
 333      04
 334 0b13 AE4310F5 		.ascii	"\256C\020\365\322\177\\\001\222ke\367\2319\361\247b"
 334      D27F5C01 
 334      926B65F7 
 334      9939F1A7 
 334      62
 335 0b24 F20C8FD4 		.ascii	"\362\014\217\324\216]\022$c\262&s\260\252\034\267\035"
 335      8E5D1224 
 335      63B22673 
 335      B0AA1CB7 
 335      1D
 336 0b35 A02427E9 		.ascii	"\240$'\3519\3314\271\227p\302\320\207z\340\356\177\250"
 336      39D934B9 
 336      9770C2D0 
 336      877AE0EE 
 336      7FA8
 337 0b47 54499E21 		.ascii	"TI\236!t\221\360\370l\305I\015\356\360\244\314\371\331"
 337      7491F0F8 
 337      6CC5490D 
 337      EEF0A4CC 
 337      F9D9
 338 0b59 A7E5BE6C 		.ascii	"\247\345\276ly!\310\266\321\027\260m\364\210\342\324"
 338      7921C8B6 
 338      D117B06D 
 338      F488E2D4 
 339 0b69 168F85DB 		.ascii	"\026\217\205\333h9\215\262\277$\320\336\213\302\213"
 339      68398DB2 
 339      BF24D0DE 
 339      8BC28B
 340 0b78 5024263D 		.ascii	"P$&=\026\215\027\302\337P5\263V9\266i\017z5\303\236"
 340      168D17C2 
 340      DF5035B3 
 340      5639B669 
 340      0F7A35C3 
 341 0b8d D1672F6F 		.ascii	"\321g/o\337\355\021\177;\026\252\006z\227H\241\010\354"
 341      DFED117F 
 341      3B16AA06 
 341      7A9748A1 
 341      08EC
 342 0b9f E8263885 		.ascii	"\350&8\205\277v\334\207\320\254\320\013\320b\360\253"
ARM GAS  /tmp/ccr0iH9e.s 			page 27


 342      BF76DC87 
 342      D0ACD00B 
 342      D062F0AB 
 343 0baf D07A4F46 		.ascii	"\320zOF_\264\016\307\353(\252k\323'Z\015j\201/\005\300"
 343      5FB40EC7 
 343      EB28AA6B 
 343      D3275A0D 
 343      6A812F05 
 344 0bc4 005DB7B5 		.ascii	"\000]\267\265\366z\272\307\262\201bY\2179\230\341\272"
 344      F67ABAC7 
 344      B2816259 
 344      8F3998E1 
 344      BA
 345 0bd5 7B3B4530 		.ascii	"{;E0\235\337\207\324\213\264\223\335=\220B\261\022\226"
 345      9DDF87D4 
 345      8BB493DD 
 345      3D9042B1 
 345      1296
 346 0be7 58572C71 		.ascii	"XW,q\024\313t\334\215I\003\336\345\036K\341\346\246"
 346      14CB74DC 
 346      8D4903DE 
 346      E51E4BE1 
 346      E6A6
 347 0bf9 D35E722C 		.ascii	"\323^r,\177|Y\006%\201B\211\027\241$>\273\\\245\003"
 347      7F7C5906 
 347      25814289 
 347      17A1243E 
 347      BB5CA503 
 348 0c0d 287D90BB 		.ascii	"(}\220\273\027\262=vEA\\\366!*\2066JX6b\266o\2056Q\014"
 348      17B23D76 
 348      45415CF6 
 348      212A8636 
 348      4A583662 
 349 0c27 ED8F9E56 		.ascii	"\355\217\236V\352q#\303P\232\232\263\203\277\352j&\335"
 349      EA7123C3 
 349      509A9AB3 
 349      83BFEA6A 
 349      26DD
 350 0c39 54FF34B9 		.ascii	"T\3774\271\204\277J\261\177\013\370\0157\326\267\352"
 350      84BF4AB1 
 350      7F0BF80D 
 350      37D6B7EA 
 351 0c49 D9FD09BA 		.ascii	"\331\375\011\272\223\032\273\367\"\337\204\275F6Z\213"
 351      931ABBF7 
 351      22DF84BD 
 351      46365A8B 
 352 0c59 9E65E4AB 		.ascii	"\236e\344\253\371\253\027o\340g\357t\354\347\213\312"
 352      F9AB176F 
 352      E067EF74 
 352      ECE78BCA 
 353 0c69 51DA7519 		.ascii	"Q\332u\031\205\177\203/1[\217R:{}\360e\306\334\311n"
 353      857F832F 
 353      315B8F52 
 353      3A7B7DF0 
 353      65C6DCC9 
 354 0c7e 6DC5B883 		.ascii	"m\305\270\2032B\335D\342(v\367:$\015\273\177\235\364"
 354      3242DD44 
ARM GAS  /tmp/ccr0iH9e.s 			page 28


 354      E22876F7 
 354      3A240DBB 
 354      7F9DF4
 355 0c91 D60EBAA1 		.ascii	"\326\016\272\241\271\003\353\321v<\347\215\010\316\214"
 355      B903EBD1 
 355      763CE78D 
 355      08CE8C
 356 0ca0 2ECAF141 		.ascii	".\312\361A\363\375\375\024'Q*\264\023\263\207\366.0"
 356      F3FDFD14 
 356      27512AB4 
 356      13B387F6 
 356      2E30
 357 0cb2 918EE533 		.ascii	"\221\216\3453\250K\305\036\023\247\210j\020\231\373"
 357      A84BC51E 
 357      13A7886A 
 357      1099FB
 358 0cc1 4C18D8AE 		.ascii	"L\030\330\256e5\207\030\336\006\206\211\"\205\232C6"
 358      65358718 
 358      DE068689 
 358      22859A43 
 358      36
 359 0cd2 BAF60F5D 		.ascii	"\272\366\017]\325`;\335\207\026n\227u\375\036\371\317"
 359      D5603BDD 
 359      87166E97 
 359      75FD1EF9 
 359      CF
 360 0ce3 6726EEBF 		.ascii	"g&\356\277M\2369{\241\345n\011:1\347n\316\267\007P*"
 360      4D9E397B 
 360      A1E56E09 
 360      3A31E76E 
 360      CEB70750 
 361 0cf8 21062BDB 		.ascii	"!\006+\333\006.\216\351p2\333\355~p#\352\200/NgLF\303"
 361      062E8EE9 
 361      7032DBED 
 361      7E7023EA 
 361      802F4E67 
 362 0d0f 86261DCE 		.ascii	"\206&\035\316`LnR\004\014\222\\\306DE\036\270*\220}"
 362      604C6E52 
 362      040C925C 
 362      C644451E 
 362      B82A907D 
 363 0d23 8DA817EF 		.ascii	"\215\250\027\357,\342k'\317\034\360A\260\250\317\264"
 363      2CE26B27 
 363      CF1CF041 
 363      B0A8CFB4 
 364 0d33 4747D1E7 		.ascii	"GG\321\347v\347\246\024\366\334>\200\015h?\240?\244"
 364      76E7A614 
 364      F6DC3E80 
 364      0D683FA0 
 364      3FA4
 365 0d45 ECBFB21F 		.ascii	"\354\277\262\037\231\274\001\361\3430\370q\320)\362"
 365      99BC01F1 
 365      E330F871 
 365      D029F2
 366 0d54 6DF75885 		.ascii	"m\367X\205>\204]\2672n\304=\316Q\343B\026\312\342\232"
 366      3E845DB7 
 366      326EC43D 
ARM GAS  /tmp/ccr0iH9e.s 			page 29


 366      CE51E342 
 366      16CAE29A 
 367 0d68 CD57BC1C 		.ascii	"\315W\274\034\261\204\312\335\305\346\264GAq\226\024"
 367      B184CADD 
 367      C5E6B447 
 367      41719614 
 368 0d78 CF432F88 		.ascii	"\317C/\210\347\021\260\255\204\203\274k\334q'\316\033"
 368      E711B0AD 
 368      8483BC6B 
 368      DC7127CE 
 368      1B
 369 0d89 D7B140AD 		.ascii	"\327\261@\255\357\254\250\361\306\315\214I<\3335\343"
 369      EFACA8F1 
 369      C6CD8C49 
 369      3CDB35E3 
 370 0d99 8B3B1888 		.ascii	"\213;\030\210\230Kyw\334\276k\315q\233\267=\207\350"
 370      984B7977 
 370      DCBE6BCD 
 370      719BB73D 
 370      87E8
 371 0dab 8CED0424 		.ascii	"\214\355\004$O\366\334\254E7\022\372aAx\223\331K*\313"
 371      4FF6DCAC 
 371      453712FA 
 371      61417893 
 371      D94B2ACB 
 372 0dbf 28D1E2BB 		.ascii	"(\321\342\273\2149q|:WO+\206Q,\030\031;\343s\275\335"
 372      8C39717C 
 372      3A574F2B 
 372      86512C18 
 372      193BE373 
 373 0dd5 168CD3B4 		.ascii	"\026\214\323\264`\234\022\013FFD|\253\323V\026\334\227"
 373      609C120B 
 373      4646447C 
 373      ABD35616 
 373      DC97
 374 0de7 75F9192C 		.ascii	"u\371\031,N\343@6+?\365\230\027\036g\216\236\231\214"
 374      4EE34036 
 374      2B3FF598 
 374      171E678E 
 374      9E998C
 375 0dfa EE1190BF 		.ascii	"\356\021\220\277\201\3178w\275\024I\272(\037\344\317"
 375      81CF3877 
 375      BD1449BA 
 375      281FE4CF 
 376 0e0a 4A0E4073 		.ascii	"J\016@s\347y\242\\;\312\203p8\031x\370$\245\317\027"
 376      E779A25C 
 376      3BCA8370 
 376      381978F8 
 376      24A5CF17 
 377 0e1e CF30CFCA 		.ascii	"\3170\317\312\317\024\2366\340h/\2669<\263;\237\027"
 377      CF149E36 
 377      E0682FB6 
 377      393CB33B 
 377      9F17
 378 0e30 9105C03E 		.ascii	"\221\005\300>\353MJ\322\362\215)Rs\306\353z\343\274"
 378      EB4D4AD2 
 378      F28D2952 
ARM GAS  /tmp/ccr0iH9e.s 			page 30


 378      73C6EB7A 
 378      E3BC
 379 0e42 F056265B 		.ascii	"\360V&[>]\320e\300\351\224\321wv\357\211\325\223M7?"
 379      3E5DD065 
 379      C0E994D1 
 379      7776EF89 
 379      D5934D37 
 380 0e57 3F839FFF 		.ascii	"?\203\237\377|?\247\351z\021D\245\020\242\202\312\001"
 380      7C3FA7E9 
 380      7A1144A5 
 380      10A282CA 
 380      01
 381 0e68 490DEFF7 		.ascii	"I\015\357\367\363p^\215\375P%\320\005\2402\240\012\354"
 381      F3705E8D 
 381      FD5025D0 
 381      05A032A0 
 381      0AEC
 382 0e7a B290EE3D 		.ascii	"\262\220\356=\306\247\251\304\341\223\340p\015v3\335"
 382      C6A7A9C4 
 382      E193E070 
 382      0D7633DD 
 383 0e8a 7164631D 		.ascii	"qdc\035[\315\226\202`\211\024\241\032<_\256\367N\203"
 383      5BCD9682 
 383      608914A1 
 383      1A3C5FAE 
 383      F74E83
 384 0e9d 34FD2D76 		.ascii	"4\375-vU;g\313r\370\017|\022\005 r]\245e\263\"Y\007"
 384      553B67CB 
 384      72F80F7C 
 384      12052072 
 384      5DA565B3 
 385 0eb4 9462F91A 		.ascii	"\224b\371\032\246\212\366\217\270Y!\323V\240\250M6k"
 385      A68AF68F 
 385      B85921D3 
 385      56A0A84D 
 385      366B
 386 0ec6 EAE96663 		.ascii	"\352\351fc\262\306yL*\207\367\034\327\366\315\302\373"
 386      B2C6794C 
 386      2A87F71C 
 386      D7F6CDC2 
 386      FB
 387 0ed7 A49B4F25 		.ascii	"\244\233O%\311h8\256\034[\261\226\036\254xR\256\307"
 387      C96838AE 
 387      1C5BB196 
 387      1EAC7852 
 387      AEC7
 388 0ee9 C759C7E7 		.ascii	"\307Y\307\347E\017<\363\305U\224\321\354II\251\360D"
 388      450F3CF3 
 388      C55594D1 
 388      EC4949A9 
 388      F044
 389 0efb 74B7D14F 		.ascii	"t\267\321Oy\013\247\026T\327sT\027\001\325%@\322\010"
 389      790BA716 
 389      54D77354 
 389      1701D525 
 389      40D208
 390 0f0e D404D4E0 		.ascii	"\324\004\324\340\204\2502\210E\206\000\252\343\255^"
ARM GAS  /tmp/ccr0iH9e.s 			page 31


 390      84A83288 
 390      458600AA 
 390      E3AD5E
 391 0f1d 30B77DD2 		.ascii	"0\267}\322\313g\253b\277\324\273\351\027\036\312^\026"
 391      CB67AB62 
 391      BFD4BBE9 
 391      171ECA5E 
 391      16
 392 0f2e CA7AA5E7 		.ascii	"\312z\245\347J\315\220K0\024l\3132b@n\272@\321\264\030"
 392      4ACD904B 
 392      30146CCB 
 392      3262406E 
 392      BA40D1B4 
 393 0f43 BA94FA53 		.ascii	"\272\224\372S\303Z|\311\213}}\220\277\261\302\027\036"
 393      C35A7CC9 
 393      8B7D7D90 
 393      BFB1C217 
 393      1E
 394 0f54 8B6EF6DC 		.ascii	"\213n\366\334 :_\027)G\2367Em#y\336\002\362\315R\236"
 394      203A5F17 
 394      29479E37 
 394      456D2379 
 394      DE02F2CD 
 395 0f6a D7D33C07 		.ascii	"\327\323<\007\263\005%#o\260\201\274\210Ln\272\037\226"
 395      B3052523 
 395      6FB081BC 
 395      884C6EBA 
 395      1F96
 396 0f7c F339601F 		.ascii	"\3639`\037\031\310\271M\233\323\275\361m\326\237)\317"
 396      19C8B94D 
 396      9BD3BDF1 
 396      6DD69F29 
 396      CF
 397 0f8d 2F5441A1 		.ascii	"/TA\241cLI\371x\251\032\2173&\255,\367\002\306"
 397      634C49F9 
 397      78A91A8F 
 397      3326AD2C 
 397      F702C6
 398 0fa0 D38C7990 		.ascii	"\323\214y\220y`H\300\021\006\312$Gg\014\372\342\015"
 398      796048C0 
 398      1106CA24 
 398      47670CFA 
 398      E20D
 399 0fb2 8CC94E8E 		.ascii	"\214\311N\216H\021p\022cND\366\237\327\342=\224\361"
 399      48117012 
 399      634E44F6 
 399      9FD7E23D 
 399      94F1
 400 0fc4 CC2D1C2E 		.ascii	"\314-\034.\320\320\267<P\023\374\034\303/\347\242l\177"
 400      D0D0B73C 
 400      5013FC1C 
 400      C32FE7A2 
 400      6C7F
 401 0fd6 AC1DD0F7 		.ascii	"\254\035\320\367\277p\374U~.\2553\332\224\245\235\226"
 401      BF70FC55 
 401      7E2EAD33 
 401      DA94A59D 
ARM GAS  /tmp/ccr0iH9e.s 			page 32


 401      96
 402 0fe7 2532F1EB 		.ascii	"%2\361\353\256\342\316\3135\262\201?</\305N\272\222"
 402      AEE2CECB 
 402      35B2813F 
 402      3C2FC54E 
 402      BA92
 403 0ff9 2CF93BB9 		.ascii	",\371;\271\270\333%"
 403      B8DB25
 404 1000 7FCD304B 		.ascii	"\177\3150K\242\376\027\214\307+0\036[\311x\354\342\332"
 404      A2FE178C 
 404      C72B301E 
 404      5BC978EC 
 404      E2DA
 405 1012 487FDE80 		.ascii	"H\177\336\200\376\354\203~\274\011t\013\250\033\250"
 405      FEEC837E 
 405      BC09740B 
 405      A81BA8
 406 1021 07A8D769 		.ascii	"\007\250\327i\004\264\015\3136\201;\\\261\317\331\253"
 406      04B40DCB 
 406      36813B5C 
 406      B1CFD9AB 
 407 1031 E8FF8C79 		.ascii	"\350\377\214yJ\026\203\327\224\245Y`\3107(\017\266\335"
 407      4A1683D7 
 407      94A55960 
 407      C837280F 
 407      B6DD
 408 1043 51E32C03 		.ascii	"Q\343,\003{Q~\276o\237\340\232\207\016\334\203\200\365"
 408      7B517EBE 
 408      6F9FE09A 
 408      870EDC83 
 408      80F5
 409 1055 9BE276E4 		.ascii	"\233\342v\344cNU\"\311\307\001hw[\312\307~1\037\233"
 409      634E5522 
 409      C9C70168 
 409      775BCAC7 
 409      7E311F9B 
 410 1069 1FED8FD3 		.ascii	"\037\355\217\323\340\263,G\242\233#\376\021\227\261"
 410      E0B32C47 
 410      A29B23FE 
 410      1197B1
 411 1078 F3C1C17D 		.ascii	"\363\301\301}\251\374\023\257\357\000\333V\262\355\234"
 411      A9FC13AF 
 411      EF00DB56 
 411      B2ED9C
 412 1087 A0973E93 		.ascii	"\240\227>\223 \327\245Bz\027\223\227\264\001\213\320"
 412      20D7A542 
 412      7A179397 
 412      B4018BD0 
 413 1097 30A6EF68 		.ascii	"0\246\357hG\0166\235\"\317+\177=\372\263\354\343\003"
 413      470E369D 
 413      22CF2B7F 
 413      3DFAB3EC 
 413      E303
 414 10a9 7FF6684B 		.ascii	"\177\366hKO\356\337\256\303M\314\345\264\307g\246\035"
 414      4FEEDFAE 
 414      C34DCCE5 
 414      B4C767A6 
ARM GAS  /tmp/ccr0iH9e.s 			page 33


 414      1D
 415 10ba 1F4EE546 		.ascii	"\037N\345F\331\377*b\231l\313u\024\334\364\347S\206"
 415      D9FF2A62 
 415      996CCB75 
 415      14DCF4E7 
 415      5386
 416 10cc 1188C33D 		.ascii	"\021\210\303=,}\002\366\372n\372\011\330\003\250\014"
 416      2C7D02F6 
 416      FA6EFA09 
 416      D803A80C 
 417 10dc F725CFFC 		.ascii	"\367%\317\374\371\234a}tV\242\027\356`FR\023\373\273"
 417      F99C617D 
 417      7456A217 
 417      EE604652 
 417      13FBBB
 418 10ef B4F28F6C 		.ascii	"\264\362\217l.\320\017\020\306\241\351C\251\351\003"
 418      2ED00F10 
 418      C6A1E943 
 418      A9E903
 419 10fe EC786B3E 		.ascii	"\354xk>\007\310\230\002\020\362\2768\247\253Z\215\373"
 419      07C89802 
 419      10F2BE38 
 419      A7AB5A8D 
 419      FB
 420 110f 9995C771 		.ascii	"\231\225\307q#\031\356]y\342\326\225\336&\334]\265\221"
 420      2319EE5D 
 420      79E2D695 
 420      DE26DC5D 
 420      B591
 421 1121 F4D26300 		.ascii	"\364\322c\000\364H\0024\216\2713w\007\342\356i\347%"
 421      F4480234 
 421      8EB93377 
 421      07E2EE69 
 421      E725
 422 1133 F1AC7877 		.ascii	"\361\254xw!\025L\001%[\350\244\346)\236'v\002\031\335"
 422      21154C01 
 422      255BE8A4 
 422      E6299E27 
 422      760219DD 
 423 1147 8D478F0F 		.ascii	"\215G\217\017!:\272I\375wl_6<\210\266\333\373\313\021"
 423      213ABA49 
 423      FD776C5F 
 423      363C88B6 
 423      DBFBCB11 
 424 115b 114777C0 		.ascii	"\021Gw\300\312\014\344\204\250\004%c\227$~2\301\007"
 424      CA0CE484 
 424      A8042563 
 424      97247E32 
 424      C107
 425 116d 20499DAB 		.ascii	" I\235\253\\\334\221\213\256\273Kc\353X\312\223\331"
 425      5CDC918B 
 425      AEBB4B63 
 425      EB58CA93 
 425      D9
 426 117e E63E2EEC 		.ascii	"\346>.\354H\371[s6\222/\177\305\266\206\311\276B\006"
 426      48F95B73 
 426      36922F7F 
ARM GAS  /tmp/ccr0iH9e.s 			page 34


 426      C5B686C9 
 426      BE4206
 427 1191 1777BCD4 		.ascii	"\027w\274\324\221m$K\003a\241\012%\201\361Db|\210\267"
 427      916D244B 
 427      0361A10A 
 427      2581F144 
 427      627C88B7 
 428 11a5 20036116 		.ascii	" \003a\026\302:\011\211\377\034h\012h\032\350\031\320"
 428      C23A0989 
 428      FF1C680A 
 428      681AE819 
 428      D0
 429 11b6 04966F37 		.ascii	"\004\226o7N}\305\340\221\305\305VWx\251x\016\274u\014"
 429      4E7DC5E0 
 429      91C5C556 
 429      5778A978 
 429      0EBC750C 
 430 11ca 1EA9E2C7 		.ascii	"\036\251\342\307\270\270\343q \337\211\3423\364\011"
 430      B8B8E371 
 430      20DF89E2 
 430      33F409
 431 11d9 567D66E6 		.ascii	"V}f\346\314\320Kb\242\237x\343\021\226\037\265\221O"
 431      CCD04B62 
 431      A29F78E3 
 431      11961FB5 
 431      914F
 432 11eb 6EE9E433 		.ascii	"n\351\3443\364\241\252\315\244\327#\325\363\221]\355"
 432      F4A1AACD 
 432      A4D723D5 
 432      F3915DED 
 433 11fb E8F51969 		.ascii	"\350\365\031i\206>\307\363\010\265\3777\366\034\314"
 433      863EC7F3 
 433      08B5FF37 
 433      F61CCC
 434 120a 270C8CDC 		.ascii	"'\014\214\334\022^\333O\327\303\220\001i's\343\354I"
 434      125EDB4F 
 434      D7C39001 
 434      692773E3 
 434      EC49
 435 121c D5B02026 		.ascii	"\325\260 &&7\263Ds(W\221+\3607J\375\032\371\326\345"
 435      2637B344 
 435      73285791 
 435      2BF0374A 
 435      FD1AF9D6 
 436 1231 6E5DB406 		.ascii	"n]\264\006O\262b\360xr\343}>\377|\031\330+\373\266\367"
 436      4FB262F0 
 436      7872E37D 
 436      3EFF7C19 
 436      D82BFBB6 
 437 1246 F1C7562E 		.ascii	"\361\307V.yl5\247V\266{\342Ho*+~\225\264\200}\225\024"
 437      796C35A7 
 437      56B67BE2 
 437      486F2A2B 
 437      7E95B480 
 438 125d 3B58588D 		.ascii	";XX\215p2\273w\256\262\275\032\343\335\214\251\355\330"
 438      7032BB77 
 438      AEB2BD1A 
ARM GAS  /tmp/ccr0iH9e.s 			page 35


 438      E3DD8CA9 
 438      EDD8
 439 126f D0E08B8F 		.ascii	"\320\340\213\2172f\313LB\262\032\3473F\374\274t\001"
 439      3266CB4C 
 439      42B21AE7 
 439      3346FCBC 
 439      7401
 440 1281 FBBC34F3 		.ascii	"\373\2744\363\341\256*\015\276\300\356u\036<p\025\341"
 440      E1AE2A0D 
 440      BEC0EE75 
 440      1E3C7015 
 440      E1
 441 1292 56C624B4 		.ascii	"V\306$\264g5\352q\037c\012K\327\017{\341\021\306\224"
 441      6735EA71 
 441      1F630A4B 
 441      D70F7BE1 
 441      11C694
 442 12a5 0E574663 		.ascii	"\016WFc<\301-]>6\250\306\321>\354\363\226\274\374T-"
 442      3CC12D5D 
 442      3E36A8C6 
 442      D13EECF3 
 442      96BCFC54 
 443 12ba DEC298D1 		.ascii	"\336\302\230\321\253W\266\351\360\036\306\324\2359a"
 443      AB57B6E9 
 443      F01EC6D4 
 443      9D3961
 444 12c9 F7C04718 		.ascii	"\367\300G\030spjz\224|\030\361:\371\\\020\313\212\330"
 444      73706A7A 
 444      947C18F1 
 444      3AF95C10 
 444      CB8AD8
 445 12dc EBAC8895 		.ascii	"\353\254\210\2255\324\0352\3403TX8\261sf\306W\034\371"
 445      35D41D32 
 445      E0335458 
 445      38B17366 
 445      C6571CF9 
 446 12f0 B0EAF0F0 		.ascii	"\260\352\360\360W9\326\034h\027\364\331\353|\340\357"
 446      5739D61C 
 446      6817F4D9 
 446      EB7CE0EF 
 447 1300 502F42DB 		.ascii	"P/B\333\325\262\032\266\235~k\265S\255GiR\006\274\316"
 447      D5B21AB6 
 447      9D7E6BB5 
 447      53AD4769 
 447      5206BCCE 
 448 1314 877D6972 		.ascii	"\207}ir\327\200\036\2271\033\221\315[\307\335\332\330"
 448      D7801E97 
 448      311B91CD 
 448      5BC7DDDA 
 448      D8
 449 1325 E3D60614 		.ascii	"\343\326\006\024\273jZ\354v\203\215t\311\006\230\344"
 449      BB6A5AEC 
 449      76838D74 
 449      C90698E4 
 450 1335 CB9A4351 		.ascii	"\313\232CQ\345j\\\313\274\256\032\310\330\346\205\233"
 450      E56A5CCB 
 450      BCAE1AC8 
ARM GAS  /tmp/ccr0iH9e.s 			page 36


 450      D8E6859B 
 451 1345 193334FB 		.ascii	"\03134\373hL\300\327\030S9\226{\230?\017H4\372\222\252"
 451      684CC0D7 
 451      18533996 
 451      7B983F0F 
 451      4834FA92 
 452 135a 667DDD3E 		.ascii	"f}\335>\017\366\253\371\363 S\315>\325\252HO\365\224"
 452      0FF6ABF9 
 452      F32053CD 
 452      3ED5AA48 
 452      4FF594
 453 136d EA17A25F 		.ascii	"\352\027\242_\017I\342\007\324\363\304FtK\245\267&G"
 453      0F49E207 
 453      D4F3C446 
 453      744BA5B7 
 453      2647
 454 137f 8707A8DD 		.ascii	"\207\007\250\335\005O\332\307\016\352\220\237\363\217"
 454      054FDAC7 
 454      0EEA909F 
 454      F38F
 455 138d BC3A9FCF 		.ascii	"\274:\237\317\036\315\355=\332\351B\310\357X\003\375"
 455      1ECDED3D 
 455      DAE942C8 
 455      EF5803FD 
 456 139d 9E2C053C 		.ascii	"\236,\005<<\247v\354\032\263\207m\024\226\355G/d[\314"
 456      3CA776EC 
 456      1AB3876D 
 456      1496ED47 
 456      2F645BCC 
 457 13b1 4438C159 		.ascii	"D8\301Yx\316\004g*\026\333\023\026R\321\275\316\242"
 457      78CE0467 
 457      2A16DB13 
 457      1652D1BD 
 457      CEA2
 458 13c3 01AE3BD7 		.ascii	"\001\256;\327c\353\035\242IJ\020\344\262\225\333\261"
 458      63EB1DA2 
 458      494A10E4 
 458      B295DBB1 
 459 13d3 3D7521ED 		.ascii	"=u!\355\220m\\\326\321\221\001\256\373\347\3032\274"
 459      906D5CD6 
 459      D19101AE 
 459      FBE7C332 
 459      BC
 460 13e4 714A7837 		.ascii	"qJx7\250eS,\231p\274\222\360\2332\0242\331\315J\220"
 460      A865532C 
 460      9970BC92 
 460      F09B3214 
 460      32D9CD4A 
 461 13f9 37C9148F 		.ascii	"7\311\024\217I\221\310P\210\204|\232W\371mI\357A%\014"
 461      4991C850 
 461      88847C9A 
 461      57F96D49 
 461      EF41250C 
 462 140d F250D44B 		.ascii	"\362P\324Ka\333\252\204A\376\302J\206w\275\222^9\210"
 462      61DBAA84 
 462      41FEC24A 
 462      8677BD92 
ARM GAS  /tmp/ccr0iH9e.s 			page 37


 462      5E3988
 463 1420 61496FB2 		.ascii	"aIo\262\222^y\261\037~\231\210B\016\242}\\\324\355K"
 463      925E79B1 
 463      1F7E9988 
 463      420EA27D 
 463      5CD4ED4B 
 464 1434 B37E1986 		.ascii	"\263~\031\206\215J\030X\246\211\357_1\331\324\000\231"
 464      8D4A1858 
 464      A689EF5F 
 464      31D9D400 
 464      99
 465 1445 B9EB9AB6 		.ascii	"\271\353\232\266v,iJUB(\353\251~\311\231-J\242\362\014"
 465      762C694A 
 465      554228EB 
 465      A97EC999 
 465      2D4AA2F2 
 466 145a 98926413 		.ascii	"\230\222d\023\225d\247\245W\250\364\341\"\250P,\324"
 466      9564A7A5 
 466      57A8F4E1 
 466      22A8502C 
 466      D4
 467 146b 8B18A282 		.ascii	"\213\030\242\202J\323/\221\240\232\234V\373\241\023"
 467      4AD32F91 
 467      A09A9C56 
 467      FBA113
 468 147a 40594047 		.ascii	"@Y@G\201r\201\362\200\016\001\345\003\235\002:\002T"
 468      817281F2 
 468      800E01E5 
 468      039D023A 
 468      0254
 469 148c 00940D74 		.ascii	"\000\224\015t\030\3508\320\031\240c@'\201r\324\216'"
 469      18E838D0 
 469      19A06340 
 469      278172D4 
 469      8E27
 470 149e 51DB5873 		.ascii	"Q\333Xs\216\006o\367e\023\245\342\242\011\3444\315\225"
 470      8E066FF7 
 470      6513A5E2 
 470      A209E434 
 470      CD95
 471 14b0 C140C560 		.ascii	"\301@\305`\375/\205\204\177\034\224F\337n\025\201\221"
 471      FD2F8584 
 471      7F1C9446 
 471      DF6E1581 
 471      91
 472 14c1 42A92292 		.ascii	"B\251\"\222\216b\337\334\017\227\224x\314\347\3406\270"
 472      8E62DFDC 
 472      0F979478 
 472      CCE7E036 
 472      B8
 473 14d2 05A7FABF 		.ascii	"\005\247\372\277\216\321\320\366\336i\017xZ\347\226"
 473      8ED1D0F6 
 473      DE690F78 
 473      5AE796
 474 14e1 D35DFDAC 		.ascii	"\323]\375\254\250\006(\256\002*\001s\321\014\246\254"
 474      A80628AE 
 474      022A0173 
ARM GAS  /tmp/ccr0iH9e.s 			page 38


 474      D10CA6AC 
 475 14f1 AFC895FF 		.ascii	"\257\310\225\377\002d\245\364i\235<:\226\242q[\216\313"
 475      0264A5F4 
 475      699D3C3A 
 475      96A2715B 
 475      8ECB
 476 1503 C472BC94 		.ascii	"\304r\274\224U\343\242\373\323j\327j,m\221\225\323j"
 476      55E3A2FB 
 476      D36AD76A 
 476      2C6D9195 
 476      D36A
 477 1515 4CDB5086 		.ascii	"L\333P\206,R\246\263\013\371\267\334\032\362\354k\214"
 477      2C52A6B3 
 477      0BF9B7DC 
 477      1AF2EC6B 
 477      8C
 478 1526 2EF6726B 		.ascii	".\366rk\255R\264V\301\212\377\243\2151O\371\177-!\037"
 478      AD52B456 
 478      C18AFFA3 
 478      8D314FF9 
 478      7F2D211F 
 479 153a DD1FEB4F 		.ascii	"\335\037\353Om@\256\326\241\326\240*\352W5\265^\311"
 479      6D40AED6 
 479      A1D6A02A 
 479      EA5735B5 
 479      5EC9
 480 154c AC5753EB 		.ascii	"\254WS\353\351\345y\227\2346\351\"\325\362]\234\363"
 480      E9E57997 
 480      9C36E922 
 480      D5F25D9C 
 480      F3
 481 155d 6ABA8B43 		.ascii	"j\272\213C\216d.r\277(\301\013\357\243\211\206\216'"
 481      8E642E72 
 481      BF28C10B 
 481      EFA38986 
 481      8E27
 482 156f CCA67AB8 		.ascii	"\314\246z\270\335\013\274\240\226\277S)K8pY\377j\206"
 482      DD0BBCA0 
 482      96BF5329 
 482      4B387059 
 482      FF6A86
 483 1582 BDBCCF5E 		.ascii	"\275\274\317^~wD\333\324\020ko\006\377>\240r\250F\312"
 483      7E7744DB 
 483      D4106B6F 
 483      06FF3EA0 
 483      72A846CA 
 484 1596 1338757E 		.ascii	"\0238u~\223Q\253&o\021\372\366\016\246x\343\213\314"
 484      9351AB26 
 484      6F11FAF6 
 484      0EA678E3 
 484      8BCC
 485 15a8 705ADDF0 		.ascii	"pZ\335\360IQ\331t/\336y\311IY\235\244\254\316UY=U\326"
 485      4951D974 
 485      2FDE79C9 
 485      49599DA4 
 485      ACCE5559 
 486 15bf 3E50B902 		.ascii	">P\271\002w0]G\263\367\344\372\340A\306\304WV\245k\324"
ARM GAS  /tmp/ccr0iH9e.s 			page 39


 486      77305D47 
 486      B3F7E4FA 
 486      E041C6C4 
 486      5756A56B 
 487 15d4 D0EF8DA4 		.ascii	"\320\357\215\244!\271r!\353l\005\242[\240\344?\252\260"
 487      21B97221 
 487      EB6C05A2 
 487      5BA0E43F 
 487      AAB0
 488 15e6 3DD0EDAD 		.ascii	"=\320\355\255\231\205\356\367@/Q\277\233\324\334\361"
 488      9985EEF7 
 488      402F51BF 
 488      9BD4DCF1 
 489 15f6 5D0FCBD2 		.ascii	"]\017\313\322t\034\353\203\347\332\332\223\267Z#\354"
 489      741CEB83 
 489      E7DADA93 
 489      B75A23EC 
 490 1606 0BA2BF47 		.ascii	"\013\242\277G\344P\203\010\025]T\253\011\347\214\266"
 490      E4508308 
 490      155D54AB 
 490      09E78CB6 
 491 1616 99A24D88 		.ascii	"\231\242M\2109\032\241\305\231/Q\204\327O\237i\360\025"
 491      391AA1C5 
 491      992F5184 
 491      D74F9F69 
 491      F015
 492 1628 D58D680B 		.ascii	"\325\215h\013\343\311g{\021\366w?\240\256\267H\256\267"
 492      E3C9677B 
 492      11F6773F 
 492      A0AEB748 
 492      AEB7
 493 163a B82ABB4C 		.ascii	"\270*\273L\225\035z:\021\357\203\2173e\017\237\236\322"
 493      951D7A3A 
 493      11EF838F 
 493      33650F9F 
 493      9ED2
 494 164c 49619CB9 		.ascii	"Ia\234\271\350\024\306VIW\253\253\256+LWWZ\201\257<"
 494      E814C656 
 494      4957ABAB 
 494      AE2B4C57 
 494      575A81AF 
 495 1661 73069CF6 		.ascii	"s\006\234\366\377\256\362\314\271J3\347B\366\304\250"
 495      FFAEF2CC 
 495      B94A33E7 
 495      42F6C4A8 
 496 1671 5A2E9CE0 		.ascii	"Z.\234\340\264\027\334\306\205\333\250\360\372\035\003"
 496      B417DCC6 
 496      85DBA8F0 
 496      FA1D03
 497 1680 057A9CC7 		.ascii	"\005z\234\307P\356\2738\276M\217\253\031sb\354\321\011"
 497      50EEBB38 
 497      BE4D8FAB 
 497      197362EC 
 497      D109
 498 1692 0D4B77F2 		.ascii	"\015Kw\362\237\237\222\273+\246\274\335\216\225Nq\254"
 498      9F9F92BB 
 498      2BA6BCDD 
ARM GAS  /tmp/ccr0iH9e.s 			page 40


 498      8E954E71 
 498      AC
 499 16a3 74F08952 		.ascii	"t\360\211RT\313)\037\327\301!\256<T\250\213\016\216"
 499      54CB291F 
 499      D7C121AE 
 499      3C54A88B 
 499      0E8E
 500 16b5 4E71A274 		.ascii	"Nq\242trbv\334C.\275\343E\322I\033\216\236\327Byif\345"
 500      726276DC 
 500      432EBDE3 
 500      45D2491B 
 500      8E9ED742 
 501 16cd E5D2C118 		.ascii	"\345\322\301\030{D,\254Z\256\303\223\357\032\2042\016"
 501      7B442CAC 
 501      5AAEC393 
 501      EF1A8432 
 501      0E
 502 16de BF2A6BDC 		.ascii	"\277*k\334\316\353K\267\3725\325\337-Y\022\300\376\205"
 502      CEEB4BB7 
 502      FA35D5DF 
 502      2D5912C0 
 502      FE85
 503 16f0 59032CB6 		.ascii	"Y\003,\266\000\253\305\024`Zm1\257\012\262\332,\353"
 503      00ABC514 
 503      605A6D31 
 503      AF0AB2DA 
 503      2CEB
 504 1702 96983C7F 		.ascii	"\226\230<\177\376\233\337\275\362\336\262e*}\270\321"
 504      FE9BDFBD 
 504      F2DEB265 
 504      2A7DB8D1 
 505 1712 620E0C0E 		.ascii	"b\016\014\016\267\004\205\351\215\3065A\241\2667\337"
 505      B70485E9 
 505      8DC63541 
 505      A1B637DF 
 506 1722 30DA6251 		.ascii	"0\332bQ\300\352\260\020s@\240\311j^\034\034\370i\300"
 506      C0EAB010 
 506      7340A0C9 
 506      6A5E1C1C 
 506      F869C0
 507 1735 4FC34C6B 		.ascii	"O\303LkB\314\2416k\300'\346\300\220_\005\274o\012\016"
 507      42CCA136 
 507      6BC027E6 
 507      C0905F05 
 507      BC6F0A0E 
 508 1749 0AB79A8D 		.ascii	"\012\267\232\215\346\305\341kL\237\277\021\360IXX\260"
 508      E6C5E16B 
 508      4C9FBF11 
 508      F0495858 
 508      B0
 509 175a 356095C9 		.ascii	"5`\225\311\2648\320\022\26284,\324\274\330\034\370i"
 509      B438D012 
 509      B238342C 
 509      D4BCD81C 
 509      F869
 510 176c D0E2B717 		.ascii	"\320\342\267\027\277\261t\331\333\213\377\364\326\342"
 510      BFB174D9 
ARM GAS  /tmp/ccr0iH9e.s 			page 41


 510      DB8BFFF4 
 510      D6E2
 511 177a 90C0CFC2 		.ascii	"\220\300\317\302,\001Nw\003\202BM\301kV\230\003B\002"
 511      2C014E77 
 511      0382424D 
 511      C16B5698 
 511      034202
 512 178d 4DAB8342 		.ascii	"M\253\203B\315\001\306\025\346\225\201k\202mF\333\272"
 512      CD01C615 
 512      E695816B 
 512      826D46DB 
 512      BA
 513 179e 70B375C9 		.ascii	"p\263u\311j\225\247\010\350\277\377_\361X\327Y\003\214"
 513      6A95A708 
 513      E8BFFF5F 
 513      F158D759 
 513      038C
 514 17b0 56DB0A30 		.ascii	"V\333\0120\016 \2646\022\035\243\355-\227\230\206\207"
 514      0E20B436 
 514      121DA3ED 
 514      2D979886 
 514      87
 515 17c1 59C0FEBF 		.ascii	"Y\300\376\277|\364\341{\037\256\0150\205\205\204"
 515      7CF4E17B 
 515      1FAE0D30 
 515      858584
 516 17d0 07059B2D 		.ascii	"\007\005\233-\326\200\237\277\367\036\204Z\364@\027"
 516      D6809FBF 
 516      F71E845A 
 516      F44017
 517 17df 6E0CB1AD 		.ascii	"n\014\261\255\015\206\260kB\214\241\346\2656m\2101\354"
 517      0D86B06B 
 517      428CA1E6 
 517      B5366D88 
 517      31EC
 518 17f1 CB50B305 		.ascii	"\313P\263\005\216\177Zc^c\326\204\323\313/\231V\033"
 518      8E7F5A63 
 518      5E63D684 
 518      D3CB2F99 
 518      561B
 519 1803 6DD04181 		.ascii	"m\320A\201+\254\216\353\341\026\363\027\276N\027\215"
 519      2BAC8EEB 
 519      E116F317 
 519      BE4E178D 
 520 1813 D07C8DCD 		.ascii	"\320|\215\315\274\326h\363\004yz\012\035h\0167\207\002"
 520      BCD668F3 
 520      04797A0A 
 520      1D680E37 
 520      8702
 521 1825 D6555EE6 		.ascii	"\326U^\346/ $!\201\326\317\2156\017\260k]\2453\032y"
 521      2F202421 
 521      81D6CF8D 
 521      360FB06B 
 521      5DA5331A 
 522 183a 00B5FCE8 		.ascii	"\000\265\374\350\001W\2156=\275KU\002\300/\003\203l"
 522      01578D36 
 522      3DBD4B55 
ARM GAS  /tmp/ccr0iH9e.s 			page 42


 522      02C02F03 
 522      836C
 523 184c D0DC5706 		.ascii	"\320\334W\006\201\000\366\2213F\033\0167\256\321\230"
 523      8100F691 
 523      33461B0E 
 523      37AED198 
 524 185c BF24EA35 		.ascii	"\277$\3525_\332\300\251p8X\315!\341\036V\243)\324\346"
 524      5FDAC0A9 
 524      703858CD 
 524      21E11E56 
 524      A329D4E6 
 525 1870 01046638 		.ascii	"\001\004f8P\003\350\202{\201\341\253\303,f\217/m6K\370"
 525      5003E882 
 525      7B81E1AB 
 525      C32C668F 
 525      2F6D364B 
 526 1885 3CA60ED2 		.ascii	"<\246\016\322m\245\331b\0165\2013\240 \354\323\317\302"
 526      6DA5D962 
 526      0E358133 
 526      A020ECD3 
 526      CFC2
 527 1897 3DCD6B83 		.ascii	"=\315k\203l\246\260\025f\215e\305:\300\245!9\271\322"
 527      6CA6B015 
 527      668D65C5 
 527      3AC0A521 
 527      39B9D2
 528 18aa AA63F9F8 		.ascii	"\252c\371\370\016h\025\2176r\035\216\341\306\225\301"
 528      0E68158F 
 528      36721D8E 
 528      E1C695C1 
 529 18ba 81ABAC5A 		.ascii	"\201\253\254Z[\010\264\242\274\325\026h3{\332\350\001"
 529      5B08B4A2 
 529      BCD51668 
 529      337BDAE8 
 529      01
 530 18cb 14435003 		.ascii	"\024CP\003C\314j\323\352@\013\334\014\013^a&\307P\363"
 530      43CC6AD3 
 530      EA400BDC 
 530      0C0B5E61 
 530      26C750F3 
 531 18df 97660B44 		.ascii	"\227f\013D\306d[\213-\313\336\024\202-\2360$ \007\214"
 531      C6645B8B 
 531      2DCBDE14 
 531      822D9E30 
 531      2420078C 
 532 18f3 B6D75ED8 		.ascii	"\266\327^\330\271\253M\340\006\364&\264Z\006\264T\260"
 532      B9AB4DE0 
 532      06F426B4 
 532      5A06B454 
 532      B0
 533 1904 FC48B0BC 		.ascii	"\374H\260\274#X\336\026,\313\005\313\017\005\313[^\244"
 533      2358DE16 
 533      2CCB05CB 
 533      0F05CB5B 
 533      5EA4
 534 1916 010936E8 		.ascii	"\001\0116\350\376\336\327\3532~\361v\010I-SX(\364\241"
 534      FEDED7EB 
ARM GAS  /tmp/ccr0iH9e.s 			page 43


 534      327EF176 
 534      08492D53 
 534      5828F4A1 
 535 192a 8D767650 		.ascii	"\215vvP\230\316\321\003\0006$\034r\330\223\007\315\366"
 535      98CED103 
 535      0036241C 
 535      72D89307 
 535      CDF6
 536 193c 8A8B4E31 		.ascii	"\212\213N1UM\253\255\246\325+@\225\353\210\227\004\240"
 536      554DABAD 
 536      A6D52B40 
 536      95EB8897 
 536      04A0
 537 194e ABE0BE9F 		.ascii	"\253\340\276\237{\005\353\254b\266\272W\002\235\011"
 537      7B05EBAC 
 537      62B6BA57 
 537      029D09
 538 195d F7214B3F 		.ascii	"\367!K?2\257\372Y\220\305j\373\204\002s\205\345ZgT\276"
 538      32AFFA59 
 538      90C56AFB 
 538      84027385 
 538      E55A6754 
 539 1972 B4C56FC0 		.ascii	"\264\305o\300G\326\000\022\343\223\325+>2\007\233\003"
 539      47D60012 
 539      E393D52B 
 539      3E32079B 
 539      03
 540 1983 ADE6BF77 		.ascii	"\255\346\277wkn\305:\350\277 \023\230\024L\253\005["
 540      6B6EC53A 
 540      E8BF2013 
 540      98144CAB 
 540      055B
 541 1995 88266CE5 		.ascii	"\210&l\345J\253\331\246\265\330h\232\375\255\333\206"
 541      4AABD9A6 
 541      B5D8689A 
 541      FDADDB86 
 542 19a5 360AD316 		.ascii	"6\012\323\026b4\005\006\007}j\011\264\005\205\205B\276"
 542      62340506 
 542      077D6A09 
 542      B4058585 
 542      42BE
 543 19b7 870442D7 		.ascii	"\207\004B\327P\000x\305\2474\323\211\327\346\020\250"
 543      500078C5 
 543      A734D389 
 543      D7E610A8 
 544 19c7 389FAE59 		.ascii	"8\237\256Y\245\013\017\014\0152\221!\341#\277\014y\364"
 544      A50B0F0C 
 544      0D329121 
 544      E123BF0C 
 544      79F4
 545 19d9 858D24BF 		.ascii	"\205\215$\277\347\0276\270\022l\013\324\221\333A!$\345"
 545      E71736B8 
 545      126C0BD4 
 545      91DB4121 
 545      24E5
 546 19eb E012199F 		.ascii	"\340\022\031\237\344\270rM\250\011D\310\201\335\020"
 546      E4B8724D 
ARM GAS  /tmp/ccr0iH9e.s 			page 44


 546      A80944C8 
 546      81DD10
 547 19fa 07F41741 		.ascii	"\007\364\027A\026\333\232\300`#ib\321\220\026\201\026"
 547      16DB9AC0 
 547      60236962 
 547      D1901681 
 547      16
 548 1a0b 5FA78B46 		.ascii	"_\247\213F\333\313\256rl\274y\201tp\240\325F.}K\341"
 548      DBCBAE72 
 548      6CBC7981 
 548      7470A0D5 
 548      462E7D4B 
 549 1a20 3E8C640B 		.ascii	">\214d\0139j-<\273-<\273-$\2735\026\232Op\221\216Fo"
 549      396A2D3C 
 549      BB2D3CBB 
 549      2D24BB35 
 549      169A4F70 
 550 1a38 B0417C5F 		.ascii	"\260A|_G\233\352@d\215\005\206\240\315 ]4\332t\216\240"
 550      479BEA40 
 550      648D0586 
 550      A0CD205D 
 550      34DA748E 
 551 1a4d F804AD08 		.ascii	"\370\004\255\0106\363D\204\342\300\237\013\313\337\202"
 551      36F34484 
 551      E2C09F0B 
 551      CBDF82
 552 1a5c AA239EE8 		.ascii	"\252#\236\350\255\266\317!\300\253 \266^R0iU\242\241"
 552      ADB6CF21 
 552      C0AB20B6 
 552      5E523069 
 552      55A2A1
 553 1a6f F331AD34 		.ascii	"\3631\2554B\227\221\020A\205\000\031\306\222\341k\340"
 553      42979110 
 553      41850019 
 553      C692E16B 
 553      E0
 554 1a80 E774048B 		.ascii	"\347t\004\213\014\035\267\276\016\346\363\340\240\220"
 554      0C1DB7BE 
 554      0EE6F3E0 
 554      A090
 555 1a8e 20472B32 		.ascii	" G+2\224EA\352\254\310P\217\365\234\001\267\275\034"
 555      944541EA 
 555      ACC8508F 
 555      F59C01B7 
 555      BD1C
 556 1aa0 5683C2BC 		.ascii	"V\203\302\274\245j\026\364\225\231\200$\321#\347z8\017"
 556      A56A16F4 
 556      95998024 
 556      D123E77A 
 556      380F
 557 1ab2 B759C4D3 		.ascii	"\267Y\304\323/ \244\220$\334\313e\313\271\227\344DK"
 557      2F20A490 
 557      24DCCB65 
 557      CBB997E4 
 557      444B
 558 1ac4 5C033172 		.ascii	"\\\0031r\374\312l\241:\203V@\340\202V\006\231-\2425"
 558      FCCA6CA1 
ARM GAS  /tmp/ccr0iH9e.s 			page 45


 558      3A835640 
 558      E0825606 
 558      992DA235 
 559 1ad8 A2D7FDE8 		.ascii	"\242\327\375\350r\214\005x\026@^\263\274\0028\037\257"
 559      728C0578 
 559      16405EB3 
 559      BC02381F 
 559      AF
 560 1ae9 B3FE2E34 		.ascii	"\263\376.48\314\364\371\013\306\334:2&YeYCe\275\215"
 560      38CCF4F9 
 560      0BC6DC3A 
 560      32265965 
 560      594365BD 
 561 1afe 50556DC6 		.ascii	"PUm\306\177\375\227\217\337\377\355G\277\360\016\014"
 561      7FFD978F 
 561      DFFFED47 
 561      BFF00E0C 
 562 1b0e FE32709D 		.ascii	"\3762p\235\025\252N0<=\177 \327\003\011\030\360\336"
 562      15AA4E30 
 562      3C3D7F20 
 562      D7030918 
 562      F0DE
 563 1b20 871FFFE2 		.ascii	"\207\037\377\342cI\035\251:\246\220\237A\2222(\000\340"
 563      63491DA9 
 563      3AA6909F 
 563      41923228 
 563      00E0
 564 1b32 D7A05247 		.ascii	"\327\240RG\325s\3454\205\215K\226\277\371\316\017=E"
 564      D573E534 
 564      858D4B96 
 564      BFF9CE0F 
 564      3D45
 565 1b44 EE7F0140 		.ascii	"\356\177\001@K$\034"
 565      4B241C
 566              		.text
 567              		.section	.gnu.lto_.symtab.38351f4ca55ad0d9,"",%progbits
 568 0000 63685265 		.ascii	"chRegFirstThread\000"
 568      67466972 
 568      73745468 
 568      72656164 
 568      00
 569 0011 00       		.ascii	"\000"
 570 0012 00       		.ascii	"\000"
 571 0013 00       		.ascii	"\000"
 572 0014 00000000 		.ascii	"\000\000\000\000\000\000\000\000"
 572      00000000 
 573 001c 85010000 		.ascii	"\205\001\000\000"
 574 0020 63685265 		.ascii	"chRegNextThread\000"
 574      674E6578 
 574      74546872 
 574      65616400 
 575 0030 00       		.ascii	"\000"
 576 0031 00       		.ascii	"\000"
 577 0032 00       		.ascii	"\000"
 578 0033 00000000 		.ascii	"\000\000\000\000\000\000\000\000"
 578      00000000 
 579 003b 89010000 		.ascii	"\211\001\000\000"
ARM GAS  /tmp/ccr0iH9e.s 			page 46


 580 003f 63685F64 		.ascii	"ch_debug\000"
 580      65627567 
 580      00
 581 0048 00       		.ascii	"\000"
 582 0049 00       		.ascii	"\000"
 583 004a 00       		.ascii	"\000"
 584 004b 00000000 		.ascii	"\000\000\000\000\000\000\000\000"
 584      00000000 
 585 0053 3E020000 		.ascii	">\002\000\000"
 586 0057 636800   		.ascii	"ch\000"
 587 005a 00       		.ascii	"\000"
 588 005b 02       		.ascii	"\002"
 589 005c 00       		.ascii	"\000"
 590 005d 00000000 		.ascii	"\000\000\000\000\000\000\000\000"
 590      00000000 
 591 0065 03020000 		.ascii	"\003\002\000\000"
 592 0069 63685468 		.ascii	"chThdRelease\000"
 592      6452656C 
 592      65617365 
 592      00
 593 0076 00       		.ascii	"\000"
 594 0077 02       		.ascii	"\002"
 595 0078 00       		.ascii	"\000"
 596 0079 00000000 		.ascii	"\000\000\000\000\000\000\000\000"
 596      00000000 
 597 0081 8D010000 		.ascii	"\215\001\000\000"
 598              		.text
 599              		.section	.gnu.lto_.opts,"",%progbits
 600 0000 272D666D 		.ascii	"'-fmath-errno' '-fsigned-zeros' '-ftrapping-math' '"
 600      6174682D 
 600      6572726E 
 600      6F272027 
 600      2D667369 
 601 0033 2D666E6F 		.ascii	"-fno-trapv' '-fno-openmp' '-fno-openacc' '-mcpu=cor"
 601      2D747261 
 601      70762720 
 601      272D666E 
 601      6F2D6F70 
 602 0066 7465782D 		.ascii	"tex-m4' '-mno-thumb-interwork' '-mthumb' '-O2' '-fo"
 602      6D342720 
 602      272D6D6E 
 602      6F2D7468 
 602      756D622D 
 603 0099 6D69742D 		.ascii	"mit-frame-pointer' '-falign-functions=16' '-ffuncti"
 603      6672616D 
 603      652D706F 
 603      696E7465 
 603      72272027 
 604 00cc 6F6E2D73 		.ascii	"on-sections' '-fdata-sections' '-fno-common' '-flto"
 604      65637469 
 604      6F6E7327 
 604      20272D66 
 604      64617461 
 605 00ff 2700     		.ascii	"'\000"
 606              		.text
 607              		.comm	__gnu_lto_v1,1,1
 608              		.comm	__gnu_lto_slim,1,1
ARM GAS  /tmp/ccr0iH9e.s 			page 47


 609              		.ident	"GCC: (GNU Tools for Arm Embedded Processors 7-2017-q4-major) 7.2.1 20170904 (release) [ARM
ARM GAS  /tmp/ccr0iH9e.s 			page 48


DEFINED SYMBOLS
                            *ABS*:0000000000000000 chregistry.c
                            *COM*:0000000000000001 __gnu_lto_v1
                            *COM*:0000000000000001 __gnu_lto_slim

NO UNDEFINED SYMBOLS
