ARM GAS  /tmp/ccd8dQ7l.s 			page 1


   1              		.cpu cortex-m3
   2              		.eabi_attribute 20, 1
   3              		.eabi_attribute 21, 1
   4              		.eabi_attribute 23, 3
   5              		.eabi_attribute 24, 1
   6              		.eabi_attribute 25, 1
   7              		.eabi_attribute 26, 1
   8              		.eabi_attribute 30, 2
   9              		.eabi_attribute 34, 1
  10              		.eabi_attribute 18, 4
  11              		.file	"hal_lld.c"
  12              		.section	.gnu.lto_.profile.831a0f4f265bec0d,"",%progbits
  13 0000 789C6363 		.ascii	"x\234cc```\001bF\006\033+\000\001*\000\202"
  13      60606001 
  13      6246061B 
  13      2B00012A 
  13      0082
  14              		.text
  15              		.section	.gnu.lto_.icf.831a0f4f265bec0d,"",%progbits
  16 0000 789C6363 		.ascii	"x\234cc``\020a@\000f\206IsW\357\347`\274\266y\3411f"
  16      60601061 
  16      40006686 
  16      497357EF 
  16      E760BCB6 
  17 0018 A6D6DDBB 		.ascii	"\246\326\335\273\356p3\000\000Z=\010\226"
  17      EE703300 
  17      005A3D08 
  17      96
  18              		.text
  19              		.section	.gnu.lto_.jmpfuncs.831a0f4f265bec0d,"",%progbits
  20 0000 789C6363 		.ascii	"x\234cc``\340`@\000& f\004b\000\001\\\000\022"
  20      6060E060 
  20      40002620 
  20      66046200 
  20      015C0012 
  21              		.text
  22              		.section	.gnu.lto_.inline.831a0f4f265bec0d,"",%progbits
  23 0000 789C6363 		.ascii	"x\234cc``\320f@\000&\006\006!AF\006&\271\015\257\030"
  23      6060D066 
  23      40002606 
  23      06214146 
  23      0626B90D 
  24 0016 19D816C8 		.ascii	"\031\330\026\3103\201\004\031\031t\3460\002\005\203"
  24      33810419 
  24      1974E630 
  24      020583
  25 0025 16BC1682 		.ascii	"\026\274\026\202\0132\000\000\217\023\006]"
  25      0B320000 
  25      8F13065D 
  26              		.text
  27              		.section	.gnu.lto_.pureconst.831a0f4f265bec0d,"",%progbits
  28 0000 789C6363 		.ascii	"x\234cc```\005b&\006)F)\000\000\374\000C"
  28      60606005 
  28      62260629 
  28      46290000 
  28      FC0043
  29              		.text
ARM GAS  /tmp/ccd8dQ7l.s 			page 2


  30              		.section	.gnu.lto_hal_lld_init.831a0f4f265bec0d,"",%progbits
  31 0000 789CA594 		.ascii	"x\234\245\224\313O\023Q\024\306\3177w:\264Fi\334\231"
  31      CB4F1351 
  31      14C6CF37 
  31      773AB446 
  31      69DC99
  32 0013 C8C22D2E 		.ascii	"\310\302-.:\212\211\177\202\256\\\351\326\030\203\013"
  32      3A8A897F 
  32      82AE5CE9 
  32      D618830B 
  33 0023 174D30E2 		.ascii	"\027M0\342\202\035S)\264>\022\215\221\222\350Hj4\321"
  33      821D5329 
  33      B43E128D 
  33      9192E848 
  33      6A34D1
  34 0036 C6D84AC0 		.ascii	"\306\330J\300\007Ud(\212\250<*V]\340+.\014j\242\013"
  34      07556428 
  34      8AA83C2A 
  34      565DE02B 
  34      2E0C6AA2 
  35 004b 8DCF08DE 		.ascii	"\215\317\010\336so\355\240+\007o:\2473s\357|\337\357"
  35      736FEDA0 
  35      2B076F3A 
  35      A73373EF 
  35      7CDFEF
  36 005e 9C99732D 		.ascii	"\234\231s-\"Z\033\"j\222\377\253\345\001A0\216N\021"
  36      225A1B22 
  36      6A92FFAB 
  36      E5014130 
  36      8E4E11
  37 0071 25C206C0 		.ascii	"%\302\006\300'N\030\324n\240\035\207\305q\201R\352\365"
  37      274E18D4 
  37      6EA01D87 
  37      C5718152 
  37      EAF5
  38 0083 A0D178CE 		.ascii	"\240\321x\316\221\303\353\271T\327\345t\256r\005QF\036"
  38      91C3EBB9 
  38      54D7E574 
  38      AE720551 
  38      461E
  39 0095 3CD08F46 		.ascii	"<\320\217F\222\313^\365\315w\257\260L}\037\003\260\010"
  39      92CB5EF5 
  39      CD77AFB0 
  39      4C7D1F03 
  39      B008
  40 00a7 F2A43013 		.ascii	"\362\2440\023\362\234\371\205\224\343M\234\301\217\315"
  40      F29CF985 
  40      94E34D9C 
  40      C18FCD
  41 00b6 2B41AE80 		.ascii	"+A\256\200\301Ap09X\034\"\034\3529D9\020\245\245\216"
  41      C1417030 
  41      39581C22 
  41      1CEA3944 
  41      3910A5A5 
  42 00cb 84713C3A 		.ascii	"\204q<: \014>\353\360\350-J\3057\263\315\254~BX\322"
  42      200C3EEB 
  42      F0E82D4A 
ARM GAS  /tmp/ccd8dQ7l.s 			page 3


  42      C537B3CD 
  42      AC7E4258 
  43 00e0 34D3599A 		.ascii	"4\323Y\232\256;$\\a\200\031f\013\223\357\302\372\322"
  43      AE3B245C 
  43      61801966 
  43      0B93EFC2 
  43      FAD2
  44 00f2 C9A61D53 		.ascii	"\311\246\035S\336:[\350;\211,z\023\022\177\215+\004"
  44      DE3A5BE8 
  44      3B892C7A 
  44      13127F8D 
  44      2B04
  45 0104 AEA00197 		.ascii	"\256\240\001\227\321@\274\376X\177e\273}\321I\302\025"
  45      D140BCFE 
  45      587F65BB 
  45      7DD149C2 
  45      15
  46 0115 26AECA65 		.ascii	"&\256\312e\335*)\\\203\315^\237\302\354\024Hd\320\027"
  46      DD2A295C 
  46      83CD5E9F 
  46      C2EC1448 
  46      64D017
  47 0128 29C296B3 		.ascii	")\302\226\263\317\306s\027\004#\001\013rDq]>\026X;\301"
  47      CFC67317 
  47      0423010B 
  47      7244715D 
  47      3E16583B 
  48 013d 53266EF8 		.ascii	"S&n\370\352CJ\275\226\277\011\302M\255\\\314=\025\272"
  48      EA434ABD 
  48      96BF09C2 
  48      4DAD5CCC 
  48      3D15BA
  49 0150 429140E8 		.ascii	"B\221@\350\303J\234_\032\274%\347?\342\213\224`\377"
  49      C34A9C5F 
  49      1ABC25E7 
  49      3FE28B94 
  49      60FF
  50 0162 57B2A3BE 		.ascii	"W\262\243\276\324-)U\313\356E5;\004\002\273\255\324"
  50      D42D2955 
  50      CBEE4535 
  50      3B0402BB 
  50      ADD4
  51 0174 0C561B53 		.ascii	"\014V\033S\331u|\355\202\0262\264\326X\361\373\307\345"
  51      D9757CED 
  51      821632B4 
  51      D658F1FB 
  51      C7E5
  52 0186 FA4DF1B7 		.ascii	"\372M\361\267\016\334\321\216\225\203\010\\\206q\337"
  52      0EDCD18E 
  52      9583085C 
  52      8671DF
  53 0195 ED2E6C69 		.ascii	"\355.li\241\321\347\252\350\"\220\330=_\354\376_\350"
  53      A1D1E7AA 
  53      E82290D8 
  53      3D5FECFE 
  53      5FE8
  54 01a7 A6D6CA7F 		.ascii	"\246\326\312\177\036\315\205j\350\036ab\351\350\223"
ARM GAS  /tmp/ccd8dQ7l.s 			page 4


  54      1ECD856A 
  54      E81E6162 
  54      E9E893
  55 01b6 BEDB14A3 		.ascii	"\276\333\024\243\233\272\353\276m\254\365xRm\005\317"
  55      9BBAEBBE 
  55      6DACF578 
  55      526D05CF 
  56 01c6 7B2DD5E6 		.ascii	"{-\325\346\031\201\305\355\217iX(s\367\227\031\260~"
  56      1981C5ED 
  56      8F695828 
  56      73F79719 
  56      B07E
  57 01d8 F1471A52 		.ascii	"\361G\032R+O\377L\346#\372\322y\231PMz~\244\350D$\235"
  57      2B4FFF4C 
  57      E623FAD2 
  57      7999504D 
  57      7A7EA4E8 
  58 01ef 04B03023 		.ascii	"\004\2600#\311\036T\311\206z\006R\250\241=ThBy\020*"
  58      C91E54C9 
  58      867A0652 
  58      A8A13D54 
  58      68427910 
  59 0204 BF6B71EA 		.ascii	"\277kq\352\203\245\315\242\332/?7\354.\253V\303\300"
  59      83A5CDA2 
  59      DA2F3F37 
  59      EC2EAB56 
  59      C3C0
  60 0216 23BF1465 		.ascii	"#\277\024eU\212\1774{\374\207\331\023.E\224\336c\177"
  60      558A7F34 
  60      7BFC87D9 
  60      132E4594 
  60      DE637F
  61 0229 F6CB1155 		.ascii	"\366\313\021UT\265\371\245e\362rk\222\325Z\027\213\331"
  61      54B5F9A5 
  61      65F2726B 
  61      92D55A17 
  61      8BD9
  62 023b FAD7D26A 		.ascii	"\372\327\322j\357\336\031\267\367\264\354\335\327jo"
  62      EFDE19B7 
  62      F7B4ECDD 
  62      D76A6F
  63 024a DDB66543 		.ascii	"\335\266eC\223\216\233\326\267\265\361\314\216x|W\254"
  63      938E9BD6 
  63      B7B5F1CC 
  63      8E787C57 
  63      AC
  64 025b 997E01E8 		.ascii	"\231~\001\350\015\247v"
  64      0DA776
  65              		.text
  66              		.section	.gnu.lto_stm32_clock_init.831a0f4f265bec0d,"",%progbits
  67 0000 789C9D55 		.ascii	"x\234\235U\335oTE\024\237s\347~\356\335\317R\032cx\320"
  67      DD6F5445 
  67      149F73E7 
  67      7EEEDDCF 
  67      521A6378 
  68 0015 475EBA8A 		.ascii	"G^\272\212\177\301\276\370\206/\372J\214\037\017>4\301"
  68      7FC1BEF8 
ARM GAS  /tmp/ccd8dQ7l.s 			page 5


  68      862FFA4A 
  68      8C1F0F3E 
  68      34C1
  69 0027 880FBC71 		.ascii	"\210\017\274q\013mi\245\032c\370H`\3234\021BD\353\246"
  69      0B6D69A5 
  69      1A63F848 
  69      60D33411 
  69      4244EBA6 
  70 003b A17EB4B5 		.ascii	"\241~\264\265\272nY\227\322B\005\213ZZ\250\242\013["
  70      BA6E5997 
  70      D242058B 
  70      5A5AA8A2 
  70      0B5B
  71 004d 5AABD126 		.ascii	"Z\253\321&HA\352\2349s\367\336\254&z\367\246\375\355"
  71      4841EA9C 
  71      3973F7DE 
  71      AC267AF7 
  71      A6FDED
  72 0060 EC9CD9DF 		.ascii	"\354\234\331\337\371\315\357\234\231k2\306j\016c;\304"
  72      F9CDEF9C 
  72      996B32C6 
  72      6A0E633B 
  72      C4
  73 0071 E75DF10F 		.ascii	"\347]\361\017-\014\264\267/1\326ik\300i\300\265\314"
  73      2D0CB4B7 
  73      2F31D669 
  73      6BC069C0 
  73      B5CC
  74 0083 4889312F 		.ascii	"H\2111/\246/\272\314\213gh>\247\203AqCKS\334\224\361"
  74      A62FBACC 
  74      8B67683E 
  74      A7834171 
  74      434B53DC 
  75 0099 34CDE74C 		.ascii	"4\315\347L\260(ni)\212\3332\236\242\371\234\015\016"
  75      B0286E69 
  75      298ADB32 
  75      9EA2F99C 
  75      0D0E
  76 00ab C51D2D49 		.ascii	"\305\035-I\361\230\214'i>\027\003\227\342\256\226\240"
  76      F1988C27 
  76      693E1703 
  76      97E2AE96 
  76      A0
  77 00bc 785CC613 		.ascii	"x\\\306\0234\237\213\003\340\247g\003\333\247\361\214"
  77      349F8B03 
  77      E0A76703 
  77      DBA7F18C 
  78 00cc 6EA44D2B 		.ascii	"n\244M+e;\311\230\233\210\303>\2233\365\030\376\300"
  78      653BC998 
  78      9B88C33E 
  78      9333F518 
  78      FEC0
  79 00de F2078E3F 		.ascii	"\362\007\216?p\375A??\314\241t\360\326\250\266\375\264"
  79      70FD413F 
  79      3FCCA174 
  79      F0D6A8B6 
  79      FDB4
ARM GAS  /tmp/ccd8dQ7l.s 			page 6


  80 00f0 279EE2B1 		.ascii	"'\236\342\261\261X\217\327\375H^\260\034ULp\026\266"
  80      B1588FD7 
  80      FD485EB0 
  80      1C554C70 
  80      16B6
  81 0102 33B1ECE6 		.ascii	"3\261\354\346\360\303#\011S\247y\030\001\223\201\030"
  81      F0C32309 
  81      53A77918 
  81      01938118 
  82 0112 14AE1845 		.ascii	"\024\256\030E\357\341\346A\257\270\372.L<\3638\260<"
  82      EFE1E641 
  82      AFB8FA2E 
  82      4C3CF338 
  82      B03C
  83 0124 070D8123 		.ascii	"\007\015\201#\350\010\006\202\211`!\330\010\016B\014"
  83      E8080682 
  83      896021D8 
  83      080E420C 
  84 0134 C1458823 		.ascii	"\301E\210#$\020\222\010)\2044B\006\241\005a\013B+\302"
  84      24109208 
  84      29843442 
  84      06A10561 
  84      0B422BC2 
  85 0148 56843604 		.ascii	"V\2046\004\306z\205\232E\327+\262>\256\211\301\201\""
  85      C67A859A 
  85      45D72BB2 
  85      3EAE89C1 
  85      8122
  86 015a BB03A5B1 		.ascii	"\273\003\245\261\3453U\023%\036\347 \224\037\355.\315"
  86      E5335513 
  86      251EE720 
  86      941FED2E 
  86      CD
  87 016b 5A87789E 		.ascii	"Z\207x\236k\200\033Y(\\\\\261\351\2537\330\353\351b"
  87      6B801B59 
  87      285C5CB1 
  87      E9AB37D8 
  87      EBE962
  88 017e EA6461F8 		.ascii	"\352da\370\004\014\302@\247\360\340\261<\347\3601l\203"
  88      040CC240 
  88      A7F0E0B1 
  88      3CE7F031 
  88      6C83
  89 0190 8F601BC3 		.ascii	"\217`\033\303\365\357\234\235\333\225\035\362\272 \317"
  89      F5EF9C9D 
  89      DB951DF2 
  89      BA20CF
  90 019f 75F8442C 		.ascii	"u\370D,;\"\235\201O!+\222\035\370\263\007(\225F\331"
  90      3B229D81 
  90      4F212B92 
  90      1DF8B307 
  90      289546D9 
  91 01b3 46CE557A 		.ascii	"F\316Uz$=\210gTp\010Aso\3105\2212\215\005\231\306!+"
  91      243D8867 
  91      54700841 
  91      736FC835 
  91      91328D05 
ARM GAS  /tmp/ccd8dQ7l.s 			page 7


  92 01cb E8C5A88F 		.ascii	"\350\305\250\217s&\212\357\357\362\375\252E\251\371"
  92      73268AEF 
  92      EFF2FDAA 
  92      45A9F9
  93 01da FF65EEC4 		.ascii	"\377e\356\304\220\016\237\005\334\023\264\213\007=S"
  93      900E9F05 
  93      DC13B48B 
  93      073D53
  94 01e9 0671E944 		.ascii	"\006q\351DW\336\274[L\32164\370\\\320T\241\353\332\344"
  94      57DEBC5B 
  94      4CD13634 
  94      F85CD054 
  94      A1EBDAE4 
  95 01fd 8CDA2B9A 		.ascii	"\214\332+\232VX\035\275\227\240\025\014\276\300D\014"
  95      56581DBD 
  95      97A0150C 
  95      BEC0440C 
  96 020d EB9161A2 		.ascii	"\353\221a\242k\241\217\353\241r\014\371\3450\"YP\014"
  96      6BA18FEB 
  96      A1720CF9 
  96      E5302259 
  96      500C
  97 021f 647EE9CB 		.ascii	"d~\351\313T\002\024Wa\252\273\002\244\341\036@\251y"
  97      54021457 
  97      61AABB02 
  97      A4E11E40 
  97      A979
  98 0231 B7278354 		.ascii	"\267'\203T\347\320m\023\211\326k\037\236\262\376\205"
  98      E7D06D13 
  98      89D66B1F 
  98      9EB2FE85 
  99 0241 6AF0D1FF 		.ascii	"j\360\321\377\360\267,\331\360|\300W\220\015\267\240"
  99      F0B72CD9 
  99      F07CC057 
  99      900DB7A0 
 100 0251 2EBCAA48 		.ascii	".\274\252H\257\372\270\021\256e\241\254jiE\254\345\371"
 100      AFFAB811 
 100      AE65A1AC 
 100      6A6945AC 
 100      E5F9
 101 0263 20D7946F 		.ascii	" \327\224o\322\274\252\245Mt\367k\207\347\225Kq\270"
 101      D2BCAAA5 
 101      4D74F76B 
 101      87E7954B 
 101      71B8
 102 0275 40B55CA8 		.ascii	"@\265\\\250\327\322\016\025/\255\212g\206\212w\336/"
 102      D7D20E15 
 102      2FAD8A67 
 102      868A77DE 
 102      2F
 103 0286 9E13C9D1 		.ascii	"\236\023\311\321\351\300\321\231\206\223\022#\256\333"
 103      E9C0D199 
 103      86931223 
 103      AEDB
 104 0294 6B1FF45B 		.ascii	"k\037\364[$\313\363t\270\330|\365.\005\271f\261z1\351"
 104      24CBF374 
 104      B8D87CF5 
ARM GAS  /tmp/ccd8dQ7l.s 			page 8


 104      2E05B966 
 104      B17A31E9 
 105 02a8 AF15F677 		.ascii	"\257\025\366w\312?+nD\177\277\016\270/7\236\2258\321"
 105      CA3F2B6E 
 105      447FBF0E 
 105      B82F379E 
 105      9538D1
 106 02bb 4D0E0C74 		.ascii	"M\016\014ti\376Fl\270\322xZ\342!\207S\312a;\344\360"
 106      69FE466C 
 106      B8D2785A 
 106      E2218753 
 106      CA613BE4 
 107 02d0 8D534A5B 		.ascii	"\215SJ[\"\322\256\277\011*?\327\340p\222\270~_Z\332"
 107      22D2AEBF 
 107      092A3FD7 
 107      E07092B8 
 107      7E5F5ADA 
 108 02e4 9FF485B5 		.ascii	"\237\364\205\265\302\325\346\035\3766\310\365\035:\234"
 108      C2D5E61D 
 108      FE36C8F5 
 108      1D3A9C
 109 02f3 94CADF5B 		.ascii	"\224\312\337[RF\244\"\221}\037X:\337 <M\\\227\253\033"
 109      5246A422 
 109      917D1F58 
 109      3ADF203C 
 109      4D5C97AB 
 110 0308 B38E2F5C 		.ascii	"\263\216/\\Xz\255y\345\013A\262ET\236\226\275\341\204"
 110      587AAD79 
 110      E50B41B2 
 110      45549E96 
 110      BDE184
 111 031b 7BA3E6F7 		.ascii	"{\243\346\367F&bo\\\017\270o4\366F\013\321Mo\366\377"
 111      4626626F 
 111      5C0FB86F 
 111      34F6460B 
 111      D14D6FF6 
 112 0330 6AD47792 		.ascii	"j\324w\222\206\245\306\346h\0115GR5G\254\336\034\353"
 112      86A5C6E6 
 112      68093547 
 112      523547AC 
 112      DE1CEB
 113 0343 B58DE6AE 		.ascii	"\265\215\346\256\240\037\202\202\375(\257\240\341\337"
 113      A01F8282 
 113      FD28AFA0 
 113      E1DF
 114 0351 66CEB874 		.ascii	"f\316\270t\005a/\334$G\327k\275\025\237\277~I\031\362"
 114      05612FDC 
 114      2447D76B 
 114      BD159FBF 
 114      7E4919F2 
 115 0365 3DB9512D 		.ascii	"=\271Q-\037\262\351\253W\244\367\344\312\211\241\353"
 115      1FB2E9AB 
 115      57A4F7E4 
 115      CA89A1EB 
 116 0375 8EAFE045 		.ascii	"\216\257\340E\361\0066\341g!\341'%a\364\257\362D*\244"
 116      F10636E1 
 116      6721E127 
ARM GAS  /tmp/ccd8dQ7l.s 			page 9


 116      2561F4AF 
 116      F2442AA4 
 117 0389 A12A35E0 		.ascii	"\241*5\340\213\013nI\015\343\177<\230\326HC\032n\223"
 117      8B0B6E49 
 117      0DE37F3C 
 117      98D64843 
 117      1A6E93
 118 039c 82B1E537 		.ascii	"\202\261\3457O+\373\267D*l-\330\341rC\027\265\012.\371"
 118      4F2BFBB7 
 118      442A6C2D 
 118      D8E17243 
 118      17B50A2E 
 119 03b1 D26AB267 		.ascii	"\322j\262g\356\004\324+\3303\255\262g\334p\317\274U"
 119      EE04D42B 
 119      D833ADB2 
 119      67DC70CF 
 119      BC55
 120 03c3 51A2B746 		.ascii	"Q\242\267F\354\231\325\200\373\227\306\373\272M\320"
 120      EC99D580 
 120      FB97C6FB 
 120      BA4DD0
 121 03d2 FDF3826E 		.ascii	"\375\363\202n\023$\307\307\327/\2506\262a\255\3360\011"
 121      1324C7C7 
 121      D72FA836 
 121      B261ADDE 
 121      3009
 122 03e4 D530716A 		.ascii	"\3250qj\2305\330?x?/\177\246\026\200\010\210\002<\321"
 122      9835D83F 
 122      783F2F7F 
 122      A6168008 
 122      88023CD1 
 123 03f8 DE9EA5BF 		.ascii	"\336\236\245\277\335{\262\257\274\320\221}u\367k\257"
 123      DD7BB2AF 
 123      BCD0917D 
 123      75F76BAF 
 124 0408 EFC93EFB 		.ascii	"\357\311>\373\334\316\247v\020>\375\344\336\275\030"
 124      DCCEA776 
 124      103EFDE4 
 124      DEBD18
 125 0417 79BEA3E3 		.ascii	"y\276\243\343\345\366\227\330\337\247\263=\372"
 125      E5F697D8 
 125      DFA7B33D 
 125      FA
 126              		.text
 127              		.section	.gnu.lto_.symbol_nodes.831a0f4f265bec0d,"",%progbits
 128 0000 789C6363 		.ascii	"x\234cc``\320\007b\006\246s\214\365\014\014\023\316"
 128      6060D007 
 128      6206A673 
 128      8CF50C0C 
 128      13CE
 129 0012 313000A9 		.ascii	"10\000\251]\015\216@\221\363\214\365\214(\"\254g\030"
 129      5D0D8E40 
 129      91F38CF5 
 129      8C2822AC 
 129      6718
 130 0024 191A9540 		.ascii	"\031\032\225@\252\001%\272\012\375"
 130      AA0125BA 
ARM GAS  /tmp/ccd8dQ7l.s 			page 10


 130      0AFD
 131              		.text
 132              		.section	.gnu.lto_.refs.831a0f4f265bec0d,"",%progbits
 133 0000 789C6363 		.ascii	"x\234cc```\004b\006\000\000D\000\010"
 133      60606004 
 133      62060000 
 133      440008
 134              		.text
 135              		.section	.gnu.lto_.decls.831a0f4f265bec0d,"",%progbits
 136 0000 789CBD56 		.ascii	"x\234\275VoPT\327\025\177\347\335\335\005v\025\030\311"
 136      6F5054D7 
 136      157FE7DD 
 136      DD057615 
 136      18C9
 137 0012 749C8E1F 		.ascii	"t\234\216\037\034\213#\375\260< \235I?t:\305\025c&M"
 137      1C8B23FD 
 137      B03C209D 
 137      493F743A 
 137      C5156326 
 138 0027 E2ECD266 		.ascii	"\342\354\322f\232|\330\254\313Z\267\356\037\352.S\235"
 138      9A7CD8AC 
 138      CB5AB7EE 
 138      1FEA2E53 
 138      9D
 139 0038 7CE81308 		.ascii	"|\350\023\010Q\024\020\245M\200\230\020B\235j\230\224"
 139      511410A5 
 139      4D809810 
 139      429D6A98 
 139      94
 140 0049 582D4140 		.ascii	"X-A@\027\020b\211\012n*\021\003\002*\012hQA!h\"=\367"
 140      17106289 
 140      0A6E2A11 
 140      03022A0A 
 140      68514121 
 141 0061 DEFDF358 		.ascii	"\336\375\363XV\247\177fzg\177\357\276s\357\357\236s"
 141      56A77F66 
 141      7A677FEF 
 141      BE73EFEF 
 141      9E73
 142 0073 EE39F79E 		.ascii	"\3569\367\236}\032A\020^_*\010e\242 \364\342\373<6\202"
 142      7D1A4110 
 142      5E5F2A08 
 142      65A220F4 
 142      E2FB3C36 
 143 0088 7D9B106E 		.ascii	"}\233\020n8%4#Z\021\200\350\026\026\266\337\341`\014"
 143      38253423 
 143      5A1180E8 
 143      1616B6DF 
 143      E1600C
 144 009b F66F20D6 		.ascii	"\366o \326 \356\"\356 z\020s\210Y\204\0121\216\030E"
 144      20EE22EE 
 144      207A1073 
 144      8859840A 
 144      318E1845 
 145 00af 0C21A614 		.ascii	"\014!\246\024z\037\011\213\333\233O\321\371\014\316"
 145      7A1F098B 
 145      DB9B4FD1 
ARM GAS  /tmp/ccd8dQ7l.s 			page 11


 145      F90CCE
 146 00be 2521A89F 		.ascii	"%!\250\237\327\021\327\020\361\300}k\215\242\253\202"
 146      D711D710 
 146      F1C07D6B 
 146      8DA2AB82 
 147 00ce C089B6D6 		.ascii	"\300\211\266\326S\272!\030\004\264\011\211l\024\200"
 147      53BA2118 
 147      04B40989 
 147      6C1480
 148 00dd 3FB1A760 		.ascii	"?\261\247`\362|\260\001\037\307Q\221w\001*\025\202K"
 148      F27CB001 
 148      1FC75191 
 148      77012A15 
 148      824B
 149 00ef 20342206 		.ascii	" 4\"\006t\210A\275\354\027P\000J\255|\236\233\0136\036"
 149      748841BD 
 149      EC175000 
 149      4AAD7C9E 
 149      9B0B361E 
 150 0103 55FEA258 		.ascii	"U\376\242X\307\207\304\2601\305\222E\276\012\241\351"
 150      C787C4B0 
 150      31C59245 
 150      BE0AA1E9 
 151 0113 9053E14D 		.ascii	"\220S\341MB \010\355\376\235c\332a\270\202\263\257\011"
 151      422008ED 
 151      FE9D63DA 
 151      61B882B3 
 151      AF09
 152 0125 C2BE5827 		.ascii	"\302\276X'\320\321\312\367\313\032\010\021\331\273?"
 152      D0D1CAF7 
 152      CB1A0811 
 152      D9BB3F
 153 0134 FFF8A71A 		.ascii	"\377\370\247\032\222\300\336[g\344\211\370\324z\231"
 153      92C0DE5B 
 153      67E489F8 
 153      D47A99
 154 0143 B7D8DF0B 		.ascii	"\267\330\337\013\3607 \301xv\316\317\372\022\366\020"
 154      F03720C1 
 154      7876CECF 
 154      FA12F610 
 155 0153 58A60591 		.ascii	"X\246\005\221\256\273{\366\240\016\305g\264\220\210"
 155      AEBB7BF6 
 155      A00EC567 
 155      B49088
 156 0162 62FDDEF9 		.ascii	"b\375\336\371\012\365\362?\322u\373\012\344D\021\336"
 156      0AF5F23F 
 156      D275FB0A 
 156      E44411DE 
 157 0172 F81E34C1 		.ascii	"\370\0364\301\012\370\014V\2407'`9>]*\256\251\255\353"
 157      0AF80C56 
 157      A0372760 
 157      393E5D2A 
 157      AEA9ADEB 
 158 0186 9D8B9A55 		.ascii	"\235\213\232U5r\315\260\354\373\274r\345\301\263Er/"
 158      3572CDB0 
 158      ECFBBC72 
 158      E5C1B345 
ARM GAS  /tmp/ccd8dQ7l.s 			page 12


 158      722F
 159 0198 AEFB19E3 		.ascii	"\256\373\031\343\301q \320\010\251t\023\307\251u8\006"
 159      C17120D0 
 159      08A97413 
 159      C7A97538 
 159      06
 160 01a9 C3007F85 		.ascii	"\303\000\177\205!\334C3\254\302\365\362X\363@\002\331"
 160      21DC4333 
 160      ACC2F5F2 
 160      58F34002 
 160      D9
 161 01ba C15CEE69 		.ascii	"\301\\\356i\336[\224\020\3205\361\303*\331\227\217\232"
 161      DE5B9410 
 161      D035F1C3 
 161      2AD9978F 
 161      9A
 162 01cb 44A6A825 		.ascii	"D\246\250%\254\250%RQ+S4x\346\360\307\004\367\260F\013"
 162      ACA82552 
 162      512B5334 
 162      78E6F0C7 
 162      04F7B046 
 163 01e0 34AA0938 		.ascii	"4\252\0118\364\227\333MsK\371\020\213N\331T]\014)\006"
 163      F497DB4D 
 163      734BF910 
 163      8B4ED954 
 163      5D0C2906 
 164 01f4 265C286C 		.ascii	"&\\(lx\217\360\010\250P\274w\256\352Z<\217\300\312\012"
 164      788FF008 
 164      A850BC77 
 164      AEEA5A3C 
 164      8FC0CA0A 
 165 0208 220EF53F 		.ascii	"\"\016\365?\032\210\007m\312.Y\316\227k\012\344\270"
 165      1A88076D 
 165      CA2E59CE 
 165      976B0AE4 
 165      B8
 166 0219 0D02B463 		.ascii	"\015\002\264c\004\3320\002p\032R\250J\352\016\234\302"
 166      04DA3002 
 166      701A52A8 
 166      4AEA0E9C 
 166      C2
 167 022a C1933878 		.ascii	"\301\2238x\210\006\313w\347\310O+\247dy%t\200\026|a"
 167      8806CB77 
 167      E7C84F2B 
 167      A7647925 
 167      7480167C 
 168 023f 97D76879 		.ascii	"\227\327hy\260\016\327\225\327j\310A\226,\261\271z\264"
 168      B00ED795 
 168      D76AC841 
 168      962CB1B9 
 168      7AB4
 169 0251 537C928D 		.ascii	"S|\222\215\317\237hc\366\354\252\256\267hX\272\320F"
 169      CF9F6863 
 169      F6ECAAAE 
 169      B76858BA 
 169      D046
 170 0263 67D8069A 		.ascii	"g\330\006\232\344Ff:\347e-n\205\316\313\267?\323\341"
ARM GAS  /tmp/ccd8dQ7l.s 			page 13


 170      E446663A 
 170      E7652D6E 
 170      85CECBB7 
 170      3FD3E1
 171 0276 5043DDE8 		.ascii	"PC\335\350\017H-a\033/\375s\317\200f\365GrM;M\330O\352"
 171      0F482D61 
 171      1B2FFD73 
 171      CF8066F5 
 171      47724D3B 
 172 028e 3A8AE47D 		.ascii	":\212\344}\300\310\177\347\312BN\010l\344\014u\247\033"
 172      C0C87FE7 
 172      CA424E08 
 172      6CE40C75 
 172      A71B
 173 02a0 56E3D2EA 		.ascii	"V\343\322\352\351\301\3618\036\263\024\024G\006o\026"
 173      E9C1F138 
 173      1EB31414 
 173      47066F16 
 174 02b0 C793A35C 		.ascii	"\307\223\243\\m0\200\313X\000\341\235\246\253w\343I"
 174      6D3080CB 
 174      5800E19D 
 174      A6AB77E3 
 174      49
 175 02c1 0B9F7BD7 		.ascii	"\013\237{\327\377i\226\026\267Y\360om\023\027\224w<"
 175      FF699616 
 175      B759F06F 
 175      6D131794 
 175      773C
 176 02d3 98D6111F 		.ascii	"\230\326\021\037_=Y8:\254\343\232\227\243xn\367\376"
 176      5F3D5938 
 176      3AACE39A 
 176      97A3786E 
 176      F7FE
 177 02e5 3F88A433 		.ascii	"?\210\2443`\265\267\2438\216\234\343B\360\024/\343\247"
 177      60B5B7A3 
 177      388E9CE3 
 177      42F0142F 
 177      E3A7
 178 02f7 B8B8ADBF 		.ascii	"\270\270\255\277(\216\\\344s\037\2165\035H \003\\\250"
 178      288E5CE4 
 178      731F8E35 
 178      1D482003 
 178      5CA8
 179 0309 6ABEDFAD 		.ascii	"j\276\337\255\346\304X\024[\276>.\221Q>u\270\251dDM"
 179      E6C45814 
 179      5BBE3E2E 
 179      91513E75 
 179      B8A96444 
 180 031e 26B970AD 		.ascii	"&\271p\255\261pFE\246\270\320{bx4\236\314r\241\271\261"
 180      B1704645 
 180      A6B8D07B 
 180      6278349E 
 180      CC72A1B9 
 181 0333 A52BA021 		.ascii	"\245+\240!\015\305c\255\367\376\024\307O\217LP\376\242"
 181      0DC563AD 
 181      F7FE14C7 
 181      4F8F4C50 
ARM GAS  /tmp/ccd8dQ7l.s 			page 14


 181      FEA2
 182 0345 EFC34FD4 		.ascii	"\357\303O\324\344!\343\306\337\377\366f\265\006\222"
 182      E421E3C6 
 182      DFFFF666 
 182      B50692
 183 0354 93939392 		.ascii	"\223\223\223\222\003-%\271V.,\300\360\357\"\273\276"
 183      032D25B9 
 183      562E2CC0 
 183      F0EF22BB 
 183      BE
 184 0365 ACBBB053 		.ascii	"\254\273\260S\256[\016=\230\000?\206\373*$\205\303s"
 184      AE5B0E3D 
 184      98003F86 
 184      FB2A2485 
 184      C373
 185 0377 8165A19D 		.ascii	"\201e\241\235>\005\276d\252L\215\367\242\2200\376\305"
 185      3E05BE64 
 185      AA4C8DF7 
 185      A29030FE 
 185      C5
 186 0388 48FE3F16 		.ascii	"H\376?\026\361/W*\370W\"\371_(\370\345\354\272#@%`\241"
 186      F12F572A 
 186      F85722F9 
 186      5F28F8E5 
 186      ECBA2340 
 187 039f 5D01036C 		.ascii	"]\001\003l\222\362\351\241\270\205\231\272\016\311p"
 187      92F2E9A1 
 187      B88599BA 
 187      0EC970
 188 03ae 0D711B31 		.ascii	"\015q\0331\212\030G\014#n \206\0207\021\023\2101\304"
 188      8A18470C 
 188      236E2086 
 188      10371113 
 188      8831C4
 189 03c1 0824B362 		.ascii	"\010$\263b\303\335\360+\335\276\034\351\206\024\351"
 189      C3DDF02B 
 189      DDBE1CE9 
 189      8614E9
 190 03d0 75B792FE 		.ascii	"u\267\222\376uTzz\230}U\311\276\024\311\376jQL\036*"
 190      75547A7A 
 190      987D55C9 
 190      BE14C9FE 
 190      6A514C1E 
 191 03e5 F95F468F 		.ascii	"\371_F\217\271B}\367\273\012zo$\375\234\222\216\027"
 191      B9427DF7 
 191      BB0A7A6F 
 191      24FD9C92 
 191      8E17
 192 03f7 D9D757A9 		.ascii	"\331\327W\251~\357\230,\357\326\260;u6z\310\025\352"
 192      7EEF982C 
 192      EFD6B03B 
 192      75367AC8 
 192      15EA
 193 0409 27CBD487 		.ascii	"'\313\324\2079\237\352\357\213\236R\005\337\257t\347"
 193      399FEAEF 
 193      8B9E5205 
 193      DFAF74E7 
ARM GAS  /tmp/ccd8dQ7l.s 			page 15


 194 0419 7C7477F8 		.ascii	"|tw\370ny\275x\\\252\256\224\345DJ\023\002\265\"\234"
 194      6E79BD78 
 194      5CAAAE94 
 194      E5444A13 
 194      02B5229C 
 195 042d 972B0B8C 		.ascii	"\227+\013\214\367G\217\0353\216\247\372A}\375\240\216"
 195      F7478F1D 
 195      338EA7FA 
 195      417DFDA0 
 195      8E
 196 043e 1C52B1EA 		.ascii	"\034R\261\352UY\334[\021\013)I\334\310d\245\272\000"
 196      5559DC5B 
 196      110B2949 
 196      DCC864A5 
 196      BA00
 197 0450 4F0EDCC1 		.ascii	"O\016\334\301\325\377\014\327$j\363\011'\013&\361@\375"
 197      D5FF0CD7 
 197      246AF309 
 197      270B26F1 
 197      40FD
 198 0462 AF870B9D 		.ascii	"\257\207\013\235\272\336P\356_\262\2448TC\231\013\341"
 198      BADE50EE 
 198      5FB2A438 
 198      5443990B 
 198      E1
 199 0473 0A761796 		.ascii	"\012v\027\226\260\377Q\354\221\3348\371q\343R~O}\270"
 199      B0FF51EC 
 199      91DC38F9 
 199      71E3527E 
 199      4F7DB8
 200 0486 583550FF 		.ascii	"X5P\377\366-\274\232I\301\013\371\270D\031\016z\360"
 200      F62DBC9A 
 200      49C10BF9 
 200      B844190E 
 200      7AF0
 201 0498 A6A31FBC 		.ascii	"\246\243\037\274\005[\272\207\363<R\323\201\375\334"
 201      055BBA87 
 201      F33C52D3 
 201      81FDDC
 202 04a7 C7FD4CA1 		.ascii	"\307\375L\241\237\017\002~\006\202T\30231\035-\023]"
 202      9F0F027E 
 202      068254C2 
 202      33311D2D 
 202      135D
 203 04b9 A54AD3E7 		.ascii	"\245J\323\347\243\232\346i\245\005\354\350\351S1\344"
 203      A39AE669 
 203      A505ECE8 
 203      E95331E4 
 204 04c9 28CF4449 		.ascii	"(\317DI\363\243\006\200\244\224\250>\3017\350\312\323"
 204      F3A30680 
 204      A494A83E 
 204      C137E8CA 
 204      D3
 205 04da DD3A5FCA 		.ascii	"\335:_\312s7\213\254\231p\356\246Y\356\320\330\300%"
 205      73378BAC 
 205      9970EEA6 
 205      59EED0D8 
ARM GAS  /tmp/ccd8dQ7l.s 			page 16


 205      C025
 206 04ec 7F375146 		.ascii	"\1777QFxvA\204\347\002\021\236c\021>x\251\366\244HN"
 206      78764184 
 206      E702119E 
 206      63113E78 
 206      A9F6A448 
 207 0501 32CFA068 		.ascii	"2\317\240h\256\275\232\340\377\271\217}\033\374\270"
 207      AEBD9AE0 
 207      FFB98F7D 
 207      1BFCB8
 208 0510 AF837D1B 		.ascii	"\257\203}\033\324\004\276\015\036\206m=\214\374K\177"
 208      D404BE0D 
 208      1E866D3D 
 208      8CFC4B7F 
 209 0520 C4FED26F 		.ascii	"\304\376\322o\3245\235\027I?W6\331\276\337N\006\371"
 209      D4359D17 
 209      493F5736 
 209      D9BEDF4E 
 209      06F9
 210 0532 FBE5A323 		.ascii	"\373\345\243##\032r\203\013SU]\267\264d\234\013\325"
 210      231A7283 
 210      0B53555D 
 210      B7B4649C 
 210      0BD5
 211 0544 9F1C2924 		.ascii	"\237\034)$\3446\027\006Zv\236\216'\367\2710\362A\376"
 211      E4361706 
 211      5A769E8E 
 211      27F7B930 
 211      F241FE
 212 0557 753599E3 		.ascii	"u5\231\343\3027-\027jE^\277\223Q<\342\333s\206\360s"
 212      C2372D17 
 212      6A455EBF 
 212      93513CE2 
 212      DB7386F0 
 213 056c 5143BF87 		.ascii	"QC\277\207\016\365\314U\000\371\216qu\037\215\370ZD"
 213      0EF5CC55 
 213      00F98E71 
 213      751F8DF8 
 213      5A44
 214 057e 0894EF14 		.ascii	"\010\224\357\024D\250x\177\320\252(\336\217q;\273\304"
 214      44A8787F 
 214      D0AA28DE 
 214      8F713BBB 
 214      C4
 215 058f A71663FF 		.ascii	"\247\026c\377\004\011_\335\267\304\010\276\242\222,"
 215      04095FDD 
 215      B7C408BE 
 215      A2922C
 216 059e 4865A1B8 		.ascii	"He\241\270\002\012D:G\3514\217%b\012\224\212\311\260"
 216      020A443A 
 216      47E9348F 
 216      25620A94 
 216      8AC9B0
 217 05b1 17518CD8 		.ascii	"\027Q\214\330\203\330\215(B\224!\366!\336\026\225\365"
 217      83D88D28 
 217      429421F6 
 217      21DE1695 
ARM GAS  /tmp/ccd8dQ7l.s 			page 17


 217      F5
 218 05c2 776A9C2C 		.ascii	"wj\234,,\250Q<UVT%]\216t\364\253H\372\204\222>\037\251"
 218      2CA8513C 
 218      55565425 
 218      5D8E74F4 
 218      AB48FA84 
 219 05da 7D7101BE 		.ascii	"}q\001\276\254\344\357\214T/EV\260\256q\302\356\015"
 219      ACE4EF8C 
 219      542F4556 
 219      B0AE71C2 
 219      EE0D
 220 05ec B216DF9B 		.ascii	"\262\026\337\233\276q\242\2707\371Q\225)\\mW\246\340"
 220      BE71A2B8 
 220      37F95195 
 220      295C6D57 
 220      A6E0
 221 05fe BB485717 		.ascii	"\273HW\027\327~%\375\333\350\364\320\255,\352\227/\351"
 221      D77E25FD 
 221      DBE8F4D0 
 221      AD2CEA97 
 221      2FE9
 222 0610 48BE9ADD 		.ascii	"H\276\232\335\312\231{c\335\232P}\274r\213\260;v\000"
 222      CA997B63 
 222      DD9A507D 
 222      BC728BB0 
 222      3B7600
 223 0623 97978BA1 		.ascii	"\227\227\213\241sOw\364\204l\303~L\362\177\223p\372"
 223      734F77F4 
 223      846CC37E 
 223      4CF27F93 
 223      70FA
 224 0635 7552357C 		.ascii	"uR5|,Nyc\017\210\312\033[!\362\033K\373%[,\016\263\303"
 224      2C4E7963 
 224      0F88CA1B 
 224      5B21F21B 
 224      4BFB255B 
 225 064d 9163B6BB 		.ascii	"\221c\266\273\354^)55\360s{$\234\220r\335\333\274\036"
 225      EC5E2935 
 225      35F0737B 
 225      249C9072 
 225      DDDBBC1E 
 226 0661 C994FDD2 		.ascii	"\311\224\375\322\263\031\374\271>}\373v)\260$\325\032"
 226      B319FCB9 
 226      3E7DFB76 
 226      29B024D5 
 226      1A
 227 0672 FBFCCBBF 		.ascii	"\373\374\313\277XiHO\027\322\376\303\205B\242\307\353"
 227      5869484F 
 227      17D2FEC3 
 227      8542A2C7 
 227      EB
 228 0683 7C36C36C 		.ascii	"|6\303lu\270\255[\231i\255\331\234gwyq\314[\004\322"
 228      75B8AD5B 
 228      9969ADD9 
 228      9C677779 
 228      71CC5B04 
 229 0698 16B7D326 		.ascii	"\026\267\323&Y\254\036\233\336a\331$\255s[\363\2346"
ARM GAS  /tmp/ccd8dQ7l.s 			page 18


 229      59AC1E9B 
 229      DE61D924 
 229      AD735BF3 
 229      9C36
 230 06aa 172ACCB6 		.ascii	"\027*\314\266Y\234/JYV\207=\327c3\333\364\271y\326\255"
 230      599C2F4A 
 230      5956873D 
 230      D76333DB 
 230      F4B979D6 
 231 06bf 1952B6DB 		.ascii	"\031R\266\333\355\360H\277\266Z\365\226mN\275\313\355"
 231      EDF048BF 
 231      B65AF596 
 231      6D4EBDCB 
 231      ED
 232 06d0 B2E96D96 		.ascii	"\262\351m\226Mv\375s\372\214\264\364\347\364\277\375"
 232      4D76FD73 
 232      FA8CB4F4 
 232      E7F4BFFD 
 233 06e0 91DE69F9 		.ascii	"\221\336i\371\215{\233\264`V\262\273\254\216\274\034"
 233      8D7B9BB4 
 233      6056B2BB 
 233      AC8EBC1C 
 234 06f0 9BE4B458 		.ascii	"\233\344\264X\267\330]6\311\234c\333l\311sx\315\336"
 234      B7D85D36 
 234      C99C63DB 
 234      6CC97378 
 234      CDDE
 235 0702 1DB9364F 		.ascii	"\035\2716O\352\026!6\350\320\233\377W\177<;<\222\331"
 235      EA162136 
 235      E8D09BFF 
 235      577F3C3B 
 235      3C92D9
 236 0715 E3CD41E3 		.ascii	"\343\315A\343\350D\202i\207\307ks\032\334\333l\006\032"
 236      E8448269 
 236      87C76B73 
 236      1ADCDB6C 
 236      061A
 237 0727 AC386396 		.ascii	"\2548c\226)\313\370\313\254ui\304`2\252\326\2563\030"
 237      29CBF8CB 
 237      AC7569C4 
 237      6032AAD6 
 237      AE3318
 238 073a 633237AE 		.ascii	"c27\256M\317z\231\365\031\330k27\254\305.\226\016\033"
 238      4DCF7A99 
 238      F519D86B 
 238      3237ACC5 
 238      2E960E1B 
 239 074e 4DD9EC25 		.ascii	"M\331\354%\203\276\020\303\013F\225a\375\363F\321`T"
 239      83BE10C3 
 239      0B469561 
 239      FDF346D1 
 239      6054
 240 0760 D33E63B5 		.ascii	"\323>c\2652o\266\355^\311\360\222\351\005\023fLb\371"
 240      326FB6ED 
 240      5EC9F092 
 240      E9051366 
 240      4C62F9
ARM GAS  /tmp/ccd8dQ7l.s 			page 19


 241 0773 D99C9EB6 		.ascii	"\331\234\236\266\035}\320\031\015\006s6Fe\235m\263n"
 241      1D7DD019 
 241      0D067336 
 241      46659D6D 
 241      B36E
 242 0785 E3ABC6E0 		.ascii	"\343\253\306\340\373\367\203gg\223\305\2725/\327\234"
 242      FBF78367 
 242      6793C5BA 
 242      352FD79C 
 243 0795 E3765AEC 		.ascii	"\343vZ\354.\226N\362\312Zcl\320U1\323(\232\2141\257"
 243      2E964EF2 
 243      CA5A636C 
 243      D05531D3 
 243      289A8C31 
 244 07aa 6CCC7E31 		.ascii	"l\314~1\353WF\025}\220L\203Q\365\252q\243q\351\372\237"
 244      EB574615 
 244      7D904C83 
 244      51F5AA71 
 244      A371E9FA 
 245 07bf 679A3604 		.ascii	"g\2326\0045\376\013\201\257\2335"
 245      35FE0B81 
 245      AF9B35
 246              		.text
 247              		.section	.gnu.lto_.symtab.831a0f4f265bec0d,"",%progbits
 248 0000 68616C5F 		.ascii	"hal_lld_init\000"
 248      6C6C645F 
 248      696E6974 
 248      00
 249 000d 00       		.ascii	"\000"
 250 000e 00       		.ascii	"\000"
 251 000f 00       		.ascii	"\000"
 252 0010 00000000 		.ascii	"\000\000\000\000\000\000\000\000"
 252      00000000 
 253 0018 BB000000 		.ascii	"\273\000\000\000"
 254 001c 73746D33 		.ascii	"stm32_clock_init\000"
 254      325F636C 
 254      6F636B5F 
 254      696E6974 
 254      00
 255 002d 00       		.ascii	"\000"
 256 002e 00       		.ascii	"\000"
 257 002f 00       		.ascii	"\000"
 258 0030 00000000 		.ascii	"\000\000\000\000\000\000\000\000"
 258      00000000 
 259 0038 BD000000 		.ascii	"\275\000\000\000"
 260 003c 53797374 		.ascii	"SystemCoreClock\000"
 260      656D436F 
 260      7265436C 
 260      6F636B00 
 261 004c 00       		.ascii	"\000"
 262 004d 00       		.ascii	"\000"
 263 004e 00       		.ascii	"\000"
 264 004f 00000000 		.ascii	"\000\000\000\000\000\000\000\000"
 264      00000000 
 265 0057 CA000000 		.ascii	"\312\000\000\000"
 266              		.text
 267              		.section	.gnu.lto_.opts,"",%progbits
ARM GAS  /tmp/ccd8dQ7l.s 			page 20


 268 0000 272D666D 		.ascii	"'-fmath-errno' '-fsigned-zeros' '-ftrapping-math' '"
 268      6174682D 
 268      6572726E 
 268      6F272027 
 268      2D667369 
 269 0033 2D666E6F 		.ascii	"-fno-trapv' '-fno-openmp' '-fno-openacc' '-mcpu=cor"
 269      2D747261 
 269      70762720 
 269      272D666E 
 269      6F2D6F70 
 270 0066 7465782D 		.ascii	"tex-m3' '-mno-thumb-interwork' '-mthumb' '-O2' '-fo"
 270      6D332720 
 270      272D6D6E 
 270      6F2D7468 
 270      756D622D 
 271 0099 6D69742D 		.ascii	"mit-frame-pointer' '-falign-functions=16' '-ffuncti"
 271      6672616D 
 271      652D706F 
 271      696E7465 
 271      72272027 
 272 00cc 6F6E2D73 		.ascii	"on-sections' '-fdata-sections' '-fno-common' '-flto"
 272      65637469 
 272      6F6E7327 
 272      20272D66 
 272      64617461 
 273 00ff 2700     		.ascii	"'\000"
 274              		.text
 275              		.comm	__gnu_lto_v1,1,1
 276              		.comm	__gnu_lto_slim,1,1
 277              		.ident	"GCC: (GNU Tools for Arm Embedded Processors 7-2017-q4-major) 7.2.1 20170904 (release) [ARM
ARM GAS  /tmp/ccd8dQ7l.s 			page 21


DEFINED SYMBOLS
                            *ABS*:0000000000000000 hal_lld.c
                            *COM*:0000000000000001 __gnu_lto_v1
                            *COM*:0000000000000001 __gnu_lto_slim

NO UNDEFINED SYMBOLS
