ARM GAS  /tmp/ccCc8rMS.s 			page 1


   1              		.cpu cortex-m0
   2              		.eabi_attribute 20, 1
   3              		.eabi_attribute 21, 1
   4              		.eabi_attribute 23, 3
   5              		.eabi_attribute 24, 1
   6              		.eabi_attribute 25, 1
   7              		.eabi_attribute 26, 1
   8              		.eabi_attribute 30, 2
   9              		.eabi_attribute 34, 0
  10              		.eabi_attribute 18, 4
  11              		.file	"nvic.c"
  12              		.section	.gnu.lto_.profile.50d687ca24b26544,"",%progbits
  13 0000 789C6363 		.ascii	"x\234cc```\001bF\006u)\000\000\340\000M"
  13      60606001 
  13      62460675 
  13      290000E0 
  13      004D
  14              		.text
  15              		.section	.gnu.lto_.icf.50d687ca24b26544,"",%progbits
  16 0000 789C6363 		.ascii	"x\234cc``\220c@\000V\206\355\263\273\236\2622\376=\266"
  16      60609063 
  16      40005686 
  16      EDB3BB9E 
  16      B232FE3D 
  17 0015 66170BD3 		.ascii	"f\027\013\323\263GS\355\230g\036\331\331\317\305r\372"
  17      B34753ED 
  17      98671ED9 
  17      D9CFC572 
  17      FA
  18 0026 C1861806 		.ascii	"\301\206\030\006\000\334\224\016("
  18      00DC940E 
  18      28
  19              		.text
  20              		.section	.gnu.lto_.jmpfuncs.50d687ca24b26544,"",%progbits
  21 0000 789C6363 		.ascii	"x\234cc``\310e@\000\026\006&FF\346\3729\314\014 \314"
  21      6060C865 
  21      40001606 
  21      264646E6 
  21      FA39CC0C 
  22 0016 0804209A 		.ascii	"\010\004 \232\011Y\220\211q\0123c\363\257\375\237\371"
  22      09599089 
  22      710A3363 
  22      F3AFFD9F 
  22      F9
  23 0027 EAFF3648 		.ascii	"\352\3776H\314af\\\300\014\324\310\270\231\261\236\201"
  23      CC61665C 
  23      C00CD4C8 
  23      B899B19E 
  23      81
  24 0038 F1000B23 		.ascii	"\361\000\013#\003\020\377\371\377\377??#\023P\335\264"
  24      0310FFF9 
  24      FFFF3F3F 
  24      231350DD 
  24      B4
  25 0049 D643E7D9 		.ascii	"\326C\347\331\273\231\201\252\030\031\030\2670\312\200"
  25      BB9981AA 
  25      181918B7 
ARM GAS  /tmp/ccCc8rMS.s 			page 2


  25      30CA80
  26 0058 300BD454 		.ascii	"0\013\324T\006\000\264K\033^"
  26      0600B44B 
  26      1B5E
  27              		.text
  28              		.section	.gnu.lto_.inline.50d687ca24b26544,"",%progbits
  29 0000 789C458E 		.ascii	"x\234E\216\301\015\302@\014\004w}\326\345\022\220\240"
  29      C10DC240 
  29      0C04777D 
  29      D6E51290 
  29      A0
  30 0011 00A45C05 		.ascii	"\000\244\\\005\264\225\364\301\223/O\036i\001\245\004"
  30      B495F4C1 
  30      932F4F1E 
  30      6901A504 
  31 0021 1AE04B17 		.ascii	"\032\340K\027\224\220\275\013\004K\266ey=\353\010`\306"
  31      9490BD0B 
  31      044BB665 
  31      793DEB08 
  31      60C6
  32 0033 3F1CE85A 		.ascii	"?\034\350Z\03235\224\342\361sF\234z\203\275\016\016"
  32      1A333594 
  32      E2F17346 
  32      9C7A83BD 
  32      0E0E
  33 0045 4D499B04 		.ascii	"MI\233\004\"5d\225\004\237\372U\242\255W\210\241\355"
  33      22356495 
  33      049FFA55 
  33      A2AD5788 
  33      A1ED
  34 0057 E8C8E32D 		.ascii	"\350\310\343-\360\362|?\3225\334\003\270\347\314\223"
  34      F0F27C3F 
  34      D235DC03 
  34      B8E7CC93 
  35 0067 B8C3B7EB 		.ascii	"\270\303\267\353\270:\271\330+A\250cq\312\345\031\333"
  35      B83AB9D8 
  35      2B41A863 
  35      71CAE519 
  35      DB
  36 0078 09456513 		.ascii	"\011Ee\023\177V\233p\263\302\002$N\026`"
  36      7F569B70 
  36      B3C20224 
  36      4E1660
  37              		.text
  38              		.section	.gnu.lto_.pureconst.50d687ca24b26544,"",%progbits
  39 0000 789C6363 		.ascii	"x\234cc``\340\004b\026\006)F)&)\026)\000\002\306\000"
  39      6060E004 
  39      62160629 
  39      46292629 
  39      16290002 
  40 0016 83       		.ascii	"\203"
  41              		.text
  42              		.section	.gnu.lto_nvicEnableVector.50d687ca24b26544,"",%progbits
  43 0000 789C9D53 		.ascii	"x\234\235S\317k\023A\024\236o\337\356&\3264\007ob\320"
  43      CF6B1341 
  43      149E6FDF 
  43      EE26D634 
ARM GAS  /tmp/ccCc8rMS.s 			page 3


  43      076F62D0 
  44 0014 1E84500A 		.ascii	"\036\204P\012Y\013\036\274\212\347^\374\017\244\027"
  44      590B1EBC 
  44      8AE75EFC 
  44      0FA417
  45 0023 0B3629AD 		.ascii	"\0136)\255\024o\235$5i\265\320B\323\012a\221\024S\177"
  45      146F9D24 
  45      3569B5D0 
  45      42D30A61 
  45      9114537F 
  46 0037 20B54A5A 		.ascii	" \265JZ5\321\352\032[\255H-\226\342\315\203\266(V,\232"
  46      35D1EA1A 
  46      5BAD482D 
  46      96E2CD83 
  46      B628562C 
  47 004c 93D01FFA 		.ascii	"\223\320\037\372f\266\"\370\343\240\303\316\354\233"
  47      66B622F8 
  47      E3A0C3CE 
  47      EC9B
  48 005a F7DEF7DE 		.ascii	"\367\336\367\336\367\315\354\332B\210#$\304a~\357\343"
  48      F7CDECDA 
  48      42882324 
  48      C4617EEF 
  48      E3
  49 006b 09123086 		.ascii	"\011\0220\206^\010\221\014\032\2002d\020\242\307@\017"
  49      5E08910C 
  49      1A803264 
  49      10A2C740 
  49      0F
  50 007c 062847A8 		.ascii	"\006(G\250f\337\225\215\306+\222\207w\241\266W^\365"
  50      66DF958D 
  50      C62B9287 
  50      77A1B657 
  50      5EF5
  51 008e E0327C94 		.ascii	"\3402|\224\247\032(\241\221\263^\366\336t\351<\271\004"
  51      A71A28A1 
  51      91B35EF6 
  51      DE74E93C 
  51      B904
  52 00a0 98BCFDB2 		.ascii	"\230\274\375\262\220_\011\253\255\201\006\336n\311\334"
  52      905F09AB 
  52      AD8106DE 
  52      6EC9DC
  53 00af 68986210 		.ascii	"h\230b\020l\257>\2774\024\210\216K\231\222\336l\221"
  53      6CAF3EBF 
  53      3414888E 
  53      4B9992DE 
  53      6C91
  54 00c1 E4419708 		.ascii	"\344A\227\010\267A\\\020\323\210`\012\021\301.\201;"
  54      B7415C10 
  54      D388600A 
  54      11C12E81 
  54      3B
  55 00d2 8872FAF5 		.ascii	"\210r\372\365\324\373OD\2074\364\355\374\233\234\265"
  55      D4FB4F44 
  55      8734F4ED 
  55      FC9B9CB5 
ARM GAS  /tmp/ccCc8rMS.s 			page 4


  56 00e2 035D1DDF 		.ascii	"\003]\035\337\201\336\375\003\264\214\250\316\277\265"
  56      81DEFD03 
  56      B48CA8CE 
  56      BFB5
  57 00f0 3D526F9B 		.ascii	"=Ro\233>WT`\013\2601\271dyr\373[Vz\313\227\261e\205"
  57      3E575460 
  57      0BB031B9 
  57      647972FB 
  57      5B567ACB 
  58 0108 C018D350 		.ascii	"\300\030\323P\013\361b\231\312\262\324bC\025\012B1\021"
  58      0BF16299 
  58      CAB2D462 
  58      43150A42 
  58      3111
  59 011a A28F8BF0 		.ascii	"\242\217\213\360\351HO\364\223\241\254\264'\326\220"
  59      E9484FF4 
  59      93A1ACB4 
  59      27D690
  60 0129 FE9C9919 		.ascii	"\376\234\231\031\014\253\332yB\236l%pc\242\242\265["
  60      0CABDA79 
  60      429E6C25 
  60      7063A2A2 
  60      B55B
  61 013b B0718F29 		.ascii	"\260q\217)\255\241\272|\356\203\245\2228<z\266\272\030"
  61      ADA1BA7C 
  61      EE83A592 
  61      383C7AB6 
  61      BA18
  62 014d 50615B6B 		.ascii	"Pa[k\232\032[\377\032\362\267\262\232\226av\225>\016"
  62      9A1A5BFF 
  62      1AF2B7B2 
  62      9A966176 
  62      953E0E
  63 0160 AF040AB8 		.ascii	"\257\004\012\270\230\344#/\354w)\200\031\026w\237+)"
  63      98E4232F 
  63      EC772980 
  63      1916779F 
  63      2B29
  64 0172 C0DC4072 		.ascii	"\300\334@r\254\316\231\220\275I\331\340R\020\017P\300"
  64      ACCE9990 
  64      BD49D9E0 
  64      52100F50 
  64      C0
  65 0183 88BE0C0E 		.ascii	"\210\276\014\016\276Z\232.\205\233'U\260\020wi\027\036"
  65      BE5A9A2E 
  65      859B2755 
  65      B0107769 
  65      171E
  66 0195 C2C95350 		.ascii	"\302\311SP_\224\207f\346\2508of\026\006\367\370\234"
  66      5F948766 
  66      E6A8386F 
  66      661606F7 
  66      F89C
  67 01a7 0D8E326E 		.ascii	"\015\2162n\270x\243\\\257X\2308\200G\2323+\273\026\360"
  67      B878A35C 
  67      AF589838 
  67      80479A33 
ARM GAS  /tmp/ccCc8rMS.s 			page 5


  67      2BBB16F0 
  68 01bb 93084D11 		.ascii	"\223\010M\021NU\316Z\246\337\362\235\246\217|V\254l"
  68      4E55CE5A 
  68      A6DFF29D 
  68      A68F7C56 
  68      AC6C
  69 01cd 867CB516 		.ascii	"\206|\265\026\252\032\231\252e\177 -\006\377\242\377"
  69      AA1A99AA 
  69      657F202D 
  69      06FFA2FF 
  70 01dd 5FD4D5E1 		.ascii	"_\324\325\341\261V\207\337\325u+u\263J\235\251\325\315"
  70      B15687DF 
  70      D5752B75 
  70      B34A9DA9 
  70      D5CD
  71 01ef 297596DF 		.ascii	")u\226\337\353\365\342\356\377j\366D73\376\322\354\351"
  71      EBF5E2EE 
  71      FF6AF644 
  71      3733FED2 
  71      ECE9
  72 0201 CF66F37E 		.ascii	"\317f\363~\263u\244\012\033\272\225\376\025\372\230"
  72      B375A40A 
  72      1BBA95FE 
  72      15FA98
  73 0210 277F178C 		.ascii	"'\177\027\214o\212\305\034\377It9'O\234r:\022\235\247"
  73      6F8AC51C 
  73      FF497439 
  73      274F9C72 
  73      3A129DA7 
  74 0224 BB9CD644 		.ascii	"\273\234\326D{{\"\356\034=\336r\254\345\214\023\357"
  74      7B7B22EE 
  74      1C3DDE72 
  74      ACE58C13 
  74      EF
  75 0235 6E6B8DB5 		.ascii	"nk\215\265\012\304\315\216\316\266\304w\326\205\024"
  75      0AC4CD8E 
  75      CEB6C477 
  75      D68514
  76 0244 89       		.ascii	"\211"
  77              		.text
  78              		.section	.gnu.lto_nvicDisableVector.50d687ca24b26544,"",%progbits
  79 0000 789C9552 		.ascii	"x\234\225RKkSQ\020\236\357\314}\244\265\315Z0h\027B"
  79      4B6B5351 
  79      109EEFCC 
  79      7DA4B5CD 
  79      5A306817 
  80 0015 29855CF2 		.ascii	")\205\\\362\023Dp\327\215\377@\262Q\260\211\264R\334"
  80      134470D7 
  80      8DFF40B2 
  80      51B089B4 
  80      52DC
  81 0027 F5246993 		.ascii	"\365$i\223V\263(\264\215\022.r\213\021q\241\265\244"
  81      56B328B4 
  81      8D122E72 
  81      8B1171A1 
  81      B5A4
  82 0039 55535FD7 		.ascii	"US_\327[\\\210/,\342\017\260\305'\024-.\\\264\3259\367"
ARM GAS  /tmp/ccCc8rMS.s 			page 6


  82      5B5C882F 
  82      2CE20FB0 
  82      C527142D 
  82      2E5CB4D5 
  83 004f 2A08AE1C 		.ascii	"*\010\256\034\3569wf\316|\363\315\2319\016\021\215("
  83      EE397766 
  83      CE7CF3CD 
  83      99390E11 
  83      8D28
  84 0061 224FFE07 		.ascii	"\"O\376\007d\201\011j\346%Q)\245\000\243\350\024h\\"
  84      6481096A 
  84      E6255129 
  84      A500A3E8 
  84      14685C
  85 0074 611C759E 		.ascii	"a\034u\236cD\265\367\0355pM\213\204\027\233NUO\356\367"
  85      6344B5F7 
  85      1D35704D 
  85      8B84179B 
  85      4E554FEE 
  86 0089 99A821CB 		.ascii	"\231\250!\313\010\332\030\220\250\327\023\267|\276\300"
  86      08DA1890 
  86      A8D713B7 
  86      7CBEC0
  87 0098 3E039698 		.ascii	">\003\226\230\337^47\322\306T\350\023sW\3175\322\234"
  87      DF5E3437 
  87      D2C654E8 
  87      137357CF 
  87      35D29C
  88 00ab 0589BEF9 		.ascii	"\005\211\276\371\354\312\214\333\177U\353\262\016\237"
  88      ECCA8CDB 
  88      7F55EBB2 
  88      0E9F
  89 00b9 B7581FF6 		.ascii	"\267X\037\366\231q\033,\011\261\202\014\226\221!q\021"
  89      99711B2C 
  89      09B1820C 
  89      96912171 
  89      11
  90 00ca EEA0DFC4 		.ascii	"\356\240\337\304\277[\332\233\357u\254\204\020w\341"
  90      BF5BDA9B 
  90      EF75AC84 
  90      1077E1
  91 00d9 1044595C 		.ascii	"\020DY\\\267C\275\367\263\246\303\315\026\332\307\272"
  91      B743BDF7 
  91      B3A6C3CD 
  91      16DAC7BA 
  92 00e9 20184BC9 		.ascii	" \030K\311f\263\321,\263\331\210s\320\224 \345^:\244"
  92      66B3D12C 
  92      B3D98873 
  92      D09420E5 
  92      5E3AA4
  93 00fc 695646AB 		.ascii	"iVF\253\204\364\031\225\235\352\356R\240L\306&\243\311"
  93      84F41995 
  93      9DEAEE52 
  93      A04CC626 
  93      A3C9
  94 010e B670CDB6 		.ascii	"\266p\315\266nvzM\331\026\016\241#\205H\330\327\352"
  94      6E767A4D 
ARM GAS  /tmp/ccCc8rMS.s 			page 7


  94      D9160EA1 
  94      238548D8 
  94      D7EA
  95 0120 75370952 		.ascii	"u7\011R\030\314H\250qnW\247\355\304\311\011\362iku\247"
  95      18CC48A8 
  95      716E57A7 
  95      EDC4C909 
  95      F2696B75 
  96 0135 C7206DD8 		.ascii	"\307 m\330X\215\221\345\355\332\037\244%`\361Do\316"
  96      588D91E5 
  96      EDDA1FA4 
  96      2560F144 
  96      6FCE
  97 0147 7F8A6102 		.ascii	"\177\212a\002hLF\257\\\003p\342\256,/l\375\350IL\035"
  97      684C46AF 
  97      5C0370E2 
  97      AE2C2F6C 
  97      FDE8494C 
  98 015c 55745A5C 		.ascii	"UtZ\\\355/\263\033n\200\313%\351|p\320g\027\367\245"
  98      ED2FB31B 
  98      6E80CB25 
  98      E97C70D0 
  98      6717F7A5 
  99 0170 3DF724B7 		.ascii	"=\367$\267\001<\251\227\026\272\275\033z\242\244\373"
  99      013CA997 
  99      16BABD1B 
  99      7AA2A4FB 
 100 0180 7C4EE101 		.ascii	"|N\341\001\002\314\3073\221\303\267\353+\355tn\321\034"
 100      02CCC733 
 100      91C3B7EB 
 100      2BED746E 
 100      D11C
 101 0192 06633E77 		.ascii	"\006c>w\341!<)5\236\327#\344\244 S\315\367\217\227\326"
 101      E1213C29 
 101      359ED723 
 101      E4A42053 
 101      CDF78F97 
 102 01a7 F6FD2EE7 		.ascii	"\366\375.\347\177\310\272\021\306d\370\227\254`\310"
 102      7FC8BA11 
 102      C664F897 
 102      AC60C8
 103 01b6 1E1B323B 		.ascii	"\036\0332;&\213\220\373\373\2562&\254I\316-\224\203"
 103      268B90FB 
 103      FBAE3226 
 103      AC49CE2D 
 103      9483
 104 01c8 0F75C4D3 		.ascii	"\017u\304\32342%\271d.\362*\007\263Y/\371\212\243\336"
 104      343225B9 
 104      642EF22A 
 104      07B3592F 
 104      F98AA3DE 
 105 01dc C913A7BD 		.ascii	"\311\023\247\2753\305\221\263\243^\2768<\\,xG\216\017"
 105      33C591B3 
 105      A35EBE38 
 105      3C5C2C78 
 105      478E0F
 106 01ef 1D1D3AE7 		.ascii	"\035\035:\347\025\306N\345\263yB\341\027CR\324\364"
ARM GAS  /tmp/ccCc8rMS.s 			page 8


 106      15C64EE5 
 106      B37942E1 
 106      174352D4 
 106      F4
 107              		.text
 108              		.section	.gnu.lto_nvicSetSystemHandlerPriority.50d687ca24b26544,"",%progbits
 109 0000 789C6D92 		.ascii	"x\234m\222\317k\023A\024\307\347\273ow\263\246m\364"
 109      CF6B1341 
 109      14C7E7BB 
 109      6F77B3A6 
 109      6DF4
 110 0012 5824871C 		.ascii	"X$\207\034\204P\204,\005\361\340M\274x\351\305\377\240"
 110      8450842C 
 110      05F1E04D 
 110      BC78E9C5 
 110      FFA0
 111 0024 44A18536 		.ascii	"D\241\2056)\255\210\267L\232\244M\253\202h\177\021\026"
 111      29AD88B7 
 111      4C9AA44D 
 111      AB82687F 
 111      1116
 112 0036 CDC1528B 		.ascii	"\315\301R\213\224Zj\325\264\261]S\025/j\033DlEA\255"
 112      945A6AD5 
 112      B4B15D53 
 112      152F6A1B 
 112      446C4541 
 113 004b 0AB115C5 		.ascii	"\012\261\025\305\036\374\201\3257\233\010\036\034v\231"
 113      1EFC81D5 
 113      379B081E 
 113      1C7699
 114 005a 796FBEEF 		.ascii	"yo\276\357\315\347\315<S\010qY\023\342\020\317\007\370"
 114      CDE7CD3C 
 114      53087159 
 114      13E210CF 
 114      07F8
 115 006c 8721A09D 		.ascii	"\207!\240\235\177,D\322\3224Z\011\012\351\327\335f!"
 115      7F2C44D2 
 115      D2345A09 
 115      0AE9D7DD 
 115      6621
 116 007e EB097AD5 		.ascii	"\353\011z\325\255\003j!-\210\204F:\0228KC\204R\377\373"
 116      AD036A21 
 116      2D888446 
 116      3A12384B 
 116      438452FF 
 117 0093 82D63421 		.ascii	"\202\3264!y\270\243e\263Of\032\035\022b\204\17750\213"
 117      79B8A365 
 117      B34F661A 
 117      1D126284 
 117      7F35308B 
 118 00a7 2656ADA6 		.ascii	"&V\255\246\257;t\206\034\002t6\277<\312\275\015(SC\210"
 118      AF3B7486 
 118      1C027436 
 118      BF3CCABD 
 118      0D285343 
 119 00bc CDD4C5C5 		.ascii	"\315\324\305\305\242E\021\010^\227g\307\216\206\307"
 119      A2451108 
ARM GAS  /tmp/ccCc8rMS.s 			page 9


 119      5E9767C7 
 119      8E86C7
 120 00cb A5EC95EE 		.ascii	"\245\354\225\356\3068\311}\016\021n\2028\037\346\020"
 120      C638C97D 
 120      0E116E82 
 120      381FE610 
 121 00db C40D0405 		.ascii	"\304\015\004\005\273\004n!\314\352k\275\037\266\210"
 121      BB046E21 
 121      CCEA6BBD 
 121      1FB688
 122 00ea 0E7A916F 		.ascii	"\016z\221o\036\276\0362j\241\333\023\265\320\333\377"
 122      1EBE1E32 
 122      6AA1DB13 
 122      B5D0DBFF 
 123 00fa 092D20EC 		.ascii	"\011- \354\351gv\206\033L=\377\227\026\3630\005xf\317"
 123      E9677686 
 123      1B4C3DFF 
 123      9716F330 
 123      057866CF 
 124 010e 74D970E5 		.ascii	"t\331p\345\316\357~\206h\\\377hq\315\016\351\014\317"
 124      CEEF7E86 
 124      685CFF68 
 124      71CD0EE9 
 124      0CCF
 125 0120 A79AF012 		.ascii	"\247\232\360\022\210,\307\360\205HW\014\220\246V)W\274"
 125      882CC7F0 
 125      8548570C 
 125      90A65629 
 125      57BC
 126 0132 43FAF9F2 		.ascii	"C\372\371\362\253\234\251R\345H]Ojym\306R\225\022\352"
 126      AB9CA952 
 126      E5485D4F 
 126      6A796DC6 
 126      529512EA 
 127 0146 B1C0046A 		.ascii	"\261\300\004j\0140\305J\220\365\233H\207\274cYY(l\276"
 127      0C30C54A 
 127      90F59B48 
 127      87BC6359 
 127      59286CBE 
 128 015a F0257E49 		.ascii	"\360%~I\313!c\204\024G\021\011\2651\222)=\361\251\024"
 128      CB216384 
 128      14471109 
 128      B5319229 
 128      3DF1A914 
 129 016e A65766EA 		.ascii	"\246Wf\352\307\322\327\000\353\370\232M\305\256|\337"
 129      C7D2D700 
 129      EBF89A4D 
 129      C5AE7CDF 
 130 017e 57B7B275 		.ascii	"W\267\262uy\\J\356q\310\207E~\233;\352(\245\2762\233"
 130      795C4AEE 
 130      71C88745 
 130      7E9B3BEA 
 130      28A5BE32 
 131 0193 01ABC7A4 		.ascii	"\001\253\307\244\014\251\014K\310\243Z\250\213\204C"
 131      0CA90C4B 
 131      C8A35AA8 
 131      8B8443
ARM GAS  /tmp/ccCc8rMS.s 			page 10


 132 01a2 9647A3D7 		.ascii	"\226G\243\327\360+H}\356{9WD\225\037929\305\306\317"
 132      F02B487D 
 132      EE7B3957 
 132      44951F39 
 132      3239C5C6 
 133 01b7 A979EFB1 		.ascii	"\251y\357\261v\301\304]\316[A\351\351\340\232\241D\377"
 133      76C1C45D 
 133      CE5B41E9 
 133      E9E09AA1 
 133      44FF
 134 01c9 E2F93DBC 		.ascii	"\342\371=\274d\2418dTM\271\236\222\001vUV\267W\014E"
 134      64A13864 
 134      544DB99E 
 134      92017655 
 134      56B7570C 
 135 01de C73D92DF 		.ascii	"\307=\222\337\353P\035\226\3719J5\302\013\203\223\223"
 135      EB501D96 
 135      F9394A35 
 135      C20B8393 
 135      93
 136 01ef 7E7B4AA6 		.ascii	"~{J\246\223\212\260\036\367\230p\330\353\036\336|v\365"
 136      938AB01E 
 136      F79870D8 
 136      EB1EDE7C 
 136      76F5
 137 0201 DBE8EEE6 		.ascii	"\333\350\356\346i\265\231\2179\324\200\373\260\371b"
 137      69B5998F 
 137      39D480FB 
 137      B0F962
 138 0210 BDCE7A80 		.ascii	"\275\316z\200ff\024\237\320\233_8W-J\215,\373\270\034"
 138      6666149F 
 138      D09B5F38 
 138      572D4A8D 
 138      2CFBB81C 
 139 0224 EEEDFD91 		.ascii	"\356\355\375\221\210]\375\342=v[k\207\335\025\357>\331"
 139      885DFDE2 
 139      3D765B6B 
 139      87DD15EF 
 139      3ED9
 140 0236 6347E39D 		.ascii	"cG\343\235\235\361\230}\370X\313\221\226\323v\354T{"
 140      9DF1987D 
 140      F858CB91 
 140      96D376EC 
 140      547B
 141 0248 341215BE 		.ascii	"4\022\025\276\266\326\330\361\216\023\335zWw{\374\017"
 141      B6D6D8F1 
 141      8E13DD7A 
 141      57777BFC 
 141      0F
 142 0259 E23AED83 		.ascii	"\342:\355\203"
 143              		.text
 144              		.section	.gnu.lto___func__.6263.50d687ca24b26544,"",%progbits
 145 0000 789C6363 		.ascii	"x\234cc``\020\005by\006\010\230\302\314\370\341\361"
 145      60601005 
 145      62790608 
 145      98C2CCF8 
 145      E1F1
ARM GAS  /tmp/ccCc8rMS.s 			page 11


 146 0012 9CCB4C8A 		.ascii	"\234\313L\212L\363\0338\3460300nfTd\220\315+\313L\016"
 146      4CF31B38 
 146      E6303330 
 146      306E6654 
 146      6490CD2B 
 147 0029 4E2D09AE 		.ascii	"N-\011\256,.I\315\365H\314K\311I-\012(\312\314/\312"
 147      2C2E49CD 
 147      F548CC4B 
 147      C9492D0A 
 147      28CACC2F 
 148 003e 2CA96400 		.ascii	",\251d\000\000\346\363\022t"
 148      00E6F312 
 148      74
 149              		.text
 150              		.section	.gnu.lto_nvicClearPending.50d687ca24b26544,"",%progbits
 151 0000 789C3551 		.ascii	"x\2345Q\317KTQ\024>\337=\357\307\024:\353\240\241\\"
 151      CF4B5451 
 151      143EDF3D 
 151      EFC7143A 
 151      EBA0A15C 
 152 0014 0422C25C 		.ascii	"\004\"\302\\\374\023\302E+7\375\0071\033\203\234\211"
 152      FC13C245 
 152      2B37FD07 
 152      311B839C 
 152      89
 153 0025 0C69E79D 		.ascii	"\014i\347\235\031\235\321\2240\324\011\206\207<q\"Z"
 153      199DD194 
 153      30D40986 
 153      873C7122 
 153      5A
 154 0036 94C56836 		.ascii	"\224\305h6\366\3531\344B\242\"\211V\2552\004\013$\005"
 154      F6EB31E4 
 154      42A22289 
 154      56AD3204 
 154      0B2405
 155 0049 2142AD73 		.ascii	"!B\255s\337\243\303\375q\316\271\347;\367\273\337\365"
 155      DFA3C3FD 
 155      71CEB9E7 
 155      3BF7BBDF 
 155      F5
 156 005a 88E81044 		.ascii	"\210\350\020DZ\366\2632\301\0045\363\201\250\230R\200"
 156      5AF6B332 
 156      C10435F3 
 156      81A89852 
 156      80
 157 006b 754C0A34 		.ascii	"uL\0124\2520\212i\236c\264\253;-\325\363\300\210E\367"
 157      AA308A69 
 157      9E63B4AB 
 157      3B2DD5F3 
 157      C08845F7 
 158 007f FE781533 		.ascii	"\376x\0253~&`\242\232Lkh\242G\252>\215=\011x\212\003"
 158      7E2660A2 
 158      9A4C6B68 
 158      A247AA3E 
 158      8D3D0978 
 159 0095 061C09F7 		.ascii	"\006\034\011\367\337\327\267\3236T\350\222\360\330\314"
 159      DFD7B7D3 
ARM GAS  /tmp/ccCc8rMS.s 			page 12


 159      3654E892 
 159      F0D8CC
 160 00a4 D5D29C05 		.ascii	"\325\322\234\005\211\377\375\335\322\214\337}\337\230"
 160      89FFFDDD 
 160      D28CDF7D 
 160      DF98
 161 00b2 9289DE36 		.ascii	"\222\211\3366\330\\\010\230\361\014,\015\261\212\014"
 161      D85C0898 
 161      F10C2C0D 
 161      B18A0C
 162 00c1 56902149 		.ascii	"V\220!I\021\326\320m\353\277==\231\357\364\234\344B"
 162      11D6D06D 
 162      EBBF3D3D 
 162      99EFF49C 
 162      E442
 163 00d3 3C874742 		.ascii	"<\207GB\236\226\267\334\310\234\374\255\232\350k\003"
 163      9E96B7DC 
 163      C89CFCAD 
 163      9AE86B03 
 164 00e3 772F09E3 		.ascii	"w/\011\343\200\035%\213\313\326s\354\342\"\356A\023"
 164      801D258B 
 164      CBD673EC 
 164      E222EE41 
 164      13
 165 00f4 82947799 		.ascii	"\202\224w\231\210&YY\257\034\321\017\224\217*\307k\241"
 165      88265959 
 165      AF1CD10F 
 165      948F2AC7 
 165      6BA1
 166 0106 B21DEB8C 		.ascii	"\262\035\353\214:\273r\327l\343q\253\323\322vp\036-"
 166      3ABB72D7 
 166      6CE371AB 
 166      D3D27670 
 166      1E2D
 167 0118 212265BF 		.ascii	"!\"e\277*\017\375\244H\2417#\2456yP\231t\223$'\310\315"
 167      2A0FFDA4 
 167      48A13723 
 167      A5367950 
 167      99749324 
 168 012f C6FA5187 		.ascii	"\306\372Q\207E\272p\261\036#K\007\325\377HG\300\222"
 168      45BA70B1 
 168      1E234B07 
 168      D5FF4847 
 168      C092
 169 0141 697FBEBD 		.ascii	"i\177\276\275\033\303\004P\033o\177\364-\300\213UYY"
 169      1BC30450 
 169      1B6F7FF4 
 169      2DC08B55 
 169      5959
 170 0153 DCFBDD91 		.ascii	"\334\373\335\221\204\246]6iI5\177\316n\373!\026\212"
 170      84A65D36 
 170      6949357F 
 170      CE6EFB21 
 170      168A
 171 0165 A27C782E 		.ascii	"\242|x.`\037/E\236\027\322\333\0026\246\213\213\247"
 171      601F2F45 
 171      9E17D2DB 
ARM GAS  /tmp/ccCc8rMS.s 			page 13


 171      0236A68B 
 171      8BA7
 172 0177 F5233356 		.ascii	"\365#3V4]\001\247\360\012!\346\343?\221\303/[\253\315"
 172      345D01A7 
 172      F00A21E6 
 172      E33F91C3 
 172      2F5BABCD 
 173 018b 74DFB23D 		.ascii	"t\337\262=\014G\002>\205\327\320B5\376\2577\350\023"
 173      0C47023E 
 173      85D7D042 
 173      35FEAF37 
 173      E813
 174 019d 42B48752 		.ascii	"B\264\207R\270t\007\261\240\326&\344a\"\215\"\352\315"
 174      B87407B1 
 174      A0D626E4 
 174      61228D22 
 174      EACD
 175 01af 6675320A 		.ascii	"fu2\012\303z\360\3125}\275p\343\346\260\316\025\206"
 175      C37AF0CA 
 175      357DBD70 
 175      E3E6B0CE 
 175      1586
 176 01c1 860A797D 		.ascii	"\206\012y}\361\362@\377\300-\235\037\271\232\313\346"
 176      F1F240FF 
 176      C02D9D1F 
 176      B99ACBE6 
 177 01d1 08F97F0B 		.ascii	"\010\371\177\013\343\254\267"
 177      E3ACB7
 178              		.text
 179              		.section	.gnu.lto_.symbol_nodes.50d687ca24b26544,"",%progbits
 180 0000 789C6363 		.ascii	"x\234cc``\310\006b\006\246\315\214\365\014\014\023\316"
 180      6060C806 
 180      6206A6CD 
 180      8CF50C0C 
 180      13CE
 181 0012 313000A9 		.ascii	"10\000\251]\015\216@\221-\214\365\214\250\"[\031\353"
 181      5D0D8E40 
 181      912D8CF5 
 181      8CA8225B 
 181      19EB
 182 0024 99504458 		.ascii	"\231PDXw024(1003mc\254gF\221b\334\316X\317\002\026a"
 182      77303234 
 182      28313030 
 182      336D63AC 
 182      67469162 
 183 003f 60686870 		.ascii	"`hhp\000\251ae8\362C\217\001\000\250&\031\343"
 183      00A96165 
 183      38F2438F 
 183      0100A826 
 183      19E3
 184              		.text
 185              		.section	.gnu.lto_.refs.50d687ca24b26544,"",%progbits
 186 0000 789C6363 		.ascii	"x\234cc```\003bF&&f&\006\000\000\303\000\027"
 186      60606003 
 186      62462626 
 186      66260600 
 186      00C30017 
ARM GAS  /tmp/ccCc8rMS.s 			page 14


 187              		.text
 188              		.section	.gnu.lto_.decls.50d687ca24b26544,"",%progbits
 189 0000 789CBD57 		.ascii	"x\234\275WkTT\327\025\276\373\236\001\206\341\241\301"
 189      6B5454D7 
 189      15BEFB9E 
 189      0186E1A1 
 189      C1
 190 0011 AC96A6B4 		.ascii	"\254\226\246\264u\271\310\222>`\020\263L\333\037MR\244"
 190      75B9C892 
 190      3E6010B3 
 190      4CDB1F4D 
 190      52A4
 191 0023 956555D6 		.ascii	"\225eU\326`\374\321\265\332\3118N\002\011\314X\030\272"
 191      60FCD1B5 
 191      DAC9384E 
 191      0209CC58 
 191      18BA
 192 0035 E2EA8F5E 		.ascii	"\342\352\217^\0344D\243BDQ\300\200\200\"BU\014*`PDE"
 192      1C3444A3 
 192      424451C0 
 192      80802242 
 192      550C2A60 
 193 004c 792BBE91 		.ascii	"y+\276\221\227\004|\305\007\202/\320\204\356s\316\275"
 193      97047CC5 
 193      07822FD0 
 193      84EE73CE 
 193      BD
 194 005d CC65146B 		.ascii	"\314e\024k\363#w\271\271s\316\371\356\267\277\263\317"
 194      F32377B9 
 194      B973CEF9 
 194      EEB7BFB3 
 194      CF
 195 006e DEFB5EDD 		.ascii	"\336\373^\335\005A\330\372\212 \324\212\202p\026\004"
 195      0541D8FA 
 195      8A20D48A 
 195      82701604 
 196 007e 61142F77 		.ascii	"a\024/w\234;\202\206SB5Z\243\300/7\264\263h\027\321"
 196      9C3B8286 
 196      5342355A 
 196      A3C02F37 
 196      B4B36817 
 197 0093 DAD13AD0 		.ascii	"\332\321:\320\256\240\341cB\2370\376*\306I/\274\277"
 197      AEA0E163 
 197      429F30FE 
 197      2AC6492F 
 197      BCBF
 198 00a5 87E687F6 		.ascii	"\207\346\207\366\252\3145\035\355\257h\376\270\376c"
 198      AACC351D 
 198      EDAF68FE 
 198      B8FE63
 199 00b4 342DDA30 		.ascii	"4-\3320\216G\320\010\332d\034OA\363\004\316{Vx\366*"
 199      8E47D008 
 199      DA641C4F 
 199      41F304CE 
 199      7B5678F6 
 200 00c9 7B496ECA 		.ascii	"{In\312I\271\251\017\272\027o\340\374 \357\301\365\332"
 200      49B9A90F 
ARM GAS  /tmp/ccCc8rMS.s 			page 15


 200      BA176FE0 
 200      FC20EFC1 
 200      F5DA
 201 00db 870BBE13 		.ascii	"\207\013\276\023\360\376\004x\034\032\320zd?\277\307"
 201      F0FE0478 
 201      1C1AD07A 
 201      643FBFC7 
 202 00eb B9DFA14D 		.ascii	"\271\337\241M\225\367@y\303d_\355/\210M\275\254\241"
 202      95F74079 
 202      C3645FED 
 202      2F884DBD 
 202      ACA1
 203 00fd E1391A94 		.ascii	"\3419\032\224\253\022\001\272\377c\217\224o\212\314"
 203      AB1201BA 
 203      FF638F94 
 203      6F8ACC
 204 010c DBF11CBE 		.ascii	"\333\361\034\276\014\002\235'\213K\310j\002\323u@Oy"
 204      0C029D27 
 204      8B4BC86A 
 204      02D37540 
 204      4F79
 205 011e 124EEDBE 		.ascii	"\022N\355\276U9\354\303\247(\242\355H\206\017\021\331"
 205      5539ECC3 
 205      A728A2ED 
 205      48860F11 
 205      D9
 206 012f CF9ED294 		.ascii	"\317\236\322\224~\317\220R\211_\332\277\011\260\017"
 206      7ECF9052 
 206      895FDABF 
 206      09B00F
 207 013e 88C2D4B6 		.ascii	"\210\302\324\266n\260\320\203\314b\300\323){r(\253\237"
 207      6EB0D083 
 207      CC62C0D3 
 207      297B7228 
 207      AB9F
 208 0150 0E3438BC 		.ascii	"\01648\274\327\234\365\265/\016_\325\301\324\014\"v"
 208      D79CF5B5 
 208      2F0E5FD5 
 208      C1D40C22 
 208      76
 209 0161 5F7AD2E1 		.ascii	"_z\322\341\013\272\240TIZ.\3459$\3179\002TB\000T@\200"
 209      0BBAA054 
 209      495A2EE5 
 209      3924CF39 
 209      02544200 
 210 0178 00072188 		.ascii	"\000\007!\210z\336\017!\002\224\343\344\2278\271\235"
 210      7ADE0F21 
 210      0294E3E4 
 210      9738B99D 
 211 0188 BAAB69DD 		.ascii	"\272\253i\335\364\207\315\203\2224\025\252@\007\007"
 211      F487CD83 
 211      923415AA 
 211      400707
 212 0197 80300C6E 		.ascii	"\2000\014nn\272\216\013(.L\317w'\365@\025\210\007\263"
 212      6EBA8E0B 
 212      282E4CCF 
 212      7727F540 
ARM GAS  /tmp/ccCc8rMS.s 			page 16


 212      158807B3 
 213 01ab FB8F8B13 		.ascii	"\373\217\213\023\37184\241\217\013U\323\352VH\222\010"
 213      F93834A1 
 213      8F0B55D3 
 213      EA564892 
 213      08
 214 01bc D5E8E32B 		.ascii	"\325\350\343+\247\017tIo8\213\216*\252o\207\361\315"
 214      A70F7449 
 214      6F388B8E 
 214      2AAA6F87 
 214      F1CD
 215 01ce 05D008AE 		.ascii	"\005\320\010\256\356\270\014\272T\3728\363C\347\025"
 215      EEB80CBA 
 215      54FA38F3 
 215      43E715
 216 01dd 4F02D4D0 		.ascii	"O\002\324\320\007A\037\000\207q\210\350\374\353\315"
 216      07411F00 
 216      877188E8 
 216      FCEBCD
 217 01ec F56EFCE1 		.ascii	"\365n\374\341\237\341\360\334\372[k\201G\346:\320\361"
 217      9FE1F0DC 
 217      FA5B6B81 
 217      47E63AD0 
 217      F1
 218 01fd E3EA116F 		.ascii	"\343\352\021o\322\302\302\255)u\354\034\320@P\000 \033"
 218      D2C2C2AD 
 218      2975EC1C 
 218      D0405000 
 218      201B
 219 020f E8B62B61 		.ascii	"\350\266+a\027\340\004\212;*G\036\257,\011\275\017\374"
 219      17E0048A 
 219      3B2A471E 
 219      AF2C09BD 
 219      0FFC
 220 0221 9B4EE36F 		.ascii	"\233N\343o-\273\263}K\005\022\361\027`f\000\204\342"
 220      2DBBB37D 
 220      4B0512F1 
 220      17606600 
 220      84E2
 221 0233 AE8FE1AE 		.ascii	"\256\217\341\256O09uHx\234\353\311\315=t\036\374\322"
 221      4F303975 
 221      48789CEB 
 221      C9CD3D74 
 221      1EFCD2
 222 0246 2831FE79 		.ascii	"(1\376y\033\030w-\256\037a\362O\202\237\262\011\212"
 222      1B18772D 
 222      AE1F61F2 
 222      4F829FB2 
 222      098A
 223 0258 2ECB3939 		.ascii	".\31399\354\251\223\271S\377\027w\311`\341S/5w\375\213"
 223      ECA993B9 
 223      53FF1777 
 223      C960E153 
 223      2F3577FD 
 224 026d B89B0B8E 		.ascii	"\270\233\013\216\026{y\257\032;/h\000?U \033\301\233"
 224      167B79AF 
 224      1A3B2F68 
ARM GAS  /tmp/ccCc8rMS.s 			page 17


 224      003F5520 
 224      1BC19B
 225 0280 EE95DE11 		.ascii	"\356\225\336\021\\Y\273\362\264O7t\002\226\025LfQ\000"
 225      5C59BBF2 
 225      B44F3774 
 225      0296154C 
 225      665100
 226 0293 E07FF14E 		.ascii	"\340\177\361N\215\215G\225\013\370<\316\212\374&C\351"
 226      8D8D4795 
 226      0BF83CCE 
 226      8AFC2643 
 226      E9
 227 02a4 407944FE 		.ascii	"@yD\376\215\177E\231CTx\331?\231\000\324\254|\235\273"
 227      8D7F4599 
 227      435478D9 
 227      3F9900D4 
 227      AC7C9DBB 
 228 02b8 532E41A1 		.ascii	"S.A\241\347\262\224\347\004N9\336\231\352\241qZ\205"
 228      E7B294E7 
 228      044E39DE 
 228      99EAA171 
 228      5A85
 229 02ca B1E53199 		.ascii	"\261\3451\231\316M\202\\qU[w]\323\364@\027\216\377$"
 229      CE4D825C 
 229      71555B77 
 229      5DD3F440 
 229      178EFF24 
 230 02de 0869DA78 		.ascii	"\010i\332x6\233}\266\267@$gx\305\236\330\261\357\010"
 230      369B7DB6 
 230      B7402467 
 230      78C59ED8 
 230      B1EF08
 231 02f1 68449EBA 		.ascii	"hD\236\272`\325\320\271\306GE\2075cs\255\300&\217\217"
 231      60D5D0B9 
 231      C6474587 
 231      356373AD 
 231      C0268F8F 
 232 0305 3EAA99C4 		.ascii	">\252\231\304\363R\244\305<\320\264\305\213\347\345"
 232      F352A4C5 
 232      3CD0B4C5 
 232      8BE7E5
 233 0314 645AC087 		.ascii	"dZ\300\207\2726\212\376\033\331I:\244\311\"\274\367"
 233      BA368AFE 
 233      1BD9493A 
 233      A4C922BC 
 233      F7
 234 0325 2368C3A3 		.ascii	"#h\303\2439\315\216\346\014\370\343\337SH\304\004T<"
 234      39CD8EE6 
 234      0CF8E3DF 
 234      5348C404 
 234      543C
 235 0337 483DEC39 		.ascii	"H=\3549-O\312\353\221j\256u\004^+\227$,)ICq\320\342"
 235      2D4FCAEB 
 235      916AAE75 
 235      045E2B97 
 235      242C2949 
 236 034f ACA9169A 		.ascii	"\254\251\026\232\301\320\014=\000M\320\215[<\013\323"
ARM GAS  /tmp/ccCc8rMS.s 			page 18


 236      C1D00C3D 
 236      004DD08D 
 236      5B3C0BD3 
 237 035f 68097455 		.ascii	"h\011tU\017\020\222F&\324\237y&\277\312gB1\027\230\230"
 237      0F109246 
 237      26D49F79 
 237      26BFCA67 
 237      42311798 
 238 0374 F38A984D 		.ascii	"\363\212\230M\235\216}\276\262\230\233\376YR\015f.\226"
 238      9D8E7DBE 
 238      B2989BFE 
 238      59520D66 
 238      2E96
 239 0386 37A2E09C 		.ascii	"7\242\340\234S\3129W)\027\231\224\262\307\3378\010\311"
 239      53CA3957 
 239      29179994 
 239      B2C7DF38 
 239      08C9
 240 0398 E75252D7 		.ascii	"\347RR\327\014=Q\230\032^\033c\242\233\272\344d\272"
 240      0C3D5198 
 240      1A5E1B63 
 240      A29BBAE4 
 240      64BA
 241 03aa E4CAD4CE 		.ascii	"\344\312\324\316\230\252\2132#\311aN\224Y\365\260\317"
 241      98AA8B32 
 241      23C9614E 
 241      9459F5B0 
 241      CF
 242 03bb 4391F4D3 		.ascii	"C\221\364\323q\222.;\211.\273\022u0\242\232\201\302"
 242      71922E3B 
 242      892EBB12 
 242      7530A29A 
 242      81C2
 243 03cd 4D849CE2 		.ascii	"M\204\234\342LW\036\217\036\363V\227\014-0g\311t\361"
 243      4C571E8F 
 243      1EF35697 
 243      0C2D3067 
 243      C974F1
 244 03e0 9241606B 		.ascii	"\222A`k\343\206\215\223X\030qN\016\343\250c\363C\267"
 244      E3868D93 
 244      5818714E 
 244      0EE3A863 
 244      F343B7
 245 03f3 09C3D8C3 		.ascii	"\011\303\330\303\302\330\255\2041\371\314\371z@\315"
 245      C2D8AD84 
 245      31F9CCF9 
 245      7A40CD
 246 0402 3DB4473E 		.ascii	"=\264G>\371m\303\236\353R\252\216\241\260\006\3074w"
 246      F96DC39E 
 246      EB52AA8E 
 246      A1B006C7 
 246      3477
 247 0414 CA3D09AE 		.ascii	"\312=\011\2560\255\237\215d\337\367&#\\\353\326\346"
 247      30AD9F8D 
 247      64DFF726 
 247      235CEBD6 
 247      E6
ARM GAS  /tmp/ccCc8rMS.s 			page 19


 248 0425 A18D3A92 		.ascii	"\241\215:\222\252\341\357\207\374\234\273\272\327\013"
 248      AAE1EF87 
 248      FC9CBBBA 
 248      D70B
 249 0433 A4533534 		.ascii	"\244S54E~\223\265]JMK\326\262\212\377\032\3510f\252"
 249      457E93B5 
 249      5D4A4D4B 
 249      D6B28AFF 
 249      1AE93066 
 250 0448 3ED18B33 		.ascii	">\321\2133\177\027\005\350\203\327\361\321\276m}y\236"
 250      7F1705E8 
 250      83D7F1D1 
 250      BE6D7D79 
 250      9E
 251 0459 3C512577 		.ascii	"<Q%w\325\273\305\217\275[`\327\365\3039:\236\270\022"
 251      D5BBC58F 
 251      BD5B60D7 
 251      F5C3393A 
 251      9EB812
 252 046c 4DE4CCDB 		.ascii	"M\344\314\333\303\257\311h\215j\331O^\276\335\324\237"
 252      C3AFC968 
 252      8D6AD94F 
 252      5EBEDDD4 
 252      9F
 253 047d AF91E134 		.ascii	"\257\221\3414\321\217\016\345\334\363&\351\\e\257\343"
 253      D18F0EE5 
 253      DCF326E9 
 253      5C65AFE3 
 254 048d 73C99B83 		.ascii	"s\311\233\203\337\302a\323\361\315\255\036\0236\372"
 254      DFC261D3 
 254      F1CDAD1E 
 254      1336FA
 255 049c DB4AA3BF 		.ascii	"\333J\243\277\305\233\337\365K\203\355\032g\363\323"
 255      C59BDFF5 
 255      4B83ED1A 
 255      67F3D3
 256 04ab B004BE89 		.ascii	"\260\004\276\211\360\033\014~\2075\277\333J\363+\257"
 256      F01B0C7E 
 256      8735BFDB 
 256      4AF32BAF 
 257 04bb BEB74DD9 		.ascii	"\276\267M\331\025\301qz\362\320\016y\374\224\256\037"
 257      15C1717A 
 257      F2D00E79 
 257      FC94AE1F 
 258 04cb B8D9D723 		.ascii	"\270\331\327#r\235=\036\364<\256\357\371\204\220l\256"
 258      729D3D1E 
 258      F43CAEEF 
 258      F984906C 
 258      AE
 259 04dc B3CA51B2 		.ascii	"\263\312Q\262\307\207\203\177\216\303\332m\253\273&"
 259      C787837F 
 259      8EC3DA6D 
 259      ABBB26
 260 04eb D6795FD1 		.ascii	"\326y_\3219\304uV\357\276\370\221\253\314{\210\036`"
 260      39C47556 
 260      EFBEF891 
 260      ABCC7B88 
ARM GAS  /tmp/ccCc8rMS.s 			page 20


 260      1E60
 261 04fd E8074CE6 		.ascii	"\350\007L\346}Ef\177Io\201\216l\343n\323\007\006\327"
 261      7D45667F 
 261      496F818E 
 261      6CE36ED3 
 261      0706D7
 262 0510 BB4FE8E7 		.ascii	"\273O\350\347\221\342G\317\334<(,\215\346n\020+\273"
 262      91E247CF 
 262      DC3C282C 
 262      8DE66E10 
 262      2BBB
 263 0522 71821F33 		.ascii	"q\202\03737\217\0247\233\332\312\"(\261\343\245\336"
 263      378F1437 
 263      9BDACA22 
 263      28B1E3A5 
 263      DE
 264 0533 DCF458F7 		.ascii	"\334\364X\367W\335\361T\323\017\277\210~4{`\2137\331"
 264      57DDF154 
 264      D30FBF88 
 264      7E347B60 
 264      8B37D9
 265 0546 C977D17A 		.ascii	"\311w\321zc\177\231H\312\371`\377\325\372:%=\350\353"
 265      637F9948 
 265      CAF960FF 
 265      D5FA3A25 
 265      3DE8EB
 266 0559 B8FBD2B9 		.ascii	"\270\373\322\2712oR\311\027?\335\335\273\332\215\324"
 266      326F52C9 
 266      173FDDDD 
 266      BBDA8DD4 
 267 0569 F2C195CE 		.ascii	"\362\301\225\316k\253|\311\011>8Q\267\374Cr\232\377"
 267      6BAB7CC9 
 267      093E3851 
 267      B7FC4372 
 267      9AFF
 268 057b 1E2EBB77 		.ascii	"\036.\273w_\313)\362h~V<\2544\310\011\026\206\303\265"
 268      5FCB29F2 
 268      687E563C 
 268      AC34C809 
 268      1686C3B5 
 269 058f 17D2DF22 		.ascii	"\027\322\337\"\3479\364\376\252\025\217\344\257$z\246"
 269      E739F4FE 
 269      AA158FE4 
 269      AF247AA6 
 270 059f 7D0D837B 		.ascii	"}\015\203{}'\214\347JQ\216\347\012\221m9\347\346\320"
 270      7D278CE7 
 270      4A518EE7 
 270      0A916D39 
 270      E7E6D0
 271 05b2 A8AFEBC1 		.ascii	"\250\257\353\301]C\370U\006\377D\364S\036\242\3503\207"
 271      5D43F855 
 271      06FF44F4 
 271      531EA2E8 
 271      3387
 272 05c4 465A27A9 		.ascii	"FZ'\251\321\303/@{\367\235\275V\344\013\201\3625%(0"
 272      D1C32F40 
 272      7BF79DBD 
ARM GAS  /tmp/ccCc8rMS.s 			page 21


 272      56E40B81 
 272      F2352528 
 273 05d9 305F4A49 		.ascii	"0_JI\306/\260lRU\274j\215\224W\0130\202\265\232,b\026"
 273      C62FB06C 
 273      5255BC6A 
 273      8D94570B 
 273      3082B59A 
 274 05f0 88539CC7 		.ascii	"\210S\234\307\243\247d3\360\217\220\317>\247F\346\342"
 274      A3A76433 
 274      F08F90CF 
 274      3EA746E6 
 274      E2
 275 0601 532984A6 		.ascii	"S)\204\246\021<\001\016V\222K.\204Jp\302o\252\340\337"
 275      113C010E 
 275      56924B2E 
 275      844A70C2 
 275      6FAAE0DF 
 276 0615 B9C2BF1D 		.ascii	"\271\302\277\035\007\247rz\347f18\2252\012.R8\\\245"
 276      07A7727A 
 276      E7663138 
 276      95320A2E 
 276      52385CA5 
 277 0629 A5E12F4E 		.ascii	"\245\341/N\362AW\362\273\317hiWi\221D\027\270\336\025"
 277      F24157F2 
 277      BBCF6869 
 277      57699144 
 277      17B8DE15 
 278 063d DD269363 		.ascii	"\335&\223cY\30372\271R\354\370e\247\222B\205\267\313"
 278      59C33732 
 278      B952ECF8 
 278      65A79242 
 278      85B7CB
 279 0650 E854D10F 		.ascii	"\350T\321\017Rdn\3450\240\337\211N\227\317K\3026\014"
 279      52646EE5 
 279      30A0DF89 
 279      4E97CF4B 
 279      C2360C
 280 0663 0E310096 		.ascii	"\0161\000\226\213t\215\302\261\002\340s1\010>\025\003"
 280      8B748DC2 
 280      B102E073 
 280      31083E15 
 280      03
 281 0674 612DDA67 		.ascii	"a-\332gh\253\3212\320V\241\255G[\203\266\016-M\014d"
 281      68ABD132 
 281      D056A1AD 
 281      475B83B6 
 281      0E2D4D0C 
 282 0689 6D997FE2 		.ascii	"m\231\177\342\3265\372%##e\021\344\306-\214)\253k\362"
 282      D635FA25 
 282      23236511 
 282      E4C62D8C 
 282      29AB6BF2 
 283 069d CB774827 		.ascii	"\313wH'CYL\037\272\306\364\256\353F\006U'\360\324\025"
 283      43594C1F 
 283      BAC6F4AE 
 283      EB460655 
 283      27F0D415 
ARM GAS  /tmp/ccCc8rMS.s 			page 22


 284 06b1 7DC389C6 		.ascii	"}\303\211\306\014\374\356|\3671 \0167\366u\336<\222"
 284      0CFCEE7C 
 284      F731200E 
 284      37F675DE 
 284      3C92
 285 06c3 BBD70D82 		.ascii	"\273\327\015\202\246pEW\233\264\370Y\013\231\370\360"
 285      A6704557 
 285      9BB4F859 
 285      0B99F8F0 
 286 06d3 0671EC65 		.ascii	"\006q\354eB\365M\020\002\330\210;\377\276Q@-\333O\227"
 286      42F54D10 
 286      02D8883B 
 286      FFBE5140 
 286      2DDB4F97 
 287 06e7 A779A8DF 		.ascii	"\247y\250\337\233\231*\335\002l\022\371\247&\336\021"
 287      9B992ADD 
 287      026C12F9 
 287      A726DE11 
 288 06f7 BCBCF6D4 		.ascii	"\274\274\366\324&\255\032L_zN\360f\031\274\231\201\357"
 288      26AD1A4C 
 288      5F7A4EF0 
 288      6619BC99 
 288      81EF
 289 0709 A4F4F778 		.ascii	"\244\364\367x\361\222\366\307a\326\301\373\015\362\327"
 289      F192F6C7 
 289      61D6C1FB 
 289      0DF2D7
 290 0718 BE9676F1 		.ascii	"\276\226v\361;%\007|x3\250am\353\341\332L/\262\306\355"
 290      3B25077C 
 290      7833A861 
 290      6DEBE1DA 
 290      4C2FB2C6 
 291 072d 25DAE917 		.ascii	"%\332\351\027J\371\207\262\352?\260\257\340\256\326"
 291      4AF987B2 
 291      EA3FB0AF 
 291      E0AED6
 292 073c B5FA7330 		.ascii	"\265\372s0<\331,CrY=\177\241T\377\261c\325\337\202k"
 292      3CD92C43 
 292      72593D7F 
 292      A154FFB1 
 292      63D5DF82 
 293 0751 F54F88FE 		.ascii	"\365O\210\376\252y\270\324\227\244sU\312\207\240\037"
 293      AA79B8D4 
 293      97A47355 
 293      CA87A01F 
 294 0761 FF10AC6E 		.ascii	"\377\020\254n\353x\233d\363\245\007-\035W\200\344\362"
 294      EB789B64 
 294      F3A5072D 
 294      1D5780E4 
 294      F2
 295 0772 414A637D 		.ascii	"AJc}\221\007)\340\203\276\253#\025\204\024\363\301\366"
 295      910729E0 
 295      83BEAB23 
 295      158414F3 
 295      C1F6
 296 0784 5BF96B3C 		.ascii	"[\371k<\311.>\270\264q\325-7\245\265\247\276Lk\317\036"
 296      C92E3EB8 
ARM GAS  /tmp/ccCc8rMS.s 			page 23


 296      B471D52D 
 296      37A5B5A7 
 296      BE4C6BCF 
 297 0799 EABC21BF 		.ascii	"\352\274!\277\011\203p\270\356T\356e\255\034B\372\002"
 297      098370B8 
 297      EE54EE65 
 297      AD1C42FA 
 297      02
 298 07aa CF68C928 		.ascii	"\317h\311(\360\"\345\214\335+k\033\376o\012\246\360"
 298      F022E58C 
 298      DD2B6B1B 
 298      FE6F0AA6 
 298      F0
 299 07bb B6855D2B 		.ascii	"\266\205]+p\\\366\354\304\015\027\263\015\227\312\251"
 299      705CF6EC 
 299      C40D17B3 
 299      0D97CAA9 
 300 07cb F325A6CE 		.ascii	"\363%\246\316>"
 300      3E
 301 07d0 4C8DDD68 		.ascii	"L\215\335h\377A\333\217\266\007\255\014m\027\332^\264"
 301      FF41DB8F 
 301      B607AD0C 
 301      6D17DA5E 
 301      B4
 302 07e1 72396DF2 		.ascii	"r9m\362i\002\324\334i\221\353\203\306\233\266\205Ru"
 302      6902D4DC 
 302      6991EB83 
 302      C69BB685 
 302      5275
 303 07f3 C6F3702A 		.ascii	"\306\363p*=\007\341\015\013x}P\364VWt\226\032\235\342"
 303      3D07E10D 
 303      0B787D50 
 303      F4565774 
 303      961A9DE2 
 304 0807 C07E369F 		.ascii	"\300~6\237\243\351\351lwE\217k9\024=\242B\027\272\242"
 304      A3E9E96C 
 304      77458F6B 
 304      39143DA2 
 304      4217BAA2 
 305 081b F35DB96B 		.ascii	"\363]\271k\0278\321\005\317G\253[k\333\002\336\241\362"
 305      1738D105 
 305      CF47AB5B 
 305      6BDB02DE 
 305      A1F2
 306 082d B0436D91 		.ascii	"\260Cm\221\341J\302\310\3029\234WpK\013\357)\245\317"
 306      E14AC2C8 
 306      C2399C57 
 306      704B0BEF 
 306      29A5CF
 307 0840 F41474DD 		.ascii	"\364\024t\335\325*\307\214\372.q\365}u\\\347\315@|\273"
 307      D52AC78C 
 307      FA2E71F5 
 307      7D755CE7 
 307      CD407CBB 
 308 0854 BCB11DA2 		.ascii	"\274\261\035\242\016\212\236\033\006\325\276\006UQ\330"
 308      0E8A9E1B 
 308      06D5BE06 
ARM GAS  /tmp/ccCc8rMS.s 			page 24


 308      5551D8
 309 0863 F6FCF3E0 		.ascii	"\366\374\363\340\334\230+-\335\033Z4\244\212\267\240"
 309      DC982B2D 
 309      DD1B5A34 
 309      A48AB7A0 
 310 0873 7B9F9F2A 		.ascii	"{\237\237*\002g\013ju\247-\250\022\237>\340lA\245\317"
 310      02670B6A 
 310      75A72DA8 
 310      129F3EE0 
 310      6C41A5CF 
 311 0887 B6202589 		.ascii	"\266 %\211\240\002s\347\373\344\021\352\270\231\274"
 311      A00273E7 
 311      FBE411EA 
 311      B899BC
 312 0896 7660DC67 		.ascii	"v`\334g{\345\270\366S%w\024z\377UH\210\236\377\263%"
 312      7BE5B8F6 
 312      53257714 
 312      7AFF5548 
 312      889EFFB3 
 313 08ab EA634C71 		.ascii	"\352cLq\372\245\266\004{\242\336l\213\217\267Y\365\357"
 313      FAA5B604 
 313      7BA2DE6C 
 313      8B8FB759 
 313      F5EF
 314 08bd 18E685CF 		.ascii	"\030\346\205\317\373Xo\375g\2549\304\254\375\363\374"
 314      FB586FFD 
 314      67AC39C4 
 314      ACFDF3FC 
 315 08cd 77A786CF 		.ascii	"w\247\206\317\230!\350\214\306\244X\253}f\230\321\276"
 315      9821E88C 
 315      C6A458AB 
 315      7D6698D1 
 315      BE
 316 08de 12F431B6 		.ascii	"\022\3641\266x\213\336dN\264\004\307\231\026\353g\333"
 316      788BDE64 
 316      4EB404C7 
 316      9916EB67 
 316      DB
 317 08ef CC49F116 		.ascii	"\314I\361\026+R,\264\230\342\347\352#\314q\261K\023"
 317      2B522CB4 
 317      98E2E7EA 
 317      23CC71B1 
 317      4B13
 318 0901 2D464BF0 		.ascii	"-FK\360\322$\363Ga\372\2056[\\\242\376\003\2639\330"
 318      D224F347 
 318      61FA8536 
 318      5B5CA2FE 
 318      03B339D8 
 319 0915 94101F6C 		.ascii	"\224\020\037l\265Y-\301\026\323\342\330\3407\203\303"
 319      B5592DC1 
 319      16D3E2D8 
 319      E03783C3 
 320 0925 4267BC19 		.ascii	"Bg\274\031\374\2177\202\343M\037\332\022\364\343V\365"
 320      FC8F3782 
 320      E34D1FDA 
 320      12F4E356 
 320      F5
ARM GAS  /tmp/ccCc8rMS.s 			page 25


 321 0936 B156735C 		.ascii	"\261Vs\\\322\022\213>\336d\216\211\265Z\364\306%\226"
 321      D2128B3E 
 321      DE648E89 
 321      B55AF4C6 
 321      2596
 322 0948 F74D4971 		.ascii	"\367MIqv\243}\331RKbH\214\240U\004\375\353\007\325\223"
 322      76A37DD9 
 322      524B6248 
 322      8CA05504 
 322      FDEB07D5 
 323 095d B82C516F 		.ascii	"\270,QoL\264/A\347(Bc\2161%L\246\301\212\260\232\026"
 323      4CB42F41 
 323      E7284263 
 323      8E31254C 
 323      A6C18AB0 
 324 0973 C7591659 		.ascii	"\307Y\026Y\314v[\302\257_>\302\302+\364>;6\321\371t"
 324      CC765BC2 
 324      AF5F3EC2 
 324      C22BF43E 
 324      3B36D1F9 
 325 0988 009D89B6 		.ascii	"\000\235\211\266\330\243\227%\332-\361sL\326%q\226\204"
 325      D8A39725 
 325      DA2DF173 
 325      4CD62571 
 325      9684
 326 099a A884585B 		.ascii	"\250\204X[B\254}\031\363\025\036g1%DY\254(\342\003O"
 326      42AC7D19 
 326      F3151E67 
 326      31254459 
 326      AC28E203 
 327 09af 730C02E7 		.ascii	"s\014\002\347\230\342\354\277P{M\260\217)6\307\240f"
 327      98E2ECBF 
 327      507B4DB0 
 327      8F2936C7 
 327      A066
 328 09c1 D4EA6334 		.ascii	"\324\352c4\276\237d5\033\215!\263\302f\315\324*#OCD"
 328      BE9F6435 
 328      1B8D21B3 
 328      C266CDD4 
 328      2A234F43 
 329 09d6 74846151 		.ascii	"t\204aQ\304\3547\306~\315\324D\206G\031\306\206a\232"
 329      C4EC37C6 
 329      7ECDD444 
 329      864719C6 
 329      86619A
 330 09e9 C8E82883 		.ascii	"\310\350(\203\326\300G3p1\302\271\030\212\213\021\006"
 330      D6C04733 
 330      7031C2B9 
 330      188A8B11 
 330      06
 331 09fa 3132EA97 		.ascii	"12\352\227j\367\226\217\355\372\360y\321\221\321N\025"
 331      6AF7968F 
 331      EDFAF079 
 331      D191D14E 
 331      15
 332 0a0b B6048BD1 		.ascii	"\266\004\213\321\034\037\212B<\347/\212\0147.\304s$"
 332      1C1F8A42 
ARM GAS  /tmp/ccCc8rMS.s 			page 26


 332      3CE72F8A 
 332      0C372EC4 
 332      7324
 333 0a1d D173A2C6 		.ascii	"\321s\242\306\230f\220\360p\003\211\0167\270\275\023"
 333      986690F0 
 333      7003890E 
 333      37B8BD13 
 334 0a2d 690837A0 		.ascii	"i\0107\240\233h\203[x\324\273\221\263\335\242\347\340"
 334      9B68835B 
 334      78D4BB91 
 334      B3DDA2E7 
 334      E0
 335 0a3e 6F6D74F8 		.ascii	"omt\370\037\331S\377\005\372\032\334\011"
 335      1FD953FF 
 335      05FA1ADC 
 335      09
 336              		.text
 337              		.section	.gnu.lto_.symtab.50d687ca24b26544,"",%progbits
 338 0000 6E766963 		.ascii	"nvicEnableVector\000"
 338      456E6162 
 338      6C655665 
 338      63746F72 
 338      00
 339 0011 00       		.ascii	"\000"
 340 0012 00       		.ascii	"\000"
 341 0013 00       		.ascii	"\000"
 342 0014 00000000 		.ascii	"\000\000\000\000\000\000\000\000"
 342      00000000 
 343 001c D4000000 		.ascii	"\324\000\000\000"
 344 0020 6E766963 		.ascii	"nvicDisableVector\000"
 344      44697361 
 344      626C6556 
 344      6563746F 
 344      7200
 345 0032 00       		.ascii	"\000"
 346 0033 00       		.ascii	"\000"
 347 0034 00       		.ascii	"\000"
 348 0035 00000000 		.ascii	"\000\000\000\000\000\000\000\000"
 348      00000000 
 349 003d D8000000 		.ascii	"\330\000\000\000"
 350 0041 6E766963 		.ascii	"nvicSetSystemHandlerPriority\000"
 350      53657453 
 350      79737465 
 350      6D48616E 
 350      646C6572 
 351 005e 00       		.ascii	"\000"
 352 005f 00       		.ascii	"\000"
 353 0060 00       		.ascii	"\000"
 354 0061 00000000 		.ascii	"\000\000\000\000\000\000\000\000"
 354      00000000 
 355 0069 DA000000 		.ascii	"\332\000\000\000"
 356 006d 6E766963 		.ascii	"nvicClearPending\000"
 356      436C6561 
 356      7250656E 
 356      64696E67 
 356      00
 357 007e 00       		.ascii	"\000"
ARM GAS  /tmp/ccCc8rMS.s 			page 27


 358 007f 00       		.ascii	"\000"
 359 0080 00       		.ascii	"\000"
 360 0081 00000000 		.ascii	"\000\000\000\000\000\000\000\000"
 360      00000000 
 361 0089 DC000000 		.ascii	"\334\000\000\000"
 362 008d 63685379 		.ascii	"chSysHalt\000"
 362      7348616C 
 362      7400
 363 0097 00       		.ascii	"\000"
 364 0098 02       		.ascii	"\002"
 365 0099 00       		.ascii	"\000"
 366 009a 00000000 		.ascii	"\000\000\000\000\000\000\000\000"
 366      00000000 
 367 00a2 E1000000 		.ascii	"\341\000\000\000"
 368              		.text
 369              		.section	.gnu.lto_.opts,"",%progbits
 370 0000 272D666D 		.ascii	"'-fmath-errno' '-fsigned-zeros' '-ftrapping-math' '"
 370      6174682D 
 370      6572726E 
 370      6F272027 
 370      2D667369 
 371 0033 2D666E6F 		.ascii	"-fno-trapv' '-fno-openmp' '-fno-openacc' '-mcpu=cor"
 371      2D747261 
 371      70762720 
 371      272D666E 
 371      6F2D6F70 
 372 0066 7465782D 		.ascii	"tex-m0' '-mno-thumb-interwork' '-mthumb' '-O2' '-fo"
 372      6D302720 
 372      272D6D6E 
 372      6F2D7468 
 372      756D622D 
 373 0099 6D69742D 		.ascii	"mit-frame-pointer' '-falign-functions=16' '-ffuncti"
 373      6672616D 
 373      652D706F 
 373      696E7465 
 373      72272027 
 374 00cc 6F6E2D73 		.ascii	"on-sections' '-fdata-sections' '-fno-common' '-flto"
 374      65637469 
 374      6F6E7327 
 374      20272D66 
 374      64617461 
 375 00ff 2700     		.ascii	"'\000"
 376              		.text
 377              		.comm	__gnu_lto_v1,1,1
 378              		.comm	__gnu_lto_slim,1,1
 379              		.ident	"GCC: (GNU Tools for Arm Embedded Processors 7-2017-q4-major) 7.2.1 20170904 (release) [ARM
ARM GAS  /tmp/ccCc8rMS.s 			page 28


DEFINED SYMBOLS
                            *ABS*:0000000000000000 nvic.c
                            *COM*:0000000000000001 __gnu_lto_v1
                            *COM*:0000000000000001 __gnu_lto_slim

NO UNDEFINED SYMBOLS
