ARM GAS  /tmp/ccvizC49.s 			page 1


   1              		.cpu cortex-m0
   2              		.eabi_attribute 20, 1
   3              		.eabi_attribute 21, 1
   4              		.eabi_attribute 23, 3
   5              		.eabi_attribute 24, 1
   6              		.eabi_attribute 25, 1
   7              		.eabi_attribute 26, 1
   8              		.eabi_attribute 30, 2
   9              		.eabi_attribute 34, 0
  10              		.eabi_attribute 18, 4
  11              		.file	"st.c"
  12              		.section	.gnu.lto_.profile.3f77e656cfb90bef,"",%progbits
  13 0000 789C6363 		.ascii	"x\234cc```\001bF\006w9\000\001$\000q"
  13      60606001 
  13      62460677 
  13      39000124 
  13      0071
  14              		.text
  15              		.section	.gnu.lto_.icf.3f77e656cfb90bef,"",%progbits
  16 0000 789C6363 		.ascii	"x\234cc``0b@\000\016\206\203\253v\265\3633\236^\261"
  16      60603062 
  16      40000E86 
  16      83AB76B5 
  16      F3339E5E 
  17 0015 EC1727D3 		.ascii	"\354\027'\323\341w\227n23_y\261\276\201\227\345\344"
  17      E177976E 
  17      32335F79 
  17      B1BE8197 
  17      E5E4
  18 0027 9D87BBD8 		.ascii	"\235\207\273\330Y\277\3179\272\225\221\355\321\231\343"
  18      59BFCF39 
  18      BA9591ED 
  18      D199E3
  19 0036 6738D9B7 		.ascii	"g8\331\267\356\372\322\301\317\000\000\204\027\031$"
  19      EEFAD2C1 
  19      CF000084 
  19      171924
  20              		.text
  21              		.section	.gnu.lto_.jmpfuncs.3f77e656cfb90bef,"",%progbits
  22 0000 789C6363 		.ascii	"x\234cc``\270\300\200\000\254 \202\021\010\352\3470"
  22      6060B8C0 
  22      8000AC20 
  22      821108EA 
  22      E730
  23 0012 3330314E 		.ascii	"301Nafl\376\265\3773_\375\337\006\2119\314\214\013\230"
  23      61666CFE 
  23      B5FF335F 
  23      FDDF0689 
  23      39CC8C0B 
  24 0027 41B29B19 		.ascii	"A\262\233\031\353\031\030\017\26002\000\361\237\377"
  24      EB19180F 
  24      B0303200 
  24      F19FFF
  25 0036 FFFFF333 		.ascii	"\377\377\36332\001\325Mk=t\236\275\233\031\250\212\221"
  25      3201D54D 
  25      6B3D749E 
  25      BD9B19A8 
ARM GAS  /tmp/ccvizC49.s 			page 2


  25      8A91
  26 0048 81710BA3 		.ascii	"\201q\013\243\014\010\003\225\263\3400\213i\0013#\320"
  26      0C080395 
  26      B3E0308B 
  26      69013323 
  26      D0
  27 0059 ACADF8CD 		.ascii	"\254\255\370\315b\002\232\265\015h\026\020\2631`3\203"
  27      62029AB5 
  27      0D681610 
  27      B3316033 
  27      83
  28 006a 0968C676 		.ascii	"\011h\306vL3`\232\030\000\3327;\013"
  28      4C33609A 
  28      1800DA37 
  28      3B0B
  29              		.text
  30              		.section	.gnu.lto_.inline.3f77e656cfb90bef,"",%progbits
  31 0000 789C6363 		.ascii	"x\234cc``(g@\000V\006\006\026\036F\006& \223m\201<\210"
  31      60602867 
  31      40005606 
  31      06161E46 
  31      06262093 
  32 0018 6260E402 		.ascii	"b`\344\002\021\014<\274@a\276\015\271pq&n\22003\003"
  32      110C3CBC 
  32      4061BE0D 
  32      B9707126 
  32      6E903033 
  33 002d 0B335082 		.ascii	"\0133P\202\351\002?\\\202\205\201\213\033(\3045\301"
  33      E9023F5C 
  33      8285818B 
  33      1B28C435 
  33      C1
  34 003e 0F4D2D1B 		.ascii	"\017M-\033.\011\006\000'\274\010\356"
  34      2E090600 
  34      27BC08EE 
  35              		.text
  36              		.section	.gnu.lto_.pureconst.3f77e656cfb90bef,"",%progbits
  37 0000 789C6363 		.ascii	"x\234cc``\340\006bV\006\011F)f)\026)6)\000\004\017\000"
  37      6060E006 
  37      62560609 
  37      46296629 
  37      16293629 
  38 0018 A5       		.ascii	"\245"
  39              		.text
  40              		.section	.gnu.lto_stInit.3f77e656cfb90bef,"",%progbits
  41 0000 789C6363 		.ascii	"x\234cc``X\001\304\322P\314\310\314\300\3104\341\034"
  41      60605801 
  41      C4D250CC 
  41      C8CCC0C8 
  41      34E11C
  42 0013 03432307 		.ascii	"\003C#\007\023##\210\321\300\301\310P\317\304X\317\330"
  42      13232388 
  42      D1C0C1C8 
  42      50CFC458 
  42      CFD8
  43 0025 C33C8599 		.ascii	"\303<\205\231\361P\373\263\235L\232\313\033\200\340"
  43      F150FBB3 
ARM GAS  /tmp/ccvizC49.s 			page 3


  43      9D4C9ACB 
  43      1B80E0
  44 0034 C0F41F92 		.ascii	"\300\364\037\222\015+\0160\316af`\230\006\304 \300\270"
  44      0D2B0E30 
  44      CE616660 
  44      9806C420 
  44      C0B8
  45 0046 99519301 		.ascii	"\231Q\223\001\250\354\321\306\177Sy\331X \342\214[\030"
  45      A8ECD1C6 
  45      7F5379D9 
  45      5820E28C 
  45      5B18
  46 0058 D9181881 		.ascii	"\331\030\030\201\214\365\227X\0174\374\373\337\336p"
  46      8CF59758 
  46      0F34FCFB 
  46      DFDE70
  47 0067 E0CE22C6 		.ascii	"\340\316\"\306\377\254@\271\016 \006Z\322p\200\241\223"
  47      FFAC40B9 
  47      0E20065A 
  47      D27080A1 
  47      93
  48 0078 9909C46A 		.ascii	"\231\011\304j>\300\360\206\261y\301oi\260&\240I;w\276"
  48      3EC0F086 
  48      B179C16F 
  48      69B026A0 
  48      493B77BE 
  49 008c B9CD5EFF 		.ascii	"\271\315^\377\267\201c\0163\3434f\240)\214[\031\353"
  49      B781630E 
  49      33E33466 
  49      A0298C5B 
  49      19EB
  50 009e 19E60055 		.ascii	"\031\346\000U\277clZ\360\237\033\254\016\004:\200\222"
  50      BF636C5A 
  50      F09F1BAC 
  50      0E043A80 
  50      92
  51 00af 40039818 		.ascii	"@\003\230\030\030$\365\364\364!(\277X?#1G\277\270(Y"
  51      1824F5F4 
  51      F42128BF 
  51      583F2331 
  51      47BFB828 
  52 00c4 BFB8442F 		.ascii	"\277\270D/\231\001\000\371^AK"
  52      990100F9 
  52      5E414B
  53              		.text
  54              		.section	.gnu.lto_stStartAlarm.3f77e656cfb90bef,"",%progbits
  55 0000 789C9552 		.ascii	"x\234\225RKL\023Q\024}w\336t\372\001\212\306\215&]t"
  55      4B4C1351 
  55      147D77DE 
  55      74FA018A 
  55      C68D265D 
  56 0015 2121B8E8 		.ascii	"!!\270\350\244\350\302\225+cb\002+Y\2703\210&\230`0"
  56      A4E8C295 
  56      2B636202 
  56      2B59B833 
  56      88269860 
  57 002a 94B8B48F 		.ascii	"\224\270\264\217~\370\010Fc\240h3j#\020\255\206\200"
ARM GAS  /tmp/ccvizC49.s 			page 4


  57      7EF80846 
  57      63A06833 
  57      6A2310AD 
  57      8680
  58 003c E2AF8830 		.ascii	"\342\257\2100\226\217\037~\205\304\030\203\013\"\261"
  58      968F1F7E 
  58      85C41883 
  58      0B22B1
  59 004b 12538922 		.ascii	"\022S\211\"\011\251\"x\337\233b\200\025\276t\336\314"
  59      09A92278 
  59      DF9B6280 
  59      15BE74DE 
  59      CC
  60 005c 7B3DF7DC 		.ascii	"{=\367\334{\356\271\012!\244P&\3448\276\017\340\003"
  60      7BEEB90A 
  60      21A45026 
  60      E438BE0F 
  60      E003
  61 006e 2602D295 		.ascii	"&\002\322\225\011Bj,\222D\023\016\302l\262\356&,\233"
  61      09426A2C 
  61      9244130E 
  61      C26CB2EE 
  61      262C9B
  62 0081 826C5CCB 		.ascii	"\202l\\\313\000\374\203Y\200x%*\203\027\232h3\205x]"
  62      00FC8359 
  62      8078252A 
  62      83179A68 
  62      3385785D 
  63 0095 322615DC 		.ascii	"2&\025\334a\270\364\326^\245\226\005wk\224\220\020>"
  63      61B8F4D6 
  63      5EA59605 
  63      776B9490 
  63      103E
  64 00a7 7C410F14 		.ascii	"|A\017\024 j*\320\255\321F\252Q\000\031\217?\306\303"
  64      206A2AD0 
  64      ADD146AA 
  64      5100198F 
  64      3FC6C3
  65 00ba 73767E94 		.ascii	"sv~\224\300\211\307\337\367\272?\346R\007\020\374\276"
  65      C089C7DF 
  65      F7BA3FE6 
  65      520710FC 
  65      BE
  66 00cb DD79B943 		.ascii	"\335y\271C\311\357`\314\307\364T\033e{5J\341\011P$\204"
  66      C9EF60CC 
  66      C7F4541B 
  66      657B354A 
  66      E1095024 
  67 00e0 C7E08047 		.ascii	"\307\340\200G\340 xE\340)\344s\374\247\007\253-9\212"
  67      E0207845 
  67      E029E473 
  67      FCA707AB 
  67      2D398A
  68 00f3 1C59CF09 		.ascii	"\034Y\317\011\317@!\200o\274\351\2326\351lu\255\216"
  68      CF402180 
  68      6FBCE99A 
  68      36E96C75 
ARM GAS  /tmp/ccvizC49.s 			page 5


  68      AD8E
  69 0105 E94BEDF0 		.ascii	"\351K\355\360\356\210\015%`\224\011\343e\205o\204\324"
  69      EE880D25 
  69      609409E3 
  69      65856F84 
  69      D4
  70 0116 6308AA62 		.ascii	"c\010\252b:i\240\022\377\362\353\344+\304{\323c\355"
  70      3A69A012 
  70      FFF2EBE4 
  70      2BC47BD3 
  70      63ED
  71 0128 DAA17FEC 		.ascii	"\332\241\177\354\001C]\277B\005}\210\302\206\314\004"
  71      01435DBF 
  71      42057D88 
  71      C286CC04 
  72 0138 62A0402F 		.ascii	"b\240@/\317\212[\230\232\360\257P0>i\346\372L\0029\321"
  72      CF8A5B98 
  72      9AF0AF50 
  72      303E69E6 
  72      FA4C0239 
  73 014d B9FCDD66 		.ascii	"\271\374\335f\0349\023\357@\344\306\027k\004n\202F\025"
  73      1C3913EF 
  73      40E4C617 
  73      6B046E82 
  73      4615
  74 015f E84359CF 		.ascii	"\350CY\317Q\026\207\326%G\023v\265\223\005j\330l\317"
  74      511687D6 
  74      25471376 
  74      B593056A 
  74      D86CCF
  75 0172 D59D7366 		.ascii	"\325\235sf\215\232\341\005D\240\005+\345\231\010\364"
  75      8D9AE105 
  75      44A0052B 
  75      E59908F4 
  76 0182 838A35FA 		.ascii	"\203\2125\372Wj?X\215\214\231\244\303k\313z.\317\"\203"
  76      576A3F58 
  76      8D8C99A4 
  76      C36BCB7A 
  76      2ECF2283 
  77 0196 0403C8F7 		.ascii	"\004\003\310\367\031\0023\203\255\375#\300\213F\030"
  77      19023383 
  77      ADFD23C0 
  77      8B4618
  78 01a5 62BA52B1 		.ascii	"b\272R\261t\216\201!\240\363\234\270\032\260\235\011"
  78      748E8121 
  78      A0F39CB8 
  78      1AB09D09 
  79 01b5 072A4F41 		.ascii	"\007*OA\300)\372\207\310X,5c\366\376a\026\215ZB\330"
  79      C029FA87 
  79      C8582C35 
  79      63F6FE61 
  79      168D5A42 
  80 01ca 1B022FC1 		.ascii	"\033\002/\301K6j\263\012m\376_\003?\355\210C\327\255"
  80      4B366AB3 
  80      0A6DFE5F 
  80      033FED88 
  80      43D7AD
ARM GAS  /tmp/ccvizC49.s 			page 6


  81 01dd DC047E97 		.ascii	"\334\004~\227\236\372V\237\205\352jvh\324\006\2038*"
  81      9EFA569F 
  81      85EA6A76 
  81      68D40683 
  81      382A
  82 01ef F18C3C7F 		.ascii	"\361\214<\177{O\020\020}\2151'g\030Be\206c\303\340\325"
  82      7B4F1010 
  82      7D8D3127 
  82      67184265 
  82      8663C3E0 
  83 0204 6896A846 		.ascii	"h\226\250F\316\030\221\004\211\3074\350\027\207l\264"
  83      CE189104 
  83      89C734E8 
  83      17876CB4 
  84 0214 44647BDF 		.ascii	"Dd{\337\030\2307\347\265\211\351X\270\236\035fz\300"
  84      189837E7 
  84      B589E958 
  84      B89E1D66 
  84      7AC0
  85 0226 C9076464 		.ascii	"\311\007dd\363\200\210\311{\005ya\344B;\303\351\261"
  85      F38088C9 
  85      7B057961 
  85      E4423BC3 
  85      E9B1
  86 0238 95E6835B 		.ascii	"\225\346\203[\355\234V(\307d,\245\233,}\215\226\276"
  86      ED9C5628 
  86      C7642CA5 
  86      9B2C7D8D 
  86      96BE
  87 024a E165E1B6 		.ascii	"\341e\341\266]\267\026w-bW\262\341\255p\013\004\011"
  87      5DB71677 
  87      2D6257B2 
  87      E1AD700B 
  87      0409
  88 025c 07E94DBE 		.ascii	"\007\351M\276\250\331\335\305A\221\207\300\375\034\005"
  88      A8D9DDC5 
  88      419187C0 
  88      FD1C05
  89 026b 15F62183 		.ascii	"\025\366!\203@\300\030\2703u.\315\337\015\332\267\237"
  89      40C018B8 
  89      33752ECD 
  89      DF0DDAB7 
  89      9F
  90 027c 32728193 		.ascii	"2r\201\223\215\213tR\206l\002\324\215\036\231\261\214"
  90      8D8B7452 
  90      866C02D4 
  90      8D1E99B1 
  90      8C
  91 028d 498C14E4 		.ascii	"I\214\024\344\321\377'O\254O\236 \237\022\344}\267\232"
  91      D1FF274F 
  91      AC4F9E20 
  91      9F12E47D 
  91      B79A
  92 029f A236835C 		.ascii	"\2426\203\\\202i\214L\202o\2661Z\306\373(\032J\026\300"
  92      82698C4C 
  92      826FB631 
  92      5AC6FB28 
ARM GAS  /tmp/ccvizC49.s 			page 7


  92      1A4A16C0 
  93 02b3 17B97FC9 		.ascii	"\027\271\177\3110\226\257z\354\006Z\212C\264\307\345"
  93      3096AF7A 
  93      EC065A8A 
  93      43B4C7E5 
  94 02c3 528D5FA5 		.ascii	"R\215_\245G-/\255P=Ue\252\247\332UF\314\245'=\325g\316"
  94      472D2FAD 
  94      503D5565 
  94      AAA7DA55 
  94      46CCA527 
  95 02db 9E56B722 		.ascii	"\236V\267\"\316UVU{\324c%\305\373\013\325\242\242\303"
  95      CE555655 
  95      7BD46325 
  95      C5FB0BD5 
  95      A2A2C3
  96 02ee 6AC9D1E2 		.ascii	"j\311\321\342\363n\2149QQq\312UNd\036\364\027\037Tv"
  96      F36E8C39 
  96      515171CA 
  96      554E641E 
  96      F4171F54 
  97 0303 05       		.ascii	"\005"
  98              		.text
  99              		.section	.gnu.lto_stStopAlarm.3f77e656cfb90bef,"",%progbits
 100 0000 789C5D4F 		.ascii	"x\234]O\317KBA\020\236\357\255\275,\250kE\336:yyKE\377"
 100      CF4B4241 
 100      109EEFAD 
 100      BD2CA86B 
 100      45DE3A79 
 101 0018 4104519E 		.ascii	"A\004Q\236\362\036a\007\017\202\241\322\325\2654\015"
 101      F21E6107 
 101      0F82A1D2 
 101      D5B5340D 
 102 0028 3B7448BB 		.ascii	";tH\273X\010\035:IH?\255\210\207t\013,\372\013\244\203"
 102      58081D3A 
 102      49483FAD 
 102      8887740B 
 102      2CFA0BA4 
 103 003d 41444445 		.ascii	"ADDEE\2205\353\203\220\206\235\335\331o\276\231o\306"
 103      459035EB 
 103      8390869D 
 103      DDD96FBE 
 103      996FC6
 104 0050 24A23110 		.ascii	"$\2421\020M\361;\310\016A0\326kD\011\267\001\350@\271"
 104      4DF13BC8 
 104      0E4130D6 
 104      6B4409B7 
 104      01E840B9 
 105 0064 41710371 		.ascii	"Aq\003q\254\211\015\201j\272Q1\274\273\212\315\336|"
 105      AC890D81 
 105      6ABA5131 
 105      BCBB8ACD 
 105      DE7C
 106 0076 375754AA 		.ascii	"7WT\252\277 \210\362\354\332\260\017/1\355\256\334\314"
 106      BF2088F2 
 106      ECDAB00F 
 106      2F31EDAE 
 106      DCCC
ARM GAS  /tmp/ccvizC49.s 			page 8


 107 0088 F5982E07 		.ascii	"\365\230.\007\307\001Lb\015\332\273\355\260U\363'\255"
 107      C7014C62 
 107      0DDABBED 
 107      B055F327 
 107      AD
 108 0099 ECCB1D7C 		.ascii	"\354\313\035|Op.\303\316\"\312\246Ua\350h\331\246\007"
 108      4F702EC3 
 108      CE22CAA6 
 108      5561E868 
 108      D9A607
 109 00ac 54DF3ECF 		.ascii	"T\337>\317\037s\326_\237\244#\367e\212V\257\274@\273"
 109      1F73D65F 
 109      9FA423F7 
 109      658A56AF 
 109      BC40BB
 110 00bf 060E61E2 		.ascii	"\006\016a\342HK\360\305x>U\275\356\314\212\202@\213"
 110      484BF0C5 
 110      783E55BD 
 110      EECC8A82 
 110      408B
 111 00d1 562B7D3C 		.ascii	"V+}<w;_\335\306\305Pq\353\276\253\210m\024\204\201\023"
 111      773B5FDD 
 111      C6C55071 
 111      EBBEAB88 
 111      6D148481 
 112 00e6 78700C0F 		.ascii	"xp\014\017ij\272qu\323+K*\231P\365\327r\337\013\027"
 112      696ABA71 
 112      75D32B4B 
 112      2A9950F5 
 112      D772DF0B 
 113 00fb 09545044 		.ascii	"\011TPD\216\307\3242\204S\310v\011\236\004g\\\375\204"
 113      8EC7D432 
 113      8453C876 
 113      099E0467 
 113      5CFD84
 114 010e A57AF662 		.ascii	"\245z\366b\250\265\251\266\014'x\033\203h\300\262\244"
 114      A8B5A9B6 
 114      0C27781B 
 114      8368C0B2 
 114      A4
 115 011f 73C25119 		.ascii	"s\302Q\031\234\013\311h$ \2431+@\362\177f!\034\211E"
 115      9C0BC968 
 115      2420A331 
 115      2B40F27F 
 115      66211C89 
 116 0134 E58CDF37 		.ascii	"\345\214\3377:\"\247\247\307\245\177\322\2678\314\334"
 116      3A22A7A7 
 116      C7A57FD2 
 116      B738CCDC 
 117 0144 D95068DE 		.ascii	"\331Ph\336\012\322/\002\215~\213"
 117      0AD22F02 
 117      8D7E8B
 118              		.text
 119              		.section	.gnu.lto_stSetAlarm.3f77e656cfb90bef,"",%progbits
 120 0000 789C8D52 		.ascii	"x\234\215RML\023A\030\235\267\263\355\266\345Oo\222"
 120      4D4C1341 
 120      189DB7B3 
ARM GAS  /tmp/ccvizC49.s 			page 9


 120      EDB6E54F 
 120      6F92
 121 0012 F4D08384 		.ascii	"\364\320\203\204\340\241\233\252\007O\236L\214\011\234"
 121      E0A19BAA 
 121      074F9E4C 
 121      8C099C
 122 0021 E4E0CD20 		.ascii	"\344\340\315 \232`\202\301Pb\274uh\313\237\0205F\212"
 122      9A6082C1 
 122      5062BC75 
 122      68CB9F10 
 122      35468A
 123 0034 6916D308 		.ascii	"i\026\323\010\304hB@P\264\010\262\362#*\210\340\305"
 123      C4684240 
 123      50B408B2 
 123      F2232A88 
 123      E0C5
 124 0046 A89810D1 		.ascii	"\250\230\020\321j\014\032\305\003\251(\370\315n5\300"
 124      6A0C1AC5 
 124      03A928F8 
 124      CD6E35C0 
 125 0056 C9C9EEEC 		.ascii	"\311\311\356\354\314\354\373\336\367\275\357\215\223"
 125      CCECFBDE 
 125      F7BDEF8D 
 125      93
 126 0063 31769633 		.ascii	"1v\2263v\204\276{\351\205\203A\2718\303X\255KQ\370\254"
 126      7684BE7B 
 126      E9858341 
 126      B938C358 
 126      AD4B51F8 
 127 0078 97098F6A 		.ascii	"\227\011\217j\006\230\310\346P\355c\025\220\013\341"
 127      0698C8E6 
 127      50ED6315 
 127      900BE1
 128 0087 020B295C 		.ascii	"\002\013)\\E\010-\3742\307hC*\251\024]\0274\314\266"
 128      45082DFC 
 128      32C76843 
 128      2AA9145D 
 128      1734CCB6 
 129 009b 3EAD5ED4 		.ascii	">\255^\324\3550\2107F\257\034\350G\021\241\346\242\275"
 129      ED308837 
 129      46AF1CE8 
 129      4711A1E6 
 129      A2BD
 130 00ad 066FE606 		.ascii	"\006o\346\006\007T\332~\177\026_\314\225[\005>\332\256"
 130      0754DA7E 
 130      7F165FCC 
 130      955B053E 
 130      DAAE
 131 00bf DEEC9DCF 		.ascii	"\336\354\235\317\343^0Z_\353\276\320\345,\354\022\""
 131      E35E305A 
 131      5FEBBED0 
 131      E52CEC12 
 131      22
 132 00d0 2CCCF90E 		.ascii	",\314\371\016.v\032\234c\000\234\010q\007^\334\206\227"
 132      2E761A9C 
 132      63009C08 
 132      71075EDC 
ARM GAS  /tmp/ccvizC49.s 			page 10


 132      8697
 133 00e2 D111C35D 		.ascii	"\321\021\303]\024J\374\273[k\2559N5\3617'\356\301\311"
 133      144AFCBB 
 133      5B6BAD39 
 133      4E35F137 
 133      27EEC1C9 
 134 00f6 405F3AE9 		.ascii	"@_:\351y\3410\305\332z\2030\337wb\370\240\224@Q\016"
 134      79E130C5 
 134      DA7A8330 
 134      DF7762F8 
 134      A0944051 
 135 010b 8A579D72 		.ascii	"\212W\235rb\254\221BH\2250Y\023W\344*b\262\317\030\035"
 135      62AC9142 
 135      48953059 
 135      1357E42A 
 135      62B2CF18 
 136 0120 4C4F771A 		.ascii	"LOw\032\373\377\261Gmu\003\032\267\350c\034\03323$\341"
 136      FBFFB147 
 136      6D75031A 
 136      B7E8631C 
 136      1B323324 
 137 0135 C4A0CC4A 		.ascii	"\304\240\314JS\234;\350W\254n\364\271&\3659,\344L\367"
 137      539C3BE8 
 137      57AC6EF4 
 137      B926F539 
 137      2CE44CF7 
 138 0149 CA378FBD 		.ascii	"\3127\217\275\225L\262\003\211\366\217\356\004\256\302"
 138      954CB203 
 138      89F68FEE 
 138      04AEC2
 139 0158 E04E0C91 		.ascii	"\340N\014\221\254\373$KB\033RS\263\271z\267\210\326"
 139      ACFB244B 
 139      421B5253 
 139      B3B97AB7 
 139      88D6
 140 016a 8A85FE4B 		.ascii	"\212\205\376K\333\0275\203k\030F\002\255T\251\314\304"
 140      DB173583 
 140      6B184602 
 140      AD54A9CC 
 140      C4
 141 017b F0003AD5 		.ascii	"\360\000:\325\030\371U\377\312mg\314$\235X_1\363d\026"
 141      18F955FF 
 141      CA6D67CC 
 141      249D585F 
 141      31F36416 
 142 018f 150A4688 		.ascii	"\025\012F\210\357\003\242\257\307\332\006&!\213&\030"
 142      EF03A2AF 
 142      C7DA0626 
 142      218B2618 
 143 019f 617A9692 		.ascii	"az\226\222\351\034\033\303`\312\2344\232\250\235\263"
 143      E91C1BC3 
 143      60CA9C34 
 143      9AA89DB3 
 144 01af 5E52BE84 		.ascii	"^R\276\204\250\317\352\037!\223\311\2457Z\350\267p\031"
 144      A8CFEA1F 
 144      2193C9A5 
 144      375AE8B7 
ARM GAS  /tmp/ccvizC49.s 			page 11


 144      7019
 145 01c1 DC15A3DE 		.ascii	"\334\025\243\3360<D\210m\324\346\266\264E~\216\374\310"
 145      303C4488 
 145      6DD4E6B6 
 145      B4457E8E 
 145      FCC8
 146 01d3 251CB9EE 		.ascii	"%\034\271\356\226&\310\263\364\334\227\306,RW\273\315"
 146      9626C8B3 
 146      F4DC97C6 
 146      2C5257BB 
 146      CD
 147 01e4 E01E8CD1 		.ascii	"\340\036\214\321U\031\315\310\213t\366\327\201\320W"
 147      5519CDC8 
 147      8B74F6D7 
 147      81D057
 148 01f3 84F04986 		.ascii	"\204\360I\206qRf;6\201\220\301\263\254j\324\214\021"
 148      7152663B 
 148      368190C1 
 148      B3AC6AD4 
 148      8C11
 149 0205 292832A6 		.ascii	")(2\246\311<7\356\341\245V\266\227\315\321OZA\207u;"
 149      C93C37EE 
 149      E1A556B6 
 149      97CDD14F 
 149      5A418775 
 150 021a 66DAB3E3 		.ascii	"f\332\263\343\302\214\372\344\005y\264\371\202X7o\022"
 150      C28CFAE4 
 150      0579B4F9 
 150      8258376F 
 150      12
 151 022b 0571E222 		.ascii	"\005q\342\";\343\351\351\241\330\276\255v\016j\\b2\226"
 151      3BE3E9E9 
 151      A1D8BEAD 
 151      760E6A5C 
 151      623296
 152 023e F24D963E 		.ascii	"\362M\226>&K\237\310\262h\372_\267\226\363\227\251+"
 152      264B9FC8 
 152      B268FA5F 
 152      B796F397 
 152      A92B
 153 0250 D9786AB9 		.ascii	"\331xj\271\005\213D\202\314\226\360\015-\320#A\211>"
 153      058B4482 
 153      CC96F00D 
 153      2DD02341 
 153      893E
 154 0262 483FA7A0 		.ascii	"H?\247\240c\0271X\010L# \353L!\274\320\374\266\\Vc\225"
 154      63173158 
 154      084C2320 
 154      EB4C21BC 
 154      D0FCB65C 
 155 0279 C5BE229C 		.ascii	"\305\276\"\234X=o\267G\216F\342\244\306\220\025\371"
 155      583D6FB7 
 155      478E46E2 
 155      A4C69015 
 155      F9
 156 028a 7EBF6E3F 		.ascii	"~\277n?UA\275\242\254R\017V\227\353\301\032\1779\323"
 156      5541BDA2 
ARM GAS  /tmp/ccvizC49.s 			page 12


 156      AC520F56 
 156      97EBC11A 
 156      7F39D3
 157 029d CA8E056B 		.ascii	"\312\216\005kN\236:\241oE\234\256\252\256\011\352\207"
 157      4E9E3AA1 
 157      6F459CAE 
 157      AAAE09EA 
 157      87
 158 02ae 4B4BF6EC 		.ascii	"KK\366\354\326\213\213\017\350\245\207J\316\004(\346"
 158      D68B8B0F 
 158      E8A5874A 
 158      CE0428E6 
 159 02be 6865E571 		.ascii	"he\345q\177\005Se\320\037ti;\016"
 159      7F055365 
 159      D01F7469 
 159      3B0E
 160              		.text
 161              		.section	.gnu.lto_stGetAlarm.3f77e656cfb90bef,"",%progbits
 162 0000 789C8D52 		.ascii	"x\234\215RKL\023Q\024\275g\336t\246-Pu\247\246&lq\321"
 162      4B4C1351 
 162      14BD67DE 
 162      74A62D50 
 162      75A7A626 
 163 0017 49D5B52B 		.ascii	"I\325\265+\023c\204\225\354\215\301\005\213&\030J\334"
 163      13638495 
 163      EC8DC105 
 163      8B26184A 
 163      DC
 164 0028 F6418B40 		.ascii	"\366A\213@`\341\217\326\340h\232HbL$\225P?\255\010#"
 164      60E18FD6 
 164      E0689A48 
 164      624C2495 
 164      503FAD08 
 165 003d 089818B1 		.ascii	"\010\230\030\261\270S7D\374$\244\022\225\004Rb\301\373"
 165      B8533744 
 165      FC24A412 
 165      95045262 
 165      C1FB
 166 004f 6688222B 		.ascii	"f\210\"+'\363>\367\316\311\271\367\3343\006\021-kD\247"
 166      27F33EF7 
 166      CEC9B9F7 
 166      DC330611 
 166      2D6B44A7 
 167 0063 F93CC60B 		.ascii	"\371<\306\013>\202vy\236\250\323\257i\242\024&\031\324"
 167      3E827679 
 167      9EA8D3AF 
 167      69A21426 
 167      19D4
 168 0075 9D28C95A 		.ascii	"\235(\311Z\001\335K\353\200\272H?(\241\011\035\011\014"
 168      01DD4BEB 
 168      80BA483F 
 168      28A1091D 
 168      090C
 169 0087 88EB020B 		.ascii	"\210\353\002\013\251\007\266\350\027\266 \350\034\376"
 169      A907B6E8 
 169      17B620E8 
 169      1CFE
ARM GAS  /tmp/ccvizC49.s 			page 13


 170 0095 783DB414 		.ascii	"x=\264\024R!P\317aye6_\333pW\312.\351d~\2327\363%\031"
 170      522150CF 
 170      61796536 
 170      5FDB7057 
 170      CA2EE964 
 171 00af B0854669 		.ascii	"\260\205Fi\206\347\021\306\030\302\252\370C4\020\243"
 171      86E711C6 
 171      18C2AAF8 
 171      433410A3 
 172 00bf 3F8E6E0E 		.ascii	"?\216n\016\326\031zV\220\002p\376\021\014\002\237\234"
 172      D6197A56 
 172      900270FE 
 172      110C029F 
 172      9C
 173 00d0 C9BDF539 		.ascii	"\311\275\3659rs\253G:\237\356\240z\322\324\311\026\302"
 173      7273AB47 
 173      3A9FEEA0 
 173      7AD2D4C9 
 173      16C2
 174 00e2 A736436D 		.ascii	"\2476CmD\275\274\270A\351P\037\027\340[\322\241eL\025"
 174      44BDBCB8 
 174      41E9501F 
 174      17E05BD2 
 174      A1654C15 
 175 00f6 2BE3C3F6 		.ascii	"+\343\303\366\361?\344)\311\217\223Y3\205\313\236\026"
 175      F13FE429 
 175      C98F9359 
 175      3385CB9E 
 175      16
 176 0107 D85198F0 		.ascii	"\330Q\230\360\030\006\236\250\242\274\015\011%(\335"
 176      18069EA8 
 176      A2BC0D09 
 176      2528DD
 177 0116 3DF5C654 		.ascii	"=\365\306T\202t\0279?\262\376=\350\205\212I!\262\267"
 177      82741739 
 177      3FB2FE3D 
 177      E8858A49 
 177      21B2B7
 178 0129 BE06B2B8 		.ascii	"\276\006\262\270\015[\370PdM\005\245\211\363=_^\225"
 178      0D5BF850 
 178      644D05A5 
 178      89F33D5F 
 178      5E95
 179 013b 42D6884C 		.ascii	"B\326\210Lu\312\305\325+\373\226L[\030x\212,\006\271"
 179      75CAC5D5 
 179      2BFB964C 
 179      5B18788A 
 179      2C06B9
 180 014e 53558930 		.ascii	"SU\2110\016\213{L\376\272\364.\340U\364yEg\266\326\235"
 180      0E8B7B4C 
 180      FEBAF42E 
 180      E055F479 
 180      4567B6D6 
 181 0163 3DAA8A80 		.ascii	"=\252\212\200\206g\314\367\031\251\367\323\231\2659"
 181      8667CCF7 
 181      19A9F7D3 
 181      99B539
ARM GAS  /tmp/ccvizC49.s 			page 14


 182 0172 A8A619C6 		.ascii	"\250\246\031\306\230\\\271P\251\3630\204\011w\216\304"
 182      985CB950 
 182      A9F33084 
 182      09778EC4 
 183 0182 D20595C2 		.ascii	"\322\005\225\302\254\274\214T\275;>F\026\012\345\017"
 183      ACBC8C54 
 183      BD3B3E46 
 183      160AE50F 
 184 0192 66A22AFD 		.ascii	"f\242*\375\2660\323<\033\302$\022\264S\233\337\325\226"
 184      B630D33C 
 184      1BC22412 
 184      B4539BDF 
 184      D596
 185 01a4 DC985C0D 		.ascii	"\334\230\\\0151n?'\224\007*WY\370\326[\303\352:\367"
 185      316E3F27 
 185      94072A57 
 185      59F8D65B 
 185      C3EA3AF7 
 186 01b8 DA2280E7 		.ascii	"\332\"\200\347\354\272\263-/9<\326\015F\337\220\262"
 186      ECBAB32D 
 186      2F393CD6 
 186      0D46DF90 
 186      B2
 187 01c9 5E314CB1 		.ascii	"^1L\2612\317\260i$l\021t\273\321\377\0321Q\031\277\237"
 187      32CFB069 
 187      246C1174 
 187      BBD1FF1A 
 187      315119BF 
 188 01de 39B8CB88 		.ascii	"9\270\313\210k\033\346\266\017\342\037\037^\260\017"
 188      6B1BE6B6 
 188      0FE21F1F 
 188      5EB00F
 189 01ed 338A6B46 		.ascii	"3\212kF\3115\376w\312\243\207\256\362\357U\203Yw\312"
 189      C935FE77 
 189      CAA387AE 
 189      F2EF5583 
 189      5977CA
 190 0200 707914C8 		.ascii	"py\024\310\031\350\272gFs\012\224-j\312\2079X8\314\014"
 190      19E8BA67 
 190      46730A94 
 190      2D6ACA87 
 190      395838CC 
 191 0215 2E022F11 		.ascii	".\002/\021\245\025t-\366W\247\015o\302\206\232f/Sp\377"
 191      A515742D 
 191      F657A70D 
 191      6FC2869A 
 191      662F5370 
 192 022a 3CB10391 		.ascii	"<\261\003\221\210\345\275mq\253\365\\\314\212\267\267"
 192      88E5BD6D 
 192      71ABF55C 
 192      CC8AB7B7 
 193 023a 58F18E48 		.ascii	"X\361\216H\013Y\273\277\\hk\357\210[g\232\233\216\036"
 193      0B59BBBF 
 193      5C686BEF 
 193      885B679A 
 193      9B8E1E
 194 024d B11A1B4F 		.ascii	"\261\032\033OX\315\247\232.F\031{6\026;\037i\245\337"
ARM GAS  /tmp/ccvizC49.s 			page 15


 194      58CDA79A 
 194      2E46197B 
 194      36163B1F 
 194      69A5DF
 195 0260 812E0EC0 		.ascii	"\201.\016\300"
 196              		.text
 197              		.section	.gnu.lto_.symbol_nodes.3f77e656cfb90bef,"",%progbits
 198 0000 789C558A 		.ascii	"x\234U\212\301\015\202@\024\005\347\355\207\215\264"
 198      C10D8240 
 198      1405E7ED 
 198      878DB4
 199 000f 6101D4A0 		.ascii	"a\001\324\240\225\375=P\200E\330\201\210\200\326`\015"
 199      95FD3D50 
 199      8045D881 
 199      8880D660 
 199      0D
 200 0020 B6E1C5B0 		.ascii	"\266\341\305\260Y.\356\341e\222\231\027\201)\217p\223"
 200      592EEEE1 
 200      65929917 
 200      81298F70 
 200      93
 201 0031 C3E50D19 		.ascii	"\303\345\015\031k:g3\312U\231v\025\351\010\026\356\362"
 201      6B3A6733 
 201      CA559976 
 201      15E90816 
 201      EEF2
 202 0043 509F27B9 		.ascii	"P\237'\271\325\347\247\264\237\037\362\246N/\205\222"
 202      D5E7A7B4 
 202      9F1FF2A6 
 202      4E2F8592 
 203 0053 34CBDB92 		.ascii	"4\313\333\222 \245\023h\221\307\177a\034\270~~2u\014"
 203      20A51368 
 203      91C77F61 
 203      1CB87E7E 
 203      32750C
 204 0066 DFDE9A1D 		.ascii	"\337\336\232\035\261\200\015\272\226+?"
 204      B1800DBA 
 204      962B3F
 205              		.text
 206              		.section	.gnu.lto_.refs.3f77e656cfb90bef,"",%progbits
 207 0000 789C6363 		.ascii	"x\234cc``\020\000bFF&&\026F\026&V\026F6&v\026\006\000"
 207      60601000 
 207      62464626 
 207      26164616 
 207      26561646 
 208 001a 033F0045 		.ascii	"\003?\000E"
 209              		.text
 210              		.section	.gnu.lto_.decls.3f77e656cfb90bef,"",%progbits
 211 0000 789CBD58 		.ascii	"x\234\275X{PT\327\031\277\347\236eY\227\227\335d\034"
 211      7B5054D7 
 211      19BFE79E 
 211      65599797 
 211      DD641C
 212 0013 33351375 		.ascii	"35\023u\310@\246\201\025l\222v\232f\222\240y\264\321"
 212      C840A681 
 212      156C9276 
 212      9A6692A0 
ARM GAS  /tmp/ccvizC49.s 			page 16


 212      79B4D1
 213 0026 66563BD3 		.ascii	"fV;\323?:\263\331\254\233@\303\303\262kf2\371\243\027"
 213      3F3AB3D9 
 213      AC9B40C3 
 213      C3B26B66 
 213      32F9A317 
 214 003a 41A06A22 		.ascii	"A\240j\"\030D\344\021@\024\215!\370\004DTV^\362\226"
 214      1844E411 
 214      40148D21 
 214      F8044454 
 214      565EF296 
 215 004e 20A2A020 		.ascii	" \242\240 >\220WD@\361\211\331~\347\234{\271w\257\220"
 215      3E905744 
 215      40F189D9 
 215      7EE79C7B 
 215      B977AF90 
 216 0062 A6336DEF 		.ascii	"\2463m\357\354\267{\277s~\347\367\375\316w\036\367\334"
 216      ECB77BBF 
 216      737EE7F7 
 216      FDCE771E 
 216      F7DC
 217 0074 D5721CB7 		.ascii	"\325r\034\267\360i\216\373\034s\334|\236\343\\pi\241"
 217      F0698EFB 
 217      1C73DC7C 
 217      9EE35C70 
 217      69A1
 218 0086 EC141814 		.ascii	"\354\024\030\024qN\260V\260s\034\273<\301.\201\365\201"
 218      714EB056 
 218      B0731CBB 
 218      3CC12E81 
 218      F581
 219 0098 5D05BB0E 		.ascii	"]\005\273\0166\0006\0046*\266\231\000\233\004\273\317"
 219      36003604 
 219      362AB699 
 219      009B04BB 
 219      CF
 220 00a9 B95FE588 		.ascii	"\271_\345\210\325\177\000\366\000\354\242X\316\213\234"
 220      D57F00F6 
 220      00ECA258 
 220      CE8B9C
 221 00b8 43DC93D7 		.ascii	"C\334\223\327)h\343#\2661\200=-j\012\000\373=\324\275"
 221      2968E323 
 221      B631803D 
 221      2D6A0A00 
 221      FB3DD4BD 
 222 00cc 0AE682FB 		.ascii	"\012\346\202\373\327\020\323\331\002v\023\314G\214\025"
 222      D710D3D9 
 222      027613CC 
 222      478C15
 223 00db 08BF0160 		.ascii	"\010\277\001`/\200iD\335o!\246\365\035\370E\242^\345"
 223      2F806944 
 223      DD6F21A6 
 223      F51DF845 
 223      A25EE5
 224 00ee 552B623F 		.ascii	"U+b?P\305@\"\037/\366\375\017\350I\275\015\377\201^"
 224      50C54022 
 224      1F2FF6FD 
ARM GAS  /tmp/ccvizC49.s 			page 17


 224      0FE849BD 
 224      0DFF815E 
 225 0102 92D30E85 		.ascii	"\222\323\016\205^^\241W#\346V\322\372\236\250uR\025"
 225      5E5EA157 
 225      23E656D2 
 225      FA9EA875 
 225      5215
 226 0114 EF0C147A 		.ascii	"\357\014\024z\377\027b\015(b\255\024c\251\307/\015\243"
 226      FF17620D 
 226      2862AD14 
 226      63A9C72F 
 226      0DA3
 227 0126 9EFA6FBE 		.ascii	"\236\372o\276\305\2330\012\320#2S\374\240h\377\017\345"
 227      C59B300A 
 227      D0233253 
 227      FCA068FF 
 227      0FE5
 228 0138 0F7C5811 		.ascii	"\017|X\021A\034\217\313i\360\304<\275\357\334zl\277"
 228      411C8FCB 
 228      69F0C43C 
 228      BDEFDC7A 
 228      6CBF
 229 014a 777091C0 		.ascii	"wp\221\300.\335\3578T\202\260D\325\276eb\227'\366\247"
 229      2EDDEF38 
 229      5482B044 
 229      D5BE6562 
 229      9727F6A7 
 230 015e C0EF130E 		.ascii	"\300\357\023\016d\023Z\203\036i\300\035o\311\274\346"
 230      64135A83 
 230      1E69C01D 
 230      6FC9BCE6 
 231 016e 0BEED37A 		.ascii	"\013\356\323z\2640\015\363\227\273\036]\362E\372\300"
 231      B4300DF3 
 231      97BB1E5D 
 231      F245FAC0 
 232 017e 6441582F 		.ascii	"dAX/\344\305\013s\336\341P9Z\200\216\242\005\034\252"
 232      E4C50B73 
 232      DEE15039 
 232      5A808EA2 
 232      051CAA
 233 0191 40812474 		.ascii	"@\201$t)\012\346\320\021(<\014\205\205$\234\3235\031"
 233      290AE6D0 
 233      11283C0C 
 233      8585249C 
 233      D33519
 234 01a4 909A2408 		.ascii	"\220\232$\010<:\206\364\250\014a\212\201\236\005\350"
 234      3C3A86F4 
 234      A80C618A 
 234      819E05E8 
 235 01b4 99806F76 		.ascii	"\231\200ov\245\356\324\3422D\024\360\025Y\375\265\374"
 235      A5EED4E2 
 235      324414F0 
 235      1559FDB5 
 235      FC
 236 01c5 6C314ECE 		.ascii	"l1N\316\032\343\364\321\305u\033H\214\023\020\343\270"
 236      1AE3F4D1 
 236      C5751B48 
ARM GAS  /tmp/ccvizC49.s 			page 18


 236      8C1310E3 
 236      B8
 237 01d6 1C0342B2 		.ascii	"\034\003B\262 [J.N\371\341\3434\037\374\2063\245C\263"
 237      205B4A2E 
 237      4EF9E1E3 
 237      341FFC86 
 237      33A543B3 
 238 01ea 0639356B 		.ascii	"\00695k\220{\027^,\244A\234\020\244R\016r\202\006!\245"
 238      907B175E 
 238      2CA4419C 
 238      10A4520E 
 238      72820621 
 239 01ff 10E8D160 		.ascii	"\020\350\321`Z\027b)\364\006\367\306\261\264\032\275"
 239      5A176229 
 239      F406F7C6 
 239      B1B41ABD 
 240 020f 3E99B4A7 		.ascii	">\231\264\247\201H\271\024\212C\325\244%2.@U\340\002"
 240      8148B914 
 240      8A43D5A4 
 240      25322E40 
 240      55E002
 241 0222 BA60B8BC 		.ascii	"\272`\270\274\332\2035\366\001\367\322\316\264\335\032"
 241      DA8335F6 
 241      01F7D2CE 
 241      B4DD1A
 242 0231 96FF4152 		.ascii	"\226\377AR}\356\376\211\207\336x\204vBS\024\277oL\203"
 242      7DEEFE89 
 242      87DE7884 
 242      76425314 
 242      BF6F4C83 
 243 0245 02172060 		.ascii	"\002\027 `C\372Bip9\324\010\352\352\304\361\205+S\200"
 243      43FA4269 
 243      7039D408 
 243      EAEAC4F1 
 243      852B5380 
 244 0259 E863FF20 		.ascii	"\350c\377 \305p\257\243\277\264\343B\201\200\347sh\351"
 244      C570AFA3 
 244      BFB4E342 
 244      8180E773 
 244      68E9
 245 026b 02B404BA 		.ascii	"\002\264\004\272}\032\272\335H\3454\000a=\323#\010m"
 245      7D1ABADD 
 245      48E53400 
 245      613DD323 
 245      086D
 246 027d B73C0C29 		.ascii	"\267<\014)\204\030\276^G\224\273\026\352k\250\374&d"
 246      8418BE5E 
 246      4794BB16 
 246      EA6BA8FC 
 246      2664
 247 028f 903A41D0 		.ascii	"\220:A\320\007\263\353\037\314\321\213\334\311\377\216"
 247      07B3EB1F 
 247      CCD18BDC 
 247      C9FF8E
 248 029e DBB53D7B 		.ascii	"\333\265={\334S\311\335\374S\334\267\006\252\212\365"
 248      DC53C9DD 
 248      FC53DCB7 
ARM GAS  /tmp/ccvizC49.s 			page 19


 248      06AA8AF5 
 249 02ae DE1BA707 		.ascii	"\336\033\247\007\014\265 \203\"\221\255\210,>\372\013"
 249      0CB52083 
 249      2291AD88 
 249      2C3EFA0B 
 250 02be E0C7636D 		.ascii	"\340\307cm\217\275Y\032\351\220\324'\346\242Y\307\240"
 250      8FBD591A 
 250      E990D427 
 250      E6A259C7 
 250      A0
 251 02cf 4D1A8333 		.ascii	"M\032\2033L\327\371\256\204rq\000\275\300-\273\262\255"
 251      4CD7F9AE 
 251      84727100 
 251      BDC02DBB 
 251      B2AD
 252 02e1 720E1B83 		.ascii	"r\016\033\203\013\244\372dS{\227\257:%\355\300\366="
 252      0BA4FA64 
 252      537B97AF 
 252      3A25EDC0 
 252      F63D
 253 02f3 653B4B65 		.ascii	"e;Ke\267I\262;z7\207\251\3738+8\247a\357_\225]\354p"
 253      B749B23B 
 253      7A3787A9 
 253      FB382B38 
 253      A761EF5F 
 254 030b EBE239B1 		.ascii	"\353\3429\261\213\347h\027\313\253\022\277\367\271\214"
 254      8BE76817 
 254      CBAB12BF 
 254      F7B98C
 255 031a 7A106C20 		.ascii	"z\020l h.\035h\204\3307\374\022\243\276K\272\020+\207"
 255      682E1D68 
 255      84D837FC 
 255      12A3BE4B 
 255      BA102B87 
 256 032e 529EFD88 		.ascii	"R\236\375\210P\342HM\304{\370\346E\016^\342\245\037"
 256      50E2484D 
 256      C47BF8E6 
 256      450E5EE2 
 256      A51F
 257 0340 91002959 		.ascii	"\221\000)YY=\013']\234D\317dI\3558F\351\036L\321\310"
 257      593D0B27 
 257      5D9C44CF 
 257      6449ED38 
 257      46E91E4C 
 258 0356 4D2B375D 		.ascii	"M+7]=-S\356$\022\267\256c\371\305\003\232>\324\013\376"
 258      3D2D53EE 
 258      2412B7AE 
 258      63F9C503 
 258      9A3ED40B 
 259 036b 5B1C97A2 		.ascii	"[\034\227\242\213\242\245I\207F/{\3401\266\365\325\272"
 259      8BA2A549 
 259      87462F7B 
 259      E031B6F5 
 259      D5BA
 260 037d EE39FDD8 		.ascii	"\3569\375\330h\362d\263\033k\316\361b\2439\027\334\242"
 260      68F264B3 
 260      1B6BCEF1 
ARM GAS  /tmp/ccvizC49.s 			page 20


 260      62A33917 
 260      DCA2
 261 038f CDAE348F 		.ascii	"\315\2564\217\371\351t|\342\205\271<\372`\036\352\206"
 261      F9E9747C 
 261      E285B93C 
 261      FA601EEA 
 261      86
 262 03a0 8C77D18C 		.ascii	"\214w\321\214_D\363\341;Z\303\202\015v|\371\351\342"
 262      5F44F3E1 
 262      3B5AC382 
 262      0D767CF9 
 262      E9E2
 263 03b2 3C21AF0F 		.ascii	"<!\257\017v\264\336%\003G\004\001\366\002ACP\350\202"
 263      76B4DE25 
 263      03470401 
 263      F6024143 
 263      50E882
 264 03c5 BC195C20 		.ascii	"\274\031\\ +\017\235G}\010u\242\313\240\373\022Z\014"
 264      2B0F9D47 
 264      7D0875A2 
 264      CBA0FB12 
 264      5A0C
 265 03d7 ADE38BBA 		.ascii	"\255\343\213\2727z\340TLE\035(\372\256G\247\341\331"
 265      377AE054 
 265      4C451D28 
 265      FAAE47A7 
 265      E1D9
 266 03e9 9E410290 		.ascii	"\236A\002\220\245\266\251c\253\337\254R.S)\275H\324"
 266      A5B6A963 
 266      ABDFAC52 
 266      2E5329BD 
 266      48D4
 267 03fb 7273B0B7 		.ascii	"rs\260\267_\003b\372@\314\3603\231\202\023V\034\354"
 267      5F0362FA 
 267      40CCF033 
 267      99821356 
 267      1CEC
 268 040d 4B808219 		.ascii	"K\200\202\0311-\245G-\245\217Jixt\310\027\177\315\224"
 268      312DA547 
 268      2DA58F4A 
 268      697874C8 
 268      177FCD94 
 269 0421 945E8F6F 		.ascii	"\224^\217o\367\020\211\272\1779MD\372tE&\272\242&\272"
 269      F71089BA 
 269      7F394D44 
 269      FA744526 
 269      BAA226BA 
 270 0435 4A89B61E 		.ascii	"J\211\266\036\276\227\353\201\3671\246\201\332\326,"
 270      BE97EB81 
 270      F731A681 
 270      DAD62C
 271 0444 4F91A9F1 		.ascii	"O\221\251\361Y7I\327d\246kj\246\353\224\251\350N\333"
 271      593749D7 
 271      64A66B6A 
 271      A6EB94A9 
 271      E84EDB
 272 0457 211F5CC2 		.ascii	"!\037\\\302\230\246\266$\216\363\312L\220$\311\251\270"
ARM GAS  /tmp/ccvizC49.s 			page 21


 272      98A6B624 
 272      8EF3CA4C 
 272      9024C9A9 
 272      B8
 273 0468 E1362AF9 		.ascii	"\3416*\371=w\004\255\030\2665w^~\274\260\027\332-$("
 273      3D7704AD 
 273      18B63577 
 273      5E7EBCB0 
 273      17DA2D24 
 274 047d D42FC7ED 		.ascii	"\324/\307\355W\307\035\240q\3077\337\312\363\303N\026"
 274      57C71DA0 
 274      71C737DF 
 274      CAF3C34E 
 274      16
 275 048e D7355EDC 		.ascii	"\3275^\334Is\001[\375\300\203Ws\016\014\012\311z:\013"
 275      4973015B 
 275      FDC08357 
 275      730E0C0A 
 275      C97A3A0B 
 276 04a2 D0A0CC34 		.ascii	"\320\240\3144(\356\254h\21028\307ve`<\305\030\256\334"
 276      28EEAC68 
 276      883238C7 
 276      7665603C 
 276      C518AEDC 
 277 04b6 77D5782B 		.ascii	"w\325x+W0Y\356\362\012\036a+\030\200g\232\266\245\373"
 277      573059EE 
 277      F20A1E61 
 277      2B188067 
 277      9AB6A5FB 
 278 04ca D1090065 		.ascii	"\321\011\000e\342\004p\305\357\270;\373\\\274I{\375"
 278      E20470C5 
 278      EFB83BFB 
 278      5CBC497B 
 278      FD
 279 04db 833401E2 		.ascii	"\2034\001\342\316v6 Q\353\355d\\\334\220\350|\237\202"
 279      CE763620 
 279      51EBED64 
 279      5CDC90E8 
 279      7C9F82
 280 04ee D0B02C75 		.ascii	"\320\260,uX\222:J\245\366T<\354\361^T\250\311\205\207"
 280      58923A4A 
 280      A5F6543C 
 280      ECF15E54 
 280      A8C98587 
 281 0502 00EC9E74 		.ascii	"\000\354\236t\036\225\246\265`|DC\325\347\267\334N\327"
 281      1E95A6B5 
 281      607C4443 
 281      D5E7B7DC 
 281      4ED7
 282 0514 E32AE6B4 		.ascii	"\343*\346\264v\366wz>_ \2649\311t\177uG\241\220\234"
 282      76F6777A 
 282      3E5F20B4 
 282      39C9747F 
 282      7547A190 
 283 0529 1247DBA1 		.ascii	"\022G\333\241q\210\0003I\261W\217A\311-\264\210C\023"
 283      71880033 
 283      49B1578F 
ARM GAS  /tmp/ccvizC49.s 			page 22


 283      41C92DB4 
 283      884313
 284 053c E879689B 		.ascii	"\350yh\233\221UP\312/j\242\201:X\240\346\3357\247\264"
 284      915550CA 
 284      2F6AA281 
 284      3A58A0E6 
 284      DD37A7B4 
 285 0550 F83CE36E 		.ascii	"\370<\343n)N:\254\025\271\273\237\215\313s&,\244{\035"
 285      294E3AAC 
 285      15B9BB9F 
 285      8DCB7326 
 285      2CA47B1D 
 286 0564 2186F9A0 		.ascii	"!\206\371\240\330 \357@\311mB<I\211\037n\314\036\321"
 286      D820EF40 
 286      C96D423C 
 286      49891F6E 
 286      CC1ED1
 287 0577 2DEA5712 		.ascii	"-\352W\022\237\277\264\376\234\016\2173\342\253\333"
 287      9FBFB4FE 
 287      9C0E8F33 
 287      E2ABDB
 288 0586 8A5A7C24 		.ascii	"\212Z|$\342\347\334\211\007\334\210\357A\311]B|\237"
 288      E2E7DC89 
 288      07DC88EF 
 288      41C95D42 
 288      7C9F
 289 0598 12E74E3D 		.ascii	"\022\347N=\332\341\253\03482\350\362\300=\020\267\336"
 289      DAE1AB1C 
 289      3832E8F2 
 289      C03D10B7 
 289      DE
 290 05a9 0774EB95 		.ascii	"\007t\353\225\236\010\006\361\211\220Yq\247Q|h\353H"
 290      9E0806F1 
 290      89905971 
 290      A7517C68 
 290      EB48
 291 05bb F5E8B765 		.ascii	"\365\350\267e>l\213q\222\352\2637\362\023\304\207Q\033"
 291      3E6C8B71 
 291      92EAB337 
 291      F213C487 
 291      511B
 292 05cd F1AB3B4F 		.ascii	"\361\253;O\217i\260\213)\316h?\270\234<\231\342\177"
 292      8F69B08B 
 292      29CE683F 
 292      B89C3C99 
 292      E27F
 293 05df D6598724 		.ascii	"\326Y\207$\262\371Q\213\007\336\340A[o\252-\251\023"
 293      B2F9518B 
 293      07DEE041 
 293      5B6FAA2D 
 293      A913
 294 05f1 8F6BF5C4 		.ascii	"\217k\365\304O;V]\341\205\223Y\345\265\215W\253\265"
 294      4F3B565D 
 294      E1859359 
 294      E5B58D57 
 294      ABB5
 295 0603 F80BE648 		.ascii	"\370\013\346H\242\014\242\250\334\213\223\215\010\247"
ARM GAS  /tmp/ccvizC49.s 			page 23


 295      A20CA2A8 
 295      DC8B938D 
 295      08A7
 296 0611 B2CA8AB2 		.ascii	"\262\312\212\262\343ub\007\226(\366H\003\333#Ko4\324"
 296      E3756207 
 296      9628F648 
 296      03DB234B 
 296      6F34D4
 297 0624 E9597F04 		.ascii	"\351Y\177\004\004\376\211\366K\257\343t\326\262j\342"
 297      04FE89F6 
 297      4BAFE374 
 297      D6B26AE2 
 298 0634 C01EB16F 		.ascii	"\300\036\261o\030\334\276\224j\227\337\254\017\332M"
 298      18DCBE94 
 298      6A97DFAC 
 298      0FDA4D
 299 0643 BCF8A0DD 		.ascii	"\274\370\240\335\310\323\256L\246\034xK~6j\350\321-"
 299      C8D3AE4C 
 299      A61C784B 
 299      7E366AE8 
 299      D12D
 300 0655 995F8092 		.ascii	"\231_\200\222x\202\336\314\033\2446t\302_\331\335\353"
 300      7882DECC 
 300      1BA43674 
 300      C25FD9DD 
 300      EB
 301 0666 AB44BB7E 		.ascii	"\253D\273~\012]\\\260{\273\036g2\221Y\267{\206\304\361"
 301      0A5D5CB0 
 301      7BBB1E67 
 301      329159B7 
 301      7B86C4F1 
 302 067a 0A04B7F0 		.ascii	"\012\004\267\360nE\274\016\177\315\352\276:\231\323"
 302      6E45BC0E 
 302      7FCDEABE 
 302      3A99D3
 303 0689 E2897732 		.ascii	"\342\211w2G:\356\032\350q\027\255?\377&.d5\225\251["
 303      473AEE1A 
 303      E87117AD 
 303      3FFF262E 
 303      643595A9 
 304 069e 6133DDC7 		.ascii	"a3\335\307\234\321\204\376>1?\363\301\335\3264\022\200"
 304      9CD184FE 
 304      3E313FF3 
 304      C1DDD634 
 304      1280
 305 06b0 F7B3AA1F 		.ascii	"\367\263\252\037\353\253\003p\011\273\257+\335\273\007"
 305      EBAB0370 
 305      09BBAF2B 
 305      DDBB07
 306 06bf E10AE64C 		.ascii	"\341\012\346Ld\326\215\350q%s\362\332\263\217\352p\025"
 306      64D68DE8 
 306      712573F2 
 306      DAB38FEA 
 306      7015
 307 06d1 730AEFA7 		.ascii	"s\012\357\247\027z\343\323\314\351(?\227\354\205\233"
 307      177AE3D3 
 307      CCE9283F 
ARM GAS  /tmp/ccvizC49.s 			page 24


 307      97EC859B 
 308 06e1 99937CF0 		.ascii	"\231\223|\360`\206\027nc\316\372\212\256T\3619\326G"
 308      6086176E 
 308      63CEFA8A 
 308      AE54F139 
 308      D647
 309 06f3 FCEBBBAF 		.ascii	"\374\353\273\257\347\211\307\022A\013\376\306\366f\230"
 309      E789C712 
 309      410BFEC6 
 309      F66698
 310 0702 D31D0C9C 		.ascii	"\323\035\014\234:6\361\225v\326q\310\227\306a\011\035"
 310      3A36F195 
 310      76D671C8 
 310      97C66109 
 310      1D
 311 0713 86B29282 		.ascii	"\206\262\222\202[:\3658L\001\372\021E\357\244\231\315"
 311      5B3AF538 
 311      4C01FA11 
 311      45EFA499 
 311      CD
 312 0724 97325B53 		.ascii	"\2272[Ss\3421R\217\303l\350y\316\244\274\015^\310\237"
 312      73E23152 
 312      8FC36CE8 
 312      79CEA4BC 
 312      0D5EC89F 
 313 0738 5D4FF94B 		.ascii	"]O\371KW \371\332)$\304\013\3163\025\270\373\273/\277"
 313      5720F9DA 
 313      2924C40B 
 313      CE3315B8 
 313      FBBB2FBF 
 314 074c 10F2AA10 		.ascii	"\020\362\252\020\245J\3411\372\226\177J^\007[\350\370"
 314      A54AE131 
 314      FA967F4A 
 314      5E075BE8 
 314      F8
 315 075d 9613768E 		.ascii	"\226\023v\2165\031\216\204\247K\002\246\360\355j\370"
 315      35198E84 
 315      A74B02A6 
 315      F0ED6AF8 
 316 076d 360A0F91 		.ascii	"6\012\017\221\321\215\012t\226\032\315DK\3508\301y5"
 316      D18D0A74 
 316      961ACD44 
 316      4BE838C1 
 316      7935
 317 077f 2A8EA2BF 		.ascii	"*\216\242\277\340\015\350\237\"Z\232e(\361\011)\355"
 317      E00DE89F 
 317      225A9A65 
 317      28F10929 
 317      ED
 318 0790 0AF2CC99 		.ascii	"\012\362\314\231\311\225\360n\005|\207\032\236\244V"
 318      C995F06E 
 318      057C871A 
 318      9EA456
 319 079f FE304A46 		.ascii	"\3760JF\257W\243\343\024ZR\305\321\020\340\351\200r"
 319      AF57A3E3 
 319      145A52C5 
 319      D110E0E9 
ARM GAS  /tmp/ccvizC49.s 			page 25


 319      8072
 320 07b1 41EDD7B4 		.ascii	"A\355\327\264\222\340a\373@%| \332\317\373\243\"\260"
 320      92E061FB 
 320      40257C20 
 320      DACFFBA3 
 320      22B0
 321 07c3 42B0BD60 		.ascii	"B\260\275`\337\200\225\201\355\006\373\016\354"
 321      DF809581 
 321      ED06FB0E 
 321      EC
 322 07d0 20D801B0 		.ascii	" \330\001\260r\260]`G\301\366\200\035\006+\006\333\007"
 322      72B05D60 
 322      47C1F680 
 322      1D062B06 
 322      DB07
 323 07e2 560A7608 		.ascii	"V\012v\010\354\010\357O\037+Le\225\242O\331j\225Fu\006"
 323      EC08EF4F 
 323      1F2B4C65 
 323      95A24FD9 
 323      6A954675 
 324 07f7 2614E8F4 		.ascii	"&\024\350\364\231\307\316\015\256HA\374\314)P&\354\023"
 324      99C7CE0D 
 324      AE4841FC 
 324      CC295026 
 324      EC13
 325 0809 199D33A3 		.ascii	"\031\2353\243\024\005\270JA\375\225\032\274\365\011"
 325      1405B84A 
 325      41FD951A 
 325      BCF509
 326 0818 250F15C2 		.ascii	"%\017\025\302\323f\206+']\264\214\376\021\251\320\217"
 326      D366862B 
 326      275DB48C 
 326      FE11A9D0 
 326      8F
 327 0829 9F9817C3 		.ascii	"\237\230\027\303\012-\033\324\344\011\356Z`~\266G\263"
 327      0A2D1BD4 
 327      E409EE5A 
 327      607EB647 
 327      B3
 328 083a 495A0093 		.ascii	"IZ\000\2234O\204KK\020=\224\2474{k\275;b\210\203\251"
 328      344F844B 
 328      4B103D94 
 328      A7347B6B 
 328      BD3B6288 
 329 0850 41509C78 		.ascii	"AP\234x2\220G\257n\324P\020/\324/\241\241\005u\350\307"
 329      329047AF 
 329      6ED45010 
 329      2FD42FA1 
 329      A10575E8 
 330 0865 48D5AFAB 		.ascii	"H\325\257\253\212,d\314<\201\335\346\273\242__\252\341"
 330      8A2C64CC 
 330      3C81DDE6 
 330      BBA25F5F 
 330      AAE1
 331 0877 894F244D 		.ascii	"\211O$M\201N\235y\033\240hr\224i\356\334\353\2137k\351"
 331      814E9D79 
 331      1BA06872 
ARM GAS  /tmp/ccvizC49.s 			page 26


 331      9469EEDC 
 331      EB8B376B 
 332 088c DB7C4972 		.ascii	"\333|IrW\221\037\012|\212u\267wT\013o\301\35084>\306"
 332      57911F0A 
 332      7C8A75B7 
 332      77540B6F 
 332      C1E83834 
 333 08a2 4F1F8548 		.ascii	"O\037\205H\347gY(\250\002\326\307\377z\255\220\227\225"
 333      E7675928 
 333      A802D6C7 
 333      FF7AAD90 
 333      9795
 334 08b4 CAFC328D 		.ascii	"\312\3742\215\362\214q\\\321?\016\235\340\331\031\003"
 334      F28C715C 
 334      D13F0E9D 
 334      E0D91903 
 335 08c4 7EC9765F 		.ascii	"~\311v_\325\226\241S\202o\272\035HN\212\340\223\024"
 335      D596A153 
 335      826FBA1D 
 335      484E8AE0 
 335      9314
 336 08d6 DC3A557F 		.ascii	"\334:U\177P\2133\264\354pU{6\303\023\357\247\216&\253"
 336      508B33B4 
 336      EC70557B 
 336      36C313EF 
 336      A78E26AB 
 337 08ea A674D40B 		.ascii	"\246t\324\013\315a\377\021\004&\3217\363\370\224\271"
 337      CD61FF11 
 337      0426D137 
 337      F3F894B9 
 338 08fa 68FACDBC 		.ascii	"h\372\315\274\006\372{\212\237\003TU\220\216jH\007\371"
 338      06FA7B8A 
 338      9F035455 
 338      908E6A48 
 338      07F9
 339 090c 8B8094D0 		.ascii	"\213\200\224\320\277\015\346\322[\305\177\013\340\""
 339      BF0DE6D2 
 339      5BC57F0B 
 339      E022
 340 091a 273FFDDF 		.ascii	"'?\375\337\0029\266\326\215\025\351\224\307V\002\221"
 340      0239B6D6 
 340      8D15E994 
 340      C7560291 
 341 092a CFADB5BC 		.ascii	"\317\255\265\274\362\264\236\336\273#\315\027\216\255"
 341      F2B49EDE 
 341      BB23CD17 
 341      8EAD
 342 0938 CE3E7AC4 		.ascii	"\316>z\304\336\177aP\020\240\223\011HC\200\250R\036"
 342      DE7F6150 
 342      10A09309 
 342      484380A8 
 342      521E
 343 094a B04A5E75 		.ascii	"\260J^u`\257\343\311\0316\377\360\235LxQ`]=\271+W@\""
 343      60AFE3C9 
 343      1936FFF0 
 343      9D4C7851 
 343      605D3DB9 
ARM GAS  /tmp/ccvizC49.s 			page 27


 344 0962 DBF00BEC 		.ascii	"\333\360\013\354\225#\237\275r\234\226\231N\253\231"
 344      95239FBD 
 344      729C9699 
 344      4EAB99
 345 0971 EA29D345 		.ascii	"\352)\323EWy\236\017\256gL9\207vdy\213L\215\277\232"
 345      57799E0F 
 345      AE674C39 
 345      87766479 
 345      8B4C8DBF 
 346 0986 6622A7C0 		.ascii	"f\"\247\300\006\231\251A\315\324H\231*\207vejp7cj\236"
 346      0699A941 
 346      CDD44899 
 346      2A877665 
 346      6A703763 
 347 099c CC1EF294 		.ascii	"\314\036\362\2244\275\350\246\251IfjR35S\246\322\355"
 347      34BDE8A6 
 347      A949666A 
 347      52333553 
 347      A6D2ED
 348 09af DB5EC323 		.ascii	"\333^\303#\214\250\266\277\266VJUk1Y\245\360b\223\342"
 348      8CA8B6BF 
 348      B6564A55 
 348      6B3159A5 
 348      F06293E2 
 349 09c3 4F5F6C5A 		.ascii	"O_lZd\246\0265S+\277\230\233\037\034ld\237\030\2731"
 349      64A61635 
 349      532BBF98 
 349      9B1F1C6C 
 349      649F18BB 
 350 09d8 DC1269B4 		.ascii	"\334\022i\264\307Z\215vG\260U\367\366\312?/\014\013"
 350      C75A8D76 
 350      47B055F7 
 350      F6CA3F2F 
 350      0C0B
 351 09ea 09E1F466 		.ascii	"\011\341\364f\363\272\210h\307\322P\263#\021\031\303"
 351      F3BA8868 
 351      C7D250B3 
 351      231119C3 
 352 09fa 63A26C46 		.ascii	"c\242lF\213\325n\013\212\264|h\\\026c]\027e\213v\330"
 352      8BD56E0B 
 352      8AB47C68 
 352      5C16635D 
 352      17658B76 
 353 0a0f 8DAB6D96 		.ascii	"\215\253m\226\250?\032\227[##\326\332mf[\320\332u\326"
 353      A83F1A97 
 353      5B2323D6 
 353      DA6D665B 
 353      D0DA75D6 
 354 0a23 4F428DAB 		.ascii	"OB\215\253cb\"\355\306\217\255\326 KlTPtL\264-\310f"
 354      636222ED 
 354      C68FADD6 
 354      204B6C54 
 354      50744CB4 
 355 0a3a F93022E8 		.ascii	"\3710\"\350\225\240\320%!\257\004\375\375\327AQ\226"
 355      95A0D025 
 355      21AF04FD 
 355      FDD74151 
ARM GAS  /tmp/ccvizC49.s 			page 28


 355      96
 356 0a4b BFC5C41A 		.ascii	"\277\305\304\032\335j\215\021\321\326\310ukl\306(\213"
 356      DD6A8D11 
 356      D1D6C875 
 356      6B6CC628 
 356      8B
 357 0a5c 353C22DA 		.ascii	"5<\"\332f4\257\261}dY\027\3510;>[k\263\007\207s:I\320"
 357      6634AFB1 
 357      7D645917 
 357      E9303B3E 
 357      5B6BB307 
 358 0a75 E7FF573D 		.ascii	"\347\377W=\366\317\354F\263\335\261\006\202\203\210"
 358      F6CFEC46 
 358      B3DDB106 
 358      828388
 359 0a84 39E03A22 		.ascii	"9\340:\"\242lf\207\2772\207\261\216i\2745\234@D\315"
 359      A26C6687 
 359      BF3287B1 
 359      8E69BC35 
 359      9C4044CD 
 360 0a98 1A6BB825 		.ascii	"\032k\270%Vkw\274\033\035\341xf\266\244s\336v\307*\207"
 360      566B77BC 
 360      1B1DE178 
 360      66B6A473 
 360      DE76C72A 
 361 0aad 25D6F146 		.ascii	"%\326\361F$H\360\"N\314Zz\257\207{\233C\272}\3336\215"
 361      2448F022 
 361      4ECC5A7A 
 361      AF877B9B 
 361      43BA7DDB 
 362 0ac3 304746AE 		.ascii	"0GF\2561G\000\251QM\2726&\026\022\261j\365\212\245\241"
 362      314700A9 
 362      514DBA36 
 362      261612B1 
 362      6AF58AA5 
 363 0ad8 C6F7DE5B 		.ascii	"\306\367\336[f\\\375\356\212OC\214\254\005\321o\015"
 363      665CFDEE 
 363      8A4F438C 
 363      AC05D16F 
 363      0D
 364 0ae9 5FF599FD 		.ascii	"_\365\231\375\035K\244\343\271\237\322\017H\037\245"
 364      1D4BA4E3 
 364      B99FD20F 
 364      481FA5
 365 0af8 28CEC76C 		.ascii	"(\316\307l\376h]\264\325l\016~9\364\245\337\350$\317"
 365      FE685DB4 
 365      D56C0E7E 
 365      39F4A5DF 
 365      E824CF
 366 0b0b 4B16E806 		.ascii	"K\026\350\006y\371%/Y\257{\315o=\302\302V\230\226\362"
 366      79F9252F 
 366      59AF7BCD 
 366      6F3DC2C2 
 366      569896F2 
 367 0b1f 7F326996 		.ascii	"\1772i\226\255x\303\204\227\205\2314o.[m\302aa&l\002"
 367      AD78C384 
 367      97859934 
ARM GAS  /tmp/ccvizC49.s 			page 29


 367      6F2E5B6D 
 367      C2616126 
 368 0b35 7BC364C2 		.ascii	"{\303d\302\357\257\012\303a+Wk\302\302\226\233(>\224"
 368      EFAF0AC3 
 368      612B576B 
 368      C2C2969B 
 368      283E94
 369 0b48 7E87E0E5 		.ascii	"~\207\340\345o\233\370U\320\362\335\345&\315\252\025"
 369      6F9BF855 
 369      D0F2DDE5 
 369      26CDAA15 
 370 0b58 800E3385 		.ascii	"\200\0163\205\202\205\000\362/\246\320\237\233\214("
 370      828500F2 
 370      2FA6D09F 
 370      9B8C28
 371 0b67 328D22A2 		.ascii	"2\215\"\242\240\227^\323\216\3311O\312\253\335l!\272"
 371      A0975ED3 
 371      8ED9314F 
 371      CAABDD6C 
 371      21BA
 372 0b79 CD16AB23 		.ascii	"\315\026\253#\342S\233\207\371M\230@\006\261\322Nr\302"
 372      E2539B87 
 372      F94D9840 
 372      06B1D24E 
 372      72C2
 373 0b8b EA7F315D 		.ascii	"\352\1771]\024\263\226\225\314\225Jl\016\367\202\217"
 373      14B39695 
 373      CC954A6C 
 373      0EF7828F 
 374 0b9b A5827F01 		.ascii	"\245\202\177\001~\367\011u"
 374      7EF70975 
 375              		.text
 376              		.section	.gnu.lto_.symtab.3f77e656cfb90bef,"",%progbits
 377 0000 7374496E 		.ascii	"stInit\000"
 377      697400
 378 0007 00       		.ascii	"\000"
 379 0008 00       		.ascii	"\000"
 380 0009 00       		.ascii	"\000"
 381 000a 00000000 		.ascii	"\000\000\000\000\000\000\000\000"
 381      00000000 
 382 0012 DC000000 		.ascii	"\334\000\000\000"
 383 0016 73745374 		.ascii	"stStartAlarm\000"
 383      61727441 
 383      6C61726D 
 383      00
 384 0023 00       		.ascii	"\000"
 385 0024 00       		.ascii	"\000"
 386 0025 00       		.ascii	"\000"
 387 0026 00000000 		.ascii	"\000\000\000\000\000\000\000\000"
 387      00000000 
 388 002e E0000000 		.ascii	"\340\000\000\000"
 389 0032 73745374 		.ascii	"stStopAlarm\000"
 389      6F70416C 
 389      61726D00 
 390 003e 00       		.ascii	"\000"
 391 003f 00       		.ascii	"\000"
 392 0040 00       		.ascii	"\000"
ARM GAS  /tmp/ccvizC49.s 			page 30


 393 0041 00000000 		.ascii	"\000\000\000\000\000\000\000\000"
 393      00000000 
 394 0049 E2000000 		.ascii	"\342\000\000\000"
 395 004d 73745365 		.ascii	"stSetAlarm\000"
 395      74416C61 
 395      726D00
 396 0058 00       		.ascii	"\000"
 397 0059 00       		.ascii	"\000"
 398 005a 00       		.ascii	"\000"
 399 005b 00000000 		.ascii	"\000\000\000\000\000\000\000\000"
 399      00000000 
 400 0063 E4000000 		.ascii	"\344\000\000\000"
 401 0067 73744765 		.ascii	"stGetAlarm\000"
 401      74416C61 
 401      726D00
 402 0072 00       		.ascii	"\000"
 403 0073 00       		.ascii	"\000"
 404 0074 00       		.ascii	"\000"
 405 0075 00000000 		.ascii	"\000\000\000\000\000\000\000\000"
 405      00000000 
 406 007d E7000000 		.ascii	"\347\000\000\000"
 407 0081 73745F6C 		.ascii	"st_lld_init\000"
 407      6C645F69 
 407      6E697400 
 408 008d 00       		.ascii	"\000"
 409 008e 02       		.ascii	"\002"
 410 008f 00       		.ascii	"\000"
 411 0090 00000000 		.ascii	"\000\000\000\000\000\000\000\000"
 411      00000000 
 412 0098 E9000000 		.ascii	"\351\000\000\000"
 413 009c 63685379 		.ascii	"chSysHalt\000"
 413      7348616C 
 413      7400
 414 00a6 00       		.ascii	"\000"
 415 00a7 02       		.ascii	"\002"
 416 00a8 00       		.ascii	"\000"
 417 00a9 00000000 		.ascii	"\000\000\000\000\000\000\000\000"
 417      00000000 
 418 00b1 EE000000 		.ascii	"\356\000\000\000"
 419              		.text
 420              		.section	.gnu.lto_.opts,"",%progbits
 421 0000 272D666D 		.ascii	"'-fmath-errno' '-fsigned-zeros' '-ftrapping-math' '"
 421      6174682D 
 421      6572726E 
 421      6F272027 
 421      2D667369 
 422 0033 2D666E6F 		.ascii	"-fno-trapv' '-fno-openmp' '-fno-openacc' '-mcpu=cor"
 422      2D747261 
 422      70762720 
 422      272D666E 
 422      6F2D6F70 
 423 0066 7465782D 		.ascii	"tex-m0' '-mno-thumb-interwork' '-mthumb' '-O2' '-fo"
 423      6D302720 
 423      272D6D6E 
 423      6F2D7468 
 423      756D622D 
 424 0099 6D69742D 		.ascii	"mit-frame-pointer' '-falign-functions=16' '-ffuncti"
ARM GAS  /tmp/ccvizC49.s 			page 31


 424      6672616D 
 424      652D706F 
 424      696E7465 
 424      72272027 
 425 00cc 6F6E2D73 		.ascii	"on-sections' '-fdata-sections' '-fno-common' '-flto"
 425      65637469 
 425      6F6E7327 
 425      20272D66 
 425      64617461 
 426 00ff 2700     		.ascii	"'\000"
 427              		.text
 428              		.comm	__gnu_lto_v1,1,1
 429              		.comm	__gnu_lto_slim,1,1
 430              		.ident	"GCC: (GNU Tools for Arm Embedded Processors 7-2017-q4-major) 7.2.1 20170904 (release) [ARM
ARM GAS  /tmp/ccvizC49.s 			page 32


DEFINED SYMBOLS
                            *ABS*:0000000000000000 st.c
                            *COM*:0000000000000001 __gnu_lto_v1
                            *COM*:0000000000000001 __gnu_lto_slim

NO UNDEFINED SYMBOLS
