ARM GAS  /tmp/cc3w4cdC.s 			page 1


   1              		.cpu cortex-m4
   2              		.eabi_attribute 20, 1
   3              		.eabi_attribute 21, 1
   4              		.eabi_attribute 23, 3
   5              		.eabi_attribute 24, 1
   6              		.eabi_attribute 25, 1
   7              		.eabi_attribute 26, 1
   8              		.eabi_attribute 30, 2
   9              		.eabi_attribute 34, 1
  10              		.eabi_attribute 18, 4
  11              		.file	"hal.c"
  12              		.section	.gnu.lto_.profile.638565f39dc0ac66,"",%progbits
  13 0000 789C6363 		.ascii	"x\234cc```\001bF\006Sv\000\000\351\000H"
  13      60606001 
  13      62460653 
  13      760000E9 
  13      0048
  14              		.text
  15              		.section	.gnu.lto_.icf.638565f39dc0ac66,"",%progbits
  16 0000 789C6363 		.ascii	"x\234cc``\340`@\000F\206g\017\336\357\341f\000\000\021"
  16      6060E060 
  16      40004686 
  16      670FDEEF 
  16      E1660000 
  17 0015 1A038C   		.ascii	"\032\003\214"
  18              		.text
  19              		.section	.gnu.lto_.jmpfuncs.638565f39dc0ac66,"",%progbits
  20 0000 789C6363 		.ascii	"x\234cc``\360b@\000F\010\305\3048\205\231\261\371\327"
  20      6060F062 
  20      40004608 
  20      C5C43885 
  20      99B1F9D7 
  21 0014 FECF7CF5 		.ascii	"\376\317|\365\177\033$\34603,`\006Inf\254g`<\300\302"
  21      7F1B24E6 
  21      30332C60 
  21      06496E66 
  21      AC67603C 
  22 002a C800C47F 		.ascii	"\310\000\304\177\376\377\377\317\317\310\004T7\255\365"
  22      FEFFFFCF 
  22      CFC80454 
  22      37ADF5
  23 0039 D079F66E 		.ascii	"\320y\366nf\240*F\006\306-\2142 \314\300\000\000\006"
  23      66A02A46 
  23      06C62D8C 
  23      3220CCC0 
  23      000006
  24 004c D81467   		.ascii	"\330\024g"
  25              		.text
  26              		.section	.gnu.lto_.inline.638565f39dc0ac66,"",%progbits
  27 0000 789C6363 		.ascii	"x\234cc``\320c@\000F\006\006NSF\006& \223m\201<\023"
  27      6060D063 
  27      40004606 
  27      064E5346 
  27      06262093 
  28 0018 58880B85 		.ascii	"X\210\013\205`\342\006\251\0023\031\0004\322\001x"
  28      60E206A9 
  28      02331900 
ARM GAS  /tmp/cc3w4cdC.s 			page 2


  28      34D20178 
  29              		.text
  30              		.section	.gnu.lto_.pureconst.638565f39dc0ac66,"",%progbits
  31 0000 789C6363 		.ascii	"x\234cc```\006bF\006\011\000\000}\000#"
  31      60606006 
  31      62460609 
  31      00007D00 
  31      23
  32              		.text
  33              		.section	.gnu.lto_halInit.638565f39dc0ac66,"",%progbits
  34 0000 789C7590 		.ascii	"x\234u\220\273J\003A\024\206\317\277\223\033\250\301"
  34      BB4A0341 
  34      1486CFBF 
  34      931BA8C1 
  35 0010 C2424D0A 		.ascii	"\302BM\012\3334\311{\370\026\222\306B\020\314\003\354"
  35      DB34C97B 
  35      F81692C6 
  35      4210CC03 
  35      EC
  36 0021 C43524A2 		.ascii	"\3045$\242\205E\\-\026Y\304k%\342%\256\027\\\362\000"
  36      85455C2D 
  36      1659C46B 
  36      25E225AE 
  36      175CF200 
  37 0035 8AB676A2 		.ascii	"\212\266v\242V\361\002V*F\377\311\212X\304\303\034f"
  37      56F10256 
  37      2A46FFC9 
  37      8A58C4C3 
  37      1C66
  38 0047 E69C6FCE 		.ascii	"\346\234o\316\371\317$Dd\003\"Y\356\031:\224\300Z\270"
  38      F9CF2444 
  38      64032259 
  38      EE193A94 
  38      C05AB8
  39 005a 1029A72C 		.ascii	"\020)\247,\300\034t\012b[\2601\257\352\012\315\352C"
  39      C01C740A 
  39      625BB031 
  39      AFEA0ACD 
  39      EA43
  40 006c 60E53635 		.ascii	"`\34565-\\z\031\322[!<%\342\322\215a\0179!v\273\333"
  40      2D5C7A19 
  40      D25B213C 
  40      25E2D28D 
  40      610F3921 
  41 0083 5EEC4BC4 		.ascii	"^\354K\304\2428\366\221\020\366\220\235\353x\250\333"
  41      A238F691 
  41      10F6909D 
  41      EB78A8DB 
  42 0093 5F551DDE 		.ascii	"_U\035\336\255\2421\232\024\2511\317&:\224Ye\231\223"
  42      ADA2319A 
  42      14A931CF 
  42      263A9459 
  42      659993
  43 00a6 134A0B8E 		.ascii	"\023J\013\216\377\221\351<b\245 h\335$\355O\235\362"
  43      FF91E93C 
  43      62A52068 
  43      DD24ED4F 
ARM GAS  /tmp/cc3w4cdC.s 			page 3


  43      9DF2
  44 00b8 145CC52A 		.ascii	"\024\\\305*8\200-\036\351\026f\374\365\336.\234r\231"
  44      38802D1E 
  44      E91666FC 
  44      F5DE2E9C 
  44      7299
  45 00ca 151C9263 		.ascii	"\025\034\222c\302\2554/\223s\312S1\230\253\363~\376"
  45      C2AD342F 
  45      9373CA53 
  45      3198ABF3 
  45      7EFE
  46 00dc 9A2637C8 		.ascii	"\232&7\310\200o\3241\366v\365X\353\361\261R\356\367"
  46      806FD431 
  46      F676F558 
  46      EBF1B152 
  46      EEF7
  47 00ee 541C479C 		.ascii	"T\034G\234\265\201l'\343\254\355U@zY\353\021S!\200\217"
  47      B5816C27 
  47      E3ACED55 
  47      407A59EB 
  47      11532180 
  48 0103 689C63D8 		.ascii	"h\234c\330\236Jt\304n\247\273\213eu\234\374\212%7\320"
  48      9E4A74C4 
  48      6EA7BB8B 
  48      65759CFC 
  48      8A2537D0 
  49 0117 9D8B913B 		.ascii	"\235\213\221;\375\303\335\377\303\305\311\235\375pO"
  49      FDC3DDFF 
  49      C3C5C99D 
  49      FD704F
  50 0126 98F69FEB 		.ascii	"\230\366\237\353\221\026c5~\015\277\217s\017\347\363"
  50      91166335 
  50      7E0DBF8F 
  50      730FE7F3 
  51 0136 85684D96 		.ascii	"\205hM\226\012\343c\023\205\322T\321\354\371\242|\003"
  51      0AE36313 
  51      85D254D1 
  51      ECF9A27C 
  51      03
  52 0147 82A092F0 		.ascii	"\202\240\222\360"
  53              		.text
  54              		.section	.gnu.lto_.symbol_nodes.638565f39dc0ac66,"",%progbits
  55 0000 789C55C9 		.ascii	"x\234U\311\275\015\2030\024E\341\343k\314\034\031\205"
  55      BD0D8330 
  55      1445E1E3 
  55      6BCC1C19 
  55      85
  56 0011 4CF65CF0 		.ascii	"L\366\\\360\223\244\242M\317\024\251Sg\206 1\007\342"
  56      93A4A24D 
  56      CF14A953 
  56      67862031 
  56      07E2
  57 0023 E10A1757 		.ascii	"\341\012\027W\237tn\013\274}\250\227\301\374\003\347"
  57      9F746E0B 
  57      BC7DA897 
  57      C1FC03E7 
  58 0033 93EF9026 		.ascii	"\223\357\220&q\363'\274d\241<\220s\347\341)S\025\036"
ARM GAS  /tmp/cc3w4cdC.s 			page 4


  58      71F327BC 
  58      64A13C90 
  58      73E7E129 
  58      53151E
  59 0046 B2588551 		.ascii	"\262X\205Q\326Ta\220\245k\210\264,\377=D\022\337b\303"
  59      D6546190 
  59      A56B88B4 
  59      2CFF3D44 
  59      12DF62C3 
  60 005a 568CF4EB 		.ascii	"V\214\364\353\251X\\\016D\226$\366"
  60      A9585C0E 
  60      449624F6 
  61              		.text
  62              		.section	.gnu.lto_.refs.638565f39dc0ac66,"",%progbits
  63 0000 789C6363 		.ascii	"x\234cc```\003bF\006&F&\006\000\000\263\000\023"
  63      60606003 
  63      62460626 
  63      46260600 
  63      00B30013 
  64              		.text
  65              		.section	.gnu.lto_.decls.638565f39dc0ac66,"",%progbits
  66 0000 789CBD56 		.ascii	"x\234\275VkLTG\024\276\347\316\356\002\013\210\001\323"
  66      6B4C5447 
  66      14BEE7CE 
  66      EE020B88 
  66      01D3
  67 0012 D8C626D6 		.ascii	"\330\306&\326l#\177\226+\330D\233\330&\255V\333\324"
  67      6C237F96 
  67      2BD8449B 
  67      D826AD56 
  67      DBD4
  68 0024 B6A4B549 		.ascii	"\266\244\265I\373k]w\257\262\355\276\272\2734\232\376"
  68      FB6B5D77 
  68      AFB2EDBE 
  68      BABB349A 
  68      FE
  69 0035 B9C8AAD4 		.ascii	"\271\310\252\324j\321\326\264\301\332V\245/\037Q\353"
  69      6AD1D6B4 
  69      C1DA56A5 
  69      2F1F51EB 
  70 0045 AB0252D6 		.ascii	"\253\002R\326\007>P\020\305\027\012\212\253\242V\004"
  70      073E5010 
  70      C5170A8A 
  70      ABA25604 
  71 0055 44051190 		.ascii	"D\005\021\220\236\231\271\313]Vh\332?\275\341\334\271"
  71      9E99B9CB 
  71      5D5668DA 
  71      3FBDE1DC 
  71      B9
  72 0066 67E69BEF 		.ascii	"g\346\233\357\234\371\346\314\016\006A\020\266\031\005"
  72      9CF9E6CC 
  72      0E064110 
  72      B61905
  73 0075 212C0AC2 		.ascii	"!,\012\302\032\374\356\307\007?\205}h\200\326\"\360"
  73      1AFCEEC7 
  73      073F857D 
  73      6880D622 
ARM GAS  /tmp/cc3w4cdC.s 			page 5


  73      F0
  74 0086 C780760F 		.ascii	"\307\200v\017\355\001Z\027Z7Z\037\305\2538\000a\320"
  74      ED015A17 
  74      5A375A1F 
  74      C5AB3800 
  74      61D0
  75 0098 7303FD38 		.ascii	"s\003\3758lg\243\211\370\335\201-\001\316w\033\2557"
  75      6C67A389 
  75      F8DD812D 
  75      01CE771B 
  75      AD37
  76 00aa 86B75FE5 		.ascii	"\206\267_\345\353V\371\037\014\303\273\212\300\311\340"
  76      EB56F91F 
  76      0CC3BB8A 
  76      C0C9E0
  77 00b9 B635E40B 		.ascii	"\2665\344\013\002\251F\320\241{\267z\365\325\021\350"
  77      02A946D0 
  77      A17BB77A 
  77      F5D511E8 
  78 00c9 8E32C258 		.ascii	"\2162\302Xt\373o\325\027'\360\321v\212\336S~'\213\273"
  78      74FB6FD5 
  78      1727F0D1 
  78      768ADE53 
  78      7E278BBB 
  79 00dd 63D02B6D 		.ascii	"c\320+m\274\033J\344\340&@\277\256y]0\211\017\327R\364"
  79      BC1B4AE4 
  79      E02640BF 
  79      AE795D30 
  79      890FD752 
  80 00f2 97853B7E 		.ascii	"\227\205;~7\022L\030\277[\203\327\233\022\371\330ht"
  80      37124C18 
  80      BF5B83D7 
  80      9B12F9D8 
  80      6874
  81 0104 4FB51FFF 		.ascii	"O\265\037\377^uG\242\333\360\371\342\037\014$\201!\033"
  81      5E7547A2 
  81      DBF0F9E2 
  81      1F0C2481 
  81      211B
  82 0116 8F6CD844 		.ascii	"\217l\330D3\032o\004\252_\012vmm)\351N\346]\024q\272"
  82      331A6F04 
  82      AA5F0A76 
  82      6D6D29E9 
  82      4EE65D14 
  83 012c B3707D3C 		.ascii	"\263p}<\031\301\276\213/\254\377&.c\263\302\237\370"
  83      19C1BE8B 
  83      2FACFF26 
  83      2E63B3C2 
  83      9FF8
  84 013e 0F04A800 		.ascii	"\017\004\250\000\022Y\334\251\302\216\237\342H&\005"
  84      1259DCA9 
  84      C28E9FE2 
  84      482605
  85 014d 8A97EB7B 		.ascii	"\212\227\353{\032F\2001\275@Q\026*k\363\225\204\327"
  85      1A468031 
  85      BD405116 
  85      2A6BF395 
ARM GAS  /tmp/cc3w4cdC.s 			page 6


  85      84D7
  86 015f 05D80963 		.ascii	"\005\330\011c`\007\214\021\340\000\244S\362\020d\010"
  86      60078C11 
  86      E000A453 
  86      F2106408 
  87 016f F0277696 		.ascii	"\360'v\226c\347/\2240t\243k\374\312%\212\"\302~0\302"
  87      63E72F94 
  87      3074A36B 
  87      FCCA258A 
  87      22C27E30 
  88 0184 3E200C83 		.ascii	"> \014\203J\2167\362\020\033~Z\271\336@\016\002\213"
  88      4A8E37F2 
  88      101B7E5A 
  88      B9DE400E 
  88      028B
  89 0196 51F6DDF5 		.ascii	"Q\366\335\365Jq\270\030\207\206\215\321V2\356\320\""
  89      4A71B818 
  89      87868DD1 
  89      5632EED0 
  89      22
  90 01a7 1AA31263 		.ascii	"\032\243\022c\034\324b`H\036$\\\332\220'\222\243\\\311"
  90      1CD46260 
  90      481E245C 
  90      DA902792 
  90      A35CC9
  91 01ba D565F7AB 		.ascii	"\325e\367\253\364\\\272xt\333\276\256\254\026I5\037"
  91      F45CBA78 
  91      74DBBEAE 
  91      AC164935 
  91      1F
  92 01cb 6B3E9F5F 		.ascii	"k>\237_d u\334Y\321W\257\030\310E\356,o{\270NG\302\334"
  92      642075DC 
  92      59D157AF 
  92      18C845EE 
  92      2C6F7BB8 
  93 01e3 A9CFEF3A 		.ascii	"\251\317\357:\233Ln2'a\341\371\316\003z0\231\322L&S"
  93      9B4C6E32 
  93      2761E1F9 
  93      CE037A30 
  93      99D24C26 
  94 01f8 BAC9B49E 		.ascii	"\272\311\264\236\346\036jk\234R\322qSQ\276JbIUcR\265"
  94      E61E6A6B 
  94      9C52D271 
  94      5351BE4A 
  94      62495563 
  95 020e 90A62DA6 		.ascii	"\220\246-\246\024_\002d\342K\340\023.\274\270Z\011\005"
  95      145F0264 
  95      E24BE013 
  95      2EBCB85A 
  95      0905
  96 0220 09431F8E 		.ascii	"\011C\037\216E\227i\350\225t\305+\320@'\300\037\010"
  96      459769E8 
  96      9574C52B 
  96      D04027C0 
  96      1F08
  97 0232 D8CDC628 		.ascii	"\330\315\306(\034W\015\247Q\244S`\202\263h'\321\352"
  97      1C570DA7 
ARM GAS  /tmp/cc3w4cdC.s 			page 7


  97      51A45360 
  97      82B36827 
  97      D1EA
  98 0244 D04EA09D 		.ascii	"\320N\240\235A\253\001\023\333X\036\360\321d-`Ul\300"
  98      41AB0113 
  98      DB581EF0 
  98      D1642D60 
  98      556CC0
  99 0257 234FA417 		.ascii	"#O\244\027\205>\036\213\226b\300UQk9:4\365N\372V\267"
  99      853E1E8B 
  99      9662C055 
  99      516B393A 
  99      34F54EFA 
 100 026d AF664F6A 		.ascii	"\257fOj\036\256\207\302\004u\353\2644[KR\213\363\225"
 100      1EAE87C2 
 100      0475EBB4 
 100      345B4B52 
 100      8BF395
 101 0280 231318D9 		.ascii	"#\023\030\331\336\241\205\341d\034\377WT\242\307\206"
 101      DEA185E1 
 101      641CFF57 
 101      54A2C786 
 102 0290 4C94A371 		.ascii	"L\224\243q\027+\036\007k\015\344G\302Jo\343\336\206"
 102      172B1E07 
 102      6B0DE447 
 102      C24A6FE3 
 102      DE86
 103 02a2 DB7A484B 		.ascii	"\333zHK\037R_\250GY\377\213\304|a\207J\015x\244\340"
 103      1F525FA8 
 103      4759FF8B 
 103      C47C6187 
 103      4A0D78A4 
 104 02b7 3C4E3CA7 		.ascii	"<N<\247U%]&\213\377[\363\232/\325\343>\031\335]\325"
 104      55255D26 
 104      8BFF5BF3 
 104      9A2FD5E3 
 104      3E19DD5D 
 105 02cc 7B2EE9C9 		.ascii	"{.\351\311v\226\0164t\234]\222HJ\270\263\265w\325\257"
 105      76960E34 
 105      749C5D92 
 105      484AB8B3 
 105      B577D5AF 
 106 02e0 0612E24E 		.ascii	"\006\022\342N\360Zk\215z\362\227\321\037\215\236\366"
 106      F05A6B8D 
 106      7AF297D1 
 106      1F8D9EF6 
 107 02f0 DDA753D4 		.ascii	"\335\247S\324\037\021Z\317u]\265K\214\3440\003\307\335"
 107      1F115ACF 
 107      755DB54B 
 107      8CE43003 
 107      C7DD
 108 0302 097F5B84 		.ascii	"\011\177[\204\265\231\026\251L\232\324\336\324\257\025"
 108      B59916A9 
 108      4C9AD4DE 
 108      D4AF15
 109 0311 2A284DAB 		.ascii	"*(M\253\001\323\012c;\260\320\322(A\007Iq\031\021\227"
 109      01D30A63 
ARM GAS  /tmp/cc3w4cdC.s 			page 8


 109      3BB0D0D2 
 109      28410749 
 109      71191197 
 110 0325 D86058D5 		.ascii	"\330`X\325\341:\352\320\214k\276\202v\003\355*\3325"
 110      E13AEAD0 
 110      8C6BBE82 
 110      7603ED2A 
 110      DA35
 111 0337 ADC430D4 		.ascii	"\255\3040\324\376\227\362\330^\320H%\261\221\366\014"
 111      FE97F2D8 
 111      5ED04825 
 111      B191F60C 
 112 0347 DE3A0A7F 		.ascii	"\336:\012\177Y\2037\305\302wi\025\251VM\031\257\232"
 112      598337C5 
 112      C2776915 
 112      A9564D19 
 112      AF9A
 113 0359 F0135583 		.ascii	"\360\023U\203\203\315eQ\213l\214\345\032T\257\210\016"
 113      83CD6551 
 113      8B6C8CE5 
 113      1A54AF88 
 113      0E
 114 036a 4FD1025F 		.ascii	"O\321\002_\214\005_\320\002\243\272\373\272[\026\245"
 114      8C055FD0 
 114      02A3BAFB 
 114      BA5B16A5 
 115 037a 901A5E33 		.ascii	"\220\032^3'~^]%Bz\032O\250\263\202\355\366_8\371\246"
 115      277E5E5D 
 115      25427A1A 
 115      4FA8B382 
 115      EDF65F38 
 116 0390 B6DB61B6 		.ascii	"\266\333a\266\333CJ\011\267P\301\177\243&\306-\257\336"
 116      DB434A09 
 116      B750C17F 
 116      A326C62D 
 116      AFDE
 117 03a2 1534A4A9 		.ascii	"\0254\244\2514\005\303\322\010\377\304\261h\367\311"
 117      3405C3D2 
 117      08FFC4B1 
 117      68F7C9
 118 03b1 33239296 		.ascii	"3#\222\226\016\374\266\302\355\250\263!@\013$Q m\351"
 118      0EFCB6C2 
 118      EDA8B321 
 118      400B2451 
 118      206DE9
 119 03c4 DDB4AFBC 		.ascii	"\335\264\257\274\"\3612j\207\367/\214d\024\374\366\003"
 119      22F1326A 
 119      87F72F8C 
 119      6414FCF6 
 119      03
 120 03d5 7CE88BFB 		.ascii	"|\350\213\373\375\221\007x?\366\212\274Q\241\324\211"
 120      FD910778 
 120      3FF68ABC 
 120      51A1D489 
 121 03e5 4C81811E 		.ascii	"L\201\201\036Q\345\020#\274\354O%\200hV>\316\303E\036"
 121      51E51023 
 121      BCEC4F25 
ARM GAS  /tmp/cc3w4cdC.s 			page 9


 121      8068563E 
 121      CEC3451E 
 122 03f9 7E1B837A 		.ascii	"~\033\203z\033\017\314\343]\242\026,j\312\023\271\012"
 122      1B0FCCE3 
 122      5DA2162C 
 122      6ACA13B9 
 122      0A
 123 040a 03C30349 		.ascii	"\003\303\003Ii\213\004U\2613-\313\266$5\241\312\002"
 123      698B0455 
 123      B1332DCB 
 123      B62435A1 
 123      CA02
 124 041c 7C28082B 		.ascii	"|(\010+\342]\354\004\266\357P\302Fr\236\037\307\312"
 124      E25DEC04 
 124      B6EF50C2 
 124      46729E1F 
 124      C7CA
 125 042e FEAE500A 		.ascii	"\376\256P\012?\216b\324\275<\212\337\313\233\227\365"
 125      3F8E62D4 
 125      BD3C8ADF 
 125      CB9B97F5 
 126 043e AFD28FFE 		.ascii	"\257\322\217\376\206m[\2762R\204\331O\301]T\274\235"
 126      866D5BBE 
 126      325284D9 
 126      4FC15D54 
 126      BC9D
 127 0450 29DE01A3 		.ascii	")\336\001\243\361\355\326\361`W\017\266\366\211\343"
 127      F1EDD6F1 
 127      60570FB6 
 127      F689E3
 128 045f D62A6B9B 		.ascii	"\326*k\233\224\320\341\336\2617v*\012^j\212\216\302"
 128      94D0E1DE 
 128      B137762A 
 128      0A5E6A8A 
 128      8EC2
 129 0471 A04DABA8 		.ascii	"\240M\253\2506z?C+\036\021\270\203E \300=\030\207\323"
 129      367A3F43 
 129      2B1E11B8 
 129      834520C0 
 129      3D1887D3 
 130 0485 976C6FBD 		.ascii	"\227lo\275\254'=<\253e\327\312v\245 W\023\326\345\271"
 130      AC273D3C 
 130      AB65D7CA 
 130      76A52057 
 130      13D6E5B9 
 131 0499 02B2257F 		.ascii	"\002\262%\177\361re\035\260\210p_\243\272\257^\365\360"
 131      F172651D 
 131      B088705F 
 131      A3BAAF5E 
 131      F5F0
 132 04ab 80511C6F 		.ascii	"\200Q\034on\374\214\254\3251\206M\225K\363t*C\335r\322"
 132      6EFC8CAC 
 132      D531864D 
 132      954BF374 
 132      2A43DD72 
 133 04c0 52765329 		.ascii	"RvS)0r\202N\215\2403B\320\305\010NT\025\367&\223\213"
 133      3072824E 
ARM GAS  /tmp/cc3w4cdC.s 			page 10


 133      8DA03342 
 133      D0C5084E 
 133      5415F726 
 134 04d6 9CA16ED5 		.ascii	"\234\241n\325\206\356\344\010\303\032Rstq(\233\023<"
 134      86EEE408 
 134      C31A5273 
 134      7471289B 
 134      133C
 135 04e8 D4081E46 		.ascii	"\324\010\036F\010\272\031\301\306\315E\327\023HP\317"
 135      08BA19C1 
 135      C6CD45D7 
 135      134850CF 
 136 04f8 08CA2F6C 		.ascii	"\010\312/l\336\252\323\211\274$\251L\330w\266\260\355"
 136      DEAAD389 
 136      BC24A94C 
 136      D877B6B0 
 136      ED
 137 0509 161956D0 		.ascii	"\026\031V\320^&h\017\250\212v\177{\345\230Q\315\340"
 137      5E26680F 
 137      A88A767F 
 137      7BE59851 
 137      CDE0
 138 051b 76E3949E 		.ascii	"v\343\224\236\235\0122#\006\036i\011<\212$\320\307\022"
 138      9D0A3223 
 138      061E6909 
 138      3C8A24D0 
 138      C712
 139 052d 28FAA170 		.ascii	"(\372\241p\033!_\361\004Z+\356\335\212h\320\263\211"
 139      1B215FF1 
 139      045A2BEE 
 139      DD8A68D0 
 139      B389
 140 053f 3CAED334 		.ascii	"<\256\3234x\2541<\2160\3643\206#\007\266t&\222Z\316"
 140      78AC313C 
 140      8E30F433 
 140      862307B6 
 140      7426925A 
 141 0554 B062475F 		.ascii	"\260bG_H\367|\261\322N\377KiL\357i\017*\005\251\354"
 141      48F77CB1 
 141      D24EFF4B 
 141      694CEF69 
 141      0F2A05A9 
 142 0569 DC292223 		.ascii	"\334)\"#\210\372]\305\036|\347\211\317\343\274\037{"
 142      88FA5DC5 
 142      1E7CE789 
 142      CFE3BC1F 
 142      7B
 143 057a 7B8A061D 		.ascii	"{\212\006\035U\032S;\252\013E~T\261E\360\367\275m\203"
 143      551A533B 
 143      AA0B457E 
 143      54B145F0 
 143      F7BD6D83 
 144 058e C1BD83C0 		.ascii	"\301\275\203\300\371*\230\266\206\354i\323\254\001\253"
 144      F92A98B6 
 144      86EC69D3 
 144      AC01AB
 145 059d CE3AD7E7 		.ascii	"\316:\327\347|:#C\342\177\036\277\224cuJ~\237\215\266"
ARM GAS  /tmp/cc3w4cdC.s 			page 11


 145      7C3A2343 
 145      E27F1EBF 
 145      9463754A 
 145      7E9F8DB6 
 146 05b1 19B6F819 		.ascii	"\031\266\370\031o\277?vjf\246`\264Xr\035\356\300\304"
 146      6FBF3F76 
 146      6A66A660 
 146      B458721D 
 146      EEC0C4
 147 05c4 2C4B6031 		.ascii	",K`1H9\036\227,Ym~\331\354\264\316\221\246yl\271.\331"
 147      48391E97 
 147      2C596D7E 
 147      D9ECB4CE 
 147      91A6796C 
 148 05db 1DF04BB3 		.ascii	"\035\360K\263d\253\353M\3515\233\323\341\365\313\026"
 148      64ABEB4D 
 148      E9359BD3 
 148      E1F5CB16 
 149 05eb D9ECCDB5 		.ascii	"\331\354\315\265}\234%\315\362x\234~i\236\315f\266\372"
 149      7D9C25CD 
 149      F2789C7E 
 149      699ECD66 
 149      B6FA
 150 05fd 5C66B7C7 		.ascii	"\\f\267\307-\233e\353\034\207y\2229kB\346$\363'/\230"
 150      2D9B65EB 
 150      1C877992 
 150      396B42E6 
 150      24F3272F 
 151 0612 5DD68F3C 		.ascii	"]\326\217<>i\320\250\344p\333\234\271vYrYm9\016\267"
 151      3E69D0A8 
 151      E470DB9C 
 151      B9765972 
 151      596D390E 
 152 0627 2C59ECF2 		.ascii	",Y\354\362\\k\2563`\011,\360\312\376\214\034!>\222\320"
 152      5C6BAE33 
 152      60092CF0 
 152      CAFE8C1C 
 152      213E92D0 
 153 063b 67FF6B3E 		.ascii	"g\377k>\376\005~\311\342\017\33018&A<v\237\336\233\353"
 153      FE057EC9 
 153      E20FD831 
 153      3826413C 
 153      769FDE9B 
 154 0650 B5FBE23C 		.ascii	"\265\373\342<~\257,\333}\006\017M\320\247wy\354\262"
 154      7EAF2CDB 
 154      7D060F4D 
 154      D0A77779 
 154      ECB2
 155 0662 8FCA9B93 		.ascii	"\217\312\233\223\031+\257\327\343\303\344\336\233\365"
 155      192BAFD7 
 155      E3C3E4DE 
 155      9BF5
 156 0670 D6C42C69 		.ascii	"\326\304,i\346\314i\322\214\3547\336\3714K\362Z\235"
 156      E6CC69D2 
 156      8CEC37DE 
 156      F9344BF2 
 156      5A9D
ARM GAS  /tmp/cc3w4cdC.s 			page 12


 157 0682 16A7D38E 		.ascii	"\026\247\323\216\254\251\376\200\013W6\317\353\360X"
 157      ACA9FE80 
 157      0B5736CF 
 157      EBF058
 158 0691 FC7220D7 		.ascii	"\374r \327k\011\030\262\247\322\3752d\277\312\233Wx"
 158      6B0918B2 
 158      A7D2FD32 
 158      64BFCA9B 
 158      5778
 159 06a3 339D3609 		.ascii	"3\2356\011\331\257\314\234\352q\317u\314\213C\3727\334"
 159      D9AFCC9C 
 159      EA71CF75 
 159      CC8B43FA 
 159      37DC
 160 06b5 8EC033C3 		.ascii	"\216\3003\303\356\250`\360\007(\342\331X\304\300\372"
 160      EEA860F0 
 160      0728E2D9 
 160      58C4C0FA 
 161 06c5 E8B212E6 		.ascii	"\350\262\022\346x\254>;\305M\210\305\261\021\232\275"
 161      78AC3E3B 
 161      C54D88C5 
 161      B1119ABD 
 162 06d5 E5EDF7A7 		.ascii	"\345\355\367\247\316|\355\035\313\364\211\023\262\336"
 162      CE7CED1D 
 162      CBF48913 
 162      B2DE
 163 06e3 9DCCFB71 		.ascii	"\235\314\373q\252\301\317\346=7,\277\354s`\"9B\262E"
 163      AAC1CFE6 
 163      3D372CBF 
 163      EC736022 
 163      3942B245 
 164 06f7 5DB0C581 		.ascii	"]\260\305\201\370\244\234(\347\211\240\321\212\261\367"
 164      F8A49C28 
 164      E789A0D1 
 164      8AB1F7
 165 0706 F489F3E7 		.ascii	"\364\211\363\347K9\232`\224*R 6&\305\337\012\376\006"
 165      4B399A60 
 165      942A5220 
 165      3626C5DF 
 165      0AFE06
 166 0719 DD       		.ascii	"\335"
 167              		.text
 168              		.section	.gnu.lto_.symtab.638565f39dc0ac66,"",%progbits
 169 0000 68616C49 		.ascii	"halInit\000"
 169      6E697400 
 170 0008 00       		.ascii	"\000"
 171 0009 00       		.ascii	"\000"
 172 000a 00       		.ascii	"\000"
 173 000b 00000000 		.ascii	"\000\000\000\000\000\000\000\000"
 173      00000000 
 174 0013 F3000000 		.ascii	"\363\000\000\000"
 175 0017 70616C5F 		.ascii	"pal_default_config\000"
 175      64656661 
 175      756C745F 
 175      636F6E66 
 175      696700
 176 002a 00       		.ascii	"\000"
ARM GAS  /tmp/cc3w4cdC.s 			page 13


 177 002b 02       		.ascii	"\002"
 178 002c 00       		.ascii	"\000"
 179 002d 00000000 		.ascii	"\000\000\000\000\000\000\000\000"
 179      00000000 
 180 0035 01010000 		.ascii	"\001\001\000\000"
 181 0039 7374496E 		.ascii	"stInit\000"
 181      697400
 182 0040 00       		.ascii	"\000"
 183 0041 02       		.ascii	"\002"
 184 0042 00       		.ascii	"\000"
 185 0043 00000000 		.ascii	"\000\000\000\000\000\000\000\000"
 185      00000000 
 186 004b F5000000 		.ascii	"\365\000\000\000"
 187 004f 626F6172 		.ascii	"boardInit\000"
 187      64496E69 
 187      7400
 188 0059 00       		.ascii	"\000"
 189 005a 02       		.ascii	"\002"
 190 005b 00       		.ascii	"\000"
 191 005c 00000000 		.ascii	"\000\000\000\000\000\000\000\000"
 191      00000000 
 192 0064 F7000000 		.ascii	"\367\000\000\000"
 193 0068 7364496E 		.ascii	"sdInit\000"
 193      697400
 194 006f 00       		.ascii	"\000"
 195 0070 02       		.ascii	"\002"
 196 0071 00       		.ascii	"\000"
 197 0072 00000000 		.ascii	"\000\000\000\000\000\000\000\000"
 197      00000000 
 198 007a F9000000 		.ascii	"\371\000\000\000"
 199 007e 5F70616C 		.ascii	"_pal_lld_init\000"
 199      5F6C6C64 
 199      5F696E69 
 199      7400
 200 008c 00       		.ascii	"\000"
 201 008d 02       		.ascii	"\002"
 202 008e 00       		.ascii	"\000"
 203 008f 00000000 		.ascii	"\000\000\000\000\000\000\000\000"
 203      00000000 
 204 0097 FD000000 		.ascii	"\375\000\000\000"
 205 009b 68616C5F 		.ascii	"hal_lld_init\000"
 205      6C6C645F 
 205      696E6974 
 205      00
 206 00a8 00       		.ascii	"\000"
 207 00a9 02       		.ascii	"\002"
 208 00aa 00       		.ascii	"\000"
 209 00ab 00000000 		.ascii	"\000\000\000\000\000\000\000\000"
 209      00000000 
 210 00b3 FF000000 		.ascii	"\377\000\000\000"
 211              		.text
 212              		.section	.gnu.lto_.opts,"",%progbits
 213 0000 272D666D 		.ascii	"'-fmath-errno' '-fsigned-zeros' '-ftrapping-math' '"
 213      6174682D 
 213      6572726E 
 213      6F272027 
 213      2D667369 
ARM GAS  /tmp/cc3w4cdC.s 			page 14


 214 0033 2D666E6F 		.ascii	"-fno-trapv' '-fno-openmp' '-fno-openacc' '-mcpu=cor"
 214      2D747261 
 214      70762720 
 214      272D666E 
 214      6F2D6F70 
 215 0066 7465782D 		.ascii	"tex-m4' '-mno-thumb-interwork' '-mthumb' '-O2' '-fo"
 215      6D342720 
 215      272D6D6E 
 215      6F2D7468 
 215      756D622D 
 216 0099 6D69742D 		.ascii	"mit-frame-pointer' '-falign-functions=16' '-ffuncti"
 216      6672616D 
 216      652D706F 
 216      696E7465 
 216      72272027 
 217 00cc 6F6E2D73 		.ascii	"on-sections' '-fdata-sections' '-fno-common' '-flto"
 217      65637469 
 217      6F6E7327 
 217      20272D66 
 217      64617461 
 218 00ff 2700     		.ascii	"'\000"
 219              		.text
 220              		.comm	__gnu_lto_v1,1,1
 221              		.comm	__gnu_lto_slim,1,1
 222              		.ident	"GCC: (GNU Tools for Arm Embedded Processors 7-2017-q4-major) 7.2.1 20170904 (release) [ARM
ARM GAS  /tmp/cc3w4cdC.s 			page 15


DEFINED SYMBOLS
                            *ABS*:0000000000000000 hal.c
                            *COM*:0000000000000001 __gnu_lto_v1
                            *COM*:0000000000000001 __gnu_lto_slim

NO UNDEFINED SYMBOLS
