ARM GAS  /tmp/ccpqE1Mb.s 			page 1


   1              		.cpu cortex-m4
   2              		.eabi_attribute 20, 1
   3              		.eabi_attribute 21, 1
   4              		.eabi_attribute 23, 3
   5              		.eabi_attribute 24, 1
   6              		.eabi_attribute 25, 1
   7              		.eabi_attribute 26, 1
   8              		.eabi_attribute 30, 2
   9              		.eabi_attribute 34, 1
  10              		.eabi_attribute 18, 4
  11              		.file	"hal_lld.c"
  12              		.section	.gnu.lto_.profile.3d7ac87777319d0a,"",%progbits
  13 0000 789C6363 		.ascii	"x\234cc```\001bF\206\224\010\000\001\230\000\310"
  13      60606001 
  13      62468694 
  13      08000198 
  13      00C8
  14              		.text
  15              		.section	.gnu.lto_.icf.3d7ac87777319d0a,"",%progbits
  16 0000 789C6363 		.ascii	"x\234cc``\220d@\000\026\206\333O\357\\\347g\\\367j\012"
  16      60609064 
  16      40001686 
  16      DB4FEF5C 
  16      E7675CF7 
  17 0016 2FD38B99 		.ascii	"/\323\213\231\327\227\2632o\371\275\243\213\215\001"
  17      D797B332 
  17      6FF9BDA3 
  17      8B8D01
  18 0025 00A1CA0B 		.ascii	"\000\241\312\013\340"
  18      E0
  19              		.text
  20              		.section	.gnu.lto_.jmpfuncs.3d7ac87777319d0a,"",%progbits
  21 0000 789C6363 		.ascii	"x\234cc``\340a@\000f f\004b& \006\000\002\030\000\031"
  21      6060E061 
  21      40006620 
  21      66046226 
  21      20060002 
  22              		.text
  23              		.section	.gnu.lto_.inline.3d7ac87777319d0a,"",%progbits
  24 0000 789C6363 		.ascii	"x\234cc``pa@\000f\006\0061!F\006&\265\011\237\031\031"
  24      60607061 
  24      40006606 
  24      06312146 
  24      0626B509 
  25 0017 D816C833 		.ascii	"\330\026\3103\201\004\031\031\304\344\200b*\013f2!\304"
  25      81041919 
  25      C4E48062 
  25      2A0B6632 
  25      21C4
  26 0029 B8800413 		.ascii	"\270\200\004\023\203\321\"F\240L\\\303Ia\270\014\003"
  26      83D12246 
  26      A04C5CC3 
  26      4961B80C 
  26      03
  27 003a 0034EB08 		.ascii	"\0004\353\010\256"
  27      AE
  28              		.text
ARM GAS  /tmp/ccpqE1Mb.s 			page 2


  29              		.section	.gnu.lto_.pureconst.3d7ac87777319d0a,"",%progbits
  30 0000 789C6363 		.ascii	"x\234cc```\007bf\006)F)&)\000\001\275\000b"
  30      60606007 
  30      62660629 
  30      46292629 
  30      0001BD00 
  31              		.text
  32              		.section	.gnu.lto_hal_lld_backup_domain_init.3d7ac87777319d0a,"",%progbits
  33 0000 789C9D52 		.ascii	"x\234\235R;L\024A\030\376\377\231\331\275G\244\262Q"
  33      3B4C1441 
  33      18FEFF99 
  33      D9BD47A4 
  33      B251
  34 0012 42616205 		.ascii	"Bab\005\005k8\265\264\244\243\322\326\030\037\205\305"
  34      056B38B5 
  34      B4A4A3D2 
  34      D6181F85 
  34      C5
  35 0023 2518B1A0 		.ascii	"%\030\261\2400aN\336\212\2111\362\210^\314\232H\024"
  35      30614EDE 
  35      8A8931F2 
  35      885ECC9A 
  35      4814
  36 0035 835C08F8 		.ascii	"\203\\\010\370\270S\3448|\234\017@\221\012,\014\240"
  36      B853E438 
  36      7C9C0F40 
  36      910A2C0C 
  36      A0
  37 0046 9EA25498 		.ascii	"\236\242T\230p\211\200\377\314,,\322\010Lv\377\235\375"
  37      708980FF 
  37      CC2C2CD2 
  37      084C76FF 
  37      9DFD
  38 0058 E7CFF7F8 		.ascii	"\347\317\367\370\347\267\001`\267\005PF\337\012z1\000"
  38      E7B70160 
  38      B7055046 
  38      DF0A7A31 
  38      00
  39 0069 C8AE8C02 		.ascii	"\310\256\214\002\304\202\214\361l\004dXd\013A\356\340"
  39      C4828CF1 
  39      6C046458 
  39      640B41EE 
  39      E0
  40 007a 284C5A30 		.ascii	"(LZ0\253\243\204\322\366\342^J[h\233\264\215\25062\210"
  40      ABA384D2 
  40      F6E25E4A 
  40      5B689BB4 
  40      8DA83632 
  41 008f 50C3B8B0 		.ascii	"P\303\270\260l\254\301\026~\215c\246\361k\222\025\337"
  41      6CACC116 
  41      7E8D63A6 
  41      F16B9215 
  41      DF
  42 00a0 91B4D2ED 		.ascii	"\221\264\322\355\237\016\304d\375\2568\007h\243W-\354"
  42      9F0EC464 
  42      FDAE3807 
  42      68A3572D 
ARM GAS  /tmp/ccpqE1Mb.s 			page 3


  42      EC
  43 00b1 C362A0B2 		.ascii	"\303b\240\262\351\336\345\326\002[\230<\366\243\015"
  43      E9DEE5D6 
  43      025B983C 
  43      F6A30D
  44 00c0 489BC4B8 		.ascii	"H\233\304\270\225\226\313+\2152\275\320\211\277\313"
  44      9596CB2B 
  44      8D32BDD0 
  44      89BFCB
  45 00cf 7722C439 		.ascii	"w\"\30492\025\270\012B\005K\005[\205\200\012A\025B*"
  45      3215B80A 
  45      42054B05 
  45      5B85800A 
  45      4115422A 
  46 00e3 84550068 		.ascii	"\204U\000h\"D\222&\323\320\314\231\332\325\246\341\007"
  46      22449226 
  46      D3D0CC99 
  46      DAD5A6E1 
  46      07
  47 00f4 6652DFF3 		.ascii	"fR\337\363\007\025\317u\216D\337V\237\031\013\\\342"
  47      0715CF75 
  47      8E44DF56 
  47      9F190B5C 
  47      E2
  48 0105 71CE50A9 		.ascii	"q\316P\251\271\265T\327\0232\277\362sL\012J\335\035"
  48      B9B554D7 
  48      1332BFF2 
  48      734C0A4A 
  48      DD1D
  49 0117 4AC9908B 		.ascii	"J\311\220\2137cddO\234s|\210E\370\000\213@\325\017\264"
  49      37636464 
  49      4F9C737C 
  49      8845F800 
  49      8B40D50F 
  50 012c F737A273 		.ascii	"\3677\242s_\326a\234\013|\204.\266j\177\370\030\035"
  50      5FD6619C 
  50      0B7C842E 
  50      B66A7FF8 
  50      181D
  51 013e 22AB5D6C 		.ascii	"\"\253]l@\303\305\014]On0\036V\370\210\222a\222PH\321"
  51      40C3C50C 
  51      5D4F6E30 
  51      1E56F888 
  51      92619250 
  52 0154 C4455DB4 		.ascii	"\304E]\2645\256\224\317\365\004\035\"\320\336\272\316"
  52      35AE94CF 
  52      F5041D22 
  52      D0DEBACE 
  53 0164 1B3ABEDE 		.ascii	"\033:\276\336\232\245\255M%F\346\202\346W\272M\332\332"
  53      9AA5AD4D 
  53      2546E682 
  53      E657BA4D 
  53      DADA
  54 0176 ED44EF0D 		.ascii	"\355D\357\015\364\351l\034 \272\247\036\335\325\276"
  54      F4E96C1C 
  54      20BAA71E 
  54      DDD5BE
ARM GAS  /tmp/ccpqE1Mb.s 			page 4


  55 0185 89A38A2D 		.ascii	"\211\243\212-\246\216\004>\323|\352np\320x\373\323\320"
  55      A68E043E 
  55      D37CEA6E 
  55      70D078FB 
  55      D3D0
  56 0197 65193661 		.ascii	"e\0316a\010g;g\335\220g\316\3064\341|\301\272\251\341"
  56      08673B67 
  56      DD9067CE 
  56      C634E17C 
  56      C1BAA9E1 
  57 01ab FD5E1155 		.ascii	"\375^\021U\264\377\312\027z\005\002\207\024\021\255"
  57      B4FFCA17 
  57      7A050287 
  57      1411AD
  58 01ba 66CE211B 		.ascii	"f\316!\0331\227\263\220[>\344\365b\2758\367\004\374"
  58      3197B390 
  58      5B3EE4F5 
  58      62BD38F7 
  58      04FC
  59 01cc 475EC697 		.ascii	"G^\306\2277\214\016\235\177\233\357n\011x\\D\366\334"
  59      378C0E9D 
  59      7F9BEF6E 
  59      09785C44 
  59      F6DC
  60 01de B47A21B7 		.ascii	"\264z!\267\262=\374\027>\376K\215\277\326]\201\200\257"
  60      B23DFC17 
  60      3EFE4B8D 
  60      BFD65D81 
  60      80AF
  61 01f0 B495662E 		.ascii	"\264\225f.\326\217\331\275\031\3338\267\266\330\352"
  61      D68FD9BD 
  61      19DB38B7 
  61      B6D8EA
  62 01ff ACCFF57A 		.ascii	"\254\317\365zc\253=\270%wr\311Zu\307\360\215\351\365"
  62      63AB3DB8 
  62      257772C9 
  62      5A75C7F0 
  62      8DE9F5
  63 0212 E46AAF95 		.ascii	"\344j\257\225\277\304\317d\276\300\224\000\276]\353"
  63      BFC4CF64 
  63      BEC09400 
  63      BE5DEB
  64 0221 B5051D25 		.ascii	"\265\005\035%\253\012\273g\002\246>\260Y\205z\364\336"
  64      AB0ABB67 
  64      02A63EB0 
  64      59857AF4 
  64      DE
  65 0232 F9FA4636 		.ascii	"\371\372F6\214y\220\260\364\305\3763\326\233\207\036"
  65      8C7990B0 
  65      F4C5FE33 
  65      D69B871E 
  66 0242 F5A1C7D4 		.ascii	"\365\241\307\324T\007\315T'\270\201\017m\011\354\275"
  66      5407CD54 
  66      27B8810F 
  66      6D09ECBD 
  67 0252 0FF66183 		.ascii	"\017\366a\203\3160a\351\256mS\347\270\017\375Q\351\014"
  67      CE3061E9 
ARM GAS  /tmp/ccpqE1Mb.s 			page 5


  67      AE6D53E7 
  67      B80FFD51 
  67      E90C
  68 0264 EBDEDADE 		.ascii	"\353\336\332\336\365\317\343\005w\356\262F\325]o\242"
  68      F5CFE305 
  68      77EEB246 
  68      D55D6FA2 
  69 0274 4A3A6100 		.ascii	"J:a\000\373JK\035\363TV9\247\217G\2353\225g\317U9\207"
  69      FB4A4B1D 
  69      F3545639 
  69      A78F479D 
  69      339567CF 
  70 028b 8F5444CA 		.ascii	"\217TD\312L,\217TW\253\223c\321\350\251\322\223\360"
  70      4C2C8F54 
  70      57AB9363 
  70      D1E8A9D2 
  70      93F0
  71 029d 1706CCAA 		.ascii	"\027\006\314\2521"
  71      31
  72              		.text
  73              		.section	.gnu.lto_hal_lld_init.3d7ac87777319d0a,"",%progbits
  74 0000 789CA594 		.ascii	"x\234\245\224\315O\023A\030\306\347\331\331\335nD\313"
  74      CD4F1341 
  74      18C6E7D9 
  74      D9DD6E44 
  74      CB
  75 0011 C9C4440E 		.ascii	"\311\304D\016\\\271t\015\374\017\036L<\351\325\030\203"
  75      5CB9740D 
  75      FC0F1E4C 
  75      3CE9D518 
  75      83
  76 0022 070F4D30 		.ascii	"\007\017M0\342\201[\267\026J\361#1\006j\202\215\326"
  76      E2815BB7 
  76      164AF123 
  76      31066A82 
  76      8DD6
  77 0034 AF1842B4 		.ascii	"\257\030B\264VPiQ\251\025\001\221\202b\025\265\300A"
  77      56506951 
  77      A9150191 
  77      826215B5 
  77      C041
  78 0046 13139498 		.ascii	"\023\023\224\230\030=\020\015\340\2743M\227\364\266"
  78      183D100D 
  78      E0BC334D 
  78      97F4B6
  79 0055 65B2FBEE 		.ascii	"e\262\373\356\354\316\354\363\274\277\235\235\327d\214"
  79      ECCEECF3 
  79      BCBF9D9D 
  79      D7648C
  80 0064 692663CD 		.ascii	"i&c\315\342\272W\234\340\014\332\305Y\306\302\226\006"
  80      E2BA579C 
  80      E00CDAC5 
  80      59C6C296 
  80      06
  81 0075 50C7B1C0 		.ascii	"P\307\261\300B\032B8\317{9\362\335\3372Z\323\035G\264"
  81      421A4238 
  81      CF7B39F2 
ARM GAS  /tmp/ccpqE1Mb.s 			page 6


  81      DDDF325A 
  81      D31D47B4 
  82 0089 DCE507BE 		.ascii	"\334\345\007\276\250\323\265'\301\031\213\213\223\032"
  82      A8D3B527 
  82      C1198B8B 
  82      931A
  83 0097 86D0C4C4 		.ascii	"\206\320\304\304\264/\351\215\276]\246\256\236c\030"
  83      B42FE98D 
  83      BE5DA6AE 
  83      9E6318
  84 00a6 2683E8A4 		.ascii	"&\203\350\244\346\215\234\263\261\331\355\344fn\342"
  84      E68D9CB3 
  84      B1D9EDE4 
  84      666EE2
  85 00b5 DA81DD60 		.ascii	"\332\201\335`\011\016\215\002\247\240S0(\230\024,\012"
  85      090E8D02 
  85      A7A05330 
  85      2898142C 
  85      0A
  86 00c6 7514FC14 		.ascii	"u\024\374\024\030\213\0111\221\221\223c=\\\243^$\307"
  86      188B0931 
  86      91919363 
  86      3D5CA35E 
  86      24C7
  87 00d8 BE239F5D 		.ascii	"\276#\237]Yl%\213~n\011\347xW~\316w\216'\270\006J\244"
  87      596C258B 
  87      7E6E09E7 
  87      78577ECE 
  87      778E27B8 
  88 00ef 942AFCB0 		.ascii	"\224*\374\260\324\255\223\2149\272xt+\225\276\202$\256"
  88      D4AD938C 
  88      39BA7874 
  88      2B95BE82 
  88      24AE
  89 0101 86054363 		.ascii	"\206\005Cc\202s<B\003\036\242\201\321\374KC\305#\366"
  89      82733C42 
  89      031EA281 
  89      D1FC4B43 
  89      C523F6
  90 0114 5DA71309 		.ascii	"]\247\023\011\256\343\261\230\326'\3110\002\233\274"
  90      AEE3B198 
  90      D627C930 
  90      029BBC
  91 0123 FE58E4E4 		.ascii	"\376X\344\344I$\343\212da\213\321\245\251\201AN)\001"
  91      4924E38A 
  91      64618BD1 
  91      A5A98141 
  91      4E2901
  92 0136 9BA2D563 		.ascii	"\233\242\325cT\274\346Y;LC:\236\270\352O\245z\205_\007"
  92      54BCE659 
  92      3B4C433A 
  92      9EB8EA4F 
  92      A57A855F 
  93 014b C333A59C 		.ascii	"\3033\245\234\035X\342\352\013\325yJ}L\212\323\312!"
  93      1D58E2EA 
  93      0BD5794A 
  93      7D4C8AD3 
ARM GAS  /tmp/ccpqE1Mb.s 			page 7


  93      CA21
  94 015d 5733FF73 		.ascii	"W3\377sW$\017{[\260/\\\251q!U\241[.\323\371=%\366R\252"
  94      57240F7B 
  94      5BB02F5C 
  94      A9712155 
  94      A15B2ED3 
  95 0177 69A43651 		.ascii	"i\2446Q3\335\244+2\265M\272W\256\324\364V\272\2252\035"
  95      33DDA42B 
  95      32B54DBA 
  95      57AED4F4 
  95      56BA9532 
  96 018c 3C25F65A 		.ascii	"<%\366Z\252\311\3557#\351\"kQ(!MiMd\377\376\336\251"
  96      AAC9ED37 
  96      23E9226B 
  96      5128214D 
  96      694D64FF 
  97 01a3 FE43DACE 		.ascii	"\376C\332\316@A9\026\317\302\363g\230u\335\346`\013"
  97      40413916 
  97      CFC2F367 
  97      9875DDE6 
  97      600B
  98 01b5 0BB68A48 		.ascii	"\013\266\212H2]/\267\276\230\234\311\254\226|\241u\307"
  98      325D2FB7 
  98      BE989CC9 
  98      AC967CA1 
  98      75C7
  99 01c7 4A70234E 		.ascii	"Jp#N+\2107\010\211]m*\304\036Ce\306=\231\276\225\246"
  99      2B883708 
  99      895D6D2A 
  99      C41E4365 
  99      C63D99BE 
 100 01dd 3A99CE57 		.ascii	":\231\316W!\352Jkx|2j)D\340]\355xE\327\351=\341\351"
 100      21EA4A6B 
 100      787C326A 
 100      2944E05D 
 100      ED7845D7 
 101 01f5 AAEE5CB8 		.ascii	"\252\356\\\270\275C\331\031[7\236O\026\236\033\327\377"
 101      BD43D919 
 101      5B379E4F 
 101      169E1BD7 
 101      FF
 102 0206 2D18EAD6 		.ascii	"-\030\352\326q:e\341\271?xo\235\273~\026\026\204\337"
 102      713A65E1 
 102      B93F786F 
 102      9DBB7E16 
 102      1684DF
 103 0219 87B2DFDA 		.ascii	"\207\262\337\332\364\310\250V1\374(\015\0152\374T\205"
 103      F4C8A856 
 103      31FC280D 
 103      0D32FC54 
 103      85
 104 022a 56B6FB55 		.ascii	"V\266\373U\350\377\352Wh\215\370\\\215\346\301\252\344"
 104      E8FFEA57 
 104      688DF85C 
 104      8DE6C1AA 
 104      E4
 105 023b 5A2D129B 		.ascii	"Z-\022\233\311~\342Lr\254WJ\311\242\036\023\013&\252"
ARM GAS  /tmp/ccpqE1Mb.s 			page 8


 105      C97EE24C 
 105      72AC574A 
 105      C9A21E13 
 105      0B26AA
 106 024e ADF833F7 		.ascii	"\255\3703\367\005\002\266:\332\332\355\023\307\202\366"
 106      0502B63A 
 106      DADAED13 
 106      C782F6
 107 025d C9B653A7 		.ascii	"\311\266S\247\333\355C\207\017\2664\253\270\277\245"
 107      DBED4387 
 107      0FB634AB 
 107      B8BFA5
 108 026c A383468E 		.ascii	"\243\203F\216\006\203\307\003\255\354?n\371\347\367"
 108      0683C703 
 108      ADEC3F6E 
 108      F9E7F7
 109              		.text
 110              		.section	.gnu.lto_stm32_clock_init.3d7ac87777319d0a,"",%progbits
 111 0000 789CA556 		.ascii	"x\234\245VKs\024U\024\276\247\3373=\317\204\220\224"
 111      4B731455 
 111      14BEA7DF 
 111      333DCF84 
 111      9094
 112 0012 C5C29DC5 		.ascii	"\305\302\235\305&C\301/\310\306\235ntkY>\026.R\205%"
 112      2643C12F 
 112      C8C69D6E 
 112      746B593E 
 112      162E5285 
 113 0027 96C58E8E 		.ascii	"\226\305\216\2160\003\221PeY\200V\210:Uh\201\2130\""
 113      30039150 
 113      65598056 
 113      883A5568 
 113      818B3022 
 114 003b 51492061 		.ascii	"QI a\014\214C\022 \200\361\221\007\212\301\201\011\011"
 114      0C8C4312 
 114      2080F191 
 114      078AC181 
 114      0909
 115 004d 203A9287 		.ascii	" :\222\207\220\361\236{n\247\273\206\205\366\3305\363"
 115      90F19E7B 
 115      6EA7BB86 
 115      85F6D835 
 115      F3
 116 005e CD9D7BBA 		.ascii	"\315\235{\272\276s\356\371\276{\273\015\306\330I\233"
 116      BE73EEF9 
 116      BE7BBB0D 
 116      C6D8499B 
 117 006e B1CDFC77 		.ascii	"\261\315\374w\221\177\241\201\201\362\356%\306:,\005"
 117      917FA181 
 117      81F2EE25 
 117      C63A2C05 
 118 007e 541AA84A 		.ascii	"T\032\250J\262o\2301'\254\315\330\314\211$i\276M\003"
 118      B26F9831 
 118      27ACCDD8 
 118      CC892469 
 118      BE4D03
 119 0091 9DE2BA92 		.ascii	"\235\342\272\222\240\270!\342\011\232o3\300\244\270"
ARM GAS  /tmp/ccpqE1Mb.s 			page 9


 119      A0B821E2 
 119      099A6F33 
 119      C0A4B8
 120 00a0 A9C4296E 		.ascii	"\251\304)n\211x\234\346\333,\010Q<\244\304(\036\026"
 120      89789CE6 
 120      DB2C0851 
 120      3CA4C428 
 120      1E16
 121 00b2 F118CDB7 		.ascii	"\361\030\315\267\205\301\246\270\255D)\036\021\361("
 121      85C1A6B8 
 121      AD44291E 
 121      11F128
 122 00c1 CDB74500 		.ascii	"\315\267E\000\360\327\261\200\355P\324\244\246'\014"
 122      F0D7B180 
 122      ED50D4A4 
 122      A6270C
 123 00d0 336E8562 		.ascii	"3n\205ba;\032\201\035\206\312\344\245\273\003\323\035"
 123      613B1A81 
 123      1D86CAE4 
 123      A5BB03D3 
 123      1D
 124 00e1 84DC81ED 		.ascii	"\204\334\201\355\016\272\324\375*\014\357\276\331\257"
 124      0EBAD4FD 
 124      2A0CEFBE 
 124      D9AF
 125 00ef 6C3CE2F0 		.ascii	"l<\342\360+\377\376\345p\306I\267\364p\226\203\222\011"
 125      2BFFFEE5 
 125      70C649B7 
 125      F4709683 
 125      9209
 126 0101 4EC046C6 		.ascii	"N\300F\306o\233=\276z jh4\017}`0\340\203\334U=\357\254"
 126      6F9B3DBE 
 126      7A206A68 
 126      340F7D60 
 126      30E083DC 
 127 0119 56773BF9 		.ascii	"Vw;\371\205\303p\377\331\247\200\365\250\240 \250\010"
 127      85C370FF 
 127      D9A780F5 
 127      A8A020A8 
 127      08
 128 012a 1A828E60 		.ascii	"\032\202\216` \230\010\026B\010!\214`#D\020\242\010"
 128      20980816 
 128      4208218C 
 128      60234410 
 128      A208
 129 013c 31843842 		.ascii	"1\2048B\002!\211\320\200\320\210\260\016\241\011a=B"
 129      022189D0 
 129      80D088B0 
 129      0EA10961 
 129      3D42
 130 014e 33420B02 		.ascii	"3B\013\002c{x]3\266\223g\235\252\302\007;\363\3546\014"
 130      637B785D 
 130      33B69367 
 130      9DAAC207 
 130      3BF3EC36 
 131 0163 0FCCF596 		.ascii	"\017\314\365\226\014,\266[\005\276\206\203\351\341q"
 131      0C2CB65B 
ARM GAS  /tmp/ccpqE1Mb.s 			page 10


 131      05BE8683 
 131      E9E171
 132 0172 73AFDAA3 		.ascii	"s\257\332\243*\200K\232\316]\234\267\350\257\223\335"
 132      2A804B9A 
 132      CE5D9CB7 
 132      E8AF93DD 
 133 0182 E3687CEA 		.ascii	"\343h|\352\223\334\361C\220\205\217:x7\236\354QU\370"
 133      93DCF143 
 133      90858F3A 
 133      78379EEC 
 133      5155F8
 134 0195 0A36C097 		.ascii	"\0126\300\227\260\201\341\375\357\235\230x!\325\353"
 134      B081E1FD 
 134      EF9D9878 
 134      21D5EB
 135 01a4 EC821E55 		.ascii	"\354\202\036U\203\257\371m\007D\217\340$\244x\262\235"
 135      83AFF96D 
 135      07448FE0 
 135      24A478B2 
 135      9D
 136 01b5 4B19A054 		.ascii	"K\031\240T\012e\353;W\314\010z\340W?\347\340\005M\274"
 136      0A65EB3B 
 136      57CC087A 
 136      E0573FE7 
 136      E0054DBC 
 137 01c9 23EE0994 		.ascii	"#\356\011\224i\300\313t\012R\234\236\217:U\225q\033"
 137      69C0CB74 
 137      0A529C9E 
 137      8F3A5595 
 137      711B
 138 01db B8AB3C56 		.ascii	"\270\253<V2)\265\372_\231;0\244\301i\217{\220V\3610"
 138      3229B5FA 
 138      5F993B30 
 138      A4C1698F 
 138      7B9056F1 
 139 01f0 33A21397 		.ascii	"3\242\023\227Ft\205\352b>N\313P`\210\323\224`\327\324"
 139      467485EA 
 139      623E4ECB 
 139      506088D3 
 139      9460D7D4 
 140 0204 D90B72AD 		.ascii	"\331\013r\255\330\264\334B\377r\224\356`p\006\0231\324"
 140      D8B4DC42 
 140      FF7294EE 
 140      60700613 
 140      31D4
 141 0216 23C9B87F 		.ascii	"#\311\270\177\241S\325|r\234\376T\026\252\007jA^\224"
 141      A153D57C 
 141      729CFE54 
 141      16AA076A 
 141      415E94
 142 0229 8986836F 		.ascii	"\211\206\203o\3342e\001\222k\350A\372-*\341a\265Z\215"
 142      DC326501 
 142      926BE841 
 142      FA2D2AE1 
 142      61B55A8D 
 143 023d C370FDFD 		.ascii	"\303p\375\375>\353%;\207\3756D\351\237\015\312\266\230"
 143      3EEB253B 
ARM GAS  /tmp/ccpqE1Mb.s 			page 11


 143      87FD3644 
 143      E99F0DCA 
 143      B698
 144 024f 81C80A1E 		.ascii	"\201\310\012\036\331\267\242\362\272J*z,\347\261$SX"
 144      D9B7A2F2 
 144      BA4A2A7A 
 144      2CE7B124 
 144      5358
 145 0261 40F75B60 		.ascii	"@\367[`\250 ;k\005\264\300\210\307=\352\366vR\2565D"
 145      A8203B6B 
 145      05B4C088 
 145      C73DEAF6 
 145      7652AE35 
 146 0276 747F97F7 		.ascii	"t\177\227\367O\002u7\002cd\201\3515\013\204|\232'\244"
 146      4F027537 
 146      02636481 
 146      E9350B84 
 146      7C9A27A4 
 147 028a E6864FF3 		.ascii	"\346\206O\363Qw\013\206\003\255\371\202g\315\2135\232"
 147      51770B86 
 147      03ADF982 
 147      67CD8B35 
 147      9A
 148 029b DBC4951B 		.ascii	"\333\304\225\033I\027eY\313\000\227\352W|\334Ku\031"
 148      49176559 
 148      CB0097EA 
 148      577CDC4B 
 148      7519
 149 02ad DB6B2351 		.ascii	"\333k#Q\245<Ff\255\241\312>\361/\015\275\3425\364*\244"
 149      A53C4666 
 149      ADA1CA3E 
 149      F12F0DBD 
 149      E235F42A 
 150 02c2 FCC78EC6 		.ascii	"\374\307\216\306\367\307wT\346\300\334BZ\012\026\011"
 150      F7C77754 
 150      E6C0DC42 
 150      5A0A1609 
 151 02d2 54EB8460 		.ascii	"T\353\204`\3073\000\276\2579w\242\234\353\377\0344?"
 151      C73300BE 
 151      AF3977A2 
 151      9CEBFF1C 
 151      343F
 152 02e4 78D43F62 		.ascii	"x\324?b\033\242\302e\246\337ew\\\227\305\002\272\354"
 152      1BA2C265 
 152      A6DF6577 
 152      5C97C502 
 152      BAEC
 153 02f6 278F7BB2 		.ascii	"'\217{\262\366\240\211s\272\307O\226\270\317Vqi+k\315"
 153      F6A08973 
 153      BAC74F96 
 153      B8CF5671 
 153      692B6BCD 
 154 030a 5695F24A 		.ascii	"V\225\362J\241.u\246<u\246\205:_\314\367O\031\244\216"
 154      A12E75A6 
 154      3C75A685 
 154      3A5FCCF7 
 154      4F19A48E 
ARM GAS  /tmp/ccpqE1Mb.s 			page 12


 155 031e 733E0B30 		.ascii	"s>\0130C\015\254\224\037\325\227\340\232H \236\222?"
 155      430DAC94 
 155      1FD597E0 
 155      9A48209E 
 155      923F
 156 0330 8B04B31F 		.ascii	"\213\004\263\037\244\227\3022\001_\305/.\377j}\374\327"
 156      A497C232 
 156      015FC52F 
 156      2EFF6A7D 
 156      FCD7
 157 0342 05BF86FC 		.ascii	"\005\277\206\374\277\012\376\303\237\037\315\250\304"
 157      BF0AFEC3 
 157      9F1FCDA8 
 157      C4
 158 034f BF09665D 		.ascii	"\277\011f]{u\035\221J%\002y\340\206\267\025~\253\261"
 158      7B751D91 
 158      4A250279 
 158      E086B715 
 158      7EABB1
 159 0362 5792B8AE 		.ascii	"W\222\270\256\224V\306C\264\3538\233\005\245\372\015"
 159      9456C643 
 159      B4EB389B 
 159      05A5FA0D 
 160 0372 77D34B76 		.ascii	"w\323Kv\013\015\227\024\206\013\371\015\267\357\226"
 160      0B0D9714 
 160      860BF90D 
 160      B7EF96
 161 0381 5C464340 		.ascii	"\\FC@\303\225=\356\271Z\3035\022\335X\265\353\236\276"
 161      C3953DEE 
 161      B95AC335 
 161      12DD58B5 
 161      EB9EBE
 162 0394 B69204DC 		.ascii	"\266\222\004\334\256\265`\243\317\2021i\301\260\317"
 162      AEB560A3 
 162      CF823169 
 162      C1B0CF
 163 03a3 82DD4557 		.ascii	"\202\335EW\301\265-\256\2137\213\225Ra\257E\177\235"
 163      C1B52DAE 
 163      8B378B95 
 163      5261AF45 
 163      7F9D
 164 03b5 3CBD59CC 		.ascii	"<\275Y\314\037\352\275\026r5~\231\277\263\030\260\300"
 164      1FEABD16 
 164      72357E99 
 164      BFB318B0 
 164      C0
 165 03c6 AB9F97D5 		.ascii	"\253\237\227\325\367?*\014\306}\345\337\021\345\343"
 165      F73F2A0C 
 165      C67DE5DF 
 165      11E5E3
 166 03d5 4B1CDC15 		.ascii	"K\034\334\025*\017\234)\216FI\345$\334sU\376\330Uy]"
 166      2A0F9C29 
 166      8E4649E5 
 166      24DC7355 
 166      FED85579 
 167 03ea A0C6FFEE 		.ascii	"\240\306\377\356m\202\3735*7q.\261\031\353\324\364\017"
 167      6D82FB35 
ARM GAS  /tmp/ccpqE1Mb.s 			page 13


 167      2A37712E 
 167      B119EBD4 
 167      F40F
 168 03fc 8FFA4FD4 		.ascii	"\217\372O\324\264Ihj\3735=Z\224E\257\017\250i\305\343"
 168      B449686A 
 168      FB353D5A 
 168      9445AF0F 
 168      A869C5E3 
 169 0410 FEABF651 		.ascii	"\376\253\366Q\325\314\351\036\17765s\222\356S\225Q)"
 169      D5CCE91E 
 169      7F363573 
 169      92EE5395 
 169      5129
 170 0422 B3050FD6 		.ascii	"\263\005\017\326\004\215JA#\276G\3251\267\262\226@k"
 170      048D4A41 
 170      23BE47D5 
 170      31B7B296 
 170      406B
 171 0434 5EF4B6E4 		.ascii	"^\364\266\344R\375\017\371e\217e\005;\327\302\356\302"
 171      52FD0FF9 
 171      658F6505 
 171      3BD7C2EE 
 171      C2
 172 0445 DBD91B1F 		.ascii	"\333\331\033\037\012&Y4\360b\371!\272\251\2655E\237"
 172      0A265934 
 172      F062F921 
 172      BAA9B535 
 172      459F
 173 0457 ADDB52AF 		.ascii	"\255\333R\257\275\324\236z}\353\033onK=\367\3743[6\023"
 173      BDD49E7A 
 173      7DEB1B6F 
 173      6E4B3DF7 
 173      FC335B36 
 174 046c 3EBD65FB 		.ascii	">\275e\373v\214\274\330\336\376j\353+\354\037\177\327"
 174      768CBCD8 
 174      DEFE6AEB 
 174      2BEC1F7F 
 174      D7
 175 047d D2D7     		.ascii	"\322\327"
 176              		.text
 177              		.section	.gnu.lto_.symbol_nodes.3d7ac87777319d0a,"",%progbits
 178 0000 789C6363 		.ascii	"x\234cc``\360\006b\006\246V\246z\006\206\011\347\030"
 178      6060F006 
 178      6206A656 
 178      A67A0686 
 178      09E718
 179 0013 1880D4CE 		.ascii	"\030\200\324\316\206\203\015l@\2616\246zF\230\330\256"
 179      86830D6C 
 179      40B136A6 
 179      7A4698D8 
 179      AE
 180 0024 0647A048 		.ascii	"\006G\240H;S=\023\212\010k\013\023C\243\022\320\000"
 180      3B533D13 
 180      8A086B0B 
 180      1343A312 
 180      D000
 181 0036 66460686 		.ascii	"fF\006\206E\355o\344\031\000\321B\021\343"
ARM GAS  /tmp/ccpqE1Mb.s 			page 14


 181      45ED6FE4 
 181      1900D142 
 181      11E3
 182              		.text
 183              		.section	.gnu.lto_.refs.3d7ac87777319d0a,"",%progbits
 184 0000 789C6363 		.ascii	"x\234cc```\004b\006\000\000D\000\010"
 184      60606004 
 184      62060000 
 184      440008
 185              		.text
 186              		.section	.gnu.lto_.decls.3d7ac87777319d0a,"",%progbits
 187 0000 789CBD57 		.ascii	"x\234\275WkPTG\026\276}{\030\036\203`\301V\312\332r"
 187      6B505447 
 187      16BE7D7B 
 187      181E8360 
 187      C156CADA 
 188 0015 AB2C9794 		.ascii	"\253,\227\224\324n\340\002Z\025\177lmEG\214V6\2115\303"
 188      D46EE002 
 188      5A157F6C 
 188      6D45478C 
 188      56368935 
 189 002a 6EE2AFC9 		.ascii	"n\342\257\3118\216\013+0\256\003\265Z\251\335\\\004"
 189      388E0B2B 
 189      30AE03B5 
 189      5AA9DD5C 
 189      04
 190 003b 51F10504 		.ascii	"Q\361\005\004_\240qD|\240\024A7>p@GPb\214<\234\254\012"
 190      5FA07144 
 190      7CA01441 
 190      373E7040 
 190      4750628C 
 191 0053 CADB8018 		.ascii	"\312\333\200\030\015(\012\250\020\331\323\335\367r\357"
 191      0D280AA8 
 191      10D9D3DD 
 191      F772EF
 192 0062 0CA3FBA8 		.ascii	"\014\243\373\250\255\275\3457\367\236\356\257\3179}"
 192      ADBDE537 
 192      F79EEEAF 
 192      CF397D
 193 0071 FA9CD3A8 		.ascii	"\372\234\323\250\3458n\305T\216s\362\0347\027q\3348"
 193      E5386EC5 
 193      548E73F2 
 193      1C371771 
 193      DC38
 194 0083 3C1A18BB 		.ascii	"<\032\030\273\310)\017\0068\001\325\200\013\000\240"
 194      C8290F06 
 194      3801D580 
 194      0B00A0
 195 0092 71D738CF 		.ascii	"q\3278\317\347/0\350\017\357O\000\263\000-\200[\200"
 195      E72F30E8 
 195      0FEF4F00 
 195      B3002D80 
 195      5B80
 196 00a4 06C04BC0 		.ascii	"\006\300K\300\030\000Lpn\300SI\207\223\233\374|\012"
 196      18004C70 
 196      6EC05349 
 196      87939BFC 
ARM GAS  /tmp/ccpqE1Mb.s 			page 15


 196      7C0A
 197 00b6 13812A3D 		.ascii	"\023\201*=\362Z\242g\034p\016\020\016\2340\200\026\276"
 197      F25AA267 
 197      1C700E10 
 197      0E9C3080 
 197      16BE
 198 00c8 9F038600 		.ascii	"\237\003\206\000\203\200\207\200'\000\035b\266\252_"
 198      83808780 
 198      27001D62 
 198      B6AA5F
 199 00d7 61E3332F 		.ascii	"a\3433/_\3256\336\202\271_K\272\037\003\036\001\206"
 199      5FD536DE 
 199      82B95F4B 
 199      BA1F031E 
 199      0186
 200 00e9 0103807E 		.ascii	"\001\003\200~\302G\314\367\013>\364\026`t\356b\365\005"
 200      C247CCF7 
 200      0B3EF416 
 200      6074EE62 
 200      F505
 201 00fb 5D076A43 		.ascii	"]\007jC`\037M\245\243\010\261_x\023Py\\~\020\033\207"
 201      601F4DA5 
 201      A308B15F 
 201      78135079 
 201      5C7E101B 
 202 0110 519EBD24 		.ascii	"Q\236\275$*\021\344%hb\204\227t\360\262^\372OR\200\324"
 202      2A11E425 
 202      68628497 
 202      74F0B25E 
 202      FA4F5280 
 203 0125 5AD93C33 		.ascii	"Z\331<3'?,\352\354C\265\216\015\361\2121\325\222I\276"
 203      273F2CEA 
 203      EC43B58E 
 203      0DF18A31 
 203      D59249BE 
 204 0139 7213D313 		.ascii	"r\023\323\023N)\233DR\020n<\334R\036\334\211\332av)"
 204      4E299B44 
 204      52106E3C 
 204      DC521EDC 
 204      89DA6176 
 205 014e C7E506A4 		.ascii	"\307\345\006\244 2\272\257\271\370<\217y\372]\332\323"
 205      2032BAAF 
 205      B9F83C8F 
 205      79FA5DDA 
 205      D3
 206 015f 523105FF 		.ascii	"R1\005\377\202~\2674n\337\034\030]&\262'`\037\346\320"
 206      827EB734 
 206      6EDF1C18 
 206      5D26B227 
 206      601FE6D0 
 207 0173 6984E580 		.ascii	"i\204\345\200^\036\037q\205n\306(,\010\361 \272\037"
 207      5E1E1F71 
 207      856EC628 
 207      2C08F120 
 207      BA1F
 208 0185 5DDBA703 		.ascii	"]\333\247\003\361gAh*\210e[\306\013\374\246\355$\013"
 208      F1674168 
ARM GAS  /tmp/ccpqE1Mb.s 			page 16


 208      2A88655B 
 208      C60BFCA6 
 208      ED240B
 209 0198 7333C5A9 		.ascii	"s3\305\251<\372\344\015T\211\246\243\263h:\270s\016"
 209      3CFAE40D 
 209      5489A6A3 
 209      B3683AB8 
 209      730E
 210 01aa 4D83DF54 		.ascii	"M\203\337T\015\323t\324q\303\245\235\351\020]\235\242"
 210      0DD374D4 
 210      71C3A59D 
 210      E9105D9D 
 210      A2
 211 01bb 6BA470EE 		.ascii	"k\244p\356\315\332l\261\011\326\275Cy\350\024\302\350"
 211      CDDA6CB1 
 211      09D6BD43 
 211      79E814C2 
 211      E8
 212 01cc 0C8A26BB 		.ascii	"\014\212&\2738E\254\243\257P'B\177G\035\260\011'\232"
 212      3845ACA3 
 212      AF502742 
 212      7F471DB0 
 212      09279A
 213 01df 09EBF77C 		.ascii	"\011\353\367|\261\275\002\343\015\210:\275\271\264\351"
 213      B1BD02E3 
 213      0D883ABD 
 213      B9B4E9
 214 01ee B40E9439 		.ascii	"\264\016\2249@Y\303\276\340B\321\265\016t\361TU\225"
 214      4059C3BE 
 214      E042D1B5 
 214      0E74F154 
 214      5595
 215 0200 A2AACA5B 		.ascii	"\242\252\312[U5U%\3669[Cq\001S\225}{\340\231\277\244"
 215      55355525 
 215      F6395B43 
 215      71015395 
 215      7D7BE099 
 216 0216 AAE6571E 		.ascii	"\252\346W\036\232\316+\232\316{k\272@5\265])=\216!\036"
 216      9ACE2B9A 
 216      CE7B6BBA 
 216      4035B55D 
 216      293D8E21 
 217 022b B3821039 		.ascii	"\263\202\0209\242P\030\372\362a\345\363)l\210\250wo"
 217      A25018FA 
 217      F261E5F3 
 217      296C88A8 
 217      776F
 218 023d 1F2CF1C7 		.ascii	"\037,\361\307\207\230\255\353Y\025{1\213\246\006\304"
 218      8798ADEB 
 218      59157B31 
 218      8BA606C4 
 219 024d C7F58577 		.ascii	"\307\365\205wCX4g\024`\276\243e\2645\004\005En\024\305"
 219      43583467 
 219      1460BEA3 
 219      65B43504 
 219      05456E14 
 220 0262 75A22353 		.ascii	"u\242#S\014\\\304\241K\020\315Z\210&\252C\221D%q\007"
ARM GAS  /tmp/ccpqE1Mb.s 			page 17


 220      0C5CC4A1 
 220      4B10CD5A 
 220      8826AA43 
 220      91442571 
 221 0277 5D844117 		.ascii	"]\204A\027\014\036&\201w}]\376\333=\203\2428\003]FA"
 221      0C1E2681 
 221      777D5DFE 
 221      DB3D83A2 
 221      38035D46 
 222 028c A8467179 		.ascii	"\250FqyV\020\013|iI^\261\026\237\245'\317;\213z.\363"
 222      56100B7C 
 222      69495EB1 
 222      169FA527 
 222      CF3B8B7A 
 223 02a2 AFB2F1CD 		.ascii	"\257\262\361\315+m46\317\254[O\302r\005l|\255\330\000"
 223      2B6D3436 
 223      CFAC5B4F 
 223      C272056C 
 223      7CADD800 
 224 02b6 93CCC897 		.ascii	"\223\314\310\227'6n yB\346\305\346\307o\300PEI\317/"
 224      27366E20 
 224      7942E6C5 
 224      E6C76FC0 
 224      504549CF 
 225 02cb 7135A61B 		.ascii	"q5\246\033\337v\264\261U\373\346A\321QC\016\3777%p\370"
 225      DF76B4B1 
 225      55FBE641 
 225      D151430E 
 225      FF372570 
 226 02e0 B98892BF 		.ascii	"\271\210\222\277e\312&\234\340\350\310U\342\3165\364"
 226      65CA269C 
 226      E0E8C855 
 226      E2CE35F4 
 227 02f0 262C6D3A 		.ascii	"&,m:\327\331\023\202\353\231\236\335\356\023\361A\340"
 227      D7D91382 
 227      EB999EDD 
 227      EE13F141 
 227      E0
 228 0301 7BE6BFE5 		.ascii	"{\346\277\345;,(t>\275\352\307\"\036\000\342\231\376"
 228      3B2C2874 
 228      3EBDEAC7 
 228      221E00E2 
 228      99FE
 229 0313 E367A6B0 		.ascii	"\343g\246\260\210\273\310\364\256\312\356G!\270\211"
 229      88BBC8F4 
 229      AECAEE47 
 229      21B889
 230 0322 2AD7B496 		.ascii	"*\327\264\226mx\240E\021\341\221\021\305bV\246\350\272"
 230      6D78A045 
 230      11E19111 
 230      C56256A6 
 230      E8BA
 231 0334 F762CE98 		.ascii	"\367b\316\230\273O\024\363\203Q\003xZ\017~}\207\302"
 231      BB4F14F3 
 231      83510378 
 231      5A0F7E7D 
 231      87C2
ARM GAS  /tmp/ccpqE1Mb.s 			page 18


 232 0346 159302F1 		.ascii	"\025\223\002\3616\026~\270<Z\001\000\244\341P\023\314"
 232      36167EB8 
 232      3C5A0100 
 232      A4E15013 
 232      CC
 233 0357 37D29D10 		.ascii	"7\322\235\0206\331\333?\30077\212@7P\004\255+\026\323"
 233      36D9DB3F 
 233      C037378A 
 233      40375004 
 233      AD2B16D3 
 234 036b F6B1B00C 		.ascii	"\366\261\260\014XAX\234\024O\3620\333\303ca\305\231"
 234      5841589C 
 234      144FF230 
 234      DBC36361 
 234      C599
 235 037d E295186A 		.ascii	"\342\225\030j\371\272O\313\227\210\015\272\307\223\227"
 235      F9BA4FCB 
 235      97880DBA 
 235      C79397
 236 038c 2EF8E331 		.ascii	".\370\3431\272\011~\253s\264\002\241\360H\237.\241f"
 236      BA097EAB 
 236      73B402A1 
 236      F0489F2E 
 236      A166
 237 039e F0E4F55E 		.ascii	"\360\344\365^\275\034\323B\027@\267\200tS9g\342#\265"
 237      BD1CD342 
 237      1740B780 
 237      74533967 
 237      E223B5
 238 03b1 D5DAECBE 		.ascii	"\325\332\354\276\212\203s&\262\207\022\225\263kA\301"
 238      8A837326 
 238      B2871295 
 238      B36B41C1 
 239 03c1 B41DC11B 		.ascii	"\264\035\301\033\310\3163UuR\360c@,z\322v?\220\211\221"
 239      C8CE3355 
 239      7552F063 
 239      402C7AD2 
 239      763F9089 
 240 03d6 207E7BF3 		.ascii	" ~{\363@\271\037\336\250\241\007[\177\357\204\333\037"
 240      40B91FDE 
 240      A8A1075B 
 240      7FEF84DB 
 240      1F
 241 03e7 6F63825C 		.ascii	"oc\202\\\027a\264.P^\355\320\023\035\336\311\346\372"
 241      1761B42E 
 241      505EEDD0 
 241      131DDEC9 
 241      E6FA
 242 03f9 B37A3A75 		.ascii	"\263z:uln\032Y\267)\177\007\217\213\244uM\2659\201\370"
 242      6C6E1A59 
 242      B7297F07 
 242      8F8BA475 
 242      4DB53981 
 243 040e 2013E456 		.ascii	" \023\344V\025\306ZU\316\305\226\354@|\234\315\035\350"
 243      15C65A55 
 243      CEC596EC 
 243      407C9CCD 
ARM GAS  /tmp/ccpqE1Mb.s 			page 19


 243      1DE8
 244 0420 ABFC3C14 		.ascii	"\253\374<\024\237dB\325\235S\002v\262\357\322\312\255"
 244      9F6442D5 
 244      9D530276 
 244      B2EFD2CA 
 244      AD
 245 0431 5D7EF812 		.ascii	"]~\370\022\023\356\236\311\032\326\340+L\270\325\324"
 245      13EE9EC9 
 245      1AD6E02B 
 245      4CB8D5D4 
 246 0441 BD88699B 		.ascii	"\275\210i\233\003\322\310\351\321;R\345:0\310\317v\257"
 246      03D2C8E9 
 246      D13B52E5 
 246      3A30C8CF 
 246      76AF
 247 0453 3F82703D 		.ascii	"?\202p=\245\206\212M\333\016 \024\241<\220QRJ\365\277"
 247      A5868A4D 
 247      DB0E2014 
 247      A13C9051 
 247      524AF5BF 
 248 0467 541D6B17 		.ascii	"T\035k\027\304wD}\254\235H9W\306\277\3757hHY\230\322"
 248      C477447D 
 248      AC9D4839 
 248      57C6BFFD 
 248      37684859 
 249 047d BFF7A6DF 		.ascii	"\277\367\246\337\235Dw\177\246\320\037x\323o\243\211"
 249      9D44777F 
 249      A6D01F78 
 249      D36FA389 
 250 048d 7C65ECAB 		.ascii	"|e\354\253*v\2537\373\316$\345/\376\252\320\373\274"
 250      2A76AB37 
 250      FBCE24E5 
 250      2FFEAAD0 
 250      FBBC
 251 049f E982377B 		.ascii	"\351\2027{P\305\256\367\311V{\242\332f\2577\271q\222"
 251      50C5AEF7 
 251      C9567BA2 
 251      DA66AF37 
 251      B97192
 252 04b2 27DD2A7A 		.ascii	"'\335*z\267\357 \252\224\017\252\330\035\336\354vo\266"
 252      B7EF20AA 
 252      940FAAD8 
 252      1DDEEC76 
 252      6FB6
 253 04c4 5BC5EEF1 		.ascii	"[\305\356\361\035q\025\373\205\212}\335\267n\346\270"
 253      1D7115FB 
 253      858A7DDD 
 253      B76EE6B8 
 254 04d4 4739FE00 		.ascii	"G9\376\000\214\373trD\252\305gP\213\217\241\026\037"
 254      8CFB7472 
 254      44AAC567 
 254      508B8FA1 
 254      161F
 255 04e6 015E0006 		.ascii	"\001^\000\006\001C\200\037\001O\000\017\001O\001\303"
 255      0143801F 
 255      014F000F 
 255      014F01C3 
ARM GAS  /tmp/ccpqE1Mb.s 			page 20


 256 04f6 80E78001 		.ascii	"\200\347\200\001@\277G\335\366\376\304\272\311\210\257"
 256      40BF47DD 
 256      F6FEC4BA 
 256      C988AF
 257 0505 6E5237AE 		.ascii	"nR7\256J\2736\337G\255\332U\215jW\367|\037G\254\324"
 257      4ABB36DF 
 257      47ADDA55 
 257      8D6A57F7 
 257      7C1F47AC 
 258 051a 7B86CACA 		.ascii	"{\206\312\312\332t\370;\232\370|\251\363\\W\200w\357"
 258      DA74F83B 
 258      9AF87CA9 
 258      F35C5780 
 258      77EF
 259 052c 91378B7E 		.ascii	"\2217\213~\202=\376\357\366\333>N\373\324\030(\034U"
 259      823DFEEF 
 259      F6DB3E4E 
 259      FBD41828 
 259      1C55
 260 053e FAD488DC 		.ascii	"\372\324\210\334\247\232z\217\214\006\252\373\324\230"
 260      A79A7A8F 
 260      8C06AAFB 
 260      D498
 261 054c 479F7A29 		.ascii	"G\237z)\365\251\227\264O\355\037\033\335\023\242&\223"
 261      F5A997B4 
 261      4FED1F1B 
 261      DD13A226 
 261      93
 262 055d CB5F218F 		.ascii	"\313_!\217K\344qJ>\335\373M]\020+}\021\201|?go{0\356"
 262      4BE4714A 
 262      3EDDFB4D 
 262      5D102B7D 
 262      11817C3F 
 263 0576 605DA266 		.ascii	"`]\242f\260\342H0k\023\244-t\346\326\216\207\222\373"
 263      B0E24830 
 263      6B13A42D 
 263      74E6D68E 
 263      8792FB
 264 0589 4A9414C3 		.ascii	"J\224\024\303\270\2427\223\207\313\023j\001\255\343"
 264      B8A23793 
 264      87CB136A 
 264      01ADE3
 265 0598 E95D3594 		.ascii	"\351]5\224[\2610,W\212\335;\032v\227\362\323\245\254"
 265      5BB1302C 
 265      578ADD3B 
 265      1A7697F2 
 265      D3A5AC
 266 05ab CBE2C3E4 		.ascii	"\313\342\303\3445\204\234\321u\250=D\315nx\035\273\253"
 266      35849CD1 
 266      75A83D44 
 266      CD6E781D 
 266      BBAB
 267 05bd ED5E4E08 		.ascii	"\355^N\010\356\225\234\314\331\264\027\341GL8[\375c"
 267      EE959CCC 
 267      D9B417E1 
 267      474C385B 
 267      FD63
ARM GAS  /tmp/ccpqE1Mb.s 			page 21


 268 05cf 1C73783A 		.ascii	"\034sx:\371\373\271\355\261K\372\373\256\0236\247}^"
 268      F9FBB9ED 
 268      B14BFAFB 
 268      AE1336A7 
 268      7D5E
 269 05e1 943F100C 		.ascii	"\224?\020\014\255,<B\276\024o\016\250R)\233\307h\013"
 269      AD2C3C42 
 269      BE146F0E 
 269      A852299B 
 269      C7680B
 270 05f4 FFBA3670 		.ascii	"\377\2726p\325\246\244\322\006\237\354\311\027\350&"
 270      D5A6A4D2 
 270      069FECC9 
 270      17E826
 271 0603 D8C5469E 		.ascii	"\330\305F\236\314\0216I\227m|$\332\314G\240\034\300"
 271      CC113649 
 271      976D7C24 
 271      DACC47A0 
 271      1CC0
 272 0615 56C0763E 		.ascii	"V\300v>B\316\356\014h\222\266\014jc=\037\2062$\033r"
 272      42CEEE0C 
 272      6892B60C 
 272      6A633D1F 
 272      8632241B 
 273 062a 24D4E92A 		.ascii	"$\324\351*]p\375\254P\2005\271Pz\325\273#=\321\303\337"
 273      5D70FDAC 
 273      508035B9 
 273      507AD5BB 
 273      233DD1C3 
 274 063f 4E8FD43F 		.ascii	"N\217\324?Ux\255\216\307\303,\365\263\326e\016\372\241"
 274      5578AD8E 
 274      C7C32CF5 
 274      B3D6650E 
 274      FAA1
 275 0651 C87066A3 		.ascii	"\310pf\243\177\200&g>,\316\345'\222\223X|\305VQ\036"
 275      7F802667 
 275      3E2CCEE5 
 275      27929358 
 275      7CC55651 
 276 0666 ECF05FED 		.ascii	"\354\360_\355\226\234\326\246S\033\264\352L\315\347"
 276      969CD6A6 
 276      531BB4EA 
 276      4CCDE7
 277 0675 D569FD39 		.ascii	"\325i\3759\3172\025\336@\356-\251l\340\361z?vo\326\344"
 277      CF3215DE 
 277      40EE2DA9 
 277      6CE0F17A 
 277      3F766FD6 
 278 068a 27E14DEC 		.ascii	"'\341M\354\373\366\311\256.-\316g\302`a\335\203 \274"
 278      FBF6C9AE 
 278      2E2DCE67 
 278      C26061DD 
 278      8320BC
 279 069d 830945E5 		.ascii	"\203\011E\345\307\2620\336\315\204\326\252\214K!\330"
 279      C7B230DE 
 279      CD84D6AA 
 279      8C4B21D8 
ARM GAS  /tmp/ccpqE1Mb.s 			page 22


 280 06ad C184AEFD 		.ascii	"\301\204\256\375\353\276\367\303\207\230\360\254\352"
 280      EBBEF7C3 
 280      8798F0AC 
 280      EA
 281 06ba 7A31CFB2 		.ascii	"z1\317\262&\002\304c\256\315W\260t\033\222\377%\034"
 281      2602C463 
 281      AECD57B0 
 281      741B92FF 
 281      251C
 282 06cc 6E7C5E80 		.ascii	"n|^\200p)\345\352v\345=\334\036BS\210<\0237aC\237*\322"
 282      7029E5EA 
 282      76E53DDC 
 282      1E425388 
 282      3C133761 
 283 06e4 3B21480E 		.ascii	";!H\016\376\265W[w\242\222H\373\274\351\252.\356\021"
 283      FEB5575B 
 283      77A29248 
 283      FBBCE9AA 
 283      2EEE11
 284 06f7 DEBD10DE 		.ascii	"\336\275\020\336\"\232I\016)\266\207!\266G \246\207"
 284      229A490E 
 284      29B68721 
 284      B64720A6 
 284      87
 285 0708 00C58012 		.ascii	"\000\305\200\022\300\001\300\027\200\203\200\243\200"
 285      C001C017 
 285      808380A3 
 285      80
 286 0715 FD4A7691 		.ascii	"\375Jv\221f\230\350y\221\371\360S}\331\230\024\366n"
 286      6698E879 
 286      91F9F053 
 286      7DD99814 
 286      F66E
 287 0727 6F371BD5 		.ascii	"o7\033\325l8B\227[\322M*}\2077{\322E\366B\245{\227o"
 287      6C384297 
 287      5BD24D2A 
 287      7D87377B 
 287      D245F642 
 288 073f DDEA88FD 		.ascii	"\335\352\210\375\240\242\357\361\246\253\012\225\245"
 288      A0A2EFF1 
 288      A6AB0A95 
 288      A5
 289 074c ECCD0E56 		.ascii	"\354\315\016V\026\016\237e\321\241:\254B\237\272T~\336"
 289      160E9F65 
 289      D1A13AAC 
 289      429FBA54 
 289      7EDE
 290 075e 5645ACC0 		.ascii	"VE\254\300\367\256&\376v\315n\021\233u\270\234\246\012"
 290      F7AE26FE 
 290      76CD6E11 
 290      9B75B89C 
 290      A60A
 291 0770 DF3DD29F 		.ascii	"\337=\322\237\0278QD\303}\264\210\216\303\352R\245\210"
 291      17385144 
 291      C37DB488 
 291      8EC3EA52 
 291      A588
ARM GAS  /tmp/ccpqE1Mb.s 			page 23


 292 0782 1C938B48 		.ascii	"\034\223\213H>et\014\016\367\2779h\360\303\361\354\253"
 292      3E65740C 
 292      0EF7BF39 
 292      68F0C3F1 
 292      ECAB
 293 0794 DA29EAC2 		.ascii	"\332)\352\302:\356QXeRa\221\367\317\023\315\311\246"
 293      3AEE5158 
 293      65526191 
 293      F7CF13CD 
 293      C9A6
 294 07a6 E4E4E5A6 		.ascii	"\344\344\345\246ef\313\312\364U\246\345\266\024sR\252"
 294      6566CBCA 
 294      F455A6E5 
 294      B6147352 
 294      AA
 295 07b7 29293529 		.ascii	"))5)M\210\216\226\376\331\354\002\320\204U\266\325i"
 295      4D888E96 
 295      FED9EC02 
 295      D08455B6 
 295      D569
 296 07c9 76C198F0 		.ascii	"v\301\230\360\376\3548"
 296      FEEC38
 297 07d0 F6BB70F6 		.ascii	"\366\273p\366\2325\202\244 \332\022\360\356\007\277"
 297      9A3582A4 
 297      20DA12F0 
 297      EE07BF
 298 07df 9FA18F8D 		.ascii	"\237\241\217\215\345b\376\303\205\\\260\354\0041;\325"
 298      E562FEC3 
 298      855CB0EC 
 298      04313BD5 
 299 07ef 9E96323B 		.ascii	"\236\2262;\316dI\266YV\322\201 \223)=)5\015\306\322"
 299      CE6449B6 
 299      5956D281 
 299      2093293D 
 299      29350DC6 
 300 0804 B2919068 		.ascii	"\262\221\220hK\261\012f\213\335\032\225l^&,\260Y\322"
 300      4BB10A66 
 300      8BDD1A95 
 300      6C5E262C 
 300      B059D2
 301 0817 53ACA9A0 		.ascii	"S\254\251\240=\301jNyO\210\267$'\255\262[M\326\250U"
 301      3DC16A4E 
 301      794F88B7 
 301      2427ADB2 
 301      5B4DD6A8 
 302 082c E9969571 		.ascii	"\351\226\225qB\202\315\226l\027\376h\261D\231W\247D"
 302      4282CD96 
 302      6C17FE68 
 302      B1449957 
 302      A744
 303 083e A5DA52AD 		.ascii	"\245\332R\255QV\363\262\244\250\267\243\342bb\337\216"
 303      5156F3B2 
 303      A4A8B7A3 
 303      E26262DF 
 303      8E
 304 084f FAF39CA8 		.ascii	"\372\363\234\250\024\363\237l\253\005\217Y!)\325\222"
 304      14F39F6C 
ARM GAS  /tmp/ccpqE1Mb.s 			page 24


 304      AB058F59 
 304      2129D592 
 305 085f 9CBEDC2A 		.ascii	"\234\276\334*\244\230-\211I\251V\301\264\334\272\302"
 305      A4982D89 
 305      49A956C1 
 305      B4DCBAC2 
 306 086f 9C9E9C66 		.ascii	"\234\236\234fJ[\273\312j\217N\344\002d\207>\375\277"
 306      4A5BBBCA 
 306      6A8F4EE4 
 306      0264873E 
 306      FDBF
 307 0881 FA635F6B 		.ascii	"\372c_k\027L\366\264\345`\034\234\0105\256\265\247Y"
 307      174CF6B4 
 307      E5601C9C 
 307      0835AEB5 
 307      A759
 308 0893 53F4B6D5 		.ascii	"S\364\266\325V=\011\026\2577`\275\3210K\035}\353\232"
 308      563D0916 
 308      AF3760BD 
 308      D1304B1D 
 308      7DEB9A
 309 08a6 3441FFBE 		.ascii	"4A\377\276q\261\021\342.\320\300\256\230\035\023\267"
 309      71B111E2 
 309      2ED0C0AE 
 309      981D13B7 
 310 08b6 662E2CD7 		.ascii	"f.,\327-\371\310`J\200\015-\260\256\360\323/|\327\020"
 310      2DF9C860 
 310      4A800D2D 
 310      B0AEF0D3 
 310      2F7CD710 
 311 08ca E73F6FD1 		.ascii	"\347?o\321|\2031\301\240\231\277@o\360\237\267d~l\374"
 311      7C8331C1 
 311      A099BF40 
 311      6FF09FB7 
 311      647E6CFC 
 312 08de 07F41D07 		.ascii	"\007\364\035\007o-L\302+\200\014\023\022\371\210#\037"
 312      6F2D4CC2 
 312      2B800C13 
 312      12F98823 
 312      1F
 313 08ef 58BFD8A0 		.ascii	"X\277\330\240!\353\251\222\331:\203^/\253\325\306\177"
 313      21EBA992 
 313      D93A835E 
 313      2FABD5C6 
 313      7F
 314 0900 9CB0586F 		.ascii	"\234\260Xo\0104\304\033\343\015\177\210_\020C)\261!"
 314      0834C41B 
 314      E30D7F88 
 314      5F104329 
 314      B121
 315 0912 C6A546F8 		.ascii	"\306\245F\370\220Y\370\303\371\206\000\231\302\3173"
 315      9059F8C3 
 315      F9860099 
 315      C2CF33
 316 0921 F04683FF 		.ascii	"\360F\203\377\207K\022\336\213_j\320\220\037<Oo\320"
 316      874B12DE 
 316      8B5F6AD0 
ARM GAS  /tmp/ccpqE1Mb.s 			page 25


 316      901F3C4F 
 316      6FD0
 317 0933 7C645862 		.ascii	"|dXb\230\262\360w\363\214\213\344e\377\0049\011\206"
 317      98B2F077 
 317      F38C8BE4 
 317      65FF0439 
 317      0986
 318 0945 02       		.ascii	"\002"
 319              		.text
 320              		.section	.gnu.lto_.symtab.3d7ac87777319d0a,"",%progbits
 321 0000 68616C5F 		.ascii	"hal_lld_init\000"
 321      6C6C645F 
 321      696E6974 
 321      00
 322 000d 00       		.ascii	"\000"
 323 000e 00       		.ascii	"\000"
 324 000f 00       		.ascii	"\000"
 325 0010 00000000 		.ascii	"\000\000\000\000\000\000\000\000"
 325      00000000 
 326 0018 BD000000 		.ascii	"\275\000\000\000"
 327 001c 73746D33 		.ascii	"stm32_clock_init\000"
 327      325F636C 
 327      6F636B5F 
 327      696E6974 
 327      00
 328 002d 00       		.ascii	"\000"
 329 002e 00       		.ascii	"\000"
 330 002f 00       		.ascii	"\000"
 331 0030 00000000 		.ascii	"\000\000\000\000\000\000\000\000"
 331      00000000 
 332 0038 BF000000 		.ascii	"\277\000\000\000"
 333 003c 53797374 		.ascii	"SystemCoreClock\000"
 333      656D436F 
 333      7265436C 
 333      6F636B00 
 334 004c 00       		.ascii	"\000"
 335 004d 00       		.ascii	"\000"
 336 004e 00       		.ascii	"\000"
 337 004f 00000000 		.ascii	"\000\000\000\000\000\000\000\000"
 337      00000000 
 338 0057 CC000000 		.ascii	"\314\000\000\000"
 339              		.text
 340              		.section	.gnu.lto_.opts,"",%progbits
 341 0000 272D666D 		.ascii	"'-fmath-errno' '-fsigned-zeros' '-ftrapping-math' '"
 341      6174682D 
 341      6572726E 
 341      6F272027 
 341      2D667369 
 342 0033 2D666E6F 		.ascii	"-fno-trapv' '-fno-openmp' '-fno-openacc' '-mcpu=cor"
 342      2D747261 
 342      70762720 
 342      272D666E 
 342      6F2D6F70 
 343 0066 7465782D 		.ascii	"tex-m4' '-mno-thumb-interwork' '-mthumb' '-O2' '-fo"
 343      6D342720 
 343      272D6D6E 
 343      6F2D7468 
ARM GAS  /tmp/ccpqE1Mb.s 			page 26


 343      756D622D 
 344 0099 6D69742D 		.ascii	"mit-frame-pointer' '-falign-functions=16' '-ffuncti"
 344      6672616D 
 344      652D706F 
 344      696E7465 
 344      72272027 
 345 00cc 6F6E2D73 		.ascii	"on-sections' '-fdata-sections' '-fno-common' '-flto"
 345      65637469 
 345      6F6E7327 
 345      20272D66 
 345      64617461 
 346 00ff 2700     		.ascii	"'\000"
 347              		.text
 348              		.comm	__gnu_lto_v1,1,1
 349              		.comm	__gnu_lto_slim,1,1
 350              		.ident	"GCC: (GNU Tools for Arm Embedded Processors 7-2017-q4-major) 7.2.1 20170904 (release) [ARM
ARM GAS  /tmp/ccpqE1Mb.s 			page 27


DEFINED SYMBOLS
                            *ABS*:0000000000000000 hal_lld.c
                            *COM*:0000000000000001 __gnu_lto_v1
                            *COM*:0000000000000001 __gnu_lto_slim

NO UNDEFINED SYMBOLS
