ARM GAS  /tmp/ccQaOxJi.s 			page 1


   1              		.cpu cortex-m4
   2              		.eabi_attribute 20, 1
   3              		.eabi_attribute 21, 1
   4              		.eabi_attribute 23, 3
   5              		.eabi_attribute 24, 1
   6              		.eabi_attribute 25, 1
   7              		.eabi_attribute 26, 1
   8              		.eabi_attribute 30, 2
   9              		.eabi_attribute 34, 1
  10              		.eabi_attribute 18, 4
  11              		.file	"pal.c"
  12              		.section	.gnu.lto_.profile.42dae5fd26b186c,"",%progbits
  13 0000 789C6363 		.ascii	"x\234cc```\001bF\006\015\031\000\000\344\000P"
  13      60606001 
  13      6246060D 
  13      190000E4 
  13      0050
  14              		.text
  15              		.section	.gnu.lto_.icf.42dae5fd26b186c,"",%progbits
  16 0000 789C6363 		.ascii	"x\234cc``\020a@\000f\206y\373\236\335gb\3345\373u\013"
  16      60601061 
  16      40006686 
  16      79FB9EDD 
  16      6762DC35 
  17 0017 07D3EB57 		.ascii	"\007\323\353W[\257\3612\000\000d\021\011}"
  17      5BAFF132 
  17      00006411 
  17      097D
  18              		.text
  19              		.section	.gnu.lto_.jmpfuncs.42dae5fd26b186c,"",%progbits
  20 0000 789C6363 		.ascii	"x\234cc``hf@\000f\006FF\306\3729@\212\211\221\221\031"
  20      60606866 
  20      40006606 
  20      4646C6FA 
  20      39408A89 
  21 0017 C4006246 		.ascii	"\304\000bF&\030\207q\0163\023\033\003\003\343\001\026"
  21      26188771 
  21      0E33131B 
  21      0303E301 
  21      16
  22 0028 460620FE 		.ascii	"F\006 \376\017\004\374\014h|F\306)\314\214\323Z\017"
  22      0F04FC0C 
  22      687C46C6 
  22      29CC8CD3 
  22      5A0F
  23 003a 9D67EF66 		.ascii	"\235g\357f\006\352ed`\334\314(\003\024z\275g\303\015"
  23      06EA6564 
  23      60DCCC28 
  23      03147ABD 
  23      67C30D
  24 004d 56881044 		.ascii	"V\210\020D\335\026F\031\246JF\014\323\000\214y&%"
  24      DD164619 
  24      A64A460C 
  24      D3008C79 
  24      2625
  25              		.text
  26              		.section	.gnu.lto_.inline.42dae5fd26b186c,"",%progbits
ARM GAS  /tmp/ccQaOxJi.s 			page 2


  27 0000 789C6363 		.ascii	"x\234cc``\370\316\200\000\314\014\014\234\034\214\314"
  27      6060F8CE 
  27      8000CC0C 
  27      0C9C1C8C 
  27      CC
  28 0011 0C0A8C20 		.ascii	"\014\012\214 &\210t\000\223\012\034l\037\364\030\330"
  28      26887400 
  28      930A1C6C 
  28      1FF418D8 
  29 0021 16C83331 		.ascii	"\026\310310\276`g\201\220 \202\003\314\344\000\021\002"
  29      30BE6067 
  29      81902082 
  29      03CCE400 
  29      1102
  30 0033 60A600C8 		.ascii	"`\246\000\310\030F\006>^F\026F\240N\210!\012HF1p3]\340"
  30      1846063E 
  30      5E461646 
  30      A04E8821 
  30      0A484631 
  31 004b 87180564 		.ascii	"\207\030\005d\240\030\302\262@\236\007j\022\363\016"
  31      A018C2B2 
  31      409E076A 
  31      12F30E
  32 005a 710106A0 		.ascii	"q\001\006\240\2352 \276\002X^\001d2\023\003\2670\212"
  32      9D3220BE 
  32      02585E01 
  32      64321303 
  32      B7308A
  33 006d FBA04673 		.ascii	"\373\240Fs\002\345\210s\036\320R\011\220I,\274@\357"
  33      02E58873 
  33      1ED05209 
  33      90492CBC 
  33      40EF
  34 007f 4EF00341 		.ascii	"N\360\003A\006\000\373F \246"
  34      0600FB46 
  34      20A6
  35              		.text
  36              		.section	.gnu.lto_.pureconst.42dae5fd26b186c,"",%progbits
  37 0000 789C6363 		.ascii	"x\234cc```\007bf\006)F)&I\000\001\274\000a"
  37      60606007 
  37      62660629 
  37      46292649 
  37      0001BC00 
  38              		.text
  39              		.section	.gnu.lto_palReadBus.42dae5fd26b186c,"",%progbits
  40 0000 789C9591 		.ascii	"x\234\225\221\337KTQ\020\307\347{\346\356\331\273\231"
  40      DF4B5451 
  40      10C7E77B 
  40      E6EED9BB 
  40      99
  41 0011 FE0169B0 		.ascii	"\376\001i\260\017\202\370\262\367\277\350\3770_z\020"
  41      0F82F8B2 
  41      F7BFE8FF 
  41      305F7A10 
  42 0021 8A16C137 		.ascii	"\212\026\3017\317\256?\243\002\011\177\300r\223}0\202"
  42      CFAE3FA3 
  42      02097FC0 
ARM GAS  /tmp/ccQaOxJi.s 			page 3


  42      72937D30 
  42      82
  43 0032 204A5C5D 		.ascii	" J\\]]\255\256\253\370\246fD\024D\017\365\224\210\250"
  43      5DADAEAB 
  43      F8A66644 
  43      14440FF5 
  43      9488A8
  44 0045 CFA1CE9C 		.ascii	"\317\241\316\234\253\260\017\275\010\367\316\23593\363"
  44      ABB00FBD 
  44      08F7CE9D 
  44      3933F3
  45 0054 99EFDC63 		.ascii	"\231\357\334c\211h\310\020\345\345\333)/\230`\246\366"
  45      8968C810 
  45      E5E5DB29 
  45      2F9860A6 
  45      F6
  46 0065 884AA101 		.ascii	"\210J\241\001\324q!h\330`\030\317x\232q0\372>\346\247"
  46      D4712168 
  46      D86018CF 
  46      789A7130 
  46      FA3EE6A7 
  47 0079 1C4B5920 		.ascii	"\034KY \341\351n\345O\207\206@^\302\243\343\235\332"
  47      E1E96EE5 
  47      4F878640 
  47      5EC2A3E3 
  47      9DDA
  48 008b EDDED7CE 		.ascii	"\355\336\327\316\225]2\367\302\316\327>\273\\\314\206"
  48      955D32F7 
  48      C2CED73E 
  48      BB5CCC86 
  49 009b 66A5BC86 		.ascii	"f\245\274\206.,\241Kg,\243W\212\307\016\346\306\231"
  49      2E2CA14B 
  49      672CA357 
  49      8AC70EE6 
  49      C699
  50 00ad EF82C4FF 		.ascii	"\357\202\304\377q\362\346gG\317+\337\270\275\300\256"
  50      71F2E667 
  50      47CF2BDF 
  50      B8BDC0AE 
  51 00bd 3B66C60A 		.ascii	";f\306\012\270\265Q\216\010u\364h\375\357\305\363\231"
  51      B8B5518E 
  51      0875F468 
  51      FDEFC5F3 
  51      99
  52 00ce 761B5499 		.ascii	"v\033T\231\224-\310UX\2028\357\276d\022w~1\341\222\243"
  52      942DC855 
  52      588238EF 
  52      BE641277 
  52      7E31E192 
  53 00e3 05BCBC97 		.ascii	"\005\274\274\2273\322\026\260\230L \306f\324\263j\262"
  53      33D216B0 
  53      984C20C6 
  53      66D4B36A 
  53      B2
  54 00f4 5056482A 		.ascii	"PVH*\217&\205!\273\272\204\236H(\336HB\207(7\376>\337"
  54      8F268521 
  54      BBBA849E 
ARM GAS  /tmp/ccQaOxJi.s 			page 4


  54      4828DE48 
  54      42872837 
  55 010b B28AAEB0 		.ascii	"\262\212\256\260\221\241\263c\315\375\254.\313^\363"
  55      91A1B363 
  55      CDFDAC2E 
  55      CB5EF3
  56 011a 467377C7 		.ascii	"Fsw\307V1_r\316\345c\316V8\2135]Pr_'\276\377j\213\336"
  56      56315F72 
  56      CEE563CE 
  56      56388B35 
  56      5D50725F 
  57 0134 BA3415A2 		.ascii	"\2724\025\242\201*fT(a\035\221\260\233\215\\\012\346"
  57      812A6654 
  57      28611D91 
  57      B09B8D5C 
  57      0AE6
  58 0146 5670F83F 		.ascii	"Vp\370?pN\246c\343\012\374\255\336\250\267\013x\264"
  58      704EA663 
  58      E30AFCAD 
  58      DEA8B70B 
  58      78B4
  59 0158 A4A95BF8 		.ascii	"\244\251[\370\340\301\2729>zp\371\032\034\334Hb\033"
  59      E0C1BA39 
  59      3E7A70F9 
  59      1A1CDC48 
  59      621B
  60 016a 3E799251 		.ascii	">y\222QR\342I#g\343HQ\031\221)\300V\272\275\021\335"
  60      52E24923 
  60      67E34851 
  60      199129C0 
  60      56BABD11 
  61 017f 60D3D3FD 		.ascii	"`\323\323\375U5S\372\277kz\350\007X:F9\177u\242?jR\266"
  61      553553FA 
  61      BF6B7AE8 
  61      07583A46 
  61      397F75A2 
  62 0197 929B1041 		.ascii	"\222\233\020Aw\012\205(}\036\026\243\007}\003Q\361q"
  62      770A8528 
  62      7D1E16A3 
  62      077D0351 
  62      F171
  63 01a9 7FF4A86F 		.ascii	"\177\364\250o\240\320O|\177\260x\011F\231\313\001"
  63      A0D04F7C 
  63      7FB07809 
  63      4699CB01 
  64              		.text
  65              		.section	.gnu.lto_palWriteBus.42dae5fd26b186c,"",%progbits
  66 0000 789C9553 		.ascii	"x\234\225SKk\023a\024\375\316\334\231\311c:\325\245"
  66      4B6B1361 
  66      14FDCEDC 
  66      99C9633A 
  66      D5A5
  67 0012 68850A4A 		.ascii	"h\205\012J\350&\363/\374\003\375\005m6\012\005\305\350"
  67      E826F32F 
  67      FC03FD05 
  67      6D360A05 
  67      C5E8
ARM GAS  /tmp/ccQaOxJi.s 			page 5


  68 0024 BA93B449 		.ascii	"\272\223\264I\352\013\\\230\024\302\264\204J\253\010"
  68      EA0B5C98 
  68      14C2B484 
  68      4AAB08
  69 0033 A2E22336 		.ascii	"\242\342#6\255u\214Z7\255\322RD\241\270Pp!(\021\\\270"
  69      AD758C5A 
  69      37ADD252 
  69      44A1B850 
  69      70212811 
  70 0049 90C47BBF 		.ascii	"\220\304{\277I4\212\233\0163w\356\363\3343gfl\245\324"
  70      49348A9B 
  70      0E3377EE 
  70      F3DC3367 
  70      666CA5D4 
  71 005d 2829758C 		.ascii	"()u\214\357\207\370\002)\030W^)\225\213\033\2008~\034"
  71      EF87F802 
  71      2918575E 
  71      29958B1B 
  71      80387E1C 
  72 0071 6AD2C024 		.ascii	"j\322\300$.\321UB\263\364i\331\030\271\356\363\021\316"
  72      2ED15542 
  72      B3F469D9 
  72      18B9EEF3 
  72      11CE
  73 0083 7EB78B7E 		.ascii	"~\267\213~\341@\300\343\025\276\344\300=\214p\327\326"
  73      E140C0E3 
  73      15BEE4C0 
  73      3D8C70D7 
  73      D6
  74 0094 F49D802E 		.ascii	"\364\235\200.R@\200\311\341\267\315\352\307A\011\015"
  74      524080C9 
  74      E1B7CDEA 
  74      C741090D 
  75 00a4 0C7358D8 		.ascii	"\014sX\330\232-\022\035\206b\377]\353\346\356`j\321"
  75      9A2D121D 
  75      8662FF5D 
  75      EBE6EE60 
  75      6AD1
  76 00b6 F7F37EB8 		.ascii	"\367\363~\270q\215\374\243\001\021\036\202\030\020\017"
  76      718DFCA3 
  76      01111E82 
  76      18100F
  77 00c5 3084FB18 		.ascii	"0\204\373\030R\234R\250#\305\355s\355\205\227\016\035"
  77      529C52A8 
  77      23C5ED73 
  77      ED85970E 
  77      1D
  78 00d6 D1A34B6B 		.ascii	"\321\243KkA\246;\271\273\250'M<\372w\322TXFJ\332?\334"
  78      41A63BB9 
  78      BBA8274D 
  78      3CFA77D2 
  78      5458464A 
  79 00ed 6D975DDB 		.ascii	"m\227]\333\254\365\330\242\001[\201\235\333\333V\350"
  79      ACF5D8A2 
  79      015B819D 
  79      DBDB56E8 
  80 00fd B73B2526 		.ascii	"\267;%&\260\204\316\361}\200\214\030<l\221\030S\214"
ARM GAS  /tmp/ccQaOxJi.s 			page 6


  80      B084CEF1 
  80      7D808C18 
  80      3C6C9118 
  80      538C
  81 010f C5C6B6C5 		.ascii	"\305\306\266\305\304$\214\213I\210I\262\2119\342\271"
  81      C4248C8B 
  81      498849B2 
  81      8939E2B9 
  82 011f 10924ACD 		.ascii	"\020\222J\3150:\013\347\207\352<\031\342M\205\3523\362"
  82      303A0BE7 
  82      87EA3C19 
  82      E24D85EA 
  82      33F2
  83 0131 EDE297FA 		.ascii	"\355\342\227\372\200,\255\222Q%H\252\221\210b\021\266"
  83      802CAD92 
  83      512548AA 
  83      91886211 
  83      B6
  84 0142 5268BE8E 		.ascii	"Rh\276\216\211F\244\037n\265\271\271n\3270\237c\241"
  84      8946A41F 
  84      6EB5B9B9 
  84      6ED7309F 
  84      63A1
  85 0154 87038A57 		.ascii	"\207\003\212W\311\305\012?\221\324vJo\337;\336-?*\231"
  85      C9C50A3F 
  85      91D4764A 
  85      6FDF3BDE 
  85      2D3F2A99 
  86 0168 58450D65 		.ascii	"XE\015e\375\002\360\030\036\003O\375,\"B6\3652\352_"
  86      FD02F018 
  86      1E034FFD 
  86      2C224236 
  86      F532EA5F 
  87 017c 66ED093D 		.ascii	"f\355\011=\2015\215.B\341I\204^\351\241w\321\266[\033"
  87      81358D2E 
  87      42E14984 
  87      5EE9A177 
  87      D1B65B1B 
  88 0190 738E50B7 		.ascii	"s\216P\267\261\037!\303pO\253\327\023\323$\354\277X"
  88      B11F21C3 
  88      704FABD7 
  88      13D324EC 
  88      BF58
  89 01a2 F13E44AC 		.ascii	"\361>D\254\376\364%t\332\352g\232\334\023\323$\236j"
  89      FEF42574 
  89      DAEA679A 
  89      DC13D324 
  89      9E6A
  90 01b4 A686306D 		.ascii	"\246\2060mFL\177\364\320\035M$\301\271\346\316\005\235"
  90      464C7FF4 
  90      D01D4D24 
  90      C1B9E6CE 
  90      059D
  91 01c6 EB973CF9 		.ascii	"\353\227<\371?\311y$\211g\335Uo\352\215\272\313\253"
  91      3FC97924 
  91      8967DD55 
  91      6FEA8DBA 
ARM GAS  /tmp/ccQaOxJi.s 			page 7


  91      CBAB
  92 01d8 A673521A 		.ascii	"\246sR\032\300s\275J4\347\342\312\374\302\015\374.\272"
  92      C073BD4A 
  92      34E7E2CA 
  92      FCC20DFC 
  92      2EBA
  93 01ea 7801AFCC 		.ascii	"x\001\257\314\037\036\323X\207\307\273\325W\344k\235"
  93      1F1ED358 
  93      87C7BBD5 
  93      57E46B9D 
  94 01fa CB7AADFE 		.ascii	"\313z\255\376KfXN\376.\230\351\301t\332\213\316SY\357"
  94      4B66584E 
  94      FE2E98E9 
  94      C174DA8B 
  94      CE5359EF 
  95 020e C4D88497 		.ascii	"\304\330\204\227=\223\361N\217M\2443\212\306\317e\315"
  95      3D93F14E 
  95      8F4DA433 
  95      8AC6CF65 
  95      CD
  96 021f F19367B3 		.ascii	"\361\223g\263\277\000\266\337\012\015"
  96      BF00B6DF 
  96      0A0D
  97              		.text
  98              		.section	.gnu.lto_palSetBusMode.42dae5fd26b186c,"",%progbits
  99 0000 789C9592 		.ascii	"x\234\225\222\317K\033A\024\307\337w\336f7?\252gi\025"
  99      CF4B1B41 
  99      14C7DF77 
  99      DE66373F 
  99      AA676915 
 100 0014 22548297 		.ascii	"\"T\202\227\354\237\321\277\303FA\304\222b\360\2341"
 100      EC9FD1BF 
 100      C34641C4 
 100      9262F09C 
 100      31
 101 0025 69124B85 		.ascii	"i\022K\205\026Z#\304E\002\022\204\202\264\305\364G\374"
 101      165A23C4 
 101      45021284 
 101      82B4C5F4 
 101      47FC
 102 0037 B9E6D053 		.ascii	"\271\346\320SmQ<\264\324zh\241\320\242b\351Um\337L\332"
 102      6D513CB4 
 102      D47A68A1 
 102      D0A262E9 
 102      556DDF4C 
 103 004c 437B73D8 		.ascii	"C{s\330\231}o\347}?\363\235\307\272D4\246\210\006\344"
 103      997D6FE7 
 103      7D3FF39D 
 103      C7BA4434 
 103      A68806E4 
 104 0060 7D4D2698 		.ascii	"}M&\230\240\036\274%\232\212*\300\004:\012\312+\344"
 104      A01EBC25 
 104      9A8A2AC0 
 104      043A0ACA 
 104      2BE4
 105 0072 31C38F18 		.ascii	"1\303\217\030\355\312\327\226\032\\\3222\302\271=\257"
 105      EDCAD796 
ARM GAS  /tmp/ccQaOxJi.s 			page 8


 105      1A5CD232 
 105      C2B93DAF 
 106 0082 AC4B3D01 		.ascii	"\254K=\001\023Ue\232\201\025\014J\325\356\235\247\001"
 106      1355659A 
 106      81150C4A 
 106      D5EE9DA7 
 106      01
 107 0093 DFE38001 		.ascii	"\337\343\200\001G\322\037;\265/\335&UHJZ\332\235+3\367"
 107      47D21F3B 
 107      B52FDD26 
 107      55484A5A 
 107      DA9D2B33 
 108 00a8 8124FE70 		.ascii	"\201$\376p\372\370\240;\325\320\272\240\303\203E\326"
 108      FAF8A03B 
 108      D5D0BAA0 
 108      C38345D6 
 109 00b8 D70366BC 		.ascii	"\327\003f\274\000\013\020\317\321\213&zI>\021^\"%\345"
 109      000B10CF 
 109      D18B267A 
 109      493E115E 
 109      2225E5
 110 00cb 3F571A0F 		.ascii	"?W\032\017\023\334o\245\207'\315\371\370\037\351\233"
 110      13DC6FA5 
 110      8727CDF9 
 110      F81FE99B 
 111 00db 86953A78 		.ascii	"\206\225:x\365\277\324!\264\2202\365\237\237]\314v\271"
 111      F5BFD421 
 111      B49032F5 
 111      9F9F5DCC 
 111      76B9
 112 00ed 4EFDAF5D 		.ascii	"N\375\257]\254\302%H\360d/\022\352\213_\025\035\236"
 112      ACC22548 
 112      F0642F12 
 112      EA8B5F15 
 112      1D9E
 113 00ff 35F0E946 		.ascii	"5\360\351FL\211,\302\262\270\216,^\304D.\214\003\017"
 113      4C892CC2 
 113      B2B88E2C 
 113      5EC4442E 
 113      8C030F
 114 0112 1646D3A2 		.ascii	"\026F\323\242\227\336\350\220\356\2622Q1\244\357(\254"
 114      97DEE890 
 114      EEB23251 
 114      31A4EF28 
 114      AC
 115 0123 7E3BCE18 		.ascii	"~;\316\030j\215\225\234W-\265\337y\346\326l\355\256"
 115      6A8D959C 
 115      572DB5DF 
 115      79E6D66C 
 115      EDAE
 116 0135 B7775EBB 		.ascii	"\267w^\273u,LI\353\222\001Gk\354bM,\232\275\375\312"
 116      752C4C49 
 116      EB920147 
 116      6BEC624D 
 116      2C9ABDFD 
 117 014a FBC384BF 		.ascii	"\373\303\204\277\254;[1\254\243\216Y\333Rl\300\267\350"
 117      AC3B5B31 
ARM GAS  /tmp/ccQaOxJi.s 			page 9


 117      ACA38E59 
 117      DB526CC0 
 117      B7E8
 118 015c 5807CC97 		.ascii	"X\007\314\227\"\305\261iI\346\226\330\372\227\344\\"
 118      22C5B169 
 118      49E696D8 
 118      FA97E45C 
 119 016c 8A944068 		.ascii	"\212\224@hI\312\220\266-\251xZF\007\025\021_\002\244"
 119      49CA90B6 
 119      2DA9785A 
 119      46071511 
 119      5F02A4
 120 017f 239493B6 		.ascii	"#\224\223\266\253\"o\265\216>z\371s\035\015\370J\325"
 120      AB226FB5 
 120      8E3E7AF9 
 120      731D0DF8 
 120      4AD5
 121 0191 18401B79 		.ascii	"\030@\033y\222\316\330r/\340.:A\241\276v\3372\354\317"
 121      92CED872 
 121      2FE02E3A 
 121      41A1BE76 
 121      DF32ECCF 
 122 01a5 332D65D2 		.ascii	"3-e\322K9\342j:\355w\236l\316\037\035\032\367s\023\031"
 122      4B39E26A 
 122      3AED779E 
 122      6CCE1F1D 
 122      1AF77313 
 123 01ba FFF6D078 		.ascii	"\377\366\320x:C|s2\347\334\312\016\217\374\006J\366"
 123      3A437C73 
 123      32E7DCCA 
 123      0E8FFC06 
 123      4AF6
 124 01cc C91B     		.ascii	"\311\033"
 125              		.text
 126              		.section	.gnu.lto_.symbol_nodes.42dae5fd26b186c,"",%progbits
 127 0000 789C6363 		.ascii	"x\234cc``\010\004b\006\246\026\246z\006\206\011\347"
 127      60600804 
 127      6206A616 
 127      A67A0686 
 127      09E7
 128 0012 181880D4 		.ascii	"\030\030\200\324\256\006G\240H+S=#\252H\033S=\023\212"
 128      AE0647A0 
 128      482B533D 
 128      23AA481B 
 128      533D138A 
 129 0026 08632753 		.ascii	"\010c'S=3X\204\201\241\241\301\201\201\201\231\211\231"
 129      3D335884 
 129      81A1A1C1 
 129      81818199 
 129      8999
 130 0038 61C9C37F 		.ascii	"a\311\303\177\214\014\000->\023\263"
 130      8C0C002D 
 130      3E13B3
 131              		.text
 132              		.section	.gnu.lto_.refs.42dae5fd26b186c,"",%progbits
 133 0000 789C6363 		.ascii	"x\234cc```\004b\006\000\000D\000\010"
 133      60606004 
ARM GAS  /tmp/ccQaOxJi.s 			page 10


 133      62060000 
 133      440008
 134              		.text
 135              		.section	.gnu.lto_.decls.42dae5fd26b186c,"",%progbits
 136 0000 789CBD58 		.ascii	"x\234\275X{P\024G\032\237\236\336\305eY\300C\357\312"
 136      7B501447 
 136      1A9F9EDE 
 136      C56559C0 
 136      43EFCA
 137 0013 BB581665 		.ascii	"\273X\026eP\251\\`\005S\222\272?\356\214\342EK=\255"
 137      50A95C60 
 137      055392BA 
 137      3FEE8CE2 
 137      454B3DAD 
 138 0027 D554CA7F 		.ascii	"\325T\312\177n\263YV\345\002,\307.\251J\335\0377\260"
 138      6EB35956 
 138      E5022CC7 
 138      2EA94ADD 
 138      1F37B0
 139 003a 1BC56700 		.ascii	"\033\305g\000\215Q|\241(\212(bD\024y\272\"\240\210\017"
 139      8D517CA1 
 139      288A2862 
 139      441479BA 
 139      22A0880F 
 140 004e 7C0545C1 		.ascii	"|\005E\301\007\276\037\210\206\227<\356\353\356\231"
 140      07BE1F88 
 140      86973CEE 
 140      EBEE99
 141 005d 9D616573 		.ascii	"\235aesWuU\231\242\267\247{\276\376~\277\357\327_w\317"
 141      57755599 
 141      A2B7A77B 
 141      BEFE7EBF 
 141      EFD75F77 
 142 0072 E0C3715C 		.ascii	"\340\303q\\\304(\216\233\2019n\015\342\270A\270T\320"
 142      C4288E9B 
 142      81396E0D 
 142      E2B841B8 
 142      54D0
 143 0084 77120A74 		.ascii	"w\022\012tqA\320\347\202z4\324\344\"\317\336\203\373"
 143      7141D0E7 
 143      827A34D4 
 143      E422CFDE 
 143      83FB
 144 0096 602813A0 		.ascii	"`(\023\240\374Q\354W^Q<\307\351\310X2\216c\343\211\237"
 144      FC51EC57 
 144      5E513CC7 
 144      E9C85832 
 144      8E63E389 
 145 00ab 01A82741 		.ascii	"\001\250'AY\014\3457\320FP\372\341\276\016\212\0061"
 145      590CE537 
 145      D04650FA 
 145      E1BE0E8A 
 145      0631
 146 00bd DF7E5077 		.ascii	"\337~Pw@\355\017u\000\261\021\361H\375'\017\254O\000"
 146      40ED0F75 
 146      00B111F1 
 146      48FD270F 
ARM GAS  /tmp/ccQaOxJi.s 			page 11


 146      AC4F00
 147 00d0 2700EA2F 		.ascii	"'\000\352/\024X\022_\011g@\304\322(\360\356\211\230"
 147      1458125F 
 147      096740C4 
 147      D228F0EE 
 147      8998
 148 00e2 6A8E6110 		.ascii	"j\216a\020,\202\333\013\355\026\216a\005\213\230\177"
 148      2C82DB0B 
 148      ED168E61 
 148      058B987F 
 149 00f2 F1C09CE3 		.ascii	"\361\300\234\343\005s\264\227\370\\bl\323\240|\200\230"
 149      0573B497 
 149      F85C626C 
 149      D3A07C80 
 149      98
 150 0103 A67E48C6 		.ascii	"\246~H\306\005wn\035\011\324,\017\274\015\030]r\026"
 150      05776E1D 
 150      09D42C0F 
 150      BC0D185D 
 150      7216
 151 0115 6EC5AB31 		.ascii	"n\305\2531\012\322\"\0254_5d\335\013\200\346h-\012\206"
 151      0AD22215 
 151      345F3564 
 151      DD0B80E6 
 151      682D0A86 
 152 0129 6656E99B 		.ascii	"fV\351\233\263j\366T\003\315\301\334\302\225\032\314"
 152      B36AF654 
 152      03CDC1DC 
 152      C2951ACC 
 153 0139 2332F056 		.ascii	"#2\360V]^>\0318I\213\310\264\006B\327\241g%=\376\254"
 153      5D5E3E19 
 153      38498BC8 
 153      B40642D7 
 153      A167253D 
 154 014f 8B58A434 		.ascii	"\213X\2444V\367\250\361\010z\377jwf?\012? \260K3\233"
 154      56F7A8F1 
 154      087AFF6A 
 154      77663F0A 
 154      3F20B04B 
 155 0165 4325084B 		.ascii	"C%\010K\034\032\277\353\330=\002\177@\014\371\226\246"
 155      1C1ABFEB 
 155      D83D027F 
 155      400CF996 
 155      A6
 156 0176 B7CD0148 		.ascii	"\267\315\001H\033\232&\010\251B\266C\360\235\305\241"
 156      1B9A2608 
 156      A942B643 
 156      F09DC5A1 
 157 0186 2234161D 		.ascii	"\"4\026\035Ac9T\216B\211\363\023(\234C\307\241\363\030"
 157      41633954 
 157      8E4289F3 
 157      13289C43 
 157      C7A1F318 
 158 019a 74E61287 		.ascii	"t\346\022\207U/;'e\254\020\004\036\225!-*E\230\332@"
 158      552F3B27 
 158      65AC1004 
 158      1E95212D 
ARM GAS  /tmp/ccQaOxJi.s 			page 12


 158      2A4598DA 
 159 01af D093B40C 		.ascii	"\320\223\264\014\"ow\306.\037\\\216(F\351\226\266\323"
 159      226F77C6 
 159      2E1F5C8E 
 159      2846E996 
 159      B6D3
 160 01c1 BC378C2A 		.ascii	"\2747\214*\257\030]\307\307\327|K0*\001\243B\306\000"
 160      AF185DC7 
 160      C7D77C4B 
 160      302A01A3 
 160      42C600
 161 01d4 4806E2AC 		.ascii	"H\006\342\254\356\314\360\307.\252\017\377\240\307Y"
 161      EECCF0C7 
 161      2EAA0FFF 
 161      A0C759
 162 01e3 E4E70DE4 		.ascii	"\344\347\015\344\224W\220\301\246\217\317\\\021\204"
 162      945790C1 
 162      A68FCF5C 
 162      1184
 163 01f1 60E40290 		.ascii	"`\344\002\220\2232H\245\004r\365U\307\306\000\234\202"
 163      933248A5 
 163      0472F555 
 163      C7C6009C 
 163      82
 164 0202 A9AC5B5E 		.ascii	"\251\254[^\337z\354\313\346'T1{Al\366\272w\336\317\344"
 164      DF7AECCB 
 164      E6275431 
 164      7B416CF6 
 164      BA77DECF 
 165 0217 711A33DD 		.ascii	"q\0323\335\324xx\246\026\3108\376\247\210a@\341\340"
 165      D47878A6 
 165      16C838FE 
 165      A7886140 
 165      E1E0
 166 0229 86567FBC 		.ascii	"\206V\177\274\226\215~\341lk\365c\236\307@\363`wK\261"
 166      968D7EE1 
 166      6C6BF563 
 166      9EC740F3 
 166      60774BB1 
 167 023d 1A67B267 		.ascii	"\032g\262gk7\270\\*\374\003k\344l\316X\241\306[Y#/3"
 167      6B37B85C 
 167      2AFC036B 
 167      E46CCE58 
 167      A1C65B59 
 168 0254 BD508BB7 		.ascii	"\275P\213\267\263Fc\373\271m~,\265FB\363\364`WU \363"
 168      B34663FB 
 168      B96D7E2C 
 168      B54642F3 
 168      F4605755 
 169 026a C8137AFB 		.ascii	"\310\023z\373\257\367\372\342lf\272\247\367m;\311\255"
 169      AFF7FAE2 
 169      6C66BAA7 
 169      F76D3BC9 
 169      AD
 170 027b 8924B7B0 		.ascii	"\211$\267\260\"\263&\262\314\252\254?\223\253\303\271"
 170      22B326B2 
 170      CCAAAC3F 
ARM GAS  /tmp/ccQaOxJi.s 			page 13


 170      93ABC3B9 
 171 028b D4982FC8 		.ascii	"\324\230/\310\352\353\013\224\204Nw\010\352P\016]\200"
 171      EAEB0B94 
 171      844E7708 
 171      EA500E5D 
 171      80
 172 029c 302E92D8 		.ascii	"0.\222\330\256Al\023\305\330.Cg\243\2341\305\343J\004"
 172      AE416C13 
 172      C5D82E43 
 172      67A39C31 
 172      C5E34A04 
 173 02b0 6124BA0A 		.ascii	"a$\272\012:_\221u\236(\312\\\221q\363\201\026\037f\020"
 173      3A5F9175 
 173      9E28CA5C 
 173      9171F381 
 173      161F6610 
 174 02c4 A917BF7F 		.ascii	"\251\027\277\177\355\025\242\311+D\327\361\310j\232"
 174      ED15A2C9 
 174      2B44D7F1 
 174      C86A9A
 175 02d3 303F01C6 		.ascii	"0?\001\306u\031\343\2524\227\251\335\273\3124\370\004"
 175      7519E3AA 
 175      3497A9DD 
 175      BBCA34F8 
 175      04
 176 02e4 055175EE 		.ascii	"\005Qu\356;z-\000\215\012\011\011\315 \243\323\241 "
 176      3B7A2D00 
 176      8D0A0909 
 176      CD20A3D3 
 176      A120
 177 02f6 5E9E260E 		.ascii	"^\236&\016\335D\243\210\007t\033\000\233Q\010\272\205"
 177      DD44A388 
 177      07741B00 
 177      9B5108BA 
 177      85
 178 0307 42E80ADA 		.ascii	"B\350\012\332EXA\342L.\350\270/\010\253t\024\356\006"
 178      455841E2 
 178      4C2EE8B8 
 178      2F08AB74 
 178      14EE06
 179 031a C091016E 		.ascii	"\300\221\001n\232z\342\"b\254\333\376I\370f\241*\025"
 179      9A7AE222 
 179      62ACDBFE 
 179      49F866A1 
 179      2A15
 180 032c 53E34BC3 		.ascii	"S\343K\303\032_ \250b(\267\013\264\260l\211\021'F\301"
 180      1A5F20A8 
 180      6228B70B 
 180      B4B06C89 
 180      112746C1 
 181 0340 D6AEAAD6 		.ascii	"\326\256\252\326\365\264H\213BBF\2072\267\327\012\202"
 181      F5B4488B 
 181      42424687 
 181      32B7D70A 
 181      82
 182 0351 721C42DD 		.ascii	"r\034B\335d\272H\032\300\357\0354ZN\265!$\300mgA@\012"
 182      64BA481A 
ARM GAS  /tmp/ccQaOxJi.s 			page 14


 182      C0EF1D34 
 182      5A4EB521 
 182      24C06D67 
 183 0368 6541D0CF 		.ascii	"eA\320\317{\267\316$\326\220\267\002R)\025!\326D\221"
 183      7BB7CE24 
 183      D690B702 
 183      52291521 
 183      D64491
 184 037b BBA0480B 		.ascii	"\273\240H\013(\322**\3028\237/\030\223\002#\210\325"
 184      28D22A2A 
 184      C2389F2F 
 184      18930223 
 184      88D5
 185 038d 50D2A8E1 		.ascii	"P\322\250\341Df\221\357hp\232\342\335)7\304\243\"\177"
 185      446691EF 
 185      68709AE2 
 185      DD2937C4 
 185      A3227F
 186 03a0 8358FE3A 		.ascii	"\203X\376:O]=\252\303\025,a\333\352\017\245j\260\213"
 186      4F5D3DAA 
 186      C3152C61 
 186      DBEA0FA5 
 186      6AB08B
 187 03b3 35B63714 		.ascii	"5\2667\024\324\253q\015k\224\346\0274\362\370\034k\034"
 187      D4AB710D 
 187      6B94E617 
 187      34F2F81C 
 187      6B1C
 188 03c5 28695F8D 		.ascii	"(i_\215\360\025\326x\265\342\220\035\337d\367\316m\351"
 188      F015D678 
 188      B5E2901D 
 188      DF64F7CE 
 188      6DE9
 189 03d7 1778E6FB 		.ascii	"\027x\346\373Chn\\\271\265U\305\226J+Y\034?^\333W\252"
 189      43686E5C 
 189      B9B555C5 
 189      964A2B59 
 189      1C3F5EDB 
 190 03ed C177A8AD 		.ascii	"\301w\250\255\177O\303\375\247\201\2408d\012\\\241\344"
 190      7F4FC3FD 
 190      A781A038 
 190      640A5CA1 
 190      E4
 191 03fe 6797E074 		.ascii	"g\227\340t\010U\017\016\212\322\327\201\364\217A\314"
 191      08550F0E 
 191      8AD2D781 
 191      F48F41CC 
 192 040e 761075A8 		.ascii	"v\020u\250\230E\210iO\314]\341YB\225\023S\3536O\353"
 192      98458869 
 192      4FCC5DE1 
 192      59429513 
 192      53EB364F 
 193 0423 FB483697 		.ascii	"\373H6\227\323\021tz\006\026O\351\303v1\035;A\374.\220"
 193      D311747A 
 193      06164FE9 
 193      C376311D 
 193      3B41FC2E 
ARM GAS  /tmp/ccQaOxJi.s 			page 15


 194 0438 EA05941E 		.ascii	"\352\005\224\036(o\240t@y\011\245\027\312k(?C\351\206"
 194      286FA074 
 194      407909A5 
 194      17CA6B28 
 194      3F43E986 
 195 044c F2CA9DB2 		.ascii	"\362\312\235\262\204\301\015\275\314\340\271'\203\323"
 195      84C10DBD 
 195      CCE0B927 
 195      83D3
 196 045a 48912BC4 		.ascii	"H\221+\304\2727L\266~0<_\205\265K\341\273\336\323\372"
 196      BA374CB6 
 196      7E303C5F 
 196      85B54BE1 
 196      BBDED3FA 
 197 046e 2CF214A3 		.ascii	",\362\024\243C\341\374\241\247\371\321w\314\317*\274"
 197      43E1FCA1 
 197      A7F9D177 
 197      CCCF2ABC 
 198 047e 9FF134AF 		.ascii	"\237\3614\257\221\271\210\211x0\210&b\373\320\325\303"
 198      91B98889 
 198      78308826 
 198      62FBD0D5 
 198      C3
 199 048f 5CDD56CE 		.ascii	"\\\335V\316\332\223agM\021V\243\002\270vx`%\317'\212"
 199      DA936167 
 199      4D1156A3 
 199      02B87678 
 199      6025CF27 
 200 04a4 B01E0D1F 		.ascii	"\260\036\015\037\226\344\034\326\341@\201\226\231\337"
 200      96E41CD6 
 200      E1408196 
 200      99DF
 201 04b2 8325706E 		.ascii	"\203%pnx\321\2509\244dUCw\221\032\267\261\375\261\274"
 201      78D1A839 
 201      A4645543 
 201      77911AB7 
 201      B1FDB1BC 
 202 04c6 CCF1110A 		.ascii	"\314\361\021\012\035\305\242}p\310\207l\025\3750\366"
 202      1DC5A27D 
 202      70C8876C 
 202      15FD30F6 
 203 04d6 ADBCE791 		.ascii	"\255\274\347\221\330\275\244\022\352\203\014\372\177"
 203      D8BDA412 
 203      EA830CFA 
 203      7F
 204 04e3 B209E8EC 		.ascii	"\262\011\350\354=\367\366\276V\267\312}\326RxyM\017"
 204      3DF7F6BE 
 204      56B7CA7D 
 204      D6527879 
 204      4D0F
 205 04f5 209D4804 		.ascii	" \235H\004l\217\255\334\364\320\037w0\352Y\265\333\263"
 205      6C8FADDC 
 205      F4D01F77 
 205      30EA59B5 
 205      DBB3
 206 0507 7D51A84E 		.ascii	"}Q\250N\334\346\352G\222\375\000\245\360:4(\223\207"
 206      DCE6EA47 
ARM GAS  /tmp/ccQaOxJi.s 			page 16


 206      92FD00A5 
 206      F03A3428 
 206      9387
 207 0519 E15079F1 		.ascii	"\341Py\361\216\004>t(\300\333G\033\232\020[\315:\262"
 207      8E043E74 
 207      28C0DB47 
 207      1B9A105B 
 207      CD3AB2
 208 052c CB973665 		.ascii	"\313\2276e\004\212\253\231<~\263\376FK\000\356\307C"
 208      048AAB99 
 208      3C7EB3FE 
 208      464B00EE 
 208      C743
 209 053e 5EA316BF 		.ascii	"^\243\026\277\373\032\265\230\035v\317.^\270\214\260"
 209      FB1AB598 
 209      1D76CF2E 
 209      5EB88CB0 
 210 054e 5345E9DE 		.ascii	"SE\351\336\350\270\204\275\275T\254\004\036\213\305"
 210      E8B884BD 
 210      BD54AC04 
 210      1E8BC5
 211 055d 8368393F 		.ascii	"\203h9?\026}\313K\007\321\205U\357?\033 /\025i\274\026"
 211      167DCB4B 
 211      07D18555 
 211      EF3F1B20 
 211      2F1569BC 
 212 0572 ADE0DD71 		.ascii	"\255\340\335q-f\347\220:\277p\2353\020\216\036\330L"
 212      2D66E790 
 212      3ABF709D 
 212      33108E1E 
 212      D84C
 213 0584 86CC9003 		.ascii	"\206\314\220\003\274\244\362D\300U<\233\2365\200\261"
 213      BCA4F244 
 213      C0553C9B 
 213      9E3580B1 
 214 0594 9A0F41EB 		.ascii	"\232\017A\353\240\254\345\225\347Om\036\036\310Y\267"
 214      A0ACE595 
 214      E74F6D1E 
 214      1EC859B7 
 215 05a4 56C87631 		.ascii	"V\310v1\371\252A>2j\230Tf\244\256\355`\253\002\214\206"
 215      F9AA413E 
 215      326A9854 
 215      66A4AEED 
 215      60AB028C 
 216 05b9 AE0AE2AD 		.ascii	"\256\012\342\255&O\\\025\204\261\223\367p5$s\211\371"
 216      264F5C15 
 216      84B193F7 
 216      70352473 
 216      89F9
 217 05cb DD5096B8 		.ascii	"\335P\226\270\344\245\251xX`\266*@\316\236\274\327o"
 217      E4A5A978 
 217      5860B62A 
 217      40CE9EBC 
 217      D76F
 218 05dd 30DEABA6 		.ascii	"0\336\253\246r\256\250\350*\302\356\314=\237G37\003"
 218      72AEA8E8 
 218      2AC2EECC 
ARM GAS  /tmp/ccQaOxJi.s 			page 17


 218      3D9F4733 
 218      3703
 219 05ef 067F278B 		.ascii	"\006\177'\213D\370yd\256\244\013J\0079~I\032\300{R\343"
 219      44F87964 
 219      AEA40B4A 
 219      07397E49 
 219      1AC07B52 
 220 0604 A8E59599 		.ascii	"\250\345\225\231\231\301+33\223'\251Ek0\336\337\220"
 220      99C12B33 
 220      339327A9 
 220      456B30DE 
 220      DF90
 221 0616 D7A7C207 		.ascii	"\327\247\302\007\031\271\316\352\2079\032o\223\375="
 221      19B9CEEA 
 221      87391A6F 
 221      93FD3D
 222 0625 EFFD0DF2 		.ascii	"\357\375\015\362\303\263\364\015r\003H\267\236\367x"
 222      C3B3F40D 
 222      720348B7 
 222      9EF778
 223 0634 8324BD00 		.ascii	"\203$\275\000t\342dy\245_\013\274B\300'\002\032I\271"
 223      74E26479 
 223      A55F0BBC 
 223      42C02702 
 223      1A49B9
 224 0647 22C47EA1 		.ascii	"\"\304~\241&\205\266\007\245\013\261~\350\345Y%\232"
 224      2685B607 
 224      A50BB17E 
 224      E8E55925 
 224      9A
 225 0658 92863404 		.ascii	"\222\2064\004\271{x\321\007/\371\245\177\242\003\244"
 225      B97B78D1 
 225      072FF9A5 
 225      7FA203A4 
 226 0668 F4CA9E33 		.ascii	"\364\312\23638\351\342\230=\343#\217c]\274\014\246\030"
 226      38E9E298 
 226      3DE3238F 
 226      635DBC0C 
 226      A618
 227 067a F20E57CE 		.ascii	"\362\016W\316\375\330MJ\016\022\211Ss\365\331\232\002"
 227      FDD84D4A 
 227      0E128953 
 227      73F5D99A 
 227      02
 228 068b 5D2BBC4F 		.ascii	"]+\274O\301J\340\270tM<]ow\032\313\3725\270\230\316"
 228      C14AE0B8 
 228      744D3C5D 
 228      6F771ACB 
 228      FA35B898 
 229 06a0 017AD8D5 		.ascii	"\001z\330\325y\322W\305\263\011B\011*\322\227\356\330"
 229      79D257C5 
 229      B3094209 
 229      2AD297EE 
 229      D8
 230 06b1 5FA61EB3 		.ascii	"_\246\036\263\221&\204C\030\311\323\254\223^\2358\224"
 230      91268443 
 230      18C9D3AC 
ARM GAS  /tmp/ccQaOxJi.s 			page 18


 230      935E9D38 
 230      94
 231 06c2 C58F81DF 		.ascii	"\305\217\201\337\315\274\212\2014\037i\357C\343\263"
 231      CDBC8A81 
 231      341F69EF 
 231      43E3B3
 232 06d1 85EC5658 		.ascii	"\205\354VX\207\307\361\312S+`\215\240i\304\014m\222"
 232      87C7F1CA 
 232      532B608D 
 232      A069C40C 
 232      6D92
 233 06e3 67076EE1 		.ascii	"g\007n\341\367\007\276\025\241\215|\0130\332\302\217"
 233      F707BE15 
 233      A18D7C0B 
 233      30DAC28F 
 234 06f3 27FBDA26 		.ascii	"'\373\332&G\275\037nfd\226\327^v\215\240d\010\"#\323"
 234      47BD1F6E 
 234      666496D7 
 234      5E768DA0 
 234      64082223 
 235 0708 99D6FCDC 		.ascii	"\231\326\374\334\307Mp\033O;\217\276l\271\022\240d\370"
 235      C74D701B 
 235      4F3B8FBE 
 235      6CB912A0 
 235      64F8
 236 071a C5EF1404 		.ascii	"\305\357\024\004wP\202\333%\202\245\365\273\232}D\202"
 236      775082DB 
 236      2582A5F5 
 236      BB9A7D44 
 236      82
 237 072b D7B6E860 		.ascii	"\327\266\350`!\245\012\344\245\025\314\320V\231\340"
 237      21A50AE4 
 237      A515CCD0 
 237      5699E0
 238 073a 564F82D9 		.ascii	"VO\202\331\224`\377\355{\035<~\304\010\036\253\253L"
 238      9460FFED 
 238      7B1D3C7E 
 238      C4081EAB 
 238      AB4C
 239 074c D3523224 		.ascii	"\323R2$\367\030\301\334\276-\267Tn\202\273\030A\341"
 239      F718C1DC 
 239      BE2DB754 
 239      6E82BB18 
 239      41E1
 240 075e F2815B81 		.ascii	"\362\201[\201^\011\356\246\004s$\202+/oi\325\210\004"
 240      5E09EEA6 
 240      04732482 
 240      2B2F6F69 
 240      D58804
 241 0771 CF8E73F3 		.ascii	"\317\216s\363\003+\264S\346\267\323\223\337\036\312"
 241      032BB453 
 241      E6B7D393 
 241      DF1ECA
 242 0780 EFF91EC7 		.ascii	"\357\371\036\307\372@\334\351\235\337\340\346u9>nQ\367"
 242      FA40DCE9 
 242      9DDFE0E6 
 242      75393E6E 
ARM GAS  /tmp/ccQaOxJi.s 			page 19


 242      51F7
 243 0792 327EF56D 		.ascii	"2~\365m5\365l\332\311V\266\217u^\331\377\346\317^9\357"
 243      35F56CDA 
 243      C956B68F 
 243      755ED9FF 
 243      E6CF5E39 
 244 07a7 A79CF324 		.ascii	"\247\234\363$\316\033\216U\227\373\002\347V\272 \203"
 244      CE1B8E55 
 244      97FB02E7 
 244      56BA2083 
 245 07b7 FB0A1F09 		.ascii	"\373\012\037\011iZj\205re\316\271<\373\006F\371\214"
 245      695A6A85 
 245      7265CEB9 
 245      3CFB0646 
 245      F98C
 246 07c9 EBF3C6E3 		.ascii	"\353\363\306\343\276x\215"
 246      BE788D
 247 07d0 0FE57ABD 		.ascii	"\017\345z\275\311Y\"\036\"~\204\372\235\357+}\331!\362"
 247      C959221E 
 247      227E84FA 
 247      9DEF2B7D 
 247      D921F2
 248 07e3 1379BCB3 		.ascii	"\023y\274\263\341\365F-\316b\266\375\355\027\373u\314"
 248      E1F5462D 
 248      CE62B6FD 
 248      ED17FB75 
 248      CC
 249 07f4 962CEEB7 		.ascii	"\226,\356\267u\313w \362\255'\210[\016\364\313;\316"
 249      75CB7720 
 249      F2AD2788 
 249      5B0EF4CB 
 249      3BCE
 250 0806 611EF601 		.ascii	"a\036\366\001\330\024Q!O\277\363\256v\227\367\352p\016"
 250      D8145121 
 250      4FBFF3AE 
 250      7697F7EA 
 250      700E
 251 0818 F5A43AE0 		.ascii	"\365\244:\340\330\337\256B\241c\021\230#m\256\364\275"
 251      D8DFAE42 
 251      A1631198 
 251      236DAEF4 
 251      BD
 252 0829 CEA16210 		.ascii	"\316\241b\020\354G\221.\\Y\002\270o\3777\351\206{\015"
 252      EC47912E 
 252      5C5902B8 
 252      6FFF37E9 
 252      867B0D
 253 083c ADE93E25 		.ascii	"\255\351>%\344\010x\014\207\246\214E\223a\227:\002\273"
 253      E408780C 
 253      87A68C45 
 253      9361973A 
 253      02BB
 254 084e 5431C53B 		.ascii	"T1\305;\012[f\021\003\254\250ol\012\010J\0277\324i\210"
 254      0A5B6611 
 254      03ACA86F 
 254      6C0A084A 
 254      1737D469 
ARM GAS  /tmp/ccQaOxJi.s 			page 20


 255 0863 FA2E80E7 		.ascii	"\372.\200\347\007\351Qs\214\017\222X\022\353\303[\353"
 255      07E95173 
 255      8C0F9258 
 255      12EBC35B 
 255      EB
 256 0874 7A7CB5A2 		.ascii	"z|\265\242\357\264\377\346\373\312\35553\224\256\217"
 256      EFB4FFE6 
 256      FBCAED35 
 256      3394AE8F 
 257 0884 FF92EBD7 		.ascii	"\377\222\353\327k\333\372|'\344\010\027\253\350\322"
 257      6BDBFA7C 
 257      27E40817 
 257      ABE8D2
 258 0893 5C7DCF29 		.ascii	"\\}\317)\244,\207\023\251\204\017B\207`\226`\011*\006"
 258      A42C8713 
 258      A9840F42 
 258      87609660 
 258      092A06
 259 08a6 1F809EBF 		.ascii	"\037\200\236\277\303\007\331\011~\002\231\217\307\216"
 259      C307D909 
 259      7E02998F 
 259      C78E
 260 08b4 7C2DDEC7 		.ascii	"|-\336\307\364w\034\250(V{\025\274L\022\374 \343\370"
 260      F4771CA8 
 260      28567B15 
 260      BC4C12FC 
 260      20E3F8
 261 08c7 E2596EBE 		.ascii	"\342Yn\276\3323~\371\250-\247$\313$\222\3055\233\177"
 261      DA337EF9 
 261      A82DA724 
 261      CB2492C5 
 261      359B7F
 262 08da D67A86E4 		.ascii	"\326z\206\344\325\372\310\232\364^)\244\273\357\245"
 262      D5FAC89A 
 262      F45E29A4 
 262      BBEFA5
 263 08e9 6457A504 		.ascii	"dW\245\004\243\0121\034X\260\212\201\245b8\2254\234"
 263      A30A311C 
 263      58B08A81 
 263      A5623895 
 263      349C
 264 08fb F2FCEE97 		.ascii	"\362\374\356\227:\345)E2U\016\241J<\245\252\350)\265"
 264      3AE52945 
 264      32550EA1 
 264      4A3CA5AA 
 264      E829B5
 265 090e 3EE74213 		.ascii	">\347B\023\302\305b\3565\247\014\210\237.\001d9=n\312"
 265      C2C562EE 
 265      35A70C88 
 265      9F2E0164 
 265      393D6ECA 
 266 0922 11F3B49D 		.ascii	"\021\363\264\235\376?\340I\311)\361?H\376\344K\306\265"
 266      FE3FE049 
 266      C929F13F 
 266      48FEE44B 
 266      C6B5
 267 0934 FB85AF57 		.ascii	"\373\205\257W\245NKJU3\245\004G\327\003\235\247R\247"
ARM GAS  /tmp/ccQaOxJi.s 			page 21


 267      A54E4B4A 
 267      5533A504 
 267      47D7039D 
 267      A752A7
 268 0947 2004170D 		.ascii	" \004\027\015\241\206\306~Z\212}\257\313Y\372\216R^"
 268      A186C67E 
 268      5A8A7DAF 
 268      CB59FA8E 
 268      525E
 269 0959 AD0BB3F7 		.ascii	"\255\013\263\367\236\325\211J\335\030\307\224\252\025"
 269      9ED5894A 
 269      DD18C794 
 269      AA15
 270 0967 9582AD43 		.ascii	"\225\202\255C1\360\244\250T\035?\201S\305\233l_\375"
 270      31F0A4A8 
 270      541D3F81 
 270      53C59B6C 
 270      5FFD
 271 0979 3E3C5CCF 		.ascii	"><\\\317\376\2546\3752S\234\336\226d\326'\232\342\302"
 271      FEAC36FD 
 271      32539CDE 
 271      9664D627 
 271      9AE2C2
 272 098c CD9A4FFF 		.ascii	"\315\232O\377\366Y\360\214\210\010Nk4&\307&\330\247"
 272      F659F08C 
 272      88084E6B 
 272      3426C726 
 272      D8A7
 273 099e 441AEDCB 		.ascii	"D\032\355\313\221~\2315\336\2427\231m\226\2608\323\227"
 273      917E9935 
 273      DEA23799 
 273      6D96B038 
 273      D397
 274 09b0 FA68AB39 		.ascii	"\372h\25399\336\222`\267\351\027YL\361s\3643\315q\261"
 274      39DE9260 
 274      B7E91759 
 274      4CF173F4 
 274      33CD71B1 
 275 09c4 89368BD1 		.ascii	"\2116\213\321\022\226\230l\376*R\277\310j\215\263\351"
 275      1296986C 
 275      FE2A52BF 
 275      C86A8DB3 
 275      E9
 276 09d5 979ACD61 		.ascii	"\227\232\315a\246\244\370\260\004k\202%\314b\37226,"
 276      A6A4F8B0 
 276      046B8225 
 276      CC62FA32 
 276      362C
 277 09e7 2A2C7272 		.ascii	"*,rrDT\330??\012\2137\375\303\232\244\037\362T\037\233"
 277      4454D83F 
 277      3F0A8B37 
 277      FDC39AA4 
 277      1FF2541F 
 278 09fc 608E4B8E 		.ascii	"`\216K\216\261\350\343M\346e\261\011\026\2751\306\262"
 278      B1E8E34D 
 278      E665B109 
 278      16BD31C6 
ARM GAS  /tmp/ccQaOxJi.s 			page 22


 278      B2
 279 0a0d C4941C67 		.ascii	"\304\224\034g7\332\277I\264\330\302\227q\032\211\320"
 279      37DABF49 
 279      B4D8C297 
 279      711A89D0 
 280 0a1d BF7E553E 		.ascii	"\277~U>\266olz\243\315\036\003\340@B\027kM\264&\331"
 280      B66F6C7A 
 280      A3CD1E03 
 280      E0404217 
 280      6B4DB426 
 281 0a32 898A467B 		.ascii	"\211\212F{\204\247\216\344\221M\277p\321\274)\221\372"
 281      84A78EE4 
 281      914DBF70 
 281      D1BC2991 
 281      FA
 282 0a43 B973A3F5 		.ascii	"\271s\243\365\237.\230=\377\353H\"\2551..\006\206\373"
 282      9F2E983D 
 282      FFEB4822 
 282      AD312E2E 
 282      0686FB
 283 0a56 108BD818 		.ascii	"\020\213\330\030\325'\1775\314\"?sUsg\3141\250\246/"
 283      D5277F35 
 283      CC223F73 
 283      557367CC 
 283      31A8A62F 
 284 0a6a 3418D0E7 		.ascii	"4\030\320\347h\226\332\034g1%\211\332GL5\3325\322\015"
 284      6896DA1C 
 284      67312589 
 284      DA474C35 
 284      DA35D20D 
 285 0a7e B659EC78 		.ascii	"\266Y\354x~\264\001\317\2166\250\027|\266 \3320b\376"
 285      7EB401CF 
 285      8E36A817 
 285      7CB620DA 
 285      3062FE
 286 0a91 C2053367 		.ascii	"\302\0053gF\033|\346/Z\274`\246A=o~\364L\003\236n0\350"
 286      461B7CE6 
 286      2F5ABC60 
 286      A6413D6F 
 286      7EF44C03 
 287 0aa9 6CF67890 		.ascii	"l\366x\220iib\254\325h\3272\276\2611F\273\217u\311\022"
 287      696962AC 
 287      D568D732 
 287      BEB13146 
 287      BB8F75C9 
 288 0abe F0A2232E 		.ascii	"\360\242#.\215KL6\373\307F\373\327\277\256\224\222\212"
 288      8D4B4C36 
 288      FBC746FB 
 288      D7BFAE94 
 288      928A
 289 0ad0 E33C8593 		.ascii	"\343<\205\223,H\022.\343\324\263\347OO\266ib\255\361"
 289      2C48122E 
 289      E3D4B3E7 
 289      4F4FB669 
 289      62ADF1
 290 0ae3 D6180BC4 		.ascii	"\326\030\013\304\000\275\006\213)\006\372\376\3405s"
 290      00BD068B 
ARM GAS  /tmp/ccQaOxJi.s 			page 23


 290      2906FAFE 
 290      E03573
 291 0af2 393FA83E 		.ascii	"9?\250>O\212\265[\300\314\037\356\027Z\354p7\017<\374"
 291      4F8AB55B 
 291      C0CC1FEE 
 291      175AEC70 
 291      370F3CFC 
 292 0b06 D6284E80 		.ascii	"\326(N\200\021\302_\232dMN$~\375\215\306%\311\011f\243"
 292      11C25F9A 
 292      644D4E24 
 292      7EFD8DC6 
 292      25C90966 
 293 0b1b 317C6AD4 		.ascii	"1|j\324\324(\215\324R\231\227\231\222\224\317\242\""
 293      D4288DD4 
 293      52999799 
 293      9294CFA2 
 293      22
 294 0b2c 87B4A2FE 		.ascii	"\207\264\242\376\003\302\035t\316"
 294      03C21D74 
 294      CE
 295              		.text
 296              		.section	.gnu.lto_.symtab.42dae5fd26b186c,"",%progbits
 297 0000 70616C52 		.ascii	"palReadBus\000"
 297      65616442 
 297      757300
 298 000b 00       		.ascii	"\000"
 299 000c 00       		.ascii	"\000"
 300 000d 00       		.ascii	"\000"
 301 000e 00000000 		.ascii	"\000\000\000\000\000\000\000\000"
 301      00000000 
 302 0016 1B010000 		.ascii	"\033\001\000\000"
 303 001a 70616C57 		.ascii	"palWriteBus\000"
 303      72697465 
 303      42757300 
 304 0026 00       		.ascii	"\000"
 305 0027 00       		.ascii	"\000"
 306 0028 00       		.ascii	"\000"
 307 0029 00000000 		.ascii	"\000\000\000\000\000\000\000\000"
 307      00000000 
 308 0031 20010000 		.ascii	" \001\000\000"
 309 0035 70616C53 		.ascii	"palSetBusMode\000"
 309      65744275 
 309      734D6F64 
 309      6500
 310 0043 00       		.ascii	"\000"
 311 0044 00       		.ascii	"\000"
 312 0045 00       		.ascii	"\000"
 313 0046 00000000 		.ascii	"\000\000\000\000\000\000\000\000"
 313      00000000 
 314 004e 25010000 		.ascii	"%\001\000\000"
 315 0052 5F70616C 		.ascii	"_pal_lld_setgroupmode\000"
 315      5F6C6C64 
 315      5F736574 
 315      67726F75 
 315      706D6F64 
 316 0068 00       		.ascii	"\000"
 317 0069 02       		.ascii	"\002"
ARM GAS  /tmp/ccQaOxJi.s 			page 24


 318 006a 00       		.ascii	"\000"
 319 006b 00000000 		.ascii	"\000\000\000\000\000\000\000\000"
 319      00000000 
 320 0073 2B010000 		.ascii	"+\001\000\000"
 321              		.text
 322              		.section	.gnu.lto_.opts,"",%progbits
 323 0000 272D666D 		.ascii	"'-fmath-errno' '-fsigned-zeros' '-ftrapping-math' '"
 323      6174682D 
 323      6572726E 
 323      6F272027 
 323      2D667369 
 324 0033 2D666E6F 		.ascii	"-fno-trapv' '-fno-openmp' '-fno-openacc' '-mcpu=cor"
 324      2D747261 
 324      70762720 
 324      272D666E 
 324      6F2D6F70 
 325 0066 7465782D 		.ascii	"tex-m4' '-mno-thumb-interwork' '-mthumb' '-O2' '-fo"
 325      6D342720 
 325      272D6D6E 
 325      6F2D7468 
 325      756D622D 
 326 0099 6D69742D 		.ascii	"mit-frame-pointer' '-falign-functions=16' '-ffuncti"
 326      6672616D 
 326      652D706F 
 326      696E7465 
 326      72272027 
 327 00cc 6F6E2D73 		.ascii	"on-sections' '-fdata-sections' '-fno-common' '-flto"
 327      65637469 
 327      6F6E7327 
 327      20272D66 
 327      64617461 
 328 00ff 2700     		.ascii	"'\000"
 329              		.text
 330              		.comm	__gnu_lto_v1,1,1
 331              		.comm	__gnu_lto_slim,1,1
 332              		.ident	"GCC: (GNU Tools for Arm Embedded Processors 7-2017-q4-major) 7.2.1 20170904 (release) [ARM
ARM GAS  /tmp/ccQaOxJi.s 			page 25


DEFINED SYMBOLS
                            *ABS*:0000000000000000 pal.c
                            *COM*:0000000000000001 __gnu_lto_v1
                            *COM*:0000000000000001 __gnu_lto_slim

NO UNDEFINED SYMBOLS
