ARM GAS  /tmp/ccjVonuA.s 			page 1


   1              		.cpu cortex-m4
   2              		.eabi_attribute 20, 1
   3              		.eabi_attribute 21, 1
   4              		.eabi_attribute 23, 3
   5              		.eabi_attribute 24, 1
   6              		.eabi_attribute 25, 1
   7              		.eabi_attribute 26, 1
   8              		.eabi_attribute 30, 2
   9              		.eabi_attribute 34, 1
  10              		.eabi_attribute 18, 4
  11              		.file	"st.c"
  12              		.section	.gnu.lto_.profile.872e72d9ecbac8a1,"",%progbits
  13 0000 789C6363 		.ascii	"x\234cc```\001bF\006)\036\000\000\270\0002"
  13      60606001 
  13      62460629 
  13      1E0000B8 
  13      0032
  14              		.text
  15              		.section	.gnu.lto_.icf.872e72d9ecbac8a1,"",%progbits
  16 0000 789C6363 		.ascii	"x\234cc``\220c@\000V\206\325\253\276\376db\274\373\353"
  16      60609063 
  16      40005686 
  16      D5ABBEFE 
  16      6462BCFB 
  17 0015 CD5C46A6 		.ascii	"\315\\F\246\236iw\374\230\247\266\256Z\311\305r\347"
  17      9E6977FC 
  17      98A7B6AE 
  17      5AC9C572 
  17      E7
  18 0026 D54C4706 		.ascii	"\325LG\006\000\345\321\016="
  18      00E5D10E 
  18      3D
  19              		.text
  20              		.section	.gnu.lto_.jmpfuncs.872e72d9ecbac8a1,"",%progbits
  21 0000 789C6363 		.ascii	"x\234cc``\220a@\000V\020\301\010\004\365s\230\031\230"
  21      60609061 
  21      40005610 
  21      C10804F5 
  21      73981998 
  22 0014 181898A1 		.ascii	"\030\030\230\241L\026\2400\000#\314\002t"
  22      4C16A030 
  22      0023CC02 
  22      74
  23              		.text
  24              		.section	.gnu.lto_.inline.872e72d9ecbac8a1,"",%progbits
  25 0000 789C6363 		.ascii	"x\234cc``He@\000V\006\006\026\036F\006& \223m\201<\210"
  25      60604865 
  25      40005606 
  25      06161E46 
  25      06262093 
  26 0018 6260E402 		.ascii	"b`\344\002\021\014l\254@a\266\017zpq&\006\026f\240\020"
  26      110C6CAC 
  26      4061B60F 
  26      7A707126 
  26      061666A0 
  27 002d D3057EB8 		.ascii	"\323\005~\270\0203\246\020\013\246\020\003\000\234z"
  27      1033A610 
ARM GAS  /tmp/ccjVonuA.s 			page 2


  27      0BA61003 
  27      009C7A
  28 003c 086F     		.ascii	"\010o"
  29              		.text
  30              		.section	.gnu.lto_.pureconst.872e72d9ecbac8a1,"",%progbits
  31 0000 789C6363 		.ascii	"x\234cc``\340\006bV\006\011F)&)f)\026)\000\004\001\000"
  31      6060E006 
  31      62560609 
  31      46292629 
  31      66291629 
  32 0018 A1       		.ascii	"\241"
  33              		.text
  34              		.section	.gnu.lto_stInit.872e72d9ecbac8a1,"",%progbits
  35 0000 789C6363 		.ascii	"x\234cc``X\001\304\322P\314\310\314\300\3104\341\034"
  35      60605801 
  35      C4D250CC 
  35      C8CCC0C8 
  35      34E11C
  36 0013 03432307 		.ascii	"\003C#\007\023##\210\321\300\301\310P\317\304X\317\330"
  36      13232388 
  36      D1C0C1C8 
  36      50CFC458 
  36      CFD8
  37 0025 C33C8599 		.ascii	"\303<\205\231\361P\373\263\235L\232\313\033\200\340"
  37      F150FBB3 
  37      9D4C9ACB 
  37      1B80E0
  38 0034 C0F41F92 		.ascii	"\300\364\037\222\015+\0160\316af`\230\006\304 \300\270"
  38      0D2B0E30 
  38      CE616660 
  38      9806C420 
  38      C0B8
  39 0046 99519301 		.ascii	"\231Q\223\001\250\354\321\306\177Sy\331X \342\214[\030"
  39      A8ECD1C6 
  39      7F5379D9 
  39      5820E28C 
  39      5B18
  40 0058 D9181881 		.ascii	"\331\030\030\201\214\365\227X\0174\374\373\337\336p"
  40      8CF59758 
  40      0F34FCFB 
  40      DFDE70
  41 0067 E0CE22C6 		.ascii	"\340\316\"\306\377\254@\271\016 \006Z\322p\200\241\223"
  41      FFAC40B9 
  41      0E20065A 
  41      D27080A1 
  41      93
  42 0078 9909C46A 		.ascii	"\231\011\304j>\300\360\206\261y\301oi\260&\240I;w\276"
  42      3EC0F086 
  42      B179C16F 
  42      69B026A0 
  42      493B77BE 
  43 008c B9CD5EFF 		.ascii	"\271\315^\377\267\201c\0163\3434f\240)\214[\031\353"
  43      B781630E 
  43      33E33466 
  43      A0298C5B 
  43      19EB
  44 009e 19E60055 		.ascii	"\031\346\000U\277clZ\360\237\033\254\016\004:\200\222"
ARM GAS  /tmp/ccjVonuA.s 			page 3


  44      BF636C5A 
  44      F09F1BAC 
  44      0E043A80 
  44      92
  45 00af 40039818 		.ascii	"@\003\230\030\030$\365\364\364!(\277X?#1G\277\270(Y"
  45      1824F5F4 
  45      F42128BF 
  45      583F2331 
  45      47BFB828 
  46 00c4 BFB8442F 		.ascii	"\277\270D/\231\001\000\371^AK"
  46      990100F9 
  46      5E414B
  47              		.text
  48              		.section	.gnu.lto_stStartAlarm.872e72d9ecbac8a1,"",%progbits
  49 0000 789C9552 		.ascii	"x\234\225R\317kSA\020\236\357m\372^\015\032\017^\024"
  49      CF6B5341 
  49      109EEF6D 
  49      FA5E0D1A 
  49      0F5E14
  50 0013 73E8A1A5 		.ascii	"s\350\241\245\324C\226\350\305?@\004\241=\331\2037\251"
  50      D44396E8 
  50      C53F4004 
  50      A13DD983 
  50      37A9
  51 0025 51A810A9 		.ascii	"Q\250\020\2514\301\243\335\306\304\264&\242\2076b\210"
  51      34C1A3DD 
  51      C6C4B426 
  51      A2873662 
  51      88
  52 0036 FAB0168D 		.ascii	"\372\260\026\215\022Z\177\333Z\3533V=\210U\013\"\202"
  52      125A7FDB 
  52      5AEB3356 
  52      3D88550B 
  52      2282
  53 0048 87A29016 		.ascii	"\207\242\220\026\221\242\245 \242Tg7Q\252']\336\356"
  53      91A2A520 
  53      A2546737 
  53      51AA275D 
  53      DEEE
  54 005a 9B19BEF9 		.ascii	"\233\031\276\371\346\233\331\265\211h\322\"\332\305"
  54      E69BD9B5 
  54      8968D222 
  54      DAC5
  55 0068 FF8DBC21 		.ascii	"\377\215\274!\010\326\311i\242\336z\013\320\206\252"
  55      08D6C969 
  55      A2DE7A0B 
  55      D086AA
  56 0077 07F558E8 		.ascii	"\007\365X\350AV\014\010\224\323\2251\253\345\242\342"
  56      41560C08 
  56      94D39531 
  56      ABE5A2E2 
  57 0087 E59D1AB7 		.ascii	"\345\235\032\267\217\252\324\372\202 \312\361\326\013"
  57      8FAAD4FA 
  57      8220CAF1 
  57      D60B
  58 0095 D7D1C2A8 		.ascii	"\327\321\302\250\227\311\321\202\310\210\202\000|\354"
  58      97C9D182 
ARM GAS  /tmp/ccjVonuA.s 			page 4


  58      C8888200 
  58      7CEC
  59 00a3 7E7E967F 		.ascii	"~~\226\177\037\320\256\205\006v\277]\036}\273V\004A"
  59      1FD0AE85 
  59      0676BF5D 
  59      1E7DBB56 
  59      0441
  60 00b5 6C9F2F9D 		.ascii	"l\237/\235\030\266\233\207\225J(\357\343\220P\215\005"
  60      18B69B87 
  60      954A28EF 
  60      E390508D 
  60      05
  61 00c6 21700B82 		.ascii	"!p\013\202\011q\023A\334@\2208D\270\215f\215\177wuy"
  61      09711341 
  61      DC409038 
  61      44B88D66 
  61      8D7F7775 
  62 00db 708DED73 		.ascii	"p\215\355s\177\325\304\035\330\0046Ff\352<\265\374#"
  62      7FD5C41D 
  62      D8043646 
  62      66EA3CB5 
  62      FC23
  63 00ed ADBCA50B 		.ascii	"\255\274\245\013x\265\335f\365:\205\372\030\305m(\217"
  63      78B5DD66 
  63      F53A85FA 
  63      18C56D28 
  63      8F
  64 00fe FA85A5AD 		.ascii	"\372\205\245\255#\036U`i\256~\357\330\224_4\032\035"
  64      231E5560 
  64      69AE7EEF 
  64      D8945F34 
  64      1A1D
  65 0110 AF33C979 		.ascii	"\2573\311y\247i\310\350X8\275:\257\274d\203\2262\366"
  65      A769C8E8 
  65      5838BD3A 
  65      AFBC6483 
  65      9632F6
  66 0123 A714D3E3 		.ascii	"\247\024\323\3438\232\362\314\365\001\345\374\3277\337"
  66      389AF2CC 
  66      F501E5FC 
  66      D737DF
  67 0132 07B6FE96 		.ascii	"\007\266\376\226\225\254\216e\306\026\032c\264\345\004"
  67      95AC8E65 
  67      C6161A63 
  67      B4E504
  68 0141 56C826DC 		.ascii	"V\310&\334\205\215\011-\231\017\216\347R\345\347\216"
  68      858D092D 
  68      990F8EE7 
  68      52E5E78E 
  69 0151 9E8CCFC0 		.ascii	"\236\214\317\300\246K_>\371\253\256\246\322\263s\317"
  69      A64B5F3E 
  69      F9ABAEA6 
  69      D2B373CF 
  70 0161 CCAD7271 		.ascii	"\314\255rq\026\005Q\207IVqO\253\340x\272\362\364E@\226"
  70      16055187 
  70      4956714F 
  70      ABE078BA 
ARM GAS  /tmp/ccjVonuA.s 			page 5


  70      F2F44540 
  71 0176 54B257CD 		.ascii	"T\262W\315\316-\256[\344$\033\367\341b\220\033\326e"
  71      CE2DAE5B 
  71      E4241BF7 
  71      E162901B 
  71      D665
  72 0188 34C8CB26 		.ascii	"4\310\313&\212NxD\203\334kL\341\300\203\304\246`\015"
  72      8A4E7844 
  72      83DC6B4C 
  72      E1C083C4 
  72      A6600D
  73 019b 810708D7 		.ascii	"\201\007\010\327:Y\232\277\224\012\324D\375CI\367\260"
  73      3A599ABF 
  73      940AD444 
  73      FD4349F7 
  73      B0
  74 01ac 262B9B72 		.ascii	"&+\233r\250\221=\204\\\331\221\303\361)\3164\344\305"
  74      A8913D84 
  74      5CD991C3 
  74      F129CE34 
  74      E4C5
  75 01be FF277F64 		.ascii	"\377'\177d\310\255\032\371cC>q.[\364W\311-<\341\314"
  75      C8AD1AF9 
  75      63433E71 
  75      2E5BF457 
  75      C92D3CE1 
  76 01d3 0A12B399 		.ascii	"\012\022\263\231bDO\332\214\234\026\220p\257\034\207"
  76      62444FDA 
  76      8C9C1690 
  76      70AF1C87 
  77 01e3 79167AF5 		.ascii	"y\026z\365\261<\276t~\341\033B!Y\375\272b\262\263#*"
  77      B13CBE74 
  77      7EE11B42 
  77      2159FDBA 
  77      62B2B323 
  78 01f8 63DD1119 		.ascii	"c\335\021\031\213\207\"\344t\354\211\305\367\037\330"
  78      8B8722E4 
  78      74EC89C5 
  78      F71FD8
  79 0207 E7D387FC 		.ascii	"\347\323\207\374\033v\260\253;\036\223;\333\333\266"
  79      1B76B0AB 
  79      3B1E933B 
  79      DBDBB6
  80 0216 6C96ADAD 		.ascii	"l\226\255\255\333d\373\216\266CaN\334\035\215\356\015"
  80      DB64FB8E 
  80      B643614E 
  80      DC1D8DEE 
  80      0D
  81 0227 75D24FFE 		.ascii	"u\322O\376v\373\022"
  81      76FB12
  82              		.text
  83              		.section	.gnu.lto_stStopAlarm.872e72d9ecbac8a1,"",%progbits
  84 0000 789C5D4F 		.ascii	"x\234]O\317KBA\020\236\357\255\275,\250kE\336:yyKE\377"
  84      CF4B4241 
  84      109EEFAD 
  84      BD2CA86B 
  84      45DE3A79 
ARM GAS  /tmp/ccjVonuA.s 			page 6


  85 0018 4104519E 		.ascii	"A\004Q\236\362\036a\007\017\202\241\322\325\2654\015"
  85      F21E6107 
  85      0F82A1D2 
  85      D5B5340D 
  86 0028 3B7448BB 		.ascii	";tH\273X\010\035:IH?\255\210\207t\013,\372\013\244\203"
  86      58081D3A 
  86      49483FAD 
  86      8887740B 
  86      2CFA0BA4 
  87 003d 41444445 		.ascii	"ADDEE\2205\353\203\220\206\235\335\331o\276\231o\306"
  87      459035EB 
  87      8390869D 
  87      DDD96FBE 
  87      996FC6
  88 0050 24A23110 		.ascii	"$\2421\020M\361;\310\016A0\326kD\011\267\001\350@\271"
  88      4DF13BC8 
  88      0E4130D6 
  88      6B4409B7 
  88      01E840B9 
  89 0064 41710371 		.ascii	"Aq\003q\254\211\015\201j\272Q1\274\273\212\315\336|"
  89      AC890D81 
  89      6ABA5131 
  89      BCBB8ACD 
  89      DE7C
  90 0076 375754AA 		.ascii	"7WT\252\277 \210\362\354\332\260\017/1\355\256\334\314"
  90      BF2088F2 
  90      ECDAB00F 
  90      2F31EDAE 
  90      DCCC
  91 0088 F5982E07 		.ascii	"\365\230.\007\307\001Lb\015\332\273\355\260U\363'\255"
  91      C7014C62 
  91      0DDABBED 
  91      B055F327 
  91      AD
  92 0099 ECCB1D7C 		.ascii	"\354\313\035|Op.\303\316\"\312\246Ua\350h\331\246\007"
  92      4F702EC3 
  92      CE22CAA6 
  92      5561E868 
  92      D9A607
  93 00ac 54DF3ECF 		.ascii	"T\337>\317\037s\326_\237\244#\367e\212V\257\274@\273"
  93      1F73D65F 
  93      9FA423F7 
  93      658A56AF 
  93      BC40BB
  94 00bf 060E61E2 		.ascii	"\006\016a\342HK\360\305x>U\275\356\314\212\202@\213"
  94      484BF0C5 
  94      783E55BD 
  94      EECC8A82 
  94      408B
  95 00d1 562B7D3C 		.ascii	"V+}<w;_\335\306\305Pq\353\276\253\210m\024\204\201\023"
  95      773B5FDD 
  95      C6C55071 
  95      EBBEAB88 
  95      6D148481 
  96 00e6 78700C0F 		.ascii	"xp\014\017ij\272qu\323+K*\231P\365\327r\337\013\027"
  96      696ABA71 
  96      75D32B4B 
ARM GAS  /tmp/ccjVonuA.s 			page 7


  96      2A9950F5 
  96      D772DF0B 
  97 00fb 09545044 		.ascii	"\011TPD\216\307\3242\204S\310v\011\236\004g\\\375\204"
  97      8EC7D432 
  97      8453C876 
  97      099E0467 
  97      5CFD84
  98 010e A57AF662 		.ascii	"\245z\366b\250\265\251\266\014'x\033\203h\300\262\244"
  98      A8B5A9B6 
  98      0C27781B 
  98      8368C0B2 
  98      A4
  99 011f 73C25119 		.ascii	"s\302Q\031\234\013\311h$ \2431+@\362\177f!\034\211E"
  99      9C0BC968 
  99      2420A331 
  99      2B40F27F 
  99      66211C89 
 100 0134 E58CDF37 		.ascii	"\345\214\3377:\"\247\247\307\245\177\322\2678\314\334"
 100      3A22A7A7 
 100      C7A57FD2 
 100      B738CCDC 
 101 0144 D95068DE 		.ascii	"\331Ph\336\012\322/\002\215~\213"
 101      0AD22F02 
 101      8D7E8B
 102              		.text
 103              		.section	.gnu.lto_stSetAlarm.872e72d9ecbac8a1,"",%progbits
 104 0000 789C5D92 		.ascii	"x\234]\222\317KTQ\024\307\317\367\335\347{&e\333\244"
 104      CF4B5451 
 104      14C7CFF7 
 104      DDE77B26 
 104      65DBA4
 105 0013 59B850C4 		.ascii	"Y\270P\304\026s\231\332\364\007\004\021\350*\027\355"
 105      167399DA 
 105      F4070411 
 105      E82A17ED 
 106 0023 C2A6C060 		.ascii	"\302\246\300`\302\360\015m\275Nc\243\215T\213\234`x"
 106      C2F00D6D 
 106      BD4E63A3 
 106      8D548B9C 
 106      6078
 107 0035 C6239328 		.ascii	"\306#\223(\0304\373\251i\335\206v\321\364c\023\201\201"
 107      1834FBA9 
 107      69DD8676 
 107      D1F46313 
 107      8181
 108 0047 548CD122 		.ascii	"T\214\321\"\312M\204`\235\363\246\242\272\274{\3379"
 108      CA4D8460 
 108      9DF3A6A2 
 108      BABC7BDF 
 108      39
 109 0058 87EF39F7 		.ascii	"\207\3579\367s\016\327#\"\327!:\304\377\235\274\241"
 109      730ED723 
 109      22D7213A 
 109      C4FF9DBC 
 109      A1
 110 0069 08CE851A 		.ascii	"\010\316\205\032\321H\263\003\210a\232A\303\016\206"
 110      D148B303 
ARM GAS  /tmp/ccjVonuA.s 			page 8


 110      88619A41 
 110      C30E86
 111 0078 31A12E2A 		.ascii	"1\241.*T\013\365\005\247\373\232\341e/\315\373g\314"
 111      540BF505 
 111      A7FB9AE1 
 111      652FCDFB 
 111      67CC
 112 008a E88E5011 		.ascii	"\350\216P\021\225x\313\302-t\263\352e~.TE\025*\300e"
 112      9578CBC2 
 112      2D74B3EA 
 112      657E2E54 
 112      45152AC0 
 113 009f F7EBB3F2 		.ascii	"\367\353\263\362\373Vq\035\264\263\273qcne\273J\200"
 113      FB56711D 
 113      B4B3BB71 
 113      636E65BB 
 113      4A80
 114 00b1 D8BE5239 		.ascii	"\330\276R9?\343u\315\030\2233veZ\231\216P)\334\205\342"
 114      3FE375CD 
 114      18933376 
 114      655A998E 
 114      5029DC85 
 115 00c6 82B88304 		.ascii	"\202\270\203\004n#A\034\"\334C\227\350\337\335\334\234"
 115      6E23411C 
 115      22DC4397 
 115      E8DFDDDC 
 115      9C
 116 00d7 DCE6B9D1 		.ascii	"\334\346\271\321\357;q\037\036\201\215\331WM\326l\376"
 116      EF3B711F 
 116      1E818DD9 
 116      574DD66C 
 116      FE
 117 00e8 2818FBE1 		.ascii	"(\030\373\341*\226\367\273L/)4\306*n\303X\032W\216X"
 117      2A96F7BB 
 117      4C2F2934 
 117      C62A6EC3 
 117      581A578E 
 118 00fd A72DD5E1 		.ascii	"\247-\325\341H\255q{\366I\213\352\2109^\027\363\037"
 118      48AD717B 
 118      F6498BEA 
 118      88395E17 
 118      F31F
 119 010f FDCEE998 		.ascii	"\375\316\351\230\2436\265\265ll\276]P\026\376E\211{"
 119      A336B5B5 
 119      6C6CBE5D 
 119      5016FE45 
 119      897B
 120 0121 5C446799 		.ascii	"\\Dg\231k}B\265\374\375\315Ri\357\037\254|c,\213\276"
 120      6B7D42B5 
 120      FCFDCD52 
 120      69EF1FAC 
 120      7C632C8B 
 121 0136 124DCC56 		.ascii	"\022M\314VR\370\013\233\360\000\036\226\004\231\017"
 121      52F80B9B 
 121      F0001E96 
 121      04990F
 122 0145 8E9746AB 		.ascii	"\216\227F\253\317}\231\214\033\313j\225o_Z\032\256\224"
ARM GAS  /tmp/ccjVonuA.s 			page 9


 122      CF7D998C 
 122      1BCB6A95 
 122      6F5F5A1A 
 122      AE94
 123 0157 92D94553 		.ascii	"\222\331ESk[\"\\F\250\232\360\220)\226\205\202\343\205"
 123      6B5B225C 
 123      46A89AF0 
 123      90299685 
 123      82E385
 124 016a FAD317AD 		.ascii	"\372\323\027\255\272b\362#fum\275m\235\223<<B\204In"
 124      BA62F223 
 124      66756DBD 
 124      6D9D933C 
 124      3C428449 
 125 017f 58AE1191 		.ascii	"X\256\021\221\235\310]\367S\263\"\212\346\271\204\017"
 125      9DC85DF7 
 125      53B3228A 
 125      E6B9840F 
 126 018f 0B8D5D89 		.ascii	"\013\215]\211_\012<FJ:\251#\267Z|\233\026\336\030\234"
 126      5F0A3C46 
 126      4A3AA923 
 126      B75A7C9B 
 126      16DE189C 
 127 01a3 3E23176D 		.ascii	">#\027m\234C<\\Yc\334\005\217\216\337I[2\251\033\337"
 127      9C433C5C 
 127      5963DC05 
 127      8F8EDF49 
 127      5B32A91B 
 128 01b8 60A007FA 		.ascii	"`\240\007\3723:\030J\353 \233L\223\337\177$\310\036"
 128      333A184A 
 128      EB209B4C 
 128      93DF7F24 
 128      C81E
 129 01ca 3F71CC95 		.ascii	"?q\314\225C\377/;98\224\015\364\301\276\336=\273uO\317"
 129      43FF2F3B 
 129      3938940D 
 129      F4C1BEDE 
 129      3DBB754F 
 130 01df 3EDD77A0 		.ascii	">\335w\240\367T\212\023\017g2G\223\003\364\023,\030"
 130      F7548A13 
 130      0F673247 
 130      9303F413 
 130      2C18
 131 01f1 BF9A     		.ascii	"\277\232"
 132              		.text
 133              		.section	.gnu.lto_stGetAlarm.872e72d9ecbac8a1,"",%progbits
 134 0000 789C5D90 		.ascii	"x\234]\220\333+DQ\024\306\327w\366\3149Fx\307(\257<"
 134      DB2B4451 
 134      14C6D777 
 134      F6CC3946 
 134      78C728AF 
 135 0015 CC6EF817 		.ascii	"\314n\370\027\224\204'\336%\036\346ajd4\257\2661B<\310"
 135      948427DE 
 135      251EE661 
 135      6A6434AF 
 135      B631423C 
 136 002a 6514874E 		.ascii	"e\024\207Ny\220\"&\343~\3514\312\213\\\377\002!J\222"
ARM GAS  /tmp/ccjVonuA.s 			page 10


 136      79902226 
 136      E37EE934 
 136      CA8B5CFF 
 136      02214A92 
 137 003e CB83A8C1 		.ascii	"\313\203\250\301\332Hr\332\227\265\326\376\265\326\367"
 137      DA4872DA 
 137      97B5D6FE 
 137      B5D6F7
 138 004d 1D938862 		.ascii	"\035\223\210b \252\345\273\2307\004\301\030:\"\352\312"
 138      20AAE5BB 
 138      983704C1 
 138      183A22EA 
 138      CA
 139 005e 31001DA8 		.ascii	"1\000\035\250\034P\247\201N\014\212Q\201\323\304\222"
 139      1C50A781 
 139      4E0C8A51 
 139      81D3C492 
 140 006e 2D0684CD 		.ascii	"-\006\204\315\230\207\323\307\303\211\313\002\235\002"
 140      9887D3C7 
 140      C389CB02 
 140      9D02
 141 007c A59CDEDD 		.ascii	"\245\234\336\335\357\247\363\312f\225\212+w\374\311"
 141      EFA7F3CA 
 141      66958A2B 
 141      77FCC9
 142 008b 9A4C9F28 		.ascii	"\232L\237(\237-\014J2\236\206\037\313\360\353\031+("
 142      9F2D0C4A 
 142      329E861F 
 142      CBF0EB19 
 142      2B28
 143 009d 23A62F52 		.ascii	"#\246/R\357c\371\246\307\021\244\001\256\257\302$\326"
 143      EF63F9A6 
 143      C711A401 
 143      AEAFC224 
 143      D6
 144 00ae 428B675E 		.ascii	"B\213g^W\275\177\364*\367j\006\331jn`\013\006\372x\263"
 144      57BD7FF4 
 144      2AF76A06 
 144      D96A6E60 
 144      0B06FA78 
 145 00c3 22E5523F 		.ascii	"\"\345R?\2278\352v\351\026\231\335\327\355\371\361\242"
 145      9738EA76 
 145      E91699DD 
 145      D7EDF9F1 
 145      A2
 146 00d4 DF7E09C5 		.ascii	"\337~\011\305\237;\362f}\365K\012\374\031EX\203\211"
 146      9F3BF266 
 146      7DF54B0A 
 146      FC194558 
 146      8389
 147 00e6 753D868F 		.ascii	"u=\206\217\011a\360S\262'sli\013\236/\362h\341\345!"
 147      0961F053 
 147      B227736C 
 147      690B9E2F 
 147      F268E1E5 
 148 00fb F73BD58D 		.ascii	"\367;\325\215\264Ig\352\306\347`\032\266\360b\223]l"
 148      B44967EA 
ARM GAS  /tmp/ccjVonuA.s 			page 11


 148      C6E7601A 
 148      B6F06293 
 148      5D6C
 149 010d 68175CEF 		.ascii	"h\027\\\357\275>8)\220\013*\321\245\316\237S%\303l\325"
 149      BD3E3829 
 149      900B2AD1 
 149      A5CE9F53 
 149      25C36CD5 
 150 0121 C4161C8C 		.ascii	"\304\026\034\214\261P=IC\356`|\316\012.j\310\3314la"
 150      B1503D49 
 150      43EE607C 
 150      CE0A2E6A 
 150      C8D9346C 
 151 0136 611B12E5 		.ascii	"a\033\022\345\376\037\002;\010\322=\342\347\003\331"
 151      FE1F023B 
 151      08D23DE2 
 151      E703D9
 152 0145 3D530B66 		.ascii	"=S\013fQ\374\007\330+\264C\216\013\003\001\371\275\""
 152      51FC07D8 
 152      2BB4438E 
 152      0B0301F9 
 152      BD22
 153 0157 51196A0E 		.ascii	"Q\031j\016\313h{\213\214v\004ZH\376\177i\213\264wDe"
 153      CB687B8B 
 153      8C76045A 
 153      48FE7F69 
 153      8BB47744 
 154 016c 43637D65 		.ascii	"Cc}e\205\254\253\253\222\2155\365\261 \263M\341pk D"
 154      85ACABAB 
 154      928D35F5 
 154      B120B34D 
 154      E1706B20 
 155 0181 9FAAA192 		.ascii	"\237\252\241\222\365"
 155      F5
 156              		.text
 157              		.section	.gnu.lto_.symbol_nodes.872e72d9ecbac8a1,"",%progbits
 158 0000 789C55C8 		.ascii	"x\234U\310\261\015\2000\014\005\321\313\017a.\030\212"
 158      B10D8030 
 158      0C05D1CB 
 158      0F612E18 
 158      8A
 159 0011 DA2E8040 		.ascii	"\332.\200@\307\020L\301\020\314\300$\210\210\316\305"
 159      C7104CC1 
 159      10CCC024 
 159      8888CEC5 
 160 0021 E9A4D703 		.ascii	"\351\244\327\003S\013\31528nh\273|l\262\310R\224U\246"
 160      530BCD32 
 160      386E68BB 
 160      7C6CB2C8 
 160      529455A6 
 161 0035 285596A3 		.ascii	"(U\226\243l\262.H\332e\345\027p\037 S8\2377\361\001"
 161      6CB22E48 
 161      DA65E517 
 161      701F2053 
 161      389F37F1 
 162 004a AD6C1CA4 		.ascii	"\255l\034\244"
 163              		.text
ARM GAS  /tmp/ccjVonuA.s 			page 12


 164              		.section	.gnu.lto_.refs.872e72d9ecbac8a1,"",%progbits
 165 0000 789C6363 		.ascii	"x\234cc```\004b\006\000\000D\000\010"
 165      60606004 
 165      62060000 
 165      440008
 166              		.text
 167              		.section	.gnu.lto_.decls.872e72d9ecbac8a1,"",%progbits
 168 0000 789CBD57 		.ascii	"x\234\275W}P\024\311\025\237\236\336EX\276\274\325\262"
 168      7D5014C9 
 168      159F9EDE 
 168      4558BEBC 
 168      D5B2
 169 0012 34215596 		.ascii	"4!U\226\205%U\021\026\360*$uW\251\363\320\030+\247I"
 169      85255511 
 169      16F02A24 
 169      7557A9F3 
 169      D0182BA7 
 170 0027 ADA42AF9 		.ascii	"\255\244*\371'{\334\272w\220c\301\260K\252\256\362G"
 170      277BDCBA 
 170      779063C1 
 170      B04BAAAE 
 170      F247
 171 0039 0641E510 		.ascii	"\006A\345\020\025\020\277P\016\220O\025\021?\000\001"
 171      1510BF50 
 171      0E904F15 
 171      113F0001 
 172 0049 11144450 		.ascii	"\021\024DP\020D@@\024\374V4\010\370\201\212J^w\3170"
 172      10444040 
 172      14FC5634 
 172      08F8818A 
 172      4A5E77CF 
 173 005e C3C8DEF9 		.ascii	"\303\310\336\371O2\265ov^\367\257\177\357\365{\257\247"
 173      4F32B56F 
 173      765EF7AF 
 173      7FEFF57B 
 173      AFA7
 174 0070 7B9C388E 		.ascii	"{\2348\216\273\372\021\307y`\216+D\0347\001\227\023"
 174      BBFA11C7 
 174      79608E2B 
 174      441C3701 
 174      9713
 175 0082 B49D0101 		.ascii	"\264\235\001\001\225\253\345\330E\332\032A\232A.\201"
 175      95ABE5D8 
 175      45DA1A41 
 175      9A412E81 
 176 0092 B4815C01 		.ascii	"\264\201\\\001\351\344\336\277R` \320q_\202t\201\234"
 176      E9E4DEBF 
 176      526020D0 
 176      715F8274 
 176      819C
 177 00a4 17DB7991 		.ascii	"\027\333y\221c\2721{`\214\2638F\0172[\264\3753h\237"
 177      63BA317B 
 177      608CB338 
 177      460F325B 
 177      B4FD3368 
 178 00b9 073208CF 		.ascii	"\0072\010\317}\034\343\325\200\356\004\242E\214\223"
 178      7D1CE3D5 
ARM GAS  /tmp/ccjVonuA.s 			page 13


 178      80EE04A2 
 178      458C93
 179 00c8 F8E48598 		.ascii	"\370\344\205\230\277\277DSy3@\327\210\274\022W\2378"
 179      BFBF4453 
 179      793340D7 
 179      88BC1257 
 179      9F38
 180 00da 37693C99 		.ascii	"7i<\231\217\257j\034\271\262?\320'$\372\304\213q1\210"
 180      8FAF6A1C 
 180      B9B23FD0 
 180      2724FAC4 
 180      8B713188 
 181 00ee BE04A938 		.ascii	"\276\004\2518\013D>%\327\242\237\340#1\376\215\310\367"
 181      0B443E25 
 181      D7A29FE0 
 181      2331FE8D 
 181      C8F7
 182 0100 898A2F0D 		.ascii	"\211\212/\015\243\353\215\007\016\341\315\030-\322!"
 182      A3EB8D07 
 182      0EE1CD18 
 182      2DD221
 183 010f 92394F68 		.ascii	"\2229Oh:\362\270\342\225;k\"\210S\261\031M30O\237\273"
 183      3AF2B8E2 
 183      953B6B22 
 183      8853B119 
 183      4D33304F 
 184 0125 522B8FB8 		.ascii	"R+\217\270\371\025\011\354r\376\204C\245\010KT\355\333"
 184      F91509EC 
 184      72FE8443 
 184      A5084B54 
 184      EDDB
 185 0137 46736760 		.ascii	"Fsg`o\012\274\034_\262\217\320\352uH\003\352HK\372m"
 185      6F0ABC1C 
 185      5FB28FD0 
 185      EA754803 
 185      EA484BFA 
 186 014c 0F5067EB 		.ascii	"\017Pg\353\320\3744\314\367\367\214\367y \235O\202 "
 186      D0FC34CC 
 186      F7F78CF7 
 186      79209D4F 
 186      8220
 187 015e AC17B2E2 		.ascii	"\254\027\262\342\004\227\337s\250\002y\241\223\310\213"
 187      0497DF73 
 187      A80279A1 
 187      93C88B
 188 016d 4355C887 		.ascii	"CU\310\207\230.C~\034:\001\215\307\2411\237\230\253"
 188      982E437E 
 188      1C3A018D 
 188      C7A1319F 
 188      98AB
 189 017f 9D78BE28 		.ascii	"\235x\276(e\223 \360\250\022\351P9\302\024\0033[\244"
 189      659320F0 
 189      A812E950 
 189      39C21403 
 189      335BA4
 190 0192 630E1CC8 		.ascii	"c\016\034\310M\331\357\204\313\021\361\200\257\332{"
 190      4DD9EF84 
ARM GAS  /tmp/ccjVonuA.s 			page 14


 190      CB11F180 
 190      AFDA7B
 191 01a1 F71CEFC8 		.ascii	"\367\034\357\310\306i\2076\316\237\\\320\260\201\330"
 191      C6698736 
 191      CE9F5CD0 
 191      B081D8
 192 01b0 A8061BA7 		.ascii	"\250\006\033\247d\033`\222\031\331Vz\355\215'>E\343"
 192      641B6092 
 192      19D9567A 
 192      ED8D273E 
 192      45E3
 193 01c2 C16F682D 		.ascii	"\301oh-{\350\320\310\031\207F\306\272\027\347S#\265"
 193      7BE8D0C8 
 193      198746C6 
 193      BA17E753 
 193      23B5
 194 01d4 60A44636 		.ascii	"`\244F6RM\215\220V0Ty\246\272\306\265\037]G\220E4\223"
 194      524D8D90 
 194      56305479 
 194      A6BAC6B5 
 194      1F5D4790 
 195 01eb 06192176 		.ascii	"\006\031!v\207\177\"T\237\220.\304\332\241\225g\177"
 195      877F2254 
 195      9F902EC4 
 195      DAA19567 
 195      7F
 196 01fc 229428D2 		.ascii	"\"\224(\322\0204\331\302\213\034\274\304K\177\"\001"
 196      1034D9C2 
 196      8B1CBCC4 
 196      4B7F2201 
 197 020c 52B2B27E 		.ascii	"R\262\262~fN\272X\215\261\007\3058\326\304\313\306\024"
 197      664EBA58 
 197      8DB107C5 
 197      38D6C4CB 
 197      C614
 198 021e 43DEF395 		.ascii	"C\336\363\225\233\354\236tJ\236$\022k\252\363qR\261"
 198      9BEC9E74 
 198      4A9E2412 
 198      6BAAF371 
 198      52B1
 199 0230 DB00BA01 		.ascii	"\333\000\272\001\275\177\345\270dg+\255\256M\307\206"
 199      BD7FE5B8 
 199      64672BAD 
 199      AE4DC786 
 200 0240 FAB5F811 		.ascii	"\372\265\370\021\253\311s\023c\265\236\254\324xR\205"
 200      ABC97313 
 200      63B59EAC 
 200      D4785285 
 201 0250 C3CD19AE 		.ascii	"\303\315\031\256\254\324f\202Z\2244\221\246\235\273"
 201      ACD46682 
 201      5A943491 
 201      A69DBB
 202 025f 93843D39 		.ascii	"\223\204=9N\230\311\243/\347\240\006H\3069H\006\207"
 202      4E98C9A3 
 202      2FE7A006 
 202      48C63948 
 202      0687
ARM GAS  /tmp/ccjVonuA.s 			page 15


 203 0271 CEA3B970 		.ascii	"\316\243\271p\217\3240c\325\357:F<\026d\011Y\003B\355"
 203      8FD43063 
 203      D5EF3A46 
 203      3C166409 
 203      590342ED 
 204 0285 D51BFEF7 		.ascii	"\325\033\376\367O\010\002dI\320\020\030\252\227\323"
 204      4F080264 
 204      49D01018 
 204      AA97D3
 205 0294 544F6A1E 		.ascii	"TOj\036\325\241\001\204\316\242~p\255\021-\200\341q"
 205      D5A10184 
 205      CEA27E70 
 205      AD112D80 
 205      E171
 206 02a6 45BD895A 		.ascii	"E\275\211Z\234\204\251W%E\207\257;kx\226Mb\001\332\204"
 206      9C84A957 
 206      254587AF 
 206      3B6B7896 
 206      4D6201DA 
 207 02bb CD1DA99E 		.ascii	"\315\035\251\236\016}\271H}\271\200Dgr7m\271\353\006"
 207      0E7DB948 
 207      7DB98044 
 207      6772376D 
 207      B9EB06
 208 02ce CE0C8033 		.ascii	"\316\014\2003\203\363\322\205\332\365\002\251\030@\241"
 208      83F3D285 
 208      DAF502A9 
 208      1840A1
 209 02dd 26D99526 		.ascii	"&\331\225&\265+\315\324\225\246\361c\036x\017\363\244"
 209      B52BCDD4 
 209      95A6F163 
 209      1E780FF3 
 209      A4
 210 02ee A927B158 		.ascii	"\251'\261X'\022\365\376|\222\210\314\251E&jQ\023]\242"
 210      2712F5FE 
 210      7C9288CC 
 210      A945266A 
 210      51135DA2 
 211 0302 44A9C7C7 		.ascii	"D\251\307\3072\2658\2171\365\224\3675\316\020\231.\374"
 211      32B5388F 
 211      31F594F7 
 211      35CE1099 
 211      2EFC
 212 0314 628A4BAD 		.ascii	"b\212K\2552S\253\232\251\2152\025=k;\346\216K\030\323"
 212      3253AB9A 
 212      A98D3215 
 212      3D6B3BE6 
 212      8E4B18D3 
 213 0328 9B6D1B47 		.ascii	"\233m\033Gxe$H\220\344P\264OIKn]a'/\232\275\2249';N"
 213      78652448 
 213      90E450B4 
 213      4F494B6E 
 213      5D61272F 
 214 0343 288471F3 		.ascii	"(\204q\363\011\012]\226\355^V\333\275B\355\216$=\311"
 214      090A5D96 
 214      ED5E56DB 
 214      BD42ED8E 
ARM GAS  /tmp/ccjVonuA.s 			page 16


 214      243DC9
 215 0356 F2C455CC 		.ascii	"\362\304U\314\356\304Hq\227\226P\221\267\311\313O3J"
 215      EEC44871 
 215      97965091 
 215      B7C9CB4F 
 215      334A
 216 0368 1E08093A 		.ascii	"\036\010\011:Z\006\250Cf\352\020\337i\250\2232d\276"
 216      5A06A843 
 216      66EA10DF 
 216      69A89332 
 216      64BE
 217 037a 19DFE3E1 		.ascii	"\031\337\343\341\2268\271\304)\\Z\345\034\352Bn\024"
 217      9638B9C4 
 217      295C5AE5 
 217      1CEA426E 
 217      14
 218 038b 0CFF002E 		.ascii	"\014\377\000.\277\271\243\306\205Uc7\261\230^\365\354"
 218      BFB9A3C6 
 218      85556337 
 218      B1985EF5 
 218      EC
 219 039c 8296E9CE 		.ascii	"\202\226\351\316\244{\350P\271;\253\316Z\322}\345^v"
 219      A47BE850 
 219      B93BABCE 
 219      5AD27DE5 
 219      5E76
 220 03ae BC1BEB6E 		.ascii	"\274\033\353n#z]\327\371a\015\036c\336\356n?\272\\\007"
 220      237A5DD7 
 220      F9610D1E 
 220      63DEEE6E 
 220      3FBA5C07 
 221 03c2 AF96B80F 		.ascii	"\257\226\270\017z\177\301\200\346\346\361\026-~\313"
 221      7A7FC180 
 221      E6E6F116 
 221      2D7ECB
 222 03d1 466F3E57 		.ascii	"Fo>W\332 \276\202\033\211\236VYW\345\212\241\232\211"
 222      DA20BE82 
 222      1B899E56 
 222      5957E58A 
 222      A19A89
 223 03e4 723BF156 		.ascii	"r;\361V\235\023\336\300\024\311)\275\350T\346\265\347"
 223      9D13DEC0 
 223      14C929BD 
 223      E854E6B5 
 223      E7
 224 03f5 1710FE9E 		.ascii	"\027\020\376\236uV\225\237j\020'\340\257X^z\266\274"
 224      7556959F 
 224      6A1027E0 
 224      AF585E7A 
 224      B6BC
 225 0407 CAEE3535 		.ascii	"\312\35655\350\330|\004D\226P{\337gx+\033yv\264\244"
 225      E8D87C04 
 225      4496507B 
 225      DF67782B 
 225      1B7976B4 
 226 041c 409C1B06 		.ascii	"@\234\033\006u \271n\302\223LG\020\303\010\355r\024"
 226      7520B96E 
ARM GAS  /tmp/ccjVonuA.s 			page 17


 226      C2934C47 
 226      10C308ED 
 226      7214
 227 042e 1F90571F 		.ascii	"\037\220W\0372x\241\373l*\317\223K~\247O\246\005\"\010"
 227      3278A1FB 
 227      6C2ACF93 
 227      4B7EA74F 
 227      A6052208 
 228 0442 9F69E8EB 		.ascii	"\237i\350\353\370.\240\357P\364C\244\227\306\020p\354"
 228      F82EA0EF 
 228      50F443A4 
 228      97C61070 
 228      EC
 229 0453 CDBC1B1E 		.ascii	"\315\274\033\036Jt\337\217\241\213s\362v\351p*sr\357"
 229      4A74DF8F 
 229      A18B73F2 
 229      76E9702A 
 229      7372EF
 230 0466 D3EB0FC5 		.ascii	"\323\353\017\305|\371\200\232\377\242*\316\031\357d"
 230      7CF9809A 
 230      FFA22ACE 
 230      19EF64
 231 0475 7DDB4F67 		.ascii	"}\333Og\264\314\300\351L\221\2660=\335\302\320\372\253"
 231      B4CCC0E9 
 231      4C91B630 
 231      3DDDC2D0 
 231      FAAB
 232 0487 9FE31F58 		.ascii	"\237\343\037XOMJ\352u\204\3673e(\376\356\200\030\237"
 232      4F4D4AEA 
 232      7584F733 
 232      6528FEEE 
 232      80189F
 233 049a B9A0EEB8 		.ascii	"\271\240\356\270\370h\021.`]\357\032\353\026\341\303"
 233      F868112E 
 233      605DEF1A 
 233      EB16E1C3 
 234 04aa ECB9A1AC 		.ascii	"\354\271\241\254\260\000\341\343L\031Mox\244\303\345"
 234      B000E1E3 
 234      4C194D6F 
 234      78A4C3E5 
 235 04ba 4CC96ADF 		.ascii	"L\311j\337w\322\031W2%\377\345\316|7\\\303\224\216\212"
 235      77D21957 
 235      3225FFE5 
 235      CE7C375C 
 235      C3948E8A 
 236 04ce CE04575C 		.ascii	"\316\004W\\\317\224\204\243Gw\273\342F\246\254\257\352"
 236      CF9484A3 
 236      4777BBE2 
 236      46A6ACAF 
 236      EA
 237 04df 49115F81 		.ascii	"I\021_\201\003D\277\223w'\313E\314\212\023\350\211\355"
 237      0344BF93 
 237      7727CB45 
 237      CC8A13E8 
 237      89ED
 238 04f1 CD630837 		.ascii	"\315c\01073p\312\360\350v'\207yx'\345\301\237\246\241"
 238      3370CAF0 
ARM GAS  /tmp/ccjVonuA.s 			page 18


 238      E8762787 
 238      797827E5 
 238      C19FA6A1 
 239 0505 BC34E789 		.ascii	"\2744\347\211\263:\017=\200\356\246\350\011\032\331"
 239      B33A0F3D 
 239      80EEA6E8 
 239      091AD9
 240 0514 775264EB 		.ascii	"wRd\353\353\253\337\"u\036\034\241\347\324n\312\332"
 240      EBABDF22 
 240      751E1CA1 
 240      E7D46ECA 
 240      DA
 241 0525 E08ABCD9 		.ascii	"\340\212\274\3315\313[\272|\310m\277\020\037'\324\266"
 241      35CB5BBA 
 241      7CC86DBF 
 241      101F27D4 
 241      B6
 242 0536 A6E3DEC3 		.ascii	"\246\343\336\303[\267\010Yg\021\245\372\017\254\321"
 242      5BB70859 
 242      6711A5FA 
 242      0FACD1
 243 0545 047E96BC 		.ascii	"\004~\226\274\016\036S\336\012r\347\330\220\301\010"
 243      0E1E53DE 
 243      0A72E7D8 
 243      90C108
 244 0554 782FC563 		.ascii	"x/\305c\012\177\246\206\217Rx\200\214\276\240@\277T"
 244      0A7FA686 
 244      8F527880 
 244      8CBEA040 
 244      BF54
 245 0566 A3BBA7A0 		.ascii	"\243\273\247\240c\205\332[\326X\212\036DztODKU\206n"
 245      6385DA5B 
 245      D6588A1E 
 245      447A744F 
 245      444B5586 
 246 057b BFE74ABB 		.ascii	"\277\347J\273\202|lzr%\274W\001\177\241\206\337Q{\376"
 246      827C6C7A 
 246      7225BC57 
 246      017FA186 
 246      DF517BFE 
 247 058f DA2AA3FB 		.ascii	"\332*\243\373\325\350\033\012\362\0241\033\002l,\350"
 247      D5E81B0A 
 247      F214311B 
 247      026C2CE8 
 248 059f 0D20C669 		.ascii	"\015 \306i'\301\303\353\003\245\362>(\211\367F\337\203"
 248      27C1C3EB 
 248      03A5F23E 
 248      2889F746 
 248      DF83
 249 05b1 C4816C00 		.ascii	"\304\201l\000\331\010\222\006\262\036$\021d+\310\026"
 249      D9089206 
 249      B21E2411 
 249      642BC816 
 250 05c1 909D20B1 		.ascii	"\220\235 \261 ;@\342A\222A6\203l\002\331\016\262\015"
 250      203B40E2 
 250      41924136 
 250      836C02D9 
ARM GAS  /tmp/ccjVonuA.s 			page 19


 250      0EB20D
 251 05d4 2485F7A6 		.ascii	"$\205\367\246\357N\346\345Y\305\234^\251\2754\250#0"
 251      EF4EE6E5 
 251      59C59C5E 
 251      A9BD34A8 
 251      2330
 252 05e6 AA403F9D 		.ascii	"\252@?\235>wS\340\212\020\014L\037\002e\300\276\225"
 252      3E7753E0 
 252      8A100C4C 
 252      1F0265C0 
 252      BE95
 253 05f8 D1AFA775 		.ascii	"\321\257\247uE\001>\253\240\036V\203\237\274\347\311"
 253      45013EAB 
 253      A01E5683 
 253      9FBCE7C9 
 254 0608 6B85E323 		.ascii	"k\205\343#\323\303\225E\027)\243\257\251\321\275\357"
 254      D3C39545 
 254      1729A3AF 
 254      A9D1BDEF 
 255 0618 57B4C297 		.ascii	"W\264\302\227[j\370\315\251p\250\317\366HV\244\002\257"
 255      5B6AF8CD 
 255      A970A8CF 
 255      F64856A4 
 255      02AF
 256 062a 476F45B8 		.ascii	"GoE\270\264\004\321U\331\027v\022}\361H\037\013\245"
 256      B404D155 
 256      D9177612 
 256      7DF1481F 
 256      0BA5
 257 063c 41509CB8 		.ascii	"AP\234\270\375\311\331k\030\322\347\304\011\215\376"
 257      FDC9D96B 
 257      18D2E7C4 
 257      098DFE
 258 064b D4F4F5E9 		.ascii	"\324\364\365\351=U\314\353\226\"\012\317\247/\340)\365"
 258      3D55CCEB 
 258      96220ACF 
 258      A72FE029 
 258      F5
 259 065c AE98D723 		.ascii	"\256\230\327#5\374\366{AS\240\207\246\177\015P4\371"
 259      35FCF67B 
 259      4153A087 
 259      A67F0D50 
 259      34F9
 260 066e A469EE2A 		.ascii	"\244i\356*\364\300\361ZzB/M\350)\362D>\263\330to\014"
 260      F4C0F15A 
 260      7A422F4D 
 260      E829F244 
 260      3EB3D874 
 261 0684 39C1670B 		.ascii	"9\301g\013\332\003\203w\361\223\373=\231\274\203\205"
 261      DA038377 
 261      F193FB3D 
 261      99BC8385 
 262 0694 8276C3FA 		.ascii	"\202v\303\372\370_\257\025r\330\257\311.\327(\317\030"
 262      F85FAF15 
 262      72D8AFC9 
 262      2ED728CF 
 262      18
ARM GAS  /tmp/ccjVonuA.s 			page 20


 263 06a5 7B14F3E3 		.ascii	"{\024\363\343P:\317\316\030\360\017\340\354\343\317"
 263      503ACFCE 
 263      18F00FE0 
 263      ECE3CF
 264 06b4 D2DD71B2 		.ascii	"\322\335q\262\226mR\245\2355Np\244\251\035 G\232\217"
 264      966D52A5 
 264      9D354E70 
 264      A4A91D20 
 264      479A8F
 265 06c7 0F743F10 		.ascii	"\017t?\020\004\340\211G\032z0\333+O\023\036\247\036"
 265      04E08947 
 265      1A7A30DB 
 265      2B4F131E 
 265      A71E
 266 06d9 90F6F1E4 		.ascii	"\220\366\361\344x\263\177\004\222\225\303\310r\006+"
 266      78B37F04 
 266      9295C3C8 
 266      72062B
 267 06e8 EAC4CDDE 		.ascii	"\352\304\315\336\035\324\276\375iy\032\266\217< \335"
 267      1DD4BEFD 
 267      69791AB6 
 267      8F3C20DD 
 268 06f8 D92D4F77 		.ascii	"\331-Ow\352\360Q\206\035\177\220\326\203\030\2268u\257"
 268      EAF05186 
 268      1D7F90D6 
 268      83189638 
 268      75AF
 269 070a 32AD5EE7 		.ascii	"2\255^\347p[\331\317\213\333J6O\367\225\316\227\325"
 269      705BD9CF 
 269      8BDB4A36 
 269      4FF795CE 
 269      97D5
 270 071c AFDD7025 		.ascii	"\257\335p%e\322\024\305\035\034\326 \037/\004p\244\313"
 270      65D214C5 
 270      1D1CD620 
 270      1F2F0470 
 270      A4CB
 271 072e 97BE2E39 		.ascii	"\227\276.9T\300\353P\016\217\245\317\325t\001\350\207"
 271      54C0EB50 
 271      0E8FA5CF 
 271      D57401E8 
 271      87
 272 073f FF4D9AE1 		.ascii	"\377M\232\341\331\231\376\323//!G\300s9\264\204\356"
 272      D999FED3 
 272      2F2F2147 
 272      C07339B4 
 272      84EE
 273 0751 5A2817D2 		.ascii	"Z(\027\322T@\355\345\363^(\217\031\024\204\266'ZykB"
 273      5440EDE5 
 273      F35E288F 
 273      191484B6 
 273      275A796B 
 274 0766 943B13FA 		.ascii	"\224;\023\372\177\340\211\177\205\274^\362\222\240\217"
 274      7FE0897F 
 274      85BC5EF2 
 274      92A08F
 275 0775 EE6B7CE5 		.ascii	"\356k|\345\242\023\271\023~\212{b\327\276\221\031J\356"
ARM GAS  /tmp/ccjVonuA.s 			page 21


 275      A213B913 
 275      7E8A7B62 
 275      D7BE9119 
 275      4AEE
 276 0787 033FC65D 		.ascii	"\003?\306]\372\264\361\240\353\302\034\241\255\226|"
 276      FAB4F1A0 
 276      EBC21CA1 
 276      AD967C
 277 0796 657CBA27 		.ascii	"e|\272'_H(\201\311\034\204\365\232\005\311\202\003\274"
 277      5F482881 
 277      C91C84F5 
 277      9A05C982 
 277      03BC
 278 07a8 626C06B4 		.ascii	"bl\006\264\374\215\347\320!~!\014\2756Q\221\345\216"
 278      FC8DE7D0 
 278      217E210C 
 278      BD365191 
 278      E58E
 279 07ba 6B58FCF3 		.ascii	"kX\374\363\356\265\304\271L&\336\373\220\"\361\344\200"
 279      EEB5C4B9 
 279      4C26DEFB 
 279      9022F1E4 
 279      80
 280 07cb 5A2427BE 		.ascii	"Z$'\276H"
 280      48
 281 07d0 9DF8C334 		.ascii	"\235\370\3034\3615\017s\3235\3702c\273\337Z\030&\222"
 281      F1350F73 
 281      D335F832 
 281      63BBDF5A 
 281      182692
 282 07e3 0D2E6647 		.ascii	"\015.fG\373lv\264/\226\211\212\325DG(\321\366\234\326"
 282      FB6C76B4 
 282      2F96898A 
 282      D5444728 
 282      D1F69CD6 
 283 07f7 1E846F31 		.ascii	"\036\204o1\242\253=\361\025bY\270*\316\303\263\305\363"
 283      A2AB3DF1 
 283      156259B8 
 283      2ACEC3B3 
 283      C5F3
 284 0809 F0DBE1B6 		.ascii	"\360\333\341\266\267\342\241\220|\344\2167n\314D\016"
 284      B7E2A190 
 284      7CE48E37 
 284      6ECC440E 
 285 0819 ABE68454 		.ascii	"\253\346\204T5\307Y\240O_l\357\361P'\361\030\004\353"
 285      35C759A0 
 285      4F5F6CEF 
 285      F15027F1 
 285      1804EB
 286 082c 280D5629 		.ascii	"(\015V)\015\364\011)\320\0357\222\202\325Yq\010>~?s"
 286      0DF40929 
 286      D01D3792 
 286      82D55971 
 286      083E7E3F 
 287 0841 483B9995 		.ascii	"H;\231\225\305\031bV\312\304\254\3007\214bl\211\230"
 287      C5196256 
 287      CAC4ACC0 
ARM GAS  /tmp/ccjVonuA.s 			page 22


 287      378C626C 
 287      8998
 288 0853 95729A95 		.ascii	"\225r\232\225\262];~\213\207\331\354\257\235\311\354"
 288      B25D3B7E 
 288      8B87D9EC 
 288      AF9DC9EC 
 289 0863 E5E5A414 		.ascii	"\345\345\244\024\217\312I!\237+'\345X\236T\307\262\202"
 289      8FCA4921 
 289      9F2B27E5 
 289      589E54C7 
 289      B282
 290 0875 C6B26CE0 		.ascii	"\306\262l\340\324j\034\353D\311\372'\272\263x\331\247"
 290      D46A1CEB 
 290      44C9FA27 
 290      BAB378D9 
 290      A7
 291 0886 4C954F57 		.ascii	"L\225OW\246\370T)\372T\305/\344\346\372\371\031\330"
 291      A6F85429 
 291      FA54C52F 
 291      E4E6FAF9 
 291      19D8
 292 0898 2FCA6608 		.ascii	"/\312f\010\013\2150\330\242\315\006\233\335\317\354"
 292      0B8D30D8 
 292      A2CD069B 
 292      DDCFEC
 293 08a7 BC62F59F 		.ascii	"\274b\365\237\347\007\007\004p:\223)&<\322\276$\320"
 293      E7070704 
 293      703A9329 
 293      263CD2BE 
 293      24D0
 294 08b9 64DF880C 		.ascii	"d\337\210\014aQV\213!\324l\263\370F\204~eX\026e\216"
 294      6151568B 
 294      21D46CB3 
 294      F846847E 
 294      65581665 
 295 08ce B15A22ED 		.ascii	"\261Z\"\3556C\210%\324\372\007\303rsD\370:\233\305d"
 295      36438825 
 295      D4FA07C3 
 295      727344F8 
 295      3A9BC564 
 296 08e2 F15D1763 		.ascii	"\361]\027c\3766\320\020\022\025\025a3|c6\373\206F[}"
 296      FE36D010 
 296      12151561 
 296      337C6336 
 296      FB86465B 
 297 08f7 23A3222D 		.ascii	"#\243\"-\276\226\320\257\302}\203|\003\375\003\202|"
 297      BE96D0AF 
 297      C27D837C 
 297      03FD0382 
 297      7C
 298 0908 FFF1B1AF 		.ascii	"\377\361\261\2575\364\357Q\321\206)\275\206\360HsD\314"
 298      35F4EF51 
 298      D18629BD 
 298      86F04873 
 298      44CC
 299 091a 5A8BC11A 		.ascii	"Z\213\301\032j\016\013\217\264\030Lk-_\207\306D\330"
 299      6A0E0B8F 
ARM GAS  /tmp/ccjVonuA.s 			page 23


 299      B4184C6B 
 299      2D5F87C6 
 299      44D8
 300 092c 4DF6EFD6 		.ascii	"M\366\357\326Yl~a\234\263\344\320\277\376\257\376\330"
 300      596C7E61 
 300      9CB3E4D0 
 300      BFFEAFFE 
 300      D8
 301 093d BEB3194C 		.ascii	"\276\263\031L6\373Z0\016N\270\200j\017\267ZLvoe\014"
 301      36FB5A30 
 301      0E4EB880 
 301      6A0FB75A 
 301      4C766F65 
 302 0952 A3ED9378 		.ascii	"\243\355\223xs\030\201\210>;\331\354+#\303\355\363\034"
 302      73188188 
 302      3E3BD9EC 
 302      2B23C3ED 
 302      F31C
 303 0964 C59B73B3 		.ascii	"\305\233s\263\331\327\330C\243\355K#\300\272+Q\242\326"
 303      D9D7D843 
 303      A3ED4B23 
 303      C0BA2B51 
 303      A2D6
 304 0976 D1671D3C 		.ascii	"\321g\035<[\354\322\343\012\313$\302\024\021\261\326"
 304      5BECD2E3 
 304      0ACB24C2 
 304      1411B1D6 
 305 0986 140EA406 		.ascii	"\024\016\244\0065\351\272\250h\210\301\232\220UK\002"
 305      35E9BAA8 
 305      6888C19A 
 305      90554B02 
 306 0996 0D5F7CB1 		.ascii	"\015_|\261\314\020\262r\325?\003\014l\004\370\242\015"
 306      CC10B272 
 306      D53F030C 
 306      6C04F8A2 
 306      0D
 307 09a7 0E5E655C 		.ascii	"\016^e\\\302\377\321\250Y\266j\251\021/\0136j>_\026"
 307      C2FFD1A8 
 307      59B66AA9 
 307      112F0B36 
 307      6A3E5F16 
 308 09bb 62C4C1C1 		.ascii	"b\304\301\301Fl\004Yj4\342?\255\011\306\301\253C4\301"
 308      466C0459 
 308      6A34E23F 
 308      AD09C6C1 
 308      AB4334C1 
 309 09cf C1CB8D14 		.ascii	"\301\313\215\024\037H\357\001x\371\012#\277\006F\256"
 309      1F48EF01 
 309      78F90A23 
 309      BF0646AE 
 310 09df 5C6ED4AC 		.ascii	"\\n\324\254Y\005\350`c H\000 \377b\014\374PO\254$}\341"
 310      5905E860 
 310      63204800 
 310      20FF620C 
 310      FC504FAC 
 311 09f6 5670C675 		.ascii	"Vp\306uR1\331\365\342\244l$\020\246P2Ow\223\351\353"
 311      5231D9F5 
ARM GAS  /tmp/ccjVonuA.s 			page 24


 311      E2A46C24 
 311      10A65032 
 311      4F7793E9 
 312 0a0b 9848B3C9 		.ascii	"\230H\263\311\344\367\253\240 \177gI\323\230\303B\243"
 312      E4F7ABA0 
 312      207F6749 
 312      D398C342 
 312      A3
 313 0a1c 3F9A8447 		.ascii	"?\232\204G\255c\350\231R\213e\272\341AR\3677\323u\377"
 313      AD63E899 
 313      528B65BA 
 313      E14152F7 
 313      37D375FF 
 314 0a30 3AE0BF62 		.ascii	":\340\277b\360\034f"
 314      F01C66
 315              		.text
 316              		.section	.gnu.lto_.symtab.872e72d9ecbac8a1,"",%progbits
 317 0000 7374496E 		.ascii	"stInit\000"
 317      697400
 318 0007 00       		.ascii	"\000"
 319 0008 00       		.ascii	"\000"
 320 0009 00       		.ascii	"\000"
 321 000a 00000000 		.ascii	"\000\000\000\000\000\000\000\000"
 321      00000000 
 322 0012 C8000000 		.ascii	"\310\000\000\000"
 323 0016 73745374 		.ascii	"stStartAlarm\000"
 323      61727441 
 323      6C61726D 
 323      00
 324 0023 00       		.ascii	"\000"
 325 0024 00       		.ascii	"\000"
 326 0025 00       		.ascii	"\000"
 327 0026 00000000 		.ascii	"\000\000\000\000\000\000\000\000"
 327      00000000 
 328 002e CC000000 		.ascii	"\314\000\000\000"
 329 0032 73745374 		.ascii	"stStopAlarm\000"
 329      6F70416C 
 329      61726D00 
 330 003e 00       		.ascii	"\000"
 331 003f 00       		.ascii	"\000"
 332 0040 00       		.ascii	"\000"
 333 0041 00000000 		.ascii	"\000\000\000\000\000\000\000\000"
 333      00000000 
 334 0049 CE000000 		.ascii	"\316\000\000\000"
 335 004d 73745365 		.ascii	"stSetAlarm\000"
 335      74416C61 
 335      726D00
 336 0058 00       		.ascii	"\000"
 337 0059 00       		.ascii	"\000"
 338 005a 00       		.ascii	"\000"
 339 005b 00000000 		.ascii	"\000\000\000\000\000\000\000\000"
 339      00000000 
 340 0063 D0000000 		.ascii	"\320\000\000\000"
 341 0067 73744765 		.ascii	"stGetAlarm\000"
 341      74416C61 
 341      726D00
 342 0072 00       		.ascii	"\000"
ARM GAS  /tmp/ccjVonuA.s 			page 25


 343 0073 00       		.ascii	"\000"
 344 0074 00       		.ascii	"\000"
 345 0075 00000000 		.ascii	"\000\000\000\000\000\000\000\000"
 345      00000000 
 346 007d D3000000 		.ascii	"\323\000\000\000"
 347 0081 73745F6C 		.ascii	"st_lld_init\000"
 347      6C645F69 
 347      6E697400 
 348 008d 00       		.ascii	"\000"
 349 008e 02       		.ascii	"\002"
 350 008f 00       		.ascii	"\000"
 351 0090 00000000 		.ascii	"\000\000\000\000\000\000\000\000"
 351      00000000 
 352 0098 D5000000 		.ascii	"\325\000\000\000"
 353              		.text
 354              		.section	.gnu.lto_.opts,"",%progbits
 355 0000 272D666D 		.ascii	"'-fmath-errno' '-fsigned-zeros' '-ftrapping-math' '"
 355      6174682D 
 355      6572726E 
 355      6F272027 
 355      2D667369 
 356 0033 2D666E6F 		.ascii	"-fno-trapv' '-fno-openmp' '-fno-openacc' '-mcpu=cor"
 356      2D747261 
 356      70762720 
 356      272D666E 
 356      6F2D6F70 
 357 0066 7465782D 		.ascii	"tex-m4' '-mno-thumb-interwork' '-mthumb' '-O2' '-fo"
 357      6D342720 
 357      272D6D6E 
 357      6F2D7468 
 357      756D622D 
 358 0099 6D69742D 		.ascii	"mit-frame-pointer' '-falign-functions=16' '-ffuncti"
 358      6672616D 
 358      652D706F 
 358      696E7465 
 358      72272027 
 359 00cc 6F6E2D73 		.ascii	"on-sections' '-fdata-sections' '-fno-common' '-flto"
 359      65637469 
 359      6F6E7327 
 359      20272D66 
 359      64617461 
 360 00ff 2700     		.ascii	"'\000"
 361              		.text
 362              		.comm	__gnu_lto_v1,1,1
 363              		.comm	__gnu_lto_slim,1,1
 364              		.ident	"GCC: (GNU Tools for Arm Embedded Processors 7-2017-q4-major) 7.2.1 20170904 (release) [ARM
ARM GAS  /tmp/ccjVonuA.s 			page 26


DEFINED SYMBOLS
                            *ABS*:0000000000000000 st.c
                            *COM*:0000000000000001 __gnu_lto_v1
                            *COM*:0000000000000001 __gnu_lto_slim

NO UNDEFINED SYMBOLS
