ARM GAS  /tmp/ccY05ZlV.s 			page 1


   1              		.cpu cortex-m4
   2              		.eabi_attribute 20, 1
   3              		.eabi_attribute 21, 1
   4              		.eabi_attribute 23, 3
   5              		.eabi_attribute 24, 1
   6              		.eabi_attribute 25, 1
   7              		.eabi_attribute 26, 1
   8              		.eabi_attribute 30, 2
   9              		.eabi_attribute 34, 1
  10              		.eabi_attribute 18, 4
  11              		.file	"st_lld.c"
  12              		.section	.gnu.lto_.profile.24398f67b5cd779f,"",%progbits
  13 0000 789C6363 		.ascii	"x\234cc```\001bF\006K\031\000\001\006\000a"
  13      60606001 
  13      6246064B 
  13      19000106 
  13      0061
  14              		.text
  15              		.section	.gnu.lto_.icf.24398f67b5cd779f,"",%progbits
  16 0000 789C6363 		.ascii	"x\234cc``\340c@\000&\206\2757\226o\341d<2m\356^.\006"
  16      6060E063 
  16      40002686 
  16      BD37966F 
  16      E1643C32 
  17 0019 002DEC05 		.ascii	"\000-\354\005\317"
  17      CF
  18              		.text
  19              		.section	.gnu.lto_.jmpfuncs.24398f67b5cd779f,"",%progbits
  20 0000 789C6363 		.ascii	"x\234cc``\360d@\000&0\311\310\300\300\3028\205\231\361"
  20      6060F064 
  20      40002630 
  20      C9C8C0C0 
  20      C2388599 
  21 0015 E9C9C96D 		.ascii	"\351\311\311m<\335\314s\230\031\030e\03073\31200\036"
  21      3CDDCC73 
  21      98191865 
  21      183733CA 
  21      30301E
  22 0028 60619401 		.ascii	"`a\224\001b\240\022\240t\327\257\353}\034\020i\016\306"
  22      62A012A0 
  22      74D7AFEB 
  22      7D1C1069 
  22      0EC6
  23 003a 2D50690E 		.ascii	"-Pi\016\2604\003\000!Q\016\252"
  23      B0340300 
  23      21510EAA 
  24              		.text
  25              		.section	.gnu.lto_.inline.24398f67b5cd779f,"",%progbits
  26 0000 789C6363 		.ascii	"x\234cc``\260b@\000&\006\006\036QF\006&\276+\376\014"
  26      6060B062 
  26      40002606 
  26      061E5146 
  26      0626BE2B 
  27 0016 6C0BE499 		.ascii	"l\013\344\231@b\214\\p\202AD\006()\363\340\026#\\\226"
  27      40628C5C 
  27      70824144 
  27      062829F3 
ARM GAS  /tmp/ccY05ZlV.s 			page 2


  27      E016235C 
  28 002b 9907AC8B 		.ascii	"\231\007\254\213\001\000\257\032\005X"
  28      0100AF1A 
  28      0558
  29              		.text
  30              		.section	.gnu.lto_.pureconst.24398f67b5cd779f,"",%progbits
  31 0000 789C6363 		.ascii	"x\234cc```\003b&\206]\214\214R\000\003\261\000\345"
  31      60606003 
  31      6226865D 
  31      8C8C5200 
  31      03B100E5 
  32              		.text
  33              		.section	.gnu.lto_VectorB0.24398f67b5cd779f,"",%progbits
  34 0000 789C7D54 		.ascii	"x\234}T]lSe\030~\237\363\235\376\254\035\310%\211K\354"
  34      5D6C5365 
  34      187E9FF3 
  34      9DFEAC1D 
  34      C825894B 
  35 0015 2E665C42 		.ascii	".f\\Bz\370Y\342\2451\030\023\"\275a\334\223Q\232\224"
  35      7AF859E2 
  35      A5311813 
  35      22BD61DC 
  35      93519A94 
  36 0029 D851D26E 		.ascii	"\330Q\322n\013\273\332\351~\350\026\215\341b\014%\325"
  36      0BBBDAE9 
  36      7EE8168D 
  36      E1620C25 
  36      D5
  37 003a 3592F813 		.ascii	"5\222\370\0233Q\374\355\200y\334\034E\221m\214\241\350"
  37      3351FCED 
  37      8079DC1C 
  37      45916D8C 
  37      A1E8
  38 004c 12832C6C 		.ascii	"\022\203,l2\253\231\2048\205\261\371\276\247\245vm\262"
  38      32AB9984 
  38      3885B1F9 
  38      BEA7A576 
  38      6DB2
  39 005e 2F3DDF39 		.ascii	"/=\3379\347{\336\237\347{\236\257\307IDO:\210\026\371"
  39      E77BDE9F 
  39      E77B9EAF 
  39      C749444F 
  39      3A8816F9 
  40 0072 DEC0171C 		.ascii	"\336\300\027\034\004\355\304\004Q\302\255ij\252\206"
  40      04EDC404 
  40      51C2AD69 
  40      6AAA86
  41 0081 4C8F6EED 		.ascii	"L\217n\355 \263ZA\317/\353\200<\230nP\207\246tt\340"
  41      20B35A41 
  41      CF2FEB80 
  41      3C986E50 
  41      87A67474 
  42 0096 55D5AF30 		.ascii	"U\325\2570\232\234\317h\365\357\232<\254S\303\336\204"
  42      9A9CCF68 
  42      F5EF9A3C 
  42      AC53C3DE 
  42      84
ARM GAS  /tmp/ccY05ZlV.s 			page 3


  43 00a7 D9B335A5 		.ascii	"\331\2635\245\210\006\370\222\201OPO\034v\373\343\325"
  43      8806F892 
  43      814F504F 
  43      1C76FBE3 
  43      D5
  44 00b8 939B9C7A 		.ascii	"\223\233\234z~\035\237\302I\340\207\263\323\016\313"
  44      7E1D9FC2 
  44      49E087B3 
  44      D30ECB
  45 00c7 5C5D4B9A 		.ascii	"\\]K\232\326\3753x\370\222\007\224R\320d\"\352\345H"
  45      D6FD3378 
  45      F8920794 
  45      52D06422 
  45      EAE548
  46 00da 6E685AD4 		.ascii	"nhZ\324\2474y\352\262h\021\243\303ws=^)pZ\201\353\016"
  46      A73479EA 
  46      B26811A3 
  46      C377733D 
  46      5E29705A 
  47 00f1 F48C4EBA 		.ascii	"\364\214N\272^Q)\245A\332L\014-/y\362\257\302H\347\245"
  47      5E5129A5 
  47      41DA4C0C 
  47      2D2F79F2 
  47      AFC248E7 
  48 0106 F49B0B55 		.ascii	"\364\233\013Ui\274\225\340W_J)|\216\032|\206\032\222"
  48      69BC95E0 
  48      575F4A29 
  48      7C8E1A7C 
  48      861A92
  49 0119 F0E4FC95 		.ascii	"\360\344\374\225\251\315\306\220\331\235\020L\307\027"
  49      A9CDC690 
  49      D99D104C 
  49      C717
  50 0127 48E3A4CD 		.ascii	"H\343\244\315\034_\302\340v]+\307\337p\345\273i\371"
  50      1C5FC2E0 
  50      765D2BC7 
  50      DF70E5BB 
  50      69F9
  51 0139 86E36BCB 		.ascii	"\206\343k\313\326\023\322\001\320\220\341:w\320=;\326"
  51      D613D201 
  51      D090E13A 
  51      77D03D3B 
  51      D6
  52 014a 5088E180 		.ascii	"P\210\341\200\263\271\314\277\233\362\001\204ai\304"
  52      B3B9CCBF 
  52      9BF20184 
  52      6169C4
  53 0159 A34F299A 		.ascii	"\243O)\232\252\311\357\340\376o\177\214\333;XO.\375"
  53      AAC9EFE0 
  53      FE6F7F8C 
  53      DB3B584F 
  53      2EFD
  54 016b 8EEC7E63 		.ascii	"\216\354~c~\347\377\347w\001F\351\366unv\221\263\346"
  54      7EE7FFE7 
  54      770146E9 
  54      F6756E76 
  54      91B3E6
ARM GAS  /tmp/ccY05ZlV.s 			page 4


  55 017e 593E5EBF 		.ascii	"Y>^\277\326\375QJ\311\272\003\242\301_WO\317m\226W'"
  55      D6FD514A 
  55      C9BA03A2 
  55      C15F574F 
  55      CF6D9657 
  56 0193 7CFCBA70 		.ascii	"|\374\272p!9\003\265\323V,7\337k\351ugL\263\323\264"
  56      213903B5 
  56      D3562C37 
  56      DF6BE975 
  56      674CB3D3 
  57 01a8 B2C9E72E 		.ascii	"\262\311\347.\215\0377O$\334)\345\202\005\305n\341+"
  57      8D1F374F 
  57      24DC29E5 
  57      8205C56E 
  57      E12B
  58 01ba E63352D8 		.ascii	"\3463R\330\006\276F\235\320\272k^\324\245\234\013>\214"
  58      06BE469D 
  58      D0BA6B5E 
  58      D4A59C0B 
  58      3E8C
  59 01cc 32F63B3A 		.ascii	"2\366;:o\177\360Z\377\334\326\242\323\335\371\003\361"
  59      6F7FF05A 
  59      FFDCD6A2 
  59      D3DDF903 
  59      F1
  60 01dd 8BD761BB 		.ascii	"\213\327a\273=\240@e\330\332\373\015\017\370\024\214"
  60      3DA04065 
  60      D8DAFB0D 
  60      0FF8148C 
  61 01ed 09A89583 		.ascii	"\011\250\225\203\017\207\266\207\011\337\010\246\312"
  61      0F87B687 
  61      09DF08A6 
  61      CA
  62 01fa B1B105BF 		.ascii	"\261\261\005\277\2130.\230^\216=\210\012E\302%A\035"
  62      8B302E98 
  62      5E8E3D88 
  62      0A45C225 
  62      411D
  63 020c A5070F59 		.ascii	"\245\007\017Y8qY\316\035O,\026M\212\233o\017\236\373"
  63      387159CE 
  63      1D4F2C16 
  63      4D8A9B6F 
  63      0F9EFB
  64 021f C7537B0B 		.ascii	"\307S{\013\203\346\353,\260[\022\206\346\316\233n]\343"
  64      83E6EB2C 
  64      B05B1286 
  64      E6CE9B6E 
  64      5DE3
  65 0231 CD7E8B5A 		.ascii	"\315~\213Z\333\205\245\334\314\254\306+\370\016\272"
  65      DB85A5DC 
  65      CCACC62B 
  65      F80EBA
  66 0240 BD5DC215 		.ascii	"\275]\302\025[\326\367F\306\356T\327\316\025\262\253"
  66      5BD6F746 
  66      C6EE54D7 
  66      CE15B2AB 
  67 0250 24F6DE87 		.ascii	"$\366\336\207\347nx\355\354\357%\033W\241\263'\235>"
ARM GAS  /tmp/ccY05ZlV.s 			page 5


  67      E76E78ED 
  67      ECEF251B 
  67      57A1B327 
  67      9D3E
  68 0262 5B3AA21C 		.ascii	"[:\242\034\272n=\352\377\373`\271NKE\235\234\353HO0"
  68      BA6E3DEA 
  68      FFFB60B9 
  68      4E4B459D 
  68      9CEB484F 
  69 0277 D749212D 		.ascii	"\327I!-\023\003\231Ln\326\325\361\310d\203<\003,\377"
  69      1303994C 
  69      6ED6D5F1 
  69      C864833C 
  69      032CFF
  70 028a 846053E8 		.ascii	"\204`S\350\340\223\343}\354\375:G\263Og7v\364\232\355"
  70      E093E37D 
  70      ECFD3A47 
  70      B34F6737 
  70      76F49AED 
  71 029e 68F11CB9 		.ascii	"h\361\034\271X\232\351\215\034\275Wd\352\256t\324\267"
  71      589AE98D 
  71      1CBD5764 
  71      EAAE74D4 
  71      B7
  72 02af C274AE0B 		.ascii	"\302t\256\013XU\351\3503/\023f\004\363T8\232\335\305"
  72      5855E9E8 
  72      332F1366 
  72      04F35438 
  72      9ADDC5
  73 02c2 8EDE10CC 		.ascii	"\216\336\020\314[\216-\266\013E\302\017\225\216\376"
  73      5B8E2DB6 
  73      0B45C20F 
  73      958EFE
  74 02d1 C8E2DC14 		.ascii	"\310\342\334\024\001n\2268\272:\370\353\210\367\261"
  74      016E9638 
  74      BA3AF8EB 
  74      88F7B1
  75 02e0 59D3B659 		.ascii	"Y\323\266Y?\331f\225;\363s\321\031\251o\377G\365\302"
  75      3FD96695 
  75      3BF373D1 
  75      19A96FFF 
  75      47F5C2
  76 02f3 67465CEA 		.ascii	"gF\\\352[q\330\237\251\012\321\2539w\266\240\370\237"
  76      5B71D89F 
  76      A90AD1AB 
  76      3977B6A0 
  76      F89F
  77 0305 E84C2F9F 		.ascii	"\350L/\237\202\035(\243\227\2179\227\340&\206\337_\370"
  77      821D28A3 
  77      978F3997 
  77      E02686DF 
  77      5FF8
  78 0317 45E346B8 		.ascii	"E\343F\270)b\034\215\306Z\342F\343\376\300\256\235\306"
  78      29621C8D 
  78      C65AE246 
  78      E3FEC0AE 
  78      9DC6
ARM GAS  /tmp/ccY05ZlV.s 			page 6


  79 0329 DEBD2F18 		.ascii	"\336\275/\030\373\367\004\332v\030\361\226\003\221\310"
  79      FBF704DA 
  79      7618F196 
  79      0391C8
  80 0338 217F901C 		.ascii	"!\177\220\034mM\221\326P}iV\254\245\220\364\374\276"
  80      6D4D91D6 
  80      507D6956 
  80      ACA590F4 
  80      FCBE
  81 034a C0EEC031 		.ascii	"\300\356\3001#\030\016Fc\241\003m\3176\373\303\264\255"
  81      23180E46 
  81      63A1036D 
  81      CF36FBC3 
  81      B4AD
  82 035c 343274AC 		.ascii	"42t\254\305\330\035h\334\323h\034>\022\214\264\036\012"
  82      C5D81D68 
  82      DCD3681C 
  82      3E128CB4 
  82      1E0A
  83 036e 197664B0 		.ascii	"\031vd\260\371\305\326#A\016~\252\234L4\316\023\327"
  83      F9C5D623 
  83      410E7EAA 
  83      9C4C34CE 
  83      13D7
  84 0380 977B39CE 		.ascii	"\227{9\316\313\305*\341x{\234\361-\201\306}\276\203"
  84      CBC52AE1 
  84      787B9CF1 
  84      2D81C67D 
  84      BE83
  85 0392 4DF1D0D1 		.ascii	"M\361\320\321\330\341m\276\272\355\244\305\310\325\034"
  85      D8E16DBE 
  85      BAEDA4C5 
  85      C8D51C
  86 03a1 6A8EC6DA 		.ascii	"j\216\306\332\351?h\246\367l"
  86      E93F68A6 
  86      F76C
  87              		.text
  88              		.section	.gnu.lto_st_lld_init.24398f67b5cd779f,"",%progbits
  89 0000 789C9D94 		.ascii	"x\234\235\224\313O\023A\034\307\347\273\263m\227\207"
  89      CB4F1341 
  89      1CC7E7BB 
  89      B36D9787 
  90 0010 35DE4CEC 		.ascii	"5\336L\354\301\213\007<\260\251\376\013^L \036\344j"
  90      C18B073C 
  90      B0A9FE0B 
  90      5E4C201E 
  90      E46A
  91 0022 8CD1440F 		.ascii	"\214\321D\017$\030!\236\214]^-\0021D\005\023-\330D\023"
  91      2418219E 
  91      8C5D5E2D 
  91      02314405 
  91      132DD844 
  92 0037 8309561E 		.ascii	"\203\011V\036\012- K\255\"\"\017\021yz2\021Q\320x \321"
  92      0A2D204B 
  92      AD22220F 
  92      11797A32 
  92      1151D078 
ARM GAS  /tmp/ccY05ZlV.s 			page 7


  93 004d 68047FBF 		.ascii	"h\004\177\277\331\322\022=\321Iw:\257\375|\346\267\363"
  93      D9D2123D 
  93      D149773A 
  93      AFFD7CE6 
  93      B7F3
  94 005f 700B212E 		.ascii	"p\013!.\271\204\360\323\377>z \005\264\246\011!*\015"
  94      B984F0D3 
  94      FF3E7A20 
  94      05B4A609 
  94      212A0D
  95 0072 0DE08265 		.ascii	"\015\340\202e@\0044\004\320(oH$B\3131\255\340\276E\311"
  95      40043404 
  95      D0286F48 
  95      2442CB31 
  95      ADE0BE45 
  96 0087 BED9E50D 		.ascii	"\276\331\345\015Z\265{\303R\210\026z8\241\033\005\202"
  96      5AB57BC3 
  96      5288167A 
  96      38A11B05 
  96      82
  97 0098 867DE8DC 		.ascii	"\206}\350\334h\336\345\326\235v\364\300-@\205\350\264"
  97      68DEE5D6 
  97      9D76F4C0 
  97      2D4085E8 
  97      B4
  98 00a9 CBB63636 		.ascii	"\313\26666C\226\235\274\213\301c{ \302\022\032g\222"
  98      43969DBC 
  98      8BC1637B 
  98      20C2121A 
  98      6792
  99 00bb 339D3321 		.ascii	"3\2353!\352\350\035\022[\266\270\"5.U\333\342\013\022"
  99      EAE81D12 
  99      5BB6B822 
  99      352E55DB 
  99      E20B12
 100 00ce F1CF77CE 		.ascii	"\361\317w\3162\351\226\004\011Zj\023\223\236\006\031"
 100      32E99604 
 100      095A6A13 
 100      939E0619 
 101 00de 961AD8B7 		.ascii	"\226\032\330\267\024\035_5\234\252\025\251\263tj\272"
 101      141D5F35 
 101      9CAA15A9 
 101      B3746ABA 
 102 00ee 17EDBC8D 		.ascii	"\027\355\274\215\010\332*i\252\373\303R\342\011|x\014"
 102      08DA2A69 
 102      AAFBC352 
 102      E2097C78 
 102      0C
 103 00ff 9FE0F1D7 		.ascii	"\237\340\361\327\272gN\230\035V\015\302RG/\015kV\001"
 103      BA674E98 
 103      1D560DC2 
 103      52472F0D 
 103      6B5601
 104 0112 A00F26B9 		.ascii	"\240\017&\271\252\177\006\341\2504\307\326\223\034\011"
 104      AA7F06E1 
 104      A834C7D6 
 104      931C09
ARM GAS  /tmp/ccY05ZlV.s 			page 8


 105 0121 2A3C28C5 		.ascii	"*<(\305\210A\363\231\251Wcvd\212gL\3750\011\257\002"
 105      8841F399 
 105      A9576376 
 105      648A674C 
 105      FD3009AF 
 106 0136 6B7FE071 		.ascii	"k\177\340qlr{`.\025X}\365p\227\341T-\273\311\362R\323"
 106      6C727B60 
 106      2E15587D 
 106      F57097E1 
 106      542DBBC9 
 107 014d C2D79ACE 		.ascii	"\302\327\232\316\274\214\316\215A\322\015\244t\361\265"
 107      BC8CCE8D 
 107      41D20DA4 
 107      74F1B5
 108 015c F65E77DA 		.ascii	"\366^w\332\367T\371\370\323c\350\237\310t\322\375\037"
 108      F754F9F8 
 108      D363E89F 
 108      C874D2FD 
 108      1F
 109 016d CA0ED876 		.ascii	"\312\016\330v\206=\314\261\350LZ_\351\010yS\254t$\036"
 109      863DCCB1 
 109      E84C5A5F 
 109      E9087953 
 109      AC74241E 
 110 0181 15C944C7 		.ascii	"\025\311D\307\217\357\271N\225w\017/Q\244\365SNJ\026"
 110      8FEFB94E 
 110      95770F2F 
 110      51A4F553 
 110      4E4A16
 111 0194 B94C8B6F 		.ascii	"\271L\213o\340\031\351\022)]hyl\312\313\272J\236\212"
 111      E019E912 
 111      295D6879 
 111      6CCACBBA 
 111      4A9E8A
 112 01a7 8EA4126A 		.ascii	"\216\244\022j,|\016\223\006$\033\026\337\203\211:\206"
 112      2C7C0E93 
 112      06241B16 
 112      DF83893A 
 112      86
 113 01b8 0EE08513 		.ascii	"\016\340\205\023\313\372\312\303\364\014v\306\037Q|"
 113      CBFACAC3 
 113      F40C76C6 
 113      1F517C
 114 01c7 B5615F2A 		.ascii	"\265a_*\376\352\300\243y\227\303\337\244\264\033\243"
 114      FEEAC0A3 
 114      7997C3DF 
 114      A4B41BA3 
 115 01d7 5B8A6896 		.ascii	"[\212h\226\212WJ\241\263bL)\322\337H\207\300\353-|_"
 115      8A574AA1 
 115      B3624C29 
 115      D2DF4887 
 115      C0EB2D7C 
 116 01ec 56F81C8C 		.ascii	"V\370\034\214+<\235f\356\264\033\253\332=\376(wF\272"
 116      2B3C9D66 
 116      EEB41BAB 
 116      DA3DFE28 
 116      7746BA
ARM GAS  /tmp/ccY05ZlV.s 			page 9


 117 01ff D48A4DC0 		.ascii	"\324\212M\300\304A\237\332}\223\360gt\261,\243\231R"
 117      C4419FDA 
 117      7D93F067 
 117      74B12CA3 
 117      9952
 118 0211 3A37F3DE 		.ascii	":7\363\336\020:\315\213g\311\233V<\017\363\336n\347"
 118      103ACD8B 
 118      67C99B56 
 118      3C0FF3DE 
 118      6EE7
 119 0223 F567C99B 		.ascii	"\365g\311\233Q<\203y\357\210\027\333\342\015d\311\233"
 119      513C8379 
 119      EF8817DB 
 119      E20D64C9 
 119      9B
 120 0234 55BC1CE6 		.ascii	"U\274\034\346\315\245xk\250\215l\266Ju\303\321\033\261"
 120      CDA5786B 
 120      A88D6CB6 
 120      4A75C3D1 
 120      1BB1
 121 0246 D8DA9227 		.ascii	"\330\332\222'\360\3072\3022\267\205\317\006\346\021"
 121      F0C732C2 
 121      32B785CF 
 121      06E611
 122 0255 E08E8FA3 		.ascii	"\340\216\217\243\327\203\371\274\316y\304_\200\217O"
 122      D783F9BC 
 122      CE79C45F 
 122      808F4F
 123 0264 F6AFB9AB 		.ascii	"\366\257\271\253\206\323d`\021\276\260\314\027\337P"
 123      86D36460 
 123      11BEB0CC 
 123      17DF50
 124 0273 15F9DDA6 		.ascii	"\025\371\335\246\016\243\272N\353\210A\027 \355y\263"
 124      0EA3BA4E 
 124      EB884117 
 124      20ED79B3 
 125 0283 B030F52B 		.ascii	"\2600\365++7\317\235*5\317\227]\250(7\217\227\024\037"
 125      2B37CF9D 
 125      2A35CF97 
 125      5DA82837 
 125      8F97141F 
 126 0297 3E641615 		.ascii	">d\026\025\0351K\216\026_\364\233\345\025'KK\317\024"
 126      1D314B8E 
 126      165FF49B 
 126      E515274B 
 126      4BCF14
 127 02aa 9E167F01 		.ascii	"\236\026\177\001\227\356\3246"
 127      97EED436 
 128              		.text
 129              		.section	.gnu.lto_.symbol_nodes.24398f67b5cd779f,"",%progbits
 130 0000 789C55C8 		.ascii	"x\234U\310\301\011\2000\020D\321\237I\264\015[\321\222"
 130      C1098030 
 130      1044D19F 
 130      49B40D5B 
 130      D192
 131 0012 AC607388 		.ascii	"\254`s\210\211G\353\261\010\253\360(\330\202\213'e\030"
 131      8947EBB1 
ARM GAS  /tmp/ccY05ZlV.s 			page 10


 131      08ABF028 
 131      D8828B27 
 131      6518
 132 0024 3EBC1E98 		.ascii	">\274\036\230\375\250\310`;\300\263\347\311e\221\205"
 132      FDA8C860 
 132      3BC0B3E7 
 132      C9659185 
 133 0034 9F842AD3 		.ascii	"\237\204*\323+\220\363\350\320d\361\007\253,}!\372J"
 133      2B90F3E8 
 133      D064F107 
 133      AB2C7D21 
 133      FA4A
 134 0046 BDBB8828 		.ascii	"\275\273\210(\355\032bH\234^\036\365g\032\323"
 134      ED1A6248 
 134      9C5E1EF5 
 134      671AD3
 135              		.text
 136              		.section	.gnu.lto_.refs.24398f67b5cd779f,"",%progbits
 137 0000 789C6363 		.ascii	"x\234cc```\004b\006\000\000D\000\010"
 137      60606004 
 137      62060000 
 137      440008
 138              		.text
 139              		.section	.gnu.lto_.decls.24398f67b5cd779f,"",%progbits
 140 0000 789CBD58 		.ascii	"x\234\275XiPTW\026\356\373n\323@\263h\201\225\261\246"
 140      69505457 
 140      16EEFB6E 
 140      D340B368 
 140      8195B1A6 
 141 0014 AC8A6559 		.ascii	"\254\212eY#\251\031h@kb\315\217\251h\203JMH\254\206"
 141      23A91968 
 141      406B62CD 
 141      8FA96883 
 141      4A4D48AC 
 142 0029 4C25F9D3 		.ascii	"L%\371\323\351\264m`\322\213a\311\304J\315\344)\270"
 142      E9B46D60 
 142      D28B61C9 
 142      C44ACDE4 
 142      29B8
 143 003b 811BEE6B 		.ascii	"\201\033\356k\002.\340\206\202\212\204EYZ\021Y\"6\212"
 143      022EE086 
 143      828A8445 
 143      595A1159 
 143      22368A
 144 004e 02B20888 		.ascii	"\002\262\010\210\306\015\304\005\024\2259\367\336\327"
 144      C60DC405 
 144      149539F7 
 144      DED7
 145 005c BCD78F26 		.ascii	"\274\327\217&\223\251\232\231W\234~\357\334\367\335"
 145      93A99A99 
 145      579C7EEF 
 145      DCF7DD
 146 006b EF9E7BCE 		.ascii	"\357\236{\316\271\367\236\207J\241P\334\373\215B\261"
 146      B9F79E87 
 146      4AA150DC 
 146      FB8D42B1 
 147 007b 49A9502C 		.ascii	"I\251P,@\012\305\010\\\030\332*@@U\234U\260\313\003"
ARM GAS  /tmp/ccY05ZlV.s 			page 11


 147      400AC508 
 147      5C18DA2A 
 147      4040559C 
 147      55B0CB03 
 148 008f E402C845 		.ascii	"\344\002\310E\220K \265 \015\212\261W:t\362\205\373"
 148      904B20B5 
 148      200D8AB1 
 148      573A74F2 
 148      85FB
 149 00a1 67203340 		.ascii	"g 3@&\201\036\010\322\004\317\001D\0278\177\013mo\203"
 149      26811E08 
 149      D204CF01 
 149      4417387F 
 149      0B6D6F83 
 150 00b5 4C05392F 		.ascii	"L\0059/\214E~\374\204q\246\301\363t\220\337\201\004"
 150      8C457EFC 
 150      8471A6C1 
 150      F37490DF 
 150      8104
 151 00c7 81848084 		.ascii	"\201\204\200\204\"6n8\334g\201\374\021d6b\366\310\257"
 151      22366E38 
 151      DC6781FC 
 151      11643662 
 151      F6C8AF
 152 00da 0D0297D3 		.ascii	"\015\002\227\323\216OA\377X\260\343\013\270\233\220"
 152      8E4F41FF 
 152      58B0E30B 
 152      B89B90
 153 00e9 685B0FB4 		.ascii	"h[\017\264\305!f\327e\020\265\202\371\302\0002\021d"
 153      C52166D7 
 153      6510B582 
 153      F9C20032 
 153      1164
 154 00fb 18F45720 		.ascii	"\030\364W o@F@0\264\371\203\250@8\301'\356|\261\005"
 154      6F404640 
 154      30B4F983 
 154      A84038C1 
 154      27EE7CB1 
 155 0110 A3B6EAC3 		.ascii	"\243\266\352\303Gq:F3\324\210xv\0024\235xP\364\302\217"
 155      47713A46 
 155      33D48878 
 155      7602349D 
 155      7850F4C2 
 156 0125 35114479 		.ascii	"5\021Dy}\333\033\025\346\350sn\313\355\034\024r\214"
 156      7DDB1B15 
 156      E6E8736E 
 156      CBED1C14 
 156      728C
 157 0137 679757BC 		.ascii	"g\227W\274\002\025 \354\244rl\0308\340\211\377D\201"
 157      021520EC 
 157      A4726C18 
 157      38E089FF 
 157      4481
 158 0149 5752F3F6 		.ascii	"WR\363\366\020\332\0005R\202\372\270~W\267?\250\223"
 158      10DA0035 
 158      5282FAB8 
 158      7E57B73F 
ARM GAS  /tmp/ccY05ZlV.s 			page 12


 158      A893
 159 015b D468EA16 		.ascii	"\324h\352\026\314u4\017\337\364G\352\240\325<\277\234"
 159      CC75340F 
 159      DFF447EA 
 159      A0D53CBF 
 159      9C
 160 016c CF4CE1BD 		.ascii	"\317L\341\275\027(P\021\232\202~DS\024\250\004\005\221"
 160      17285011 
 160      9A827E44 
 160      5314A804 
 160      0591
 161 017e A1CFA010 		.ascii	"\241\317\240\020\005:\015\215\247\2401\233\014W\336"
 161      053A0D8D 
 161      A7A0319B 
 161      0C57DE
 162 018d B7E3CF3B 		.ascii	"\267\343\317;\007x~**FjT\2100\305@Pf\250\231\001\207"
 162      07787E2A 
 162      2A466A54 
 162      8830C540 
 162      5066A899 
 163 01a3 0F64EC53 		.ascii	"\017d\354S\341zD,\340Jv\337\276\300\2157\306\271q\307"
 163      E17A442C 
 163      E04A76DF 
 163      BEC08D37 
 163      C6B971C7 
 164 01b7 182C9E56 		.ascii	"\030,\236V\265\202\3479t\026\306(\025\307\200!\311\015"
 164      B582E739 
 164      7416C628 
 164      15C78021 
 164      C90D
 165 01c9 5A61A0E2 		.ascii	"Za\240\342\212\263e>\035\250\015\201s\321D:\177\304"
 165      8AB3653E 
 165      1DA80D81 
 165      73D1443A 
 165      7FC4
 166 01db F2032EF2 		.ascii	"\362\003.\362\303\364\021\347\205X;\264r\354&@\211\342"
 166      C3F411E7 
 166      85583BB4 
 166      72EC2640 
 166      89E2
 167 01ed EC82465B 		.ascii	"\354\202F[8\201\203s\362\322?\201\000IY\331{6\234\363"
 167      38818373 
 167      F2D23F81 
 167      004959D9 
 167      7B369CF3 
 168 0201 6259CA1E 		.ascii	"bY\312\036$\375X\023'\016&\3512\306V\305\350\353Q\243"
 168      24FD5813 
 168      270E26E9 
 168      32C656C5 
 168      E8EB51A3 
 169 0215 C4492221 		.ascii	"\304I\"!\334\327\036\254=\356\333\211\332\341\355'\012"
 169      DCD71EAC 
 169      3DEEDB89 
 169      DAE1ED27 
 169      0A
 170 0226 C5462F0B 		.ascii	"\305F/\013\015\374\303\276\0079\376\330\301\322\345"
 170      0DFCC3BE 
ARM GAS  /tmp/ccY05ZlV.s 			page 13


 170      0739FED8 
 170      C1D2E5
 171 0235 C2C860F9 		.ascii	"\302\310`\371\004\226\005\034I\220\376\272\275>,\013"
 171      0496051C 
 171      4990FEBA 
 171      BD3E2C0B 
 172 0245 26827A6C 		.ascii	"&\202zl\355\310\026\217\311\333\210\3337\246\360\023"
 172      EDC8168F 
 172      C9DB88DB 
 172      37A6F013 
 173 0255 39F4D95B 		.ascii	"9\364\331[\310\016\301\250\204`(\320y4\031~\255J6\330"
 173      C80EC1A8 
 173      846028D0 
 173      7934197E 
 173      AD4A36D8 
 174 0269 AABE1719 		.ascii	"\252\276\027\031\252i\231|f'_\336\321:+\267r%\337\000"
 174      AA69997C 
 174      66275FDE 
 174      D13A2BB7 
 174      7225DF00 
 175 027d FDDEA338 		.ascii	"\375\336\2438T!\306\251\202\344#*G\235\010\225\241\016"
 175      5421C6A9 
 175      82E4232A 
 175      479D0895 
 175      A10E
 176 028f B0ED029A 		.ascii	"\260\355\002\232F\022pm_\346\004\222\220\204\254\261"
 176      4612706D 
 176      5FE60492 
 176      9084ACB1 
 177 029f E6DA9087 		.ascii	"\346\332\220\207@\366S\221\357.\276|9OBN\250\252D\252"
 177      40F65391 
 177      EF2EBE7C 
 177      394F424E 
 177      A8AA44AA 
 178 02b3 2A39D545 		.ascii	"*9\325EJ\325\321\377\344\242\017\336\316\250\034\245"
 178      4AD5D1FF 
 178      E4A20FDE 
 178      CEA81CA5 
 179 02c3 95DD7E40 		.ascii	"\225\335~@\325\011\251s\375\341\354\233yw\371\325jf"
 179      D509A973 
 179      FDE1EC9B 
 179      7977F9D5 
 179      6A66
 180 02d5 54B5C854 		.ascii	"T\265\310T-,\022t\2112\254)\264\257\303\370*c\250)x"
 180      2D2C1274 
 180      8932AC29 
 180      B4AFC3F8 
 180      2A63A829 
 181 02ea 52870486 		.ascii	"R\207\004\206\341WSkO\363\251\036\264\177\215\330\277"
 181      E157536B 
 181      4FF3A91E 
 181      B47F8DD8 
 181      BF
 182 02fb C6D9BF96 		.ascii	"\306\331\277\226\366\337}\265k?\207W)i\377\213\207\012"
 182      F6DF7DB5 
 182      6B3F8757 
 182      2969FF8B 
ARM GAS  /tmp/ccY05ZlV.s 			page 14


 182      870A
 183 030d 2A909263 		.ascii	"*\220\222c\271I\374\005m\265\2039e\312\321\266zD\033"
 183      B949FC05 
 183      6DB58339 
 183      65CAD1B6 
 183      7A441B
 184 0320 1F9F6BDF 		.ascii	"\037\237k\337\306\215\353\356\313\324\335?!\301\337"
 184      C68DEBEE 
 184      CBD4DD3F 
 184      21C1DF
 185 032f 074EEE39 		.ascii	"\007N\3569\352+XeO\307\337\333W\226/\244 T'\232U\347"
 185      EA2B5865 
 185      4FC7DFDB 
 185      57962FA4 
 185      2054279A 
 186 0345 34AB819A 		.ascii	"4\253\201\232Uxkk\2317\213\366\015\302\261\253\344i"
 186      55786B6B 
 186      99378BF6 
 186      0DC2B1AB 
 186      E469
 187 0357 8D07D3BD 		.ascii	"\215\007\323\275\310\353GG\013\375X\364\313i\024z\263"
 187      C8EB4747 
 187      0BFD58F4 
 187      CB69147A 
 187      B3
 188 0368 527DD9EB 		.ascii	"R}\331\353\006\242\333\233.\366+\361y6\253\035\216\374"
 188      06A2DB9B 
 188      2EF62BF1 
 188      7936AB1D 
 188      8EFC
 189 037a 48352CDD 		.ascii	"H5,\335\224_\265t\241C]\335p\275\007\256a\275\323/\024"
 189      945FB574 
 189      A1435DDD 
 189      70BD07AE 
 189      61BDD32F 
 190 038f 5409BB4F 		.ascii	"T\011\273O5\321\267\024\333K|p={\331\235\326eWa\007"
 190      35D1B714 
 190      DB4B7C70 
 190      3D7BD99D 
 190      D6655761 
 191 03a4 539C4605 		.ascii	"S\234F\005\010F\375\320\372\014\234\335\304^\226\024"
 191      0846FDD0 
 191      FA0C9CDD 
 191      C45E9614 
 192 03b4 96560913 		.ascii	"\226V\011\023\010\225\244o\000K\3373\275\227\252\324"
 192      0895A46F 
 192      004BDF33 
 192      BD97AAD4 
 193 03c4 6C3E3C02 		.ascii	"l><\002\375\254\343\346{\270\225\365\254\034\310\313"
 193      FDACE3E6 
 193      7BB895F5 
 193      AC1CC8CB 
 194 03d4 11E68641 		.ascii	"\021\346\206A\355\334h\037\231@\246\303\263\351\220"
 194      EDDC681F 
 194      9940A6C3 
 194      B3E990
 195 03e3 76E78414 		.ascii	"v\347\204\024\250\213l-H3\005\335bSy\2661o^\300F\032"
ARM GAS  /tmp/ccY05ZlV.s 			page 15


 195      A88B6C2D 
 195      483305DD 
 195      625379B6 
 195      316F5EC0 
 196 03f9 27C87025 		.ascii	"'\310p%\215a\007\240\333)\272\033\0058\373\020\360\262"
 196      8D6107A0 
 196      DB29BA1B 
 196      0538FB10 
 196      F0B2
 197 040b 5B07DBFD 		.ascii	"[\007\333\375\245\350\246_B\037\337\177p\273\032w0#"
 197      A5E8A65F 
 197      421FDF7F 
 197      70BB1A77 
 197      3023
 198 041d 773F69FB 		.ascii	"w?i\373Y\210W\020\250\331\317KR\274p7{\267\371\334\336"
 198      59885710 
 198      A8D9CF4B 
 198      52BC7037 
 198      7BB7F9DC 
 199 0432 7A4F7C87 		.ascii	"zO|\207)\316\335;\200\356\336h\371\365\271\370>{S\226"
 199      29CEDD3B 
 199      80EEDE68 
 199      F9F5B9F8 
 199      3E7B5396 
 200 0446 B1A90DE1 		.ascii	"\261\251\015\341>\246<J\275\335)\370g2\250[k\357\317"
 200      3EA63C4A 
 200      BDDD29F8 
 200      6732A85B 
 200      6BEFCF
 201 0459 C04FD9AB 		.ascii	"\300O\331\2537\325\366\031\370%{\256:s(\007a\336\203"
 201      37D5F619 
 201      F8257BAE 
 201      3A732807 
 201      61DE83
 202 046c 2A03BBAA 		.ascii	"*\003\273\252\356\253q*S2\035{~\364\302\253\230\222"
 202      EEAB712A 
 202      53321D7B 
 202      7EF4C2AB 
 202      9892
 203 047e 3DB42DDB 		.ascii	"=\264-\333\027\257e\312\325\242k\253}p\006SV\347\347"
 203      17AF65CA 
 203      D5A26BAB 
 203      7D700653 
 203      56E7E7
 204 0491 EFF0C15B 		.ascii	"\357\360\301[\231\262\274\2449C\330b:\211\336s\260'"
 204      99B2BCA4 
 204      3943D862 
 204      3A89DE73 
 204      B027
 205 04a3 D35B888A 		.ascii	"\323[\210\212\012\3644G\335 \302;\0318\243\177`\263"
 205      0AF43447 
 205      DD20C23B 
 205      1938A37F 
 205      60B3
 206 04b5 6ADC380C 		.ascii	"j\3348\0149\343\020J\303PX\260\277\317K\036\207F@;("
 206      39E3104A 
 206      C35058B0 
ARM GAS  /tmp/ccY05ZlV.s 			page 16


 206      BFCF4B1E 
 206      8746403B 
 207 04ca FA05F5EC 		.ascii	"\372\005\365\354\220\323\263\347\317\237}\215\344q\030"
 207      90D3B3E7 
 207      CF9F7D8D 
 207      E47118
 208 04d9 0FFD56F9 		.ascii	"\017\375V\371\252\314\025>h:\273\002\247;\257 \362\263"
 208      AACC153E 
 208      683ABB02 
 208      A73BAF20 
 208      F2B3
 209 04eb 8F4F4D81 		.ascii	"\217OM\201s\350(n\311]\277\216\317\254D\224\352\016"
 209      73E8286E 
 209      C95DBF8E 
 209      CFAC4494 
 209      EA0E
 210 04fd 2CBBE55C 		.ascii	",\273\345\\\240\270\016z)o\021\371U\260.\367\314\260"
 210      A0B80E7A 
 210      296F11F9 
 210      55B02EF7 
 210      CCB0
 211 050f 93A5620A 		.ascii	"\223\245b\012\177$\207?\240\3600\021]#A\017\310\321"
 211      7F24873F 
 211      A0F03011 
 211      5D23410F 
 211      C8D1
 212 0521 0E17F432 		.ascii	"\016\027\3642\276\274\313\262\214\242{P\000\354\207"
 212      BEBCCBB2 
 212      8CA27B50 
 212      00EC87
 213 0530 0CEDCC32 		.ascii	"\014\355\31428\007\345\2468$\344\217\335\223K\341-\022"
 213      3807E5A6 
 213      3824E48F 
 213      DD934BE1 
 213      2D12
 214 0542 78BF1CDE 		.ascii	"x\277\034\336.\267\374\245ED7\313\3217$\344\031B4x\330"
 214      2EB7FCA5 
 214      454437CB 
 214      D13724E4 
 214      19423478 
 215 0557 D5D07340 		.ascii	"\325\320s@<\243/\011\036\266\017\264\226\013B+\271\351"
 215      3CA32F09 
 215      1EB60FB4 
 215      960B422B 
 215      B9E9
 216 0569 2805E435 		.ascii	"(\005\3445\232\216F@xx^\017\362\012\236S\341\276\032"
 216      9A8E4640 
 216      78785E0F 
 216      F20A9E53 
 216      E1BE1A
 217 057c 6415C846 		.ascii	"d\025\310F\220ah\333\000\3677pO\203\373\012\220e \353"
 217      906168DB 
 217      00F73770 
 217      4F83FB0A 
 217      906520EB 
 218 0590 40D680A4 		.ascii	"@\326\200\244s\323\351v\310\254\254\224\314\351\211"
 218      73D3E976 
ARM GAS  /tmp/ccY05ZlV.s 			page 17


 218      C8ACAC94 
 218      CCE989
 219 059f DC4A8DDC 		.ascii	"\334J\215\334\003\003\022\364C\367\261s\201K\\\320\342"
 219      030312F4 
 219      43F7B173 
 219      814B5CD0 
 219      E2
 220 05b0 DE055287 		.ascii	"\336\005R\207})\242\237\2725E\002\256\224P\337\223\203"
 220      7D29A29F 
 220      BA354502 
 220      AE9450DF 
 220      9383
 221 05c2 7F1E63C9 		.ascii	"\177\036c\311K\211\341\367\335\303\245Ig\025\321\327"
 221      4B89E1F7 
 221      DDC3A549 
 221      6715D1D7 
 222 05d2 E4E8AB63 		.ascii	"\344\350\253c3Zb\313M9\274\325\025\016\371\351\260\262"
 222      335A62CB 
 222      4D39BCD5 
 222      150EF9E9 
 222      B0B2
 223 05e4 247D0949 		.ascii	"$}\011I:(\300\235K\020]\021ma\225\336\363\373\001\313"
 223      3A28C09D 
 223      4B105D11 
 223      6D6195DE 
 223      F3FB01CB 
 224 05f8 2035084A 		.ascii	" 5\010J!\234hb\364\252\036\005\354O\341\253C\351\320"
 224      219C6862 
 224      F4AA1E05 
 224      EC4FE1AB 
 224      43E9D0
 225 060b D7DD5B2A 		.ascii	"\327\335[*\231W\227\304\013}\356\023\330%\337%\363\272"
 225      995797C4 
 225      0B7DEE13 
 225      D825DF25 
 225      F3BA
 226 061d 2D87B78D 		.ascii	"-\207\267\215q\232\004}\327\3756@\321\244\232\257k:"
 226      719A047D 
 226      D7FD3640 
 226      D1A49AAF 
 226      6B3A
 227 062f E48FAFD0 		.ascii	"\344\217\257\320\335\216+X\335|l\002\012\012d\323m\177"
 227      DD8E2B58 
 227      DD7C6C02 
 227      0A0A64D3 
 227      6D7F
 228 0641 A4828A1D 		.ascii	"\244\202\212\035m\206\316\031\334\350\021N&?\316BA\233"
 228      6D86CE19 
 228      DCE8114E 
 228      263FCE42 
 228      419B
 229 0653 607DFCAF 		.ascii	"`}\374\257\327\012)\246\313\262\012\225\276i\243e:5"
 229      D70A29A6 
 229      CBB20A95 
 229      BE69A365 
 229      3A35
 230 0665 51DC95B7 		.ascii	"Q\334\225\267p\276\264\306\200;):\207\316\276\364\305"
ARM GAS  /tmp/ccY05ZlV.s 			page 18


 230      70BEB4C6 
 230      803B293A 
 230      87CEBEF4 
 230      C5
 231 0676 6D7482CA 		.ascii	"mt\202\312c)G\372\225(h\012\0020Rg;\277J\024h'\247F"
 231      632947FA 
 231      9528680A 
 231      02305267 
 231      3BBF4A14 
 232 068e 5B39ECFC 		.ascii	"[9\354\374\314\331\305\303\226\337\377\035i\206g/z\247"
 232      CCD9C5C3 
 232      96DFFF1D 
 232      6986672F 
 232      7AA7
 233 06a0 9F05FC7E 		.ascii	"\237\005\374~\036OV\240\231t\313G\333`\216\344\225\002"
 233      1E4F56A0 
 233      9974CB47 
 233      DB608EE4 
 233      9502
 234 06b2 EDE0A6A0 		.ascii	"\355\340\246\240\355\334\024v\276<\032V\212\373:\242"
 234      EDDC1476 
 234      BE3C1A56 
 234      8AFB3AA2 
 235 06c2 DC62D9B4 		.ascii	"\334b\331\264\213\023\367u\242\220\023h8\267X8-\311"
 235      8B13F775 
 235      A2901368 
 235      38B75838 
 235      2DC9
 236 06d4 01545697 		.ascii	"\001TV\227Z\3523\356\231\263\207\023\316\234\335l\270"
 236      5AEA33EE 
 236      99B38713 
 236      CE9CDD6C 
 236      B8
 237 06e5 A7692B06 		.ascii	"\247i+\006\205\312\305\023\324C\275{\326\373\262\323"
 237      85CAC513 
 237      D443BD7B 
 237      D6FBB2D3 
 238 06f5 6C36A847 		.ascii	"l6\250G\273\266\324\"\2711\337\203\261{9B\366\0035\206"
 238      BBB6D422 
 238      B931DF83 
 238      B17B3942 
 238      F6033586 
 239 0709 525285D4 		.ascii	"RR\205\3243\257\206w\372K\235K*Kq\370L\301\271\231\324"
 239      33AF8677 
 239      FA4B9D4B 
 239      2A4B71F8 
 239      4CC1B999 
 240 071e B97772F8 		.ascii	"\271wr\370A\177\334\305\316\312\023C\235)j\250\000\313"
 240      417FDCC5 
 240      CECA1343 
 240      9D296AA8 
 240      00CB
 241 0730 A148EE3B 		.ascii	"\241H\356;\207\217nH\207\303h\031\377\036\243\310\022"
 241      878F6E48 
 241      87C36819 
 241      FF1EA3C8 
 241      12
ARM GAS  /tmp/ccY05ZlV.s 			page 19


 242 0741 53288B93 		.ascii	"S(\213\223\225\311\3738R\015\366?\257\315\300x\253\212"
 242      95C9FB38 
 242      520DF63F 
 242      AFCDC078 
 242      AB8A
 243 0753 92F5DE3A 		.ascii	"\222\365\336:~B)\220\015\277\012\272{\232\347\341#\253"
 243      7E422990 
 243      0DBF0ABA 
 243      7B9AE7E1 
 243      23AB
 244 0765 5249B9F6 		.ascii	"RI\271\366\213\\\373\345\\\007(\227\375yS\256'\316f"
 244      8B5CFBE5 
 244      5C072897 
 244      FD7953AE 
 244      27CE66
 245 0778 5CCDF525 		.ascii	"\\\315\365%\036\002U\343\303\351\303.T\007E\252\203"
 245      1E0255E3 
 245      C3E9C32E 
 245      540745AA 
 245      83
 246 0789 72AA6C4A 		.ascii	"r\252lJ\225=8\224\356\217\213\030\325\343\301\223\336"
 246      953D3894 
 246      EE8F8B18 
 246      D5E3C193 
 246      DE
 247 079a 0255978D 		.ascii	"\002U\227\215}\006d\261\317\200\034\221(GNt\210\022"
 247      7D0664B1 
 247      CF801C91 
 247      28474E74 
 247      8812
 248 07ac 5DEFAD5C 		.ascii	"]\357\255\\\204\355\214\347H\356\367y\260\354\230\222"
 248      84ED8CE7 
 248      48EEF779 
 248      B0EC9892 
 249 07bc 5E69DFA3 		.ascii	"^i\337\243\202\342\033\035\241\0318N\211\276\275q_\261"
 249      82E21B1D 
 249      A119384E 
 249      89BEBD71 
 249      5FB1
 250 07ce DFB8     		.ascii	"\337\270"
 251 07d0 D5782E47 		.ascii	"\325x.G\252\361c\234P\215\357~\\\266\323i\350H+\256"
 251      AAF1639C 
 251      508DEF7E 
 251      5CB6D369 
 251      E8482BAE 
 252 07e4 CEEF695C 		.ascii	"\316\357i\\\306OJ}\207\340\320a\247\251\350(\247$\232"
 252      C64F4A7D 
 252      87E0D061 
 252      A7A9E828 
 252      A7249A
 253 07f7 ABB5C7A9 		.ascii	"\253\265\307\251\265C\317**\274\360ZOjai\301\215\015"
 253      B543CF2A 
 253      2ABCF05A 
 253      4F6A6169 
 253      C18D0D
 254 080a DE62688B 		.ascii	"\336bh\213\362\363\256\020:o:\363\023\342\314O\310\271"
 254      F2F3AE10 
ARM GAS  /tmp/ccY05ZlV.s 			page 20


 254      3A6F3AF3 
 254      13E2CC4F 
 254      C8B9
 255 081c F228D7BE 		.ascii	"\362(\327\276\033\315'U8\223q\365g\335\357sr\015|\353"
 255      1BCD2755 
 255      389371F5 
 255      67DDEF73 
 255      720D7CEB 
 256 0830 E2C37C91 		.ascii	"\342\303|\221)_\316t\2222m9xq\215\022\0270\246\316S"
 256      295FCE74 
 256      92326D39 
 256      78718D12 
 256      1730A6CE 
 257 0845 7DD77C47 		.ascii	"}\327|Gsd\366=\227\300\236\022\271N\311\271NS\256K="
 257      7364F63D 
 257      97C09E12 
 257      B94EC9B9 
 257      4E53AE4B 
 258 085a B995FEB8 		.ascii	"\271\225\376\270\232q\035\357\332: &I\350+\027\256\002"
 258      9A711DEF 
 258      DA3A2026 
 258      49E82B17 
 258      AE02
 259 086c 91AB40CE 		.ascii	"\221\253@\316u\206ru\376pg\263\037nc\\;/\335\313w.\004"
 259      75867275 
 259      FE7067B3 
 259      1F6E635C 
 259      3B2FDDCB 
 260 0883 C7529719 		.ascii	"\307R\227\031\026\212L\205r\246\037)SmS\326q\017\374"
 260      168A4C85 
 260      72A61F29 
 260      536D53D6 
 260      710FFC
 261 0896 3363AABF 		.ascii	"3c\252\277\223\357\360\304}L\331^\324\325\357\217\007"
 261      93EFF0C4 
 261      7D4CD95E 
 261      D4D5EF8F 
 261      07
 262 08a7 9992617F 		.ascii	"\231\222a\177\366\304\007\017\013\2605\233`\363\202"
 262      F6C4070F 
 262      0BB0359B 
 262      60F382
 263 08b6 7D8AA668 		.ascii	"}\212\246h\203=\315\033\257fJZE\363Jo\274\221)Yw\213"
 263      833DCD1B 
 263      AF664A5A 
 263      45F34A6F 
 263      BC912959 
 264 08cc 364FC0DB 		.ascii	"6O\300\333\231R\332Z\240\301\231\354\371p\321\272[\036"
 264      9952DA5A 
 264      A0C199EC 
 264      F970D1BA 
 264      5B1E
 265 08de F83053BA 		.ascii	"\3700S\272\013S\237+q.S\032\212;o\373\343\223L\271\336"
 265      0B539F2B 
 265      712E531A 
 265      8A3B6FFB 
 265      E3934CB9 
ARM GAS  /tmp/ccY05ZlV.s 			page 21


 266 08f3 D0B580ED 		.ascii	"\320\265\200\3554\263@\033<3\334*\374\207&\223|\262"
 266      34B3401B 
 266      3C33DC2A 
 266      FC872693 
 266      7CB2
 267 0905 0CED5801 		.ascii	"\014\355X\001Uz\001\205N\340\033\326g!4]\274\002\203"
 267      557A0185 
 267      4EE01BD6 
 267      6721345D 
 267      BC0283
 268 0918 9C756AC7 		.ascii	"\234uj\307\006\217\207'\322\304:\365,\270\244\361\227"
 268      068F8727 
 268      D2C43AF5 
 268      2CB8A4F1 
 268      97
 269 0929 8B97967F 		.ascii	"\213\227\226\177\212\347Y\231\034>\366\260t|'\302/\312"
 269      8AE75999 
 269      1C3EF6B0 
 269      747C27C2 
 269      2FCA
 270 093b E1630F4B 		.ascii	"\341c\017K\011\272H\216\036[3\277\374\207\010\267\313"
 270      09BA488E 
 270      1E5B33BF 
 270      FC8708B7 
 270      CB
 271 094c E163AB34 		.ascii	"\341c\2534\011\372\274[\264\324\022\3114+\344\340\261"
 271      09FABC5B 
 271      B4D412C9 
 271      342BE4E0 
 271      B1
 272 095d 35709704 		.ascii	"5p\227\004~\316\275\023%\344\003\022t\251\034=\246\354"
 272      7ECEBD13 
 272      25E40312 
 272      74A91C3D 
 272      A6EC
 273 096f 7248D0E5 		.ascii	"rH\320\345\356=.-\027%\350\022\367\334n\352\353*8\206"
 273      EE3D2E2D 
 273      1725E812 
 273      F7DC6EEA 
 273      EB2A3886 
 274 0983 2ED063A8 		.ascii	".\320c\250Q\250\031\256\302yZ\017g}\035H\023\310O W"
 274      51A819AE 
 274      C2795A0F 
 274      677D1D48 
 274      13C84F20 
 275 0998 402E815C 		.ascii	"@.\201\\\006\251\006i\000q\200\\\003\251\005\251\021"
 275      06A90669 
 275      0071805C 
 275      03A905A9 
 275      11
 276 09a9 EA0256B3 		.ascii	"\352\002V\263\364\276f%Z\243\333\022m$`\337h\211V\354"
 276      F4BE6625 
 276      5AA3DB12 
 276      6D2460DF 
 276      688956EC 
 277 09bd 3ED4D2BA 		.ascii	">\324\322\272V2\253J\367\341pVQ\317\216\035k\363\301"
 277      5632AB4A 
ARM GAS  /tmp/ccY05ZlV.s 			page 22


 277      F7E17056 
 277      51CF8E1D 
 277      6BF3C1
 278 09d0 DD34F7B9 		.ascii	"\3354\367\271\303%\305\267\274P`\220\333\311\242f\230"
 278      C325C5B7 
 278      BC506090 
 278      DBC9A266 
 278      98
 279 09e1 E37F6FBE 		.ascii	"\343\177o\276\355#\264F\273\001\204\327\305\255\245"
 279      ED23B446 
 279      BB0184D7 
 279      C5ADA5
 280 09f0 91D66864 		.ascii	"\221\326hd\371\366\346\014{K\017\363\033.\225R\213p"
 280      F9F6E60C 
 280      7B4B0FF3 
 280      1B2E9552 
 280      8B70
 281 0a02 98B7D0C3 		.ascii	"\230\267\320\303\374\205c\375\012\017\334\307\326\272"
 281      FC8563FD 
 281      0A0FDCC7 
 281      D6BA
 282 0a10 BD2D2FCF 		.ascii	"\275-/\317\013?g\312\353\236\262No\374\232*\252\324"
 282      0B3F67CA 
 282      EB9EB24E 
 282      6FFC9A2A 
 282      AAD4
 283 0a22 814D299E 		.ascii	"\201M)\236ti\007\005\012~m\226\370\365&\230\321\375"
 283      74690705 
 283      0A7E6D96 
 283      F8F52698 
 283      D1FD
 284 0a34 4B59DEF2 		.ascii	"KY\336\362\211\350\32669xl\226\327|\342\272\202\306"
 284      89E8D636 
 284      39786C96 
 284      D77CE2BA 
 284      82C6
 285 0a46 72BB2C7D 		.ascii	"r\273,}\011\272\325=\271\264\240\277\301\262\245\333"
 285      09BAD53D 
 285      B9B4A0BF 
 285      C1B2A5DB 
 286 0a56 355B5C02 		.ascii	"5[\\\002'\371\317\210\020\265.\210Z;D\242\023\344\026"
 286      27F9CF88 
 286      10B52E88 
 286      5A3B44A2 
 286      13E416
 287 0a69 48875899 		.ascii	"H\207X\231\356\350y\015\337\272p.\222<8\276\243\372"
 287      EEE8790D 
 287      DFBA702E 
 287      923C38BE 
 287      A3FA
 288 0a7b 888F3C0F 		.ascii	"\210\217<\017F?\201{\201\345\3371\0129\335\254$1\276"
 288      463F817B 
 288      81E5DF31 
 288      0A39DDAC 
 288      2431BE
 289 0a8e 0DE01E31 		.ascii	"\015\340\0361\306\335\316\030\227\356\035Y\341\022\343"
 289      C6DDCE18 
ARM GAS  /tmp/ccY05ZlV.s 			page 23


 289      97EE1D59 
 289      E112E3
 290 0a9d DB2E31BE 		.ascii	"\333.1\276#\304\370\016\215\361\256\345y]*)\370\262"
 290      23C4F80E 
 290      8DF1AEE5 
 290      795D2A29 
 290      F8B2
 291 0aaf 4B757757 		.ascii	"KuwW\000\223{HH\210\206\375\331\0225q\006\263f\211-"
 291      00937B48 
 291      488886FD 
 291      D9123571 
 291      06B36689 
 292 0ac4 21295113 		.ascii	"!)Q\023\023\033=3\\\363\376\373\021\232\330\250\350"
 292      131B3D33 
 292      5CF3FEFB 
 292      119AD8A8 
 292      E8
 293 0ad5 AFC33489 		.ascii	"\257\3034\211Iz\263yQ\210\321k\376\007\037M\325\206"
 293      497AB379 
 293      5188D16B 
 293      FE071F4D 
 293      D586
 294 0ae7 8529D47A 		.ascii	"\205)\324z}r\2745if\270>i%\322\304\331,&\215\301\230"
 294      7D72BC35 
 294      6966B83E 
 294      6925D2C4 
 294      D92C268D 
 295 0afd 680A361B 		.ascii	"h\0126\033>\327D\330\214\311\026\223\025hbM\006\313"
 295      3ED744D8 
 295      8CC91693 
 295      1568624D 
 295      06CB
 296 0b0f 5F349146 		.ascii	"_4\221Fs\374\222D\223\336\024\274$\331\370e\270&\326"
 296      73FC9244 
 296      93DE14BC 
 296      24D9F865 
 296      B826D6
 297 0b22 6633276A 		.ascii	"f3'j\2760\032\203\015\011\226`\253\315j\0126\031>\217"
 297      BE301A83 
 297      0D099660 
 297      ABCD6A0A 
 297      36193E8F 
 298 0b36 0F7E3738 		.ascii	"\017~78<4\354\335\340\257f\005[\014\177\263%h\\\336"
 298      3C34ECDD 
 298      E0AF6605 
 298      5B0C7FB3 
 298      25685CDE 
 299 0b4a 6AE2AD46 		.ascii	"j\342\255Fs\362\"\223\306b0\306\305[M\032\375\"\323"
 299      73F22293 
 299      C66230C6 
 299      C55B4D1A 
 299      FD22D3
 300 0b5d 6243B239 		.ascii	"bC\2629I\237\264t\211)1$N\341\3454\350\333\377\253="
 300      499FB474 
 300      89293124 
 300      4EE1E534 
 300      E8DBFFAB 
ARM GAS  /tmp/ccY05ZlV.s 			page 24


 301 0b72 894B1335 		.ascii	"\211K\0235\372\304\244E081\342\257&c\222-an\250\346"
 301      FAC4A445 
 301      303831E2 
 301      AF266392 
 301      2D616EA8 
 302 0b87 3F73ACC2 		.ascii	"?s\254\302\207=\351\343\255\361I\001z\002\326\307'|"
 302      873DE9E3 
 302      ADF14901 
 302      7A02D6C7 
 302      277C
 303 0b99 A5372D89 		.ascii	"\2457-\2117\333\276H6\275#\245KH\022\330\346\350\242"
 303      37DBBE48 
 303      36BD23A5 
 303      4B4812D8 
 303      E6E8A2
 304 0bac B5D1DF68 		.ascii	"\265\321\337h\214qF[\202I\377\365\273\026\260 \300\030"
 304      8C71465B 
 304      8249FFF5 
 304      BB16B020 
 304      C018
 305 0bbe 17B33431 		.ascii	"\027\263416\336bJX`\260.2\233\022\242\336\226uv\232"
 305      36DE624A 
 305      5860B02E 
 305      329B12A2 
 305      DE967576 
 306 0bd3 6E8C03E3 		.ascii	"n\214\003\343\241\313D\353\327\361\306H\253\341s\263"
 306      A1CB44EB 
 306      D7F1C648 
 306      ABE173B3 
 307 0be3 8999FF7B 		.ascii	"\211\231\377{\367\306\033m\026\213\315\352\034\225t"
 307      F7C61B6D 
 307      168BCDEA 
 307      1C9574
 308 0bf2 82CE1E5A 		.ascii	"\202\316\036Zm\264n&\367\241N\031\021=G\207#\264:\345"
 308      6DB46E26 
 308      F7A14E19 
 308      113D4787 
 308      23B43AE5 
 309 0c06 DC88581D 		.ascii	"\334\210X\035\326juX\0072G\247\303\013c\264X\373A\254"
 309      D66A7558 
 309      073247A7 
 309      C30B63B4 
 309      58FB41AC 
 310 0c1a 52AB8DD4 		.ascii	"R\253\215\324Q|8\375\015\303\221\363u\\\014\364\214"
 310      517C38FD 
 310      0DC391F3 
 310      755C0CF4 
 310      8C
 311 0c2b 8AD42963 		.ascii	"\212\324)c\242\001\255\325\205\203\204\001\362c]\370"
 311      A201ADD5 
 311      85838401 
 311      F2635DF8 
 312 0c3b AF75A185 		.ascii	"\257u\241\205D=\236L\336gT\321')\215q\206\204\000[\242"
 312      443D9E4C 
 312      DE6754D1 
 312      27298D71 
 312      8684005B 
ARM GAS  /tmp/ccY05ZlV.s 			page 25


 313 0c50 C10CFE78 		.ascii	"\301\014\376x\337f\374r^\202\315\022\025\243{[NK \304"
 313      DF66FC72 
 313      5E82CD12 
 313      15A37B5B 
 313      4E4B20C4 
 314 0c64 2DE44EBC 		.ascii	"-\344N\274A\035(\351\020@\243a\206\006\375bh\321\307"
 314      411D28E9 
 314      1040A361 
 314      8606FD62 
 314      68D1C7
 315 0c77 2726788F 		.ascii	"'&x\2176\371\351\365\211\246$\375\33491\221\013uQ~\006"
 315      36F9E9F5 
 315      89A624FD 
 315      DC393191 
 315      0B75517E 
 316 0c8c F3DF0D4B 		.ascii	"\363\337\015K\023!\212f\310\321?HG2}\223\244\321F\307"
 316      13218A66 
 316      C8D13F48 
 316      47327D93 
 316      A4D146C7 
 317 0ca0 44C588EE 		.ascii	"D\305\210\356'A3Z\346%[\211\037\003\311\360\037\272"
 317      2741335A 
 317      E6255B89 
 317      1F03C9F0 
 317      1FBA
 318 0cb2 066E9260 		.ascii	"\006n\222`\375GV\263\304\034j\237K\323$jN\262\325\305"
 318      FD4756B3 
 318      C41C6A9F 
 318      4BD3246A 
 318      4EB2D5C5 
 319 0cc6 461F49A3 		.ascii	"F\037I\243\207v\336|]\270\347\234\005su1$61$HZ\235\347"
 319      8776DE7C 
 319      5DB8E79C 
 319      05737531 
 319      24363124 
 320 0cde 9C8573C3 		.ascii	"\234\205s\303\"?\240\367p\270\253\000\0007/\322L\200"
 320      223FA0F7 
 320      70B8AB00 
 320      00372FD2 
 320      4C80
 321 0cf0 E4219CF5 		.ascii	"\344!\234\365\210\322)\011\007\247\325Q\256\2313\334"
 321      88D22909 
 321      07A7D551 
 321      AE9933DC 
 322 0d00 CF2D2696 		.ascii	"\317-&\226\305c\361\314\320\360of\223\210\350\264Z}"
 322      C563F1CC 
 322      D0F06F66 
 322      9388E8B4 
 322      5A7D
 323 0d12 2C2CD108 		.ascii	",,\321\010\323b\025\341\235\367\251**B\373aD$\321\302"
 323      D36215E1 
 323      9DF7A92A 
 323      2A42FB61 
 323      4424D1C2 
 324 0d26 E77DEA1F 		.ascii	"\347}\352\0371w~\264\366#'\346_\034!Z\017"
 324      31777EB4 
 324      F62327E6 
ARM GAS  /tmp/ccY05ZlV.s 			page 26


 324      5F1C215A 
 324      0F
 325              		.text
 326              		.section	.gnu.lto_.symtab.24398f67b5cd779f,"",%progbits
 327 0000 56656374 		.ascii	"VectorB0\000"
 327      6F724230 
 327      00
 328 0009 00       		.ascii	"\000"
 329 000a 00       		.ascii	"\000"
 330 000b 00       		.ascii	"\000"
 331 000c 00000000 		.ascii	"\000\000\000\000\000\000\000\000"
 331      00000000 
 332 0014 C5000000 		.ascii	"\305\000\000\000"
 333 0018 73745F6C 		.ascii	"st_lld_init\000"
 333      6C645F69 
 333      6E697400 
 334 0024 00       		.ascii	"\000"
 335 0025 00       		.ascii	"\000"
 336 0026 00       		.ascii	"\000"
 337 0027 00000000 		.ascii	"\000\000\000\000\000\000\000\000"
 337      00000000 
 338 002f C7000000 		.ascii	"\307\000\000\000"
 339 0033 5F706F72 		.ascii	"_port_irq_epilogue\000"
 339      745F6972 
 339      715F6570 
 339      696C6F67 
 339      756500
 340 0046 00       		.ascii	"\000"
 341 0047 02       		.ascii	"\002"
 342 0048 00       		.ascii	"\000"
 343 0049 00000000 		.ascii	"\000\000\000\000\000\000\000\000"
 343      00000000 
 344 0051 C9000000 		.ascii	"\311\000\000\000"
 345 0055 63685379 		.ascii	"chSysTimerHandlerI\000"
 345      7354696D 
 345      65724861 
 345      6E646C65 
 345      724900
 346 0068 00       		.ascii	"\000"
 347 0069 02       		.ascii	"\002"
 348 006a 00       		.ascii	"\000"
 349 006b 00000000 		.ascii	"\000\000\000\000\000\000\000\000"
 349      00000000 
 350 0073 CB000000 		.ascii	"\313\000\000\000"
 351 0077 6E766963 		.ascii	"nvicEnableVector\000"
 351      456E6162 
 351      6C655665 
 351      63746F72 
 351      00
 352 0088 00       		.ascii	"\000"
 353 0089 02       		.ascii	"\002"
 354 008a 00       		.ascii	"\000"
 355 008b 00000000 		.ascii	"\000\000\000\000\000\000\000\000"
 355      00000000 
 356 0093 D0000000 		.ascii	"\320\000\000\000"
 357              		.text
 358              		.section	.gnu.lto_.opts,"",%progbits
ARM GAS  /tmp/ccY05ZlV.s 			page 27


 359 0000 272D666D 		.ascii	"'-fmath-errno' '-fsigned-zeros' '-ftrapping-math' '"
 359      6174682D 
 359      6572726E 
 359      6F272027 
 359      2D667369 
 360 0033 2D666E6F 		.ascii	"-fno-trapv' '-fno-openmp' '-fno-openacc' '-mcpu=cor"
 360      2D747261 
 360      70762720 
 360      272D666E 
 360      6F2D6F70 
 361 0066 7465782D 		.ascii	"tex-m4' '-mno-thumb-interwork' '-mthumb' '-O2' '-fo"
 361      6D342720 
 361      272D6D6E 
 361      6F2D7468 
 361      756D622D 
 362 0099 6D69742D 		.ascii	"mit-frame-pointer' '-falign-functions=16' '-ffuncti"
 362      6672616D 
 362      652D706F 
 362      696E7465 
 362      72272027 
 363 00cc 6F6E2D73 		.ascii	"on-sections' '-fdata-sections' '-fno-common' '-flto"
 363      65637469 
 363      6F6E7327 
 363      20272D66 
 363      64617461 
 364 00ff 2700     		.ascii	"'\000"
 365              		.text
 366              		.comm	__gnu_lto_v1,1,1
 367              		.comm	__gnu_lto_slim,1,1
 368              		.ident	"GCC: (GNU Tools for Arm Embedded Processors 7-2017-q4-major) 7.2.1 20170904 (release) [ARM
ARM GAS  /tmp/ccY05ZlV.s 			page 28


DEFINED SYMBOLS
                            *ABS*:0000000000000000 st_lld.c
                            *COM*:0000000000000001 __gnu_lto_v1
                            *COM*:0000000000000001 __gnu_lto_slim

NO UNDEFINED SYMBOLS
