ARM GAS  /tmp/ccGNttfq.s 			page 1


   1              		.cpu cortex-m0
   2              		.eabi_attribute 20, 1
   3              		.eabi_attribute 21, 1
   4              		.eabi_attribute 23, 3
   5              		.eabi_attribute 24, 1
   6              		.eabi_attribute 25, 1
   7              		.eabi_attribute 26, 1
   8              		.eabi_attribute 30, 2
   9              		.eabi_attribute 34, 0
  10              		.eabi_attribute 18, 4
  11              		.file	"nvic.c"
  12              		.section	.gnu.lto_.profile.f00cb00da966a68b,"",%progbits
  13 0000 789C6363 		.ascii	"x\234cc```\001bF\006)1\000\000\302\000<"
  13      60606001 
  13      62460629 
  13      310000C2 
  13      003C
  14              		.text
  15              		.section	.gnu.lto_.icf.f00cb00da966a68b,"",%progbits
  16 0000 789C6363 		.ascii	"x\234cc``\220d@\000\026\206\355\263\273\236\2622\376"
  16      60609064 
  16      40001686 
  16      EDB3BB9E 
  16      B232FE
  17 0013 3DB66617 		.ascii	"=\266f\027\013\323\227\346M\277x\231O?\330\020\303\000"
  17      0BD397E6 
  17      4DBF7899 
  17      4F3FD810 
  17      C300
  18 0025 009A9B0C 		.ascii	"\000\232\233\014\004"
  18      04
  19              		.text
  20              		.section	.gnu.lto_.jmpfuncs.f00cb00da966a68b,"",%progbits
  21 0000 789C6363 		.ascii	"x\234cc``\320a@\000\026\006&FF\346\3729\314\014 \314"
  21      6060D061 
  21      40001606 
  21      264646E6 
  21      FA39CC0C 
  22 0016 0804209A 		.ascii	"\010\004 \232\011Y\220\031*\310\000\000\237-\007\005"
  22      09599019 
  22      2AC80000 
  22      9F2D0705 
  23              		.text
  24              		.section	.gnu.lto_.inline.f00cb00da966a68b,"",%progbits
  25 0000 789C4D8C 		.ascii	"x\234M\214\321\021\2000\014B!\215i\364\307\021\352\004"
  25      D1118030 
  25      0C42218D 
  25      69F4C711 
  25      EA04
  26 0012 2ED9453A 		.ascii	".\331E:\222\2438\202\261\236U>\270\343\036`\000*>)\260"
  26      92A33882 
  26      B19E553E 
  26      B8E31E60 
  26      002A3E29 
  27 0027 CC146E8C 		.ascii	"\314\024n\214p\233\332\271\303Z\021\310\261*\"y\020"
  27      709BDAB9 
  27      C35A11C8 
ARM GAS  /tmp/ccGNttfq.s 			page 2


  27      B12A2279 
  27      10
  28 0038 07E199EC 		.ascii	"\007\341\231\354\225\244\255<\225\240\332O\004\223\222"
  28      95A4AD3C 
  28      95A0DA4F 
  28      049392
  29 0047 FD25C5EE 		.ascii	"\375%\305\356w\020J\310\366N\007\034S\\\2260\015\244"
  29      77104AC8 
  29      F64E071C 
  29      535C9630 
  29      0DA4
  30              		.text
  31              		.section	.gnu.lto_.pureconst.f00cb00da966a68b,"",%progbits
  32 0000 789C6363 		.ascii	"x\234cc``\340\004b\026\006)F)&)f)\000\002\304\000\202"
  32      6060E004 
  32      62160629 
  32      46292629 
  32      66290002 
  33              		.text
  34              		.section	.gnu.lto_nvicEnableVector.f00cb00da966a68b,"",%progbits
  35 0000 789C9D53 		.ascii	"x\234\235S\317k\023A\024\236o\337\356&\3264\007ob\320"
  35      CF6B1341 
  35      149E6FDF 
  35      EE26D634 
  35      076F62D0 
  36 0014 1E84500A 		.ascii	"\036\204P\012Y\013\036\274\212\347^\374\017\244\027"
  36      590B1EBC 
  36      8AE75EFC 
  36      0FA417
  37 0023 0B3629AD 		.ascii	"\0136)\255\024o\235$5i\265\320B\323\012a\221\024S\177"
  37      146F9D24 
  37      3569B5D0 
  37      42D30A61 
  37      9114537F 
  38 0037 20B54A5A 		.ascii	" \265JZ5\321\352\032[\255H-\226\342\315\203\266(V,\232"
  38      35D1EA1A 
  38      5BAD482D 
  38      96E2CD83 
  38      B628562C 
  39 004c 93D01FFA 		.ascii	"\223\320\037\372f\266\"\370\343\240\303\316\354\233"
  39      66B622F8 
  39      E3A0C3CE 
  39      EC9B
  40 005a F7DEF7DE 		.ascii	"\367\336\367\336\367\315\354\332B\210#$\304a~\357\343"
  40      F7CDECDA 
  40      42882324 
  40      C4617EEF 
  40      E3
  41 006b 09123086 		.ascii	"\011\0220\206^\010\221\014\032\2002d\020\242\307@\017"
  41      5E08910C 
  41      1A803264 
  41      10A2C740 
  41      0F
  42 007c 062847A8 		.ascii	"\006(G\250f\337\225\215\306+\222\207w\241\266W^\365"
  42      66DF958D 
  42      C62B9287 
  42      77A1B657 
ARM GAS  /tmp/ccGNttfq.s 			page 3


  42      5EF5
  43 008e E0327C94 		.ascii	"\3402|\224\247\032(\241\221\263^\366\336t\351<\271\004"
  43      A71A28A1 
  43      91B35EF6 
  43      DE74E93C 
  43      B904
  44 00a0 98BCFDB2 		.ascii	"\230\274\375\262\220_\011\253\255\201\006\336n\311\334"
  44      905F09AB 
  44      AD8106DE 
  44      6EC9DC
  45 00af 68986210 		.ascii	"h\230b\020l\257>\2774\024\210\216K\231\222\336l\221"
  45      6CAF3EBF 
  45      3414888E 
  45      4B9992DE 
  45      6C91
  46 00c1 E4419708 		.ascii	"\344A\227\010\267A\\\020\323\210`\012\021\301.\201;"
  46      B7415C10 
  46      D388600A 
  46      11C12E81 
  46      3B
  47 00d2 8872FAF5 		.ascii	"\210r\372\365\324\373OD\2074\364\355\374\233\234\265"
  47      D4FB4F44 
  47      8734F4ED 
  47      FC9B9CB5 
  48 00e2 035D1DDF 		.ascii	"\003]\035\337\201\336\375\003\264\214\250\316\277\265"
  48      81DEFD03 
  48      B48CA8CE 
  48      BFB5
  49 00f0 3D526F9B 		.ascii	"=Ro\233>WT`\013\2601\271dyr\373[Vz\313\227\261e\205"
  49      3E575460 
  49      0BB031B9 
  49      647972FB 
  49      5B567ACB 
  50 0108 C018D350 		.ascii	"\300\030\323P\013\361b\231\312\262\324bC\025\012B1\021"
  50      0BF16299 
  50      CAB2D462 
  50      43150A42 
  50      3111
  51 011a A28F8BF0 		.ascii	"\242\217\213\360\351HO\364\223\241\254\264'\326\220"
  51      E9484FF4 
  51      93A1ACB4 
  51      27D690
  52 0129 FE9C9919 		.ascii	"\376\234\231\031\014\253\332yB\236l%pc\242\242\265["
  52      0CABDA79 
  52      429E6C25 
  52      7063A2A2 
  52      B55B
  53 013b B0718F29 		.ascii	"\260q\217)\255\241\272|\356\203\245\2228<z\266\272\030"
  53      ADA1BA7C 
  53      EE83A592 
  53      383C7AB6 
  53      BA18
  54 014d 50615B6B 		.ascii	"Pa[k\232\032[\377\032\362\267\262\232\226av\225>\016"
  54      9A1A5BFF 
  54      1AF2B7B2 
  54      9A966176 
  54      953E0E
ARM GAS  /tmp/ccGNttfq.s 			page 4


  55 0160 AF040AB8 		.ascii	"\257\004\012\270\230\344#/\354w)\200\031\026w\237+)"
  55      98E4232F 
  55      EC772980 
  55      1916779F 
  55      2B29
  56 0172 C0DC4072 		.ascii	"\300\334@r\254\316\231\220\275I\331\340R\020\017P\300"
  56      ACCE9990 
  56      BD49D9E0 
  56      52100F50 
  56      C0
  57 0183 88BE0C0E 		.ascii	"\210\276\014\016\276Z\232.\205\233'U\260\020wi\027\036"
  57      BE5A9A2E 
  57      859B2755 
  57      B0107769 
  57      171E
  58 0195 C2C95350 		.ascii	"\302\311SP_\224\207f\346\2508of\026\006\367\370\234"
  58      5F948766 
  58      E6A8386F 
  58      661606F7 
  58      F89C
  59 01a7 0D8E326E 		.ascii	"\015\2162n\270x\243\\\257X\2308\200G\2323+\273\026\360"
  59      B878A35C 
  59      AF589838 
  59      80479A33 
  59      2BBB16F0 
  60 01bb 93084D11 		.ascii	"\223\010M\021NU\316Z\246\337\362\235\246\217|V\254l"
  60      4E55CE5A 
  60      A6DFF29D 
  60      A68F7C56 
  60      AC6C
  61 01cd 867CB516 		.ascii	"\206|\265\026\252\032\231\252e\177 -\006\377\242\377"
  61      AA1A99AA 
  61      657F202D 
  61      06FFA2FF 
  62 01dd 5FD4D5E1 		.ascii	"_\324\325\341\261V\207\337\325u+u\263J\235\251\325\315"
  62      B15687DF 
  62      D5752B75 
  62      B34A9DA9 
  62      D5CD
  63 01ef 297596DF 		.ascii	")u\226\337\353\365\342\356\377j\366D73\376\322\354\351"
  63      EBF5E2EE 
  63      FF6AF644 
  63      3733FED2 
  63      ECE9
  64 0201 CF66F37E 		.ascii	"\317f\363~\263u\244\012\033\272\225\376\025\372\230"
  64      B375A40A 
  64      1BBA95FE 
  64      15FA98
  65 0210 277F178C 		.ascii	"'\177\027\214o\212\305\034\377It9'O\234r:\022\235\247"
  65      6F8AC51C 
  65      FF497439 
  65      274F9C72 
  65      3A129DA7 
  66 0224 BB9CD644 		.ascii	"\273\234\326D{{\"\356\034=\336r\254\345\214\023\357"
  66      7B7B22EE 
  66      1C3DDE72 
  66      ACE58C13 
ARM GAS  /tmp/ccGNttfq.s 			page 5


  66      EF
  67 0235 6E6B8DB5 		.ascii	"nk\215\265\012\304\315\216\316\266\304w\326\205\024"
  67      0AC4CD8E 
  67      CEB6C477 
  67      D68514
  68 0244 89       		.ascii	"\211"
  69              		.text
  70              		.section	.gnu.lto_nvicDisableVector.f00cb00da966a68b,"",%progbits
  71 0000 789C9552 		.ascii	"x\234\225RKkSQ\020\236\357\314}\244\265\315Z0h\027B"
  71      4B6B5351 
  71      109EEFCC 
  71      7DA4B5CD 
  71      5A306817 
  72 0015 29855CF2 		.ascii	")\205\\\362\023Dp\327\215\377@\262Q\260\211\264R\334"
  72      134470D7 
  72      8DFF40B2 
  72      51B089B4 
  72      52DC
  73 0027 F5246993 		.ascii	"\365$i\223V\263(\264\215\022.r\213\021q\241\265\244"
  73      56B328B4 
  73      8D122E72 
  73      8B1171A1 
  73      B5A4
  74 0039 55535FD7 		.ascii	"US_\327[\\\210/,\342\017\260\305'\024-.\\\264\3259\367"
  74      5B5C882F 
  74      2CE20FB0 
  74      C527142D 
  74      2E5CB4D5 
  75 004f 2A08AE1C 		.ascii	"*\010\256\034\3569wf\316|\363\315\2319\016\021\215("
  75      EE397766 
  75      CE7CF3CD 
  75      99390E11 
  75      8D28
  76 0061 224FFE07 		.ascii	"\"O\376\007d\201\011j\346%Q)\245\000\243\350\024h\\"
  76      6481096A 
  76      E6255129 
  76      A500A3E8 
  76      14685C
  77 0074 611C759E 		.ascii	"a\034u\236cD\265\367\0355pM\213\204\027\233NUO\356\367"
  77      6344B5F7 
  77      1D35704D 
  77      8B84179B 
  77      4E554FEE 
  78 0089 99A821CB 		.ascii	"\231\250!\313\010\332\030\220\250\327\023\267|\276\300"
  78      08DA1890 
  78      A8D713B7 
  78      7CBEC0
  79 0098 3E039698 		.ascii	">\003\226\230\337^47\322\306T\350\023sW\3175\322\234"
  79      DF5E3437 
  79      D2C654E8 
  79      137357CF 
  79      35D29C
  80 00ab 0589BEF9 		.ascii	"\005\211\276\371\354\312\214\333\177U\353\262\016\237"
  80      ECCA8CDB 
  80      7F55EBB2 
  80      0E9F
  81 00b9 B7581FF6 		.ascii	"\267X\037\366\231q\033,\011\261\202\014\226\221!q\021"
ARM GAS  /tmp/ccGNttfq.s 			page 6


  81      99711B2C 
  81      09B1820C 
  81      96912171 
  81      11
  82 00ca EEA0DFC4 		.ascii	"\356\240\337\304\277[\332\233\357u\254\204\020w\341"
  82      BF5BDA9B 
  82      EF75AC84 
  82      1077E1
  83 00d9 1044595C 		.ascii	"\020DY\\\267C\275\367\263\246\303\315\026\332\307\272"
  83      B743BDF7 
  83      B3A6C3CD 
  83      16DAC7BA 
  84 00e9 20184BC9 		.ascii	" \030K\311f\263\321,\263\331\210s\320\224 \345^:\244"
  84      66B3D12C 
  84      B3D98873 
  84      D09420E5 
  84      5E3AA4
  85 00fc 695646AB 		.ascii	"iVF\253\204\364\031\225\235\352\356R\240L\306&\243\311"
  85      84F41995 
  85      9DEAEE52 
  85      A04CC626 
  85      A3C9
  86 010e B670CDB6 		.ascii	"\266p\315\266nvzM\331\026\016\241#\205H\330\327\352"
  86      6E767A4D 
  86      D9160EA1 
  86      238548D8 
  86      D7EA
  87 0120 75370952 		.ascii	"u7\011R\030\314H\250qnW\247\355\304\311\011\362iku\247"
  87      18CC48A8 
  87      716E57A7 
  87      EDC4C909 
  87      F2696B75 
  88 0135 C7206DD8 		.ascii	"\307 m\330X\215\221\345\355\332\037\244%`\361Do\316"
  88      588D91E5 
  88      EDDA1FA4 
  88      2560F144 
  88      6FCE
  89 0147 7F8A6102 		.ascii	"\177\212a\002hLF\257\\\003p\342\256,/l\375\350IL\035"
  89      684C46AF 
  89      5C0370E2 
  89      AE2C2F6C 
  89      FDE8494C 
  90 015c 55745A5C 		.ascii	"UtZ\\\355/\263\033n\200\313%\351|p\320g\027\367\245"
  90      ED2FB31B 
  90      6E80CB25 
  90      E97C70D0 
  90      6717F7A5 
  91 0170 3DF724B7 		.ascii	"=\367$\267\001<\251\227\026\272\275\033z\242\244\373"
  91      013CA997 
  91      16BABD1B 
  91      7AA2A4FB 
  92 0180 7C4EE101 		.ascii	"|N\341\001\002\314\3073\221\303\267\353+\355tn\321\034"
  92      02CCC733 
  92      91C3B7EB 
  92      2BED746E 
  92      D11C
  93 0192 06633E77 		.ascii	"\006c>w\341!<)5\236\327#\344\244 S\315\367\217\227\326"
ARM GAS  /tmp/ccGNttfq.s 			page 7


  93      E1213C29 
  93      359ED723 
  93      E4A42053 
  93      CDF78F97 
  94 01a7 F6FD2EE7 		.ascii	"\366\375.\347\177\310\272\021\306d\370\227\254`\310"
  94      7FC8BA11 
  94      C664F897 
  94      AC60C8
  95 01b6 1E1B323B 		.ascii	"\036\0332;&\213\220\373\373\2562&\254I\316-\224\203"
  95      268B90FB 
  95      FBAE3226 
  95      AC49CE2D 
  95      9483
  96 01c8 0F75C4D3 		.ascii	"\017u\304\32342%\271d.\362*\007\263Y/\371\212\243\336"
  96      343225B9 
  96      642EF22A 
  96      07B3592F 
  96      F98AA3DE 
  97 01dc C913A7BD 		.ascii	"\311\023\247\2753\305\221\263\243^\2768<\\,xG\216\017"
  97      33C591B3 
  97      A35EBE38 
  97      3C5C2C78 
  97      478E0F
  98 01ef 1D1D3AE7 		.ascii	"\035\035:\347\025\306N\345\263yB\341\027CR\324\364"
  98      15C64EE5 
  98      B37942E1 
  98      174352D4 
  98      F4
  99              		.text
 100              		.section	.gnu.lto_nvicSetSystemHandlerPriority.f00cb00da966a68b,"",%progbits
 101 0000 789C6D51 		.ascii	"x\234mQ\315KTQ\024?\277w\336{\363\022\322\255\230\013"
 101      CD4B5451 
 101      143FBF77 
 101      DE7BF312 
 101      D2AD980B 
 102 0014 17C220C2 		.ascii	"\027\302 \302<\334\264h'm\332\270\351?\220QP\320y2J"
 102      3CDCB468 
 102      276DDAB8 
 102      E93F9051 
 102      50D07932 
 103 0029 B4F3CE8C 		.ascii	"\264\363\316\214_iA\324\370\301\360\220\267\021\223"
 103      5F6941D4 
 103      F8C1F090 
 103      B71193
 104 0038 1015B51A 		.ascii	"\020\025\265\032\035\3551\2536}8\204\240\340\242\222"
 104      1DED31AB 
 104      367D3884 
 104      A0E0A292 
 105 0048 828922C1 		.ascii	"\202\211\"\301\205 X\347>u\327\345^\356\371\372\235"
 105      852058E7 
 105      3E75D7E5 
 105      5EEEF9FA 
 105      9D
 106 0059 FBFB9D6B 		.ascii	"\373\373\235k\023\321\021\210\356\310}K\016\230`<\375"
 106      13D11188 
 106      EEC87D4B 
 106      0E98603C 
ARM GAS  /tmp/ccGNttfq.s 			page 8


 106      FD
 107 006a 4094710C 		.ascii	"@\224q\014@\033\312\001\015\033\030\306c\3163\312\343"
 107      401BCA01 
 107      0D1B18C6 
 107      63CE33CA 
 107      E3
 108 007b DF8B46CB 		.ascii	"\337\213F\313\242\222\025\316V\35415Z\3573\321\214\034"
 108      A29215CE 
 108      56EC3135 
 108      5AEF33D1 
 108      8C1C
 109 008d BDB08E16 		.ascii	"\275\260\216\026\251\332\033Y\365y\212}\006LqO\336\027"
 109      A9DA1B59 
 109      F5798A7D 
 109      064C714F 
 109      DE17
 110 009f BED56AD7 		.ascii	"\276\325j\327@\223\270\271\347\273%\207\023 \261+\353"
 110      4093B8B9 
 110      E7BB2587 
 110      1320B12B 
 110      EB
 111 00b0 73F7E20B 		.ascii	"s\367\342\013JeUx\274\300\252\331g\306+\260\364\303"
 111      4A655578 
 111      BCC0AAD9 
 111      67C62BB0 
 111      F4C3
 112 00c2 261AB181 		.ascii	"&\032\261\201F\222\020\3415\342R\3752\373\343\027\363"
 112      469210E1 
 112      35E252FD 
 112      32FBE317 
 112      F3
 113 00d3 ED08F9F5 		.ascii	"\355\010\371\365\335\227\274u\005=]\274\202\276\371"
 113      DD97BC75 
 113      053D5DBC 
 113      82BEF9
 114 00e2 0FB48878 		.ascii	"\017\264\210xT\277v1}\3236\203k\266\330\202M\242\234"
 114      54BF7631 
 114      7DD33683 
 114      6BB6D882 
 114      4DA29C
 115 00f5 562A56A8 		.ascii	"V*V\250.\376\216\013\203\372\303\237\216\015\201\231"
 115      2EFE8E0B 
 115      83FAC39F 
 115      8E0D8199 
 116 0105 225E7026 		.ascii	"\"^p&\364\303D\023\002\220Y\250\220\036\261\241\255"
 116      F4C34413 
 116      029059A8 
 116      901EB1A1 
 116      AD
 117 0116 5C4855E4 		.ascii	"\\HU\344\376\214\035m\226\240\033\025\030\0056\344\225"
 117      FE8C1D6D 
 117      96A01B15 
 117      180536E4 
 117      95
 118 0127 E3F3E5AD 		.ascii	"\343\363\345\255H\252\005\033\333B\241\212\362\347\311"
 118      48AA051B 
 118      DB42A18A 
ARM GAS  /tmp/ccGNttfq.s 			page 9


 118      F2E7C9
 119 0136 034B1749 		.ascii	"\003K\027Izf\264\3741\246\323v\244!S,\345\255KW\035"
 119      7A66B4FC 
 119      31A6D376 
 119      A421532C 
 119      E5AD4B57 
 120 014b E654AD84 		.ascii	"\346T\255\204\252{\247\237\254\000\363\031\231p\320"
 120      AA7BA79F 
 120      AC00F319 
 120      9970D0
 121 015a E0730C3B 		.ascii	"\340s\014;\"\246$\2354\340\331\344\322R\215\273\254"
 121      22A6249D 
 121      34E0D9E4 
 121      D2528DBB 
 121      AC
 122 016b 4632AAC9 		.ascii	"F2\252\311g\007\273\0100\035\315^\222\373/\316f\353"
 122      6707BB08 
 122      301DCD5E 
 122      92FB2FCE 
 122      66EB
 123 017d DA567432 		.ascii	"\332Vt2H\371|\003o\341\026\330\214\376%D\233p\244\337"
 123      48F97C03 
 123      6FE116D8 
 123      8CFE2544 
 123      9B70A4DF 
 124 0191 C806DB4F 		.ascii	"\310\006\333O\"\312\321\177MHL\344\030D\255\211\204"
 124      22CAD17F 
 124      4D484CE4 
 124      1844AD89 
 124      84
 125 01a2 7BB9BD41 		.ascii	"{\271\275A\267\247\263\317\035\360\322C\203n\322\353"
 125      B7A7B3CF 
 125      1DF0D243 
 125      836ED2EB 
 126 01b2 EFF7526E 		.ascii	"\357\367Rn\373\375\216\273\035\017\335\324\203\336d"
 126      FBFD8EBB 
 126      1D0FDDD4 
 126      83DE64
 127 01c1 2249B19E 		.ascii	"\"I\261\236\316TW_w\332\034H\367z\377\000\374\025\254"
 127      CE54575F 
 127      77DA1C48 
 127      F77AFF00 
 127      FC15AC
 128 01d4 44       		.ascii	"D"
 129              		.text
 130              		.section	.gnu.lto_nvicClearPending.f00cb00da966a68b,"",%progbits
 131 0000 789C3551 		.ascii	"x\2345Q\317KTQ\024>\337=\357\307\024:\353\240\241\\"
 131      CF4B5451 
 131      143EDF3D 
 131      EFC7143A 
 131      EBA0A15C 
 132 0014 0422C25C 		.ascii	"\004\"\302\\\374\023\302E+7\375\0071\033\203\234\211"
 132      FC13C245 
 132      2B37FD07 
 132      311B839C 
 132      89
 133 0025 0C69E79D 		.ascii	"\014i\347\235\031\235\321\2240\324\011\206\207<q\"Z"
ARM GAS  /tmp/ccGNttfq.s 			page 10


 133      199DD194 
 133      30D40986 
 133      873C7122 
 133      5A
 134 0036 94C56836 		.ascii	"\224\305h6\366\3531\344B\242\"\211V\2552\004\013$\005"
 134      F6EB31E4 
 134      42A22289 
 134      56AD3204 
 134      0B2405
 135 0049 2142AD73 		.ascii	"!B\255s\337\243\303\375q\316\271\347;\367\273\337\365"
 135      DFA3C3FD 
 135      71CEB9E7 
 135      3BF7BBDF 
 135      F5
 136 005a 88E81044 		.ascii	"\210\350\020DZ\366\2632\301\0045\363\201\250\230R\200"
 136      5AF6B332 
 136      C10435F3 
 136      81A89852 
 136      80
 137 006b 754C0A34 		.ascii	"uL\0124\2520\212i\236c\264\253;-\325\363\300\210E\367"
 137      AA308A69 
 137      9E63B4AB 
 137      3B2DD5F3 
 137      C08845F7 
 138 007f FE781533 		.ascii	"\376x\0253~&`\242\232Lkh\242G\252>\215=\011x\212\003"
 138      7E2660A2 
 138      9A4C6B68 
 138      A247AA3E 
 138      8D3D0978 
 139 0095 061C09F7 		.ascii	"\006\034\011\367\337\327\267\3236T\350\222\360\330\314"
 139      DFD7B7D3 
 139      3654E892 
 139      F0D8CC
 140 00a4 D5D29C05 		.ascii	"\325\322\234\005\211\377\375\335\322\214\337}\337\230"
 140      89FFFDDD 
 140      D28CDF7D 
 140      DF98
 141 00b2 9289DE36 		.ascii	"\222\211\3366\330\\\010\230\361\014,\015\261\212\014"
 141      D85C0898 
 141      F10C2C0D 
 141      B18A0C
 142 00c1 56902149 		.ascii	"V\220!I\021\326\320m\353\277==\231\357\364\234\344B"
 142      11D6D06D 
 142      EBBF3D3D 
 142      99EFF49C 
 142      E442
 143 00d3 3C874742 		.ascii	"<\207GB\236\226\267\334\310\234\374\255\232\350k\003"
 143      9E96B7DC 
 143      C89CFCAD 
 143      9AE86B03 
 144 00e3 772F09E3 		.ascii	"w/\011\343\200\035%\213\313\326s\354\342\"\356A\023"
 144      801D258B 
 144      CBD673EC 
 144      E222EE41 
 144      13
 145 00f4 82947799 		.ascii	"\202\224w\231\210&YY\257\034\321\017\224\217*\307k\241"
 145      88265959 
ARM GAS  /tmp/ccGNttfq.s 			page 11


 145      AF1CD10F 
 145      948F2AC7 
 145      6BA1
 146 0106 B21DEB8C 		.ascii	"\262\035\353\214:\273r\327l\343q\253\323\322vp\036-"
 146      3ABB72D7 
 146      6CE371AB 
 146      D3D27670 
 146      1E2D
 147 0118 212265BF 		.ascii	"!\"e\277*\017\375\244H\2417#\2456yP\231t\223$'\310\315"
 147      2A0FFDA4 
 147      48A13723 
 147      A5367950 
 147      99749324 
 148 012f C6FA5187 		.ascii	"\306\372Q\207E\272p\261\036#K\007\325\377HG\300\222"
 148      45BA70B1 
 148      1E234B07 
 148      D5FF4847 
 148      C092
 149 0141 697FBEBD 		.ascii	"i\177\276\275\033\303\004P\033o\177\364-\300\213UYY"
 149      1BC30450 
 149      1B6F7FF4 
 149      2DC08B55 
 149      5959
 150 0153 DCFBDD91 		.ascii	"\334\373\335\221\204\246]6iI5\177\316n\373!\026\212"
 150      84A65D36 
 150      6949357F 
 150      CE6EFB21 
 150      168A
 151 0165 A27C782E 		.ascii	"\242|x.`\037/E\236\027\322\333\0026\246\213\213\247"
 151      601F2F45 
 151      9E17D2DB 
 151      0236A68B 
 151      8BA7
 152 0177 F5233356 		.ascii	"\365#3V4]\001\247\360\012!\346\343?\221\303/[\253\315"
 152      345D01A7 
 152      F00A21E6 
 152      E33F91C3 
 152      2F5BABCD 
 153 018b 74DFB23D 		.ascii	"t\337\262=\014G\002>\205\327\320B5\376\2577\350\023"
 153      0C47023E 
 153      85D7D042 
 153      35FEAF37 
 153      E813
 154 019d 42B48752 		.ascii	"B\264\207R\270t\007\261\240\326&\344a\"\215\"\352\315"
 154      B87407B1 
 154      A0D626E4 
 154      61228D22 
 154      EACD
 155 01af 6675320A 		.ascii	"fu2\012\303z\360\3125}\275p\343\346\260\316\025\206"
 155      C37AF0CA 
 155      357DBD70 
 155      E3E6B0CE 
 155      1586
 156 01c1 860A797D 		.ascii	"\206\012y}\361\362@\377\300-\235\037\271\232\313\346"
 156      F1F240FF 
 156      C02D9D1F 
 156      B99ACBE6 
ARM GAS  /tmp/ccGNttfq.s 			page 12


 157 01d1 08F97F0B 		.ascii	"\010\371\177\013\343\254\267"
 157      E3ACB7
 158              		.text
 159              		.section	.gnu.lto_.symbol_nodes.f00cb00da966a68b,"",%progbits
 160 0000 789C6363 		.ascii	"x\234cc``\360\002b\006\246\253\014\365\014\014\023\316"
 160      6060F002 
 160      6206A6AB 
 160      0CF50C0C 
 160      13CE
 161 0012 3180A85D 		.ascii	"1\200\250]\015\216@\221k\014\365\214\250\"\327\031\352"
 161      0D8E4091 
 161      6B0CF58C 
 161      A822D719 
 161      EA
 162 0023 9950456E 		.ascii	"\231PEn0\3243\243\2100\000\000\345\"\023\025"
 162      30D433A3 
 162      88300000 
 162      E5221315 
 163              		.text
 164              		.section	.gnu.lto_.refs.f00cb00da966a68b,"",%progbits
 165 0000 789C6363 		.ascii	"x\234cc```\004b\006\000\000D\000\010"
 165      60606004 
 165      62060000 
 165      440008
 166              		.text
 167              		.section	.gnu.lto_.decls.f00cb00da966a68b,"",%progbits
 168 0000 789CBD57 		.ascii	"x\234\275W{PT\327\031\277\337\275\213,\313C\273f:NJ"
 168      7B5054D7 
 168      19BFDFBD 
 168      8B2CCB43 
 168      BB663A4E 
 169 0015 3B8E2523 		.ascii	";\216%#}\300\012\332\372_c\272\322\312\030\225\3315"
 169      7DC00ADA 
 169      FA5F63BA 
 169      D2CA1895 
 169      D935
 170 0027 FED19976 		.ascii	"\376\321\231v\263\256\233H\002\273\226G'N\377\350\305"
 170      B3AE9B48 
 170      02BB9647 
 170      274EFFE8 
 170      C5
 171 0038 4543A02A 		.ascii	"EC\240*(\001\005,\010(*T\304\370\304\240h\024\225\247"
 171      2801052C 
 171      08282A54 
 171      C4F8C4A0 
 171      681495A7 
 172 004c A0684079 		.ascii	"\240h@y\004\027E\242\204\227\017\360A\277s\316\275\273"
 172      041745A2 
 172      84970FF0 
 172      41BF73CE 
 172      BDBB
 173 005e CB8D1827 		.ascii	"\313\215\030'\177\364\316~{\357w\316\357|\337\357\234"
 173      7FF4CE7E 
 173      7BEF77CE 
 173      EF7CDFEF 
 173      9C
 174 006f EFB177A7 		.ascii	"\357\261w\247q\034\2273\203\343v\360\034\227\016\034"
ARM GAS  /tmp/ccGNttfq.s 			page 13


 174      711C9733 
 174      83E376F0 
 174      1C970E1C 
 175 007f 37819717 		.ascii	"7\201\227\027\216\235EA\225\253\342\330\245B\271\210"
 175      8E9D4541 
 175      95ABE2D8 
 175      A542B988 
 176 008f 5287D280 		.ascii	"R\207\322\200\322\304}\377\332\212\013|\361\376>\212"
 176      D2C47DFF 
 176      DA8A0B7C 
 176      F1FE3E8A 
 177 009f 16E50D69 		.ascii	"\026\345\015i\375\\\224\277\240\0108\317\243\214\340"
 177      FD5C94BF 
 177      A00838CF 
 177      A38CE0
 178 00ae B313A597 		.ascii	"\263\023\245\227\214\241<Ey\2012*\371\274\370\022\333"
 178      8CA13C45 
 178      7981322A 
 178      F9BCF812 
 178      DB
 179 00bf D9AF69BB 		.ascii	"\331\257i\273W\262M|\340\226\270\307\222}\220\270+\257"
 179      57B24D7C 
 179      E096B8C7 
 179      927D90B8 
 179      2BAF
 180 00d1 5C9CD0BC 		.ascii	"\\\234\320\274\302n\020\316\377\222`\200\331%v\002\201"
 180      C26E10CE 
 180      FF926080 
 180      D9257602 
 180      81
 181 00e2 DD1B247D 		.ascii	"\335\033$}>L\266\231\377\0036\225\\A\332?Lq\256\231"
 181      3E4CB699 
 181      FF033695 
 181      5C41DA3F 
 181      4C71AE99 
 182 00f6 02745CDA 		.ascii	"\002t\\\332_*\244\0110W\003$B\323q\250\374\376\3111"
 182      5F2AA409 
 182      30570324 
 182      42D371A8 
 182      FCFEC931 
 183 010a 7F364410 		.ascii	"\1776D\020-g3\375\005\236>v\227%\367\372\204\226\211"
 183      2D6733FD 
 183      059E3E76 
 183      9725F7FA 
 183      849689
 184 011d EC52FF95 		.ascii	"\354R\377\225\203\243 \310\226Z\266\016\027{\013\277"
 184      83A320C8 
 184      965AB60E 
 184      177B0BBF 
 185 012d A7C0E6E4 		.ascii	"\247\300\346\344Cy\304\252V\003*T\207\032rn\007\240"
 185      4379C4AA 
 185      56032A54 
 185      871A726E 
 185      07A0
 186 013f FA860666 		.ascii	"\372\206\006fg\012|W\333\323[\001\240\011N\021\305\015"
 186      670A7C57 
 186      DBD35B01 
ARM GAS  /tmp/ccGNttfq.s 			page 14


 186      A0094E11 
 186      C50D
 187 0151 628143F4 		.ascii	"b\201C\364Y\302\301I\010\204\023\020\310\301)\010&\236"
 187      59C2C149 
 187      08841310 
 187      C8C12908 
 187      269E
 188 0163 8F412807 		.ascii	"\217A(\007Gp\360\013\034\334K\334U7\355\370\303\316"
 188      4770F00B 
 188      1CDC4BDC 
 188      5537EDF8 
 188      C3CE
 189 0175 61519C0D 		.ascii	"aQ\234\015\225\240\201\343 P\014nn\256\206\021\330_"
 189      95A081E3 
 189      20500C6E 
 189      6EAE8611 
 189      D85F
 190 0187 9C51384D 		.ascii	"\234Q8M\270\014\204\001\177*\267\367\002?\225\217\323"
 190      B80C8401 
 190      7F2AB7F7 
 190      023F958F 
 190      D3
 191 0198 53FAB851 		.ascii	"S\372\270Q9\247f\243(\362P\205>\276t\373@\227\344\206"
 191      39A766A3 
 191      28F25085 
 191      3EBE74FB 
 191      4097E486 
 192 01ac A3E8E8E4 		.ascii	"\243\350\350\344\271M\315\376]\320\001\230\0070\203"
 192      B94DCDFE 
 192      5DD00198 
 192      073083
 193 01bb EE1F807D 		.ascii	"\356\037\200}\343\235\010\325'\344\013\3308\216\362"
 193      E39D08D5 
 193      27E40BD8 
 193      388EF2
 194 01ca EC264189 		.ascii	"\354&A\211\"/\221\236\361\233\227l\360\262]\372\221"
 194      222F919E 
 194      F19B976C 
 194      F0B25DFA 
 194      91
 195 01db 0C80A755 		.ascii	"\014\200\247U6\317\334\311\027'\233g\264\344u\03439"
 195      36CFDCC9 
 195      17279B67 
 195      B4E4751C 
 195      3339
 196 01ed D999C7A2 		.ascii	"\331\231\307\242I\\9\327\264\213\246{\223 \205\273r"
 196      495C39D7 
 196      B48BA67B 
 196      932085BB 
 196      72
 197 01fe F7C1BBAA 		.ascii	"\367\301\273\252n\350D\375OX\341\352X:\232{\255\247"
 197      6EE844FD 
 197      4F58E1EA 
 197      583A9A7B 
 197      ADA7
 198 0210 88171A59 		.ascii	"\210\027\032Y\272\\\334w\364,\250xvn`S\221\261\272\307"
 198      BA5CDC77 
ARM GAS  /tmp/ccGNttfq.s 			page 15


 198      F42CA878 
 198      766E6053 
 198      91B1BAC7 
 199 0224 256754AE 		.ascii	"%gT\256\261s@\007/L<\256\236\316\322\205'\2314X\277"
 199      B1734007 
 199      2F4C3CAE 
 199      9ECED285 
 199      27993458 
 200 0239 CB97A5CB 		.ascii	"\313\227\245\313\014\222=\247;\263\370YY$>\351\016q"
 200      0C923DA7 
 200      3BB3F859 
 200      59243EE9 
 200      0E71
 201 024b 060FEFFF 		.ascii	"\006\017\357\377\024.`\324\316c\3248\250\201Y\370\375"
 201      142E60D4 
 201      CE63D438 
 201      A88159F8 
 201      FD
 202 025c 15A818AD 		.ascii	"\025\250\030\255\023\017S\316\370\314)\020\013\272\305"
 202      130F53CE 
 202      F8CC2910 
 202      0BBAC5
 203 026b EA899B41 		.ascii	"\352\211\233Aw\217\210\"\306ST\021\034\234u\007\364"
 203      778F8822 
 203      C6535411 
 203      1C9C7507 
 203      F4
 204 027c 2C495CA8 		.ascii	",I\\\250\206n\2003\320\205[\274\010spykg\325\240@2w"
 204      866E8033 
 204      D0855BBC 
 204      08737079 
 204      6B67D5A0 
 205 0293 2AFED957 		.ascii	"*\376\331W\013+\375\247$SK\311\\\226\311\354\350p\034"
 205      0B2BFDA7 
 205      24534BC9 
 205      5C96C9EC 
 205      E8701C
 206 02a6 0D90C8F4 		.ascii	"\015\220\310\364\317\312\021\2537\210$\267\020\005\227"
 206      CFCA11AB 
 206      378824B7 
 206      100597
 207 02b5 DC542E29 		.ascii	"\334T.)\251\324Q*\025O\276u\010\302.F%e\363\310S\331"
 207      A9D4512A 
 207      154FBE75 
 207      08C22E46 
 207      2565F3C8 
 208 02cb 52ED9B2E 		.ascii	"R\355\233.KdS\365nK\365JK\015\324RUIv\244P\311\014e"
 208      4B6453F5 
 208      6E4BF54A 
 208      4B0DD452 
 208      554976A4 
 209 02e3 573E727A 		.ascii	"W>rz\313\224~6\211R\243\333P\243\322P\0235\344\334\343"
 209      CB947E36 
 209      8952A3DB 
 209      50A3D250 
 209      1335E4DC 
 210 02f8 2CF06171 		.ascii	",\360aq\022\247y\324\265\226\3265\034\354;\223\247a"
ARM GAS  /tmp/ccGNttfq.s 			page 16


 210      12A779D4 
 210      B596D635 
 210      1CEC3B93 
 210      A761
 211 030a 7113491C 		.ascii	"q\023I\034\263\037\214\275)\241U\036\323Zi\372A}o\241"
 211      B31F8CBD 
 211      29A1551E 
 211      D35A69FA 
 211      417D6FA1 
 212 031e 4A829338 		.ascii	"J\202\2238\1775\2227\344'\3241\236=\216m\242\037\003"
 212      7F359237 
 212      E427D431 
 212      9E3D8E6D 
 212      A21F03
 213 0331 BF8D6AFD 		.ascii	"\277\215j\375\205\235M\336\232\024r\354\264\230\311"
 213      859D4DDE 
 213      9A1472EC 
 213      B498C9
 214 0340 B85CCE1C 		.ascii	"\270\\\316\034|M\252\023t\201p\003UD\367\265\015\267"
 214      7C4DAA13 
 214      74817003 
 214      5544F7B5 
 214      0DB7
 215 0352 ABB4E934 		.ascii	"\253\264\3514H\242\270HE\343\327\212\360k\024\336\006"
 215      48A2B848 
 215      45E3D78A 
 215      F06B14DE 
 215      06
 216 0363 5A791141 		.ascii	"Zy\021A\037\251\032\332#\357J@=#id\237\244?#\363\307"
 216      1FA91ADA 
 216      23EF4A40 
 216      3D236964 
 216      9FA43F23 
 217 0379 FB9DDD3C 		.ascii	"\373\235\335<\343\331\355\215zR\337\241O\005\241\225"
 217      E3D9ED8D 
 217      7A52DFA1 
 217      4F05A195 
 218 0389 F1AC7494 		.ascii	"\361\254t\224\036\362g\340_\240znOZ\347\324<\273d\236"
 218      1EF267E0 
 218      5FA07A6E 
 218      4F5AE7D4 
 218      3CBB649E 
 219 039d 9D8C6755 		.ascii	"\235\214gU\371\327\037+i\336B\364M\212\356\2464\273"
 219      F9D71F2B 
 219      69DE42F4 
 219      4D8AEEA6 
 219      34BB
 220 03af 649ABDA5 		.ascii	"d\232\275\245=E\032\241\213\271\315\030\034\336>mJ?"
 220      3D451AA1 
 220      8BB9CD18 
 220      1CDE3E6D 
 220      4A3F
 221 03c1 3DB21F1D 		.ascii	"=\262\037\035u\363\260\270\314\310\334 Vr\343\006\337"
 221      75F3B0B8 
 221      CCC8DC20 
 221      5672E306 
 221      DF
ARM GAS  /tmp/ccGNttfq.s 			page 17


 222 03d2 A66E7A64 		.ascii	"\246nzd7;Z*\"\210a\307kuM\022\326c\225\003>\236\346"
 222      373B5A2A 
 222      228861C7 
 222      6B754D12 
 222      D6639503 
 223 03e9 9DAF323F 		.ascii	"\235\2572?\221;\270\313Op\262]4\335;V\301\013\003L9"
 223      913BB8CB 
 223      4F70B25D 
 223      34DD3B56 
 223      C10B034C 
 224 03fe 76E7728D 		.ascii	"v\347r\215\234\036\200zW[k\205\2370\302&?+\357I\363"
 224      9C1E807A 
 224      575B6B85 
 224      9F30C226 
 224      3F2BEF49 
 225 0413 129E31E5 		.ascii	"\022\2361\345\233\216\273\251\001B\222\212\025i\315"
 225      9B8EBBA9 
 225      0142928A 
 225      1569CD
 226 0422 868F8434 		.ascii	"\206\217\2044\366<V14\252f&\012H~\236xt\322 %X8\252"
 226      F63C5631 
 226      34AA6626 
 226      0A487E9E 
 226      7874D220 
 227 043a 5B6E64BC 		.ascii	"[nd\274-\2443\350h\352\306\307\322/\024\211\251\263"
 227      2DA433E8 
 227      68EAC6C7 
 227      D22F1489 
 227      A9B3
 228 044c 76F870C0 		.ascii	"v\370p\300\224\3479$\237\347 \333r^\377\310D\2002p-"
 228      94E73924 
 228      9FE720DB 
 228      725EFFC8 
 228      44803270 
 229 0461 086FA6F0 		.ascii	"\010o\246\360a\272\345!y\313WO\2177M\367D;_\201\366"
 229      61BAE521 
 229      79CB574F 
 229      8F374DF7 
 229      443B5F81 
 230 0476 735EBB5B 		.ascii	"s^\273[\022\000A\322538(\250PLN\022\253\273R\205\312"
 230      120041D2 
 230      35333828 
 230      A8504C4E 
 230      12ABBB52 
 231 048c FDA99BC5 		.ascii	"\375\251\233\305\202s\000\275\240\205\373X\255\317`"
 231      827300BD 
 231      A085FB58 
 231      ADCF60
 232 049b A63B3C3A 		.ascii	"\246;<:b,\014\277\270B\372S6\276\024W%\013$\215\340"
 232      622C0CBF 
 232      B842FA53 
 232      36BE1457 
 232      250B248D 
 233 04b0 8E049693 		.ascii	"\216\004\226\223K*\204\223\340\206\367{\300\357)\341"
 233      4B2A8493 
 233      E086F77B 
 233      C0EF29E1 
ARM GAS  /tmp/ccGNttfq.s 			page 18


 234 04c0 7D93E084 		.ascii	"}\223\340\204N\317\322\034\012'T\372\225T\030\334\203"
 234      4ECFD21C 
 234      0A2754FA 
 234      955418DC 
 234      83
 235 04d1 4BEDBB6E 		.ascii	"K\355\273n\343\035J\343\355\337\343\322\356\301\345"
 235      E31D4AE3 
 235      EDDFE3D2 
 235      EEC1E5
 236 04e0 5B255CA7 		.ascii	"[%\\\247D\267H\306\261\254\341\272\204\226\213\035\256"
 236      44B748C6 
 236      B1ACE1BA 
 236      84968B1D 
 236      AE
 237 04f1 7A5221C4 		.ascii	"zR!\304\333%\364\010\242\277\223\320r0\340\212\033\235"
 237      DB25F408 
 237      A2BF93D0 
 237      7230E08A 
 237      1B9D
 238 0503 21C54BC4 		.ascii	"!\305K\304f\016\003\010x@\347\010\034+\000\236c1\214"
 238      660E0308 
 238      7840E708 
 238      1C2B009E 
 238      63318C
 239 0516 42108CA1 		.ascii	"B\020\214\241<Fy\2042\201\362\020\345\005\312\023\224"
 239      3C467984 
 239      3281F210 
 239      E505CA13 
 239      94
 240 0527 7194A710 		.ascii	"q\224\247\020D\177;\331\353EM\2356\011-\022+\234\324"
 240      447F3BD9 
 240      EB454D9D 
 240      36092D12 
 240      2B9CD4
 241 053a 6B3917B3 		.ascii	"k9\027\263\232zm\241C\2744\217\236\3517\3123mWnd\330"
 241      9A7A6DA1 
 241      43BC348F 
 241      9EE937CA 
 241      336D576E 
 242 0550 23027795 		.ascii	"#\002w\225\350kn4f\340\213\353]\347A\250\242\231\317"
 242      E86B6E34 
 242      66E08BEB 
 242      5DE741A8 
 242      A299CF
 243 0563 378CE71F 		.ascii	"7\214\347\037\366\202\340\231\214\321\235z5\276\311"
 243      F682E099 
 243      8CD19D7A 
 243      35BEC9
 244 0572 C1067E26 		.ascii	"\301\006~&6eW\377'\374\2468\002H\342\203\177\364) \227"
 244      366557FF 
 244      27FCA638 
 244      0248E283 
 244      7FF42920 
 245 0587 BDCD47D2 		.ascii	"\275\315G\322\275\375R]\257e\324\265\273\324\034\274"
 245      BDFD525D 
 245      AF65D4B5 
 245      BBD41CBC 
ARM GAS  /tmp/ccGNttfq.s 			page 19


 246 0597 1F7DD5C0 		.ascii	"\037}\325\300;\202\007\222{\273}Y\225\316B5\347\324"
 246      3B820792 
 246      7BBB7D59 
 246      95CE4235 
 246      E7D4
 247 05a9 68AD1753 		.ascii	"h\255\027S\325\2441\017\224\036\367g\365]M;\321\243"
 247      D5A4310F 
 247      941EF767 
 247      F55D4D3B 
 247      D1A3
 248 05bb 2DD9BEC2 		.ascii	"-\331\276\302E\325kt\310\024^\252\350y\264\240\217\037"
 248      45D56B74 
 248      C8145EAA 
 248      E879B4A0 
 248      8F1F
 249 05cd 2DFA4EAD 		.ascii	"-\372N\255,\350M| l\344\011\3723^+\257!\350\363\347"
 249      2CE84D7C 
 249      206CE409 
 249      FA335E2B 
 249      AF21E8F3 
 250 05e2 AB9E83B2 		.ascii	"\253\236\203\262\240\247D\177\3310V\026 \3241V\362\253"
 250      A0A7447F 
 250      D9305616 
 250      20D43156 
 250      F2AB
 251 05f4 8D96BDDA 		.ascii	"\215\226\275\332T\265\334Z$\264\262\251\207\215\267"
 251      54B5DC5A 
 251      24B4B2A9 
 251      878DB7
 252 0603 30E86D4C 		.ascii	"0\350mLI\256\273\\\342-t0\305yg\374\204 \334f\312\336"
 252      49AEBB5C 
 252      E22D7430 
 252      C57967FC 
 252      8420DC66 
 253 0619 FB859B7D 		.ascii	"\373\205\233}\204>\246\264e\245\336\367\222\273u\312"
 253      843EA6B4 
 253      65A5DEF7 
 253      92BB75CA 
 254 0629 EB74EBDC 		.ascii	"\353t\353\334\221\216{\322\217[0\252[\257\344\337TK"
 254      918E7BD2 
 254      8F5B30AA 
 254      5BAFE4DF 
 254      544B
 255 063b 47487E93 		.ascii	"GH~\2233\0333\213|\205\001j\3357g\317\375-\0003Y'\302"
 255      331B338B 
 255      7C85016A 
 255      DD3767CF 
 255      FD2D0033 
 256 0652 46143429 		.ascii	"F\0244)!2q\303\333\351\206\263x\226\015\27303\362\371"
 256      213271C3 
 256      DBE986B3 
 256      78960DBB 
 256      3033F2F9 
 257 0666 20D88992 		.ascii	" \330\211\222\215R\200\222\203\222\213\262\003%\017"
 257      8D528092 
 257      83928BB2 
 257      03250F
ARM GAS  /tmp/ccGNttfq.s 			page 20


 258 0675 E53F7C90 		.ascii	"\345?|\220\224\362\230\000\325\003\215R\312\223\363"
 258      94F29800 
 258      D5038D52 
 258      CA93F3
 259 0684 26959EE5 		.ascii	"&\225\236\345\221\014\322q\312m\004\341\265+X\312\023"
 259      910CD271 
 259      CA6D04E1 
 259      B52B58CA 
 259      13
 260 0695 741AAF40 		.ascii	"t\032\257@'{\242\223\035\330\242\22634\211N\272\022"
 260      277BA293 
 260      1DD8A296 
 260      3334894E 
 260      BA12
 261 06a7 3DA98B10 		.ascii	"=\251\213\020\364\270\007z\213\022\375o\245\355s+\334"
 261      F4B8077A 
 261      8B12FD6F 
 261      A5ED732B 
 261      DC
 262 06b8 E8CD2F47 		.ascii	"\350\315/G{v\313\226\025\254\351\244\362Z\370T\202\313"
 262      7B76CB96 
 262      15ACE9A4 
 262      F25AF854 
 262      82CB
 263 06ca 09231167 		.ascii	"\011#\021gpV\224\215\215\254M L\321&\320ug\223tf\304"
 263      7056948D 
 263      8DAC4D20 
 263      4CD126D0 
 263      75679374 
 264 06e0 F7E74ADF 		.ascii	"\367\347J\337\315\223\232i&\342\333\245\215m\3435\220"
 264      CD939A69 
 264      26E2DBA5 
 264      8D6DE335 
 264      90
 265 06f1 F1D263F0 		.ascii	"\361\322c\360\330\327\260\307)lU\2027z\020\305\\i\354"
 265      D8D7B0C7 
 265      296C5582 
 265      377A10C5 
 265      5C69EC
 266 0704 FABC5125 		.ascii	"\372\274Q%\214\262\2562\264\355J\011\270\273J\3234\322"
 266      8CB2AE32 
 266      B4ED4A09 
 266      B8BB4AD3 
 266      34D2
 267 0716 558A70F5 		.ascii	"U\212p\365nwW!\333Qt\0259\211\240\020s\347\307\344\021"
 267      6E775721 
 267      DB517415 
 267      3989A010 
 267      73E7C7E4 
 268 072b F2E84FDA 		.ascii	"\362\350O\3322\350\347\331Q\212&u\224b\251\243\024\323"
 268      32E8E7D9 
 268      518A2675 
 268      9462A9A3 
 268      14D3
 269 073d 8E527E6C 		.ascii	"\216R~l\240\331Kx\316\312\247\260\257\341\262\324O~"
 269      A0D94B78 
 269      CECAA7B0 
ARM GAS  /tmp/ccGNttfq.s 			page 21


 269      AFE1B2D4 
 269      4F7E
 270 074f 4E5EFEB7 		.ascii	"N^\376\267c\276\263b\350#o \273\033F\2624B\232\027\305"
 270      63BEB362 
 270      E8236F20 
 270      BB1B46B2 
 270      34429A17 
 271 0764 9EA87A10 		.ascii	"\236\250z\020\316\240\201\344os\332\255\2330ew9 w\227"
 271      CEA081E4 
 271      6F73DAAD 
 271      9B306577 
 271      39207797 
 272 0778 FD3C2DBA 		.ascii	"\375<-\272\326'U\343~B&5\244*s\034\030TAp  \0344{\345"
 272      D62755E3 
 272      7E422635 
 272      A42A731C 
 272      18544170 
 273 0792 3FD31C94 		.ascii	"?\323\034\224c\200JyA\376s\236#\242\371\301\177\221"
 273      63804A79 
 273      41FE739E 
 273      23A2F9C1 
 273      7F91
 274 07a4 617C56D3 		.ascii	"a|V\323;\3757+\026\211\302,\016\346\323\346\005exX\345"
 274      3BFD372B 
 274      1689C22C 
 274      0EE6D3E6 
 274      05657858 
 275 07b9 D4DF413C 		.ascii	"\324\337A<\313\3772\207\371\371\247\257{t(\240\266K"
 275      CBFF3287 
 275      F9F9A7AF 
 275      7B7428A0 
 275      B64B
 276 07cb 707E2F0D 		.ascii	"p~/\015\341"
 276      E1
 277 07d0 21DAA10E 		.ascii	"!\332\241\016\310\035\252\"\357\322\230\217F\262\235"
 277      C81DAA22 
 277      EFD2988F 
 277      46B29D
 278 07df F243B64B 		.ascii	"\362C\266K\207\213\237\371z\332\256x\225\355\003\343"
 278      878B9FF9 
 278      7ADAAE78 
 278      95ED03E3 
 279 07ef 3D4E9FB7 		.ascii	"=N\237\267\212\304+\325b\365\323\233\277\315\331P-:"
 279      8AC42BD5 
 279      62F5D39B 
 279      BFCDD950 
 279      2D3A
 280 0801 16C161AC 		.ascii	"\026\301a\254\203}\230\030\370\377\304c\351\036\034"
 280      837D9818 
 280      F8FFC463 
 280      E91E1C
 281 0810 F91BCFC1 		.ascii	"\371\033\317\301\027\374[\334\257CCu\354c\217\327\255"
 281      17FC5BDC 
 281      AF434375 
 281      EC638FD7 
 281      AD
 282 0821 35C7E8D6 		.ascii	"5\307\350\326\331\343\022\342u\026{l\254\335\246{\307"
ARM GAS  /tmp/ccGNttfq.s 			page 22


 282      D9E312E2 
 282      75167B6C 
 282      ACDDA67B 
 282      C7
 283 0832 B04CBFEC 		.ascii	"\260L\277\354\023\235\355\037\321\226P\213\372\317\313"
 283      139DED1F 
 283      D196508B 
 283      FACFCB
 284 0841 DF9BAD0F 		.ascii	"\337\233\255\017\013\3434&Sb\264-a~\270)a\023\350\326"
 284      0BE33426 
 284      5362B42D 
 284      617EB829 
 284      6113E8D6 
 285 0855 DA63AD3A 		.ascii	"\332c\255:\263%\336\032\022c^\255[l\267$\306Zmhb\245"
 285      B325DE1A 
 285      12635EAD 
 285      5B6CB724 
 285      C65A6D68 
 286 086b D51CBB54 		.ascii	"\325\034\273T\027a\211\211^\027o5YC\326%Z>\016\327\255"
 286      17618989 
 286      5E176F35 
 286      5943D625 
 286      5A3E0ED7 
 287 0880 B4DB63E2 		.ascii	"\264\333c\342u\037Z,!\346\270\330\020\233\335f\015\261"
 287      751F5A2C 
 287      21E6B8D8 
 287      109BDD66 
 287      0DB1
 288 0892 9A574787 		.ascii	"\232WG\207,\014\011\237\027\2660\344\357\013Bb\315\037"
 288      2C0C099F 
 288      17B630E4 
 288      EF0B4262 
 288      CD1F
 289 08a4 D9E37493 		.ascii	"\331\343t\223fu\3216KL\342\032\253.\326lY\033m\263\352"
 289      6675D136 
 289      4B4CE21A 
 289      AB2ED66C 
 289      591B6DB3 
 290 08b9 4C6BAC1F 		.ascii	"Lk\254\037\230\023c\022L\011\353\327Y\343C\327rj\231"
 290      98136312 
 290      4C09EBD7 
 290      59E343D7 
 290      726A99
 291 08cc D03FFFAF 		.ascii	"\320?\377\257|\342\327\307\353L\361\011k\3209\222\230"
 291      7CE2D7C7 
 291      EB4CF109 
 291      6BD03992 
 291      98
 292 08dd 41CE29C2 		.ascii	"A\316)\302f^\035c]e\265$\330\343~\363\372\207\313\375"
 292      665E1D63 
 292      5D65B524 
 292      D8E37EF3 
 292      FA87CBFD 
 293 08f1 84DC1747 		.ascii	"\204\334\027G\307\273W\007\222\021\2435\301\270>>\301"
 293      C7BB5707 
 293      9211A335 
 293      C1B83E3E 
ARM GAS  /tmp/ccGNttfq.s 			page 23


 293      C1
 294 0902 1ABBC46C 		.ascii	"\032\273\304l[\023c\215\213\212\213\266\307E'\254\247"
 294      5B13638D 
 294      8B8A8BB6 
 294      C74527AC 
 294      A7
 295 0913 BEF43156 		.ascii	"\276\3641Vs\\\224\325\206\376?\3641D\030#\014\253\""
 295      735C94D5 
 295      86FE3FF4 
 295      31441823 
 295      0CAB22
 296 0926 162F703D 		.ascii	"\026/p=\315WE\352\243\014.5\\\025i\2142\250\015L\013"
 296      CD5745EA 
 296      A30C2E35 
 296      5C15698C 
 296      32A80D4C 
 297 093b C3C908F7 		.ascii	"\303\311\010\367\344<\234\2140\360\221Q\277\362\344"
 297      E43C9C8C 
 297      30F09151 
 297      BFF2E4
 298 094a 6CFD2441 		.ascii	"l\375$A\247_f\2144\272vl\261\307YM\226\330y\270]\237"
 298      A75F668C 
 298      34BA766C 
 298      B1C7594D 
 298      96D879B8 
 299 0960 E5AB22F5 		.ascii	"\345\253\"\365\246\225\030\001\301\270$\312e)L\320\353"
 299      A6951801 
 299      C1B824CA 
 299      65294CD0 
 299      EB
 300 0971 0D82516F 		.ascii	"\015\202Qo\360z'\322\2407\240\033\243\301K\037\365^"
 300      F07A27D2 
 300      A037A01B 
 300      A3C14B1F 
 300      F55E
 301 0983 E4622FE3 		.ascii	"\344b/\343\022|V\033\365\177\244\253\374M\246\017\022"
 301      127C561B 
 301      F57FA4AB 
 301      FC4DA60F 
 301      12
 302 0994 6D169329 		.ascii	"m\026\223)\364w\013\302\027\252eMeYk\216\373\037\276"
 302      F4770BC2 
 302      17AA654D 
 302      65596B8E 
 302      FB1FBE
 303 09a7 538726   		.ascii	"S\207&"
 304              		.text
 305              		.section	.gnu.lto_.symtab.f00cb00da966a68b,"",%progbits
 306 0000 6E766963 		.ascii	"nvicEnableVector\000"
 306      456E6162 
 306      6C655665 
 306      63746F72 
 306      00
 307 0011 00       		.ascii	"\000"
 308 0012 00       		.ascii	"\000"
 309 0013 00       		.ascii	"\000"
 310 0014 00000000 		.ascii	"\000\000\000\000\000\000\000\000"
ARM GAS  /tmp/ccGNttfq.s 			page 24


 310      00000000 
 311 001c C7000000 		.ascii	"\307\000\000\000"
 312 0020 6E766963 		.ascii	"nvicDisableVector\000"
 312      44697361 
 312      626C6556 
 312      6563746F 
 312      7200
 313 0032 00       		.ascii	"\000"
 314 0033 00       		.ascii	"\000"
 315 0034 00       		.ascii	"\000"
 316 0035 00000000 		.ascii	"\000\000\000\000\000\000\000\000"
 316      00000000 
 317 003d CB000000 		.ascii	"\313\000\000\000"
 318 0041 6E766963 		.ascii	"nvicSetSystemHandlerPriority\000"
 318      53657453 
 318      79737465 
 318      6D48616E 
 318      646C6572 
 319 005e 00       		.ascii	"\000"
 320 005f 00       		.ascii	"\000"
 321 0060 00       		.ascii	"\000"
 322 0061 00000000 		.ascii	"\000\000\000\000\000\000\000\000"
 322      00000000 
 323 0069 CD000000 		.ascii	"\315\000\000\000"
 324 006d 6E766963 		.ascii	"nvicClearPending\000"
 324      436C6561 
 324      7250656E 
 324      64696E67 
 324      00
 325 007e 00       		.ascii	"\000"
 326 007f 00       		.ascii	"\000"
 327 0080 00       		.ascii	"\000"
 328 0081 00000000 		.ascii	"\000\000\000\000\000\000\000\000"
 328      00000000 
 329 0089 CF000000 		.ascii	"\317\000\000\000"
 330              		.text
 331              		.section	.gnu.lto_.opts,"",%progbits
 332 0000 272D666D 		.ascii	"'-fmath-errno' '-fsigned-zeros' '-ftrapping-math' '"
 332      6174682D 
 332      6572726E 
 332      6F272027 
 332      2D667369 
 333 0033 2D666E6F 		.ascii	"-fno-trapv' '-fno-openmp' '-fno-openacc' '-mcpu=cor"
 333      2D747261 
 333      70762720 
 333      272D666E 
 333      6F2D6F70 
 334 0066 7465782D 		.ascii	"tex-m0' '-mno-thumb-interwork' '-mthumb' '-O2' '-fo"
 334      6D302720 
 334      272D6D6E 
 334      6F2D7468 
 334      756D622D 
 335 0099 6D69742D 		.ascii	"mit-frame-pointer' '-falign-functions=16' '-ffuncti"
 335      6672616D 
 335      652D706F 
 335      696E7465 
 335      72272027 
ARM GAS  /tmp/ccGNttfq.s 			page 25


 336 00cc 6F6E2D73 		.ascii	"on-sections' '-fdata-sections' '-fno-common' '-flto"
 336      65637469 
 336      6F6E7327 
 336      20272D66 
 336      64617461 
 337 00ff 2700     		.ascii	"'\000"
 338              		.text
 339              		.comm	__gnu_lto_v1,1,1
 340              		.comm	__gnu_lto_slim,1,1
 341              		.ident	"GCC: (GNU Tools for Arm Embedded Processors 7-2017-q4-major) 7.2.1 20170904 (release) [ARM
ARM GAS  /tmp/ccGNttfq.s 			page 26


DEFINED SYMBOLS
                            *ABS*:0000000000000000 nvic.c
                            *COM*:0000000000000001 __gnu_lto_v1
                            *COM*:0000000000000001 __gnu_lto_slim

NO UNDEFINED SYMBOLS
