ARM GAS  /tmp/ccAex14k.s 			page 1


   1              		.cpu cortex-m0
   2              		.eabi_attribute 20, 1
   3              		.eabi_attribute 21, 1
   4              		.eabi_attribute 23, 3
   5              		.eabi_attribute 24, 1
   6              		.eabi_attribute 25, 1
   7              		.eabi_attribute 26, 1
   8              		.eabi_attribute 30, 2
   9              		.eabi_attribute 34, 0
  10              		.eabi_attribute 18, 4
  11              		.file	"osal.c"
  12              		.section	.gnu.lto_.profile.b226d026e34524fb,"",%progbits
  13 0000 789C6363 		.ascii	"x\234cc```\001bF\006}i\000\000\361\000V"
  13      60606001 
  13      6246067D 
  13      690000F1 
  13      0056
  14              		.text
  15              		.section	.gnu.lto_.icf.b226d026e34524fb,"",%progbits
  16 0000 789C6363 		.ascii	"x\234cc``\340c@\000&\206Y\013f\334ed:}\374\365m6\006"
  16      6060E063 
  16      40002686 
  16      590B66DC 
  16      65643A7D 
  17 0019 002D2B06 		.ascii	"\000-+\006'"
  17      27
  18              		.text
  19              		.section	.gnu.lto_.jmpfuncs.b226d026e34524fb,"",%progbits
  20 0000 789C6363 		.ascii	"x\234cc``\250e@\000&\006&FF\346\3729\314\014\214s\230"
  20      6060A865 
  20      40002606 
  20      264646E6 
  20      FA39CC0C 
  21 0017 19591818 		.ascii	"\031Y\030\030\030\017\26002\000\361\237\377\377\377"
  21      180FB030 
  21      3200F19F 
  21      FFFFFF
  22 0026 F333324D 		.ascii	"\36332Maf\234\326z\350<{7\363\034f&F\006\306\315\214"
  22      61669CD6 
  22      7AE83C7B 
  22      37F31C66 
  22      264606C6 
  23 003c 3220CC54 		.ascii	"2 \314T\311\210PZ\317\300\204\337\020\034\272\030\000"
  23      C988505A 
  23      CFC084DF 
  23      101CBA18 
  23      00
  24 004d 25391C13 		.ascii	"%9\034\023"
  25              		.text
  26              		.section	.gnu.lto_.inline.b226d026e34524fb,"",%progbits
  27 0000 789C6363 		.ascii	"x\234cc``X\310\200\000L\014\014\002\242\214,\014\012"
  27      606058C8 
  27      80004C0C 
  27      0C02A28C 
  27      2C0C0A
  28 0013 69539819 		.ascii	"iS\230\031\247\265\036:\317\336\315<\207\231\231\221"
  28      A7B51E3A 
ARM GAS  /tmp/ccAex14k.s 			page 2


  28      CFDECD3C 
  28      87999991 
  29 0023 817133A3 		.ascii	"\201q3\243\0143\003\203B&\214\301\310\000&\230\0318"
  29      0C330383 
  29      42268CC1 
  29      C8002698 
  29      1938
  30 0035 800CB605 		.ascii	"\200\014\266\005\362L\014\214/\330\025\230\030X;\324"
  30      F24C0C8C 
  30      2FD81598 
  30      18583BD4 
  31 0045 1518384F 		.ascii	"\025\0308O.\002\032\302\330\313\254\300\302\304\300"
  31      2E021AC2 
  31      D8CBACC0 
  31      C2C4C0
  32 0054 BC9C5301 		.ascii	"\274\234S\001\314\001\262\201\200\231\207\201\205\201"
  32      CC01B281 
  32      80998781 
  32      8581
  33 0062 6982DF04 		.ascii	"i\202\337\004?&\006~SF&$\243X\370o\234da`\357P\007\033"
  33      3F26067E 
  33      53462624 
  33      A358F86F 
  33      9C646160 
  34 007a C6012121 		.ascii	"\306\001!!z\030!Z\030\000\320R\027."
  34      7A18215A 
  34      1800D052 
  34      172E
  35              		.text
  36              		.section	.gnu.lto_.pureconst.b226d026e34524fb,"",%progbits
  37 0000 789C6363 		.ascii	"x\234cc```\005b&\006)&)\000\000\376\000D"
  37      60606005 
  37      62260629 
  37      26290000 
  37      FE0044
  38              		.text
  39              		.section	.gnu.lto_osalThreadDequeueNextI.b226d026e34524fb,"",%progbits
  40 0000 789C8554 		.ascii	"x\234\205Tmk\024W\024\276\317=\363\226\0357\361\203"
  40      6D6B1457 
  40      14BECF3D 
  40      F3961D37 
  40      F183
  41 0012 5F04A50B 		.ascii	"_\004\245\013\032\202\024\262\205\366g\370#*\375\240"
  41      1A8214B2 
  41      85F667F8 
  41      232AFDA0 
  42 0022 825ADB88 		.ascii	"\202Z\333\210_w\362:\211/\330\006\223\302t*\203i\214"
  42      5F77F23A 
  42      892FD806 
  42      93C2742A 
  42      83698C
  43 0035 605F0CD5 		.ascii	"`_\014\325\304]S\035w[\337\232\215QcW4\354\007\245["
  43      C45D531D 
  43      775BDF9A 
  43      8D516357 
  43      34EC07A5 
  44 004a 12AC5028 		.ascii	"\022\254P(\371Pt\355\271w\306\232\306\242\303\356\235"
ARM GAS  /tmp/ccAex14k.s 			page 3


  44      F95074ED 
  44      B977C69A 
  44      C6A2C3EE 
  44      9D
  45 005b FB72CE79 		.ascii	"\373r\316y\316\363\234s\307\022Bl7\205x\217\337\037"
  45      CEF39C73 
  45      C712426C 
  45      3785788F 
  45      DF1F
  46 006d F21F8E80 		.ascii	"\362\037\216\200\374lN\210nGJ{\350\035\341e,?/\274u"
  46      FC6C4E88 
  46      6E474A7B 
  46      E81DE165 
  46      2C3F2FBC 
  47 0082 36486D83 		.ascii	"6Hm\203\244\261\350\362\256y\256,x\333\200\225X\233"
  47      A4B1E8F2 
  47      AE79AE2C 
  47      78DB8095 
  47      589B
  48 0094 C9F915C7 		.ascii	"\311\371\025\307\002\324\304s \012\322&\303\264P\220"
  48      02D4C473 
  48      200AD226 
  48      C3B45090 
  49 00a4 24D2E708 		.ascii	"$\322\347\010\035'\224\375FQn\233\360\370\211\277X\331"
  49      1D2794FD 
  49      46516E9B 
  49      F0F889BF 
  49      58D9
  50 00b6 E89D8E11 		.ascii	"\350\235\216\021\262\305hj\205\037\260\215\255n\367"
  50      B2C5686A 
  50      851FB08D 
  50      AD6EF7
  51 00c5 9D0DE930 		.ascii	"\235\015\3510\205\004\030\274\374\263\032<nUK\211\034"
  51      850418BC 
  51      FCB31A3C 
  51      6E554B89 
  51      1C
  52 00d6 2F17BFAC 		.ascii	"/\027\277\2547[h\013\004\317\373\353\265\013n\307\270"
  52      375B680B 
  52      04CFFBEB 
  52      B50B6EC7 
  52      B8
  53 00e7 E7F578F1 		.ascii	"\347\365x\361_\343\344m\015\2110\005\342\2008\217M8"
  53      5FE3E46D 
  53      0D893005 
  53      E280388F 
  53      4D38
  54 00f9 874D82B7 		.ascii	"\207M\202\267\004\246\321\301\346\263g\2135\203:\264"
  54      04A6D1C1 
  54      E6B3678B 
  54      35833AB4 
  55 0109 EBC854EF 		.ascii	"\353\310T\357iR\256\234\312\354\204v5pa\255\253!PD\207"
  55      6952AE9C 
  55      CAEC8476 
  55      357061AD 
  55      AB215044 
  56 011e B21FFE66 		.ascii	"\262\037\376f\276f\321\273\332\327\277{\246\344\266"
ARM GAS  /tmp/ccAex14k.s 			page 4


  56      BE66D1BB 
  56      DAD7BF7B 
  56      A6E4B6
  57 012d 8F69D886 		.ascii	"\217i\330\206o\006^\334\227\013\311D\351\277\356\352"
  57      6F065EDC 
  57      970BC944 
  57      E9BFEEEA 
  58 013d 61EB4793 		.ascii	"a\353G\223\315\221\254e\340\"\332\243\227d1\003\013"
  58      CD91AC65 
  58      E022DAA3 
  58      97643103 
  58      0B
  59 014e 7C36707C 		.ascii	"|6p|~\322\241N\035u\351\322\323)'\215\332\364\3554\252"
  59      7ED2A14E 
  59      1D75E9D2 
  59      D329278D 
  59      DAF4ED34 
  60 0163 851FDF18 		.ascii	"\205\037\337\030\365\022\332u4\216y\231c\012!\025\220"
  60      F512DA75 
  60      348E7999 
  60      630A2115 
  60      90
  61 0174 DAFEFE8E 		.ascii	"\332\376\376\216\031{\315\027\276\027\327\177\307\304"
  61      197BCD17 
  61      BE17D77F 
  61      C7C4
  62 0182 D851B481 		.ascii	"\330Q\264\201\031\331\222\007\223\324\314P\203)\224"
  62      19D99207 
  62      93D4CC50 
  62      832994
  63 0191 AD0D2511 		.ascii	"\255\015%\021\267\000\373f\364\216\253\307,4\1771\310"
  63      B700FB66 
  63      F48EABC7 
  63      2C347F31 
  63      C8
  64 01a2 49CF6CF6 		.ascii	"I\317l\366b1D\222'\275\261XF\317\337~\365XFa\007\344"
  64      62314492 
  64      27BDB158 
  64      46CFDF7E 
  64      F5584661 
  65 01b8 7046A3FD 		.ascii	"pF\243\375\345[\266\252\023i:3\345\352U+\302\211nV8"
  65      E55BB6AA 
  65      13693A33 
  65      E5EA552B 
  65      C2896E56 
  66 01cd 6A286827 		.ascii	"j(h' \033\261\242\300\307\013\376\375\272\233\377V\351"
  66      201BB1A2 
  66      C0C70BFE 
  66      FDBA9BFF 
  66      56E9
  67 01df CF2C5B70 		.ascii	"\317,[p\005\021F(%w\246\272\\\267\012\317\325a4\005"
  67      05114628 
  67      2577A6BA 
  67      5CB70ACF 
  67      D5613405 
  68 01f3 256D1979 		.ascii	"%m\031yfXAA4\320\023\235\204\026\220\223ehN\245\\Zj"
  68      66584141 
ARM GAS  /tmp/ccAex14k.s 			page 5


  68      34D0139D 
  68      84169093 
  68      65684EA5 
  69 020a B6269960 		.ascii	"\266&\231`\015t\356-\270?\255\306\375\374\306|%\313"
  69      0D74EE2D 
  69      B83FADC6 
  69      FDFCC67C 
  69      25CB
  70 021c 877DDDEA 		.ascii	"\207}\335\3520\203\237\221\037a6\214|\225\361\177C\337"
  70      30839F91 
  70      1F61368C 
  70      7C95F17F 
  70      43DF
  71 022e 5CE58357 		.ascii	"\\\345\203W0\377\022\316@\340ZZ\232A\262\305\242\213"
  71      30FF12CE 
  71      40E05A5A 
  71      9A41B2C5 
  71      A28B
  72 0240 21EE3ABE 		.ascii	"!\356:\276\015,T\003RK\031\220\251D+-\035\032\313\250"
  72      0D2C5403 
  72      524B1990 
  72      A9442B2D 
  72      1D1ACBA8 
  73 0254 52052457 		.ascii	"R\005$W\307\260^\027\355 k\346\262\033\256\377o\356"
  73      C7B05E17 
  73      ED206BE6 
  73      B21BAEFF 
  73      6FEE
  74 0266 EB7043E7 		.ascii	"\353pC\347.\223\334\277\373\243g\316H\016\243SZ\263"
  74      2E93DCBF 
  74      FBA367CE 
  74      480EA353 
  74      5AB3
  75 0278 9B2A7BDD 		.ascii	"\233*{\335m\277$\331?\250, \205V\272\361\263\002\223"
  75      6DBF24D9 
  75      3FA82C20 
  75      8556BAF1 
  75      B30293
  76 028b 5D6BDDB5 		.ascii	"]k\335\265GH]_T\214\220\262\021_\020n~\035\370\304\360"
  76      47485D5F 
  76      548C90B2 
  76      115F106E 
  76      7E1DF8C4 
  77 02a0 D75E1B17 		.ascii	"\327^\033\027c\220OW8p+fu1\252(\330\303\255\001\271"
  77      63904F57 
  77      38702B66 
  77      7531AA28 
  77      D8C3AD01 
  78 02b5 E683C675 		.ascii	"\346\203\306upg\030L\\w\006\227\343\360c+A\242\325$"
  78      7067184C 
  78      5C770697 
  78      E3F0632B 
  78      41A2D524 
  79 02c9 CDD748AA 		.ascii	"\315\327H\252\032\250\362\314\245\024\177\235.M\257"
  79      1AA8F2CC 
  79      A5147F9D 
  79      2E4DAF
ARM GAS  /tmp/ccAex14k.s 			page 6


  80 02d8 AEC02D4D 		.ascii	"\256\300-MQ\227`\236Q\227\321;:0d&\241\215$\372y\177"
  80      5197609E 
  80      5197D13B 
  80      3A306426 
  80      A18D24FA 
  81 02ee 76329394 		.ascii	"v2\223\224\001\270\315q8\201\205C\232\350ZE\367\211"
  81      01B8CD71 
  81      38818543 
  81      9AE85A45 
  81      F789
  82 0300 B7C0DD79 		.ascii	"\267\300\335y\005w\027y\206\020O\320\037]>\262QES\016"
  82      05771779 
  82      86104FD0 
  82      1F5D3EB2 
  82      5145530E 
  83 0314 C5E29387 		.ascii	"\305\342\223\2076\213\341\204\3246\252\014\261\300="
  83      368BE184 
  83      D436AA0C 
  83      B1C03D
  84 0323 195026A0 		.ascii	"\031P&\240lH\353\225\242<\345\373\305z\230\202?\225"
  84      6C48EB95 
  84      A23CE5FB 
  84      C57A9882 
  84      3F95
  85 0335 5A90DE70 		.ascii	"Z\220\336p`\374\375$iUP\365Q{\366\325tK\362\215\333"
  85      60FCFD24 
  85      695550F5 
  85      517BF6D5 
  85      744BF28D 
  86 034a 807B9C0D 		.ascii	"\200{\234\015\267uN\337`\335*\256P\001\254\344\252="
  86      B7754EDF 
  86      60DD2AAE 
  86      5001ACE4 
  86      AA3D
  87 035c 8514696F 		.ascii	"\205\024io\201wx\221\353\354\314'\277\217\273\362\273"
  87      81777891 
  87      EBECCC27 
  87      BF8FBBF2 
  87      BB
  88 036d 76ECE117 		.ascii	"v\354\341\027\017\373v'\223\316\217\004\035\370d?\355"
  88      0FFB7627 
  88      93CE8F04 
  88      1DF8643F 
  88      ED
  89 037e EDDA29BB 		.ascii	"\355\332)\273\366\313\003\237\376\003\325\217\276\007"
  89      F6CB039F 
  89      FE03D58F 
  89      BE07
  90              		.text
  91              		.section	.gnu.lto_osalThreadDequeueAllI.b226d026e34524fb,"",%progbits
  92 0000 789C8554 		.ascii	"x\234\205TmO\034U\024\276g\316\274\261/,\255\306\230"
  92      6D4F1C55 
  92      14BE67CE 
  92      BCB12F2C 
  92      ADC698
  93 0013 94181225 		.ascii	"\224\030\022%\2441a\223\306\017&\376\032\333\017\326"
  93      A4316193 
ARM GAS  /tmp/ccAex14k.s 			page 7


  93      C60F26FE 
  93      1ADB0FD6 
  94 0023 4469153E 		.ascii	"Di\025>\273\003\013,F\213\206\024L\226\261\031[\033"
  94      BB030B2C 
  94      468B8614 
  94      4C96B119 
  94      5B1B
  95 0035 9A546D49 		.ascii	"\232TmIa\267\273\224vX\260E\344\255\264e\253n\366C\211"
  95      61B7BB94 
  95      7658B045 
  95      E4ADB465 
  95      AB6EF643 
  96 004a AB209234 		.ascii	"\253 \2224!\233X\355\3529\367N\355\026I\234\354\316"
  96      219B58ED 
  96      EA39F74E 
  96      ED16499C 
  96      ECCE
  97 005c DCB9F73C 		.ascii	"\334\271\367<\347y\316s\356\\S\010\0211\205x\215\236"
  97      E779CE73 
  97      EE5C5308 
  97      11318578 
  97      8D9E
  98 006e 47E90FB6 		.ascii	"G\351\017\266\000\355\323e!\272m\015L5@M_\211\012'd"
  98      00EDD365 
  98      21BA6D0D 
  98      4C35404D 
  98      5F890A27 
  99 0083 CCF84238 		.ascii	"\314\370B8\021\035\0145o\250\200\031\333\324p\242@K"
  99      111D0C35 
  99      6FA88019 
  99      DBD470A2 
  99      404B
 100 0095 21AB14A6 		.ascii	"!\253\024\246\000\013\200\347\035\033DBC\3350-Hh\304"
 100      000B80E7 
 100      1D1B4442 
 100      43DD302D 
 100      4868C4
 101 00a8 A1AE8FF1 		.ascii	"\241\256\217\3614B!U\311i\207\307\034\272\374\317v\315"
 101      34422155 
 101      C96987C7 
 101      1CBAFCCF 
 101      76CD
 102 00ba 7EA7EF45 		.ascii	"~\247\357E\027\205\030A\025\003W\3400E\335\356\275\354"
 102      17851841 
 102      150357E0 
 102      3045DDEE 
 102      BDEC
 103 00cc E247E822 		.ascii	"\342G\350\"\200N\257\017\227\322\033\215\374\252A\013"
 103      804EAF0F 
 103      97D21B8D 
 103      FCAA410B 
 104 00dc BD9646CB 		.ascii	"\275\226F\313\265\006|\031\004\215\373\312\305\253\341"
 104      B5067C19 
 104      048DFBCA 
 104      C5ABE1
 105 00eb B6F38ED3 		.ascii	"\266\363\216\323\343\370\333\347\321y\305E\204\014 "
 105      E3F8DBE7 
ARM GAS  /tmp/ccAex14k.s 			page 8


 105      D179C545 
 105      840C20
 106 00fa 25844968 		.ascii	"%\204Ih\206\011h\0264% \013m\024\276x9W\324\261MB\207"
 106      86096816 
 106      3425200B 
 106      6D14BE78 
 106      3957D4B1 
 107 0111 33C90BC8 		.ascii	"3\311\013\310P\22227&\241:\\\335\013\325\005\344\240"
 107      50923237 
 107      26A13A5C 
 107      DD0BD505 
 107      E4A0
 108 0123 8DE3B3E9 		.ascii	"\215\343\263\351\232\257\343\253\022[\033\\\370-\324"
 108      9AAFE3AB 
 108      125B1B5C 
 108      F82DD4
 109 0132 7A4E6277 		.ascii	"zNbwF\017~\221t\346\035\335E\003\362\317\342\371\242"
 109      460F7E91 
 109      74E61DDD 
 109      4503F2CF 
 109      E2F9A2
 110 0145 F0FED3AB 		.ascii	"\360\376\323\253\3436\306%t\363\372N\306f()\256\214"
 110      E336C625 
 110      74F3FA4E 
 110      C6662829 
 110      AE8C
 111 0157 369F0DA0 		.ascii	"6\237\015\240&\\\333\027:\364\325j\321\304#\022\232"
 111      265CDB17 
 111      3AF4D56A 
 111      D1C42312 
 111      9A
 112 0168 BA73311F 		.ascii	"\272s1\037\016\240\345\321\246'P\013\256\357\013}0^"
 112      0EA0E5D1 
 112      A627500B 
 112      AEEF0B7D 
 112      305E
 113 017a 1B8E9A3A 		.ascii	"\033\216\232:\334\200V\230\246\377\024\264zO\274\006"
 113      DC805698 
 113      A6FF14B4 
 113      7A4FBC06 
 114 018a 1F4C0142 		.ascii	"\037L\001B`\375\352\2455\303wj\177\247\034\177\375\320"
 114      60FDEAA5 
 114      35C3776A 
 114      7FA71C7F 
 114      FDD0
 115 019c E389DD03 		.ascii	"\343\211\335\003M@\006X\232\340uJO\021\272\274S\237"
 115      4D400658 
 115      9AE0754A 
 115      4F11BABC 
 115      539F
 116 01ae C94EDA30 		.ascii	"\311N\3320\204\015\311\231\210\274G\201\275\212\311"
 116      840DC999 
 116      88BC4781 
 116      BD8AC9
 117 01bd 78210688 		.ascii	"x!\006\210\247\024v|\361!j4H\372b\013z\036\245\246\263"
 117      A714767C 
 117      F1216A34 
ARM GAS  /tmp/ccAex14k.s 			page 9


 117      48FA620B 
 117      7A1EA5A6 
 118 01d2 1E307B1A 		.ascii	"\0360{\032m\3228\322WX\261\270\265(+\274VX\272izp\246"
 118      6DD238D2 
 118      5758B1B8 
 118      B5282BBC 
 118      5658BA69 
 119 01e9 9B8CF52A 		.ascii	"\233\214\365*Lo\247\251\276\031.\212\226\357\246\356"
 119      4C6FA7A9 
 119      BE192E8A 
 119      96EFA6EE 
 120 01f9 97C3F1AF 		.ascii	"\227\303\361\257\331\366\026\027\033\240\000\036\014"
 120      D9F61617 
 120      1BA0001E 
 120      0C
 121 0206 6350EEC5 		.ascii	"cP\356\305\245\255\262\231x\314\213^\006\330\226Y\210"
 121      A5ADB299 
 121      78CC8B5E 
 121      06D89659 
 121      88
 122 0217 53A57390 		.ascii	"S\245s\220\020\025\350\361\316JZ\326L\324\244\245\220"
 122      1015E8F1 
 122      CE4A5AD6 
 122      4CD4A4A5 
 122      90
 123 0228 DFBCB111 		.ascii	"\337\274\261\021H\011\325K\261\376+\245\203\2244\260"
 123      4809D54B 
 123      B1FE2BA5 
 123      839434B0 
 124 0238 926F0325 		.ascii	"\222o\003%\353\331|6JJz\273YI\010nJ%\300\316\336\"V"
 124      EBD97C36 
 124      4A4A7ABB 
 124      5949086E 
 124      4A25C0CE 
 125 024f E67B49D2 		.ascii	"\346{I\322M1]\210\351v\177\235\3370yno\362\027\376'"
 125      4D315D88 
 125      E9767F9D 
 125      DF30796E 
 125      6FF217FE 
 126 0264 F7FCD3DC 		.ascii	"\367\374\323\334\337A\234\002.m\347\376\210\262\322"
 126      DF419C02 
 126      2E6DE7FE 
 126      88B2D2
 127 0273 30085820 		.ascii	"0\010X \024\323\215\015\312\344\354}}1\021YL.\267\375"
 127      14D38D0D 
 127      CAE4EC7D 
 127      7D311159 
 127      4C2EB7FD 
 128 0287 9345DED8 		.ascii	"\223E\336\3304\341q*\232\233H>\034j$\015dU\024\026!"
 128      34E1712A 
 128      9A9B483E 
 128      1C6A240D 
 128      64551416 
 129 029c 01DF07FC 		.ascii	"\001\337\007\374\231[\245?m\345\262\327\341b#,I\001"
 129      995BA53F 
 129      6DE5B2D7 
 129      E162232C 
ARM GAS  /tmp/ccAex14k.s 			page 10


 129      4901
 130 02ae 9AB2F9C2 		.ascii	"\232\262\371\302\374\251+\215\224j\200V\217\272\030"
 130      FCA92B8D 
 130      946A8056 
 130      8FBA18
 131 02bd 8365E9F2 		.ascii	"\203e\351\362\012\271,\250\325(\350DP\275\316o.nX\312"
 131      0AB92CA8 
 131      D528E844 
 131      50BDCE6F 
 131      2E6E58CA 
 132 02d1 5FA89764 		.ascii	"_\250\227d\356\357oS\232\276\357\325};}\000nK\011\250"
 132      EEEF6F53 
 132      9ABEEFD5 
 132      7D3B7D00 
 132      6E4B09A8 
 133 02e5 247CF37B 		.ascii	"$|\363{\317\262\036\010\374\200\373\265\006\361a\372"
 133      CFB21E08 
 133      FC80FBB5 
 133      06F161FA 
 134 02f5 5249C61D 		.ascii	"RI\306\035\022\3633\364\3768;\027t\026\270\331BJ\323"
 134      12F333F4 
 134      FE383B17 
 134      7416B8D9 
 134      424AD3
 135 0308 C582DA85 		.ascii	"\305\202\332\205\311\221\376SS\307\325z$\215|\304L\246"
 135      C991FE53 
 135      53C7D57A 
 135      248D7CC4 
 135      4CA6
 136 031a 16C7432C 		.ascii	"\026\307C,\316\000\200\273\312\322\226\247\015\214\210"
 136      CE0080BB 
 136      CAD296A7 
 136      0D8C88
 137 0329 6DE8F37E 		.ascii	"m\350\363~\031\224\345\3541\364\340\010\033\012\367"
 137      1994E5EC 
 137      31F4E008 
 137      1B0AF7
 138 0338 C800AA20 		.ascii	"\310\000\252 \215Q\027\237\223|F`E\0054\241\322 \223"
 138      8D51179F 
 138      937C4660 
 138      450534A1 
 138      D22093
 139 034b BBFD936F 		.ascii	"\273\375\223o(\356\030\305\363\361\366\327\347\331\006"
 139      28EE18C5 
 139      F3F1F6D7 
 139      E7D906
 140 035a 75DA3D0F 		.ascii	"u\332=\017\353\365\334\323\014\212\011Q\005$\231H\371"
 140      EBF5DCD3 
 140      0C8A0951 
 140      05249948 
 140      F9
 141 036b 237ABABA 		.ascii	"#z\272\272\012\224\334\024t\324>\223\\Wc\211\321\330"
 141      0A94DC14 
 141      74D43E93 
 141      5C576389 
 141      D1D8
 142 037d 84E5D975 		.ascii	"\204\345\331u\367\210b\322\353\3757h\327\024\3251Q\005"
ARM GAS  /tmp/ccAex14k.s 			page 11


 142      F78862D2 
 142      EBFD3768 
 142      D714D531 
 142      5105
 143 038f 1650EC2E 		.ascii	"\026P\354.>\200\300\317\261\301C\324r\332#\3776\374"
 143      3E80C0CF 
 143      B1C143D4 
 143      72DA23FF 
 143      36FC
 144 03a1 CCD0974E 		.ascii	"\314\320\227N\254\276\341\367e\303\177\240\263}\215"
 144      ACBEE1F7 
 144      65C37FA0 
 144      B37D8D
 145 03b0 DC8D198F 		.ascii	"\334\215\031\217\252\257WA\247]\256m\235\240\032\015"
 145      AAAF5741 
 145      A75DAE6D 
 145      9DA01A0D 
 146 03c0 AEDD525F 		.ascii	"\256\335R_\374\016m\314s\237\310V\310&\014\220U\245"
 146      FC0E6DCC 
 146      739FC856 
 146      C8260C90 
 146      55A5
 147 03d2 30256E69 		.ascii	"0%nio\217\253\337\211\316\370\3617\337\241\007\335:"
 147      6F8FABDF 
 147      89CEF8F1 
 147      37DFA107 
 147      DD3A
 148 03e4 DE5683F6 		.ascii	"\336V\203\366c\002\273\336;\211\357v\276\205\307:\272"
 148      6302BBDE 
 148      3B89EF76 
 148      BE85C73A 
 148      BA
 149 03f5 B4AEF7B5 		.ascii	"\264\256\367\265\316\223\377\000'$\001\215"
 149      CE93FF00 
 149      2724018D 
 150              		.text
 151              		.section	.gnu.lto_.symbol_nodes.b226d026e34524fb,"",%progbits
 152 0000 789C6363 		.ascii	"x\234cc``\360\007b\006\246\253\014\365\014\014\023\316"
 152      6060F007 
 152      6206A6AB 
 152      0CF50C0C 
 152      13CE
 153 0012 3180A85D 		.ascii	"1\200\250]\015\216\014\014\254\327\031\030\024@2\327"
 153      0D8E0C0C 
 153      ACD71918 
 153      144032D7 
 154 0022 18EA1951 		.ascii	"\030\352\031Qd\030o0\3243\201E\030\030\032\032\034\030"
 154      64186F30 
 154      D4338145 
 154      18181A1A 
 154      1C18
 155 0034 18988170 		.ascii	"\030\230\201p\311\361sl\314L\314\014O\332\356\3113\000"
 155      C9F1736C 
 155      CC4CCC0C 
 155      4FDAEEC9 
 155      3300
 156 0046 00FDD113 		.ascii	"\000\375\321\023\\"
ARM GAS  /tmp/ccAex14k.s 			page 12


 156      5C
 157              		.text
 158              		.section	.gnu.lto_.refs.b226d026e34524fb,"",%progbits
 159 0000 789C6363 		.ascii	"x\234cc``\340\006bF\006&FVF&&F\001\006\000\001\255\000"
 159      6060E006 
 159      62460626 
 159      46564626 
 159      26460106 
 160 0018 31       		.ascii	"1"
 161              		.text
 162              		.section	.gnu.lto_.decls.b226d026e34524fb,"",%progbits
 163 0000 789CBD58 		.ascii	"x\234\275X}P\024G\026\237\236^\226eY\300\003\342yu\324"
 163      7D501447 
 163      169F9E5E 
 163      966559C0 
 163      03E27975 
 164 0015 9DE561B9 		.ascii	"\235\345a\271u9X4\211I\252r)S&\227\313]%W\225\217?\223"
 164      75395834 
 164      8949AA72 
 164      29532697 
 164      CB5D2557 
 165 002d 0D593781 		.ascii	"\015Y7\201\204\257\354.\211\251\253\253\033\276D4\006"
 165      84AFEC2E 
 165      89A9ABAB 
 165      1BBE4434 
 165      06
 166 003e 1451C12F 		.ascii	"\024Q\301/\276D\211\240(\370\011\352\202\202(\002\002"
 166      BE4489A0 
 166      28F809EA 
 166      82822802 
 166      02
 167 004f 2A020BAC 		.ascii	"*\002\013\254\212\240\200\212\340\267\010\367\272{\226"
 167      8AA0808A 
 167      E0B708F7 
 167      BA7B96
 168 005e 19D6DDE8 		.ascii	"\031\326\335\350\335\0377\265of^\367\353\367{\357\365"
 168      DD1F37B5 
 168      6F665EF7 
 168      EBF77BEF 
 168      F5
 169 006f EBD73DAB 		.ascii	"\353\327=\253\3448N\361\033\216\033\304\034\3679\342"
 169      E4384EF1 
 169      1B8E1BC4 
 169      1CF739E2 
 170 007f B849B8E0 		.ascii	"\270I\270\340\225\253&\355@\255@\347\201\264\320W\313"
 170      95AB26ED 
 170      40AD40E7 
 170      81B4D057 
 170      CB
 171 0090 B18BF4BF 		.ascii	"\261\213\364\277\011\374\"\240w\200\340\307}\206\270"
 171      09FC22A0 
 171      7780E0C7 
 171      7D86B8
 172 009f 69D7BF78 		.ascii	"i\327\277x\216\373\025<?\007\362\007\012\224\351\032"
 172      8EFB153C 
 172      3F07F207 
 172      0A94E91A 
ARM GAS  /tmp/ccAex14k.s 			page 13


 173 00af 12F529E1 		.ascii	"\022\365)\341y\026\3504\307t\377\021\332\376\000\364"
 173      7916E834 
 173      C774FF11 
 173      DAFE00F4 
 174 00bf 11901E31 		.ascii	"\021\220\0361{\336\006\362\200\2763@u@\241\300\317\005"
 174      7BDE06F2 
 174      80BE3340 
 174      7540A1C0 
 174      CF05
 175 00d1 FA048817 		.ascii	"\372\004\210\027\355xG|\217EO\333\221\3003lWv\234\020"
 175      ED78477C 
 175      8F454FDB 
 175      91C0336C 
 175      57769C10 
 176 00e5 ED1872B2 		.ascii	"\355\030r\262\203\330\025\007\355\237\312lq\330\346"
 176      83D81507 
 176      ED9FCA6C 
 176      71D8E6
 177 00f4 CA26628B 		.ascii	"\312&b\213\303.b\307\"\231M\337\273\260i-F-\311e\233"
 177      C32E62C7 
 177      22994DDF 
 177      BBB0692D 
 177      462DC965 
 178 0109 F04A8CFC 		.ascii	"\360J\214\374\325H\001\354\355\306\234+\276\300\006"
 178      D54801EC 
 178      EDC69C2B 
 178      BEC006
 179 0118 AAD16C60 		.ascii	"\252\321l`\323\013\227g*1\217\210\344\311\332\234b\357"
 179      D30B9767 
 179      2A318F88 
 179      E4C9DA9C 
 179      62EF
 180 012a D012815D 		.ascii	"\320\022\201]\252\277qh\037\302\0165c\373\373\213\274"
 180      AABF7168 
 180      1FC20E35 
 180      63FBFB8B 
 180      BC
 181 013b F08B5470 		.ascii	"\360\213TpGBE\000\326\321\327\0039\023V\005\3763}OY"
 181      47424500 
 181      D6D1D703 
 181      39135605 
 181      FE337D4F 
 182 0150 55BA5E0D 		.ascii	"U\272^\015\252\225jD\346\326\023\232\372F\036\355W\260"
 182      AA956A44 
 182      E6D6139A 
 182      FA461EED 
 182      57B0
 183 0162 26A27329 		.ascii	"&\242s)4m\316\266\355\361\305o\221\021\374\321\266\203"
 183      346DCEB6 
 183      EDF1C56F 
 183      9111FCD1 
 183      B683
 184 0174 C93E48AB 		.ascii	"\311>H\253.\"\235\326\336\354\205\331#\2020\033\035"
 184      2E229DD6 
 184      DEEC85D9 
 184      2382301B 
 184      1D
ARM GAS  /tmp/ccAex14k.s 			page 14


 185 0185 456A5485 		.ascii	"EjT\2050\332\217B\001\034\006\303}9\021\311M\022\274"
 185      30DA8F42 
 185      011C06C3 
 185      7D3911C9 
 185      4D12BC
 186 0198 FECAA10A 		.ascii	"\376\312\241\012\024\204\312Q\020\207\216 -QM\344P%"
 186      1484CA51 
 186      10878E20 
 186      2D514DE4 
 186      5025
 187 01aa 341E8646 		.ascii	"4\036\206F\200\030}8R\241\300m\210b\224g\216o\360\225"
 187      80187D38 
 187      52A1C06D 
 187      88629467 
 187      8E6FF095 
 188 01be 302A17EC 		.ascii	"0*\027\354K\021\004\036U\003\3061\011\003 \335\201X"
 188      4B11041E 
 188      5503C631 
 188      090320DD 
 188      8158
 189 01d0 5D835C12 		.ascii	"]\203\\\022\036gkp;\015\035\277\261&\277\234\237\002"
 189      1E676B70 
 189      3B0D1DBF 
 189      B126BF9C 
 189      9F02
 190 01e2 B9D5A55D 		.ascii	"\271\325\245]\237J@N\000H\215\004R\355\036\344\270k"
 190      9F4A404E 
 190      00488D04 
 190      52ED1EE4 
 190      B86B
 191 01f4 90A34F26 		.ascii	"\220\243O&\263<\3240\"\3419G\340\237\366&Zy\024\034"
 191      B33CD430 
 191      22E13947 
 191      E09FF626 
 191      5A79141C 
 192 0208 A0CD1792 		.ascii	"\240\315\027\222\023\004\353\300\240\366b\3475AX\243"
 192      1304EBC0 
 192      A0F662E7 
 192      354158A3 
 193 0218 41B560CC 		.ascii	"A\265`\314!0\346$\012\220\264\350\202\300\256\371p\343"
 193      2130E624 
 193      0A90B4E8 
 193      82C0AEF9 
 193      70E3
 194 022a 568B6609 		.ascii	"V\213f\011H!C9(\016\000\030T\017\210u(\230f\004s\264"
 194      48214339 
 194      280E0018 
 194      540F8875 
 194      28986604 
 195 0240 E9E28C04 		.ascii	"\351\342\214\004\030@$8\321I1]\332\322\354\253\274q"
 195      18402438 
 195      D149315D 
 195      DAD2ECAB 
 195      BC71
 196 0252 39A6D139 		.ascii	"9\246\3219\327\261\252]\211\002\264\256!\032@\255{\210"
 196      D7B1AA5D 
 196      8902B4AE 
ARM GAS  /tmp/ccAex14k.s 			page 15


 196      211A40AD 
 196      7B88
 197 0264 FEE62032 		.ascii	"\376\346 2\000\235\006\211SR(\011\"\001\302\365Y\203"
 197      009D0689 
 197      53522809 
 197      2201C2F5 
 197      5983
 198 0276 5755CC5F 		.ascii	"WU\314_\">ykvU+\363\227\2148\000#\032\377\013\1779*"
 198      223E796B 
 198      76552BF3 
 198      978C3800 
 198      231AFF0B 
 199 028d 4D2C6902 		.ascii	"M,i\002K\316L\263d\242\322\237:\333\370\224\263\207"
 199      4BCE4CB3 
 199      64A2D29F 
 199      3ADBF894 
 199      B387
 200 029f B3AA6EA8 		.ascii	"\263\252n\250\260\2359;vpk\233\247[g[@\255{\210\246"
 200      B09D393B 
 200      76706B9B 
 200      A75B675B 
 200      40AD7B88 
 201 02b4 2A252C3C 		.ascii	"*%,<t\026\004\232%_\033E_\321\316\254-K4+\004!\221%"
 201      7416049A 
 201      255F1B45 
 201      5FD1CEAC 
 201      2D4B342B 
 202 02cc 0395932C 		.ascii	"\003\225\223,oE\032\242\211<A\266\375\307\266.%\036"
 202      6F451AA2 
 202      893C41B6 
 202      FDC7B62E 
 202      251E
 203 02de 61361D68 		.ascii	"a6\035h\260=\306\262\364\234\315\322\363<dD\333s\245"
 203      B03DC6B2 
 203      F49CCDD2 
 203      F33C6444 
 203      DB73A5
 204 02f1 E73917C9 		.ascii	"\3479\027\311F\206\003P\353\310\231\315\336\254\276"
 204      46860350 
 204      EBC899CD 
 204      DEACBE
 205 0300 CC0036A7 		.ascii	"\314\0006\247\362\316i\017\306\252\200\265\375\264\366"
 205      F2CE690F 
 205      C6AA80B5 
 205      FDB4F6
 206 030f AA2FBE47 		.ascii	"\252/\276G\315@\335\365\305;I)\232\307\012\204\0374"
 206      CD40DDF5 
 206      C53B4929 
 206      9AC70A84 
 206      1F34
 207 0321 ED1E3EF4 		.ascii	"\355\036>\364\320\2075\021\211\326\364\321BO<\301\254"
 207      D0873511 
 207      89D6F4D1 
 207      424F3CC1 
 207      AC
 208 0332 EEED786C 		.ascii	"\356\355xl\363Ej\355\362)\217e\026u\203E\363D\213:\241"
 208      F3456AED 
ARM GAS  /tmp/ccAex14k.s 			page 16


 208      F2298F65 
 208      16758345 
 208      F3448B3A 
 209 0347 B1031A99 		.ascii	"\261\003\032\231{]\331of\013\302\014d\003\357\272$\357"
 209      7B5DD96F 
 209      660BC20C 
 209      6403EFBA 
 209      24EF
 210 0359 E6A95910 		.ascii	"\346\251Y\020\213\013W\347+q\232\202BTn\274Z\313\273"
 210      8B0B57E7 
 210      2B719A82 
 210      42546EBC 
 210      5ACBBB
 211 036c 83B0BB85 		.ascii	"\203\260\273\205\350\255\234SG\253H/`\364H\0306$\202"
 211      E8AD9C53 
 211      47AB482F 
 211      60F44818 
 211      362482
 212 037f A4EFEB1A 		.ascii	"\244\357\353\032\367\303k\030HJ\363\376\353nA\256\270"
 212      F7C36B18 
 212      484AF3FE 
 212      EB6E41AE 
 212      B8
 213 0390 05B9D515 		.ascii	"\005\271\325\025\274\341\034)\207\227\001\344\222\004"
 213      BCE11C29 
 213      879701E4 
 213      9204
 214 039e D2EB00D9 		.ascii	"\322\353\000\331wz{\243\222\024\207\244\347\322\012"
 214      777A7BA3 
 214      921487A4 
 214      E7D20A
 215 03ad 231EDBD3 		.ascii	"#\036\333\323\227\253\360&j\026\272d;Y\346\213\2672"
 215      97ABF026 
 215      6A16BA64 
 215      3B59E68B 
 215      B732
 216 03bf A62E3DF9 		.ascii	"\246.=\371G5.b\006\337m\031\316V\2723\370\272[\203\233"
 216      47352E62 
 216      06DF6D19 
 216      CE56BA33 
 216      F8BA5B83 
 217 03d4 D67B92EC 		.ascii	"\326{\222\354\275\006\346\016\2700\267 \343n\256\012"
 217      BD06E60E 
 217      B830B720 
 217      E36EAE0A 
 218 03e4 EF6578BB 		.ascii	"\357ex\273\262\317\013\336\362\\>=-\227\207X.\203`j"
 218      B2CF0BDE 
 218      F25C3E3D 
 218      2D978758 
 218      2E83606A 
 219 03f8 DA9E2135 		.ascii	"\332\236!5>\300F\235\261\246\355V\343J\221);\324\256"
 219      3EC0469D 
 219      B1A6ED56 
 219      E34A9129 
 219      3BD4AE
 220 040b C04718D3 		.ascii	"\300G\030\323\275\371\326\230\002W3fwJ_\261\012\222"
 220      BDF9D698 
ARM GAS  /tmp/ccAex14k.s 			page 17


 220      02573366 
 220      774A5FB1 
 220      0A92
 221 041d 2A08F20C 		.ascii	"*\010\362\014\311\222,\210%Y\205u\254T\201O2_\367\224"
 221      C9922C88 
 221      25598575 
 221      AC54814F 
 221      325FF794 
 222 0431 F67D2DDB 		.ascii	"\366}-\333\201BS\350\312\270\003>\214J>\004\211\013"
 222      814253E8 
 222      CAB8033E 
 222      8C4A3E04 
 222      890B
 223 0443 2351100A 		.ascii	"#Q\020\012\004<\213C/\005\2410\210\305\030\304\"H\214"
 223      043C8B43 
 223      2F05A130 
 223      88C518C4 
 223      22488C
 224 0456 C56D307E 		.ascii	"\305m0~\204\205\271x\353\216\023>\270\205\001\364\224"
 224      8485B978 
 224      EB8E133E 
 224      B88501F4 
 224      94
 225 0467 DE6AC2B2 		.ascii	"\336j\302\262\375gN9\315\234\373\200pWB\270\203\334"
 225      FD674E39 
 225      CD9CFB80 
 225      705742B8 
 225      83DC
 226 0479 40DC730D 		.ascii	"@\334s\015Qx|w\213'\356`\020\035w\0332\345\273\317\033"
 226      51787C77 
 226      8B27EE60 
 226      101D771B 
 226      32E5BBCF 
 227 048e EBA8138F 		.ascii	"\353\250\023\217\000\342\201\004q\337\035\304C\327\020"
 227      00E28104 
 227      71DF1DC4 
 227      43D710
 228 049d 2B4EF5E5 		.ascii	"+N\365\345\373\341\313,\244\216c\203?;6\334L\276j\027"
 228      FBE1CB2C 
 228      A48E6383 
 228      3F3B36DC 
 228      4CBE6A17 
 229 04b1 17FD2C60 		.ascii	"\027\375,`\353\317\257<\246\300\003Lt\253\355v\251'"
 229      EBCFAF3C 
 229      A6C0034C 
 229      74ABED76 
 229      A927
 230 04c3 1E64A65D 		.ascii	"\036d\246]\230\274vM\2154Z\331L\177>SJ\246\004^\213"
 230      98BC764D 
 230      8D345AD9 
 230      4C7F3E53 
 230      4AA6045E 
 231 04d8 F41AD142 		.ascii	"\364\032\321B1B[p\343\025\260_\201\004^\003\3637e\277"
 231      31425B70 
 231      E315B05F 
 231      81045E03 
 231      F33765BF 
ARM GAS  /tmp/ccAex14k.s 			page 18


 232 04ec 5EC33262 		.ascii	"^\3032b{\203]\360\300\033=(X\325\212\206q\025\336\302"
 232      7B835DF0 
 232      C01B3D28 
 232      58D58A86 
 232      7115DEC2 
 233 0500 989CC3A9 		.ascii	"\230\234\303\251\211j\234\307\030{b]\233\012\0272\346"
 233      896A9CC7 
 233      187B625D 
 233      9B0A1732 
 233      E6
 234 0511 F6CD73E3 		.ascii	"\366\315s\343>x\007c\204\207G;\225\270\2041]Y\017\354"
 234      3E780763 
 234      8487473B 
 234      95B88431 
 234      5D590FEC 
 235 0525 5E783763 		.ascii	"^x7cvN\216\245k\360^\306<\250j\311\347\231\217\301\300"
 235      764E8EA5 
 235      6BF05EC6 
 235      3CA86AC9 
 235      E7998FC1 
 236 053a FE6C5D59 		.ascii	"\376l]Y\217\331\301)\227\007\276g\327D\225\022\037\245"
 236      8FD9C129 
 236      9707BE67 
 236      D7449512 
 236      1FA5
 237 054c B2DE1D3B 		.ascii	"\262\336\035;\037\027\371\242`v\005h\203\203\363\211"
 237      1F17F9A2 
 237      60760568 
 237      8383F389 
 238 055c BFD6E683 		.ascii	"\277\326\346\203\270k\333\212UBn\015\242\336$\362\030"
 238      B86BDB8A 
 238      55426E0D 
 238      A2DE24F2 
 238      18
 239 056d ADE565DB 		.ascii	"\255\345e\333\321\0234\265\037\261\021\227Cr\004k2\246"
 239      D11334B5 
 239      1FB11197 
 239      4372046B 
 239      32A6
 240 057f D213C8A5 		.ascii	"\322\023\310\245t\005\222\304\007e\342?:+\037wV>\370"
 240      740592C4 
 240      0765E23F 
 240      3A2B1F77 
 240      563EF8
 241 0592 27497AB9 		.ascii	"'Iz\271\263\264\316I\270U\246:\311Y\370\302S\226\234"
 241      B3B4CE49 
 241      B855A63A 
 241      C959F8C2 
 241      53969C
 242 05a5 968927BB 		.ascii	"\226\211'\273\026\227)\037\225Y\222\352\322\022\246"
 242      1697291F 
 242      955992EA 
 242      D212A6
 243 05b4 9B6EA219 		.ascii	"\233n\242\031\002\333DW\362Ah\005\017\002i\342\010\262"
 243      02DB4457 
 243      F2416805 
 243      0F0269E2 
ARM GAS  /tmp/ccAex14k.s 			page 19


 243      08B2
 244 05c6 89664106 		.ascii	"\211fA\006e\360\301(\023h\035\320z\2405@\253\201V\001"
 244      65F0C128 
 244      13681DD0 
 244      7AA03540 
 244      AB815601 
 245 05da FD0494CE 		.ascii	"\375\004\224\316O;Q\224\260C\013h\220\357\343\314\260"
 245      4F3B5194 
 245      B0430B68 
 245      90EFE3CC 
 245      B0
 246 05eb 8912FFFC 		.ascii	"\211\022\377\374$\241>\214Z\266\314\331\262vg?jd^\247"
 246      24A13E8C 
 246      5AB6CCD9 
 246      B276673F 
 246      6A645EA7 
 247 05ff B896668E 		.ascii	"\270\226f\216@\302l\313nM\365\3047h\302\360\273\206"
 247      40C26CCB 
 247      6E4DF5C4 
 247      3768C2F0 
 247      BB86
 248 0611 5BD7F939 		.ascii	"[\327\3719N\011O9\230\003N\375\357\016\016\014\276\321"
 248      4E094F39 
 248      98034EFD 
 248      EF0E0E0C 
 248      BED1
 249 0623 F4806C1C 		.ascii	"\364\200l\034\331\240b\003?\265\200\210\303\324\222"
 249      D9A06203 
 249      3FB58088 
 249      C3D492
 250 0632 B51BDA2F 		.ascii	"\265\033\332/\373\311\213o6//\276\033yG\361\035\\\233"
 250      FBC98B6F 
 250      362F2FBE 
 250      1B7947F1 
 250      1D5C9B
 251 0645 3D82F03D 		.ascii	"=\202\360=q\015\215o>\340\305\326C \260Oz32<\305\365"
 251      710D8D6F 
 251      3EE0C5D6 
 251      4320B04F 
 251      7A33323C 
 252 065b 408A6C79 		.ascii	"@\212ly\342\236\373\0368AIe\313'\213\227a\274\2341\207"
 252      E29EFB1E 
 252      38414965 
 252      CB278B97 
 252      61BC9C31 
 253 0670 56AF81E3 		.ascii	"V\257\201\343\321j\312\004\246\226l.T\242\340@X'\032"
 253      D16ACA04 
 253      A6966C2E 
 253      54A2E040 
 253      58271A
 254 0683 8D262038 		.ascii	"\215& 8\200\254\030\255V\033\254e\021m\352\016,\240"
 254      80AC18AD 
 254      561BAC65 
 254      116DEA0E 
 254      2CA0
 255 0695 130065E1 		.ascii	"\023\000e\341\006,\200\002>\320U\216\256q}z#\322$h\373"
 255      062C8002 
ARM GAS  /tmp/ccAex14k.s 			page 20


 255      3ED0558E 
 255      AE717D7A 
 255      23D22468 
 256 06aa 20681510 		.ascii	" h\025\020\230|\240\"\240m@\205b\220\030\316\315n\177"
 256      987CA022 
 256      A06D4085 
 256      629018CE 
 256      CD6E7F
 257 06bd 8643B6AB 		.ascii	"\206C\266\253~\367@L\272\307a\025lLh\360Y\322\255\237"
 257      7EF7404C 
 257      BAC76115 
 257      6C4C68F0 
 257      59D2AD9F 
 258 06d1 B2ACD80E 		.ascii	"\262\254\330\016Y1\354^X6\001;@R\362b;\233\000Y\377"
 258      5931EC5E 
 258      5836013B 
 258      4052F262 
 258      3B9B0059 
 259 06e6 CFF2BC2A 		.ascii	"\317\362\274*\007\347\212yG\325t#\305\311D\246%\331"
 259      07E78A79 
 259      47D57423 
 259      C5C944A6 
 259      25D9
 260 06f8 1648B2CD 		.ascii	"\026H\262\315$\311\366\202\232\0221\311\366\300{\031"
 260      24C9F682 
 260      9A1231C9 
 260      F6C07B19 
 261 0708 C46837D0 		.ascii	"\304h7\320.\240R\240\235\323\342\325\323#\213\327VH"
 261      2EA052A0 
 261      9DD3E2D5 
 261      D3238BD7 
 261      5648
 262 071a AA12370B 		.ascii	"\252\0227\013\3345\330&q\304\263\301\222\223`Y}\306"
 262      DC35D826 
 262      71C4B3C1 
 262      92936059 
 262      7DC6
 263 072c 02D80758 		.ascii	"\002\330\007X\027\221\023V\373\364\332CN\346\335j&O"
 263      17911356 
 263      FBF4DA43 
 263      4EE6DD6A 
 263      264F
 264 073e 027DD5B5 		.ascii	"\002}\325\265\274lz\372m\376II\302\2060\272A\336\022"
 264      BC6C7AFA 
 264      6DFE4949 
 264      C28630BA 
 264      41DE12
 265 0751 C5C5BD50 		.ascii	"\305\305\275P\347\\\327zl\342\314\303\252@\217\235u"
 265      E75CD77A 
 265      6CE2CCC3 
 265      AA408F9D 
 265      75
 266 0762 4B93C996 		.ascii	"K\223\311\226\336\005\033\253-%\323k\013\353\274YA\317"
 266      DE051BAB 
 266      2D25D36B 
 266      0BEBBC59 
 266      41CF
ARM GAS  /tmp/ccAex14k.s 			page 21


 267 0774 47649672 		.ascii	"Gd\226r\245UYBW\245(\3215+\221\014'\351\220'\211\024"
 267      A5555942 
 267      57A528D1 
 267      352B910C 
 267      27E99027 
 268 078a D37C60BE 		.ascii	"\323|`\276\3269\362\226\034\336o\272O.\361\233\305F"
 268      D639F296 
 268      1CDE6FBA 
 268      4F2EF19B 
 268      C546
 269 079c 3F284046 		.ascii	"?(@Fn\016\321O\326e\315\262\026\237^8I\363\3204\203"
 269      6E0ED14F 
 269      D665CDB2 
 269      169F5E38 
 269      49F3D034 
 270 07b1 F5207687 		.ascii	"\365 v\207'!\312O:.\304\332\241\225g\017Q\2240\216!"
 270      2721CA4F 
 270      3A2EC4DA 
 270      A195670F 
 270      5194308E 
 271 07c6 E23BDC79 		.ascii	"\342;\334yQ\007\357\320K\177"
 271      5107EFD0 
 271      4B7F
 272 07d0 A20224D7 		.ascii	"\242\002$\327\312\372\031\234\343\342\034\352\231Y\216"
 272      CAFA199C 
 272      E3E21CEA 
 272      99598E
 273 07df 711C5339 		.ascii	"q\034S9\035L6h\232\255\334T\367\224\231\222\223\310"
 273      1D4C3668 
 273      9AADDC54 
 273      F7949992 
 273      93C8
 274 07f1 F1ED96B7 		.ascii	"\361\355\226\267k@a\207C<\307\375\205\3432T\321\264"
 274      6B406187 
 274      433CC7FD 
 274      85E33254 
 274      D1B4
 275 0803 B5B42705 		.ascii	"\265\264'\005\276C\012Y\375\2723\322>\341\247 A\"1\217"
 275      BE430A59 
 275      FDBA33D2 
 275      3EE1A720 
 275      4122318F 
 276 0817 5190B663 		.ascii	"Q\220\266cOz\036y\3216\370\334B\207x\332X;y\337\352"
 276      4F7A1E79 
 276      D136F8DC 
 276      428778DA 
 276      583B79DF 
 277 082c C72A242F 		.ascii	"\307*$/\3732\012d_F\265=\027v\242Y\353\350\362H\022"
 277      FB320A64 
 277      5F46B53D 
 277      1776A259 
 277      EBE8F248 
 278 0841 66F0E420 		.ascii	"f\360\344 T\005\353\243\222'\223v\204\237\005\367\303"
 278      5405EBA3 
 278      92279376 
 278      849F05F7 
 278      C3
ARM GAS  /tmp/ccAex14k.s 			page 22


 279 0852 BC8299B5 		.ascii	"\274\202\231\265\353Ds\211\307\234\\!\327\016'\242f"
 279      EB447389 
 279      C79C5C21 
 279      D70E27A2 
 279      66
 280 0863 FCF8CC32 		.ascii	"\374\370\3142\341,\014\\D\005\321A)7\340\025\356\007"
 280      E12C0C5C 
 280      4405D141 
 280      2937E015 
 280      EE07
 281 0875 783B42FB 		.ascii	"x;B\373\371^\360\361(?\007\306Ww\365\372c\033\263\337"
 281      F95EF0F1 
 281      283F07C6 
 281      5777F5FA 
 281      631BB3DF 
 282 0889 56D47259 		.ascii	"V\324rY-\352j\375-\254\024\31018\036\022E\307$E\307"
 282      2DEA6AFD 
 282      2DAC14C8 
 282      31381E12 
 282      45C72445 
 283 089e 9C1559A9 		.ascii	"\234\025Y\251\242\026\370\246\306x\324}$&&2\253|h\033"
 283      A216F8A6 
 283      C678D47D 
 283      24262632 
 283      AB7C681B 
 284 08b2 2938352C 		.ascii	")85,\022\311\315g6x\310}%}\222\263'\250\263\307\035"
 284      12C9CD67 
 284      3678C87D 
 284      257D92B3 
 284      27A8B3C7 
 285 08c7 CE169DCA 		.ascii	"\316\026\235\312\264\022g\355t\363\012\033,H]%\344!"
 285      B41267ED 
 285      74F30A1B 
 285      2C485D25 
 285      E421
 286 08d9 2A86AA25 		.ascii	"*\206\252%\013\253y\366o\024\252\245\2265\346e\336\347"
 286      0BAB79F6 
 286      6F14AAA5 
 286      9635E665 
 286      DEE7
 287 08eb F104B32C 		.ascii	"\361\004\263,\261\262c\265\030z;\341\373\266\365\345"
 287      B1B263B5 
 287      187A3BE1 
 287      FBB6F5E5 
 288 08fb 7AB1D80B 		.ascii	"z\261\330\013J\362\177D\177^\262\206\365\237\245[`\371"
 288      4AF27F44 
 288      7F5EB286 
 288      F59FA55B 
 288      60F9
 289 090d F13962B7 		.ascii	"\3619b\267\007\261`\323P\2037N\364\244\272\306\367\226"
 289      07B160D3 
 289      5083374E 
 289      F4A4BAC6 
 289      F796
 290 091f 8E2BF14A 		.ascii	"\216+\361J\306d\330\036Vy\343\265\214\351H\205\217["
 290      C664D81E 
 290      5679E3B5 
ARM GAS  /tmp/ccAex14k.s 			page 23


 290      8CE94885 
 290      8F5B
 291 0931 9CCD98D1 		.ascii	"\234\315\230\321\211\203\377\300y\354=\177\340P\237"
 291      8983FFC0 
 291      79EC3D7F 
 291      E0509F
 292 0940 1A9730A6 		.ascii	"\032\2270\246f\264l\273\210\205\311A4\343\370\244\237"
 292      66B46CBB 
 292      8885C941 
 292      34E3F8A4 
 292      9F
 293 0951 5AFAAC26 		.ascii	"Z\372\254&\355\262\257v\036N\345\260nQ\013OO\335\027"
 293      EDB2AF76 
 293      1E4EE5B0 
 293      6E510B4F 
 293      4FDD17
 294 0964 CB2EADF0 		.ascii	"\313.\255\360\360\317\020\213\350\"\005-\027\247!r\247"
 294      F0CF108B 
 294      E822052D 
 294      17A72172 
 294      A7
 295 0975 68E4DA78 		.ascii	"h\344\332x\177\307 \220\366\264\036\251O\327\300\271"
 295      7FC72090 
 295      F6B41EA9 
 295      4FD7C0B9 
 296 0985 534B8E9D 		.ascii	"SK\216\235\254`\325\015\212\005\213\204\274\021\242"
 296      AC60D50D 
 296      8A058B84 
 296      BC11A2
 297 0994 D7E9E66C 		.ascii	"\327\351\346l\305\352I\377\260\177\246@\304A3:+\212"
 297      C5EA49FF 
 297      B07FA640 
 297      C441333A 
 297      2B8A
 298 09a6 3BF0E475 		.ascii	";\360\344u\235\025\224{\327X\201\353tyx\032\022k\023"
 298      9D15947B 
 298      D75881EB 
 298      7479781A 
 298      126B13
 299 09b9 F9626D70 		.ascii	"\371bmp\206v\252\333 \337\371\015+\333D\374\214kqY\331"
 299      8676AADB 
 299      20DFF90D 
 299      2BDB44FC 
 299      8C6B7159 
 300 09ce BE705DE6 		.ascii	"\276p]\346X\223K\307\236\336\200\352\301\223\223\304"
 300      58934BC7 
 300      9EDE80EA 
 300      C19393C4 
 301 09de 93667100 		.ascii	"\223fq\000\331\200.\300\006\324\001\233\3169\240\213"
 301      D9802EC0 
 301      06D4019B 
 301      CE39A08B 
 302 09ee 40ED40E7 		.ascii	"@\355@\347\305\015\210|`\330+\323<p\005\235L\276\254"
 302      C50D887C 
 302      60D82BD3 
 302      3C70059D 
 302      4CBEAC
ARM GAS  /tmp/ccAex14k.s 			page 24


 303 0a01 FB729906 		.ascii	"\373r\231\006i\003\304z\332;\223\376\033\325\015\232"
 303      6903C47A 
 303      DA3B93FE 
 303      1BD50D9A 
 304 0a11 BAA4CCEC 		.ascii	"\272\244\314\354\2445\3345\260\015\300\236\023x4\371"
 304      A435DC35 
 304      B00DC09E 
 304      137834F9 
 305 0a21 6283CFDC 		.ascii	"b\203\317\334\002\272\016\356]\303\245\211B\262\027"
 305      02BA0EEE 
 305      5DC3A589 
 305      42B217
 306 0a30 85AA6350 		.ascii	"\205\252cPSJ9\322\002\367\036~.\014\273^P\266\335K~"
 306      534A39D2 
 306      02F71E7E 
 306      2E0CBB5E 
 306      50B6DD4B 
 307 0a45 9C235329 		.ascii	"\234#S)eX/;M\220'\010\337\337\3264\354+\027&\213L\022"
 307      65582F3B 
 307      4D902708 
 307      DFDFD634 
 307      EC2B1726 
 308 0a5c B68BC276 		.ascii	"\266\213\302v*\334x\352\360\001\204\253YZ\217\255OI"
 308      2ADC78EA 
 308      F00184AB 
 308      595A8FAD 
 308      4F49
 309 0a6e 53B1B4FE 		.ascii	"S\261\264\3765\260\331ii\012\266\202\016\222\343_^\343"
 309      35B0D969 
 309      690AB682 
 309      0E92E35F 
 309      5EE3
 310 0a80 D83A356E 		.ascii	"\330:5nf\242w\037\256\270)\036\025g\002{a\340\334)\354"
 310      66A2771F 
 310      AEB8291E 
 310      1567027B 
 310      61E0DC29 
 311 0a95 7605F43B 		.ascii	"v\005\364;V\300U\266\002\316?8\362H\203/RM\212\222\244"
 311      56C055B6 
 311      02CE3F38 
 311      F248832F 
 311      524D8A92 
 312 0aaa 9F471448 		.ascii	"\237G\024H\033\204@\034\261\017\\\362\3374\207\206x"
 312      1B84401C 
 312      B10F5CF2 
 312      DF348786 
 312      78
 313 0abb 351A100B 		.ascii	"5\032\020\013\002\\9\002\250\037\3717i\206w\025}\272"
 313      025C3902 
 313      A81FF937 
 313      69867715 
 313      7DBA
 314 0acd F8D4BD06 		.ascii	"\370\324\275\006\0230D\361\006!\224\327\031`\336\336"
 314      133044F1 
 314      062194D7 
 314      1960DEDE 
 315 0add AC5A85B4 		.ascii	"\254Z\205\264\344\020\325}\005\372/\323P\017\323%\327"
ARM GAS  /tmp/ccAex14k.s 			page 25


 315      E410D57D 
 315      05FA2FD3 
 315      500FD325 
 315      D7
 316 0aee 2F2E39B4 		.ascii	"/.9\264gS\375C/\265\250{\371\263tw\236\2378\211\345"
 316      6753FD43 
 316      2FB5A87B 
 316      F9B37477 
 316      9E9F3889 
 317 0b03 BA6FFC92 		.ascii	"\272o\374\222\356\354\015\207\327j \001\316Zi\325_U"
 317      EEEC0D87 
 317      D76A2001 
 317      CE5A69D5 
 317      5F55
 318 0b15 502764D8 		.ascii	"P'd\330\205\031\350&Lh\037\344\000\324v\331\340K\320"
 318      8519E826 
 318      4C681FE4 
 318      00D476D9 
 318      E04BD0
 319 0b28 F219CFA1 		.ascii	"\362\031\317\241[4\013\352\232*\267\251\345\023\333"
 319      5B340BEA 
 319      9A2AB7A9 
 319      E513DB
 320 0b37 3DED3438 		.ascii	"=\35548\"N\354\010\235\330\3755\271U~\270\233\315\326"
 320      224EEC08 
 320      9DD8FD35 
 320      B9557EB8 
 320      9BCDD6
 321 0b4a B9BCF576 		.ascii	"\271\274\365vq\237*#Sye\373\304z%\233\275\027\200\035"
 321      719F2A23 
 321      537965FB 
 321      C47A259B 
 321      BD17801D 
 322 0b5e 78723C5D 		.ascii	"xr<]\345v\366\3568fo\2149\334=P\337\361T0Gy6\273\034"
 322      E576F6EE 
 322      38666F8C 
 322      39DC3D50 
 322      DFF15430 
 323 0b77 BA4B1DBE 		.ascii	"\272K\035\276\343px\370Xq\217\3129<n\245o\257,\332\357"
 323      E37078F8 
 323      58718FCA 
 323      393C6EA5 
 323      6FAF2CDA 
 324 0b8c 2986E7DE 		.ascii	")\206\347\336&\337\204\\k\302ltO\214\015lW\262\221\267"
 324      26DF845C 
 324      6BC26C74 
 324      4F8C0D6C 
 324      57B291B7 
 325 0ba0 C5D8DCE7 		.ascii	"\305\330\334\347\347r\277\017\015\325\261_\254Y\027"
 325      E772BF0F 
 325      0DD5B15F 
 325      AC5917
 326 0baf 111E050F 		.ascii	"\021\036\005\017\270\305D\262\227P\203\352\335\017>"
 326      B8C544B2 
 326      975083EA 
 326      DD0F3E
 327 0bbe 99BD78FE 		.ascii	"\231\275x\376|\016\233\215\321>\320\256\207gx\\D\254"
ARM GAS  /tmp/ccAex14k.s 			page 26


 327      7C0E9B8D 
 327      D13ED0AE 
 327      8767785C 
 327      44AC
 328 0bd0 C9880D31 		.ascii	"\311\210\0151\026/\275>2\306\362\322\002\275e\031\322"
 328      162FBD3E 
 328      32C6F2D2 
 328      02BD6519 
 328      D2
 329 0be1 45C4461B 		.ascii	"E\304F\033u\341\006\2631$*\374\013\335\333\261\206\370"
 329      75E106B3 
 329      31242AFC 
 329      0BDDDBB1 
 329      86F8
 330 0bf3 68638CC5 		.ascii	"hc\214\305\254\373\330\030\036\375w\335;\206\250\310"
 330      ACFBD818 
 330      1EFD77DD 
 330      3B86A8C8 
 331 0c03 38B3516F 		.ascii	"8\263Qo\014\211\2137|\263@\367qll\224Y\367\225\301\020"
 331      0C898B37 
 331      7CB340F7 
 331      716C6C94 
 331      59F795C1 
 332 0c18 126E8A0E 		.ascii	"\022n\212\016\211\211\2151\206\030\303\277\210\014y"
 332      89898D31 
 332      8618C3BF 
 332      880C79
 333 0c27 356441D8 		.ascii	"5dA\330\374WC\276}9$:\374\353X\223nZ\257.2\306\020\025"
 333      FC5743BE 
 333      7D39243A 
 333      FCEB5893 
 333      6E5AAF2E 
 334 0c3f BFC4A88B 		.ascii	"\277\304\250\213\0167DD\306\030u\372%\306/\303\343\243"
 334      0E374444 
 334      C61875FA 
 334      25C62FC3 
 334      E3A3
 335 0c51 2C7ACB0F 		.ascii	",z\313\017qFsh\004\347)\332\363\317\377\2539\346\037"
 335      71467368 
 335      04E729DA 
 335      F3CFFFAB 
 335      39E61F
 336 0c64 CC3ABDD9 		.ascii	"\314:\275\331\262\004\300\301\006\017\210\214\336\262"
 336      B204C0C1 
 336      060F888C 
 336      DEB2
 337 0c72 501E5A12 		.ascii	"P\036Z\022\321\270X\023\300\277\365\341\373\213\337"
 337      D1B85813 
 337      C0BFF5E1 
 337      FB8BDF
 338 0c81 5FAA33C4 		.ascii	"_\2523\304F\307EF\031Mf\335\273\213\027\223n\207\003"
 338      46C74546 
 338      194D66DD 
 338      BB8B1793 
 338      6E8703
 339 0c94 BF731EE6 		.ascii	"\277s\036\346\300\200w\350\366\236\212\277\3362\373"
 339      C08077E8 
ARM GAS  /tmp/ccAex14k.s 			page 27


 339      F69E8ABF 
 339      DE32FB
 340 0ca3 97272F82 		.ascii	"\227'/\202\363\263D\230\214\341K\314\372o\343\215\361"
 340      F3B34498 
 340      8CE14BCC 
 340      FA6FE38D 
 340      F1
 341 0cb4 30C023DA 		.ascii	"0\300#\332\374\225\336\342i\211\2146\306\306[\324z}"
 341      FC95DEE2 
 341      69898C36 
 341      C6C65BD4 
 341      7A7D
 342 0cc6 BC182D95 		.ascii	"\274\030-\225\343\305\013<!\335z\013\037?_i\374>:\334"
 342      E3C50B3C 
 342      21DD7A0B 
 342      1F3F5F69 
 342      FC3E3ADC 
 343 0cda FC8DB7F1 		.ascii	"\374\215\267\361;\010\034y\323[\024\000\037\207-\246"
 343      3B081C79 
 343      D35B1400 
 343      1F872DA6 
 344 0cea 38148741 		.ascii	"8\024\207A\231\207\331\022n1z1E\257\201j\361\251\262"
 344      9987D912 
 344      6E317A31 
 344      45AF816A 
 344      F1A9B2
 345 0cfd D00E9037 		.ascii	"\320\016\2207X\226\306\361\246WU&\343W\020:\275e\336"
 345      5896C6F1 
 345      A6575526 
 345      E357103A 
 345      BD65DE
 346 0d10 2F46051A 		.ascii	"/F\005\032\014\340\032\230\316\233\026\362\246Wx\323"
 346      0CE01A98 
 346      CE9B16F2 
 346      A65778D3 
 347 0d20 CBD8347F 		.ascii	"\313\3304\177>P\030oz\2357\275\346M\304I\316\201^>\312"
 347      3E50186F 
 347      7A9D37BD 
 347      E64DC449 
 347      CE815E3E 
 348 0d35 F4E2F368 		.ascii	"\364\342\363h\323\177\2670\0324\252\330(\275EM\322\230"
 348      D37FB730 
 348      1A34AAD8 
 348      28BD454D 
 348      D298
 349 0d47 4546698C 		.ascii	"EFi\214#~\251\030\247\267\370\213/&\343\227F\2231\306"
 349      237EA918 
 349      A7B7F88B 
 349      2F26E397 
 349      469331C6 
 350 0d5b 001ECC24 		.ascii	"\000\036\314$\261\374\2306\277m\244q\374\300\270\324"
 350      B1FC9836 
 350      BF6DA471 
 350      FCC0B8D4 
 351 0d6b F2DE3362 		.ascii	"\362\3363bo\340^xj\334[QQ\357y\033\">2D|\010\215?\274"
 351      6FE05E78 
 351      6ADC5B51 
ARM GAS  /tmp/ccAex14k.s 			page 28


 351      51EF791B 
 351      223E3244 
 352 0d84 87415A15 		.ascii	"\207AZ\025\003\312H\300UQ\341f\372\242 -\236\206x\023"
 352      03CA48C0 
 352      5551E166 
 352      FAA2202D 
 352      9E867813 
 353 0d98 E03353C9 		.ascii	"\3403S\311\224\030\243=\305\271\324HMz\213\217^\377"
 353      9418A33D 
 353      C5B9D448 
 353      4D7A8B8F 
 353      5EFF
 354 0daa 657C8C41 		.ascii	"e|\214A\257\017}%\354\3450\225\203S\030\"\302M\323\372"
 354      AF0F7D25 
 354      ECE53095 
 354      83531822 
 354      C24DD3FA 
 355 0dbe 5EFF0F3A 		.ascii	"^\377\017:\001d2"
 355      016432
 356              		.text
 357              		.section	.gnu.lto_.symtab.b226d026e34524fb,"",%progbits
 358 0000 6F73616C 		.ascii	"osalThreadDequeueNextI\000"
 358      54687265 
 358      61644465 
 358      71756575 
 358      654E6578 
 359 0017 00       		.ascii	"\000"
 360 0018 00       		.ascii	"\000"
 361 0019 00       		.ascii	"\000"
 362 001a 00000000 		.ascii	"\000\000\000\000\000\000\000\000"
 362      00000000 
 363 0022 3E010000 		.ascii	">\001\000\000"
 364 0026 6F73616C 		.ascii	"osalThreadDequeueAllI\000"
 364      54687265 
 364      61644465 
 364      71756575 
 364      65416C6C 
 365 003c 00       		.ascii	"\000"
 366 003d 00       		.ascii	"\000"
 367 003e 00       		.ascii	"\000"
 368 003f 00000000 		.ascii	"\000\000\000\000\000\000\000\000"
 368      00000000 
 369 0047 40010000 		.ascii	"@\001\000\000"
 370 004b 6E696C00 		.ascii	"nil\000"
 371 004f 00       		.ascii	"\000"
 372 0050 02       		.ascii	"\002"
 373 0051 00       		.ascii	"\000"
 374 0052 00000000 		.ascii	"\000\000\000\000\000\000\000\000"
 374      00000000 
 375 005a 5E010000 		.ascii	"^\001\000\000"
 376 005e 63685363 		.ascii	"chSchReadyI\000"
 376      68526561 
 376      64794900 
 377 006a 00       		.ascii	"\000"
 378 006b 02       		.ascii	"\002"
 379 006c 00       		.ascii	"\000"
 380 006d 00000000 		.ascii	"\000\000\000\000\000\000\000\000"
ARM GAS  /tmp/ccAex14k.s 			page 29


 380      00000000 
 381 0075 45010000 		.ascii	"E\001\000\000"
 382              		.text
 383              		.section	.gnu.lto_.opts,"",%progbits
 384 0000 272D666D 		.ascii	"'-fmath-errno' '-fsigned-zeros' '-ftrapping-math' '"
 384      6174682D 
 384      6572726E 
 384      6F272027 
 384      2D667369 
 385 0033 2D666E6F 		.ascii	"-fno-trapv' '-fno-openmp' '-fno-openacc' '-mcpu=cor"
 385      2D747261 
 385      70762720 
 385      272D666E 
 385      6F2D6F70 
 386 0066 7465782D 		.ascii	"tex-m0' '-mno-thumb-interwork' '-mthumb' '-O2' '-fo"
 386      6D302720 
 386      272D6D6E 
 386      6F2D7468 
 386      756D622D 
 387 0099 6D69742D 		.ascii	"mit-frame-pointer' '-falign-functions=16' '-ffuncti"
 387      6672616D 
 387      652D706F 
 387      696E7465 
 387      72272027 
 388 00cc 6F6E2D73 		.ascii	"on-sections' '-fdata-sections' '-fno-common' '-flto"
 388      65637469 
 388      6F6E7327 
 388      20272D66 
 388      64617461 
 389 00ff 2700     		.ascii	"'\000"
 390              		.text
 391              		.comm	__gnu_lto_v1,1,1
 392              		.comm	__gnu_lto_slim,1,1
 393              		.ident	"GCC: (GNU Tools for Arm Embedded Processors 7-2017-q4-major) 7.2.1 20170904 (release) [ARM
ARM GAS  /tmp/ccAex14k.s 			page 30


DEFINED SYMBOLS
                            *ABS*:0000000000000000 osal.c
                            *COM*:0000000000000001 __gnu_lto_v1
                            *COM*:0000000000000001 __gnu_lto_slim

NO UNDEFINED SYMBOLS
