ARM GAS  /tmp/ccZ6GcXO.s 			page 1


   1              		.cpu cortex-m0
   2              		.eabi_attribute 20, 1
   3              		.eabi_attribute 21, 1
   4              		.eabi_attribute 23, 3
   5              		.eabi_attribute 24, 1
   6              		.eabi_attribute 25, 1
   7              		.eabi_attribute 26, 1
   8              		.eabi_attribute 30, 2
   9              		.eabi_attribute 34, 0
  10              		.eabi_attribute 18, 4
  11              		.file	"pal.c"
  12              		.section	.gnu.lto_.profile.798d24933390393d,"",%progbits
  13 0000 789C6363 		.ascii	"x\234cc```\001bF\006\015\031\000\000\344\000P"
  13      60606001 
  13      6246060D 
  13      190000E4 
  13      0050
  14              		.text
  15              		.section	.gnu.lto_.icf.798d24933390393d,"",%progbits
  16 0000 789C6363 		.ascii	"x\234cc``\020a@\000f\206g\335\017z\371\031\327\366/"
  16      60601061 
  16      40006686 
  16      67DD0F7A 
  16      F919D7F6 
  17 0015 3ACFCBF4 		.ascii	":\317\313\364\374\340\204M,\014\000^ \010\266"
  17      FCE0844D 
  17      2C0C005E 
  17      2008B6
  18              		.text
  19              		.section	.gnu.lto_.jmpfuncs.798d24933390393d,"",%progbits
  20 0000 789C6363 		.ascii	"x\234cc``hf@\000f\006FF\306\3729@\212\211\221\221\031"
  20      60606866 
  20      40006606 
  20      4646C6FA 
  20      39408A89 
  21 0017 C4006246 		.ascii	"\304\000bF&\030\207q\0163\023\033\003\003\343\001\026"
  21      26188771 
  21      0E33131B 
  21      0303E301 
  21      16
  22 0028 460620FE 		.ascii	"F\006 \376\017\004\374\014h|F\306)\314\214\323Z\017"
  22      0F04FC0C 
  22      687C46C6 
  22      29CC8CD3 
  22      5A0F
  23 003a 9D67EF66 		.ascii	"\235g\357f\006\352ed`\334\314(\003\024z\275g\303\015"
  23      06EA6564 
  23      60DCCC28 
  23      03147ABD 
  23      67C30D
  24 004d 56881044 		.ascii	"V\210\020D\335\026F\031\246JF\014\323\000\214y&%"
  24      DD164619 
  24      A64A460C 
  24      D3008C79 
  24      2625
  25              		.text
  26              		.section	.gnu.lto_.inline.798d24933390393d,"",%progbits
ARM GAS  /tmp/ccZ6GcXO.s 			page 2


  27 0000 789C6363 		.ascii	"x\234cc``\370\316\200\000\314\014\014\234\034\214\314"
  27      6060F8CE 
  27      8000CC0C 
  27      0C9C1C8C 
  27      CC
  28 0011 0C0A8C20 		.ascii	"\014\012\214 &\210t\000\223\012\034l\037\364\030\330"
  28      26887400 
  28      930A1C6C 
  28      1FF418D8 
  29 0021 16C83331 		.ascii	"\026\310310\276`g\201\220 \202\003\314\344\000\021\002"
  29      30BE6067 
  29      81902082 
  29      03CCE400 
  29      1102
  30 0033 60A600C8 		.ascii	"`\246\000\310\030F\006>^F\026F\240N\210!\012HF1p3]\340"
  30      1846063E 
  30      5E461646 
  30      A04E8821 
  30      0A484631 
  31 004b 87180564 		.ascii	"\207\030\005d\240\030\302\262@\236\007j\022\363\016"
  31      A018C2B2 
  31      409E076A 
  31      12F30E
  32 005a 710106A0 		.ascii	"q\001\006\240\2352 \276\002X^\001d2\023\003\2670\212"
  32      9D3220BE 
  32      02585E01 
  32      64321303 
  32      B7308A
  33 006d FBA04673 		.ascii	"\373\240Fs\002\345\210s\036\320R\011\220I,\274@\357"
  33      02E58873 
  33      1ED05209 
  33      90492CBC 
  33      40EF
  34 007f 4EF00341 		.ascii	"N\360\003A\006\000\373F \246"
  34      0600FB46 
  34      20A6
  35              		.text
  36              		.section	.gnu.lto_.pureconst.798d24933390393d,"",%progbits
  37 0000 789C6363 		.ascii	"x\234cc```\007bf\006)F)&I\000\001\274\000a"
  37      60606007 
  37      62660629 
  37      46292649 
  37      0001BC00 
  38              		.text
  39              		.section	.gnu.lto_palReadBus.798d24933390393d,"",%progbits
  40 0000 789C9591 		.ascii	"x\234\225\221\337KTQ\020\307\347{\346\356\331\273\231"
  40      DF4B5451 
  40      10C7E77B 
  40      E6EED9BB 
  40      99
  41 0011 FE0169B0 		.ascii	"\376\001i\260\017\202\370\262\367\277\350\3770_z\020"
  41      0F82F8B2 
  41      F7BFE8FF 
  41      305F7A10 
  42 0021 8A16C137 		.ascii	"\212\026\3017\317\256?\243\002\011\177\300r\223}0\202"
  42      CFAE3FA3 
  42      02097FC0 
ARM GAS  /tmp/ccZ6GcXO.s 			page 3


  42      72937D30 
  42      82
  43 0032 204A5C5D 		.ascii	" J\\]]\255\256\253\370\246fD\024D\017\365\224\210\250"
  43      5DADAEAB 
  43      F8A66644 
  43      14440FF5 
  43      9488A8
  44 0045 CFA1CE9C 		.ascii	"\317\241\316\234\253\260\017\275\010\367\316\23593\363"
  44      ABB00FBD 
  44      08F7CE9D 
  44      3933F3
  45 0054 99EFDC63 		.ascii	"\231\357\334c\211h\310\020\345\345\333)/\230`\246\366"
  45      8968C810 
  45      E5E5DB29 
  45      2F9860A6 
  45      F6
  46 0065 884AA101 		.ascii	"\210J\241\001\324q!h\330`\030\317x\232q0\372>\346\247"
  46      D4712168 
  46      D86018CF 
  46      789A7130 
  46      FA3EE6A7 
  47 0079 1C4B5920 		.ascii	"\034KY \341\351n\345O\207\206@^\302\243\343\235\332"
  47      E1E96EE5 
  47      4F878640 
  47      5EC2A3E3 
  47      9DDA
  48 008b EDDED7CE 		.ascii	"\355\336\327\316\225]2\367\302\316\327>\273\\\314\206"
  48      955D32F7 
  48      C2CED73E 
  48      BB5CCC86 
  49 009b 66A5BC86 		.ascii	"f\245\274\206.,\241Kg,\243W\212\307\016\346\306\231"
  49      2E2CA14B 
  49      672CA357 
  49      8AC70EE6 
  49      C699
  50 00ad EF82C4FF 		.ascii	"\357\202\304\377q\362\346gG\317+\337\270\275\300\256"
  50      71F2E667 
  50      47CF2BDF 
  50      B8BDC0AE 
  51 00bd 3B66C60A 		.ascii	";f\306\012\270\265Q\216\010u\364h\375\357\305\363\231"
  51      B8B5518E 
  51      0875F468 
  51      FDEFC5F3 
  51      99
  52 00ce 761B5499 		.ascii	"v\033T\231\224-\310UX\2028\357\276d\022w~1\341\222\243"
  52      942DC855 
  52      588238EF 
  52      BE641277 
  52      7E31E192 
  53 00e3 05BCBC97 		.ascii	"\005\274\274\2273\322\026\260\230L \306f\324\263j\262"
  53      33D216B0 
  53      984C20C6 
  53      66D4B36A 
  53      B2
  54 00f4 5056482A 		.ascii	"PVH*\217&\205!\273\272\204\236H(\336HB\207(7\376>\337"
  54      8F268521 
  54      BBBA849E 
ARM GAS  /tmp/ccZ6GcXO.s 			page 4


  54      4828DE48 
  54      42872837 
  55 010b B28AAEB0 		.ascii	"\262\212\256\260\221\241\263c\315\375\254.\313^\363"
  55      91A1B363 
  55      CDFDAC2E 
  55      CB5EF3
  56 011a 467377C7 		.ascii	"Fsw\307V1_r\316\345c\316V8\2135]Pr_'\276\377j\213\336"
  56      56315F72 
  56      CEE563CE 
  56      56388B35 
  56      5D50725F 
  57 0134 BA3415A2 		.ascii	"\2724\025\242\201*fT(a\035\221\260\233\215\\\012\346"
  57      812A6654 
  57      28611D91 
  57      B09B8D5C 
  57      0AE6
  58 0146 5670F83F 		.ascii	"Vp\370?pN\246c\343\012\374\255\336\250\267\013x\264"
  58      704EA663 
  58      E30AFCAD 
  58      DEA8B70B 
  58      78B4
  59 0158 A4A95BF8 		.ascii	"\244\251[\370\340\301\2729>zp\371\032\034\334Hb\033"
  59      E0C1BA39 
  59      3E7A70F9 
  59      1A1CDC48 
  59      621B
  60 016a 3E799251 		.ascii	">y\222QR\342I#g\343HQ\031\221)\300V\272\275\021\335"
  60      52E24923 
  60      67E34851 
  60      199129C0 
  60      56BABD11 
  61 017f 60D3D3FD 		.ascii	"`\323\323\375U5S\372\277kz\350\007X:F9\177u\242?jR\266"
  61      553553FA 
  61      BF6B7AE8 
  61      07583A46 
  61      397F75A2 
  62 0197 929B1041 		.ascii	"\222\233\020Aw\012\205(}\036\026\243\007}\003Q\361q"
  62      770A8528 
  62      7D1E16A3 
  62      077D0351 
  62      F171
  63 01a9 7FF4A86F 		.ascii	"\177\364\250o\240\320O|\177\260x\011F\231\313\001"
  63      A0D04F7C 
  63      7FB07809 
  63      4699CB01 
  64              		.text
  65              		.section	.gnu.lto_palWriteBus.798d24933390393d,"",%progbits
  66 0000 789C9553 		.ascii	"x\234\225SKk\023a\024\375\316\334\231\311c:\325\245"
  66      4B6B1361 
  66      14FDCEDC 
  66      99C9633A 
  66      D5A5
  67 0012 68850A4A 		.ascii	"h\205\012J\350&\363/\374\003\375\005m6\012\005\305\350"
  67      E826F32F 
  67      FC03FD05 
  67      6D360A05 
  67      C5E8
ARM GAS  /tmp/ccZ6GcXO.s 			page 5


  68 0024 BA93B449 		.ascii	"\272\223\264I\352\013\\\230\024\302\264\204J\253\010"
  68      EA0B5C98 
  68      14C2B484 
  68      4AAB08
  69 0033 A2E22336 		.ascii	"\242\342#6\255u\214Z7\255\322RD\241\270Pp!(\021\\\270"
  69      AD758C5A 
  69      37ADD252 
  69      44A1B850 
  69      70212811 
  70 0049 90C47BBF 		.ascii	"\220\304{\277I4\212\233\0163w\356\363\3343gfl\245\324"
  70      49348A9B 
  70      0E3377EE 
  70      F3DC3367 
  70      666CA5D4 
  71 005d 2829758C 		.ascii	"()u\214\357\207\370\002)\030W^)\225\213\033\2008~\034"
  71      EF87F802 
  71      2918575E 
  71      29958B1B 
  71      80387E1C 
  72 0071 6AD2C024 		.ascii	"j\322\300$.\321UB\263\364i\331\030\271\356\363\021\316"
  72      2ED15542 
  72      B3F469D9 
  72      18B9EEF3 
  72      11CE
  73 0083 7EB78B7E 		.ascii	"~\267\213~\341@\300\343\025\276\344\300=\214p\327\326"
  73      E140C0E3 
  73      15BEE4C0 
  73      3D8C70D7 
  73      D6
  74 0094 F49D802E 		.ascii	"\364\235\200.R@\200\311\341\267\315\352\307A\011\015"
  74      524080C9 
  74      E1B7CDEA 
  74      C741090D 
  75 00a4 0C7358D8 		.ascii	"\014sX\330\232-\022\035\206b\377]\353\346\356`j\321"
  75      9A2D121D 
  75      8662FF5D 
  75      EBE6EE60 
  75      6AD1
  76 00b6 F7F37EB8 		.ascii	"\367\363~\270q\215\374\243\001\021\036\202\030\020\017"
  76      718DFCA3 
  76      01111E82 
  76      18100F
  77 00c5 3084FB18 		.ascii	"0\204\373\030R\234R\250#\305\355s\355\205\227\016\035"
  77      529C52A8 
  77      23C5ED73 
  77      ED85970E 
  77      1D
  78 00d6 D1A34B6B 		.ascii	"\321\243KkA\246;\271\273\250'M<\372w\322TXFJ\332?\334"
  78      41A63BB9 
  78      BBA8274D 
  78      3CFA77D2 
  78      5458464A 
  79 00ed 6D975DDB 		.ascii	"m\227]\333\254\365\330\242\001[\201\235\333\333V\350"
  79      ACF5D8A2 
  79      015B819D 
  79      DBDB56E8 
  80 00fd B73B2526 		.ascii	"\267;%&\260\204\316\361}\200\214\030<l\221\030S\214"
ARM GAS  /tmp/ccZ6GcXO.s 			page 6


  80      B084CEF1 
  80      7D808C18 
  80      3C6C9118 
  80      538C
  81 010f C5C6B6C5 		.ascii	"\305\306\266\305\304$\214\213I\210I\262\2119\342\271"
  81      C4248C8B 
  81      498849B2 
  81      8939E2B9 
  82 011f 10924ACD 		.ascii	"\020\222J\3150:\013\347\207\352<\031\342M\205\3523\362"
  82      303A0BE7 
  82      87EA3C19 
  82      E24D85EA 
  82      33F2
  83 0131 EDE297FA 		.ascii	"\355\342\227\372\200,\255\222Q%H\252\221\210b\021\266"
  83      802CAD92 
  83      512548AA 
  83      91886211 
  83      B6
  84 0142 5268BE8E 		.ascii	"Rh\276\216\211F\244\037n\265\271\271n\3270\237c\241"
  84      8946A41F 
  84      6EB5B9B9 
  84      6ED7309F 
  84      63A1
  85 0154 87038A57 		.ascii	"\207\003\212W\311\305\012?\221\324vJo\337;\336-?*\231"
  85      C9C50A3F 
  85      91D4764A 
  85      6FDF3BDE 
  85      2D3F2A99 
  86 0168 58450D65 		.ascii	"XE\015e\375\002\360\030\036\003O\375,\"B6\3652\352_"
  86      FD02F018 
  86      1E034FFD 
  86      2C224236 
  86      F532EA5F 
  87 017c 66ED093D 		.ascii	"f\355\011=\2015\215.B\341I\204^\351\241w\321\266[\033"
  87      81358D2E 
  87      42E14984 
  87      5EE9A177 
  87      D1B65B1B 
  88 0190 738E50B7 		.ascii	"s\216P\267\261\037!\303pO\253\327\023\323$\354\277X"
  88      B11F21C3 
  88      704FABD7 
  88      13D324EC 
  88      BF58
  89 01a2 F13E44AC 		.ascii	"\361>D\254\376\364%t\332\352g\232\334\023\323$\236j"
  89      FEF42574 
  89      DAEA679A 
  89      DC13D324 
  89      9E6A
  90 01b4 A686306D 		.ascii	"\246\2060mFL\177\364\320\035M$\301\271\346\316\005\235"
  90      464C7FF4 
  90      D01D4D24 
  90      C1B9E6CE 
  90      059D
  91 01c6 EB973CF9 		.ascii	"\353\227<\371?\311y$\211g\335Uo\352\215\272\313\253"
  91      3FC97924 
  91      8967DD55 
  91      6FEA8DBA 
ARM GAS  /tmp/ccZ6GcXO.s 			page 7


  91      CBAB
  92 01d8 A673521A 		.ascii	"\246sR\032\300s\275J4\347\342\312\374\302\015\374.\272"
  92      C073BD4A 
  92      34E7E2CA 
  92      FCC20DFC 
  92      2EBA
  93 01ea 7801AFCC 		.ascii	"x\001\257\314\037\036\323X\207\307\273\325W\344k\235"
  93      1F1ED358 
  93      87C7BBD5 
  93      57E46B9D 
  94 01fa CB7AADFE 		.ascii	"\313z\255\376KfXN\376.\230\351\301t\332\213\316SY\357"
  94      4B66584E 
  94      FE2E98E9 
  94      C174DA8B 
  94      CE5359EF 
  95 020e C4D88497 		.ascii	"\304\330\204\227=\223\361N\217M\2443\212\306\317e\315"
  95      3D93F14E 
  95      8F4DA433 
  95      8AC6CF65 
  95      CD
  96 021f F19367B3 		.ascii	"\361\223g\263\277\000\266\337\012\015"
  96      BF00B6DF 
  96      0A0D
  97              		.text
  98              		.section	.gnu.lto_palSetBusMode.798d24933390393d,"",%progbits
  99 0000 789C9592 		.ascii	"x\234\225\222\317K\033A\024\307\337w\336f7?\252gi\025"
  99      CF4B1B41 
  99      14C7DF77 
  99      DE66373F 
  99      AA676915 
 100 0014 22548297 		.ascii	"\"T\202\227\354\237\321\277\303FA\304\222b\360\2341"
 100      EC9FD1BF 
 100      C34641C4 
 100      9262F09C 
 100      31
 101 0025 69124B85 		.ascii	"i\022K\205\026Z#\304E\002\022\204\202\264\305\364G\374"
 101      165A23C4 
 101      45021284 
 101      82B4C5F4 
 101      47FC
 102 0037 B9E6D053 		.ascii	"\271\346\320SmQ<\264\324zh\241\320\242b\351Um\337L\332"
 102      6D513CB4 
 102      D47A68A1 
 102      D0A262E9 
 102      556DDF4C 
 103 004c 437B73D8 		.ascii	"C{s\330\231}o\347}?\363\235\307\272D4\246\210\006\344"
 103      997D6FE7 
 103      7D3FF39D 
 103      C7BA4434 
 103      A68806E4 
 104 0060 7D4D2698 		.ascii	"}M&\230\240\036\274%\232\212*\300\004:\012\312+\344"
 104      A01EBC25 
 104      9A8A2AC0 
 104      043A0ACA 
 104      2BE4
 105 0072 31C38F18 		.ascii	"1\303\217\030\355\312\327\226\032\\\3222\302\271=\257"
 105      EDCAD796 
ARM GAS  /tmp/ccZ6GcXO.s 			page 8


 105      1A5CD232 
 105      C2B93DAF 
 106 0082 AC4B3D01 		.ascii	"\254K=\001\023Ue\232\201\025\014J\325\356\235\247\001"
 106      1355659A 
 106      81150C4A 
 106      D5EE9DA7 
 106      01
 107 0093 DFE38001 		.ascii	"\337\343\200\001G\322\037;\265/\335&UHJZ\332\235+3\367"
 107      47D21F3B 
 107      B52FDD26 
 107      55484A5A 
 107      DA9D2B33 
 108 00a8 8124FE70 		.ascii	"\201$\376p\372\370\240;\325\320\272\240\303\203E\326"
 108      FAF8A03B 
 108      D5D0BAA0 
 108      C38345D6 
 109 00b8 D70366BC 		.ascii	"\327\003f\274\000\013\020\317\321\213&zI>\021^\"%\345"
 109      000B10CF 
 109      D18B267A 
 109      493E115E 
 109      2225E5
 110 00cb 3F571A0F 		.ascii	"?W\032\017\023\334o\245\207'\315\371\370\037\351\233"
 110      13DC6FA5 
 110      8727CDF9 
 110      F81FE99B 
 111 00db 86953A78 		.ascii	"\206\225:x\365\277\324!\264\2202\365\237\237]\314v\271"
 111      F5BFD421 
 111      B49032F5 
 111      9F9F5DCC 
 111      76B9
 112 00ed 4EFDAF5D 		.ascii	"N\375\257]\254\302%H\360d/\022\352\213_\025\035\236"
 112      ACC22548 
 112      F0642F12 
 112      EA8B5F15 
 112      1D9E
 113 00ff 35F0E946 		.ascii	"5\360\351FL\211,\302\262\270\216,^\304D.\214\003\017"
 113      4C892CC2 
 113      B2B88E2C 
 113      5EC4442E 
 113      8C030F
 114 0112 1646D3A2 		.ascii	"\026F\323\242\227\336\350\220\356\2622Q1\244\357(\254"
 114      97DEE890 
 114      EEB23251 
 114      31A4EF28 
 114      AC
 115 0123 7E3BCE18 		.ascii	"~;\316\030j\215\225\234W-\265\337y\346\326l\355\256"
 115      6A8D959C 
 115      572DB5DF 
 115      79E6D66C 
 115      EDAE
 116 0135 B7775EBB 		.ascii	"\267w^\273u,LI\353\222\001Gk\354bM,\232\275\375\312"
 116      752C4C49 
 116      EB920147 
 116      6BEC624D 
 116      2C9ABDFD 
 117 014a FBC384BF 		.ascii	"\373\303\204\277\254;[1\254\243\216Y\333Rl\300\267\350"
 117      AC3B5B31 
ARM GAS  /tmp/ccZ6GcXO.s 			page 9


 117      ACA38E59 
 117      DB526CC0 
 117      B7E8
 118 015c 5807CC97 		.ascii	"X\007\314\227\"\305\261iI\346\226\330\372\227\344\\"
 118      22C5B169 
 118      49E696D8 
 118      FA97E45C 
 119 016c 8A944068 		.ascii	"\212\224@hI\312\220\266-\251xZF\007\025\021_\002\244"
 119      49CA90B6 
 119      2DA9785A 
 119      46071511 
 119      5F02A4
 120 017f 239493B6 		.ascii	"#\224\223\266\253\"o\265\216>z\371s\035\015\370J\325"
 120      AB226FB5 
 120      8E3E7AF9 
 120      731D0DF8 
 120      4AD5
 121 0191 18401B79 		.ascii	"\030@\033y\222\316\330r/\340.:A\241\276v\3372\354\317"
 121      92CED872 
 121      2FE02E3A 
 121      41A1BE76 
 121      DF32ECCF 
 122 01a5 332D65D2 		.ascii	"3-e\322K9\342j:\355w\236l\316\037\035\032\367s\023\031"
 122      4B39E26A 
 122      3AED779E 
 122      6CCE1F1D 
 122      1AF77313 
 123 01ba FFF6D078 		.ascii	"\377\366\320x:C|s2\347\334\312\016\217\374\006J\366"
 123      3A437C73 
 123      32E7DCCA 
 123      0E8FFC06 
 123      4AF6
 124 01cc C91B     		.ascii	"\311\033"
 125              		.text
 126              		.section	.gnu.lto_.symbol_nodes.798d24933390393d,"",%progbits
 127 0000 789C6363 		.ascii	"x\234cc``\010\004b\006\246\253\014\365\014\014\023\316"
 127      60600804 
 127      6206A6AB 
 127      0CF50C0C 
 127      13CE
 128 0012 3180A85D 		.ascii	"1\200\250]\015\216@\221k\014\365\214\250\"\327\031\352"
 128      0D8E4091 
 128      6B0CF58C 
 128      A822D719 
 128      EA
 129 0023 99504418 		.ascii	"\231PD\030o1\3243\203E\030\030\032\032\034\030\030\230"
 129      6F31D433 
 129      83451818 
 129      1A1A1C18 
 129      1898
 130 0035 99981996 		.ascii	"\231\230\031\226<\374\307\310\000\000mv\024\357"
 130      3CFCC7C8 
 130      00006D76 
 130      14EF
 131              		.text
 132              		.section	.gnu.lto_.refs.798d24933390393d,"",%progbits
 133 0000 789C6363 		.ascii	"x\234cc```\004b\006\000\000D\000\010"
ARM GAS  /tmp/ccZ6GcXO.s 			page 10


 133      60606004 
 133      62060000 
 133      440008
 134              		.text
 135              		.section	.gnu.lto_.decls.798d24933390393d,"",%progbits
 136 0000 789CBD58 		.ascii	"x\234\275X{P\024G\032\237\236\336\305eY\300C\357\312"
 136      7B501447 
 136      1A9F9EDE 
 136      C56559C0 
 136      43EFCA
 137 0013 BB5816E5 		.ascii	"\273X\026\345\241R\271\300\012\361\316\344\376\2703"
 137      A152B9C0 
 137      0AF1CEE4 
 137      FEB833
 138 0022 8A89967A 		.ascii	"\212\211\226zZ\253\251\224\377\334f\263\254\221\013"
 138      5AABA994 
 138      FFDC66B3 
 138      AC910B
 139 0031 B01CBBA4 		.ascii	"\260\034\273\244*u\177\334\300n\004\237\001|\2031(\212"
 139      2A757FDC 
 139      C06E049F 
 139      017C8331 
 139      288A
 140 0043 F2103141 		.ascii	"\362\0201A\024y\210+\002\021\211\212\250\301\250`\024"
 140      1479882B 
 140      0211898A 
 140      A8C1A860 
 140      14
 141 0054 DF0F44C3 		.ascii	"\337\017D\303C\004\356\353\356\231\235\331\225\315]"
 141      4304EEEB 
 141      EE999DD9 
 141      95CD5D
 142 0063 D555658A 		.ascii	"\325Ue\212\336\236\356\371\372\373\375\276_\177\335"
 142      DE9EEEF9 
 142      FAFBFDBE 
 142      5F7FDD
 143 0072 3D831FC7 		.ascii	"=\203\037\307qQ\3438n\016\346\270u\210\343F\340RA\337"
 143      7151E338 
 143      6E0EE6B8 
 143      7588E346 
 143      E05241DF 
 144 0086 0928D0C5 		.ascii	"\011(\320\305\205@\237\013\352\361P\223\213<{\015\356"
 144      85409F0B 
 144      EAF15093 
 144      8B3C7B0D 
 144      EE
 145 0097 43A14C81 		.ascii	"C\241L\201\362\007\261_y\315\3449NG\306\222q\034\033"
 145      F207B15F 
 145      79CDE439 
 145      4E47C692 
 145      711C1B
 146 00aa 4FFC0C43 		.ascii	"O\374\014C=\015\312r(\277\2026\2022\004\367MP4\210\371"
 146      3D0DCA72 
 146      28BF8236 
 146      823204F7 
 146      4D503488 
 147 00bf 0E80BA07 		.ascii	"\016\200\272\007\352@\250\203\210\215\210G\352?{a\275"
ARM GAS  /tmp/ccZ6GcXO.s 			page 11


 147      EA40A883 
 147      888D8847 
 147      EA3F7B61 
 147      BD
 148 00d0 03384150 		.ascii	"\0038AP\177\250\300\222\370J8\303\"\226F\201wS\304T"
 148      7FA8C092 
 148      F84A38C3 
 148      22964681 
 148      7753C454 
 149 00e4 730C8360 		.ascii	"s\014\203`\021\334\027\320\356\340\030V\250\210\371"
 149      11DC17D0 
 149      EEE01856 
 149      A888F9
 150 00f3 572FCC05 		.ascii	"W/\314\005>0\307\373\210\317%\3066\013\312\353\210i"
 150      3E30C7FB 
 150      88CF25C6 
 150      360BCAEB 
 150      8869
 151 0105 1A80645C 		.ascii	"\032\200d\\p\347\326\221@\315\363\302\333\204\321yg"
 151      70E7D691 
 151      40CDF3C2 
 151      DB84D179 
 151      67
 152 0116 D90EBC16 		.ascii	"\331\016\274\026\243\020-RA\363iK\316\315 h\216\327"
 152      A3102D52 
 152      41F3694B 
 152      CECD2068 
 152      8ED7
 153 0128 A25068E6 		.ascii	"\242Ph\346T=?\255fO5\320\034)([\255\301<\"\003\2575"
 153      543D3FAD 
 153      664F35D0 
 153      1C29285B 
 153      ADC13C22 
 154 013f 15169381 		.ascii	"\025\026\223\201\323\264\210Lk0t\035|X9\020\310\272"
 154      D3B4884C 
 154      6B30741D 
 154      7C583910 
 154      C8BA
 155 0151 88456A6B 		.ascii	"\210Ejk\375\200\032\217\241\367O\367d\017\241\310\022"
 155      FD801A8F 
 155      A1F74FF7 
 155      640FA1C8 
 155      12
 156 0162 815D9AF9 		.ascii	"\201]\232\371\034\252DX\342\320\372E\317\2361\370ub"
 156      1CAA4458 
 156      E2D0FA45 
 156      CF9E31F8 
 156      7562
 157 0174 C877B40F 		.ascii	"\310w\264\017^\015B\332\360\014AH\023\362\034\202\377"
 157      5E0D42DA 
 157      F00C4148 
 157      13F21C82 
 157      FF
 158 0185 3C0E95A3 		.ascii	"<\016\225\243\211\350\0334\221C5(\2348?\206\"9t\024"
 158      89E81B34 
 158      91433528 
 158      9C383F86 
ARM GAS  /tmp/ccZ6GcXO.s 			page 12


 158      22397414 
 159 0199 3A8F4067 		.ascii	":\217@g\001qX\367\244wZV\272 \360\250\032iQ\025\302"
 159      017158F7 
 159      A4775A56 
 159      BA20F0A8 
 159      1A695115 
 160 01ae D406829E 		.ascii	"\324\006\202\236\246e\020\205{\262v\373\341\032D1\252"
 160      A6651085 
 160      7BB276FB 
 160      E11A4431 
 160      AA
 161 01bf 72BB4EF1 		.ascii	"r\273N\361\2760\352|b\364\035\235\334\3609\3018\016"
 161      BE30EA7C 
 161      62F41D9D 
 161      DCF039C1 
 161      380E
 162 01d1 18B53206 		.ascii	"\030\2652\006@2\020g}oV vQ}\370\333\003\316\362\000"
 162      40321067 
 162      7D6F5620 
 162      76517DF8 
 162      DB03CEF2 
 163 01e6 5F20277D 		.ascii	"_ '}\202\214\264\277\365m\233 \204\"\027\200\234\220"
 163      828CB4BF 
 163      F56D9B20 
 163      84221780 
 163      9C90
 164 01f8 418E4B20 		.ascii	"A\216K \027\237\366l\011\302\251\230\312\232\373\354"
 164      179FF66C 
 164      09C2A998 
 164      CA9AFBEC 
 165 0208 DA3D7F36 		.ascii	"\332=\1776?\341\212\331\013a\263\327\277\353V6\2173"
 165      3FE18AD9 
 165      0B61B3D7 
 165      BFEB5636 
 165      8F33
 166 021a 98E9B6D6 		.ascii	"\230\351\266\326Cs\265@\306\361?E\014\003\312F6u\006"
 166      4373B540 
 166      C6F13F45 
 166      0C03CA46 
 166      367506
 167 022d E2F56CF4 		.ascii	"\342\365l\364cgWg\000\363<\001\232\007\372;*\3248\233"
 167      63675767 
 167      00F33C01 
 167      9A07FA3B 
 167      2AD4389B 
 168 0241 3D5BBFC9 		.ascii	"=[\277\311\345R\341\255\254\221\277=+]\215w\260Favf"
 168      E552E1AD 
 168      AC91BF3D 
 168      2B5D8D77 
 168      B0466176 
 169 0256 9916EF64 		.ascii	"\231\026\357d\215\326\3563_\006\260\324\032\013\315"
 169      8DD6EE33 
 169      5F06B0D4 
 169      1A0BCD
 170 0265 53237D75 		.ascii	"S#}u\301\314#O\350\025]~\341\217\363\230\351\336\027"
 170      C1CC234F 
 170      E8155D7E 
ARM GAS  /tmp/ccZ6GcXO.s 			page 13


 170      E18FF398 
 170      E9DE17
 171 0278 83DD24B7 		.ascii	"\203\335$\267\246\222\334\302\212\314\232\3122\353x"
 171      A692DCC2 
 171      8ACC9ACA 
 171      32EB78
 172 0287 F3B7053A 		.ascii	"\363\267\005:\\@\215\371\322\234\227/\203%\2413\035"
 172      5C408DF9 
 172      D29C972F 
 172      8325A133 
 172      1D
 173 0298 823A9C43 		.ascii	"\202:\234Cg!\214s$\266K\020\333T1\266\013\320\331*g"
 173      67218C73 
 173      24B64B10 
 173      DB5431B6 
 173      0BD0D92A 
 174 02ad 4CC5A44A 		.ascii	"L\305\244JA\030\213.\202\316m\262\316SE\231k\263~\270"
 174      41188B2E 
 174      82CE6DB2 
 174      CE534599 
 174      6BB37EB8 
 175 02c1 ADC58718 		.ascii	"\255\305\207\030D\332\271\315\317|B\264\373\204\350"
 175      44DAB9CD 
 175      CF7C42B4 
 175      FB84E8
 176 02d0 3B1A5D4F 		.ascii	";\032]O\023\346{\300\270,c\\\224\3462\255\177w\265\006"
 176      13E67BC0 
 176      B82C635C 
 176      94E632AD 
 176      7F77B506 
 177 02e4 1FA320AA 		.ascii	"\037\243 \252\336\375\207/\005\241qaa\341Ydt&\024\304"
 177      DEFD872F 
 177      05A17161 
 177      61E15964 
 177      742614C4 
 178 02f8 CBD3C4A1 		.ascii	"\313\323\304\241\037\3208\342\001]\007\300\253(\014"
 178      1FD038E2 
 178      015D07C0 
 178      AB280C
 179 0307 5D436174 		.ascii	"]Cat\005\355&\254 q\246\227\366\334\022\2045:\012w\005"
 179      05ED26AC 
 179      2071A697 
 179      F6DC1284 
 179      353A0A77 
 180 031c E0C80037 		.ascii	"\340\310\0007M=q\0215\321m\177?r\273P\227\206\251\361"
 180      4D3D7111 
 180      35D16D7F 
 180      3F72BB50 
 180      9786A9F1 
 181 0330 F9518DCF 		.ascii	"\371Q\215\317\022T1\224\353\245ZX\266\304\210\023\243"
 181      12543194 
 181      EBA55A58 
 181      B6C48813 
 181      A3
 182 0341 606B57D5 		.ascii	"`kW\325\350zP\256Eaa\343\303\231\333K\245!\371\016\241"
 182      E87A50AE 
 182      456161E3 
ARM GAS  /tmp/ccZ6GcXO.s 			page 14


 182      C399DB4B 
 182      A521F90E 
 183 0356 693A5D24 		.ascii	"i:]$-\340\367\006\032/\247\232\007\011p\333[\032\224"
 183      2DE0F706 
 183      1A2FA79A 
 183      070970DB 
 183      5B1A94
 184 0369 4A5910F4 		.ascii	"JY\020\364\357|[g\023k\310[\001\251\224\212\020k\242"
 184      EF7C5B67 
 184      136BC85B 
 184      01A9948A 
 184      106BA2
 185 037c C88FA048 		.ascii	"\310\217\240H\007(\322)*\3028\177W:!\025F\020+O\322"
 185      0728D229 
 185      2AC2387F 
 185      573A2115 
 185      46102B4F 
 186 0391 A8E55876 		.ascii	"\250\345Xv\271\377xp\232\352\333)\347\341Q\221\277!"
 186      B9FF7870 
 186      9AEADB29 
 186      E7E15191 
 186      BF21
 187 03a3 2C7F9D27 		.ascii	",\177\235'/\036\326\341Z\226\260]\315\007\3234\330\305"
 187      2F1ED6E1 
 187      5A96B05D 
 187      CD07D334 
 187      D8C5
 188 03b5 1A3B5B4A 		.ascii	"\032;[J\233\325\270\2015\252\212K[y|\2065J*\273\327"
 188      9BD5B881 
 188      35AA8A4B 
 188      5B797C86 
 188      354A2ABB 
 189 03ca 22DCC61A 		.ascii	"\"\334\306\032O\323\017\332\361\017\354\336\371e\346"
 189      4FD30FDA 
 189      F10FECDE 
 189      F965E6
 190 03d9 599EF97E 		.ascii	"Y\236\371~\003\232[V\357\350T\261\245\322I\026\307\327"
 190      039A5B56 
 190      EFE854B1 
 190      A5D24916 
 190      C7D7
 191 03eb 97F65769 		.ascii	"\227\366Wi\360\015j\0338\320r\353A0(\016\231\002W8\371"
 191      F00D6A1B 
 191      38D072EB 
 191      4130280E 
 191      99025738 
 192 0400 D92D381D 		.ascii	"\331-8\035B\335\355\003\242\364M \375=\020\263\033D"
 192      42DDED03 
 192      A2F44D20 
 192      FD3D10B3 
 192      1B44
 193 0412 F514B31C 		.ascii	"\365\024\263\0341\355\211\271+2G\250sbj\335\345m}\013"
 193      31ED89B9 
 193      2B3247A8 
 193      73626ADD 
 193      E56D7D0B 
 194 0426 C9E6723A 		.ascii	"\311\346r:\202N\017\301\342\001}\330-\246c/\210\337"
ARM GAS  /tmp/ccZ6GcXO.s 			page 15


 194      824E0FC1 
 194      E2017DD8 
 194      2DA6632F 
 194      88DF
 195 0438 07523D86 		.ascii	"\007R=\2062\000\3459\224\036(O\240\274\200\362\014\312"
 195      3200E539 
 195      941E284F 
 195      A0BC80F2 
 195      0CCA
 196 044a 4F50FAA1 		.ascii	"OP\372\241<u\247,apE/3x\344\315\340\024R\344\012\261"
 196      3C75A72C 
 196      6170452F 
 196      3378E4CD 
 196      E01452E4 
 197 0460 7E11215B 		.ascii	"~\021![\337\036\235\257\302\332\245\360\335\354m}\032"
 197      DF1E9DAF 
 197      C2DAA5F0 
 197      DDEC6D7D 
 197      1A
 198 0471 798BD1A3 		.ascii	"y\213\321\243p~\307\333\374\360+\346\247\025\336\277"
 198      707EC7DB 
 198      FCF02BE6 
 198      A715DEBF 
 199 0481 F5366F90 		.ascii	"\3656o\220\271\210\211x \204&b\267\347\352a\256\256"
 199      B9888978 
 199      20842662 
 199      B7E7EA61 
 199      AEAE
 200 0493 2B67EDFE 		.ascii	"+g\355\376\250\263\246\010\253U\001\3348:\260\222\347"
 200      A8B3A608 
 200      AB5501DC 
 200      383AB092 
 200      E7
 201 04a4 7D455877 		.ascii	"}EXwG\017Kr\016\353p\270T\313\314o\302\02283\272h\324"
 201      470F4B72 
 201      0EEB70B8 
 201      54CBCC6F 
 201      C2123833 
 202 04bb 1C52B2AE 		.ascii	"\034R\262\256\245\277\\\215\273\330\376XS\355\230\201"
 202      A5BF5C8D 
 202      BBD8FE58 
 202      53ED9881 
 203 04cb C2C7B168 		.ascii	"\302\307\261ho\037\364#[\305\020\214\035\224\367<\022"
 203      6F1FF423 
 203      5BC5108C 
 203      1D94F73C 
 203      12
 204 04dc BB8F5442 		.ascii	"\273\217TB/!\203\376\237l\002:\373\316\014\336\322\352"
 204      2F2183FE 
 204      9F6C023A 
 204      FBCE0CDE 
 204      D2EA
 205 04ee D6B8CF5A 		.ascii	"\326\270\317Z\012/\257\351a\244\023\211\200\355\221"
 205      0A2FAFE9 
 205      61A41389 
 205      80ED91
 206 04fd D5DBEE04 		.ascii	"\325\333\356\004\342\036F=\247qg\236?\012\327\211\333"
ARM GAS  /tmp/ccZ6GcXO.s 			page 16


 206      E21E463D 
 206      A771679E 
 206      3F0AD789 
 206      DB
 207 050e 5CF358B2 		.ascii	"\\\363X\262\037\240T^\207Fd\3620\034*\037\336\221\300"
 207      1FA0545E 
 207      874664F2 
 207      301C2A1F 
 207      DE91C0
 208 0521 877B020C 		.ascii	"\207{\002\014\336\335\324\216\330j\326\221]\276\252"
 208      DEDDD48E 
 208      D86AD691 
 208      5DBEAA
 209 0530 3D2B585C 		.ascii	"=+X\\\315\344\361\363\215W:\202\360\020\366x\215Z\376"
 209      CDE4F1F3 
 209      8D573A82 
 209      F010F678 
 209      8D5AFE
 210 0543 EA6BD472 		.ascii	"\352k\324rv\330=<w\366\002\302N\025\245{\245\347<\366"
 210      76D83D3C 
 210      77F602C2 
 210      4E15A57B 
 210      A5E73CF6 
 211 0557 F552B11A 		.ascii	"\365R\261\032x,\027\017\242U\374D\3649/\035Dg\327\374"
 211      782C170F 
 211      A255FC44 
 211      F4392F1D 
 211      4467D7FC 
 212 056b FEE13079 		.ascii	"\376\3410y\251\310\340\265(\235w\307\265\234\235C\352"
 212      A9C8E0B5 
 212      289D77C7 
 212      B59C9D43 
 212      EA
 213 057c E2B20DCE 		.ascii	"\342\262\015\316`8z`3\361\230!\007xI\343\211\200kx6"
 213      60387A60 
 213      33F19821 
 213      077849E3 
 213      89806B78 
 214 0591 3DEB0063 		.ascii	"=\353\000c-\037\2066@Y\317+\317\237\306B<\234\277a\275"
 214      2D1F8636 
 214      4059CF2B 
 214      CF9FC642 
 214      3C9CBF61 
 215 05a6 90E762F2 		.ascii	"\220\347b\362\325\203|d\324(\251\314H]\372\212\255\012"
 215      D5837C64 
 215      D428A9CC 
 215      485DFA8A 
 215      AD0A
 216 05b8 30F25C15 		.ascii	"0\362\\\025\304[C\241\270*\010c'\357\345\312#s\211\371"
 216      C45B43A1 
 216      B82A0863 
 216      27EFE5CA 
 216      237389F9 
 217 05cc 8FE12C71 		.ascii	"\217\341,q\311KS\305\250\300lU\200\234\003\205\317\236"
 217      C94B53C5 
 217      A8C06C55 
 217      809C0385 
ARM GAS  /tmp/ccZ6GcXO.s 			page 17


 217      CF9E
 218 05de 63BC4F4D 		.ascii	"c\274OM\345L\257\355+\307\356\314\375\256\220fn\026"
 218      E54CAFED 
 218      2BC7EECC 
 218      FDAE9066 
 218      6E16
 219 05f0 0CFE4216 		.ascii	"\014\376B\026\211\360\363\312\\I\027\224\011r\374\234"
 219      89F0F3CA 
 219      5C491794 
 219      0972FC9C 
 220 0600 348077BF 		.ascii	"4\200w\277\301\321\310+33\213Wff6OR\213\326`\\\324R"
 220      C1D1C82B 
 220      33338B57 
 220      6666364F 
 220      528BD660 
 221 0617 F852850F 		.ascii	"\370R\205\0170r\275\365w\3625\276&{3\357\373\015\362"
 221      3072BDF5 
 221      77F235BE 
 221      267B33EF 
 221      FB0DF2
 222 062a 8DD3F40D 		.ascii	"\215\323\364\015r\023H\267\221\367z\203$\275\000T\351"
 222      721348B7 
 222      91F77A83 
 222      24BD0054 
 222      E9
 223 063b 5A753EB0 		.ascii	"Zu>\260\003^!\340\023\001\215\245\\\021b\277P\223B\333"
 223      035E21E0 
 223      13018DA5 
 223      5C1162BF 
 223      509342DB 
 224 064f 23D28558 		.ascii	"#\322\205X?\364\362\254\022MIC\032\"\336\303//\372\340"
 224      3FF4F2AC 
 224      124D4943 
 224      1A22DEC3 
 224      2F2FFAE0 
 225 0663 25BFF44F 		.ascii	"%\277\364Ot\200\224^\331s\006']\234\344\236\321\222"
 225      7480945E 
 225      D9730627 
 225      5D9CE49E 
 225      D192
 226 0675 C671CCA5 		.ascii	"\306q\314\245'\230b\220\007W\316\375\330MS\016\022\211"
 226      27986290 
 226      0757CEFD 
 226      D84D530E 
 226      1289
 227 0687 53736C57 		.ascii	"SslW\351\035U'\274Oq\334\273\034\227\251I\240\2757Z"
 227      E91D5527 
 227      BC4F71DC 
 227      BB1C97A9 
 227      49A0BD37 
 228 069c AB8734B8 		.ascii	"\253\2074\270\202\316\001\272\323\327{\302_\305\263"
 228      82CE01BA 
 228      D3D77BC2 
 228      5FC5B3
 229 06ab 0942892A 		.ascii	"\011B\211*\322\227\351(\252VO\330B\023\302!\214\345"
 229      D297E928 
 229      AA564FD8 
ARM GAS  /tmp/ccZ6GcXO.s 			page 18


 229      4213C221 
 229      8CE5
 230 06bd 69D649AF 		.ascii	"i\326I\257N\034\312\341'\300\357v^\305@\034\027O\336"
 230      4E1CCAE1 
 230      27C0EF76 
 230      5EC5401C 
 230      174FDE
 231 06d0 544FCE13 		.ascii	"TO\316\023\362:a\035\036\305\253O\246\303\032A\263\210"
 231      F23A611D 
 231      1EC5AB4F 
 231      A6C31A41 
 231      B388
 232 06e2 19DA26CF 		.ascii	"\031\332&\317\016\334\302\357V\276\023\241-|\007\360"
 232      0EDCC2EF 
 232      56BE13A1 
 232      2D7C07F0 
 233 06f2 CDE52793 		.ascii	"\315\345'\223}m\233\2439\000_edV5^p\215\241d\010\"#"
 233      7D6D9BA3 
 233      39005F65 
 233      6456355E 
 233      708DA164 
 234 0709 D39B71F5 		.ascii	"\323\233q\365\221\237\233\340\227<\355<\374\244\243"
 234      919F9BE0 
 234      973CED3C 
 234      FCA4A3
 235 0718 2D48C9F0 		.ascii	"-H\311\360\303\337(\010~E\011\356\224\010\016\026\234"
 235      C3DF2808 
 235      7E4509EE 
 235      94080E16 
 235      9C
 236 0729 CA0E1009 		.ascii	"\312\016\020\011^\312\325\301BJ\023\310K+\230\241\035"
 236      5ECAD5C1 
 236      424A13C8 
 236      4B2B98A1 
 236      1D
 237 073a 32C11DDE 		.ascii	"2\301\035\336\004\363(\301\241\3537{x|\227\021<\322"
 237      04F328C1 
 237      A1EB377B 
 237      787C9711 
 237      3CD2
 238 074c 743C434B 		.ascii	"t<CK\311\220\334c\004\013^\346^S\271\011\356f\004\205"
 238      C990DC63 
 238      040B5EE6 
 238      5E53B909 
 238      EE660485 
 239 0760 0B25D782 		.ascii	"\013%\327\202}\022\334C\011\346K\004\373\217\235o\326"
 239      7D12DC43 
 239      09E64B04 
 239      FB8F9D6F 
 239      D6
 240 0771 88044F4F 		.ascii	"\210\004OOr\363\003+\264K\346\267\313\233\337^\312\357"
 240      72F3032B 
 240      B44BE6B7 
 240      CB9BDF5E 
 240      CAEF
 241 0783 D15EC7C6 		.ascii	"\321^\307\306`\334\353\233\337\310\366\015\371~nQ\367"
 241      60DCEB9B 
ARM GAS  /tmp/ccZ6GcXO.s 			page 19


 241      DFC8F60D 
 241      F97E6E51 
 241      F7
 242 0794 317ECD5D 		.ascii	"1~\315]\015\315l\332\311V\266\237u\266\025=\377\213"
 242      0DCD6CDA 
 242      C956B69F 
 242      75B6153D 
 242      FF8B
 243 07a6 4FCE4594 		.ascii	"O\316E\224s\241\304y\323\221\372\032\177\340\334I\027"
 243      73A1C479 
 243      D391FA1A 
 243      7FE0DC49 
 243      17
 244 07b7 64E8CBB2 		.ascii	"d\350\313\262\273B\206\226Z\241\002\231s\001\317\276"
 244      BB428696 
 244      5AA10299 
 244      7301CFBE 
 245 07c7 815131E5 		.ascii	"\201Q1\345\332\271u+l"
 245      DAB9752B 
 245      6C
 246 07d0 5EEBFC28 		.ascii	"^\353\374(\327\313\355\316J\361\020\011 \324ol>\356"
 246      D7CBEDCE 
 246      4AF11009 
 246      20D46F6C 
 246      3EEE
 247 07e2 CF0E91EF 		.ascii	"\317\016\221\357\311\343]-\317\266hq\016\263\035\352"
 247      C9E35D2D 
 247      CFB66871 
 247      0EB31DEA 
 248 07f2 3E37A463 		.ascii	">7\244c\266dq\0176\255\372\012\221o=A\334r\240_\336"
 248      B664710F 
 248      36ADFA0A 
 248      916F3D41 
 248      DC72A05F 
 249 0807 710EF1B0 		.ascii	"q\016\361\260\017\300\246\210\312x\372\235w\261\277"
 249      0FC0A688 
 249      CA78FA9D 
 249      77B1BF
 250 0816 E6850EE7 		.ascii	"\346\205\016\347SO\252\022GQ\267\012\205OD`\216\264"
 250      534FAA12 
 250      4751B70A 
 250      854F4460 
 250      8EB4
 251 0828 05D2F73A 		.ascii	"\005\322\367:\207*@\260\257E\272p\345\010\340\276\373"
 251      872A40B0 
 251      AF45BA70 
 251      E508E0BE 
 251      FB
 252 0839 DFA41BEE 		.ascii	"\337\244\033\3565\264\246\373\224\220/\340\011\034z"
 252      35B4A6FB 
 252      94902FE0 
 252      091C7A
 253 0848 73229A0E 		.ascii	"s\"\232\016\273\3247\260KUP\274\303\260e\2263\300\332"
 253      BBD437B0 
 253      4B5550BC 
 253      C3B06596 
 253      33C0DA
ARM GAS  /tmp/ccZ6GcXO.s 			page 20


 254 085b E6D6F6A0 		.ascii	"\346\326\366\240\220LqC\235\205\250\357Rx~\200\0365"
 254      904C7143 
 254      9D85A8EF 
 254      52787E80 
 254      1E35
 255 086d 47F81089 		.ascii	"G\370\020\211%\261>\264\243i\300_+\372\316\370o\276"
 255      25B13EB4 
 255      A369C05F 
 255      2BFACEF8 
 255      6FBE
 256 087f DBAEAF9B 		.ascii	"\333\256\257\233\243t}\364\347\\W\257\031Z;fJ\276p\256"
 256      A3747DF4 
 256      E75C57AF 
 256      195A3B66 
 256      4ABE70AE 
 257 0893 8E2ECDB5 		.ascii	"\216.\315\2657\235B\352*8\221*\371\020t\020f\011\226"
 257      379D42EA 
 257      2A38912A 
 257      F9107410 
 257      660996
 258 08a6 A0627009 		.ascii	"\240bp\011\364\374\035>\310\216\361S`l\367\255GEAx?"
 258      F4FC1D3E 
 258      C88EF153 
 258      606CF7AD 
 258      47454178 
 259 08bb D3DF5152 		.ascii	"\323\337QR[\241\366)x\265$\370\001\306\361\361\303\202"
 259      5BA1F629 
 259      78B524F8 
 259      01C6F1F1 
 259      C382
 260 08cd 62B577FC 		.ascii	"b\265w\374\362Q[CIVK$+\032\266\377\244\365\016\311\247"
 260      F2515B43 
 260      49564B24 
 260      2B1AB6FF 
 260      A4F50EC9 
 261 08e2 754DDBF9 		.ascii	"uM\333\371\334`1\244\037_K\315\253K\015E\265b8\260`"
 261      DC6031A4 
 261      1F5F4BCD 
 261      AB4B0D45 
 261      B56238B0 
 262 08f7 1503ABC4 		.ascii	"\025\003\253\304p\216\323pj\212\373\237\350\224\247"
 262      708ED370 
 262      6A8AFB9F 
 262      E894A7
 263 0906 14C95439 		.ascii	"\024\311T9\204:\361\224\252\243\247TI\372\345*\025\256"
 263      843AF194 
 263      AAA3A754 
 263      49FAE52A 
 263      15AE
 264 0918 1073EF6A 		.ascii	"\020s\357j\352\260\370\351\022D\226\323\275\366|1O\273"
 264      EAB0F8E9 
 264      124496D3 
 264      BDF67C31 
 264      4FBB
 265 092a E9FF03EE 		.ascii	"\351\377\003\356W\236\024\377\203\024H\276d\\{\036\373"
 265      579E14FF 
 265      831448BE 
ARM GAS  /tmp/ccZ6GcXO.s 			page 21


 265      645C7B1E 
 265      FB
 266 093b FB54EA94 		.ascii	"\373T\352\224\244T=SJp\364\335\326y+u\022Bp\321\020"
 266      A4543D53 
 266      4A70F4DD 
 266      D6792B75 
 266      124270D1 
 267 0950 1A68ECA7 		.ascii	"\032h\354\247\244\330\367\271\234U\257(\345\323:\177"
 267      A4D8F7B9 
 267      9C55AF28 
 267      E5D33A7F 
 268 0960 F5B3B57E 		.ascii	"\365\263\265~\242RW&1\245\032E\245`\353P\014<!*\325"
 268      A2525726 
 268      31A51A45 
 268      A560EB50 
 268      0C3C212A 
 269 0975 C44FE154 		.ascii	"\304O\341T\011&\333'\277\215\214\324\263?\253M\277\322"
 269      0926DB27 
 269      BF8D8CD4 
 269      B33FAB4D 
 269      BFD2
 270 0987 14AFB725 		.ascii	"\024\257\267%\233\365I\246\370H\263\346\275\277\275"
 270      9BF549A6 
 270      F848B3E6 
 270      BDBFBD
 271 0996 1F3A272A 		.ascii	"\037:'*\212\323\032\215)q\211\3667\243\215\366UH\277"
 271      8AD31A8D 
 271      297189F6 
 271      37A38DF6 
 271      5548BF
 272 09a9 D29A60D1 		.ascii	"\322\232`\321\233\3146KD\274\351#}\214\325\234\222`"
 272      9BCC364B 
 272      44BCE923 
 272      7D8CD59C 
 272      9260
 273 09bb 49B4DBF4 		.ascii	"I\264\333\364\313,\246\204\005\372\271\346\370\270$"
 273      CB2CA684 
 273      05FAB9E6 
 273      F8B824
 274 09ca 9BC56889 		.ascii	"\233\305h\211HJ1\177\022\255_f\265\306\333\364\037\233"
 274      484A317F 
 274      12AD5F66 
 274      B5C6DBF4 
 274      1F9B
 275 09dc CD11A6E4 		.ascii	"\315\021\246\344\204\210Dk\242%\302b\372(.bfD\364\364"
 275      8488446B 
 275      A225C262 
 275      FA282E62 
 275      6644F4F4 
 276 09f0 A89911FF 		.ascii	"\250\231\021\377\234\021\221`\372\2075Y\357\361T\037"
 276      9C119160 
 276      FA873559 
 276      EFF1541F 
 277 0a00 97688E4F 		.ascii	"\227h\216O\211\265\350\023L\346\225q\211\026\2751\326"
 277      89B5E813 
 277      4CE69571 
 277      8916BD31 
ARM GAS  /tmp/ccZ6GcXO.s 			page 22


 277      D6
 278 0a11 B2C29412 		.ascii	"\262\302\224\022o7\332?K\262\330\"Wr\032\211\320\277"
 278      6F37DA3F 
 278      4BB2D822 
 278      57721A89 
 278      D0BF
 279 0a23 7E513EB6 		.ascii	"~Q>\266\317lz\243\315\036\013\340@B\027gM\262&\333\211"
 279      CF6C7AA3 
 279      CD1E0BE0 
 279      40421767 
 279      4DB226DB 
 280 0a38 8A467B94 		.ascii	"\212F{\224\267\216\344\221M\277t\331\2427\243\365\013"
 280      B78EE491 
 280      4DBF74D9 
 280      A237A3F5 
 280      0B
 281 0a49 17C6E8DF 		.ascii	"\027\306\350\337[2\177\361\247\321DZc||,\014\367#\026"
 281      5B327FF1 
 281      A7D1445A 
 281      637C7C2C 
 281      0CF72316 
 282 0a5d 71B1AA77 		.ascii	"q\261\252w\3365\314#?\013U\013\347,0\250f/5\030\320"
 282      DE35CC23 
 282      3F0B550B 
 282      E72C30A8 
 282      662F3518 
 283 0a72 07689EDA 		.ascii	"\007h\236\332\034o1%\213\332G\375\311h\327H7\330f\261"
 283      1C6F3125 
 283      8BDA47FD 
 283      C968D748 
 283      37D866B1 
 284 0a86 E3C53106 		.ascii	"\343\3051\006<?\306\240^\362\376\222\030\303\230\305"
 284      3C3FC6A0 
 284      5EF2FE92 
 284      18C398C5 
 285 0a96 4B97CC9D 		.ascii	"K\227\314\235\033c\360[\274l\371\222\271\006\365\242"
 285      1B63F05B 
 285      BC6CF992 
 285      B906F5A2 
 286 0aa6 C531730D 		.ascii	"\3051s\015x\266\301\240\263\331\023@\246\217\223\342"
 286      78B6C1A0 
 286      B3D91340 
 286      A68F93E2 
 287 0ab6 AC46BB96 		.ascii	"\254F\273\226\361\215\2135\332\375\254+V\200\027\035"
 287      F18D8B35 
 287      DAFDAC2B 
 287      5680171D 
 288 0ac6 71695C61 		.ascii	"qi\\a\262\331\3372\332?\375e\245\224T\234\344-\234d"
 288      B2D9DF32 
 288      DA3FFD65 
 288      A594549C 
 288      E42D9C64 
 289 0ada 41927025 		.ascii	"A\222p%\247\236\277xv\212M\023gM\260\306Z \006\3505"
 289      A79EBF78 
 289      768A4D13 
 289      674DB0C6 
 289      5A2006E8 
ARM GAS  /tmp/ccZ6GcXO.s 			page 23


 290 0aef 584CB1D0 		.ascii	"XL\261\320\367;\237\231\313\005@\365Ar\234\335\002f"
 290      F73B9F99 
 290      CB0540F5 
 290      41729CDD 
 290      0266
 291 0b01 8170BFD4 		.ascii	"\201p\277\324b\207\273E\340\341\327Fq\002\214\020\376"
 291      6287BB45 
 291      E0E1D746 
 291      71028C10 
 291      FE
 292 0b12 C7C9D694 		.ascii	"\307\311\326\224$\3427\320h\\\221\222h6\032#\3778#\352"
 292      24E237D0 
 292      685C9192 
 292      68361A23 
 292      FF3823EA 
 293 0b26 6D8DD452 		.ascii	"m\215\324R\231W\232\222\225\317\242gx\264\336\376\017"
 293      99579A92 
 293      95CFA267 
 293      78B4DEFE 
 293      0F
 294 0b37 C43873CE 		.ascii	"\3048s\316"
 295              		.text
 296              		.section	.gnu.lto_.symtab.798d24933390393d,"",%progbits
 297 0000 70616C52 		.ascii	"palReadBus\000"
 297      65616442 
 297      757300
 298 000b 00       		.ascii	"\000"
 299 000c 00       		.ascii	"\000"
 300 000d 00       		.ascii	"\000"
 301 000e 00000000 		.ascii	"\000\000\000\000\000\000\000\000"
 301      00000000 
 302 0016 1B010000 		.ascii	"\033\001\000\000"
 303 001a 70616C57 		.ascii	"palWriteBus\000"
 303      72697465 
 303      42757300 
 304 0026 00       		.ascii	"\000"
 305 0027 00       		.ascii	"\000"
 306 0028 00       		.ascii	"\000"
 307 0029 00000000 		.ascii	"\000\000\000\000\000\000\000\000"
 307      00000000 
 308 0031 20010000 		.ascii	" \001\000\000"
 309 0035 70616C53 		.ascii	"palSetBusMode\000"
 309      65744275 
 309      734D6F64 
 309      6500
 310 0043 00       		.ascii	"\000"
 311 0044 00       		.ascii	"\000"
 312 0045 00       		.ascii	"\000"
 313 0046 00000000 		.ascii	"\000\000\000\000\000\000\000\000"
 313      00000000 
 314 004e 25010000 		.ascii	"%\001\000\000"
 315 0052 5F70616C 		.ascii	"_pal_lld_setgroupmode\000"
 315      5F6C6C64 
 315      5F736574 
 315      67726F75 
 315      706D6F64 
 316 0068 00       		.ascii	"\000"
ARM GAS  /tmp/ccZ6GcXO.s 			page 24


 317 0069 02       		.ascii	"\002"
 318 006a 00       		.ascii	"\000"
 319 006b 00000000 		.ascii	"\000\000\000\000\000\000\000\000"
 319      00000000 
 320 0073 2B010000 		.ascii	"+\001\000\000"
 321              		.text
 322              		.section	.gnu.lto_.opts,"",%progbits
 323 0000 272D666D 		.ascii	"'-fmath-errno' '-fsigned-zeros' '-ftrapping-math' '"
 323      6174682D 
 323      6572726E 
 323      6F272027 
 323      2D667369 
 324 0033 2D666E6F 		.ascii	"-fno-trapv' '-fno-openmp' '-fno-openacc' '-mcpu=cor"
 324      2D747261 
 324      70762720 
 324      272D666E 
 324      6F2D6F70 
 325 0066 7465782D 		.ascii	"tex-m0' '-mno-thumb-interwork' '-mthumb' '-O2' '-fo"
 325      6D302720 
 325      272D6D6E 
 325      6F2D7468 
 325      756D622D 
 326 0099 6D69742D 		.ascii	"mit-frame-pointer' '-falign-functions=16' '-ffuncti"
 326      6672616D 
 326      652D706F 
 326      696E7465 
 326      72272027 
 327 00cc 6F6E2D73 		.ascii	"on-sections' '-fdata-sections' '-fno-common' '-flto"
 327      65637469 
 327      6F6E7327 
 327      20272D66 
 327      64617461 
 328 00ff 2700     		.ascii	"'\000"
 329              		.text
 330              		.comm	__gnu_lto_v1,1,1
 331              		.comm	__gnu_lto_slim,1,1
 332              		.ident	"GCC: (GNU Tools for Arm Embedded Processors 7-2017-q4-major) 7.2.1 20170904 (release) [ARM
ARM GAS  /tmp/ccZ6GcXO.s 			page 25


DEFINED SYMBOLS
                            *ABS*:0000000000000000 pal.c
                            *COM*:0000000000000001 __gnu_lto_v1
                            *COM*:0000000000000001 __gnu_lto_slim

NO UNDEFINED SYMBOLS
