ARM GAS  /tmp/ccDdsu6m.s 			page 1


   1              		.cpu cortex-m0
   2              		.eabi_attribute 20, 1
   3              		.eabi_attribute 21, 1
   4              		.eabi_attribute 23, 3
   5              		.eabi_attribute 24, 1
   6              		.eabi_attribute 25, 1
   7              		.eabi_attribute 26, 1
   8              		.eabi_attribute 30, 2
   9              		.eabi_attribute 34, 0
  10              		.eabi_attribute 18, 4
  11              		.file	"st_lld.c"
  12              		.section	.gnu.lto_.profile.fb62257448d0bef3,"",%progbits
  13 0000 789C6363 		.ascii	"x\234cc```\001bF\006+Y\000\001\011\000c"
  13      60606001 
  13      6246062B 
  13      59000109 
  13      0063
  14              		.text
  15              		.section	.gnu.lto_.icf.fb62257448d0bef3,"",%progbits
  16 0000 789C6363 		.ascii	"x\234cc``\340e@\000&\206\371\013V\314\343al\270\375"
  16      6060E065 
  16      40002686 
  16      F90B56CC 
  16      E3616CB8 
  17 0015 5D990100 		.ascii	"]\231\001\000#\210\005\035"
  17      2388051D 
  18              		.text
  19              		.section	.gnu.lto_.jmpfuncs.fb62257448d0bef3,"",%progbits
  20 0000 789C6363 		.ascii	"x\234cc``\250d@\000&\010f<\300\302\310\000\304\377\201"
  20      6060A864 
  20      40002608 
  20      663CC0C2 
  20      C800C4FF 
  21 0015 801F28C2 		.ascii	"\200\037(\3028\205\231q\375\233\235?y\273\231\34703"
  21      38859971 
  21      FD9B9D3F 
  21      79BB99E7 
  21      3033
  22 0027 3032306E 		.ascii	"020nf\224\201+\002*g``\001)Y\263\354\343\001~\220\022"
  22      6694812B 
  22      022A6760 
  22      60012959 
  22      B3ECE301 
  23 003e 46467EC6 		.ascii	"FF~\306-P%\374\020%@\351=\363{VrA\244\231\030\267B\245"
  23      2D5025FC 
  23      102540E9 
  23      3DF37B56 
  23      7241A499 
  24 0056 99C0D20C 		.ascii	"\231\300\322\014\000(Q\033\267"
  24      0028511B 
  24      B7
  25              		.text
  26              		.section	.gnu.lto_.inline.fb62257448d0bef3,"",%progbits
  27 0000 789C6363 		.ascii	"x\234cc``pb@\000&\006\006^1F\006&\276+\376\014l\013"
  27      60607062 
  27      40002606 
  27      065E3146 
ARM GAS  /tmp/ccDdsu6m.s 			page 2


  27      0626BE2B 
  28 0018 E499C062 		.ascii	"\344\231\300b\334\014\014\214\023\374\030\271\240j\030"
  28      DC0C0C8C 
  28      13FC18B9 
  28      A06A18
  29 0027 81504406 		.ascii	"\201PD\006\250H\346\301-F\270*f\036\260n\006\000\351"
  29      A848E6C1 
  29      2D46B82A 
  29      661EB06E 
  29      0600E9
  30 003a 7C0644   		.ascii	"|\006D"
  31              		.text
  32              		.section	.gnu.lto_.pureconst.fb62257448d0bef3,"",%progbits
  33 0000 789C6363 		.ascii	"x\234cc```\003b&\206]\214\214R\000\003\261\000\345"
  33      60606003 
  33      6226865D 
  33      8C8C5200 
  33      03B100E5 
  34              		.text
  35              		.section	.gnu.lto_Vector7C.fb62257448d0bef3,"",%progbits
  36 0000 789C8553 		.ascii	"x\234\205SMLTW\024>\337\273o~\230\031pk\314,\306\005"
  36      4D4C5457 
  36      143EDFBB 
  36      6F7E9819 
  36      706BCC2C 
  37 0016 0B53C38B 		.ascii	"\013S\303\213\326\330n\015\306\204\304\331\210\0335"
  37      D6D86E0D 
  37      C684C4D9 
  37      881B35
  38 0025 0D31C324 		.ascii	"\0151\303$\222\014\214a\220\350\242\341\015\014\005"
  38      920C8C61 
  38      90E8A2E1 
  38      0D0C05
  39 0034 A28B2E74 		.ascii	"\242\213.tP|\255\223\230\324.\304\277\266\264C[}\035"
  39      507CAD93 
  39      98D42EC4 
  39      BFB6B443 
  39      5B7D1D
  40 0047 4AF117D0 		.ascii	"J\361\027\320\326\306\250\013\203\001\254\322F\215\011"
  40      D6C6A80B 
  40      8301ACD2 
  40      468D09
  41 0056 6982E039 		.ascii	"i\202\3409\357Mt\030\022\275\231w\347\335\373\235\237"
  41      EF4D7418 
  41      12BD9977 
  41      E7DDFB9D 
  41      9F
  42 0067 EF9CF33D 		.ascii	"\357\234\363=/\021}\256\023M\360\377&~\340!h_\216\023"
  42      2F117DAE 
  42      134DF0FF 
  42      267EE021 
  42      685F8E13 
  43 007b A5FD9AA6 		.ascii	"\245\375\232\246&\303d\006t{\003\231!\005\335\275\326"
  43      26C36406 
  43      747B0399 
  43      2105DDBD 
  43      D6
ARM GAS  /tmp/ccDdsu6m.s 			page 3


  44 008c 017931FD 		.ascii	"\001y1\375\240\016M\351\350\300\021uT\241\3203\223\327"
  44      A00E4DE9 
  44      E8C01175 
  44      54A1D033 
  44      93D7
  45 009e D69D3179 		.ascii	"\326\2351y\331\375\303\301\264\331\275\332RDY~d\341"
  45      D9FDC3C1 
  45      B4D9BDDA 
  45      5244597E 
  45      64E1
  46 00b0 3BAC2336 		.ascii	";\254#6\273\235\271`\251\303\312R\200\316\307\027\267"
  46      BB9DB960 
  46      A9C3CA52 
  46      80CEC717 
  46      B7
  47 00c1 061E57C9 		.ascii	"\006\036W\311QC\204\2173g\317^\014\251\215\020\313\343"
  47      5143848F 
  47      3367CF5E 
  47      0CA98D10 
  47      CBE3
  48 00d3 AFEE5D08 		.ascii	"\257\356]\010U\2376\315N\323^\034\364\016\230v&b)\205"
  48      559F36CD 
  48      4ED35E1C 
  48      F40E9876 
  48      26622985 
  49 00e7 21280E8A 		.ascii	"!(\016\212\037\020\306\367\010;\301\331z\352\342\342"
  49      1F10C6F7 
  49      083BC1D9 
  49      7AEAE2E2 
  50 00f7 B14AAF8E 		.ascii	"\261J\257\216\037Q\355\346\304O\360jo\201\214\303k\361"
  50      1F51EDE6 
  50      C44FF06A 
  50      6F818CC3 
  50      6BF1
  51 0109 5CC0B9CF 		.ascii	"\\\300\271\317*P\0314;f|B\310\013\246\225c\317N~\272"
  51      2A501934 
  51      3B667C42 
  51      C80BA695 
  51      63CF4E7E 
  52 011e 87302C98 		.ascii	"\2070,\230*\307\356\357\"\374,\210^\302\202\360\013"
  52      2AC7EEEF 
  52      22FC2C88 
  52      5EC282F0 
  52      0B
  53 012f BCF8155E 		.ascii	"\274\370\025^\222\255\314\243\377e\320Sd\341Y\301\342"
  53      92ADCCA3 
  53      FF65D053 
  53      64E159C1 
  53      E2
  54 0140 CC666671 		.ascii	"\314ffqY0\357J\026\221\317\010W\004\363\225cS\273\011"
  54      5930EF4A 
  54      1691CF08 
  54      5704F395 
  54      6353BB09 
  55 0154 B620FE65 		.ascii	"\266 \376e,~c\026\005a\301\033\270%\322\235\363w<\266"
  55      2C7E6316 
  55      0561C11B 
ARM GAS  /tmp/ccDdsu6m.s 			page 4


  55      B825D29D 
  55      F3773CB6 
  56 0168 B9B8D4C3 		.ascii	"\271\270\324\303D\326\014.<y]\035\002YJ\327dcK\351\037"
  56      44D60C2E 
  56      3C795D1D 
  56      02594AD7 
  56      64634BE9 
  57 017d F5720379 		.ascii	"\365r\003y\306\246M}\334\015~\353\262i\016\231\334\022"
  57      C6A64D7D 
  57      DC0D7EEB 
  57      B2690E99 
  57      DC12
  58 018f 378E890F 		.ascii	"7\216\211\017(\251)\237\237{\340\353xm\372-\345\311"
  58      28A9299F 
  58      9F7BE0EB 
  58      786DFA2D 
  58      E5C9
  59 01a1 AA0A0E3F 		.ascii	"\252\012\016?\202\016I\177~.\377\177\245\314\224s\342"
  59      820E497F 
  59      7E2EFF7F 
  59      A5CC9473 
  59      E2
  60 01b2 77842DE6 		.ascii	"w\204-\346;\203\316\210\270J|v\247\247(\014\3773\327"
  60      3B83CE88 
  60      B84A7C76 
  60      A7A7280C 
  60      FF33D7
  61 01c5 1D74C381 		.ascii	"\035t\303\201\275\262\335\205\011\237x\371\235\331\214"
  61      BDB2DD85 
  61      099F78F9 
  61      9DD98C
  62 01d4 0FCE3F0F 		.ascii	"\017\316?\017\270G\251P\264\222\373j\266\"\207\257\323"
  62      B847A950 
  62      B492FB6A 
  62      B62287AF 
  62      D3
  63 01e5 7C642154 		.ascii	"|d!T\340\017V\300\250(\200\261\236\231\033\223U\306"
  63      E00F56C0 
  63      A82880B1 
  63      9E991B93 
  63      55C6
  64 01f7 A099490B 		.ascii	"\240\231I\013\026\300\030r8\346H\017Wap\272\256\205"
  64      16C01872 
  64      38E6480F 
  64      576170BA 
  64      AE85
  65 0209 2F4EF8DC 		.ascii	"/N\370\334l\232\233pti\336^%\031th\270\306q\246\221"
  65      6C9A9B70 
  65      7469DE5E 
  65      25197468 
  65      B8C671A6 
  66 021e 7930B2A9 		.ascii	"y0\262\251hSZ\207\316u\\/J\255\217%0\031\346~p\005\257"
  66      68535A87 
  66      CE755C2F 
  66      4AAD8F25 
  66      3019E67E 
  67 0235 9EFC3BEA 		.ascii	"\236\374;\352T\260\234\\\356\033\351\350\373\371\335"
ARM GAS  /tmp/ccDdsu6m.s 			page 5


  67      54B09C5C 
  67      EE1BE9E8 
  67      FBF9DD
  68 0244 78C7EF26 		.ascii	"x\307\357&\214\322\362\003\234\354\026{=Czj\366\350"
  68      8CD2F203 
  68      9CEC167B 
  68      3D437A6A 
  68      F6E8
  69 0256 C3BFE1E8 		.ascii	"\303\277\341\350\210@CB\372\333\313#\323\241\265Wp\312"
  69      88404342 
  69      FADBCB23 
  69      D3A1B557 
  69      70CA
  70 0268 3CCE7182 		.ascii	"<\316q\202\022\372\345\271Kw\203<?\3028\326\362>\001"
  70      12FAE5B9 
  70      4B77833C 
  70      3FC238D6 
  70      F23E01
  71 027b 9D87D5F5 		.ascii	"\235\207\325\365\350\305\310\211\025\322{\376Vz\201"
  71      E8C5C889 
  71      15D27BFE 
  71      567A81
  72 028a 654299E4 		.ascii	"eB\231\344\311\334\026\241\310\266|\266\241\254\012"
  72      C9DC16A1 
  72      C8B67CB6 
  72      A1AC0A
  73 0299 0A4EB8C3 		.ascii	"\012N\270\303\343\265Te\221\331\0203+\270\314\306>\310"
  73      E3B55465 
  73      91D91033 
  73      2BB8CCC6 
  73      3EC8
  74 02ab EC4F87D9 		.ascii	"\354O\207\331_\314L:\250\277\223\324\243\276\005\217"
  74      5FCC4C3A 
  74      A8BF93D4 
  74      A3BE058F 
  75 02bb 102A4B5A 		.ascii	"\020*KZ\225U!v\270\313\031Y-\226ZE\377\24137\337\017"
  75      95552176 
  75      B8CB1959 
  75      2D965A45 
  75      FFA13337 
  76 02d1 C756562F 		.ascii	"\307VV/\177\302\034\205\203\03355\305_2e\354\333\233"
  76      7FC21C85 
  76      831B3535 
  76      C55F3265 
  76      ECDB9B
  77 02e4 30F6275B 		.ascii	"0\366'[\333RF\375\316\350\307\033\215\355\333\267\032"
  77      DB5246FD 
  77      CEE8C71B 
  77      8DEDDBB7 
  77      1A
  78 02f5 3BEBA2ED 		.ascii	";\353\242\355\033\214T[C\"\321X\023\243\212\206\324"
  78      1B8C545B 
  78      4322D158 
  78      13A38A86 
  78      D4
  79 0306 DEF67863 		.ascii	"\336\366xcC\2425R\356\231L\361\326\322\344\276\324\354"
  79      43A23552 
ARM GAS  /tmp/ccDdsu6m.s 			page 6


  79      EE994CF1 
  79      D6D2E4BE 
  79      D4EC
  80 0318 A38F4A0D 		.ascii	"\243\217J\015\344\336\015\275eG\2646zP.b\311\326xC\373"
  80      E4DE0DBD 
  80      6547B436 
  80      7A502E62 
  80      C9D67843 
  81 032d E666B65D 		.ascii	"\346f\266]_j\033?\330f\324F\353\353\352\215\246\226"
  81      5F6A1B3F 
  81      D866D446 
  81      EBEBEA8D 
  81      A696
  82 033f 58E24063 		.ascii	"X\342@c\334p,c\315\333\016\264\304\330\330\037\333\237"
  82      DC702C63 
  82      CDDB0EB4 
  82      C4D8D81F 
  82      DB9F
  83 0351 6A6A8C34 		.ascii	"jj\2144\221\2579\336\234l=\344^\304\371\342\015\370"
  83      91AF39DE 
  83      9C6C3DE4 
  83      5EC4F9E2 
  83      0DF8
  84 0363 29C000   		.ascii	")\300\000"
  85              		.text
  86              		.section	.gnu.lto_st_lld_init.fb62257448d0bef3,"",%progbits
  87 0000 789C9D94 		.ascii	"x\234\235\224\315O\023A\030\207\347\267\263\375\240"
  87      CD4F1341 
  87      1887E7B7 
  87      B3FDA0
  88 000f 08C49B89 		.ascii	"\010\304\233\211=x\305\003\233\352\277\340\305\004\342"
  88      3D78C503 
  88      9BEABFE0 
  88      C504E2
  89 001e 41AEC618 		.ascii	"A\256\306\030M\364@\202\021\342\321.`)\0121~\201\211"
  89      4DF44082 
  89      11E2D12E 
  89      60290A31 
  89      7E8189
  90 0031 1668A2D1 		.ascii	"\026h\242\321T\305\362\251\024\212\254\025A\005\012"
  90      54C5F2A9 
  90      148AAC15 
  90      41050A
  91 0040 2220CACD 		.ascii	"\" \312\315\003\240\020\242\221\240\211\021|\337\331"
  91      03A010A2 
  91      91A08911 
  91      7CDFD9
  92 004f D2123DD1 		.ascii	"\322\022=\321Iw\273;3\373<\363\233\335\031\247\020\242"
  92      4977BB3B 
  92      33FB3CF3 
  92      9BDD19A7 
  92      10A2
  93 0061 DE21848F 		.ascii	"\336!\204\217\376\367\322\001)\240]M\012Q\345\326\000"
  93      FEF7D201 
  93      29A05D4D 
  93      0A51E5D6 
  93      00
ARM GAS  /tmp/ccDdsu6m.s 			page 7


  94 0072 BE30DD10 		.ascii	"\2760\335\020~\015~4\310\233\022\211\340BL+|`R\261n"
  94      7E0D7E34 
  94      C89B1289 
  94      E0424C2B 
  94      7C6052B1 
  95 0087 75E6D79A 		.ascii	"u\346\327\232\201=!)D\023\035\\\320\205BA\335>wl4\346"
  95      813D2129 
  95      44131D5C 
  95      D0854241 
  95      DD3E776C 
  96 009d 3975BB1E 		.ascii	"9u\273\036\335p\012\320Et\312a\231\033\233A\323\032"
  96      DD700AD0 
  96      4574CA61 
  96      991B9B41 
  96      D31A
  97 00af BA8B8123 		.ascii	"\272\213\201#\273!B\022\032\237$\237t>\011QG\317\220"
  97      BB214212 
  97      1A9F249F 
  97      743E0951 
  97      47CF90
  98 00c2 D8B4C425 		.ascii	"\330\264\304%\251\361U\215%\276\"\321\367\245\3654\223"
  98      A9F1558D 
  98      25BE22D1 
  98      F7A5F534 
  98      93
  99 00d3 6E4B90A0 		.ascii	"nK\220\240)\220\230p\325\313\220\324\300\276\371\350"
  99      29909870 
  99      D5CB90D4 
  99      C0BEF9E8 
 100 00e3 F8B2DBBE 		.ascii	"\370\262\333\2765\303u\246NU\367\242\035w\020FK\025"
 100      35C375A6 
 100      4E55F7A2 
 100      1D771046 
 100      4B15
 101 00f5 0D755F48 		.ascii	"\015u_HJ<\205\027=\360\012\356\177\275k\372\230\321"
 101      4A3C8517 
 101      3DF00AEE 
 101      7FBD6BFA 
 101      98D1
 102 0107 665E4448 		.ascii	"f^DH\352xF\335\032U\000\364\302 W\315\257Z\330*\315"
 102      EA7846DD 
 102      1A5500F4 
 102      C22057CD 
 102      AF5AD82A 
 103 011c B6750F8D 		.ascii	"\266u\017\215\324*<\250\304\210A\343\231\276\254\372"
 103      D42A3CA8 
 103      C48841E3 
 103      99BEACFA 
 104 012c ECC8D497 		.ascii	"\354\310\324\2271\365\303 \274\012\026y\350\262mr{0"
 104      31F5C320 
 104      BC0A1679 
 104      E8B26D72 
 104      7B30
 105 013e 870AD638 		.ascii	"\207\012\3268\263\270\236k\337\232\355\001\025l\365"
 105      B3B89E6B 
 105      DF9AED01 
 105      156CF5
ARM GAS  /tmp/ccDdsu6m.s 			page 8


 106 014d DA7A3237 		.ascii	"\332z27\243sb\200t\361\224\256\345\312\360\217\274\264"
 106      A3736280 
 106      74F194AE 
 106      E5CAF08F 
 106      BCB4
 107 015f EFB9F2F1 		.ascii	"\357\271\362\361\324c\360\237d:\351\376\217\262\003"
 107      D463F09F 
 107      643AE9FE 
 107      8FB203
 108 016e B69561BF 		.ascii	"\266\225a\277\340,:\223\326\226\332\202\371)V:\211K"
 108      E02C3A93 
 108      D696DA82 
 108      F929563A 
 108      894B
 109 0180 2549B6FD 		.ascii	"%I\266\375\374\346\261o\371\353\341$\341\346\305\234"
 109      FCE6B16F 
 109      F9EBE124 
 109      E1E6C59C 
 110 0190 942C7C81 		.ascii	"\224,|\201^\276\033/I\227H\351\202\013\243\223\371\254"
 110      5EBE1B2F 
 110      499748E9 
 110      820BA393 
 110      F9AC
 111 01a2 ABE2A1E8 		.ascii	"\253\342\241\350\030RB\215\205\257`P\207\033\217\272"
 111      1852428D 
 111      85AF6050 
 111      871B8FBA 
 112 01b2 2260A28E 		.ascii	"\"`\242\216A\027\206\355,kKO\322#\330\031\177D\361\325"
 112      411786ED 
 112      2C6B4B4F 
 112      D223D819 
 112      7F44F1D5 
 113 01c6 07FB5AF1 		.ascii	"\007\373Z\361\227\343\355s\016\233\277I\245\000o\266"
 113      97E3ED73 
 113      0E9BBF49 
 113      A5006FB6 
 114 01d6 14D12C15 		.ascii	"\024\321,\025o\225Bg\305\250R\244\347H\207\300\330\026"
 114      6F954267 
 114      C5A852A4 
 114      E74887C0 
 114      D816
 115 01e8 BE372B7C 		.ascii	"\2767+|\016\306\025\236V37Z\015\325\021\227/\312\215"
 115      0EC6159E 
 115      5633375A 
 115      0DD51197 
 115      2FCA8D
 116 01fb E14EF5C6 		.ascii	"\341N\365\306\2220\260\337\253\276\276\011\3702\272"
 116      9230B0DF 
 116      ABBEBE09 
 116      F832BA
 117 020a 58966926 		.ascii	"X\226i&\225\316\311\274w\204N\363\372\262\344M)\236"
 117      95CEC9BC 
 117      77844EF3 
 117      FAB2E44D 
 117      299E
 118 021c 8B79EFB7 		.ascii	"\213y\357\267\363\372\263\344M+\236\233y3j\266{\202"
 118      F3FAB3E4 
ARM GAS  /tmp/ccDdsu6m.s 			page 9


 118      4D2B9E9B 
 118      79336AB6 
 118      7B82
 119 022e 631D1E7B 		.ascii	"c\035\036{\266\201\331-|<K\374\007\205\317a\374\034"
 119      B681D92D 
 119      7C3C4BFC 
 119      0785CF61 
 119      FC1C
 120 0240 0D97792B 		.ascii	"\015\227y+\010\2047\233\245\332\360\350\211Xle\336\345"
 120      0884379B 
 120      A5DAF0E8 
 120      89586C65 
 120      DEE5
 121 0252 FF63BA43 		.ascii	"\377c\272C\322\323\304K\005\037\341\347\206\307\367"
 121      D2D3C44B 
 121      051FE1E7 
 121      86C7F7
 122 0261 BF5B053C 		.ascii	"\277[\005<\220\\\024\340\023\274T\025om\210x\354*\015"
 122      905C14E0 
 122      13BC5415 
 122      6F6D8878 
 122      EC2A0D
 123 0274 F3F086E4 		.ascii	"\363\360\206\344.\261\212\352\360\357\026\2656\325\356"
 123      2EB18AEA 
 123      F0EF16B5 
 123      36D5EE
 124 0283 5A470CDA 		.ascii	"ZG\014\332\017i\011\030EE\251_y\205q\346D\231q\266\374"
 124      0F690918 
 124      4545A95F 
 124      798571E6 
 124      449971B6 
 125 0298 5C658571 		.ascii	"\\e\205q\264\264\344\340\001\243\270\370\220Qz\270\344"
 125      B4B4E4E0 
 125      01A3B8F8 
 125      90517AB8 
 125      E4
 126 02a9 BCCFA8A8 		.ascii	"\274\317\250\250<^Vv\252\350\244\370\0131\037\331_"
 126      3C5E5676 
 126      AAE8A4F8 
 126      0B311FD9 
 126      5F
 127              		.text
 128              		.section	.gnu.lto_.symbol_nodes.fb62257448d0bef3,"",%progbits
 129 0000 789C6363 		.ascii	"x\234cc``\350\002b\006\246\253\014\365\014\014\023\316"
 129      6060E802 
 129      6206A6AB 
 129      0CF50C0C 
 129      13CE
 130 0012 3180A85D 		.ascii	"1\200\250]\015\216@\221k\014\365\214(\"\2147\030\352"
 130      0D8E4091 
 130      6B0CF58C 
 130      28228C37 
 130      18EA
 131 0024 99C0220C 		.ascii	"\231\300\"\014\014\015\015\016@\201\233\014\365\314"
 131      0C0D0D0E 
 131      40819B0C 
 131      F5CC
ARM GAS  /tmp/ccDdsu6m.s 			page 10


 132 0032 2802D719 		.ascii	"(\002\327\031\352YP\004n1\324\263\"\01303\2600,y\360"
 132      EA595004 
 132      6E31D4B3 
 132      220B3033 
 132      B0302C79 
 133 0047 8F9119C8 		.ascii	"\217\221\031\310ji{\317\312\314\300\304p\244\355\215"
 133      6A697BCF 
 133      CACCC0C4 
 133      70A4ED8D 
 134 0057 3C33232B 		.ascii	"<3#+\303\223\3667\362\014\000\216L#>"
 134      C393F637 
 134      F20C008E 
 134      4C233E
 135              		.text
 136              		.section	.gnu.lto_.refs.fb62257448d0bef3,"",%progbits
 137 0000 789C6363 		.ascii	"x\234cc```\004b\006\000\000D\000\010"
 137      60606004 
 137      62060000 
 137      440008
 138              		.text
 139              		.section	.gnu.lto_.decls.fb62257448d0bef3,"",%progbits
 140 0000 789CBD58 		.ascii	"x\234\275XkPTG\026\236\276=\014\303\360\320\032\255"
 140      6B505447 
 140      169EBE3D 
 140      0CC3F0D0 
 140      1AAD
 141 0012 94BB65ED 		.ascii	"\224\273e\355\272)\253\2446\301\021\314&V*\265\033\035"
 141      BA29ABA4 
 141      36C111CC 
 141      26562AB5 
 141      1B1D
 142 0024 D4581B92 		.ascii	"\324X\033\222\354@\2666\3713\216\303\030g\035f\014\003"
 142      EC40B636 
 142      F9338EC3 
 142      18671D66 
 142      0C03
 143 0036 D958FB63 		.ascii	"\331X\373c/\002\306\200\317\210/|\201(\276@\361\201"
 143      2F02C680 
 143      CF882F7C 
 143      8128BE40 
 143      F181
 144 0048 04017929 		.ascii	"\004\001y)\"\017EDP\021A\304\007>\020Q\301\307*{\272"
 144      220F4544 
 144      501141C4 
 144      073E1051 
 144      C1C72A7B 
 145 005d FB5EEE9D 		.ascii	"\373^\356\235\313\220\315V\355\356\024\347\336{\372"
 145      CB90CD56 
 145      EDEE14E7 
 145      DE7BFA
 146 006c 7EFDF5E9 		.ascii	"~\375\365\351s\316\355>\215F\245R\375\346\027*U\235"
 146      73CEED3E 
 146      8D46A552 
 146      FDE6172A 
 146      559D
 147 007e 5AA59A8B 		.ascii	"Z\245\232\213T\252A\370ah+\007\341@\276\000)Q\261\237"
 147      54AA41F8 
ARM GAS  /tmp/ccDdsu6m.s 			page 11


 147      61682B07 
 147      E140BE00 
 147      2951B19F 
 148 0092 06E414C8 		.ascii	"\006\344\024\310i\220\263 \015 \315 \255\252\341\277"
 148      6990B320 
 148      0D20CD20 
 148      ADAAE1BF 
 149 00a2 54E01A0D 		.ascii	"T\340\032\015\367\271 z\220\261 5 \223@\256\012\274"
 149      F7B9207A 
 149      90B12035 
 149      209340AE 
 149      0ABC
 150 00b4 17412600 		.ascii	"\027A&\000\356\327 \235\360\374[\270\277\005r\022\236"
 150      EED7209D 
 150      F0FC5BB8 
 150      BF057212 
 150      9E
 151 00c5 DF867B3D 		.ascii	"\337\206{=\334\341\246\012\200K\2400\366dx\236\002\022"
 151      DCE1A60A 
 151      804BA030 
 151      F664789E 
 151      0212
 152 00d7 06F22EC8 		.ascii	"\006\362.\3104\220\367A>\000\371\003b\366LG\314\266"
 152      3490F741 
 152      3E00F903 
 152      62F64C47 
 152      CCB6
 153 00e9 B35EEC5A 		.ascii	"\263^\354Z%p\315\025l\211\006}\2360\376\327pw!\311\246"
 153      2570CD15 
 153      6C89067D 
 153      9E30FED7 
 153      707721C9 
 154 00fe 5E688B45 		.ascii	"^h\213El\376W@t \177\002}!\310x\020_\020-\210\016\304"
 154      6CFE5740 
 154      74207F02 
 154      7D21C878 
 154      105F102D 
 155 0115 1F6414C8 		.ascii	"\037d\024\310/A\364\210\371\356\364\010\276I\303\250"
 155      2F41F488 
 155      F9EEF408 
 155      BE49C3A8 
 156 0125 AD7AEF7E 		.ascii	"\255z\357~\234\212\321$\035\"\036\037\005M\007\357\027"
 156      9C8AD124 
 156      1D221E1F 
 156      054D07EF 
 156      17
 157 0136 3E0F644D 		.ascii	">\017dM\004QV\337\366Z\2039\372\234{\345\346n49\207"
 157      045156DF 
 157      F65A8339 
 157      FA9C7BE5 
 157      E66E3439 
 158 014b 673FAD5D 		.ascii	"g?\255]\205\362\021\026\251\032W\365\355\364\305\357"
 158      85F21116 
 158      A91A57F5 
 158      EDF4C5EF 
 159 015b 53E0F9A4 		.ascii	"S\340\371\244\274-\204V\257CjP\037\325\247\337\010\002"
 159      BC2D8456 
ARM GAS  /tmp/ccDdsu6m.s 			page 12


 159      AF436A50 
 159      1FD5A7DF 
 159      0802
 160 016d 75AC0E4D 		.ascii	"u\254\016MH\303\\\373\345\227W\203\220.x\031\317/\341"
 160      48C35CFB 
 160      E5975783 
 160      902E7819 
 160      CF2FE1
 161 0180 331279BF 		.ascii	"3\022y\277\217T\250\020\215G?\242\361*T\204\202\311"
 161      8F54A810 
 161      8D473FA2 
 161      F12A5484 
 161      82C9
 162 0192 D0C7D064 		.ascii	"\320\307\320d\025:\012\215G\2401\233\014W\366p\343\357"
 162      153A0A8D 
 162      47A0319B 
 162      0C57F670 
 162      E3EF
 163 01a4 37F5F1FC 		.ascii	"7\365\361\374\004t\034\351P\001\302\024\003\221\231"
 163      04741CE9 
 163      5001C214 
 163      039199
 164 01b3 A46306EC 		.ascii	"\244c\006\354\335\271f\207\006\327#b\001W\264\371\346"
 164      DDB96687 
 164      06D72362 
 164      0157B4F9 
 164      E6
 165 01c4 296EA431 		.ascii	")n\2441N\2148\306\300\3617\253\222y\236C%0F\2614\006"
 165      4E8C38C6 
 165      C0F137AB 
 165      92799E43 
 165      253046B1 
 166 01da 0C496ED0 		.ascii	"\014In\320\012\003\025V,=\037\330\216\332\0208\027\215"
 166      0A031556 
 166      2C3D1FD8 
 166      8EDA1038 
 166      178D
 167 01ec A6F34788 		.ascii	"\246\363G\210]\341N\204\352\203\342\017\261vh\345\330"
 167      5DE14E84 
 167      EA83E20F 
 167      B17668E5 
 167      D8
 168 01fd 4D801245 		.ascii	"M\200\022E\354\"<\303\225\02388\221\227\376\011\004"
 168      EC223CC3 
 168      95133838 
 168      9197FE09 
 168      04
 169 020e 48CECADE 		.ascii	"H\316\312\336\263\341\304\237J\244gf\211\375T\214\322"
 169      B3E1C49F 
 169      4AA46766 
 169      89FD548C 
 169      D2
 170 021f 73305927 		.ascii	"s0Y'\017[UC\257\207\314\224&\211\204p\037\317<p[\335"
 170      0F5B5543 
 170      AF87CC94 
 170      26898470 
 170      1FCF3C70 
ARM GAS  /tmp/ccDdsu6m.s 			page 13


 171 0235 81AE813E 		.ascii	"\201\256\201>K\245Z\255\215\241\255\031kw\355\325\341"
 171      4BA55AAD 
 171      8DA1AD19 
 171      6B77EDD5 
 171      E1
 172 0246 46962EA7 		.ascii	"F\226.\247\006\007\312F\261,\340H\202\364\326m\365g"
 172      0607CA46 
 172      B12CE048 
 172      82F4D66D 
 172      F567
 173 0258 59301AD4 		.ascii	"Y0\032\324\234\345\203i>\343\326\023\267\257N\344Gs"
 173      9CE58369 
 173      3EE3D613 
 173      B7AF4EE4 
 173      4773
 174 026a 68EE1BA8 		.ascii	"h\356\033\250\022\202Q\001\301P\241\223h\034\\\235j"
 174      12825101 
 174      C150A193 
 174      681C5C9D 
 174      6A
 175 027b 36586B73 		.ascii	"6Xksm\277\377\233\031|F\007_\326\336\372Nn\305R\276"
 175      6DBFFF9B 
 175      197C4607 
 175      5FD6DEFA 
 175      4E6EC552 
 176 0290 01FA7D48 		.ascii	"\001\372}Hq\250\\\212S9\311GT\206:\020*E\355`\371)\364"
 176      71A85C8A 
 176      5339C947 
 176      54863A10 
 176      2A45ED60 
 177 02a7 2649C0E5 		.ascii	"&I\300\345\0173F\221\204\244\031}h\325QN ;[\030\220"
 177      0F334691 
 177      84A4197D 
 177      68D5514E 
 177      203B5B18 
 178 02bc CE972DE1 		.ascii	"\316\227-\341I\310\011U\225DU\245\244:M\251\332{\037"
 178      49C80955 
 178      954455A5 
 178      A43A4DA9 
 178      DA7B1F
 179 02cf 9FF6C71B 		.ascii	"\237\366\307\033\030\325\366\253\217r}\361>\252p\315"
 179      18D5F6AB 
 179      8F727DF1 
 179      3EAA70CD 
 180 02df 8377EEE8 		.ascii	"\203w\356\350P@p\312P\312\221)\015%]-$\2359@`g\331\326"
 180      504070CA 
 180      50CA9129 
 180      0D255D2D 
 180      249D3940 
 181 02f7 DEF3CE96 		.ascii	"\336\363\316\226\023$\243kP\000:#\015m\016`\323^u.\345"
 181      1324A36B 
 181      50003A23 
 181      0D6D0E60 
 181      D35E752E 
 182 030c 825A4DB2 		.ascii	"\202ZM\262\214\000\300\031\320V\260ji*\032\321m\365"
 182      8C00C019 
 182      D056B06A 
ARM GAS  /tmp/ccDdsu6m.s 			page 14


 182      692A1AD1 
 182      6DF5
 183 031e D46D7548 		.ascii	"\324muH\360\333\211\033\027o\373\302T;\310`/\247\234"
 183      F0DB891B 
 183      176FFBC2 
 183      543BC860 
 183      2FA79C
 184 0331 C9BBC32F 		.ascii	"\311\273\303/\323Q\024\252\226\206\253\026>bt\226\316"
 184      D35114AA 
 184      9686AB16 
 184      3E627496 
 184      CE
 185 0342 F0FB82CA 		.ascii	"\360\373\202\312\025\030\177\247\2463\254\311\177\\"
 185      15187FA7 
 185      A633ACC9 
 185      7F5C
 186 0350 8704860B 		.ascii	"\207\004\206\013\251x{\011c \276:'1\234\023\031\032"
 186      A9787B09 
 186      6320BE3A 
 186      27319C13 
 186      191A
 187 0362 28C3B1CC 		.ascii	"(\303\261\314\216d?\\\310\030\352\017v\247jp#S\3626"
 187      8E643F5C 
 187      C818EA0F 
 187      76A76A70 
 187      2353F236 
 188 0376 DFAAF185 		.ascii	"\337\252\361\205\031\241F\332\003Z\016\344\274\314\323"
 188      19A146DA 
 188      035A0EE4 
 188      BCCCD3
 189 0385 D1397EA1 		.ascii	"\3219~\241\023\246\230\221\236\232\027(\237\"\270M\232"
 189      13A69891 
 189      9E9A1728 
 189      9F22B84D 
 189      9A
 190 0396 E2453AC5 		.ascii	"\342E:\305&q\212\011\375\03329f`F:?c\011\277\234/\333"
 190      26718A09 
 190      FD1B3239 
 190      6660463A 
 190      3F6309BF 
 191 03ad C311143A 		.ascii	"\303\021\024:/\032\210. 5\321\230\215\315\324\306\315"
 191      2F1A882E 
 191      2035D198 
 191      8DCDD4C6 
 191      CD
 192 03be 4D9D591C 		.ascii	"M\235Y\034naf\235\336\223_\216\250\021\344\273gV\324"
 192      6E61669D 
 192      DE935F8E 
 192      A811E4BB 
 192      6756D4
 193 03d1 0EEC2E55 		.ascii	"\016\354.U\017\265]B\264\361\321\211k\353\271\021\275"
 193      0FB55D42 
 193      B4F1D189 
 193      6BEBB911 
 193      BD
 194 03e2 7F859A76 		.ascii	"\177\205\232vY4m\347\341-\373\003\004\337Un\305\333"
 194      59346DE7 
ARM GAS  /tmp/ccDdsu6m.s 			page 15


 194      E12DFB03 
 194      04DF556E 
 194      C5DB
 195 03f4 2A97967D 		.ascii	"*\227\226}FA\250Er]\213hV+5+#!\365\202O\200,\205\310"
 195      4641A845 
 195      725D8B68 
 195      562B352B 
 195      2321F582 
 196 040d 44C41C52 		.ascii	"D\304\034R\241\253(\200\202\341Nr\341\372\272R?\366"
 196      A1AB2880 
 196      82E14E72 
 196      E1FABA52 
 196      3FF6
 197 041f 815D2203 		.ascii	"\201]\"\003\246\027=\251\361a\272\226\274\356\331_\020"
 197      A6173DA9 
 197      F161BA96 
 197      BCEED95F 
 197      10
 198 0430 C83EB832 		.ascii	"\310>\2702\362\372\302\255\314\244\000\366\272\201\350"
 198      F2FAC2AD 
 198      CCA400F6 
 198      BA81E8
 199 043f 95CDA77B 		.ascii	"\225\315\247{\3258\315\207\272`c\343\241\231:X-\023"
 199      D538CD87 
 199      BA6063E3 
 199      A1993A58 
 199      2D13
 200 0451 7FD66A09 		.ascii	"\177\326j\011\035\352\352^\326\373\340t\326;\365T~\225"
 200      1DEAEA5E 
 200      D6FBE074 
 200      D63BF554 
 200      7E95
 201 0463 B0E05713 		.ascii	"\260\340W\023=\355xe\221?\336\312^\336H\351\254\324"
 201      3DED7865 
 201      913FDECA 
 201      5EDE48E9 
 201      ACD4
 202 0475 E01D4C11 		.ascii	"\340\035L\021\215\322\013Fmo}Z\203p6{YTP\\%L`\212l\305"
 202      8DD20B46 
 202      6D6F7D5A 
 202      8370367B 
 202      5954505C 
 203 048f D0B315E3 		.ascii	"\320\263\025\343\330\2553U:6\037\036\201^\322x\365C"
 203      D8AD3355 
 203      3A361F1E 
 203      815ED278 
 203      F543
 204 04a1 BC9FF5AC 		.ascii	"\274\237\365\254\350\313\333-\314\015\203\332\261\272"
 204      E8CBDB2D 
 204      CC0D83DA 
 204      B1BA
 205 04af 72701499 		.ascii	"rp\024\231\016/\270\021\332%/\366\220\325\034\031\306"
 205      0E2FB811 
 205      DA252FF6 
 205      90D51C19 
 205      C6
 206 04c0 A3076C2A 		.ascii	"\243\007l*OW\347\315\322\257\246A\205EEM\003~\017\320"
ARM GAS  /tmp/ccDdsu6m.s 			page 16


 206      4F57E7CD 
 206      D2AFA641 
 206      8545454D 
 206      037E0FD0 
 207 04d4 7729FA21 		.ascii	"w)\372!\322\213}h\302]\337u-H\216\356\374)\364\201\254"
 207      D28B7D68 
 207      C25DDF75 
 207      2D488EEE 
 207      FC29F481 
 208 04e9 5D1B74F8 		.ascii	"]\033t\370 3r\363\343\266n!^\301\240f\367\027%j\361"
 208      203372F3 
 208      E3B66E21 
 208      5EC1A066 
 208      F717256A 
 209 04fe 11F66EED 		.ascii	"\021\366n\355\211\255\365\276\270\200)\342\206\251\247"
 209      89ADF5BE 
 209      B88029E2 
 209      86A9A7
 210 050d 1B265AD2 		.ascii	"\033&Z\3222\003\027\2617\245k~hC\270\224)=I7;\004\377"
 210      320317B1 
 210      37A56B7E 
 210      6843B894 
 210      293D4937 
 211 0524 8C03755D 		.ascii	"\214\003u]\355\275I\370${\365\272\272r\022\256a\317"
 211      EDBD49F8 
 211      247BF5BA 
 211      BA7212AE 
 211      61CF
 212 0536 55C7F6EC 		.ascii	"U\307\366\354F\270\201)}\351U\367t\270\211)\031\215"
 212      46B88129 
 212      7DE955F7 
 212      74B88929 
 212      198D
 213 0548 5B7ED4E2 		.ascii	"[~\324\342\026\246d?[\237\035\200\2572\245\251\360\342"
 213      16A6643F 
 213      5B9F1D80 
 213      AF32A5A9 
 213      F0E2
 214 055a 327F7C9D 		.ascii	"2\177|\235)\313\016\035\332\350\217o2eI\321\3455\302"
 214      29CB0E1D 
 214      DAE88F6F 
 214      326549D1 
 214      E535C2
 215 056d AADE41F4 		.ascii	"\252\336A\364\256]]\031~BT4\240\2474\326\015 \334\315"
 215      AE5D5D19 
 215      7E425434 
 215      A0A734D6 
 215      0D20DCCD 
 216 0581 C06B7AFB 		.ascii	"\300kz\373\326jF\214C\022'\304a\012\015CA~\326C\255"
 216      D66A468C 
 216      431227C4 
 216      610A0D43 
 216      417ED643 
 217 0596 320EED80 		.ascii	"2\016\355\200\276F\321\311\234^\354C\320'O\226\274B"
 217      BE46D1C9 
 217      9C5EEC43 
 217      D0274F96 
ARM GAS  /tmp/ccDdsu6m.s 			page 17


 217      BC42
 218 05a8 CA388C84 		.ascii	"\3128\214\204~\243\354\273\214d\1774\221\375\306L\024"
 218      7EA3ECBB 
 218      8C647F34 
 218      91FDC64C 
 218      14
 219 05b9 7FC1E4B2 		.ascii	"\177\301\344\262\203OJ\204\255\277\004_\311]\271\202"
 219      834F4A84 
 219      ADBF045F 
 219      C95DB982 
 220 05c9 CFA84094 		.ascii	"\317\250@\224\3521|\243+\2711\322w\320Gy\013\311U\305"
 220      EA317CA3 
 220      2BB931D2 
 220      77D04779 
 220      0BC955C5 
 221 05dd BADC75C0 		.ascii	"\272\334u\300\346\221\204)\374\205\022\376\214\302C"
 221      E6918429 
 221      FC8512FE 
 221      8CC243
 222 05ec 25748D0C 		.ascii	"%t\215\014\375Z\211\276\346\201N\340\313:c\022(\272"
 222      FD5A89BE 
 222      E6814EE0 
 222      CB3A6312 
 222      28BA
 223 05fe 17E9D17D 		.ascii	"\027\351\321}\001-f\031\352\036fJ\243\214\374\225wr"
 223      012D6619 
 223      EA1E664A 
 223      A38CFC95 
 223      7772
 224 0610 39FC8A0C 		.ascii	"9\374\212\014\376O%\374\256\322\362\0271\022\372\246"
 224      FE4F25FC 
 224      AED2F217 
 224      3112FAA6 
 225 0620 12DD2523 		.ascii	"\022\335%#_#D\203\207%\020-\341\306\243\004\216\274"
 225      5F234483 
 225      8725102D 
 225      E1C6A304 
 225      8EBC
 226 0632 2478583E 		.ascii	"$xX>\320F.\030\375\300MD\253@\276\007I\005Y\016\222"
 226      D0462E18 
 226      FDC04D44 
 226      AB40BE07 
 226      4905590E 
 227 0647 0EB20C64 		.ascii	"\016\262\014d5H\032\310Z\220- \337\201l\006I\001Y\017"
 227      35481AC8 
 227      5A902D20 
 227      DF816C06 
 227      4901590F 
 228 065b B2066405 		.ascii	"\262\006d\005\310&\220u \033\270\211t\355dVV\310\346"
 228      C8269075 
 228      201BB889 
 228      74ED6456 
 228      56C8E6
 229 066e 34A8B4D2 		.ascii	"4\250\264\322\240\364@\237\014\375\334{\354<\3402\027"
 229      A0F4409F 
 229      0CFDDC7B 
 229      EC3CE032 
ARM GAS  /tmp/ccDdsu6m.s 			page 18


 229      17
 230 067f DCF2EE02 		.ascii	"\334\362\356\002\271\303\026Jh\236\363f\212\014\\!\243"
 230      B9C3164A 
 230      689EF366 
 230      8A0C5C21 
 230      A3
 231 0690 EE57523F 		.ascii	"\356WR?\035f\311\013\231\341\003\336\341\362\244sJ\350"
 231      1D66C90B 
 231      99E103DE 
 231      E1F2A473 
 231      4AE8
 232 06a2 EB4A74C7 		.ascii	"\353Jt\307\360\214\226\331rG\011\277\355\011\207\374"
 232      F08C96D9 
 232      724709BF 
 232      ED0987FC 
 233 06b2 6C74B224 		.ascii	"lt\262$]\312\351Q\2420O\361\023\204\372x\310\026V\356"
 233      5DCAE951 
 233      A2304FF1 
 233      1384FA78 
 233      C81656EE 
 234 06c6 F4DFD327 		.ascii	"\364\337\323'@j\020\224J\330\376\244\350U\365\350\263"
 234      406A1094 
 234      4AD8FEA4 
 234      E855F5E8 
 234      B3
 235 06d7 12F9EA29 		.ascii	"\022\371\352)t\350\033\336-\225\315\253S\346\205\227"
 235      74E81BDE 
 235      2D95CDAB 
 235      53E68597 
 236 06e7 DE13D823 		.ascii	"\336\023\330#\337e\363z\244\204w\017s\232\014\375\304"
 236      DF65F37A 
 236      A484770F 
 236      739A0CFD 
 236      C4
 237 06f8 FB3240D1 		.ascii	"\3732@\321\344\000U\327\274'\010gjh\005\230\277\354"
 237      E40055D7 
 237      BC270867 
 237      6A680598 
 237      BFEC
 238 070a 72CE2814 		.ascii	"r\316(\024<\206M\367Z\217\006\016Ih;t\336\312\015\355"
 238      3C864DF7 
 238      5A8F060E 
 238      49683B74 
 238      DECA0DED 
 239 071e F764F223 		.ascii	"\367d\362#|(h\033|\037\377\353o\205\224\356\245\231"
 239      7C28681B 
 239      7C1FFFEB 
 239      6F8594EE 
 239      A599
 240 0730 056A798D 		.ascii	"\005jy\215\261]6?\025\312\340X\215\001w\262\274\277"
 240      B15D363F 
 240      15CAE058 
 240      8D0177B2 
 240      BCBF
 241 0742 CC3D2E6C 		.ascii	"\314=.lEdu/\255K*\366\037qA\337!.\350\231\034]\321\237"
 241      4564752F 
 241      AD4B2AF6 
ARM GAS  /tmp/ccDdsu6m.s 			page 19


 241      1F7141DF 
 241      212EE899 
 242 075a A4240F08 		.ascii	"\244$\017\010e\201/\250{nmY\031\300\266\212i\240^|V"
 242      65812FA8 
 242      7B6E6D59 
 242      19C0B68A 
 242      69A05E7C 
 243 076f F22200E7 		.ascii	"\362\"\000\347R\337\251s\022\367\365\252Q\360x\004d"
 243      52DFA973 
 243      12F7F5AA 
 243      51F07804 
 243      64
 244 0780 48972D9E 		.ascii	"H\227-\2361Uh/\247C\2738,\036Z\323y\030\274\367\037"
 244      3155682F 
 244      A743BB38 
 244      2C1E5AD3 
 244      7918BCF7 
 245 0795 A4199EB5 		.ascii	"\244\031\236\265\364N\017y|\026\217\307\251\320T\272"
 245      F44E0F79 
 245      7C168FC7 
 245      A9D054BA 
 246 07a5 9BA06C70 		.ascii	"\233\240lp\337^j\315\036\360\356nf\316\376\316\264Z"
 246      DF5E6ACD 
 246      1EF0EE6E 
 246      66CEFECE 
 246      B45A
 247 07b7 D9968128 		.ascii	"\331\226\201(\367Nx\237E\227\251}t\313\240s\240\012"
 247      F74E789F 
 247      4597A97D 
 247      74CBA073 
 247      A00A
 248 07c9 A94EFEF9 		.ascii	"\251N\376\371rS\220"
 248      725390
 249 07d0 DC55273D 		.ascii	"\334U'=\312\261\375\202\253\366SWe\236N6\312\261\365"
 249      CAB1FD82 
 249      ABF65357 
 249      659E4E36 
 249      CAB1F5
 250 07e3 1ED81C01 		.ascii	"\036\330\034\001\233C\261\267w\363\003A\370\260\206"
 250      9B43B1B7 
 250      77F30341 
 250      F8B086
 251 07f2 6DC327D3 		.ascii	"m\303'\323\263\002\241P,\203\023\311\303K\270xU*lC\011"
 251      B302A150 
 251      2C8313C9 
 251      C34BB878 
 251      552A6C43 
 252 0807 FC876CB8 		.ascii	"\374\207l\270\\)yr9\305\231\344\000G\212\306\312\376"
 252      5C297972 
 252      39C599E4 
 252      00478AC6 
 252      CAFE
 253 0819 663886DC 		.ascii	"f8\206\334bd\027\273W\037\026\311Z_Ni=\312\363p\242"
 253      626417BB 
 253      571F16C9 
 253      5A5F4E69 
 253      3DCAF370 
ARM GAS  /tmp/ccDdsu6m.s 			page 20


 254 082e AD5053AE 		.ascii	"\255PS\256\203\022\327A%W\036\345\312\036x\226\032\204"
 254      8312D741 
 254      25571EE5 
 254      CA1E7896 
 254      1A84
 255 0840 9F33AEFB 		.ascii	"\2373\256\373\315{\032\002\004\256\232/\330I)\223\235"
 255      CD7B1A02 
 255      04AE9A2F 
 255      D8492993 
 255      9D
 256 0851 940E494C 		.ascii	"\224\016IL\207\224L\207)\323\223\204\265\007\2658\321"
 256      87944C87 
 256      29D39384 
 256      B507B538 
 256      D1
 257 0862 9732EDCB 		.ascii	"\2272\355\313\335\226\027\204\3270%\265\242r\213\206"
 257      DD961784 
 257      D73025B5 
 257      A2728B86 
 258 0872 9C028E72 		.ascii	"\234\002\216r\302)\340y\343\352&q\240\301{8g\3776\346"
 258      C229E079 
 258      E3EA2671 
 258      A0C17B38 
 258      67FF36E6 
 259 0886 816A36D8 		.ascii	"\201j6\330\021q0\224\317\251\211\3469\3361:\336\216"
 259      11713094 
 259      CFA989E6 
 259      39DE313A 
 259      DE8E
 260 0898 4B970F6B 		.ascii	"K\227\017kp\035\033\342\365\201\236|\177\311\245\347"
 260      701D1BE2 
 260      F5819E7C 
 260      7FC9A5E7 
 261 08a8 3C5D5A20 		.ascii	"<]Z \031_\240$\373\221\222\235\351\312\255\010\302\327"
 261      195FA024 
 261      FB91929D 
 261      E9CAAD08 
 261      C2D7
 262 08ba 1959DAB6 		.ascii	"\031Y\332\266\026z\306`.\235v\325\303\245\205\022W\241"
 262      167AC660 
 262      2E9D76D5 
 262      C3A58512 
 262      57A1
 263 08cc 92EB38E5 		.ascii	"\222\3538\345\352\330~{m \356g\\O\322\372\357\372\011"
 263      EAD87E7B 
 263      6D20EE67 
 263      5C4FD2FA 
 263      EFFA09
 264 08df 5C8D5F7A 		.ascii	"\\\215_z\270\264Hb*R2\025S\246\335\327W\356\364\305"
 264      B8B44862 
 264      2A523215 
 264      53A6DDD7 
 264      57EEF4C5 
 265 08f3 4BB42378 		.ascii	"K\264#xqY\306\346r\255\344\305M\012/\226\014y\361\004"
 265      7159C6E6 
 265      72ADE4C5 
 265      4D0A2F96 
ARM GAS  /tmp/ccDdsu6m.s 			page 21


 265      0C79F104 
 266 0907 78B14439 		.ascii	"x\261D9D)\035\342\331\323\362r-^\305\206hY_; \363b\315"
 266      44291DE2 
 266      D9D3F272 
 266      2D5EC586 
 266      68595F3B 
 267 091f A1BCF309 		.ascii	"\241\274\363\011\374\330$?JW&\231[\246\344*g\\\033\223"
 267      FCD8243F 
 267      4A572699 
 267      5BA6E42A 
 267      675C1B93 
 268 0933 A1F0CC62 		.ascii	"\241\360\314b\\\265\315\231\007|\360^\246\324\337>\324"
 268      5CB5CD99 
 268      077CF05E 
 268      A6D4DF3E 
 268      D4
 269 0944 E88B0F32 		.ascii	"\350\213\0172eCago\020.`\312\232\312\247\217\375q\221"
 269      65436167 
 269      6F102E60 
 269      CA9ACAA7 
 269      8FFD7191 
 270 0958 00FBFE87 		.ascii	"\000\373\376\207u\034.c\312\243\206\312\024?\\\315\224"
 270      751C2E63 
 270      CAA386CA 
 270      143F5CCD 
 270      94
 271 0969 94F2CB4B 		.ascii	"\224\362\313K\375p\003S2\357\024\256\035\205[\230R\334"
 271      FD700353 
 271      32EF14AE 
 271      1D855B98 
 271      52DC
 272 097b 9A6FC01D 		.ascii	"\232o\300\035\354yo\341\212\353>\270\233)7\012\222\372"
 272      EC796FE1 
 272      8AEB3EB8 
 272      9B29370A 
 272      92FA
 273 098d D5F80153 		.ascii	"\325\370\001S\032\216w\334\014\302}L\021\327%=[\227"
 273      1A8E77DC 
 273      0CC27D4C 
 273      11D7253D 
 273      5B97
 274 099f FAB20E6E 		.ascii	"\372\262\016nG\302\271\011\016\023\243\037\264\035\251"
 274      47C2B909 
 274      0E13A31F 
 274      B41DA9
 275 09ae F545CABA 		.ascii	"\365E\312\272\221m\025\017\267\371\244\344\246HU\343"
 275      916D150F 
 275      B7F9A4E4 
 275      A64855E3 
 276 09be 69704AD3 		.ascii	"ipJ\323O\227\022\025\013\244\335\345\214\022>|\353z"
 276      4F971215 
 276      0BA4DDE5 
 276      8C123E7C 
 276      EB7A
 277 09d0 21835728 		.ascii	"!\203W(\341\262\255\313cKi\200E\355\034]\324\232\204"
 277      E1B2ADCB 
 277      634B6980 
ARM GAS  /tmp/ccDdsu6m.s 			page 22


 277      45ED1C5D 
 277      D49A84
 278 09e3 FDE41A2C 		.ascii	"\375\344\032,\210-\260\0174\203t\200\\\002\271\012\322"
 278      882DB00F 
 278      34837480 
 278      5C02B90A 
 278      D2
 279 09f4 087219E4 		.ascii	"\010r\031\344<H+H\033H;\310E\220\013 W<j\254>\2311\225"
 279      3C482B48 
 279      1B483BC8 
 279      45900B20 
 279      573C6AAC 
 280 0a0c 4A638617 		.ascii	"Jc\206\027\310\235f\011^\257\204\017+\311\256\310\320"
 280      C89D6609 
 280      5EAF840F 
 280      2BC9AEC8 
 280      D0
 281 0a1d 67BDA265 		.ascii	"g\275\242e{t\237\014\\\253\004\017/xkd\206W{\217\221"
 281      7B749F0C 
 281      5CAB040F 
 281      2F786B64 
 281      86577B8F 
 282 0a32 BC24B37B 		.ascii	"\274$\263{\226\222^|\356a\270\214\274JI>\254${!\263"
 282      96925E7C 
 282      EE61B88C 
 282      BC4A493E 
 282      AC247B21 
 283 0a47 BCC67BFC 		.ascii	"\274\306{\374\345\205\216\214\373\224wnf\012+:\316\266"
 283      E5858E8C 
 283      FB94776E 
 283      660A2B3A 
 283      CEB6
 284 0a59 B31AABC9 		.ascii	"\263\032\253\311[\215\325sG\277c\250\306:\351=|\262"
 284      5B8DD573 
 284      47BF63A8 
 284      C63AE93D 
 284      7CB2
 285 0a6b A1EFCA0C 		.ascii	"\241\357\312\014\255\363\356b\261\014z\232\223\323\006"
 285      ADF3EE62 
 285      B10C7A9A 
 285      93D306
 286 0a7a E77D3F5A 		.ascii	"\347}?Z\006\245]\350\232\210\306\004{MHt\003\362\360"
 286      06A55DE8 
 286      9A88C604 
 286      7B4D4874 
 286      03F2F0
 287 0a8d BF9593C2 		.ascii	"\277\225\223\302\224\273\325\244\316\352\004\322\353"
 287      94BBD5A4 
 287      CEEA04D2 
 287      EB
 288 0a9a D292D444 		.ascii	"\322\222\324D\353,R\300\274z\335\341/\337\226;=\252"
 288      EB2C52C0 
 288      BC7ADDE1 
 288      2FDF963B 
 288      3DAA
 289 0aac 9D2E615B 		.ascii	"\235.a[\356\242\333\362\363\306\225\311\260H\321y\240"
 289      EEA2DBF2 
ARM GAS  /tmp/ccDdsu6m.s 			page 23


 289      F3C695C9 
 289      B048D179 
 289      A0
 290 0abd CAB6BC3C 		.ascii	"\312\266\274<-\316c\312\253\256\322\016?\\@\025MR\337"
 290      2DCE63CA 
 290      ABAED20E 
 290      3F5C4015 
 290      4D52DF
 291 0ad0 0F897445 		.ascii	"\017\211tE\230\030<\206\371\352Z\261\314\265\267\300"
 291      98183C86 
 291      F9EA5AB1 
 291      CCB5B7C0 
 292 0ae0 8C073F99 		.ascii	"\214\007?\231\274\037H\236\275\255\004\017O\336\316"
 292      BC1F489E 
 292      BDAD040F 
 292      4FDECE
 293 0aef 0F3C3F8C 		.ascii	"\017<?\214\341\334\0365\274\014}\323;\271\254(?[\314"
 293      E1DC1E35 
 293      BC0C7DD3 
 293      3BB9AC28 
 293      3F5BCC
 294 0b02 12E68167 		.ascii	"\022\346\201g\302x\004O\372\357\306\003!r\367!rw \022"
 294      C278044F 
 294      FAEFC603 
 294      2172F721 
 294      72772012 
 295 0b16 7741EE81 		.ascii	"wA\356\201tK\325\345\306\256W\035\010\237`\251p`c\365"
 295      744BD5E5 
 295      C6AE571D 
 295      089F60A9 
 295      706063F5 
 296 0b2a 3E7F652E 		.ascii	">\177e.\014\035c{\201\345\33712+_\027\323\030?\004p"
 296      0C1D637B 
 296      81E5DF31 
 296      322B5F17 
 296      D3183F04 
 297 0b3f 8F14E307 		.ascii	"\217\024\343\007b\214\213\267\016&\373\311c\374\320"
 297      628C8BB7 
 297      0E26FBC9 
 297      63FCD0
 298 0b4e 23C68F84 		.ascii	"#\306\217\204\030?\2421N_\222\327\251\221\203\257x\324"
 298      183FA231 
 298      4E5F92D7 
 298      A99183AF 
 298      78D4
 299 0b60 697D0298 		.ascii	"i}\002\230\334'O\236l`\177.\267a\201\305aX\344\212\215"
 299      DC274F9E 
 299      6C607F2E 
 299      B76181C5 
 299      6158E48A 
 300 0b75 731B22A3 		.ascii	"s\033\"\243\"\246\206\031>\3768\334\0205'\342\233P\203"
 300      22A68619 
 300      3EFE38DC 
 300      103527E2 
 300      9B5083
 301 0b88 3BCEEC70 		.ascii	";\316\354pDO\266jg\177\362\371\004ch\250Jg6\307\333"
 301      444FB66A 
ARM GAS  /tmp/ccDdsu6m.s 			page 24


 301      677FF2F9 
 301      046368A8 
 301      4A6736C7 
 302 0b9d 9D7153C3 		.ascii	"\235qS\303\314qK\221a\201+\306f\260X\335\266\020\207"
 302      CC714B91 
 302      61812BC6 
 302      66B058DD 
 302      B61087
 303 0bb0 659E21DC 		.ascii	"e\236!\334e\215\217\2619\201&\312f\211\371\243a\246"
 303      658D8FB1 
 303      398126CA 
 303      6689F9A3 
 303      61A6
 304 0bc2 D5615FE4 		.ascii	"\325a_\344\266\231m!\213\342\255\013\303\014Q.\227\303"
 304      B6996D21 
 304      8BE2AD0B 
 304      C30C512E 
 304      97C3
 305 0bd4 6DF8CA6A 		.ascii	"m\370\312j\015\261\304\306\2048]N[\210\3152\317\036"
 305      0DB1C4C6 
 305      84385D4E 
 305      5B88CD32 
 305      CF1E
 306 0be6 F25E48D8 		.ascii	"\362^H\330\224\320\367B\276~'$\306\362WW\254\301\343"
 306      94D0F742 
 306      BE7E2724 
 306      C6F25757 
 306      ACC1E3
 307 0bf9 ADC1EEB4 		.ascii	"\255\301\356\264:\342\243m\206\030\213u\201\335i3\230"
 307      3AE2A36D 
 307      86188B75 
 307      81DD6933 
 307      98
 308 0c0a A36DF32D 		.ascii	"\243m\363-\361\2168s\334\342E6\367\344\005*\255h\320"
 308      F18E3873 
 308      DCE24536 
 308      F7E4052A 
 308      AD68D0
 309 0c1d DFFFAFF6 		.ascii	"\337\377\257\366\270\027\273\015fw\\4\014N\214\370\263"
 309      B817BB0D 
 309      66775C34 
 309      0C4E8CF8 
 309      B3
 310 0c2e CD1AE78A 		.ascii	"\315\032\347\212}\317h\370\317\034\253\362gOf\273\323"
 310      7DCF68F8 
 310      CF1CABF2 
 310      674F66BB 
 310      D3
 311 0c3f 1EA73713 		.ascii	"\036\2477\023\260\331\036\373\265\331\266\310\356p}"
 311      B0D91EFB 
 311      B5D9B6C8 
 311      EE707D
 312 0c4e 156FD3C6 		.ascii	"\025o\323\306\332\276\202\361\315q\223\344\274N\273"
 312      DABE82F1 
 312      CD7193E4 
 312      BC4EBB
 313 0c5d C83BDD14 		.ascii	"\310;\335\024a\214\370\2264X]\26160\344\255\237\203"
ARM GAS  /tmp/ccDdsu6m.s 			page 25


 313      618CF896 
 313      34585DB1 
 313      3630E4AD 
 313      9F83
 314 0c6f 337FF36E 		.ascii	"3\177\363n\014`\365\326\005\221\213\335Q\366\030[\354"
 314      0C60F5D6 
 314      05918BDD 
 314      51F6185B 
 314      EC
 315 0c80 471667B4 		.ascii	"G\026g\264\303\026;\347W\312\356\342t\341\031z\2143"
 315      C3163BE7 
 315      57CAEEE2 
 315      74E1197A 
 315      8C33
 316 0c92 9BE7C5DB 		.ascii	"\233\347\305\333\035qv\2479\326\026\027\037\3534[\242"
 316      1D7176A7 
 316      39D61617 
 316      1FEB345B 
 316      A2
 317 0ca3 A3636D6E 		.ascii	"\243cmn\267\332a\263\314\037\355\374\306n\235\351\264"
 317      B7DA61B3 
 317      CC1FEDFC 
 317      C66E9DE9 
 317      B4
 318 0cb4 CC73D898 		.ascii	"\314s\330\230;\336\362\356\014\253+&\306\345\034\262"
 318      3BDEF2EE 
 318      0CAB2B26 
 318      C6E51CB2 
 319 0cc4 093A01B5 		.ascii	"\011:\001\265\217\321\030a\232\312}jR\207GL7\341p\243"
 319      8FD11861 
 319      9ACA7D6A 
 319      5287474C 
 319      37E170A3 
 320 0cd8 493D233C 		.ascii	"I=#<\312\204\215F\0236\201L7\231\360g\221Fl\374$Jm4"
 320      CA848D46 
 320      1336814C 
 320      3799F067 
 320      91466CFC 
 321 0cf0 CE34517C 		.ascii	"\3164Q|\030\275\206\342\231\263M\\$\364\2343\323\244"
 321      18BD86E2 
 321      99B34D5C 
 321      24F49C33 
 321      D3A4
 322 0d02 8E8C00B4 		.ascii	"\216\214\000\264\321\024\006\022\012\310\277\230\302"
 322      D1140612 
 322      0AC8BF98 
 322      C2
 323 0d0f 7E6E4862 		.ascii	"~nHbH\026\331\211g\374\207\024s\234\332\272\300\022"
 323      4816D989 
 323      67FC8714 
 323      739CDABA 
 323      C012
 324 0d21 AB77B92D 		.ascii	"\253w\271-\016p\326\307.\353\302Y\261\256\2309\221\246"
 324      0E70D6C7 
 324      2EEBC259 
 324      B1AE9839 
 324      91A6
ARM GAS  /tmp/ccDdsu6m.s 			page 26


 325 0d33 094A5A02 		.ascii	"\011JZ\002\241>#\017\304\2754\232\016\350a\236\017]"
 325      A13E230F 
 325      C4BD349A 
 325      0EE8619E 
 325      0F5D
 326 0d45 CC7677AC 		.ascii	"\314vw\254\337PS\240\331\034mw\023W\221x\007Z\034\177"
 326      DF5053A0 
 326      D91C6D77 
 326      13579178 
 326      075A1C7F 
 327 0d59 B32C7643 		.ascii	"\263,vC\0268 \307\337\2263\333\276\2153\030#\"\347D"
 327      163820C7 
 327      DF9633DB 
 327      BE8D3318 
 327      2322E744 
 328 0d6d 0E858246 		.ascii	"\016\205\202F\320\0323+\336I\3746V\260\354s\247C\262"
 328      D01A332B 
 328      DE49FC36 
 328      56B0EC73 
 328      A743B2
 329 0d80 6D2C1D27 		.ascii	"m,\035'\336\3511\270\277\2541\300l\2669\305\321\307"
 329      DEE931B8 
 329      BFAC31C0 
 329      6CB639C5 
 329      D1C7
 330 0d92 108A4F3D 		.ascii	"\020\212O=\023\301\3078k\266i*\275\206\371N\377h\206"
 330      13C1C738 
 330      6BB6692A 
 330      BD86F94E 
 330      FF6886
 331 0da5 2992C422 		.ascii	")\222\304\"\222\004\305h\362\235\376\331\214\320\231"
 331      9204C568 
 331      F29DFED9 
 331      8CD099
 332 0db4 9FD07B18 		.ascii	"\237\320{\030\3345\000\200\233\2264\023 y\010c=\346"
 332      DC350080 
 332      9B963413 
 332      20790863 
 332      3DE6
 333 0dc6 98D48483 		.ascii	"\230\324\204\2033\232&y\237Ud\024\363\374\374)\277\013"
 333      339A2679 
 333      9F556414 
 333      F3FCFC29 
 333      BF0B
 334 0dd8 FD761AF1 		.ascii	"\375v\032\361\275\311h4G\301\307\035n\233\257!\214\263"
 334      BDC96834 
 334      47C1C71D 
 334      6E9BAF21 
 334      8CB3
 335 0dea BED4CC09 		.ascii	"\276\324\314\0117~\032>\223ha\263\276\014\012\2371;"
 335      377E1A3E 
 335      936861B3 
 335      BE0C0A9F 
 335      313B
 336 0dfc C2F8B988 		.ascii	"\302\370\271\210\371\027\223?\303\007"
 336      F917933F 
 336      C307
ARM GAS  /tmp/ccDdsu6m.s 			page 27


 337              		.text
 338              		.section	.gnu.lto_.symtab.fb62257448d0bef3,"",%progbits
 339 0000 56656374 		.ascii	"Vector7C\000"
 339      6F723743 
 339      00
 340 0009 00       		.ascii	"\000"
 341 000a 00       		.ascii	"\000"
 342 000b 00       		.ascii	"\000"
 343 000c 00000000 		.ascii	"\000\000\000\000\000\000\000\000"
 343      00000000 
 344 0014 C5000000 		.ascii	"\305\000\000\000"
 345 0018 73745F6C 		.ascii	"st_lld_init\000"
 345      6C645F69 
 345      6E697400 
 346 0024 00       		.ascii	"\000"
 347 0025 00       		.ascii	"\000"
 348 0026 00       		.ascii	"\000"
 349 0027 00000000 		.ascii	"\000\000\000\000\000\000\000\000"
 349      00000000 
 350 002f C7000000 		.ascii	"\307\000\000\000"
 351 0033 5F706F72 		.ascii	"_port_irq_epilogue\000"
 351      745F6972 
 351      715F6570 
 351      696C6F67 
 351      756500
 352 0046 00       		.ascii	"\000"
 353 0047 02       		.ascii	"\002"
 354 0048 00       		.ascii	"\000"
 355 0049 00000000 		.ascii	"\000\000\000\000\000\000\000\000"
 355      00000000 
 356 0051 CE000000 		.ascii	"\316\000\000\000"
 357 0055 63685379 		.ascii	"chSysTimerHandlerI\000"
 357      7354696D 
 357      65724861 
 357      6E646C65 
 357      724900
 358 0068 00       		.ascii	"\000"
 359 0069 02       		.ascii	"\002"
 360 006a 00       		.ascii	"\000"
 361 006b 00000000 		.ascii	"\000\000\000\000\000\000\000\000"
 361      00000000 
 362 0073 D0000000 		.ascii	"\320\000\000\000"
 363 0077 6E766963 		.ascii	"nvicEnableVector\000"
 363      456E6162 
 363      6C655665 
 363      63746F72 
 363      00
 364 0088 00       		.ascii	"\000"
 365 0089 02       		.ascii	"\002"
 366 008a 00       		.ascii	"\000"
 367 008b 00000000 		.ascii	"\000\000\000\000\000\000\000\000"
 367      00000000 
 368 0093 DB000000 		.ascii	"\333\000\000\000"
 369              		.text
 370              		.section	.gnu.lto_.opts,"",%progbits
 371 0000 272D666D 		.ascii	"'-fmath-errno' '-fsigned-zeros' '-ftrapping-math' '"
 371      6174682D 
ARM GAS  /tmp/ccDdsu6m.s 			page 28


 371      6572726E 
 371      6F272027 
 371      2D667369 
 372 0033 2D666E6F 		.ascii	"-fno-trapv' '-fno-openmp' '-fno-openacc' '-mcpu=cor"
 372      2D747261 
 372      70762720 
 372      272D666E 
 372      6F2D6F70 
 373 0066 7465782D 		.ascii	"tex-m0' '-mno-thumb-interwork' '-mthumb' '-O2' '-fo"
 373      6D302720 
 373      272D6D6E 
 373      6F2D7468 
 373      756D622D 
 374 0099 6D69742D 		.ascii	"mit-frame-pointer' '-falign-functions=16' '-ffuncti"
 374      6672616D 
 374      652D706F 
 374      696E7465 
 374      72272027 
 375 00cc 6F6E2D73 		.ascii	"on-sections' '-fdata-sections' '-fno-common' '-flto"
 375      65637469 
 375      6F6E7327 
 375      20272D66 
 375      64617461 
 376 00ff 2700     		.ascii	"'\000"
 377              		.text
 378              		.comm	__gnu_lto_v1,1,1
 379              		.comm	__gnu_lto_slim,1,1
 380              		.ident	"GCC: (GNU Tools for Arm Embedded Processors 7-2017-q4-major) 7.2.1 20170904 (release) [ARM
ARM GAS  /tmp/ccDdsu6m.s 			page 29


DEFINED SYMBOLS
                            *ABS*:0000000000000000 st_lld.c
                            *COM*:0000000000000001 __gnu_lto_v1
                            *COM*:0000000000000001 __gnu_lto_slim

NO UNDEFINED SYMBOLS
