ARM GAS  /tmp/cc4w2igO.s 			page 1


   1              		.cpu cortex-m3
   2              		.eabi_attribute 20, 1
   3              		.eabi_attribute 21, 1
   4              		.eabi_attribute 23, 3
   5              		.eabi_attribute 24, 1
   6              		.eabi_attribute 25, 1
   7              		.eabi_attribute 26, 1
   8              		.eabi_attribute 30, 2
   9              		.eabi_attribute 34, 1
  10              		.eabi_attribute 18, 4
  11              		.file	"pal.c"
  12              		.section	.gnu.lto_.profile.1919ae312d532cff,"",%progbits
  13 0000 789C6363 		.ascii	"x\234cc```\001bF\006\015\031\000\000\344\000P"
  13      60606001 
  13      6246060D 
  13      190000E4 
  13      0050
  14              		.text
  15              		.section	.gnu.lto_.icf.1919ae312d532cff,"",%progbits
  16 0000 789C6363 		.ascii	"x\234cc``\020a@\000f\206#\237\373\2338\030\377\267\316"
  16      60601061 
  16      40006686 
  16      239FFB9B 
  16      3818FFB7 
  17 0015 79CEC134 		.ascii	"y\316\3014\357\357\212\023\374\014\000`\231\011\032"
  17      EFEF8A13 
  17      FC0C0060 
  17      99091A
  18              		.text
  19              		.section	.gnu.lto_.jmpfuncs.1919ae312d532cff,"",%progbits
  20 0000 789C6363 		.ascii	"x\234cc``hf@\000f\006FF\306\3729@\212\211\221\221\031"
  20      60606866 
  20      40006606 
  20      4646C6FA 
  20      39408A89 
  21 0017 C4006246 		.ascii	"\304\000bF&\030\207q\0163\023\033\003\003\343\001\026"
  21      26188771 
  21      0E33131B 
  21      0303E301 
  21      16
  22 0028 460620FE 		.ascii	"F\006 \376\017\004\374\014h|F\306)\314\214\323Z\017"
  22      0F04FC0C 
  22      687C46C6 
  22      29CC8CD3 
  22      5A0F
  23 003a 9D67EF66 		.ascii	"\235g\357f\006\352ed`\334\314(\003\024z\275g\303\015"
  23      06EA6564 
  23      60DCCC28 
  23      03147ABD 
  23      67C30D
  24 004d 56881044 		.ascii	"V\210\020D\335\026F\031\246JF\014\323\000\214y&%"
  24      DD164619 
  24      A64A460C 
  24      D3008C79 
  24      2625
  25              		.text
  26              		.section	.gnu.lto_.inline.1919ae312d532cff,"",%progbits
ARM GAS  /tmp/cc4w2igO.s 			page 2


  27 0000 789C6363 		.ascii	"x\234cc``\370\316\200\000\314\014\014\234\034\214\314"
  27      6060F8CE 
  27      8000CC0C 
  27      0C9C1C8C 
  27      CC
  28 0011 0C0A8C20 		.ascii	"\014\012\214 &\210t\000\223\012\034l\037\364\030\330"
  28      26887400 
  28      930A1C6C 
  28      1FF418D8 
  29 0021 16C83331 		.ascii	"\026\310310\276`g\201\220 \202\003\314\344\000\021\002"
  29      30BE6067 
  29      81902082 
  29      03CCE400 
  29      1102
  30 0033 60A600C8 		.ascii	"`\246\000\310\030F\006>^F\026F\240N\210!\012HF1p3]\340"
  30      1846063E 
  30      5E461646 
  30      A04E8821 
  30      0A484631 
  31 004b 87180564 		.ascii	"\207\030\005d\240\030\302\262@\236\007j\022\363\016"
  31      A018C2B2 
  31      409E076A 
  31      12F30E
  32 005a 710106A0 		.ascii	"q\001\006\240\2352 \276\002X^\001d2\023\003\2670\212"
  32      9D3220BE 
  32      02585E01 
  32      64321303 
  32      B7308A
  33 006d FBA04673 		.ascii	"\373\240Fs\002\345\210s\036\320R\011\220I,\274@\357"
  33      02E58873 
  33      1ED05209 
  33      90492CBC 
  33      40EF
  34 007f 4EF00341 		.ascii	"N\360\003A\006\000\373F \246"
  34      0600FB46 
  34      20A6
  35              		.text
  36              		.section	.gnu.lto_.pureconst.1919ae312d532cff,"",%progbits
  37 0000 789C6363 		.ascii	"x\234cc```\007bf\006)F)&I\000\001\274\000a"
  37      60606007 
  37      62660629 
  37      46292649 
  37      0001BC00 
  38              		.text
  39              		.section	.gnu.lto_palReadBus.1919ae312d532cff,"",%progbits
  40 0000 789C9591 		.ascii	"x\234\225\221\337KTQ\020\307\347{\346\356\331\273\231"
  40      DF4B5451 
  40      10C7E77B 
  40      E6EED9BB 
  40      99
  41 0011 FE0169B0 		.ascii	"\376\001i\260\017\202\370\262\367\277\350\3770_z\020"
  41      0F82F8B2 
  41      F7BFE8FF 
  41      305F7A10 
  42 0021 8A16C137 		.ascii	"\212\026\3017\317\256?\243\002\011\177\300r\223}0\202"
  42      CFAE3FA3 
  42      02097FC0 
ARM GAS  /tmp/cc4w2igO.s 			page 3


  42      72937D30 
  42      82
  43 0032 204A5C5D 		.ascii	" J\\]]\255\256\253\370\246fD\024D\017\365\224\210\250"
  43      5DADAEAB 
  43      F8A66644 
  43      14440FF5 
  43      9488A8
  44 0045 CFA1CE9C 		.ascii	"\317\241\316\234\253\260\017\275\010\367\316\23593\363"
  44      ABB00FBD 
  44      08F7CE9D 
  44      3933F3
  45 0054 99EFDC63 		.ascii	"\231\357\334c\211h\310\020\345\345\333)/\230`\246\366"
  45      8968C810 
  45      E5E5DB29 
  45      2F9860A6 
  45      F6
  46 0065 884AA101 		.ascii	"\210J\241\001\324q!h\330`\030\317x\232q0\372>\346\247"
  46      D4712168 
  46      D86018CF 
  46      789A7130 
  46      FA3EE6A7 
  47 0079 1C4B5920 		.ascii	"\034KY \341\351n\345O\207\206@^\302\243\343\235\332"
  47      E1E96EE5 
  47      4F878640 
  47      5EC2A3E3 
  47      9DDA
  48 008b EDDED7CE 		.ascii	"\355\336\327\316\225]2\367\302\316\327>\273\\\314\206"
  48      955D32F7 
  48      C2CED73E 
  48      BB5CCC86 
  49 009b 66A5BC86 		.ascii	"f\245\274\206.,\241Kg,\243W\212\307\016\346\306\231"
  49      2E2CA14B 
  49      672CA357 
  49      8AC70EE6 
  49      C699
  50 00ad EF82C4FF 		.ascii	"\357\202\304\377q\362\346gG\317+\337\270\275\300\256"
  50      71F2E667 
  50      47CF2BDF 
  50      B8BDC0AE 
  51 00bd 3B66C60A 		.ascii	";f\306\012\270\265Q\216\010u\364h\375\357\305\363\231"
  51      B8B5518E 
  51      0875F468 
  51      FDEFC5F3 
  51      99
  52 00ce 761B5499 		.ascii	"v\033T\231\224-\310UX\2028\357\276d\022w~1\341\222\243"
  52      942DC855 
  52      588238EF 
  52      BE641277 
  52      7E31E192 
  53 00e3 05BCBC97 		.ascii	"\005\274\274\2273\322\026\260\230L \306f\324\263j\262"
  53      33D216B0 
  53      984C20C6 
  53      66D4B36A 
  53      B2
  54 00f4 5056482A 		.ascii	"PVH*\217&\205!\273\272\204\236H(\336HB\207(7\376>\337"
  54      8F268521 
  54      BBBA849E 
ARM GAS  /tmp/cc4w2igO.s 			page 4


  54      4828DE48 
  54      42872837 
  55 010b B28AAEB0 		.ascii	"\262\212\256\260\221\241\263c\315\375\254.\313^\363"
  55      91A1B363 
  55      CDFDAC2E 
  55      CB5EF3
  56 011a 467377C7 		.ascii	"Fsw\307V1_r\316\345c\316V8\2135]Pr_'\276\377j\213\336"
  56      56315F72 
  56      CEE563CE 
  56      56388B35 
  56      5D50725F 
  57 0134 BA3415A2 		.ascii	"\2724\025\242\201*fT(a\035\221\260\233\215\\\012\346"
  57      812A6654 
  57      28611D91 
  57      B09B8D5C 
  57      0AE6
  58 0146 5670F83F 		.ascii	"Vp\370?pN\246c\343\012\374\255\336\250\267\013x\264"
  58      704EA663 
  58      E30AFCAD 
  58      DEA8B70B 
  58      78B4
  59 0158 A4A95BF8 		.ascii	"\244\251[\370\340\301\2729>zp\371\032\034\334Hb\033"
  59      E0C1BA39 
  59      3E7A70F9 
  59      1A1CDC48 
  59      621B
  60 016a 3E799251 		.ascii	">y\222QR\342I#g\343HQ\031\221)\300V\272\275\021\335"
  60      52E24923 
  60      67E34851 
  60      199129C0 
  60      56BABD11 
  61 017f 60D3D3FD 		.ascii	"`\323\323\375U5S\372\277kz\350\007X:F9\177u\242?jR\266"
  61      553553FA 
  61      BF6B7AE8 
  61      07583A46 
  61      397F75A2 
  62 0197 929B1041 		.ascii	"\222\233\020Aw\012\205(}\036\026\243\007}\003Q\361q"
  62      770A8528 
  62      7D1E16A3 
  62      077D0351 
  62      F171
  63 01a9 7FF4A86F 		.ascii	"\177\364\250o\240\320O|\177\260x\011F\231\313\001"
  63      A0D04F7C 
  63      7FB07809 
  63      4699CB01 
  64              		.text
  65              		.section	.gnu.lto_palWriteBus.1919ae312d532cff,"",%progbits
  66 0000 789C9553 		.ascii	"x\234\225S\317k\023Q\020~\337\233\335Mv\323T\217\242"
  66      CF6B1351 
  66      107EDF9B 
  66      DD4D76D3 
  66      548FA2
  67 0013 152A28A1 		.ascii	"\025*(\241\227\354\321\377\300\377\243\315E\241\240"
  67      97ECD1FF 
  67      C0FFA3CD 
  67      45A1A0
  68 0022 183D7793 		.ascii	"\030=w\2236I\375\005\036l\012a\225\240\264\202 *\376"
ARM GAS  /tmp/cc4w2igO.s 			page 5


  68      3649FD05 
  68      1E6C0A61 
  68      95A0B482 
  68      202AFE
  69 0035 884D6B5D 		.ascii	"\210Mk]\343\257\203V\251\024Q(\036\024<\010JE\017\036"
  69      E3AF8356 
  69      A9145128 
  69      1E143C08 
  69      4A450F1E 
  70 0049 4AE2CCDB 		.ascii	"J\342\314\333\004c\351\245\313\276\331\231y3\337|\357"
  70      0463E9A5 
  70      CBBED999 
  70      7933DF7C 
  70      EF
  71 005a DB5D4729 		.ascii	"\333]G)u\230\224:\304\317}\274@\012\372\342\033\245"
  71      7598943A 
  71      C4CF7DBC 
  71      400AFAE2 
  71      1BA5
  72 006c 0A490D88 		.ascii	"\012I\015\210\023$\241&4&p\236.\021Z\225\257\013z\344"
  72      1324A126 
  72      3426709E 
  72      2E115A95 
  72      AF0B7AE4 
  73 0080 7AC05734 		.ascii	"z\300W4\373\333)\007\245=!\267Wy\311\205\273\030\341"
  73      FBDB2907 
  73      A53D21B7 
  73      5779C985 
  73      BB18E1
  74 0093 AAD5A9DB 		.ascii	"\252\325\251\333!\235\243\220\000\213\303\237+\265/"
  74      219DA390 
  74      008BC39F 
  74      2BB52F
  75 00a2 83126A0C 		.ascii	"\203\022j\014sXZ\235-\023\355\207b\377\343\306\215\365"
  75      73585A9D 
  75      2D13ED87 
  75      62FFE3C6 
  75      8DF5
  76 00b4 C1CC5C10 		.ascii	"\301\314\\\020\024\203\350\3655\012\016\206Dx\000b@"
  76      1483E8F5 
  76      350A0E86 
  76      44780062 
  76      40
  77 00c5 DCC710EE 		.ascii	"\334\307\020\356aHqJ\241\201\014\227_n_}\231\242\003"
  77      6148714A 
  77      A1810C97 
  77      5F6E5F7D 
  77      99A203
  78 00d8 A6757E39 		.ascii	"\246u~9\314u;\327\347L\247\205\207[;-\205\005d\244\374"
  78      CC753BD7 
  78      E74CA785 
  78      875B3B2D 
  78      850564A4 
  79 00ed F39DF64C 		.ascii	"\363\235\366L\332\261\352=\266h\302Q`\347\326;;\012"
  79      DAB1EA3D 
  79      B668C251 
  79      60E7D63B 
ARM GAS  /tmp/cc4w2igO.s 			page 6


  79      3B0A
  80 00ff DA9D0A13 		.ascii	"\332\235\012\023\230G\347\310.@Z47\333$\306\022c\263"
  80      9847E7C8 
  80      2E405A34 
  80      37DB24C6 
  80      1263B3
  81 0112 711C3109 		.ascii	"q\0341\011\011\223b\\1\036\233DJ\2744\204\244R\323\214"
  81      0993625C 
  81      311E9B44 
  81      4ABC3484 
  81      A452D38C 
  82 0126 CEC20591 		.ascii	"\316\302\005\221:CZ\274\311H}C\261]\376\336\030\220"
  82      3A435ABC 
  82      C9487D43 
  82      B15DFEDE 
  82      1890
  83 0138 A135D235 		.ascii	"\2415\3225\202\244\232n\034\213\260\325R\353mB4\"s\270"
  83      82A49A6E 
  83      1C8BB0D5 
  83      52EB6D42 
  83      342273B8 
  84 014c A5D6CA0B 		.ascii	"\245\326\312\013\247\216+\005\026z8\244d\215\322X\344"
  84      A78E2B05 
  84      167A38A4 
  84      648DD258 
  84      E4
  85 015d 13C9DE5A 		.ascii	"\023\311\336Z\345\303\247\224\1773\210\267,,\241\216"
  85      E5C3A794 
  85      7F3388B7 
  85      2C2CA18E 
  86 016d 19F302F0 		.ascii	"\031\363\002\360\010>\003On\226\021#[f\030\365\017\263"
  86      083E034F 
  86      6E961123 
  86      5B6618F5 
  86      0FB3
  87 017f 7784EE62 		.ascii	"w\204\356b\331\240\213Px\034\243W{\350]\264\305_\233"
  87      D9A08B50 
  87      781CA357 
  87      7BE85DB4 
  87      C55F9B
  88 0192 AFB45077 		.ascii	"\257\264Pw\261\033\021\303p\315F\257&aH8\377\261\342"
  88      B11B11C3 
  88      70CD46AF 
  88      26614838 
  88      FFB1E2
  89 01a5 798859FD 		.ascii	"y\210Y\375\253sM\332\356g\352\355\210\251\207'\206\251"
  89      AB734DDA 
  89      EE67EAED 
  89      88A98727 
  89      86A9
  90 01b7 16A6AD98 		.ascii	"\026\246\255\230\351\237\036z\312\020q9\327Z;kr\375"
  90      E99F1E7A 
  90      CA107139 
  90      D75A3B6B 
  90      72FD
  91 01c9 927BDB49 		.ascii	"\222{\333I\316-\036\236vG\275o4\033i\0365U\220\255\001"
  91      CE2D1E9E 
ARM GAS  /tmp/cc4w2igO.s 			page 7


  91      7647BD6F 
  91      341B691E 
  91      355590AD 
  92 01de 3C33A3CC 		.ascii	"<3\243\314g\364\034>\343\253\037(\326;\027\014\264\371"
  92      67F41C3E 
  92      E3AB1F28 
  92      D63B170C 
  92      B4F9
  93 01f0 13A65932 		.ascii	"\023\246Y2~\367\314fo6\353\307\367\361\274\177tt\334"
  93      7EF7CC66 
  93      6F36EBC7 
  93      F7F1BC7F 
  93      7474DC
  94 0203 CF9FCCF9 		.ascii	"\317\237\314\371'F\307\2639Ec\247\363\326\330\261S\371"
  94      2746C7B3 
  94      394563A7 
  94      F3D6D8B1 
  94      53F9
  95 0215 BF977D01 		.ascii	"\277\227}\001\271"
  95      B9
  96              		.text
  97              		.section	.gnu.lto_palSetBusMode.1919ae312d532cff,"",%progbits
  98 0000 789C9592 		.ascii	"x\234\225\222\317K\033A\024\307\337w\336f7?\252gi\025"
  98      CF4B1B41 
  98      14C7DF77 
  98      DE66373F 
  98      AA676915 
  99 0014 22548297 		.ascii	"\"T\202\227\354\237\321\277\303FA\304\222b\360\2341"
  99      EC9FD1BF 
  99      C34641C4 
  99      9262F09C 
  99      31
 100 0025 69124B85 		.ascii	"i\022K\205\026Z#\304E\002\022\204\202\264\305\364G\374"
 100      165A23C4 
 100      45021284 
 100      82B4C5F4 
 100      47FC
 101 0037 B9E6D053 		.ascii	"\271\346\320SmQ<\264\324zh\241\320\242b\351Um\337L\332"
 101      6D513CB4 
 101      D47A68A1 
 101      D0A262E9 
 101      556DDF4C 
 102 004c 437B73D8 		.ascii	"C{s\330\231}o\347}?\363\235\307\272D4\246\210\006\344"
 102      997D6FE7 
 102      7D3FF39D 
 102      C7BA4434 
 102      A68806E4 
 103 0060 7D4D2698 		.ascii	"}M&\230\240\036\274%\232\212*\300\004:\012\312+\344"
 103      A01EBC25 
 103      9A8A2AC0 
 103      043A0ACA 
 103      2BE4
 104 0072 31C38F18 		.ascii	"1\303\217\030\355\312\327\226\032\\\3222\302\271=\257"
 104      EDCAD796 
 104      1A5CD232 
 104      C2B93DAF 
 105 0082 AC4B3D01 		.ascii	"\254K=\001\023Ue\232\201\025\014J\325\356\235\247\001"
ARM GAS  /tmp/cc4w2igO.s 			page 8


 105      1355659A 
 105      81150C4A 
 105      D5EE9DA7 
 105      01
 106 0093 DFE38001 		.ascii	"\337\343\200\001G\322\037;\265/\335&UHJZ\332\235+3\367"
 106      47D21F3B 
 106      B52FDD26 
 106      55484A5A 
 106      DA9D2B33 
 107 00a8 8124FE70 		.ascii	"\201$\376p\372\370\240;\325\320\272\240\303\203E\326"
 107      FAF8A03B 
 107      D5D0BAA0 
 107      C38345D6 
 108 00b8 D70366BC 		.ascii	"\327\003f\274\000\013\020\317\321\213&zI>\021^\"%\345"
 108      000B10CF 
 108      D18B267A 
 108      493E115E 
 108      2225E5
 109 00cb 3F571A0F 		.ascii	"?W\032\017\023\334o\245\207'\315\371\370\037\351\233"
 109      13DC6FA5 
 109      8727CDF9 
 109      F81FE99B 
 110 00db 86953A78 		.ascii	"\206\225:x\365\277\324!\264\2202\365\237\237]\314v\271"
 110      F5BFD421 
 110      B49032F5 
 110      9F9F5DCC 
 110      76B9
 111 00ed 4EFDAF5D 		.ascii	"N\375\257]\254\302%H\360d/\022\352\213_\025\035\236"
 111      ACC22548 
 111      F0642F12 
 111      EA8B5F15 
 111      1D9E
 112 00ff 35F0E946 		.ascii	"5\360\351FL\211,\302\262\270\216,^\304D.\214\003\017"
 112      4C892CC2 
 112      B2B88E2C 
 112      5EC4442E 
 112      8C030F
 113 0112 1646D3A2 		.ascii	"\026F\323\242\227\336\350\220\356\2622Q1\244\357(\254"
 113      97DEE890 
 113      EEB23251 
 113      31A4EF28 
 113      AC
 114 0123 7E3BCE18 		.ascii	"~;\316\030j\215\225\234W-\265\337y\346\326l\355\256"
 114      6A8D959C 
 114      572DB5DF 
 114      79E6D66C 
 114      EDAE
 115 0135 B7775EBB 		.ascii	"\267w^\273u,LI\353\222\001Gk\354bM,\232\275\375\312"
 115      752C4C49 
 115      EB920147 
 115      6BEC624D 
 115      2C9ABDFD 
 116 014a FBC384BF 		.ascii	"\373\303\204\277\254;[1\254\243\216Y\333Rl\300\267\350"
 116      AC3B5B31 
 116      ACA38E59 
 116      DB526CC0 
 116      B7E8
ARM GAS  /tmp/cc4w2igO.s 			page 9


 117 015c 5807CC97 		.ascii	"X\007\314\227\"\305\261iI\346\226\330\372\227\344\\"
 117      22C5B169 
 117      49E696D8 
 117      FA97E45C 
 118 016c 8A944068 		.ascii	"\212\224@hI\312\220\266-\251xZF\007\025\021_\002\244"
 118      49CA90B6 
 118      2DA9785A 
 118      46071511 
 118      5F02A4
 119 017f 239493B6 		.ascii	"#\224\223\266\253\"o\265\216>z\371s\035\015\370J\325"
 119      AB226FB5 
 119      8E3E7AF9 
 119      731D0DF8 
 119      4AD5
 120 0191 18401B79 		.ascii	"\030@\033y\222\316\330r/\340.:A\241\276v\3372\354\317"
 120      92CED872 
 120      2FE02E3A 
 120      41A1BE76 
 120      DF32ECCF 
 121 01a5 332D65D2 		.ascii	"3-e\322K9\342j:\355w\236l\316\037\035\032\367s\023\031"
 121      4B39E26A 
 121      3AED779E 
 121      6CCE1F1D 
 121      1AF77313 
 122 01ba FFF6D078 		.ascii	"\377\366\320x:C|s2\347\334\312\016\217\374\006J\366"
 122      3A437C73 
 122      32E7DCCA 
 122      0E8FFC06 
 122      4AF6
 123 01cc C91B     		.ascii	"\311\033"
 124              		.text
 125              		.section	.gnu.lto_.symbol_nodes.1919ae312d532cff,"",%progbits
 126 0000 789C6363 		.ascii	"x\234cc``\010\004b\006\2463\214\365\014\014\023\316"
 126      60600804 
 126      6206A633 
 126      8CF50C0C 
 126      13CE
 127 0012 313000A9 		.ascii	"10\000\251]\015\216@\221\263\214\365\214\250\"\347\030"
 127      5D0D8E40 
 127      91B38CF5 
 127      8CA822E7 
 127      18
 128 0023 EB995044 		.ascii	"\353\231PD\030/2\3263\203E\030\030\032\032\034\030\030"
 128      182F32D6 
 128      33834518 
 128      181A1A1C 
 128      1818
 129 0035 98999819 		.ascii	"\230\231\230\031\226<\374\307\310\000\000f\362\024\317"
 129      963CFCC7 
 129      C8000066 
 129      F214CF
 130              		.text
 131              		.section	.gnu.lto_.refs.1919ae312d532cff,"",%progbits
 132 0000 789C6363 		.ascii	"x\234cc```\004b\006\000\000D\000\010"
 132      60606004 
 132      62060000 
 132      440008
ARM GAS  /tmp/cc4w2igO.s 			page 10


 133              		.text
 134              		.section	.gnu.lto_.decls.1919ae312d532cff,"",%progbits
 135 0000 789CBD57 		.ascii	"x\234\275W}PT\327\025\177\347\335]X\227\005\034\264"
 135      7D5054D7 
 135      157FE7DD 
 135      5D589705 
 135      1CB4
 136 0012 1DDB308E 		.ascii	"\035\3330\216up\244\231\302\012fb\377L\325L\342Dk\007"
 136      7570A499 
 136      C20A6662 
 136      FF4CD54C 
 136      E2446B07 
 137 0026 ED74EC1F 		.ascii	"\355t\354\037\335l\226%\320\000K\331%\223Lg\332\267"
 137      DD6C9625 
 137      D0004BD9 
 137      25934C67 
 137      DAB7
 138 0038 EC8A888A 		.ascii	"\354\212\210\212\242h\004%\242 \206hFM\305\217\020\004"
 138      A2680425 
 138      A2208668 
 138      464DC58F 
 138      1004
 139 004a 173FA8DF 		.ascii	"\027?\250\337\340G\\\"\202\242\240\006u\021\003\242"
 139      E0475C22 
 139      82A2A006 
 139      751103A2 
 140 005a 2EF4DC7B 		.ascii	".\364\334{\337\333]V\326\266\377\344\015g\357\273\347"
 140      DFDB5D56 
 140      D6B6FFE4 
 140      0D67EFBB 
 140      E7
 141 006b 9E7BCEEF 		.ascii	"\236{\316\357|\335\373\010\023\004aq\264 \274N\004\301"
 141      7CDDFB08 
 141      13046171 
 141      B420BC4E 
 141      04C1
 142 007d 0982308A 		.ascii	"\011\2020\212\217\012y\307\220\220%\364#\271\220\006"
 142      8F0A79C7 
 142      909025F4 
 142      23B99006 
 143 008d 04FED0B5 		.ascii	"\004\376\320\265\027H\200\262aH:\020^z\206)\037\307"
 143      174880B2 
 143      61483A10 
 143      5E7A8629 
 143      1FC7
 144 009f 18A4C9F2 		.ascii	"\030\244\311\362~\252\247\003i&\3222$\017R\027\322\367"
 144      7EAAA703 
 144      6926D232 
 144      240F5217 
 144      D2F7
 145 00b1 482D48BD 		.ascii	"H-H\275\262\356{HW\221\372\220\036P;\212=\244\327\202"
 145      B2EE7B48 
 145      5791FA90 
 145      1E503B8A 
 145      3DA4D782 
 146 00c5 6C115110 		.ascii	"l\021Q\020\"q|?\300\226\202W\261\323!\333\352\015\262"
 146      22717C3F 
ARM GAS  /tmp/cc4w2igO.s 			page 11


 146      C0968257 
 146      B1D321DB 
 146      EA0DB2
 147 00d8 A792F5F7 		.ascii	"\247\222\365\367\3116\335\262\015\352\027\035\247\005"
 147      C936DDB2 
 147      0DEA171D 
 147      A705
 148 00e6 D98A445B 		.ascii	"\331\212D[Q\343\330\032\010\341\227K\266\371+\324\023"
 148      51E3D81A 
 148      08E1974B 
 148      B6F92BD4 
 148      13
 149 00f7 013C96F7 		.ascii	"\001<\226\367\002l\242:_\374\250\251_\007\331+%\320"
 149      026CA23A 
 149      5FFCA8A9 
 149      5F07D92B 
 149      25D0
 150 0109 EADCB795 		.ascii	"\352\334\267\225\254\"\020\243\005\025N\373\317\225"
 150      AC2210A3 
 150      05154EFB 
 150      CF95
 151 0117 7747E174 		.ascii	"wG\341t\262\026\246\341\264\274\376\311i5_\325\340t"
 151      B216A6E1 
 151      B4BCFEC9 
 151      69355FD5 
 151      E074
 152 0129 B466DF4A 		.ascii	"\264f\337J\015\021\201n\354h\251\335M7\316\324\002M"
 152      0D11816E 
 152      EC68A9DD 
 152      4D37CED4 
 152      024D
 153 013b 6734B2F6 		.ascii	"g4\262\366\366\035\031\216\344,*ao;>\254&\341\354\275"
 153      F61D198E 
 153      E42C2A61 
 153      6F3B3EAC 
 153      26E1ECBD 
 154 014f BF7ABD17 		.ascii	"\277z\275\027\022\367H\374\321,\020\340\010\020\005"
 154      12F748FC 
 154      D12C10E0 
 154      081005
 155 015e 43DBDAC7 		.ascii	"C\333\332\307\325\341\344u*(v\272\237_\217\002m|\241"
 155      D5E1E475 
 155      2A2876BA 
 155      9F5F8F02 
 155      6D7CA1
 156 0171 24E54B95 		.ascii	"$\345K\225\016i\302\273\002\034\200X\370\027\304\012"
 156      0E69C2BB 
 156      021C8058 
 156      F817C40A 
 157 0181 D000F154 		.ascii	"\320\000\361T\3717\220(\300ad\036Bf\015U\330\364hpf"
 157      F9379028 
 157      C061641E 
 157      42660D55 
 157      D8F46870 
 158 0196 C90A4912 		.ascii	"\311\012I\022\341[\320B=\020&\203N\317\324r\023\265"
 158      E15BD042 
 158      3D102683 
ARM GAS  /tmp/cc4w2igO.s 			page 12


 158      4ECFD472 
 158      13B5
 159 01a8 D5253BC2 		.ascii	"\325%;\302H\0030\033\365[\356\234\020C\331h\012ic\350"
 159      4803301B 
 159      F55BEE9C 
 159      1043D968 
 159      0A6963E8 
 160 01bc F0F493CB 		.ascii	"\360\364\223\313\251\215F\264q\324o\003Mr#\316\343\203"
 160      A98D46B4 
 160      71D46F03 
 160      4D7223CE 
 160      E383
 161 01ce 2591C4C5 		.ascii	"%\221\304\305\342#\366\014;\017D\2042\322\034\322\310"
 161      E223F60C 
 161      3B0F4484 
 161      32D21CD2 
 161      C8
 162 01df A8FB8D8A 		.ascii	"\250\373\215\212\313\2224\015\\h\344\230\337H\243b\344"
 162      CB92340D 
 162      5C68E498 
 162      DF48A362 
 162      E4
 163 01f0 4AFFE34D 		.ascii	"J\377\343MQ\304NXX\037:\357tE\360\374L\241\201\364\234"
 163      51C44E58 
 163      581F3AEF 
 163      7445F0FC 
 163      4CA181F4 
 164 0205 AD90A713 		.ascii	"\255\220\247\023q\372\365\325/\3525\244\220\213nn\333"
 164      71FAF5D5 
 164      2FEA35A4 
 164      908B6E6E 
 164      DB
 165 0216 FFB616C1 		.ascii	"\377\266\026\3018\376'\217q\303\232R\227KEV\363\335"
 165      38FE278F 
 165      71C39A52 
 165      974B4556 
 165      F3DD
 166 0228 CEE62B75 		.ascii	"\316\346+u:R\302'w\316\354\315\327\220\215|\322\263"
 166      3A52C227 
 166      77CEECCD 
 166      D7908D7C 
 166      D2B3
 167 023a 7B755F14 		.ascii	"{u_\024)\343\223\335\353[w\022R\301'\207\033\036$s0"
 167      29E393DD 
 167      EB5B7712 
 167      52C12787 
 167      1B1E2473 
 168 024f B138FBA6 		.ascii	"\2618\373\246\243\277)\202WV\027\340\374\253\247\235"
 168      A3BF2982 
 168      575617E0 
 168      FCABA79D 
 169 025f 07D5643B 		.ascii	"\007\325d;\023\235PW\350\036%\0207)\016\237\370\270"
 169      139D5057 
 169      E81E2510 
 169      37290E9F 
 169      F8B8
 170 0271 B81D92D3 		.ascii	"\270\035\222\323\201\361\356\213\033\251*Z#U\272\000"
ARM GAS  /tmp/cc4w2igO.s 			page 13


 170      81F1EE8B 
 170      1BA92A5A 
 170      2355BA00 
 171 0281 5A301AA7 		.ascii	"Z0\032\2471\032m0\311\017\274\016\177\230\037\030\231"
 171      311A6D30 
 171      C90FBC0E 
 171      7F981F18 
 171      99
 172 0292 121ABD75 		.ascii	"\022\032\275uH\240\022\340\002J\234g\213T\036\035\203"
 172      48A012E0 
 172      024A9C67 
 172      8B541E1D 
 172      83
 173 02a3 EFD0C76B 		.ascii	"\357\320\307k\020\007\227\221\256\"\265\"\271\221\256"
 173      10079791 
 173      AE22B522 
 173      B991AE
 174 02b2 205D8238 		.ascii	" ]\2028V\211\334\352\255\021R.59\0113y1\330\344\011"
 174      5689DCEA 
 174      AD11522E 
 174      35390933 
 174      7931D8E4 
 175 02c7 A63529D6 		.ascii	"\2465)\326'\376\314\033 ~6X\\\357\007\310\305\333\003"
 175      27FECC1B 
 175      207E3658 
 175      5CEF07C8 
 175      C5DB03
 176 02da B59F0A16 		.ascii	"\265\237\012\026?\011\301\362\256@\3713\343\007\200"
 176      3F09C1F2 
 176      AE40F933 
 176      E30780
 177 02e9 A1E1D5D3 		.ascii	"\241\341\325\323\343%e\2224\221J\011r\345\370=\033\364"
 177      E3256592 
 177      34914A09 
 177      72E5F83D 
 177      1BF4
 178 02fb 92DA0392 		.ascii	"\222\332\003\222\2642\214);7.\326\000\317\332\002M\377"
 178      B4328C29 
 178      3B372ED6 
 178      00CFDA02 
 178      4DFF
 179 030d 7B7CA84C 		.ascii	"{|\250L\034\223\331=\324{(\232\234e\311\024\335/N\237"
 179      1C93D93D 
 179      D47B289A 
 179      9C65C914 
 179      DD2F4E9F 
 180 0321 8F8249F1 		.ascii	"\217\202I\361\343\246\004\256c&\376\237\254p\307\036"
 180      E3A604AE 
 180      6326FE9F 
 180      AC70C71E 
 181 0331 8E10072A 		.ascii	"\216\020\007*\202\357qg\273\277+\250\237\014@\177y\311"
 181      82EF7167 
 181      BBBF2BA8 
 181      9F0C407F 
 181      79C9
 182 0343 95705D91 		.ascii	"\225p]\221\257\327\230\240\002V\200\016\320\311[P\366"
 182      AFD798A0 
ARM GAS  /tmp/cc4w2igO.s 			page 14


 182      0256800E 
 182      D0C95B50 
 182      F6
 183 0354 D0CACDBD 		.ascii	"\320\312\315\275\221\304\315\301>\253\333\213\345\025"
 183      91C4CDC1 
 183      3EABDB8B 
 183      E515
 184 0362 AF53BA2F 		.ascii	"\257S\272/~\233\207v_\027n\270\341\267\203\373q\010"
 184      7E9B8776 
 184      5F176EB8 
 184      E1B783FB 
 184      7108
 185 0374 A11E3AD1 		.ascii	"\241\036:\321\2151\026\236\337-u\003/}\035N\363\353"
 185      8D31169E 
 185      DF2D7503 
 185      2F7D1D4E 
 185      F3EB
 186 0386 DD25D172 		.ascii	"\335%\321r\351\323\345'\033\332;\243\310m2\346\034]"
 186      E9D3E527 
 186      1BDA3BA3 
 186      C86D32E6 
 186      1C5D
 187 0398 F6F239BA 		.ascii	"\366\3629\272\214\237\243}\027/\\\002\362\003\307\333"
 187      8C9FA37D 
 187      172F5C02 
 187      F203C7DB 
 188 03a8 FEB89584 		.ascii	"\376\270\225\204:U\356\"\216er#\337A\346m\337\251rj"
 188      3A55EE22 
 188      8E657223 
 188      DF41E66D 
 188      DFA9726A 
 189 03bc 3479901D 		.ascii	"4y\220\035\217\275\230\313\036\277_\313\370\241\242"
 189      8FBD98CB 
 189      1EBF5FCB 
 189      F8A1A2
 190 03cb BE7DB7F9 		.ascii	"\276}\267\371\230\032\373\217\365\036jn\032\255 #U\305"
 190      981AFB8F 
 190      F51E6A6E 
 190      1AAD2023 
 190      55C5
 191 03dd BCF7682C 		.ascii	"\274\367h,\216\343\236\373\343W\313\2304\337\302\365"
 191      8EE39EFB 
 191      E357CB98 
 191      34DFC2F5 
 192 03ed 9B2CE4F7 		.ascii	"\233,\344\367\345\034\377\200\240\356a>\037 \365\215"
 192      E51CFF80 
 192      A0EE613E 
 192      1F20F58D 
 193 03fd C9E9D56D 		.ascii	"\311\351\325m1v\232\323\373\301\305J\001\234\254\215"
 193      31769AD3 
 193      FBC1C54A 
 193      019CAC8D 
 194 040d A972482D 		.ascii	"\251rH-\263\030\342\356`\353u\201mH\305o\305\363Z\245"
 194      B318E2EE 
 194      60EB7581 
 194      6D48C56F 
 194      C5F35AA5 
ARM GAS  /tmp/cc4w2igO.s 			page 15


 195 0421 A7E6C171 		.ascii	"\247\346\301q\261\362\256\302p\016\327\016<!\244X\315"
 195      B1F2AEC2 
 195      700ED70E 
 195      3C21A458 
 195      CD
 196 0432 D3DFE869 		.ascii	"\323\337\350i\015\207\370I\034\321\371\3320\274\234"
 196      0D87F849 
 196      1CD1F9DA 
 196      30BC9C
 197 0441 C0839B1F 		.ascii	"\300\203\233\037\372\203t\237\025\331\270n\302#\364"
 197      FA83749F 
 197      15D9B86E 
 197      C223F4
 198 0450 EE559EA2 		.ascii	"\356U\236\242\275\345\353\354;\325\201\245\351\031S"
 198      BDE5EBEC 
 198      3BD581A5 
 198      E91953
 199 045f 9AFDACB4 		.ascii	"\232\375\254\264\330\210\302_\236\253}\241\"\245\034"
 199      D888C25F 
 199      9EAB7DA1 
 199      22A51C
 200 046e DCE0F1DE 		.ascii	"\334\340\361\336*M\250d?y\305\025\022\3779\273B\006"
 200      2A4DA864 
 200      3F79C515 
 200      12FF39BB 
 200      4206
 201 0480 30188F83 		.ascii	"0\030\217\203\257\020\312\245\307\361\261\206\306\210"
 201      AF10CAA5 
 201      C7F1B186 
 201      C688
 202 048e 4E2C5BFC 		.ascii	"N,[\374F\200\211\014+\000\377\305\021\330\027\212\374"
 202      4680890C 
 202      2B00FFC5 
 202      11D8178A 
 202      FC
 203 049f A5C61EE0 		.ascii	"\245\306\036\340|\344\212|\220E\351D\331\002>\216(\353"
 203      7CE48A7C 
 203      9045E944 
 203      D9023E8E 
 203      28EB
 204 04b1 1015BDEC 		.ascii	"\020\025\275\354OV\000\201Z\371:7\247<\374+\211\277"
 204      4F560081 
 204      5AF93A37 
 204      A73CFC2B 
 204      89BF
 205 04c3 04ECE32C 		.ascii	"\004\354\343,\321o,`\313KX\005\337\262\017\224\337I"
 205      D16F2C60 
 205      CB4B5805 
 205      DFB20F94 
 205      DF49
 206 04d5 9053E36A 		.ascii	"\220S\343j\263\337\325va\243\013\360gAX\247\311b\375"
 206      B3DFD576 
 206      61A30BF0 
 206      674158A7 
 206      C962FD
 207 04e8 76B3ED5B 		.ascii	"v\263\355[\257\206T\260\034@\353\316\257\177\247\022"
 207      AF8654B0 
ARM GAS  /tmp/cc4w2igO.s 			page 16


 207      1C40EBCE 
 207      AF7FA712 
 208 04f8 797E205B 		.ascii	"y~ [EY'F\207\232\242yw\213\001\227\356d~\351\236}\272"
 208      45592746 
 208      879AA279 
 208      778B0197 
 208      EE647EE9 
 209 050f F9B38829 		.ascii	"\371\263\210)\233X\2658\244\211\"+\311g\230\240a\226"
 209      9B58B538 
 209      A489222B 
 209      C96798A0 
 209      6196
 210 0521 EEE73005 		.ascii	"\356\3470\005\177\237\202\212#\260\017\255\371\307\364"
 210      7F9F828A 
 210      23B00FAD 
 210      F9C7F4
 211 0530 4AA9B20B 		.ascii	"J\251\262\013{\364+\262\262y\005\266\034\274E\245`\310"
 211      7BF42BB2 
 211      B27905B6 
 211      1CBC45A5 
 211      60C8
 212 0542 9FB921FA 		.ascii	"\237\271!\372\255\004\203\330\211\360#\2366\002\274"
 212      AD0483D8 
 212      89F0239E 
 212      3602BC
 213 0551 80E9B879 		.ascii	"\200\351\270y\327f\307\231\010\322\314\201\026\234\272"
 213      D766C799 
 213      08D2CC81 
 213      169CBA
 214 0560 E40A6748 		.ascii	"\344\012gH\251A\216\364Ny\375\036\235\017\375\0100\346"
 214      A9418EF4 
 214      4E79FD1E 
 214      9D0FFD08 
 214      30E6
 215 0572 D1CEF38F 		.ascii	"\321\316\363\217\324\201\000\337\377y\000>I\244\370"
 215      D48100DF 
 215      FF79003E 
 215      49A4F8
 216 0581 46157CDE 		.ascii	"F\025|\336\242\001\267N\006xu\213\016\233,_\242\347"
 216      A201B74E 
 216      0678758B 
 216      0E9B2C5F 
 216      A2E7
 217 0593 088A81D7 		.ascii	"\010\212\201\327\017\320\033\014\320.R\200\336\033\335"
 217      0FD01B0C 
 217      D02E5280 
 217      DE1BDD
 218 05a2 8F457281 		.ascii	"\217Er\201\003<\324\322X\250e`\006|\000\327\017xF\325"
 218      033CD4D2 
 218      58A86560 
 218      067C00D7 
 218      0F7846D5 
 219 05b6 3E800E91 		.ascii	">\200\016\2211\2674T\336\326\204\004\270\234\001t\212"
 219      31B73454 
 219      DED68404 
 219      B89C0174 
 219      8A
ARM GAS  /tmp/cc4w2igO.s 			page 17


 220 05c7 32C0FDAB 		.ascii	"2\300\375\253\206\363\303e\200\247\247\372\360\241\024"
 220      86F3C365 
 220      80A7A7FA 
 220      F0A114
 221 05d6 E48B3E7C 		.ascii	"\344\213>|\370:\026_\001\303\367`\247cC4\351\010\215"
 221      F83A165F 
 221      01C3F760 
 221      A7634334 
 221      E9088D
 222 05e9 6FB4ACB8 		.ascii	"o\264\254\270*\314\027\324B\216\357\324\211\322\356"
 222      2ACC17D4 
 222      428EEFD4 
 222      89D2EE
 223 05f8 68C6A427 		.ascii	"h\306\244'\343J\316\274\324U\344\011\015z\025\003]\244"
 223      E34ACEBC 
 223      D455E409 
 223      0D7A1503 
 223      5DA4
 224 060a 80BE777D 		.ascii	"\200\276w}Os\030\202\356b\335\372\233k\373\356J\205"
 224      4F731882 
 224      EE62DDFA 
 224      9B6BFBEE 
 224      4A85
 225 061c 5A26052B 		.ascii	"Z&\005+\374\240W\210\374\013\031V3\260\325\336\263\216"
 225      FCA05788 
 225      FC0B1956 
 225      33B0D5DE 
 225      B38E
 226 062e 2832C0C1 		.ascii	"(2\300\301~\347v\036\221o\230\010\212\375\346\306\306"
 226      7EE7761E 
 226      916F9808 
 226      8AFDE6C6 
 226      C6
 227 063f 09BC06AF 		.ascii	"\011\274\006\257\321\345\355\347\0066i\211=\214\311"
 227      D1E5EDE7 
 227      06366989 
 227      3D8CC9
 228 064e 7A3D17BD 		.ascii	"z=\027\275:.K;\377yK\3016\240_\202\222|\036!\337\177"
 228      3A2E4B3B 
 228      FF794BC1 
 228      36A05F82 
 228      927C1E21 
 229 0664 1CAD17F1 		.ascii	"\034\255\027\361\220\300\023\023JD\366\025x\345i\303"
 229      90C01313 
 229      4A44F615 
 229      78E569C3 
 230 0674 331D2962 		.ascii	"3\035)b\232T{\034_zT\020\037\013(\016\332\032\345k^"
 230      9A547B1C 
 230      5F7A5410 
 230      1F0B280E 
 230      DA1AE56B 
 231 0689 80CF442D 		.ascii	"\200\317D-l\220\341\342S.\241z\317?)\033\3375ld\207"
 231      6C90E1E2 
 231      532EA17A 
 231      CF3F291B 
 231      DF356C64 
 232 069e 98542591 		.ascii	"\230T%\221)\002\314\216\205Yx\204\225\212\361lI\200"
ARM GAS  /tmp/cc4w2igO.s 			page 18


 232      2902CC8E 
 232      85597884 
 232      958AF16C 
 232      4980
 233 06b0 4D622C6C 		.ascii	"Mb,l\344\006\217\236isG\305\254\223O\333\267\200\351"
 233      E4068F9E 
 233      697347C5 
 233      AC934FDB 
 233      B780E9
 234 06c3 5E8BEBC5 		.ascii	"^\213\353\305\"\305\267Y\214QP\262\364om\031\236\240"
 234      22C5B759 
 234      8C5150B2 
 234      F46F6D19 
 234      9EA0
 235 06d5 957517FE 		.ascii	"\225u\027\3767\335\227o\254\236\027\250\272\354U\252"
 235      37DD976F 
 235      AC9E17A8 
 235      BAEC55AA 
 236 06e5 F7B65FBA 		.ascii	"\367\266_\272\0309\243J\272\330\304zsU\267S\262\027"
 236      1839A34A 
 236      BAD8C47A 
 236      7355B753 
 236      B217
 237 06f7 E075552E 		.ascii	"\340uU.\306\300:\314\022\366`\300\3465\310\371\213("
 237      C6C03ACC 
 237      12F660C0 
 237      E635C8F9 
 237      8B28
 238 0709 C0167106 		.ascii	"\300\026q\006\356\275Q\327\320\020F\326\362\370;\366"
 238      EEBD51D7 
 238      D01046D6 
 238      F2F83BF6 
 239 0719 1C3DA80E 		.ascii	"\034=\250\016\031\360\012%\340\305\034\343\303\276\232"
 239      19F00A25 
 239      E0C51CE3 
 239      C3BE9A
 240 0728 DDEA60FF 		.ascii	"\335\352`\377\375\327\352\347\014d\205\002\362\340\311"
 240      FDD7EAE7 
 240      0C648502 
 240      F2E0C9
 241 0737 B21FB5C1 		.ascii	"\262\037\265\301.\205\224\376\254\330\275Bq\351\326"
 241      2E8594FE 
 241      ACD8BD42 
 241      71E9D6
 242 0746 6BF6CA26 		.ascii	"k\366\312&\3734\330&\273\203\035\033\260q\253\354N%"
 242      FB34D826 
 242      BB831D1B 
 242      B071ABEC 
 242      4E25
 243 0758 73677F4F 		.ascii	"sg\177O}\221*\360\012\243\225\352wa\273\310\2570\034"
 243      7D912AF0 
 243      0AA395EA 
 243      7761BBC8 
 243      AF301C
 244 076b E91556BB 		.ascii	"\351\025V\273\367\224H*\344\332\273n\037\021y\355E\321"
 244      F794482A 
 244      E4DABB6E 
ARM GAS  /tmp/cc4w2igO.s 			page 19


 244      1F1179ED 
 244      45D1
 245 077d 7EBAE7AE 		.ascii	"~\272\347\256\222\353\324C\227\253\356\037i\226\377"
 245      92EBD443 
 245      97ABEE1F 
 245      6996FF
 246 078c BF8CA4FF 		.ascii	"\277\214\244\377\260\270\252\037N\010\031\251\032%R"
 246      B0B8AA1F 
 246      4E0819A9 
 246      1A2552
 247 079b 3B79A424 		.ascii	";y\244$\307P\217.8R\325\230\221*\226\221]\314\367\032"
 247      C7508F2E 
 247      3852D598 
 247      912A9691 
 247      5DCCF71A 
 248 07af C5F75D2E 		.ascii	"\305\367].g\375K\221\012)]]\260\245L#G\252}*\217\324"
 248      67FD4B91 
 248      0A295D5D 
 248      B0A54C23 
 248      47AA7D2A 
 249 07c5 1772A4F0 		.ascii	"\027r\244\360\354\010\330\270C\216T"
 249      EC08D8B8 
 249      438E54
 250 07d0 AD384350 		.ascii	"\2558CPe\031\255\037\375\"1Q\317\377,V}\2721So\3155"
 250      6519AD1F 
 250      FD223151 
 250      CFFF2C56 
 250      7DBA3153 
 251 07e7 E9738C99 		.ascii	"\351s\214\231\211&\315;\277\377\343\264yII\202\326`"
 251      8926CD3B 
 251      BFFFE3B4 
 251      79494982 
 251      D660
 252 07f9 C8CBC8B6 		.ascii	"\310\313\310\266\315N6\330\012@\237n\3112\353\215&\253"
 252      CD4E36D8 
 252      0A409F6E 
 252      C932EB8D 
 252      26AB
 253 080b 3921D3F8 		.ascii	"9!\323\370\201~\276\305\224\227e\316\266Y\365K\315\306"
 253      817EBEC5 
 253      949765CE 
 253      B659F54B 
 253      CDC6
 254 081d ACF7F46F 		.ascii	"\254\367\364o\23323r\254f\2039!'\317\364Q\262~\251\305"
 254      9B323372 
 254      AC668339 
 254      2127CFF4 
 254      51B27EA9 
 255 0832 9269D57F 		.ascii	"\222i\325\177h2%\030s\263\022\262-\331\346\004\263\361"
 255      68322518 
 255      73B312B2 
 255      2DD9E604 
 255      B3F1
 256 0844 838C8439 		.ascii	"\203\214\2049\011\311\263\222\346$\374\355\215\204,"
 256      09C9B392 
 256      E624FCED 
 256      8D842C
ARM GAS  /tmp/cc4w2igO.s 			page 20


 257 0853 E35F2DB9 		.ascii	"\343_-\271\3721\253\372\214lSf^\252Y\237e4\245gd\233"
 257      FA31ABFA 
 257      8C6C5366 
 257      5EAA599F 
 257      6534A567 
 258 0869 F5865473 		.ascii	"\365\206Ts\2321/\323f\260}\232c\266&\246\013\032\005"
 258      9A312FD3 
 258      66B07D9A 
 258      63B626A6 
 258      0B1A05
 259 087c D0DF7F52 		.ascii	"\320\337\177R<\326O\255z\203\325\226\212\306\021\204"
 259      3CD64FAD 
 259      7A83D596 
 259      8AC61184 
 260 088c 2EC39263 		.ascii	".\303\222c\311\265\321(\032lI\301q\244KV\375\222\245"
 260      C9B5D128 
 260      1A6C49C1 
 260      71A44B56 
 260      FD92A5
 261 089f 8B6627EB 		.ascii	"\213f'\353\027.\234\257\177\347\017\013\026\177\234"
 261      172E9CAF 
 261      7FE70F0B 
 261      167F9C
 262 08ae 44436BC8 		.ascii	"DCk\310\314L\305\355aT\"#\225\314MIQ\315]\222\222B\026"
 262      CC4CC5ED 
 262      61542223 
 262      95CC4D49 
 262      51CD5D92 
 263 08c5 CF4F210B 		.ascii	"\317O!\013\220\346\245\274\213\264P\265p\336{)3\002"
 263      90E6A5BC 
 263      8BB450B5 
 263      70DE7B29 
 263      3302
 264 08d7 D59A3FB1 		.ascii	"\325\232?\261\351\347-Z\262`\011\252\325[mY\263\223"
 264      E9E72D5A 
 264      B26009AA 
 264      D55B6D59 
 264      B393
 265 08e9 D392667D 		.ascii	"\323\222f}B\221P\345\206\245\030\234\371\3464-\207\225"
 265      429150E5 
 265      86A5189C 
 265      F9E6342D 
 265      8795
 266 08fb 916AB085 		.ascii	"\221j\260\205Y\322\322\254f\233\216F\313\220f\264\332"
 266      59D2D2AC 
 266      669B8E46 
 266      CB9066B4 
 266      DA
 267 090c 7E6BB07D 		.ascii	"~k\260}\374\323FL\011\326\324\340\370(\022\264\326\322"
 267      FCD3464C 
 267      09D6D4E0 
 267      F82812B4 
 267      D6D2
 268 091e 05F582C5 		.ascii	"\005\365\202\305s\363\254\232\014K\226%\325l\260i\221"
 268      73F3AC9A 
 268      0C4B9625 
 268      D56CB069 
ARM GAS  /tmp/cc4w2igO.s 			page 21


 268      91
 269 092f 9B6236A6 		.ascii	"\233b6\246\"\357\227!\013T\210\300\341O\271\03163\212"
 269      22EF9721 
 269      0B5488C0 
 269      E14FB919 
 269      36338A
 270 0942 45E2FB12 		.ascii	"E\342\373\022\263\015\337\026\241\206\237\031\3448\033"
 270      B30DDF16 
 270      A1869F19 
 270      E4381B
 271 0951 D0FD0F73 		.ascii	"\320\375\017s-y9To\244\301\220\226\227m2\030\022\337"
 271      2D793954 
 271      6FA4C190 
 271      96976D32 
 271      1812DF
 272 0964 7C73D61C 		.ascii	"|s\326\034\2152S\231\322\215\271\201kI\311cfs\376\003"
 272      8D325399 
 272      D28DB981 
 272      6B49C963 
 272      6673FE03 
 273 0978 27AB7438 		.ascii	"'\253t8"
 274              		.text
 275              		.section	.gnu.lto_.symtab.1919ae312d532cff,"",%progbits
 276 0000 70616C52 		.ascii	"palReadBus\000"
 276      65616442 
 276      757300
 277 000b 00       		.ascii	"\000"
 278 000c 00       		.ascii	"\000"
 279 000d 00       		.ascii	"\000"
 280 000e 00000000 		.ascii	"\000\000\000\000\000\000\000\000"
 280      00000000 
 281 0016 FC000000 		.ascii	"\374\000\000\000"
 282 001a 70616C57 		.ascii	"palWriteBus\000"
 282      72697465 
 282      42757300 
 283 0026 00       		.ascii	"\000"
 284 0027 00       		.ascii	"\000"
 285 0028 00       		.ascii	"\000"
 286 0029 00000000 		.ascii	"\000\000\000\000\000\000\000\000"
 286      00000000 
 287 0031 01010000 		.ascii	"\001\001\000\000"
 288 0035 70616C53 		.ascii	"palSetBusMode\000"
 288      65744275 
 288      734D6F64 
 288      6500
 289 0043 00       		.ascii	"\000"
 290 0044 00       		.ascii	"\000"
 291 0045 00       		.ascii	"\000"
 292 0046 00000000 		.ascii	"\000\000\000\000\000\000\000\000"
 292      00000000 
 293 004e 06010000 		.ascii	"\006\001\000\000"
 294 0052 5F70616C 		.ascii	"_pal_lld_setgroupmode\000"
 294      5F6C6C64 
 294      5F736574 
 294      67726F75 
 294      706D6F64 
 295 0068 00       		.ascii	"\000"
ARM GAS  /tmp/cc4w2igO.s 			page 22


 296 0069 02       		.ascii	"\002"
 297 006a 00       		.ascii	"\000"
 298 006b 00000000 		.ascii	"\000\000\000\000\000\000\000\000"
 298      00000000 
 299 0073 0C010000 		.ascii	"\014\001\000\000"
 300              		.text
 301              		.section	.gnu.lto_.opts,"",%progbits
 302 0000 272D666D 		.ascii	"'-fmath-errno' '-fsigned-zeros' '-ftrapping-math' '"
 302      6174682D 
 302      6572726E 
 302      6F272027 
 302      2D667369 
 303 0033 2D666E6F 		.ascii	"-fno-trapv' '-fno-openmp' '-fno-openacc' '-mcpu=cor"
 303      2D747261 
 303      70762720 
 303      272D666E 
 303      6F2D6F70 
 304 0066 7465782D 		.ascii	"tex-m3' '-mno-thumb-interwork' '-mthumb' '-O2' '-fo"
 304      6D332720 
 304      272D6D6E 
 304      6F2D7468 
 304      756D622D 
 305 0099 6D69742D 		.ascii	"mit-frame-pointer' '-falign-functions=16' '-ffuncti"
 305      6672616D 
 305      652D706F 
 305      696E7465 
 305      72272027 
 306 00cc 6F6E2D73 		.ascii	"on-sections' '-fdata-sections' '-fno-common' '-flto"
 306      65637469 
 306      6F6E7327 
 306      20272D66 
 306      64617461 
 307 00ff 2700     		.ascii	"'\000"
 308              		.text
 309              		.comm	__gnu_lto_v1,1,1
 310              		.comm	__gnu_lto_slim,1,1
 311              		.ident	"GCC: (GNU Tools for Arm Embedded Processors 7-2017-q4-major) 7.2.1 20170904 (release) [ARM
ARM GAS  /tmp/cc4w2igO.s 			page 23


DEFINED SYMBOLS
                            *ABS*:0000000000000000 pal.c
                            *COM*:0000000000000001 __gnu_lto_v1
                            *COM*:0000000000000001 __gnu_lto_slim

NO UNDEFINED SYMBOLS
