ARM GAS  /tmp/cc0hSFaM.s 			page 1


   1              		.cpu arm7tdmi
   2              		.eabi_attribute 20, 1
   3              		.eabi_attribute 21, 1
   4              		.eabi_attribute 23, 3
   5              		.eabi_attribute 24, 1
   6              		.eabi_attribute 25, 1
   7              		.eabi_attribute 26, 1
   8              		.eabi_attribute 30, 2
   9              		.eabi_attribute 34, 0
  10              		.eabi_attribute 18, 4
  11              		.file	"chregistry.c"
  12              		.section	.gnu.lto_.profile.edd3d566b44fc7c3,"",%progbits
  13 0000 789C6363 		.ascii	"x\234cc```\001bF\006Y!\000\000\304\000;"
  13      60606001 
  13      62460659 
  13      210000C4 
  13      003B
  14              		.text
  15              		.section	.gnu.lto_.icf.edd3d566b44fc7c3,"",%progbits
  16 0000 789C6363 		.ascii	"x\234cc``\020a@\000f\206_\027w\374bb\272<\343\355t^"
  16      60601061 
  16      40006686 
  16      5F1777FC 
  16      6262BA3C 
  17 0018 E61367CF 		.ascii	"\346\023g\317ogc\000\000k!\011\277"
  17      6F676300 
  17      006B2109 
  17      BF
  18              		.text
  19              		.section	.gnu.lto_.jmpfuncs.edd3d566b44fc7c3,"",%progbits
  20 0000 789C6363 		.ascii	"x\234cc``Pd@\000&\020fdd\254\237\303\314\300\304T\011"
  20      60605064 
  20      40002610 
  20      666464AC 
  20      9FC3CCC0 
  21 0017 E4311E60 		.ascii	"\3441\036`ad\000\342\377@\300\317\300\000\000U\034\007"
  21      616400E2 
  21      FF40C0CF 
  21      C0000055 
  21      1C07
  22 0029 60       		.ascii	"`"
  23              		.text
  24              		.section	.gnu.lto_.inline.edd3d566b44fc7c3,"",%progbits
  25 0000 789C6363 		.ascii	"x\234cc``\320g@\000&\006\006N\016F\006&\236\007\261"
  25      6060D067 
  25      40002606 
  25      064E0E46 
  25      06269E07 
  26 0015 0C6C0BE4 		.ascii	"\014l\013\344\231 b\274\242@!\376E\305\014\354\035\352"
  26      992062BC 
  26      A24021FE 
  26      45C50CEC 
  26      1DEA
  27 0027 10216E06 		.ascii	"\020!n\006\006\306\011~\014\000\201m\005K"
  27      06C6097E 
  27      0C00816D 
  27      054B
ARM GAS  /tmp/cc0hSFaM.s 			page 2


  28              		.text
  29              		.section	.gnu.lto_.pureconst.edd3d566b44fc7c3,"",%progbits
  30 0000 789C6363 		.ascii	"x\234cc```\007b&\206]\214L\273\030\001\005\345\001\210"
  30      60606007 
  30      6226865D 
  30      8C4CBB18 
  30      0105E501 
  31              		.text
  32              		.section	.gnu.lto_chRegFirstThread.edd3d566b44fc7c3,"",%progbits
  33 0000 789C8552 		.ascii	"x\234\205R\333K\024Q\034>\2779\353\354z\311G\037LhM"
  33      DB4B1451 
  33      1C3EBF39 
  33      EBEC7AC9 
  33      471F4C68 
  34 0015 7C106227 		.ascii	"|\020b'\037\353-\002\337\202\260?\240\207mI#[\231\331"
  34      1FEB2D02 
  34      DF82B03F 
  34      A0876D49 
  34      235B99D9 
  35 0029 209F1C77 		.ascii	" \237\034w5\267\024\212r\267\262\311\266$\334\227.\326"
  35      35B7148A 
  35      72B7B2C9 
  35      B624DC97 
  35      2ED6
  36 003b 6A79C936 		.ascii	"jy\3116\357\231\227\022\243B\221\330R\360\202`A\320"
  36      EF999712 
  36      A34291D8 
  36      52F08260 
  36      41D0
  37 004d CDFACECC 		.ascii	"\315\372\316\314R\272\004\0163g\3169\277\357\367\375"
  37      52BA040E 
  37      3367CE39 
  37      BFEFF7FD 
  38 005d BEF33B9F 		.ascii	"\276\363;\237\314\030\273\300\031k\301\177'>\342\214"
  38      CC18BBC0 
  38      196BC17F 
  38      273EE28C 
  39 006d A48B938C 		.ascii	"\244\213\223\214\3258$\"1\321\035\304\252%\252\246F"
  39      D5382422 
  39      31D11DC4 
  39      AA25AAA6 
  39      46
  40 007e DEC4E975 		.ascii	"\336\304\351u\355\003\2037p\0030\033\226\353\023\315"
  40      ED038337 
  40      7003301B 
  40      96EB13CD 
  41 008e 1FB3C592 		.ascii	"\037\263\305\222\310\211\345\352\332p,\253\250M\327"
  41      C889E5EA 
  41      DA702CAB 
  41      A84DD7
  42 009d FD7AFC4A 		.ascii	"\375z\374J8\343z\354\225\236np\211\205\001\217Q\036"
  42      38E37AEC 
  42      959E6E70 
  42      8985018F 
  42      511E
  43 00af 3DA23C51 		.ascii	"=\242<Q\243\203\212\030\320\203\013?\2473y\001\211\371"
  43      A3838A18 
ARM GAS  /tmp/cc0hSFaM.s 			page 3


  43      D0830B3F 
  43      A7337901 
  43      89F9
  44 00c1 4A70B4CD 		.ascii	"Jp\264\315Q\330jf.Fso\005\364Q\335\206T\352$\2765\233"
  44      51D86A66 
  44      2E46736F 
  44      05F451DD 
  44      8654EA24 
  45 00d8 0978A27D 		.ascii	"\011x\242}#\264C\266\321c*\024\344\340|B2\375\015\324"
  45      23B443B6 
  45      D1632A14 
  45      E4E07C42 
  45      32FD0DD4 
  46 00ec EA78E25F 		.ascii	"\352x\342_\243\262\271\037\346\304RB_j\2254F]\"&m\342"
  46      A3B2B91F 
  46      E6C45242 
  46      5F6A9534 
  46      465D2226 
  47 0102 63D40D9A 		.ascii	"c\324\015\232\036B\036\006\002\255\250p\177:-\256o\374"
  47      1E421E06 
  47      02ADA870 
  47      7F3A2DAE 
  47      6FFC
  48 0114 AEC79972 		.ascii	"\256\307\231r\242MK-\205\350\210\301\221\210\001)B\003"
  48      A24D4B2D 
  48      85E888C1 
  48      91880129 
  48      4203
  49 0126 0B4204BA 		.ascii	"\013B\004\272\245\307\3319\0040\013\304\331\012\325"
  49      A5C7D939 
  49      04300BC4 
  49      D90AD5
  50 0135 247A1AE7 		.ascii	"$z\032\347f\311dd\304\312Q)\3327\260\220\225\257\323"
  50      66C96464 
  50      C4CA5129 
  50      DA37B090 
  50      95AFD3
  51 0148 4DFDAAD3 		.ascii	"M\375\252\323@:\266>\337{\370&\323&\001\321K\371\030"
  51      403AB63E 
  51      DF7BF826 
  51      D32601D1 
  51      4BF918
  52 015b 9F928D2D 		.ascii	"\237\222\215-\223\277\373[\242\265X\350o\346\242\325"
  52      93BFFB5B 
  52      A2B558E8 
  52      6FE6A2D5 
  53 016b E1BAFE29 		.ascii	"\341\272\376)\273hu\232y\232\256\256\325Y{\365/\335"
  53      BB68759A 
  53      799AAEAE 
  53      D5597BF5 
  53      2FDD
  54 017d 818D08B7 		.ascii	"\201\215\010\267\272\022\013\254_\312\216P\013\031\\"
  54      BA120BAC 
  54      5FCA8E50 
  54      0B195C
  55 018c A667B8B2 		.ascii	"\246g\270\262>\3211\004:G\346~8\224\273\342\350\221"
  55      3ED13104 
ARM GAS  /tmp/cc0hSFaM.s 			page 4


  55      3A47E67E 
  55      3894BBE2 
  55      E891
  56 019e 1306B753 		.ascii	"\023\006\267S\234\"\024\342\311f~\177\033\250\223\222"
  56      9C2214E2 
  56      C9667E7F 
  56      1BA89392 
  57 01ae D1DB249A 		.ascii	"\321\333$\232\376\234\224\020\232\006-\375\244\260E"
  57      FE9C9410 
  57      9A062DFD 
  57      A4B045
  58 01bd F24772CD 		.ascii	"\362Gr\315\006\343\250\020c\212[\272v\207,q\264Y\234"
  58      06E3A810 
  58      638A5BBA 
  58      76872C71 
  58      B4599C
  59 01d0 648AEBED 		.ascii	"d\212\353\355\237\030\226!\244\006\2248\245\003I4\220"
  59      9F189621 
  59      A4069438 
  59      A5034934 
  59      90
  60 01e1 D43253FF 		.ascii	"\3242S\377n>\323\252\206P:\015\232R$Ql\010\305\226)"
  60      6E3ED3AA 
  60      86503A0D 
  60      9A522451 
  60      6C08C596 
  61 01f6 103EFB9E 		.ascii	"\020>\373\236[\324\222\305\336Q?\336\236!\330\323\211"
  61      5BD492C5 
  61      DE513FDE 
  61      9E21D8D3 
  61      89
  62 0207 68183C10 		.ascii	"h\030<\0200s\336,\237R,\222\263M\265\221\177\325FIA"
  62      3073DE2C 
  62      9F522C92 
  62      B34DB591 
  62      7FD54649 
  63 021c 85E42D85 		.ascii	"\205\344-\205\347S\335s\2713#\351\036\276\305!/\320"
  63      E753DD73 
  63      B93323E9 
  63      1EBEC521 
  63      2FD0
  64 022e 8731DC67 		.ascii	"\2071\334g\252\243>\355\207\243\306\004\336\266\005"
  64      AAA33EED 
  64      87A3C604 
  64      DEB605
  65 023d FF12F871 		.ascii	"\377\022\370q\341\250q\313\004A\332\316\005\023\246"
  65      E1A871CB 
  65      0441DACE 
  65      0513A6
  66 024c 0B26E182 		.ascii	"\013&\341\2025\362\177h\2701$'] \356+\210{\201\275\200"
  66      35F27F68 
  66      B8312427 
  66      5D20EE2B 
  66      887B81BD 
  67 0261 73BA5C8A 		.ascii	"s\272\\\212\365z5E\365)\232\352V\334e\252\347x\271\346"
  67      F57A3545 
  67      F5299AEA 
ARM GAS  /tmp/cc0hSFaM.s 			page 5


  67      56DC65AA 
  67      E778B9E6 
  68 0275 53AB5C6E 		.ascii	"S\253\\n&\371*w\245`\312O\271O\236>\346\001N\253\322"
  68      26F92A77 
  68      A560CA4F 
  68      B94F9E3E 
  68      E6014EAB 
  69 028a 5C656C77 		.ascii	"\\elwJ\274\322\253\3724\345@\351! \334^\325\003HN\205"
  69      4ABCD2AB 
  69      FA34E540 
  69      E92120DC 
  69      5ED50348 
  70 02a0 A63AC573 		.ascii	"\246:\305s\360\360\221\322\243\356=\316\202\275g\366"
  70      F0F091D2 
  70      A3EE3DCE 
  70      82BD67F6 
  71 02b0 95307B85 		.ascii	"\2250{\205\247\302\253V\3757\\\\\302\376\000\210\214"
  71      A7C2AB56 
  71      FD375C5C 
  71      C2FE0088 
  71      8C
  72 02c1 53F7     		.ascii	"S\367"
  73              		.text
  74              		.section	.gnu.lto_chRegNextThread.edd3d566b44fc7c3,"",%progbits
  75 0000 789C8553 		.ascii	"x\234\205S\335O\024w\024\275g~\263\263\353\356\312\243"
  75      DD4F1477 
  75      14BD677E 
  75      B3B3EBEE 
  75      CAA3
  76 0012 0FC6D8B5 		.ascii	"\017\306\330\265\226\032\022\303\330\207>\340\2331\361"
  76      961A12C3 
  76      D8873EE0 
  76      9B31F1
  77 0021 AD4963FF 		.ascii	"\255Ic\377\200&]\211\232\310Gv\327D\236\030`)\254\305"
  77      80265D89 
  77      9AC84776 
  77      D7449E18 
  77      6029ACC5 
  78 0035 A4F16369 		.ascii	"\244\361ci\350\306n\253F\015*\312W\013E]A\021E\020\221"
  78      E8C66EAB 
  78      460D2ACA 
  78      570B455D 
  78      41114510 
  79 004a 26C40F62 		.ascii	"&\304\017bh \001)\211>\220h[\333\363\233!\255l0Nvgg"
  79      68200129 
  79      893E9068 
  79      5BDBF39B 
  79      21AD6C30 
  80 0062 7EF7DC7B 		.ascii	"~\367\334{\356=\367\254%\"\207M\221\237\370\373)\277"
  80      EE3DF7AC 
  80      2522874D 
  80      919FF8FB 
  80      29BF
  81 0074 F0098C6F 		.ascii	"\360\011\214oGEj\002\206a6+q\202\352\325]\021'\254`"
  81      47456A02 
  81      8661362B 
  81      7182EAD5 
ARM GAS  /tmp/cc0hSFaM.s 			page 6


  81      5D1127AC 
  82 0089 7AE726A0 		.ascii	"z\347&\240\037\234\000\244\332P&\252\321\244\216+<H"
  82      1F9C00A4 
  82      DA5026AA 
  82      D1A48E2B 
  82      3C48
  83 009b 5ECEA86F 		.ascii	"^\316\250oTF\011L\276\276\030i\371\275@\277\002\021"
  83      5446094C 
  83      BEBE1869 
  83      F9BD40BF 
  83      0211
  84 00ad BE2E2C0E 		.ascii	"\276.,\016v\206\213\316:N\255\223k^\012~\3379\346\254"
  84      76868BCE 
  84      3A4EAD93 
  84      6B5E0A7E 
  84      DF39E6AC 
  85 00c1 C92843D2 		.ascii	"\311(C\322\204wb\003:\260A\263w\241\210\340\2333\177"
  85      84776203 
  85      3AB041B3 
  85      77A188E0 
  85      9B337F
  86 00d4 8D87D466 		.ascii	"\215\207\324f\010\237\207\223\303\223\326\2263n\342"
  86      089F8793 
  86      C393D696 
  86      336EE2
  87 00e3 C269E57C 		.ascii	"\302i\345|\304,tC\275\235\250\013\341gl\321\370\311"
  87      C42C7443 
  87      BD9DA80B 
  87      E1676CD1 
  87      F8C9
  88 00f5 894BE743 		.ascii	"\211K\347C\352c77\2658\376GA\341)7w\266u\375\217u\316"
  88      EA633737 
  88      B538FE47 
  88      41E12937 
  88      77B675FD 
  89 010c 9063EAFC 		.ascii	"\220c\352\374_V\346\353\213\360\351+oN\254\265L\364"
  89      5F56E6EB 
  89      8BF0E92B 
  89      6F4EACB5 
  89      4CF4
  90 011e A030AB44 		.ascii	"\2400\253D\267\306\216za\341\277X\322\341\225[j\265"
  90      B7C68E7A 
  90      61E1BF58 
  90      D2E1955B 
  90      6AB5
  91 0130 DCF3B482 		.ascii	"\334\363\264\202\344\205\036\326\333\024\360W\0353\336"
  91      E4851ED6 
  91      DB14F057 
  91      1D33DE
  92 013f 2A29E863 		.ascii	"*)\350c\231\253`\036o`YM\3226\356\3139o\376i\240\"\353"
  92      99AB601E 
  92      6F60594D 
  92      D236EECB 
  92      396FFE69 
  93 0156 5ADBE7E6 		.ascii	"Z\333\347\346\012\303\020}np \245\364\315\202\036\313"
  93      0AC3107D 
  93      6E7020A5 
ARM GAS  /tmp/cc0hSFaM.s 			page 7


  93      F4CD821E 
  93      CB
  94 0167 EF9E8A34 		.ascii	"\357\236\2124\262!*\357\344$\305\352|\252\313\311s\324"
  94      B2212AEF 
  94      E424C5EA 
  94      7CAACBC9 
  94      73D4
  95 0179 4C3F6F7A 		.ascii	"L?oz\362\030nu\201\224\221\365\334\265\201\231\360\246"
  95      F2186E75 
  95      819491F5 
  95      DCB58199 
  95      F0A6
  96 018b 247E70BE 		.ascii	"$~p\276\213d\224\251\033yy\251\375\267\220i\020q\015"
  96      8B6494A9 
  96      1B7979A9 
  96      FDB79069 
  96      10710D
  97 019e 9B78BF0E 		.ascii	"\233x\277\016S\346Q\333\373j\272\255D\317\322\242\374"
  97      53E651DB 
  97      FB6ABAAD 
  97      44CFD2A2 
  97      FC
  98 01af 44A5EBFB 		.ascii	"D\245\353\373\357\373\365\322\014w\262\276\376\221A"
  98      EFFBF5D2 
  98      0C77B2BE 
  98      FE9141
  99 01be 2B8B9335 		.ascii	"+\213\2235\034-[\316\206|-l)\247\025ct\242ar*d_\324"
  99      1C2D5BCE 
  99      867C2D6C 
  99      29A71563 
  99      74A26172 
 100 01d6 734774C6 		.ascii	"sGt\306\015dqBk&\350\207-\263\250\315nt\345c\363,/3"
 100      0D647142 
 100      6B26E887 
 100      2DB3A8CD 
 100      6E74E563 
 101 01ee 483E1A18 		.ascii	"H>\032\030\275\020^\205\316r\351zz\026\036\373\253\377"
 101      BD105E85 
 101      CE72E97A 
 101      7A161EFB 
 101      ABFF
 102 0200 76023CC8 		.ascii	"v\002<\310R[}\326Y\367\342h\001[@F\371q\223^\033Xf\357"
 102      525B7DD6 
 102      59F7E268 
 102      015B4046 
 102      F971935E 
 103 0218 BEFDE4CF 		.ascii	"\276\375\344\317\200\307\236]b4\200[.?\274]\236\033"
 103      80C79E5D 
 103      6234805B 
 103      2E3FBC5D 
 103      9E1B
 104 022a 3AD251C0 		.ascii	":\322Q\300Z\215\014\3173\274\006\203\354Ip\033\325\356"
 104      5A8D0CCF 
 104      33BC0683 
 104      EC49701B 
 104      D5EE
 105 023c BA531498 		.ascii	"\272S\024\230\276\246\202Z\205\271\311z\313k\313\310"
ARM GAS  /tmp/cc0hSFaM.s 			page 8


 105      BEA6825A 
 105      85B9C97A 
 105      CB6BCBC8 
 106 024c 1B3BE20E 		.ascii	"\033;\342\016\355\177\307\320A\014\271\244\206\036\372"
 106      ED7FC7D0 
 106      410CB9A4 
 106      861EFA
 107 025b 0E09E651 		.ascii	"\016\011\346Q\227\376:\345\363j)\257\\W\303\275+A=e"
 107      97FE3AE5 
 107      F36A29AF 
 107      5C57C3BD 
 107      2B413D65 
 108 026f 10C05DD6 		.ascii	"\020\300]\326!\343\304ahL\276\306_\311{\350\206\377"
 108      21E3C461 
 108      684CBEC6 
 108      5FC97BE8 
 108      86FF
 109 0281 A7BB079B 		.ascii	"\247\273\007\233\024\356(\346\262\031fa\210\2476\226"
 109      14EE28E6 
 109      B2196661 
 109      88A73696 
 110 0291 8D919ECA 		.ascii	"\215\221\236\3127\357\261\356\320\262y\325\012\203\216"
 110      37EFB1EE 
 110      D0B279D5 
 110      0A838E
 111 02a0 7051A3B4 		.ascii	"pQ\243\264P\276\241g\266\323\320\243\032o\256\300\337"
 111      50BEA167 
 111      B6D3D0A3 
 111      1A6FAEC0 
 111      DF
 112 02b1 277E4C1B 		.ascii	"'~L\033z\314\363]\023\336g\274\007\256\361\306i\274"
 112      7ACCF35D 
 112      13DE67BC 
 112      07AEF1C6 
 112      69BC
 113 02c3 05249FA5 		.ascii	"\005$\237\245\236\272*\345\355=\224V>\202\036rK\264"
 113      9EBA2AE5 
 113      ED3D9456 
 113      3E821E72 
 113      4BB4
 114 02d5 5A468565 		.ascii	"ZF\205e\2216:\325\274\336ST/w\211*R\036\343u\373\035"
 114      91363AD5 
 114      BCDE5354 
 114      2F77892A 
 114      521EE375 
 115 02eb 502AF5BA 		.ascii	"P*\365\272\255\204\377\014h\011\310\022).\266\275OE"
 115      AD84FF0C 
 115      6809C812 
 115      292EB6BD 
 115      4F45
 116 02fd DC8E25EC 		.ascii	"\334\216%\354x,jG\367\305J\367\356\217'bU\305Q1\022"
 116      782C6A47 
 116      F7C54AF7 
 116      EE8F2762 
 116      55C55131 
 117 0312 95AA3C51 		.ascii	"\225\252<Q\371A\036n\177y\364\300\301=\245\304\306\253"
 117      F9411E6E 
ARM GAS  /tmp/cc0hSFaM.s 			page 9


 117      7F79F4C0 
 117      C13DA5C4 
 117      C6AB
 118 0324 E2C5FBE4 		.ascii	"\342\305\373\344\303\274xeE,\021\267w\354\376\214\210"
 118      C3BC7865 
 118      452C11B7 
 118      77ECFE8C 
 118      88
 119 0335 6845AC94 		.ascii	"hE\254\224\220ue\361XD_;?\377b\367\227\321\255\221\315"
 119      907565F1 
 119      58445F3B 
 119      3FFF62F7 
 119      97D1AD91 
 120 034a DB0E95EC 		.ascii	"\333\016\225\354\022\177YiYE\254j\325\360'\273\344_"
 120      127F5969 
 120      5945AC6A 
 120      D5F027BB 
 120      E45F
 121 035c B87EAA86 		.ascii	"\270~\252\206"
 122              		.text
 123              		.section	.gnu.lto_ch_debug.edd3d566b44fc7c3,"",%progbits
 124 0000 789C2DCE 		.ascii	"x\234-\316MK\002Q\024\006\340y\275j\232\343G\020\321"
 124      4D4B0251 
 124      1406E079 
 124      BD6A9AE3 
 124      4710D1
 125 0013 628A7E42 		.ascii	"b\212~B\271r\331\017h\321O2\262\210\204 \320\215\214"
 125      B972D90F 
 125      68D14F32 
 125      B2888420 
 125      D08D8C
 126 0026 20B5A868 		.ascii	" \265\250h\221P~g\231\245Y\344\2420\250\235!\206\201"
 126      91507E67 
 126      99A559E4 
 126      A230A89D 
 126      218681
 127 0039 4E167D20 		.ascii	"N\026} \005u\216w\206\271\274<\274s\317\034\273\242"
 127      05758E77 
 127      86B9BC3C 
 127      BC73CF1C 
 127      BBA2
 128 004b 285F5014 		.ascii	"(_P\024z\207OD\340\255\036ky\302B\027\012f\210\007\335"
 128      7A874F44 
 128      E0AD1E6B 
 128      79C24217 
 128      0A668807 
 129 0060 DCC02DC9 		.ascii	"\334\300-\311m~y?ir\232\270\325\251_\331$\247\210\331"
 129      6D7E793F 
 129      69729AB8 
 129      D5A95FD9 
 129      24A788D9 
 130 0074 62CF2FA5 		.ascii	"b\317/\245\221\214P\273\351\222\234\344\301\277\361"
 130      918C50BB 
 130      E9929CE4 
 130      C1BFF1
 131 0083 8C53729C 		.ascii	"\214Sr\234x\327\277\211\233\255\217\370\323\211<BR%"
 131      78D7BF89 
ARM GAS  /tmp/cc0hSFaM.s 			page 10


 131      9BAD8FF8 
 131      D3893C42 
 131      5225
 132 0095 C60A1FD7 		.ascii	"\306\012\037\327\346`\0071\\IU\205d\215\327\270\015"
 132      E6600731 
 132      5C495585 
 132      648DD7B8 
 132      0D
 133 00a6 2575D356 		.ascii	"%u\323Vb=\362\272\310\002\226f\211\237\203u\303\374"
 133      623DF2BA 
 133      C8029666 
 133      899F8375 
 133      C3FC
 134 00b8 D304B191 		.ascii	"\323\004\261\221\351\356\016?\266\300\340\313\345\367"
 134      E9EE0E3F 
 134      B6C0E0CB 
 134      E5F7
 135 00c6 E48ECA16 		.ascii	"\344\216\312\026\020\304\376vkU\225\365\013\327\225"
 135      10C4FE76 
 135      6B5595F5 
 135      0BD795
 136 00d5 BFEF9257 		.ascii	"\277\357\222W\326\026\342\303s\273\350\222\365\023\327"
 136      D616E2C3 
 136      73BBE892 
 136      F513D7
 137 00e4 8D0DBDE9 		.ascii	"\215\015\275\351\220\356\2617W\366\356-\201tp-\021\234"
 137      90EEB137 
 137      57F6EE2D 
 137      8174702D 
 137      119C
 138 00f6 D7851573 		.ascii	"\327\205\025s\032\252\320\340\327P\241\270\240sN\247"
 138      1AAAD0E0 
 138      D750A1B8 
 138      A0734EA7 
 139 0106 4CE70C1A 		.ascii	"L\347\014\032_0r\371\005\371}\302\246\013[\224\266\274"
 139      5F3072F9 
 139      05F97DC2 
 139      A60B5B94 
 139      B6BC
 140 0118 44204ACB 		.ascii	"D J\313\037A\213\322\330\022\207\300)\207\025'\0346"
 140      1F418BD2 
 140      D81287C0 
 140      29871527 
 140      1C36
 141 012a 19761439 		.ascii	"\031v\0249Fp\314\341@\201\303\211<\307(r\034.d9T9\314"
 141      4670CCE1 
 141      4081C389 
 141      3CC72872 
 141      1C2E6439 
 142 0141 8D0C8707 		.ascii	"\215\014\207\007i\016/R\034>\331\215\341\220\026B\015"
 142      690E2F52 
 142      1C3ED98D 
 142      E1901642 
 142      0D
 143 0152 01E51F47 		.ascii	"\001\345\037GX\230\231"
 143      589899
 144              		.text
ARM GAS  /tmp/cc0hSFaM.s 			page 11


 145              		.section	.gnu.lto_.symbol_nodes.edd3d566b44fc7c3,"",%progbits
 146 0000 789C6363 		.ascii	"x\234cc``\010\000b\006\246\327\014\365\014\014\023\316"
 146      60600800 
 146      6206A6D7 
 146      0CF50C0C 
 146      13CE
 147 0012 3180A85D 		.ascii	"1\200\250]\015\216\014\014\254o\031\030\024@2o\030\352"
 147      0D8E0C0C 
 147      AC6F1918 
 147      1440326F 
 147      18EA
 148 0024 1951655E 		.ascii	"\031Qe^106*\001\245\030\3373\3243\201\245\030\030\032"
 148      3130362A 
 148      01A518DF 
 148      33D43381 
 148      A518181A 
 149 0038 1A1C1818 		.ascii	"\032\034\030\030\230\231X\030\236\264\275\221g\000\000"
 149      98995818 
 149      9EB4BD91 
 149      670000
 150 0047 14481313 		.ascii	"\024H\023\023"
 151              		.text
 152              		.section	.gnu.lto_.refs.edd3d566b44fc7c3,"",%progbits
 153 0000 789C6363 		.ascii	"x\234cc``\340\006bF bbdbbda\000\000\001n\000 "
 153      6060E006 
 153      62462062 
 153      62646262 
 153      64610000 
 154              		.text
 155              		.section	.gnu.lto_.decls.edd3d566b44fc7c3,"",%progbits
 156 0000 789CBD3B 		.ascii	"x\234\275;iTTiv\365\275\257\250*\212\002:j\372\330\023"
 156      69545469 
 156      76F5BDAF 
 156      A82A8A02 
 156      3A6AFAD8 
 157 0015 92E93874 		.ascii	"\222\3518t\017\311D\321\266\247\247'3\2313\223\236d"
 157      0FC944D1 
 157      B6A7A727 
 157      33993393 
 157      9E64
 158 0027 FA4C6726 		.ascii	"\372Lg&\347Lz\316\231sr\222\012]\226J7\333\024\205\255"
 158      E74C7ACE 
 158      99737292 
 158      0A5D964A 
 158      37DB1485 
 159 003c 937332C5 		.ascii	"\223s2\305\"\213\240\200\240\210K\213\002*n\200\242"
 159      228BA080 
 159      A0884B8B 
 159      022A6E80 
 159      A2
 160 004d 20FB2622 		.ascii	" \373&\"\010\202(\310\216h+\202\200,\262\267\344~K\325"
 160      088228C8 
 160      8E682B82 
 160      802CB2B7 
 160      E47E4BD5 
 161 0061 7B55BCB2 		.ascii	"{U\274\262\373G&u\274\274w\277w\277\273}\367\336oyO"
 161      FB472675 
ARM GAS  /tmp/cc0hSFaM.s 			page 12


 161      BCBC77BF 
 161      77BFBB7D 
 161      F7DE6F79 
 162 0076 9542A158 		.ascii	"\225B\241X\334\254P\244\251\025\2123H\241X\206\237\022"
 162      DCAC50A4 
 162      A9158A33 
 162      48A15886 
 162      9F12
 163 0088 DAAA0000 		.ascii	"\332\252\000\000U\374\222\374\201\037\006\210\203\373"
 163      55FC92FC 
 163      811F0688 
 163      83FB
 164 0096 BD00C900 		.ascii	"\275\000\311\000\002\340\263p}WP\330\375V\003\241\026"
 164      02E0B370 
 164      7D5750D8 
 164      FD5603A1 
 164      16
 165 00a7 AEAB00D6 		.ascii	"\256\253\000\326\360\376^p}\037\350~\0100\003x7\300"
 165      F0FE5E70 
 165      7D1FE87E 
 165      08300378 
 165      37C0
 166 00b9 47003AC4 		.ascii	"G\000:\304\370\216\301\365.\300.\000\027.\347\307@\373"
 166      F88EC1F5 
 166      2EC02E00 
 166      172EE7C7 
 166      40FB
 167 00cb 13809F02 		.ascii	"\023\200\237\002\374\243\300t\231E\366\262\376\002:"
 167      FCA3C074 
 167      9945F6B2 
 167      FE023A
 168 00da BB3B9145 		.ascii	"\273;\221E\370K\345} 0y?\207k\022\227\373?\210\311&"
 168      F84BE57D 
 168      2030793F 
 168      876B1297 
 168      FB3F88C9 
 169 00ef 72550A66 		.ascii	"rU\012f\233\243\\\253\255\037\011+\345\373+Y?\"\363"
 169      9BA35CAB 
 169      AD1F092B 
 169      E5FB2B59 
 169      3F22F3
 170 0102 6D72454C 		.ascii	"mrEL\217o\001\355f\201\351\3657p\365\006\370+\2007\001"
 170      8F6F01ED 
 170      6681E9F5 
 170      3770F506 
 170      F82B8037 
 171 0117 DE06F83B 		.ascii	"\336\006\370;\000/\200\365\000>\000\337\006\330\000"
 171      002F80F5 
 171      003E00DF 
 171      06D800
 172 0126 F01D80BF 		.ascii	"\360\035\200\277\004X\007\360\267\000\177\015\360]\200"
 172      045807F0 
 172      B7007F0D 
 172      F05D80
 173 0135 B71C7C6C 		.ascii	"\267\034|l\375\245b4z\314R\357\201\005D\356{*G*5\033"
 173      FDA56234 
 173      7ACC52EF 
ARM GAS  /tmp/cc0hSFaM.s 			page 13


 173      810544EE 
 173      7B2A472A 
 174 014b CE5BD84F 		.ascii	"\316[\330O\363K\005\272\214\260\225\2605*\357(\216\307"
 174      F34B05BA 
 174      8CB095B0 
 174      352AEF28 
 174      8EC7
 175 015d 68951629 		.ascii	"h\225\026)\001\235h:\374\320\003\3205Z\364&\240\205"
 175      019D683A 
 175      FCD003D0 
 175      355AF426 
 175      A085
 176 016f 63E70ADD 		.ascii	"c\347\012\335\331\323JB\035\023\271\320\241\304\337"
 176      D9D34A42 
 176      1D13B9D0 
 176      A1C4DF
 177 017e A36C7BEB 		.ascii	"\243l{\353s\316\221\236\337\325\"\022\034\236\320\224"
 177      73CE919E 
 177      DFD52212 
 177      1C9ED094 
 178 018e FBECDABC 		.ascii	"\373\354\332\274;k\"\024w\022'\263\324\370=r/\364w."
 178      3B6B2214 
 178      771227B3 
 178      D4F83D72 
 178      2FF4772E 
 179 01a2 F67820AD 		.ascii	"\366x \255O\254\305\022a\311\210\264\270~\250@W\221"
 179      4FACC512 
 179      61C988B4 
 179      B87EA840 
 179      5791
 180 01b4 17BA82BC 		.ascii	"\027\272\202\274\024\250\014\371\220>\005h\203\002\025"
 180      14A80CF9 
 180      903E0568 
 180      830215
 181 01c3 43E33568 		.ascii	"C\3435h<E\224\255\274}\350'\351\223\026\313\233\250"
 181      3C4594AD 
 181      BC7DE827 
 181      E99316CB 
 181      9BA8
 182 01d5 14695109 		.ascii	"\024iQ\011\302\224\006F\375\273Z\246~NV\362I\025\276"
 182      C2940646 
 182      FDBB5AA6 
 182      7E4E56F2 
 182      4915BE
 183 01e8 89A88C92 		.ascii	"\211\250\214\222#_^\027\234\311\250t*\243\243x]\335"
 183      235F5E17 
 183      9CC9A874 
 183      2AA3A378 
 183      5DDD
 184 01fa 6E8B4540 		.ascii	"n\213E@\025 \243\\\224\001\"\231\020K\352\342qw\334"
 184      1520A35C 
 184      94012299 
 184      104BEAE2 
 184      7177DC
 185 020d 4CBD298C 		.ascii	"L\275)\214G\036\311vjH\215S!\263]\033\323\027\210!\325"
 185      471EC976 
 185      6A488D53 
ARM GAS  /tmp/cc0hSFaM.s 			page 14


 185      21B35D1B 
 185      D3178821 
 186 0222 20A44A14 		.ascii	" \244J\024Ra\025r\346\361\321}:\346\352\367\311\240"
 186      52611572 
 186      E6F1D17D 
 186      3AE6EAF7 
 186      C9A0
 187 0234 8D1F8C56 		.ascii	"\215\037\214V\341XL\035y\270d\272\301\205=\323\000:"
 187      E1584C1D 
 187      79B864BA 
 187      C1853DD3 
 187      003A
 188 0246 5F347254 		.ascii	"_4rT\205\367\263g\015\203\251\275\002Ng\210u\274\326"
 188      85F7B367 
 188      0D83A9BD 
 188      024E6788 
 188      75BCD6
 189 0259 F0F13AB6 		.ascii	"\360\361:\266Xp\335\015\237`\017/M\307\277\201s\330"
 189      5870DD0D 
 189      9F600F2F 
 189      4DC7BF81 
 189      73D8
 190 026b 7DEDC3B6 		.ascii	"}\355\303\266z\027\234\307\220\370\313Q'\224\270\212"
 190      7A179CC7 
 190      90F8CB51 
 190      2794B88A 
 191 027b 21C5074A 		.ascii	"!\305\007JG5\270\236!U_u\036\325\342\373\014\271\363"
 191      4735B89E 
 191      21555F75 
 191      1ED5E2FB 
 191      0CB9F3
 192 028e FCD63137 		.ascii	"\374\32617\246\305k\200^}|\263N\313dY\020\340K\331\267"
 192      A6C56B80 
 192      5E7D7CB3 
 192      4ECB6459 
 192      10E04BD9 
 193 02a3 EF6BF000 		.ascii	"\357k\360\000\243MH\262\334p\303O\031R\227\030\225\240"
 193      A34D48B2 
 193      DC70C34F 
 193      19529718 
 193      95A0
 194 02b5 C5D31411 		.ascii	"\305\323\024\021^\264>KW9\363_\273S\377-\274\001\241"
 194      5EB43E4B 
 194      5739F35F 
 194      BB53FF2D 
 194      BC01A1
 195 02c8 8BEE81F3 		.ascii	"\213\356\201\363\356\3128\257\244\260\264\216;h#\021"
 195      EECA38AF 
 195      A4B0B48E 
 195      3B682311 
 196 02d8 38F0D5A4 		.ascii	"8\360\325\244'\266(\251\364\335{/\244\021=U,N\325\320"
 196      27B628A9 
 196      F4DD7B2F 
 196      A4113D55 
 196      2C4ED5D0 
 197 02ec F4E8F9C2 		.ascii	"\364\350\371\302U%k\"\314w\022O\245\367\344{\340h\332"
 197      55256B22 
ARM GAS  /tmp/cc0hSFaM.s 			page 15


 197      CC77124F 
 197      A5F7E47B 
 197      E068DA
 198 02ff 45286F2B 		.ascii	"E(o+\212rG>Zk\014\276\227\376\234\014]/H\357\026\245"
 198      8A72473E 
 198      5A6B0CBE 
 198      97FE9C0C 
 198      5D2F48EF 
 199 0315 AB88F058 		.ascii	"\253\210\360XB\342hF\017\230\241\342ftAc'4\202\214\311"
 199      42E26846 
 199      0F98A1E2 
 199      66744163 
 199      2734828C 
 200 032a F9E7054A 		.ascii	"\371\347\005J\234\304d\\NY:\344a\223\321Q\374\316\025"
 200      9CC4645C 
 200      4E593AE4 
 200      6193D151 
 200      FCCE15
 201 033d 1A830320 		.ascii	"\032\203\003 \243O\224\321\213\234\012\351\227\027\322"
 201      A34F94D1 
 201      8B9C0AE9 
 201      9717D2
 202 034c 91D0D6AD 		.ascii	"\221\320\326\255\302\207\230\220\302\306\236El\0232"
 202      C2879890 
 202      C2C69E45 
 202      6C1332
 203 035b DBF52E8B 		.ascii	"\333\365.\213\301\207 \344\201(d\300\271\220Ay!G\246"
 203      C18720E4 
 203      812864C0 
 203      B9904179 
 203      2147A6
 204 036e 7A9FBA32 		.ascii	"z\237\2722\177\373\000\2328\225\334\341\202\277`\376"
 204      7FFB009A 
 204      3895DCE1 
 204      82BF60FE 
 205 037e 3E9678EF 		.ascii	">\226x\357*\3069\014\211;\037W\347\201/3\344dE\3113"
 205      2AC6390C 
 205      893B1F57 
 205      E7812F33 
 205      E46445C9 
 206 0393 35AE6188 		.ascii	"5\256a\210\265\322\254b\225f\242=\342\241\026\337a\317"
 206      B5D2AC62 
 206      9566A23D 
 206      E2A116DF 
 206      61CF
 207 03a5 1EF4DCC8 		.ascii	"\036\364\334\310\363\300\355\014)\231=R\342\211{\031"
 207      F3C0ED0C 
 207      29993D52 
 207      E2897B19 
 208 03b5 D2F47079 		.ascii	"\322\364pyR\213\0371\2445\374\004\204\352\010\357cY"
 208      528B1F31 
 208      A435FC04 
 208      84EA08EF 
 208      6359
 209 03c7 4CD7E109 		.ascii	"L\327\341\011f\367\221\352\223\227\005\233\335\015\337"
 209      66F791EA 
 209      9397059B 
ARM GAS  /tmp/cc0hSFaM.s 			page 16


 209      DD0DDF
 210 03d6 22B13301 		.ascii	"\"\2613\001F\217\177#\243\237\313\033\335<\261g\311"
 210      468F7F23 
 210      A39FCB1B 
 210      DD3CB167 
 210      C9
 211 03e7 13CF3271 		.ascii	"\023\3172q\361\007FOy\340e\206,\016\245v\"f\213\016"
 211      F107464F 
 211      79E06586 
 211      2C0EA576 
 211      22668B0E 
 212 03fb D08892CE 		.ascii	"\320\210\222\316dO\226\031\0034\376ogLip\202\013\245"
 212      644F9619 
 212      0334FE6F 
 212      674C6970 
 212      820BA5
 213 040e BD96BC1F 		.ascii	"\275\226\274\037\224\336\317\220\276C\361%n8\233!\345"
 213      94DECF90 
 213      BE43F125 
 213      6E389B21 
 213      E5
 214 041f 899345AE 		.ascii	"\211\223E\256\370<Cb\346\006\363<\361\025\206<\233<"
 214      F83C4362 
 214      E606F33C 
 214      F115863C 
 214      9B3C
 215 0431 30A8C1A5 		.ascii	"0\250\301\245\014I\274\322\015j\324PD\330}\373\352S"
 215      0C49BCD2 
 215      0D6AD450 
 215      44D87DFB 
 215      EA53
 216 0443 A725EFA5 		.ascii	"\247%\357\245\323l\032\277\206G\356\222H\370\012\234"
 216      D36C1ABF 
 216      8647EE92 
 216      48F80A9C 
 217 0453 B2249350 		.ascii	"\262$\223PW\032N7\251\264\3005\362\033q\225\244\340"
 217      571A4E37 
 217      A9B4C035 
 217      F21B7195 
 217      A4E0
 218 0465 1A968263 		.ascii	"\032\226\202cQ_\016\360b\261\026\320\314\2735\223.x"
 218      515F0EF0 
 218      62B116D0 
 218      CCBB3593 
 218      2E78
 219 0477 925990BB 		.ascii	"\222Y\220\273\373Q\216\006\236yAF\"\311\264\341\305"
 219      FB518E06 
 219      9E794146 
 219      22C9B4E1 
 219      C5
 220 0488 A68D82CA 		.ascii	"\246\215\202\312\251\013J<\317\014\314\277\360\350S"
 220      A90B4A3C 
 220      CF0CCCBF 
 220      F0E853
 221 0497 49266ED8 		.ascii	"I&n\330\035C\262$F\320\242\335\202Mm/>\224\021\026K"
 221      1D43B224 
 221      46D0A2DD 
ARM GAS  /tmp/cc0hSFaM.s 			page 17


 221      824D6D2F 
 221      3E941116 
 222 04ac A605AF55 		.ascii	"\246\005\257U\240\315^h#\250\032-\370\020\246T\325("
 222      A0CD5E68 
 222      23A81A2D 
 222      F810A654 
 222      D528
 223 04be C10B450A 		.ascii	"\301\013E\012T\325\234\343gj\335q\244\212\012\350\273"
 223      54D59CE3 
 223      676ADD71 
 223      A48A0AE8 
 223      BB
 224 04cf 30DE8C25 		.ascii	"0\336\214%y\270\3562\315\303= !V\224\000\002\345E\304"
 224      79B8EE32 
 224      CDC33D20 
 224      21569400 
 224      02E545C4 
 225 04e3 C98B8848 		.ascii	"\311\213\210Hi;\357\212\343\231\210\210\353I\255j\353"
 225      693BEF8A 
 225      E3998888 
 225      EB49AD6A 
 225      EB
 226 04f4 20D977DF 		.ascii	" \331w\337+\323\335\232\254>,Y\023@\223xQ\223=\002\037"
 226      2BD3DD9A 
 226      AC3E2C59 
 226      13409378 
 226      51933D02 
 227 0509 226B0EAE 		.ascii	"\"k\016\256a9X{\346Z\237;NQ\261\350Lx\231\213\361\021"
 227      6139587B 
 227      E65A9F3B 
 227      4E51B1E8 
 227      4C78998B 
 228 051f 267E74DF 		.ascii	"&~t\337\231B\225\274\370\375N\305W\323z\233\014\262"
 228      994295BC 
 228      F8FD4EC5 
 228      57D37A9B 
 228      0CB2
 229 0531 93646497 		.ascii	"\223dd\227EO\206\340L&+\253&\267U\215\3171Y\235/\032"
 229      454F86E0 
 229      4C262BAB 
 229      26B7558D 
 229      CF31599D 
 230 0547 53248947 		.ascii	"S$\211G\231\034\004&\251\216Ld\2249 \357\312\343e\255"
 230      991C0426 
 230      A98E4C64 
 230      943920EF 
 230      CAE365AD 
 231 055b 394A5CC0 		.ascii	"9J\\\300\204\335\233+[\320\341\022\212(\317G\236}\256"
 231      84DD9B2B 
 231      5BD0E112 
 231      8A28CF47 
 231      9E7DAE
 232 056e 443E5E08 		.ascii	"D>^\010\242\0201\221d\201\243@GA\342!\001[\327C\207"
 232      A2103191 
 232      6481A340 
 232      4741E221 
 232      015BD743 
ARM GAS  /tmp/cc0hSFaM.s 			page 18


 233 0583 2D20EDF9 		.ascii	"- \355\371\037I3\334k\350UF~:\310'\217\024\350\010H"
 233      1F4933DC 
 233      6BE85546 
 233      7E3AC827 
 233      8F14E808 
 234 0598 3FCCA4E7 		.ascii	"?\314\244\347\037\255\237w\325r\352\330\257\243~0\267"
 234      1FAD9F77 
 234      D572EAD8 
 234      AFA37E30 
 234      B7
 235 05a9 5CABD3ED 		.ascii	"\\\253\323\355\261%#:\006\232X3G\201\276\020t|\331u"
 235      B125233A 
 235      069A5833 
 235      4781BE10 
 235      747CD975 
 236 05bd FCFEB53E 		.ascii	"\374\376\265>%\256dF=\264\324\264\011\270\236!\0272"
 236      25AE6446 
 236      3DB4D4B4 
 236      09B89E21 
 236      1732
 237 05cf FBB25D71 		.ascii	"\373\262]q\013C\312\272\366\017\271\343v\206\364]|Y"
 237      0B43CABA 
 237      F60FB9E3 
 237      7686F45D 
 237      7C59
 238 05e1 AAC25D0C 		.ascii	"\252\302]\0149\3363qA\215{\231\327\333\227\207\206\240"
 238      39DE3371 
 238      418D7B99 
 238      D7DB9787 
 238      86A0
 239 05f3 F4F84804 		.ascii	"\364\370H\004\377\327\353b\306\236\002U\365:\356\177"
 239      FFD7EB62 
 239      C69E0255 
 239      F53AEE7F 
 240 0603 1E5D3D38 		.ascii	"\036]=8\361\011\244\222\022e\013:\224%\216\216^\307"
 240      F109A492 
 240      12650B3A 
 240      94258E8E 
 240      5EC7
 241 0615 141C88A8 		.ascii	"\024\034\210\250k\323\34085\253\325cw\227\334\361^\206"
 241      6BD3E038 
 241      35ABD563 
 241      7797DCF1 
 241      5E86
 242 0627 58E6CBBB 		.ascii	"X\346\313\273T8\231!\335\007\346\006\\q*C\352\357\305"
 242      54389921 
 242      DD07E606 
 242      5C712A43 
 242      EAEFC5
 243 063a 5728711A 		.ascii	"W(q\032CN7\016X\\\360a\206\224\356i\\\322\340c\0149"
 243      434E370E 
 243      585CF061 
 243      8694EE69 
 243      5CD2E063 
 244 0650 5C1C13A1 		.ascii	"\\\034\023\241\305\031\0149\267<\225\250\303\231\014"
 244      C5190C39 
 244      B73C95A8 
ARM GAS  /tmp/cc0hSFaM.s 			page 19


 244      C3990C
 245 065f 992B6D3D 		.ascii	"\231+m=)\260\242\341\015\350\331\312\370z\314\"<CH\305"
 245      29B0A2E1 
 245      0DE8D9CA 
 245      F87ACC22 
 245      3C4348C5 
 246 0673 6EB776DF 		.ascii	"n\267v\337\212\321 o\366[\355\343\355}\222\330[9S\272"
 246      8AD1206F 
 246      F65BEDE3 
 246      ED7D92D8 
 246      5B3953BA 
 247 0687 2A33D252 		.ascii	"*3\322R\277\221\232r\032L\271&\254\026\215\017\027\210"
 247      BF919A72 
 247      1A4CB926 
 247      AC168D0F 
 247      1788
 248 0699 E7AF12FF 		.ascii	"\347\257\022\377+\030\375\302\217\016[*\2430%\277\350"
 248      2B18FDC2 
 248      8F0E5B2A 
 248      A33025BF 
 248      E8
 249 06aa 48EE4BA8 		.ascii	"H\356K\2507\211\304\325?\026\211/\310\022KY\337\221"
 249      3789C4D5 
 249      3F16892F 
 249      C8124B59 
 249      DF91
 250 06bc 509F73A4 		.ascii	"P\237s\244\256C\216\344\203\022\362\034G\362\226\025"
 250      AE438EE4 
 250      8312F21C 
 250      47F29615 
 251 06cc E40B12F2 		.ascii	"\344\013\022\362LG\362\247\310A\363a\011\365\031y\257"
 251      4C47F2A7 
 251      C841F361 
 251      09F51979 
 251      AF
 252 06dd 50EA6412 		.ascii	"P\352d\022\020I\000H\251@\371\020\313y\360\014\345\362"
 252      10490048 
 252      A940F910 
 252      CB79F00C 
 252      E5F2
 253 06ef 1E1016A8 		.ascii	"\036\020\026\250\030\342\347\262\340\215\012\000J\001"
 253      18E2E7B2 
 253      E08D0A00 
 253      4A01
 254 06fd AE009400 		.ascii	"\256\000\224\000\\\005(\002\270\004P(x\323\\c\3415S"
 254      5C052802 
 254      B8045028 
 254      78D35C63 
 254      E13553
 255 0710 F25A3830 		.ascii	"\362Z80$\034\024<\262\0246\305\372\244\343uV\336l\211"
 255      241C143C 
 255      B21436C5 
 255      FAA4E375 
 255      56DE6C89 
 256 0724 1D0D123B 		.ascii	"\035\015\022;\316\313\373\224R\223\245\307\340\350\230"
 256      CECBFB94 
 256      5293A5C7 
ARM GAS  /tmp/cc0hSFaM.s 			page 20


 256      E0E898
 257 0733 8B34FDA4 		.ascii	"\2134\375\244\264\260\315\260\245_\341\362\360s\027"
 257      B4B0CDB0 
 257      A55FE1F2 
 257      F07317
 258 0742 9C4BA30E 		.ascii	"\234K\243\016\347\217\\9\343\211V{\373$\363\305\000"
 258      E78F5C39 
 258      E389567B 
 258      FB24F3C5 
 258      00
 259 0753 F5844D44 		.ascii	"\365\204MD9\310\254\340\236\250\002OTrK\231v\315\345"
 259      39C8ACE0 
 259      9EA8024F 
 259      54724B99 
 259      76CDE5
 260 0766 6B9831C0 		.ascii	"k\2301\300\034\235\344\2442\321\304\374RW\316\374Ra"
 260      1C9DE4A4 
 260      32D1C4FC 
 260      5257CEFC 
 260      5261
 261 0778 EF1732AB 		.ascii	"\357\0272\253\367T\015\013\270\220\345\301\310\343s"
 261      F7540D0B 
 261      B890E5C1 
 261      C8E373
 262 0787 ED022E67 		.ascii	"\355\002.gH\374\365+u|\207VOW\023\0172\017\363\272_"
 262      48FCF52B 
 262      757C8756 
 262      4F57130F 
 262      320FF3BA 
 263 079c 49B66C75 		.ascii	"I\266lu\255\313\345\256\270\236\021_^\316\211\306\270"
 263      ADCBE5AE 
 263      B89E115F 
 263      5ECE89C6 
 263      B8
 264 07ad 8522FF30 		.ascii	"\205\"\3770\025\377$\315\035\014\323\255\366^\355M\376"
 264      15FF24CD 
 264      1D0CD3AD 
 264      F65EED4D 
 264      FE
 265 07be C23F6F72 		.ascii	"\302?or\357\003?\226C>\336k\274\351#o\037o"
 265      EF033F96 
 265      433EDE6B 
 265      BCE9236F 
 265      1F6F
 266 07d0 9D8E34FA 		.ascii	"\235\2164\372x\213?\037'.y\002+\206z\356\222G\340\222"
 266      788B3F1F 
 266      272E7902 
 266      2B867AEE 
 266      9247E092 
 267 07e4 9B762EB9 		.ascii	"\233v.\271\275\210\237^\337\267\327\222Q\215P\003x\245"
 267      BD889F5E 
 267      DFB7D792 
 267      518D5003 
 267      78A5
 268 07f6 9153CB78 		.ascii	"\221S\313xE2T\215vCE\3721\377\330\205\347u\010\317Z"
 268      4532548D 
 268      764345FA 
ARM GAS  /tmp/cc0hSFaM.s 			page 21


 268      31FFD885 
 268      E77508CF 
 269 080b 129E51D8 		.ascii	"\022\236Q\330\0075q\015\"\341>\002{\243p\000\013\300"
 269      0735710D 
 269      22E13E02 
 269      7BA37000 
 269      0BC0
 270 081d 3284E34B 		.ascii	"2\204\343K\200\257\000\226\000\026\001\026\000\346\001"
 270      80AF0096 
 270      00160116 
 270      00E601
 271 082c E6001E03 		.ascii	"\346\000\036\003\014\002<\000\030\000\350\007\270\015"
 271      0C023C00 
 271      1800E807 
 271      B80D
 272 083a D00C70CB 		.ascii	"\320\014p\313\316\222\352\177g\241\007\305\263\016\206"
 272      CE92EA7F 
 272      67A107C5 
 272      B30E86
 273 0849 B6496A44 		.ascii	"\266IjD\241$=\345u\254\341]\376\264:6w\361l\"\033\313"
 273      A1243DE5 
 273      75ACE15D 
 273      FEB43A36 
 273      77F16C22 
 274 085f 2224ABA5 		.ascii	"\"$\253\245$\233\306:y\274\266\200\207\257;\222\327"
 274      249BC63A 
 274      79BCB680 
 274      87AF3B92 
 274      D7
 275 0870 4A8C928C 		.ascii	"J\214\222\214M\253\335\330\264\2604\2623\272\025\236"
 275      4DABDDD8 
 275      B4B034B2 
 275      33BA159E 
 276 0880 92CC4577 		.ascii	"\222\314Ew\200e+7\272\027B\243\035\024\276\007p\307"
 276      80652B37 
 276      BA1742A3 
 276      1D14BE07 
 276      70C7
 277 0892 4EE9B665 		.ascii	"N\351\266e\374\262\300b\211S\2416P\343\006\357#[)%j"
 277      FCB2C062 
 277      8953A136 
 277      50E306EF 
 277      235B2925 
 278 08a7 DCB553A3 		.ascii	"\334\265S\243\355Uj\364\201\350\257Wc\3604\266d\255"
 278      ED556AF4 
 278      81E8AF57 
 278      63F034B6 
 278      64AD
 279 08b9 A5C1562F 		.ascii	"\245\301V/\257\203\325s\220\273\355i\352p\032\015\035"
 279      AF83D573 
 279      90BBED69 
 279      EA701A0D 
 279      1D
 280 08ca 40D6C0C9 		.ascii	"@\326\300\311o\002y\235}L\333)d{\336\003Jtr\205\272"
 280      6F02799D 
 280      7D4CDB29 
 280      647BDE03 
ARM GAS  /tmp/cc0hSFaM.s 			page 22


 280      4A747285 
 281 08df E1BE0B94 		.ascii	"\341\276\013\224\271\357\2306\363\322\264i\002\021\235"
 281      B9EF9836 
 281      F3D2B469 
 281      02119D
 282 08ee 4E661B79 		.ascii	"Nf\033y\031\267x\017\3472\252}Y@[\323r%\177I\261zy\221"
 282      19B7780F 
 282      E732AA7D 
 282      59405BD3 
 282      72257F49 
 283 0906 15AB4EFB 		.ascii	"\025\253N\373be\333A\234\311\334O\026\020\304\035\315"
 283      6265DB41 
 283      9CC9DC4F 
 283      1610C41D 
 283      CD
 284 0917 E2168250 		.ascii	"\342\026\202P[\211:\226\361|\036Y\303\266\312\261x|"
 284      5B893A96 
 284      F17C1E59 
 284      C3B6CAB1 
 284      787C
 285 0929 504D9687 		.ascii	"PM\226\207dTo\213\375[i\177\246n\343\"\336\327\030m"
 285      64546F8B 
 285      FD5B697F 
 285      A66EE322 
 285      DED7186D 
 286 093d 49F2A31B 		.ascii	"I\362\243\033\3776\371h\225\014Q\365\357\230yd\177{"
 286      FF36F968 
 286      950C51F5 
 286      EF987964 
 286      7F7B
 287 094f DF91BAC3 		.ascii	"\337\221\272\303~>\005\362\301\177\025\007\364KNns\346"
 287      7E3E05F2 
 287      C17F1507 
 287      F44B4E6E 
 287      73E6
 288 0961 A315E493 		.ascii	"\243\025\344\223\277\346\334\201\354\261#\367G\310>"
 288      BFE6DC81 
 288      ECB123F7 
 288      47C83E
 289 0970 0056D4CC 		.ascii	"\000V\324\314/a@\344j&\237\030\270\257\353\235\370:"
 289      2F6140E4 
 289      6A269F18 
 289      B8AFEB9D 
 289      F83A
 290 0982 3D92FA9A 		.ascii	"=\222\372\232\210\036\022}Uo\365\225\205U\335\034\036"
 290      881E127D 
 290      556FF595 
 290      8555DD1C 
 290      1E
 291 0993 3E4F8435 		.ascii	">O\2045h\330Q\303\247\022\203\366\313\251\250\240\375"
 291      68D851C3 
 291      A71283F6 
 291      CBA9A8A0 
 291      FD
 292 09a4 887EB3A0 		.ascii	"\210~\263\240\337\014\004\317\013\200i\200\347\000\303"
 292      DF0C04CF 
 292      0B806980 
ARM GAS  /tmp/cc0hSFaM.s 			page 23


 292      E700C3
 293 09b3 004F0186 		.ascii	"\000O\001\206\354\002j\341W\314'd|F@\"\341\340t-\365"
 293      EC026AE1 
 293      57CC2764 
 293      7C464022 
 293      E1E0742D 
 294 09c8 F296A4F6 		.ascii	"\362\226\244\366<\373:\352\311\217\030\353\021 \036"
 294      3CFB3AEA 
 294      C98F18EB 
 294      11201E
 295 09d7 754E2CA9 		.ascii	"uN,\251\017\317\354\352\303\210L}x\001O\247I\377)`\370"
 295      0FCFECEA 
 295      C3884C7D 
 295      78014FA7 
 295      49FF2960 
 296 09ec 8C8FC638 		.ascii	"\214\217\3068X;\006\226\215\212\226\221\330\215w\031"
 296      583B0696 
 296      8D8A9691 
 296      D88D7719 
 297 09fc 9F1CB258 		.ascii	"\237\034\262X\366\353\350\311\301\030\357\340\274>\014"
 297      F6EBE8C9 
 297      C118EFE0 
 297      BC3E0C
 298 0a0b BF4E6A09 		.ascii	"\277Nj\011\211\245IN+S\034x\344G\273\220\310\177&\267"
 298      89A5494E 
 298      2B531C78 
 298      E447BB90 
 298      C87F26B7 
 299 0a1f 3A8271BC 		.ascii	":\202q\274x\223\217\343\004\230>\363\215L\237\004J\321"
 299      78938FE3 
 299      04983EF3 
 299      8D4C9F04 
 299      4AD1
 300 0a31 F40966BA 		.ascii	"\364\011f\272\223\331\025M\201\301\342\004k\213\261"
 300      93D9154D 
 300      81C1E204 
 300      6B8BB1
 301 0a40 84C87812 		.ascii	"\204\310x\022c\204\325\254\030c\015\224\227M\267\343"
 301      6384D5AC 
 301      18630D94 
 301      974DB7E3 
 302 0a50 56DD604E 		.ascii	"V\335`N\234{\345\020\222\250\276\311\347&\222\220\363"
 302      9C7BE510 
 302      92A8BEC9 
 302      E7269290 
 302      F3
 303 0a61 5F47DDF0 		.ascii	"_G\335\360\241\230\275\013\316\211\231\276\355\025*"
 303      A198BD0B 
 303      CE8999BE 
 303      ED152A
 304 0a70 E242A0B1 		.ascii	"\342B\240\261waT$,0\313\271\330e\340\264(\237\007\322"
 304      77615424 
 304      2C30CBB9 
 304      D865E0B4 
 304      289F07D2 
 305 0a84 40FBF121 		.ascii	"@\373\361!Ke8\246\033\355\010>g\363M\036[&[\004\351"
 305      4B6538A6 
ARM GAS  /tmp/cc0hSFaM.s 			page 24


 305      1BED083E 
 305      67F34D1E 
 305      5B265B04 
 306 0a99 6A941193 		.ascii	"j\224\021\223\235q\242\034\361>\011\361\360\217\030"
 306      9D71A21C 
 306      F13E09F1 
 306      F08F18
 307 0aa8 31D901A7 		.ascii	"1\331\001\247\310\021KW\367\355\305<;`\227\210\322\034"
 307      C8114B57 
 307      F7EDC53C 
 307      3B609788 
 307      D21C
 308 0aba 971B9205 		.ascii	"\227\033\222\005;#\357\372\241X\312\217;R\257\334;\334"
 308      3B23EFFA 
 308      A158CA8F 
 308      3B52AFDC 
 308      3BDC
 309 0acc 919067C8 		.ascii	"\221\220g\310\223K\007\356\032\367 Y\315\236p$_\271"
 309      934B07EE 
 309      1AF72059 
 309      CD9E7024 
 309      5FB9
 310 0ade 9159789F 		.ascii	"\221Yx\237q'k\220jyr\351\032\244\210[j\235\346\232\234"
 310      71276B90 
 310      6A7972E9 
 310      1AA4885B 
 310      6A9DE69A 
 311 0af3 4C73DCD2 		.ascii	"Ls\334\322\367\355'\255\225\324\322\270(b\205\264\311"
 311      F7ED27AD 
 311      95D4D2B8 
 311      286285B4 
 311      C9
 312 0b04 49215D9E 		.ascii	"I!]\236&\363\021I\207\033\342\246\267\211\326Q\"\200"
 312      26F31149 
 312      871BE2A6 
 312      B789D651 
 312      2280
 313 0b16 1C805795 		.ascii	"\034\200W\225U\270\365\243^D\336.\275F{#\304\376\302"
 313      55B8F5A3 
 313      5E44DE2E 
 313      BD467B23 
 313      C4FEC2
 314 0b29 9500C597 		.ascii	"\225\000\305\227\255?\304\332\241U`\027NJ\020k\027d"
 314      AD3FC4DA 
 314      A1556017 
 314      4E4A106B 
 314      1764
 315 0b3b 6B11380F 		.ascii	"k\0218\017\301\312\227\376\343\014\220\224+{\316\304"
 315      C1CA97FE 
 315      E30C9094 
 315      2B7BCEC4 
 316 0b4b 597F0A46 		.ascii	"Y\177\012F\317\364\021\373\261&A\024&\351\262BW\205"
 316      CFF411FB 
 316      B1264114 
 316      26E9B242 
 316      5785
 317 0b5d EDB14D29 		.ascii	"\355\261M)\321HzO\266\345iEG\334\006P\037\340\337V("
ARM GAS  /tmp/cc0hSFaM.s 			page 25


 317      D1487A4F 
 317      B6E56945 
 317      47DC0650 
 317      1FE0DF56 
 318 0b72 2C9A40DA 		.ascii	",\232@\332\372\342JU\276\012\027k\350V#\347F\321\202"
 318      FAE24A55 
 318      BE0A176B 
 318      E85623E7 
 318      46D182
 319 0b85 66ED413E 		.ascii	"f\355A>\223\274\246\244\343#\326 rV\242@AJ\306oo\372"
 319      93BCA6A4 
 319      E323D620 
 319      7256A240 
 319      414AC66F 
 320 0b9b CD51D5BA 		.ascii	"\315Q\325\272\014K\306\200\245\262?\335%\376\313h\250"
 320      0C4BC680 
 320      A5B23FDD 
 320      25FECB68 
 320      A8
 321 0bac 22C24F09 		.ascii	"\"\302O\011\025\212\301\3421\033\306\3607\032\017 \264"
 321      158AC1E2 
 321      311BC6F0 
 321      371A0F20 
 321      B4
 322 0bbd 1BF7836A 		.ascii	"\033\367\203jqx\035\364\376\"c \312\025?cr\307\236\316"
 322      71781DF4 
 322      FE226320 
 322      CA153F63 
 322      72C79ECE 
 323 0bd1 C7A89402 		.ascii	"\307\250\224\002\337$\200\000\362F$6-\300\271*\011T"
 323      DF248000 
 323      F2462436 
 323      2DC0B92A 
 323      0954
 324 0be3 9578CC75 		.ascii	"\225x\314uy\031\333\320\346\311u\351\372\036\211-\013"
 324      7919DBD0 
 324      E6C975E9 
 324      FA1E892D 
 324      0B
 325 0bf4 39F1032A 		.ascii	"9\361\003*\264GTe\217\243*{\251*\213q\017\346ux\311"
 325      B4475465 
 325      8FA32A7B 
 325      A92A8B71 
 325      0FE67578 
 326 0c09 B92A7373 		.ascii	"\271*ss\223;\244\252H\016b\024(\211j\222h\325\344vN"
 326      933BA4AA 
 326      480E6214 
 326      28896A92 
 326      68D5E476 
 327 0c1e D2900B68 		.ascii	"\322\220\013h2@\346\357\034\227#\221\340\225\023\002"
 327      3240E6EF 
 327      1C972391 
 327      E0951302 
 328 0c2e 2543FB44 		.ascii	"%C\373DU\366av\224\205\222\251\012\035\323\263\325Z"
 328      55F66176 
 328      948592A9 
 328      0A1DD3B3 
ARM GAS  /tmp/cc0hSFaM.s 			page 26


 328      D55A
 329 0c40 7CC1959D 		.ascii	"|\301\225\235\003%\025G\3617t\365\002\340\235m]%\326"
 329      03251547 
 329      F13774F5 
 329      02E09D6D 
 329      5D25D6
 330 0c53 DDE11AC0 		.ascii	"\335\341\032\300c\037\304\264i\331\3639\372\326.\245"
 330      631FC4B4 
 330      69D9F339 
 330      FAD62EA5 
 331 0c63 EA988AE1 		.ascii	"\352\230\212\341-\344\3545\271\373F\002?\253\266\270"
 331      2DE4EC35 
 331      B9FB4602 
 331      3FABB6B8 
 332 0c73 037EF071 		.ascii	"\003~\360q\323\244+\316c\314\307\037Dfy\342\022\206"
 332      D3A42BCE 
 332      63CCC71F 
 332      446679E2 
 332      1286
 333 0c85 6434C636 		.ascii	"d4\3066\273\342\012\206\344%\205\207c|\233!\221\021"
 333      BBE20A86 
 333      E4258587 
 333      637C9B21 
 333      9111
 334 0c97 59F704B2 		.ascii	"Y\367\004\262\355\216|\365\251\027\276\237_\220\345"
 334      ED8E7CF5 
 334      A917BE9F 
 334      5F90E5
 335 0ca6 8160DBC9 		.ascii	"\201`\333\311\3524L']{S\330tr\024\353\320\0210\371\013"
 335      EA344C27 
 335      5D7B53D8 
 335      747214EB 
 335      D01130F9 
 336 0cbb 2C9BDCF2 		.ascii	",\233\334\362k\252\303\274\003\231\305\217\303\016\353"
 336      6BAAC3BC 
 336      0399C58F 
 336      C30EEB
 337 0cca 1896AEA9 		.ascii	"\030\226\256\251\332\237\261R\000\024\016\233\355\007"
 337      DA9FB152 
 337      00140E9B 
 337      ED07
 338 0cd8 712F7295 		.ascii	"q/r\225\270\223j/\224\326\355\273\353\206|V\333JD7["
 338      B8936A2F 
 338      94D6EDBB 
 338      EB867C56 
 338      DB4A4437 
 339 0ced 6B9D04C6 		.ascii	"k\235\004\306\031\342 \020.\316\3648\001\262\345\364"
 339      19E22010 
 339      2ECEF438 
 339      01B2E5F4 
 340 0cfd 209179E8 		.ascii	" \221y\350i\234;\036b\216\212\351\252\252s\307\343\014"
 340      699C3B1E 
 340      628E8AE9 
 340      AAAA73C7 
 340      E30C
 341 0d0f 79903008 		.ascii	"y\2200\010\273\2109\206$Ud\224\251\261\205\035\200_"
 341      BB883986 
ARM GAS  /tmp/cc0hSFaM.s 			page 27


 341      24556494 
 341      A9B1851D 
 341      805F
 342 0d21 3CBF98A7 		.ascii	"<\277\230\247\245a\245\267F\325\361C5\021\236N\303\352"
 342      A561A5B7 
 342      46D5F143 
 342      35119E4E 
 342      C3EA
 343 0d33 0C0DABD3 		.ascii	"\014\015\253\323\326\260Zn\271\363\314\356\024\022\236"
 343      D6B05A6E 
 343      B9F3CCEE 
 343      14129E
 344 0d42 4BA873B0 		.ascii	"K\250s\260u\352'\257\035\013S\317\271\341X*X\030\236"
 344      75EA27AF 
 344      1D0B53CF 
 344      B9E1582A 
 344      58189E
 345 0d55 B838EE81 		.ascii	"\2708\356\201|t|\225r\344\265\010\342\277\363@\177V"
 345      7C747C95 
 345      72E4B508 
 345      E2BFF340 
 345      7F56
 346 0d67 740474B7 		.ascii	"t\004t\267_[H\271\243s`\276\235\200\211\231\224\001"
 346      5F5B48B9 
 346      A37360BE 
 346      9D808999 
 346      9401
 347 0d79 4F9CCC2C 		.ascii	"O\234\314,\253,(\276\254\303\351\014\231X:V\310_\"\221"
 347      AB2C28BE 
 347      ACC3E90C 
 347      99583A56 
 347      C85F2291 
 348 0d8d 48FDAA3F 		.ascii	"H\375\252?)I\315O\373HdN\335\354\217s\303gy\307\305"
 348      2949CD4F 
 348      FB48644E 
 348      DDEC8F73 
 348      C36779C7 
 349 0da2 A26E1DCE 		.ascii	"\242n\035\316\247\210\266\364\336\331\263jD\016\000"
 349      A788B6F4 
 349      DED9B36A 
 349      440E00
 350 0db1 BD75DE3E 		.ascii	"\275u\336>\253\275\355\226xy\330\013\345b\320\244\000"
 350      ABBDED96 
 350      7879D80B 
 350      E562D0A4 
 350      00
 351 0dc2 3429E183 		.ascii	"4)\341\203R\014\367\327`\333}\025\240\024\240\020\340"
 351      520CF7D7 
 351      60DB7D15 
 351      A014A010 
 351      E0
 352 0dd3 8A5DB034 		.ascii	"\212]\2604\037]\025E\214\275\014=.\211\306\226`q7BV"
 352      1F5D1545 
 352      8CBD0C3D 
 352      2E89C696 
 352      60713742 
 353 0de8 D88DE2EA 		.ascii	"\330\215\342\352'\037\250J\360\253N\256\206\377\203"
ARM GAS  /tmp/cc0hSFaM.s 			page 28


 353      271FA84A 
 353      F0AB4EAE 
 353      86FF83
 354 0df7 4D5C45E0 		.ascii	"M\\E\340\217lG\352\025\323\334\313^>\347\022\177\237"
 354      8F6C47EA 
 354      15D3DCCB 
 354      5E3EE712 
 354      7F9F
 355 0e09 722477B2 		.ascii	"r$w\262%\276\214\245K\336\":4\234\337\343^>\313\022"
 355      25BE8CA5 
 355      4BDE223A 
 355      349CDFE3 
 355      5E3ECB12 
 356 0e1d F11764C5 		.ascii	"\361\027d\305K\346\315\276^\226,%\366\311\"\357\332"
 356      4BE6CDBE 
 356      5E962C25 
 356      F6C922EF 
 356      DA
 357 0e2e 8B9CDBD7 		.ascii	"\213\234\333\327\271\226\237\317Z\015#/\233\262\344"
 357      B9969FCF 
 357      5A0D232F 
 357      9BB2E4
 358 0e3d 0DB39EE0 		.ascii	"\015\263\236\340eW\315Tjq\025\033\364\272\346\226\343"
 358      6557CD54 
 358      6A71151B 
 358      F4BAE696 
 358      E3
 359 0e4e 2EF83E45 		.ascii	".\370>ET#\315y\023\356\210\234_\371x\263\362qg;s/Y\345"
 359      5423CD79 
 359      13EE889C 
 359      5FF978B3 
 359      F271673B 
 360 0e66 9503DB2A 		.ascii	"\225\003\333*g\376\342\376\350w\360G\325+J\315\212\003"
 360      67FEE2FE 
 360      E877F047 
 360      D52B4ACD 
 360      8A03
 361 0e78 8532DE81 		.ascii	"\2052\336\201\230\\\003&W\202\231\325\000\265\000\025"
 361      985C0326 
 361      578299D5 
 361      00B50015 
 362 0e88 76E64EEA 		.ascii	"v\346N\352\355G}\245\030\246\025\367{?\363{\025\226"
 362      ED477DA5 
 362      18A615F7 
 362      7B3FF37B 
 362      1596
 363 0e9a D90BD40D 		.ascii	"\331\013\324\0159xN\306D\253\347R\032.\015\253\361C"
 363      39784EC6 
 363      44ABE752 
 363      1A2E0DAB 
 363      F143
 364 0eac 96C8D762 		.ascii	"\226\310\327b+F\224\322\232\326\034y\220\324\264\033"
 364      2B4694D2 
 364      9AD61C79 
 364      90D4B41B 
 365 0ebc D0FFBA18 		.ascii	"\320\377\272\030\335UbM[ap\035\030\371u\006\203\330"
 365      DD55624D 
ARM GAS  /tmp/cc0hSFaM.s 			page 29


 365      5B61701D 
 365      18F97506 
 365      83D8
 366 0ece A2B2D177 		.ascii	"\242\262\321wX\016{\221\265S\357D\245\033\177\363Ir"
 366      580E7B91 
 366      B553EF44 
 366      A51B7FF3 
 366      4972
 367 0ee0 38AF79DF 		.ascii	"8\257y\337Qw<\317\2063\345\345\215\0325^fHY\345T\271"
 367      51773CCF 
 367      8633E5E5 
 367      8D1A355E 
 367      664859E5 
 368 0ef6 12C7B851 		.ascii	"\022\307\270Q$\275\"\357\006\306\211\014\031?\2315$"
 368      24BD22EF 
 368      06C6890C 
 368      193F9935 
 368      24
 369 0f07 E0030C49 		.ascii	"\340\003\014I\216\312x\342\211\2172\344Br8\254\242\263"
 369      8ECA78E2 
 369      898F32E4 
 369      427238AC 
 369      A2B3
 370 0f19 18723162 		.ascii	"\030r1b\360\272\032_\242\210\246\257\340\304\035\027"
 370      F0BA1A5F 
 370      A288A6AF 
 370      E0C41D17 
 371 0f29 444F2F57 		.ascii	"DO/W[_\013@\272\0265I\217!\301\356\216\225\371*\335"
 371      5B5F0B40 
 371      BA163549 
 371      8F21C1EE 
 371      8E95F92A 
 372 0f3e E1370FAF 		.ascii	"\3417\017\257J\261\020\177\223]\334mN/\263\213\343\011"
 372      4AB1107F 
 372      935DDC6D 
 372      4E2FB38B 
 372      E309
 373 0f50 3B2C59C6 		.ascii	";,Y\306\336\222\347.=\373\035f#\335!7\322}#\022^\255"
 373      DE92E72E 
 373      3DFB1D66 
 373      23DD2137 
 373      D27D2312 
 374 0f66 8EBC9C9D 		.ascii	"\216\274\234\235\326\337\204\204\254'\011\331\302{\220"
 374      D6DF8484 
 374      AC2709D9 
 374      C27B90
 375 0f75 C1BA0783 		.ascii	"\301\272\007\203\325\006\203t\037\240\023\340.\300\035"
 375      D5068374 
 375      1FA013E0 
 375      2EC01D
 376 0f84 8076BB28 		.ascii	"\200v\273(m\037\226\034\0336;\012\\\261\271\035\374"
 376      6D1F961C 
 376      1B363B0A 
 376      5CB1B91D 
 376      FC
 377 0f95 940535D9 		.ascii	"\224\0055\331\0174\311S3G\222"
 377      0F34C953 
ARM GAS  /tmp/cc0hSFaM.s 			page 30


 377      334792
 378 0fa0 AF2BC60F 		.ascii	"\257+\306\017>U\342R:2\302L\361t\243\006j\265\274\336"
 378      3E55E252 
 378      3A32C24C 
 378      F174A306 
 378      6AB5BCDE 
 379 0fb4 3DA0EB37 		.ascii	"=\240\3537\325\333\026\313\2715\211$\226\273\241_\227"
 379      D5DB16CB 
 379      B9358924 
 379      96BBA15F 
 379      97
 380 0fc5 18CB1D34 		.ascii	"\030\313\0354\226A|\313tf\234\012\337dQ\022\325\022"
 380      96417CCB 
 380      74669C0A 
 380      DF645112 
 380      D512
 381 0fd7 FEF7B88D 		.ascii	"\376\367\270\215\335O\247\335\352\364d\261\372\006\240"
 381      DD4FA7DD 
 381      EAF464B1 
 381      FA06A0
 382 0fe6 D1B1A3A3 		.ascii	"\321\261\243\243\236Z\361\003\000\322.\226\322\001L"
 382      9E5AF103 
 382      00D22E96 
 382      D2014C
 383 0ff5 5EEDF97A 		.ascii	"^\355\371z\241~L\337\354\215f"
 383      A17E4CDF 
 383      EC8D66
 384 1000 375F2293 		.ascii	"7_\"\223\225\217\026\375Q\362\312\332\207E\363\321\344"
 384      958F16FD 
 384      51F2CADA 
 384      8745F3D1 
 384      E4
 385 1011 C134573C 		.ascii	"\3014W<\310LN\177Q\260h\373B(/\322\362g\341\233$\207"
 385      C84C4E7F 
 385      51B068FB 
 385      42282FD2 
 385      F267E19B 
 386 1027 745F8299 		.ascii	"t_\202\231>\374-\347 \370\341\001\026\277uz\373\030"
 386      3EFC2DE7 
 386      20F8E101 
 386      16BF757A 
 386      FB18
 387 1039 FDD6E911 		.ascii	"\375\326\351\021\326\242\207\242e>\374\245kL\324\231"
 387      D6A287A2 
 387      653EFCA5 
 387      6B4CD499 
 388 1049 44373CCA 		.ascii	"D7<\312\204\244&\016v\253\245\237\217\334\240\257\255"
 388      84A4260E 
 388      76ABA59F 
 388      8FDCA0AF 
 388      AD
 389 105a 87A0EB63 		.ascii	"\207\240\353c\261\353#l{\327\272B\221'2\212\220\267"
 389      B1EB236C 
 389      7BD7BA42 
 389      9127328A 
 389      90B7
 390 106c 8CB9DDB5 		.ascii	"\214\271\335\265J<\303\244\274\210\033\315pn\312\210"
ARM GAS  /tmp/cc0hSFaM.s 			page 31


 390      4A3CC3A4 
 390      BC881BCD 
 390      706ECA88 
 391 107c 5353667B 		.ascii	"SSf{\360\236\033{\310(\015\203BOE\205\20607&3\272\354"
 391      F09E1B7B 
 391      C8280D83 
 391      424F4585 
 391      86303726 
 392 1093 215A95C4 		.ascii	"!Z\225\304\243\342\247k)a\03209\210\211\373\237\341"
 392      A3E2A76B 
 392      29611A30 
 392      398889FB 
 392      9FE1
 393 10a5 55D64100 		.ascii	"U\326A\000j\365\311\323Q*Z\373i\361\347\307]_\344\362"
 393      6AF5C9D3 
 393      512A5AFB 
 393      69F1E7C7 
 393      5D5FE4F2 
 394 10b9 EC262BB5 		.ascii	"\354&+\265t\2201\216W\034\310\331\235\337\355d\307}"
 394      7490318E 
 394      571CC8D9 
 394      9DDFED64 
 394      C77D
 395 10cb 24701A38 		.ascii	"$p\0328\271-\022\345\352\377Z\005\3240/\224B\236\367"
 395      B92D12E5 
 395      EAFF5A05 
 395      D4302F94 
 395      429EF7
 396 10de F20E2452 		.ascii	"\362\016$R'\301\3561\210\314)\200Q\200\347\000\023X"
 396      27C1EE31 
 396      88CC2980 
 396      5180E700 
 396      1358
 397 10f0 7A7874E7 		.ascii	"zxt\347\017L\024\331g\036\342=m\357\005:\034\223\253"
 397      0F4C14D9 
 397      671EE23D 
 397      6DEF053A 
 397      1C93AB
 398 1103 6F4905E4 		.ascii	"oI\005\344\2076\022\253Q\037'\267\372\002\035\300\216"
 398      873612AB 
 398      511F27B7 
 398      FA021DC0 
 398      8E
 399 1114 5BDC3956 		.ascii	"[\3349VH\306W\024\022\362p\236\2270R\35239/[Q\227\236"
 399      48C65714 
 399      12F2709E 
 399      973052EA 
 399      33392F5B 
 400 112b 3A9022BC 		.ascii	":\220\"\274;j\306\035\207\353\350X_zpi\314U:g\014\325"
 400      3B6AC61D 
 400      87EBE858 
 400      5F7A7069 
 400      CC553A67 
 401 1141 EC232338 		.ascii	"\354##8\003\014\246\305\021\034w\2303\244Nz\001\216"
 401      030CA6C5 
 401      111C7798 
 401      33A44E7A 
ARM GAS  /tmp/cc0hSFaM.s 			page 32


 401      018E
 402 1153 F9264E22 		.ascii	"\371&N\"/\362'\362c\325oe\262\255\317\"N\317\317\213"
 402      2FF227F2 
 402      63D56F65 
 402      B2ADCF22 
 402      4ECFCF8B 
 403 1167 B324D5C2 		.ascii	"\263$\325\3026\213\210\333\317\304\331\030+H\013\374"
 403      368B88DB 
 403      CFC4D918 
 403      2B480BFC 
 404 1177 9DC56F91 		.ascii	"\235\305o\221/\035FnF\251\360^\2525z1\277g\214/\"_\007"
 404      2F1D466E 
 404      46A9F05E 
 404      AA357A31 
 404      BF678C2F 
 405 118e F4EE89B4 		.ascii	"\364\356\211\264\001>\001\345\221\011\250%\265\272C"
 405      013E01E5 
 405      9109A825 
 405      B5BA43
 406 119d 830F325A 		.ascii	"\203\0172Z\3537)k\3307)\321O\212k\021\316\326\331}\334"
 406      EB37296B 
 406      D83729D1 
 406      4F8A6B11 
 406      CED6D97D 
 407 11b2 B6867DDC 		.ascii	"\266\206}\334v\255\272\243\026\343|\366\254\2763\266"
 407      76ADBAA3 
 407      16E37CF6 
 407      ACBE33B6 
 408 11c2 D1139733 		.ascii	"\321\023\2273d\377RB\262\02272\304\372\321\336\032\366"
 408      64FF5242 
 408      B2123732 
 408      C4FAD1DE 
 408      1AF6
 409 11d4 D1DEC989 		.ascii	"\321\336\311\211#5*\334\315\236ueg\335C\370\011C\022"
 409      23352ADC 
 409      CD9E7565 
 409      67DD43F8 
 409      094312
 410 11e7 3ACEDCD2 		.ascii	":\316\334\322\342i\206\024\227\307\014\273\341pw\366"
 410      E2698614 
 410      97C70CBB 
 410      E17077F6 
 411 11f7 D5CF7075 		.ascii	"\325\317pu\024\306\011\014\251\277s\356\211\022\037"
 411      14C6090C 
 411      A9BF73EE 
 411      89121F
 412 1206 62C8BDAB 		.ascii	"b\310\275\253\205\251j|\212!\317\357\335=\350\212/1"
 412      85A96A7C 
 412      8A21CFEF 
 412      DD3DE88A 
 412      2F31
 413 1218 E4FAF26C 		.ascii	"\344\372\362l%\257dd\317w\263\340\242\305\005\227\261"
 413      25AF6464 
 413      CF77B3E0 
 413      A2C50597 
 413      B1
 414 1229 67D90B8B 		.ascii	"g\331\013\213\317\311\353\302\267\311\347nXR\252\336"
ARM GAS  /tmp/cc0hSFaM.s 			page 33


 414      CFC9EBC2 
 414      B7C9E76E 
 414      5852AADE 
 415 1239 66A5AAA2 		.ascii	"f\245\252\242\361\346)\035\256\247\304\302\305\303K"
 415      F1E6291D 
 415      AEA7C4C2 
 415      C5C34B
 416 1248 4B9ED6FC 		.ascii	"K\236\326\374N\212\264\270\370(\320Kpz\274\022F3Y\351"
 416      4E8AB4B8 
 416      F828D04B 
 416      707ABC12 
 416      463359E9 
 417 125c 433AD1F4 		.ascii	"C:\321\364\336\247\364B{\225\222J\225F\277\303IRjQ\242"
 417      DEA7F442 
 417      7B95924A 
 417      9546BFC3 
 417      49526A51 
 418 1271 D2161B6F 		.ascii	"\322\026\033o\363\344.O\356~\254\305mLFD\313\201)\247"
 418      F3E42E4F 
 418      EE7EACC5 
 418      6D4C4644 
 418      CB8129A7 
 419 1285 32529DCA 		.ascii	"2R\235\312\200\222VKKZ\012\310\330/\312\000\221|\347"
 419      8092564B 
 419      4B5A0AC8 
 419      D82FCA00 
 419      917CE7
 420 1298 722AB252 		.ascii	"r*\262R\211{\230\3255\2173\016\272\341G\014\031Z\236"
 420      897B98D5 
 420      358F330E 
 420      BAE1470C 
 420      195A9E
 421 12ab 9E14F033 		.ascii	"\236\024\3603\206TO\346\235\346\337U\022o\014$\325,"
 421      86544FE6 
 421      9DE6DF55 
 421      126F0C24 
 421      D52C
 422 12bd 3BAFFAE9 		.ascii	";\257\372\351J^\365\017)\331g<UGS5b\225B\364\313\022"
 422      4A5EF50F 
 422      29D9673C 
 422      55475335 
 422      629542F4 
 423 12d3 91FCB072 		.ascii	"\221\374\260r\225\265\023\241.\350\257\313u\305\013"
 423      95B513A1 
 423      2EE8AFCB 
 423      75C50B
 424 12e2 54EE9A99 		.ascii	"T\356\232\231\216\311lW\344m\377#[\226\325l\002\236"
 424      8EC96C57 
 424      E46DFF23 
 424      5B96D56C 
 424      029E
 425 12f4 AD572F16 		.ascii	"\255W/\026C\364G\353\330\267F`a\256\322v<\310\246\324"
 425      43F447EB 
 425      D8B74660 
 425      61AED276 
 425      3CC8A6D4 
 426 1308 975872F0 		.ascii	"\227Xr\360\270\226\235%\022\342p{\342\025\033\217\205"
ARM GAS  /tmp/cc0hSFaM.s 			page 34


 426      B8969D25 
 426      12E2707B 
 426      E2151B8F 
 426      85
 427 1319 686C4958 		.ascii	"hlIXKI\017\330\223\372:\036QN\306\330Hw\313\251 \245"
 427      4B490FD8 
 427      93FA3A1E 
 427      514EC6D8 
 427      4877CBA9 
 428 132f AD4EC396 		.ascii	"\255N\303\226\324\265t@\0228\255m }\035\017J\207%\372"
 428      D4B57440 
 428      1238AD6D 
 428      207D1D0F 
 428      4A8725FA 
 429 1343 7E8565F4 		.ascii	"~\205e\364]\222\030\327%!\266\310\031\267Y\242\205\204"
 429      5D9218D7 
 429      2521B6C8 
 429      19B759A2 
 429      8584
 430 1355 36524EE5 		.ascii	"6RN\345\010\245\304<\321\023\007e<!\335\037T\277!\362"
 430      08A5C43C 
 430      D1130765 
 430      3C21DD1F 
 430      54BF21F2 
 431 1369 3D22A783 		.ascii	"=\"\247\203\324\025\015\242\333\366\310\351 =^\226\350"
 431      D4150DA2 
 431      DBF6C8E9 
 431      203D5E96 
 431      E8
 432 137a BB28E708 		.ascii	"\273(\347\010\251\022\303\"\337h9\276\322\371l\370u"
 432      A912C322 
 432      DF6839BE 
 432      D2F96CF8 
 432      75
 433 138b 420A3188 		.ascii	"B\0121\210\3228\251\323w)\203\022\035\226\345t`\221"
 433      D238A9D3 
 433      77298312 
 433      1D96E574 
 433      6091
 434 139d 667D2F87 		.ascii	"f}/\207\311\321:\320\254\\\247\266w`\221S\234\234\206"
 434      C9D13AD0 
 434      AC5CA7B6 
 434      77609153 
 434      9C9C86
 435 13b0 92911A14 		.ascii	"\222\221\032\024\215\211\221#\225F\300\202H\033%G\313"
 435      8D899123 
 435      9546C082 
 435      481B2547 
 435      CB
 436 13c1 424B9C76 		.ascii	"BK\234v\004\005Z\200\330\233\247\263\003\241&\363\305"
 436      04055A80 
 436      D89BA7B3 
 436      03A126F3 
 436      C5
 437 13d2 39A82639 		.ascii	"9\250&9Jo\224\005\360\005@\006\300)\200\363\000G\001"
 437      4A6F9405 
 437      F0054006 
ARM GAS  /tmp/cc0hSFaM.s 			page 35


 437      C02980F3 
 437      004701
 438 13e5 2E009C01 		.ascii	".\000\234\0018\016p\021 \023\340\030\300I\200\263\000"
 438      380E7011 
 438      2013E018 
 438      C04980B3 
 438      00
 439 13f6 27004E03 		.ascii	"'\000N\003d+m\363T\373dK\256\012\237\363`\313\241\322"
 439      642B6DF3 
 439      54FB644B 
 439      AE0A9FF3 
 439      60CBA1D2 
 440 140a 923964B7 		.ascii	"\2229d\267\230\225\250\201.\201\364?\225&\374\220\""
 440      9895A881 
 440      2E81F43F 
 440      9526FC90 
 440      22
 441 141b 9DBEF4C8 		.ascii	"\235\276\364\310\007!ybE$\003Eu\355\031.+sY\315\225"
 441      07217962 
 441      45240345 
 441      75ED192E 
 441      2B7359CD 
 442 1430 8B75AA9C 		.ascii	"\213u\252\234\342\377\332GCi\375\213.0\227\347U\322"
 442      E2FFDA47 
 442      4369FD8B 
 442      2E3097E7 
 442      55D2
 443 1442 C3DD3391 		.ascii	"\303\3353\221\215P\\\005t\031\304\315\361\231\\\034"
 443      8D505C05 
 443      7419C4CD 
 443      F1995C1C 
 444 1452 2BD2F29F 		.ascii	"+\322\362\237\240Y\201\222\314\345\217\026/\024\363"
 444      A0598192 
 444      CCE58F16 
 444      2F14F3
 445 1461 AF805564 		.ascii	"\257\200Udr\272\025U\352\346\264:_\265V\347+\254:O\357"
 445      72BA1555 
 445      EAE6B43A 
 445      5FB556E7 
 445      2BAC3A4F 
 446 1476 D93DCBBF 		.ascii	"\331=\313\277\214!_u\237\033LmD\216\305\032\212\001"
 446      8C215F75 
 446      9F1B4C6D 
 446      448EC51A 
 446      8A01
 447 1488 2A54D2C3 		.ascii	"*T\322\303\021Z\254)\017\212\220\203\262\366\326\337"
 447      115AAC29 
 447      0F8A9083 
 447      B2F6D6DF 
 448 1498 49CFC966 		.ascii	"I\317\311f\354NS\256)\351i\012\271\222\031|\367\331"
 448      EC4E53AE 
 448      29E9690A 
 448      B992197C 
 448      F7D9
 449 14aa 7035BEE2 		.ascii	"p5\276\342\3016\237\215\327\332\221\323\343\270\022"
 449      C1369F8D 
 449      D7DA91D3 
ARM GAS  /tmp/cc0hSFaM.s 			page 36


 449      E3B812
 450 14b9 A5F4E87B 		.ascii	"\245\364\350{\346nA\0269\344\255\034\260T.\336V\027"
 450      E66E4116 
 450      39E4AD1C 
 450      B0542EDE 
 450      5617
 451 14cb 9317DAE1 		.ascii	"\223\027\332\341\226\214\017)\035*\026\307\021n\355"
 451      968C0F29 
 451      1D2A16C7 
 451      116EED
 452 14da 4F9C4B95 		.ascii	"O\234K\225\344\270\367\324\354\\\274\007\356g\202\257"
 452      E4B8F7D4 
 452      EC5CBC07 
 452      EE6782AF 
 453 14ea 56F62669 		.ascii	"V\366&i9\263\251\036\374\264\311\216Y\231\310\254\314"
 453      39B3A91E 
 453      FCB4C98E 
 453      5999C8AC 
 453      CC
 454 14fb 91593965 		.ascii	"\221Y9e\3262V\222\340\206\2372f\317\223\213\312t\242"
 454      D6325692 
 454      E0869F32 
 454      66CF938B 
 454      CA74A2
 455 150e 66CDF69A 		.ascii	"f\315\366\232U\210\314*\034\231URf\003\307\237\244\270"
 455      5588CC2A 
 455      1C995552 
 455      6603C79F 
 455      A4B8
 456 1520 E3178C59 		.ascii	"\343\027\214Y]{\312\234\207\250\331K{\315\252DfU\216"
 456      5D7BCA9C 
 456      87A8D94B 
 456      7BCDAA44 
 456      66558E
 457 1533 CCAA29B3 		.ascii	"\314\252)\263c\203O\262\354\016-\273\355\006\243\206"
 457      63834FB2 
 457      EC0E2DBB 
 457      ED06A386 
 458 1543 0F460D1D 		.ascii	"\017F\015\035\214\374}-\267\334\245\304Iv'\234\265\234"
 458      8CFC7D2D 
 458      B7DCA5C4 
 458      4976279C 
 458      B59C
 459 1555 B8961247 		.ascii	"\270\226\022G\216\365/iq\270'U\363D\323\324A-Nd\310"
 459      8EF52F69 
 459      71B82755 
 459      F344D3D4 
 459      412D4E64 
 460 156a C5C9E98B 		.ascii	"\305\311\351\213\3740\234\374\367\225\344\336\252\005"
 460      FC309CFC 
 460      F795E4DE 
 460      AA05
 461 1578 77A7D157 		.ascii	"w\247\321Wo\215\276\033|m\020\331z\311\3031\334\254"
 461      6F8DBE1B 
 461      7C6D10D9 
 461      7AC9C331 
 461      DCAC
ARM GAS  /tmp/cc0hSFaM.s 			page 37


 462 158a 2B6DD825 		.ascii	"+m\330%\321p\253\267\256\015\362\347\226\247\\\244\324"
 462      D170ABB7 
 462      AE0DF2E7 
 462      96A75CA4 
 462      D4
 463 159b C75E45FD 		.ascii	"\307^E\375\320\222\275\200 \243ZXF\335\316\336m\011"
 463      D092BD80 
 463      20A35A58 
 463      46DDCEDE 
 463      6D09
 464 15ad 8F86257F 		.ascii	"\217\206%\177\003\024\373:p\345^\274N\322\371\272\222"
 464      0314FB3A 
 464      70E55EBC 
 464      4ED2F9BA 
 464      92
 465 15be A554A3F2 		.ascii	"\245T\243\362-\305\2677l\360e\377\202C}Mf\337P\223\301"
 465      2DC5B737 
 465      6CF065FF 
 465      82437D4D 
 465      66DF5093 
 466 15d3 D7B0DD64 		.ascii	"\327\260\335d\334\346\037j6\355\332`\320\374\342\327"
 466      DCE61F6A 
 466      36EDDA60 
 466      D0FCE2D7 
 467 15e3 BF7DF383 		.ascii	"\277}\363\203M\233\024\332\020\275\311\350\027\020b"
 467      4D9B14DA 
 467      10BDC9E8 
 467      171062
 468 15f2 F20FD6EA 		.ascii	"\362\017\326\352\365a\376A\346\315\357\350\315\321\310"
 468      F561FE41 
 468      E6CDEFE8 
 468      CDD1C8
 469 1601 777B70A0 		.ascii	"w{p\240\321\327\317\020j\\\037\340\367\211\357\317\203"
 469      D1D7CF10 
 469      6A5C1FE0 
 469      F789EFCF 
 469      83
 470 1612 0D6181C6 		.ascii	"\015a\201\306 s\250\357\307F\277\300\217|\377\311\020"
 470      2073A8EF 
 470      C746BFC0 
 470      8F7CFFC9 
 470      10
 471 1623 E01F126A 		.ascii	"\340\037\022j\324\033\327\207\204\031>{\307\367\343"
 471      D41BD787 
 471      84193E7B 
 471      C7F7E3
 472 1632 E0E08050 		.ascii	"\340\340\200P\337m\006\303z?S\340\372\240\340 \343z"
 472      DF6D06C3 
 472      7A3F53E0 
 472      FAA0E020 
 472      E37A
 473 1644 A3DF27FE 		.ascii	"\243\337'\376\353\177\260\376\235\215\233~\260\376\367"
 473      EB7FB0FE 
 473      9D8D9B7E 
 473      B0FEF7
 474 1653 EFAE0FF4 		.ascii	"\357\256\017\364\3734\330\344k\367\324\327?\310\020"
 474      FB34D8E4 
ARM GAS  /tmp/cc0hSFaM.s 			page 38


 474      6BF7D4D7 
 474      3FC810
 475 1662 10B6C5E8 		.ascii	"\020\266\305\350\033\350g\330\356\037d\364\325o1n\365"
 475      1BE867D8 
 475      EE1F64F4 
 475      D56F316E 
 475      F5
 476 1673 0B0B30EB 		.ascii	"\013\0130\353\315\273B\214\241\033\266+4V\205\376\373"
 476      CDBB428C 
 476      A11BB62B 
 476      345685FE 
 476      FB
 477 1684 FF559FD0 		.ascii	"\377U\237\320]\241\276\372P\363\026\020\016J\250\315"
 477      5DA1BEFA 
 477      50F31610 
 477      0E4AA8CD 
 478 1694 C43B7AF3 		.ascii	"\304;z\363&\007\237\206\004\233@\376\317~\363+_Cp`\210"
 478      26079F86 
 478      049B40FE 
 478      CF7EF32B 
 478      5F437060 
 479 16a9 7F80D114 		.ascii	"\177\200\321\024\352\373\213\017>\000?[\325w\015\321"
 479      EAFB8B0F 
 479      3E003F5B 
 479      D5770DD1 
 480 16b9 079A7706 		.ascii	"\007\232w\006\200\317U\201\372 \343N\263:P\037\374y"
 480      80CF5581 
 480      FA20E34E 
 480      B33A501F 
 480      FC79
 481 16cb 90D104D7 		.ascii	"\220\321\004\327\337\207\031\303\214\252\020\332\374"
 481      DF8719C3 
 481      8CAA10DA 
 481      FC
 482 16d8 9A61BBDE 		.ascii	"\232a\273\336\014\243\343\267%\324\326\036b2\356\360"
 482      0CA3E3B7 
 482      25D4D61E 
 482      6232EEF0 
 483 16e8 B46BD443 		.ascii	"\264k\324C\3670\263q\247\336\254\001zz\013\243g\014"
 483      F730B371 
 483      A7DEAC01 
 483      7A7A0BA3 
 483      670C
 484 16fa 310681A2 		.ascii	"1\006\201\242\333\334\214;\300\037\201~\241\237\351"
 484      DBDC8C3B 
 484      C01F817E 
 484      A19FE9
 485 1709 CD2E2037 		.ascii	"\315. 7t\233\253^\317\275\247\346W\027h\325\233\265"
 485      749BAB5E 
 485      CFBDA7E6 
 485      571768D5 
 485      9BB5
 486 171b F4296509 		.ascii	"\364)e\011\012~\356\347o\206\356\236\022\025\210\302"
 486      0A7EEEE7 
 486      6F86EE9E 
 486      121588C2 
 487 172b 1E52446F 		.ascii	"\036RDo\306!\3720\225\361s\302^\365\271\031\214\012"
ARM GAS  /tmp/cc0hSFaM.s 			page 39


 487      C621FA30 
 487      95F173C2 
 487      5EF5B919 
 487      8C0A
 488 173d 814BA831 		.ascii	"\201K\25010\304%To\0102\273\000\200\030\256\250\016"
 488      30C42554 
 488      6F0832BB 
 488      008018AE 
 488      A80E
 489 174f 78C133BF 		.ascii	"x\3013\277\220\355\301&\243\313\347f\263)d\025c\007"
 489      90EDC126 
 489      A3CBE766 
 489      B3296415 
 489      6307
 490 1761 B1B6D568 		.ascii	"\261\266\325h2\006\031\300\030`\020\374\311\247!\032"
 490      320619C0 
 490      186010FC 
 490      C9A7211A 
 491 1771 E34E7FB3 		.ascii	"\343N\177\263!x\213Qe\332\262\013\364\002\323\315\376"
 491      21788B51 
 491      65DAB20B 
 491      F402D3CD 
 491      FE
 492 1782 81465718 		.ascii	"\201FW\030\003r\325\233\275\035\334n\035$\303vB\302"
 492      0372D59B 
 492      BD1DDC6E 
 492      1D24C376 
 492      42C2
 493 1794 3DAD2261 		.ascii	"=\255\"a\2745\324\225\205\360\373\240\213\365j&\355"
 493      BC35D495 
 493      85F0FBA0 
 493      8BF56A26 
 493      ED
 494 17a5 700DD16F 		.ascii	"p\015\321o\015\360\333\026\2526\007\202,\212\207\232"
 494      0DF0DB16 
 494      AA360782 
 494      2C8A879A 
 495 17b5 FDCC468D 		.ascii	"\375\314F\215\231^@\035\030\012\277@\243\322\260\335"
 495      995E401D 
 495      180ABF40 
 495      A3D2B0DD 
 496 17c5 CF040F83 		.ascii	"\317\004\017\203\003\266\030\3115\310\370"
 496      03B618C9 
 496      35C8F8
 497 17d0 B9D104FE 		.ascii	"\271\321\004\3764\230wb\323\246\315B\200I\003Y\004a"
 497      34987762 
 497      D3A6CD42 
 497      80490359 
 497      0461
 498 17e2 A337AF73 		.ascii	"\2437\257s\036\017\333\015`9\250\005]6\001l\024L?\024"
 498      1E0FDB0D 
 498      6039A805 
 498      5D36016C 
 498      144C3F14 
 499 17f6 4CEF0BA6 		.ascii	"L\357\013\246\037\010\246\367\004\323\367\005\323\273"
 499      1F08A6F7 
 499      04D3F705 
ARM GAS  /tmp/cc0hSFaM.s 			page 40


 499      D3BB
 500 1804 6E849A8C 		.ascii	"n\204\232\214\0170V\033\202\203`0\315t\324\375\203]"
 500      0F30561B 
 500      82836030 
 500      CD74D4FD 
 500      835D
 501 1816 6D4301F2 		.ascii	"mC\001\362\003C \2225\334{\3467\235\373\302\260}\013"
 501      03432092 
 501      35DC7BE6 
 501      379DFBC2 
 501      B07D0B
 502 1829 0874CC7B 		.ascii	"\010t\314{\221\000\306\354\225\317a\300\3409D\342o\214"
 502      9100C6EC 
 502      95CF61C0 
 502      E03944E2 
 502      6F8C
 503 183b DBFED9DF 		.ascii	"\333\376\331\337\024j\376\230\312t\224\350XH\024\236"
 503      146AFE98 
 503      CA7494E8 
 503      5848149E 
 504 184b B4C7AF41 		.ascii	"\264\307\257A}\326\001\006\377\343\355[~c\0140\372\205"
 504      7DD60106 
 504      FFE3ED5B 
 504      7E630C30 
 504      FA85
 505 185d 1ABFE354 		.ascii	"\032\277\343T\334\226]\340m\177\003\210\024\014\333"
 505      DC965DE0 
 505      6D7F0388 
 505      140CDB
 506 186c B5817EE0 		.ascii	"\265\201~\340\011\332\035o\371\204\306\"\031[c \024"
 506      09DA1D6F 
 506      F984C622 
 506      195B6320 
 506      14
 507 187d 844FC2B6 		.ascii	"\204O\302\266\271\206\370\005\371\033H\320zH\233a\314"
 507      B986F805 
 507      F91B48D0 
 507      7A489B61 
 507      CC
 508 188e 76984978 		.ascii	"v\230Ixjv\230\241%\300\354\247\206\033\2227\344\272"
 508      6A7698A1 
 508      25C0ECA7 
 508      861B9237 
 508      E4BA
 509 18a0 352CC800 		.ascii	"5,\310\000\017\310\005F\033\032\254\211\266\303\337"
 509      0FC80546 
 509      1B1AAC89 
 509      B6C3DF
 510 18af 640EF30B 		.ascii	"d\016\363\013\240QfR\221\036~&O\273F\275\371uG:\226"
 510      A0516652 
 510      911E7E26 
 510      4FBB46BD 
 510      F975473A 
 511 18c4 075AA0E6 		.ascii	"\007Z\240\346q\371\3472\217!\301L\344\2526\361\3601"
 511      71F9E732 
 511      8F21C14C 
 511      E4AA36F1 
ARM GAS  /tmp/cc0hSFaM.s 			page 41


 511      F031
 512 18d6 F1F03191 		.ascii	"\361\3601\221\360Q\231\350\350B#M\022w\020A\014\336"
 512      F05199E8 
 512      E842234D 
 512      12771041 
 512      0CDE
 513 18e8 45BBBA02 		.ascii	"E\273\272\002I\230\0112\303\254\023\033\365fW\233'<"
 513      49980932 
 513      C3AC131B 
 513      F566579B 
 513      273C
 514 18fa FCB70418 		.ascii	"\374\267\004\030yX@\316\362Z\375\336\273P\014\2547\332"
 514      795840CE 
 514      F25AFDDE 
 514      BB500CAC 
 514      37DA
 515 190c 50F3677E 		.ascii	"P\363g~\001\376\333\202\364f7\321\203\264XP\177y\030"
 515      01FEDB82 
 515      F46637D1 
 515      83B45850 
 515      7F7918
 516 191f B6EA83B7 		.ascii	"\266\352\203\267n%\036\202\304\005\032\206\222\374\320"
 516      6E251E82 
 516      C4051A86 
 516      92FCD0
 517 192e F17B9A22 		.ascii	"\361{\232\"V\204&\206\247\015\371,\300?\320\337\326"
 517      56842686 
 517      A70DF92C 
 517      C03FD0DF 
 517      D6
 518 193f 8BE48A95 		.ascii	"\213\344\212\225\220\032kE\250\305Z\216\200\331n6\251"
 518      901A6B45 
 518      A8C55A8E 
 518      80D96E36 
 518      A9
 519 1950 FEC1EE62 		.ascii	"\376\301\356b\221\361\377\203\221(I\274G\356\265p\037"
 519      91F1FF83 
 519      912849BC 
 519      47EEB570 
 519      1F
 520 1961 6236596F 		.ascii	"b6Yow\200K\375\203\203\270\225\233\336\343V\222\033"
 520      77804BFD 
 520      8383B895 
 520      9BDEE356 
 520      921B
 521 1973 35310DC8 		.ascii	"51\015\310\310\365\017F\023\345\351\277\005\034\347"
 521      C8F50F46 
 521      13E5E9BF 
 521      051CE7
 522 1982 BFD5DF68 		.ascii	"\277\325\337h\262J#|\235\027\016[\370B\211\206Pd\301"
 522      B24A237C 
 522      9D170E5B 
 522      F8428986 
 522      5064C1
 523 1995 0477FFB6 		.ascii	"\004w\377\266+\364_\202\015\237\275\"Iv\261\262Nr7\000"
 523      2BF45F82 
 523      0D9FBD22 
ARM GAS  /tmp/cc0hSFaM.s 			page 42


 523      4976B1B2 
 523      4E723700 
 524 19a9 28DD689F 		.ascii	"(\335h\237\337\006\321{\332\032F\357\335\3654\376\364"
 524      DF06D17B 
 524      DA1A46EF 
 524      DDF534FE 
 524      F4
 525 19ba FA0DDFDF 		.ascii	"\372\015\337\337\364\316f\215\025\373_1\351<\000"
 525      F4CE668D 
 525      15FB5F31 
 525      E93C00
 526              		.text
 527              		.section	.gnu.lto_.symtab.edd3d566b44fc7c3,"",%progbits
 528 0000 63685265 		.ascii	"chRegFirstThread\000"
 528      67466972 
 528      73745468 
 528      72656164 
 528      00
 529 0011 00       		.ascii	"\000"
 530 0012 00       		.ascii	"\000"
 531 0013 00       		.ascii	"\000"
 532 0014 00000000 		.ascii	"\000\000\000\000\000\000\000\000"
 532      00000000 
 533 001c 89010000 		.ascii	"\211\001\000\000"
 534 0020 63685265 		.ascii	"chRegNextThread\000"
 534      674E6578 
 534      74546872 
 534      65616400 
 535 0030 00       		.ascii	"\000"
 536 0031 00       		.ascii	"\000"
 537 0032 00       		.ascii	"\000"
 538 0033 00000000 		.ascii	"\000\000\000\000\000\000\000\000"
 538      00000000 
 539 003b 8D010000 		.ascii	"\215\001\000\000"
 540 003f 63685F64 		.ascii	"ch_debug\000"
 540      65627567 
 540      00
 541 0048 00       		.ascii	"\000"
 542 0049 00       		.ascii	"\000"
 543 004a 00       		.ascii	"\000"
 544 004b 00000000 		.ascii	"\000\000\000\000\000\000\000\000"
 544      00000000 
 545 0053 34020000 		.ascii	"4\002\000\000"
 546 0057 636800   		.ascii	"ch\000"
 547 005a 00       		.ascii	"\000"
 548 005b 02       		.ascii	"\002"
 549 005c 00       		.ascii	"\000"
 550 005d 00000000 		.ascii	"\000\000\000\000\000\000\000\000"
 550      00000000 
 551 0065 F7010000 		.ascii	"\367\001\000\000"
 552 0069 63685468 		.ascii	"chThdRelease\000"
 552      6452656C 
 552      65617365 
 552      00
 553 0076 00       		.ascii	"\000"
 554 0077 02       		.ascii	"\002"
 555 0078 00       		.ascii	"\000"
ARM GAS  /tmp/cc0hSFaM.s 			page 43


 556 0079 00000000 		.ascii	"\000\000\000\000\000\000\000\000"
 556      00000000 
 557 0081 91010000 		.ascii	"\221\001\000\000"
 558              		.text
 559              		.section	.gnu.lto_.opts,"",%progbits
 560 0000 272D666D 		.ascii	"'-fmath-errno' '-fsigned-zeros' '-ftrapping-math' '"
 560      6174682D 
 560      6572726E 
 560      6F272027 
 560      2D667369 
 561 0033 2D666E6F 		.ascii	"-fno-trapv' '-fno-openmp' '-fno-openacc' '-mcpu=arm"
 561      2D747261 
 561      70762720 
 561      272D666E 
 561      6F2D6F70 
 562 0066 3774646D 		.ascii	"7tdmi' '-mno-thumb-interwork' '-O2' '-fomit-frame-p"
 562      69272027 
 562      2D6D6E6F 
 562      2D746875 
 562      6D622D69 
 563 0099 6F696E74 		.ascii	"ointer' '-falign-functions=16' '-ffunction-sections"
 563      65722720 
 563      272D6661 
 563      6C69676E 
 563      2D66756E 
 564 00cc 2720272D 		.ascii	"' '-fdata-sections' '-fno-common' '-flto'\000"
 564      66646174 
 564      612D7365 
 564      6374696F 
 564      6E732720 
 565              		.text
 566              		.comm	__gnu_lto_v1,1,1
 567              		.comm	__gnu_lto_slim,1,1
 568              		.ident	"GCC: (GNU Tools for Arm Embedded Processors 7-2017-q4-major) 7.2.1 20170904 (release) [ARM
ARM GAS  /tmp/cc0hSFaM.s 			page 44


DEFINED SYMBOLS
                            *ABS*:0000000000000000 chregistry.c
                            *COM*:0000000000000001 __gnu_lto_v1
                            *COM*:0000000000000001 __gnu_lto_slim

NO UNDEFINED SYMBOLS
