ARM GAS  /tmp/ccEYA44h.s 			page 1


   1              		.cpu cortex-m4
   2              		.eabi_attribute 20, 1
   3              		.eabi_attribute 21, 1
   4              		.eabi_attribute 23, 3
   5              		.eabi_attribute 24, 1
   6              		.eabi_attribute 25, 1
   7              		.eabi_attribute 26, 1
   8              		.eabi_attribute 30, 2
   9              		.eabi_attribute 34, 1
  10              		.eabi_attribute 18, 4
  11              		.file	"nvic.c"
  12              		.section	.gnu.lto_.profile.e58ec4d00a6af0c7,"",%progbits
  13 0000 789C6363 		.ascii	"x\234cc```\001bF\006)1\000\000\302\000<"
  13      60606001 
  13      62460629 
  13      310000C2 
  13      003C
  14              		.text
  15              		.section	.gnu.lto_.icf.e58ec4d00a6af0c7,"",%progbits
  16 0000 789C6363 		.ascii	"x\234cc``\220b@\000\026\206\333\333\226\254be\354\\"
  16      60609062 
  16      40001686 
  16      DBDB96AC 
  16      6265EC5C 
  17 0014 F7E12E13 		.ascii	"\367\341.\023\323\243\203\263\367\3603/z\275\367\005"
  17      D3A383B3 
  17      F7F0332F 
  17      7ABDF705 
  18 0024 330300A6 		.ascii	"3\003\000\246U\014S"
  18      550C53
  19              		.text
  20              		.section	.gnu.lto_.jmpfuncs.e58ec4d00a6af0c7,"",%progbits
  21 0000 789C6363 		.ascii	"x\234cc``\320a@\000\026\006&FF\346\3729\314\014 \314"
  21      6060D061 
  21      40001606 
  21      264646E6 
  21      FA39CC0C 
  22 0016 0804209A 		.ascii	"\010\004 \232\011Y\220\031*\310\000\000\237-\007\005"
  22      09599019 
  22      2AC80000 
  22      9F2D0705 
  23              		.text
  24              		.section	.gnu.lto_.inline.e58ec4d00a6af0c7,"",%progbits
  25 0000 789C4D8C 		.ascii	"x\234M\214\321\021\2000\014B!\215i\364\307\021\352\004"
  25      D1118030 
  25      0C42218D 
  25      69F4C711 
  25      EA04
  26 0012 2ED9453A 		.ascii	".\331E:\222\2438\202\261\236U>\270\343\036`\000*>)\260"
  26      92A33882 
  26      B19E553E 
  26      B8E31E60 
  26      002A3E29 
  27 0027 CC146E8C 		.ascii	"\314\024n\214p\233\332\271\303Z\021\310\261*\"y\020"
  27      709BDAB9 
  27      C35A11C8 
  27      B12A2279 
ARM GAS  /tmp/ccEYA44h.s 			page 2


  27      10
  28 0038 07E199EC 		.ascii	"\007\341\231\354\225\244\255<\225\240\332O\004\223\222"
  28      95A4AD3C 
  28      95A0DA4F 
  28      049392
  29 0047 FD25C5EE 		.ascii	"\375%\305\356w\020J\310\366N\007\034S\\\2260\015\244"
  29      77104AC8 
  29      F64E071C 
  29      535C9630 
  29      0DA4
  30              		.text
  31              		.section	.gnu.lto_.pureconst.e58ec4d00a6af0c7,"",%progbits
  32 0000 789C6363 		.ascii	"x\234cc``\340\004b\026\006)F)&)f)\000\002\304\000\202"
  32      6060E004 
  32      62160629 
  32      46292629 
  32      66290002 
  33              		.text
  34              		.section	.gnu.lto_nvicEnableVector.e58ec4d00a6af0c7,"",%progbits
  35 0000 789C9D53 		.ascii	"x\234\235S\317KTQ\024\276\337;\357\207\243\316,\332"
  35      CF4B5451 
  35      14BEDF3B 
  35      EF87A3CE 
  35      2CDA
  36 0012 45522E82 		.ascii	"ER.\202A\204y\011\375\003\321\332\026\375\007\341&!"
  36      41847909 
  36      FD03D1DA 
  36      16FD07E1 
  36      2621
  37 0024 674443DA 		.ascii	"gDC\332yg\306f\264\004\005G\203\341\021#\215\375 \312"
  37      7967C666 
  37      B4040547 
  37      83E11123 
  37      8DFD20CA 
  38 0038 42ADC6B2 		.ascii	"B\255\306\262^\223\226\021&\211\264kQJ\241\221\324\254"
  38      5E939611 
  38      2689B46B 
  38      514AA191 
  38      D4AC
  39 004a 82D43AF7 		.ascii	"\202\324:\367>\243\350\307\242.\357\236w\3569\347\273"
  39      3EA3E8C7 
  39      A22EEF9E 
  39      77EE39E7 
  39      BB
  40 005b E7FBEE7D 		.ascii	"\347\373\356}\317\026B\034!!\016\362{\017O\220\2001"
  40      CF16421C 
  40      21210EF2 
  40      7B0F4F90 
  40      8031
  41 006d F85C8864 		.ascii	"\370\\\210d\225\001(GVAt\033\350F?\345\010\345\354\333"
  41      95012847 
  41      5641741B 
  41      E8463FE5 
  41      08E5ECDB 
  42 0081 92D17049 		.ascii	"\222\321pI\362\360\317Uv\313\313><\206\217\360T\003"
  42      F2F0CF55 
  42      76CBCB3E 
ARM GAS  /tmp/ccEYA44h.s 			page 3


  42      3C868FF0 
  42      5403
  43 0093 1368E0AA 		.ascii	"\023h\340\252\027=7<:K\036\001&/?-\344W\"ji\240\236"
  43      173D373C 
  43      3A4B1E01 
  43      262F3F2D 
  43      E457226A 
  44 00aa 975B3237 		.ascii	"\227[27\022\241\030\004\373\253\317.\014:\3211)S\322"
  44      12A11804 
  44      FBABCF2E 
  44      0C3AD131 
  44      2953D2
  45 00bd 9F2D92DC 		.ascii	"\237-\222\334\357\021\341\026\2107\304\024\3520\211"
  45      EF11E116 
  45      8837C414 
  45      EA3089
  46 00cc 3AC12181 		.ascii	":\301!\201\333\210r\371\325\324\273\017D\0074\364\315"
  46      DB8872F9 
  46      D5D4BB0F 
  46      440734F4 
  46      CD
  47 00dd FCEB9CB5 		.ascii	"\374\353\234\265\003]\035\333\201\336\371\003\264\204"
  47      035D1DDB 
  47      81DEF903 
  47      B484
  48 00eb A8AEBFB9 		.ascii	"\250\256\277\271=\034\266\315\200+\246a\013\2603\276"
  48      3D1CB6CD 
  48      802BA661 
  48      0BB033BE 
  49 00fb 64F972FB 		.ascii	"d\371r\373kV\372\313\027\261e\205\301\030\323P\206\330"
  49      6B56FACB 
  49      17B16585 
  49      C118D350 
  49      86D8
  50 010d 58261BDB 		.ascii	"X&\033\333R\236\255\214\003\265[\010\212\216\020\275"
  50      529EAD8C 
  50      03B55B08 
  50      8A8E10BD 
  51 011d BC131F91 		.ascii	"\274\023\037\221\364E\037\031\312K\373b\035\251Jvf "
  51      F4451F19 
  51      CA4BFB62 
  51      1DA94A76 
  51      6620
  52 012f A21AE409 		.ascii	"\242\032\344\011yr8\224\376\230A\02008\366\363\0019"
  52      79723894 
  52      FE984110 
  52      3038F6F3 
  52      0139
  53 0141 30719789 		.ascii	"0q\227\211\256\243\274|f\315RE\234\0369]^tT\272J+\235"
  53      AEA3BC7C 
  53      66CD5245 
  53      9C1E395D 
  53      5E7454BA 
  54 0158 1CDDF85C 		.ascii	"\034\335\370\\\033,e9-#\034\232x?\264\342\024p>\311"
  54      1B2C6539 
  54      2D231C9A 
  54      783FB4E2 
ARM GAS  /tmp/ccEYA44h.s 			page 4


  54      14703EC9 
  55 016c 1751D8EB 		.ascii	"\027Q\330\353Q\0103,\371\036\357\244\000s\375\311\321"
  55      5108332C 
  55      F91EEFA4 
  55      0073FDC9 
  55      D1
  56 017d 6AF79AEC 		.ascii	"j\367\232\354I\312z\217\252q\037\005\014\353+\342\344"
  56      49CA7A8F 
  56      AA711F05 
  56      0CEB2BE2 
  56      E4
  57 018e CBA5A989 		.ascii	"\313\245\251\211H\323\270J\026\342\036\325\340\001\334"
  57      48D3B84A 
  57      16E21ED5 
  57      E001DC
  58 019d 3C85F4F5 		.ascii	"<\205\364\365\371hb\216\212\361ffa`W\300\2318\313\270"
  58      F968628E 
  58      8AF16666 
  58      616057C0 
  58      9938CBB8 
  59 01b1 A1E2F552 		.ascii	"\241\342\365RX\261\260\260\017\0175g\326u\305\011\212"
  59      58B1B0B0 
  59      0F0F3567 
  59      D675C509 
  59      8A
  60 01c2 4C34D671 		.ascii	"L4\326q\251\012V2}V\020\264\002\344\323\342\364\246"
  60      A90A5632 
  60      7D5610B4 
  60      02E4D3E2 
  60      F4A6
  61 01d4 E66FC342 		.ascii	"\346o\303BY#\371\220\276#\025\370\027\375\377\242\256"
  61      5923F990 
  61      BE2315F8 
  61      17FDFFA2 
  61      AE
  62 01e5 168FB43A 		.ascii	"\026\217\264:\374\256\256\313\2430f\225:K\253\233S\352"
  62      FCAEAECB 
  62      A3306695 
  62      3A4BAB9B 
  62      53EA
  63 01f7 ECA0D7AB 		.ascii	"\354\240\327\253\305\232\377j\366X73\376\322\354\311"
  63      C59AFF6A 
  63      F6583733 
  63      FED2ECC9 
  64 0207 8F66F341 		.ascii	"\217f\363A\263\015\244\012_t+\375\203\3642O\376P\030"
  64      B30DA40A 
  64      5F742BFD 
  64      83F4324F 
  64      FE5018
  65 021a DF188BB9 		.ascii	"\337\030\213\271\301\223\350t\217\037;\341\266':Nv\272"
  65      C193E874 
  65      8F1F3BE1 
  65      B6273A4E 
  65      76BA
  66 022c 2D89B6B6 		.ascii	"-\211\266\266D\334=t\264\371p\363)7\336\325\332\022"
  66      44DC3D74 
  66      B4F970F3 
ARM GAS  /tmp/ccEYA44h.s 			page 5


  66      2937DED5 
  66      DA12
  67 023e 6B11889B 		.ascii	"k\021\210\233\355\035\255\211o\247\372\031\260"
  67      ED1DAD89 
  67      6FA7FA19 
  67      B0
  68              		.text
  69              		.section	.gnu.lto_nvicDisableVector.e58ec4d00a6af0c7,"",%progbits
  70 0000 789C9552 		.ascii	"x\234\225RKkSQ\020\236\357\314}\244M\233\265`\320.\204"
  70      4B6B5351 
  70      109EEFCC 
  70      7DA44D9B 
  70      B560D02E 
  71 0015 520AB9E4 		.ascii	"R\012\271\344'\210\340\256\033\377\201d\243`\023i\245"
  71      2788E0AE 
  71      1BFF8164 
  71      A3601369 
  71      A5
  72 0026 B8EB49D2 		.ascii	"\270\353I\322&\255fQh\033%\\\344\026#\342BkI\253\246"
  72      26AD6651 
  72      681B255C 
  72      E41623E2 
  72      426B49AB 
  73 003b BEAE292E 		.ascii	"\276\256).\304\027\026\361\007\330\342\023\212\026\027"
  73      C41716F1 
  73      07D8E213 
  73      8A1617
  74 004a 2EFA70CE 		.ascii	".\372p\316\275\012\202+\207{\316\235\2313\337|sf\216"
  74      BD0A822B 
  74      877BCE9D 
  74      9933DF7C 
  74      73668E
  75 005d 4344238A 		.ascii	"CD#\212\310\223\377AY`\202\232yETL(\300(:\001\032W\030"
  75      C893FF41 
  75      5960829A 
  75      7945544C 
  75      28C0283A 
  76 0075 478DE718 		.ascii	"G\215\347\030\235\352\207\266\032\270\256E\302K\015"
  76      9DEA87B6 
  76      1AB8AE45 
  76      C24B0D
  77 0084 A7A2270F 		.ascii	"\247\242'\017\370LT\227e\004-\014H\324\233\211\333>"
  77      F84C5497 
  77      65042D0C 
  77      48D49B89 
  77      DB3E
  78 0096 5F649F01 		.ascii	"_d\237\001K\314\357/\033\033)c*\364\211\271\253\347"
  78      4BCCEF2F 
  78      1B1B2963 
  78      2AF489B9 
  78      ABE7
  79 00a8 EA29CE80 		.ascii	"\352)\316\200D\337|~u\306\355\277\246uI\207/\232\254"
  79      44DF7C7E 
  79      75C6EDBF 
  79      A6754987 
  79      2F9AAC
  80 00bb 8FF8CCB8 		.ascii	"\217\370\314\270\003\226\204XA\032\313H\223\270\010"
ARM GAS  /tmp/ccEYA44h.s 			page 6


  80      03968458 
  80      411ACB48 
  80      93B808
  81 00ca 77D16FE2 		.ascii	"w\321o\342\337/\355\315\367:VL\210{p\010\242,\256\333"
  81      DF2FEDCD 
  81      F73A564C 
  81      887B7008 
  81      A22CAEDB 
  82 00de A1DEDBAF 		.ascii	"\241\336\333\257\352p\263\211\326\361.\010\306R\262"
  82      EA70B389 
  82      D6F12E08 
  82      C652B2
  83 00ed D96C34CB 		.ascii	"\331l4\313l6\242\0344%H\271\227\016i\232\225\321\312"
  83      6C36A21C 
  83      342548B9 
  83      970E699A 
  83      95D1CA
  84 0100 217D4179 		.ascii	"!}Ay\247\262\273\024(\223\261\301h\260-\\\263\315[\355"
  84      A7B2BB14 
  84      2893B1C1 
  84      68B02D5C 
  84      B3CD5BED 
  85 0114 5E53B685 		.ascii	"^S\266\205\303hK!\022\366\255r\303\215\203\024\006\323"
  85      C3684B21 
  85      12F6AD72 
  85      C38D8314 
  85      06D3
  86 0126 126A9CDB 		.ascii	"\022j\234\333\225i;vr\214|\326\\\335\3511H\0336V#di"
  86      95693B76 
  86      728C7CD6 
  86      5CDDE931 
  86      481B3656 
  87 013d BBFA0769 		.ascii	"\273\372\007i\011X<\235\267\027>G0\001\324';\257]\003"
  87      09583C9D 
  87      B7173E47 
  87      3001D427 
  87      3BAF5D03 
  88 0151 70A2AE2C 		.ascii	"p\242\256,/l\375\354\211M\335)\353\224\270Z_g7\334\000"
  88      2F6CFDEC 
  88      894DDD29 
  88      EB94B85A 
  88      5F6737DC 
  89 0166 578AD2F9 		.ascii	"W\212\322\371\340\220\317.\036H{\356Kn\003xZ+.t{7\365"
  89      E090CF2E 
  89      1E487BEE 
  89      4B6E0378 
  89      5A2B2E74 
  90 017d 4451F7F9 		.ascii	"DQ\367\371\234\300C\004\230\217f\"\207\357\326WZ\251"
  90      9CC04304 
  90      988F6622 
  90      87EFD657 
  90      5AA9
  91 018f ECA2390C 		.ascii	"\354\2429\014\306|\356\302#xRj4\257\307\310JA\246\232"
  91      C67CEEC2 
  91      2378526A 
  91      34AFC7C8 
  91      4A41A69A 
ARM GAS  /tmp/ccEYA44h.s 			page 7


  92 01a3 1F9F2EAF 		.ascii	"\037\237.\257%\177\227\363?d\335\010#2\374K\226\367"
  92      257F97F3 
  92      3F64DD08 
  92      2332FC4B 
  92      96F7
  93 01b5 39892786 		.ascii	"9\211'\206\314\216\310:\310\376}\327$\010k\222s\013"
  93      CC8EC83A 
  93      C8FE7DD7 
  93      24086B92 
  93      730B
  94 01c7 A5E0630D 		.ascii	"\245\340c\015\3214\215LI.\231\213\274\312\301L\306\213"
  94      D1348D4C 
  94      492E998B 
  94      BCCAC14C 
  94      C68B
  95 01d9 BFC2A877 		.ascii	"\277\302\250w\352\344\031\357la\344\334\250\227+\014"
  95      EAE419EF 
  95      6C61E4DC 
  95      A8972B0C 
  96 01e9 0F17F2DE 		.ascii	"\017\027\362\336\321\023C\307\206\316{\371\261\323\271"
  96      D11343C7 
  96      86CE7BF9 
  96      B1D3B9
  97 01f8 4C8E90FF 		.ascii	"L\216\220\377\005D\312\324\370"
  97      0544CAD4 
  97      F8
  98              		.text
  99              		.section	.gnu.lto_nvicSetSystemHandlerPriority.e58ec4d00a6af0c7,"",%progbits
 100 0000 789C6D51 		.ascii	"x\234mQ\315KTQ\024?\277{\336{\363\012\262\255\224\013"
 100      CD4B5451 
 100      143FBF7B 
 100      DE7BF30A 
 100      B2AD940B 
 101 0014 17C120C1 		.ascii	"\027\301 \301<\334\264h\027m\332\270\361?\220IP\320"
 101      3CDCB468 
 101      176DDAB8 
 101      F13F9049 
 101      50D0
 102 0026 79328AB4 		.ascii	"y2\212\264\363\316\214:f\005\242\243\306\360\210\267"
 102      F3CE8C3A 
 102      6605A2A3 
 102      C6F088B7 
 103 0036 1195080B 		.ascii	"\021\225\010\013\263\032\035\3551\2536}8D\220\320\242"
 103      B31A1DED 
 103      31AB367D 
 103      384490D0 
 103      A2
 104 0047 0F14268A 		.ascii	"\017\024&\212>\\\264\262\316}N\320\242\313\3758_\277"
 104      3E5CB4B2 
 104      CE7D4ED0 
 104      A2CBFD38 
 104      5FBF
 105 0059 737FE71C 		.ascii	"s\177\347\034\207\210~\202\350\242\274g\345\200\011"
 105      87887E82 
 105      E8A2BC67 
 105      E58009
 106 0068 6AE60551 		.ascii	"j\346\005Q\316U\200\021\264\013\032S\030\303M.1j\305"
ARM GAS  /tmp/ccEYA44h.s 			page 8


 106      CE558011 
 106      B40B1A53 
 106      18C34D2E 
 106      316AC5
 107 007b FD8AEA58 		.ascii	"\375\212\352X\326\262\242\305\2723\251'Z\003&Z\220c"
 107      D6B2A2C5 
 107      BA33A927 
 107      5A03265A 
 107      9063
 108 008d 16D6D121 		.ascii	"\026\326\321!Q\273\343\367\003\276\301\001\003\226\250"
 108      51BBE3F7 
 108      03BEC101 
 108      0396A8
 109 009c DF9F973F 		.ascii	"\337\237\227?\266\030U\241]\324\302\334N\325\345\024"
 109      B61855A1 
 109      5DD4C2DC 
 109      4ED5E514 
 110 00ac 48E4FAFA 		.ascii	"H\344\372\372\355+\311%\255\363:\372\264\304\372\\\300"
 110      ED2BC925 
 110      ADF33AFA 
 110      B4C4FA5C 
 110      C0
 111 00bd 8C4760C9 		.ascii	"\214G`\311\207\015\264\341!\332HL\204\307HJ\364\335"
 111      870DB4E1 
 111      21DA484C 
 111      84C7484A 
 111      F4DD
 112 00cf FCC117E6 		.ascii	"\374\301\027\346\0131\362\303\263\367%\273\011=\\nB"
 112      0B31F2C3 
 112      B3F725BB 
 112      093D5C6E 
 112      42
 113 00e0 9FFC075A 		.ascii	"\237\374\007ZA2\216\177p4\177\312\261\302\277l\261\011"
 113      41328E7F 
 113      70347FCA 
 113      B1C2BF6C 
 113      B109
 114 00f2 87A4725A 		.ascii	"\207\244rZ\253\333\221>\372]\024\006\255{\237\335\004"
 114      ABDB913E 
 114      FA5D1406 
 114      AD7B9FDD 
 114      04
 115 0103 04662973 		.ascii	"\004f)s\011}\001\3330\277\023M\011J\032\242#\272\316"
 115      097D01DB 
 115      30BF134D 
 115      094A1AA2 
 115      23BACE
 116 0116 CA488588 		.ascii	"\312H\205\210\032\310\377(\276\333\250\302d+3\312\362"
 116      1AC8FF28 
 116      BEDBA8C2 
 116      642B33CA 
 116      F2
 117 0127 6103856F 		.ascii	"a\003\205o\223M\203\022\333\277\375\260aaK\2105P{=\375"
 117      934D8312 
 117      DBBFFDB0 
 117      61614B88 
 117      35507B3D 
ARM GAS  /tmp/ccEYA44h.s 			page 9


 118 013c D63641E2 		.ascii	"\3266A\342^\230\250\275L\030\267\023W\226\253TK\366"
 118      5E98A8BD 
 118      4C18B713 
 118      5796AB54 
 118      4BF6
 119 014e B1AAF70A 		.ascii	"\261\252\367\012\272EL\215\335\303Wv\210;9\351{x&\340"
 119      BA454C8D 
 119      DDC35776 
 119      883B39E9 
 119      7B7826E0 
 120 0162 04B6A5C4 		.ascii	"\004\266\245\304\252d2\200\331\351\325\325\223\336="
 120      AA643280 
 120      D9E9D5D5 
 120      93DE3D
 121 0171 3D9ED3ED 		.ascii	"=\236\323\355\001\273\330A\210\371x\"\342|\263\362k"
 121      01BBD841 
 121      88F97822 
 121      E27CB3F2 
 121      6B
 122 0182 F174E79A 		.ascii	"\361t\347\232q\206\231\200O\340)\2742\333\361\264\""
 122      71869980 
 122      4FE029BC 
 122      32DBF1B4 
 122      22
 123 0193 740A47FA 		.ascii	"t\012G\372\212|\270u+\246\034Oq\212a\352SD\347S)\357"
 123      8A7CB875 
 123      2BA61C4F 
 123      718A61EA 
 123      5344E753 
 124 01a9 78FBC35E 		.ascii	"x\373\303^_\317\2007\344gG\206\275\264?8\350g\274K\335"
 124      5FCF8037 
 124      E4674786 
 124      BDB43F38 
 124      E867BC4B 
 125 01be 5D97BBAE 		.ascii	"]\227\273\256y\231\321\376t*M\211\276\236\314\325\201"
 125      7999D1FE 
 125      742A4D89 
 125      BE9ECCD5 
 125      81
 126 01cf DEAC3594 		.ascii	"\336\2545\224\355\367\377\000%\355\2619"
 126      EDF7FF00 
 126      25EDB139 
 127              		.text
 128              		.section	.gnu.lto_nvicClearPending.e58ec4d00a6af0c7,"",%progbits
 129 0000 789C3551 		.ascii	"x\2345Q\317KTQ\024>\337=\357\307\024:\353\240\241\\"
 129      CF4B5451 
 129      143EDF3D 
 129      EFC7143A 
 129      EBA0A15C 
 130 0014 0422C25C 		.ascii	"\004\"\302\\\374\023\302E+7\375\0071\033\203\234\211"
 130      FC13C245 
 130      2B37FD07 
 130      311B839C 
 130      89
 131 0025 0C69E79D 		.ascii	"\014i\347\235\031\235\321\2240\324\011\206\207<q\"Z"
 131      199DD194 
 131      30D40986 
ARM GAS  /tmp/ccEYA44h.s 			page 10


 131      873C7122 
 131      5A
 132 0036 94C56836 		.ascii	"\224\305h6\366\3531\344B\242\"\211V\2552\004\013$\005"
 132      F6EB31E4 
 132      42A22289 
 132      56AD3204 
 132      0B2405
 133 0049 2142AD73 		.ascii	"!B\255s\337\243\303\375q\316\271\347;\367\273\337\365"
 133      DFA3C3FD 
 133      71CEB9E7 
 133      3BF7BBDF 
 133      F5
 134 005a 88E81044 		.ascii	"\210\350\020DZ\366\2632\301\0045\363\201\250\230R\200"
 134      5AF6B332 
 134      C10435F3 
 134      81A89852 
 134      80
 135 006b 754C0A34 		.ascii	"uL\0124\2520\212i\236c\264\253;-\325\363\300\210E\367"
 135      AA308A69 
 135      9E63B4AB 
 135      3B2DD5F3 
 135      C08845F7 
 136 007f FE781533 		.ascii	"\376x\0253~&`\242\232Lkh\242G\252>\215=\011x\212\003"
 136      7E2660A2 
 136      9A4C6B68 
 136      A247AA3E 
 136      8D3D0978 
 137 0095 061C09F7 		.ascii	"\006\034\011\367\337\327\267\3236T\350\222\360\330\314"
 137      DFD7B7D3 
 137      3654E892 
 137      F0D8CC
 138 00a4 D5D29C05 		.ascii	"\325\322\234\005\211\377\375\335\322\214\337}\337\230"
 138      89FFFDDD 
 138      D28CDF7D 
 138      DF98
 139 00b2 9289DE36 		.ascii	"\222\211\3366\330\\\010\230\361\014,\015\261\212\014"
 139      D85C0898 
 139      F10C2C0D 
 139      B18A0C
 140 00c1 56902149 		.ascii	"V\220!I\021\326\320m\353\277==\231\357\364\234\344B"
 140      11D6D06D 
 140      EBBF3D3D 
 140      99EFF49C 
 140      E442
 141 00d3 3C874742 		.ascii	"<\207GB\236\226\267\334\310\234\374\255\232\350k\003"
 141      9E96B7DC 
 141      C89CFCAD 
 141      9AE86B03 
 142 00e3 772F09E3 		.ascii	"w/\011\343\200\035%\213\313\326s\354\342\"\356A\023"
 142      801D258B 
 142      CBD673EC 
 142      E222EE41 
 142      13
 143 00f4 82947799 		.ascii	"\202\224w\231\210&YY\257\034\321\017\224\217*\307k\241"
 143      88265959 
 143      AF1CD10F 
 143      948F2AC7 
ARM GAS  /tmp/ccEYA44h.s 			page 11


 143      6BA1
 144 0106 B21DEB8C 		.ascii	"\262\035\353\214:\273r\327l\343q\253\323\322vp\036-"
 144      3ABB72D7 
 144      6CE371AB 
 144      D3D27670 
 144      1E2D
 145 0118 212265BF 		.ascii	"!\"e\277*\017\375\244H\2417#\2456yP\231t\223$'\310\315"
 145      2A0FFDA4 
 145      48A13723 
 145      A5367950 
 145      99749324 
 146 012f C6FA5187 		.ascii	"\306\372Q\207E\272p\261\036#K\007\325\377HG\300\222"
 146      45BA70B1 
 146      1E234B07 
 146      D5FF4847 
 146      C092
 147 0141 697FBEBD 		.ascii	"i\177\276\275\033\303\004P\033o\177\364-\300\213UYY"
 147      1BC30450 
 147      1B6F7FF4 
 147      2DC08B55 
 147      5959
 148 0153 DCFBDD91 		.ascii	"\334\373\335\221\204\246]6iI5\177\316n\373!\026\212"
 148      84A65D36 
 148      6949357F 
 148      CE6EFB21 
 148      168A
 149 0165 A27C782E 		.ascii	"\242|x.`\037/E\236\027\322\333\0026\246\213\213\247"
 149      601F2F45 
 149      9E17D2DB 
 149      0236A68B 
 149      8BA7
 150 0177 F5233356 		.ascii	"\365#3V4]\001\247\360\012!\346\343?\221\303/[\253\315"
 150      345D01A7 
 150      F00A21E6 
 150      E33F91C3 
 150      2F5BABCD 
 151 018b 74DFB23D 		.ascii	"t\337\262=\014G\002>\205\327\320B5\376\2577\350\023"
 151      0C47023E 
 151      85D7D042 
 151      35FEAF37 
 151      E813
 152 019d 42B48752 		.ascii	"B\264\207R\270t\007\261\240\326&\344a\"\215\"\352\315"
 152      B87407B1 
 152      A0D626E4 
 152      61228D22 
 152      EACD
 153 01af 6675320A 		.ascii	"fu2\012\303z\360\3125}\275p\343\346\260\316\025\206"
 153      C37AF0CA 
 153      357DBD70 
 153      E3E6B0CE 
 153      1586
 154 01c1 860A797D 		.ascii	"\206\012y}\361\362@\377\300-\235\037\271\232\313\346"
 154      F1F240FF 
 154      C02D9D1F 
 154      B99ACBE6 
 155 01d1 08F97F0B 		.ascii	"\010\371\177\013\343\254\267"
 155      E3ACB7
ARM GAS  /tmp/ccEYA44h.s 			page 12


 156              		.text
 157              		.section	.gnu.lto_.symbol_nodes.e58ec4d00a6af0c7,"",%progbits
 158 0000 789C6363 		.ascii	"x\234cc``\360\002b\006\246\026\246z\006\206\011\347"
 158      6060F002 
 158      6206A616 
 158      A67A0686 
 158      09E7
 159 0012 181880D4 		.ascii	"\030\030\200\324\256\006G\240H+S=#\252H\033S=\023\252"
 159      AE0647A0 
 159      482B533D 
 159      23AA481B 
 159      533D13AA 
 160 0026 483B533D 		.ascii	"H;S=3\212\010\003\000\255\216\021\331"
 160      338A0803 
 160      00AD8E11 
 160      D9
 161              		.text
 162              		.section	.gnu.lto_.refs.e58ec4d00a6af0c7,"",%progbits
 163 0000 789C6363 		.ascii	"x\234cc```\004b\006\000\000D\000\010"
 163      60606004 
 163      62060000 
 163      440008
 164              		.text
 165              		.section	.gnu.lto_.decls.e58ec4d00a6af0c7,"",%progbits
 166 0000 789CBD59 		.ascii	"x\234\275Y{P\224\327\025\337\373\335\005\226\267E\246"
 166      7B5094D7 
 166      15DFFBDD 
 166      0596B745 
 166      A6
 167 0011 B1299DA6 		.ascii	"\261)\235\246\216\231\3206\260j\322\230\277\332\020"
 167      8E99D036 
 167      B06AD298 
 167      BFDA10
 168 0020 C4CA744C 		.ascii	"\304\312tL\231\3058M2\015!\353&\220\362\260\200\235"
 168      99C5384D 
 168      320D21EB 
 168      2690F2B0 
 168      809D
 169 0032 38FDA31F 		.ascii	"8\375\243\037.F\024\037 \004\020! `|\200\012\021AA\024"
 169      2E46141F 
 169      20041021 
 169      20607C80 
 169      0A114141 
 170 0047 501141D0 		.ascii	"P\021A\320\240\240\310S\004DD\344\241\"\017\245\347"
 170      A0A0C853 
 170      044444E4 
 170      A1220FA5 
 170      E7
 171 0058 3EBEDD8F 		.ascii	">\276\335\217O\326\372G'\337x\366\333{\357\357\236\363"
 171      4FD6FA47 
 171      27DF78F6 
 171      DB7BEFEF 
 171      9EF3
 172 006a BBE7DC7B 		.ascii	"\273\347\334{\356Y\264V\251T\201\277P\251\036\012*U"
 172      EE59B456 
 172      A95481BF 
 172      50A91E0A 
ARM GAS  /tmp/ccEYA44h.s 			page 13


 172      2A55
 173 007c 1652A966 		.ascii	"\026R\251f\340\261\202\276J\020h\252\312U\354Q\203\\"
 173      E0B182BE 
 173      4A1068AA 
 173      CA55EC51 
 173      835C
 174 008e 00A903A9 		.ascii	"\000\251\003\251\007\271\254z\376\331\011\023\234\340"
 174      07B9AC7A 
 174      FED90913 
 174      9CE0
 175 009c FD19880B 		.ascii	"\375\031\210\013\210+\237\357\006\362\006\310\307 \037"
 175      882B9FEF 
 175      06F206C8 
 175      C7201F
 176 00ab 81FC0670 		.ascii	"\201\374\006p\277\006\351\207\357w@\236\200\214\203"
 176      BF06E987 
 176      EF77409E 
 176      808C83
 177 00ba 609079D0 		.ascii	"`\220y\320\357\006\342\214\230\375\013s\330I\201\001"
 177      EF06E28C 
 177      98FD0B73 
 177      D8498101 
 178 00ca 8739EC48 		.ascii	"\2079\354H6$\375\222^\311\016,Q5\0371\033\210\257E\371"
 178      3624FD92 
 178      5EC90E2C 
 178      51351F31 
 178      1B88AF45 
 179 00df EC81013B 		.ascii	"\354\201\001;\013k \334#`|\035\310\007\210\351$z>\342"
 179      0B6B20DC 
 179      23607C1D 
 179      C80788E9 
 179      247A3EE2 
 180 00f3 FAEA793B 		.ascii	"\372\352y;\032\315\326\231iA\247%\276d\272\033\3279"
 180      1ACDD699 
 180      6941A725 
 180      BE64BA1B 
 180      D739
 181 0105 979F9330 		.ascii	"\227\237\2230j\2579\230\207\3430z\303\016\221\2109C"
 181      6AAF3998 
 181      87E3307A 
 181      C30E9188 
 181      3943
 182 0117 D7D1C193 		.ascii	"\327\321\301\223\023\216\254\213 \032+\223\034\261@"
 182      138EAC8B 
 182      201A2B93 
 182      1CB140
 183 0126 BF76E5C7 		.ascii	"\277v\345\307\364\332z\346\213\354\321\374]\205\216"
 183      F4DA7AE6 
 183      8BECD1FC 
 183      5D858E
 184 0135 232C696A 		.ascii	"#,ij\3349\232k\203\337\241\300\037c\012\322\211V\027"
 184      DC399A6B 
 184      83DFA1C0 
 184      1F630AD2 
 184      895617
 185 0148 3BA486E6 		.ascii	";\244\206\346H}\332m'h\272\332\241\327\222\260\320\331"
 185      487DDA6D 
ARM GAS  /tmp/ccEYA44h.s 			page 14


 185      2768BADA 
 185      A1D792B0 
 185      D0D9
 186 015a 32D5E684 		.ascii	"2\325\346\204\354\334cEq\243\230e\024mW\252\320I\344"
 186      ECDC6345 
 186      71A39865 
 186      146D57AA 
 186      D049E4
 187 016d 864E2037 		.ascii	"\206N 7\025*C\356\304r1\362T\241\"\350<\006\235\337"
 187      152A43EE 
 187      C47231F2 
 187      54A122E8 
 187      3C069DDF 
 188 0181 13731597 		.ascii	"\023s\025\227S\377\270{T\024_C\245\310\016\225 L1\260"
 188      53FFB87B 
 188      54145F43 
 188      A5C80E95 
 188      204C31B0 
 189 0195 B837EC18 		.ascii	"\2707\354\030\201\203\271\011\331\326\370\"\"\014\204"
 189      8183B909 
 189      D9D6F822 
 189      220C84
 190 01a4 B23DBDE7 		.ascii	"\262=\275\347\005K6N[\264q\275ta\365&Q\024P9\3308e\266"
 190      054B364E 
 190      5BB471BD 
 190      7461F526 
 190      51145039 
 191 01bc 0126C90B 		.ascii	"\001&\311\013z\301Pie\371\031\373N\324\216`\037\240"
 191      7AC15069 
 191      65F919FB 
 191      4ED48E60 
 191      1FA0
 192 01ce 7974FD08 		.ascii	"yt\375\010\261Ox\023\241\355\031\351A\254\037z\005\366"
 192      B14F7813 
 192      A1ED19E9 
 192      41AC1F7A 
 192      05F6
 193 01e0 E250D290 		.ascii	"\342P\322\220\246 S\217\300u\010\222^\372\217+@r\255"
 193      A620538F 
 193      C0750892 
 193      5EFA8F2B 
 193      4072AD
 194 01f3 6C9C9993 		.ascii	"l\234\231\223\036\026u\366E6\217u\011fc\262)\317qU\231"
 194      1E1675F6 
 194      45368F75 
 194      096663B2 
 194      29CF7155 
 195 0208 864DA4CC 		.ascii	"\206M\244\314\213D<\334M\203\333\2168t\241\016\030\205"
 195      8B443CDC 
 195      4D83DB8E 
 195      3874A10E 
 195      1885
 196 021a ED1CAF09 		.ascii	"\355\034\257\011\245\201\337s\255;G\300\015l\273\\8"
 196      A581DF73 
 196      AD3B47C0 
 196      0D6CBB5C 
 196      38
ARM GAS  /tmp/ccEYA44h.s 			page 15


 197 022b 70BC12A9 		.ascii	"p\274\022\251\005\3467\024\246&}u\343\373\317\250M}"
 197      05E63714 
 197      A6267D75 
 197      E3FBCFA8 
 197      4D7D
 198 023d 5588769E 		.ascii	"U\210v\236\237\031\257pf\333E ;i\370R\206=\333.\363"
 198      9F19AF70 
 198      66DB4520 
 198      3B69F852 
 198      863DDB2E 
 199 0252 C8EE39DD 		.ascii	"\310\3569\335\221,,H&\361\2117\212\363\004\364\331\317"
 199      912C2C48 
 199      26F18937 
 199      8AF304F4 
 199      D9CF
 200 0264 D17988DA 		.ascii	"\321y\210\3329\210\232\012U\243\005\360y\026\251\031"
 200      39889A0A 
 200      55A305F0 
 200      7916A919 
 201 0274 ADC2B8A7 		.ascii	"\255\302\270\247\2335\013\263\304\254.\261b\246u\321"
 201      9B350BB3 
 201      C4AC2EB1 
 201      62A675D1 
 202 0284 9D225184 		.ascii	"\235\"Q\204x\212j\202C\225\346\200V\222\215\213*P\027"
 202      788A6A82 
 202      4395E680 
 202      56928D8B 
 202      2A5017
 203 0297 42675027 		.ascii	"BgP',\342\002ZHV\325Q>\214\311\316\265\304?\345jv\251"
 203      2CE2025A 
 203      4856D551 
 203      3E8CC9CE 
 203      B5C43FE5 
 204 02ae A34532B5 		.ascii	"\243E2\265\224\314E\211\314LKe\277\023'3\260 M\254\330"
 204      94CC4589 
 204      CC4C4B65 
 204      BF132733 
 204      B0204DAC 
 205 02c3 2892BD05 		.ascii	"(\222\275\005(Tc\246R\243\244RG\251\024>\271g\3048\203"
 205      285463A6 
 205      52A3A452 
 205      47A9143E 
 205      B967C438 
 206 02d8 51498C49 		.ascii	"QI\214IH\262\345\232j_5i\"\213\272d\326tI\251\251\236"
 206      48B2E59A 
 206      6A5F3569 
 206      228BBA64 
 206      D67449A9 
 207 02ee 6A2ADF9F 		.ascii	"j*\337\237\342\213K\231\242\221S\321\177\223\030\375"
 207      E28B4B99 
 207      A29153D1 
 207      7F9318FD 
 208 02fe 7216A306 		.ascii	"r\026\243\006\263\236\006\245\236\313TO~Sf\231\003\013"
 208      B39E06A5 
 208      9ECB544F 
 208      7E536699 
 208      030B
ARM GAS  /tmp/ccEYA44h.s 			page 16


 209 0310 93E84674 		.ascii	"\223\350FtUn.\342\355a\033h'\035\276]\202X;\336\025"
 209      556E2EE2 
 209      ED611B68 
 209      271DBE5D 
 209      82583BDE 
 210 0325 DAFD4DFB 		.ascii	"\332\375M\373\323\034Y\034\305\275\010:2\246\247c\324"
 210      D31C591C 
 210      C5BD083A 
 210      32A6A763 
 210      D4
 211 0336 B88E31B9 		.ascii	"\270\2161\271\325\374\254\216\347\010\243\025\331\031"
 211      D5FCAC8E 
 211      E708A315 
 211      D919
 212 0344 BD6DDF3A 		.ascii	"\275m\337:\332\305\022\317\322\363J\006\244\023\253"
 212      DAC512CF 
 212      D2F34A06 
 212      A413AB
 213 0353 42CDE400 		.ascii	"B\315\344\000\"\255\033j\202&\240\363\222\263\217c\227"
 213      22AD1B6A 
 213      8226A0F3 
 213      92B38F63 
 213      97
 214 0364 781A0751 		.ascii	"x\032\007Q|OMCt\025\340\215\024~\035\271H\223\010\272"
 214      7C4F4D43 
 214      7415E08D 
 214      147E1DB9 
 214      489308BA 
 215 0378 675F4F96 		.ascii	"g_O\226-gn\015\355o\022\272s\2348sB\354J\302\266D5g"
 215      2D676E0D 
 215      ED6F12BA 
 215      739C3873 
 215      42EC4AC2 
 216 0390 4A52E08E 		.ascii	"JR\340\216\353\011\177\302M\214\347\215\302\304\002"
 216      EB097FC2 
 216      4D8CE78D 
 216      C2C402
 217 039f 2B867D40 		.ascii	"+\206}@\260\245i\315i\366\026y\266K<\333\030\317\243"
 217      B0A569CD 
 217      69F61679 
 217      B64B3CDB 
 217      18CFA3
 218 03b2 9B7A0E6A 		.ascii	"\233z\016j`\266\033\344W$K\256n,\271\026U\214\035V\343"
 218      60B61BE4 
 218      57244BAE 
 218      6E2CB916 
 218      558C1D56 
 219 03c7 1BD49250 		.ascii	"\033\324\222Px\270\347+\344n'e;\317M\233Il\272aa]\346"
 219      78B8E72B 
 219      E46E2765 
 219      3BCF4D9B 
 219      496CBA61 
 220 03de D8B89125 		.ascii	"\330\270\221%\321\254&\346\210x\201\012\275\345\206"
 220      D1AC26E6 
 220      8878810A 
 220      BDE586
 221 03ed 16434EBB 		.ascii	"\026CN\273\0059\315\215\347\264N\240\323\301\354\037"
ARM GAS  /tmp/ccEYA44h.s 			page 17


 221      0539CD8D 
 221      E7B44EA0 
 221      D3C1EC1F 
 222 03fd CC3C70CE 		.ascii	"\314<p\316\021w3\003\035\207\0374`\223\005\310u\307"
 222      11773303 
 222      1D871F34 
 222      609305C8 
 222      75C7
 223 040f 68AEEB05 		.ascii	"h\256\353\005\013\267\315\026\272\221\005\023=s\233"
 223      0BB7CD16 
 223      BA910513 
 223      3D739B
 224 041e 68EA4C6E 		.ascii	"h\352Ln\2657\207\002Q}7a\274\205z\244\217\206\242]\012"
 224      B5378702 
 224      517D3761 
 224      BC857AA4 
 224      8F86A25D 
 225 0433 C5C6735B 		.ascii	"\305\306s[\356!\342>\343\313iO=?\361@-\327~\347E\332"
 225      EE21E23E 
 225      E3CB694F 
 225      3D3FF140 
 225      2DD77EE7 
 226 0449 8B3B93B6 		.ascii	"\213;\223\266\360-\231En\236\322\366\221\012{\326\356"
 226      F02D9945 
 226      6E9ED2F6 
 226      910A7BD6 
 226      EE
 227 045a 22EE9F18 		.ascii	"\"\356\237\030Lm\322\360@;A\373\354X\372\210\003\036"
 227      4C6DD2F0 
 227      403B41FB 
 227      EC58FA88 
 227      031E
 228 046c 6091AE6A 		.ascii	"`\221\256j-\217\345\221^\006\315K;N\366Z\336\220CR\240"
 228      2D8FE591 
 228      5E06CD4B 
 228      3B4EF65A 
 228      DE904352 
 229 0481 EF339ECF 		.ascii	"\3573\236\317\262\322\233\005\345\206\274\007\360\001"
 229      B2D29B05 
 229      E586BC07 
 229      F001
 230 048f 0A7F4079 		.ascii	"\012\177@y\016I<S\356O\274\312\367\243\374\202t\241"
 230      0E493C53 
 230      EE4FBCCA 
 230      F7A3FC82 
 230      74A1
 231 04a1 17243AD2 		.ascii	"\027$:\322\177&\335\216\263$\011\361\354\325=y6\370"
 231      7F26DD8E 
 231      B32409F1 
 231      ECD53D79 
 231      36F8
 232 04b3 2163F970 		.ascii	"!c\371p\353\246q~n\310\241\353\251\035\375\301\311\""
 232      EBA6717E 
 232      6EC8A1EB 
 232      A91DFDC1 
 232      C922
 233 04c5 CB4712CB 		.ascii	"\313G\022\313\207\214e\372\300\330\214\223\222\345("
ARM GAS  /tmp/ccEYA44h.s 			page 18


 233      878C65FA 
 233      C0D88C93 
 233      92E528
 234 04d4 C04728FC 		.ascii	"\300G(\3741e\371Hb\231\332X\350\303B\36527(L\270zz\362"
 234      3165F948 
 234      6299DA58 
 234      E8C342F5 
 234      3237284C 
 235 04ec B2B35CFD 		.ascii	"\262\263\\\375\370\213\324\217\027O\265\362Uga\2625"
 235      F88BD48F 
 235      174FB5F2 
 235      556761B2 
 235      35
 236 04fd CA5A12F8 		.ascii	"\312Z\022\3705\320%?\265\256\374\324F\367\027l\306x"
 236      35D0253F 
 236      B5AEFCD4 
 236      46F7176C 
 236      C678
 237 050f 82B9612C 		.ascii	"\202\271a,e\323\026\015\003\277\002\315\275G\207\006"
 237      65D3160D 
 237      03BF02CD 
 237      BD478706 
 238 051f 3516DDF0 		.ascii	"5\026\335\360Lr\303S\306\363iUg\266\263\322\015S\000"
 238      4C72C353 
 238      C6F36955 
 238      67B6B3D2 
 238      0D5300
 239 0532 9FA4F019 		.ascii	"\237\244\360\031\312\363\231\304\263\250|d\237\224="
 239      CAF399C4 
 239      B3A87C64 
 239      9F943D
 240 0541 08CFDEBC 		.ascii	"\010\317\336\274\356\034;lTS\036\207*\342jx8\262H\254"
 240      EE1C3B6C 
 240      54531E87 
 240      2AE26A78 
 240      38B248AC 
 241 0555 66F60C67 		.ascii	"f\366\014g8\340X6(\005\322\205\007\362\362\335\342B"
 241      38E05836 
 241      2805D285 
 241      07F2F2DD 
 241      E242
 242 0567 01EF6283 		.ascii	"\001\357b\203O;\343\343m\370L\2627;[\232\012\035p\012"
 242      4F3BE3E3 
 242      6DF84CB2 
 242      373B5B9A 
 242      0A1D700A 
 243 057b 1B2CEEBB 		.ascii	"\033,\356\273X-\315$\203[\216v\307Y\341,6x\253\375\316"
 243      582DCD24 
 243      835B8E76 
 243      C759E12C 
 243      3678ABFD 
 244 0590 5627BC8F 		.ascii	"V'\274\2175.To\374\012\037e\337\353n\307\274\311&\305"
 244      352E546F 
 244      FC0A1F65 
 244      DFEB6EC7 
 244      BCC926C5 
 245 05a4 90047D3E 		.ascii	"\220\004}>\2670\0233\007f\321\355\177\254r\253\321\031"
ARM GAS  /tmp/ccEYA44h.s 			page 19


 245      B7301333 
 245      0766D1ED 
 245      7FAC72AB 
 245      D119
 246 05b6 1751B073 		.ascii	"\027Q\260s\347\244\261\323\001-b\317\374E\356\364\235"
 246      E7A4B1D3 
 246      012D62CF 
 246      FC45EEF4 
 246      9D
 247 05c7 2DC64443 		.ascii	"-\306DC\362\331\211\017\345\325\202+\253\020z\202\\"
 247      F2D9890F 
 247      E5D5822B 
 247      AB107A82 
 247      5C
 248 05d8 509C8051 		.ascii	"P\234\200Q\2620\337\024Jp%8h\011\251e\331\204\356O\340"
 248      B230DF14 
 248      4A702538 
 248      6809A965 
 248      D984EE4F 
 249 05ed 231A523E 		.ascii	"#\032R>\200[\021\003K\207\024\335@24\311<\265\004\035"
 249      805B1103 
 249      4B8714DD 
 249      403234C9 
 249      3CB5041D 
 250 0601 83899FD1 		.ascii	"\203\211\237\3214GK\336G\023H\241\273\221\243\011\221"
 250      34474BDE 
 250      471348A1 
 250      BB91A309 
 250      91
 251 0612 31A42032 		.ascii	"1\244 2\254Dw\177lFoQ\322\216\025\024L&?631\012\012"
 251      AC44777F 
 251      6C466F51 
 251      D28E1514 
 251      4C263F36 
 252 062a 261BE5E8 		.ascii	"&\033\345\350\030\243X1\372I\032E\223]\275\203\243M"
 252      18A35831 
 252      FA491A45 
 252      935DBD83 
 252      A34D
 253 063c 47E28A99 		.ascii	"G\342\212\231I\002\337X\"\024\002h\273\340\206\266Q"
 253      4902DF58 
 253      22140268 
 253      BBE086B6 
 253      51
 254 064d 4D040E27 		.ascii	"M\004\016'\006\245\012\356h\247\260\010\245\201$\202"
 254      06A50AEE 
 254      68A7B008 
 254      A5812482 
 255 065d A4806480 		.ascii	"\244\200d\200$\201\244\203$\200\354\002\331\003\022"
 255      2481A483 
 255      2480EC02 
 255      D90312
 256 066c 0FB21BE4 		.ascii	"\017\262\033\344[a\021\255\301\030\355\001\031\355\315"
 256      5B6111AD 
 256      C118ED01 
 256      19EDCD
 257 067b 4ADADF98 		.ascii	"J\332\337\230i\263D_}\323%\032\270\020\224\212'y\263"
ARM GAS  /tmp/ccEYA44h.s 			page 20


 257      69B3445F 
 257      7DD3251A 
 257      B810948A 
 257      2779B3
 258 068e AAA15697 		.ascii	"\252\241V\227]\242X\263\230\\\231\350\032w\257t\221"
 258      5DA258B3 
 258      985C99E8 
 258      1A77AF74 
 258      91
 259 069f A21F95A1 		.ascii	"\242\037\225\241\273)\263\274Uiy\34494\017\035d?4\310"
 259      BB29B3BC 
 259      556979E4 
 259      39340F1D 
 259      643F34C8 
 260 06b3 754B3911 		.ascii	"uK9\021\335U\206\256J\026\350he\350DA\201\036\225\005"
 260      DD5586AE 
 260      4A16E868 
 260      65E84441 
 260      811E9505 
 261 06c7 7A93121D 		.ascii	"z\223\022\035cF\223\334\334\334y\016\341\333t\333\013"
 261      634693DC 
 261      DCDC790E 
 261      E1DB74DB 
 261      0B
 262 06d8 1B270B8B 		.ascii	"\033'\013\213\255\320|\3679\203\004g\330\375\377\022"
 262      ADD07CF7 
 262      39830467 
 262      D8FDFF12 
 263 06e8 27E6F967 		.ascii	"'\346\371g\255\032\370\235\2042A\341w\202\351\202%q"
 263      AD1AF89D 
 263      843241E1 
 263      7782E982 
 263      2571
 264 06fa A0BCB6DC 		.ascii	"\240\274\266\334\231\254\303\016[M?Q(\320\234\265\366"
 264      99ACC30E 
 264      5B4D3F51 
 264      28D09CB5 
 264      F6
 265 070b 0A0EB4EC 		.ascii	"\012\016\264\354\2067\251\276\352/\264\361D\023K\316"
 265      8637A9BE 
 265      EA2FB4F1 
 265      44134BCE 
 266 071b F2CCDD96 		.ascii	"\362\314\335\226\034\236\225\206ie7\235Q\302\333\256"
 266      1C9E9586 
 266      6965379D 
 266      51C2DBAE 
 267 072b B2ECE2CA 		.ascii	"\262\354\342\312\263\313`j\234\321\331b\202\374^\340"
 267      B3CB606A 
 267      9CD1D962 
 267      82FC5EE0 
 268 073b 09F2044B 		.ascii	"\011\362\004K\220\327\332{\223\035\224\011r\0378)\227"
 268      90D7DA7B 
 268      931D9409 
 268      721F3829 
 268      97
 269 074c 3A76BFE0 		.ascii	":v\277\340\"M\"\350\343\215\327\037\333\342\373,\007"
 269      224D22E8 
ARM GAS  /tmp/ccEYA44h.s 			page 21


 269      E38DD71F 
 269      DBE2FB2C 
 269      07
 270 075d B5246F1D 		.ascii	"\265$o\035\264\222n\215\330\227\2715r\373\012\037\330"
 270      B4926E8D 
 270      D897B935 
 270      72FB0A1F 
 270      D8
 271 076e CA8D1D14 		.ascii	"\312\215\035\024^`\354j\337\336\030~\305_Q\311~-\270"
 271      5E60EC6A 
 271      DFDE187E 
 271      C55F51C9 
 271      7E2DB8
 272 0781 B05F0B52 		.ascii	"\260_\013R\342t\345\211\263\254\272\361\"\302\243\214"
 272      E274E589 
 272      B3ACBAF1 
 272      22C2A38C 
 273 0791 5BD568C1 		.ascii	"[\325h\301~>\227$\362\256\370\2633\226}R \371\344\250"
 273      7E3E9724 
 273      F2AEF8B3 
 273      33967D52 
 273      20F9E4A8 
 274 07a5 40693E8A 		.ascii	"@i>\212/X\241t\311a`\231OY\026R\226\005\022\313\335"
 274      2F58A174 
 274      C9616099 
 274      4F591652 
 274      960512CB 
 275 07ba 19034704 		.ascii	"\031\003G\004\345\232,\242\343\316\037\257\346\261\255"
 275      E59A2CA2 
 275      E3CE1FAF 
 275      E6B1AD
 276 07c9 21EDBE67 		.ascii	"!\355\276g\307jm"
 276      C76A6D
 277 07d0 F038239D 		.ascii	"\3608#\235\270\353I\255\006O\261F\311P^\211#CV\220v"
 277      B8EB49AD 
 277      064FB146 
 277      C9505E89 
 277      23435690 
 278 07e5 5AD9C35A 		.ascii	"Z\331\303Z^\263hd\303\256|x,ox\2375\236as\023\206G\023"
 278      5EB36864 
 278      C3AE7C78 
 278      2C6F789F 
 278      359E6173 
 279 07fd AD2D2EB7 		.ascii	"\255-.\267TZ\356b\272\332\222\3439\0174\312\345\236"
 279      545AEE62 
 279      BADA92E3 
 279      390F34CA 
 279      E59E
 280 080f 800594D0 		.ascii	"\200\005\224\320\005\224\321\005\224J\013(\213\316m"
 280      0594D105 
 280      944A0B28 
 280      8BCE6D
 281 081e C2CAE55A 		.ascii	"\302\312\345ZD\037\350K\337\301\303\360.)3&\366\016"
 281      441FE84B 
 281      DFC1C3F0 
 281      2E293326 
 281      F60E
ARM GAS  /tmp/ccEYA44h.s 			page 22


 282 0830 3862A315 		.ascii	"8b\243\025%y\177h\372\250\023\216e\215\262\222S\325"
 282      25797F68 
 282      FAA8138E 
 282      658DB292 
 282      53D5
 283 0842 7C758B49 		.ascii	"|u\213I\321\237_\331`\217\267\263\261\351\370\314c\266"
 283      D19F5FD9 
 283      608FB7B3 
 283      B1E9F8CC 
 283      63B6
 284 0854 389135F6 		.ascii	"8\2215\366\214\265\337\345\233\337\235\3049\347\273"
 284      8CB5DFE5 
 284      9BDF9DC4 
 284      39E7BB
 285 0863 5DB63895 		.ascii	"]\2668\225\215\315\304\307\356\266\301\031\254\221\324"
 285      8DCDC4C7 
 285      EEB6C119 
 285      AC91D4
 286 0872 9094638F 		.ascii	"\220\224c\217\263Yc(\246\267\213o\235\005\320\234\352"
 286      B3596328 
 286      A6B78B6F 
 286      9D05D09C 
 286      EA
 287 0883 4F6AE1BF 		.ascii	"Oj\341\277_\034d\345\210+/G\216<\336\221b\217\017\260"
 287      5F1C64E5 
 287      882B2F47 
 287      8E3CDE91 
 287      628F0FB0 
 288 0897 A9D75B62 		.ascii	"\251\327[bNr\254=4\215\371\247\213\255,\272\366\222"
 288      4E72AC3D 
 288      348DF9A7 
 288      8BAD2CBA 
 288      F692
 289 08a9 E4DA3AB6 		.ascii	"\344\332:\266\223\266\037\311=c\255\254\230/\202\267"
 289      93B61FC9 
 289      3D63ADAC 
 289      982F82B7 
 290 08b9 6AA8B7EA 		.ascii	"j\250\267\352\251\267.I\336j\350\213\273l\257\254\200"
 290      A9B72E49 
 290      DE6AE88B 
 290      BB6CAFAC 
 290      80
 291 08ca 2DA2CB1B 		.ascii	"-\242\313\033\333\336\303\371\214\344\243\206\266[\010"
 291      DBDEC3F9 
 291      8CE4A386 
 291      B65B08
 292 08d9 17B0464C 		.ascii	"\027\260FL\335\305\3756\270\2105\006\017\326\327X\343"
 292      DDC5FD36 
 292      B8883506 
 292      0FD6D758 
 292      E3
 293 08ea 52D6E8E9 		.ascii	"R\326\350\351\233<\201\361\031\326\370~0{\273->\307"
 293      9B3C81F1 
 293      19D6F87E 
 293      307BBB2D 
 293      3EC7
 294 08fc E7F40C35 		.ascii	"\347\364\0145p\007m#\207ij\270\370\232\344\022\262\335"
ARM GAS  /tmp/ccEYA44h.s 			page 23


 294      70076D23 
 294      87696AB8 
 294      F89AE412 
 294      B2DD
 295 090e 061EF5CE 		.ascii	"\006\036\365\316hp-\005\277R\330x)\313\026\321Z\302"
 295      68702D05 
 295      BF52D878 
 295      29CB16D1 
 295      5AC2
 296 0920 FCB8F377 		.ascii	"\374\270\363w\266\230\004\351\272\243\237_6?\010.\350"
 296      B69804E9 
 296      BAA39F5F 
 296      363F082E 
 296      E8
 297 0931 0864C456 		.ascii	"\010d\304VHx\322\251@y\312\024_\025\300\252\212\006"
 297      4878D2A9 
 297      4079CA14 
 297      5F15C0AA 
 297      8A06
 298 0943 40D772B4 		.ascii	"@\327r\264\264ptA\216N\202\333\2711\210\335\316d\353"
 298      B4707441 
 298      8E4E82DB 
 298      B93188DD 
 298      CE64EB
 299 0956 1571B429 		.ascii	"\025q\264)\365\034\243\350\223\350\271\353\271\031\364"
 299      F51CA3E8 
 299      93E8B9EB 
 299      B919F4
 300 0965 35D1C156 		.ascii	"5\321\301V\236\366\357@\332\037\200T\336\001\322\017"
 300      9EF6EF40 
 300      DA1F8054 
 300      DE01D20F 
 301 0975 721FA40B 		.ascii	"r\037\244\013\344\026H\013\310]\220{ = } \275 m \203"
 301      E416480B 
 301      C85D907B 
 301      203D207D 
 301      20BD206D 
 302 098b 2043209D 		.ascii	" C \235 7An\200\264\203\334\006\3516]\337\264\216\010"
 302      2037416E 
 302      80B483DC 
 302      06E9365D 
 302      DFB48E08 
 303 099f 30D71167 		.ascii	"0\327\021g\224L\313g\255\213T4A\354\242;\004^8\300\321"
 303      944CCB67 
 303      AD8B5434 
 303      41ECA23B 
 303      045E38C0 
 304 09b4 5276E405 		.ascii	"Rv\344\005\253\254F\271\371\251Y\367U\245n\255\331\011"
 304      ABAC46B9 
 304      F9A959F7 
 304      55A56EAD 
 304      D909
 305 09c6 CC67B532 		.ascii	"\314g\2652\237\035\237\333g\362\372G\246\373\212\022"
 305      9F1D9FDB 
 305      67F2FA47 
 305      A6FB8A12 
 306 09d6 9DAF444F 		.ascii	"\235\257DO\312\320\227\347FKT\250\362 3\374\272\022"
ARM GAS  /tmp/ccEYA44h.s 			page 24


 306      CAD097E7 
 306      464B54A8 
 306      F22033FC 
 306      BA12
 307 09e8 9EAD2CDC 		.ascii	"\236\255,\334\006\270S\340r\240u\310,\247\344<\247\374"
 307      06B853E0 
 307      72A075C8 
 307      2CA7E43C 
 307      A7FC
 308 09fa A6CCE3E7 		.ascii	"\246\314\343\347\224\312\317>\007\037\220\301+\225\360"
 308      94CACF3E 
 308      071F90C1 
 308      2B95F0
 309 0a09 8AE7E0DD 		.ascii	"\212\347\340\3352x\325\334py9\326\301\312\261Ve9FT\365"
 309      3278D5DC 
 309      707939D6 
 309      C1CAB156 
 309      65394654 
 310 0a1e 75B8641B 		.ascii	"u\270d\033\311\011!\272\032\225\272J\224>\256\225Y\256"
 310      C90921BA 
 310      1A95BA4A 
 310      943EAE95 
 310      59AE
 311 0a30 56A25939 		.ascii	"V\242Y9&\017w\343\247\346p_\233ss\310t7\312t\237\237"
 311      260F77E3 
 311      A7E6705F 
 311      9B7373C8 
 311      7437CA74 
 312 0a46 DB67F268 		.ascii	"\333g\362h\313\320\247\347\336\323\263<,\333\034?\316"
 312      CBD0A7E7 
 312      DED3B33C 
 312      2CDB1C3F 
 312      CE
 313 0a57 BD4C1371 		.ascii	"\275L\023q\222\011x\270OA\270Or\270t\275\240\342Y\305"
 313      920978B8 
 313      4F41B84F 
 313      72B874BD 
 313      A0E259C5 
 314 0a6b 5E43E7B7 		.ascii	"^C\347\267\015j|\205\346$\241\375nQ\234\275\262\330"
 314      0D6A7C85 
 314      E624A1FD 
 314      6E519CBD 
 314      B2D8
 315 0a7d 938E3C1A 		.ascii	"\223\216<\032\201\223\376S\234z^\014\366[\223bp\030"
 315      8193FE53 
 315      9C7A5E0C 
 315      F65B9362 
 315      7018
 316 0a8f 0C3E3017 		.ascii	"\014>0\027\203\255R1\230\323\327}V-/\006\207g\025\203"
 316      83AD5231 
 316      98D3D77D 
 316      562D2F06 
 316      87671583 
 317 0aa3 A3BC181C 		.ascii	"\243\274\030\034\245\305`\352\364\311.\007\334\302\262"
 317      A5C560EA 
 317      F4C92E07 
 317      DCC2B2
ARM GAS  /tmp/ccEYA44h.s 			page 25


 318 0ab2 74767FFD 		.ascii	"tv\177\375E~K\376\212\374=&qp\007bI\272\237$\355\275"
 318      457E4BFE 
 318      8AFC3D26 
 318      71700762 
 318      49BA9F24 
 319 0ac8 F563C976 		.ascii	"\365c\311v\370\016\303\236(\277\277\224A\311\017\304"
 319      F80EC39E 
 319      28BFBF94 
 319      41C90FC4 
 320 0ad8 F6B8B656 		.ascii	"\366\270\266Vd\361\332z\"][\343\354\332jzR>\351\200"
 320      64F1DA7A 
 320      225D5BE3 
 320      ECDA6A7A 
 320      523EE980 
 321 0aec 87A92275 		.ascii	"\207\251\"u\276\361\320\260\032\271\273!\200#\366\027"
 321      BEF1D0B0 
 321      1AB9BB21 
 321      8023F617 
 322 0afc 25F27F02 		.ascii	"%\362\177\002*\364\024\366\326\204\200\245\377cH\023"
 322      2AF414F6 
 322      D68480A5 
 322      FF634813 
 323 0b0c 41FDF07F 		.ascii	"A\375\360\177H7|\327\320\367\034\177[\232\004\367?\245"
 323      48377CD7 
 323      D0F71C7F 
 323      5B9A04F7 
 323      3FA5
 324 0b1e F6A6213A 		.ascii	"\366\246!:S\314`f\346\351f$\277\371\210\356G0\376\220"
 324      53CC6066 
 324      E6E96624 
 324      BFF988EE 
 324      4730FE90 
 325 0b32 46FC19BD 		.ascii	"F\374\031\275\371\236H7_az\315\204\255\035\327\035\373"
 325      F99E4837 
 325      5F617ACD 
 325      84AD1DD7 
 325      1DFB
 326 0b44 BF74E78D 		.ascii	"\277t\347\215\346N\317\272Ug^\244;\266Y\274g\365z\216"
 326      E64ECFBA 
 326      55675EA4 
 326      3BB659BC 
 326      67F57A8E 
 327 0b58 78A542AC 		.ascii	"x\245B\254\230j}3mc\205h|\017\211\330\005=\206P\326"
 327      986A7D33 
 327      6D638568 
 327      7C0F89D8 
 327      053D8650 
 328 0b6d A385B2A9 		.ascii	"\243\205\262\251c\320\363\251\240B\321\370u\325\357"
 328      63D0F3A9 
 328      A042D1F8 
 328      75D5EF
 329 0b7c 3C3DB5EC 		.ascii	"<=\265\354_x\2446(0D\273.<\"*R\253\017\017\015\015\017"
 329      5F78A436 
 329      283044BB 
 329      2E3C222A 
 329      52AB0F0F 
 330 0b93 D37AE956 		.ascii	"\323z\351Vy\257\372Z\033\366\257`\275\247^\363\347\017"
ARM GAS  /tmp/ccEYA44h.s 			page 26


 330      79AFFA5A 
 330      1BF6AF60 
 330      BDA75EF3 
 330      E70F
 331 0ba5 3E7CCD7B 		.ascii	">|\315{\311\022\225]@\300\372\340\260\250\267\226\006"
 331      C912955D 
 331      40C0FAE0 
 331      B0A8B796 
 331      06
 332 0bb6 447D83B4 		.ascii	"D}\203\264A\341\241\006m\240>\322\340\021\022\370\271"
 332      41E1A106 
 332      6DA03ED2 
 332      E01112F8 
 332      B9
 333 0bc7 7679B87E 		.ascii	"vy\270~}\250!\014T\2546\004\206\376E\353\243\017\011"
 333      7DA8210C 
 333      54AC3604 
 333      86FE45EB 
 333      A30F09
 334 0bda 5E176908 		.ascii	"^\027i\0100x\254[\257\377\307R\355\352\360\360\220H"
 334      3078AC5B 
 334      AFFFC752 
 334      EDEAF0F0 
 334      9048
 335 0bec ED977ABD 		.ascii	"\355\227z\275G`D\250GXx\230\301\303\020\370y\260\307"
 335      476044A8 
 335      47587898 
 335      C1C310F8 
 335      79B0C7
 336 0bff 328FA58B 		.ascii	"2\217\245\213\227,\363\370\347\333\036\241\201_\205"
 336      972CF3F8 
 336      E7DB1EA1 
 336      815F85
 337 0c0e 4768678D 		.ascii	"Ghg\215j\203\303\364!\353\327\032\264\241\201\372\240"
 337      6A83C3F4 
 337      21EBD71A 
 337      B4A181FA 
 337      A0
 338 0c1f E0308336 		.ascii	"\3400\2036`\255\341\213\300\365!Q\001Q\033\326\031\""
 338      60ADE18B 
 338      C0F52151 
 338      01511BD6 
 338      1922
 339 0c31 3D83541A 		.ascii	"=\203T\032\211\320\277\177R>\221\033\"\265\001\221Q"
 339      89D0BF7F 
 339      523E911B 
 339      22B50191 
 339      51
 340 0c42 6BC13890 		.ascii	"k\3018\220\230G\374\344\023\026\370y\210a\215A\037\025"
 340      9847FCE4 
 340      1316F879 
 340      88618D41 
 340      1F15
 341 0c54 1EF1FB97 		.ascii	"\036\361\373\227w\256\352g\344\275<8\322<\333\215\364"
 341      77AEEA67 
 341      E4BD3C38 
 341      D23CDB8D 
ARM GAS  /tmp/ccEYA44h.s 			page 27


 341      F4
 342 0c65 F81BA2FC 		.ascii	"\370\033\242\3747DF\031BW\006\206\255\0151D\370E\004"
 342      37444619 
 342      42570686 
 342      AD0D3144 
 342      F84504
 343 0c78 87470447 		.ascii	"\207G\004Gm\240\266\274C\014\201\021~\2060\260\377\245"
 343      6DA0B6BC 
 343      430C8111 
 343      7E8630B0 
 343      FFA5
 344 0c8a ADCEC7DF 		.ascii	"\255\316\307\337G\267\306g\371\037\004_?[\026\241w\003"
 344      47B7C667 
 344      F91F045F 
 344      3F5B16A1 
 344      7703
 345 0c9c A26CF8DB 		.ascii	"\242l\370\3334\374\266\332\327\353}\235\251\371\226"
 345      34FCB6DA 
 345      D7EB7D9D 
 345      A9F996
 346 0cab DAD7DBCF 		.ascii	"\332\327\333\317\334\\\252\366\365\367\323it\254\265"
 346      DC5CAAF6 
 346      F5F7D369 
 346      74ACB5
 347 0cba 04067DCC 		.ascii	"\004\006}\314\203\213a\320G\247\366_\355\253\373\255"
 347      838B61D0 
 347      47A7F65F 
 347      EDABFBAD 
 348 0cca 7C6586AF 		.ascii	"|e\206\257\243\264\336\253\374}\375M~\321\207G\030\002"
 348      A3B4DEAB 
 348      FC7DFD4D 
 348      7ED18747 
 348      1802
 349 0cdc F4A16F83 		.ascii	"\364\241o\203Sl?X\343\353\035\260\032\342\004\263\275"
 349      536C3F58 
 349      E3EB1DB0 
 349      1AE204B3 
 349      BD
 350 0ced 74EA55AB 		.ascii	"t\352U\253V\350\260\327r\035^\016o\277\025:\265\327"
 350      56E8B0D7 
 350      721D5E0E 
 350      6FBF153A 
 350      B5D7
 351 0cff 0A7F9DFA 		.ascii	"\012\177\235\372\375\025^:+\030\002\300r\322^I>\274"
 351      FD155E3A 
 351      2B1802C0 
 351      72D25E49 
 351      3EBC
 352 0d11 E1C3CA7F 		.ascii	"\341\303\312\177\245\267\277\016\373\257\364\303\336"
 352      A5B7BF0E 
 352      FBAFF4C3 
 352      DE
 353 0d1e DEF0F6D6 		.ascii	"\336\360\366\326Yy\371\352\274u\3525\253\377\252\003"
 353      5979F9EA 
 353      BC75EA35 
 353      ABFFAA03 
 354 0d2e 7A80F0F6 		.ascii	"z\200\360\366\373\320w9|zy\3534\376\336\357S[\216\001"
ARM GAS  /tmp/ccEYA44h.s 			page 28


 354      FBD07739 
 354      7C7A79EB 
 354      34FEDEEF 
 354      535B8E01 
 355 0d42 015FAC0F 		.ascii	"\001_\254\017\323\007\004x\276\263\354\235\305\032\251"
 355      D3070478 
 355      BEB3EC9D 
 355      C51AA9
 356 0d51 A5D60705 		.ascii	"\245\326\007\005F\374\027%\330$\272"
 356      46FC1725 
 356      D824BA
 357              		.text
 358              		.section	.gnu.lto_.symtab.e58ec4d00a6af0c7,"",%progbits
 359 0000 6E766963 		.ascii	"nvicEnableVector\000"
 359      456E6162 
 359      6C655665 
 359      63746F72 
 359      00
 360 0011 00       		.ascii	"\000"
 361 0012 00       		.ascii	"\000"
 362 0013 00       		.ascii	"\000"
 363 0014 00000000 		.ascii	"\000\000\000\000\000\000\000\000"
 363      00000000 
 364 001c C7000000 		.ascii	"\307\000\000\000"
 365 0020 6E766963 		.ascii	"nvicDisableVector\000"
 365      44697361 
 365      626C6556 
 365      6563746F 
 365      7200
 366 0032 00       		.ascii	"\000"
 367 0033 00       		.ascii	"\000"
 368 0034 00       		.ascii	"\000"
 369 0035 00000000 		.ascii	"\000\000\000\000\000\000\000\000"
 369      00000000 
 370 003d CB000000 		.ascii	"\313\000\000\000"
 371 0041 6E766963 		.ascii	"nvicSetSystemHandlerPriority\000"
 371      53657453 
 371      79737465 
 371      6D48616E 
 371      646C6572 
 372 005e 00       		.ascii	"\000"
 373 005f 00       		.ascii	"\000"
 374 0060 00       		.ascii	"\000"
 375 0061 00000000 		.ascii	"\000\000\000\000\000\000\000\000"
 375      00000000 
 376 0069 CD000000 		.ascii	"\315\000\000\000"
 377 006d 6E766963 		.ascii	"nvicClearPending\000"
 377      436C6561 
 377      7250656E 
 377      64696E67 
 377      00
 378 007e 00       		.ascii	"\000"
 379 007f 00       		.ascii	"\000"
 380 0080 00       		.ascii	"\000"
 381 0081 00000000 		.ascii	"\000\000\000\000\000\000\000\000"
 381      00000000 
 382 0089 CF000000 		.ascii	"\317\000\000\000"
ARM GAS  /tmp/ccEYA44h.s 			page 29


 383              		.text
 384              		.section	.gnu.lto_.opts,"",%progbits
 385 0000 272D666D 		.ascii	"'-fmath-errno' '-fsigned-zeros' '-ftrapping-math' '"
 385      6174682D 
 385      6572726E 
 385      6F272027 
 385      2D667369 
 386 0033 2D666E6F 		.ascii	"-fno-trapv' '-fno-openmp' '-fno-openacc' '-mcpu=cor"
 386      2D747261 
 386      70762720 
 386      272D666E 
 386      6F2D6F70 
 387 0066 7465782D 		.ascii	"tex-m4' '-mno-thumb-interwork' '-mthumb' '-O2' '-fo"
 387      6D342720 
 387      272D6D6E 
 387      6F2D7468 
 387      756D622D 
 388 0099 6D69742D 		.ascii	"mit-frame-pointer' '-falign-functions=16' '-ffuncti"
 388      6672616D 
 388      652D706F 
 388      696E7465 
 388      72272027 
 389 00cc 6F6E2D73 		.ascii	"on-sections' '-fdata-sections' '-fno-common' '-flto"
 389      65637469 
 389      6F6E7327 
 389      20272D66 
 389      64617461 
 390 00ff 2700     		.ascii	"'\000"
 391              		.text
 392              		.comm	__gnu_lto_v1,1,1
 393              		.comm	__gnu_lto_slim,1,1
 394              		.ident	"GCC: (GNU Tools for Arm Embedded Processors 7-2017-q4-major) 7.2.1 20170904 (release) [ARM
ARM GAS  /tmp/ccEYA44h.s 			page 30


DEFINED SYMBOLS
                            *ABS*:0000000000000000 nvic.c
                            *COM*:0000000000000001 __gnu_lto_v1
                            *COM*:0000000000000001 __gnu_lto_slim

NO UNDEFINED SYMBOLS
