ARM GAS  /tmp/ccOH9Qoa.s 			page 1


   1              		.cpu cortex-m4
   2              		.eabi_attribute 20, 1
   3              		.eabi_attribute 21, 1
   4              		.eabi_attribute 23, 3
   5              		.eabi_attribute 24, 1
   6              		.eabi_attribute 25, 1
   7              		.eabi_attribute 26, 1
   8              		.eabi_attribute 30, 2
   9              		.eabi_attribute 34, 1
  10              		.eabi_attribute 18, 4
  11              		.file	"pal_lld.c"
  12              		.section	.gnu.lto_.profile.89e63bda372cb56e,"",%progbits
  13 0000 789C6363 		.ascii	"x\234cc```\003bF\206\351\214S\031\001\004.\001<"
  13      60606003 
  13      624686E9 
  13      8C531901 
  13      042E013C 
  14              		.text
  15              		.section	.gnu.lto_.icf.89e63bda372cb56e,"",%progbits
  16 0000 789C6363 		.ascii	"x\234cc``\340c@\000&\206\323+Wn\344g\354\275\277x);"
  16      6060E063 
  16      40002686 
  16      D32B576E 
  16      E467ECBD 
  17 0018 03002CA5 		.ascii	"\003\000,\245\005\260"
  17      05B0
  18              		.text
  19              		.section	.gnu.lto_.jmpfuncs.89e63bda372cb56e,"",%progbits
  20 0000 789C6363 		.ascii	"x\234cc``\220a@\000&\006FF\306\3729\314\014\214\314"
  20      60609061 
  20      40002606 
  20      4646C6FA 
  20      39CC0C8C 
  21 0015 40063B90 		.ascii	"@\006;\220\005\3421\00113\003\000<b\004\264"
  21      05E23101 
  21      31330300 
  21      3C6204B4 
  22              		.text
  23              		.section	.gnu.lto_.inline.89e63bda372cb56e,"",%progbits
  24 0000 789C45CE 		.ascii	"x\234E\316\241\015\002A\020\005\320\377\347.\354\311"
  24      A10D0241 
  24      1005D0FF 
  24      E72EECC9 
  25 0010 CDD1C05A 		.ascii	"\315\321\300Zz@l\021\024@)\233`)\202\004\205C\002\212"
  25      7A406C11 
  25      1440299B 
  25      60298204 
  25      8543028A 
  26 0024 122E2804 		.ascii	"\022.(\004x\272\200\233?\202\025\357\1771\231\235\005"
  26      78BA809B 
  26      3F8215EF 
  26      7F31999D 
  26      05
  27 0035 802BFECF 		.ascii	"\200+\376\317\2007^`B!\272\"\253\334\312F\305!\342\036"
  27      80375E60 
  27      4221BA22 
  27      ABDCCA46 
ARM GAS  /tmp/ccOH9Qoa.s 			page 2


  27      C521E21E 
  28 0049 81BCE3E5 		.ascii	"\201\274\343\345\233\260z\236\315\300O\352CgP\035\234"
  28      9BB07A9E 
  28      CDC04FEA 
  28      4367501D 
  28      9C
  29 005a AC9A9DA2 		.ascii	"\254\232\235\242Z\234\252Z\235F\213\220\261\252\231"
  29      5A9CAA5A 
  29      9D468B90 
  29      B1AA99
  30 0069 9F45AC6F 		.ascii	"\237E\254o$m\376\015\335\346qZb\234\216\363\3008\355"
  30      246DFE0D 
  30      DDE6715A 
  30      629C8EF3 
  30      C038ED
  31 007c D9EBF01F 		.ascii	"\331\353\360\0373\" S"
  31      33222053 
  32              		.text
  33              		.section	.gnu.lto_.pureconst.89e63bda372cb56e,"",%progbits
  34 0000 789C6363 		.ascii	"x\234cc```\005b&\006)F)\000\000\374\000C"
  34      60606005 
  34      62260629 
  34      46290000 
  34      FC0043
  35              		.text
  36              		.section	.gnu.lto__pal_lld_init.89e63bda372cb56e,"",%progbits
  37 0000 789CA59A 		.ascii	"x\234\245\232[P\024W\032\307\373\364\031\306\201\201"
  37      5B501457 
  37      1AC7FBF4 
  37      19C68181 
  38 0010 C10BDE51 		.ascii	"\301\013\336Q\361\202\010*\243\354>le_\366a\253\266"
  38      F182082A 
  38      A3EC3E6C 
  38      655FF661 
  38      ABB6
  39 0022 762B5BD9 		.ascii	"v+[\331\252\335\327\324V.\265\331TY\253\265\331\332"
  39      AADDD7D4 
  39      562EB5D9 
  39      5459ABB5 
  39      D9DA
  40 0034 57878B88 		.ascii	"W\207\213\210\016\012\253#\3028\312$\240h\214\022\202"
  40      0E0AAB23 
  40      C238CA24 
  40      A0688C12 
  40      82
  41 0045 8A80C82D 		.ascii	"\212\200\310-\240\220\200\021\211Q\360\2122\210\340"
  41      A0908011 
  41      8951F08A 
  41      3288E0
  42 0054 05052112 		.ascii	"\005\005!\022a\317\367\3659tO\310\024\323\323\224|N"
  42      61CFF7F5 
  42      39744FC8 
  42      14D3D394 
  42      7C4E
  43 0066 D367FEE7 		.ascii	"\323g\376\347w\316\371\372\007\205\232%I\252\210\227"
  43      77CEF9FA 
  43      07859A25 
ARM GAS  /tmp/ccOH9Qoa.s 			page 3


  43      49AA8897 
  44 0076 A4DFB1BF 		.ascii	"\244\337\261\277\227\262OB%\"\347\266KR\252E&\004^8"
  44      97B24F42 
  44      2522E7B6 
  44      4B52AA45 
  44      26045E38 
  45 008a 2C44DA2E 		.ascii	",D\332.\223\355$\233\272(i\330\351\253\224\023K\034"
  45      93ED249B 
  45      BA2869D8 
  45      E9AB9413 
  45      4B1C
  46 009c ECA3EEE0 		.ascii	"\354\243\356\340\2309\323\261c\221\207JR\036\373\204"
  46      9839D3B1 
  46      6391874A 
  46      521EFB84 
  47 00ac 0F524E12 		.ascii	"\017RN\022\331\250\253\031_z\250\223z(!&v9\324\346~"
  47      D9A8AB19 
  47      5F7AA893 
  47      7A282126 
  47      7639D4E6 
  48 00c1 60834B99 		.ascii	"`\203K\231\304\261\313\376\211\322>\023\3755\221\330"
  48      C4B1CBFE 
  48      89D23E13 
  48      FD3591D8 
  49 00d1 EB738385 		.ascii	"\353s\203\205\315\326\204\243\016G\232\243n\260\230"
  49      CDD684A3 
  49      0E479AA3 
  49      6EB098
  50 00e0 3AD67828 		.ascii	":\326x(\373\"\241,\220\234%\261\344\014\211\225\330"
  50      FB22A12C 
  50      909C25B1 
  50      E40C8995 
  50      D8
  51 00f1 97245241 		.ascii	"\227$RA\022`|O\331\304\201(\263I\231\220\234'f\211\260"
  51      12607C4F 
  51      D9C48128 
  51      B3499990 
  51      9C276689 
  52 0106 17A51D61 		.ascii	"\027\245\035au\216\211\311\235,\343(\251\370\323\273"
  52      758E89C9 
  52      9D2CE328 
  52      A9F8D3BB 
  53 0116 84BDC724 		.ascii	"\204\275\307$C\241PLP,\0042\302\341e\004\024+\224H("
  53      43A1504C 
  53      502C0432 
  53      C2E16504 
  53      142B9448 
  54 012b 51506C50 		.ascii	"QPlP\242\241\314\2062\007\312\\(\363\240\304@\231\017"
  54      A2A1CC86 
  54      3207CA5C 
  54      28F3A0C4 
  54      40990F
  55 013e 65019485 		.ascii	"e\001\224\205P\026AY\014e\011\224\245P\000\326\264\014"
  55      50164159 
  55      0C650994 
  55      A55000D6 
  55      B40C
ARM GAS  /tmp/ccOH9Qoa.s 			page 4


  56 0150 CA72282B 		.ascii	"\312r(+\240\304AY\011e\025\224\325P\326@\211\207\262"
  56      A0C44159 
  56      09651594 
  56      D550D640 
  56      8987B2
  57 0163 164A0294 		.ascii	"\026J\002\224uP\022\241$AY\017e\003\224\215P\222\241"
  57      755012A1 
  57      2441590F 
  57      6503948D 
  57      5092A1
  58 0176 D8A16C82 		.ascii	"\330\241l\202\262\031J\012\024I\312b{\301N\312Q'\355"
  58      B2194A0A 
  58      1449CA62 
  58      7BC14ECA 
  58      5127ED
  59 0189 A232BC4A 		.ascii	"\2422\274J\257\223\036\223\206\252\376\233\215\021\260"
  59      AF931E93 
  59      86AAFE9B 
  59      8D11B0
  60 0198 456E4AD8 		.ascii	"EnJ\330\316\345\355h\2702\013\016!\0147>\343p\223/\\"
  60      CEE5ED68 
  60      B8320B0E 
  60      210C373E 
  60      E370932F 
  61 01ad B9743CCF 		.ascii	"\271t<\317r\3001uW\367\3341{\311\221Tv\270q\036j&U\354"
  61      72C03175 
  61      57F7DC31 
  61      7BC99154 
  61      76B8711E 
  62 01c5 002AD901 		.ascii	"\000*\331\001\300\370\201\207-56\373)G\006\361\320Y"
  62      C0F88187 
  62      2D3536FB 
  62      294706F1 
  62      D059
  63 01d7 A49A78C9 		.ascii	"\244\232x\311\001<sr\201\330\331l\351c\231D\231KV\246"
  63      013C7372 
  63      81D8D96C 
  63      E9639944 
  63      994B56A6 
  64 01eb DB5F7CBA 		.ascii	"\333_|\2722\012\362Md\005\251a!\214\250s7\216\3217\325"
  64      320AF24D 
  64      6405A961 
  64      218CA873 
  64      378ED137 
  65 0200 4575AA5A 		.ascii	"Eu\252Zbg\371\270\266\023]T\231\216\352K\253\3034\350"
  65      6267F9B8 
  65      B6135D54 
  65      998EEA4B 
  65      ABC334E8 
  66 0214 1952FF33 		.ascii	"\031R\3773p\023\0133D\332\240f7\002\251I\362\2214oI"
  66      70130B33 
  66      44DAA066 
  66      3702A949 
  66      F291346F 
  67 0229 0EE5512E 		.ascii	"\016\345Q._\326Ht\322q|v&Je\267\327\342\241\026\211"
  67      5FD64874 
  67      D2717C76 
ARM GAS  /tmp/ccOH9Qoa.s 			page 5


  67      264A65B7 
  67      D7E2A116 
  68 023e 3F385F93 		.ascii	"?8_\223$\355!Q<\244\013\015m\315br\026\364\026;\357"
  68      24ED2151 
  68      3CA40B0D 
  68      6DCD6272 
  68      16F4163B 
  69 0253 7037B590 		.ascii	"p7\265\220&>\377\220s\337\015\302\346\317E\266\010\322"
  69      263EFF90 
  69      73DF0DC2 
  69      E6CF45B6 
  69      08D2
  70 0265 8C04B284 		.ascii	"\214\004\262\2047\013j:r#\266\277\201\233^\033\233\211"
  70      370B6A3A 
  70      7223B6BF 
  70      819B5E1B 
  70      9B89
  71 0277 5C2276E5 		.ascii	"\\\"v\345\211\271L\266\003Z\034\347r\366\036O\225\351"
  71      89B94CB6 
  71      035A1CE7 
  71      72F61E4F 
  71      95E9
  72 0289 6F95E771 		.ascii	"o\225\347q\350\340)\022_\204\317\243\357P\244\333Q\227"
  72      E8E02912 
  72      5F84CFA3 
  72      EF50A4DB 
  72      5197
  73 029b C192ADA4 		.ascii	"\301\222\255\244\305\377\221D\344V\022\317\3361\334"
  73      C5FF9144 
  73      E45612CF 
  73      DE31DC
  74 02aa DDD34E00 		.ascii	"\335\323N\000\331J\034\016\326H\344\033v\337\177\341"
  74      D94A1C0E 
  74      D648E41B 
  74      76DF7FE1 
  75 02ba 93170B47 		.ascii	"\223\027\013GL\323B-?\177\3161\364[\022\017{\301\016"
  75      4CD3422D 
  75      3F7FCE31 
  75      F45B120F 
  75      7BC10E
  76 02cd 21ADAADF 		.ascii	"!\255\252\337\331h\233z\3463p\337\332\217\230q\010\233"
  76      D9689B7A 
  76      E63370DF 
  76      DA8F9871 
  76      089B
  77 02df 1B1FFF3C 		.ascii	"\033\037\377<e\243\204\026H\0331\223vXc;\034\351\006"
  77      65A38416 
  77      481B3193 
  77      7658633B 
  77      1CE906
  78 02f2 ED965AFC 		.ascii	"\355\226Z\374\266\224\235X$l\345\225\351[\351-\315~"
  78      B6949D58 
  78      246CE595 
  78      E95BE92D 
  78      CD7E
  79 0304 CB43A3C8 		.ascii	"\313C\243\310w\270\233\024C%r\025\333\205u\306\2110"
  79      77B89B14 
ARM GAS  /tmp/ccOH9Qoa.s 			page 6


  79      43257215 
  79      DB8575C6 
  79      8930
  80 0316 08D7265B 		.ascii	"\010\327&[1\271\305]s\233*\3116\330\004\322\301\243"
  80      31B9C55D 
  80      739B2AC9 
  80      36D804D2 
  80      C1A3
  81 0328 CF8E37DD 		.ascii	"\317\2167\335\261@\227\244:\274\357C\243\\\303`\023"
  81      B14097A4 
  81      3ABCEF43 
  81      A35CC360 
  81      13
  82 0339 0FEE845E 		.ascii	"\017\356\204^\331\240,8\273\321\246\220o\014\0165\016"
  82      D9A02C38 
  82      BBD1A690 
  82      6F0C0E35 
  82      0E
  83 034a 38BFC7B8 		.ascii	"8\277\307\2700\036w}\032g\360`?`\222\231'\335\000\260"
  83      301E777D 
  83      1A67F060 
  83      3F609299 
  83      27DD00B0 
  84 035e 8D0AD81E 		.ascii	"\215\012\330\036\001\226\254\003\354&\306\315\342q]"
  84      0196AC03 
  84      EC26C6CD 
  84      E2715D
  85 036d 06C0BA31 		.ascii	"\006\300\2721\311\302\223n\001X\262\002\266W\200\331"
  85      C9C2936E 
  85      0158B202 
  85      B65780D9 
  86 037d 7580DDC6 		.ascii	"u\200\335\306\270p\036w\307\000\330]L\212\340I\367\000"
  86      B8701E77 
  86      C700D85D 
  86      4C8AE049 
  86      F700
  87 038f CCAE80E5 		.ascii	"\314\256\200\345\010\260M:\300\356c\234\225\307\365"
  87      08B04D3A 
  87      C0EE639C 
  87      95C7F5
  88 039e 18007B80 		.ascii	"\030\000{\200I\221<\351!\200mR\300\362\005\330f\035"
  88      49913CE9 
  88      21806D52 
  88      C0F205D8 
  88      661D
  89 03b0 60BD1817 		.ascii	"`\275\030\027\305\343|\006\300\3720\311\306\223\036"
  89      C5E37C06 
  89      C0FA30C9 
  89      C6931E
  90 03bf 01D86605 		.ascii	"\001\330f\005\254@\200\245\350\000\353\307\270h\036"
  90      AC4080A5 
  90      E800EBC7 
  90      B8681E
  91 03ce F7D800D8 		.ascii	"\367\330\000\330\000&\315\346I\203\000\226\242\025\031"
  91      0026CDE6 
  91      49830096 
  91      A21519
ARM GAS  /tmp/ccOH9Qoa.s 			page 7


  92 03dd 3A67CA9B 		.ascii	":g\312\233`!\274\362\226E\007\343\367'\350w?\241\227"
  92      6021BCF2 
  92      964507E3 
  92      F727E877 
  92      3FA197
  93 03f0 CF2CF4A7 		.ascii	"\317,\364\247\3104'\200\320\237\011\241?\367\027\272"
  93      C8342780 
  93      D09F09A1 
  93      3FF717BA 
  94 0400 1E890FA1 		.ascii	"\036\211\017\241\304\335\015\343\215\341\\\342Y \361"
  94      C4DD0DE3 
  94      8DE15CE2 
  94      5920F1
  95 040f 175CE2E5 		.ascii	"\027\\\342\345!I\374%3\364\223\300\022\3671\211\303"
  95      2149FC25 
  95      33F493C0 
  95      12F73189 
  95      C3
  96 0420 90A10012 		.ascii	"\220\241\000\022\037f\333;\002\353\032\201n\000\276"
  96      1F66DB3B 
  96      02EB1A81 
  96      6E00BE
  97 042f DE96FD99 		.ascii	"\336\226\375\231\221\212\304c\331\245c\334\273\333\244"
  97      918AC463 
  97      D9A563DC 
  97      BBDBA4
  98 043e 698E577C 		.ascii	"i\216W|\373J\\\215N\233\277\304G\205\304\207!pL\323"
  98      FB4A5C8D 
  98      4E9BBFC4 
  98      4785C487 
  98      21704CD3 
  99 0452 1F23B8AC 		.ascii	"\037#\270\254\372\216\261\327a\242?^h\372\343r~a\273"
  99      FA8EB1D7 
  99      61A23F5E 
  99      68FAE372 
  99      7E61BB
 100 0465 55DB1F3F 		.ascii	"U\333\037?\012kc\322k\350\217x\325\332\210\272686l\334"
 100      0A6B63D2 
 100      6BE88F78 
 100      D5DA88BA 
 100      3638366C 
 101 047a 71616D8C 		.ascii	"qam\214\373\311\000\330\033amL\232\000\260\265\252\265"
 101      FBC900D8 
 101      1B616D4C 
 101      9A00B0B5 
 101      AAB5
 102 048c 112C4107 		.ascii	"\021,A\007\330\244\2606\3069\344\320\301RenmLJ\223\031"
 102      D8A4B036 
 102      C639E4D0 
 102      C152656E 
 102      6D4C4A93 
 103 04a1 58826A6D 		.ascii	"X\202jm\004[\247\003,]\346\326\306\270\014\003`;dnm"
 103      045BA703 
 103      2C5DE6D6 
 103      C6B80C03 
 103      603B646E 
 104 04b6 4CCA04B0 		.ascii	"L\312\004\260u\252\265\021,Q\007\330N\231[\033\343\262"
ARM GAS  /tmp/ccOH9Qoa.s 			page 8


 104      75AAB511 
 104      2C5107D8 
 104      4E995B1B 
 104      E3B2
 105 04c8 0C80ED92 		.ascii	"\014\200\355\222\271\2651i7\200%\252\326F\260$\035`"
 105      B9B53169 
 105      378025AA 
 105      D646B024 
 105      1D60
 106 04da 4E995B1B 		.ascii	"N\231[\033\343\262\015\200\355\221\271\2651i/\200%\251"
 106      E3B20D80 
 106      ED91B9B5 
 106      31692F80 
 106      25A9
 107 04ec D646B0F5 		.ascii	"\326F\260\365:\300rdnm\214\3135\000\366?\231[\033\223"
 107      3AC07264 
 107      6E6D8CCB 
 107      3500F63F 
 107      995B1B93 
 108 0500 F601D87A 		.ascii	"\366\001\330z\255\271P2\252\265_\012k\327\004e\355\375"
 108      ADB95032 
 108      AAB55F0A 
 108      6BD70465 
 108      EDFD
 109 0512 F2346BD7 		.ascii	"\3624k\327\316lm\0272\315\015`\355\0032\267v\236\034"
 109      CE6C6D17 
 109      32CD0D60 
 109      ED0332B7 
 109      769E1C
 110 0525 B2B50FCA 		.ascii	"\262\265\017\312`EWCAg\024\267v.X;_V\254]\033\222\265"
 110      60455743 
 110      416714B7 
 110      762E583B 
 110      5F56AC5D 
 111 053c 0BE47858 		.ascii	"\013\344xXp kO0k\303\0206\367/Z\333-\233\311!\231\255"
 111      70206B4F 
 111      306BC310 
 111      36F72F5A 
 111      DB2D9BC9 
 112 0553 8B15375D 		.ascii	"\213\0257]\016\326\3568w\311\246X\3737\354\322\333\326"
 112      0ED6EE38 
 112      77C9A658 
 112      FB37ECD2 
 112      DBD6
 113 0565 5A2A6B9A 		.ascii	"Z*k\232\303#+\333\367EsE\227\325\337\332\207enm7\004"
 113      C3232BDB 
 113      F7457345 
 113      97D5DFDA 
 113      87656E6D 
 114 057b 1ED1F407 		.ascii	"\036\321\364\007\013go\251*z\344\233\372\256\316V=\325"
 114      0B676FA9 
 114      2A7AE49B 
 114      FAAECE56 
 114      3DD5
 115 058d 1FDDDD95 		.ascii	"\037\335\335\225]\321\332\376(\224\271\2651\311\013"
 115      5DD1DAFE 
 115      2894B9B5 
ARM GAS  /tmp/ccOH9Qoa.s 			page 9


 115      31C90B
 116 059c FDB15CB5 		.ascii	"\375\261\\\2656\242\256\010\216\015\033\367S\231[\033"
 116      36A2AE08 
 116      8E0D1BF7 
 116      53995B1B 
 117 05ac E33E3300 		.ascii	"\343>3\000V$skcR1\200\255P\255\215`q:\300\216\312\334"
 117      5624736B 
 117      63523180 
 117      AD50AD8D 
 117      60713AC0 
 118 05c3 DA1877CC 		.ascii	"\332\030w\314\000X\211\2606&\035\007\2608\325\332\010"
 118      005889B0 
 118      36261D07 
 118      B038D5DA 
 118      08
 119 05d4 B65207D8 		.ascii	"\266R\007\330\011am\214\373\334\000\330IamL\372\002"
 119      09616D8C 
 119      FBDC00D8 
 119      49616D4C 
 119      FA02
 120 05e6 C056AAD6 		.ascii	"\300V\252\326F\260U:\300N\011kc\334i\003`\245\302\332"
 120      46B0553A 
 120      C04E096B 
 120      63DC6903 
 120      60A5C2DA 
 121 05fa 98F42580 		.ascii	"\230\364%\200\255R\255\215`\253u\200\225\011kc\334W"
 121      AD52AD8D 
 121      60AB7580 
 121      95096B63 
 121      DC57
 122 060c 06C0CA85 		.ascii	"\006\300\312\205\2651\351\014\200\255V\255\215`kt\200"
 122      B531E90C 
 122      80AD56AD 
 122      8D606B74 
 122      80
 123 061d 9D15D6C6 		.ascii	"\235\025\326\306\270s\006\300*\204\2651\351<\200\255"
 123      B87306C0 
 123      2A84B531 
 123      E93C80AD 
 124 062d D19A0B25 		.ascii	"\321\232\013%\243Z\273\200_y\373\203\262v\345tk\017"
 124      A35ABB80 
 124      5F79FB83 
 124      B276E574 
 124      6B0F
 125 063f CC6CED2A 		.ascii	"\314l\355*d\232\027\300\332\325\302\332\027B\267v\015"
 125      649A17C0 
 125      DAD5C2DA 
 125      1742B776 
 125      0D
 126 0650 5A3BEBA4 		.ascii	"Z;\353\244\253\210rk\347\203\265/rk\017\204d\355Z\246"
 126      AB88726B 
 126      E783B52F 
 126      726B0F84 
 126      64ED5AA6 
 127 0664 E4CAC0D6 		.ascii	"\344\312\300\326\276^h\306!5\001\254]\307\254]\017\207"
 127      BE5E68C6 
 127      213501AC 
ARM GAS  /tmp/ccOH9Qoa.s 			page 10


 127      5DC7AC5D 
 127      0F87
 128 0676 500FDDB0 		.ascii	"P\017\335\260\220\335z]~\272\237\377\254\335\011CO}"
 128      90DD7A5D 
 128      7EBA9FFF 
 128      ACDD0943 
 128      4F7D
 129 0688 55702152 		.ascii	"Up!R\323\035\015\274;\234\371\327\336\310\376\332n\024"
 129      D31D0DBC 
 129      3B9CF9D7 
 129      DEC8FEDA 
 129      6E14
 130 069a DAAE83C4 		.ascii	"\332\256\203\304\2575\015R\217\015r\343Uik\224h\220"
 130      AF350D52 
 130      8F0D72E3 
 130      55696B94 
 130      6890
 131 06ac 8B9A0639 		.ascii	"\213\232\0069\271\253\263\306\257A\232\204\2661\251"
 131      B9ABB3C6 
 131      AF419A84 
 131      B631A9
 132 06bb 191A64A1 		.ascii	"\031\032d\241\252md]\024\034\033v\356%\241m\214\273"
 132      AA6D645D 
 132      141C1B76 
 132      EE25A16D 
 132      8CBB
 133 06cd 6C00AC45 		.ascii	"l\000\254Eh\033\223Z\001l\221\252m\004[\254\003\354"
 133      681B935A 
 133      016C91AA 
 133      6D045BAC 
 133      03EC
 134 06df 1BA16D8C 		.ascii	"\033\241m\214\373\326\000X\233\3206&\265\003\330bU\333"
 134      FBD60058 
 134      9BD03626 
 134      B503D862 
 134      55DB
 135 06f1 08B64407 		.ascii	"\010\266D\007\330\025\241m\214\373\316\000\330U\241"
 135      D815A16D 
 135      8CFBCE00 
 135      D855A1
 136 0700 6D4CEA00 		.ascii	"mL\352\000\260%\252\266\021l\251\016\260kB\333\030\327"
 136      B025AAB6 
 136      116CA90E 
 136      B06B42DB 
 136      18D7
 137 0712 6900EC7B 		.ascii	"i\000\354{\241mL\272\016`KUm#X\254\016\260\037\204\266"
 137      A16D4CBA 
 137      0E604B55 
 137      6D2358AC 
 137      0EB01F84 
 138 0727 31EE8601 		.ascii	"1\356\206\001\260\233B\333\230\324\005`\261\252\266"
 138      B09B42DB 
 138      98D40560 
 138      B1AAB6
 139 0736 116C990E 		.ascii	"\021l\231\016\260n\241m\214\273e\000\354\266\3206&\335"
 139      B06EA16D 
 139      8CBB6500 
ARM GAS  /tmp/ccOH9Qoa.s 			page 11


 139      ECB6D036 
 139      26DD
 140 0748 01B0655A 		.ascii	"\001\260eZu\241eTm\327\012m\217\004\245\355\273\323"
 140      75A16554 
 140      6DD70A6D 
 140      8F04A5ED 
 140      BBD3
 141 075a B53D3AB3 		.ascii	"\265=:\263\266\357!SL\000m\337\027\332\356\011]\333"
 141      B6EF2153 
 141      4C006DDF 
 141      17DAEE09 
 141      5DDB
 142 076c 0F50DBDD 		.ascii	"\017P\333\335\245m\003\026\256m/h\373!\327\366hH\332"
 142      A56D0316 
 142      AE6D2F68 
 142      FB21D7F6 
 142      6848DA
 143 077f EE654EBE 		.ascii	"\356eN\276\033X\333O\231\266a\310\203\000\332\3661m"
 143      1B58DB4F 
 143      99B661C8 
 143      8300DAF6 
 143      316D
 144 0791 F7C121F4 		.ascii	"\367\301!\364A7\314f\267\356\247^ydU\264\375\034\206"
 144      4137CC66 
 144      B7EEA75E 
 144      796455B4 
 144      FD1C86
 145 07a4 A6DF4AEB 		.ascii	"\246\337J\353\237\245\351\216G\342\233\272\263\265\205"
 145      9FA5E98E 
 145      47E29BBA 
 145      B3B585
 146 07b3 FA6BBB5F 		.ascii	"\372k\273_h\333\007\211\2175\015\322\207\015R\\Zv\210"
 146      68DB0789 
 146      8F350DD2 
 146      870D525C 
 146      5A7688
 147 07c6 880679A8 		.ascii	"\210\006y\250i\220}\345\235\357"
 147      69907DE5 
 147      9DEF
 148 07d0 FAFD0A4D 		.ascii	"\372\375\012MX\033\203\006\241?f\253\326F\3249\301\241"
 148      581B8306 
 148      A13F66AB 
 148      D646D439 
 148      C1A1
 149 07e2 61E33E11 		.ascii	"a\343>\021\326\306\270\247\241s=\023\322\306\240\347"
 149      D6C6B8A7 
 149      A1733D13 
 149      D2C6A0E7 
 150 07f2 C0354795 		.ascii	"\3005G\2256r\315\325\3015$\244\215q/B\347z)\234\215"
 150      3672CDD5 
 150      C13524A4 
 150      8D712F42 
 150      E77A299C 
 151 0807 41C3C035 		.ascii	"A\303\3005Wu6r\315\323\3015\"\234\215q\257B\347\032"
 151      57753672 
 151      CDD3C135 
 151      229C8D71 
ARM GAS  /tmp/ccOH9Qoa.s 			page 12


 151      AF42E71A 
 152 081b 15CAC6A0 		.ascii	"\025\312\306\2401\340\232\247*\033\271btp\375(\224\215"
 152      31E09AA7 
 152      2A1BB962 
 152      7470FD28 
 152      948D
 153 082d 71AF43E7 		.ascii	"q\257C\347\032\027\306\306\240\237\200+F56r\315\327"
 153      1A17C6C6 
 153      A09F802B 
 153      46353672 
 153      CDD7
 154 083f C1F54618 		.ascii	"\301\365F\030\033\343&B\347\232\024\302\306 \007e\\"
 154      1BE32642 
 154      E79A14C2 
 154      C6200765 
 154      5C
 155 0850 F3556123 		.ascii	"\363Ua#\327\002\035\\\251\224\013\033\343\322h\310\\"
 155      D7021D5C 
 155      A9940B1B 
 155      E3D268C8 
 155      5C
 156 0861 E994FB1A 		.ascii	"\351\224\373\032\2032\200k\201\326Y\250\027\325\327"
 156      8332806B 
 156      81D659A8 
 156      17D5D7
 157 0870 BDC2D795 		.ascii	"\275\302\327\2251\301\370z\007\235\346\353j\327\214"
 157      31C1F87A 
 157      079DE6EB 
 157      6AD78C
 158 087f BECE44A6 		.ascii	"\276\316D\246\371\001|\275\223r_g\321\220}\275\013\177"
 158      F9017CBD 
 158      93725F67 
 158      D1907DBD 
 158      0B7F
 159 0891 65DC74E6 		.ascii	"e\334t\346dg\030\367\365y\360\365n\252\370\272\332\025"
 159      646718F7 
 159      F579F0F5 
 159      6EAAF8BA 
 159      DA15
 160 08a3 8AAF9D34 		.ascii	"\212\257\2354\036\026\034\310\327\257\216\233q\010\233"
 160      1E161CC8 
 160      D7AF8E9B 
 160      71089B
 161 08b2 FB177D9D 		.ascii	"\373\027}\235M\315d\017\030\210\0257\015g\267N\217\036"
 161      4DCD640F 
 161      18881537 
 161      0D67B74E 
 161      8F1E
 162 08c4 6B218AAF 		.ascii	"k!\212\257\263\341\037\314s_\246\017i\233c/U\366\257"
 162      B3E11FCC 
 162      735FA60F 
 162      699B632F 
 162      55F6AF
 163 08d7 B026A72C 		.ascii	"\260&\247,\302\337\3279\224\373:\033\022s5\375\301\322"
 163      C2DFD739 
 163      94FB3A1B 
 163      127335FD 
ARM GAS  /tmp/ccOH9Qoa.s 			page 13


 163      C1D2
 164 08e9 D95B8A06 		.ascii	"\331[\212\006\373\357[E\177\260eO\365\307\344\275\341"
 164      FBEF5B45 
 164      7FB0654F 
 164      F5C7E4BD 
 164      E1
 165 08fa 8670BFDF 		.ascii	"\206p\277\337\236Q.lL\332\007\015\022\256\012\033Y#"
 165      9E512E6C 
 165      4CDA070D 
 165      12AE0A1B 
 165      5923
 166 090c 8263C3C6 		.ascii	"\202c\303\306\335O\271\2601\316e\000\354\000\345\306"
 166      DD4FB9B0 
 166      31CE6500 
 166      EC00E5C6 
 167 091c C6A43C00 		.ascii	"\306\244<\000\213P\215\215`V\035`\007)76\306\345\033"
 167      8B508D8D 
 167      60561D60 
 167      07293736 
 167      C6E51B
 168 092f 002BA05C 		.ascii	"\000+\240\\\331\230\344\0060\253\252l\004\213\324\001"
 168      D998E406 
 168      30ABAA6C 
 168      048BD401 
 169 093f 76887265 		.ascii	"v\210rec\234\307\000\330a\312\235\215IG\000,Ru6\202"
 169      639CC700 
 169      D861CA9D 
 169      8D494700 
 169      2C527536 
 170 0954 45E9002B 		.ascii	"E\351\000+\244\334\331\030\3475\000\366)\345\322\306"
 170      A4DCD918 
 170      E73500F6 
 170      29E5D2C6 
 171 0964 A4CF002C 		.ascii	"\244\317\000,J\2256\202\331t\200\025Q.m\214+6\000v\224"
 171      4A953682 
 171      D9748015 
 171      512E6D8C 
 171      2B360076 
 172 0979 726B63D2 		.ascii	"rkc\3221\000\263\251\326F\260h\035`%\302\332\030w\334"
 172      3100B3A9 
 172      D646B068 
 172      1D6025C2 
 172      DA1877DC 
 173 098d 00D809A1 		.ascii	"\000\330\011\241mL\372\034\300\242\265\352B\313\250"
 173      6D4CFA1C 
 173      C0A2B5EA 
 173      42CBA8
 174 099c DA76C2D5 		.ascii	"\332v\302\325Sv\373\231\013\377\327\012\012+\213\011"
 174      5376FB99 
 174      0BFFD70A 
 174      0A2B8B09 
 175 09ac 28B75D92 		.ascii	"(\267]\222%isr\262]\371\263\365\023\373?\337\333b\337"
 175      25697372 
 175      B25DF9B3 
 175      F513FB3F 
 175      DFDB62DF 
 176 09c0 B6F5DFFF 		.ascii	"\266\365\337\377\371\304\376\327\277\375\371W)\366\267"
ARM GAS  /tmp/ccOH9Qoa.s 			page 14


 176      F9C4FED7 
 176      BFFDF957 
 176      29F6B7
 177 09cf DFFEBDFD 		.ascii	"\337\376\275\375\017\177\371\343;\377M\261o{o\313\337"
 177      0F7FF9E3 
 177      3BFF4DB1 
 177      6F7B6FCB 
 177      DF
 178 09e0 B76CF930 		.ascii	"\267l\3710\371\003\311\374\301\326\177\375\343\343\217"
 178      F903C9FC 
 178      C1D67FFD 
 178      E3E38F
 179 09ef C23EDAF6 		.ascii	"\302>\332\366\361\326m\377\007y\251\370\201"
 179      F1D66DFF 
 179      0779A9F8 
 179      81
 180              		.text
 181              		.section	.gnu.lto__pal_lld_setgroupmode.89e63bda372cb56e,"",%progbits
 182 0000 789CA557 		.ascii	"x\234\245W{P\224\327\025\277\347\273\337\356\367\355"
 182      7B5094D7 
 182      15BFE7BB 
 182      DFEEF7ED 
 183 0010 F232BE62 		.ascii	"\3622\276b\224(*\270\223AY\037d\306\372\007>\310L\332"
 183      94282AB8 
 183      9341591F 
 183      64C6FA07 
 183      3EC84CDA 
 184 0024 193BC9B4 		.ascii	"\031;\311\264\375\253\377\244\264:M[(\014\322L:\223"
 184      FDABFFA4 
 184      B43A4D5B 
 184      280CD24C 
 184      3A93
 185 0036 997E0A2E 		.ascii	"\231~\012.b\222jk\325\311\026;\244\301*\361I$UID\344"
 185      62926A6B 
 185      D5C9163B 
 185      A4C12AF1 
 185      49245549 
 186 004c 61842A46 		.ascii	"a\204*Fkc\026T4\3265\370DB\360\021\201\236s\356\267"
 186      6B631654 
 186      34D635F8 
 186      4442F011 
 186      819E73EE 
 187 0061 ECA3DB66 		.ascii	"\354\243\333f\030w\370\216w\317\376~\347\236\363;\367"
 187      1877F88E 
 187      77CFFE7E 
 187      E79EF33B 
 187      F7
 188 0072 7EF7EA14 		.ascii	"~\367\352\024BlJ\021\342u\374\267\014\037H\020\240m"
 188      426C4A11 
 188      E275FCB7 
 188      0C1F4810 
 188      A06D
 189 0084 EC1062B5 		.ascii	"\354\020b\265\251\201T\003\251\351\353<\302r\233d\023"
 189      A9815403 
 189      A9E9EB3C 
 189      C2729B64 
 189      13
ARM GAS  /tmp/ccOH9Qoa.s 			page 15


 190 0095 75CDC1DF 		.ascii	"u\315\301\337\234\374\315\001\206\0029C\003\003L505"
 190      9CFCCD01 
 190      86023943 
 190      03034C35 
 190      3035
 191 00a7 F7850404 		.ascii	"\367\205\004\004\272\352\232\004\"]*\3341\323\015@\003"
 191      BAEA9A04 
 191      225D2ADC 
 191      31D30D40 
 191      03
 192 00b8 CB04F13B 		.ascii	"\313\004\361;M\352\016\247a\272\334\200Ca\177\336\222"
 192      4DEA0EA7 
 192      61BADC80 
 192      43617FDE 
 192      92
 193 00c9 7F92D054 		.ascii	"\177\222\320T\036<\254=\267\303\302O\343\326\001\267"
 193      1E3CAC3D 
 193      B7C3C24F 
 193      E3D601B7 
 194 00d9 CF5A3BA9 		.ascii	"\317Z;\251\022\021[l\024\034\200\347\020u\246l\177\245"
 194      12115B6C 
 194      141C80E7 
 194      1075A66C 
 194      7FA5
 195 00eb 7C53564A 		.ascii	"|SVJ\000\035\277\336;\345\277\232L_5H\303\257\315\035"
 195      001DBFDE 
 195      3BE5BF9A 
 195      4C5F3548 
 195      C3AFCD1D 
 196 00ff C387DC32 		.ascii	"\303\207\3342\033\004\216\007\217\017\004M\317v\313"
 196      1B048E07 
 196      8F0F044D 
 196      CF76CB
 197 010e 5A63353E 		.ascii	"Zc5>\256\226Vz\245\224\360w\220\030\020>\204T\250\203"
 197      AE96567A 
 197      A594F077 
 197      9018103E 
 197      8454A883 
 198 0122 54812E01 		.ascii	"T\201.\001\007\301\203\360\341\277\355\2570\345w\230"
 198      07C183F0 
 198      E1BFEDAF 
 198      30E57798 
 199 0132 7A7E47B9 		.ascii	"z~G\271\337mS\203\273\306n/\265\276[)u8\024K\326\005"
 199      DF6D5383 
 199      BBC66E2F 
 199      B5BE5B29 
 199      7538144B 
 200 0148 1C66F257 		.ascii	"\034f\362W\007\266oJ\2209L\276t\247\356\317!\362\235"
 200      07B66F4A 
 200      90394CBE 
 200      74A7EECF 
 200      21F29D
 201 015b 5D93AB99 		.ascii	"]\223\253\231\354\200\372X\262C\300G\340!\306[\253k"
 201      EC80FA58 
 201      B243C047 
 201      E021C65B 
 201      AB6B
ARM GAS  /tmp/ccOH9Qoa.s 			page 16


 202 016d 2E4B99CB 		.ascii	".K\231\313\354+\275\275\207\334\031\357\251\251wOz\267"
 202      EC2BBDBD 
 202      87DC19EF 
 202      A9A9774F 
 202      7AB7
 203 017f D43A61E9 		.ascii	"\324:a\351\225\322\011\037G\363\351\203\360\232\341"
 203      95D2091F 
 203      47F3E983 
 203      F09AE1
 204 018e D37F34E5 		.ascii	"\323\1774\345\213L\375\375\206?T\245\330\324\316\331"
 204      8B4CFDFD 
 204      863F54A5 
 204      D8D4CED9 
 205 019e 7EABB12C 		.ascii	"~\253\261,\215\210\015q\211w7\265\236\322\344r&n\275"
 205      8D880D71 
 205      897737B5 
 205      9ED2E472 
 205      266EBD
 206 01b1 BDF35E82 		.ascii	"\275\363^\202M<\033&6\306%\006?/}\307)\177\300\304\316"
 206      4D3C1B26 
 206      36C62506 
 206      3F2F7DC7 
 206      297FC0C4 
 207 01c6 133BAF27 		.ascii	"\023;\257'\333\304\3660\261).q\343`\300r\312\0373\261"
 207      DBC4F630 
 207      B1292E71 
 207      E360C072 
 207      CA1F33B1 
 208 01da A33B5809 		.ascii	"\243;X\0116\261)Ll\211K|\373\356\203wu\231\307\304\232"
 208      36B1294C 
 208      6C894B7C 
 208      FBEE8377 
 208      7599C7C4 
 209 01ef 8DEBBF71 		.ascii	"\215\353\277q\331\304G\231#\304\343q\211_\324\016mN"
 209      D9C44799 
 209      23C4E371 
 209      895FD40E 
 209      6D4E
 210 0201 72EAF009 		.ascii	"r\352\360\011d@+>\315\370\034\303\347(>G C--8\001N\240"
 210      64402B3E 
 210      CDF81CC3 
 210      E7283E47 
 210      20432D2D 
 211 0219 265CA9DA 		.ascii	"&\\\251\332\341\222?\347Y*\033\266\237\323\354Y\206"
 211      E1923FE7 
 211      592A1BB6 
 211      9FD3EC59 
 211      86
 212 022a 768FAF1E 		.ascii	"v\217\257\036iB[\374\004onx\023\344/\231z\355\233\257"
 212      69425BFC 
 212      046F6E78 
 212      13E42F99 
 212      7AED9BAF 
 213 023e 3786FAD7 		.ascii	"7\206\372\327\377\236\264\252-\215\210\377\210K\334"
 213      FF9EB4AA 
 213      2D8D88FF 
 213      884BDC
ARM GAS  /tmp/ccOH9Qoa.s 			page 17


 214 024d DC13ACD5 		.ascii	"\334\023\254\325e\001\0237\234\360]\0175\341\\\230x"
 214      65011337 
 214      9CF05D0F 
 214      35E15C98 
 214      78
 215 025e 2A2E71B0 		.ascii	"*.q\260\247v\227[\0261\361H{\177y(\331\226\277\216\020"
 215      A776975B 
 215      1631F148 
 215      7B7F7928 
 215      D996BF8E 
 216 0273 4FFF5F49 		.ascii	"O\377_I>E\011:\3609\211O;JA*\240\026gP\013!\334\377"
 216      3E45093A 
 216      F039894F 
 216      3B4A412A 
 216      A0166750 
 217 028b 4BB158DA 		.ascii	"K\261X\332\276\263\216Fkh\270\034\027zfW\377\360\330"
 217      BEB38E46 
 217      6B68B81C 
 217      177A6657 
 217      FFF0D8
 218 029e 1700D7B5 		.ascii	"\027\000\327\265\241\221\221dt2\0162N2\006\031\023\215"
 218      A1919164 
 218      74320E32 
 218      4E320619 
 218      138D
 219 02b0 E9A2919B 		.ascii	"\351\242\221\233L\002\231D2Id\222\311\244\220\031C\346"
 219      4C029944 
 219      32496492 
 219      C9A49019 
 219      43E6
 220 02c2 29028FA5 		.ascii	")\002\217\245\32182\343\311L 3\221\314\323\364\353$"
 220      D13832E3 
 220      C94C2033 
 220      91CCD3F4 
 220      EB24
 221 02d4 1A3D4366 		.ascii	"\032=Cf2\231)dh{\031\317\222\231Jf\032\23142\323\311"
 221      32992964 
 221      687B19CF 
 221      92994A66 
 221      1A993432 
 222 02ea CCE05D3B 		.ascii	"\314\340];SP\225\351\202\352\304\372\261\322Y\202j\365"
 222      535095E9 
 222      82EAC4FA 
 222      B1D25982 
 222      6AF5
 223 02fc 08AA3413 		.ascii	"\010\2524\023hs\316f\314\034\306d1\306\313\230\271\202"
 223      6873CE66 
 223      CC1CC664 
 223      31C6CB98 
 223      B982
 224 030e 14990714 		.ascii	"\024\231\007\024g\201 U\262\005\351\361<\320\313d\241"
 224      67812055 
 224      B205E9F1 
 224      3CD0CB64 
 224      A1
 225 031f 208D1609 		.ascii	" \215\026\011R)\207\347Z\314\021\226p\204\245\034a\031"
 225      522987E7 
ARM GAS  /tmp/ccOH9Qoa.s 			page 18


 225      5ACC1196 
 225      7084A51C 
 225      6119
 226 0331 47CEE5B9 		.ascii	"G\316\345\271\204X\207\013\361B\202\325(*\244\206\203"
 226      8458870B 
 226      F14282D5 
 226      282AA486 
 226      83
 227 0342 D2467103 		.ascii	"\322Fq\003J\037\373\006\317\027Q_\374r\266_f\322\033"
 227      4A1FFB06 
 227      CF17515F 
 227      FC72B65F 
 227      66D21B
 228 0355 B26FFF8E 		.ascii	"\262o\377\216Dz\331\031 \341,65\010k\322x\375b,D\021"
 228      447AD919 
 228      20E12C36 
 228      35086BD2 
 228      78FD622C 
 229 036b ABCFF776 		.ascii	"\253\317\367v`\277T4P\264\326\341\373\215)D3A\203\177"
 229      60BF5434 
 229      50B4D6E1 
 229      FB8D2944 
 229      3341837F 
 230 037f 228D83B7 		.ascii	"\"\215\203\267\331\2409\210CP]\313'>S\305\0068\027\031"
 230      D9A03988 
 230      43505DCB 
 230      273E53C5 
 230      06381719 
 231 0393 BB9562CF 		.ascii	"\273\225b\317Q\261\267\005\352l\232\206\261avL\254,"
 231      51B1B705 
 231      EA6C9A86 
 231      B161764C 
 231      AC2C
 232 03a5 F44727D6 		.ascii	"\364G'\326L\344,E\336\023\330m\343\244J\254\255\272"
 232      4CE42C45 
 232      DE13D86D 
 232      E3A44AAC 
 232      ADBA
 233 03b7 FE71A24A 		.ascii	"\376q\242J\314\001\377\212M\314\213\270\350`\307(\230"
 233      CC01FF8A 
 233      4DCC8BB8 
 233      E860C728 
 233      98
 234 03c8 57053B12 		.ascii	"W\005;\022\270l\343t\025\254\177\375\332\373R\0053\340"
 234      B86CE374 
 234      15AC7FFD 
 234      DAFB5205 
 234      33E0
 235 03da B3D86073 		.ascii	"\263\330`s\021\207\240\275}\375{\235\252\312\0248\037"
 235      1187A0BD 
 235      7DFD7B9D 
 235      AACA1438 
 235      1F
 236 03eb 19FB28C5 		.ascii	"\031\373(\305\236K\337\253j'\262\007;\203\214-k\233"
 236      9E4BDFAB 
 236      6A27B207 
 236      3B838C2D 
ARM GAS  /tmp/ccOH9Qoa.s 			page 19


 236      6B9B
 237 03fd 4E1BC4C0 		.ascii	"N\033\304\300\215\001\237\363F\252\300C\003\3173\354"
 237      8D019FF3 
 237      46AAC043 
 237      03CF33EC 
 238 040d 521034EE 		.ascii	"R\0204\356\240_z\324\2303\234\245\306\\z\206\032\263"
 238      A05F7AD4 
 238      98339CA5 
 238      C65C7A86 
 238      1AB3
 239 041f 86E96ACC 		.ascii	"\206\351j\314\275\232\251\306\2706\374r\206J\365v\340"
 239      BD9AA9C6 
 239      B836FC72 
 239      864AF576 
 239      E0
 240 0430 0D95AB03 		.ascii	"\015\225\253\003]\334\202kP\326\325\334\002\266\027"
 240      5DDC826B 
 240      50D6D5DC 
 240      02B617
 241 043f 93D977EB 		.ascii	"\223\331w\353\360\303$\225\276\200\200\332\325\0030"
 241      F0C32495 
 241      BE8080DA 
 241      D50330
 242 044e C32FE769 		.ascii	"\303/\347i\302/s\\\235\037\235\201\001\230\211KA{\264"
 242      C22F735C 
 242      9D1F9D81 
 242      0198894B 
 242      417BB4
 243 0461 EF0AB67F 		.ascii	"\357\012\266\177\231\313\1774\200\256t\354\240\346\377"
 243      99CB7F34 
 243      80AE74EC 
 243      A0E6FF
 244 0470 805C8B5D 		.ascii	"\200\\\213]\3577\240\207\332\242\275\377\001:\226\270"
 244      EF37A087 
 244      DAA2BDFF 
 244      013A96B8 
 245 0480 3A1B7AD0 		.ascii	":\033z\3203\013\265\325:\031\263\324\365\250\201h\036"
 245      330BB5D5 
 245      3A19B3D4 
 245      F5A88168 
 245      1E
 246 0491 AA58F31F 		.ascii	"\252X\363\037 _\256\253\376\3501\300\342u\261\316\023"
 246      205FAEAB 
 246      FEE831C0 
 246      E275B1CE 
 246      13
 247 04a2 5AA1DBBA 		.ascii	"Z\241\333\272\2524zi\370%\376y\"\273``\027:U\027\374"
 247      AA347A69 
 247      F825FE79 
 247      22BB6060 
 247      173A5517 
 248 04b7 BE804B81 		.ascii	"\276\200K\201\014\304E\236\341\006\350\320\245@\275"
 248      0CC4459E 
 248      E106E8D0 
 248      A540BD
 249 04c6 BE0A8702 		.ascii	"\276\012\207\002-\340n\031\2525\364B\372\224\222]\240"
 249      2DE06E19 
ARM GAS  /tmp/ccOH9Qoa.s 			page 20


 249      AA35F442 
 249      FA94925D 
 249      A0
 250 04d7 407BBADE 		.ascii	"@{\272\336P(3\262\233&v\363\002\244\022\353\006\254"
 250      502833B2 
 250      9B2676F3 
 250      02A412EB 
 250      06AC
 251 04e9 E92BAF91 		.ascii	"\351+\257\221\012\224\215\270p\234v\212\223M\252\236"
 251      0A948DB8 
 251      709C768A 
 251      934DAA9E 
 252 04f9 6EEE9CA3 		.ascii	"n\356\234\243\020\224s[\373\326\235\211\252\305\006"
 252      1094735B 
 252      FBD69D89 
 252      AAC506
 253 0508 5CB4DF95 		.ascii	"\\\264\337\225\025x>\267\214\343:\233\352{.\\KVxW\344"
 253      15783EB7 
 253      8CE33A9B 
 253      EA7B2E5C 
 253      4B567857 
 254 051d 9290FCFE 		.ascii	"\222\220\374\376\375\270\351\324qg\025\374e5^\\\360"
 254      FDB8E9D4 
 254      716715FC 
 254      65355E5C 
 254      F0
 255 052e 3072F9E5 		.ascii	"0r\371\345\363p\211\242\340o\237\035\254?\230\344\335"
 255      F37089A2 
 255      E06F9F1D 
 255      AC3F98E4 
 255      DD
 256 053f 6395ADA6 		.ascii	"c\225\255\246\237\334\320\015U\260\231/4p\031h%\257"
 256      9FDCD00D 
 256      55B0992F 
 256      34701968 
 256      25AF
 257 0551 19F2B5D9 		.ascii	"\031\362\265\331\342\270)9V\265\306\366$\370)\232\233"
 257      E2B82939 
 257      56B5C6F6 
 257      24F8299A 
 257      9B
 258 0562 9C0F7CEF 		.ascii	"\234\017|\357$(g\"\373I\216\246s\353\333X\263\230$\252"
 258      24286722 
 258      FB498EA6 
 258      73EBDB58 
 258      B39824AA 
 259 0576 5E13DF92 		.ascii	"^\023\337\222\306\225p\032_\000\356\263D.\330\031Q\360"
 259      C695701A 
 259      5F00EEB3 
 259      442ED819 
 259      51F0
 260 0588 A550C149 		.ascii	"\245P\301I\243\254\360*\207\006\012\375\357\330\012"
 260      A3ACF02A 
 260      87060AFD 
 260      EFD80A
 261 0597 93FFABC2 		.ascii	"\223\377\253\302\024\234\000\375\321\025\216a\377\223"
 261      149C00FD 
ARM GAS  /tmp/ccOH9Qoa.s 			page 21


 261      D1158E61 
 261      FF93
 262 05a5 55782D9C 		.ascii	"Ux-\234F\220*\034\303\025\032#K\267\3277\330\365\272"
 262      46902A1C 
 262      C3151A23 
 262      4BB7D737 
 262      D8F5BA
 263 05b8 9AEE29C8 		.ascii	"\232\356)\310L\245\015\034\265r\026\242?\274r:h\345"
 263      4CA50D1C 
 263      B57216A2 
 263      3FBC723A 
 263      68E5
 264 05ca 2C54CA7C 		.ascii	",T\312|\2716EA\306\216R\231\353\234\222F)}\031R\346"
 264      B9364541 
 264      C68E5299 
 264      EB9C9246 
 264      297D1952 
 265 05df A1ADC338 		.ascii	"\241\255\3038\025\036\225\011m\225\3618\001\372\225"
 265      151E9509 
 265      6D95F138 
 265      01FA95
 266 05ee 326DB632 		.ascii	"2m\2662\023\330\237\256\224\011\304U\346\327\337\246"
 266      13D89FAE 
 266      9409C455 
 266      E6D7DFA6 
 267 05fe 4C4F388D 		.ascii	"LO8\215\033\244\314\004\265E\267]<\004j\222\211jW\214"
 267      1BA4CC04 
 267      B545B75D 
 267      3C046A92 
 267      896A578C 
 268 0612 9C1A069E 		.ascii	"\234\032\006\236\0327C\233\264\307\326\347i|\367#4Z"
 268      1A37439B 
 268      B4C7D6E7 
 268      697CF723 
 268      345A
 269 0624 B445E80F 		.ascii	"\264E\350\017\213v\222D[\244D\273\021\022m\322(E\273"
 269      8B769244 
 269      5BA444BB 
 269      11126DD2 
 269      2845BB
 270 0637 C5D9F23D 		.ascii	"\305\331\362=\355vH\264\012[\215gTx\024\255\307\026"
 270      ED7648B4 
 270      0A5B8D67 
 270      547814AD 
 270      C716
 271 0649 6D324E80 		.ascii	"m2N\200~%Z\300\206Ma\177\306\023\211v'\234\306]\022"
 271      7E255AC0 
 271      864D617F 
 271      C6138976 
 271      279CC65D 
 272 065e 6D8A2AEB 		.ascii	"m\212*\353f\250\254\324Q\226\325\313\361t\212w\217\313"
 272      66A8ACD4 
 272      5196D5CB 
 272      F1748A77 
 272      8FCB
 273 0670 A2A3CA2E 		.ascii	"\242\243\312.\342Y\256,U\025q\330.b*\373g=Q\021}\341"
 273      E259AE2C 
ARM GAS  /tmp/ccOH9Qoa.s 			page 22


 273      551571D8 
 273      2E622AFB 
 273      673D5111 
 274 0686 49BFA222 		.ascii	"I\277\242\"\246\252\"n\205\212\2306\312\"\3729\236\203"
 274      A6AA226E 
 274      858A9836 
 274      CA22FA39 
 274      9E83
 275 0698 E27D1D5B 		.ascii	"\342}\035[D\032\0271-\272\210\351\354\237\371DE\014"
 275      441A1731 
 275      2DBA88E9 
 275      EC9FF944 
 275      450C
 276 06aa 8427BD4F 		.ascii	"\204'\275OEL\347\215m\332\0072_\015n_|U\035\2319t\220"
 276      454CE78D 
 276      6DDA0732 
 276      5F0D6E5F 
 276      7C551D99 
 277 06c1 66461CF2 		.ascii	"fF\034\362|\334\346\320\011\320\331<\264w\256\215\212"
 277      7CDCE6D0 
 277      09D0D93C 
 277      B477AE8D 
 277      8A
 278 06d2 7CA5EB78 		.ascii	"|\245\353x\260>\0309\002\\\002\377'\033zal\353\266o"
 278      B03E1839 
 278      025C02FF 
 278      271B7A61 
 278      6CEBB66F 
 279 06e6 638B710B 		.ascii	"c\213q\013F\205\345\323}\261}@u\227(\324\022\\s|\333"
 279      4685E5D3 
 279      7DB17D40 
 279      759728D4 
 279      125C737C 
 280 06fb 8ABE0B2D 		.ascii	"\212\276\013-Q\260#\335\371\012\266\024\273\032\015"
 280      51B023DD 
 280      F90AB614 
 280      BB1A0D
 281 070a E33BC452 		.ascii	"\343;\304R\005k}E\241\226\241l\321(\276E,#\324\026\337"
 281      056B7D45 
 281      A196A16C 
 281      D128BE45 
 281      2C23D416 
 282 071f C5EE9F28 		.ascii	"\305\356\237(X\256\332\272\037\226\237\254u\253\003"
 282      58AEDABA 
 282      1F969FAC 
 282      75AB03
 283 072e 0DE06124 		.ascii	"\015\340a$\213\357*\271\\\233[]4\357\340\205\347\352"
 283      8BEF2AB9 
 283      5C9B5B5D 
 283      34EFE085 
 283      E7EA
 284 0740 5643DDFF 		.ascii	"VC\335\377\005]E\001\177\300\327\303\274\254,\257\372"
 284      055D4501 
 284      7FC0D7C3 
 284      BCAC2CAF 
 284      FA
 285 0751 2B5CE57D 		.ascii	"+\\\345}5/\337[TX\\\262\312\373\303\037}\177\301|\357"
ARM GAS  /tmp/ccOH9Qoa.s 			page 23


 285      352FDF5B 
 285      54585CB2 
 285      CAFBC31F 
 285      7D7FC17C 
 286 0766 F2E52F78 		.ascii	"\362\345/x_|\371{/\2756\337[\224\227\377J~\376\212\254"
 286      5F7CF97B 
 286      2FBD36DF 
 286      5B9497FF 
 286      4A7EFE8A 
 287 077b 9F099D10 		.ascii	"\237\011\235\020zA\336\252_\351\005\205+V\312\237\376"
 287      7A41DEAA 
 287      5FE90585 
 287      2B56CA9F 
 287      FE
 288 078c A244CFCB 		.ascii	"\242D\317\313/)v\024\375\246hE\261Q\270\252h\345\312"
 288      2F297614 
 288      FDA66845 
 288      B151B8AA 
 288      68E5CA
 289 079f 15C5CEC2 		.ascii	"\025\305\316\302\222\337\026\255,v\020\244X+\310\326"
 289      92DF16AD 
 289      2C7610A4 
 289      582BC8D6 
 290 07af 0AE66B05 		.ascii	"\012\346k\005\363L\002\022\365?\377o\012\346"
 290      F34C0212 
 290      F53FFF6F 
 290      0AE6
 291              		.text
 292              		.section	.gnu.lto_.symbol_nodes.89e63bda372cb56e,"",%progbits
 293 0000 789C6363 		.ascii	"x\234cc``P\003b\006\246V\246z\006\206\011\347\030\030"
 293      60605003 
 293      6206A656 
 293      A67A0686 
 293      09E71818 
 294 0014 80D4AE06 		.ascii	"\200\324\256\006G\240H\033S=#\212\010\003\000\264!\010"
 294      47A0481B 
 294      533D238A 
 294      080300B4 
 294      2108
 295 0026 EF       		.ascii	"\357"
 296              		.text
 297              		.section	.gnu.lto_.refs.89e63bda372cb56e,"",%progbits
 298 0000 789C6363 		.ascii	"x\234cc```\004b\006\000\000D\000\010"
 298      60606004 
 298      62060000 
 298      440008
 299              		.text
 300              		.section	.gnu.lto_.decls.89e63bda372cb56e,"",%progbits
 301 0000 789CCD59 		.ascii	"x\234\315Y}PT\327\025\177\367\335\335ew\371\312\240"
 301      7D5054D7 
 301      157FF7DD 
 301      DD6577F9 
 301      CAA0
 302 0012 4DFD23E9 		.ascii	"M\375#\351X\207Q\246\015\254`\232\2443i\032\005\022"
 302      588751A6 
 302      0DAC609A 
 302      A433691A 
ARM GAS  /tmp/ccOH9Qoa.s 			page 24


 302      0512
 303 0024 6C4C6416 		.ascii	"lLd\026\323N:M6\004\326H\003,\205\265\223\264\177t\371"
 303      D34E3A4D 
 303      3604D648 
 303      032C85B5 
 303      93B47F74 
 304 0039 12444110 		.ascii	"\022DA\020M\304\257\250\370\205\"\230\370\201|(+\002"
 304      4DC4AFA8 
 304      F8852298 
 304      F8817C28 
 304      2B02
 305 004b 8A044554 		.ascii	"\212\004ETT\004A\224\017A\021!\" \011=\367\335\267\274"
 305      54044194 
 305      0F411121 
 305      2220093D 
 305      F7DDB7BC 
 306 005f CBDBDD26 		.ascii	"\313\333\335&\231\316t\272\343\341\276s\357\357\236"
 306      99CE74BA 
 306      E3E1BE73 
 306      EFEF9E
 307 006e 73EEB9E7 		.ascii	"s\356\271\347\335s\356S\305q\234\376y\216\363Pp\334"
 307      DD73EE53 
 307      C5719CFE 
 307      798EF350 
 307      70DC
 308 0080 8788E326 		.ascii	"\207\210\343&\341\207\241\3574\020tq\017\201~\005\375"
 308      E187A1EF 
 308      34107471 
 308      0F817E05 
 308      FD
 309 0091 2F00E980 		.ascii	"/\000\351\200\310\217\007z\011\236_\025y\366\027\003"
 309      C88F077A 
 309      099E5F15 
 309      79F61703 
 310 00a1 839ED07E 		.ascii	"\203\236\320~\010\344\0054S\2241\017(\003\360\351@\303"
 310      08E40534 
 310      5394310F 
 310      2803F0E9 
 310      40C3
 311 00b3 F0BC16DA 		.ascii	"\360\274\026\332\001h3\241\235\007\264\006(\013h.\320"
 311      016833A1 
 311      9D07B406 
 311      280B682E 
 311      D0
 312 00c4 B3D09F04 		.ascii	"\263\320\237\004\355?\200\356\301s3\320\317\341\371"
 312      ED3F80EE 
 312      C17333D0 
 312      CFE1F9
 313 00d3 12B473A0 		.ascii	"\022\264s\240\275\014\355\363\320^\204v\026\264W\241"
 313      BD0CEDF3 
 313      D05E8476 
 313      16B457A1 
 314 00e3 FD05B417 		.ascii	"\375\005\264\027\240\375%\264M\320\316\206\366\016\264"
 314      A0FD25B4 
 314      4DD0CE86 
 314      F60EB4
 315 00f2 7D405D40 		.ascii	"}@]@=@w\031\333s\035\330\376\031\014\272\312lg\327^"
ARM GAS  /tmp/ccOH9Qoa.s 			page 25


 315      3D407719 
 315      DB731DD8 
 315      FE190CBA 
 315      CA6C67D7 
 316 0107 23AEE3CF 		.ascii	"#\256\343\317\034\265\223\254C%\352&z\211\215\304>b"
 316      1CB593AC 
 316      4325EA26 
 316      7A898DC4 
 316      3E62
 317 0119 1BD14F54 		.ascii	"\033\321OT8\362\321\006\214.\245\034\336\212\327`\344"
 317      38F2D106 
 317      8C2EA51C 
 317      DE8AD760 
 317      E4
 318 012a A5450A60 		.ascii	"\245E\012`\0375l\276\343\001\354L-\232\015la\303\331"
 318      1F356CBE 
 318      E301EC4C 
 318      2D9A0D6C 
 318      61C3D9
 319 013d 5671341D 		.ascii	"Vq4\035\001\177\342\344\203\000\312>\007\\Y\333#\253"
 319      017FE2E4 
 319      8300CA3E 
 319      075C59DB 
 319      23AB
 320 014f 2B057790 		.ascii	"+\005w\220\321\311{7\3625tx\220\310\3168\226\233\357"
 320      D1C97B37 
 320      F2357478 
 320      90C8CE38 
 320      969BEF
 321 0162 8979449E 		.ascii	"\211yD\236\007R\272:\\\351\330,`\233\006\277\331&\262"
 321      0752BA3A 
 321      5CE9D82C 
 321      609B06BF 
 321      D926B2
 322 0175 CF00DBBA 		.ascii	"\317\000\333\272z\325v\025\326\010\310\266s\005\007"
 322      7AD57615 
 322      D608C8B6 
 322      730507
 323 0184 89CE795A 		.ascii	"\211\316yZDb\300\023\272\212\357\227\216\271\323.\202"
 323      4462C013 
 323      BA8AEF97 
 323      8EB9D32E 
 323      82
 324 0195 B85ABFAD 		.ascii	"\270Z\277\255E\213=\204\347\306\312A\253\253_\241\205"
 324      458B3D84 
 324      E7C6CA41 
 324      ABAB5FA1 
 324      85
 325 01a6 FED4FFE2 		.ascii	"\376\324\377\342P%\302\266\3055\255\033\332\355\202"
 325      5025C2B6 
 325      C535AD1B 
 325      DAED82
 326 01b5 4308906F 		.ascii	"C\010\220o\277\361\264\325\003i}\322-\226$\313\216d"
 326      BFF1B4D5 
 326      03697DD2 
 326      2D9624CB 
 326      8E64
ARM GAS  /tmp/ccOH9Qoa.s 			page 26


 327 01c7 8B268443 		.ascii	"\213&\204CG\321s\350\010z\216Cg\220\017\021nE~\034:"
 327      47D173E8 
 327      087A8E43 
 327      67900F11 
 327      6E457E1C 
 328 01dc 059D27A1 		.ascii	"\005\235'\241s/\021hm\337\374Z\336\220\3052\033U!-:"
 328      732F1168 
 328      6DDFFC5A 
 328      DE90C532 
 328      1B55212D 
 329 01f1 8DB08001 		.ascii	"\215\260\200\001\217\316\323R\025\005\273sv\251\360"
 329      8FCED352 
 329      1505BB73 
 329      76A9F0
 330 0200 4D24E828 		.ascii	"M$\350(\337\322U\303;\323Q\353TGO\305\234\332T\213\205"
 330      DFD255C3 
 330      3BD351EB 
 330      54474FC5 
 330      9CDA548B 
 331 0215 4735A0A3 		.ascii	"G5\240\243Z\322\001*\251\222\316\262\326D\036wPOn.\377"
 331      5AD2012A 
 331      A992CEB2 
 331      D6441E77 
 331      504F6E2E 
 332 022a F6BC92BA 		.ascii	"\366\274\222\272N\015\354\303\334\232\006\036\337\245"
 332      4E0DECC3 
 332      DC9A061E 
 332      DFA5
 333 0238 63DDD793 		.ascii	"c\335\327\223\363T\270\2172\331\337\335\260\250\360"
 333      F354B88F 
 333      32D9DFDD 
 333      B0A8F0
 334 0247 1065321F 		.ascii	"\020e2\037\216\356T\3401\312\334H~\322\354\216'\005"
 334      8EEE54E0 
 334      31CADC48 
 334      7ED2EC8E 
 334      2705
 335 0259 4693747D 		.ascii	"F\223t}\344\214\022y{\317\360\366\366\366\361\366\336"
 335      E48C1279 
 335      7BCFF0F6 
 335      F6F6F1F6 
 335      DE
 336 026a 456CB7F6 		.ascii	"El\267\366\364\276Z:\324k\261\254w\023\214j\000\243"
 336      F4BE5A3A 
 336      D46BB1AC 
 336      77138C6A 
 336      00A3
 337 027c 1AD10C69 		.ascii	"\032\321\014i1e\360\207C\376\360\207\243\023Z~\273\331"
 337      3165F087 
 337      43FEF087 
 337      A3135A7E 
 337      BBD9
 338 028e 624DC102 		.ascii	"bM\301\002\372\254\034].\241s\310\212\263\201\220\202"
 338      FAAC1C5D 
 338      2EA173C8 
 338      8AB38190 
 338      82
ARM GAS  /tmp/ccOH9Qoa.s 			page 27


 339 029f 43250038 		.ascii	"C%\0008.\214\0218\254\032]\001'5!o\324\014t\011\350"
 339      2E8C1138 
 339      AC1A5D01 
 339      2735216F 
 339      D40C7409 
 340 02b4 32D045A0 		.ascii	"2\320E\240\253@\027\220\267\260\261T\341\370+\222\302"
 340      AB401790 
 340      B7B0B154 
 340      E1F82B92 
 340      C2
 341 02c5 F37285E7 		.ascii	"\363r\205\347\354\314c\320\337\310\321:\031\370<\263"
 341      ECCC63D0 
 341      DFC8D13A 
 341      19F83CB3 
 342 02d5 963AC7A2 		.ascii	"\226:\307\242\217\222\277\342\366]8\341\225\010\353"
 342      8F92BFE2 
 342      F65D38E1 
 342      9508EB
 343 02e4 21304EDC 		.ascii	"!0N\334:\311\314\201R\257\374d\313\271\371\202\260\012"
 343      3AC9CC81 
 343      52AFFC64 
 343      CBB9F982 
 343      B00A
 344 02f6 C78EA1C2 		.ascii	"\307\216\241\302(\276\2171\264\336\241\241\024\015\273"
 344      28BE8F31 
 344      B4DEA1A1 
 344      140DBB
 345 0305 58F97D4A 		.ascii	"X\371}J\243\012\037\307B\350\035\250h\355W\242\031>"
 345      A30A1FC7 
 345      42E81DA8 
 345      68ED57A2 
 345      193E
 346 0317 0EFD8B6E 		.ascii	"\016\375\213n\200[\177\212\213\351\302j\313T\360J\241"
 346      805B7F8A 
 346      8BE9C26A 
 346      CB54F04A 
 346      A1
 347 0328 EB30F19A 		.ascii	"\3530\361\232\024\225d\231\202\376\313\335;S\334h 6"
 347      14956499 
 347      82FECBDD 
 347      3B53DC68 
 347      2036
 348 033a 123E6BDD 		.ascii	"\022>k\335\221\257\264\270N\260\007\355\357\336\232"
 348      91AFB4B8 
 348      4EB007ED 
 348      EFDE9A
 349 0349 250EBE02 		.ascii	"%\016\276\002\354\261\206\023\267\224\270\221\216\265"
 349      ECB18613 
 349      B794B891 
 349      8EB5
 350 0357 0E35A7B9 		.ascii	"\0165\247\271\342k\224)\236\330\260O\205oQfx\377\327"
 350      E26B9429 
 350      9ED8B04F 
 350      856F5166 
 350      78FFD7
 351 036a DBD574D6 		.ascii	"\333\325t\326~r\242lK\263\036\025O\030\253\026\3705"
 351      7E72A26C 
ARM GAS  /tmp/ccOH9Qoa.s 			page 28


 351      4BB31E15 
 351      4F18AB16 
 351      F835
 352 037c A9EB56BB 		.ascii	"\251\353V\273\340.\001\254.\276\226R\255\206\300\205"
 352      E02E01AC 
 352      2EBE9652 
 352      AD86C085 
 353 038c C8A5714B 		.ascii	"\310\245qKL\256\360\312\265\020w\023\243o\201\321\335"
 353      4CAEF0CA 
 353      B5107713 
 353      A36F81D1 
 353      DD
 354 039d D04EB9A1 		.ascii	"\320N\271\241l\272\273\001_\365\373D\301\335\004\336"
 354      6CBABB01 
 354      5FF5FB44 
 354      C1DD04DE 
 355 03ad 29871FB3 		.ascii	")\207\037\263\207\377N\202\337\224\303[\030\370\264"
 355      87FF4E82 
 355      DF94C35B 
 355      18F8B4
 356 03bc 6DB80D88 		.ascii	"m\270\015\210\016a\260[\334\203^\330\203{\340\357;@"
 356      0E61B05B 
 356      DC835ED8 
 356      837BE0EF 
 356      3B40
 357 03ce 7D405D40 		.ascii	"}@]@=@w\245\020\007m\235\214\266R\271\266\023R\210\213"
 357      3D4077A5 
 357      10076D9D 
 357      8CB652B9 
 357      B6135288 
 358 03e3 61584EC3 		.ascii	"aXN\303\260\333.\014a\260\273\234\361K\273\\\326\264"
 358      B0DB2E0C 
 358      61B0BB9C 
 358      F14BBB5C 
 358      D6B4
 359 03f5 1780287E 		.ascii	"\027\200(~UR\334&\007\267J\212aGN\217\335O\365\304\367"
 359      5552DC26 
 359      07B74A8A 
 359      61474E8F 
 359      DD4FF5C4 
 360 040a 6910DEAC 		.ascii	"i\020\336\254\257\256q\225\007\241m\365\350\001,\372"
 360      AFAE7195 
 360      07A16DF5 
 360      E8012CFA 
 361 041a C73A802E 		.ascii	"\307:\200.i\244R\010\300\3730\251_\012\300n[\000nI\276"
 361      69A45208 
 361      C0FB30A9 
 361      5F0AC06E 
 361      5B006E49 
 362 042f DFE23E43 		.ascii	"\337\342>CT\226\356T\031\367\0375\0219\233\277\230\355"
 362      5496EE54 
 362      19F71F35 
 362      11399BBF 
 362      98ED
 363 0441 96317566 		.ascii	"\2261uf\243\001\346\235\343\320C\344Fp\244%\330\341"
 363      A301E69D 
 363      E3D043E4 
ARM GAS  /tmp/ccOH9Qoa.s 			page 29


 363      4670A425 
 363      D8E1
 364 0453 B67B628E 		.ascii	"\266{b\216\363a\362\245\027\315\227\243;\357\256\347"
 364      F361F2A5 
 364      17CD97A3 
 364      3BEFAEE7 
 365 0463 F1080DE6 		.ascii	"\361\010\015\346MM_\005k!\025$\377\250T\000\023\016"
 365      4D4D5F05 
 365      6B211524 
 365      FFA85400 
 365      130E
 366 0475 4F6EE870 		.ascii	"On\350p\307O\351\354C\243\355\307\225\330\242\240\247"
 366      C74FE9EC 
 366      43A3EDC7 
 366      95D8A2A0 
 366      A7
 367 0486 F786AA2A 		.ascii	"\367\206\252*\005N\245L~^N\232\022gP\246`}\366a-^K\031"
 367      054EA54C 
 367      7E5E4E9A 
 367      126750A6 
 367      607DF661 
 368 049e 5B569D49 		.ascii	"[V\235I\263j\315\344\023\253'5\216'\366\034\2706\256"
 368      B36ACDE4 
 368      13AB2735 
 368      8E27F61C 
 368      B836AE
 369 04b1 C15914BA 		.ascii	"\301Y\024\272g\374\351 \311\262sI\226\305L\216\235K"
 369      67FCE920 
 369      C9B27349 
 369      96C54C8E 
 369      9D4B
 370 04c3 736C657D 		.ascii	"sle}\335^7\274A\000\363E\233'&<my-;\331\242\364\341"
 370      DD5E37BC 
 370      4100F345 
 370      9B27263C 
 370      6D792D3B 
 371 04db D018D83D 		.ascii	"\320\030\330=N\026c\341}\310$a1\337A\347\004\223;\347"
 371      4E1663E1 
 371      7DC82461 
 371      31DF41E7 
 371      04933BE7 
 372 04ef 7E9146F2 		.ascii	"~\221F\362\332$\034f\337K\0338WLk\247rnvk\361\227TG"
 372      DA241C66 
 372      DF4B1B38 
 372      574C6BA7 
 372      726E766B 
 373 0507 52E3C661 		.ascii	"R\343\306a\247:\222\235\352\350\251\010\250\026rg\022"
 373      A73A929D 
 373      EAE8A908 
 373      A8167267 
 373      12
 374 0518 AF459024 		.ascii	"\257E\220$m:&m\2713itW\205\032\357\027\224(F\366\037"
 374      6D3A266D 
 374      B9336974 
 374      57851AEF 
 374      17942846 
 375 052e 6BF64090 		.ascii	"k\366@\220\351\230\020\3459f\263Sy\032\237\351\240p"
ARM GAS  /tmp/ccOH9Qoa.s 			page 30


 375      E99810E5 
 375      3966B353 
 375      791A9FE9 
 375      A070
 376 0540 15EF8DD2 		.ascii	"\025\357\215\322x6\347\364\364\316/\032\272k\261d\270"
 376      7836E7F4 
 376      F4CE2F1A 
 376      BA6BB164 
 376      B8
 377 0551 09EA5240 		.ascii	"\011\352R@\035\2310e\246<\221\364\371\345Y\254IX\000"
 377      1D993065 
 377      A63C91F4 
 377      F9E559AC 
 377      495800
 378 0564 3F458EC0 		.ascii	"?E\216\300cL\036\271U\244%\321\016 \366\375\005\253"
 378      634C1EB9 
 378      55A425D1 
 378      0E20F6FD 
 378      05AB
 379 0576 CF56F51F 		.ascii	"\317V\365\037\325\302A7\323\207\212m.br\312\023\220"
 379      D5C24137 
 379      D3878A6D 
 379      2E6272CA 
 379      1390
 380 0588 BB869FE9 		.ascii	"\273\206\237\351$\233\221\227\250\310#Q\260\202h\037"
 380      249B9197 
 380      A8C82351 
 380      B082681F 
 381 0598 758E5E4F 		.ascii	"u\216^O\320\020\251\302{$y\204\240\211G\326\202GV\203"
 381      D010A9C2 
 381      7B247984 
 381      A08947D6 
 381      82475683 
 382 05ac 473278F6 		.ascii	"G2x\366\015\275P4K8t\0005\335h\324P\266\376\250f&\010"
 382      0DBD5034 
 382      4B387400 
 382      35DD68D4 
 382      50B6FEA8 
 383 05c3 4D742E94 		.ascii	"Mt.\224\233&\021&\245\234\271z\314\015\027\322\020\355"
 383      9B261126 
 383      A59CB97A 
 383      CC0D17D2 
 383      10ED
 384 05d5 AA2F4E52 		.ascii	"\252/NR\343\303\224\331\336PT\257\304G)S~\260\250\211"
 384      E3C394D9 
 384      DE5054AF 
 384      C4472953 
 384      7EB0A889 
 385 05e9 C7659429 		.ascii	"\307e\224),\035\\\203p\025e\036\245\025\233q\035}N\331"
 385      2C1D5C83 
 385      7015651E 
 385      A5159B71 
 385      1D7D4ED9 
 386 05fd 967D91A7 		.ascii	"\226}\221\247\341\377\002\260\237\257\336\332\241\020"
 386      E1FF02B0 
 386      9FAFDEDA 
 386      A110
ARM GAS  /tmp/ccOH9Qoa.s 			page 31


 387 060b AB55F23A 		.ascii	"\253U\362:|\335\274\277\\\215/\012X\367\261\206\273"
 387      7CDDBCBF 
 387      5C8D2F0A 
 387      58F7B186 
 387      BB
 388 061c FD9E6211 		.ascii	"\375\236b\021$\224A$\241\244$\303\301yH\364\3650\370"
 388      24944124 
 388      A1A424C3 
 388      C17948F4 
 388      F530F8
 389 062f 1ADE6D94 		.ascii	"\032\336m\224\307;N\310\024^\345G\3237Ag\311\321\345"
 389      C73B4EC8 
 389      145EE547 
 389      D3374167 
 389      C9D1E5
 390 0642 CE12C446 		.ascii	"\316\022\304F\3769\264\201'\203yb\374}\011\336\336\001"
 390      FE39B481 
 390      27837962 
 390      FC7D09DE 
 390      DE01
 391 0654 BEF90268 		.ascii	"\276\371\002h\027\3206\240-@\233\200\362\201\266\002"
 391      17D036A0 
 391      2D409B80 
 391      F281B602 
 392 0664 6D07DA09 		.ascii	"m\007\332\011\264y*F\211\005-:\311\202\317\345\026\014"
 392      B4792A46 
 392      89052D3A 
 392      C982CFE5 
 392      160C
 393 0676 B2751141 		.ascii	"\262u\021A\217\373J\350u\216\355e\320U\214\354\307H"
 393      8FFB4AE8 
 393      758EED65 
 393      D0558CEC 
 393      C748
 394 0688 869E9E5C 		.ascii	"\206\236\236\\\011|\210\021\236-\027~\316\016~\236\221"
 394      097C8811 
 394      9E2D177E 
 394      CE0E7E9E 
 394      91
 395 0699 FEAD5CFA 		.ascii	"\376\255\\\372#\273tw\210\246\273<^\226\356\210\250"
 395      23BB7477 
 395      88A6BB3C 
 395      5E96EE88 
 395      A8
 396 06aa 5BECAEE5 		.ascii	"[\354\256\345:\3345fYM\214\342!\307\212Y;\373\230e\345"
 396      3ADC3566 
 396      594D8CE2 
 396      21C78A59 
 396      3BFB9865 
 397 06bf 385E964D 		.ascii	"8^\226M8\274x\337\027i)<\023b~\304\261\323l\311\324"
 397      38BC78DF 
 397      1769293C 
 397      13627EC4 
 397      B1D36CC9 
 398 06d4 DA307A54 		.ascii	"\3320zT\211/\323\003\361dE\362\213\310g\006]mw\261\220"
 398      892FD303 
 398      F16445F2 
ARM GAS  /tmp/ccOH9Qoa.s 			page 32


 398      8BC86706 
 398      5D6D77B1 
 399 06e9 09F7C2DC 		.ascii	"\011\367\302\334\335\322!G\326\356$\224\320\036\210"
 399      DDD22147 
 399      D6EE2494 
 399      D01E88
 400 06f8 A0FF269A 		.ascii	"\240\377&\232\300\234}\337<\275\253e\023\343^\236M\214"
 400      C09C7DDF 
 400      3CBDAB65 
 400      13E35E9E 
 400      4D8C
 401 070a FB7837D1 		.ascii	"\373x7\321\020\300\226\254\336\324\343\216;\250\351"
 401      10C096AC 
 401      DED4E38E 
 401      3BA8E9
 402 0719 9BCF6EDF 		.ascii	"\233\317n\337\241A>n\342\271V\377\0149\000\320\001\300"
 402      A1413E6E 
 402      E2B956FF 
 402      0C3900D0 
 402      01C0
 403 072b EF978C87 		.ascii	"\357\227\214\207\351\3208\221\216\012\300dI\001\231"
 403      E9D03891 
 403      8E0AC064 
 403      490199
 404 073a 4BDEE8EA 		.ascii	"K\336\350\352\221\034w\334O\225t\217\245\034uuv\331"
 404      911C77DC 
 404      4F95748F 
 404      A51C7575 
 404      76D9
 405 074c 3AC43BBB 		.ascii	":\304;\273l\215\324\315L\"\326\024\302\231|P\262\246"
 405      6C8DD4CD 
 405      4C22D614 
 405      C2997C50 
 405      B2A6
 406 075e 46C817A4 		.ascii	"F\310\027\244\027\364\034h(\230P\340Q\252g\244\272'"
 406      17F41C68 
 406      289850E0 
 406      51AA67A4 
 406      BA27
 407 0770 5FED4CCF 		.ascii	"_\355L\317a\247zZ\376@6\254\030\264\024\331i)\026\264"
 407      61A77A5A 
 407      FE4036AC 
 407      18B414D9 
 407      692916B4 
 408 0784 949D3E59 		.ascii	"\224\235>Y\351\332\016\005\026\334\366\3213\202\323"
 408      E9DA0E05 
 408      16DCF6D1 
 408      3382D3
 409 0793 11A27FA1 		.ascii	"\021\242\177\241%$\360\223\266\037\242\375\320\313\323"
 409      2524F093 
 409      B61FA2FD 
 409      D0CBD3
 410 07a2 468412C6 		.ascii	"F\204\022\3066\005M\365\360\242\014\336&W\370'\012@"
 410      36054DF5 
 410      F0A20CDE 
 410      2657F827 
 410      0A40
ARM GAS  /tmp/ccOH9Qoa.s 			page 33


 411 07b4 AC543A4E 		.ascii	"\254T:N\325\331~\034\305S{\244y\264\213\227\2241S\354"
 411      D5D97E1C 
 411      C5537BA4 
 411      79B48B97 
 411      943153EC 
 412 07c8 6CE5A686 		.ascii	"l\345\246\206\247\214\222\026"
 412      A78C9216 
 413 07d0 89C418BB 		.ascii	"\211\304\030\273z\177m\221[\007\224\352\034z\217\343"
 413      7A7F6D91 
 413      5B0794EA 
 413      1C7A8FE3 
 414 07e0 B2D531C2 		.ascii	"\262\3251\302\321}\2400\257K\203\023\225\002SZ\334\267"
 414      D17DA030 
 414      AF4B8313 
 414      9502535A 
 414      DCB7
 415 07f2 C953C1D3 		.ascii	"\311S\301\323\022\014\305*H\337\326\226\314Sx\326\347"
 415      120CC52A 
 415      48DFD696 
 415      CC5378D6 
 415      E7
 416 0803 42E4275B 		.ascii	"B\344'[\236\341\321\207\317NeV(\334\371Y\344\235\345"
 416      9EE1D187 
 416      CF4E6556 
 416      28DCF959 
 416      E49DE5
 417 0816 155447FE 		.ascii	"\025TG\376\251\346\2109;,;:,\326\311\002\\q\346\236"
 417      A9E68839 
 417      3B2C3B3A 
 417      2CD6C902 
 417      5C71E69E 
 418 082a C5A25510 		.ascii	"\305\242U\020\020:\"m\015<\302\337\257\371\016\204\276"
 418      103A226D 
 418      0D3CC2DF 
 418      AFF90E84 
 418      BE
 419 083b E2DBC19C 		.ascii	"\342\333\301\234\343\374\034\230\373`Or\256'>M-)9W\231"
 419      E3FC1C98 
 419      FB604F72 
 419      AE273E4D 
 419      2D293957 
 420 0850 AE152C21 		.ascii	"\256\025,!\373J-\231\314\313\312W\011}$\242N\360Bg}"
 420      FB4A2D99 
 420      CCCBCA57 
 420      097D24A2 
 420      4EF04267 
 421 0865 576DBD46 		.ascii	"Wm\275F\350$A_J;\257\034\370\3665\247&\227\013&\227"
 421      E824415F 
 421      4A3BAF1C 
 421      F8F635A7 
 421      26970B26 
 422 087a D94CBE5F 		.ascii	"\331L\276_Z\237 \232\334\362k8? d\241\306\001\020*\221"
 422      5A9F209A 
 422      DCF26B38 
 422      3F2064A1 
 422      C601102A 
 423 088f 4C2E919B 		.ascii	"L.\221\233\\!\230|\274\273\256VK\363\236\205\\\242\254"
ARM GAS  /tmp/ccOH9Qoa.s 			page 34


 423      5C21987C 
 423      BCBBAE56 
 423      4BF39E85 
 423      5CA2AC
 424 08a2 B56B1F20 		.ascii	"\265k\037 |\215.!\375v\332eqpTX\322\300\301\022w\361"
 424      7C8D2E21 
 424      FD76DA65 
 424      71705458 
 424      D2C0C112 
 425 08b8 86252CA7 		.ascii	"\206%,\247\352\311uw\334F\3019\203C\271*R\302Z\304W"
 425      EAC97577 
 425      DC46C139 
 425      8343B92A 
 425      52C25AC4 
 426 08cd 146649EF 		.ascii	"\024fI\357\177\025\017\301\014\207)\232/T\257%\307\362"
 426      7F150FC1 
 426      0C87299A 
 426      2F54AF25 
 426      C7F2
 427 08df 1FAABDB2 		.ascii	"\037\252\275\262\305\303\350u\205P\235X\3418\242G\342"
 427      C5C3E875 
 427      85509D58 
 427      E138A247 
 427      E2
 428 08f0 19DECB36 		.ascii	"\031\336\3136\207\240\277(\355\034\364\300=\242\236"
 428      87A0BF28 
 428      ED1CF4C0 
 428      3DA29E
 429 08ff 338F875D 		.ascii	"3\217\207]q?eZwm\330\243\240\026\366\022~\333\304D\212"
 429      713F655A 
 429      776DD8A3 
 429      A016F612 
 429      7EDBC444 
 430 0914 020FD2C1 		.ascii	"\002\017\322\301\244\362\0339bI\333!T\274I\271\273U"
 430      A4F21B39 
 430      6249DB21 
 430      54BC49B9 
 430      BB55
 431 0926 789C0E3E 		.ascii	"x\234\016>\035\3307\250\302)*\272W\2677V\212\205\372"
 431      1DD837A8 
 431      C2292ABA 
 431      57B73756 
 431      8A85FA
 432 0939 75C29F19 		.ascii	"u\302\237\031\336\372\310\015g\321\301\324\335W\326"
 432      DEFAC80D 
 432      67D1C1D4 
 432      DD57D6
 433 0948 BAE04D94 		.ascii	"\272\340M\224\031\276\231Y\353\206wQ\246\372\334\235"
 433      19BE9959 
 433      EB867751 
 433      A6FADC9D 
 434 0958 CB6A5C48 		.ascii	"\313j\\H\23155\307j\305\317_\347\010\237\330{8\015\343"
 434      993535C7 
 434      6AC5CF5F 
 434      E7089FD8 
 434      7B380DE3 
 435 096c E3A202D1 		.ascii	"\343\242\002\321s^\242\347\0365\236\311\320`+\035lX"
ARM GAS  /tmp/ccOH9Qoa.s 			page 35


 435      735EA2E7 
 435      1E359EC9 
 435      D0602B1D 
 435      6C58
 436 097e BD7E238F 		.ascii	"\275~#\217\317Qfr\313\34067\334H\231\212\374\324\002"
 436      CF516672 
 436      CBE03637 
 436      DC48998A 
 436      FCD402
 437 0991 356EA14C 		.ascii	"5n\241LyIE\255\370-g>9\337.d\266\272\341N:V\324\233"
 437      794945AD 
 437      F82D673E 
 437      39DF2E64 
 437      B6BAE14E 
 438 09a9 6675C17D 		.ascii	"fu\301}\342\254\206\261B\017<$27\217\351\360\004}\336"
 438      E2AC86B1 
 438      420F3C24 
 438      32378FE9 
 438      F0047DDE 
 439 09bd D95B0AF1 		.ascii	"\331[\012\361\231\352\"0\267\333z2<p\026eVUn<\251\301"
 439      99EA2230 
 439      B7DB7A32 
 439      3C701665 
 439      56556E3C 
 440 09d3 9B2853DD 		.ascii	"\233(S\335\001\227\341\235\364\271?\303z\203\307\007"
 440      0197E19D 
 440      F4B93FC3 
 440      7A83C707 
 441 09e3 2853509A 		.ascii	"(SP\232y[\211\217P\346NI\312\210\002\227P\346\340\304"
 441      795B898F 
 441      50E64E49 
 441      CA880297 
 441      50E6E0C4 
 442 09f7 F6460DAE 		.ascii	"\366F\015\256\240LcYG\227\007\256\246L\341\376\266n"
 442      A04C6359 
 442      479707AE 
 442      A64CE1FE 
 442      B66E
 443 0a09 173166C8 		.ascii	"\0271f\310'\250\335':&\020>+\014\316>\376x\303A\025"
 443      27A8DD27 
 443      3A26103E 
 443      2B0CCE3E 
 443      FE78C341 
 444 0a1e F2B6FB31 		.ascii	"\362\266\3731\225\325Tqum\034\217\037\314\310\264\354"
 444      95D55471 
 444      756D1C8F 
 444      1FCCC8B4 
 444      EC
 445 0a2f A8424236 		.ascii	"\250BB6m\200\330\036c\263@=/\257\250\337\227>\217\264"
 445      6D80D81E 
 445      63B3403D 
 445      2FAFA8DF 
 445      973E8FB4 
 446 0a43 C9D1F615 		.ascii	"\311\321\366\025H\323\373R\252\356\220\303\355\312\233"
 446      48D3FB52 
 446      AAEE90C3 
 446      EDCA9B
ARM GAS  /tmp/ccOH9Qoa.s 			page 36


 447 0a52 F1BF48E8 		.ascii	"\361\277H\350;r\364\264R\217\034\360C\006zI\206\300"
 447      3B72F4B4 
 447      528F1CF0 
 447      43067A49 
 447      86C0
 448 0a64 466745B4 		.ascii	"FgE\264-\334Q-/\227\315XrS.\333\276\306\030\372@\202"
 448      2DDC512D 
 448      2F97CD58 
 448      72532EDB 
 448      BEC618FA 
 449 0a7a 5F96C39B 		.ascii	"_\226\303\233x;8#\275\325\261t\346F0\376\201d\371%\271"
 449      783B3823 
 449      BDD5B174 
 449      E64630FE 
 449      8164F925 
 450 0a8f E58DBC0C 		.ascii	"\345\215\274\014}~\205\204>-GW\312\3279\304\370\360"
 450      7D7E8584 
 450      3E2D4757 
 450      CAD739C4 
 450      F8F0
 451 0aa1 AE431F32 		.ascii	"\256C\0372\273\331\371\201\264\233W\345\340V\373\257"
 451      BBD9F981 
 451      B49B57E5 
 451      E056FBAF 
 452 0ab1 2F8CDD2D 		.ascii	"/\214\335-rK\354J\333\363\214On\313\205\333W\237\235"
 452      724BEC4A 
 452      DBF38C4F 
 452      6ECB85DB 
 452      579F9D
 453 0ac4 0CFC96E3 		.ascii	"\014\374\226\343\310bKFf\177\256\313\321\327\354\366"
 453      C8624B46 
 453      667FAECB 
 453      D1D7ECF6 
 454 0ad4 A7858137 		.ascii	"\247\205\2017;^(\033+\006\011]#G3\337}\246\025~]\340"
 454      3B5E281B 
 454      2B06095D 
 454      234733DF 
 454      7DA6157E 
 455 0aea 08FAC16A 		.ascii	"\010\372\301jL\254\372&\2416y\004\025]\037\320w@\337"
 455      4CACFA26 
 455      A1367904 
 455      155D1FD0 
 455      7740DF
 456 0afd 02DD037A 		.ascii	"\002\335\003z\012\364\030\250\027h\000\350>\3200P\022"
 456      0AF418A8 
 456      176800E8 
 456      3ED03050 
 456      12
 457 0b0e F64623D0 		.ascii	"\366F#\320>\001\032\002J\006\376\001\264\017\201\306"
 457      3E011A02 
 457      4A06FE01 
 457      B40F81C6 
 458 0b1e 815281EF 		.ascii	"\201R\201\357\201v\002\350{ \013\360\375\320\216\002"
 458      817602E8 
 458      7B200BF0 
 458      FDD08E02 
 459 0b2e AD82E741 		.ascii	"\255\202\347AhS\240M\304\354}\244\212Y\314E\371bZ\344"
ARM GAS  /tmp/ccOH9Qoa.s 			page 37


 459      6853A04D 
 459      C4EC7DA4 
 459      8A59CC45 
 459      F9625AE4 
 460 0b42 4B6F6176 		.ascii	"Koav\241\335\361\013\313~-m10\237u\035\037\036\323n"
 460      A1DDF10B 
 460      CB7E2D6D 
 460      31309F75 
 460      1D1F1ED3 
 461 0b57 678CF44E 		.ascii	"g\214\364N\307!\301\330\322\311X~\336\016-\005\276X"
 461      C721C1D8 
 461      D2C9587E 
 461      DE0E2D05 
 461      BE58
 462 0b69 A1B7D2FB 		.ascii	"\241\267\322\373\310\230\243\373\310@\273\327\256\251"
 462      C898A3FB 
 462      C840BBD7 
 462      AEA9
 463 0b77 FB489D63 		.ascii	"\373H\235cY\323\342e\205\244\272[\016?i\007?\317\204"
 463      59D3E265 
 463      85A4BA5B 
 463      0E3F6907 
 463      3FCF84
 464 0b8a D70DC7D1 		.ascii	"\327\015\307\321\310\254\253\217A_q|\266\260\221\316"
 464      C8ACAB8F 
 464      415F717C 
 464      B6B091CE 
 465 0b9a 9872CAB1 		.ascii	"\230r\312\261)\354K\307\370\354\202\343\335\236\266"
 465      29EC4BC7 
 465      F8EC82E3 
 465      DD9EB6
 466 0ba9 218CF06A 		.ascii	"!\214\360j\307\221>\365\271\373qaa\233+\036\027\262"
 466      C7913EF5 
 466      B9FB7161 
 466      619B2B1E 
 466      17B2
 467 0bbb 0C7FFB49 		.ascii	"\014\177\373I\351\026^\376\245\321\366\012\240\325\330"
 467      E9165EFE 
 467      A5D1F60A 
 467      A0D5D8
 468 0bca E7FFE62D 		.ascii	"\347\377\346-\240\3211\320+\334\337\322\361\014\004"
 468      A0D131D0 
 468      2BDCDFD2 
 468      F10C04
 469 0bd9 1584AD80 		.ascii	"\025\204\255\200\033\343\305/\231\225\315\3374\273\260"
 469      1BE3C52F 
 469      9995CDDF 
 469      34BBB0
 470 0be8 372D0294 		.ascii	"7-\002\224*\255\014L?ABK\312\331\023\023;\\\247\177"
 470      2AAD0C4C 
 470      3F41424B 
 470      CAD91313 
 470      3B5CA77F 
 471 0bfc F674F4A1 		.ascii	"\366t\364\241\237\373\301\257\374\3443`\335\303K\230"
 471      9FFBC1AF 
 471      FCE43360 
 471      DDC34B98 
ARM GAS  /tmp/ccOH9Qoa.s 			page 38


 472 0c0c 55BC669A 		.ascii	"U\274f\232\342\265\242\342\265\202\342+=Iu\032\307\212"
 472      E2B5A2E2 
 472      B582E22B 
 472      3D49751A 
 472      C78A
 473 0c1e B91FAF15 		.ascii	"\271\037\257\025e\342\031\344\277\371N\226\256\362\320"
 473      65E219E4 
 473      BFF94E96 
 473      AEF2D0
 474 0c2d 8A97AAF4 		.ascii	"\212\227\252\364\037\374<\212\2620\2713e\254zx\015\343"
 474      1FFC3C8A 
 474      B230B933 
 474      65AC7A78 
 474      0DE3
 475 0c3f 556A5A21 		.ascii	"UjZ!\265W\214\320\213\001\330'\226\343\225;[K\334\205"
 475      B5578CD0 
 475      8B01D827 
 475      96E3953B 
 475      5B4BDC85 
 476 0c53 3E727BCC 		.ascii	">r{\314\306B\347\205\252\223\307=\234\226\336\3531)"
 476      C642E785 
 476      AA93C73D 
 476      9C96DEEB 
 476      3129
 477 0c65 BD73B058 		.ascii	"\275s\260Xz?\336h\355WC\355m\245\327\205\325\371iP\240"
 477      7A3FDE68 
 477      ED5743ED 
 477      6DA5D785 
 477      D5F96950 
 478 0c7a 245A5E7F 		.ascii	"$Z^\177\235\000\321:i\367\340qz\371\235\213\347p\252"
 478      9D00D13A 
 478      69F7E071 
 478      7AF99D8B 
 478      E770AA
 479 0c8d D0E0A070 		.ascii	"\320\340\240ps\270\"|y|\364|??\035\375gJ\320\255\010"
 479      73B8227C 
 479      797CF47C 
 479      3F3F1DFD 
 479      674AD0AD 
 480 0ca2 8FD6C599 		.ascii	"\217\326\305\231\342\315\011\272\260eo/\010\320-Y\022"
 480      E2CD09BA 
 480      B0656F2F 
 480      08D02D59 
 480      12
 481 0cb3 A47B3374 		.ascii	"\244{3t\361\322\277\007\350\342\302\243\015\321\321"
 481      F1D2BF07 
 481      E8E2C2A3 
 481      0DD1D1
 482 0cc2 917E11EA 		.ascii	"\221~\021\3527\337ywv\240\277?\2475\030VF\305\232\027"
 482      37DF7977 
 482      76A0BF3F 
 482      A7351856 
 482      46C59A17 
 483 0cd6 0418CCAB 		.ascii	"\004\030\314\253\220n\205)\306\250\013\217H0\372F\207"
 483      906E8529 
 483      C6A80B8F 
 483      4830FA46 
ARM GAS  /tmp/ccOH9Qoa.s 			page 39


 483      87
 484 0ce7 7FA40B32 		.ascii	"\177\244\0132E\254\2141\306\202\240e\306\360\230\267"
 484      45AC8C31 
 484      C682A065 
 484      C6F098B7 
 485 0cf7 74C111D1 		.ascii	"t\301\021\321Qq\011F\203\3217ne\304'\001\272e&St\202"
 485      51710946 
 485      83D1376E 
 485      65C42701 
 485      BA652653 
 486 0d0d EEE38808 		.ascii	"\356\343\210\010\337\360\370\030\337XS\254\321\327\030"
 486      DFF0F818 
 486      DF5853AC 
 486      D1D718
 487 0d1c FE5194EF 		.ascii	"\376Q\224\357\313\276\001\363\375_\366\375\333\213\276"
 487      CBBE01F3 
 487      FD5FF6FD 
 487      DB8BBE
 488 0d2b 31E17F35 		.ascii	"1\341\1775\305\353\246\215\352\242b#\242WF\032u1\341"
 488      C5EBA68D 
 488      EAA26223 
 488      A257461A 
 488      7531E1
 489 0d3e 112BA262 		.ascii	"\021+\242b\215:C\244qy\370\312h\263\301\374Y\2341\301"
 489      8D3A43A4 
 489      7179F8CA 
 489      68B3C1FC 
 489      599C31C1 
 490 0d52 6F05A7B6 		.ascii	"o\005\247\266\031\364\317\377\251=\011\237%\350\014"
 490      19F4CFFF 
 490      A93D099F 
 490      25E80C
 491 0d61 09E64850 		.ascii	"\011\346HP\016F`Sd\2742ne\\d\274\213)!\316h\214\214"
 491      0E466053 
 491      64BC326E 
 491      655C64BC 
 491      8B2921CE 
 492 0d78 57998881 		.ascii	"W\231\210\201\361\312\030S\2441\236x}\205\377O\364\372"
 492      F1CA1853 
 492      A4319E78 
 492      7D85FF4F 
 492      F4FA
 493 0d8a 0ACE2BC1 		.ascii	"\012\316+\301\034\003+\3738.\312dH0\232W\306\031\314"
 493      1C032BFB 
 493      382ECA64 
 493      48309A57 
 493      C619CC
 494 0d9d AAD020B2 		.ascii	"\252\320 \262\215\252\320@\332,\242\315B\332\204\220"
 494      8DAAD040 
 494      DA2CA2CD 
 494      42DA8490 
 495 0dad 4613BA70 		.ascii	"F\023\272pI\240)vy\324\307\212\205o\350C\310\237%\212"
 495      49A02976 
 495      79D4C78A 
 495      856FE843 
 495      C89F258A 
 496 0dc1 25816FE9 		.ascii	"%\201o\351\025\213\302\364z\364'\024\242\214\2106\206"
ARM GAS  /tmp/ccOH9Qoa.s 			page 40


 496      158BC2F4 
 496      7AF42714 
 496      A28C8836 
 496      86
 497 0dd2 C78B7BE9 		.ascii	"\307\213{\351\377\222\301\254\266=`P\203\227\006\351"
 497      FF92C1AC 
 497      B63D6050 
 497      839706E9 
 498 0de2 F1E220BD 		.ascii	"\361\342 \2752\364\335\320 \275\313\322\260\320\340"
 498      32F4DDD0 
 498      20BDCBD2 
 498      B0D0E0
 499 0df1 E020BD6A 		.ascii	"\340 \275j\351\262\367B\203\365\312\267\227\006\005"
 499      E9B2F742 
 499      83F5CAB7 
 499      970605
 500 0e00 EBF122BD 		.ascii	"\353\361\"\275\336\2151\316\254\2152\221\325DE\032\314"
 500      DE8D31CE 
 500      AC8D3291 
 500      D544451A 
 500      CC
 501 0e11 6EF43126 		.ascii	"n\3641&<\341\023\020\034e\"\0160\230\335\015\342\262"
 501      3CE11310 
 501      1C65220E 
 501      3098DD0D 
 501      E2B2
 502 0e23 0C51B151 		.ascii	"\014Q\261Q\346\237\352\212\010\356gS\363\301\302\217"
 502      E69FEA8A 
 502      08EE6753 
 502      F3C1C28F 
 503 0e33 E34D2BE3 		.ascii	"\343M+\343\210\\eXX\340\233z\215>8,X\377\307\340\240"
 503      885C6558 
 503      58E09B7A 
 503      8D3E382C 
 503      58FFC7E0 
 504 0e48 97706018 		.ascii	"\227p`\030\2542(P\352\372\215fa\350\242\200%\241\301"
 504      AC322850 
 504      EAFA8D66 
 504      61E8A280 
 504      25A1C1
 505 0e5b EFE8C993 		.ascii	"\357\350\311\223?}\262\215\276\250Y\030\262h\2018\032"
 505      3F7DB28D 
 505      BEA85918 
 505      B2688138 
 505      1A
 506 0e6c 32850B91 		.ascii	"2\205\013\221\343\026\270\020)\320CZ\177v$\300\205H"
 506      E316B810 
 506      29D0435A 
 506      7F7624C0 
 506      8548
 507 0e7e 10464244 		.ascii	"\020FBDD\310t\204\277\232\314\325\207-\323\223\007\177"
 507      44C87484 
 507      BF9ACCD5 
 507      872DD393 
 507      077F
 508 0e90 F2303536 		.ascii	"\362056_Mf\323\261\020\033(\204\202p\340b\275\"\360"
 508      5F4D66D3 
ARM GAS  /tmp/ccOH9Qoa.s 			page 41


 508      B1101B28 
 508      848270E0 
 508      62BD22F0 
 509 0ea4 8D37F52E 		.ascii	"\2157\365.\241K\226\220\226\017\324k\341qq@\030\341"
 509      A14B9690 
 509      960FD46B 
 509      E1717140 
 509      18E1
 510 0eb6 E6B12E34 		.ascii	"\346\261.4~j\326\005\276\035\2668\014\\\250\023\366"
 510      7E6AD605 
 510      BE1DB638 
 510      0C5CA813 
 510      F6
 511 0ec7 65F98BF3 		.ascii	"e\371\213\363\375?5B\014\271\352\003\003\015\313 \024"
 511      FD3F3542 
 511      0CB9EA03 
 511      030DCB20 
 511      14
 512 0ed8 838CCBD5 		.ascii	"\203\214\313\325\304\367d\303\376\015\215ky\371"
 512      C4F764C3 
 512      FE0D8D6B 
 512      79F9
 513              		.text
 514              		.section	.gnu.lto_.symtab.89e63bda372cb56e,"",%progbits
 515 0000 5F70616C 		.ascii	"_pal_lld_init\000"
 515      5F6C6C64 
 515      5F696E69 
 515      7400
 516 000e 00       		.ascii	"\000"
 517 000f 00       		.ascii	"\000"
 518 0010 00       		.ascii	"\000"
 519 0011 00000000 		.ascii	"\000\000\000\000\000\000\000\000"
 519      00000000 
 520 0019 36010000 		.ascii	"6\001\000\000"
 521 001d 5F70616C 		.ascii	"_pal_lld_setgroupmode\000"
 521      5F6C6C64 
 521      5F736574 
 521      67726F75 
 521      706D6F64 
 522 0033 00       		.ascii	"\000"
 523 0034 00       		.ascii	"\000"
 524 0035 00       		.ascii	"\000"
 525 0036 00000000 		.ascii	"\000\000\000\000\000\000\000\000"
 525      00000000 
 526 003e 3C010000 		.ascii	"<\001\000\000"
 527              		.text
 528              		.section	.gnu.lto_.opts,"",%progbits
 529 0000 272D666D 		.ascii	"'-fmath-errno' '-fsigned-zeros' '-ftrapping-math' '"
 529      6174682D 
 529      6572726E 
 529      6F272027 
 529      2D667369 
 530 0033 2D666E6F 		.ascii	"-fno-trapv' '-fno-openmp' '-fno-openacc' '-mcpu=cor"
 530      2D747261 
 530      70762720 
 530      272D666E 
 530      6F2D6F70 
ARM GAS  /tmp/ccOH9Qoa.s 			page 42


 531 0066 7465782D 		.ascii	"tex-m4' '-mno-thumb-interwork' '-mthumb' '-O2' '-fo"
 531      6D342720 
 531      272D6D6E 
 531      6F2D7468 
 531      756D622D 
 532 0099 6D69742D 		.ascii	"mit-frame-pointer' '-falign-functions=16' '-ffuncti"
 532      6672616D 
 532      652D706F 
 532      696E7465 
 532      72272027 
 533 00cc 6F6E2D73 		.ascii	"on-sections' '-fdata-sections' '-fno-common' '-flto"
 533      65637469 
 533      6F6E7327 
 533      20272D66 
 533      64617461 
 534 00ff 2700     		.ascii	"'\000"
 535              		.text
 536              		.comm	__gnu_lto_v1,1,1
 537              		.comm	__gnu_lto_slim,1,1
 538              		.ident	"GCC: (GNU Tools for Arm Embedded Processors 7-2017-q4-major) 7.2.1 20170904 (release) [ARM
ARM GAS  /tmp/ccOH9Qoa.s 			page 43


DEFINED SYMBOLS
                            *ABS*:0000000000000000 pal_lld.c
                            *COM*:0000000000000001 __gnu_lto_v1
                            *COM*:0000000000000001 __gnu_lto_slim

NO UNDEFINED SYMBOLS
