ARM GAS  /tmp/cchLAvi1.s 			page 1


   1              		.cpu cortex-m4
   2              		.eabi_attribute 20, 1
   3              		.eabi_attribute 21, 1
   4              		.eabi_attribute 23, 3
   5              		.eabi_attribute 24, 1
   6              		.eabi_attribute 25, 1
   7              		.eabi_attribute 26, 1
   8              		.eabi_attribute 30, 2
   9              		.eabi_attribute 34, 1
  10              		.eabi_attribute 18, 4
  11              		.file	"st_lld.c"
  12              		.section	.gnu.lto_.profile.4b694eab496c3332,"",%progbits
  13 0000 789C6363 		.ascii	"x\234cc```\001bF\006K\031\000\001\006\000a"
  13      60606001 
  13      6246064B 
  13      19000106 
  13      0061
  14              		.text
  15              		.section	.gnu.lto_.icf.4b694eab496c3332,"",%progbits
  16 0000 789C6363 		.ascii	"x\234cc``\340e@\000&\206\2757\226o\341d\234\272\255"
  16      6060E065 
  16      40002686 
  16      BD37966F 
  16      E1649CBA 
  17 0015 55990100 		.ascii	"U\231\001\000&\023\005\003"
  17      26130503 
  18              		.text
  19              		.section	.gnu.lto_.jmpfuncs.4b694eab496c3332,"",%progbits
  20 0000 789C6363 		.ascii	"x\234cc``\360d@\000&0\311\310\300\300\3028\205\231\361"
  20      6060F064 
  20      40002630 
  20      C9C8C0C0 
  20      C2388599 
  21 0015 E9C9C96D 		.ascii	"\351\311\311m<\335\314s\230\031\030e\03073\31200\036"
  21      3CDDCC73 
  21      98191865 
  21      183733CA 
  21      30301E
  22 0028 60619401 		.ascii	"`a\224\001b\240\022\240t\327\257\353}\034\020i\016\306"
  22      62A012A0 
  22      74D7AFEB 
  22      7D1C1069 
  22      0EC6
  23 003a 2D50690E 		.ascii	"-Pi\016\2604\003\000!Q\016\252"
  23      B0340300 
  23      21510EAA 
  24              		.text
  25              		.section	.gnu.lto_.inline.4b694eab496c3332,"",%progbits
  26 0000 789C6363 		.ascii	"x\234cc``\260b@\000&\006\006\036QF\006&\276+\376\014"
  26      6060B062 
  26      40002606 
  26      061E5146 
  26      0626BE2B 
  27 0016 6C0BE499 		.ascii	"l\013\344\231@b\214\\p\202AD\006()\363\340\026#\\\226"
  27      40628C5C 
  27      70824144 
  27      062829F3 
ARM GAS  /tmp/cchLAvi1.s 			page 2


  27      E016235C 
  28 002b 9907AC8B 		.ascii	"\231\007\254\213\001\000\257\032\005X"
  28      0100AF1A 
  28      0558
  29              		.text
  30              		.section	.gnu.lto_.pureconst.4b694eab496c3332,"",%progbits
  31 0000 789C6363 		.ascii	"x\234cc```\003b&\206]\214\214R\000\003\261\000\345"
  31      60606003 
  31      6226865D 
  31      8C8C5200 
  31      03B100E5 
  32              		.text
  33              		.section	.gnu.lto_VectorB0.4b694eab496c3332,"",%progbits
  34 0000 789C7D54 		.ascii	"x\234}T]lSe\030~\237\363\235\376\254\035\310%\211K\354"
  34      5D6C5365 
  34      187E9FF3 
  34      9DFEAC1D 
  34      C825894B 
  35 0015 2E665C42 		.ascii	".f\\Bz\370Y\342\2451\030\023\"\275a\334\223Q\232\224"
  35      7AF859E2 
  35      A5311813 
  35      22BD61DC 
  35      93519A94 
  36 0029 D851D26E 		.ascii	"\330Q\322n\013\273\332\351~\350\026\215\341b\014%\325"
  36      0BBBDAE9 
  36      7EE8168D 
  36      E1620C25 
  36      D5
  37 003a 3592F813 		.ascii	"5\222\370\0233Q\374\355\200y\334\034E\221m\214\241\350"
  37      3351FCED 
  37      8079DC1C 
  37      45916D8C 
  37      A1E8
  38 004c 12832C6C 		.ascii	"\022\203,l2\253\231\2048\205\261\371\276\247\245vm\262"
  38      32AB9984 
  38      3885B1F9 
  38      BEA7A576 
  38      6DB2
  39 005e 2F3DDF39 		.ascii	"/=\3379\347{\336\237\347{\236\257\307IDO:\210\026\371"
  39      E77BDE9F 
  39      E77B9EAF 
  39      C749444F 
  39      3A8816F9 
  40 0072 DEC0171C 		.ascii	"\336\300\027\034\004\355\304\004Q\302\255ij\252\206"
  40      04EDC404 
  40      51C2AD69 
  40      6AAA86
  41 0081 4C8F6EED 		.ascii	"L\217n\355 \263ZA\317/\353\200<\230nP\207\246tt\340"
  41      20B35A41 
  41      CF2FEB80 
  41      3C986E50 
  41      87A67474 
  42 0096 55D5AF30 		.ascii	"U\325\2570\232\234\317h\365\357\232<\254S\303\336\204"
  42      9A9CCF68 
  42      F5EF9A3C 
  42      AC53C3DE 
  42      84
ARM GAS  /tmp/cchLAvi1.s 			page 3


  43 00a7 D9B335A5 		.ascii	"\331\2635\245\210\006\370\222\201OPO\034v\373\343\325"
  43      8806F892 
  43      814F504F 
  43      1C76FBE3 
  43      D5
  44 00b8 939B9C7A 		.ascii	"\223\233\234z~\035\237\302I\340\207\263\323\016\313"
  44      7E1D9FC2 
  44      49E087B3 
  44      D30ECB
  45 00c7 5C5D4B9A 		.ascii	"\\]K\232\326\3753x\370\222\007\224R\320d\"\352\345H"
  45      D6FD3378 
  45      F8920794 
  45      52D06422 
  45      EAE548
  46 00da 6E685AD4 		.ascii	"nhZ\324\2474y\352\262h\021\243\303ws=^)pZ\201\353\016"
  46      A73479EA 
  46      B26811A3 
  46      C377733D 
  46      5E29705A 
  47 00f1 F48C4EBA 		.ascii	"\364\214N\272^Q)\245A\332L\014-/y\362\257\302H\347\245"
  47      5E5129A5 
  47      41DA4C0C 
  47      2D2F79F2 
  47      AFC248E7 
  48 0106 F49B0B55 		.ascii	"\364\233\013Ui\274\225\340W_J)|\216\032|\206\032\222"
  48      69BC95E0 
  48      575F4A29 
  48      7C8E1A7C 
  48      861A92
  49 0119 F0E4FC95 		.ascii	"\360\344\374\225\251\315\306\220\331\235\020L\307\027"
  49      A9CDC690 
  49      D99D104C 
  49      C717
  50 0127 48E3A4CD 		.ascii	"H\343\244\315\034_\302\340v]+\307\337p\345\273i\371"
  50      1C5FC2E0 
  50      765D2BC7 
  50      DF70E5BB 
  50      69F9
  51 0139 86E36BCB 		.ascii	"\206\343k\313\326\023\322\001\320\220\341:w\320=;\326"
  51      D613D201 
  51      D090E13A 
  51      77D03D3B 
  51      D6
  52 014a 5088E180 		.ascii	"P\210\341\200\263\271\314\277\233\362\001\204ai\304"
  52      B3B9CCBF 
  52      9BF20184 
  52      6169C4
  53 0159 A34F299A 		.ascii	"\243O)\232\252\311\357\340\376o\177\214\333;XO.\375"
  53      AAC9EFE0 
  53      FE6F7F8C 
  53      DB3B584F 
  53      2EFD
  54 016b 8EEC7E63 		.ascii	"\216\354~c~\347\377\347w\001F\351\366unv\221\263\346"
  54      7EE7FFE7 
  54      770146E9 
  54      F6756E76 
  54      91B3E6
ARM GAS  /tmp/cchLAvi1.s 			page 4


  55 017e 593E5EBF 		.ascii	"Y>^\277\326\375QJ\311\272\003\242\301_WO\317m\226W'"
  55      D6FD514A 
  55      C9BA03A2 
  55      C15F574F 
  55      CF6D9657 
  56 0193 7CFCBA70 		.ascii	"|\374\272p!9\003\265\323V,7\337k\351ugL\263\323\264"
  56      213903B5 
  56      D3562C37 
  56      DF6BE975 
  56      674CB3D3 
  57 01a8 B2C9E72E 		.ascii	"\262\311\347.\215\0377O$\334)\345\202\005\305n\341+"
  57      8D1F374F 
  57      24DC29E5 
  57      8205C56E 
  57      E12B
  58 01ba E63352D8 		.ascii	"\3463R\330\006\276F\235\320\272k^\324\245\234\013>\214"
  58      06BE469D 
  58      D0BA6B5E 
  58      D4A59C0B 
  58      3E8C
  59 01cc 32F63B3A 		.ascii	"2\366;:o\177\360Z\377\334\326\242\323\335\371\003\361"
  59      6F7FF05A 
  59      FFDCD6A2 
  59      D3DDF903 
  59      F1
  60 01dd 8BD761BB 		.ascii	"\213\327a\273=\240@e\330\332\373\015\017\370\024\214"
  60      3DA04065 
  60      D8DAFB0D 
  60      0FF8148C 
  61 01ed 09A89583 		.ascii	"\011\250\225\203\017\207\266\207\011\337\010\246\312"
  61      0F87B687 
  61      09DF08A6 
  61      CA
  62 01fa B1B105BF 		.ascii	"\261\261\005\277\2130.\230^\216=\210\012E\302%A\035"
  62      8B302E98 
  62      5E8E3D88 
  62      0A45C225 
  62      411D
  63 020c A5070F59 		.ascii	"\245\007\017Y8qY\316\035O,\026M\212\233o\017\236\373"
  63      387159CE 
  63      1D4F2C16 
  63      4D8A9B6F 
  63      0F9EFB
  64 021f C7537B0B 		.ascii	"\307S{\013\203\346\353,\260[\022\206\346\316\233n]\343"
  64      83E6EB2C 
  64      B05B1286 
  64      E6CE9B6E 
  64      5DE3
  65 0231 CD7E8B5A 		.ascii	"\315~\213Z\333\205\245\334\314\254\306+\370\016\272"
  65      DB85A5DC 
  65      CCACC62B 
  65      F80EBA
  66 0240 BD5DC215 		.ascii	"\275]\302\025[\326\367F\306\356T\327\316\025\262\253"
  66      5BD6F746 
  66      C6EE54D7 
  66      CE15B2AB 
  67 0250 24F6DE87 		.ascii	"$\366\336\207\347nx\355\354\357%\033W\241\263'\235>"
ARM GAS  /tmp/cchLAvi1.s 			page 5


  67      E76E78ED 
  67      ECEF251B 
  67      57A1B327 
  67      9D3E
  68 0262 5B3AA21C 		.ascii	"[:\242\034\272n=\352\377\373`\271NKE\235\234\353HO0"
  68      BA6E3DEA 
  68      FFFB60B9 
  68      4E4B459D 
  68      9CEB484F 
  69 0277 D749212D 		.ascii	"\327I!-\023\003\231Ln\326\325\361\310d\203<\003,\377"
  69      1303994C 
  69      6ED6D5F1 
  69      C864833C 
  69      032CFF
  70 028a 846053E8 		.ascii	"\204`S\350\340\223\343}\354\375:G\263Og7v\364\232\355"
  70      E093E37D 
  70      ECFD3A47 
  70      B34F6737 
  70      76F49AED 
  71 029e 68F11CB9 		.ascii	"h\361\034\271X\232\351\215\034\275Wd\352\256t\324\267"
  71      589AE98D 
  71      1CBD5764 
  71      EAAE74D4 
  71      B7
  72 02af C274AE0B 		.ascii	"\302t\256\013XU\351\3503/\023f\004\363T8\232\335\305"
  72      5855E9E8 
  72      332F1366 
  72      04F35438 
  72      9ADDC5
  73 02c2 8EDE10CC 		.ascii	"\216\336\020\314[\216-\266\013E\302\017\225\216\376"
  73      5B8E2DB6 
  73      0B45C20F 
  73      958EFE
  74 02d1 C8E2DC14 		.ascii	"\310\342\334\024\001n\2268\272:\370\353\210\367\261"
  74      016E9638 
  74      BA3AF8EB 
  74      88F7B1
  75 02e0 59D3B659 		.ascii	"Y\323\266Y?\331f\225;\363s\321\031\251o\377G\365\302"
  75      3FD96695 
  75      3BF373D1 
  75      19A96FFF 
  75      47F5C2
  76 02f3 67465CEA 		.ascii	"gF\\\352[q\330\237\251\012\321\2539w\266\240\370\237"
  76      5B71D89F 
  76      A90AD1AB 
  76      3977B6A0 
  76      F89F
  77 0305 E84C2F9F 		.ascii	"\350L/\237\202\035(\243\227\2179\227\340&\206\337_\370"
  77      821D28A3 
  77      978F3997 
  77      E02686DF 
  77      5FF8
  78 0317 45E346B8 		.ascii	"E\343F\270)b\034\215\306Z\342F\343\376\300\256\235\306"
  78      29621C8D 
  78      C65AE246 
  78      E3FEC0AE 
  78      9DC6
ARM GAS  /tmp/cchLAvi1.s 			page 6


  79 0329 DEBD2F18 		.ascii	"\336\275/\030\373\367\004\332v\030\361\226\003\221\310"
  79      FBF704DA 
  79      7618F196 
  79      0391C8
  80 0338 217F901C 		.ascii	"!\177\220\034mM\221\326P}iV\254\245\220\364\374\276"
  80      6D4D91D6 
  80      507D6956 
  80      ACA590F4 
  80      FCBE
  81 034a C0EEC031 		.ascii	"\300\356\3001#\030\016Fc\241\003m\3176\373\303\264\255"
  81      23180E46 
  81      63A1036D 
  81      CF36FBC3 
  81      B4AD
  82 035c 343274AC 		.ascii	"42t\254\305\330\035h\334\323h\034>\022\214\264\036\012"
  82      C5D81D68 
  82      DCD3681C 
  82      3E128CB4 
  82      1E0A
  83 036e 197664B0 		.ascii	"\031vd\260\371\305\326#A\016~\252\234L4\316\023\327"
  83      F9C5D623 
  83      410E7EAA 
  83      9C4C34CE 
  83      13D7
  84 0380 977B39CE 		.ascii	"\227{9\316\313\305*\341x{\234\361-\201\306}\276\203"
  84      CBC52AE1 
  84      787B9CF1 
  84      2D81C67D 
  84      BE83
  85 0392 4DF1D0D1 		.ascii	"M\361\320\321\330\341m\276\272\355\244\305\310\325\034"
  85      D8E16DBE 
  85      BAEDA4C5 
  85      C8D51C
  86 03a1 6A8EC6DA 		.ascii	"j\216\306\332\351?h\246\367l"
  86      E93F68A6 
  86      F76C
  87              		.text
  88              		.section	.gnu.lto_st_lld_init.4b694eab496c3332,"",%progbits
  89 0000 789C9D94 		.ascii	"x\234\235\224\315O\023A\030\207\347\267\323v\267\200"
  89      CD4F1341 
  89      1887E7B7 
  89      D376B780 
  90 0010 35DE4CEC 		.ascii	"5\336L\354\301+\036\330T\377\005/&\020\017r7F\023=\220"
  90      C12B1ED8 
  90      54FF052F 
  90      26100F72 
  90      3746133D 
  91 0025 608478B4 		.ascii	"`\204x\264\313W\213H\014\211\202\211\331b\023\017\006"
  91      CB578B48 
  91      0C898289 
  91      D962130F 
  91      06
  92 0036 13441085 		.ascii	"\023D\020\205\026\320\245\202\210hAD\001I<\020E\276"
  92      16D0A582 
  92      88684144 
  92      01493C10 
  92      45BE
ARM GAS  /tmp/cchLAvi1.s 			page 7


  93 0048 341C4834 		.ascii	"4\034H4\032\301\367\235--\321\023\235t\247\2633\263"
  93      1AC1F79D 
  93      2D2DD113 
  93      9D74A7B3 
  93      33B3
  94 005a CF33EF7C 		.ascii	"\3173\357|\371\204\020a\257\020!\372?D\017\244\200\326"
  94      F9841061 
  94      AF1021FA 
  94      3F440FA4 
  94      80D6
  95 006c 9216A2C6 		.ascii	"\222\026\242\306\320\000.X\006DXC\030\315\362\246D*"
  95      D0002E58 
  95      06445843 
  95      18CDF2A6 
  95      442A
  96 007e BA94D08A 		.ascii	"\272\224\320\212\357Y\224\234[=\201\210\325p\320\226"
  96      EF59949C 
  96      5B3D8188 
  96      D570D096 
  97 008e 42B4D1C3 		.ascii	"B\264\321\303\011\217P,\250\333b\367V\353>\237\307\255"
  97      098F502C 
  97      A8DB62F7 
  97      56EB3E9F 
  97      C7AD
  98 00a0 472F7C02 		.ascii	"G/|\002T\350\232\366:\326\326v\324rF\356b\350\344\001"
  98      54E89AF6 
  98      3AD6D676 
  98      D47246EE 
  98      62E8E401 
  99 00b4 085B42E3 		.ascii	"\010[B\343L\347\314\340L\210F\372\206\304\226#\256J"
  99      4CE7CCE0 
  99      4C8846FA 
  99      86C49623 
  99      AE4A
 100 00c6 8D4B758E 		.ascii	"\215Ku\216XE*\271r\347<\223nK\220\240\255!5\251_\223"
 100      58452AB9 
 100      72E73C93 
 100      6E4B90A0 
 100      AD2135A9 
 101 00dc B6D4C0BE 		.ascii	"\266\324\300\276\372\330\350\222\337}\2656\032-\017"
 101      FAD8E892 
 101      DF7DB536 
 101      1A2D0F
 102 00eb 552D0C2C 		.ascii	"U-\014,~\362\305\321^CC=lK\211'\010\3421\202\202\373"
 102      7EF2C5D1 
 102      5E43433D 
 102      6C4B8927 
 102      08E23182 
 103 0101 AF7D1E1F 		.ascii	"\257}\036\037\012\230\235V=l\351A\037\342hU\021\240"
 103      0A989D56 
 103      3D6CE941 
 103      1FE26855 
 103      11A0
 104 0113 1F26C9EA 		.ascii	"\037&\311\352~F\340\2724W\327;2\0261\230\017J\011\202"
 104      7E46E0BA 
 104      3457D73B 
 104      32163198 
ARM GAS  /tmp/cchLAvi1.s 			page 8


 104      0F4A0982 
 105 0127 D080669A 		.ascii	"\320\200f\232T\237\275\251\2229\325\000L\342\253\320"
 105      549FBDA9 
 105      9239D500 
 105      4CE2ABD0 
 106 0137 3AEEEBAE 		.ascii	":\356\353\256N\337\035\232W\205\326T7\334c\270\257\226"
 106      4EDF1D9A 
 106      5785D654 
 106      37DC63B8 
 106      AF96
 107 0149 D36205A8 		.ascii	"\323b\005\250j\376[}wa\316\347\303\020\371\0063\276"
 107      6AFE5B7D 
 107      7761CEE7 
 107      C310F906 
 107      33BE
 108 015b E47A479F 		.ascii	"\344zG\237/\353{\252|<\371x\366Oh\006\351\376\217e\017"
 108      2FEB7BAA 
 108      7C3CF978 
 108      F64F6806 
 108      E9FE8F65 
 109 0170 6C27C71E 		.ascii	"l'\307\036\346X\014&m.wF\003\031V6\022]E\222\356\374"
 109      E6580C26 
 109      6D2E7746 
 109      03195636 
 109      125D4592 
 110 0186 B151E0BE 		.ascii	"\261Q\340\276\362\376\341E\212\307\276\3723\262\370"
 110      F2FEE145 
 110      8AC7BEFA 
 110      33B2F8
 111 0195 155A7E03 		.ascii	"\025Z~\003\317I\227\312\350\242K\023Sj\352jx(\036\214"
 111      CF4997CA 
 111      E8A24B13 
 111      536AEA6A 
 111      78281E8C 
 112 01a9 28A1C6C2 		.ascii	"(\241\306\302Q\230\324a5\275\022Ss\343\301\344\260\300"
 112      5198D461 
 112      35BD1253 
 112      73E3C1E4 
 112      B0C0
 113 01bb 0B3798CD 		.ascii	"\0137\230\315\345\007\331!\354M0\246\004j\317\276T\202"
 113      E507D921 
 113      EC4D30A6 
 113      046ACFBE 
 113      5482
 114 01cd B5C18773 		.ascii	"\265\301\207s^W\260Mi?\306w\024]y*^)\205\207\025\023"
 114      5E57B04D 
 114      693FC677 
 114      145D792A 
 114      5E298587 
 115 01e3 4A919D24 		.ascii	"J\221\235$\017\004^\357\340\373\363\302\373\361F\341"
 115      0F045EEF 
 115      E0FBF3C2 
 115      FBF146E1 
 116 01f3 E94073A3 		.ascii	"\351@s\243\323\\\333\241\207\272\2701\336\243\226,\015"
 116      D35CDBA1 
 116      87BAB831 
 116      DEA3962C 
ARM GAS  /tmp/cchLAvi1.s 			page 9


 116      0D
 117 0204 1347826A 		.ascii	"\023G\202j\373M\"\224\323%\362\214fJ\351|\314{K\350"
 117      FB4D2294 
 117      D325F28C 
 117      664AE97C 
 117      CC7B4BE8 
 118 0218 2C2F9927 		.ascii	",/\231'oZ\361t\346\275\333\315\033\310\2237\243x\006"
 118      6F5AF174 
 118      E6BDDBCD 
 118      1BC89337 
 118      A37806
 119 022b F3DE132F 		.ascii	"\363\336\023/\261\303\033\314\223\367A\361\374\314\233"
 119      B1C31BCC 
 119      93F741F1 
 119      FCCC9B
 120 023a CDF0D6D1 		.ascii	"\315\360\326\321\020\337\216Iu\311\321\027\211\304\372"
 120      10DF8E49 
 120      75C9D117 
 120      89C4FA
 121 0249 821EFE63 		.ascii	"\202\036\376c\031\266,h\343\303\2019\204\271\341\313"
 121      19B62C68 
 121      E3C38139 
 121      84B9E1CB 
 122 0259 F88D4811 		.ascii	"\370\215H\021\257s!\361\347\021\344\243\375k\366\272"
 122      AF7321F1 
 122      E711E4A3 
 122      FD6BF6BA 
 123 0269 E15619F8 		.ascii	"\341V\031\370\210\240-\213\304w\324\306\177\267\253"
 123      88A02D8B 
 123      C477D4C6 
 123      7FB7AB
 124 0278 D3A86ED4 		.ascii	"\323\250n\324Fb\320\035H\233\336,)\311\374*\253\314"
 124      4662D01D 
 124      489BDE2C 
 124      29C9FC2A 
 124      ABCC
 125 028a 0B672ACC 		.ascii	"\013g*\314\213\225\227\252\253\314S\345e\307\216\232"
 125      8B9597AA 
 125      ABCC53E5 
 125      65C78E9A 
 126 029a A5A5C7CD 		.ascii	"\245\245\307\315\362\023e\227CfU\365\351\212\212s%g"
 126      F2136597 
 126      436655F5 
 126      E98A8A73 
 126      2567
 127 02ac C55F5EFB 		.ascii	"\305_^\373\330j"
 127      D86A
 128              		.text
 129              		.section	.gnu.lto_.symbol_nodes.4b694eab496c3332,"",%progbits
 130 0000 789C55C8 		.ascii	"x\234U\310\301\011\2000\020D\321\237I\264\015[\321\222"
 130      C1098030 
 130      1044D19F 
 130      49B40D5B 
 130      D192
 131 0012 AC607388 		.ascii	"\254`s\210\211G\353\261\010\253\360(\330\202\213'e\030"
 131      8947EBB1 
 131      08ABF028 
ARM GAS  /tmp/cchLAvi1.s 			page 10


 131      D8828B27 
 131      6518
 132 0024 3EBC1E98 		.ascii	">\274\036\230\375\250\310`;\300\263\347\311e\221\205"
 132      FDA8C860 
 132      3BC0B3E7 
 132      C9659185 
 133 0034 9F842AD3 		.ascii	"\237\204*\323+\220\363\350\320d\361\007\253,}!\372J"
 133      2B90F3E8 
 133      D064F107 
 133      AB2C7D21 
 133      FA4A
 134 0046 BDBB8828 		.ascii	"\275\273\210(\355\032bH\234^\036\365g\032\323"
 134      ED1A6248 
 134      9C5E1EF5 
 134      671AD3
 135              		.text
 136              		.section	.gnu.lto_.refs.4b694eab496c3332,"",%progbits
 137 0000 789C6363 		.ascii	"x\234cc```\004b\006\000\000D\000\010"
 137      60606004 
 137      62060000 
 137      440008
 138              		.text
 139              		.section	.gnu.lto_.decls.4b694eab496c3332,"",%progbits
 140 0000 789CCD59 		.ascii	"x\234\315YkPTI\226\256\274Y\024P<4Jc\242c\303\2106:"
 140      6B505449 
 140      96AEBC59 
 140      14503C34 
 140      4A63A263 
 141 0018 8C95895D 		.ascii	"\214\225\211],@w\272cgc\243\265@!V\272\215\202\236\330"
 141      2C4077BA 
 141      636763A3 
 141      B5402156 
 141      BA8D829E 
 142 002d 9998E91A 		.ascii	"\231\230\351\032\272\254\036\330.\252\034\300\336v\347"
 142      BAAC1ED8 
 142      2EAA1CC0 
 142      DE76E7
 143 003c C75C5E8A 		.ascii	"\307\\^\212\200\017Z|k7\212\202\012(\266\"\215\240 "
 143      800F5A7C 
 143      6B378A82 
 143      0A28B622 
 143      8DA020
 144 004f A58808B6 		.ascii	"\245\210\010\266\226\212\362\222\207\210\370\202\022"
 144      968AF292 
 144      8788F882 
 144      12
 145 005c 1F20A0EC 		.ascii	"\037 \240\354\311\314[uo]\212\331\331\037;\2617<u\357"
 145      C9CC5B75 
 145      6F5D8AD9 
 145      D91F3BB1 
 145      373C75EF 
 146 0070 C9FCF2CB 		.ascii	"\311\374\362\313\223\347\234\233\367$\252\024\012\305"
 146      93E79C9B 
 146      F724AA14 
 146      0AC5
 147 007e A5790AC5 		.ascii	"\245y\012\305/\275\024\212H\244PL\301\205\241\355\002"
 147      2FBD148A 
ARM GAS  /tmp/cchLAvi1.s 			page 11


 147      48A4504C 
 147      C185A1ED 
 147      02
 148 008f 08A88A73 		.ascii	"\010\250\212s\012vy\021\034\310e\220+ WA\256+\246_9"
 148      0A767911 
 148      1CC86590 
 148      2B205741 
 148      AE2BA65F 
 149 00a4 30C81FEE 		.ascii	"0\310\037\356\277\007Y\0102\027\3649 \255\360\254!\272"
 149      BF075908 
 149      3217F439 
 149      20ADF0AC 
 149      21BA
 150 00b6 C0F977D0 		.ascii	"\300\371w\320\366>\310|\220\213\302\\\344'@\230\347"
 150      F63EC87C 
 150      908BC25C 
 150      E4274098 
 150      E7
 151 00c7 03785E00 		.ascii	"\003x^\000\362\367 A \213@B\020\2337\014\356K@~\001"
 151      F2F72041 
 151      208B4042 
 151      109B370C 
 151      EE4B407E 
 152 00dc F21162F6 		.ascii	"\362\021b\366\310\257-\002\227\323\216T\320\377,\330"
 152      C8AF2D02 
 152      97D38E54 
 152      D0FF2CD8 
 153 00ec B119EEB9 		.ascii	"\261\031\356\271H\264\255_\300\023\273~\002Q\203\374"
 153      48B4AD5F 
 153      C013BB7E 
 153      025183FC 
 154 00fc 17E85920 		.ascii	"\027\350Y \263A&@\237\004y\0072\005\202\241-\020D\005"
 154      B3412640 
 154      9F047907 
 154      320582A1 
 154      2D104405 
 155 0110 C2093EF1 		.ascii	"\302\011>\361\344\213|\214\272\032\217\226\340\034\214"
 155      E48B7C8C 
 155      BA1A8F96 
 155      E01C8C
 156 011f 16AA11F1 		.ascii	"\026\252\021\361\354,h:\361\264\352M\000k\"\210\272"
 156      EC2C683A 
 156      F1B4EA4D 
 156      006B2288 
 156      BA
 157 0130 96AE772A 		.ascii	"\226\256w*\314\321\347\262\366\007\305hQ)\317.\237\004"
 157      CCD1E7B2 
 157      F607C568 
 157      5129CF2E 
 157      9F04
 158 0142 05AA40D8 		.ascii	"\005\252@\330Ie\3372r\310\033\3773\005\336\310(\337"
 158      4965DF32 
 158      72C81BFF 
 158      3305DEC8 
 158      28DF
 159 0154 4768356A 		.ascii	"Gh5j\244\004\365y\313\236\373\201\240\316U\243\371\371"
 159      A404F579 
ARM GAS  /tmp/cchLAvi1.s 			page 12


 159      CB9EFB81 
 159      A0CE55A3 
 159      F9F9
 160 0166 98EB6E9B 		.ascii	"\230\353n\233\350\014D\352\240,\236O\343\013\322y\337"
 160      E80C44EA 
 160      A02C9E4F 
 160      E30BD279 
 160      DF
 161 0177 4805AA42 		.ascii	"H\005\252B\363\320\217h\236\002U\243 2\365\031\264H"
 161      F3D08F68 
 161      9E0255A3 
 161      2032F519 
 161      B448
 162 0189 814E43E3 		.ascii	"\201NC\343)h,\"\323\325\015\357\372\327\335#<?\037\235"
 162      29682C22 
 162      D3D50DEF 
 162      FAD7DD23 
 162      3C3F1F9D 
 163 019d 456A5489 		.ascii	"EjT\2110\305@P\026\252\231\001G\017\345\035T\341\026"
 163      30C54050 
 163      16AA9901 
 163      470FE51D 
 163      54E116
 164 01b0 442CE0AA 		.ascii	"D,\340\252\367>\270\304\3154\307\371\031\347\030=\373"
 164      F73EB8C4 
 164      CD34C7F9 
 164      19E7183D 
 164      FB
 165 01c1 414326CF 		.ascii	"AC&\317s\350\034\314Q#\316\001S\222\033\264\302Dg/\234"
 165      73E81CCC 
 165      5123CE01 
 165      53921BB4 
 165      C244672F 
 166 01d6 ABF5EB46 		.ascii	"\253\365\353F]\010\234\213f\323\365#\226\037p\221\037"
 166      5D089C8B 
 166      66D3F523 
 166      961F7091 
 166      1F
 167 01e7 A64F392F 		.ascii	"\246O9/\304\332\241\225c7\001J\024\347\020\344j\341"
 167      C4DAA195 
 167      6337014A 
 167      14E710E4 
 167      6AE1
 168 01f9 040ECEC9 		.ascii	"\004\016\316\311K\377\011\004H\312\312\372\331t\316"
 168      4BFF0904 
 168      48CACAFA 
 168      D974CE
 169 0208 8B65297B 		.ascii	"\213e){\220\214cM\2348\231d\3104[\025\256n\227Q\342"
 169      908C634D 
 169      9C389964 
 169      C8345B15 
 169      AE6E9751 
 170 021d 229110EE 		.ascii	"\"\221\020\356\333Os\217\373\367\240{\320\373k\205b"
 170      DB4F738F 
 170      FBF7A07B 
 170      D0FB6B85 
 170      62
ARM GAS  /tmp/cchLAvi1.s 			page 13


 171 022e AB4F220D 		.ascii	"\253O\"\015\374\263\341\247\305\201\330\316\322\345"
 171      FCB3E1A7 
 171      C581D8CE 
 171      D2E5
 172 023c D2D468DD 		.ascii	"\322\324h\335,\226\005\034I\020G\363~?\226\005\263A"
 172      2C96051C 
 172      491047F3 
 172      7E3F9605 
 172      B341
 173 024e 2DCD9DCA 		.ascii	"-\315\235\312\367zo\007q\373\326t~6\207~\3773d\203`"
 173      F77A6F07 
 173      71FBD674 
 173      7E36877E 
 173      FF336483 
 174 0263 D4433014 		.ascii	"\324C0\024\350\"z\017~-J6\331\206\3417y\252\017\012"
 174      E8227A0F 
 174      7E2D4A36 
 174      D986E137 
 174      79AA0F0A 
 175 0277 F8821EBE 		.ascii	"\370\202\036\276\256\273cIY\375z\376:\214\373\230\342"
 175      AEBB6349 
 175      59FD7AFE 
 175      3A8CFB98 
 175      E2
 176 0288 D005314E 		.ascii	"\320\0051N\027H>\242:\324\203P-\352\006\333.\241\017"
 176      17483EA2 
 176      3AD48350 
 176      2DEA06DB 
 176      2EA10F
 177 029b 4802E60E 		.ascii	"H\002\346\016\027\314\"\011I\310n6\335\036\363\022\310"
 177      17CC2209 
 177      49C86E36 
 177      DD1EF312 
 177      C8
 178 02ac AE55F9EF 		.ascii	"\256U\371\357\341\353\322x\022rB\325 R5\310\251.S\252"
 178      E1EBD278 
 178      127242D5 
 178      205235C8 
 178      A92E53AA 
 179 02c0 6EC78BCB 		.ascii	"n\307\213\313~x'\243\262\327\324\337\017\000\252\036"
 179      7E7827A3 
 179      B2D7D4DF 
 179      0F00AA1E 
 180 02d0 489D3BCF 		.ascii	"H\235;\317>\352,\037\344\263\324\314\250F\221\251Qx"
 180      3EEA2C1F 
 180      E4B3D4CC 
 180      A84691A9 
 180      5178
 181 02e2 49D015CA 		.ascii	"I\320\025\312\260\261\322\266\011\343[\214\241\251\342"
 181      B0B1D2B6 
 181      09E35B8C 
 181      A1A9E2
 182 02f1 45331218 		.ascii	"E3\022\030&&\347_=\315gx\321\361M\342\370&\347\370\253"
 182      2626E75F 
 182      3DCD6778 
 182      D1F14DE2 
 182      F826E7F8 
ARM GAS  /tmp/cchLAvi1.s 			page 14


 183 0306 74FCDE5B 		.ascii	"t\374\336[}\205\034\336\240\244\343/\037\251\270\200"
 183      7D851CDE 
 183      A0A4E32F 
 183      1FA9B880 
 184 0316 941CCB4D 		.ascii	"\224\034\313M\342/h\273:Z\\\253t\265\265 \332\370\374"
 184      E22F68BB 
 184      3A5A5CAB 
 184      74B5B520 
 184      DAF8FC
 185 0329 FCBD1DDC 		.ascii	"\374\275\035\334\214\356\376\211\272\373\032\022\374"
 185      8CEEFE89 
 185      BAFB1A12 
 185      FC
 186 0336 7DE8877D 		.ascii	"}\350\207}%\376\202U\266\034\374\235m}\335*\012B\315"
 186      25FE8255 
 186      B61CFC9D 
 186      6D7DDD2A 
 186      0A42CD
 187 0349 A259CD4E 		.ascii	"\242Y\315N\263\256S\263*{\267\327\372\262h\337%\034"
 187      B3AE53B3 
 187      2A7BB7D7 
 187      FAB268DF 
 187      251C
 188 035b 7BAA5F36 		.ascii	"{\252_6y1\335\207t\017\225T\006\260\350\327\321(\014"
 188      7931DD87 
 188      740F9554 
 188      06B0E8D7 
 188      D1280C
 189 036e 1CC8F067 		.ascii	"\034\310\360g\335\327\211nk\275\354P\342\213lU\273\354"
 189      DDD7896E 
 189      6BBDEC50 
 189      E28B6C55 
 189      BBEC
 190 0380 2723D4F0 		.ascii	"'#\324\360\352\246\377U\257.\014hn\236h\361\302Mlt\316"
 190      EAA6FF55 
 190      AF2E0C68 
 190      6E9E68F1 
 190      C24D6C74 
 191 0395 A58A0661 		.ascii	"\245\212\006a\367i$z\376Y[\265\037na\235\367\263\373"
 191      F769247A 
 191      FE595BB5 
 191      1F6E619D 
 191      F7B3FB
 192 03a8 6C2A6C67 		.ascii	"l*lg\212\323(\215`\324\367\035\257\300\331\255\254\263"
 192      8AD3288D 
 192      60D4F71D 
 192      AFC0D9AD 
 192      ACB3
 193 03ba BAB2A641 		.ascii	"\272\262\246AX@\210$}5,}\317\014\\iP\263\365\360\010"
 193      58408824 
 193      7D352C7D 
 193      CF0C5C69 
 193      50B3F5F0 
 194 03cf F473F6CE 		.ascii	"\364s\366\316\217q\007\033Y?R^,\254\015\203\332\263"
 194      8F71071B 
 194      593F525E 
 194      2CAC0D83 
ARM GAS  /tmp/cchLAvi1.s 			page 15


 194      DAB3
 195 03e1 D536358B 		.ascii	"\32565\213,\207g\313!\355\316\005)P\037\331Z\220v\036"
 195      2C8767CB 
 195      21EDCE05 
 195      29501FD9 
 195      5A90761E 
 196 03f5 EA654B79 		.ascii	"\352eKy\265\265|\271f+\215\023d\270\222\306\260\033"
 196      B5B57CB9 
 196      662B8D13 
 196      64B892C6 
 196      B01B
 197 0407 D0F728FA 		.ascii	"\320\367(\372>\3228\307\020pj\357\341{\201Rt\353_B\037"
 197      3ED238C7 
 197      10706AEF 
 197      E17B8152 
 197      74EB5F42 
 198 041c 2F3CBC53 		.ascii	"/<\274S\215\273\231\221{_t=\022\342\025\004j\321\353"
 198      8DBB9991 
 198      7B5F743D 
 198      12E21504 
 198      6AD1EB
 199 042f EA741F7C 		.ascii	"\352t\037|\237\365m;\277\277\305\033?d\212s\367\326"
 199      9FF56D3B 
 199      BFBFC51B 
 199      3F648A73 
 199      F7D6
 200 0441 D0DD1BA5 		.ascii	"\320\335\033\245\335Y\206\237\260\236\332\274o\273\020"
 200      DD59869F 
 200      B09EDABC 
 200      6FBB10
 201 0450 1E66CA50 		.ascii	"\036f\312P\306\203\036\301?\357\201\272\375\352\223"
 201      C6831EC1 
 201      3FEF81BA 
 201      FDEA93
 202 045f 85F825EB 		.ascii	"\205\370%\353z\327h[\210\307\331s\303\231#\305\010\363"
 202      7AD7685B 
 202      88C7D973 
 202      C39923C5 
 202      08F3
 203 0471 5E5419D9 		.ascii	"^T\031\331\323\360D\2153\230R`\337\367\243\017\336\300"
 203      D3F0448D 
 203      33985260 
 203      DFF7A30F 
 203      DEC0
 204 0483 94A2B11D 		.ascii	"\224\242\261\035E\3768\227)\267\252ng\371\341<\246d"
 204      45FE3897 
 204      29B7AA6E 
 204      67F9E13C 
 204      A664
 205 0495 9D3CB9CB 		.ascii	"\235<\271\313\017ogJZu[\236\260\305\364\020\275\377"
 205      0F6F674A 
 205      5A755B9E 
 205      B0C5F410 
 205      BDFF
 206 04a7 707F81AF 		.ascii	"p\177\201\257\020\025\025\350\331\366\346Q\204w3p\236"
 206      101515E8 
 206      D9F6E651 
ARM GAS  /tmp/cchLAvi1.s 			page 16


 206      84773370 
 206      9E
 207 04b8 63649B6A 		.ascii	"cd\233j\3068\2149\343\020B\303PYQ8\354#\217\303M@\333"
 207      C6388C39 
 207      E31042C3 
 207      50595138 
 207      EC238FC3 
 208 04cf 29FA0DF5 		.ascii	")\372\015\365\354\230\323\263\027/\236{\213\344q\230"
 208      EC98D3B3 
 208      172F9E7B 
 208      8BE47198 
 209 04df 09FDB3BA 		.ascii	"\011\375\263\272\015\005\231~h\001\273\346,p^A\344\347"
 209      0D05997E 
 209      6801BBE6 
 209      2C705E41 
 209      E4E7
 210 04f1 209F910E 		.ascii	" \237\221\016\337\241\022\334^\266y\023_P\217(\325C"
 210      DFA112DC 
 210      5EB67913 
 210      5F508F28 
 210      D543
 211 0503 78EDD2B8 		.ascii	"x\355\322\2709\342{0@y\253\310\257\202\015yl\206\235"
 211      39E27B30 
 211      4079ABC8 
 211      AF820D79 
 211      6C869D
 212 0516 2C0353F8 		.ascii	",\003S\370\220\034\376\224\302CEt\223\004=\"G\333\335"
 212      901CFE94 
 212      C2434574 
 212      93043D22 
 212      47DBDD
 213 0529 D0A97C5D 		.ascii	"\320\251|]_b*E\367#\015\354\207\014\355\3142\370\016"
 213      5F622A45 
 213      F7230DEC 
 213      870CEDCC 
 213      32F80E
 214 053c CA4DB14B 		.ascii	"\312M\261K\310\237{&\227\302\333%p\207\034~On\371x\242"
 214      C89F7B26 
 214      97C2DB25 
 214      70871C7E 
 214      4F6EF978 
 215 0551 886E93A3 		.ascii	"\210n\223\243\357J\310\363\204h\360\260\253\241\327"
 215      EF4AC8F3 
 215      8468F0B0 
 215      ABA1D7
 216 0560 8078453B 		.ascii	"\200xE;\011\036\266\017\224\313\005\241\365\334\002"
 216      091EB60F 
 216      94CB05A1 
 216      F5DC02
 217 056f 940EF216 		.ascii	"\224\016\362\026-@S <<o\006\231\204\347\014\270g\201"
 217      2D405320 
 217      3C3C6F06 
 217      9984E70C 
 217      B86781
 218 0582 6C00D90A 		.ascii	"l\000\331\0122\001m[\340\376\016\356\331p\317\004I\005"
 218      32016D5B 
 218      E0FE0EEE 
ARM GAS  /tmp/cchLAvi1.s 			page 17


 218      D970CF04 
 218      4905
 219 0594 D904B211 		.ascii	"\331\004\262\021$\207[@\267Cfe\275dM/\344Vj\345\036"
 219      24875B40 
 219      B7436665 
 219      BD644D2F 
 219      E4566AE5 
 220 05a9 1891A09F 		.ascii	"\030\221\240\237y\216\235\033\\\342\202v\317.\220:\354"
 220      798E9D1B 
 220      5CE28276 
 220      CF2E903A 
 220      EC
 221 05ba 2B11FDD2 		.ascii	"+\021\375\322\243)\022p\275\204\372\261\034\374h\232"
 221      A3291270 
 221      BD84FAB1 
 221      1CFC689A 
 222 05ca 25E312C3 		.ascii	"%\343\022\303\237x\206K\223\316\"\242o\313\321\267\246"
 222      9F78864B 
 222      93CE22A2 
 222      6FCBD1B7 
 222      A6
 223 05db 67B4C496 		.ascii	"g\264\304\226N9\274\303\035\016\371i\267\260$\035\207"
 223      4E39BCC3 
 223      1D0EF969 
 223      B7B0241D 
 223      87
 224 05ec 241D15E0 		.ascii	"$\035\025\340\316W\020\335\020ma\225\336\353'\232TH"
 224      CE5710DD 
 224      106D6195 
 224      DEEB279A 
 224      5448
 225 05fe 0D825208 		.ascii	"\015\202R\010_41z\015C\232\302t\2761\204N}\307\263\245"
 225      5F34317A 
 225      0D439AC2 
 225      74BE3184 
 225      4E7DC7B3 
 226 0613 9275F549 		.ascii	"\222u\365I\2740\3549\201\335\362]\262\256\007rx\327"
 226      BC30EC39 
 226      81DDF25D 
 226      B2AE0772 
 226      78D7
 227 0625 34A749D0 		.ascii	"4\247I\320\203\236\267\001\212&\325|s\353\221@|\203"
 227      839EB701 
 227      8A26D57C 
 227      73EB9140 
 227      7C83
 228 0637 EE765C45 		.ascii	"\356v\\EV[\351,\0244\207-\367\336\220\012*v\264\015"
 228      565BE92C 
 228      1434872D 
 228      F7DE900A 
 228      2A76B40D 
 229 064b 06E771AE 		.ascii	"\006\347q\256O8Y\374\014/\012\372\026\336\217\377\353"
 229      4F3859FC 
 229      0C2F0AFA 
 229      16DE8FFF 
 229      EB
 230 065c 778514D3 		.ascii	"w\205\024\323\265\007*\225\376\331\2562\235\232(\356"
ARM GAS  /tmp/cchLAvi1.s 			page 18


 230      B5072A95 
 230      FED9AE32 
 230      9D9A28EE 
 231 066c CAF99C3F 		.ascii	"\312\371\234?\2551\340N\212\316\261s\343\376\270\213"
 231      AD31E04E 
 231      8ACEB173 
 231      E3FEB88B 
 232 067c 2E50599A 		.ascii	".PY\232~\314\241DA\363\020\200\221\272\310y*Q\240\335"
 232      7ECCA144 
 232      41F31080 
 232      91BAC879 
 232      2A51A0DD 
 233 0690 9C1A6DE7 		.ascii	"\234\032m\347\260\363\230\263\207\207-\337\361g\322"
 233      B0F398B3 
 233      87872DDF 
 233      F167D2
 234 069f 0CCF3EF4 		.ascii	"\014\317>\364N\217\005|!\217\337S\240\305t\313G;`\215"
 234      4E8F057C 
 234      218FDF53 
 234      A0C574CB 
 234      473B608D 
 235 06b3 A44B8176 		.ascii	"\244K\201vq\363\320Nn\036\373\276\014M(\305}\035Qn\261"
 235      71F3D04E 
 235      6E1EFBBE 
 235      0C4D28C5 
 235      7D1D516E 
 236 06c8 6CDAC389 		.ascii	"l\332\303\211\373:Q\310\027h\242\354\254\360\265$\037"
 236      FB3A51C8 
 236      1768A2EC 
 236      ACF0B524 
 236      1F
 237 06d9 A0DAE68C 		.ascii	"\240\332\346\214\032\277\031\2779\3738\341\233\263\227"
 237      1ABF19BF 
 237      39FB38E1 
 237      9BB397
 238 06e8 4DF7323B 		.ascii	"M\3672;sT\250\\\274A=2\260o\263?\373\232}\004jI_\376"
 238      7354A85C 
 238      BC413D32 
 238      B06FB33F 
 238      FB9A7D04 
 239 0700 552437E6 		.ascii	"U$7\346;0v?G\310\276\247\306PJ\252\220zfrbw\240\324"
 239      3B30763F 
 239      47C8BEA7 
 239      C6504AAA 
 239      907A6672 
 240 0718 B9A4B214 		.ascii	"\271\244\262\024\247/\020\234[@\235\373\260\230\037"
 240      A72F109C 
 240      5B409DFB 
 240      B0981F
 241 0727 0DC47DEC 		.ascii	"\015\304}\354[yb\254']\015\025`\035\024\311\303\347"
 241      5B7962AC 
 241      275D0D15 
 241      601D14C9 
 241      C3E7
 242 0739 71C9961C 		.ascii	"q\311\226\034\370\030\245\362\0373\212\003b\012\035"
 242      F818A5F2 
 242      1F338A03 
ARM GAS  /tmp/cchLAvi1.s 			page 19


 242      620A1D
 243 0748 E06465F2 		.ascii	"\340de\362A\216T\203\216\327W\3630\336\256\242d\003"
 243      418E5483 
 243      8ED757F3 
 243      30DEAEA2 
 243      6403
 244 075a BDC74F28 		.ascii	"\275\307O(\005\262\211\311\240\301\323<\017\207\254"
 244      05B289C9 
 244      A0C1D33C 
 244      0F87AC
 245 0769 7A25E52A 		.ascii	"z%\345*\024\271\012\345\\\207(\227\355uk\2317.b\\m-"
 245      14B90AE5 
 245      5C872897 
 245      ED756B99 
 245      372E625C 
 246 077f D55E02D5 		.ascii	"\325^\002\325\315g\013&\334\250\016\213T\207\345TE\224"
 246      CD670B26 
 246      DCA80E8B 
 246      5487E554 
 246      4594
 247 0791 AA68742C 		.ascii	"\252ht,'\020W1\252\347\243?\370\012T}Vv\0148\300\216"
 247      27105731 
 247      AAE7A33F 
 247      F80A547D 
 247      56760C38 
 248 07a7 01C52251 		.ascii	"\001\305\"Q\261\234\350\010%\2723P\277\032\333\030\317"
 248      B19CE808 
 248      25BA3350 
 248      BF1ADB18 
 248      CF
 249 07b8 B1B2EFCA 		.ascii	"\261\262\357\312\341\265cJN\275m\237\012\212ot\214f"
 249      E1B5634A 
 249      4EBD6D9F 
 249      0A8A6F74 
 249      8C66
 250 07ca E00C25FA 		.ascii	"\340\014%\372\316\233"
 250      CE9B
 251 07d0 07CF06CC 		.ascii	"\007\317\006\314X\215\227q\244\032/\345\204j|\357\363"
 251      588D9771 
 251      A41A2FE5 
 251      846A7CEF 
 251      F3
 252 07e1 DADD4E43 		.ascii	"\332\335NC\247:p\343\311\376\233\251\374\334\214\237"
 252      A73A70E3 
 252      C9FE9BA9 
 252      FCDC8C9F 
 253 07f1 131C3AEA 		.ascii	"\023\034:\3524\025\225pJ\242\271[{\234Z;\366\352\302"
 253      34159570 
 253      4AA2B95B 
 253      7B9C5A3B 
 253      F6EAC2
 254 0804 051F9CEB 		.ascii	"\005\037\234\353M-\254\251\270\273\305W\014m\325\311"
 254      4D2DACA9 
 254      B8BBC557 
 254      0C6DD5C9 
 255 0814 F21B84CE 		.ascii	"\362\033\204\316\227\256\374\204\270\362\023r\256r\312"
 255      97AEFC84 
ARM GAS  /tmp/cchLAvi1.s 			page 20


 255      B8F21372 
 255      AE72CA
 256 0823 75F06EDB 		.ascii	"u\360n\333\017*\\\300\270\034\007\236\014;\271F\376"
 256      0F2A5CC0 
 256      B81C079E 
 256      0C3BB946 
 256      FE
 257 0834 E4E6C393 		.ascii	"\344\346\303\223\"\323I9\323\017\224)\377\360\345\215"
 257      22D34939 
 257      D30F9429 
 257      FFF0E58D 
 258 0844 4A5CC198 		.ascii	"J\\\301\230zN\015\337\366w\345\310G\217\335\002{J\344"
 258      7A4E0DDF 
 258      F677E5C8 
 258      478FDD02 
 258      7B4AE4
 259 0857 3A25E73A 		.ascii	":%\347:M\271\256\364\227\325\007\342F\306u\274o\373"
 259      4DB9AEF4 
 259      97D507E2 
 259      46C675BC 
 259      6FFB
 260 0869 88982421 		.ascii	"\210\230$!\223n\\\025\"W\205\234\353\014\345\352\371"
 260      936E5C15 
 260      2257859C 
 260      EB0CE5EA 
 260      F9
 261 087a FEE1B600 		.ascii	"\376\341\266\000\334\305\270v_y|\322\371\"\330\327\271"
 261      DCC5B876 
 261      5F797CD2 
 261      F922D8D7 
 261      B9
 262 088b ADB05264 		.ascii	"\255\260Rd\252\2243\375H\231\234\207\004\215pH\250k"
 262      AA9433FD 
 262      48999C87 
 262      048D7048 
 262      A86B
 263 089d C885CFFB 		.ascii	"\310\205\317\373#\306\234\325\273\341\246\3209F\364"
 263      23C69CD5 
 263      BBE1A6D0 
 263      3946F4
 264 08ac A9FAD1BB 		.ascii	"\251\372\321\273\001x\230uN=j+\024\252s\007M\230\252"
 264      01789875 
 264      4E3D6A2B 
 264      14AA7307 
 264      4D98AA
 265 08bf 3E47207E 		.ascii	">G ~\303:\363l\257^\370\341\267L\351<\230\177X\311\220"
 265      C33AF36C 
 265      AF5EF8E1 
 265      B74CE93C 
 265      987F58C9 
 266 08d4 8344DF3F 		.ascii	"\203D\337?9\231\241\304i>\354\200\232\266\355\220\012"
 266      3999A1C4 
 266      693EEC80 
 266      9AB6ED90 
 266      0A
 267 08e5 E7326562 		.ascii	"\3472eb\250\330\241\302;\230b{\261\357\271?.`J\346\241"
 267      A8D8A1C2 
ARM GAS  /tmp/cchLAvi1.s 			page 21


 267      3B98627B 
 267      B1EFB93F 
 267      2E604AE6 
 268 08fa 5BB9DEF8 		.ascii	"[\271\336\370\030S^tlj\360\307\247\231r\261\361\376"
 268      18535E74 
 268      6C6AF0C7 
 268      A79972B1 
 268      F1FE
 269 090c 4D1F7C9E 		.ascii	"M\037|\236)\251\203\345\0330nd\312\363\353\266l_lgJ"
 269      29A983E5 
 269      1B306E64 
 269      CAF3EBB6 
 269      6C5F6C67 
 270 0921 CBC66F61 		.ascii	"\313\306oa\307mg\212s\333\322\260mkj\257c\277?\356c"
 270      C76D678A 
 270      73DBD2B0 
 270      6D6B6AAF 
 270      63BF3FEE 
 271 0936 7D358599 		.ascii	"}5\205\231G}\360S\246d\\\333\324\351\217_2\345\370\340"
 271      477DF053 
 271      A6645CDB 
 271      D4E98F5F 
 271      32E5F8E0 
 272 094a 863A6F3C 		.ascii	"\206:o<)\300Z\336\224\006b\310I\252tTh\361f\366|`\260"
 272      29C05ADE 
 272      940662C8 
 272      49AA7454 
 272      68F166F6 
 273 0961 6ADB2CBC 		.ascii	"j\333,\274\223)\275]\017\263\003q\001S\326\327n?\347"
 273      9329BD5D 
 273      0FB30371 
 273      0153D6D7 
 273      6E3FE7
 274 0974 8B8F31E5 		.ascii	"\213\2171\345b\317=\204O\261\347'\331um\034\256a\312"
 274      62CF3D84 
 274      4FB1E727 
 274      D9756D1C 
 274      AE61CA
 275 0987 D1AA4DBD 		.ascii	"\321\252M\275^\370\022S\356Wf\274V\342+L)\231\374\356"
 275      5EF81253 
 275      EE5766BC 
 275      56E22B4C 
 275      2999FCEE 
 276 099b BA2FBEC6 		.ascii	"\272/\276\306\224\353g{\036\004\342V\246\224\266\\\356"
 276      94EB677B 
 276      1E04E256 
 276      A694B65C 
 276      EE
 277 09ac 1476E52C 		.ascii	"\024v\345,\022\305\322#]\003\336\302Q\226\034m\017\375"
 277      12C5D223 
 277      5D03DEC2 
 277      51961C6D 
 277      0FFD
 278 09be D8338970 		.ascii	"\3303\211p\033\005\317?\363*\277D\205\026L\273\346\210"
 278      1B05CF3F 
 278      F32ABF44 
 278      85164CBB 
ARM GAS  /tmp/cchLAvi1.s 			page 22


 278      E688
 279 09d0 25BEABCA 		.ascii	"%\276\253\312\177X\3435^\222-V\371\227 \241\034\322"
 279      7F58E335 
 279      5E922D56 
 279      F99720A1 
 279      1CD2
 280 09e2 CFFB0D69 		.ascii	"\317\373\015i1\000\233x\335\343\337\261b\200\036F\344"
 280      31009B78 
 280      DDE3DFB1 
 280      62801E46 
 280      E4
 281 09f3 E8E985A2 		.ascii	"\350\351\205\242\375wb\355\320*\207O\257\254\177+\251"
 281      FD7762ED 
 281      D02A874F 
 281      AFAC7F2B 
 281      A9
 282 0a04 ACE568B7 		.ascii	"\254\345h\267\232\225T\024#\006Vn\301\331\006]\020\320"
 282      9A955414 
 282      2306566E 
 282      C1D9065D 
 282      10D0
 283 0a16 AE72AB8E 		.ascii	"\256r\253\216\223sK,\271!\347\236^W\216|.\302\257\310"
 283      93734B2C 
 283      B921E79E 
 283      5E578E7C 
 283      2EC2AFC8 
 284 0a2a E11DD3E1 		.ascii	"\341\035\323\341\022v\273g\366P\321\362\361\317E\313"
 284      1276BB67 
 284      F650D1F2 
 284      F1CF45CB 
 285 0a3a 1BE596DF 		.ascii	"\033\345\226\337\225\243\233\342Et\215\034]-_\347\210"
 285      95A39BE2 
 285      45748D1C 
 285      5D2D5FE7 
 285      88
 286 0a4b C487ED1E 		.ascii	"\304\207\355\036}(\211f\337\347b4\233\345\340\253\234"
 286      7D288966 
 286      DFE76234 
 286      9BE5E0AB 
 286      9C
 287 0a5c DCE3F512 		.ascii	"\334\343\365\022\273\257\313-\031\220G\263I\342\223"
 287      BBAFCB2D 
 287      199047B3 
 287      49E293
 288 0a6b 3B72F2E9 		.ascii	";r\362\351\207\260>\011\374\226\347\314\222\220\333"
 288      87B03E09 
 288      FC96E7CC 
 288      9290DB
 289 0a7a 25F1B926 		.ascii	"%\361\271&GO?\020\266K\340-\236\027*\315\025\203\210"
 289      474F3F10 
 289      B64BE02D 
 289      9E172ACD 
 289      158388
 290 0a8d AE95A3CF 		.ascii	"\256\225\243\317\211h\267\272\265\023\352\240\016\332"
 290      8968B7BA 
 290      B513EAA0 
 290      0EDA
ARM GAS  /tmp/cchLAvi1.s 			page 23


 291 0a9b E7108AD6 		.ascii	"\347\020\212\326\327P\320\015B\261\331\013\362\022\344"
 291      D750D00D 
 291      42B1D90B 
 291      F212E4
 292 0aaa 09480FC8 		.ascii	"\011H\017\310\010\310S\220n\220\007 \367A\036\203\274"
 292      08C85390 
 292      6E900720 
 292      F7411E83 
 292      BC
 293 0abb 01790632 		.ascii	"\001y\0062\004\362\010d\034\244\037d\000\3449)tA\356"
 293      04F20864 
 293      1CA41F64 
 293      00E43929 
 293      7441EE
 294 0ace 81BC0079 		.ascii	"\201\274\000y\0052\012\322\0072L\212b\220\207\244\360"
 294      05320AD2 
 294      07324C8A 
 294      629087A4 
 294      F0
 295 0adf 0519733F 		.ascii	"\005\031s?\010J\026sY\276\230i'\211vI\024n{~a]\031\001"
 295      084A1673 
 295      59BE9869 
 295      27897649 
 295      146E7B7E 
 296 0af7 09D46E10 		.ascii	"\011\324n\020\023\350\242\347\315C\032\206z\011\373"
 296      13E8A2E7 
 296      CD431A86 
 296      7A09FB
 297 0b06 5DCF2921 		.ascii	"]\317)!=\325H,\267\311\321\257\344\347\251\201Nv\236"
 297      3DD5482C 
 297      B7C9D1AF 
 297      E4E7A981 
 297      4E769E
 298 0b19 72783A4F 		.ascii	"rx:O\015uk\016\272\316S\365\236\271\334\362%^\234\272"
 298      0D756B0E 
 298      BACE53F5 
 298      9EB9DCF2 
 298      255E9CBA 
 299 0b2d 4B0EAFE2 		.ascii	"K\016\257\342\344\360&Iz\375\3449\033%\353z,A7y\336"
 299      E4F02649 
 299      7AFDE439 
 299      1B25EB7A 
 299      2C413779 
 300 0b42 5BA4992E 		.ascii	"[\244\231.1\345\254gS\244/\235\304g\015\236\243\355"
 300      31E5AC67 
 300      53A42F9D 
 300      C4670D9E 
 300      A3ED
 301 0b54 161009F9 		.ascii	"\026\020\011\371y\317\231\316\340\344\357\202\245\245"
 301      79CF99CE 
 301      E0E4EF82 
 301      A5A5
 302 0b62 5D7E3897 		.ascii	"]~8\227\376\257\014\327;Z\265\227Cs\202<\276\002\210"
 302      FEAF0CD7 
 302      3B5AB597 
 302      4373823C 
 302      BE0288
ARM GAS  /tmp/cchLAvi1.s 			page 24


 303 0b75 C741FF6F 		.ascii	"\307A\377o\336\002\226\035C\203\364\3709\005F\275\023"
 303      DE02961D 
 303      4383F4F8 
 303      390546BD 
 303      13
 304 0b86 AB26073D 		.ascii	"\253&\007=~\222SRks\253\267\364\2342\345v\010L\305\354"
 304      7E925352 
 304      6B73ABB7 
 304      F49C32E5 
 304      76084CC5 
 305 0b9b 9C027700 		.ascii	"\234\002w\000\277\261o\316\364\302\273\330\177O\331"
 305      BFB16FCE 
 305      F4C2BBD8 
 305      7F4FD9
 306 0baa BACACB7D 		.ascii	"\272\312\313}\360\367Ly\333_\333\343\213\213\250\242"
 306      F0F74C79 
 306      DB5FDBE3 
 306      8B8BA8A2 
 307 0bba CA18F936 		.ascii	"\312\030\3716\335\233~\210\203\3460o\277\256\226da:"
 307      DD9B7E88 
 307      83E6306F 
 307      BFAE9664 
 307      613A
 308 0bcc C6281BFF 		.ascii	"\306(\033\377\205\277\2044\375\213\030\233\0149x\372"
 308      85BF8434 
 308      FD8B189B 
 308      0C3978FA 
 309 0bdc FE39FE4B 		.ascii	"\3769\376K\367\215\177:\267[\340%\344i\236\311\245\357"
 309      F78D7F3A 
 309      B75BE025 
 309      E4699EC9 
 309      A5EF
 310 0bee 56357BB7 		.ascii	"V5{\267\000%}\267\334\202/\376\321\227p\221\310o\204"
 310      00257DB7 
 310      DC822FFE 
 310      D1977091 
 310      C86F84
 311 0c01 2CC8C470 		.ascii	",\310\304p(\007\311\002Y\217]\207\356]\375o{\020.c\271"
 311      2807C902 
 311      598F5D87 
 311      EE5DFD6F 
 311      7B102E63 
 312 0c16 747C57E3 		.ascii	"t|W\3431?y.\271\376\272\267\011X\376'Ffek\215\222\304"
 312      313F792E 
 312      B9FEBAB7 
 312      0958FE27 
 312      4666656B 
 313 0c2d 3817C039 		.ascii	"8\027\3009\330\025cb3\235\263f\377T\246\2574\306\271"
 313      D8156362 
 313      339DB366 
 313      FF54A6AF 
 313      34C6B9
 314 0c40 581AE3CD 		.ascii	"X\032\343\315B\2147\323\030\357I+\357SI\301?\271\035"
 314      428C37D3 
 314      18EF492B 
 314      EF5349C1 
 314      3FB91D
ARM GAS  /tmp/cchLAvi1.s 			page 25


 315 0c53 5CB70860 		.ascii	"\\\267\010`r_\264h\221\226\375\263&k\343\343\314\332"
 315      725FB468 
 315      9196FDB3 
 315      266BE3E3 
 315      CCDA
 316 0c65 35D6A494 		.ascii	"5\326\244\224dmLl\364\3420\355\312\225\341\332\330\250"
 316      646D4C6C 
 316      F4E230ED 
 316      CA95E1DA 
 316      D8A8
 317 0c77 E8AF43B5 		.ascii	"\350\257C\265\311)\006\263y\365\"\243\317\212O>\233"
 317      C92906B3 
 317      79F522A3 
 317      CF8A4F3E 
 317      9B
 318 0c88 AF0B0D55 		.ascii	"\257\013\015U\250\015\206\265\011\226\224\305a\206\224"
 318      A80D86B5 
 318      099694C5 
 318      618694
 319 0c97 F5481B6F 		.ascii	"\365H\033oM4i\343\214\311\246`s\334\027\332p\253qm\242"
 319      4D3469E3 
 319      8CC9A660 
 319      73DC17DA 
 319      70AB716D 
 320 0cac C90234B1 		.ascii	"\311\0024\261\246\270\304\177\323F\030\315\011k\222"
 320      A6B8C47F 
 320      D34618CD 
 320      096B92
 321 0cbb 4D0653F0 		.ascii	"M\006S\360\232\265\306\257\302\264\261V\2539Y\373\007"
 321      9AB5C6AF 
 321      C2B4B156 
 321      AB3959FB 
 321      07
 322 0ccc A331382E 		.ascii	"\24318.)1\330b\265\230\202Mq_$\004\177\030\034\026\022"
 322      2931D862 
 322      B598824D 
 322      715F2404 
 322      7F181C16 
 323 0ce1 FA61F01F 		.ascii	"\372a\360\037\227\004'\306\375\2075I\353\326\253M\260"
 323      970427C6 
 323      FD873549 
 323      EBD6AB4D 
 323      B0
 324 0cf2 18CD6B57 		.ascii	"\030\315kW\233\264\211q\306\370\004\213IkXm\3722n\255"
 324      9BB48971 
 324      C6F8048B 
 324      496B586D 
 324      FA326EAD 
 325 0d06 39C590B2 		.ascii	"9\305\220\262n\215)yQ\274\302\307i\320\237\376\246\366"
 325      6E8D2979 
 325      51BCC2C7 
 325      69D09FFE 
 325      A6F6
 326 0d18 24AF4BD6 		.ascii	"$\257K\326\032\222SV\303\344\304\210_\231\214)\326\244"
 326      1A925356 
 326      C3E4C488 
 326      5F998C29 
ARM GAS  /tmp/cchLAvi1.s 			page 26


 326      D6A4
 327 0d2a 6521DAFF 		.ascii	"e!\332\377\235c\025~\354\311\220`IH\321\030\010\330"
 327      9D63157E 
 327      ECC99060 
 327      4948D118 
 327      08D8
 328 0d3c 9090F447 		.ascii	"\220\220\364G\203iM\202\331\372\207\265\246\237K\351"
 328      83694D82 
 328      D9FA87B5 
 328      A69F4BE9 
 329 0d4c 925204B6 		.ascii	"\222R\004\266\245\372h]\3647Zc\274\321\232d2|\375a\""
 329      A5FA685D 
 329      F4375A63 
 329      BCD19A64 
 329      327CFD61 
 330 0d61 58A031C6 		.ascii	"X\2401\306\307\254K\216MH4%E\306YV\233MIQ\357\313\006"
 330      C7AC4B8E 
 330      4D483425 
 330      45C65956 
 330      9B4D4951 
 331 0d78 3B4D37C6 		.ascii	";M7\306\203\3610d\266\345\353\004c\204%\356\013\263"
 331      83F13064 
 331      B6E5EB04 
 331      638425EE 
 331      0BB3
 332 0d8a 8999FF0F 		.ascii	"\211\231\377\017\236\2157Z\023\023\255\026\347\254d"
 332      9E8D375A 
 332      1313AD16 
 332      E7AC64
 333 0d99 100CF6D2 		.ascii	"\020\014\366\322\351\242\365\213\271O\365\312\360\350"
 333      E9A2F58B 
 333      B94FF5CA 
 333      F0E8
 334 0da7 A57A1CAE 		.ascii	"\245z\034\256\323+\227\205\307\352\261N\247\307z\220"
 334      D32B9785 
 334      C7EAB14E 
 334      A7C77A90 
 335 0db7 A57A3D5E 		.ascii	"\245z=^\025\243\303\272Ob\225:]\204\236\342\303\350"
 335      15A3C3BA 
 335      4F62953A 
 335      5D849EE2 
 335      C3E8
 336 0dc9 6F288E58 		.ascii	"o(\216X\241\347b`dT\204^\031\023\015h\235>\014$\024"
 336      A1E76260 
 336      6454845E 
 336      19130D68 
 336      9D3E0C24 
 337 0dde 90FFAE0F 		.ascii	"\220\377\256\017\373k]\230H\242\236@\026\357\347R\014"
 337      FB6B5D98 
 337      48A29E40 
 337      16EFE752 
 337      0C
 338 0def 294A637C 		.ascii	")Jc|\\\222\306\232\034g\006\177\254\264\032\277Z\236"
 338      5C92C69A 
 338      1C67067F 
 338      ACB41ABF 
 338      5A9E
ARM GAS  /tmp/cchLAvi1.s 			page 27


 339 0e01 644D8C8A 		.ascii	"dM\214\212\321\277/\247%\020\342\026r'\336\240\016\224"
 339      D1BF2FA7 
 339      2510E216 
 339      7227DEA0 
 339      0E94
 340 0e13 0CD0D068 		.ascii	"\014\320\320h\230\241\301\360%\264\030\022\222\223|"
 340      98A1C1F0 
 340      25B41812 
 340      92937C
 341 0e22 5D4D0106 		.ascii	"]M\001\006C\262)\305\260liL\304*}T@\234\371?\343\326"
 341      43B229C5 
 341      B06C694C 
 341      C42A7D54 
 341      409CF93F 
 342 0e38 254314CD 		.ascii	"%C\024\315\220\243\377(\235\311\364M\212V\027\035\023"
 342      90A3FF28 
 342      9DC9F44D 
 342      8A56171D 
 342      13
 343 0e49 1523BA9F 		.ascii	"\025#\272\237\004\315\230\270|\255\205\370q\016\231"
 343      04CD98B8 
 343      7CAD85F8 
 343      710E99
 344 0e58 FE53F7C0 		.ascii	"\376S\367\300\315\025\254\377\314b\226\230C\355sk\232"
 344      CD15ACFF 
 344      CC629698 
 344      43ED736B 
 344      9A
 345 0e69 4BCD596B 		.ascii	"K\315Ykq\263\321O\322\350\025\023\243[\241\367\325G"
 345      71B3D14F 
 345      D2E81513 
 345      A35BA1F7 
 345      D547
 346 0e7b C444E87F 		.ascii	"\304D\350\177\025\021\376\013\254\213!a\322\211M\377"
 346      1511FE0B 
 346      AC8B2161 
 346      D2894DFF 
 347 0e8b E4BB74D5 		.ascii	"\344\273t\325\262\260\225\253\">\321\223\247P\366\344"
 347      B2B095AB 
 347      223ED193 
 347      A750F6E4 
 348 0e9b EC5DE2BB 		.ascii	"\354]\342\2734r\331b\2417\322\205\213\224\343\026{\023"
 348      3472D962 
 348      A137D285 
 348      8B94E316 
 348      7B13
 349 0ead 166821F7 		.ascii	"\026h!\367PiO\2307a\240=\221\002\"\322\035\021\352C"
 349      50694F98 
 349      3761A03D 
 349      910222D2 
 349      1D11EA43 
 350 0ec1 C6EA6362 		.ascii	"\306\352cb\365\344!\224<\270\372B|\310h\326\027\351"
 350      F5E42194 
 350      3CB8FA42 
 350      7CC868D6 
 350      17E9
 351 0ed3 04453210 		.ascii	"\004E2\020\326E\351\225\272\345+\364\336\253V\256$w"
ARM GAS  /tmp/cchLAvi1.s 			page 28


 351      D645E995 
 351      BAE52BF4 
 351      DEAB56AE 
 351      2477
 352 0ee5 4EA757C3 		.ascii	"N\247W\303cTX\014\321\026z\016BL,K\234/\227\204\204"
 352      6354580C 
 352      D1167A0E 
 352      424C2C4B 
 352      9C2F9784 
 353 0efa 7E6322A9 		.ascii	"~c\"\251\243\327\351\014\261\260\227\204\233\276T\021"
 353      A3D7E90C 
 353      B1B09784 
 353      9BBE5411 
 354 0f0a 0396FF46 		.ascii	"\003\226\377F\025\025\256\3734<\202ha\313\177\023\030"
 354      1515AEFB 
 354      343C8268 
 354      61CB7F13 
 354      18
 355 0f1b BE6C45B4 		.ascii	"\276lE\264\3563'\346\277\001\332{\347\262"
 355      EE3327E6 
 355      BF01DA7B 
 355      E7B2
 356              		.text
 357              		.section	.gnu.lto_.symtab.4b694eab496c3332,"",%progbits
 358 0000 56656374 		.ascii	"VectorB0\000"
 358      6F724230 
 358      00
 359 0009 00       		.ascii	"\000"
 360 000a 00       		.ascii	"\000"
 361 000b 00       		.ascii	"\000"
 362 000c 00000000 		.ascii	"\000\000\000\000\000\000\000\000"
 362      00000000 
 363 0014 C5000000 		.ascii	"\305\000\000\000"
 364 0018 73745F6C 		.ascii	"st_lld_init\000"
 364      6C645F69 
 364      6E697400 
 365 0024 00       		.ascii	"\000"
 366 0025 00       		.ascii	"\000"
 367 0026 00       		.ascii	"\000"
 368 0027 00000000 		.ascii	"\000\000\000\000\000\000\000\000"
 368      00000000 
 369 002f C7000000 		.ascii	"\307\000\000\000"
 370 0033 5F706F72 		.ascii	"_port_irq_epilogue\000"
 370      745F6972 
 370      715F6570 
 370      696C6F67 
 370      756500
 371 0046 00       		.ascii	"\000"
 372 0047 02       		.ascii	"\002"
 373 0048 00       		.ascii	"\000"
 374 0049 00000000 		.ascii	"\000\000\000\000\000\000\000\000"
 374      00000000 
 375 0051 C9000000 		.ascii	"\311\000\000\000"
 376 0055 63685379 		.ascii	"chSysTimerHandlerI\000"
 376      7354696D 
 376      65724861 
 376      6E646C65 
ARM GAS  /tmp/cchLAvi1.s 			page 29


 376      724900
 377 0068 00       		.ascii	"\000"
 378 0069 02       		.ascii	"\002"
 379 006a 00       		.ascii	"\000"
 380 006b 00000000 		.ascii	"\000\000\000\000\000\000\000\000"
 380      00000000 
 381 0073 CB000000 		.ascii	"\313\000\000\000"
 382 0077 6E766963 		.ascii	"nvicEnableVector\000"
 382      456E6162 
 382      6C655665 
 382      63746F72 
 382      00
 383 0088 00       		.ascii	"\000"
 384 0089 02       		.ascii	"\002"
 385 008a 00       		.ascii	"\000"
 386 008b 00000000 		.ascii	"\000\000\000\000\000\000\000\000"
 386      00000000 
 387 0093 D0000000 		.ascii	"\320\000\000\000"
 388              		.text
 389              		.section	.gnu.lto_.opts,"",%progbits
 390 0000 272D666D 		.ascii	"'-fmath-errno' '-fsigned-zeros' '-ftrapping-math' '"
 390      6174682D 
 390      6572726E 
 390      6F272027 
 390      2D667369 
 391 0033 2D666E6F 		.ascii	"-fno-trapv' '-fno-openmp' '-fno-openacc' '-mcpu=cor"
 391      2D747261 
 391      70762720 
 391      272D666E 
 391      6F2D6F70 
 392 0066 7465782D 		.ascii	"tex-m4' '-mno-thumb-interwork' '-mthumb' '-O2' '-fo"
 392      6D342720 
 392      272D6D6E 
 392      6F2D7468 
 392      756D622D 
 393 0099 6D69742D 		.ascii	"mit-frame-pointer' '-falign-functions=16' '-ffuncti"
 393      6672616D 
 393      652D706F 
 393      696E7465 
 393      72272027 
 394 00cc 6F6E2D73 		.ascii	"on-sections' '-fdata-sections' '-fno-common' '-flto"
 394      65637469 
 394      6F6E7327 
 394      20272D66 
 394      64617461 
 395 00ff 2700     		.ascii	"'\000"
 396              		.text
 397              		.comm	__gnu_lto_v1,1,1
 398              		.comm	__gnu_lto_slim,1,1
 399              		.ident	"GCC: (GNU Tools for Arm Embedded Processors 7-2017-q4-major) 7.2.1 20170904 (release) [ARM
ARM GAS  /tmp/cchLAvi1.s 			page 30


DEFINED SYMBOLS
                            *ABS*:0000000000000000 st_lld.c
                            *COM*:0000000000000001 __gnu_lto_v1
                            *COM*:0000000000000001 __gnu_lto_slim

NO UNDEFINED SYMBOLS
