ARM GAS  /tmp/ccL3xhvZ.s 			page 1


   1              		.cpu cortex-m4
   2              		.eabi_attribute 20, 1
   3              		.eabi_attribute 21, 1
   4              		.eabi_attribute 23, 3
   5              		.eabi_attribute 24, 1
   6              		.eabi_attribute 25, 1
   7              		.eabi_attribute 26, 1
   8              		.eabi_attribute 30, 2
   9              		.eabi_attribute 34, 1
  10              		.eabi_attribute 18, 4
  11              		.file	"chmempools.c"
  12              		.section	.gnu.lto_.profile.e4731d6591856704,"",%progbits
  13 0000 789C6363 		.ascii	"x\234cc```\001bF\206\030s\000\001g\000\237"
  13      60606001 
  13      62468618 
  13      73000167 
  13      009F
  14              		.text
  15              		.section	.gnu.lto_.icf.e4731d6591856704,"",%progbits
  16 0000 789C6363 		.ascii	"x\234cc``\320a@\000v\206\373/\277\357ge|w{\326\"v\246"
  16      6060D061 
  16      40007686 
  16      FB2FBFEF 
  16      67657C77 
  17 0019 75AF7B97 		.ascii	"u\257{\227\3632o:\261z\027?K\307\233\2367<\254\277\336"
  17      F3326F3A 
  17      B17A173F 
  17      4BC79B9E 
  17      373CACBF 
  18 002e 7D3DC6C1 		.ascii	"}=\306\3016g\363\361N\016\006\000\374'\025\360"
  18      3667F3F1 
  18      4E0E0600 
  18      FC2715F0 
  19              		.text
  20              		.section	.gnu.lto_.jmpfuncs.e4731d6591856704,"",%progbits
  21 0000 789C5D8C 		.ascii	"x\234]\214\261\015\2000\014\004\357\355\220\224\354"
  21      B10D8030 
  21      0C04EFED 
  21      9094EC
  22 000f C366544C 		.ascii	"\303fTLA\3070\331\014\354\"\"\312K_\370\317\272\012"
  22      41C730D9 
  22      0CEC2222 
  22      CA4B5FF8 
  22      CFBA0A
  23 0022 DCFC6948 		.ascii	"\334\374iH\272\036\307@\275\210\350\033\331\341\350"
  23      BA1EC740 
  23      BD88E81B 
  23      D9E1E8
  24 0031 C883B6C4 		.ascii	"\310\203\266\304\321|3\233\027\317\325\207\300N\264"
  24      D17C339B 
  24      17CFD587 
  24      C04EB4
  25 0040 38CAC456 		.ascii	"8\312\304V\377f\222\017Q\235\017>\024\253\"5"
  25      FF66920F 
  25      519D0F3E 
  25      14AB2235 
  26              		.text
ARM GAS  /tmp/ccL3xhvZ.s 			page 2


  27              		.section	.gnu.lto_.inline.e4731d6591856704,"",%progbits
  28 0000 789C6D8E 		.ascii	"x\234m\216\255n\002Q\024\204g\316\271?\013\354\206E"
  28      AD6E0251 
  28      148467CE 
  28      B93F0BEC 
  28      8645
  29 0012 61485855 		.ascii	"aHXUT\221\353\232\364\011\352y\005x\016\010\011\242"
  29      5491EB9A 
  29      F409EA79 
  29      05780E08 
  29      09A2
  30 0024 154D1392 		.ascii	"\025M\023\222\212\212\232\352\0324\266\002$\026T%\217"
  30      8A8A9AEA 
  30      1A34B602 
  30      24165425 
  30      8F
  31 0035 C0BDBBB0 		.ascii	"\300\275\273\260\212+\3169\311\334\231o\034\200\007"
  31      8A2BCE39 
  31      C9DC996F 
  31      1C8007
  32 0044 A2791E48 		.ascii	"\242y\036H\3734(f\357\312\217\371v\347W\372\251B\360"
  32      FB342866 
  32      EFCA8FF9 
  32      76E757FA 
  32      A942F0
  33 0057 97037D46 		.ascii	"\227\003}F1\275\035\304u\026.\370\334\327P\300\177\237"
  33      31BD1DC4 
  33      75162EF8 
  33      DCD750C0 
  33      7F9F
  34 0069 0BEC7294 		.ascii	"\013\354r\224\203G_\030\251W\314\265=\030\360\355\205"
  34      83475F18 
  34      A957CCB5 
  34      3D18F0ED 
  34      85
  35 007a 709610DD 		.ascii	"p\226\020\335\364\321:\224\022%A\366DJ\210\202\364N"
  35      F4D13A94 
  35      122541F6 
  35      444A8882 
  35      F44E
  36 008c AF0EADC5 		.ascii	"\257\016\255\3057\005\321\246\350\264\251\241\014\307"
  36      3705D1A6 
  36      E8B4A9A1 
  36      0CC7
  37 009a 034584D7 		.ascii	"\003E\204\327;Pq\217\252\177\335@Y[S\005k\212$2\015"
  37      3B50718F 
  37      AA7FDD40 
  37      595B5305 
  37      6B8A2432 
  38 00af B24E60A6 		.ascii	"\262N`\246\253\011\222\237\307\233\024\025\033\333\260"
  38      AB09929F 
  38      C79B1415 
  38      1BDBB0
  39 00be CE33B2EF 		.ascii	"\3163\262\357\"9\217\253@S\317\370\325!\361\301\355"
  39      22398FAB 
  39      4053CFF8 
  39      D521F1C1 
ARM GAS  /tmp/ccL3xhvZ.s 			page 3


  39      ED
  40 00cf 0F65D318 		.ascii	"\017e\323\030\027>\363#\344"
  40      173EF323 
  40      E4
  41              		.text
  42              		.section	.gnu.lto_.pureconst.e4731d6591856704,"",%progbits
  43 0000 789C6363 		.ascii	"x\234cc``\020\002bv\006IF)\246]\214\314R,\273\030Y\245"
  43      60601002 
  43      62760649 
  43      4629A65D 
  43      8CCC522C 
  44 0018 D8763102 		.ascii	"\330v1\002\000\026\364\002\315"
  44      0016F402 
  44      CD
  45              		.text
  46              		.section	.gnu.lto_chPoolAllocI.part.0.e4731d6591856704,"",%progbits
  47 0000 789C8D52 		.ascii	"x\234\215R\317k\023A\024~\337\274\331\335\324\037\025"
  47      CF6B1341 
  47      147EDFBC 
  47      D9DDD41F 
  47      15
  48 0011 8AC71C02 		.ascii	"\212\307\034\002\332\226z\310\376\005\336\375;\014E"
  48      DA967AC8 
  48      FE05DEFD 
  48      3B0C45
  49 0020 298684C6 		.ascii	")\206\204\306{\247iBRZ\241\007[!,\272\245J\351AT\374"
  49      7BA76942 
  49      525AA107 
  49      5B212CBA 
  49      A54AE941 
  50 0036 5563D550 		.ascii	"Uc\325Pi\021$\225\210\007\321RP\261X\021\261\010\036"
  50      69112495 
  50      8807D152 
  50      50B15811 
  50      B1081E
  51 0049 1452DFCC 		.ascii	"\024R\337\314\366\240\340\301a\367\275\2317\357{\337"
  51      F6A0E0C1 
  51      61F7BD99 
  51      37EF7BDF 
  52 0059 376FC627 		.ascii	"7o\306'\2423\212\350\204\370\223\362\303'x3\0332\361"
  52      A2338AE8 
  52      84F893F2 
  52      C3277833 
  52      1B32F1
  53 006c A09C578A 		.ascii	"\240\234W\212\237\267\211\314\001\275&\366\020C\333"
  53      9FB789CC 
  53      01BD26F6 
  53      1043DB
  54 007b F0784A03 		.ascii	"\360xJ\003vbR\2401O\261\306\030\246\371\"\243S\271\031"
  54      766252A0 
  54      314FB1C6 
  54      18A6F922 
  54      A353B919 
  55 008f F114474C 		.ascii	"\361\024GL\320\262\334m7>\364\332%\220\221\345R\355"
  55      D0B2DC6D 
  55      373EF4DA 
  55      259091E5 
ARM GAS  /tmp/ccL3xhvZ.s 			page 4


  55      52ED
  56 00a1 7BC71F5A 		.ascii	"{\307\037Z4\246lZ\227\276\005\213\023\325S\021+\232"
  56      34A66C5A 
  56      97BE058B 
  56      13D55311 
  56      2B9A
  57 00b3 93EC3B48 		.ascii	"\223\354;H\3436\322V\304]\014I\356\247\345\365z\212"
  57      E336D256 
  57      C45D0C49 
  57      EEA7E5F5 
  57      7A8A
  58 00c5 8F8164FE 		.ascii	"\217\201d\376k|k\251w\360\232\303m^es<b\306=\360\237"
  58      6B7C6BA9 
  58      77F09AC3 
  58      6D5E6573 
  58      3C62C63D 
  59 00db 400911EE 		.ascii	"@\011\021\356c\320\346\357Tf\352Gx\300aw\273\027~\006"
  59      63D0E6EF 
  59      5466EA47 
  59      78C06177 
  59      BB177E06 
  60 00ef FD0B0EBB 		.ascii	"\375\013\016\273q\245o~\302<3ZX\261\3747\336\016I\177"
  60      71A56F7E 
  60      C23C335A 
  60      58B1FC37 
  60      DE0E497F 
  61 0103 7FAB3B7B 		.ascii	"\177\253;{\330\327x\200~\247\253i{\342\014\221\212%"
  61      D8D77880 
  61      7EA7AB69 
  61      7BE20C91 
  61      8A25
  62 0115 201B375E 		.ascii	" \0337^z\306t\367j\3064\007\372z\000K\253D\200f1\236"
  62      7AC674F7 
  62      6AC63407 
  62      FA7A004B 
  62      AB448066 
  63 012b 76399EB3 		.ascii	"v9\236\263Du&\262\235\252\263g=O\312y\255\377\214rs"
  63      447526B2 
  63      9DAAB367 
  63      3D4FCA79 
  63      ADFF8C72 
  64 0140 676A2DB0 		.ascii	"gj-\260\265\033\254\204y\256\272\372\"\260\275b\247"
  64      B51BAC84 
  64      79AEBAFA 
  64      22B0BD62 
  64      A7
  65 0151 7B65B5BD 		.ascii	"{e\265\275\356\307\270\214\210%\001xh5J\374U\355\365"
  65      EEC7B88C 
  65      88250178 
  65      68354AFC 
  65      55EDF5
  66 0164 D6C1F0BA 		.ascii	"\326\301\360\272\221\221\2118\300\012b\314\262U\217"
  66      91918938 
  66      C00A62CC 
  66      B2558F
  67 0173 4708E923 		.ascii	"G\010\351#*o\237n\342\037e\003\020\036\357\037tR\232"
  67      2A6F9F6E 
ARM GAS  /tmp/ccL3xhvZ.s 			page 5


  67      E21F6503 
  67      101EEF1F 
  67      74529A
  68 0186 25F79AA8 		.ascii	"%\367\232\250\230\256\356\253\340\377\246M\341\211\243"
  68      98AEEEAB 
  68      E0FFA64D 
  68      E189A3
  69 0195 85A56D09 		.ascii	"\205\245m\011\355\027T\342\221\244\212\026^\222b\021"
  69      ED1754E2 
  69      91A48A16 
  69      5E926211 
  70 01a5 F7D036CA 		.ascii	"\367\3206\312\031\033\265\275\220\035\307\254\335\371"
  70      191BB5BD 
  70      901DC7AC 
  70      DDF9
  71 01b3 B7A12889 		.ascii	"\267\241(\211z\364\025\345\370\335\321\004\355I\316"
  71      7AF415E5 
  71      F8DDD104 
  71      ED49CE
  72 01c2 0F797ED9 		.ascii	"\017y~\331\264z\263\327\202\200\270\261\320\201\364"
  72      B47AB3D7 
  72      8280B8B1 
  72      D081F4
  73 01d1 0F16278F 		.ascii	"\017\026'\2175\223\315\206\311W(\205\243\347\303\322"
  73      3593CD86 
  73      C9572885 
  73      A3E7C3D2 
  74 01e1 682ECC9D 		.ascii	"h.\314\235\315\017\347\213\205\302\271R6G*_\324\205"
  74      CD0FE78B 
  74      85C2B952 
  74      36472A5F 
  74      D485
  75 01f3 D323C5DF 		.ascii	"\323#\305\337\242-\311\251"
  75      A22DC9A9 
  76              		.text
  77              		.section	.gnu.lto_chPoolObjectInit.e4731d6591856704,"",%progbits
  78 0000 789C9591 		.ascii	"x\234\225\221\337K\024Q\024\307\317\367\236\331\331"
  78      DF4B1451 
  78      14C7CFF7 
  78      9ED9D9
  79 000f 21D3DEC2 		.ascii	"!\323\336\302\310\207\205\242E\204\235\207\376\244m"
  79      C88785A2 
  79      45849D87 
  79      FEA46D
  80 001e 21A16596 		.ascii	"!\241e\226\335\350\241\027\357n\331\256\224\340C\032"
  80      DDE8A117 
  80      EF6ED9AE 
  80      94E0431A 
  81 002e 0C830DF6 		.ascii	"\014\203\015\366SB**\323\262\234\326\330\227\262(\012"
  81      53422A2A 
  81      D3B29CD6 
  81      D897B228 
  81      0A
  82 003f C440A20D 		.ascii	"\304@\242\015Q\037\202\302\267\300:\367\266\201\370"
  82      511F82C2 
  82      B7C03AF7 
  82      B681F8
ARM GAS  /tmp/ccL3xhvZ.s 			page 6


  83 004e E6652E73 		.ascii	"\346e.s\316\334\363\371\236s\277\343\022Q\240\210N\312"
  83      CEDCF3F9 
  83      9E73BFE3 
  83      1251A088 
  83      4ECA
  84 0060 FBA86C30 		.ascii	"\373\250l0A\215\275#\252z\0120\201\366@C\012C\270\302"
  84      418DBD23 
  84      AA7A0A30 
  84      81F64043 
  84      0A43B8C2 
  85 0074 5719CDFA 		.ascii	"W\031\315\372\372\274\352\277\243e%\327f\335Kz\2707"
  85      FABCEABF 
  85      A36525D7 
  85      66DD4B7A 
  85      B837
  86 0086 62A209D9 		.ascii	"b\242\011\331f\341\021\372\245\352\303\305\007\021_"
  86      66E111FA 
  86      A5EAC3C5 
  86      07115F
  87 0095 E6880147 		.ascii	"\346\210\001G\322\237\313a\273\307\244\012\031I7\346"
  87      D29FCB61 
  87      BBC7A40A 
  87      194937E6 
  88 00a5 5A0D8F8F 		.ascii	"Z\015\217\217\201$\376]]\233\356\311\336\322\272\246"
  88      8124FE5D 
  88      5D9BEEC9 
  88      DED2BAA6 
  89 00b5 93ED9BAC 		.ascii	"\223\355\233\254\217G\314\230\005\213 \236\240\017\217"
  89      8F47CC98 
  89      058B209E 
  89      A00F8F
  90 00c4 D147F289 		.ascii	"\321G\362\211\360\024Y)\237\252~~\323\315',\372udf\324"
  90      F0145929 
  90      9FAA7E7E 
  90      D3CD272C 
  90      FA756466 
  91 00d9 E9A06F6F 		.ascii	"\351\240oo[\324\301\334^\324!\314[\364\313dk\363 \017"
  91      5BD4C1DC 
  91      5ED421CC 
  91      5BF4CB64 
  91      6BF3200F 
  92 00ed 587471F5 		.ascii	"Xtq\365\327\215C\035\364{o\250\023'\342\024\236\355"
  92      D78D431D 
  92      F47B6FA8 
  92      1327E214 
  92      9EED
  93 00ff 655384E7 		.ascii	"eS\204\347\310\032\340\333\303\235\361n\327\211\377"
  93      C81AE0DB 
  93      C39DF16E 
  93      D789FF
  94 010e 5F150B70 		.ascii	"_\025\013p\011\022\334\377\230J\364\316\237\272L\177"
  94      0912DCFF 
  94      984AF4CE 
  94      9FBA4C7F 
  95 011e 6475CB33 		.ascii	"du\3133\246\311\244\016LS\027\026\247\206\020\342\244"
  95      A6C9A40E 
  95      4C531716 
ARM GAS  /tmp/ccL3xhvZ.s 			page 7


  95      A78610E2 
  95      A4
  96 012f 4E688495 		.ascii	"Nh\204\225\211.$\264\205\332\366\306\365v\332\010\211"
  96      892E24B4 
  96      85DAF6C6 
  96      F576DA08 
  96      89
  97 0140 FEC470F3 		.ascii	"\376\304p\363}\3328\304v\276\205\346r\313\2151Y\025"
  97      7DDA38C4 
  97      76BE85E6 
  97      72CB8D31 
  97      5915
  98 0152 9BE3C311 		.ascii	"\233\343\303\021\273\241X\367Bf2\207\237\352+k]\376"
  98      BBA158F7 
  98      42663287 
  98      9FEA2B6B 
  98      5DFE
  99 0164 8CF90599 		.ascii	"\214\371\005\231\210\323x\211\030\343\326\177,\302\337"
  99      88D37889 
  99      18E3D67F 
  99      2CC2DF
 100 0173 2D960621 		.ascii	"-\226\006!\021J\232\205\233w\227\272:\315\366\241\356"
 100      114A9A85 
 100      9B7797BA 
 100      3ACDF6A1 
 100      EE
 101 0184 E0955537 		.ascii	"\340\225U7WE\023~(~Z\265\351\366\201\375\253\245\260"
 101      5745137E 
 101      287E5AB5 
 101      E9F681FD 
 101      ABA5B0
 102 0197 64D59451 		.ascii	"d\325\224Q{m\324\\\372\201Z|o\024\326P\263\032\322K"
 102      7B6DD45C 
 102      FA815A7C 
 102      6F14D650 
 102      B31AD24B 
 103 01ab 2C92924C 		.ascii	",\222\222L.\347\377{\202\212_>\353W\312y?\177\272X("
 103      2EE7FF7B 
 103      828A5F3E 
 103      EB57CA79 
 103      3F7FBA58 
 104 01c0 9682E04C 		.ascii	"\226\202\340L%\227'U,9\225\301\363\005\257T\016\316"
 104      25972755 
 104      2C3995C1 
 104      F305AF54 
 104      0ECE
 105 01d2 0D9E2A94 		.ascii	"\015\236*\224\377\002\371j\330\360"
 105      FF02F96A 
 105      D8F0
 106              		.text
 107              		.section	.gnu.lto_chPoolLoadArray.e4731d6591856704,"",%progbits
 108 0000 789C9D56 		.ascii	"x\234\235V_LSg\024\377\316\375\356mk\213@\266\027b\214"
 108      5F4C5367 
 108      14FFCEFD 
 108      EE6D6B8B 
 108      40B61762 
 109 0015 AB514408 		.ascii	"\253QD\010\241d/\333\303^\026\223%{\340E^\226l\331\242"
ARM GAS  /tmp/ccL3xhvZ.s 			page 8


 109      A1642FDB 
 109      C35E1693 
 109      257BE045 
 109      5E966CD9 
 110 002a 1D092E62 		.ascii	"\035\011.b\233\002F\236\274\024\344\317\334\034Q\354"
 110      9B02469E 
 110      BC14E4CF 
 110      DC1C51EC 
 111 003a 96A6198D 		.ascii	"\226\246\031\215H\224\007\346\037\330\206\202X\313D"
 111      489407E6 
 111      1FD88682 
 111      58CB44
 112 0049 36014571 		.ascii	"6\001Eq\2020T\376\024*\216\351\226\021\331&\354\234"
 112      823054FE 
 112      142A8EE9 
 112      9611D926 
 112      EC9C
 113 005b EFDE62B9 		.ascii	"\357\336b\271\002Kv\003\345\334\357;\277s\316\367;\277"
 113      024B7603 
 113      E5DCEF3B 
 113      BF73CEF7 
 113      3BBF
 114 006d F3511363 		.ascii	"\363Q\023cl\300\302\330\023\374\373\036\376\202\211"
 114      6CC0C2D8 
 114      13FCFB1E 
 114      FE8289
 115 007c 8154D3C7 		.ascii	"\201T\323\307X\251E\002Y3\270f\\\261\310\022o\0113\246"
 115      58A94502 
 115      5933B866 
 115      5CB1C812 
 115      6F0933A6 
 116 0090 5A95111B 		.ascii	"Z\225\021\033S\023\024\000ZW-\300\016J\\V\340\240$3"
 116      53131400 
 116      5A572DC0 
 116      0E4A5C56 
 116      E0A02433 
 117 00a4 08C9B088 		.ascii	"\010\311\260\210O\322\222\301\350\371\214\327r\010W"
 117      4FD292C1 
 117      E8F98CD7 
 117      720857
 118 00b3 462E48E9 		.ascii	"F.H\351\247T|B_\0365W\250\207R\002\2341\037\027.\014"
 118      A7547C42 
 118      5F1E3557 
 118      A8875202 
 118      9C311F17 
 119 00c9 9A211DBD 		.ascii	"\232!\035\275\372\313\317\006\370a\036\340\0002\276"
 119      FACBCF06 
 119      F8611EE0 
 119      0032BE
 120 00d8 3EEDF58F 		.ascii	">\355\365\217'\322\253\004v|\235n\355\252\262\360-\300"
 120      27D2AB04 
 120      767C9D6E 
 120      EDAAB2F0 
 120      2DC0
 121 00ea D0FEBB74 		.ascii	"\320\376\273t\26411\255AU\275j\350\361I\256n\015p\016"
 121      B43131AD 
 121      4155BD6A 
ARM GAS  /tmp/ccL3xhvZ.s 			page 9


 121      E8F149AE 
 121      6E0D700E 
 122 00fe DF01C780 		.ascii	"\337\001\307\200\360-l\204\026\330\310p\211\301\367"
 122      F02D6C84 
 122      16D8C870 
 122      89C1F7
 123 010d 9086EE3D 		.ascii	"\220\206\356=\241\3523V\276M@\307\253\347\247\254:\364"
 123      A1EA3356 
 123      BE4D40C7 
 123      ABE7A7AC 
 123      3AF4
 124 011f 9F060195 		.ascii	"\237\006\001\225\241\325\010\305\343\\\020\320\347j"
 124      A1D508C5 
 124      E35C10D0 
 124      E76A
 125 012d AD2F916F 		.ascii	"\255/\221o\027\320\211\353\3655f\035\332sJ@\025\270"
 125      17D089EB 
 125      F535661D 
 125      DA734A40 
 125      15B8
 126 013f 68842A0C 		.ascii	"h\204*\014\332 \215\374\307\316-\034_o\222\203\261\223"
 126      DA208DFC 
 126      C7CE2D1C 
 126      5F6F9283 
 126      B193
 127 0151 423B9800 		.ascii	"B;\230\000\327\243\3455UI<C\304|\272\360\371_\346\324"
 127      D7A3E535 
 127      55493C43 
 127      C47CBAF0 
 127      F95FE6D4 
 128 0165 7A11B365 		.ascii	"z\021\263eC\320\233L\345\\Z\036\223\036tm\273v\362\230"
 128      43D09B4C 
 128      E55C5A1E 
 128      931E746D 
 128      BB76F298 
 129 0179 ACBB2E36 		.ascii	"\254\273.6l\013_\255PkJ-+\234\\\367\327\322\227k\244"
 129      6C0B5FAD 
 129      506B4A2D 
 129      2B9C5CF7 
 129      D7D2976B 
 130 018e 07CC0A5C 		.ascii	"\007\314\012\\\206T\350\200TQ\207\217\303\377\211\031"
 130      8654E880 
 130      5451878F 
 130      C3FF8919 
 131 019e 5FEE4DE8 		.ascii	"_\356M\350V\345\325\313\215O?\332h\2020f\277B\331C\224"
 131      56E5D5CB 
 131      8D4F3FDA 
 131      68823066 
 131      BF42D943 
 132 01b3 5D32BA1C 		.ascii	"]2\272\034\363'2\350\244-\036\307\035\203\037\220\263"
 132      F32732E8 
 132      A42D1EC7 
 132      1D831F90 
 132      B3
 133 01c4 AB284E83 		.ascii	"\253(N\203\373\270?\363CF\033>\354\025\356M\265W\016"
 133      FBB83FF3 
 133      43461B3E 
ARM GAS  /tmp/ccL3xhvZ.s 			page 10


 133      EC15EE4D 
 133      B5570E
 134 01d7 002F1287 		.ascii	"\000/\022\207z\034\251\012\305\016u\267n\373\374\340"
 134      7A1CA90A 
 134      C50E75B7 
 134      6EFBFCE0 
 135 01e7 B4AA1E55 		.ascii	"\264\252\036U!\300Mp\355?K\235\2357A7\225\331E\261\225"
 135      21C04D70 
 135      ED3F4B9D 
 135      9D374137 
 135      95D945B1 
 136 01fc 65B5FC88 		.ascii	"e\265\374\210\265\374D\203\202\037\200\3203\267\224"
 136      B5FC4483 
 136      821F80D0 
 136      33B794
 137 020b 90BAB058 		.ascii	"\220\272\260X\211\374\276\022x\026\035\331\222\014("
 137      89FCBE12 
 137      78161DD9 
 137      920C28
 138 021a 00B324C4 		.ascii	"\000\263$\304\303\205\016pT\3206\001\331\026 =\256\023"
 138      C3850E70 
 138      54D03601 
 138      D916203D 
 138      AE13
 139 022c BB56B16B 		.ascii	"\273V\261kCw\234\301*T\307\210M\015\241!\241Q\026b\325"
 139      43779CC1 
 139      2A54C788 
 139      4D0DA121 
 139      A1511662 
 140 0241 C8024E1C 		.ascii	"\310\002N\034Z\021\360\006\333\216(\3243,\2456R\365"
 140      5A11F006 
 140      DB8E28D4 
 140      332CA536 
 140      52F5
 141 0253 6752C669 		.ascii	"gR\306iQ\351\\\253\344\017R\257\230>E\327!\303\217\341"
 141      51E95CAB 
 141      E40F52AF 
 141      983E45D7 
 141      21C38FE1 
 142 0267 E210D46E 		.ascii	"\342\020\324n?\306\214\200\340{Mt\017dP\004\341+\244"
 142      3FC68C80 
 142      E07B4D74 
 142      0F645004 
 142      E12BA4
 143 027a D2137BB9 		.ascii	"\322\023{\271\022\377\022^\026q9\325\331\277\255M5\364"
 143      12FF125E 
 143      167139D5 
 143      D9BFAD4D 
 143      35F4
 144 028c 422A822A 		.ascii	"B*\202*\243\352%\231\006\333\004v\350\303\275\031\360"
 144      A3EA2599 
 144      06DB0476 
 144      E8C3BD19 
 144      F0
 145 029d 8E35FB6A 		.ascii	"\2165\373j\307S\214\232\360\3054\261B\377\263\337gp"
 145      C7538C9A 
 145      F0C534B1 
ARM GAS  /tmp/ccL3xhvZ.s 			page 11


 145      42FFB3DF 
 145      6770
 146 02af 83F6CCC6 		.ascii	"\203\366\314\306\275\333uo\271(\025\203\233/\367\260"
 146      BDDB756F 
 146      B9281583 
 146      9B2FF7B0 
 147 02bf 1F59B945 		.ascii	"\037Y\271E=\274E=\004\326O\023y\242\356\3743\353\346"
 147      3DBC453D 
 147      04D64F13 
 147      79A2EEFC 
 147      33EBE6
 148 02d2 31A853BF 		.ascii	"1\250S\277\262\007\370:\0024\215\267\251x\357a\321\267"
 148      B207F83A 
 148      02348DB7 
 148      A978EF61 
 148      D1B7
 149 02e4 61B350C9 		.ascii	"a\263P\311\223\307\003\303\022\256\300\000\310\242l"
 149      93C703C3 
 149      12AEC000 
 149      C8A26C
 150 02f3 0677C445 		.ascii	"\006w\304Eu\272\243s2a\363\244\216\266\222\357\357\337"
 150      75BAA373 
 150      3261F3A4 
 150      8EB692EF 
 150      EFDF
 151 0305 9CBF6313 		.ascii	"\234\277c\023\350\237\011\015wA\246\276\330\005\005"
 151      E89F090D 
 151      7741A6BE 
 151      D80505
 152 0314 8CCC07D5 		.ascii	"\214\314\007\325\207\315\306\011\354kM\360\253\241r"
 152      87CDC609 
 152      EC6B4DF0 
 152      ABA172
 153 0323 FB2AF307 		.ascii	"\373*\363\007\203K\215\360\006\317\004\270q _\300W\234"
 153      834B8DF0 
 153      06CF04B8 
 153      71205FC0 
 153      579C
 154 0335 49188AB5 		.ascii	"I\030\212\265\316\033\374\303\3470\220\026i5\221\003"
 154      CE1BFCC3 
 154      E7309016 
 154      69359103 
 155 0345 E5D039B7 		.ascii	"\345\3209\267P\374\341\241\321\326\004\376+\210\301"
 155      50FCE1A1 
 155      D1D604FE 
 155      2B88C1
 156 0354 BA73BFF1 		.ascii	"\272s\277\361\003=W\244i\323\2112U\\\000\026\030^c\252"
 156      033D57A4 
 156      69D38932 
 156      555C0016 
 156      185E63AA 
 157 0368 6418A188 		.ascii	"d\030\241\210\367\220\355_\210v\374\240\025*\344\021"
 157      F790ED5F 
 157      8876FCA0 
 157      152AE411 
 158 0378 782F46A3 		.ascii	"x/F\243\207l\264\346\3476\204\370\016\205o\230I\031"
 158      876CB4E6 
ARM GAS  /tmp/ccL3xhvZ.s 			page 12


 158      E73684F8 
 158      0E856F98 
 158      4919
 159 038a 3691AF3D 		.ascii	"6\221\257=\334\333e\012\302\327\250'\013*\033F\005\351"
 159      DCDB650A 
 159      C2D7A827 
 159      0B2A1B46 
 159      05E9
 160 039c F7210884 		.ascii	"\367!\010\204\035\370\264Z!h<\316b\304%`\"x@8\\\037"
 160      1DF8B45A 
 160      21683CCE 
 160      62C42560 
 160      22784038 
 161 03b2 A81C1CB5 		.ascii	"\250\034\034\2659\232\350\274\301\015\344\374\020C\035"
 161      399AE8BC 
 161      C10DE4FC 
 161      10431D
 162 03c1 C709A0F2 		.ascii	"\307\011\240\362\030\214\201\003\313\240\320\276\350"
 162      188C8103 
 162      CBA0D0BE 
 162      E8
 163 03ce A349B31E 		.ascii	"\243I\263\036{\345\"\306\021\031#\263\031[!x\323[<\244"
 163      7BE522C6 
 163      111923B3 
 163      195B2178 
 163      D35B3CA4 
 164 03e2 99A8946E 		.ascii	"\231\250\224n\241\367\245\352Hp\023\272\336\317\371"
 164      A1F7A5EA 
 164      487013BA 
 164      DECFF9
 165 03f1 6A9DDA3D 		.ascii	"j\235\332=\242kp\241\356a\207-&\257\011\221dR\310\313"
 165      A26B70A1 
 165      EE61872D 
 165      26AF0991 
 165      6452C8CB 
 166 0405 A8A588A6 		.ascii	"\250\245\210\246\245\007\321/.n\022)4==?\237+F5VE8\266"
 166      A507D12F 
 166      2E6E1229 
 166      343D3D3F 
 166      9F2B4635 
 167 041d 71B8AF1E 		.ascii	"q\270\257\036b\227\001\323H\037\254\177\225V\374\034"
 167      629701D3 
 167      481FAC7F 
 167      9556FC1C 
 168 042d E2CBE3CB 		.ascii	"\342\313\343\313\310+E\226PJ\353\351\314S/\023h\247"
 168      C82B4596 
 168      504AEBE9 
 168      CC532F13 
 168      68A7
 169 043f 7F7ED382 		.ascii	"\177~\323\202?\272\012!\012\016\214]\026\250(\321\""
 169      3FBA0A21 
 169      0A0E8C5D 
 169      16A828D1 
 169      22
 170 0450 AF437630 		.ascii	"\257Cv0\276(Fd\307K\017W\311\307W\321\324\226\242yY"
 170      BE284664 
 170      C74B0F57 
ARM GAS  /tmp/ccL3xhvZ.s 			page 13


 170      C9C757D1 
 170      D496A279 
 171 0465 FD9CBE1F 		.ascii	"\375\234\276\037\314\264\237\035T\250\004E\377\012\361"
 171      CCB49F1D 
 171      54A80445 
 171      FF0AF1
 172 0474 08132E21 		.ascii	"\010\023.!\333\010i\305$\325x\327\343\027\017q+JL[\347"
 172      DB0869C5 
 172      24D578D7 
 172      E3170F71 
 172      2B4A4C5B 
 173 0489 9A2DA24B 		.ascii	"\232-\242Kl\022\312\207;g\003\257k\321y\374\351\024"
 173      6C12CA87 
 173      3B6703AF 
 173      6BD179FC 
 173      E914
 174 049b 647A4653 		.ascii	"dzFS\347\034`i\212\304\260\036\356\237{s\016\270\237"
 174      E71C6069 
 174      8AC4B01E 
 174      EE9F7B73 
 174      0EB89F
 175 04ae 9BE8D5CA 		.ascii	"\233\350\325\312\357\315ec\032E\273\205giR\216\010\362"
 175      EFCD6563 
 175      1A45BB85 
 175      6769528E 
 175      08F2
 176 04c0 84A8ABF0 		.ascii	"\204\250\253\360<#6\354\204=+\313\241\375\270\012\035"
 176      3C2336EC 
 176      843D2BCB 
 176      A1FDB80A 
 176      1D
 177 04d1 9E2247A1 		.ascii	"\236\"G\241\307\351p\346\027\344\025\270]\256\275\205"
 177      C7E970E6 
 177      17E415B8 
 177      5DAEBD85 
 178 04e1 594E2615 		.ascii	"YN&\025\270\301\015\373d\327\356O\334[\015\316{\366"
 178      B8C10DFB 
 178      64D7EE4F 
 178      DC5B0DCE 
 178      7BF6
 179 04f3 39F7167F 		.ascii	"9\367\026\177\234\027\017\310g\257\255\352TXB\373\312"
 179      9C170FC8 
 179      67AFADEA 
 179      545842FB 
 179      CA
 180 0504 FE5D7B8B 		.ascii	"\376]{\213\363\322\015^n\227\247\250\320\361\366\316"
 180      F3D20D5E 
 180      6E97A7A8 
 180      D0F1F6CE 
 181 0514 9C1D3907 		.ascii	"\234\0359\007\320\325\351\362\344}\264\377\215\002\364"
 181      D0D5E9F2 
 181      E47DB4FF 
 181      8D02F4
 182 0523 CF8CF7CC 		.ascii	"\317\214\367\314;P\344\330\221\223\373n\356\213\260"
 182      3B50E4D8 
 182      9193FB6E 
 182      EE8BB0
ARM GAS  /tmp/ccL3xhvZ.s 			page 14


 183 0532 E4E92C78 		.ascii	"\344\351,x\247x\237\023\235\223srw\332w\357*\314s{\366"
 183      A7789F13 
 183      9D937372 
 183      77DA77EF 
 183      2ACC737B 
 184 0547 64DA53B3 		.ascii	"d\332S\263\231\344af,\316\345)a\334\235\357\376\027"
 184      99E46166 
 184      2CCEE529 
 184      61DC9DEF 
 184      FE17
 185 0559 D3AB207E 		.ascii	"\323\253 ~"
 186              		.text
 187              		.section	.gnu.lto_chPoolAllocI.e4731d6591856704,"",%progbits
 188 0000 789C8592 		.ascii	"x\234\205\222\313k\023Q\024\306\3177\367\316L\250\265"
 188      CB6B1351 
 188      14C6CF37 
 188      F7CE4CA8 
 188      B5
 189 0011 852E43D1 		.ascii	"\205.C\321\200\326R\027\231E\327\356\375;\032\004\021"
 189      80D65217 
 189      9945D7EE 
 189      FD3B1A04 
 189      11
 190 0022 4342E23E 		.ascii	"CB\342>7\217\222\304\007\024\332F\014\203FTj\027\242"
 190      378F92C4 
 190      0714DA46 
 190      0C834654 
 190      6A17A2
 191 0035 E2ABA955 		.ascii	"\342\253\251U\307\024\203\013\333R\351B\214ta\261X)"
 191      C714830B 
 191      DB52E942 
 191      8C7461B1 
 191      5829
 192 0047 62515C28 		.ascii	"bQ\\(I=w\246bU\304af\356\353\234\357\373\2353c\021Q"
 192      493D77A6 
 192      6255C461 
 192      66EEEB9C 
 192      EFFB9D33 
 193 005e CB203ACC 		.ascii	"\313 :\314\343\021~`\021\214\261E\242l\3100D{\230T\227"
 193      E3117E60 
 193      118CB145 
 193      A26CC830 
 193      447B9854 
 194 0073 1C0F93EA 		.ascii	"\034\017\223\352\0260\203m\031L`\002zT!P\306\020\322"
 194      1630836D 
 194      194C6002 
 194      7A542150 
 194      C610D2
 195 0086 440667C5 		.ascii	"D\006g\305\204\300r\341\226+\316\010W\020$/\267\026"
 195      84C072E1 
 195      962BCE08 
 195      5710242F 
 195      B716
 196 0098 AA6B3D7A 		.ascii	"\252k=z\011Dx9]\374\274l\015M)\225S\336\371O\366T~\364"
 196      09447839 
 196      5DFCBC6C 
 196      0D4D2995 
ARM GAS  /tmp/ccL3xhvZ.s 			page 15


 196      53DEF94F 
 197 00b0 A82B0CAA 		.ascii	"\250+\014\252p\364]\364\343\016\3725\304=\014q\354\373"
 197      70F45DF4 
 197      E30EFA35 
 197      C43D0C71 
 197      ECFB
 198 00c2 99662924 		.ascii	"\231f)$\016\200x\376=\273:\3353x\315\317{sU\250\203"
 198      0E8078FE 
 198      3DBB3ADD 
 198      3378CDCF 
 198      7B7355A8 
 199 00d7 AE10B80F 		.ascii	"\256\020\270\017\261;\221\267\010\0170\250\3437\012"
 199      B13B91B7 
 199      080F30A8 
 199      E3370A
 200 00e6 63A55E71 		.ascii	"c\245^q\310\317\335\352\234\373f\017\\\361s\027/\365"
 200      C8CFDDEA 
 200      9CFB660F 
 200      5CF17317 
 200      2FF5
 201 00f8 5DCEABE7 		.ascii	"]\316\253\347J\262+f~\317\327\027\207\277\275\335\231"
 201      4AB22B66 
 201      7ECFD717 
 201      87BFBDDD 
 201      99
 202 0109 DC6B49D4 		.ascii	"\334kI\3241P\023\244\321\230hV7\206G\275{\363\245\351"
 202      315013A4 
 202      D1986856 
 202      378647BD 
 202      7BF3A5E9 
 203 011d A9CE7651 		.ascii	"\251\316vQy\315\375K_^\364u\031l-Y\210\317\244\377\266"
 203      79CDFD4B 
 203      5F5EF475 
 203      196C2D59 
 203      88CFA4FF 
 204 0132 A0396C7F 		.ascii	"\2409l\177NTb\005n\225\362\250\314\245\362,\357\321"
 204      4E546205 
 204      6E95F2A8 
 204      CCA5F22C 
 204      EFD1
 205 0144 07E46637 		.ascii	"\007\344f7:yK\013W\205\315\266\225\321\306\222\255\033"
 205      3A794B0B 
 205      5785CDB6 
 205      95D1C692 
 205      AD1B
 206 0156 257CE8B9 		.ascii	"%|\350\271\306B\323\252\341bV)UK\261\201Y\025\026\036"
 206      C642D3AA 
 206      E1625629 
 206      554BB181 
 206      5915161E 
 207 016a 6A4C3E5D 		.ascii	"jL>])\276Z\335\343\334\3403\025ao\314\241\206I\015J"
 207      29BE5ADD 
 207      E3DCE033 
 207      15616FCC 
 207      A186490D 
 208 017f 780487D6 		.ascii	"x\004\207\326\221\253\215hi\015\300\362\364\016\205"
 208      91AB8D68 
ARM GAS  /tmp/ccL3xhvZ.s 			page 16


 208      690DC0F2 
 208      F40E85
 209 018e D67CF37A 		.ascii	"\326|\363z\367\216\035\242A\265e\356X{\370'N\371Yop"
 209      F78E1DA2 
 209      41B565EE 
 209      587BF827 
 209      4EF9596F 
 210 01a3 6EECC691 		.ascii	"n\354\306\221\177\341\260\243/\362\370\0370O|\030h\030"
 210      7FE1B0A3 
 210      2FF2F81F 
 210      304F7C18 
 210      6818
 211 01b5 8F61587B 		.ascii	"\217aX{\345\364\005SK\377Y\327\276\377\224\365\364W"
 211      E5F40553 
 211      4BFF59D7 
 211      BEFF94F5 
 211      F457
 212 01c7 590D380C 		.ascii	"Y\0158\014\3463K\032\0173\363&d\200\253\377\272z}\263"
 212      E6334B1A 
 212      0F33F326 
 212      6480ABFF 
 212      BA7A7DB3 
 213 01db 6567DA2A 		.ascii	"eg\332*\344\012\273\242\2751\217\014\261\266+B~\222"
 213      E40ABBA2 
 213      BD318F0C 
 213      B1B62B42 
 213      7E92
 214 01ed B9D3F875 		.ascii	"\271\323\370u\030\024tE\322Gn\323\332D8P\221\034\366"
 214      18147445 
 214      D2476ED3 
 214      DA443850 
 214      911CF6
 215 0200 15920B13 		.ascii	"\025\222\013\023\257\267=\260\254\324\237\016:\217}"
 215      AFB73DB0 
 215      ACD49F0E 
 215      3A8F7D
 216 020f 23D1A813 		.ascii	"#\321\250\023\334\211\264\223:\345\244S1'v<~,\236L$"
 216      DC89B493 
 216      3AE5A453 
 216      3127763C 
 216      7E2C9E4C 
 217 0224 4EA6A331 		.ascii	"N\246\24312\342I\231\0309\221\374\001}\034\366|"
 217      32E24999 
 217      183991FC 
 217      017D1CF6 
 217      7C
 218              		.text
 219              		.section	.gnu.lto_chPoolAlloc.e4731d6591856704,"",%progbits
 220 0000 789C8D54 		.ascii	"x\234\215T\377oSU\024\277\347\335\373^k77\302O\373a"
 220      FF6F5355 
 220      14BFE7DD 
 220      FB5E6B37 
 220      37C24FFB 
 221 0015 C1B768C5 		.ascii	"\301\267h\305!i\371\315\304\230ECb4f\277\260?\300\260"
 221      2169F9CD 
 221      C4984543 
 221      623466BF 
ARM GAS  /tmp/ccL3xhvZ.s 			page 17


 221      B03FC0B0 
 222 0029 DA04CC4A 		.ascii	"\332\004\314J\233v#\360\323.[\227\256\"\201\010+\322"
 222      9B7623F0 
 222      D32E5B97 
 222      AE228108 
 222      2BD2
 223 003b 346E2A84 		.ascii	"4n*\204\201\301/\210\272nc\324\316\215\011\254sXp\256"
 223      81C12F88 
 223      BA6E63D4 
 223      CE8D09AC 
 223      735870AE 
 224 004f 66419601 		.ascii	"fA\226\001\323e|\321\020\221X<\347\276\016\273N\211"
 224      D3657CD1 
 224      1091583C 
 224      E7BE0EBB 
 224      4E89
 225 0061 4DFB7AEF 		.ascii	"M\373z\357=\237s\316\347|\316\271\317`\214U\031\214"
 225      3D9F73CE 
 225      E77CCEB9 
 225      CF608C55 
 225      198C
 226 0073 0DE37F1D 		.ascii	"\015\343\177\035\376\300`\240\355\3130\266\313\256i"
 226      FEC060A0 
 226      EDCB30B6 
 226      CBAE69
 227 0082 3C53C7A4 		.ascii	"<S\307\244C\244+\231,\347\240[\307bi\241\003\320B\332"
 227      43A42B99 
 227      2CE7A05B 
 227      C76269A1 
 227      03D042DA 
 228 0096 81B56A5C 		.ascii	"\201\265j\\\350\320\012o\363\003\034&\303\237&\370n"
 228      E8D00A6F 
 228      F3031C26 
 228      C39F26F8 
 228      6E
 229 00a7 9EE00C04 		.ascii	"\236\340\014\004no\217\307g+h\013`\342\366X\344\267"
 229      6E6F8FC7 
 229      672B680B 
 229      60E2F658 
 229      E4B7
 230 00b9 49A3F6A8 		.ascii	"I\243\366\250\224m2up\332q\264\275\343\225\004\327X"
 230      946D3275 
 230      70DA71B4 
 230      BDE39504 
 230      D758
 231 00cb 0CD1A7A0 		.ascii	"\014\321\247\240\032>\207jb\361\005\324\"\366F\337h"
 231      1A3E876A 
 231      62F105D4 
 231      22F646DF 
 231      68
 232 00dc A79D3F09 		.ascii	"\247\235?\011\014\327\367w\315\034\253X{D\371e\017s"
 232      0CD7F777 
 232      CD1CAB58 
 232      7B44F965 
 232      0F73
 233 00ee F9548273 		.ascii	"\371T\202s\370\022x\261#\0361\370\012\326\022~>\274"
 233      F81278B1 
ARM GAS  /tmp/ccL3xhvZ.s 			page 18


 233      231E31F8 
 233      0AD6127E 
 233      3EBC
 234 0100 AFB3923F 		.ascii	"\257\263\222?\255|o\347\367\374is~\250|\357\036_\375"
 234      AD7C6FE7 
 234      F7FC6973 
 234      7EA87CEF 
 234      1E5FFD
 235 0113 7EBB1C93 		.ascii	"~\273\034\223\002\263B\337r\177\372 \374\352g\371\256"
 235      02B342DF 
 235      727FFA20 
 235      FCEA67F9 
 235      AE
 236 0124 C70D0149 		.ascii	"\307\015\001Ip\022/\244\323\017\006<4\204%~R\227?2\324"
 236      70122FA4 
 236      D30F063C 
 236      3484257E 
 236      52973F32 
 237 0139 798C4391 		.ascii	"y\214C\221\017\203\001\204\016\242\212%\360\334\334"
 237      0F830184 
 237      0EA28A25 
 237      F0DCDC
 238 0148 F33A2343 		.ascii	"\363:#C\014\213E\333\365\301H\026\370k\312w\341ZgJ\024"
 238      0C8B45DB 
 238      F5C14816 
 238      F86BCA77 
 238      E15A674A 
 239 015d E84DC49F 		.ascii	"\350M\304\237\2717uC\312w$$\270\200\241G\020\264\002"
 239      B9377543 
 239      CA772424 
 239      B880A147 
 239      10B402
 240 0170 2FDE33E0 		.ascii	"/\3363\340\014\022\205\323\024\233/\343\222B._SG\361"
 240      0C1285D3 
 240      149B2FE3 
 240      92422E5F 
 240      5347F1
 241 0183 01584689 		.ascii	"\001XF\211\024\007\357\330\016\235\2222\372\342\177"
 241      1407EFD8 
 241      0E9D9232 
 241      FAE27F
 242 0192 48016970 		.ascii	"H\001ip~rQO\311\374\203\010&Z\227\371}fu\271\006\244"
 242      7E72514F 
 242      C9FC8308 
 242      265A97F9 
 242      7D6675B9 
 243 01a8 30574681 		.ascii	"0WF\201\212\353\272Z\032\352\311X'\352\205S!S,\212\205"
 243      8AEBBA5A 
 243      1AEAC958 
 243      27EA8553 
 243      21532C8A 
 244 01bd E2AA3DC5 		.ascii	"\342\252=\305\256\201\266\262\314\0157\037]&\014\203"
 244      AE81B6B2 
 244      CC0D371F 
 244      5D260C83 
 245 01cd 139D22F3 		.ascii	"\023\235\"\363\362\264\240\351\021`\3027h\373\025\332"
 245      F2B4A0E9 
ARM GAS  /tmp/ccL3xhvZ.s 			page 19


 245      1160C237 
 245      68FB15DA 
 246 01dd AEDEDC7B 		.ascii	"\256\336\334{`\266\252D\207\375\267\034\205~\210\025"
 246      60B6AA44 
 246      87FDB71C 
 246      857E8815 
 247 01ed DA77B891 		.ascii	"\332w\270\221\344\010\331\364R\333\371\370\013~J\305"
 247      E408D9F4 
 247      52DBF9F8 
 247      0B7E4AC5 
 248 01fd 6074A57E 		.ascii	"`t\245~gQ\2661\322o\214\364\003\326K\012~\320}\362\017"
 248      6751B631 
 248      D26F8CF4 
 248      03D64B0A 
 248      7ED07DF2 
 249 0212 474D12BA 		.ascii	"GM\022\272\345\273f\202\253F\237\230\035\220v\241!\351"
 249      E5BB6682 
 249      AB469F98 
 249      1D9076A1 
 249      21E9
 250 0224 6FA14675 		.ascii	"o\241Fu\350\326B6\247\341\011\234\003\241h38\257nC\357"
 250      E8D64236 
 250      A7E1099C 
 250      03A16833 
 250      38AF6E43 
 251 0239 D0F05C79 		.ascii	"\320\360\\y\315`\301\333F\330;\037\237\274T\246\274"
 251      CD60C1DB 
 251      46D83B1F 
 251      9FBC54A6 
 251      BC
 252 024a 2F90378C 		.ascii	"/\2207\214\203@\311\332L%\001\243\345\225h\237N\265"
 252      8340C9DA 
 252      4C2501A3 
 252      E595689F 
 252      4EB5
 253 025c 2178E0EC 		.ascii	"!x\340\354\341\375K\".\036\257\210\313T\330\374\227"
 253      E1FD4B22 
 253      2E1EAF88 
 253      CB54D8FC 
 253      97
 254 026d 9BA014CC 		.ascii	"\233\240\024\314\2003\216M\370\005\332\372\347\363\355"
 254      80338E4D 
 254      F805DAFA 
 254      E7F3ED
 255 027c 4649E5E7 		.ascii	"FI\345\347\236%@A3\243x\356\251\2210\201%\177G\265\343"
 255      9E254041 
 255      33A378EE 
 255      A9913081 
 255      257F47B5 
 256 0291 23CEE95E 		.ascii	"#\316\351^\307:\322\0236j\2055\361\203\351\361Q\243"
 256      C73AD213 
 256      366A8535 
 256      F183E9F1 
 256      51A3
 257 02a3 07DEC306 		.ascii	"\007\336\303\006\3321\015LRZ<\317F\246f\312\334'(G\317"
 257      DA310D4C 
 257      525A3CCF 
ARM GAS  /tmp/ccL3xhvZ.s 			page 20


 257      46A666CA 
 257      DC272847 
 258 02b8 FDBDD538 		.ascii	"\375\275\3258!p\021z\240\013\007\203\2022\370\036\334"
 258      2170117A 
 258      A00B0783 
 258      8232F81E 
 258      DC
 259 02c9 54544F23 		.ascii	"TTO#\205\246d\030\236\315A87<\332[^H\007.\253\206(\232"
 259      85A66418 
 259      9ECD4138 
 259      373CDA5B 
 259      5E48072E 
 260 02e1 32753843 		.ascii	"2u8C\252\210\350H\245e\027\305t\364R:\217Q\200\354J"
 260      AA88E848 
 260      A56517C5 
 260      74F4523A 
 260      8F5180EC 
 261 02f6 3A26612F 		.ascii	":&a/).P\340r\031\271`\350\354[\207t\212\374?\313ZC\201"
 261      292E50E0 
 261      7219B960 
 261      E8EC5B87 
 261      748AFC3F 
 262 030e 7E5856D4 		.ascii	"~XV\324\024\270\221\226b,X\272\022\031/`\347\025Y\035"
 262      14B89196 
 262      622C58BA 
 262      12192F60 
 262      E715591D 
 263 0322 BD93C985 		.ascii	"\275\223\311\205\234\255\365/iOpG\214\333,\237\037\241"
 263      9CADF52F 
 263      694F7047 
 263      8CDB2C9F 
 263      1FA1
 264 0334 95618A04 		.ascii	"\225a\212\004/S~z\321u\261d1\224N\327\273\252\324\013"
 264      2F537E7A 
 264      D175B164 
 264      31944ED7 
 264      BBAAD40B 
 265 0348 28539806 		.ascii	"(S\230\006S\355\322\313vIk\207\216g\324\265y(\216\300"
 265      53EDD2CB 
 265      76496B87 
 265      8E67D4B5 
 265      79288EC0 
 266 035c 4AA78BAF 		.ascii	"J\247\213\257\215\365.(\314r\276\373\347\241\262\245"
 266      8DF52E28 
 266      CC72BEFB 
 266      E7A1B2A5 
 267 036c 319D5663 		.ascii	"1\235Vc\232ScZ:\223?Y3y\345\310\236\3765*\007c\213\270"
 267      9A53635A 
 267      3A933F59 
 267      3379E5C8 
 267      9EFE352A 
 268 0384 DD3D3862 		.ascii	"\335=8bP~\242\312\330]\325:>\375 \005X\265\240\227\001"
 268      507EA2CA 
 268      D85DD53A 
 268      3EFD2005 
 268      58B5A097 
 269 0399 504D18C6 		.ascii	"PM\030\306t\271\334\326\327\037r\007\233\335\241\240"
ARM GAS  /tmp/ccL3xhvZ.s 			page 21


 269      74B9DCD6 
 269      D71F7207 
 269      9BDDA1A0 
 270 03a9 C7EDD9E2 		.ascii	"\307\355\331\342\363\372\002~\177S\310\345a\232/ \374"
 270      F3FA027E 
 270      7F53C8E5 
 270      619A2F20 
 270      FC
 271 03ba 8D6F069E 		.ascii	"\215o\006\236(\001n\335\346ijy\303\213\340\320\316\220"
 271      28016EDD 
 271      E6696A79 
 271      C38BE0D0 
 271      CE90
 272 03cc 6B0BD3B7 		.ascii	"k\013\323\267onj\361\326\226\240\002\376`s\310\375\322"
 272      6F6E6AF1 
 272      D696A002 
 272      FE6073C8 
 272      FDD2
 273 03de A6FA8DF5 		.ascii	"\246\372\215\365;\020\352\361\007\275\257o\177\316\207"
 273      3B10EAF1 
 273      07BDAF6F 
 273      7FCE87
 274 03ed F8F5C548 		.ascii	"\370\365\305H\357\216f\367\306\372\206W\033\376\011"
 274      EF8E66F7 
 274      C6FA8657 
 274      1BFE09
 275 03fc 4B488FEF 		.ascii	"KH\217\357\345\226m\036\004\257\252o\330d6n\016y\003"
 275      E5966D1E 
 275      04AFAA6F 
 275      D864366E 
 275      0E7903
 276 040f C1ADEB4D 		.ascii	"\301\255\353M\347\006\246\005\231\015I\372\203;\331"
 276      E706A605 
 276      990D49FA 
 276      833BD9
 277 041e DF0F512C 		.ascii	"\337\017Q,\021"
 277      11
 278              		.text
 279              		.section	.gnu.lto_chPoolFreeI.e4731d6591856704,"",%progbits
 280 0000 789C8552 		.ascii	"x\234\205R\317k\023Q\020\236og7\011\244V\360 \242E\002"
 280      CF6B1351 
 280      109E6F67 
 280      3709A456 
 280      F020A245 
 281 0015 5A4311B3 		.ascii	"ZC\021\263\377\220'\203P\304\220\245\361\336\227\264"
 281      FF902783 
 281      50C490A5 
 281      F1DE97B4 
 282 0025 31A97AE8 		.ascii	"1\251z\350\301\246\020\026Y\324\"=\224*jMk\3255J\361"
 282      C1A61016 
 282      59D4223D 
 282      942A6A4D 
 282      6BD5354A 
 283 003a 6015A505 		.ascii	"`\025\245\005E\211\240\030\334\"\202\370\343\"Tg\266"
 283      4589A018 
 283      DC2282F8 
 283      E3225467 
ARM GAS  /tmp/ccL3xhvZ.s 			page 22


 283      B6
 284 004b 15AD220E 		.ascii	"\025\255\"\016\373\330yo\346\373\346{\337n\202\210\312"
 284      FBD8796F 
 284      E6FBE67B 
 284      DF6E8288 
 284      CA
 285 005c 16514EDE 		.ascii	"\026QN\336{d\201\011\326\370#9LY\200&&\005\032\2660"
 285      7B648109 
 285      D6F82339 
 285      4C598026 
 285      26051AB6 
 286 0071 8C337C96 		.ascii	"\2143|\226\321\256u\347\255\201KF\"\234\234K\2374\325"
 286      D1AE75E7 
 286      AD814B46 
 286      229C9C4B 
 286      9F34D5
 287 0084 5D3E1335 		.ascii	"]>\0235di\340*\006\244\353\311\350e\237O\263\317\200"
 287      6469E02A 
 287      06A4EBC9 
 287      E8659F4F 
 287      B3CF80
 288 0097 2DDB8FCB 		.ascii	"-\333\217\313\3157\275\272\265\220\221\355\273\326R"
 288      CD37BDBA 
 288      B59091ED 
 288      BBD652
 289 00a6 3DC5FB40 		.ascii	"=\305\373@\222\177+w\246{\263S\306TL\370\360\"\233\375"
 289      927F2B77 
 289      A67BB353 
 289      C6544CF8 
 289      F0229BFD 
 290 00ba 3E33E6C0 		.ascii	">3\346\300B\210\353\350\3035\364\221\034\021n +\355"
 290      4288EBE8 
 290      C335F491 
 290      1C116E20 
 290      2BED
 291 00cc D1E8787D 		.ascii	"\321\350x};\037\210\241_\337\2576{6\241/\247b\250\215"
 291      3B1F88A1 
 291      5FDFAF36 
 291      7B36A12F 
 291      A762A88D 
 292 00e0 D69F509B 		.ascii	"\326\237P\2330\217\254\366\277x\336i\365\360\301\030"
 292      308FACF6 
 292      BF78DE69 
 292      F5F0C118 
 293 00f0 BBFA6AFA 		.ascii	"\273\372j\372p\377\205\030\332\235\331{~\304<0\266\317"
 293      70FF8518 
 293      DA9DD97B 
 293      7EC43C30 
 293      B6CF
 294 0102 0E16B6C2 		.ascii	"\016\026\266\3025\244\373\365\225\365\211m\011\0337"
 294      35A4FBF5 
 294      95F5896D 
 294      091B37
 295 0111 D11FFCBC 		.ascii	"\321\037\374\274,\026\221 H2\373\324\011\315\372\367"
 295      2C169120 
 295      4832FBD4 
 295      09CDFAF7 
ARM GAS  /tmp/ccL3xhvZ.s 			page 23


 296 0121 9A093B87 		.ascii	"\232\011;\207\242\317_v$!S\0351O\306\332P\335DuA\210"
 296      A2CF5F76 
 296      2421531D 
 296      314FC6DA 
 296      50DD4475 
 297 0137 9726A431 		.ascii	"\227&\2441\2664\033\011\251\213J\360\251\341*\217\022"
 297      B6341B09 
 297      A98B4AF0 
 297      A9E12A8F 
 297      12
 298 0148 37A5B086 		.ascii	"7\245\260\206\312B\024U\323z\326d\310\344F\265\3758"
 298      CA421455 
 298      D37AD664 
 298      C8E446B5 
 298      FD38
 299 015a A9CE712C 		.ascii	"\251\316q,{\261\275\274\224\010p\256,\366g|\226&\033"
 299      7BB1BDBC 
 299      940870AE 
 299      2CF6677C 
 299      96261B
 300 016d B754A7D4 		.ascii	"\267T\247\324Vj\317:iw\306l\224\034\334F\200\211\370"
 300      566ACF3A 
 300      6977C66C 
 300      941CDC46 
 300      8089F8
 301 0180 B3E00E5C 		.ascii	"\263\340\016\\\345^95\346(\365\357\274\316_\274\301"
 301      E55E3935 
 301      E628F5EF 
 301      BCCE5FBC 
 301      C1
 302 0191 6E9F93A2 		.ascii	"n\237\223\242\006\341?\210\357\306\304zu\264\341\212"
 302      06E13F88 
 302      EFC6C47A 
 302      75B4E18A 
 303 01a1 4EE56E44 		.ascii	"N\345nDko\223\233\344[\330v\376G\346\275_2\357+\233"
 303      6B6F939B 
 303      E45BD876 
 303      FE47E6BD 
 303      5F32EF2B 
 304 01b6 451FC498 		.ascii	"E\037\304\230\331I\304\006k\324e\202X&?i&\227s7\236"
 304      D949C406 
 304      6BD46582 
 304      58263F69 
 304      26977337 
 305 01cb 62C91D3A 		.ascii	"b\311\035:\341\226\206\362n~\260p\264\340\025\213\307"
 305      E19686F2 
 305      6E7EB070 
 305      B4E0158B 
 305      C7
 306 01dc 4BB93C59 		.ascii	"K\271<Y\005\317.\0369\346\2617\350\375\000WC\334\332"
 306      05CF2E1E 
 306      39E6B137 
 306      E8FD0057 
 306      43DCDA
 307              		.text
 308              		.section	.gnu.lto_chPoolFree.e4731d6591856704,"",%progbits
 309 0000 789C8D53 		.ascii	"x\234\215SmlSU\030~\337{no\013\233\223\370\303\020%"
ARM GAS  /tmp/ccL3xhvZ.s 			page 24


 309      6D6C5355 
 309      187EDF7B 
 309      6E6F0B9B 
 309      93F8C310 
 310 0015 7817AD75 		.ascii	"x\027\255u\011\331\345\237\211\361\217!11f\177\330_"
 310      09D9E59F 
 310      89F18F21 
 310      3131667F 
 310      D85F
 311 0027 1303B5C9 		.ascii	"\023\003\265\3110+m\332\215\300/\016c\263\235\223\217"
 311      302B6DDA 
 311      8DC02F0E 
 311      63B39D93 
 311      8F
 312 0038 C0A8A669 		.ascii	"\300\250\246i\\\203,\302\217\211\202\037\335\007[\035"
 312      5C832CC2 
 312      8F89821F 
 312      DD075B1D 
 313 0048 7343611B 		.ascii	"sCa\033`\247\303\352D\226U\212\023D\023#\232L\337\367"
 313      60A7C3EA 
 313      4496558A 
 313      13441323 
 313      9A4CDFF7 
 314 005c DC0B6EB7 		.ascii	"\334\013n\267\206x\323\217{\316y\336\347<\347y\237c"
 314      8678D38F 
 314      7BCE79DE 
 314      E73CE779 
 314      9F63
 315 006e 00C08807 		.ascii	"\000\300\210\007`\202\376\037\245/\012@\355\340\024"
 315      6082FE1F 
 315      A52F0A40 
 315      EDE014
 316 007d C01E9F86 		.ascii	"\300\036\237\206\310/\322\207\260[\303\335\370\206\350"
 316      C82FD287 
 316      B05BC3DD 
 316      F886E8
 317 008c 16389A28 		.ascii	"\0268\232(\365ku\357Jz\362o\036\252yMv\254\315\010\200"
 317      F56B75EF 
 317      4A7AF26F 
 317      1EAA794D 
 317      76ACCD08 
 318 00a1 147DF9C1 		.ascii	"\024}\371\301\323XG\250K\355\357gD\227\310\010D\235"
 318      D35847A8 
 318      4BEDEF67 
 318      4497C808 
 318      449D
 319 00b3 86B727D3 		.ascii	"\206\267'\323\3635<\324\320\244\341\365\334x\322'\036"
 319      F3353CD4 
 319      D0A4E1F5 
 319      DC78D227 
 319      1E
 320 00c4 47A0F7BF 		.ascii	"G\240\367\277\366\314\235\250\011\364J\331&\363c\307"
 320      F6CC9DA8 
 320      09F44AD9 
 320      26F363C7 
 321 00d4 847C2223 		.ascii	"\204|\"#\004~\214\202\010\361#\\\207\037\342:\240)\300"
 321      047E8C82 
ARM GAS  /tmp/ccL3xhvZ.s 			page 25


 321      08F1235C 
 321      871FE23A 
 321      A029C0
 322 00e7 4F3040F0 		.ascii	"O0@\360r\373\301\344\203\342IU\372\373\342L\272\332"
 322      72FBC1E4 
 322      83E24955 
 322      FAFBE24C 
 322      BADA
 323 00f9 292DF4AA 		.ascii	")-\364\252R\035s\356R\035\260\037\003\214\277\366\301"
 323      521D73EE 
 323      521DB01F 
 323      038CBFF6 
 323      C1
 324 010a D291070C 		.ascii	"\322\221\007\014\335\326\212\003h\340\275\311vu\236"
 324      DDD68A03 
 324      68E0BDC9 
 324      76759E
 325 0119 9B3943CD 		.ascii	"\2339C\315\247\004.\307\343 A\207\320\000\027\274\270"
 325      A7042EC7 
 325      E3204187 
 325      D00017BC 
 325      B8
 326 012a F08C0778 		.ascii	"\360\214\007x!%4^\373q(Q@\361\242\252],%\363\272\377"
 326      2125345E 
 326      FB712851 
 326      40F1A2AA 
 326      5D2C25F3 
 327 0140 1DA56D3A 		.ascii	"\035\245m:\375\324\235\331\353R\036\222\230\021\036"
 327      FDD49DD9 
 327      EB521E92 
 327      98111E
 328 014f 1C5EA990 		.ascii	"\034^\251\220\037\267\216;\006\216\240\037\360\014s"
 328      1FB78E3B 
 328      068EA01F 
 328      F00C73
 329 015e 8B155AF2 		.ascii	"\213\025Z\362\244\345S\322\302?H\245'/{\362r\351\357"
 329      A4E553D2 
 329      C23F48A5 
 329      272F7BF2 
 329      72E9EF
 330 0171 0475E3A1 		.ascii	"\004u\343\241\334\305\362\376\300*j\033yE\316\323\261"
 330      DCC5F2FE 
 330      C02A6A1B 
 330      7945CED3 
 330      B1
 331 0182 7532C000 		.ascii	"u2\300\000H\322\211\251\2252\017\235$\225\336\366\346"
 331      48D289A9 
 331      95320F9D 
 331      2495DEF6 
 331      E6
 332 0193 A1845AA5 		.ascii	"\241\204Z\245\320\215\267\356/\024G\321OE\211\262<\243"
 332      D08DB7EE 
 332      2F1447D1 
 332      4F4589B2 
 332      3CA3
 333 01a5 733F3D68 		.ascii	"s?=h\342YZ\373\011\333\256\335:\320=\277\326u\222\303"
 333      E2595AFB 
ARM GAS  /tmp/ccL3xhvZ.s 			page 26


 333      09DBAEDD 
 333      3AD03DBF 
 333      D67592C3 
 334 01b9 A91AC751 		.ascii	"\251\032\307Q\275\302\275\016\213\334\033\3435\217{"
 334      BDC2BD0E 
 334      8BDC1BE3 
 334      358F7B
 335 01c8 ED7CFAD9 		.ascii	"\355|\372\331\010o\005\370Y\245\003\343t\360\011v`\202"
 335      086F05F8 
 335      59A503E3 
 335      74F00976 
 335      6082
 336 01da 1D4038CE 		.ascii	"\035@8\316m<\332s\352\217\325\265\375\330#\33723\302"
 336      6D3CDA73 
 336      EA8FD5B5 
 336      FDD823DF 
 336      3233C2
 337 01ed CB057DF3 		.ascii	"\313\005}\363\203\322\247k$\372\034\326*\217\177Y,\024"
 337      83D2A76B 
 337      24FA1CD6 
 337      2A8F7F59 
 337      2C14
 338 01ff 359AC1CF 		.ascii	"5\232\301\317QW\262\001\277P\371<>|v\241\272v\310\251"
 338      5157B201 
 338      BF50F93C 
 338      3E7C76A1 
 338      BA76C8A9 
 339 0213 F631F6D7 		.ascii	"\3661\366\327\367N\315T\251\352\363\\\215\027P'\313"
 339      F74ECD54 
 339      A9EAF35C 
 339      8D175027 
 339      CB
 340 0224 DA4C6501 		.ascii	"\332Le\001\360\353\325\316./\237\215\300\203\023\307"
 340      F0EBD5CE 
 340      2E2F9F8D 
 340      C08313C7 
 341 0234 0EDF3571 		.ascii	"\016\3375q*W\235\226\371v\363?r\254\034\234D\177\232"
 341      2A579D96 
 341      F976F33F 
 341      72AC1C9C 
 341      447F9A
 342 0247 9A4004D9 		.ascii	"\232@\004\331\223t?l\202\333K\373\376\364V\020T\244"
 342      93743F6C 
 342      82DB4BFB 
 342      FEF45610 
 342      54A4
 343 0259 59114C31 		.ascii	"Y\021L1\201P\004\277\245,\227s\245\234\301\000\336\305"
 343      815004BF 
 343      A52C9773 
 343      A59CC100 
 343      DEC5
 344 026b 315EC5B6 		.ascii	"1^\305\266xe.W-\306Pes\346\373\023/9{\225\372\326\037"
 344      78652E57 
 344      2DC65065 
 344      73E6FB13 
 344      2F397B95 
 345 0282 DD2BCF49 		.ascii	"\335+\317I\235b\202\027\357\023L\035/1\3434Y~\231\275"
ARM GAS  /tmp/ccL3xhvZ.s 			page 27


 345      9D628217 
 345      EF134C1D 
 345      2F31E334 
 345      597E99BD 
 346 0296 A71F9E61 		.ascii	"\247\037\236a!7\260m\240\\\356\250\342\271\264`;S\035"
 346      2137B06D 
 346      A05CEEA8 
 346      E2B9B460 
 346      3B531D
 347 02a9 A3D35E8E 		.ascii	"\243\323^\216\207}\217\206F'\307\215,\276M\241ZEG\307"
 347      877D8F86 
 347      4627C78D 
 347      2CBE4DA1 
 347      5A4547C7 
 348 02bd 2F999CE6 		.ascii	"/\231\234\346\013\211\331\271*\253\217u\233\274\177"
 348      0B89D9B9 
 348      2AAB8F75 
 348      9BBC7F
 349 02cc 01B37884 		.ascii	"\001\263x\204\222\312\273\000\316\240\305\324\205\327"
 349      92CABB00 
 349      CEA0C5D4 
 349      85D7
 350 02da 3B3DCCBC 		.ascii	";=\314\274\234\326p\323\256&\035\370U%m\366\021\006"
 350      9CD670D3 
 350      AE261DF8 
 350      55256DF6 
 350      1106
 351 02ec 7FAD78D1 		.ascii	"\177\255x\321\341\235E\213T2u\252|c\301\353p\377\017"
 351      E19D458B 
 351      543275AA 
 351      7C63C1EB 
 351      70FF0F
 352 02ff 8DD98799 		.ascii	"\215\331\207\231\354\312\012\221\3370\231\335\213\323"
 352      ECCA0A91 
 352      DF3099DD 
 352      8BD3
 353 030d 763395F3 		.ascii	"v3\225\363*)j4e\217(s#\352\346\334;\203\207\364\024"
 353      2A296A34 
 353      658F2873 
 353      23EAE6DC 
 353      3B8387F4 
 354 0322 9D9BF3F3 		.ascii	"\235\233\363\363\201\356\240}\237\2354/\365\3740\\u"
 354      81EEA07D 
 354      9F9D342F 
 354      F5FC305C 
 354      75
 355 0333 37A84515 		.ascii	"7\250E\025\324oUP\335\251\374\316N\345\325\336}\003"
 355      D46F5550 
 355      DDA9FCCE 
 355      4EE5D5DE 
 355      7D03
 356 0345 EBD51600 		.ascii	"\353\325\026\0007i\330\265?\300\273\253\026&\351\344"
 356      3769D8B5 
 356      3FC0BBAB 
 356      1626E9E4 
 357 0355 74E3A9C6 		.ascii	"t\343\251\306\254\257\267\354O$n\305Z\254x,h\005\233"
 357      ACAFB7EC 
ARM GAS  /tmp/ccL3xhvZ.s 			page 28


 357      4F246EC5 
 357      5AAC782C 
 357      68059B
 358 0368 C2A17034 		.ascii	"\302\241p4\022i\216\327\007A\013G\365\310\326W\243\217"
 358      12698ED7 
 358      07410B47 
 358      F5C8D657 
 358      A38F
 359 037a B980DBB6 		.ascii	"\271\200\333\266\007\233[_\011\0218\276+^\337\004\236"
 359      079B5B5F 
 359      091138BE 
 359      2B5EDF04 
 359      9E
 360 038b 1D5B9A5B 		.ascii	"\035[\232[Cu.T4\022k\211[\317mn\330\324\260\223\240"
 360      43752E54 
 360      34126B89 
 360      5BCF6D6E 
 360      D8D4B093 
 361 03a0 C1482CF4 		.ascii	"\301H,\364\362\216\247\303\204\337\260\034\031\332\331"
 361      F28EA7C3 
 361      84DFB01C 
 361      19DAD9
 362 03af 626D6A68 		.ascii	"bmjh|\241\361_ZF\006\303\317\267n\017\022xMC\343fs\353"
 362      7CA1F15F 
 362      5A4606C3 
 362      CFB76E0F 
 362      12784D43 
 363 03c7 9678281A 		.ascii	"\226x(\032\333\266\301\364o\004-\006^\022\031\211\355"
 363      DBB6C1F4 
 363      6F042D06 
 363      5E121989 
 363      ED
 364 03d8 02116D8A 		.ascii	"\002\021m\212\376\003\263]\021\200"
 364      FE03B35D 
 364      1180
 365              		.text
 366              		.section	.gnu.lto_.symbol_nodes.e4731d6591856704,"",%progbits
 367 0000 789C55C8 		.ascii	"x\234U\310-\026@P\024E\341s\334\307h\014\202\221\335"
 367      2D164050 
 367      1445E173 
 367      DCC7680C 
 367      8291DD
 368 0013 172C5950 		.ascii	"\027,YP\014\300 h^\321\314\302o\023\025\313\013\312"
 368      0CC02068 
 368      5ED1CCC2 
 368      6F1315CB 
 368      0BCA
 369 0025 0D3BEC2F 		.ascii	"\015;\354/\003\320\305\220\334T\240Y\000\005\207j\362"
 369      03D0C590 
 369      DC54A059 
 369      0005876A 
 369      F2
 370 0036 45B495CA 		.ascii	"E\264\225\312\3370\3722\312FM\254\354T\261rP\235\225"
 370      DF30FA32 
 370      CA464DAC 
 370      EC54B172 
 370      509D95
ARM GAS  /tmp/ccL3xhvZ.s 			page 29


 371 0049 939A5AB9 		.ascii	"\223\232Z\271\250\231\021\007\264\375K\210\000\341\311"
 371      A8991107 
 371      B4FD4B88 
 371      00E1C9
 372 0058 257EA867 		.ascii	"%~\250g\301\007\351\017)\217"
 372      C107E90F 
 372      298F
 373              		.text
 374              		.section	.gnu.lto_.refs.e4731d6591856704,"",%progbits
 375 0000 789C6363 		.ascii	"x\234cc```\004b\006\000\000D\000\010"
 375      60606004 
 375      62060000 
 375      440008
 376              		.text
 377              		.section	.gnu.lto_.decls.e4731d6591856704,"",%progbits
 378 0000 789CBD57 		.ascii	"x\234\275WkP\024W\026\356\333=\3000\314\200Ak\327\255"
 378      6B501457 
 378      16EEDB3D 
 378      C030CC80 
 378      416BD7AD 
 379 0014 622B9621 		.ascii	"b+\226!\025\222\012\014\032\243\251\255\375\0217\217"
 379      15920A0C 
 379      1AA3A9AD 
 379      FD11378F 
 380 0024 8DBB7137 		.ascii	"\215\273q7\025\223\037\251\332\332\3118L\002\0110\354"
 380      15931FA9 
 380      DADAC938 
 380      4C020930 
 380      EC
 381 0035 CC908DBB 		.ascii	"\314\220\215\273?\266\001E\014h@\021yEP\010\212<\002"
 381      3FB60145 
 381      0C684011 
 381      79455008 
 381      8A3C02
 382 0048 8A280FC3 		.ascii	"\212(\017\303K\005E\036\202\212(\257(\022\202.\017_"
 382      4B05451E 
 382      828A28AF 
 382      2812822E 
 382      0F5F
 383 005a 882461CF 		.ascii	"\210$a\317}\364LO\2331U[\265\333\305\245\373\336>\347"
 383      7DF44C4F 
 383      9B31555B 
 383      B5DBC5A5 
 383      FBDE3EE7 
 384 006e 3BDF39E7 		.ascii	";\3379\347\336\323g<9\216[\352\317q\013\002\307-\201"
 384      DED3673C 
 384      398E5BEA 
 384      CF710B02 
 384      C72D81
 385 0081 B100971A 		.ascii	"\261\000\227\032\326\232`\250`\\\206Q\017\243\013\206"
 385      D69A60A8 
 385      605C8651 
 385      0FA30B86 
 386 0091 81A39717 		.ascii	"\201\243\227\027\214!\030\2430&`L\302\230\206q\017\306"
 386      8C2118A3 
 386      3026604C 
 386      C2988671 
ARM GAS  /tmp/ccL3xhvZ.s 			page 30


 386      0FC6
 387 00a3 2CF7E875 		.ascii	",\367\350u\002q\234\006\356`\206[\302p0\3569\030\357"
 387      02719C06 
 387      EE60865B 
 387      C27030EE 
 387      3918EF
 388 00b6 C1E863F8 		.ascii	"\301\350c\370\330N;\014\036F7\214\0130\020\263\205\357"
 388      D84E3B0C 
 388      1E46378C 
 388      0B3010B3 
 388      85EF
 389 00c8 1EC815F7 		.ascii	"\036\310\025\367\014\3141\327\367e\330r\276\030\267"
 389      0CCC31D7 
 389      F765D872 
 389      BE18B7
 390 00d7 0506B8C5 		.ascii	"\005\006\270\305\3650\274n\2065\312\356:\005\346E\230"
 390      F530BC6E 
 390      8635CAEE 
 390      3A05E645 
 390      98
 391 00e8 FBFE04A6 		.ascii	"\373\376\004\246\201\341.A\2243\306\375%<\007\300\370"
 391      81E12E41 
 391      9433C6FD 
 391      253C07C0 
 391      F8
 392 00f9 35A2F1EA 		.ascii	"5\242\361\352c\334\233\231-o\026\237'\021\215\313r\270"
 392      63DC9B99 
 392      2D6F169F 
 392      27118DCB 
 392      72B8
 393 010b 07C2780E 		.ascii	"\007\302x\016\306\3630B\020\215\031\246\360\242\202"
 393      C6F33042 
 393      108D19A6 
 393      F0A282
 394 011a C720A2FA 		.ascii	"\307 \242\372\312\230\2650;\330\336j\220\031d6{\230"
 394      CA98B530 
 394      3BD8DE6A 
 394      90196436 
 394      7B98
 395 012c 5D9EE5C3 		.ascii	"]\236\345\303]\314\276\201\271\366'p\261_r\237\036g"
 395      5DCCBE81 
 395      B9F62770 
 395      B15F729F 
 395      1E67
 396 013e 03C77CDA 		.ascii	"\003\307|\332\215?\222m\345u\323M\256\014\012\237\344"
 396      8D3F926D 
 396      E575D34D 
 396      AE0C0A9F 
 396      E4
 397 014f 76307529 		.ascii	"v0u)>\277U\3701\005s\0377x\356|\221c\343=\374\270\234"
 397      3EBF55F8 
 397      3105731F 
 397      3778EE7C 
 397      9163E33D 
 398 0166 28AF7401 		.ascii	"(\257t\001\235\337\\\221+$\013\310_\203T0\235\351\310"
 398      9DDF5C91 
 398      2B240BC8 
ARM GAS  /tmp/ccL3xhvZ.s 			page 31


 398      5F835430 
 398      9DE9C8
 399 0179 BEEE0BD3 		.ascii	"\276\356\013\323%\032\264\014\246\331uw\317z\320\267"
 399      251AB40C 
 399      A6D97577 
 399      CF7AD0B7 
 400 0189 6A98E6CC 		.ascii	"j\230\346\314e\375E\340\021\326\033l+.\301z\357i\020"
 400      65FD45E0 
 400      11D61B6C 
 400      2B2EC17A 
 400      EF6910
 401 019c 3E5D7EB0 		.ascii	">]~\260\364\325\255\2329\035]\302\022\337\364e\357\363"
 401      F4D5AD9A 
 401      391D5DC2 
 401      12DFF465 
 401      EFF3
 402 01ae 109E20CF 		.ascii	"\020\236 \317UsU\363BH\251H/u\004\207j\220 Q(\234\233"
 402      557355F3 
 402      4248A948 
 402      2F750487 
 402      6A902051 
 403 01c5 3AA6157E 		.ascii	":\246\025~\203\005\371\216\356\331Z5\322\004%\211b\274"
 403      8305F98E 
 403      EED95A35 
 403      D2042589 
 403      62BC
 404 01d7 989F207A 		.ascii	"\230\237 z\277\301\241*\024\200\216\240\000\016\235"
 404      BFC1A12A 
 404      14808EA0 
 404      000E9D
 405 01e6 404118BC 		.ascii	"@A\030\274\026\205p\3508,\036\203\305\"\014\330\330"
 405      168570E8 
 405      382C1E83 
 405      C5220CD8 
 405      D8
 406 01f7 95B9BC6E 		.ascii	"\225\271\274nH\024\227\241z\244AuH 2\020\343\3674\324"
 406      481497A1 
 406      7AA44175 
 406      48203210 
 406      E3F734D4 
 407 020b 446BF389 		.ascii	"Dk\363\211=\276B+\"d\222\372\023z\265B\027\235d\356"
 407      3DBE422B 
 407      226492FA 
 407      137AB542 
 407      179D64EE 
 408 021f 2C052A7D 		.ascii	",\005*}d\242\352:;p\\\203\026\007j\203\3220,\330\027"
 408      64A2EA3A 
 408      3B705C83 
 408      16076A83 
 408      D2302CD8 
 409 0234 914A46A0 		.ascii	"\221JF\240\021\220\233\320b\214\216N\002\231f\024H\234"
 409      11909BD0 
 409      628C8E4E 
 409      02996614 
 409      489C
 410 0246 D88FD936 		.ascii	"\330\217\3316\016\327\007\036hM\024S\215\250\005iQ\003"
 410      0ED7071E 
ARM GAS  /tmp/ccL3xhvZ.s 			page 32


 410      684D1453 
 410      8DA80569 
 410      5103
 411 0258 937528EB 		.ascii	"\223u(\353\003\200\320\012\370\307}\346p\316E\202\303"
 411      0380D00A 
 411      F8C77DE6 
 411      70CE4582 
 411      C3
 412 0269 7A188EFA 		.ascii	"z\030\216\372tz\253\000\241\302\022\034s\207\305k~<"
 412      747AAB00 
 412      A1C2121C 
 412      7387C56B 
 412      7E3C
 413 027b BD1FD1A4 		.ascii	"\275\037\321\244ha\032_\327\237\346GS6\202_\037\276"
 413      68611A5F 
 413      D79FE647 
 413      5336825F 
 413      1FBE
 414 028d B4B9DE47 		.ascii	"\264\271\336GH\242i\312\035\335\276\303C\005{\204D&"
 414      48A269CA 
 414      1DDDBEC3 
 414      43057B84 
 414      4426
 415 029f 5A85D74E 		.ascii	"Z\205\327N-\3146\372Q}\036\246=\323\347\276\360\241"
 415      2DCC36FA 
 415      517D1EA6 
 415      3DD3E7BE 
 415      F0A1
 416 02b1 FA8B7036 		.ascii	"\372\213p6r\276hP/\315\300\024R\023\304E<2h\321Y`x\206"
 416      72BE6850 
 416      2FCDC014 
 416      5213C445 
 416      3C3268D1 
 417 02c9 306C474B 		.ascii	"0lGK\341\177\033RQ*%\227\333.h\2652\177\340\275\314"
 417      E17F1B52 
 417      512A2597 
 417      DB2E68B5 
 417      327FE0BD 
 418 02de 9F731007 		.ascii	"\237s\020\007J\035d\217\014\355h\321\011\351\204\027"
 418      4A1D648F 
 418      0CED68D1 
 418      09E98417 
 419 02ee BFF3C7F8 		.ascii	"\277\363\307\370c\236(H\313\322w\356\245\214-\242\310"
 419      639E2848 
 419      CBD277EE 
 419      A58C2DA2 
 419      C8
 420 02ff A32E50E8 		.ascii	"\243.P\350p\246\357\034\211\207\033x\324\011\031\220"
 420      70A6EF1C 
 420      89871B78 
 420      D4091990 
 421 030f 5BF0C81B 		.ascii	"[\360\310\033\332[\350\207\002\027\007\006\005J\031"
 421      DA5BE887 
 421      02170706 
 421      054A19
 422 031e 09CDBC3D 		.ascii	"\011\315\274=.\212;\265\004\271\025\220\317\313Sr\024"
 422      2E8A3BB5 
ARM GAS  /tmp/ccL3xhvZ.s 			page 33


 422      04B91590 
 422      CFCB5372 
 422      14
 423 032f 39724212 		.ascii	"9rB\022\236*\322\204\237\006\201S\344\335y\226\355^"
 423      9E2AD284 
 423      9F068153 
 423      E4DD7996 
 423      ED5E
 424 0341 B0D58302 		.ascii	"\260\325\203\002\321\005\030\335.Y\357\314\\R\220 \266"
 424      D10518DD 
 424      2E59EFCC 
 424      5C529020 
 424      B6
 425 0352 8592A47F 		.ascii	"\205\222\244\177\255\264\340L:Kj\246\177\034\330\300"
 425      ADB4E04C 
 425      3A4B6AA6 
 425      7F1CD8C0 
 426 0362 42F2AC52 		.ascii	"B\362\254R\250K\231\376\024\012\347\252\372'\241\252"
 426      A84B99FE 
 426      140AE7AA 
 426      FA27A1AA 
 427 0372 302B1CCD 		.ascii	"0+\034\315\236\214S%^\302)\032\315\311\375\017v\370"
 427      9E8C5325 
 427      5EC2291A 
 427      CDC9FD0F 
 427      76F8
 428 0384 A1A0C5D4 		.ascii	"\241\240\305\324\306\375LO\274q\372@\371\2423\226\330"
 428      C6FD4C4F 
 428      BC71FA40 
 428      F9A23396 
 428      D8
 429 0395 A21B37D1 		.ascii	"\242\0337\321%\360\356q\236\202\275}?\026m\363\222g"
 429      25F0EE71 
 429      9E82BD7D 
 429      3F166DF3 
 429      9267
 430 03a7 BACF65E7 		.ascii	"\272\317e\347^\246;\027\337A\270\266\351D\203\3170\032"
 430      5EA63B17 
 430      DF41B8B6 
 430      E94483CF 
 430      301A
 431 03b9 4478E32D 		.ascii	"Dx\343-\"\020\010\321\377p\307\203\314\027\244\013\321"
 431      221008D1 
 431      FF70C783 
 431      CC17A40B 
 431      D1
 432 03ca 7558E5E9 		.ascii	"uX\345\351\215\211\342\211\244\202\034+<\303\340%\\"
 432      8D89E289 
 432      A4821C2B 
 432      3CC3E025 
 432      5C
 433 03db F2C70090 		.ascii	"\362\307\000\220\034\225\276\247\346\244\213\226^\372"
 433      1C95BEA7 
 433      E6A48B96 
 433      5EFA
 434 03e9 20D3A34B 		.ascii	" \323\243K\274\323\230L\345\021\256\234\343\265\203"
 434      BCD3984C 
ARM GAS  /tmp/ccL3xhvZ.s 			page 34


 434      E511AE9C 
 434      E3B583
 435 03f8 94D349C4 		.ascii	"\224\323I\304\"v\361VJ\271v\004\015\301[\370\266\246"
 435      2276F156 
 435      4AB97604 
 435      0DC15BF8 
 435      B6A6
 436 040a AAA3C881 		.ascii	"\252\243\310\201\334\366\375\225K\202\320KO\347\324"
 436      DCF6FD95 
 436      4B82D04B 
 436      4FE7D4
 437 0419 60D60D35 		.ascii	"`\326\01559\235\0207v:\017\234\272\376\025\357\366\374"
 437      399D1037 
 437      763A0F9C 
 437      BAFE15EF 
 437      F6FC
 438 042b 0D92F337 		.ascii	"\015\222\3637 \235\277\243)c\317.\317\027\033G\304\306"
 438      209DBFA3 
 438      2963CF2E 
 438      CF171B47 
 438      C4C6
 439 043d 85816579 		.ascii	"\205\201ey\235\211I\335\240\367>\221CW\235\311\277\212"
 439      9D8949DD 
 439      A0F73E91 
 439      43579DC9 
 439      BF8A
 440 044f AB2DBA82 		.ascii	"\253-\272\202F\020\352G\303\300h\010-\007\365\037\252"
 440      4610EA47 
 440      C3C06808 
 440      2D07F51F 
 440      AA
 441 0460 EBC38524 		.ascii	"\353\303\205$\201p\331\232V>\252!\\\272\034\\\016U7"
 441      8170D99A 
 441      563EAA21 
 441      5CBA1C5C 
 441      0E5537
 442 0473 3CF07654 		.ascii	"<\360vT\217\021D\026\257]\254\317\3269H\177C\027O\366"
 442      8F114416 
 442      AF5DACCF 
 442      D639487F 
 442      43174FF6 
 443 0487 1DBBE6C2 		.ascii	"\035\273\346\302\372\375_\310X_'\254\257I\254\373vw"
 443      FAFD5FC8 
 443      585F27AC 
 443      AF49ACFB 
 443      7677
 444 0499 7CEE05B4 		.ascii	"|\356\005\264\363\201\366P\2266[l\214\027\361\351\007"
 444      F381F650 
 444      96365B6C 
 444      8C17F1E9 
 444      07
 445 04aa 3120E720 		.ascii	"1 \347 =\254$=JH\337-\314<\251\021\262\004\267\365\255"
 445      3DAC243D 
 445      4A48DF2D 
 445      CC3CA911 
 445      B204B7F5 
 446 04bf A56CBE51 		.ascii	"\245l\276Q k\020\2721\312\357N\317\3212O\007\351o\351"
ARM GAS  /tmp/ccL3xhvZ.s 			page 35


 446      206B10BA 
 446      31CAEF4E 
 446      CFD1324F 
 446      07E96FE9 
 447 04d3 624DD291 		.ascii	"bM\322\221\355\236nI\177GH\217K\244\213\246n\376\201"
 447      ED9E6E49 
 447      7F47488F 
 447      4BA48BA6 
 447      6EFE81
 448 04e6 713E1BE0 		.ascii	"q>\033\340\240\014B\350\206\223\362\015%\345\011B\371"
 448      A00C42E8 
 448      8693F20D 
 448      25E50942 
 448      F9
 449 04f7 7ADFB571 		.ascii	"z\337\265q\235P,\374\227I\3777ar\313\301\244\342\364"
 449      9D502CFC 
 449      9749FF37 
 449      6172CBC1 
 449      A4E2F4
 450 050a ABC06404 		.ascii	"\253\300d\004\230\234\316\363\245T\342x,\205n:\251\334"
 450      989CCEF3 
 450      A554E278 
 450      2C856E3A 
 450      A9DC
 451 051c 54529924 		.ascii	"TR\231$T\232\356m\333\256\021\252)\225\205\371\326\024"
 451      549AEE6D 
 451      DBAE11AA 
 451      299585F9 
 451      D614
 452 052e 15736AE2 		.ascii	"\025sj\3429\207S\030i\312\2114\245D\232&H3\265Ew\004"
 452      39875318 
 452      69CA8934 
 452      A5449A26 
 452      4833B545 
 453 0544 A1992295 		.ascii	"\241\231\"\225\227\316Wh\244\230S\237\032\367\246\266"
 453      97CE5768 
 453      A498539F 
 453      1AF7A6B6 
 454 0554 FB39FCBC 		.ascii	"\3739\374\274MC>9\224\234\250v\033\362\273\304\321;"
 454      4D433E39 
 454      949CA876 
 454      1BF2BBC4 
 454      D13B
 455 0566 92A3E3C7 		.ascii	"\222\243\343\307\217%\252\231\247CeZ\207\247 \206f\234"
 455      8F25AA99 
 455      A743655A 
 455      87A72086 
 455      669C
 456 0578 FC6694FC 		.ascii	"\374f\224\374\356\021~\273\212\033RTB'\345W\271\257"
 456      EE117EBB 
 456      8A1B5254 
 456      4227E557 
 456      B9AF
 457 058a FD076F06 		.ascii	"\375\007o\006u\366%\027\244\373N\244\373J\244Y\202T"
 457      75F62517 
 457      A4FB4EA4 
 457      FB4AA459 
ARM GAS  /tmp/ccL3xhvZ.s 			page 36


 457      8254
 458 059c 517C655A 		.ascii	"Q|eZ-\364S\244\202\211\232\026\326\022\351`:\260?\375"
 458      2DF453A4 
 458      82899A16 
 458      D612E960 
 458      3AB03FFD 
 459 05b0 4B15FD7A 		.ascii	"K\025\375z\216\223:\331q'C#|Ke\307j\323Oj4I\254\227"
 459      8E933AD9 
 459      71274323 
 459      7C4B65C7 
 459      6AD34F6A 
 460 05c8 80A2094A 		.ascii	"\200\242\011J\316\232\371=\202\356\004\312:\251\301"
 460      CE9AF93D 
 460      82EE04CA 
 460      3AA9C1
 461 05d7 B8603C38 		.ascii	"\270`<8\361P+L\023UUi\302\241i\025\012\012@ \2164ER"
 461      F1502B4C 
 461      13555569 
 461      C2A16915 
 461      0A0A4020 
 462 05ef E7C4A138 		.ascii	"\347\304\2418^\203~`\315\023\\\331\"\300O\377\013/\303"
 462      5E837E60 
 462      CD135CD9 
 462      22C04FFF 
 462      0B2FC3
 463 0602 B39ADC49 		.ascii	"\263\232\334I\363$\026\210\302R\016\275\020\200B\241"
 463      F3241688 
 463      C2520EBD 
 463      108042A1 
 464 0612 C2FF0855 		.ascii	"\302\377\010U\035\277\342\220\310\007\240\005jP\024"
 464      1DBFE290 
 464      C807A005 
 464      6A5014
 465 0621 BBA73CFC 		.ascii	"\273\247<\374S\331'\341eD\260\037\202\3019\302/\236"
 465      53D927E1 
 465      6544B01F 
 465      82C139C2 
 465      2F9E
 466 0633 F7975892 		.ascii	"\367\227X\222\020\346\266\315yk\030v\322\317a/\354\311"
 466      10E6B6CD 
 466      796B1876 
 466      D2CF612F 
 466      ECC9
 467 0645 9DF19263 		.ascii	"\235\361\222c'<\016\373N[S\035z\272@\354n\024\033\307"
 467      273C0EFB 
 467      4E5B531D 
 467      7ABA40EC 
 467      6E141BC7 
 468 0659 F23CE3F2 		.ascii	"\362<\343\362\033\343\226\241\315\274?\232\207\344\300"
 468      1BE396A1 
 468      CDBC3F9A 
 468      87E4C0
 469 0668 C695693E 		.ascii	"\306\225i>\200\225\277\362\034\332\302?\015\212\367"
 469      8095BFF2 
 469      1CDAC23F 
 469      0D8AF7
 470 0677 C72E6F13 		.ascii	"\307.o\023\204{4\334I\255C\027Yc\364\004LK;Z\007\004"
ARM GAS  /tmp/ccL3xhvZ.s 			page 37


 470      847B34DC 
 470      49AD4317 
 470      5963F404 
 470      4C4B3B5A 
 471 068d 9A9A2424 		.ascii	"\232\232$$kt\374i\243\223}\241\347>r\233\234\317x\226"
 471      6B74FC69 
 471      A3937DA1 
 471      E73E729B 
 471      9CCF7896 
 472 06a1 9C6D3CF1 		.ascii	"\234m<\361g\342\273b\2532TI\340\356V\036K'\023w\210"
 472      67E2BB62 
 472      AB325449 
 472      E0EE561E 
 472      4B271377 
 473 06b6 0E16DE9D 		.ascii	"\016\026\336\235\375\020V\024\316\273\225\356\037\033"
 473      FD105614 
 473      CEBB95EE 
 473      1F1B
 474 06c4 BDA665CE 		.ascii	"\275\246e\316O\374\212\372\236\302|\207\222'SL\344\251"
 474      4FFC8AFA 
 474      9EC27C87 
 474      9227534C 
 474      E4A9
 475 06d6 EFDB89EF 		.ascii	"\357\333\211\357R\013\376\314\243-\3703\264\005\357"
 475      520BFECC 
 475      A32DF833 
 475      B405EF
 476 06e5 F9FC76A1 		.ascii	"\371\374v\241\227\220\240\"M\302p\377\374\200\257\273"
 476      9790A022 
 476      4DC270FF 
 476      FC80AFBB 
 477 06f5 D67A271F 		.ascii	"\326z'\037\204\225Hk\3759\330\333\301K\255\365\354\266"
 477      8495486B 
 477      FD39D8DB 
 477      C14BADF5 
 477      ECB6
 478 0707 A7F20A76 		.ascii	"\247\362\012v\210\242\012\245\201\023\251\274\343\260"
 478      88A20AA5 
 478      8113A9BC 
 478      E3B0
 479 0715 3CC3E817 		.ascii	"<\303\350\027\027\246\355\367\0242<\210\221\272\234"
 479      17A6EDF7 
 479      14323C88 
 479      91BA9C
 480 0724 1BD093B8 		.ascii	"\033\320\223\2701\262\333\255\221\205\222\247\306/\343"
 480      31B2DBAD 
 480      918592A7 
 480      C62FE3
 481 0733 FE3D1D6C 		.ascii	"\376=\035l\354r\332H#1\302\253`(m\372\366.O\267\011"
 481      EC72DA48 
 481      2331C2AB 
 481      60286DFA 
 481      F62E4FB7 
 482 0748 CB901216 		.ascii	"\313\220\022\026J\362\025_79\257R&\314Yi\366\220\024"
 482      4AF2155F 
 482      3739AF52 
 482      26CC5969 
ARM GAS  /tmp/ccL3xhvZ.s 			page 38


 482      F69014
 483 075b 64507898 		.ascii	"dPx\230\200\306\350|Y\255/\335\036\2360m8\007m\264["
 483      80C6E87C 
 483      59AD2FDD 
 483      1E9E306D 
 483      38076DB4 
 484 0770 6B5992B5 		.ascii	"kY\222\265L\272=\356~\266e\226\375\214\362\202\351\301"
 484      4CBA3DEE 
 484      7EB66596 
 484      FD8CF282 
 484      E9C1
 485 0782 B1DC1D5A 		.ascii	"\261\334\035Z\272\365^\302m\362\265\364v\244$\223\003"
 485      BAF55EC2 
 485      6DF2B5F4 
 485      76A42493 
 485      03
 486 0793 11C82669 		.ascii	"\021\310&i\315%d\262(\231\\Bf.\273\356\204\207\274\335"
 486      CD2564B2 
 486      28995C42 
 486      662EBBEE 
 486      8487BCDD 
 487 07a7 C2DDA5D3 		.ascii	"\302\335\245\323\374\027<m\267\340\216\177\303\214\227"
 487      FC173C6D 
 487      B7E08E7F 
 487      C38C97
 488 07b6 EB841C4F 		.ascii	"\353\204\034O\222\362\266\271]gT\254%\270Z\037X\\%\212"
 488      92F2B6B9 
 488      5D6754AC 
 488      25B85A1F 
 488      585C258A 
 489 07ca D05937AB 		.ascii	"\320Y7\253H\251"
 489      48A9
 490 07d0 DBEB8C2C 		.ascii	"\333\353\214,<\272\226\272<\036\227\272\356\311\272"
 490      3CBA96BA 
 490      3C1E97BA 
 490      EEC9BA
 491 07df 141FE14B 		.ascii	"\024\037\341K\212U\232\262\220\356\341\266X\357\343"
 491      8A559AB2 
 491      90EEE1B6 
 491      58EFE3
 492 07ee 71B18E66 		.ascii	"q\261\216f\265\272!\245\260G\303\354\266w\012\235\355"
 492      B5BA21A5 
 492      B047C3EC 
 492      B6770A9D 
 492      ED
 493 07ff 8922B422 		.ascii	"\211\"\264\"\371o\0209\224\3574\234\2574\274\237\030"
 493      F96F1039 
 493      94EF349C 
 493      AF34BC9F 
 493      18
 494 0810 1EC9FB76 		.ascii	"\036\311\373v\227N8O\015g\235\231\250\224\300n^\025"
 494      974E384F 
 494      0D679D99 
 494      A894C06E 
 494      5E15
 495 0822 B2BB5CC0 		.ascii	"\262\273\\\300\012\234`\005J\260B\002\3267\326\034&"
 495      0A9C6005 
ARM GAS  /tmp/ccL3xhvZ.s 			page 39


 495      4AB04202 
 495      D637D61C 
 495      26
 496 0833 6CF52258 		.ascii	"l\365\"X\207\312\366V\370\012\273\351$\271\271%\027"
 496      87CAF656 
 496      F80ABBE9 
 496      24B9B925 
 496      17
 497 0844 B701A808 		.ascii	"\267\001\250\010+\222_\206\007\2176!\362\225\302[\217"
 497      2B925F86 
 497      078F3621 
 497      F295C25B 
 497      8F
 498 0855 7EB9F6F4 		.ascii	"~\271\366\364\356\257\325\271\365\273\230\370}\220g"
 498      EEAFD5B9 
 498      F5BB98F8 
 498      7D9067
 499 0864 8EE7CC34 		.ascii	"\216\347\3144dy3\256\303\267\204\266\312\321\3368q\311"
 499      647933AE 
 499      C3B784B6 
 499      CAD1DE38 
 499      71C9
 500 0876 E667B11C 		.ascii	"\346g\261\034\372R\242\212\016\360*<se{\210\260M\331"
 500      FA52A28A 
 500      0EF02A3C 
 500      73657B88 
 500      B04DD9
 501 0889 7228CE4B 		.ascii	"r(\316K\350\246\014\007\216T\265\3731\270\256N\2416"
 501      E8A60C07 
 501      8E54B5FB 
 501      31B8AE4E 
 501      A136
 502 089b 3979BB98 		.ascii	"9y\273\230\037'\276\374\006q\275\304\351z\211\022\254"
 502      1F27BEFC 
 502      0671BDC4 
 502      E97A8912 
 502      AC
 503 08ac 948015CD 		.ascii	"\224\200\025\315>H\366\025\256P\260\231\331\303\336"
 503      3E48F615 
 503      AE50B099 
 503      D9C3DE
 504 08bb CE307EDF 		.ascii	"\3160~\337\341\022\3062'V\231\022\253\234`\345l\035"
 504      E112C632 
 504      27569912 
 504      AB9C60E5 
 504      6C1D
 505 08cd 5840C228 		.ascii	"X@\302(\305\252\036;sZC\267\264\210\253i\371\355\273"
 505      C5AA1E3B 
 505      735A43B7 
 505      B488AB69 
 505      F9EDBB
 506 08e0 E59E74C7 		.ascii	"\345\236t\307\343\312\2236\330\364P\347\366\270\034"
 506      E3CA9336 
 506      D8F450E7 
 506      F6B81C
 507 08ef 968E4B25 		.ascii	"\226\216K%=.\361\011\347\017\373*\017D\005O\253-\207"
 507      3D2EF109 
ARM GAS  /tmp/ccL3xhvZ.s 			page 40


 507      E70FFB2A 
 507      0F44054F 
 507      AB2D87
 508 0902 8E900371 		.ascii	"\216\220\003qX*\220\225\017\026\356x(\313\251[\351\341"
 508      582A9095 
 508      0F16EE78 
 508      28CBA95B 
 508      E9E1
 509 0914 E47D953E 		.ascii	"\344}\225>\254\234.\014<\237[$&U\300\207\261\212UT\350"
 509      AC9C2E0C 
 509      3C9F5B24 
 509      2655C087 
 509      B18A5554 
 510 0929 C864BA5F 		.ascii	"\310d\272_\261\212z\224T\324\271\336=\271\202\374\324"
 510      B18A7A94 
 510      54D4B9DE 
 510      3DB982FC 
 510      D4
 511 093a 0DBAFC9C 		.ascii	"\015\272\374\234\255f\247\256\232\234:\261\346z\207"
 511      AD66A7AE 
 511      9A9C3AB1 
 511      E67A87
 512 0949 4EB84DA3 		.ascii	"N\270M\243\323\327\277\271\206}z|`\232P\372u\265\207"
 512      D3D7BFB9 
 512      867D7A7C 
 512      609A50FA 
 512      75B587
 513 095c DB68D448 		.ascii	"\333h\324H\3218N\2431y\253\250\344\221\357\260\3637"
 513      D1384EA3 
 513      3179ABA8 
 513      E491EFB0 
 513      F337
 514 096e 682DF1AF 		.ascii	"h-\361\257F\362\257\372t\326=\2152\032n\245o\036\352"
 514      46F2AFFA 
 514      74D63D8D 
 514      321A6EA5 
 514      6F1EEA
 515 0981 ADD4B068 		.ascii	"\255\324\260h<\014\246\037\227:\026\012\350\223d\212"
 515      3C0CA61F 
 515      973A160A 
 515      E893648A 
 516 0991 C75828EA 		.ascii	"\307X(\352\371\2479\337\250\030\203e\343Gf\223\335`"
 516      F9A739DF 
 516      A8188365 
 516      E3476693 
 516      DD60
 517 09a3 8BF887F9 		.ascii	"\213\370\207\371\311\220\020=\375\263\330\364V\273\336"
 517      C990103D 
 517      FDB3D8F4 
 517      56BBDE
 518 09b2 6635E94D 		.ascii	"f5\351M\341Q\346\250\030\213%\322\026bR\377\376O\357"
 518      E151E6A8 
 518      188B25D2 
 518      166252FF 
 518      FE4FEF
 519 09c5 2E7B65C5 		.ascii	".{e\305\012\316\023K\033\354\233\221>\334\022e\326\033"
 519      0ACE134B 
ARM GAS  /tmp/ccL3xhvZ.s 			page 41


 519      1BEC9B91 
 519      3EDC1265 
 519      D61B
 520 09d7 4D367370 		.ascii	"M6sp\244q\243\376U\213)6\312\034m\267\351\3371\033\243"
 520      A471A3FE 
 520      558B2936 
 520      CA1C6DB7 
 520      E9DF311B 
 521 09ec FEA87FCD 		.ascii	"\376\250\177\315\024\031\021c3\033\314\3011\261\246"
 521      14191163 
 521      331BCCC1 
 521      31B1A6
 522 09fb 8F57EADF 		.ascii	"\217W\352\337\3018\372\017M\246`\2435*8\332\022m\016"
 522      C138FA0F 
 522      4DA660A3 
 522      352A38DA 
 522      126D0E
 523 0a0e 361B3746 		.ascii	"6\0337F\004\257\011^\031\272bM\360\337V\005G\031?\262"
 523      04AF095E 
 523      19BA624D 
 523      F0DF5605 
 523      47193FB2 
 524 0a22 58F59111 		.ascii	"X\365\221\021\033\261\224\336EJ\277&de\310\012}D\264"
 524      1BB194DE 
 524      454ABF26 
 524      6465C80A 
 524      7D44B4
 525 0a35 293236CC 		.ascii	")26\314\254\267\331\303\302\314\037\204\204s^\340D\264"
 525      ACB7D9C3 
 525      C2CC1F84 
 525      84735EE0 
 525      44B4
 526 0a47 F953BB57 		.ascii	"\371S\273WL8\271\373`\266\206p\2631\314l\015Tx$)\313"
 526      4C38B9FB 
 526      60B68670 
 526      B331CC6C 
 526      0D547824 
 527 0a5d BC0AE77C 		.ascii	"\274\012\347|\000 \306j\371$\002\024\264\260\376\241"
 527      0020C66A 
 527      F9240214 
 527      B4B0FEA1 
 528 0a6d D9FE416C 		.ascii	"\331\376Al\264\311`\177\352q\332&\213\325\014\312:x"
 528      B4C9607F 
 528      EA71DA26 
 528      8BD50CCA 
 528      3A78
 529 0a7f B4583719 		.ascii	"\264X7\031\210Q\373bS\370[\360\26062\322bZ\027\022c"
 529      8851FB62 
 529      53F85BF0 
 529      B03632D2 
 529      625A1712 
 530 0a94 B4DA4342 		.ascii	"\264\332CB\227\375LT\271ET\351\317$\021\353\242#\354"
 530      97FD4C54 
 530      B94554E9 
 530      CF2411EB 
 530      A223EC
 531 0aa7 7E74E14D 		.ascii	"~t\341M\2131l\255\325j\334\244\225\243\372\310&\354"
ARM GAS  /tmp/ccL3xhvZ.s 			page 42


 531      8B316CAD 
 531      D56ADCA4 
 531      95A3FAC8 
 531      26EC
 532 0ab9 F975ABD9 		.ascii	"\371u\253\331\274N\343|\326\031\014\304\001C\310\352"
 532      BC4EE37C 
 532      D6190CC4 
 532      0143C8EA 
 533 0ac9 175E5CA5 		.ascii	"\027^\\\245\226f*S\270\321*\177\267*Tc0\304FD\333_X"
 533      96662A53 
 533      B8D12A7F 
 533      B72A5463 
 533      30C44644 
 534 0ae0 69B027FE 		.ascii	"i\260'\376\257\222\351\232D)\206QFSxD\264Yo\200$\032"
 534      AF92E99A 
 534      44298651 
 534      46537844 
 534      B4596F80 
 535 0af6 6323ED06 		.ascii	"c#\355\006\373\246\0303\316\206Z\"\364\317\377+\037"
 535      FBA61833 
 535      CE865A22 
 535      F4CFFF2B 
 535      1F
 536 0b07 DB269BDE 		.ascii	"\333&\233\336\000{\012\214\003\011o\026\344\2600\010"
 536      007B0A8C 
 536      03096F16 
 536      E4B03008 
 537 0b17 F1864DB6 		.ascii	"\361\206M\266w\243!\332\037+\317\207s?\2006\336H1\026"
 537      77A321DA 
 537      1F2BCF87 
 537      733F8036 
 537      DE483116 
 538 0b2b ABDD104B 		.ascii	"\253\335\020Kd\237U\310\342W6\375\332\267\327\277\262"
 538      649F55C8 
 538      E25736FD 
 538      DAB7D7BF 
 538      B2
 539 0b3c FE5350C0 		.ascii	"\376SP\300\273\307\360\311\232(\274\203\014\006\233"
 539      BBC7F0C9 
 539      9A28BC83 
 539      0C069B
 540 0b4b D96EF8DD 		.ascii	"\331n\370\335\332\015\257\275\365\366:\2351\362\357"
 540      DA0DAFBD 
 540      F5F63A9D 
 540      31F2EF
 541 0b5a C64D3643 		.ascii	"\306M6CDt$\204\347y9\012\354m\375+\3537\254\333\340"
 541      44742484 
 541      E779390A 
 541      EC6DFD2B 
 541      EB37ACDB 
 542 0b6f 348C514C 		.ascii	"4\214QLQ\257CB)i\240\372&\030\367&D0\015\227t\257\226"
 542      51AF4342 
 542      2969A0FA 
 542      2618F726 
 542      44300D97 
 543 0b86 CF56AFFA 		.ascii	"\317V\257\372\017}\037\311\342"
 543      0F7D1FC9 
ARM GAS  /tmp/ccL3xhvZ.s 			page 43


 543      E2
 544              		.text
 545              		.section	.gnu.lto_.symtab.e4731d6591856704,"",%progbits
 546 0000 6368506F 		.ascii	"chPoolObjectInit\000"
 546      6F6C4F62 
 546      6A656374 
 546      496E6974 
 546      00
 547 0011 00       		.ascii	"\000"
 548 0012 00       		.ascii	"\000"
 549 0013 00       		.ascii	"\000"
 550 0014 00000000 		.ascii	"\000\000\000\000\000\000\000\000"
 550      00000000 
 551 001c E4000000 		.ascii	"\344\000\000\000"
 552 0020 6368506F 		.ascii	"chPoolLoadArray\000"
 552      6F6C4C6F 
 552      61644172 
 552      72617900 
 553 0030 00       		.ascii	"\000"
 554 0031 00       		.ascii	"\000"
 555 0032 00       		.ascii	"\000"
 556 0033 00000000 		.ascii	"\000\000\000\000\000\000\000\000"
 556      00000000 
 557 003b EA000000 		.ascii	"\352\000\000\000"
 558 003f 6368506F 		.ascii	"chPoolAllocI\000"
 558      6F6C416C 
 558      6C6F6349 
 558      00
 559 004c 00       		.ascii	"\000"
 560 004d 00       		.ascii	"\000"
 561 004e 00       		.ascii	"\000"
 562 004f 00000000 		.ascii	"\000\000\000\000\000\000\000\000"
 562      00000000 
 563 0057 EE000000 		.ascii	"\356\000\000\000"
 564 005b 6368506F 		.ascii	"chPoolAlloc\000"
 564      6F6C416C 
 564      6C6F6300 
 565 0067 00       		.ascii	"\000"
 566 0068 00       		.ascii	"\000"
 567 0069 00       		.ascii	"\000"
 568 006a 00000000 		.ascii	"\000\000\000\000\000\000\000\000"
 568      00000000 
 569 0072 F0000000 		.ascii	"\360\000\000\000"
 570 0076 6368506F 		.ascii	"chPoolFreeI\000"
 570      6F6C4672 
 570      65654900 
 571 0082 00       		.ascii	"\000"
 572 0083 00       		.ascii	"\000"
 573 0084 00       		.ascii	"\000"
 574 0085 00000000 		.ascii	"\000\000\000\000\000\000\000\000"
 574      00000000 
 575 008d F5000000 		.ascii	"\365\000\000\000"
 576 0091 6368506F 		.ascii	"chPoolFree\000"
 576      6F6C4672 
 576      656500
 577 009c 00       		.ascii	"\000"
 578 009d 00       		.ascii	"\000"
ARM GAS  /tmp/ccL3xhvZ.s 			page 44


 579 009e 00       		.ascii	"\000"
 580 009f 00000000 		.ascii	"\000\000\000\000\000\000\000\000"
 580      00000000 
 581 00a7 F7000000 		.ascii	"\367\000\000\000"
 582              		.text
 583              		.section	.gnu.lto_.opts,"",%progbits
 584 0000 272D666D 		.ascii	"'-fmath-errno' '-fsigned-zeros' '-ftrapping-math' '"
 584      6174682D 
 584      6572726E 
 584      6F272027 
 584      2D667369 
 585 0033 2D666E6F 		.ascii	"-fno-trapv' '-fno-openmp' '-fno-openacc' '-mcpu=cor"
 585      2D747261 
 585      70762720 
 585      272D666E 
 585      6F2D6F70 
 586 0066 7465782D 		.ascii	"tex-m4' '-mno-thumb-interwork' '-mthumb' '-O2' '-fo"
 586      6D342720 
 586      272D6D6E 
 586      6F2D7468 
 586      756D622D 
 587 0099 6D69742D 		.ascii	"mit-frame-pointer' '-falign-functions=16' '-ffuncti"
 587      6672616D 
 587      652D706F 
 587      696E7465 
 587      72272027 
 588 00cc 6F6E2D73 		.ascii	"on-sections' '-fdata-sections' '-fno-common' '-flto"
 588      65637469 
 588      6F6E7327 
 588      20272D66 
 588      64617461 
 589 00ff 2700     		.ascii	"'\000"
 590              		.text
 591              		.comm	__gnu_lto_v1,1,1
 592              		.comm	__gnu_lto_slim,1,1
 593              		.ident	"GCC: (GNU Tools for Arm Embedded Processors 7-2017-q4-major) 7.2.1 20170904 (release) [ARM
ARM GAS  /tmp/ccL3xhvZ.s 			page 45


DEFINED SYMBOLS
                            *ABS*:0000000000000000 chmempools.c
                            *COM*:0000000000000001 __gnu_lto_v1
                            *COM*:0000000000000001 __gnu_lto_slim

NO UNDEFINED SYMBOLS
