ARM GAS  /tmp/ccH6Hz8p.s 			page 1


   1              		.cpu cortex-m3
   2              		.eabi_attribute 20, 1
   3              		.eabi_attribute 21, 1
   4              		.eabi_attribute 23, 3
   5              		.eabi_attribute 24, 1
   6              		.eabi_attribute 25, 1
   7              		.eabi_attribute 26, 1
   8              		.eabi_attribute 30, 2
   9              		.eabi_attribute 34, 1
  10              		.eabi_attribute 18, 4
  11              		.file	"board.c"
  12              		.section	.gnu.lto_.profile.81a71a5f722bce26,"",%progbits
  13 0000 789C6363 		.ascii	"x\234cc```\001bF\006>f\000\000\227\000\035"
  13      60606001 
  13      6246063E 
  13      66000097 
  13      001D
  14              		.text
  15              		.section	.gnu.lto_.icf.81a71a5f722bce26,"",%progbits
  16 0000 789C6363 		.ascii	"x\234cc``\020a@\000f\206\306\031\023623v-\331\376\235"
  16      60601061 
  16      40006686 
  16      C6191336 
  16      3233762D 
  17 0017 8FE9DDCB 		.ascii	"\217\351\335\313m'\230\031\000W\246\010\300"
  17      6D279819 
  17      0057A608 
  17      C0
  18              		.text
  19              		.section	.gnu.lto_.jmpfuncs.81a71a5f722bce26,"",%progbits
  20 0000 789C6363 		.ascii	"x\234cc``\340d@\000&\020\301\010\304\000\001\202\000"
  20      6060E064 
  20      40002610 
  20      C108C400 
  20      018200
  21 0013 13       		.ascii	"\023"
  22              		.text
  23              		.section	.gnu.lto_.inline.81a71a5f722bce26,"",%progbits
  24 0000 789C6363 		.ascii	"x\234cc``\320f@\000&\006\006\026\036F\020\305\300\266"
  24      6060D066 
  24      40002606 
  24      06161E46 
  24      10C5C0B6 
  25 0014 401E4431 		.ascii	"@\036D10r\201\010\006f&Ta\006\000-\266\001\351"
  25      30728108 
  25      06662654 
  25      6106002D 
  25      B601E9
  26              		.text
  27              		.section	.gnu.lto_.pureconst.81a71a5f722bce26,"",%progbits
  28 0000 789C6363 		.ascii	"x\234cc```\005b&\006\011F\006\000\000\334\000'"
  28      60606005 
  28      62260609 
  28      46060000 
  28      DC0027
  29              		.text
  30              		.section	.gnu.lto___early_init.81a71a5f722bce26,"",%progbits
ARM GAS  /tmp/ccH6Hz8p.s 			page 2


  31 0000 789C6363 		.ascii	"x\234cc``X\001\304\306@,\015\304\214\314\014\214L\023"
  31      60605801 
  31      C4C6402C 
  31      0DC48CCC 
  31      0C8C4C13 
  32 0014 CE313034 		.ascii	"\316104r012\202\030\015\034\214\014\365L\214\365\214"
  32      72303132 
  32      82180D1C 
  32      8C0CF54C 
  32      8CF58C
  33 0027 3DCC5398 		.ascii	"=\314S\230\031\017\265?\333\311\244\271\274\001\010"
  33      190FB53F 
  33      DBC9A4B9 
  33      BC0108
  34 0036 0E4CDF20 		.ascii	"\016L\337 \331\260\342\000\343\034f\006\206i@\014\002"
  34      D9B0E200 
  34      E31C6606 
  34      8669400C 
  34      02
  35 0047 8C9B1935 		.ascii	"\214\233\0315\031\200\312\036m\3747\225\227\215\005"
  35      1980CA1E 
  35      6DFC3795 
  35      978D05
  36 0056 22CEB885 		.ascii	"\"\316\270\205\221\215\201\021\310X\177\211\365@\303"
  36      918D8111 
  36      C8587F89 
  36      F540C3
  37 0065 BFFFED0D 		.ascii	"\277\377\355\015\007\316,f\334\316\012\224\353\000b"
  37      07CE2C66 
  37      DCCE0A94 
  37      EB0062
  38 0074 A0250D07 		.ascii	"\240%\015\007\030:\231\231@\254\346\003\014o\030\233"
  38      183A9999 
  38      40ACE603 
  38      0C6F189B 
  39 0084 17BC9602 		.ascii	"\027\274\226\002k\002\232\264s\347\233\333\354\365\177"
  39      6B029AB4 
  39      73E79BDB 
  39      ECF57F
  40 0093 1B38E630 		.ascii	"\0338\34603Nc\006\232\302\270\225\261\236a\016P\365"
  40      334E6306 
  40      9AC2B895 
  40      B19E610E 
  40      50F5
  41 00a5 3BC6A605 		.ascii	";\306\246\005\357\271\300\352@\240\003(\0114\200\211"
  41      EFB9C0EA 
  41      40A00328 
  41      09348089 
  42 00b5 81C1504F 		.ascii	"\201\301POO\037\202\362\213\3653\022s\364\223\362\023"
  42      4F1F82F2 
  42      8BF53312 
  42      73F493F2 
  42      13
  43 00c6 8B528AF5 		.ascii	"\213R\212\365\375}<}]#\342\203C|\215\215\342\003\014"
  43      FD7D3C7D 
  43      5D23E283 
  43      437C8D8D 
ARM GAS  /tmp/ccH6Hz8p.s 			page 3


  43      E2030C
  44 00d9 0D8C2112 		.ascii	"\015\214!\022z\311\014\000\"\011H\006"
  44      7AC90C00 
  44      22094806 
  45              		.text
  46              		.section	.gnu.lto_boardInit.81a71a5f722bce26,"",%progbits
  47 0000 789C6363 		.ascii	"x\234cc``\250\003bc \226\006bFf\006F\246\011\347\030"
  47      6060A803 
  47      62632096 
  47      06624666 
  47      0646A609 
  48 0016 181A3998 		.ascii	"\030\0329\230\030\031A\214\006\016F\206z&\306z\306\036"
  48      1819418C 
  48      060E4686 
  48      7A26C67A 
  48      C61E
  49 0028 E629CC8C 		.ascii	"\346)\314\214\207\332\237\355d\322\\\336\000\004\007"
  49      87DA9FED 
  49      64D25CDE 
  49      000407
  50 0037 A6FF936C 		.ascii	"\246\377\223lXq\200q\0163\003\3034 \006\001\306\315"
  50      58718071 
  50      0E3303C3 
  50      34200601 
  50      C6CD
  51 0049 8C9A0C40 		.ascii	"\214\232\014@e\2176\376\233\312\313\306\002\021g\334"
  51      658F36FE 
  51      9BCACBC6 
  51      021167DC 
  52 0059 C2C8C6C0 		.ascii	"\302\310\306\300\010d\254\277\304z\240\341\337\377\366"
  52      0864ACBF 
  52      C47AA0E1 
  52      DFFFF6
  53 0068 86035F16 		.ascii	"\206\003_\0261Ntcb`\350\000\312\003-i8\300\320\311\314"
  53      314E7463 
  53      6260E800 
  53      CA032D69 
  53      38C0D0C9 
  54 007d 0462351F 		.ascii	"\004b5\037`x\307\330\244\000\326\002\002\035\314\214"
  54      6078C7D8 
  54      A400D602 
  54      021DCC8C 
  55 008d 2061A052 		.ascii	" a\240RC==}\010\312/\326\317H\314\321O\312O,J)\326\367"
  55      433D3D7D 
  55      08CA2FD6 
  55      CF48CCD1 
  55      4FCA4F2C 
  56 00a5 F7F1F475 		.ascii	"\367\361\364u\215\210\017\016\36156\212\017040\206H"
  56      8D880F0E 
  56      F135368A 
  56      0F303430 
  56      8648
  57 00b7 E8253300 		.ascii	"\350%3\000\000\203\017:4"
  57      00830F3A 
  57      34
  58              		.text
  59              		.section	.gnu.lto_pal_default_config.81a71a5f722bce26,"",%progbits
ARM GAS  /tmp/ccH6Hz8p.s 			page 4


  60 0000 789C6363 		.ascii	"x\234cc``\230\305\310\300\000D`0\205\231\361\340\246"
  60      606098C5 
  60      C8C00044 
  60      60308599 
  60      F1E0A6
  61 0013 09AB98BB 		.ascii	"\011\253\230\273\231\347030vL\\t\204\003(t\367\304\312"
  61      99E73033 
  61      30764C5C 
  61      74840328 
  61      74F7C4CA 
  62 0027 D550A1FF 		.ascii	"\325P\241\377@\300\017\024\372r\377\332\015n\213m\015"
  62      40C00F14 
  62      FA72FFDA 
  62      0D6E8B6D 
  62      0D
  63 0038 1D0B1A0C 		.ascii	"\035\013\032\014\34603N\005Jma\224\231\312\314\310\270"
  63      E630334E 
  63      054A6D61 
  63      9499CACC 
  63      C8B8
  64 004a 19443181 		.ascii	"\031D1\201(\220i\177\246\274\336\304\001\321zd\002\304"
  64      2890697F 
  64      A6BCDEC4 
  64      01D17A64 
  64      02C4
  65 005c B48D9B67 		.ascii	"\264\215\233g\377g\304\252u\033\212\326\237\257\376"
  65      FF67C4AA 
  65      751B8AD6 
  65      9FAFFE
  66 006b BC61833A 		.ascii	"\274a\203:\344y\017X\353\343%\017&0\301\3346i\011\013"
  66      E4790F58 
  66      EBE3250F 
  66      2630C1DC 
  66      3669090B 
  67 007f 50E8F5CC 		.ascii	"P\350\365\314%\015\314XM\333\0111m\007\304\264}\233"
  67      250DCC58 
  67      4DDB0931 
  67      6D07C4B4 
  67      7D9B
  68 0091 BE4D6185 		.ascii	"\276Ma\205i}\264\224\033(4c\313\215]\354\370\374\260"
  68      697DB494 
  68      1B283463 
  68      CB8D5DEC 
  68      F8FCB0
  69 00a4 1BA2B575 		.ascii	"\033\242\265u\311\357C\2740\255\023\301\016\231\260"
  69      C9EF43BC 
  69      30AD13C1 
  69      0E99B0
  70 00b3 F9DB01A8 		.ascii	"\371\333\001\250i-\323\027\202\205\032\377\265\315\304"
  70      692DD317 
  70      82851AFF 
  70      B5CDC4
  71 00c2 EE907D10 		.ascii	"\356\220}\020\323\366BLk\177\271k\002\027D]\300\034"
  71      D3F6424C 
  71      6B7FB96B 
  71      0217445D 
  71      C01C
ARM GAS  /tmp/ccH6Hz8p.s 			page 5


  72 00d4 66A6A9CC 		.ascii	"f\246\251\314\314\214\373\031-\2462\2630\356\001Q\254"
  72      CC8CFB19 
  72      2DA632B3 
  72      30EE0151 
  72      AC
  73 00e5 8CBB4014 		.ascii	"\214\273@\024\033\343v\020\305\316\270\225\321\202\201"
  73      1BE37610 
  73      C5CEB895 
  73      D18281
  74 00f4 F1009000 		.ascii	"\361\000\220\000\000\304\\\210N"
  74      00C45C88 
  74      4E
  75              		.text
  76              		.section	.gnu.lto_.symbol_nodes.81a71a5f722bce26,"",%progbits
  77 0000 789C6363 		.ascii	"x\234cc``\360\000b\006\246\263\214\365\014\014\023\316"
  77      6060F000 
  77      6206A6B3 
  77      8CF50C0C 
  77      13CE
  78 0012 313000A9 		.ascii	"10\000\251]\015\216@\221s\214\365\214(\"\254g\030\031"
  78      5D0D8E40 
  78      91738CF5 
  78      8C2822AC 
  78      671819
  79 0025 1A95808A 		.ascii	"\032\225\200\212\031\3173\3263\201\245\030\030\032\032"
  79      19CF33D6 
  79      3381A518 
  79      181A1A
  80 0034 1C181898 		.ascii	"\034\030\030\230\201p\311\203\177\214\014\000\224X\021"
  80      8170C983 
  80      7F8C0C00 
  80      945811
  81 0043 8D       		.ascii	"\215"
  82              		.text
  83              		.section	.gnu.lto_.refs.81a71a5f722bce26,"",%progbits
  84 0000 789C6363 		.ascii	"x\234cc```\004b\006\000\000D\000\010"
  84      60606004 
  84      62060000 
  84      440008
  85              		.text
  86              		.section	.gnu.lto_.decls.81a71a5f722bce26,"",%progbits
  87 0000 789CBD55 		.ascii	"x\234\275UkLTG\024\276\347\016\254\260P\227@\323\320"
  87      6B4C5447 
  87      14BEE70E 
  87      ACB05097 
  87      40D3D0
  88 0013 C61F84AC 		.ascii	"\306\037\204\254q\377,\227\325&\376i\232X\261\326\024"
  88      71FF2C97 
  88      D526FE69 
  88      9A58B1D6 
  88      14
  89 0024 2B496DD2 		.ascii	"+Im\322\364G\327uYe\353\276\272\273\264\032\222\366"
  89      F447D775 
  89      5965EBBE 
  89      BABBB41A 
  89      92F6
  90 0036 22500935 		.ascii	"\"P\0115E+i\213\326\326\340+Z[i\224\252,\302\242\345"
ARM GAS  /tmp/ccH6Hz8p.s 			page 6


  90      452B698B 
  90      D6D6E02B 
  90      5A5B6994 
  90      AA2CC2A2 
  91 004b A1151FD4 		.ascii	"\241\025\037\324\027ty\370`]+ \245F+Z\351\231\231\013"
  91      177479F8 
  91      605D2B20 
  91      A5462B5A 
  91      E999990B 
  92 005f 774568EC 		.ascii	"wEh\354\237N\366\334\2313\363\315\367\2359g\356]\215"
  92      9F4EF6DC 
  92      9933F3CD 
  92      F79D3967 
  92      EE5D8D
  93 0072 2008E971 		.ascii	" \010\351q\202\340\026\005!\204\343Ql1\3307\012j#h\001"
  93      82E01605 
  93      2184E351 
  93      6C31D837 
  93      0A6A2368 
  94 0087 B4A3680D 		.ascii	"\264\243h\015h\2006(<\336>\004\216[\206v\033\255V\231"
  94      68803628 
  94      3CDE3E04 
  94      8E5B8676 
  94      1BAD5699 
  95 009b 1795BD0D 		.ascii	"\027\225\275\015\302\223\255\0008\3272\305\007Ecb\353"
  95      C293AD00 
  95      38D732C5 
  95      07456362 
  95      EB
  96 00ac 52B86709 		.ascii	"R\270g\011<\306\0014\014Y\270\210v\011\3552\332\015"
  96      3CC60134 
  96      0C59B888 
  96      7609ED32 
  96      DA0D
  97 00be B49B68D7 		.ascii	"\264\233h\327\320\256\243\365M\302C[\005\201\332\306"
  97      D0AEA3F5 
  97      4DC2435B 
  97      0581DAC6 
  98 00ce A30D093D 		.ascii	"\243\015\011=\320\005\030\033$qe\340O\354\2511\177t"
  98      D005181B 
  98      247165E0 
  98      4FECA931 
  98      7F74
  99 00e0 AC019FC7 		.ascii	"\254\001\237\307Y\221w\012\224:c[`|FT8\3041^\366S\010"
  99      5991770A 
  99      943A635B 
  99      607C4654 
  99      38C4315E 
 100 00f7 209A95AF 		.ascii	" \232\225\257s\271\261\306\263\300\007Q\373\370\224"
 100      73B9B1C6 
 100      B3C00751 
 100      FBF894
 101 0106 A88A456D 		.ascii	"\250\212Emy\"Va|y<(\365\220\240$\341X{aD\333\013\335"
 101      79225661 
 101      7C793C28 
 101      F590A024 
 101      E1587B61 
ARM GAS  /tmp/ccH6Hz8p.s 			page 7


 102 011e B8FA8E20 		.ascii	"\270\372\216 l\210s\002\235\375c\240\374\264\216\210"
 102      6C887302 
 102      9DFD63A0 
 102      FCB48E88 
 103 012e 6CDC3974 		.ascii	"l\3349t\342x<\321\261\361\255;\235U\220\261O\346-\256"
 103      E2783CD1 
 103      B1F1AD3B 
 103      9D5590B1 
 103      4FE62DAE 
 104 0142 9408F013 		.ascii	"\224\010\360\023\220\261\2046\215\336\013\352>%\220"
 104      90B18436 
 104      8DDE0BEA 
 104      3E2590
 105 0151 AC0511DD 		.ascii	"\254\005\021\335\366\241S[\023\320}V\013I\350\356[?"
 105      F6A1535B 
 105      13D07D56 
 105      0B49E8EE 
 105      5B3F
 106 0163 5A119BFA 		.ascii	"Z\021\233\372\005\335\270\241HN\022a\331sp\004f\300"
 106      05DDB8A1 
 106      484E1261 
 106      D9737004 
 106      66C0
 107 0175 619881E1 		.ascii	"a\230\201\341\324B*>]1\234\251\177\335\367\216\364m"
 107      D4422A3E 
 107      5D319CA9 
 107      7FDDF78E 
 107      F46D
 108 0187 F2B65E39 		.ascii	"\362\266^9x\2462\255\357\240,\227\340\266\030\212\202"
 108      78A632AD 
 108      EFA02C97 
 108      E0B6188A 
 108      82
 109 0198 1A207008 		.ascii	"\032 p\0102\350\031j\2506\034\204^\200\003\320\203G"
 109      32E8196A 
 109      A8361C84 
 109      5E8003D0 
 109      8347
 110 01aa 08403AEE 		.ascii	"\010@:\356>\025\356* \005,\340\203\241\216`,2U#\323"
 110      3E15EE2A 
 110      20052CE0 
 110      83A18E60 
 110      2C325523 
 111 01bf C86E2257 		.ascii	"\310n\"W M\022\243\251Si\352&\322\034e4r$\020\322\221"
 111      204D12A3 
 111      A95369EA 
 111      26D21C65 
 111      34722410 
 112 01d5 126044E5 		.ascii	"\022`D\345{\313\352\343\221\250W\226\203\367\366\352"
 112      7BCBEAE3 
 112      91A85796 
 112      83F7F6EA 
 113 01e5 03D511B9 		.ascii	"\003\325\021\271T\313\302\206z\225\251^I\00640\206\326"
 113      54CBC286 
 113      7A95A95E 
 113      49063430 
 113      86D6
ARM GAS  /tmp/ccH6Hz8p.s 			page 8


 114 01f7 E33FDC4D 		.ascii	"\343?\334M -\012CQ\367G<9/\241\267\376\253\335\0334"
 114      202D0A43 
 114      51F7473C 
 114      392FA1B7 
 114      FEABDD1B 
 115 020c 3C39BD04 		.ascii	"<9\275\004\375\300\241\272\346X\276\234\211\356\203"
 115      FDC0A1BA 
 115      E658BE9C 
 115      89EE83
 116 021b 48450770 		.ascii	"HE\007p7\021\335\265\201\216\215:\005\315\352\323\266"
 116      3711DDB5 
 116      818E8D3A 
 116      05CDEAD3 
 116      B6
 117 022c F9DA74EE 		.ascii	"\371\332t\356\247E\271\311\334\375\254\374\300\217Z"
 117      A745B9C9 
 117      DCFDACFC 
 117      C08F5A
 118 023b D2C96537 		.ascii	"\322\311e7\007\356\234T\210\343\320=W\\\3755\341n\014"
 118      07EE9C54 
 118      88E3D03D 
 118      575CFD35 
 118      E16E0C
 119 024e BADB9B6A 		.ascii	"\272\333\233jG\022\310\025\016\355j\335\363\035]\233"
 119      4712C815 
 119      0EED6ADD 
 119      F31D5D9B 
 120 025e A5057A87 		.ascii	"\245\005z\207t8\265\277\377\310\375g\370\024E\264\227"
 120      7438B5BF 
 120      FFC8FD67 
 120      F81445B4 
 120      97
 121 026f 0FEF9846 		.ascii	"\017\357\230F\372\030\\\354\351x\020\232\016ZC\251,"
 121      FA185CEC 
 121      E978109A 
 121      0E5A43A9 
 121      2C
 122 0280 AF95B715 		.ascii	"\257\225\267\025\311\361\257\011\320\214\005=\211\005"
 122      C9F1AF09 
 122      D08C053D 
 122      8905
 123 028e 85B360A0 		.ascii	"\205\263`\240\233h^\240\015'O\341\344.Z\373`K\375\313"
 123      9B685EA0 
 123      0D274FE1 
 123      E42E5AFB 
 123      604BFDCB 
 124 02a2 95C3B29C 		.ascii	"\225\303\262\234\006g@\013\247\325\334\315\322\362\332"
 124      0667400B 
 124      A7D5DCCD 
 124      D2F2DA
 125 02b1 EFD9B1B1 		.ascii	"\357\331\261\261JC\376b\227O\014l\351k\022\247\322\370"
 125      4A43FE62 
 125      974F0C6C 
 125      E96B12A7 
 125      D2F8
 126 02c3 754A8D33 		.ascii	"uJ\2153\221\364f\2741\"\264\243\3069U\003%\271\310\325"
 126      91F466BC 
ARM GAS  /tmp/ccH6Hz8p.s 			page 9


 126      3122B4A3 
 126      C6395503 
 126      25B9C8D5 
 127 02d7 DA50A148 		.ascii	"\332P\241H\376&\354T\217\312\352\206\010)\214\241Nl"
 127      FE26EC54 
 127      8FCAEA86 
 127      08298CA1 
 127      4E6C
 128 02e9 EB9DBB45 		.ascii	"\353\235\273E\211\240\327\353S\014UT4x\273\224\214\264"
 128      89A0D7EB 
 128      530C5554 
 128      3478BB94 
 128      8CB4
 129 02fb 4764F9F3 		.ascii	"Gd\371\363D\306v\036\331: E\215B\242\327\327\204\017"
 129      44C6761E 
 129      D93A2045 
 129      8D42A2D7 
 129      D7840F
 130 030e 81E3AFE2 		.ascii	"\201\343\257\3425\333\221\312\260\277L\212m\006\025"
 130      35DB91CA 
 130      B0BF4C8A 
 130      6D0615
 131 031d 3CAC822F 		.ascii	"<\254\202/L\004\237\200q\346\215\354\255A\203\030\001"
 131      4C049F80 
 131      71E68DEC 
 131      AD418318 
 131      01
 132 032e 9A10F033 		.ascii	"\232\020\3603[\243p<\031tb\".\202\036.\241]\006=\273"
 132      5BA3703C 
 132      19746222 
 132      2E821E2E 
 132      A15D063D 
 133 0343 823C11CD 		.ascii	"\202<\021\315_\022|O)PPr\240\274\253\015\217\212\317"
 133      5F127C4F 
 133      29505072 
 133      A0BCAB0D 
 133      8F8ACF
 134 0356 6AC82176 		.ascii	"j\310!vf\261e\317\3366\200\024\303\2442\370\2014<\205"
 134      66B165CF 
 134      DE368014 
 134      C3A432F8 
 134      81343C85 
 135 036a D2A3B954 		.ascii	"\322\243\271T(\204\270\337\324|S]&7X\334\327\233\300"
 135      2884B8DF 
 135      D47C535D 
 135      263758DC 
 135      D79BC0
 136 037d AF5D2ABA 		.ascii	"\257]*\2725m\207\273c\311I\246\016\241\341\213\353\022"
 136      356D87BB 
 136      63C949A6 
 136      0EA1E18B 
 136      EB12
 137 038f C839EEEC 		.ascii	"\3109\356\354\177X\261[C.s\247\254f\323v\035\351a\316"
 137      7F58B15B 
 137      432E73A7 
 137      AC66D376 
 137      1DE961CE 
ARM GAS  /tmp/ccH6Hz8p.s 			page 10


 138 03a3 B4926F5A 		.ascii	"\264\222oZ\266Nc\205\321\033\364UL\363ne\362&Yn\315"
 138      B64E6385 
 138      D11BF455 
 138      4CF36E65 
 138      F226596E 
 139 03b8 64B23D28 		.ascii	"d\262=(\033\306~<\356n\210\256\014\302\217\275P(\007"
 139      1BC67E3C 
 139      EE6E88AE 
 139      0CC28FBD 
 139      502807
 140 03cb 8B0943B7 		.ascii	"\213\011C\267ND\267\300c\265Axg\024\374\352D\370\361"
 140      4E44B7C0 
 140      63B54178 
 140      6714FCEA 
 140      44F8F1
 141 03de 298A730C 		.ascii	")\212s\014\001\215l-\254\244,\202)\273\201\351\272\211"
 141      018D6C2D 
 141      ACA42C82 
 141      29BB81E9 
 141      BA89
 142 03f0 760DED3A 		.ascii	"v\015\355:Z\237\222:.\324\376\274*te\242\220z\275\224"
 142      5A9F923A 
 142      2ED4FEBC 
 142      2A7465A2 
 142      907ABD94 
 143 0404 8A562617 		.ascii	"\212V&\027\242\024\005E\227\2243\205\243\023\322;\221"
 143      A2140545 
 143      97943385 
 143      A313D23B 
 143      91
 144 0415 EA44D411 		.ascii	"\352D\324\0211\273\215\367\373Kt$\314\257\300\376\201"
 144      31BB8DF7 
 144      FB4B7424 
 144      CCAFC0FE 
 144      81
 145 0426 A18FC190 		.ascii	"\241\217\301\220\3025\006\267hh1\373q\363\357j1\303"
 145      C23506B7 
 145      686831FB 
 145      71F3EF6A 
 145      31C3
 146 0438 AC98939E 		.ascii	"\254\230\223\236\026n\341!\237\346\300({~\344\317\013"
 146      166EE121 
 146      9FE6C028 
 146      7B7EE4CF 
 146      0B
 147 0449 BA1485A6 		.ascii	"\272\024\205\246tJ\032\341\3378\302\227Fv\2123\267\313"
 147      744A1AE1 
 147      DF38C297 
 147      46768A33 
 147      B7CB
 148 045b D541FA07 		.ascii	"\325A\372\007\241\337\264\023\271\000\006pg\220\307"
 148      A1DFB413 
 148      B9000670 
 148      6790C7
 149 046a 1B55073A 		.ascii	"\033U\007:\363\256(\300 \314\304\235\337>|P9=\261l\374"
 149      F3AE28C0 
 149      20CCC49D 
ARM GAS  /tmp/ccH6Hz8p.s 			page 11


 149      DF3E7C50 
 149      393DB16C 
 150 047f 73C2BEE0 		.ascii	"s\302\276\340c\257\234\000\267!\221}\277i\237h6\333"
 150      63AF9C00 
 150      B721917D 
 150      BF699F68 
 150      36DB
 151 0491 2C5EC71A 		.ascii	",^\307\032\263\335e\367gfdH\374\347\366Iy\026\207\264"
 151      B3DD65F7 
 151      67666448 
 151      FCE7F649 
 151      791687B4 
 152 04a5 DC6DF1E6 		.ascii	"\334m\361\346\372\244%\331\213\026/x\333\374\346\322"
 152      FAA425D9 
 152      8B162F78 
 152      DBFCE6D2 
 153 04b5 C573669B 		.ascii	"\305sf\233sL\231s\370B\2065n\341\033o\245\3157\231\004"
 153      734C9973 
 153      F8428635 
 153      6EE11B6F 
 153      A5CD3799 
 154 04ca D37FDD29 		.ascii	"\323\177\335)\304\263\301\"TM\362\371\235\270ju\270"
 154      C4B3C122 
 154      544DF2F9 
 154      9DB86A75 
 154      B8
 155 04db ADAB260F 		.ascii	"\255\253&\017\303\343\366\372}\022#\341\317WM\253W\323"
 155      C3E3F6FA 
 155      7D1223E1 
 155      CF574DAB 
 155      57D3
 156 04ed 15B3C391 		.ascii	"\025\263\303\221\233\221'${p\230k[a\311w\370\315V\267"
 156      9B912724 
 156      7B70986B 
 156      5B61C977 
 156      F8CD56B7 
 157 0501 6B857DA5 		.ascii	"k\205}\245&'+\313\342\267\020\253\327\2415\233\363\355"
 157      26272BCB 
 157      E2B710AB 
 157      D7A1359B 
 157      F3ED
 158 0513 2E3F4AF8 		.ascii	".?J\370?\001)\317\355\264I\026\253\317ftX\226KYnk\276"
 158      3F0129CF 
 158      EDB44916 
 158      ABCF6674 
 158      58964B59 
 159 052a D3E642F6 		.ascii	"\323\346B\366\2456\213\363ui\201\325a\367\370lf\233"
 159      A5368BF3 
 159      756981D5 
 159      61F7F86C 
 159      669B
 160 053c D1936F5D 		.ascii	"\321\223o]5[Z\352v;|\322J\253\325h\361:\215.\267\313"
 160      355B5AEA 
 160      763B7CD2 
 160      4AABD568 
 160      F13A8D2E 
 161 0552 66B45996 		.ascii	"f\264Y\226\333\215s\215\2633Ms\215\357\277htZ\336s{"
ARM GAS  /tmp/ccH6Hz8p.s 			page 12


 161      DB8D738D 
 161      B3334D73 
 161      8DEFBF68 
 161      745ADE73 
 162 0567 A5C75625 		.ascii	"\245\307V%\273\313\352\310\317\265IN\2135\317\356\262"
 162      BBCBEAC8 
 162      CFB5494E 
 162      8B35CFEE 
 162      B2
 163 0578 49E3B1F9 		.ascii	"I\343\261\371\327xl>\0148n,\240\202\3775\036\337\032"
 163      D7786C3E 
 163      0C386E2C 
 163      A082FF35 
 163      1EDF1A
 164 058b 9F64F6F9 		.ascii	"\237d\366\371sQ\034\203 \356\\/\346'\357\211\332E\247"
 164      73511C83 
 164      20EE5C2F 
 164      E627EF89 
 164      DA45A7
 165 059e 3B3B3B4B 		.ascii	";;;KZ\230\263h\311\007&\311\243\346\233Wl\245\307\356"
 165      5A98B368 
 165      C90726C9 
 165      A3E69B57 
 165      6CA5C7EE 
 166 05b2 36FB6CFE 		.ascii	"6\373l\376|\217\331\257\311\231O\363\255\311y\205w\363"
 166      7C8FD9AF 
 166      C9994FF3 
 166      ADC97985 
 166      77F3
 167 05c4 78B78076 		.ascii	"x\267\200v\3619\363\262\347\263\252\374\003\274\274"
 167      F139F3B2 
 167      E7B3AAFC 
 167      03BCBC
 168 05d3 1E09     		.ascii	"\036\011"
 169              		.text
 170              		.section	.gnu.lto_.symtab.81a71a5f722bce26,"",%progbits
 171 0000 5F5F6561 		.ascii	"__early_init\000"
 171      726C795F 
 171      696E6974 
 171      00
 172 000d 00       		.ascii	"\000"
 173 000e 00       		.ascii	"\000"
 174 000f 00       		.ascii	"\000"
 175 0010 00000000 		.ascii	"\000\000\000\000\000\000\000\000"
 175      00000000 
 176 0018 BB000000 		.ascii	"\273\000\000\000"
 177 001c 626F6172 		.ascii	"boardInit\000"
 177      64496E69 
 177      7400
 178 0026 00       		.ascii	"\000"
 179 0027 00       		.ascii	"\000"
 180 0028 00       		.ascii	"\000"
 181 0029 00000000 		.ascii	"\000\000\000\000\000\000\000\000"
 181      00000000 
 182 0031 BD000000 		.ascii	"\275\000\000\000"
 183 0035 70616C5F 		.ascii	"pal_default_config\000"
 183      64656661 
ARM GAS  /tmp/ccH6Hz8p.s 			page 13


 183      756C745F 
 183      636F6E66 
 183      696700
 184 0048 00       		.ascii	"\000"
 185 0049 00       		.ascii	"\000"
 186 004a 00       		.ascii	"\000"
 187 004b 00000000 		.ascii	"\000\000\000\000\000\000\000\000"
 187      00000000 
 188 0053 EE000000 		.ascii	"\356\000\000\000"
 189 0057 73746D33 		.ascii	"stm32_clock_init\000"
 189      325F636C 
 189      6F636B5F 
 189      696E6974 
 189      00
 190 0068 00       		.ascii	"\000"
 191 0069 02       		.ascii	"\002"
 192 006a 00       		.ascii	"\000"
 193 006b 00000000 		.ascii	"\000\000\000\000\000\000\000\000"
 193      00000000 
 194 0073 BF000000 		.ascii	"\277\000\000\000"
 195              		.text
 196              		.section	.gnu.lto_.opts,"",%progbits
 197 0000 272D666D 		.ascii	"'-fmath-errno' '-fsigned-zeros' '-ftrapping-math' '"
 197      6174682D 
 197      6572726E 
 197      6F272027 
 197      2D667369 
 198 0033 2D666E6F 		.ascii	"-fno-trapv' '-fno-openmp' '-fno-openacc' '-mcpu=cor"
 198      2D747261 
 198      70762720 
 198      272D666E 
 198      6F2D6F70 
 199 0066 7465782D 		.ascii	"tex-m3' '-mno-thumb-interwork' '-mthumb' '-O2' '-fo"
 199      6D332720 
 199      272D6D6E 
 199      6F2D7468 
 199      756D622D 
 200 0099 6D69742D 		.ascii	"mit-frame-pointer' '-falign-functions=16' '-ffuncti"
 200      6672616D 
 200      652D706F 
 200      696E7465 
 200      72272027 
 201 00cc 6F6E2D73 		.ascii	"on-sections' '-fdata-sections' '-fno-common' '-flto"
 201      65637469 
 201      6F6E7327 
 201      20272D66 
 201      64617461 
 202 00ff 2700     		.ascii	"'\000"
 203              		.text
 204              		.comm	__gnu_lto_v1,1,1
 205              		.comm	__gnu_lto_slim,1,1
 206              		.ident	"GCC: (GNU Tools for Arm Embedded Processors 7-2017-q4-major) 7.2.1 20170904 (release) [ARM
ARM GAS  /tmp/ccH6Hz8p.s 			page 14


DEFINED SYMBOLS
                            *ABS*:0000000000000000 board.c
                            *COM*:0000000000000001 __gnu_lto_v1
                            *COM*:0000000000000001 __gnu_lto_slim

NO UNDEFINED SYMBOLS
