ARM GAS  /tmp/ccAI01NX.s 			page 1


   1              		.cpu cortex-m3
   2              		.eabi_attribute 20, 1
   3              		.eabi_attribute 21, 1
   4              		.eabi_attribute 23, 3
   5              		.eabi_attribute 24, 1
   6              		.eabi_attribute 25, 1
   7              		.eabi_attribute 26, 1
   8              		.eabi_attribute 30, 2
   9              		.eabi_attribute 34, 1
  10              		.eabi_attribute 18, 4
  11              		.file	"st_lld.c"
  12              		.section	.gnu.lto_.profile.df8feb333b3fbb69,"",%progbits
  13 0000 789C6363 		.ascii	"x\234cc```\001bF\006K\031\000\001\006\000a"
  13      60606001 
  13      6246064B 
  13      19000106 
  13      0061
  14              		.text
  15              		.section	.gnu.lto_.icf.df8feb333b3fbb69,"",%progbits
  16 0000 789C6363 		.ascii	"x\234cc``\340c@\000&\206_\023g\336\343a\274\361r\302"
  16      6060E063 
  16      40002686 
  16      5F1367DE 
  16      E361BCF1 
  17 0016 1E6E0600 		.ascii	"\036n\006\0000\243\006>"
  17      30A3063E 
  18              		.text
  19              		.section	.gnu.lto_.jmpfuncs.df8feb333b3fbb69,"",%progbits
  20 0000 789C6363 		.ascii	"x\234cc``\360d@\000&0\311\310\300\300\3028\205\231\361"
  20      6060F064 
  20      40002630 
  20      C9C8C0C0 
  20      C2388599 
  21 0015 E9C9C96D 		.ascii	"\351\311\311m<\335\314s\230\031\030e\03073\31200\036"
  21      3CDDCC73 
  21      98191865 
  21      183733CA 
  21      30301E
  22 0028 60619401 		.ascii	"`a\224\001b\240\022\240t\327\257\353}\034\020i\016\306"
  22      62A012A0 
  22      74D7AFEB 
  22      7D1C1069 
  22      0EC6
  23 003a 2D50690E 		.ascii	"-Pi\016\2604\003\000!Q\016\252"
  23      B0340300 
  23      21510EAA 
  24              		.text
  25              		.section	.gnu.lto_.inline.df8feb333b3fbb69,"",%progbits
  26 0000 789C6363 		.ascii	"x\234cc``\260b@\000&\006\006\036QF\006&\276+\376\014"
  26      6060B062 
  26      40002606 
  26      061E5146 
  26      0626BE2B 
  27 0016 6C0BE499 		.ascii	"l\013\344\231@b\214\\p\202AD\006()\363\340\026#\\\226"
  27      40628C5C 
  27      70824144 
  27      062829F3 
ARM GAS  /tmp/ccAI01NX.s 			page 2


  27      E016235C 
  28 002b 9907AC8B 		.ascii	"\231\007\254\213\001\000\257\032\005X"
  28      0100AF1A 
  28      0558
  29              		.text
  30              		.section	.gnu.lto_.pureconst.df8feb333b3fbb69,"",%progbits
  31 0000 789C6363 		.ascii	"x\234cc```\003b&\206]\214\214R\000\003\261\000\345"
  31      60606003 
  31      6226865D 
  31      8C8C5200 
  31      03B100E5 
  32              		.text
  33              		.section	.gnu.lto_VectorB0.df8feb333b3fbb69,"",%progbits
  34 0000 789C7D54 		.ascii	"x\234}T]lSe\030~\237\363\235\376\254\035\310%\211K\354"
  34      5D6C5365 
  34      187E9FF3 
  34      9DFEAC1D 
  34      C825894B 
  35 0015 2E665C42 		.ascii	".f\\Bz\370Y\342\2451\030\023\"\275a\334\223Q\232\224"
  35      7AF859E2 
  35      A5311813 
  35      22BD61DC 
  35      93519A94 
  36 0029 D851D26E 		.ascii	"\330Q\322n\013\273\332\351~\350\026\215\341b\014%\325"
  36      0BBBDAE9 
  36      7EE8168D 
  36      E1620C25 
  36      D5
  37 003a 3592F813 		.ascii	"5\222\370\0233Q\374\355\200y\334\034E\221m\214\241\350"
  37      3351FCED 
  37      8079DC1C 
  37      45916D8C 
  37      A1E8
  38 004c 12832C6C 		.ascii	"\022\203,l2\253\231\2048\205\261\371\276\247\245vm\262"
  38      32AB9984 
  38      3885B1F9 
  38      BEA7A576 
  38      6DB2
  39 005e 2F3DDF39 		.ascii	"/=\3379\347{\336\237\347{\236\257\307IDO:\210\026\371"
  39      E77BDE9F 
  39      E77B9EAF 
  39      C749444F 
  39      3A8816F9 
  40 0072 DEC0171C 		.ascii	"\336\300\027\034\004\355\304\004Q\302\255ij\252\206"
  40      04EDC404 
  40      51C2AD69 
  40      6AAA86
  41 0081 4C8F6EED 		.ascii	"L\217n\355 \263ZA\317/\353\200<\230nP\207\246tt\340"
  41      20B35A41 
  41      CF2FEB80 
  41      3C986E50 
  41      87A67474 
  42 0096 55D5AF30 		.ascii	"U\325\2570\232\234\317h\365\357\232<\254S\303\336\204"
  42      9A9CCF68 
  42      F5EF9A3C 
  42      AC53C3DE 
  42      84
ARM GAS  /tmp/ccAI01NX.s 			page 3


  43 00a7 D9B335A5 		.ascii	"\331\2635\245\210\006\370\222\201OPO\034v\373\343\325"
  43      8806F892 
  43      814F504F 
  43      1C76FBE3 
  43      D5
  44 00b8 939B9C7A 		.ascii	"\223\233\234z~\035\237\302I\340\207\263\323\016\313"
  44      7E1D9FC2 
  44      49E087B3 
  44      D30ECB
  45 00c7 5C5D4B9A 		.ascii	"\\]K\232\326\3753x\370\222\007\224R\320d\"\352\345H"
  45      D6FD3378 
  45      F8920794 
  45      52D06422 
  45      EAE548
  46 00da 6E685AD4 		.ascii	"nhZ\324\2474y\352\262h\021\243\303ws=^)pZ\201\353\016"
  46      A73479EA 
  46      B26811A3 
  46      C377733D 
  46      5E29705A 
  47 00f1 F48C4EBA 		.ascii	"\364\214N\272^Q)\245A\332L\014-/y\362\257\302H\347\245"
  47      5E5129A5 
  47      41DA4C0C 
  47      2D2F79F2 
  47      AFC248E7 
  48 0106 F49B0B55 		.ascii	"\364\233\013Ui\274\225\340W_J)|\216\032|\206\032\222"
  48      69BC95E0 
  48      575F4A29 
  48      7C8E1A7C 
  48      861A92
  49 0119 F0E4FC95 		.ascii	"\360\344\374\225\251\315\306\220\331\235\020L\307\027"
  49      A9CDC690 
  49      D99D104C 
  49      C717
  50 0127 48E3A4CD 		.ascii	"H\343\244\315\034_\302\340v]+\307\337p\345\273i\371"
  50      1C5FC2E0 
  50      765D2BC7 
  50      DF70E5BB 
  50      69F9
  51 0139 86E36BCB 		.ascii	"\206\343k\313\326\023\322\001\320\220\341:w\320=;\326"
  51      D613D201 
  51      D090E13A 
  51      77D03D3B 
  51      D6
  52 014a 5088E180 		.ascii	"P\210\341\200\263\271\314\277\233\362\001\204ai\304"
  52      B3B9CCBF 
  52      9BF20184 
  52      6169C4
  53 0159 A34F299A 		.ascii	"\243O)\232\252\311\357\340\376o\177\214\333;XO.\375"
  53      AAC9EFE0 
  53      FE6F7F8C 
  53      DB3B584F 
  53      2EFD
  54 016b 8EEC7E63 		.ascii	"\216\354~c~\347\377\347w\001F\351\366unv\221\263\346"
  54      7EE7FFE7 
  54      770146E9 
  54      F6756E76 
  54      91B3E6
ARM GAS  /tmp/ccAI01NX.s 			page 4


  55 017e 593E5EBF 		.ascii	"Y>^\277\326\375QJ\311\272\003\242\301_WO\317m\226W'"
  55      D6FD514A 
  55      C9BA03A2 
  55      C15F574F 
  55      CF6D9657 
  56 0193 7CFCBA70 		.ascii	"|\374\272p!9\003\265\323V,7\337k\351ugL\263\323\264"
  56      213903B5 
  56      D3562C37 
  56      DF6BE975 
  56      674CB3D3 
  57 01a8 B2C9E72E 		.ascii	"\262\311\347.\215\0377O$\334)\345\202\005\305n\341+"
  57      8D1F374F 
  57      24DC29E5 
  57      8205C56E 
  57      E12B
  58 01ba E63352D8 		.ascii	"\3463R\330\006\276F\235\320\272k^\324\245\234\013>\214"
  58      06BE469D 
  58      D0BA6B5E 
  58      D4A59C0B 
  58      3E8C
  59 01cc 32F63B3A 		.ascii	"2\366;:o\177\360Z\377\334\326\242\323\335\371\003\361"
  59      6F7FF05A 
  59      FFDCD6A2 
  59      D3DDF903 
  59      F1
  60 01dd 8BD761BB 		.ascii	"\213\327a\273=\240@e\330\332\373\015\017\370\024\214"
  60      3DA04065 
  60      D8DAFB0D 
  60      0FF8148C 
  61 01ed 09A89583 		.ascii	"\011\250\225\203\017\207\266\207\011\337\010\246\312"
  61      0F87B687 
  61      09DF08A6 
  61      CA
  62 01fa B1B105BF 		.ascii	"\261\261\005\277\2130.\230^\216=\210\012E\302%A\035"
  62      8B302E98 
  62      5E8E3D88 
  62      0A45C225 
  62      411D
  63 020c A5070F59 		.ascii	"\245\007\017Y8qY\316\035O,\026M\212\233o\017\236\373"
  63      387159CE 
  63      1D4F2C16 
  63      4D8A9B6F 
  63      0F9EFB
  64 021f C7537B0B 		.ascii	"\307S{\013\203\346\353,\260[\022\206\346\316\233n]\343"
  64      83E6EB2C 
  64      B05B1286 
  64      E6CE9B6E 
  64      5DE3
  65 0231 CD7E8B5A 		.ascii	"\315~\213Z\333\205\245\334\314\254\306+\370\016\272"
  65      DB85A5DC 
  65      CCACC62B 
  65      F80EBA
  66 0240 BD5DC215 		.ascii	"\275]\302\025[\326\367F\306\356T\327\316\025\262\253"
  66      5BD6F746 
  66      C6EE54D7 
  66      CE15B2AB 
  67 0250 24F6DE87 		.ascii	"$\366\336\207\347nx\355\354\357%\033W\241\263'\235>"
ARM GAS  /tmp/ccAI01NX.s 			page 5


  67      E76E78ED 
  67      ECEF251B 
  67      57A1B327 
  67      9D3E
  68 0262 5B3AA21C 		.ascii	"[:\242\034\272n=\352\377\373`\271NKE\235\234\353HO0"
  68      BA6E3DEA 
  68      FFFB60B9 
  68      4E4B459D 
  68      9CEB484F 
  69 0277 D749212D 		.ascii	"\327I!-\023\003\231Ln\326\325\361\310d\203<\003,\377"
  69      1303994C 
  69      6ED6D5F1 
  69      C864833C 
  69      032CFF
  70 028a 846053E8 		.ascii	"\204`S\350\340\223\343}\354\375:G\263Og7v\364\232\355"
  70      E093E37D 
  70      ECFD3A47 
  70      B34F6737 
  70      76F49AED 
  71 029e 68F11CB9 		.ascii	"h\361\034\271X\232\351\215\034\275Wd\352\256t\324\267"
  71      589AE98D 
  71      1CBD5764 
  71      EAAE74D4 
  71      B7
  72 02af C274AE0B 		.ascii	"\302t\256\013XU\351\3503/\023f\004\363T8\232\335\305"
  72      5855E9E8 
  72      332F1366 
  72      04F35438 
  72      9ADDC5
  73 02c2 8EDE10CC 		.ascii	"\216\336\020\314[\216-\266\013E\302\017\225\216\376"
  73      5B8E2DB6 
  73      0B45C20F 
  73      958EFE
  74 02d1 C8E2DC14 		.ascii	"\310\342\334\024\001n\2268\272:\370\353\210\367\261"
  74      016E9638 
  74      BA3AF8EB 
  74      88F7B1
  75 02e0 59D3B659 		.ascii	"Y\323\266Y?\331f\225;\363s\321\031\251o\377G\365\302"
  75      3FD96695 
  75      3BF373D1 
  75      19A96FFF 
  75      47F5C2
  76 02f3 67465CEA 		.ascii	"gF\\\352[q\330\237\251\012\321\2539w\266\240\370\237"
  76      5B71D89F 
  76      A90AD1AB 
  76      3977B6A0 
  76      F89F
  77 0305 E84C2F9F 		.ascii	"\350L/\237\202\035(\243\227\2179\227\340&\206\337_\370"
  77      821D28A3 
  77      978F3997 
  77      E02686DF 
  77      5FF8
  78 0317 45E346B8 		.ascii	"E\343F\270)b\034\215\306Z\342F\343\376\300\256\235\306"
  78      29621C8D 
  78      C65AE246 
  78      E3FEC0AE 
  78      9DC6
ARM GAS  /tmp/ccAI01NX.s 			page 6


  79 0329 DEBD2F18 		.ascii	"\336\275/\030\373\367\004\332v\030\361\226\003\221\310"
  79      FBF704DA 
  79      7618F196 
  79      0391C8
  80 0338 217F901C 		.ascii	"!\177\220\034mM\221\326P}iV\254\245\220\364\374\276"
  80      6D4D91D6 
  80      507D6956 
  80      ACA590F4 
  80      FCBE
  81 034a C0EEC031 		.ascii	"\300\356\3001#\030\016Fc\241\003m\3176\373\303\264\255"
  81      23180E46 
  81      63A1036D 
  81      CF36FBC3 
  81      B4AD
  82 035c 343274AC 		.ascii	"42t\254\305\330\035h\334\323h\034>\022\214\264\036\012"
  82      C5D81D68 
  82      DCD3681C 
  82      3E128CB4 
  82      1E0A
  83 036e 197664B0 		.ascii	"\031vd\260\371\305\326#A\016~\252\234L4\316\023\327"
  83      F9C5D623 
  83      410E7EAA 
  83      9C4C34CE 
  83      13D7
  84 0380 977B39CE 		.ascii	"\227{9\316\313\305*\341x{\234\361-\201\306}\276\203"
  84      CBC52AE1 
  84      787B9CF1 
  84      2D81C67D 
  84      BE83
  85 0392 4DF1D0D1 		.ascii	"M\361\320\321\330\341m\276\272\355\244\305\310\325\034"
  85      D8E16DBE 
  85      BAEDA4C5 
  85      C8D51C
  86 03a1 6A8EC6DA 		.ascii	"j\216\306\332\351?h\246\367l"
  86      E93F68A6 
  86      F76C
  87              		.text
  88              		.section	.gnu.lto_st_lld_init.df8feb333b3fbb69,"",%progbits
  89 0000 789C9D94 		.ascii	"x\234\235\224\313O\023A\034\307\347\273\263\264\313"
  89      CB4F1341 
  89      1CC7E7BB 
  89      B3B4CB
  90 000f C3466F26 		.ascii	"\303Fo&\366\340\025\017l\252\007\377\001/&\020\017r"
  90      F6E0150F 
  90      6CAA07FF 
  90      012F2610 
  90      0F72
  91 0021 35C668A2 		.ascii	"5\306h\242\007\022\214\020\217vy\265\210\304\020\025"
  91      07128C10 
  91      8F7679B5 
  91      88C41015 
  92 0031 0C5AA051 		.ascii	"\014Z\240Q\023\203\0116\345!\264\200\226\202\"\362\024"
  92      13830936 
  92      E521B480 
  92      968222F2 
  92      14
  93 0042 41403C99 		.ascii	"A@<\231\200\250`<\0205\032\251\277\337li\0117:\351N"
ARM GAS  /tmp/ccAI01NX.s 			page 7


  93      80A8603C 
  93      10351AA9 
  93      BFDF6C69 
  93      09373AE9 
  94 0057 E7B59FCF 		.ascii	"\347\265\237\317\374fg\306!\204h\316\022\302C\377\207"
  94      FC6667C6 
  94      218468CE 
  94      12C243FF 
  94      87
  95 0068 E88114D0 		.ascii	"\350\201\024\320\032\246\204\25004\200\013\226\001\341"
  95      1AA684A8 
  95      3034800B 
  95      9601E1
  96 0077 D5E045BD 		.ascii	"\325\340E\275\274#\021\367\257F\264\374\307\026\245"
  96      BC2311F7 
  96      AF46B4FC 
  96      C716A5
  97 0086 D8DD4E97 		.ascii	"\330\335N\227\317\2529\030\220B4\321\303\011]\310\027"
  97      CFAA3918 
  97      904234D1 
  97      C3095DC8 
  97      17
  98 0097 34EC5378 		.ascii	"4\354Sx\253q\237C\267\333\321\015\207\000\025B\263Y"
  98      AB719F43 
  98      B7DBD10D 
  98      87001542 
  98      B359
  99 00a9 316B2BE1 		.ascii	"1k+\341\267b#\0171x\352\000D@B\343Lr\246s&D-\275Cb+"
  99      B762230F 
  99      3178EA00 
  99      444042E3 
  99      4C72A673 
 100 00c4 26AE4B8D 		.ascii	"&\256K\215KU1\361\025\361\350\227\266\213L\272'A\202"
 100      4B5531F1 
 100      15F1E897 
 100      B68B4CBA 
 100      274182
 101 00d7 A69AF8B4 		.ascii	"\246\232\370\264\363\206\014H\015\354[\016M~3\354\252"
 101      F3860C48 
 101      0DEC5B0E 
 101      4D7E33EC 
 101      AA
 102 00e8 15ACB574 		.ascii	"\025\254\265tjz\024\012\337G\020\255\0254\325\303\001"
 102      6A7A140A 
 102      DF4710AD 
 102      1534D5C3 
 102      01
 103 00f9 29F10C6E 		.ascii	")\361\014n\364\300-x\374\255\256\2713f\207U\215\200"
 103      F4C02D78 
 103      FCADAEB9 
 103      33668755 
 103      8D80
 104 010b D4D14BC3 		.ascii	"\324\321K\303\032U\000\350\203I\256\252\337>\330*\315"
 104      1A5500E8 
 104      8349AEAA 
 104      DF3ED82A 
 104      CD
ARM GAS  /tmp/ccAI01NX.s 			page 8


 105 011c B6758F8C 		.ascii	"\266u\217\214\372\024\036\224\"\304\240\371\314\325"
 105      FA141E94 
 105      22C4A0F9 
 105      CCD5
 106 012a A9317B32 		.ascii	"\2511{2E\323\246~\230\204W\201\265?q\3326\2713\260,"
 106      45D3A67E 
 106      98845781 
 106      B53F71DA 
 106      36B933B0 
 107 013f 15585DD5 		.ascii	"\025X]\325P\247aW\255X\203\345\242\246\245\215\352p"
 107      50A76157 
 107      AD5883E5 
 107      A2A6A58D 
 107      EA70
 108 0151 6E5AE7C0 		.ascii	"nZ\347\300 \351\006\222\272\350z{\257#\345{\256|\274"
 108      20E90692 
 108      BAE87A7B 
 108      AF23E57B 
 108      AE7CBC
 109 0164 F478B12B 		.ascii	"\364x\261+2\335\326mL\254<\320\355\310\254\375\210\355"
 109      32DDD66D 
 109      4CAC3CD0 
 109      EDC8ACFD 
 109      88ED
 110 0176 0E6D0FAE 		.ascii	"\016m\017\256\241\264+\316\261\351L\332\\\353\360\273"
 110      A1B42BCE 
 110      B1E94CDA 
 110      5CEBF0BB 
 111 0186 92AC5464 		.ascii	"\222\254TdN\025\331T\307\257\0379v\225w\023\177\262"
 111      4E15D954 
 111      C7AF1F39 
 111      76957713 
 111      7FB2
 112 0198 60CBE7EC 		.ascii	"`\313\347\354\244,x\2156\203\201\021\322\015'u\376\325"
 112      A42C788D 
 112      36838111 
 112      D20D2775 
 112      FED5
 113 01aa F11917EB 		.ascii	"\361\031\027\353*x*:^*\241\306\302W0i\300\350\360\317"
 113      2A782A3A 
 113      5E2AA1C6 
 113      C2573069 
 113      C0E8F0CF 
 114 01be 6A8D893A 		.ascii	"j\215\211:\332\2325\214\332\301l\256=MMao\202\327J\240"
 114      DA9A358C 
 114      DAC16CAE 
 114      3D4D4D61 
 114      6F82D74A 
 115 01d3 76F09812 		.ascii	"v\360\230\022D\027\347\217\333\374DB\342\3156?\224!"
 115      4417E78F 
 115      DBFC4442 
 115      E2CD363F 
 115      9421
 116 01e5 7F5CF175 		.ascii	"\177\\\361u\346O(~j\205t\010Ln\343\3732\302gcJ\341\351"
 116      E64F287E 
 116      6A857408 
 116      4C6EE3FB 
ARM GAS  /tmp/ccAI01NX.s 			page 9


 116      32C26763 
 117 01fc 6C7367AC 		.ascii	"lsg\254\276\262\335\351\011qg\260S}\257i\2308\342V{"
 117      BEB2DDE9 
 117      097167B0 
 117      537DAF69 
 117      9838E256 
 118 0211 71069EB4 		.ascii	"q\006\236\264.\222a4o\225\316\301\274YB\247x\321\014"
 118      2E926134 
 118      6F95CEC1 
 118      BC5942A7 
 118      78D10C
 119 0224 79EF14CF 		.ascii	"y\357\024\317\311\274\271\235\274\376\014y\363\212g"
 119      C9BCB99D 
 119      BCFE0C79 
 119      F38A67
 120 0233 30EFBD5A 		.ascii	"0\357\275Z\355\036\377D8\307^m`a\033?\220!~Q\341\263"
 120      ED1EFF44 
 120      38C75E6D 
 120      60611B3F 
 120      90217E51 
 121 0249 19BF44D3 		.ascii	"\031\277D\323e\336:j\202\211\026\251\256?z#\022Y_vz"
 121      65DE3A6A 
 121      828916A9 
 121      AE3F7A23 
 121      12595F76 
 122 025e FF594640 		.ascii	"\377YF@\3464\361A\301\007x\271ce\354\266/\217'\222K"
 122      E634F141 
 122      C10778B9 
 122      6365ECB6 
 122      2F8F2792 
 123 0273 FC65B8F9 		.ascii	"\374e\270\371\330\377Y\270i\330M\006>\302\035\220y\342"
 123      D8FF59B8 
 123      69D84D06 
 123      3EC21D90 
 123      79E2
 124 0285 3B2A837F 		.ascii	";*\203\177[\325\311Twm-1\350v\244\003`\026\024$\177"
 124      5BD5C954 
 124      776D2D31 
 124      E876A403 
 124      60161424 
 125 029a A565E6A5 		.ascii	"\245e\346\245s%\346\345\322+\345e\346\351\342\242cG"
 125      7325E6E5 
 125      D22BE565 
 125      E6E9E2A2 
 125      6347
 126 02ac CDC2C213 		.ascii	"\315\302\302\023f\361\311\242\253\036\263\254\374lI"
 126      66F1C9A2 
 126      AB1EB3AC 
 126      FC6C49
 127 02bb C98582F3 		.ascii	"\311\205\202\363\342?\243\017\334\246"
 127      E23FA30F 
 127      DCA6
 128              		.text
 129              		.section	.gnu.lto_.symbol_nodes.df8feb333b3fbb69,"",%progbits
 130 0000 789C6363 		.ascii	"x\234cc``(\004b\006\2463\214\365\014\014\023\31610\000"
 130      60602804 
 130      6206A633 
ARM GAS  /tmp/ccAI01NX.s 			page 10


 130      8CF50C0C 
 130      13CE3130 
 131 0015 A95D0D8E 		.ascii	"\251]\015\216@\221\263\214\365\214(\"\214\347\030\353"
 131      4091B38C 
 131      F58C2822 
 131      8CE718EB 
 132 0025 99C0220C 		.ascii	"\231\300\"\014\014\015\015\016@\201\363\214\365\314"
 132      0C0D0D0E 
 132      4081F38C 
 132      F5CC
 133 0033 28021718 		.ascii	"(\002\027\030\353Y\220\005\230\201\260\245\355=+3\003"
 133      EB599005 
 133      9881B0A5 
 133      ED3D2B33 
 133      03
 134 0044 13434BFB 		.ascii	"\023CK\373\033yfF\026\206'@\232\001\000^Q\0346"
 134      1B796646 
 134      16862740 
 134      9A01005E 
 134      511C36
 135              		.text
 136              		.section	.gnu.lto_.refs.df8feb333b3fbb69,"",%progbits
 137 0000 789C6363 		.ascii	"x\234cc```\004b\006\000\000D\000\010"
 137      60606004 
 137      62060000 
 137      440008
 138              		.text
 139              		.section	.gnu.lto_.decls.df8feb333b3fbb69,"",%progbits
 140 0000 789CBD58 		.ascii	"x\234\275XkPTG\026\236\276=\2140\300`\241\225\262\266"
 140      6B505447 
 140      169EBE3D 
 140      8C30C060 
 140      A195B2B6 
 141 0014 AC8A65B9 		.ascii	"\254\212e\271+\251]\030\300\324\306\332\037[\321\001"
 141      2BA95D18 
 141      C0D4C6DA 
 141      1F5BD101 
 142 0024 23B52171 		.ascii	"#\265!q\007\262\273\225\332\255\011\216c`3\017\303@"
 142      07B2BB95 
 142      DAAD098E 
 142      6360330F 
 142      C340
 143 0036 36567EEC 		.ascii	"6V~\354\345\241\"\370\"\342\333(\212\202/\">\020\001"
 143      E5A122F8 
 143      22E2DB28 
 143      8A822F22 
 143      3E1001
 144 0049 95C70822 		.ascii	"\225\307\010\"\017\305AQD\020\021\337\012\210\017\014"
 144      0FC54151 
 144      441011DF 
 144      0A880F0C 
 145 0059 A8ECE9EE 		.ascii	"\250\354\351\356;\334;\227a_U\273\2678\323\367\364\375"
 145      3BDC3B97 
 145      615F55BB 
 145      B738D3F7 
 145      F4FD
 146 006b FAEBD3E7 		.ascii	"\372\353\323\347\234\333}.*\205B\221\363\216BaU*\024"
ARM GAS  /tmp/ccAI01NX.s 			page 11


 146      9CDB7D2E 
 146      2A854291 
 146      F38E4261 
 146      552A14
 147 007e F3914231 		.ascii	"\363\221B1\002\027\206\276*\020P\025\247\025\354\362"
 147      021786BE 
 147      2A105015 
 147      A715ECF2 
 148 008e 02A90139 		.ascii	"\002\251\0019\007r\036\244\001\244Y1\366\312\202A~\320"
 148      07721EA4 
 148      01A45931 
 148      F6CA8241 
 148      7ED0
 149 00a0 7E013213 		.ascii	"~\0012\023d2\350\223@Z\341>\220\350\002\347\317\240"
 149      6432E893 
 149      405AE13E 
 149      90E802E7 
 149      CFA0
 150 00b2 EF5D9069 		.ascii	"\357]\220i g\205\271\310\217\2770\317t\270\237\001\362"
 150      206785B9 
 150      C88FBF30 
 150      CF74B89F 
 150      01F2
 151 00c4 0B902090 		.ascii	"\013\220 \220\020\220P\304\346\015\207\366}\220_\203"
 151      109050C4 
 151      E60D87F6 
 151      7D905F83 
 152 00d4 CC46CC1E 		.ascii	"\314F\314\036\371\265V\340r\331\021\003\372\357\005"
 152      F9B556E0 
 152      72D91103 
 152      FAEF05
 153 00e3 3BFE0CED 		.ascii	";\376\014\355\347H\264\255\007\372\376\202\230]\027"
 153      E748B4AD 
 153      07FAFE82 
 153      985D17
 154 00f2 41D42011 		.ascii	"A\324 \021\240\377\021d\"\3100\350\257A\336\202\214"
 154      A0FF1164 
 154      22C830E8 
 154      AF41DE82 
 154      8C
 155 0103 8060E8D3 		.ascii	"\200`\350\323\200\250@8\301'\236|\221\203QG\335\376"
 155      80A84038 
 155      C1279E7C 
 155      91835147 
 155      DDFE
 156 0115 83380BA3 		.ascii	"\2038\013\243\231jD<\033\000]\207\037\227\376\344\317"
 156      996A443C 
 156      1B005D87 
 156      1F97FEE4 
 156      CF
 157 0126 BA08A2B2 		.ascii	"\272\010\242\262\251\343\255\012s\364\276\360\372\235"
 157      A9E3AD0A 
 157      73F4BEF0 
 157      FA9D
 158 0134 02147288 		.ascii	"\002\024r\210g\227w\202\002\025#\354\242r\256\035\330"
 158      67977782 
 158      021523EC 
ARM GAS  /tmp/ccAI01NX.s 			page 12


 158      A272AE1D 
 158      D8
 159 0145 3301FF86 		.ascii	"3\001\377\206\002/\245\027m'\264\201j\244\004\365i\323"
 159      022FA517 
 159      6D27B481 
 159      6AA404F5 
 159      69D3
 160 0157 D6DB1A50 		.ascii	"\326\333\032P'\253\321\264\034\314\335l\033\276\241"
 160      27ABD1B4 
 160      1CCCDD6C 
 160      1BBEA1
 161 0166 41EAA00C 		.ascii	"A\352\240\014\236O\345s\323x\237\371\012T\212\246\242"
 161      9E4FE573 
 161      D3789FF9 
 161      0A548AA6 
 161      A2
 162 0177 9368AA02 		.ascii	"\223h\252\002\225\243 2\365\011\024\242@\307\241\363"
 162      95A32032 
 162      F50914A2 
 162      40C7A1F3 
 163 0187 1874E693 		.ascii	"\030t\346\223\351*\3736\377v\313\000\317OCeH\215J\020"
 163      E92AFB36 
 163      FF76CB00 
 163      CF4F4365 
 163      488D4A10 
 164 019b A61808CA 		.ascii	"\246\030\010\312L53`\377\236\354\335*\334\204\210\005"
 164      4C353360 
 164      FF9EECDD 
 164      2ADC8488 
 164      05
 165 01ac 5CF9B63B 		.ascii	"\\\371\266;5\334xs\234\031w\216\301\262\351\265\313"
 165      35DC7873 
 165      9C19778E 
 165      C1B2E9B5 
 165      CB
 166 01bd 789E43A7 		.ascii	"x\236C\247a\216S\342\0340%i\240\027&*\253:]\341{\023"
 166      618E53E2 
 166      1C302569 
 166      A017262A 
 166      AB3A5DE1 
 167 01d3 7520702E 		.ascii	"u p.\232H\327\217X~\300E~\230>\342\272\020\353\207^"
 167      9A48D78F 
 167      587EC045 
 167      7E983EE2 
 167      BA10EB87 
 168 01e8 8E350294 		.ascii	"\2165\002\224(\256!h\264\207\02388\027/\375\023\010"
 168      28AE2168 
 168      B4871338 
 168      38172FFD 
 168      1308
 169 01fa 9094953D 		.ascii	"\220\224\225=g\323\271.\226\245\354F2\216uq\342d\222"
 169      67D3B92E 
 169      96A5EC46 
 169      328E7571 
 169      E26492
 170 020d 21636C55 		.ascii	"!clU\214>\0365J\\$\022\302]\355L\271\257\356B\235\360"
 170      8C3E1E35 
ARM GAS  /tmp/ccAI01NX.s 			page 13


 170      4A5C2412 
 170      C25DED4C 
 170      B9AFEE42 
 171 0223 F4738562 		.ascii	"\364s\205b\235\267\205\006\376I\337\343\002\015v\262"
 171      9DB78506 
 171      FE49DFE3 
 171      020D76B2 
 172 0233 74A91919 		.ascii	"t\251\031\031\254\014`Y\300\221\004\351o\374\301\227"
 172      AC0C6059 
 172      C09104E9 
 172      6FFCC197 
 173 0243 65C14450 		.ascii	"e\301DP\017\255\032\311\361\232\262\221\270}]\032?\221"
 173      0FAD1AC9 
 173      F19AB291 
 173      B87D5D1A 
 173      3F91
 174 0255 435FBC83 		.ascii	"C_\274\203\034\020\214j\010\206\002\235ES\340\227\274"
 174      1C108C6A 
 174      0886029D 
 174      4553E097 
 174      BC
 175 0266 F584E9C6 		.ascii	"\365\204\351\306\363\215\251\252\351\271|n\027_y\263"
 175      F38DA9AA 
 175      E9B97C6E 
 175      175F79B3 
 176 0276 FDFDC2EA 		.ascii	"\375\375\302\352\345|3\214\373\220\342P\225\030\247"
 176      E57C338C 
 176      FB90E250 
 176      9518A7
 177 0285 2A928FA8 		.ascii	"*\222\217\250\022u!T\201n\202m5h:I\300U}\271\001$!\011"
 177      12752154 
 177      816E826D 
 177      35683A49 
 177      C0557DB9 
 178 029d D9D6377B 		.ascii	"\331\3267{\013\220@v\241\324o+_\231\312\223\220\023"
 178      0B904076 
 178      A1D46F2B 
 178      5F99CA93 
 178      9013
 179 02af AA5A91AA 		.ascii	"\252Z\221\252VNu\216R\335\354\177v\316\027obT\316S\325"
 179      564E758E 
 179      52DDEC7F 
 179      76CE176F 
 179      6254CE53 
 180 02c4 B7FD81AA 		.ascii	"\267\375\201\252\013R\347\352\223\3317\212\356\363\031"
 180      0B52E7EA 
 180      93D9378A 
 180      EEF319
 181 02d3 6A66549D 		.ascii	"jfT\235\310T'\274$\350<eXY\342X\215\361e\306P_\374\254"
 181      C85427BC 
 181      24E83C65 
 181      5859E258 
 181      8DF165C6 
 182 02eb 11090CC3 		.ascii	"\021\011\014\303\257\2475\034\347\323\275\350\370zq"
 182      AFA7351C 
 182      E7D3BDE8 
 182      F87A71
ARM GAS  /tmp/ccAI01NX.s 			page 14


 183 02fa 7CBD6B7C 		.ascii	"|\275k|\003\035\277\355rw\036\207W(\351\370s\373\212"
 183      031DBFED 
 183      72771E87 
 183      5728E9F8 
 183      73FB8A
 184 030d AB909263 		.ascii	"\253\220\222c\271I\374\005}\015\203\005\025\312\321"
 184      B949FC05 
 184      7D0D8305 
 184      15CAD1
 185 031c BE26443B 		.ascii	"\276&D;\237\236\351\334\310\215\353\356\213\324\335"
 185      9F9EE9DC 
 185      C88DEBEE 
 185      8BD4DD
 186 032b 1790E0EF 		.ascii	"\027\220\340\357=G\267\037\364\023\254rd\341\035\216"
 186      3D47B71F 
 186      F413AC72 
 186      64E11D8E 
 187 033b E5950B28 		.ascii	"\345\225\013(\0105\212f5\272\314j\246f\225\334\332P"
 187      08358A66 
 187      35BACC6A 
 187      A66695DC 
 187      DA50
 188 034d E1C3A27D 		.ascii	"\341\303\242}\215\272\271\374y\275\027\323\275\311\343"
 188      8DBAB9FC 
 188      79BD17D3 
 188      BDC9E3
 189 035c DE8325FE 		.ascii	"\336\203%\376,\372\225\344q\313\335]\351~\354q3\321"
 189      2CFA95E4 
 189      71CBDD5D 
 189      E97EEC71 
 189      33D1
 190 036e 1DADE7FA 		.ascii	"\035\255\347\372\225\370,[\325f\347\221H5\274\272i\377"
 190      95F82C5B 
 190      D566E791 
 190      4835BCBA 
 190      69FF
 191 0380 D6AB0B03 		.ascii	"\326\253\013\003\032\033\207\233\274p=\033\235US\\+"
 191      1A1B879B 
 191      BC703D1B 
 191      9D55535C 
 191      2B
 192 0391 EC3E7544 		.ascii	"\354>uD\317)s\224\373\342&\366\360vf\267C\205\235Lq"
 192      CF297394 
 192      FBE226F6 
 192      F07666B7 
 192      43859D4C 
 193 03a6 19152818 		.ascii	"\031\025(\030\265\263\375\0058\273\225=,/9U+, T\222"
 193      B5B3FD05 
 193      38BB953D 
 193      2C2F3955 
 193      2B2C2054 
 194 03bb BE812C7D 		.ascii	"\276\201,}O\334=_\253f\353\341\021\350\247\2357>\304"
 194      4FDC3D5F 
 194      AB66EBE1 
 194      11E8A79D 
 194      373EC4
 195 03ce ED6C64F5 		.ascii	"\355ld\365@Q\201\2606\014j\327:\307H\000Y\016\317\226"
ARM GAS  /tmp/ccAI01NX.s 			page 15


 195      405181B0 
 195      360C6AD7 
 195      3AC74800 
 195      590ECF96 
 196 03e2 43FA5D0B 		.ascii	"C\372]\013R\240n\262\265 \355Tt\213-\345\305\272\242"
 196      52A06EB2 
 196      B520ED54 
 196      748B2DE5 
 196      C5BAA2
 197 03f5 7981EB68 		.ascii	"y\201\353h\234 \303\2254\2067\001\335I\321\267Q\240"
 197      9C20C395 
 197      34863701 
 197      DD49D1B7 
 197      51A0
 198 0407 6B0C01A7 		.ascii	"k\014\001\247\334\332\333\251\221\242[\377\031\372\307"
 198      DCDADBA9 
 198      91A25BFF 
 198      19FAC7
 199 0416 BCBD9BD4 		.ascii	"\274\275\233\324\370&3r\333\263\216\007B\274\202@\315"
 199      F8263372 
 199      DBB38E07 
 199      42BC8240 
 199      CD
 200 0427 7F599EE6 		.ascii	"\177Y\236\346\215o\263g\353\317\374\3204\001\337c\212"
 200      8D6FB367 
 200      EBCFFCD0 
 200      3401DF63 
 200      8A
 201 0438 6BF70EA4 		.ascii	"k\367\016\244\2737J\275:\027?bO*\262\277\357@\270\217"
 201      BB374ABD 
 201      3A173F62 
 201      4F2AB2BF 
 201      EF40B88F 
 202 044c 29BDE977 		.ascii	")\275\351w\272\004\377L\001uC\303\243\231\3709{\364"
 202      BA04FF4C 
 202      017543C3 
 202      A399F839 
 202      7BF4
 203 045e B6CE3113 		.ascii	"\266\3161\023\017\261\373\332\023\373\012\020\346\275"
 203      0FB1FBDA 
 203      13FB0A10 
 203      E6BD
 204 046c A832B0B5 		.ascii	"\2502\260\265\366\221\032\2473%\327\271\375\2447^\301"
 204      F6911AA7 
 204      3325D7B9 
 204      FDA4375E 
 204      C1
 205 047d 94FC571B 		.ascii	"\224\374W\033\363\375\360*\246\\.\275\222\341\213\263"
 205      F3FDF02A 
 205      A65C2EBD 
 205      92E18BB3 
 206 048d 999271E4 		.ascii	"\231\222q\344\310f_\274\201)\251\345m\331\302\026\323"
 206      C8665FBC 
 206      8129A9E5 
 206      6DD9C216 
 206      D3
 207 049e 45F49EBD 		.ascii	"E\364\236\275=\271>BTT\240g:\033\007\021\336\302\300"
ARM GAS  /tmp/ccAI01NX.s 			page 16


 207      3DB93E42 
 207      5454A067 
 207      3A1B0711 
 207      DEC2C0
 208 04b1 D9FD03EB 		.ascii	"\331\375\003\353U\343\306\341\225+\016\2414\014%\305"
 208      55E3C6E1 
 208      952B0EA1 
 208      340C25C5 
 209 04c1 797DDEF2 		.ascii	"y}\336\3628\264\000\332I\321?Q\317\276ry\366\354\331"
 209      38B400DA 
 209      49D13F51 
 209      CFBE7279 
 209      F6ECD9
 210 04d4 D36F903C 		.ascii	"\323o\220<\016\343\241\337\251\\\221\273\314\027\315"
 210      0EE3A1DF 
 210      A95C91BB 
 210      CC17CD
 211 04e3 60D7A419 		.ascii	"`\327\244\031\256+\210\374\354\346\323\323\340\034:"
 211      AE2B88FC 
 211      ECE6D3D3 
 211      E01C3A
 212 04f2 88AF17AE 		.ascii	"\210\257\027\256Y\315\347V#Ju\017^\273Tn\222\370\036"
 212      59CDE756 
 212      234A750F 
 212      5EBB546E 
 212      92F81E
 213 0505 DCA5BCA5 		.ascii	"\334\245\274\245\344W\301\206<4\303N\226\216)\274W\016"
 213      E457C186 
 213      3C34C34E 
 213      968E29BC 
 213      570E
 214 0517 7F4CE161 		.ascii	"\177L\341a\"\272^\202\036\220\243\235n\350\024\276\262"
 214      22BA5E82 
 214      1E90A39D 
 214      6EE814BE 
 214      B2
 215 0528 DB9242D1 		.ascii	"\333\222B\321=(\020\366C\206ve\031\234\203rS\234\022"
 215      3D2810F6 
 215      43867665 
 215      199C8372 
 215      539C12
 216 053b F2A79EC9 		.ascii	"\362\247\236\311\245\360\353\022x\277\034\336)\267|"
 216      A5F0EB12 
 216      78BF1CDE 
 216      29B77C
 217 054a C822A2DB 		.ascii	"\310\"\242\333\344\350k\022\362l!\032<\354j\350% ^\320"
 217      E4E86B12 
 217      F26C211A 
 217      3CEC6AE8 
 217      25205ED0 
 218 055e 87040FDB 		.ascii	"\207\004\017\333\007Z\305\005\241\345\334\014\224\006"
 218      075AC505 
 218      A1E5DC0C 
 218      9406
 219 056c F206CD40 		.ascii	"\362\006\315@# <\334\257\001y\015\367\351\320f\200\254"
 219      23203CDC 
 219      AF01790D 
ARM GAS  /tmp/ccAI01NX.s 			page 17


 219      F7E9D066 
 219      80AC
 220 057e 00590732 		.ascii	"\000Y\0072\014}k\241}\013m&\264\313@R@V\203\254\004"
 220      0C7D6BA1 
 220      7D0B6D26 
 220      B4CB4052 
 220      405683AC 
 221 0593 C9E266D0 		.ascii	"\311\342f\320\355\220YY-Y\3233\271\225Z\271\007\006"
 221      ED905959 
 221      2D59D333 
 221      B9955AB9 
 221      0706
 222 05a5 24E8279E 		.ascii	"$\350'\236c\347\006\227\270\340\272g\027H\035\366\225"
 222      63E70697 
 222      B8E0BA67 
 222      17481DF6 
 222      95
 223 05b6 887EEED1 		.ascii	"\210~\356\321\024\011\270ZB\375P\016~0\306\222!\211"
 223      1409B85A 
 223      42FD500E 
 223      7E30C692 
 223      2189
 224 05c8 E18F3CC3 		.ascii	"\341\217<\303\245Ig\025\321W\344\350\313c3Zb\313\015"
 224      A5496715 
 224      D157E4E8 
 224      CB63335A 
 224      62CB0D
 225 05db 39BCDD1D 		.ascii	"9\274\335\035\016\371\351\264\262$\035\202$\035\024"
 225      0EF9E9B4 
 225      B2241D82 
 225      241D14
 226 05ea E0AE5710 		.ascii	"\340\256W\020]\022ma\225\336\313G\201)\220\032\004\245"
 226      5D126D61 
 226      95DECB47 
 226      8129901A 
 226      04A5
 227 05fc 104E3431 		.ascii	"\020N41z\265\275\201yi|](\235\372\252gK%\353\352\226"
 227      7AB5BD81 
 227      79697C5D 
 227      289DFAAA 
 227      674B25EB 
 228 0612 78A1CF73 		.ascii	"x\241\317s\002\273\345\273d]w\344\360\2161N\223\240"
 228      02BBE5BB 
 228      645D77E4 
 228      F08E314E 
 228      93A0
 229 0624 EF7BDE06 		.ascii	"\357{\336\006(\232T\363\215\255\3734\370\022\335\355"
 229      289A54F3 
 229      8DADFB34 
 229      F812DDED 
 230 0634 B8E28CB6 		.ascii	"\270\342\214\266C\001(h\022[ng\257\012*v\264\036\006"
 230      43012868 
 230      125B6E67 
 230      AF0A2A76 
 230      B41E06
 231 0647 6773A347 		.ascii	"gs\243G8Y\3748/\012\372\036\336\217\377\365\273B\212"
 231      3859FC38 
ARM GAS  /tmp/ccAI01NX.s 			page 18


 231      2F0AFA1E 
 231      DE8FFFF5 
 231      BB428A
 232 065a E98A5D25 		.ascii	"\351\212]%J\277\314\3212\235\232(\356\3129\234\037\255"
 232      4ABFCCD1 
 232      329D9A28 
 232      EECA399C 
 232      1FAD
 233 066c 31A005F0 		.ascii	"1\240\005\360\225W\247\207\374p\007]\240\362P\332\201"
 233      9557A787 
 233      FC70075D 
 233      A0F250DA 
 233      81
 234 067d 7E250A9A 		.ascii	"~%\012\232\212\000\214\324\371\256\257\022\005\332\302"
 234      8A008CD4 
 234      F9AEAF12 
 234      05DAC2
 235 068c A9D1060E 		.ascii	"\251\321\006\016\273>s\266\362\260\345\367\377\235t"
 235      BB3E73B6 
 235      F2B0E5F7 
 235      FF9D74
 236 069b C3BD376D 		.ascii	"\303\2757m\351g\001\237\307\343)\0124\213n\371h#\254"
 236      E967019F 
 236      C7E3290A 
 236      348B6EF9 
 236      6823AC
 237 06ae 913C52A0 		.ascii	"\221<R\240\315\334T\264\211\233\312\316\227\336a\245"
 237      CDDC54B4 
 237      899BCACE 
 237      97DE61A5 
 238 06be B8AF23CA 		.ascii	"\270\257#\312-\226M[9q_'\0129\201\206\013\313\204\323"
 238      2D964D5B 
 238      39715F27 
 238      0A398186 
 238      0BCB84D3 
 239 06d2 921C4015 		.ascii	"\222\034@\025\215\351\247|\307=s\266s\302\231\263\215"
 239      8DE9A77C 
 239      C73D73B6 
 239      73C299B3 
 239      8D
 240 06e3 4DF73C73 		.ascii	"M\367<s\331\240P\271L\000u\337\335\355k\374\330i6\033"
 240      D9A050B9 
 240      4C0075DF 
 240      DDED6BFC 
 240      D869361B 
 241 06f7 D483DD39 		.ascii	"\324\203\3359\015Hn\314\0160\366\007\216\220\355\244"
 241      0D486ECC 
 241      0E30F607 
 241      8E90EDA4 
 242 0707 C6504AAA 		.ascii	"\306PJ\252\220z\346\365\360\026\215\324\271\244\262"
 242      907AE6F5 
 242      F0168DD4 
 242      B9A4B2
 243 0716 14A7CF15 		.ascii	"\024\247\317\025\234\233K\235{\257\200\037\324\340n"
 243      9C9B4B9D 
 243      7BAF801F 
 243      D4E06E
ARM GAS  /tmp/ccAI01NX.s 			page 19


 244 0725 76560E75 		.ascii	"vV\016u\325\265`\250\000+\241H\356;\203\017\256\315"
 244      D5B560A8 
 244      002BA148 
 244      EE3B830F 
 244      AECD
 245 0737 82C32885 		.ascii	"\202\303(\205\377\220Q\354\022Sh\027'+\223ws\244\032"
 245      FF9051EC 
 245      12536817 
 245      272B9377 
 245      73A41A
 246 074a EC7FD990 		.ascii	"\354\177\331\220\215\361\006\025%\333\221\363\2425@"
 246      8DF10615 
 246      25DB91F3 
 246      A23540
 247 0759 201B7E1D 		.ascii	" \033~\035t\3778\317\303GV\265\222r\345\211\\yr\256"
 247      74FF38CF 
 247      C34756B5 
 247      9272E589 
 247      5C7972AE 
 248 076d 3D94CBF1 		.ascii	"=\224\313\361\262\265p\002\316g\\\316\232m\207}\004"
 248      B2B57002 
 248      CE675CCE 
 248      9A6D877D 
 248      04
 249 077e AE962733 		.ascii	"\256\226'3\206\335\270\366\212\\{\345\\\371\224+\177"
 249      86DDB8F6 
 249      8A5C7BE5 
 249      5CF9942B 
 249      7F
 250 078f F0559606 		.ascii	"\360U\226\006\2272\256}\027^U\250\005\256n\033\373\020"
 250      9732AE7D 
 250      175E55A8 
 250      05AE6E1B 
 250      FB10
 251 07a1 D8C53E04 		.ascii	"\330\305>\004\012D\246\0029\323>\312t\365n\365\"\354"
 251      0A44A602 
 251      39D33ECA 
 251      74F56EF5 
 251      22EC
 252 07b3 6044070A 		.ascii	"`D\007\012w\024\301\213\307\224\254j\307v\025\224\337"
 252      7714C18B 
 252      C794AC6A 
 252      C7761594 
 252      DF
 253 07c4 E800CDC1 		.ascii	"\350\000\315\301q\212\364M-\273\313\374"
 253      718AF44D 
 253      2DBBCBFC 
 254 07d0 C7ADC70B 		.ascii	"\307\255\307\0139R\217\037\342\204z\274\262a\365e\225"
 254      39528F1F 
 254      E2847ABC 
 254      B261F565 
 254      95
 255 07e1 60E8483B 		.ascii	"`\350H;\256;\322\323\222\302ON\177\217\340\320~\227"
 255      AE3BD2D3 
 255      92C24F4E 
 255      7F8FE0D0 
 255      7E97
ARM GAS  /tmp/ccAI01NX.s 			page 20


 256 07f3 A9E820A7 		.ascii	"\251\350 \247$\232\273\265?Rk_\275\250\252\362\306\253"
 256      249ABBB5 
 256      3F526B5F 
 256      BDA8AAF2 
 256      C6AB
 257 0805 26B0AA69 		.ascii	"&\260\252i\373\325\336\0001\270\245G\212.\021:\037\272"
 257      FBD5DE00 
 257      31B8A547 
 257      8A2E113A 
 257      1FBA
 258 0817 F2C3E2CA 		.ascii	"\362\303\342\312\017\313\271\212(\327\356kmGU8\227q"
 258      0FCBB98A 
 258      28D7EE6B 
 258      6D475538 
 258      9771
 259 0829 D52D1B5E 		.ascii	"\325-\033^\343/p\015|\347\346\303#\"\323\0219\323Q\312"
 259      E32F700D 
 259      7CE7E6C3 
 259      2322D311 
 259      39D351CA 
 260 083d 94B3F7DC 		.ascii	"\224\263\367\334J%.fLC\027\037wjF\263d\366C\267\310"
 260      4A252E66 
 260      4C43171F 
 260      776A46B3 
 260      64F643B7 
 261 0852 1E13B98E 		.ascii	"\036\023\271\216\311\271\216S\256\363=\205\325\032\\"
 261      C9B98E53 
 261      AEF33D85 
 261      D51A5C
 262 0861 C7B8EE5D 		.ascii	"\307\270\356]>\223\251\032\315\222\320\327n\\\305\""
 262      3E93A91A 
 262      CD92D0D7 
 262      6E5CC522 
 263 0871 57B19CEB 		.ascii	"W\261\234\353\004\345\352\332yo\275?\356`\\}\031\327"
 263      04E5EADA 
 263      796FBD3F 
 263      EE605C7D 
 263      19D7
 264 0883 0B5C2B74 		.ascii	"\013\\+t.u[a\211\310T\"g:I\231\262\035/\236\371\342"
 264      2E755B61 
 264      89C85422 
 264      673A4999 
 264      B21D2F9E 
 265 0899 078CA969 		.ascii	"\007\214\251i\345\367\260/\3652\345i\263#\323\007\277"
 265      E5F7B02F 
 265      F532E569 
 265      B323D307 
 265      BF
 266 08aa 644A6655 		.ascii	"dJfU\333r\037\374\226)\273\356\227\256\017\300\313\274"
 266      DB721FFC 
 266      9629BBEE 
 266      97AE0FC0 
 266      CBBC
 267 08bc A972AABD 		.ascii	"\251r\252\275X\213\327\260\373\375\245\253oy\341ML\271"
 267      588BD7B0 
 267      FBFDA5AB 
 267      6F79E14D 
ARM GAS  /tmp/ccAI01NX.s 			page 21


 267      4CB9
 268 08ce 5D92FE52 		.ascii	"]\222\376R\211\2671\245\271\254\353\216\006\3472em\363"
 268      89B731A5 
 268      B9ACEB8E 
 268      06E73265 
 268      6DF3
 269 08e0 CE766FE1 		.ascii	"\316vo\341S\213|xo*\355\356\327\340<\372\320\357\350"
 269      538B7C78 
 269      6F2AEDEE 
 269      D7E03CFA 
 269      D0EFE8
 270 08f3 CAE18592 		.ascii	"\312\341\205\222\3223H(8GVye\264\354\2014\3303\205\236"
 270      D2334828 
 270      38475679 
 270      65B4EC81 
 270      34D83385 
 271 0908 3465B0B2 		.ascii	"4e\260\262\206\177Q\205\254\365\022O\246Sr\374\330c"
 271      867F5185 
 271      ACF5124F 
 271      A65372FC 
 271      D863
 272 091a CF29C557 		.ascii	"\317)\305W\312\361cj\242z)\274\312#\\z\004K\321g\344"
 272      CAF1636A 
 272      A27A29BC 
 272      CA235C7A 
 272      044BD167 
 273 092f E8B135E7 		.ascii	"\350\2615\347\220\024_\356y\261\322Cx\263\004^*\207"
 273      90145FEE 
 273      79B1D243 
 273      78B3045E 
 273      2A87
 274 0941 4B0A1DB7 		.ascii	"K\012\035\267\263\264\032\366fvB7\010\007\351\0058d"
 274      B3B41AF6 
 274      66764237 
 274      0807E905 
 274      3864
 275 0953 CEC10158 		.ascii	"\316\301\001X\013r\021\244\016\244\021\244\006\344<"
 275      0B7211A4 
 275      0EA411A4 
 275      06E43C
 276 0962 C859907A 		.ascii	"\310Y\220z\220&\267b\362\241\324\330\323\236=-1\326"
 276      9026B762 
 276      F2A1D4D8 
 276      D39E3D2D 
 276      31D6
 277 0974 2935D6E1 		.ascii	")5\326\341\331X\346\013V\033\274]\343\265\205\347'\022"
 277      D958E60B 
 277      561BBC5D 
 277      E3B585E7 
 277      2712
 278 0986 D8D852A8 		.ascii	"\330\330R\250s\255\327~x{V\252([\205g\317\272\012\220"
 278      73ADD77E 
 278      787B56AA 
 278      285B8567 
 278      CFBA0A90 
 279 099a 17870E75 		.ascii	"\027\207\016u\300\2276\3154n\365\320\372\273\001hR\220"
 279      C09736CD 
ARM GAS  /tmp/ccAI01NX.s 			page 22


 279      346EF5D0 
 279      FABB0168 
 279      5290
 280 09ac 47972027 		.ascii	"G\227 'x\342\277\365\0123\273w\213W\032\251\340.\001"
 280      78E2BFF5 
 280      0A33BB77 
 280      8B571AA9 
 280      E02E01
 281 09bf 4BB3F822 		.ascii	"K\263\370\"6\320\232\206\374#\263f\335\001o\351\341"
 281      36D09A86 
 281      FC23B366 
 281      DD016FE9 
 281      E1
 282 09d0 77C9ADB2 		.ascii	"w\311\255\262h\021\016\277\026z\3709:\212\212\274q\033"
 282      68110EBF 
 282      167AF839 
 282      3A8A8ABC 
 282      711B
 283 09e2 B55C7974 		.ascii	"\265\\yt\307\233'\032\004\257G\020\363\301\205\006,"
 283      C79B271A 
 283      04AF4710 
 283      F3C18506 
 283      2C
 284 09f3 F1C16598 		.ascii	"\361\301e\230\253\325s.\272-U\374\374k\025\326y\015"
 284      ABD5732E 
 284      BA2D55FC 
 284      FC6B15D6 
 284      790D
 285 0a05 D67905D6 		.ascii	"\326y\005\326q\325-\272\316\006\354\236\350c\311\335"
 285      71D52DBA 
 285      CE06EC9E 
 285      E863C9DD 
 286 0a15 A2558F69 		.ascii	"\242U\217i\264Z\335\243E\376k\322\363\006>\316\272\230"
 286      B45ADDA3 
 286      45FE6BD2 
 286      F3063ECE 
 286      BA98
 287 0a27 F78B1ABE 		.ascii	"\367\213\032\276?\246\224{\177\264\034n\007K\306\263"
 287      3FA6947B 
 287      7FB41C6E 
 287      074BC6B3 
 288 0a37 4A28181B 		.ascii	"J(\030\033p*\361\356u@\265\211\336muy\367\344\276\007"
 288      702AF1EE 
 288      7540B589 
 288      DE6D7579 
 288      F7E4BE07 
 289 0a4b 3D7E52EF 		.ascii	"=~R\357^w\363\356\015\301\2737\250w\267\246\026u\253"
 289      5E77F3EE 
 289      0DC1BB37 
 289      A877B7A6 
 289      1675AB
 290 0a5e A4E08B6E 		.ascii	"\244\340\213nuH\207\000&mHH\210\226\375\331\354\332"
 290      75488700 
 290      266D4848 
 290      8896FDD9 
 290      ECDA
 291 0a70 F838B376 		.ascii	"\3708\263v\211-1\311\256\215\211\215\236\025\256\375"
ARM GAS  /tmp/ccAI01NX.s 			page 23


 291      892D31C9 
 291      AE8D898D 
 291      9E15AEFD 
 292 0a80 F8E3086D 		.ascii	"\370\343\010mlT\3647aZ{\222\301l^\024b\364\376\350\223"
 292      6C54F437 
 292      615A7B92 
 292      C16C5E14 
 292      62F4FEE8 
 293 0a95 CFA6E9C2 		.ascii	"\317\246\351\302\302\024j\203!9\301\2324+\334\220\264"
 293      C2146A83 
 293      2139C19A 
 293      342BDC90 
 293      B4
 294 0aa6 1C69E36D 		.ascii	"\034i\343m\026\2236\316h7\005\233\343\026j#l\306d\213"
 294      169336CE 
 294      6837059B 
 294      E3166A23 
 294      6CC6648B 
 295 0aba C90A34B1 		.ascii	"\311\0124\261\2468\313\357\264\221Fs\302\022\273\311"
 295      A638CBEF 
 295      B4914673 
 295      C212BBC9 
 296 0aca 600A5E92 		.ascii	"`\012^\222l\374*\\\033k\263\231\355\332/\215\306\340"
 296      6CFC2A5C 
 296      1B6BB399 
 296      EDDA2F8D 
 296      C6E0
 297 0adc B8444BB0 		.ascii	"\270DK\260\325f5\005\233\342\026&\004\177\020\034\036"
 297      D5663505 
 297      9BE21626 
 297      047F101C 
 297      1E
 298 0aed 1AF641F0 		.ascii	"\032\366A\360\327\357\007[\342\376jK\324\272=\325&X"
 298      D7EF075B 
 298      E2FE6A4B 
 298      D4BA3DD5 
 298      2658
 299 0aff 8DE6E445 		.ascii	"\215\346\344E&\255%\316\030\237`5i\015\213L\213\343"
 299      26AD25CE 
 299      189F6035 
 299      690D8B4C 
 299      8BE3
 300 0b11 92CD4986 		.ascii	"\222\315I\206\244\245KL\366\220x\205\267\313\240\357"
 300      A4A54B4C 
 300      F6907885 
 300      B7CBA0EF 
 301 0b21 FEAFF6D8 		.ascii	"\376\257\366\330\227\332\265\006{\322\"\230\234\030"
 301      97DAB506 
 301      7BD22298 
 301      9C18
 302 0b2f F1079331 		.ascii	"\361\007\2231\311\22687T\373\2379V\341\313\356\014\011"
 302      C9963837 
 302      54FB9F39 
 302      56E1CBEE 
 302      0C09
 303 0b41 D684A440 		.ascii	"\326\204\244@\003\001\033\022\022\2776\230\226$\230"
 303      03011B12 
ARM GAS  /tmp/ccAI01NX.s 			page 24


 303      12BF3698 
 303      962498
 304 0b50 6D5F269B 		.ascii	"m_&\233\336\223\322%&\011ls\364\321\272\350o\265\306"
 304      DE93D225 
 304      26096C73 
 304      F4D1BAE8 
 304      6FB5C6
 305 0b63 78A32DD1 		.ascii	"x\243-\321d\370\346\003\013X\020h\214\217Yj\217M\260"
 305      64F8E603 
 305      0B581068 
 305      8C8F596A 
 305      8F4DB0
 306 0b76 9812E7C7 		.ascii	"\230\022\347\307Y\027\231M\211Q\357\312\006\273L7\306"
 306      5917994D 
 306      8951EFCA 
 306      06BB4C37 
 306      C6
 307 0b87 83F13064 		.ascii	"\203\3610d\242\365\233\004c\2445n\241\331\304\314\377"
 307      A2F59B04 
 307      63A4356E 
 307      A1D9C4CC 
 307      FF
 308 0b98 A567E38D 		.ascii	"\245g\343\2156\213\305fu\315J\006\301`/\235.Z?\213\373"
 308      368BC566 
 308      75CD4A06 
 308      C1602F9D 
 308      2E5A3F8B 
 309 0bad 54AF8C88 		.ascii	"T\257\214\210\236\243\307\021:\275rnD\254\036\353tz"
 309      9EA3C711 
 309      3ABD726E 
 309      44AC1EEB 
 309      747A
 310 0bbf AC0799A3 		.ascii	"\254\007\231\243\327\343\0051:\254\373$V\251\323E\352"
 310      D7E30531 
 310      3AACFB24 
 310      56A9D345 
 310      EA
 311 0bd0 293E9CFE 		.ascii	")>\234\376\206\341\310\217\364\\\014\214\214\212\324"
 311      86E1C88F 
 311      F45C0C8C 
 311      8C8AD4
 312 0bdf 2B63A201 		.ascii	"+c\242\001\255\323\207\203\204\001\362O\372\360\177"
 312      ADD38783 
 312      8401F24F 
 312      FAF07F
 313 0bee D7851612 		.ascii	"\327\205\026\022\365\004\262x\337Q\305\220\2444\306"
 313      F504B278 
 313      DF51C590 
 313      A434C6
 314 0bfd C72506DA 		.ascii	"\307%\006\332\354qf\360\307\3076\343W\363\022m\226\250"
 314      EC7166F0 
 314      C7C736E3 
 314      57F3126D 
 314      96A8
 315 0c0f 18FDBB72 		.ascii	"\030\375\273rZ\002!n!-\361\006u\240d@ \215\206\031:"
 315      5A02216E 
 315      212DF106 
ARM GAS  /tmp/ccAI01NX.s 			page 25


 315      75A06440 
 315      208D8619 
 316 0c24 0C8BA1C7 		.ascii	"\014\213\241\307\220`O\364\031\355\3627\030\354\246"
 316      90604FF4 
 316      19EDF237 
 316      18ECA6
 317 0c33 24C3DC39 		.ascii	"$\303\33491\221\013\364Q\376q\346\277\305-\265C\024"
 317      31910BF4 
 317      51FE71E6 
 317      BFC52DB5 
 317      4314
 318 0c45 CD90A3BF 		.ascii	"\315\220\243\277\222\316d\3726I\253\213\216\211\212"
 318      92CE64FA 
 318      3649AB8B 
 318      8E898A
 319 0c54 11DD4F82 		.ascii	"\021\335O\202f\264\314K\266\022?N\"\323\177\352\036"
 319      66B4CC4B 
 319      B6123F4E 
 319      22D37FEA 
 319      1E
 320 0c65 B8C982F5 		.ascii	"\270\311\202\365\237Y\315\022s\250}n]\223\2519\311V"
 320      9F59CD12 
 320      73A87D6E 
 320      5D93A939 
 320      C956
 321 0c77 371B7D25 		.ascii	"7\033}%\235\020\022\235~\302\234\005s\303\"?\241m8\264"
 321      9D10129D 
 321      7EC29C05 
 321      73C3223F 
 321      A16D38B4 
 322 0c8b AA39F3E7 		.ascii	"\2529\363\347B\343M\272\3651\261\364&\234\334`]\224"
 322      42E34DBA 
 322      F531B1F4 
 322      269CDC60 
 322      5D94
 323 0c9d 5EA99B07 		.ascii	"^\251\233\007\261!\021\211\321\377\334\363:bb\231\357"
 323      B1211189 
 323      D1FFDCF3 
 323      3A626299 
 323      EF
 324 0cae 1787857E 		.ascii	"\027\207\205~K|\257\327\351\014\261\3602F\230\026\253"
 324      4B7CAFD7 
 324      E90CB1F0 
 324      32469816 
 324      AB
 325 0cbf A222749F 		.ascii	"\242\"t\237FDj\"\346~\024\255\373\314\325\373\017\274"
 325      46446A22 
 325      E67E14AD 
 325      FBCCD5FB 
 325      0FBC
 326 0cd1 2DEB3E   		.ascii	"-\353>"
 327              		.text
 328              		.section	.gnu.lto_.symtab.df8feb333b3fbb69,"",%progbits
 329 0000 56656374 		.ascii	"VectorB0\000"
 329      6F724230 
 329      00
 330 0009 00       		.ascii	"\000"
ARM GAS  /tmp/ccAI01NX.s 			page 26


 331 000a 00       		.ascii	"\000"
 332 000b 00       		.ascii	"\000"
 333 000c 00000000 		.ascii	"\000\000\000\000\000\000\000\000"
 333      00000000 
 334 0014 C5000000 		.ascii	"\305\000\000\000"
 335 0018 73745F6C 		.ascii	"st_lld_init\000"
 335      6C645F69 
 335      6E697400 
 336 0024 00       		.ascii	"\000"
 337 0025 00       		.ascii	"\000"
 338 0026 00       		.ascii	"\000"
 339 0027 00000000 		.ascii	"\000\000\000\000\000\000\000\000"
 339      00000000 
 340 002f C7000000 		.ascii	"\307\000\000\000"
 341 0033 5F706F72 		.ascii	"_port_irq_epilogue\000"
 341      745F6972 
 341      715F6570 
 341      696C6F67 
 341      756500
 342 0046 00       		.ascii	"\000"
 343 0047 02       		.ascii	"\002"
 344 0048 00       		.ascii	"\000"
 345 0049 00000000 		.ascii	"\000\000\000\000\000\000\000\000"
 345      00000000 
 346 0051 C9000000 		.ascii	"\311\000\000\000"
 347 0055 63685379 		.ascii	"chSysTimerHandlerI\000"
 347      7354696D 
 347      65724861 
 347      6E646C65 
 347      724900
 348 0068 00       		.ascii	"\000"
 349 0069 02       		.ascii	"\002"
 350 006a 00       		.ascii	"\000"
 351 006b 00000000 		.ascii	"\000\000\000\000\000\000\000\000"
 351      00000000 
 352 0073 CB000000 		.ascii	"\313\000\000\000"
 353 0077 6E766963 		.ascii	"nvicEnableVector\000"
 353      456E6162 
 353      6C655665 
 353      63746F72 
 353      00
 354 0088 00       		.ascii	"\000"
 355 0089 02       		.ascii	"\002"
 356 008a 00       		.ascii	"\000"
 357 008b 00000000 		.ascii	"\000\000\000\000\000\000\000\000"
 357      00000000 
 358 0093 D0000000 		.ascii	"\320\000\000\000"
 359              		.text
 360              		.section	.gnu.lto_.opts,"",%progbits
 361 0000 272D666D 		.ascii	"'-fmath-errno' '-fsigned-zeros' '-ftrapping-math' '"
 361      6174682D 
 361      6572726E 
 361      6F272027 
 361      2D667369 
 362 0033 2D666E6F 		.ascii	"-fno-trapv' '-fno-openmp' '-fno-openacc' '-mcpu=cor"
 362      2D747261 
 362      70762720 
ARM GAS  /tmp/ccAI01NX.s 			page 27


 362      272D666E 
 362      6F2D6F70 
 363 0066 7465782D 		.ascii	"tex-m3' '-mno-thumb-interwork' '-mthumb' '-O2' '-fo"
 363      6D332720 
 363      272D6D6E 
 363      6F2D7468 
 363      756D622D 
 364 0099 6D69742D 		.ascii	"mit-frame-pointer' '-falign-functions=16' '-ffuncti"
 364      6672616D 
 364      652D706F 
 364      696E7465 
 364      72272027 
 365 00cc 6F6E2D73 		.ascii	"on-sections' '-fdata-sections' '-fno-common' '-flto"
 365      65637469 
 365      6F6E7327 
 365      20272D66 
 365      64617461 
 366 00ff 2700     		.ascii	"'\000"
 367              		.text
 368              		.comm	__gnu_lto_v1,1,1
 369              		.comm	__gnu_lto_slim,1,1
 370              		.ident	"GCC: (GNU Tools for Arm Embedded Processors 7-2017-q4-major) 7.2.1 20170904 (release) [ARM
ARM GAS  /tmp/ccAI01NX.s 			page 28


DEFINED SYMBOLS
                            *ABS*:0000000000000000 st_lld.c
                            *COM*:0000000000000001 __gnu_lto_v1
                            *COM*:0000000000000001 __gnu_lto_slim

NO UNDEFINED SYMBOLS
